0.010522842407226562, 6317.0
0.019724607467651367, 6317.0
0.029147863388061523, 6317.0
0.03842782974243164, 6605.0
0.04777169227600098, 8781.0
0.05689072608947754, 8781.0
0.06602072715759277, 8781.0
0.0751948356628418, 8788.0
0.08422279357910156, 8817.0
0.09310793876647949, 8990.0
0.1021728515625, 8990.0
0.11175966262817383, 8990.0
0.12134885787963867, 8990.0
0.1309969425201416, 8990.0
0.1406238079071045, 8990.0
0.15027356147766113, 8990.0
0.15995073318481445, 8990.0
0.16982293128967285, 8990.0
0.1795787811279297, 8990.0
0.18920087814331055, 8990.0
0.19887876510620117, 8990.0
0.2083418369293213, 8990.0
0.21794462203979492, 8990.0
0.22754669189453125, 8990.0
0.2369678020477295, 8990.0
0.24628782272338867, 8990.0
0.25571560859680176, 8990.0
0.2651658058166504, 8990.0
0.27475881576538086, 8990.0
0.2842559814453125, 8990.0
0.2937479019165039, 8990.0
0.3032865524291992, 8990.0
0.3127298355102539, 8990.0
0.3220798969268799, 8990.0
0.3316679000854492, 8990.0
0.3411588668823242, 8990.0
0.35055065155029297, 8990.0
0.35993385314941406, 8990.0
0.3693227767944336, 8990.0
0.3787078857421875, 8990.0
0.3881087303161621, 8990.0
0.39745378494262695, 8990.0
0.40700578689575195, 8990.0
0.41680264472961426, 8990.0
0.4265756607055664, 8990.0
0.43617677688598633, 8990.0
0.44553685188293457, 8990.0
0.45493578910827637, 8990.0
0.4642918109893799, 8990.0
0.4736618995666504, 8990.0
0.4829897880554199, 8990.0
0.4922916889190674, 8990.0
0.5017247200012207, 8990.0
0.5111408233642578, 8990.0
0.520554780960083, 8990.0
0.5300297737121582, 8990.0
0.5396816730499268, 8990.0
0.5495429039001465, 8990.0
0.559227705001831, 8990.0
0.5689027309417725, 8990.0
0.5787167549133301, 8990.0
0.5884206295013428, 8990.0
0.5979857444763184, 8990.0
0.6074979305267334, 8990.0
0.6171948909759521, 8990.0
0.6268057823181152, 8990.0
0.6364138126373291, 8990.0
0.645871639251709, 8990.0
0.6554317474365234, 8990.0
0.6651027202606201, 8990.0
0.6747078895568848, 8990.0
0.6839659214019775, 8990.0
0.6931047439575195, 8990.0
0.7022929191589355, 8990.0
0.7114119529724121, 8990.0
0.7205777168273926, 8990.0
0.730003833770752, 8990.0
0.739384651184082, 8990.0
0.7487738132476807, 9147.0
0.7579257488250732, 9147.0
0.7670526504516602, 9147.0
0.7762386798858643, 9147.0
0.7853896617889404, 9147.0
0.7945528030395508, 9147.0
0.8036727905273438, 9147.0
0.8128209114074707, 9147.0
0.8219578266143799, 9147.0
0.831122875213623, 9147.0
0.8402786254882812, 9147.0
0.8494367599487305, 9147.0
0.858562707901001, 9147.0
0.8677067756652832, 9147.0
0.8768446445465088, 9147.0
0.8860087394714355, 9147.0
0.8951597213745117, 9147.0
0.9043309688568115, 9147.0
0.913489818572998, 9147.0
0.9230237007141113, 9147.0
0.9324705600738525, 9147.0
0.9420468807220459, 9147.0
0.9514508247375488, 9147.0
0.9606516361236572, 9147.0
0.9698266983032227, 9147.0
0.9790587425231934, 9147.0
0.9882707595825195, 9147.0
0.9974818229675293, 9147.0
1.0066828727722168, 9147.0
1.0158720016479492, 9147.0
1.0251107215881348, 9147.0
1.0343258380889893, 9147.0
1.0435378551483154, 9147.0
1.0527567863464355, 9147.0
1.061964750289917, 9147.0
1.0711638927459717, 9147.0
1.0803697109222412, 9147.0
1.0895817279815674, 9147.0
1.0987896919250488, 9147.0
1.1080148220062256, 9147.0
1.1172206401824951, 9147.0
1.1264078617095947, 9147.0
1.1355719566345215, 9147.0
1.144784688949585, 9147.0
1.153991937637329, 9147.0
1.163191795349121, 9147.0
1.1724047660827637, 9147.0
1.1815447807312012, 9147.0
1.1906869411468506, 9147.0
1.1998426914215088, 9147.0
1.2089998722076416, 9147.0
1.218221664428711, 9147.0
1.2273757457733154, 9147.0
1.236513614654541, 9147.0
1.245647668838501, 9147.0
1.254817008972168, 9147.0
1.2639837265014648, 9147.0
1.2731246948242188, 9147.0
1.282294750213623, 9147.0
1.2914397716522217, 9147.0
1.3005785942077637, 9147.0
1.3097248077392578, 9147.0
1.3188798427581787, 9147.0
1.3281159400939941, 9147.0
1.3373627662658691, 9147.0
1.3465206623077393, 9147.0
1.3556537628173828, 9147.0
1.364806890487671, 9147.0
1.3739497661590576, 9147.0
1.3831007480621338, 9147.0
1.3922626972198486, 9147.0
1.40140962600708, 9147.0
1.410705804824829, 9147.0
1.4200007915496826, 9147.0
1.4291729927062988, 9147.0
1.4384026527404785, 9147.0
1.4476287364959717, 9147.0
1.4569637775421143, 9147.0
1.4661448001861572, 9147.0
1.4753658771514893, 9147.0
1.4845197200775146, 9147.0
1.4936628341674805, 9147.0
1.5028185844421387, 9147.0
1.5119857788085938, 9147.0
1.5211708545684814, 9147.0
1.5303475856781006, 9147.0
1.5394878387451172, 9147.0
1.5486278533935547, 9147.0
1.5577735900878906, 9147.0
1.5669448375701904, 9147.0
1.5760939121246338, 9147.0
1.5852689743041992, 9147.0
1.594451904296875, 9147.0
1.6036357879638672, 9147.0
1.6128718852996826, 9147.0
1.622013807296753, 9147.0
1.631166934967041, 9147.0
1.640333652496338, 9147.0
1.6494858264923096, 9147.0
1.6586806774139404, 9147.0
1.6678597927093506, 9147.0
1.6770129203796387, 9147.0
1.6861937046051025, 9147.0
1.6953918933868408, 9147.0
1.704549789428711, 9147.0
1.7136986255645752, 9147.0
1.7228567600250244, 9147.0
1.7319788932800293, 9147.0
1.7411377429962158, 9147.0
1.750288724899292, 9147.0
1.7594497203826904, 9147.0
1.7685859203338623, 9147.0
1.7777957916259766, 9147.0
1.7869927883148193, 9147.0
1.7962276935577393, 9147.0
1.8054137229919434, 9147.0
1.8146166801452637, 9147.0
1.8238136768341064, 9147.0
1.8329977989196777, 9147.0
1.8422188758850098, 9147.0
1.8514349460601807, 9147.0
1.8606898784637451, 9147.0
1.8698978424072266, 9147.0
