0.05070304870605469, 7925.0
0.09076094627380371, 9346.0
0.12979602813720703, 11419.0
0.16903090476989746, 11419.0
0.20861005783081055, 11955.0
0.24831581115722656, 13899.0
0.2870969772338867, 15318.0
0.3255620002746582, 15318.0
0.36414599418640137, 15547.0
0.40271496772766113, 15566.0
0.4414348602294922, 17973.0
0.4804821014404297, 18150.0
0.5200240612030029, 18150.0
0.559237003326416, 18837.0
0.600398063659668, 19509.0
0.640559196472168, 19659.0
0.6797769069671631, 20337.0
0.7191369533538818, 21592.0
0.7585690021514893, 22164.0
0.7981760501861572, 23456.0
0.8375401496887207, 23456.0
0.8770308494567871, 23456.0
0.9164290428161621, 23456.0
0.9559171199798584, 23769.0
0.9956009387969971, 23769.0
1.0367369651794434, 24944.0
1.076634168624878, 24974.0
1.1167941093444824, 24974.0
1.1580801010131836, 26118.0
1.1988558769226074, 26118.0
1.2397618293762207, 26118.0
1.2810559272766113, 26118.0
1.322026014328003, 26118.0
1.3628301620483398, 26229.0
1.4034230709075928, 26749.0
1.4444060325622559, 26924.0
1.4855318069458008, 27137.0
1.527320146560669, 27137.0
1.5697448253631592, 27137.0
1.612198829650879, 27214.0
1.6540911197662354, 27423.0
1.6943399906158447, 27423.0
1.7344388961791992, 27449.0
1.774608850479126, 27574.0
1.8148250579833984, 27574.0
1.854996919631958, 28356.0
1.8955588340759277, 28356.0
1.9365670680999756, 28356.0
1.9768939018249512, 28356.0
2.0170891284942627, 28356.0
2.0576319694519043, 28356.0
2.0982351303100586, 28356.0
2.138653039932251, 28356.0
2.1790730953216553, 28356.0
2.219191074371338, 28356.0
2.259636878967285, 28356.0
2.2999119758605957, 28356.0
2.340398073196411, 28356.0
2.380762815475464, 28356.0
2.4215400218963623, 28356.0
2.4633710384368896, 28356.0
2.505009889602661, 28356.0
2.546504020690918, 28356.0
2.588567018508911, 28356.0
2.6311659812927246, 28356.0
2.6726131439208984, 28356.0
2.7139809131622314, 28356.0
2.7553961277008057, 28356.0
2.7969558238983154, 28356.0
2.8390049934387207, 28356.0
2.881028175354004, 28356.0
2.922981023788452, 28356.0
2.9660019874572754, 28356.0
3.0077340602874756, 28356.0
3.048772096633911, 28356.0
3.0898170471191406, 28356.0
3.1307380199432373, 28356.0
3.1714658737182617, 28356.0
3.212877035140991, 28356.0
3.2537589073181152, 28356.0
3.2948200702667236, 28356.0
3.3355720043182373, 28356.0
3.376270055770874, 28356.0
3.4172000885009766, 28356.0
3.4581282138824463, 28356.0
3.498853921890259, 28356.0
3.5398330688476562, 28356.0
3.580949068069458, 28356.0
3.621570110321045, 28356.0
3.662121057510376, 28356.0
3.7028799057006836, 28356.0
3.743696928024292, 28356.0
3.7848100662231445, 28356.0
3.8257689476013184, 28356.0
3.8666181564331055, 28356.0
3.9076790809631348, 28356.0
3.9488141536712646, 28356.0
3.990388870239258, 28356.0
4.0321619510650635, 28356.0
4.0736918449401855, 28356.0
4.115884065628052, 28356.0
4.157799959182739, 28356.0
4.199312210083008, 28356.0
4.240926027297974, 28356.0
4.2825798988342285, 28356.0
4.324432849884033, 28356.0
4.366524934768677, 28356.0
4.4089930057525635, 28356.0
4.4512410163879395, 28356.0
4.493101119995117, 28356.0
4.533893823623657, 28356.0
4.574820041656494, 28356.0
4.615634918212891, 28356.0
4.657595157623291, 28356.0
4.698632001876831, 28356.0
4.740247011184692, 28356.0
4.78127908706665, 28356.0
4.822005987167358, 28356.0
4.862597942352295, 28356.0
4.903104066848755, 28356.0
4.9438300132751465, 28356.0
4.984388113021851, 28356.0
5.024996042251587, 28356.0
5.0654988288879395, 28356.0
5.106348991394043, 28356.0
5.147197961807251, 28356.0
5.187922954559326, 28356.0
5.228672981262207, 28356.0
5.269327163696289, 28356.0
5.30995512008667, 28356.0
5.350574016571045, 28356.0
5.391263008117676, 28356.0
5.431988000869751, 28356.0
5.472290992736816, 28356.0
5.512840986251831, 28356.0
5.553584098815918, 28356.0
5.594672918319702, 28356.0
5.636044025421143, 28356.0
5.676723003387451, 28356.0
5.7173850536346436, 28356.0
5.75816011428833, 28356.0
5.7989020347595215, 28356.0
5.839554071426392, 28356.0
5.880005836486816, 28356.0
5.92043399810791, 28356.0
5.961062908172607, 28356.0
6.001565933227539, 28356.0
6.043050050735474, 28356.0
6.084136009216309, 28356.0
6.124748945236206, 28356.0
6.165669202804565, 28356.0
6.206239938735962, 28356.0
6.246726989746094, 28356.0
6.287209987640381, 28356.0
6.3282270431518555, 28356.0
6.370117902755737, 28356.0
6.4111328125, 28356.0
6.452027082443237, 28356.0
6.492979049682617, 28356.0
6.533704996109009, 28356.0
6.574630975723267, 28356.0
6.615617036819458, 28356.0
6.656852960586548, 28356.0
6.698992013931274, 28356.0
6.739712953567505, 28356.0
6.780394077301025, 28356.0
6.821061134338379, 28356.0
6.861678123474121, 28356.0
6.902307033538818, 28356.0
6.942836046218872, 28356.0
6.983717918395996, 28356.0
7.024652004241943, 28356.0
7.0651772022247314, 28356.0
7.105928897857666, 28356.0
7.1465370655059814, 28356.0
7.187064170837402, 28356.0
7.227610111236572, 28356.0
7.268188953399658, 28356.0
7.308719158172607, 28356.0
7.349340915679932, 28357.0
7.390326023101807, 28357.0
7.431133985519409, 28357.0
7.472026824951172, 28357.0
7.513041973114014, 28357.0
7.553843975067139, 28357.0
7.594427824020386, 28357.0
7.635027885437012, 28357.0
7.675442934036255, 28357.0
7.715948104858398, 28357.0
7.756874084472656, 28357.0
7.797634124755859, 28357.0
7.838510990142822, 28357.0
7.8794450759887695, 28357.0
7.920130014419556, 28357.0
7.960922002792358, 28357.0
8.00170111656189, 28357.0
8.042054891586304, 28357.0
8.082605123519897, 28357.0
8.123077869415283, 28357.0
8.163599014282227, 28459.0
8.204365968704224, 28459.0
