0.010091066360473633, 5514.0
0.018846988677978516, 6033.0
0.027312278747558594, 6861.0
0.03567695617675781, 6919.0
0.0441441535949707, 6941.0
0.05257391929626465, 7182.0
0.061036109924316406, 7720.0
0.06954503059387207, 8243.0
0.0780801773071289, 8599.0
0.086578369140625, 9147.0
0.09510302543640137, 9147.0
0.10363912582397461, 9147.0
0.1121680736541748, 9147.0
0.12079524993896484, 9147.0
0.12940430641174316, 9147.0
0.1380012035369873, 9147.0
0.14668917655944824, 9147.0
0.15539002418518066, 9147.0
0.16409802436828613, 9147.0
0.17291498184204102, 9147.0
0.18169498443603516, 9147.0
0.1904141902923584, 9147.0
0.19917798042297363, 9147.0
0.20795321464538574, 9147.0
0.21674013137817383, 9147.0
0.2255239486694336, 9147.0
0.23420429229736328, 9147.0
0.24288201332092285, 9147.0
0.25157618522644043, 9147.0
0.2603011131286621, 9147.0
0.26912713050842285, 9147.0
0.27797508239746094, 9147.0
0.2867870330810547, 9147.0
0.2955901622772217, 9147.0
0.30433106422424316, 9147.0
0.31309008598327637, 9147.0
0.3218109607696533, 9147.0
0.3306009769439697, 9147.0
0.3393402099609375, 9147.0
0.3481271266937256, 9147.0
0.3569331169128418, 9147.0
0.3657033443450928, 9147.0
0.3744502067565918, 9147.0
0.3832120895385742, 9147.0
0.3919670581817627, 9147.0
0.4007561206817627, 9147.0
0.4094991683959961, 9147.0
0.41834115982055664, 9147.0
0.4271061420440674, 9147.0
0.43587207794189453, 9147.0
0.44462013244628906, 9147.0
0.45340490341186523, 9147.0
0.46214723587036133, 9147.0
0.47092199325561523, 9147.0
0.479647159576416, 9147.0
0.488415002822876, 9147.0
0.4971902370452881, 9147.0
0.5059661865234375, 9147.0
0.5147440433502197, 9147.0
0.5234320163726807, 9147.0
0.5321962833404541, 9147.0
0.5410571098327637, 9147.0
0.5505390167236328, 9147.0
0.5607223510742188, 9147.0
0.5704741477966309, 9147.0
0.5800950527191162, 9147.0
0.5894532203674316, 9147.0
0.5985150337219238, 9147.0
0.6078071594238281, 9147.0
0.6167852878570557, 9147.0
0.6257369518280029, 9147.0
0.6346602439880371, 9147.0
0.6436522006988525, 9147.0
0.6526370048522949, 9147.0
0.6616640090942383, 9147.0
0.6707451343536377, 9147.0
0.6797261238098145, 9147.0
0.6887791156768799, 9147.0
0.6979892253875732, 9147.0
0.706974983215332, 9147.0
0.7158961296081543, 9147.0
0.7248241901397705, 9147.0
0.7337470054626465, 9147.0
0.742664098739624, 9147.0
0.7515881061553955, 9147.0
0.7605092525482178, 9147.0
0.7695841789245605, 9147.0
0.7785031795501709, 9147.0
0.7874941825866699, 9147.0
0.7964370250701904, 9147.0
0.8053641319274902, 9147.0
0.8142752647399902, 9147.0
0.8231980800628662, 9147.0
0.8321270942687988, 9147.0
0.8411421775817871, 9147.0
0.8500699996948242, 9147.0
0.8589801788330078, 9147.0
0.8678791522979736, 9147.0
0.8767831325531006, 9147.0
0.8856949806213379, 9147.0
0.8945891857147217, 9147.0
0.9035053253173828, 9147.0
0.9124011993408203, 9147.0
0.9213621616363525, 9147.0
0.9303543567657471, 9147.0
0.9393181800842285, 9147.0
0.9484500885009766, 9147.0
0.9578549861907959, 9147.0
0.9670510292053223, 9147.0
0.9762320518493652, 9147.0
0.9855759143829346, 9147.0
0.9949781894683838, 9147.0
1.0043079853057861, 9147.0
1.0135631561279297, 9147.0
1.0230050086975098, 9147.0
1.032344102859497, 9147.0
1.0418312549591064, 9147.0
1.0511951446533203, 9147.0
1.0605041980743408, 9147.0
1.06964111328125, 9147.0
1.0788731575012207, 9147.0
1.0880191326141357, 9147.0
1.0972013473510742, 9147.0
1.1064281463623047, 9147.0
1.1160409450531006, 9147.0
1.1255979537963867, 9147.0
1.1351170539855957, 9147.0
1.1446211338043213, 9147.0
1.1540820598602295, 9147.0
1.1636250019073486, 9147.0
1.172849178314209, 9147.0
1.1820433139801025, 9147.0
1.1912331581115723, 9147.0
1.2003920078277588, 9147.0
1.2095541954040527, 9147.0
1.218724250793457, 9147.0
1.2278881072998047, 9147.0
1.2370531558990479, 9147.0
1.2461581230163574, 9147.0
1.2552859783172607, 9147.0
1.2643682956695557, 9147.0
1.2736561298370361, 9147.0
1.282792091369629, 9147.0
1.2919652462005615, 9147.0
1.301072120666504, 9147.0
1.3101823329925537, 9147.0
1.3192801475524902, 9147.0
1.3284459114074707, 9147.0
1.3377141952514648, 9147.0
1.3468921184539795, 9147.0
1.3561573028564453, 9147.0
1.3653409481048584, 9147.0
1.3745121955871582, 9147.0
1.3837711811065674, 9147.0
1.3930261135101318, 9147.0
1.402238130569458, 9147.0
1.4114103317260742, 9147.0
1.4207119941711426, 9147.0
1.4301462173461914, 9147.0
1.4395420551300049, 9147.0
1.448768138885498, 9147.0
1.4579532146453857, 9147.0
1.467299222946167, 9147.0
1.476656198501587, 9147.0
1.4858319759368896, 9147.0
1.4948899745941162, 9147.0
1.5038893222808838, 9147.0
1.512850284576416, 9147.0
1.5218172073364258, 9147.0
1.5307810306549072, 9147.0
1.5397491455078125, 9147.0
1.5487470626831055, 9147.0
1.557692289352417, 9147.0
1.566573143005371, 9147.0
1.5754621028900146, 9147.0
1.5843820571899414, 9147.0
1.5932512283325195, 9147.0
1.6021549701690674, 9147.0
1.6110851764678955, 9147.0
1.6200470924377441, 9147.0
1.6289951801300049, 9147.0
1.6379599571228027, 9147.0
1.6469271183013916, 9147.0
1.6558170318603516, 9147.0
1.664708137512207, 9147.0
1.673628330230713, 9147.0
1.6825222969055176, 9147.0
1.6914050579071045, 9147.0
1.7002971172332764, 9147.0
1.709212303161621, 9147.0
1.7181000709533691, 9147.0
1.7273211479187012, 9147.0
1.7364580631256104, 9147.0
1.745650291442871, 9147.0
1.754927158355713, 9147.0
1.7639460563659668, 9147.0
1.773031234741211, 9147.0
1.782055139541626, 9147.0
1.7910652160644531, 9147.0
1.8000190258026123, 9147.0
1.8089771270751953, 9147.0
