0.010200977325439453, 6035.0
0.019009113311767578, 6101.0
0.028434038162231445, 6101.0
0.03739309310913086, 7103.0
0.04590797424316406, 7256.0
0.05438709259033203, 7860.0
0.0628969669342041, 8427.0
0.07146096229553223, 8427.0
0.08002805709838867, 8427.0
0.08868598937988281, 8628.0
0.09734892845153809, 8817.0
0.10609102249145508, 8817.0
0.11482620239257812, 9147.0
0.12356901168823242, 9147.0
0.13233113288879395, 9147.0
0.14124512672424316, 9147.0
0.15012311935424805, 9147.0
0.15898513793945312, 9147.0
0.16777825355529785, 9147.0
0.17653894424438477, 9147.0
0.18532586097717285, 9147.0
0.1940760612487793, 9147.0
0.20287609100341797, 9147.0
0.21166110038757324, 9147.0
0.22042608261108398, 9147.0
0.22921299934387207, 9147.0
0.23795104026794434, 9147.0
0.2467348575592041, 9147.0
0.2554919719696045, 9147.0
0.26425719261169434, 9147.0
0.2729969024658203, 9147.0
0.28175902366638184, 9147.0
0.29048609733581543, 9147.0
0.29924511909484863, 9147.0
0.3080110549926758, 9147.0
0.31674718856811523, 9147.0
0.3255009651184082, 9147.0
0.33429598808288574, 9147.0
0.34304213523864746, 9147.0
0.351794958114624, 9147.0
0.3605210781097412, 9147.0
0.36926817893981934, 9147.0
0.3780050277709961, 9147.0
0.3867778778076172, 9147.0
0.39557695388793945, 9147.0
0.40439319610595703, 9147.0
0.41318202018737793, 9147.0
0.42198801040649414, 9147.0
0.4308130741119385, 9147.0
0.4395930767059326, 9147.0
0.44841718673706055, 9147.0
0.45719099044799805, 9147.0
0.46599316596984863, 9147.0
0.4747180938720703, 9147.0
0.48349809646606445, 9147.0
0.4922170639038086, 9147.0
0.5009779930114746, 9147.0
0.5097260475158691, 9147.0
0.518456220626831, 9147.0
0.5272321701049805, 9147.0
0.5360331535339355, 9147.0
0.5448050498962402, 9147.0
0.553584098815918, 9147.0
0.5623838901519775, 9147.0
0.5711090564727783, 9147.0
0.5799529552459717, 9147.0
0.5887720584869385, 9147.0
0.5975019931793213, 9147.0
0.6062710285186768, 9147.0
0.6152820587158203, 9147.0
0.624352216720581, 9147.0
0.6334550380706787, 9147.0
0.642509937286377, 9147.0
0.6513850688934326, 9147.0
0.6602590084075928, 9147.0
0.669029951095581, 9147.0
0.6778802871704102, 9147.0
0.6873970031738281, 9147.0
0.6965100765228271, 9147.0
0.7057240009307861, 9147.0
0.7149388790130615, 9147.0
0.7240819931030273, 9147.0
0.7336962223052979, 9147.0
0.7429141998291016, 9147.0
0.7519981861114502, 9147.0
0.7609381675720215, 9147.0
0.7698550224304199, 9147.0
0.7787549495697021, 9147.0
0.787635087966919, 9147.0
0.7965099811553955, 9147.0
0.8054571151733398, 9147.0
0.8144130706787109, 9147.0
0.8234760761260986, 9147.0
0.8324401378631592, 9147.0
0.8413710594177246, 9147.0
0.8502471446990967, 9147.0
0.8591179847717285, 9147.0
0.8679912090301514, 9147.0
0.8768680095672607, 9147.0
0.8857290744781494, 9147.0
0.8945920467376709, 9147.0
0.9034531116485596, 9147.0
0.9123239517211914, 9147.0
0.9212031364440918, 9147.0
0.9300801753997803, 9147.0
0.9389300346374512, 9147.0
0.9478330612182617, 9147.0
0.9566800594329834, 9147.0
0.9655470848083496, 9147.0
0.9744100570678711, 9147.0
0.9833371639251709, 9147.0
0.9924728870391846, 9147.0
1.001741886138916, 9147.0
1.0110821723937988, 9147.0
1.020353078842163, 9147.0
1.0295970439910889, 9147.0
1.0387279987335205, 9147.0
1.04780912399292, 9147.0
1.0569219589233398, 9147.0
1.0660061836242676, 9147.0
1.0750632286071777, 9147.0
1.0841341018676758, 9147.0
1.0932130813598633, 9147.0
1.1022770404815674, 9147.0
1.111335039138794, 9147.0
1.120431900024414, 9147.0
1.1294810771942139, 9147.0
1.138545036315918, 9147.0
1.1477720737457275, 9147.0
1.1568889617919922, 9147.0
1.1659049987792969, 9147.0
1.1749041080474854, 9147.0
1.1838710308074951, 9147.0
1.1928651332855225, 9147.0
1.2018539905548096, 9147.0
1.2109079360961914, 9147.0
1.2199602127075195, 9147.0
1.2289581298828125, 9147.0
1.237929105758667, 9147.0
1.246899127960205, 9147.0
1.2558999061584473, 9147.0
1.2648742198944092, 9147.0
1.2738771438598633, 9147.0
1.2828559875488281, 9147.0
1.2919950485229492, 9147.0
1.301098108291626, 9147.0
1.310236930847168, 9147.0
1.3191790580749512, 9147.0
1.3281302452087402, 9147.0
1.3371870517730713, 9147.0
1.346135139465332, 9147.0
1.3551321029663086, 9147.0
1.3641481399536133, 9147.0
1.3731720447540283, 9147.0
1.382214069366455, 9147.0
1.391261100769043, 9147.0
1.4003090858459473, 9147.0
1.409346103668213, 9147.0
1.4184138774871826, 9147.0
1.4274420738220215, 9147.0
1.4364769458770752, 9147.0
1.4455230236053467, 9147.0
1.4545581340789795, 9147.0
1.463582992553711, 9147.0
1.4726340770721436, 9147.0
1.4817841053009033, 9147.0
1.4910259246826172, 9147.0
1.5000789165496826, 9147.0
1.509141206741333, 9147.0
1.5181829929351807, 9147.0
1.5272269248962402, 9147.0
1.5362451076507568, 9147.0
1.5453121662139893, 9147.0
1.554373025894165, 9147.0
1.5634288787841797, 9147.0
1.5724592208862305, 9147.0
1.5815069675445557, 9147.0
1.5906200408935547, 9147.0
1.5996508598327637, 9147.0
1.6086809635162354, 9147.0
1.6177170276641846, 9147.0
1.6268298625946045, 9147.0
1.635883092880249, 9147.0
1.6450939178466797, 9147.0
1.654175043106079, 9147.0
1.6632452011108398, 9147.0
1.6722900867462158, 9147.0
1.6813690662384033, 9147.0
1.6903572082519531, 9147.0
1.6993229389190674, 9147.0
1.708338975906372, 9147.0
1.7173099517822266, 9147.0
1.7262911796569824, 9147.0
1.735335111618042, 9147.0
1.7442960739135742, 9147.0
1.7532482147216797, 9147.0
1.762247085571289, 9147.0
1.771233081817627, 9147.0
1.7801942825317383, 9147.0
1.7892181873321533, 9147.0
1.798248052597046, 9147.0
