0.009803056716918945, 6012.0
0.01888108253479004, 6221.0
0.028013944625854492, 6847.0
0.03734612464904785, 6847.0
0.046629905700683594, 7503.0
0.055771827697753906, 7503.0
0.06497502326965332, 7926.0
0.07428407669067383, 8094.0
0.0835111141204834, 8328.0
0.09279489517211914, 8527.0
0.10213184356689453, 8527.0
0.1113438606262207, 8631.0
0.1206200122833252, 8687.0
0.12979412078857422, 8897.0
0.13898110389709473, 9147.0
0.14819002151489258, 9147.0
0.15732979774475098, 9147.0
0.16690301895141602, 9147.0
0.1763319969177246, 9147.0
0.18565988540649414, 9147.0
0.19509506225585938, 9147.0
0.20461392402648926, 9147.0
0.2139739990234375, 9147.0
0.2235109806060791, 9147.0
0.2329869270324707, 9147.0
0.2424318790435791, 9147.0
0.25182580947875977, 9147.0
0.26125001907348633, 9147.0
0.2706749439239502, 9147.0
0.2801949977874756, 9147.0
0.28955912590026855, 9147.0
0.2989509105682373, 9147.0
0.30831313133239746, 9147.0
0.31763505935668945, 9147.0
0.3269350528717041, 9147.0
0.33629322052001953, 9147.0
0.3456881046295166, 9147.0
0.3550388813018799, 9147.0
0.36440086364746094, 9147.0
0.3737621307373047, 9147.0
0.3830888271331787, 9147.0
0.39251208305358887, 9147.0
0.4018080234527588, 9147.0
0.41115283966064453, 9147.0
0.4205031394958496, 9147.0
0.42987489700317383, 9147.0
0.4391810894012451, 9147.0
0.4485819339752197, 9147.0
0.4579288959503174, 9147.0
0.4673337936401367, 9147.0
0.4767119884490967, 9147.0
0.4860689640045166, 9147.0
0.4954538345336914, 9147.0
0.5048377513885498, 9147.0
0.5141801834106445, 9147.0
0.5235190391540527, 9147.0
0.532879114151001, 9147.0
0.5422430038452148, 9147.0
0.5517160892486572, 9147.0
0.5612399578094482, 9147.0
0.5705280303955078, 9147.0
0.579970121383667, 9147.0
0.5897121429443359, 9147.0
0.5992269515991211, 9147.0
0.6088509559631348, 9147.0
0.6182358264923096, 9147.0
0.6277050971984863, 9147.0
0.6370670795440674, 9147.0
0.6465089321136475, 9147.0
0.6558599472045898, 9147.0
0.6652469635009766, 9147.0
0.6746089458465576, 9147.0
0.6840529441833496, 9147.0
0.6934289932250977, 9147.0
0.702808141708374, 9147.0
0.7123599052429199, 9147.0
0.7218170166015625, 9147.0
0.7312541007995605, 9147.0
0.7408461570739746, 9147.0
0.7499940395355225, 9147.0
0.7593998908996582, 9147.0
0.7687749862670898, 9147.0
0.7781870365142822, 9147.0
0.7875499725341797, 9147.0
0.7969009876251221, 9147.0
0.8062820434570312, 9147.0
0.815701961517334, 9147.0
0.825078010559082, 9147.0
0.8344829082489014, 9147.0
0.8438639640808105, 9147.0
0.8532979488372803, 9147.0
0.8626880645751953, 9147.0
0.8720901012420654, 9147.0
0.8815040588378906, 9147.0
0.890927791595459, 9147.0
0.9002978801727295, 9147.0
0.9097399711608887, 9147.0
0.919111967086792, 9147.0
0.9285409450531006, 9147.0
0.9378890991210938, 9147.0
0.9472329616546631, 9147.0
0.9566090106964111, 9147.0
0.9660139083862305, 9147.0
0.9755251407623291, 9147.0
0.9849369525909424, 9147.0
0.9943621158599854, 9147.0
1.0037150382995605, 9147.0
1.0131540298461914, 9147.0
1.0226030349731445, 9147.0
1.0320539474487305, 9147.0
1.0414679050445557, 9147.0
1.0509250164031982, 9147.0
1.0604300498962402, 9147.0
1.0698349475860596, 9147.0
1.0791940689086914, 9147.0
1.0885429382324219, 9147.0
1.0978970527648926, 9147.0
1.1072969436645508, 9147.0
1.1167030334472656, 9147.0
1.1264188289642334, 9147.0
1.1362340450286865, 9147.0
1.1457300186157227, 9147.0
1.1554899215698242, 9147.0
1.164935827255249, 9147.0
1.1743559837341309, 9147.0
1.183764934539795, 9147.0
1.1931240558624268, 9147.0
1.2024319171905518, 9147.0
1.2118949890136719, 9147.0
1.2213289737701416, 9147.0
1.2307100296020508, 9147.0
1.2401831150054932, 9147.0
1.249579906463623, 9147.0
1.2590529918670654, 9147.0
1.2686150074005127, 9147.0
1.2781381607055664, 9147.0
1.2875871658325195, 9147.0
1.296976089477539, 9147.0
1.3064360618591309, 9147.0
1.3158750534057617, 9147.0
1.3253018856048584, 9147.0
1.3346869945526123, 9147.0
1.344071865081787, 9147.0
1.3535261154174805, 9147.0
1.362921953201294, 9147.0
1.3723139762878418, 9147.0
1.3817877769470215, 9147.0
1.391221046447754, 9147.0
1.400771141052246, 9147.0
1.4102787971496582, 9147.0
1.4197108745574951, 9147.0
1.429481029510498, 9147.0
1.4395101070404053, 9147.0
1.4494719505310059, 9147.0
1.4591350555419922, 9147.0
1.4686450958251953, 9147.0
1.4781529903411865, 9147.0
1.4877259731292725, 9147.0
1.497277021408081, 9147.0
1.5067510604858398, 9147.0
1.5161869525909424, 9147.0
1.5256378650665283, 9147.0
1.5350840091705322, 9147.0
1.544475793838501, 9147.0
1.5538930892944336, 9147.0
1.5632410049438477, 9147.0
1.5726027488708496, 9147.0
1.5819649696350098, 9147.0
1.591336965560913, 9147.0
1.6006929874420166, 9147.0
1.6100878715515137, 9147.0
1.6194617748260498, 9147.0
1.6287949085235596, 9147.0
1.6381549835205078, 9147.0
1.6475257873535156, 9147.0
1.6568708419799805, 9147.0
1.6662309169769287, 9147.0
1.6755499839782715, 9147.0
1.6850581169128418, 9147.0
1.694591999053955, 9147.0
1.7040040493011475, 9147.0
1.7134299278259277, 9147.0
1.7229039669036865, 9147.0
1.732490062713623, 9147.0
1.741980791091919, 9147.0
1.7513971328735352, 9147.0
1.7608320713043213, 9147.0
1.7703349590301514, 9147.0
1.7800929546356201, 9147.0
1.789802074432373, 9147.0
1.7994370460510254, 9147.0
1.8083100318908691, 9147.0
1.81728196144104, 9147.0
1.8261899948120117, 9147.0
1.8351109027862549, 9147.0
1.84409499168396, 9147.0
1.8530569076538086, 9147.0
1.862013816833496, 9147.0
1.871018886566162, 9147.0
1.8800151348114014, 9147.0
1.8890659809112549, 9147.0
