4.57763671875e-05, 401.0
7.081031799316406e-05, 945.0
0.00011706352233886719, 1482.0
0.00013899803161621094, 1663.0
0.0012507438659667969, 1688.0
0.001332998275756836, 2150.0
0.002222776412963867, 2440.0
0.0025076866149902344, 2584.0
0.002754688262939453, 3375.0
0.002962827682495117, 4016.0
0.003762960433959961, 4812.0
0.00458073616027832, 4834.0
0.0056116580963134766, 5253.0
0.006752729415893555, 6027.0
0.008404016494750977, 6171.0
0.022166013717651367, 6613.0
0.022777795791625977, 6651.0
0.023038864135742188, 7377.0
0.24118781089782715, 7481.0
0.39951181411743164, 7738.0
0.39995288848876953, 8425.0
0.4489247798919678, 8569.0
0.8032729625701904, 8940.0
