0.010300874710083008, 5268.0
0.01978278160095215, 6073.0
0.029872894287109375, 6073.0
0.03915286064147949, 6573.0
0.048130035400390625, 7624.0
0.05702495574951172, 8781.0
0.06593513488769531, 8781.0
0.07496809959411621, 8781.0
0.08396220207214355, 8781.0
0.09294581413269043, 8781.0
0.1020050048828125, 8781.0
0.11118698120117188, 8990.0
0.12034201622009277, 8990.0
0.1295318603515625, 9147.0
0.13876104354858398, 9147.0
0.14792299270629883, 9147.0
0.1571488380432129, 9147.0
0.16645097732543945, 9147.0
0.17568111419677734, 9147.0
0.18496417999267578, 9147.0
0.194288969039917, 9147.0
0.20352411270141602, 9147.0
0.21304798126220703, 9147.0
0.22229981422424316, 9147.0
0.23155498504638672, 9147.0
0.2408158779144287, 9147.0
0.2500619888305664, 9147.0
0.25928401947021484, 9147.0
0.26857495307922363, 9147.0
0.2779059410095215, 9147.0
0.2872140407562256, 9147.0
0.29691100120544434, 9147.0
0.30661606788635254, 9147.0
0.31643176078796387, 9147.0
0.32574987411499023, 9147.0
0.33503198623657227, 9147.0
0.3443620204925537, 9147.0
0.3536100387573242, 9147.0
0.36287903785705566, 9147.0
0.3720860481262207, 9147.0
0.3812859058380127, 9147.0
0.39052581787109375, 9147.0
0.3997681140899658, 9147.0
0.40898990631103516, 9147.0
0.4181838035583496, 9147.0
0.4274129867553711, 9147.0
0.43666696548461914, 9147.0
0.4459409713745117, 9147.0
0.45517492294311523, 9147.0
0.4643828868865967, 9147.0
0.47366976737976074, 9147.0
0.4829597473144531, 9147.0
0.4922828674316406, 9147.0
0.5015809535980225, 9147.0
0.510991096496582, 9147.0
0.5203309059143066, 9147.0
0.5297501087188721, 9147.0
0.5391099452972412, 9147.0
0.5484158992767334, 9147.0
0.557750940322876, 9147.0
0.5670599937438965, 9147.0
0.5764279365539551, 9147.0
0.5858409404754639, 9147.0
0.5951831340789795, 9147.0
0.6045041084289551, 9147.0
0.6141271591186523, 9147.0
0.6236279010772705, 9147.0
0.6332857608795166, 9147.0
0.6428470611572266, 9147.0
0.652277946472168, 9147.0
0.6616179943084717, 9147.0
0.6710009574890137, 9147.0
0.680304765701294, 9147.0
0.689582109451294, 9147.0
0.6991391181945801, 9147.0
0.7084360122680664, 9147.0
0.717689037322998, 9147.0
0.727003812789917, 9147.0
0.7362959384918213, 9147.0
0.7455549240112305, 9147.0
0.754810094833374, 9147.0
0.7640500068664551, 9147.0
0.7733209133148193, 9147.0
0.7826030254364014, 9147.0
0.7919669151306152, 9147.0
0.8014168739318848, 9147.0
0.8107519149780273, 9147.0
0.8200798034667969, 9147.0
0.829334020614624, 9147.0
0.8386349678039551, 9147.0
0.8479459285736084, 9147.0
0.857187032699585, 9147.0
0.8663830757141113, 9147.0
0.8756239414215088, 9147.0
0.8849411010742188, 9147.0
0.8942999839782715, 9147.0
0.903609037399292, 9147.0
0.9129221439361572, 9147.0
0.9222409725189209, 9147.0
0.9315440654754639, 9147.0
0.9407658576965332, 9147.0
0.9500629901885986, 9147.0
0.959291934967041, 9147.0
0.9685230255126953, 9147.0
0.9778189659118652, 9147.0
0.987048864364624, 9147.0
0.996330976486206, 9147.0
1.0056049823760986, 9147.0
1.0148711204528809, 9147.0
1.0241680145263672, 9147.0
1.0334620475769043, 9147.0
1.0427429676055908, 9147.0
1.0521001815795898, 9147.0
1.0615150928497314, 9147.0
1.071012020111084, 9147.0
1.0803489685058594, 9147.0
1.0897119045257568, 9147.0
1.099066972732544, 9147.0
1.1084048748016357, 9147.0
1.117699146270752, 9147.0
1.1270430088043213, 9147.0
1.136409044265747, 9147.0
1.1456871032714844, 9147.0
1.154937982559204, 9147.0
1.1641640663146973, 9147.0
1.173401117324829, 9147.0
1.1826670169830322, 9147.0
1.1919379234313965, 9147.0
1.2011609077453613, 9147.0
1.210474967956543, 9147.0
1.2197508811950684, 9147.0
1.229053020477295, 9147.0
1.2383449077606201, 9147.0
1.2476427555084229, 9147.0
1.2569429874420166, 9147.0
1.2662370204925537, 9147.0
1.2754790782928467, 9147.0
1.2847158908843994, 9147.0
1.294003963470459, 9147.0
1.3034379482269287, 9147.0
1.3127670288085938, 9147.0
1.3220348358154297, 9147.0
1.3313651084899902, 9147.0
1.3406970500946045, 9147.0
1.3499460220336914, 9147.0
1.3592300415039062, 9147.0
1.3685410022735596, 9147.0
1.377859115600586, 9147.0
1.387178897857666, 9147.0
1.3964879512786865, 9147.0
1.4057860374450684, 9147.0
1.4150981903076172, 9147.0
1.4244060516357422, 9147.0
1.4336938858032227, 9147.0
1.442917823791504, 9147.0
1.452193021774292, 9147.0
1.4615280628204346, 9147.0
1.4708740711212158, 9147.0
1.4801337718963623, 9147.0
1.4894320964813232, 9147.0
1.4987308979034424, 9147.0
1.5080487728118896, 9147.0
1.5172858238220215, 9147.0
1.5267038345336914, 9147.0
1.536142110824585, 9147.0
1.545497179031372, 9147.0
1.5548059940338135, 9147.0
1.5641028881072998, 9147.0
1.5734038352966309, 9147.0
1.5827069282531738, 9147.0
1.592005968093872, 9147.0
1.6013178825378418, 9147.0
1.6106398105621338, 9147.0
1.6200120449066162, 9147.0
1.6293370723724365, 9147.0
1.6386408805847168, 9147.0
1.6479549407958984, 9147.0
1.6572370529174805, 9147.0
1.6665239334106445, 9147.0
1.6757597923278809, 9147.0
1.685011863708496, 9147.0
1.694261074066162, 9147.0
1.7036290168762207, 9147.0
1.7129478454589844, 9147.0
1.7222750186920166, 9147.0
1.7315990924835205, 9147.0
1.7408688068389893, 9147.0
1.7501780986785889, 9147.0
1.7595090866088867, 9147.0
1.7688930034637451, 9147.0
1.778181791305542, 9147.0
1.7875230312347412, 9147.0
1.7969138622283936, 9147.0
1.8062469959259033, 9147.0
1.8154990673065186, 9147.0
1.824728012084961, 9147.0
1.833954095840454, 9147.0
1.843189001083374, 9147.0
1.8523859977722168, 9147.0
1.8616960048675537, 9147.0
1.8709900379180908, 9147.0
