0.00010800361633300781, 108.0
0.00021219253540039062, 819.0
0.00041794776916503906, 1214.0
0.0006229877471923828, 1481.0
0.0007269382476806641, 1583.0
0.0011360645294189453, 1700.0
0.0014438629150390625, 2556.0
0.004725217819213867, 3415.0
0.012269020080566406, 3543.0
0.021498918533325195, 3825.0
0.02842998504638672, 4230.0
0.028738021850585938, 5063.0
0.030599117279052734, 5787.0
0.031224966049194336, 6329.0
0.036644935607910156, 6628.0
0.036971092224121094, 6838.0
0.04082489013671875, 7341.0
0.043083906173706055, 8176.0
0.04391884803771973, 8817.0
0.051506996154785156, 9517.0
0.05448198318481445, 10287.0
0.05644702911376953, 10510.0
0.06336712837219238, 11399.0
0.07312917709350586, 12190.0
0.07333588600158691, 12374.0
0.0734407901763916, 12792.0
0.07364702224731445, 12945.0
0.07457494735717773, 13140.0
0.07519197463989258, 13617.0
0.08437991142272949, 13658.0
0.08520102500915527, 14428.0
0.14295101165771484, 14709.0
0.14374589920043945, 14744.0
0.14557194709777832, 14856.0
0.15440797805786133, 15061.0
0.26407313346862793, 15363.0
0.3509800434112549, 15895.0
0.35150694847106934, 16230.0
0.41469597816467285, 16290.0
0.6171259880065918, 16333.0
0.6181111335754395, 16461.0
0.6186578273773193, 16751.0
0.9698829650878906, 16879.0
1.0230600833892822, 17158.0
1.5651018619537354, 17162.0
1.5660839080810547, 18051.0
1.5671350955963135, 18148.0
1.8857650756835938, 18367.0
2.926820993423462, 18650.0
3.5587527751922607, 19242.0
3.5591771602630615, 19688.0
3.561277151107788, 19970.0
3.5619049072265625, 20146.0
3.5697591304779053, 20344.0
3.787398099899292, 20486.0
3.8147990703582764, 20666.0
4.460608005523682, 20757.0
4.487483978271484, 20835.0
4.49667501449585, 20867.0
4.500211000442505, 20969.0
4.697455883026123, 21196.0
4.7041990756988525, 21816.0
4.705657005310059, 22747.0
4.722239017486572, 23170.0
4.7607879638671875, 23193.0
4.773113965988159, 23261.0
4.774147987365723, 23839.0
4.7755959033966064, 24034.0
4.850780963897705, 24214.0
5.551149845123291, 24685.0
5.693228006362915, 24792.0
5.85997200012207, 25172.0
5.876240968704224, 25226.0
6.70188307762146, 25675.0
