0.01031184196472168, 5729.0
0.01925492286682129, 5883.0
0.028509855270385742, 7474.0
0.037405967712402344, 7474.0
0.04600381851196289, 7474.0
0.05454587936401367, 7669.0
0.06321096420288086, 8259.0
0.07177972793579102, 8423.0
0.08034396171569824, 8423.0
0.08900690078735352, 8929.0
0.09763097763061523, 8929.0
0.10631179809570312, 8929.0
0.11503481864929199, 8929.0
0.12385988235473633, 8929.0
0.13284873962402344, 8929.0
0.14165878295898438, 8929.0
0.15044283866882324, 8929.0
0.15933489799499512, 8929.0
0.16812896728515625, 8929.0
0.17700982093811035, 8929.0
0.18580985069274902, 8929.0
0.1945810317993164, 8929.0
0.2034440040588379, 8929.0
0.2122049331665039, 8929.0
0.22098207473754883, 8929.0
0.22974491119384766, 8929.0
0.2384638786315918, 8929.0
0.24728989601135254, 8929.0
0.2561068534851074, 8929.0
0.2648639678955078, 8929.0
0.2736167907714844, 8929.0
0.2823629379272461, 8929.0
0.2911407947540283, 8929.0
0.29993295669555664, 8929.0
0.30881381034851074, 8929.0
0.31761884689331055, 8929.0
0.3263838291168213, 8929.0
0.33513498306274414, 8929.0
0.3438899517059326, 8929.0
0.35263895988464355, 8929.0
0.3613760471343994, 8929.0
0.37013673782348633, 8929.0
0.3788638114929199, 8929.0
0.38762807846069336, 8929.0
0.3963799476623535, 8929.0
0.4051337242126465, 8929.0
0.41391992568969727, 8929.0
0.422731876373291, 8929.0
0.4315629005432129, 8929.0
0.4403707981109619, 8929.0
0.4491877555847168, 8929.0
0.45830607414245605, 8929.0
0.467465877532959, 8929.0
0.4767317771911621, 8929.0
0.4859640598297119, 8929.0
0.4950268268585205, 8929.0
0.5039060115814209, 8929.0
0.5127599239349365, 8929.0
0.5216069221496582, 8929.0
0.5304288864135742, 8929.0
0.5392038822174072, 8929.0
0.548027753829956, 8929.0
0.5573339462280273, 8929.0
0.5664989948272705, 8929.0
0.5756289958953857, 8929.0
0.5847928524017334, 8929.0
0.5936548709869385, 8929.0
0.6024940013885498, 8929.0
0.6113698482513428, 8929.0
0.6202270984649658, 8929.0
0.6290578842163086, 8929.0
0.6379539966583252, 8929.0
0.646845817565918, 8929.0
0.6560120582580566, 8929.0
0.6651420593261719, 8929.0
0.6743350028991699, 8929.0
0.6832330226898193, 8929.0
0.6923718452453613, 8929.0
0.7014448642730713, 8929.0
0.7103219032287598, 8929.0
0.7191500663757324, 8929.0
0.7279911041259766, 8929.0
0.7368478775024414, 8929.0
0.745682954788208, 8929.0
0.754544734954834, 8929.0
0.7633998394012451, 8929.0
0.7722198963165283, 8929.0
0.7810308933258057, 8929.0
0.7898387908935547, 8929.0
0.7986569404602051, 8929.0
0.8074729442596436, 8929.0
0.8162569999694824, 8929.0
0.8250827789306641, 8929.0
0.8339309692382812, 8929.0
0.8427567481994629, 8929.0
0.851611852645874, 8929.0
0.8606750965118408, 8929.0
0.8696849346160889, 8929.0
0.8787708282470703, 8929.0
0.8879518508911133, 8929.0
0.8969428539276123, 8929.0
0.9058148860931396, 8929.0
0.914794921875, 8929.0
0.9238808155059814, 8929.0
0.9329700469970703, 8929.0
0.9423718452453613, 8929.0
0.951287031173706, 8929.0
0.9602220058441162, 8929.0
0.9690878391265869, 8929.0
0.9779729843139648, 8929.0
0.9868810176849365, 8929.0
0.9958457946777344, 8929.0
1.0047338008880615, 8929.0
1.0137598514556885, 8929.0
1.0226707458496094, 8929.0
1.0316238403320312, 8929.0
1.0405268669128418, 8929.0
1.0494437217712402, 8929.0
1.0583548545837402, 8929.0
1.0672938823699951, 8929.0
1.0762569904327393, 8929.0
1.0852079391479492, 8929.0
1.0941917896270752, 8929.0
1.1031479835510254, 8929.0
1.1121158599853516, 8929.0
1.1210618019104004, 8929.0
1.1300568580627441, 8929.0
1.1389727592468262, 8929.0
1.147918701171875, 8929.0
1.1568288803100586, 8929.0
1.1658668518066406, 8929.0
1.1748747825622559, 8929.0
1.1838068962097168, 8929.0
1.1928508281707764, 8929.0
1.2019388675689697, 8929.0
1.2109508514404297, 8929.0
1.2199809551239014, 8929.0
1.2290339469909668, 8929.0
1.2380528450012207, 8929.0
1.2470288276672363, 8929.0
1.2560088634490967, 8929.0
1.2650818824768066, 8929.0
1.2739777565002441, 8929.0
1.2831919193267822, 8929.0
1.2924270629882812, 8929.0
1.3016979694366455, 8929.0
1.3108909130096436, 8929.0
1.320063829421997, 8929.0
1.3292639255523682, 8929.0
1.3384559154510498, 8929.0
1.3477189540863037, 8929.0
1.356872797012329, 8929.0
1.3660738468170166, 8929.0
1.3752357959747314, 8929.0
1.384389877319336, 8929.0
1.393523931503296, 8929.0
1.4026398658752441, 8929.0
1.4117257595062256, 8929.0
1.420860767364502, 8929.0
1.430041790008545, 8929.0
1.4391827583312988, 8929.0
1.448368787765503, 8929.0
1.4575579166412354, 8929.0
1.4668810367584229, 8929.0
1.4761810302734375, 8929.0
1.4853277206420898, 8929.0
1.4944519996643066, 8929.0
1.5035579204559326, 8929.0
1.5126419067382812, 8929.0
1.5218288898468018, 8929.0
1.5309438705444336, 8929.0
1.540111780166626, 8929.0
1.5491838455200195, 8929.0
1.5582478046417236, 8929.0
1.5673537254333496, 8929.0
1.5764260292053223, 8929.0
1.5854668617248535, 8929.0
1.5944788455963135, 8929.0
1.6034717559814453, 8929.0
1.6124749183654785, 8929.0
1.6214559078216553, 8929.0
1.6304619312286377, 8929.0
1.6394898891448975, 8929.0
1.648535966873169, 8929.0
1.657567024230957, 8929.0
1.6665537357330322, 8929.0
1.6755619049072266, 8929.0
1.6845450401306152, 8929.0
1.6935527324676514, 8929.0
1.702570915222168, 8929.0
1.7116060256958008, 8929.0
1.7206430435180664, 8929.0
1.7296628952026367, 8929.0
1.7387168407440186, 8929.0
1.7476847171783447, 8929.0
1.7566850185394287, 8929.0
1.7656257152557373, 8929.0
1.7745857238769531, 8929.0
1.7835688591003418, 8929.0
1.7925498485565186, 8929.0
1.8015098571777344, 8929.0
