0.04986405372619629, 8871.0
0.0886690616607666, 9740.0
0.12650823593139648, 10566.0
0.16451716423034668, 11058.0
0.20254230499267578, 12254.0
0.24088621139526367, 13393.0
0.2792820930480957, 14517.0
0.3180241584777832, 14650.0
0.3566911220550537, 15989.0
0.3953742980957031, 16234.0
0.43416929244995117, 17286.0
0.4730093479156494, 18043.0
0.5119140148162842, 18631.0
0.5508592128753662, 19610.0
0.5898802280426025, 20754.0
0.6299221515655518, 22333.0
0.6691551208496094, 22333.0
0.7084412574768066, 22507.0
0.7478101253509521, 22507.0
0.7872021198272705, 23156.0
0.8265781402587891, 23178.0
0.8661510944366455, 24712.0
0.9055371284484863, 24712.0
0.9450430870056152, 24712.0
0.9846920967102051, 24712.0
1.025008201599121, 24712.0
1.0650932788848877, 24879.0
1.1049611568450928, 25550.0
1.1447741985321045, 25550.0
1.184631109237671, 25788.0
1.2244670391082764, 26101.0
1.2644400596618652, 26315.0
1.3043930530548096, 26350.0
1.3443710803985596, 26695.0
1.3843281269073486, 27122.0
1.4244251251220703, 27122.0
1.4644203186035156, 27435.0
1.5044622421264648, 27719.0
1.544389247894287, 27719.0
1.5844881534576416, 27719.0
1.6246190071105957, 27719.0
1.6649301052093506, 28243.0
1.7052092552185059, 28243.0
1.745439052581787, 28243.0
1.7857270240783691, 28243.0
1.825965166091919, 28243.0
1.8661861419677734, 28243.0
1.9063770771026611, 28363.0
1.9466800689697266, 28516.0
1.9868862628936768, 28516.0
2.0272321701049805, 28516.0
2.067556142807007, 28516.0
2.109246015548706, 28516.0
2.1495251655578613, 28586.0
2.1898000240325928, 28586.0
2.2299880981445312, 28586.0
2.270273208618164, 28586.0
2.310565233230591, 28586.0
2.3507561683654785, 28586.0
2.391014337539673, 28586.0
2.43147611618042, 28610.0
2.471973180770874, 28610.0
2.5122461318969727, 28610.0
2.552783250808716, 28610.0
2.5930733680725098, 28610.0
2.6333670616149902, 28610.0
2.674070119857788, 28610.0
2.714325189590454, 28610.0
2.755048990249634, 28610.0
2.7954161167144775, 28610.0
2.836137056350708, 28610.0
2.8768310546875, 28610.0
2.917618989944458, 28610.0
2.958400011062622, 28610.0
2.99910306930542, 28610.0
3.0398342609405518, 28610.0
3.080095052719116, 28610.0
3.1203761100769043, 28610.0
3.160573959350586, 28610.0
3.2010252475738525, 28610.0
3.2413041591644287, 28610.0
3.2821409702301025, 28610.0
3.3225622177124023, 28610.0
3.363429307937622, 28610.0
3.4038381576538086, 28610.0
3.4442739486694336, 28610.0
3.484739065170288, 28610.0
3.5251803398132324, 28610.0
3.565505027770996, 28610.0
3.6061251163482666, 28610.0
3.646491289138794, 28610.0
3.6869592666625977, 28610.0
3.72802734375, 28610.0
3.769561290740967, 28610.0
3.810965061187744, 28610.0
3.8525211811065674, 28610.0
3.8955061435699463, 28610.0
3.9368631839752197, 28610.0
3.978316068649292, 28610.0
4.019549131393433, 28610.0
4.061140060424805, 28610.0
4.103682041168213, 28610.0
4.1465489864349365, 28610.0
4.189172983169556, 28610.0
4.2324302196502686, 28610.0
4.275310277938843, 28610.0
4.3176891803741455, 28610.0
4.358392238616943, 28610.0
4.398882150650024, 28610.0
4.439314126968384, 28610.0
4.47977614402771, 28610.0
4.520123243331909, 28610.0
4.561032056808472, 28610.0
4.602541208267212, 28610.0
4.64300799369812, 28610.0
4.683689117431641, 28610.0
4.725037097930908, 28610.0
4.7667810916900635, 28610.0
4.807240009307861, 28610.0
4.848198175430298, 28610.0
4.889488220214844, 28610.0
4.9301111698150635, 28610.0
4.9704461097717285, 28610.0
5.0109782218933105, 28610.0
5.052774906158447, 28610.0
5.094955205917358, 28610.0
5.136736154556274, 28610.0
5.178669214248657, 28610.0
5.220309019088745, 28610.0
5.261756181716919, 28610.0
5.3030571937561035, 28610.0
5.344541072845459, 28610.0
5.386332273483276, 28610.0
5.428282260894775, 28610.0
5.470677137374878, 28610.0
5.512811183929443, 28610.0
5.5552473068237305, 28610.0
5.5970540046691895, 28610.0
5.638085126876831, 28610.0
5.679307222366333, 28610.0
5.720371961593628, 28610.0
5.761425971984863, 28610.0
5.802438259124756, 28610.0
5.844519138336182, 28610.0
5.885425329208374, 28610.0
5.926297187805176, 28610.0
5.967153310775757, 28610.0
6.008047103881836, 28610.0
6.049872159957886, 28610.0
6.090658187866211, 28610.0
6.131582021713257, 28610.0
6.173588991165161, 28610.0
6.214629173278809, 28610.0
6.255503177642822, 28610.0
6.29623818397522, 28610.0
6.336841106414795, 28610.0
6.377596378326416, 28610.0
6.418178081512451, 28610.0
6.459129095077515, 28610.0
6.500089168548584, 28610.0
6.540704011917114, 28610.0
6.58142614364624, 28610.0
6.622318267822266, 28610.0
6.662896156311035, 28610.0
6.703480243682861, 28610.0
6.744035243988037, 28610.0
6.785084247589111, 28610.0
6.82575798034668, 28610.0
6.866337060928345, 28610.0
6.906883239746094, 28610.0
6.947470188140869, 28610.0
6.988403081893921, 28610.0
7.029033184051514, 28610.0
7.069596290588379, 28610.0
7.110242128372192, 28610.0
7.150959253311157, 28610.0
7.191831111907959, 28610.0
7.232673168182373, 28610.0
7.273214101791382, 28610.0
7.314086198806763, 28610.0
7.354980230331421, 28625.0
7.39548921585083, 28625.0
7.435902118682861, 28625.0
7.476516246795654, 28625.0
7.517306327819824, 28625.0
7.557967185974121, 28625.0
7.598546981811523, 28625.0
7.6391661167144775, 28625.0
7.679676294326782, 28625.0
7.72019100189209, 28625.0
7.760668992996216, 28625.0
7.801220178604126, 28625.0
7.841926336288452, 28625.0
7.882582187652588, 28625.0
7.923047065734863, 28625.0
7.9635841846466064, 28625.0
8.003941297531128, 28625.0
8.044356107711792, 28625.0
8.085026264190674, 28625.0
8.12545108795166, 28625.0
8.165783166885376, 28625.0
