0.009947061538696289, 5431.0
0.018496990203857422, 5900.0
0.027106046676635742, 6668.0
0.035698890686035156, 6904.0
0.044921159744262695, 8085.0
0.05357694625854492, 8447.0
0.062380075454711914, 8447.0
0.07112503051757812, 8447.0
0.0800619125366211, 8569.0
0.08926510810852051, 8719.0
0.09835314750671387, 8808.0
0.10747790336608887, 9147.0
0.1167001724243164, 9147.0
0.12594890594482422, 9147.0
0.13525819778442383, 9147.0
0.14455103874206543, 9147.0
0.15393400192260742, 9147.0
0.1632239818572998, 9147.0
0.1724390983581543, 9147.0
0.18168210983276367, 9147.0
0.19113588333129883, 9147.0
0.2003920078277588, 9147.0
0.20994997024536133, 9147.0
0.21955084800720215, 9147.0
0.2290501594543457, 9147.0
0.2384810447692871, 9147.0
0.24777603149414062, 9147.0
0.25700807571411133, 9147.0
0.2662360668182373, 9147.0
0.27544713020324707, 9147.0
0.28473496437072754, 9147.0
0.29398012161254883, 9147.0
0.30326128005981445, 9147.0
0.31246399879455566, 9147.0
0.32181811332702637, 9147.0
0.3310818672180176, 9147.0
0.3403341770172119, 9147.0
0.34960293769836426, 9147.0
0.3588578701019287, 9147.0
0.36810803413391113, 9147.0
0.3773460388183594, 9147.0
0.3866422176361084, 9147.0
0.3960740566253662, 9147.0
0.40537285804748535, 9147.0
0.4146711826324463, 9147.0
0.4239790439605713, 9147.0
0.4333181381225586, 9147.0
0.44271421432495117, 9147.0
0.4521501064300537, 9147.0
0.4614279270172119, 9147.0
0.47069525718688965, 9147.0
0.4799950122833252, 9147.0
0.48938608169555664, 9147.0
0.4987959861755371, 9147.0
0.5084280967712402, 9147.0
0.51804518699646, 9147.0
0.5276081562042236, 9147.0
0.5371160507202148, 9147.0
0.5466179847717285, 9147.0
0.5560550689697266, 9147.0
0.5654749870300293, 9147.0
0.5747928619384766, 9147.0
0.584144115447998, 9147.0
0.5935590267181396, 9147.0
0.6031229496002197, 9147.0
0.6128261089324951, 9147.0
0.6224460601806641, 9147.0
0.632066011428833, 9147.0
0.6416330337524414, 9147.0
0.6512260437011719, 9147.0
0.6606869697570801, 9147.0
0.6700642108917236, 9147.0
0.6791641712188721, 9147.0
0.6882438659667969, 9147.0
0.6973249912261963, 9147.0
0.7066061496734619, 9147.0
0.716198205947876, 9147.0
0.7256340980529785, 9147.0
0.7350800037384033, 9147.0
0.744157075881958, 9147.0
0.7532379627227783, 9147.0
0.7623040676116943, 9147.0
0.7713871002197266, 9147.0
0.7804660797119141, 9147.0
0.7894721031188965, 9147.0
0.7985031604766846, 9147.0
0.8075680732727051, 9147.0
0.8167569637298584, 9147.0
0.82588791847229, 9147.0
0.8350100517272949, 9147.0
0.8441121578216553, 9147.0
0.8533830642700195, 9147.0
0.8624911308288574, 9147.0
0.87158203125, 9147.0
0.8806681632995605, 9147.0
0.8897509574890137, 9147.0
0.8988120555877686, 9147.0
0.907891035079956, 9147.0
0.9169998168945312, 9147.0
0.9261009693145752, 9147.0
0.9351470470428467, 9147.0
0.944141149520874, 9147.0
0.9531431198120117, 9147.0
0.9621989727020264, 9147.0
0.9712581634521484, 9147.0
0.9803431034088135, 9147.0
0.9894130229949951, 9147.0
0.9985039234161377, 9147.0
1.0076022148132324, 9147.0
1.0166730880737305, 9147.0
1.0257561206817627, 9147.0
1.0348470211029053, 9147.0
1.0439128875732422, 9147.0
1.052994966506958, 9147.0
1.062067985534668, 9147.0
1.0711541175842285, 9147.0
1.0802290439605713, 9147.0
1.0892231464385986, 9147.0
1.0982630252838135, 9147.0
1.1073389053344727, 9147.0
1.1164021492004395, 9147.0
1.1254730224609375, 9147.0
1.1345560550689697, 9147.0
1.1437690258026123, 9147.0
1.152846097946167, 9147.0
1.1620662212371826, 9147.0
1.171079158782959, 9147.0
1.1800711154937744, 9147.0
1.1890921592712402, 9147.0
1.1981868743896484, 9147.0
1.207284927368164, 9147.0
1.2164149284362793, 9147.0
1.2254910469055176, 9147.0
1.2346930503845215, 9147.0
1.243757963180542, 9147.0
1.2528188228607178, 9147.0
1.261854887008667, 9147.0
1.2709369659423828, 9147.0
1.2800040245056152, 9147.0
1.2891030311584473, 9147.0
1.2981250286102295, 9147.0
1.3071322441101074, 9147.0
1.3162050247192383, 9147.0
1.3253419399261475, 9147.0
1.3344180583953857, 9147.0
1.3434412479400635, 9147.0
1.3524558544158936, 9147.0
1.3614661693572998, 9147.0
1.370539903640747, 9147.0
1.37972092628479, 9147.0
1.3887701034545898, 9147.0
1.3977789878845215, 9147.0
1.4069218635559082, 9147.0
1.4160828590393066, 9147.0
1.4251399040222168, 9147.0
1.4341528415679932, 9147.0
1.443183183670044, 9147.0
1.4522030353546143, 9147.0
1.4612150192260742, 9147.0
1.4702770709991455, 9147.0
1.4793710708618164, 9147.0
1.4883880615234375, 9147.0
1.497619867324829, 9147.0
1.5069620609283447, 9147.0
1.5161490440368652, 9147.0
1.5253770351409912, 9147.0
1.5346529483795166, 9147.0
1.5439860820770264, 9147.0
1.5532810688018799, 9147.0
1.5625660419464111, 9147.0
1.5718410015106201, 9147.0
1.5811738967895508, 9147.0
1.590418815612793, 9147.0
1.5996768474578857, 9147.0
1.6090118885040283, 9147.0
1.6182849407196045, 9147.0
1.6275529861450195, 9147.0
1.636918067932129, 9147.0
1.6463110446929932, 9147.0
1.6555380821228027, 9147.0
1.6650469303131104, 9147.0
1.6742799282073975, 9147.0
1.6835219860076904, 9147.0
1.6927399635314941, 9147.0
1.7020070552825928, 9147.0
1.7112040519714355, 9147.0
1.720454216003418, 9147.0
1.7297148704528809, 9147.0
1.7389092445373535, 9147.0
1.7481191158294678, 9147.0
1.7573308944702148, 9147.0
1.7665479183197021, 9147.0
1.7757601737976074, 9147.0
1.7849421501159668, 9147.0
1.7941539287567139, 9147.0
1.8033671379089355, 9147.0
1.8126070499420166, 9147.0
1.8220558166503906, 9147.0
1.8313100337982178, 9147.0
1.8405449390411377, 9147.0
1.8497941493988037, 9147.0
