2.47955322265625e-05, 379.0
4.57763671875e-05, 1046.0
0.00012373924255371094, 1583.0
0.00018286705017089844, 2083.0
0.0005459785461425781, 2874.0
0.0030410289764404297, 3333.0
0.0030798912048339844, 3399.0
0.0032548904418945312, 4396.0
0.004029989242553711, 4892.0
0.005034923553466797, 5109.0
0.005191802978515625, 5566.0
0.005908012390136719, 5703.0
0.007742881774902344, 5761.0
0.007996797561645508, 6552.0
0.058812856674194336, 6730.0
0.059950828552246094, 6789.0
0.06050467491149902, 7053.0
0.19376587867736816, 7114.0
0.19558095932006836, 7155.0
0.3073899745941162, 7480.0
0.4100959300994873, 7620.0
0.44832277297973633, 7643.0
0.44867777824401855, 7785.0
0.7029538154602051, 7814.0
0.720679759979248, 7897.0
0.7601537704467773, 8351.0
0.7674927711486816, 8719.0
0.768103837966919, 8900.0
