0.0001087188720703125, 580.0
0.0002148151397705078, 796.0
0.00031685829162597656, 1268.0
0.00041985511779785156, 1474.0
0.0005228519439697266, 1556.0
0.0006258487701416016, 1816.0
0.0007288455963134766, 2262.0
0.0008330345153808594, 3118.0
0.006814002990722656, 3246.0
0.007771968841552734, 3466.0
0.00980997085571289, 4236.0
0.022028684616088867, 4916.0
0.023272991180419922, 5373.0
0.023883819580078125, 6033.0
0.027603864669799805, 6311.0
0.029577016830444336, 6765.0
0.04741191864013672, 7491.0
0.04792499542236328, 8191.0
0.05098700523376465, 8533.0
0.05240988731384277, 8650.0
0.06532883644104004, 8917.0
0.06553387641906738, 8996.0
0.06614494323730469, 9278.0
0.09431767463684082, 9426.0
0.10863780975341797, 9821.0
0.10996079444885254, 10264.0
0.16301679611206055, 10854.0
0.16396188735961914, 10922.0
0.20375609397888184, 11245.0
0.20487093925476074, 11527.0
0.2064049243927002, 12307.0
0.25133180618286133, 12722.0
0.25163865089416504, 13181.0
0.3847217559814453, 13253.0
0.3886096477508545, 13387.0
0.38912105560302734, 13568.0
0.5981588363647461, 13576.0
0.6003048419952393, 14105.0
0.6017317771911621, 14669.0
0.6033647060394287, 14850.0
0.6037759780883789, 15781.0
0.6085987091064453, 15851.0
0.6213870048522949, 15938.0
0.6637048721313477, 16336.0
0.6646327972412109, 16464.0
0.7530508041381836, 17008.0
0.7560098171234131, 17149.0
0.7595746517181396, 17261.0
1.5762827396392822, 17690.0
1.5784058570861816, 18482.0
1.629638910293579, 19174.0
1.6349010467529297, 19849.0
1.6388978958129883, 20440.0
1.6440279483795166, 20532.0
1.6446619033813477, 21089.0
3.895840883255005, 21513.0
3.9158987998962402, 21768.0
3.9191880226135254, 22258.0
3.9241459369659424, 23166.0
3.9293417930603027, 23272.0
4.777768850326538, 23443.0
4.7834858894348145, 23577.0
4.80547308921814, 23669.0
4.810006618499756, 24126.0
5.186698913574219, 24282.0
5.1991658210754395, 24815.0
5.2003068923950195, 25010.0
5.213134765625, 25034.0
5.391682863235474, 25073.0
5.4508140087127686, 25131.0
5.4862589836120605, 25145.0
5.492923974990845, 25925.0
6.281890869140625, 25949.0
7.001905918121338, 25951.0
