2.5987625122070312e-05, 824.0
0.00011396408081054688, 1491.0
0.0002551078796386719, 1948.0
0.0002949237823486328, 2129.0
0.0014140605926513672, 2393.0
0.001455068588256836, 3324.0
0.0015377998352050781, 3382.0
0.002315044403076172, 4024.0
0.0023980140686035156, 4815.0
0.002939939498901367, 4898.0
0.0033309459686279297, 5531.0
0.01064610481262207, 5686.0
0.03478598594665527, 5819.0
0.04357099533081055, 6131.0
0.04359579086303711, 7005.0
0.0437469482421875, 7037.0
0.04421687126159668, 7828.0
0.4593029022216797, 8115.0
0.6793379783630371, 8400.0
0.7151179313659668, 8632.0
0.8854942321777344, 8781.0
1.0751969814300537, 8929.0
