0.009984016418457031, 5263.0
0.01874685287475586, 5897.0
0.027554988861083984, 6545.0
0.03676199913024902, 6562.0
0.04589581489562988, 6874.0
0.055029869079589844, 7569.0
0.06400299072265625, 8216.0
0.07308578491210938, 8385.0
0.08219599723815918, 8842.0
0.09135890007019043, 8842.0
0.10056495666503906, 8990.0
0.1097099781036377, 9147.0
0.1189579963684082, 9147.0
0.12827682495117188, 9147.0
0.1376359462738037, 9147.0
0.14699888229370117, 9147.0
0.15635204315185547, 9147.0
0.16589903831481934, 9147.0
0.1755979061126709, 9147.0
0.1847548484802246, 9147.0
0.19383597373962402, 9147.0
0.20290684700012207, 9147.0
0.21193289756774902, 9147.0
0.22095894813537598, 9147.0
0.22996282577514648, 9147.0
0.2390289306640625, 9147.0
0.2480299472808838, 9147.0
0.2570350170135498, 9147.0
0.2660520076751709, 9147.0
0.2750420570373535, 9147.0
0.284045934677124, 9147.0
0.29305601119995117, 9147.0
0.3020648956298828, 9147.0
0.3110649585723877, 9147.0
0.3200948238372803, 9147.0
0.32909488677978516, 9147.0
0.3381040096282959, 9147.0
0.3471107482910156, 9147.0
0.35613489151000977, 9147.0
0.3651587963104248, 9147.0
0.3741779327392578, 9147.0
0.38317370414733887, 9147.0
0.3921809196472168, 9147.0
0.40119504928588867, 9147.0
0.4102058410644531, 9147.0
0.4195230007171631, 9147.0
0.4287879467010498, 9147.0
0.4381418228149414, 9147.0
0.4479858875274658, 9147.0
0.45789194107055664, 9147.0
0.4678199291229248, 9147.0
0.477078914642334, 9147.0
0.4863409996032715, 9147.0
0.4955787658691406, 9147.0
0.5047879219055176, 9147.0
0.5139880180358887, 9147.0
0.5230231285095215, 9147.0
0.5321028232574463, 9147.0
0.5411357879638672, 9147.0
0.5501508712768555, 9147.0
0.5591778755187988, 9147.0
0.5682187080383301, 9147.0
0.5772531032562256, 9147.0
0.5863349437713623, 9147.0
0.5953640937805176, 9147.0
0.6047658920288086, 9147.0
0.6144089698791504, 9147.0
0.6240079402923584, 9147.0
0.6335489749908447, 9147.0
0.6428589820861816, 9147.0
0.652385950088501, 9147.0
0.6616470813751221, 9147.0
0.6710870265960693, 9147.0
0.6801939010620117, 9147.0
0.6892490386962891, 9147.0
0.6982698440551758, 9147.0
0.7072927951812744, 9147.0
0.7162988185882568, 9147.0
0.7252788543701172, 9147.0
0.7343318462371826, 9147.0
0.7433290481567383, 9147.0
0.7523128986358643, 9147.0
0.7613208293914795, 9147.0
0.7702808380126953, 9147.0
0.7795178890228271, 9147.0
0.7888889312744141, 9147.0
0.7978827953338623, 9147.0
0.8069250583648682, 9147.0
0.8159580230712891, 9147.0
0.824934720993042, 9147.0
0.8339278697967529, 9147.0
0.8429150581359863, 9147.0
0.8519048690795898, 9147.0
0.8609180450439453, 9147.0
0.8698809146881104, 9147.0
0.8788731098175049, 9147.0
0.887984037399292, 9147.0
0.8973898887634277, 9147.0
0.9067487716674805, 9147.0
0.9161441326141357, 9147.0
0.9251518249511719, 9147.0
0.9341509342193604, 9147.0
0.9431319236755371, 9147.0
0.952354907989502, 9147.0
0.9615097045898438, 9147.0
0.9705667495727539, 9147.0
0.9796490669250488, 9147.0
0.9887070655822754, 9147.0
0.9977519512176514, 9147.0
1.0068190097808838, 9147.0
1.0158021450042725, 9147.0
1.0247809886932373, 9147.0
1.0337729454040527, 9147.0
1.0427589416503906, 9147.0
1.051759958267212, 9147.0
1.0608818531036377, 9147.0
1.0699119567871094, 9147.0
1.0789361000061035, 9147.0
1.0880298614501953, 9147.0
1.0970396995544434, 9147.0
1.1060960292816162, 9147.0
1.1151158809661865, 9147.0
1.1241168975830078, 9147.0
1.1331250667572021, 9147.0
1.1421527862548828, 9147.0
1.1512277126312256, 9147.0
1.1602118015289307, 9147.0
1.1692008972167969, 9147.0
1.1782021522521973, 9147.0
1.1872448921203613, 9147.0
1.1962318420410156, 9147.0
1.205293893814087, 9147.0
1.2142739295959473, 9147.0
1.2233238220214844, 9147.0
1.2323048114776611, 9147.0
1.2413370609283447, 9147.0
1.2503080368041992, 9147.0
1.2595689296722412, 9147.0
1.268578052520752, 9147.0
1.2776267528533936, 9147.0
1.286604881286621, 9147.0
1.2955749034881592, 9147.0
1.3045508861541748, 9147.0
1.3135418891906738, 9147.0
1.3225488662719727, 9147.0
1.3315379619598389, 9147.0
1.3405051231384277, 9147.0
1.3495547771453857, 9147.0
1.3585429191589355, 9147.0
1.367706060409546, 9147.0
1.3771047592163086, 9147.0
1.3864009380340576, 9147.0
1.39565110206604, 9147.0
1.4048948287963867, 9147.0
1.4141359329223633, 9147.0
1.4233877658843994, 9147.0
1.4326319694519043, 9147.0
1.4418549537658691, 9147.0
1.4510769844055176, 9147.0
1.460237979888916, 9147.0
1.4696009159088135, 9147.0
1.4788949489593506, 9147.0
1.488110065460205, 9147.0
1.4973258972167969, 9147.0
1.5065641403198242, 9147.0
1.515882968902588, 9147.0
1.5251410007476807, 9147.0
1.5345110893249512, 9147.0
1.543759822845459, 9147.0
1.5530250072479248, 9147.0
1.5622458457946777, 9147.0
1.5714590549468994, 9147.0
1.5806677341461182, 9147.0
1.5898938179016113, 9147.0
1.5990889072418213, 9147.0
1.608327865600586, 9147.0
1.6175029277801514, 9147.0
1.6266489028930664, 9147.0
1.6359519958496094, 9147.0
1.6452839374542236, 9147.0
1.654412031173706, 9147.0
1.6635818481445312, 9147.0
1.672739028930664, 9147.0
1.6819298267364502, 9147.0
1.6912579536437988, 9147.0
1.7004239559173584, 9147.0
1.7095959186553955, 9147.0
1.7188169956207275, 9147.0
1.7281498908996582, 9147.0
1.7373409271240234, 9147.0
1.7466449737548828, 9147.0
1.756018877029419, 9147.0
1.7652337551116943, 9147.0
1.7745070457458496, 9147.0
1.7837259769439697, 9147.0
1.7930119037628174, 9147.0
1.8024439811706543, 9147.0
1.8116679191589355, 9147.0
1.8209331035614014, 9147.0
1.8301680088043213, 9147.0
1.839465856552124, 9147.0
