0.05115103721618652, 8502.0
0.0894019603729248, 9445.0
0.1271660327911377, 10003.0
0.16642999649047852, 12785.0
0.2043149471282959, 12785.0
0.2423241138458252, 14097.0
0.2805042266845703, 14930.0
0.3188309669494629, 15596.0
0.35724711418151855, 16680.0
0.39575624465942383, 16769.0
0.43440794944763184, 17440.0
0.4730820655822754, 17440.0
0.5119199752807617, 18730.0
0.5507972240447998, 19365.0
0.5898101329803467, 19659.0
0.6295719146728516, 21228.0
0.6687290668487549, 21364.0
0.7079272270202637, 22203.0
0.7471370697021484, 22339.0
0.786513090133667, 22339.0
0.825984001159668, 22339.0
0.865462064743042, 23772.0
0.9049980640411377, 23772.0
0.944537878036499, 23772.0
0.9841349124908447, 24098.0
1.023806095123291, 24825.0
1.0635020732879639, 24825.0
1.1033649444580078, 24986.0
1.1431639194488525, 25281.0
1.1829860210418701, 25281.0
1.222872257232666, 25776.0
1.2628092765808105, 25776.0
1.3027291297912598, 26190.0
1.3427231311798096, 26270.0
1.382796049118042, 26560.0
1.422842025756836, 27005.0
1.462852954864502, 27005.0
1.5029001235961914, 27520.0
1.5429909229278564, 27520.0
1.5834481716156006, 27677.0
1.6249589920043945, 27677.0
1.6650629043579102, 28085.0
1.7052569389343262, 28085.0
1.746178150177002, 28085.0
1.786344051361084, 28085.0
1.8264579772949219, 28085.0
1.8666839599609375, 28122.0
1.907214879989624, 28122.0
1.9475040435791016, 28485.0
1.9878201484680176, 28485.0
2.0281081199645996, 28485.0
2.06990385055542, 28485.0
2.110372304916382, 28485.0
2.1507720947265625, 28485.0
2.1912789344787598, 28485.0
2.23183012008667, 28485.0
2.2722420692443848, 28485.0
2.312692165374756, 28485.0
2.353175163269043, 28485.0
2.3936588764190674, 28485.0
2.434091091156006, 28629.0
2.4745750427246094, 28629.0
2.5150580406188965, 28629.0
2.5554230213165283, 28629.0
2.5959889888763428, 28629.0
2.6363861560821533, 28629.0
2.676754951477051, 28629.0
2.717252016067505, 28629.0
2.7576699256896973, 28629.0
2.798126220703125, 28629.0
2.8386499881744385, 28629.0
2.880312204360962, 28629.0
2.920767068862915, 28629.0
2.961169958114624, 28629.0
3.0015501976013184, 28629.0
3.042196035385132, 28629.0
3.082735061645508, 28706.0
3.1232242584228516, 28706.0
3.1637320518493652, 28706.0
3.2044591903686523, 28706.0
3.2449469566345215, 28706.0
3.285358190536499, 28706.0
3.3258440494537354, 28706.0
3.3662800788879395, 28706.0
3.4074959754943848, 28706.0
3.4491240978240967, 28706.0
3.4905731678009033, 28706.0
3.5321831703186035, 28706.0
3.5741021633148193, 28706.0
3.6154801845550537, 28706.0
3.6567811965942383, 28706.0
3.698073148727417, 28706.0
3.7398831844329834, 28706.0
3.7824010848999023, 28706.0
3.8250880241394043, 28706.0
3.8670520782470703, 28706.0
3.909360885620117, 28706.0
3.951475143432617, 28706.0
3.992051124572754, 28706.0
4.032623052597046, 28706.0
4.073454856872559, 28706.0
4.115039110183716, 28706.0
4.155677080154419, 28706.0
4.197078227996826, 28706.0
4.237908124923706, 28706.0
4.278484106063843, 28857.0
4.319022178649902, 28857.0
4.359608173370361, 28857.0
4.400176048278809, 28857.0
4.440770149230957, 28857.0
4.481291055679321, 28857.0
4.521782159805298, 28857.0
4.562015056610107, 28857.0
4.602614164352417, 28857.0
4.643103122711182, 28857.0
4.683648109436035, 28857.0
4.724297046661377, 28857.0
4.764578104019165, 28857.0
4.80486798286438, 28857.0
4.845415115356445, 28857.0
4.8858911991119385, 28857.0
4.92630410194397, 28857.0
4.966825008392334, 28857.0
5.007030010223389, 28857.0
5.047352075576782, 28857.0
5.087693214416504, 28857.0
5.128015041351318, 28857.0
5.168476104736328, 28857.0
5.209364175796509, 28857.0
5.250877141952515, 28857.0
5.292360067367554, 28857.0
5.33396315574646, 28857.0
5.375798225402832, 28857.0
5.417710065841675, 28857.0
5.459341049194336, 28857.0
5.501065015792847, 28857.0
5.543010234832764, 28857.0
5.585236072540283, 28857.0
5.6277971267700195, 28857.0
5.6708738803863525, 28857.0
5.713721990585327, 28857.0
5.755446195602417, 28857.0
5.796190977096558, 28857.0
5.836668014526367, 28857.0
5.877495050430298, 28857.0
5.918010950088501, 28857.0
5.958950042724609, 28857.0
6.000402927398682, 28857.0
6.041504144668579, 28857.0
6.082459926605225, 28857.0
6.1242430210113525, 28857.0
6.165452241897583, 28857.0
6.205976247787476, 28857.0
6.246876955032349, 28857.0
6.2873899936676025, 28857.0
6.3278491497039795, 28857.0
6.368732929229736, 28857.0
6.409721851348877, 28857.0
6.450318098068237, 28857.0
6.491129159927368, 28857.0
6.531604051589966, 28857.0
6.572257041931152, 28857.0
6.613099098205566, 28857.0
6.655079126358032, 28857.0
6.695929288864136, 28857.0
6.736989974975586, 28857.0
6.778593063354492, 28857.0
6.819421052932739, 28857.0
6.85997200012207, 28857.0
6.9005351066589355, 28857.0
6.941425085067749, 28857.0
6.982026100158691, 28857.0
7.022659063339233, 28857.0
7.063083171844482, 28857.0
7.103822231292725, 28857.0
7.144734144210815, 28857.0
7.185159921646118, 28857.0
7.226292133331299, 28857.0
7.267428874969482, 28857.0
7.3083531856536865, 28857.0
7.349255084991455, 28857.0
7.390218019485474, 28857.0
7.431061029434204, 28857.0
7.471435070037842, 28857.0
7.512308120727539, 28857.0
7.552721977233887, 28857.0
7.593656063079834, 28857.0
7.6342082023620605, 28857.0
7.6749372482299805, 28857.0
7.7153730392456055, 28857.0
7.756541967391968, 28857.0
7.7969701290130615, 28857.0
7.837805271148682, 28857.0
7.8783040046691895, 28857.0
7.918655157089233, 28857.0
7.95964503288269, 28857.0
8.000173091888428, 28857.0
8.040986061096191, 28857.0
8.081521034240723, 28857.0
8.122101068496704, 28857.0
8.164238929748535, 28857.0
