0.00010538101196289062, 770.0
0.00021409988403320312, 867.0
0.0003161430358886719, 1214.0
0.00041604042053222656, 2157.0
0.0005171298980712891, 2354.0
0.0007162094116210938, 3020.0
0.001209259033203125, 3463.0
0.0020961761474609375, 3554.0
0.004651069641113281, 4413.0
0.01580023765563965, 4508.0
0.01619720458984375, 4774.0
0.0169830322265625, 5220.0
0.017689228057861328, 5411.0
0.019036293029785156, 5631.0
0.019680023193359375, 5884.0
0.020596981048583984, 5967.0
0.02079939842224121, 6799.0
0.02435135841369629, 6994.0
0.026111364364624023, 7652.0
0.030088186264038086, 7820.0
0.03277111053466797, 8427.0
0.033796072006225586, 8529.0
0.06017732620239258, 8760.0
0.06166505813598633, 9548.0
0.06176614761352539, 9676.0
0.06237316131591797, 10122.0
0.06316328048706055, 10413.0
0.06346321105957031, 10525.0
0.0668642520904541, 11295.0
0.07896113395690918, 11525.0
0.08481836318969727, 11696.0
0.08641219139099121, 11990.0
0.0922234058380127, 12634.0
0.09890317916870117, 13006.0
0.09900426864624023, 13187.0
0.09969735145568848, 14130.0
0.10336613655090332, 14185.0
0.11041617393493652, 14700.0
0.11221504211425781, 14863.0
0.11350226402282715, 15321.0
0.12292122840881348, 15407.0
0.12789130210876465, 15535.0
0.1283860206604004, 16235.0
0.19934415817260742, 16529.0
0.20055031776428223, 17440.0
0.49393320083618164, 18088.0
0.495617151260376, 18614.0
0.8685543537139893, 18703.0
0.8779792785644531, 19101.0
0.8805582523345947, 19276.0
0.8813543319702148, 19845.0
0.8825490474700928, 19916.0
3.868972063064575, 20053.0
3.8692972660064697, 20248.0
3.882329225540161, 20805.0
3.88523530960083, 21148.0
3.898691177368164, 21403.0
3.9100961685180664, 21441.0
4.26806116104126, 21590.0
4.268165111541748, 21702.0
4.272129058837891, 22590.0
4.602610349655151, 23383.0
4.606265068054199, 23752.0
4.660116195678711, 24258.0
4.9303600788116455, 24310.0
4.934922218322754, 24423.0
4.94323205947876, 24461.0
4.952629089355469, 24792.0
4.978658199310303, 24900.0
5.034878253936768, 25151.0
5.146056175231934, 25183.0
5.228606224060059, 25346.0
5.24758505821228, 25372.0
5.250484228134155, 25474.0
5.251208305358887, 25669.0
5.3833301067352295, 25919.0
5.444998264312744, 25939.0
5.46377420425415, 26006.0
5.790555238723755, 26098.0
6.038981199264526, 26135.0
6.288442134857178, 26479.0
