2.9087066650390625e-05, 494.0
5.1975250244140625e-05, 708.0
7.390975952148438e-05, 1390.0
0.001386880874633789, 1689.0
0.001775979995727539, 2413.0
0.002702951431274414, 2772.0
0.0027849674224853516, 3552.0
0.004150867462158203, 3887.0
0.004438877105712891, 4080.0
0.004500865936279297, 4261.0
0.00466609001159668, 4537.0
0.004851818084716797, 4713.0
0.0055468082427978516, 5233.0
0.01444387435913086, 5368.0
0.015307903289794922, 5785.0
0.01733708381652832, 5884.0
0.01861286163330078, 5905.0
0.01863384246826172, 5963.0
0.038307905197143555, 6599.0
0.16397881507873535, 6965.0
0.16800498962402344, 7284.0
0.45935511589050293, 7510.0
0.6223001480102539, 7733.0
0.7189638614654541, 8096.0
0.8188309669494629, 8167.0
0.8222980499267578, 8229.0
0.9156830310821533, 8298.0
0.9802119731903076, 8438.0
1.0458719730377197, 8446.0
1.0595779418945312, 8687.0
1.0796258449554443, 8817.0
1.1098301410675049, 8929.0
