0.05031776428222656, 9054.0
0.08836889266967773, 9054.0
0.1260547637939453, 11048.0
0.16378068923950195, 11371.0
0.20163893699645996, 13301.0
0.2395918369293213, 14280.0
0.27772068977355957, 15387.0
0.3160409927368164, 15387.0
0.35442090034484863, 15402.0
0.3929626941680908, 16985.0
0.4317328929901123, 18760.0
0.470477819442749, 18760.0
0.5092628002166748, 19064.0
0.548105001449585, 19563.0
0.5871737003326416, 19949.0
0.6270217895507812, 21102.0
0.6661429405212402, 21165.0
0.7053008079528809, 21567.0
0.7448089122772217, 21627.0
0.7840898036956787, 23167.0
0.8233997821807861, 23457.0
0.8627216815948486, 23862.0
0.9020798206329346, 23862.0
0.9415128231048584, 24142.0
0.9809987545013428, 24593.0
1.0210957527160645, 24957.0
1.0610778331756592, 24962.0
1.1006808280944824, 25146.0
1.1403477191925049, 25296.0
1.1800599098205566, 25360.0
1.2198007106781006, 26032.0
1.2596187591552734, 26324.0
1.2994146347045898, 26324.0
1.3391797542572021, 26324.0
1.3788659572601318, 26376.0
1.4187116622924805, 27603.0
1.4585847854614258, 27958.0
1.4984838962554932, 27958.0
1.5382447242736816, 27958.0
1.5780439376831055, 28084.0
1.6180286407470703, 28084.0
1.6579546928405762, 28084.0
1.6978988647460938, 28084.0
1.7378108501434326, 28473.0
1.777709722518921, 28473.0
1.817685842514038, 28473.0
1.8577699661254883, 28473.0
1.897972822189331, 28473.0
1.938018798828125, 28512.0
1.9786148071289062, 28512.0
2.0199859142303467, 28514.0
2.060621738433838, 28514.0
2.101139783859253, 28514.0
2.141331911087036, 28514.0
2.1816177368164062, 28514.0
2.2219808101654053, 28514.0
2.262131929397583, 28514.0
2.302356004714966, 28514.0
2.342562675476074, 28514.0
2.3830509185791016, 28524.0
2.4236040115356445, 28524.0
2.4636166095733643, 28524.0
2.504072904586792, 28524.0
2.5443389415740967, 28524.0
2.584376811981201, 28524.0
2.6249547004699707, 28524.0
2.665087938308716, 28524.0
2.705166816711426, 28524.0
2.7452590465545654, 28524.0
2.7852978706359863, 28524.0
2.8254988193511963, 28524.0
2.866337776184082, 28524.0
2.90655779838562, 28524.0
2.9466257095336914, 28524.0
2.9872477054595947, 28524.0
3.0284578800201416, 28524.0
3.0697059631347656, 28524.0
3.110707998275757, 28626.0
3.1525728702545166, 28626.0
3.193957805633545, 28650.0
3.2353827953338623, 28650.0
3.276428699493408, 28650.0
3.317936897277832, 28650.0
3.3591628074645996, 28650.0
3.4015049934387207, 28650.0
3.4435956478118896, 28650.0
3.4856698513031006, 28650.0
3.5280399322509766, 28650.0
3.5682897567749023, 28650.0
3.6085357666015625, 28650.0
3.6494197845458984, 28650.0
3.689976692199707, 28650.0
3.730524778366089, 28650.0
3.771601915359497, 28650.0
3.81290864944458, 28650.0
3.8533449172973633, 28650.0
3.893772840499878, 28650.0
3.9340038299560547, 28650.0
3.974639892578125, 28650.0
4.014810800552368, 28650.0
4.056187868118286, 28650.0
4.097189903259277, 28650.0
4.137972831726074, 28650.0
4.17827582359314, 28650.0
4.218577861785889, 28650.0
4.259227752685547, 28650.0
4.299803733825684, 28650.0
4.340538740158081, 28650.0
4.381109952926636, 28650.0
4.421857833862305, 28650.0
4.462592601776123, 28650.0
4.503641843795776, 28650.0
4.544945955276489, 28650.0
4.586715936660767, 28650.0
4.6283159255981445, 28650.0
4.669907808303833, 28650.0
4.71103572845459, 28650.0
4.7521889209747314, 28650.0
4.793713808059692, 28650.0
4.835510730743408, 28650.0
4.877725839614868, 28650.0
4.919541835784912, 28650.0
4.961220741271973, 28650.0
5.003377914428711, 28650.0
5.044337749481201, 28650.0
5.084792852401733, 28650.0
5.125008821487427, 28650.0
5.165257930755615, 28650.0
5.205854892730713, 28650.0
5.2461419105529785, 28650.0
5.287355899810791, 28650.0
5.327820777893066, 28650.0
5.368239879608154, 28650.0
5.408451795578003, 28650.0
5.449073791503906, 28650.0
5.48969292640686, 28650.0
5.530117750167847, 28650.0
5.570479869842529, 28650.0
5.610745668411255, 28650.0
5.651197910308838, 28650.0
5.691674709320068, 28650.0
5.732167959213257, 28650.0
5.772357702255249, 28650.0
5.812708854675293, 28650.0
5.8530356884002686, 28650.0
5.893205881118774, 28650.0
5.933531761169434, 28650.0
5.973800897598267, 28650.0
6.014222860336304, 28650.0
6.055144786834717, 28650.0
6.097006797790527, 28650.0
6.137588977813721, 28650.0
6.1782777309417725, 28650.0
6.218631744384766, 28650.0
6.258790731430054, 28650.0
6.29905366897583, 28650.0
6.339293956756592, 28650.0
6.379453897476196, 28650.0
6.419792890548706, 28650.0
6.459978818893433, 28650.0
6.500144720077515, 28650.0
6.5404276847839355, 28650.0
6.580902814865112, 28650.0
6.621083736419678, 28650.0
6.6612749099731445, 28650.0
6.7015697956085205, 28650.0
6.741694927215576, 28650.0
6.78193473815918, 28650.0
6.8222057819366455, 28650.0
6.862613916397095, 28650.0
6.903197765350342, 28650.0
6.943920850753784, 28650.0
6.984246730804443, 28650.0
7.024642705917358, 28650.0
7.065118789672852, 28650.0
7.105536699295044, 28650.0
7.146198749542236, 28650.0
7.186851739883423, 28650.0
7.227290868759155, 28650.0
7.267791748046875, 28650.0
7.308138847351074, 28650.0
7.348472833633423, 28650.0
7.389049768447876, 28650.0
7.429402828216553, 28650.0
7.469688653945923, 28650.0
7.510331869125366, 28650.0
7.550894737243652, 28650.0
7.59139084815979, 28650.0
7.6319286823272705, 28650.0
7.672314882278442, 28650.0
7.712669849395752, 28650.0
7.752943754196167, 28650.0
7.793470859527588, 28650.0
7.833946704864502, 28650.0
7.874138832092285, 28650.0
7.914512872695923, 28650.0
7.954754829406738, 28650.0
7.995092868804932, 28650.0
8.035420894622803, 28650.0
8.075604915618896, 28650.0
8.116596937179565, 28650.0
