0.00011110305786132812, 3.0
0.00021696090698242188, 213.0
0.00032901763916015625, 265.0
0.0006368160247802734, 742.0
0.0007410049438476562, 836.0
0.0009448528289794922, 853.0
0.0016551017761230469, 1422.0
0.002363920211791992, 1619.0
0.005205869674682617, 1901.0
0.006264925003051758, 2478.0
0.009511947631835938, 3241.0
0.010440826416015625, 3494.0
0.011627912521362305, 4061.0
0.012279987335205078, 4504.0
0.04830598831176758, 4804.0
0.056416988372802734, 5217.0
0.05714297294616699, 5316.0
0.07284998893737793, 5563.0
0.07335805892944336, 6333.0
0.10622310638427734, 6374.0
0.13891196250915527, 6906.0
0.13901591300964355, 7706.0
0.13912010192871094, 8549.0
0.13982892036437988, 8840.0
0.1431879997253418, 9187.0
0.14329195022583008, 9887.0
0.14420700073242188, 10657.0
0.18768882751464844, 10877.0
0.19124984741210938, 11040.0
0.19185996055603027, 11201.0
0.19492101669311523, 11850.0
0.19523096084594727, 12781.0
0.20919084548950195, 13317.0
0.22384095191955566, 13480.0
0.233320951461792, 13869.0
0.236008882522583, 13939.0
0.23818707466125488, 14396.0
0.23885202407836914, 15285.0
0.31307291984558105, 15492.0
0.3372788429260254, 15724.0
0.3388040065765381, 16270.0
0.8767299652099609, 16705.0
1.4695758819580078, 16753.0
1.4718451499938965, 17014.0
1.4720540046691895, 17096.0
1.4740939140319824, 17285.0
1.5243048667907715, 17879.0
2.2002527713775635, 18391.0
2.2018909454345703, 18689.0
3.3239800930023193, 18793.0
3.3277769088745117, 18985.0
3.3335978984832764, 19399.0
3.3343138694763184, 20260.0
3.3369860649108887, 20611.0
4.193023920059204, 20685.0
4.193936109542847, 21326.0
4.195676803588867, 21452.0
4.21218204498291, 21772.0
4.212284803390503, 22218.0
4.2127931118011475, 22346.0
4.214518070220947, 22955.0
4.217304944992065, 23056.0
4.679120063781738, 23598.0
4.692927837371826, 24044.0
4.70290207862854, 24239.0
4.765027046203613, 24377.0
4.76920485496521, 24589.0
4.78250789642334, 25158.0
5.10306715965271, 25699.0
5.7542219161987305, 25956.0
5.811835765838623, 26000.0
5.912677049636841, 26093.0
5.993422031402588, 26658.0
