0.009903192520141602, 5429.0
0.018718242645263672, 5429.0
0.027762174606323242, 6527.0
0.03668212890625, 7168.0
0.04591536521911621, 7451.0
0.05500006675720215, 7678.0
0.06385517120361328, 8084.0
0.07253503799438477, 8216.0
0.08129620552062988, 8216.0
0.09002542495727539, 8525.0
0.09879326820373535, 8817.0
0.1075751781463623, 8817.0
0.11639928817749023, 8817.0
0.12558627128601074, 8817.0
0.13450336456298828, 8817.0
0.143402099609375, 8817.0
0.15231919288635254, 8817.0
0.16121816635131836, 9147.0
0.17022013664245605, 9147.0
0.17917799949645996, 9147.0
0.18814325332641602, 9147.0
0.1971292495727539, 9147.0
0.2060244083404541, 9147.0
0.21495723724365234, 9147.0
0.22415733337402344, 9147.0
0.23314714431762695, 9147.0
0.2421252727508545, 9147.0
0.2510521411895752, 9147.0
0.25998425483703613, 9147.0
0.26891231536865234, 9147.0
0.27782297134399414, 9147.0
0.2867441177368164, 9147.0
0.2956831455230713, 9147.0
0.30490541458129883, 9147.0
0.31412625312805176, 9147.0
0.32344722747802734, 9147.0
0.3326411247253418, 9147.0
0.3416142463684082, 9147.0
0.3505542278289795, 9147.0
0.35949230194091797, 9147.0
0.36843419075012207, 9147.0
0.3774101734161377, 9147.0
0.38632726669311523, 9147.0
0.39527225494384766, 9147.0
0.40421319007873535, 9147.0
0.41312313079833984, 9147.0
0.4221360683441162, 9147.0
0.43109130859375, 9147.0
0.44003939628601074, 9147.0
0.4489741325378418, 9147.0
0.4579191207885742, 9147.0
0.46688008308410645, 9147.0
0.4758284091949463, 9147.0
0.4847700595855713, 9147.0
0.49369335174560547, 9147.0
0.5026202201843262, 9147.0
0.5115461349487305, 9147.0
0.5204882621765137, 9147.0
0.5294592380523682, 9147.0
0.5384120941162109, 9147.0
0.547349214553833, 9147.0
0.5566730499267578, 9147.0
0.5660741329193115, 9147.0
0.5754654407501221, 9147.0
0.5848093032836914, 9147.0
0.5940213203430176, 9147.0
0.6032102108001709, 9147.0
0.6123602390289307, 9147.0
0.6216011047363281, 9147.0
0.6308150291442871, 9147.0
0.6400063037872314, 9147.0
0.649163007736206, 9147.0
0.6582720279693604, 9147.0
0.6674191951751709, 9147.0
0.6765892505645752, 9147.0
0.6857931613922119, 9147.0
0.69498610496521, 9147.0
0.7042722702026367, 9147.0
0.7134802341461182, 9147.0
0.7231643199920654, 9147.0
0.7327332496643066, 9147.0
0.7422621250152588, 9147.0
0.7517282962799072, 9147.0
0.7613933086395264, 9147.0
0.7707831859588623, 9147.0
0.7799322605133057, 9147.0
0.7891042232513428, 9147.0
0.7982363700866699, 9147.0
0.8073720932006836, 9147.0
0.8166971206665039, 9147.0
0.8259012699127197, 9147.0
0.8350951671600342, 9147.0
0.8442142009735107, 9147.0
0.8533360958099365, 9147.0
0.8624532222747803, 9147.0
0.8717432022094727, 9147.0
0.8810670375823975, 9147.0
0.8903172016143799, 9147.0
0.8994362354278564, 9147.0
0.9086031913757324, 9147.0
0.9177632331848145, 9147.0
0.9269802570343018, 9147.0
0.9362480640411377, 9147.0
0.9454312324523926, 9147.0
0.9546821117401123, 9147.0
0.9639191627502441, 9147.0
0.9731361865997314, 9147.0
0.9825782775878906, 9147.0
0.9919812679290771, 9147.0
1.0015232563018799, 9147.0
1.0108222961425781, 9147.0
1.0200412273406982, 9147.0
1.0292353630065918, 9147.0
1.0384902954101562, 9147.0
1.0478482246398926, 9147.0
1.0571613311767578, 9147.0
1.0664482116699219, 9147.0
1.0758233070373535, 9147.0
1.0853831768035889, 9147.0
1.0949592590332031, 9147.0
1.1044800281524658, 9147.0
1.1136112213134766, 9147.0
1.1226212978363037, 9147.0
1.131803274154663, 9147.0
1.1408193111419678, 9147.0
1.149792194366455, 9147.0
1.1587462425231934, 9147.0
1.1677062511444092, 9147.0
1.1766273975372314, 9147.0
1.1856131553649902, 9147.0
1.1945443153381348, 9147.0
1.2034862041473389, 9147.0
1.212407112121582, 9147.0
1.2213304042816162, 9147.0
1.2302703857421875, 9147.0
1.2392010688781738, 9147.0
1.2481331825256348, 9147.0
1.257082223892212, 9147.0
1.2660291194915771, 9147.0
1.2749881744384766, 9147.0
1.2839221954345703, 9147.0
1.292877197265625, 9147.0
1.30180025100708, 9147.0
1.3108532428741455, 9147.0
1.3198473453521729, 9147.0
1.3287889957427979, 9147.0
1.337768316268921, 9147.0
1.3470911979675293, 9147.0
1.356337308883667, 9147.0
1.3656492233276367, 9147.0
1.3750090599060059, 9147.0
1.3839561939239502, 9147.0
1.392970085144043, 9147.0
1.401900053024292, 9147.0
1.410865306854248, 9147.0
1.4198002815246582, 9147.0
1.4287233352661133, 9147.0
1.4376540184020996, 9147.0
1.4465992450714111, 9147.0
1.4555892944335938, 9147.0
1.4645261764526367, 9147.0
1.4734673500061035, 9147.0
1.482384204864502, 9147.0
1.4913301467895508, 9147.0
1.5002632141113281, 9147.0
1.5091850757598877, 9147.0
1.5181341171264648, 9147.0
1.5270671844482422, 9147.0
1.5360000133514404, 9147.0
1.5449142456054688, 9147.0
1.553835153579712, 9147.0
1.562751054763794, 9147.0
1.5716800689697266, 9147.0
1.5806331634521484, 9147.0
1.5895721912384033, 9147.0
1.5985071659088135, 9147.0
1.6074423789978027, 9147.0
1.6163861751556396, 9147.0
1.6255102157592773, 9147.0
1.6344780921936035, 9147.0
1.6434202194213867, 9147.0
1.6523852348327637, 9147.0
1.661299228668213, 9147.0
1.6702373027801514, 9147.0
1.6791582107543945, 9147.0
1.6880972385406494, 9147.0
1.6970293521881104, 9147.0
1.7059531211853027, 9147.0
1.7148911952972412, 9147.0
1.7239511013031006, 9147.0
1.7330892086029053, 9147.0
1.7420341968536377, 9147.0
1.7511920928955078, 9147.0
1.760115385055542, 9147.0
1.7691891193389893, 9147.0
1.7784950733184814, 9147.0
1.7876272201538086, 9147.0
1.7967653274536133, 9147.0
1.8059263229370117, 9147.0
1.8151061534881592, 9147.0
1.82436203956604, 9147.0
