0.0001049041748046875, 142.0
0.00020694732666015625, 901.0
0.00030684471130371094, 1325.0
0.00040793418884277344, 1826.0
0.0005078315734863281, 2552.0
0.0009059906005859375, 3029.0
0.00220489501953125, 3241.0
0.0025038719177246094, 3965.0
0.002702951431274414, 4735.0
0.005688905715942383, 5687.0
0.007295846939086914, 6543.0
0.011546134948730469, 7362.0
0.011647939682006836, 8186.0
0.011952877044677734, 8473.0
0.01205587387084961, 8683.0
0.012379884719848633, 8936.0
0.013099908828735352, 9736.0
0.028537988662719727, 9938.0
0.04614400863647461, 10088.0
0.04764580726623535, 10545.0
0.0495600700378418, 10671.0
0.05436587333679199, 11001.0
0.05585598945617676, 11207.0
0.057659149169921875, 11867.0
0.09003090858459473, 12099.0
0.10236692428588867, 12214.0
0.10306286811828613, 12935.0
0.11145997047424316, 13225.0
0.11965203285217285, 13447.0
0.17969202995300293, 13831.0
0.1799929141998291, 13928.0
0.1920628547668457, 14181.0
0.30182695388793945, 14688.0
0.39791393280029297, 14772.0
0.40523290634155273, 14918.0
0.4274899959564209, 15527.0
0.4425787925720215, 15949.0
0.679527759552002, 15998.0
0.682898759841919, 16120.0
0.7465219497680664, 16269.0
0.7932908535003662, 16974.0
0.7933948040008545, 17833.0
0.7960469722747803, 18153.0
2.283302068710327, 18390.0
2.2924997806549072, 18462.0
2.292603015899658, 18681.0
3.192999839782715, 18726.0
3.193613052368164, 19450.0
3.1956400871276855, 20152.0
3.1981711387634277, 20431.0
3.2095401287078857, 20492.0
3.2124228477478027, 20673.0
3.6604509353637695, 20740.0
3.6605679988861084, 20853.0
3.6607918739318848, 21451.0
3.662945032119751, 21857.0
3.688459873199463, 22346.0
3.691787004470825, 23012.0
4.121407985687256, 23076.0
4.1496360301971436, 23151.0
4.168514013290405, 23153.0
4.488539934158325, 23682.0
4.676599979400635, 23747.0
4.695054054260254, 24190.0
4.803004741668701, 24276.0
4.803513050079346, 25230.0
4.806128740310669, 25676.0
5.8149919509887695, 25797.0
5.914797067642212, 25874.0
