3.1948089599609375e-05, 766.0
0.0001938343048095703, 1674.0
0.00041675567626953125, 2465.0
0.002168893814086914, 3148.0
0.0021898746490478516, 3487.0
0.002546072006225586, 3627.0
0.0028438568115234375, 4084.0
0.0046291351318359375, 4106.0
0.006972074508666992, 4504.0
0.006994009017944336, 4923.0
0.007413148880004883, 5420.0
0.007719993591308594, 5558.0
0.009850025177001953, 5809.0
0.009959936141967773, 6390.0
0.010368824005126953, 6959.0
0.04097104072570801, 7360.0
0.3793809413909912, 7761.0
0.5784358978271484, 8017.0
0.6298677921295166, 8426.0
0.6305108070373535, 8657.0
0.8109209537506104, 8810.0
0.8138787746429443, 8940.0
