0.04983687400817871, 11032.0
0.08810281753540039, 11032.0
0.12597990036010742, 12064.0
0.16401290893554688, 12590.0
0.20214295387268066, 13534.0
0.2406458854675293, 13534.0
0.27910494804382324, 15243.0
0.3178248405456543, 17027.0
0.35610079765319824, 17027.0
0.39486193656921387, 17478.0
0.4353189468383789, 19232.0
0.47426390647888184, 19232.0
0.5129108428955078, 19232.0
0.5528059005737305, 20110.0
0.5915818214416504, 21357.0
0.6312670707702637, 21409.0
0.6706759929656982, 22335.0
0.7102787494659424, 22335.0
0.7497708797454834, 22540.0
0.7890288829803467, 22962.0
0.8282968997955322, 23582.0
0.8676600456237793, 24095.0
0.9070878028869629, 25171.0
0.9465138912200928, 25615.0
0.9859528541564941, 25615.0
1.026249885559082, 25672.0
1.066269874572754, 25672.0
1.1064128875732422, 25672.0
1.1465108394622803, 25958.0
1.1866726875305176, 26324.0
1.227065086364746, 26830.0
1.2673778533935547, 27451.0
1.3078398704528809, 27482.0
1.348301887512207, 27482.0
1.3886818885803223, 27586.0
1.428764820098877, 27586.0
1.4692208766937256, 27923.0
1.50968599319458, 28109.0
1.5502588748931885, 28109.0
1.5907859802246094, 28109.0
1.6312599182128906, 28173.0
1.6717376708984375, 28219.0
1.7123758792877197, 28311.0
1.752558946609497, 28335.0
1.7927989959716797, 28335.0
1.8330700397491455, 28450.0
1.873182773590088, 28450.0
1.9134759902954102, 28450.0
1.9538967609405518, 28450.0
1.9943838119506836, 28450.0
2.035686731338501, 28490.0
2.0765249729156494, 28490.0
2.1168389320373535, 28490.0
2.1570849418640137, 28503.0
2.1972830295562744, 28503.0
2.237553834915161, 28618.0
2.27803373336792, 28618.0
2.318434953689575, 28618.0
2.358649730682373, 28618.0
2.398818016052246, 28618.0
2.4390697479248047, 28618.0
2.4791910648345947, 28618.0
2.519359827041626, 28618.0
2.5595409870147705, 28618.0
2.5998198986053467, 28618.0
2.640368700027466, 28618.0
2.680696964263916, 28618.0
2.7207627296447754, 28618.0
2.7608277797698975, 28618.0
2.8009748458862305, 28618.0
2.8410959243774414, 28618.0
2.8810508251190186, 28618.0
2.9224588871002197, 28618.0
2.9628007411956787, 28618.0
3.0033228397369385, 28618.0
3.0434858798980713, 28618.0
3.0836498737335205, 28618.0
3.1239500045776367, 28618.0
3.164198875427246, 28618.0
3.204463005065918, 28618.0
3.244586944580078, 28618.0
3.285146713256836, 28618.0
3.3254079818725586, 28618.0
3.3663060665130615, 28618.0
3.4077696800231934, 28618.0
3.449115753173828, 28618.0
3.490463972091675, 28618.0
3.533259868621826, 28618.0
3.5758988857269287, 28618.0
3.617102861404419, 28618.0
3.658444881439209, 28618.0
3.6996989250183105, 28618.0
3.740978956222534, 28618.0
3.782874822616577, 28618.0
3.8247270584106445, 28618.0
3.866126775741577, 28618.0
3.9081950187683105, 28618.0
3.948464870452881, 28618.0
3.988341808319092, 28618.0
4.028264760971069, 28618.0
4.068943738937378, 28618.0
4.109156847000122, 28618.0
4.149040699005127, 28618.0
4.19001579284668, 28618.0
4.229902029037476, 28618.0
4.2697319984436035, 28618.0
4.3099939823150635, 28618.0
4.349856853485107, 28618.0
4.390171766281128, 28618.0
4.43035888671875, 28618.0
4.470223665237427, 28618.0
4.510105848312378, 28618.0
4.550387859344482, 28618.0
4.590686798095703, 28618.0
4.630758762359619, 28618.0
4.670602798461914, 28618.0
4.710566759109497, 28618.0
4.750855922698975, 28618.0
4.7907328605651855, 28618.0
4.830678939819336, 28618.0
4.870507001876831, 28618.0
4.911204814910889, 28618.0
4.95220685005188, 28618.0
4.99324107170105, 28618.0
5.034150838851929, 28618.0
5.075738906860352, 28618.0
5.117818832397461, 28618.0
5.159358978271484, 28618.0
5.200601816177368, 28618.0
5.242632865905762, 28618.0
5.28469181060791, 28618.0
5.327261924743652, 28618.0
5.369574785232544, 28618.0
5.412089824676514, 28618.0
5.4565160274505615, 28618.0
5.497392892837524, 28618.0
5.537917852401733, 28618.0
5.578610897064209, 28618.0
5.618910789489746, 28618.0
5.659395933151245, 28618.0
5.700785875320435, 28618.0
5.7413928508758545, 28618.0
5.782124996185303, 28618.0
5.822800874710083, 28618.0
5.863081932067871, 28618.0
5.90381383895874, 28618.0
5.944340944290161, 28618.0
5.984890699386597, 28618.0
6.025352954864502, 28618.0
6.066266775131226, 28618.0
6.10794997215271, 28618.0
6.149072885513306, 28618.0
6.189424753189087, 28618.0
6.230218887329102, 28618.0
6.270745754241943, 28618.0
6.311415910720825, 28618.0
6.352151870727539, 28618.0
6.392413854598999, 28618.0
6.433207035064697, 28618.0
6.473798751831055, 28618.0
6.5140368938446045, 28618.0
6.5542309284210205, 28618.0
6.594411849975586, 28618.0
6.634575843811035, 28618.0
6.6752588748931885, 28618.0
6.715444803237915, 28618.0
6.755664825439453, 28618.0
6.7958948612213135, 28618.0
6.836270093917847, 28618.0
6.8764238357543945, 28618.0
6.91657280921936, 28618.0
6.956741809844971, 28618.0
6.996900796890259, 28618.0
7.036942005157471, 28618.0
7.0772459506988525, 28618.0
7.1173319816589355, 28618.0
7.157534837722778, 28618.0
7.197662830352783, 28618.0
7.23774790763855, 28618.0
7.277785778045654, 28618.0
7.317965030670166, 28618.0
7.358106851577759, 28618.0
7.398175001144409, 28618.0
7.43874979019165, 28618.0
7.479554891586304, 28618.0
7.519551992416382, 28618.0
7.559753894805908, 28618.0
7.599726915359497, 28618.0
7.640182018280029, 28618.0
7.680286884307861, 28618.0
7.720412731170654, 28618.0
7.760313034057617, 28618.0
7.800482988357544, 28618.0
7.840595960617065, 28618.0
7.880724906921387, 28618.0
7.920769929885864, 28618.0
7.960875034332275, 28618.0
8.001237869262695, 28618.0
8.041462898254395, 28618.0
8.08195686340332, 28618.0
8.122905015945435, 28618.0
