0.01012110710144043, 5259.0
0.01873493194580078, 5776.0
0.027489185333251953, 5880.0
0.036477088928222656, 6467.0
0.045510053634643555, 6904.0
0.05449509620666504, 7540.0
0.06335902214050293, 8420.0
0.07227611541748047, 8420.0
0.0812528133392334, 8638.0
0.0903480052947998, 8781.0
0.09941792488098145, 8781.0
0.10863900184631348, 8788.0
0.11780095100402832, 9147.0
0.1269369125366211, 9147.0
0.13608598709106445, 9147.0
0.14523601531982422, 9147.0
0.15437698364257812, 9147.0
0.16359686851501465, 9147.0
0.17274808883666992, 9147.0
0.1819310188293457, 9147.0
0.1911330223083496, 9147.0
0.20026707649230957, 9147.0
0.20942902565002441, 9147.0
0.21866989135742188, 9147.0
0.22785377502441406, 9147.0
0.23721098899841309, 9147.0
0.24648618698120117, 9147.0
0.2557408809661865, 9147.0
0.2651500701904297, 9147.0
0.2744331359863281, 9147.0
0.28371310234069824, 9147.0
0.2929518222808838, 9147.0
0.3022952079772949, 9147.0
0.31160402297973633, 9147.0
0.3208789825439453, 9147.0
0.33013296127319336, 9147.0
0.33953213691711426, 9147.0
0.3490169048309326, 9147.0
0.35838913917541504, 9147.0
0.3677031993865967, 9147.0
0.37714099884033203, 9147.0
0.38649821281433105, 9147.0
0.39573001861572266, 9147.0
0.40490102767944336, 9147.0
0.41413402557373047, 9147.0
0.4234151840209961, 9147.0
0.43279099464416504, 9147.0
0.4421970844268799, 9147.0
0.4515101909637451, 9147.0
0.46085691452026367, 9147.0
0.4703218936920166, 9147.0
0.479478120803833, 9147.0
0.4885079860687256, 9147.0
0.49750685691833496, 9147.0
0.5066099166870117, 9147.0
0.5156440734863281, 9147.0
0.5246639251708984, 9147.0
0.5336761474609375, 9147.0
0.5426959991455078, 9147.0
0.5517199039459229, 9147.0
0.560758113861084, 9147.0
0.5697758197784424, 9147.0
0.5787820816040039, 9147.0
0.5878109931945801, 9147.0
0.596815824508667, 9147.0
0.6058518886566162, 9147.0
0.6148219108581543, 9147.0
0.6237740516662598, 9147.0
0.6327378749847412, 9147.0
0.6417059898376465, 9147.0
0.6506671905517578, 9147.0
0.6596310138702393, 9147.0
0.6686007976531982, 9147.0
0.677562952041626, 9147.0
0.6865129470825195, 9147.0
0.6958789825439453, 9147.0
0.7050409317016602, 9147.0
0.7143609523773193, 9147.0
0.7235469818115234, 9147.0
0.7328610420227051, 9147.0
0.7421278953552246, 9147.0
0.7510957717895508, 9147.0
0.7600541114807129, 9147.0
0.7690598964691162, 9147.0
0.7780609130859375, 9147.0
0.7870049476623535, 9147.0
0.7960221767425537, 9147.0
0.8051531314849854, 9147.0
0.8141708374023438, 9147.0
0.8231618404388428, 9147.0
0.8321239948272705, 9147.0
0.8410718441009521, 9147.0
0.8500218391418457, 9147.0
0.8589708805084229, 9147.0
0.8679220676422119, 9147.0
0.8768661022186279, 9147.0
0.885822057723999, 9147.0
0.8947679996490479, 9147.0
0.9037210941314697, 9147.0
0.9126758575439453, 9147.0
0.9216399192810059, 9147.0
0.9305789470672607, 9147.0
0.939640998840332, 9147.0
0.948693037033081, 9147.0
0.9576311111450195, 9147.0
0.9666049480438232, 9147.0
0.9755620956420898, 9147.0
0.9845221042633057, 9147.0
0.993494987487793, 9147.0
1.0024430751800537, 9147.0
1.0114068984985352, 9147.0
1.020449161529541, 9147.0
1.0294630527496338, 9147.0
1.038388967514038, 9147.0
1.0473458766937256, 9147.0
1.0562961101531982, 9147.0
1.0652379989624023, 9147.0
1.0741899013519287, 9147.0
1.083146095275879, 9147.0
1.0920870304107666, 9147.0
1.1010289192199707, 9147.0
1.109968900680542, 9147.0
1.118913173675537, 9147.0
1.1278610229492188, 9147.0
1.1367850303649902, 9147.0
1.1457390785217285, 9147.0
1.1546781063079834, 9147.0
1.163620948791504, 9147.0
1.172584056854248, 9147.0
1.1815199851989746, 9147.0
1.1904568672180176, 9147.0
1.1994330883026123, 9147.0
1.2083899974822998, 9147.0
1.2173190116882324, 9147.0
1.2262580394744873, 9147.0
1.2352001667022705, 9147.0
1.2441318035125732, 9147.0
1.2530779838562012, 9147.0
1.2620160579681396, 9147.0
1.2709479331970215, 9147.0
1.2798700332641602, 9147.0
1.2890870571136475, 9147.0
1.2986400127410889, 9147.0
1.3080799579620361, 9147.0
1.3174831867218018, 9147.0
1.3266141414642334, 9147.0
1.3357529640197754, 9147.0
1.3449409008026123, 9147.0
1.3540959358215332, 9147.0
1.3638038635253906, 9147.0
1.3730840682983398, 9147.0
1.3823051452636719, 9147.0
1.3915019035339355, 9147.0
1.4007890224456787, 9147.0
1.410146951675415, 9147.0
1.4193329811096191, 9147.0
1.4285149574279785, 9147.0
1.4376730918884277, 9147.0
1.4469070434570312, 9147.0
1.4561810493469238, 9147.0
1.465338945388794, 9147.0
1.474642038345337, 9147.0
1.4838449954986572, 9147.0
1.4929859638214111, 9147.0
1.5021209716796875, 9147.0
1.511244773864746, 9147.0
1.520359992980957, 9147.0
1.5295100212097168, 9147.0
1.5386362075805664, 9147.0
1.5477569103240967, 9147.0
1.5568900108337402, 9147.0
1.5660150051116943, 9147.0
1.5751428604125977, 9147.0
1.5842771530151367, 9147.0
1.5933997631072998, 9147.0
1.602524995803833, 9147.0
1.6116559505462646, 9147.0
1.6207990646362305, 9147.0
1.6300609111785889, 9147.0
1.6392347812652588, 9147.0
1.6484088897705078, 9147.0
1.657642126083374, 9147.0
1.6668519973754883, 9147.0
1.6760621070861816, 9147.0
1.685271978378296, 9147.0
1.694493055343628, 9147.0
1.703725814819336, 9147.0
1.712928056716919, 9147.0
1.7221169471740723, 9147.0
1.7315101623535156, 9147.0
1.740727186203003, 9147.0
1.749932050704956, 9147.0
1.759140968322754, 9147.0
1.7685368061065674, 9147.0
1.7777860164642334, 9147.0
1.787255048751831, 9147.0
1.7966930866241455, 9147.0
1.8063178062438965, 9147.0
1.815669059753418, 9147.0
1.8252208232879639, 9147.0
1.8343100547790527, 9147.0
