2.7894973754882812e-05, 401.0
4.982948303222656e-05, 495.0
0.0001499652862548828, 851.0
0.0002701282501220703, 1492.0
0.0004940032958984375, 1949.0
0.0009999275207519531, 2479.0
0.0010821819305419922, 2592.0
0.0011441707611083984, 2773.0
0.0016970634460449219, 2909.0
0.0017390251159667969, 3609.0
0.004633188247680664, 4179.0
0.0059661865234375, 4422.0
0.006008148193359375, 5020.0
0.006112098693847656, 5951.0
0.006457090377807617, 6534.0
0.006659030914306641, 6775.0
0.0068438053131103516, 7566.0
0.1578381061553955, 7574.0
0.2396869659423828, 8115.0
0.23996400833129883, 8713.0
