0.009863853454589844, 5182.0
0.018544912338256836, 5804.0
0.027165889739990234, 6957.0
0.0357818603515625, 6957.0
0.04443788528442383, 8096.0
0.05302715301513672, 8096.0
0.061656951904296875, 8472.0
0.07034182548522949, 8472.0
0.07908391952514648, 8549.0
0.0878610610961914, 8549.0
0.09676909446716309, 8549.0
0.10567808151245117, 8990.0
0.11456513404846191, 8990.0
0.12345290184020996, 8990.0
0.13241076469421387, 8990.0
0.1413288116455078, 8990.0
0.15027785301208496, 8990.0
0.15919113159179688, 8990.0
0.16811394691467285, 9147.0
0.1773519515991211, 9147.0
0.1866779327392578, 9147.0
0.19594120979309082, 9147.0
0.20554590225219727, 9147.0
0.21455883979797363, 9147.0
0.22355103492736816, 9147.0
0.23254799842834473, 9147.0
0.241926908493042, 9147.0
0.2512331008911133, 9147.0
0.2606830596923828, 9147.0
0.26994776725769043, 9147.0
0.2791481018066406, 9147.0
0.28841090202331543, 9147.0
0.2975649833679199, 9147.0
0.30693602561950684, 9147.0
0.3163299560546875, 9147.0
0.32556581497192383, 9147.0
0.3346219062805176, 9147.0
0.3438231945037842, 9147.0
0.35308098793029785, 9147.0
0.3622629642486572, 9147.0
0.37135887145996094, 9147.0
0.380418062210083, 9147.0
0.3895230293273926, 9147.0
0.3986680507659912, 9147.0
0.40778183937072754, 9147.0
0.4168410301208496, 9147.0
0.4258689880371094, 9147.0
0.43485212326049805, 9147.0
0.44386982917785645, 9147.0
0.4528319835662842, 9147.0
0.46186017990112305, 9147.0
0.47096705436706543, 9147.0
0.4801650047302246, 9147.0
0.48920297622680664, 9147.0
0.49829602241516113, 9147.0
0.5073888301849365, 9147.0
0.5164310932159424, 9147.0
0.5254871845245361, 9147.0
0.5345509052276611, 9147.0
0.5436079502105713, 9147.0
0.55265212059021, 9147.0
0.5617320537567139, 9147.0
0.5707981586456299, 9147.0
0.5798568725585938, 9147.0
0.588939905166626, 9147.0
0.5982959270477295, 9147.0
0.6075608730316162, 9147.0
0.6169149875640869, 9147.0
0.626147985458374, 9147.0
0.6353590488433838, 9147.0
0.644629955291748, 9147.0
0.653972864151001, 9147.0
0.6631700992584229, 9147.0
0.6723079681396484, 9147.0
0.6814849376678467, 9147.0
0.6905930042266846, 9147.0
0.6996479034423828, 9147.0
0.70859694480896, 9147.0
0.7175710201263428, 9147.0
0.7265658378601074, 9147.0
0.7355499267578125, 9147.0
0.7445459365844727, 9147.0
0.7535948753356934, 9147.0
0.7626509666442871, 9147.0
0.7716858386993408, 9147.0
0.7808959484100342, 9147.0
0.7900140285491943, 9147.0
0.7991979122161865, 9147.0
0.8083429336547852, 9147.0
0.8174259662628174, 9147.0
0.8265199661254883, 9147.0
0.8355319499969482, 9147.0
0.8446660041809082, 9147.0
0.8538129329681396, 9147.0
0.8628919124603271, 9147.0
0.8721888065338135, 9147.0
0.8814129829406738, 9147.0
0.8907032012939453, 9147.0
0.8999941349029541, 9147.0
0.9093389511108398, 9147.0
0.9187140464782715, 9147.0
0.9281799793243408, 9147.0
0.9376370906829834, 9147.0
0.9471340179443359, 9147.0
0.9566619396209717, 9147.0
0.9662110805511475, 9147.0
0.9756951332092285, 9147.0
0.9852368831634521, 9147.0
0.9946138858795166, 9147.0
1.003910779953003, 9147.0
1.0133419036865234, 9147.0
1.0227818489074707, 9147.0
1.0322859287261963, 9147.0
1.0417659282684326, 9147.0
1.0510809421539307, 9147.0
1.0604679584503174, 9147.0
1.0698509216308594, 9147.0
1.07920503616333, 9147.0
1.0885539054870605, 9147.0
1.0977749824523926, 9147.0
1.1069669723510742, 9147.0
1.1161510944366455, 9147.0
1.1252799034118652, 9147.0
1.1344449520111084, 9147.0
1.143599033355713, 9147.0
1.1526639461517334, 9147.0
1.1617729663848877, 9147.0
1.170915126800537, 9147.0
1.1800141334533691, 9147.0
1.1891188621520996, 9147.0
1.1982049942016602, 9147.0
1.2073111534118652, 9147.0
1.216392993927002, 9147.0
1.2255070209503174, 9147.0
1.2346508502960205, 9147.0
1.2437679767608643, 9147.0
1.2528698444366455, 9147.0
1.26202392578125, 9147.0
1.2710859775543213, 9147.0
1.2802150249481201, 9147.0
1.2897789478302002, 9147.0
1.2993788719177246, 9147.0
1.3093929290771484, 9147.0
1.3194680213928223, 9147.0
1.3289999961853027, 9147.0
1.338543176651001, 9147.0
1.348067045211792, 9147.0
1.358778953552246, 9147.0
1.3685061931610107, 9147.0
1.3781299591064453, 9147.0
1.3877370357513428, 9147.0
1.397320032119751, 9147.0
1.406897783279419, 9147.0
1.4164600372314453, 9147.0
1.426074743270874, 9147.0
1.4357020854949951, 9147.0
1.4452641010284424, 9147.0
1.4550378322601318, 9147.0
1.4648308753967285, 9147.0
1.4745121002197266, 9147.0
1.4843149185180664, 9147.0
1.4943978786468506, 9147.0
1.5043070316314697, 9147.0
1.5139949321746826, 9147.0
1.523378849029541, 9147.0
1.5327129364013672, 9147.0
1.5421178340911865, 9147.0
1.5514140129089355, 9147.0
1.5607340335845947, 9147.0
1.5699899196624756, 9147.0
1.5793380737304688, 9147.0
1.588590145111084, 9147.0
1.5979340076446533, 9147.0
1.6072709560394287, 9147.0
1.6165051460266113, 9147.0
1.625722885131836, 9147.0
1.6349780559539795, 9147.0
1.6442430019378662, 9147.0
1.6535649299621582, 9147.0
1.6629581451416016, 9147.0
1.6722948551177979, 9147.0
1.6817419528961182, 9147.0
1.6910789012908936, 9147.0
1.700376033782959, 9147.0
1.7098748683929443, 9147.0
1.719383955001831, 9147.0
1.7288620471954346, 9147.0
1.7384669780731201, 9147.0
1.7479538917541504, 9147.0
1.7575931549072266, 9147.0
1.767341136932373, 9147.0
1.777040958404541, 9147.0
1.7866339683532715, 9147.0
1.7963049411773682, 9147.0
1.8058910369873047, 9147.0
1.8157649040222168, 9147.0
1.8258328437805176, 9147.0
1.8355598449707031, 9147.0
1.8453049659729004, 9147.0
1.854888916015625, 9147.0
1.8643689155578613, 9147.0
