0.00011110305786132812, 149.0
0.00021386146545410156, 179.0
0.0003170967102050781, 265.0
0.0004210472106933594, 446.0
0.0008261203765869141, 1354.0
0.0010290145874023438, 2078.0
0.0014309883117675781, 2848.0
0.0017352104187011719, 3574.0
0.0026540756225585938, 4051.0
0.004865884780883789, 4333.0
0.006073951721191406, 4790.0
0.013070106506347656, 4975.0
0.0135650634765625, 4980.0
0.02770709991455078, 5473.0
0.04871010780334473, 5531.0
0.05303382873535156, 6063.0
0.07015800476074219, 6689.0
0.07553720474243164, 6711.0
0.07584714889526367, 7481.0
0.07595205307006836, 8205.0
0.07750701904296875, 8996.0
0.07895803451538086, 9878.0
0.08207297325134277, 10335.0
0.08311009407043457, 10397.0
0.09426307678222656, 10426.0
0.09561014175415039, 11337.0
0.1043400764465332, 11365.0
0.10527300834655762, 11656.0
0.11005711555480957, 12028.0
0.11047101020812988, 12472.0
0.2694098949432373, 12666.0
0.2696192264556885, 12861.0
0.27107906341552734, 13338.0
0.27584195137023926, 13772.0
0.2761540412902832, 14715.0
0.31262993812561035, 14765.0
0.3159511089324951, 14839.0
0.3265371322631836, 15199.0
0.3360099792480469, 15576.0
0.3401780128479004, 15837.0
0.3470492362976074, 15892.0
0.34932899475097656, 16318.0
0.519913911819458, 16633.0
0.5204341411590576, 16915.0
0.5216858386993408, 17017.0
0.7326991558074951, 17025.0
0.8030052185058594, 17472.0
0.8034238815307617, 17667.0
0.8126928806304932, 17977.0
3.074902057647705, 18228.0
3.278381109237671, 18647.0
3.2945609092712402, 19138.0
3.2953362464904785, 19371.0
3.297903060913086, 20259.0
3.4893059730529785, 20263.0
3.4902570247650146, 20872.0
4.159616947174072, 21417.0
4.161807060241699, 21530.0
4.46462607383728, 22121.0
4.578745126724243, 22215.0
4.607230186462402, 22703.0
4.6096110343933105, 22956.0
4.617180109024048, 23052.0
4.618012189865112, 23101.0
4.619364023208618, 23767.0
4.682629108428955, 23797.0
4.694031000137329, 24110.0
4.978178977966309, 24890.0
5.081127166748047, 25084.0
5.104882001876831, 25186.0
5.10802698135376, 25408.0
5.238626956939697, 25636.0
5.480935096740723, 26308.0
5.496335029602051, 26391.0
5.497514009475708, 26401.0
5.543139934539795, 26497.0
5.839572906494141, 26593.0
5.852330923080444, 26788.0
6.1879799365997314, 26812.0
