0.05030989646911621, 9837.0
0.08905720710754395, 10080.0
0.12711405754089355, 11623.0
0.16531586647033691, 11918.0
0.2035841941833496, 13127.0
0.24185705184936523, 16245.0
0.28030920028686523, 16783.0
0.31882405281066895, 16865.0
0.35750508308410645, 17539.0
0.3962671756744385, 18943.0
0.43517184257507324, 19061.0
0.4741981029510498, 19804.0
0.5132291316986084, 20463.0
0.5523762702941895, 20767.0
0.5919198989868164, 21314.0
0.6342670917510986, 21434.0
0.6750988960266113, 21434.0
0.71657395362854, 22407.0
0.7577481269836426, 22469.0
0.7975990772247314, 23454.0
0.8375840187072754, 23454.0
0.8774559497833252, 23543.0
0.9174590110778809, 23728.0
0.9574790000915527, 25202.0
0.9983460903167725, 25202.0
1.1225230693817139, 25202.0
1.1627531051635742, 25464.0
1.2030951976776123, 25497.0
1.243441104888916, 26358.0
1.283851146697998, 26358.0
1.324185848236084, 26358.0
1.3645179271697998, 26358.0
1.404832124710083, 26475.0
1.445207118988037, 27159.0
1.4856820106506348, 27159.0
1.5260391235351562, 27159.0
1.5665020942687988, 27159.0
1.6069810390472412, 27281.0
1.6474409103393555, 27286.0
1.687964916229248, 27286.0
1.7285792827606201, 27682.0
1.7691709995269775, 27737.0
1.8096678256988525, 27737.0
1.8503460884094238, 27737.0
1.8911042213439941, 27808.0
1.931879997253418, 27808.0
1.9726381301879883, 27950.0
2.0133090019226074, 28334.0
2.0539259910583496, 28354.0
2.0945281982421875, 28448.0
2.136423110961914, 28448.0
2.1769979000091553, 28618.0
2.217592239379883, 28618.0
2.2582430839538574, 28618.0
2.2987630367279053, 28618.0
2.3392181396484375, 28619.0
2.37973690032959, 28619.0
2.4202170372009277, 28708.0
2.462454080581665, 28708.0
2.5031850337982178, 28708.0
2.5438668727874756, 28708.0
2.5852949619293213, 28708.0
2.6260039806365967, 28708.0
2.6667680740356445, 28708.0
2.7074639797210693, 28708.0
2.74857497215271, 28708.0
2.7893781661987305, 28834.0
2.83001708984375, 28834.0
2.870227098464966, 28834.0
2.91109299659729, 28834.0
2.951730966567993, 28834.0
2.992427110671997, 28834.0
3.0331289768218994, 28834.0
3.074307918548584, 28834.0
3.1149070262908936, 28834.0
3.1555778980255127, 28834.0
3.1962761878967285, 28834.0
3.236975908279419, 28834.0
3.278856039047241, 28834.0
3.321070909500122, 28834.0
3.363030195236206, 28834.0
3.405419111251831, 28834.0
3.448262929916382, 28834.0
3.4893410205841064, 28834.0
3.530503034591675, 28834.0
3.5715038776397705, 28834.0
3.6129469871520996, 28834.0
3.6541881561279297, 28834.0
3.696054220199585, 28834.0
3.7388622760772705, 28834.0
3.7818591594696045, 28834.0
3.824100971221924, 28834.0
3.864828109741211, 28834.0
3.90535306930542, 28834.0
3.9461121559143066, 28834.0
3.9868621826171875, 28834.0
4.027722120285034, 28834.0
4.069085121154785, 28834.0
4.1102941036224365, 28834.0
4.151715278625488, 28834.0
4.193098068237305, 28834.0
4.234028100967407, 28834.0
4.27476692199707, 28834.0
4.315712213516235, 28834.0
4.356781244277954, 28834.0
4.398008823394775, 28834.0
4.438960075378418, 28834.0
4.479832887649536, 28834.0
4.520719051361084, 28834.0
4.561489105224609, 28834.0
4.602372884750366, 28834.0
4.642979860305786, 28834.0
4.683696985244751, 28834.0
4.724793910980225, 28834.0
4.766658067703247, 28834.0
4.808461904525757, 28834.0
4.850091218948364, 28834.0
4.892277002334595, 28834.0
4.93472695350647, 28834.0
4.976809978485107, 28834.0
5.01853609085083, 28834.0
5.060354232788086, 28834.0
5.102122068405151, 28834.0
5.144010066986084, 28834.0
5.186624050140381, 28834.0
5.229001045227051, 28834.0
5.2713282108306885, 28834.0
5.312475919723511, 28834.0
5.3537280559539795, 28834.0
5.394670248031616, 28834.0
5.435976028442383, 28834.0
5.476808071136475, 28834.0
5.518761157989502, 28834.0
5.559743165969849, 28834.0
5.6007161140441895, 28834.0
5.6416850090026855, 28834.0
5.682561159133911, 28834.0
5.723468065261841, 28834.0
5.764726161956787, 28834.0
5.805650949478149, 28834.0
5.846704006195068, 28834.0
5.887736082077026, 28834.0
5.928737163543701, 28834.0
5.969570159912109, 28834.0
6.010107040405273, 28834.0
6.050998210906982, 28834.0
6.091509103775024, 28834.0
6.133109092712402, 28834.0
6.174262046813965, 28834.0
6.21639609336853, 28834.0
6.257335186004639, 28834.0
6.2982261180877686, 28834.0
6.338713884353638, 28834.0
6.379564046859741, 28834.0
6.420107126235962, 28834.0
6.460923910140991, 28834.0
6.501893997192383, 28834.0
6.5427610874176025, 28834.0
6.5835161209106445, 28834.0
6.624329090118408, 28834.0
6.664828062057495, 28834.0
6.705693006515503, 28834.0
6.7463929653167725, 28834.0
6.787105083465576, 28834.0
6.827728033065796, 28834.0
6.868621110916138, 28834.0
6.909603834152222, 28834.0
6.950369119644165, 28834.0
6.990921974182129, 28834.0
7.031540155410767, 28834.0
7.072076082229614, 28834.0
7.11285400390625, 28834.0
7.153892993927002, 28834.0
7.194829225540161, 28834.0
7.235807180404663, 28834.0
7.276829957962036, 28834.0
7.317616939544678, 28834.0
7.358215093612671, 28834.0
7.398936986923218, 28834.0
7.439502954483032, 28834.0
7.48158597946167, 28834.0
7.5226829051971436, 28834.0
7.563319206237793, 28834.0
7.604538917541504, 28834.0
7.645682096481323, 28834.0
7.686581134796143, 28834.0
7.727595090866089, 28834.0
7.769093036651611, 28834.0
7.809985160827637, 28834.0
7.850828170776367, 28834.0
7.8917388916015625, 28834.0
7.932184934616089, 28834.0
7.973042011260986, 28834.0
8.014071226119995, 28834.0
8.054646015167236, 28834.0
8.095999002456665, 28834.0
8.136913061141968, 28834.0
8.177389144897461, 28834.0
8.218509912490845, 28834.0
8.260008096694946, 28834.0
8.30047607421875, 28834.0
