0.009940862655639648, 6344.0
0.018825769424438477, 6344.0
0.027997732162475586, 6744.0
0.03706479072570801, 7930.0
0.04628491401672363, 8730.0
0.055552005767822266, 8730.0
0.06493091583251953, 8730.0
0.0741269588470459, 8730.0
0.08338499069213867, 8730.0
0.0928659439086914, 8730.0
0.10241580009460449, 8730.0
0.11196684837341309, 9147.0
0.12146687507629395, 9147.0
0.13103675842285156, 9147.0
0.1403818130493164, 9147.0
0.1498548984527588, 9147.0
0.1591479778289795, 9147.0
0.16843795776367188, 9147.0
0.17755579948425293, 9147.0
0.18659090995788574, 9147.0
0.19565677642822266, 9147.0
0.20479083061218262, 9147.0
0.21408581733703613, 9147.0
0.22313594818115234, 9147.0
0.23223400115966797, 9147.0
0.2416057586669922, 9147.0
0.250856876373291, 9147.0
0.26030468940734863, 9147.0
0.2696199417114258, 9147.0
0.27870678901672363, 9147.0
0.28774380683898926, 9147.0
0.297260046005249, 9147.0
0.30670881271362305, 9147.0
0.31623387336730957, 9147.0
0.3257029056549072, 9147.0
0.33527088165283203, 9147.0
0.34502077102661133, 9147.0
0.3545088768005371, 9147.0
0.3639657497406006, 9147.0
0.3735048770904541, 9147.0
0.38285279273986816, 9147.0
0.3922700881958008, 9147.0
0.40164971351623535, 9147.0
0.4110748767852783, 9147.0
0.4205758571624756, 9147.0
0.42984485626220703, 9147.0
0.4390709400177002, 9147.0
0.4483036994934082, 9147.0
0.4575929641723633, 9147.0
0.466768741607666, 9147.0
0.4760417938232422, 9147.0
0.48532986640930176, 9147.0
0.4949178695678711, 9147.0
0.504281759262085, 9147.0
0.5136508941650391, 9147.0
0.5229418277740479, 9147.0
0.5322659015655518, 9147.0
0.5415759086608887, 9147.0
0.550926923751831, 9147.0
0.5601959228515625, 9147.0
0.5694477558135986, 9147.0
0.5786118507385254, 9147.0
0.5878057479858398, 9147.0
0.5970149040222168, 9147.0
0.6062238216400146, 9147.0
0.615480899810791, 9147.0
0.6247117519378662, 9147.0
0.6340599060058594, 9147.0
0.6433007717132568, 9147.0
0.6526467800140381, 9147.0
0.6618878841400146, 9147.0
0.6710977554321289, 9147.0
0.6803219318389893, 9147.0
0.689490795135498, 9147.0
0.6986689567565918, 9147.0
0.7078518867492676, 9147.0
0.7170848846435547, 9147.0
0.7262639999389648, 9147.0
0.7354726791381836, 9147.0
0.74462890625, 9147.0
0.7538716793060303, 9147.0
0.7632057666778564, 9147.0
0.7726168632507324, 9147.0
0.7820417881011963, 9147.0
0.7913839817047119, 9147.0
0.8008499145507812, 9147.0
0.8101828098297119, 9147.0
0.8197197914123535, 9147.0
0.8291628360748291, 9147.0
0.8386209011077881, 9147.0
0.8481190204620361, 9147.0
0.85770583152771, 9147.0
0.867358922958374, 9147.0
0.8768320083618164, 9147.0
0.886375904083252, 9147.0
0.8959238529205322, 9147.0
0.9054648876190186, 9147.0
0.9149539470672607, 9147.0
0.9245758056640625, 9147.0
0.9338967800140381, 9147.0
0.9431207180023193, 9147.0
0.9523561000823975, 9147.0
0.9617099761962891, 9147.0
0.9709928035736084, 9147.0
0.9803509712219238, 9147.0
0.9895668029785156, 9147.0
0.9988830089569092, 9147.0
1.0082926750183105, 9147.0
1.0177438259124756, 9147.0
1.0271079540252686, 9147.0
1.0361499786376953, 9147.0
1.0451886653900146, 9147.0
1.054244041442871, 9147.0
1.0633788108825684, 9147.0
1.0724878311157227, 9147.0
1.081697940826416, 9147.0
1.0910499095916748, 9147.0
1.1003448963165283, 9147.0
1.1095898151397705, 9147.0
1.118872880935669, 9147.0
1.1280739307403564, 9147.0
1.1372299194335938, 9147.0
1.1464378833770752, 9147.0
1.155681848526001, 9147.0
1.1650128364562988, 9147.0
1.1742687225341797, 9147.0
1.1835057735443115, 9147.0
1.1927647590637207, 9147.0
1.2019798755645752, 9147.0
1.2113797664642334, 9147.0
1.2205827236175537, 9147.0
1.2297577857971191, 9147.0
1.2390849590301514, 9147.0
1.2484369277954102, 9147.0
1.2578060626983643, 9147.0
1.2673578262329102, 9147.0
1.2767188549041748, 9147.0
1.2863290309906006, 9147.0
1.2959270477294922, 9147.0
1.305145025253296, 9147.0
1.3141968250274658, 9147.0
1.323241949081421, 9147.0
1.332326889038086, 9147.0
1.341378927230835, 9147.0
1.3503978252410889, 9147.0
1.3594627380371094, 9147.0
1.3685057163238525, 9147.0
1.3775207996368408, 9147.0
1.386516809463501, 9147.0
1.3956029415130615, 9147.0
1.4047539234161377, 9147.0
1.413888931274414, 9147.0
1.422914981842041, 9147.0
1.431933879852295, 9147.0
1.4409639835357666, 9147.0
1.4499776363372803, 9147.0
1.4589807987213135, 9147.0
1.4679830074310303, 9147.0
1.4769856929779053, 9147.0
1.4859788417816162, 9147.0
1.494959831237793, 9147.0
1.5040698051452637, 9147.0
1.5130689144134521, 9147.0
1.5221948623657227, 9147.0
1.5316479206085205, 9147.0
1.5408189296722412, 9147.0
1.5500316619873047, 9147.0
1.5592889785766602, 9147.0
1.5685269832611084, 9147.0
1.5777919292449951, 9147.0
1.587080955505371, 9147.0
1.59635591506958, 9147.0
1.60565185546875, 9147.0
1.6148569583892822, 9147.0
1.624053955078125, 9147.0
1.6333107948303223, 9147.0
1.6425321102142334, 9147.0
1.6518888473510742, 9147.0
1.661498785018921, 9147.0
1.6710729598999023, 9147.0
1.6808340549468994, 9147.0
1.690138816833496, 9147.0
1.6994428634643555, 9147.0
1.7086420059204102, 9147.0
1.7177939414978027, 9147.0
1.7269768714904785, 9147.0
1.736297845840454, 9147.0
1.7454628944396973, 9147.0
1.7546379566192627, 9147.0
1.7638120651245117, 9147.0
1.7729787826538086, 9147.0
1.7821378707885742, 9147.0
1.7912697792053223, 9147.0
1.8004698753356934, 9147.0
1.8096330165863037, 9147.0
1.818788766860962, 9147.0
1.827955961227417, 9147.0
1.837148904800415, 9147.0
1.8464429378509521, 9147.0
1.8556268215179443, 9147.0
1.864806890487671, 9147.0
