2.5987625122070312e-05, 789.0
4.9114227294921875e-05, 1663.0
0.00012111663818359375, 2120.0
0.00024390220642089844, 2846.0
0.0005469322204589844, 3475.0
0.0020918846130371094, 4199.0
0.0022330284118652344, 4370.0
0.0022568702697753906, 4788.0
0.002691984176635742, 4946.0
0.002733945846557617, 5544.0
0.0034890174865722656, 5578.0
0.004575967788696289, 6004.0
0.005375862121582031, 6562.0
0.0055179595947265625, 7353.0
0.015362977981567383, 7439.0
0.08090901374816895, 7741.0
0.480518102645874, 8344.0
0.9137709140777588, 8615.0
0.9148669242858887, 8719.0
0.9294009208679199, 8911.0
0.9888789653778076, 8940.0
