0.00010704994201660156, 558.0
0.00020813941955566406, 864.0
0.00030803680419921875, 1089.0
0.000408172607421875, 1661.0
0.0005071163177490234, 1758.0
0.0006070137023925781, 2191.0
0.0007081031799316406, 3050.0
0.0009050369262695312, 3893.0
0.007442951202392578, 4684.0
0.010282039642333984, 4786.0
0.01099705696105957, 5674.0
0.022790193557739258, 5740.0
0.03468513488769531, 5864.0
0.03498220443725586, 5935.0
0.04498600959777832, 6286.0
0.04637408256530762, 6439.0
0.04657316207885742, 7263.0
0.051213979721069336, 7839.0
0.05755424499511719, 8617.0
0.05765509605407715, 8748.0
0.05785489082336426, 9170.0
0.05806422233581543, 9365.0
0.05856728553771973, 9594.0
0.058669090270996094, 9673.0
0.07045507431030273, 10310.0
0.10728907585144043, 10341.0
0.1662120819091797, 10750.0
0.1746962070465088, 10980.0
0.17796015739440918, 11362.0
0.20708918571472168, 11555.0
0.20906805992126465, 12219.0
0.20986390113830566, 12345.0
0.21601295471191406, 13073.0
0.44133496284484863, 13797.0
0.45124197006225586, 14244.0
0.4533412456512451, 14625.0
0.45462799072265625, 15514.0
0.45711803436279297, 15677.0
0.4573171138763428, 16608.0
0.46419501304626465, 16955.0
0.5362522602081299, 17740.0
0.8699121475219727, 18048.0
0.8701119422912598, 18812.0
0.875474214553833, 18984.0
0.878058910369873, 19275.0
0.8785562515258789, 19417.0
0.8793561458587646, 20015.0
0.879953145980835, 20143.0
3.5765280723571777, 20606.0
3.5770511627197266, 20720.0
3.6068899631500244, 21182.0
4.143621206283569, 21726.0
4.731539011001587, 21962.0
4.801328182220459, 21968.0
4.826257228851318, 22356.0
4.826653957366943, 22898.0
4.830412149429321, 23024.0
4.881766080856323, 23209.0
4.889020204544067, 23259.0
4.891273021697998, 23484.0
4.955188989639282, 23648.0
4.957656145095825, 23765.0
4.962945938110352, 24036.0
4.965367078781128, 24702.0
5.077847957611084, 24864.0
5.1041100025177, 25393.0
5.163880109786987, 25916.0
5.237978219985962, 25923.0
5.247453927993774, 26025.0
5.259028911590576, 26460.0
