0.051016807556152344, 8688.0
0.08922600746154785, 12151.0
0.12683892250061035, 12151.0
0.16458392143249512, 12311.0
0.2024378776550293, 13860.0
0.24038290977478027, 14711.0
0.2783999443054199, 14711.0
0.3166320323944092, 16542.0
0.3551030158996582, 16542.0
0.39348793029785156, 17780.0
0.4320807456970215, 18066.0
0.47081708908081055, 18534.0
0.5095038414001465, 18840.0
0.548163890838623, 19283.0
0.5870859622955322, 20800.0
0.6267330646514893, 20800.0
0.6657588481903076, 21072.0
0.704758882522583, 22423.0
0.7439501285552979, 22423.0
0.7832388877868652, 22642.0
0.822523832321167, 22642.0
0.8618559837341309, 23949.0
0.9011797904968262, 23949.0
0.9407050609588623, 23949.0
0.9802758693695068, 23962.0
1.019838809967041, 24271.0
1.0594289302825928, 24271.0
1.0989487171173096, 25266.0
1.1385469436645508, 25266.0
1.1781480312347412, 25639.0
1.2178280353546143, 26322.0
1.2574398517608643, 26365.0
1.2972118854522705, 26365.0
1.3368890285491943, 26365.0
1.3767449855804443, 27262.0
1.4165539741516113, 27262.0
1.4564390182495117, 27448.0
1.4963147640228271, 27448.0
1.5362279415130615, 27643.0
1.5762839317321777, 27938.0
1.6162078380584717, 27983.0
1.6562678813934326, 28195.0
1.6963887214660645, 28195.0
1.7364327907562256, 28195.0
1.776498794555664, 28195.0
1.8165979385375977, 28195.0
1.8566358089447021, 28436.0
1.8968219757080078, 28436.0
1.9370319843292236, 28436.0
1.9788339138031006, 28451.0
2.0195157527923584, 28451.0
2.0600619316101074, 28451.0
2.100515127182007, 28451.0
2.1412317752838135, 28576.0
2.181741952896118, 28576.0
2.2226738929748535, 28576.0
2.2631309032440186, 28576.0
2.3036139011383057, 28576.0
2.3441429138183594, 28576.0
2.3847107887268066, 28576.0
2.425219774246216, 28576.0
2.4657280445098877, 28576.0
2.506531000137329, 28576.0
2.5471508502960205, 28576.0
2.5878279209136963, 28576.0
2.628255844116211, 28576.0
2.6685969829559326, 28576.0
2.709165096282959, 28576.0
2.7502410411834717, 28576.0
2.7918639183044434, 28576.0
2.8341267108917236, 28576.0
2.875417709350586, 28576.0
2.9179210662841797, 28576.0
2.9600367546081543, 28576.0
3.001511812210083, 28576.0
3.0430970191955566, 28576.0
3.0850119590759277, 28576.0
3.1268680095672607, 28576.0
3.168365001678467, 28576.0
3.2106287479400635, 28576.0
3.253114938735962, 28576.0
3.295330047607422, 28576.0
3.3365848064422607, 28576.0
3.377548933029175, 28576.0
3.4181318283081055, 28576.0
3.4590330123901367, 28576.0
3.4996469020843506, 28576.0
3.540452003479004, 28576.0
3.582314968109131, 28576.0
3.6232078075408936, 28576.0
3.6638400554656982, 28576.0
3.7046468257904053, 28576.0
3.745474100112915, 28576.0
3.7861738204956055, 28576.0
3.8266828060150146, 28576.0
3.867290735244751, 28576.0
3.908076047897339, 28576.0
3.9490177631378174, 28576.0
3.9907639026641846, 28576.0
4.031519889831543, 28576.0
4.0724568367004395, 28576.0
4.113511800765991, 28576.0
4.154889822006226, 28576.0
4.1968677043914795, 28576.0
4.23885178565979, 28576.0
4.2805140018463135, 28576.0
4.3218958377838135, 28576.0
4.363624811172485, 28576.0
4.4048309326171875, 28576.0
4.4463889598846436, 28576.0
4.488050937652588, 28576.0
4.529813051223755, 28576.0
4.5719239711761475, 28576.0
4.613590955734253, 28576.0
4.656290054321289, 28576.0
4.696869850158691, 28576.0
4.737401723861694, 28576.0
4.778163909912109, 28576.0
4.818773031234741, 28576.0
4.859210014343262, 28576.0
4.900214910507202, 28576.0
4.942915678024292, 28576.0
4.984757900238037, 28576.0
5.025498867034912, 28576.0
5.065727949142456, 28576.0
5.106303930282593, 28576.0
5.147062063217163, 28576.0
5.187646865844727, 28576.0
5.22829270362854, 28576.0
5.268540859222412, 28576.0
5.308758020401001, 28576.0
5.349232912063599, 28576.0
5.389841794967651, 28576.0
5.429985046386719, 28576.0
5.47039794921875, 28576.0
5.510695934295654, 28576.0
5.5508599281311035, 28576.0
5.590971946716309, 28576.0
5.631118059158325, 28576.0
5.671306848526001, 28576.0
5.711611747741699, 28576.0
5.752134799957275, 28576.0
5.792752742767334, 28576.0
5.833337783813477, 28576.0
5.873947858810425, 28576.0
5.914510726928711, 28576.0
5.955033779144287, 28576.0
5.995186805725098, 28576.0
6.036760091781616, 28576.0
6.077019929885864, 28576.0
6.117173910140991, 28576.0
6.157914876937866, 28576.0
6.198063850402832, 28576.0
6.238602876663208, 28576.0
6.27884578704834, 28576.0
6.319114923477173, 28576.0
6.359221935272217, 28576.0
6.39949893951416, 28576.0
6.4400880336761475, 28576.0
6.4807069301605225, 28576.0
6.521369695663452, 28576.0
6.561927795410156, 28576.0
6.602475881576538, 28576.0
6.642737865447998, 28576.0
6.682905912399292, 28576.0
6.722947835922241, 28576.0
6.763527870178223, 28576.0
6.803988933563232, 28576.0
6.844440937042236, 28576.0
6.884622812271118, 28576.0
6.92482590675354, 28576.0
6.964888095855713, 28576.0
7.005061864852905, 28576.0
7.045140027999878, 28576.0
7.085339784622192, 28576.0
7.125433921813965, 28576.0
7.165868043899536, 28576.0
7.205902099609375, 28576.0
7.246026039123535, 28576.0
7.2861487865448, 28576.0
7.326504945755005, 28576.0
7.366567850112915, 28576.0
7.407017946243286, 28576.0
7.447293996810913, 28576.0
7.487673759460449, 28576.0
7.527902841567993, 28576.0
7.568335771560669, 28576.0
7.608816862106323, 28576.0
7.649013996124268, 28576.0
7.689203977584839, 28576.0
7.729501962661743, 28576.0
7.770137071609497, 28576.0
7.810325860977173, 28576.0
7.850590944290161, 28576.0
7.890708923339844, 28576.0
7.93118691444397, 28576.0
7.971632957458496, 28576.0
8.01180386543274, 28576.0
8.052868843078613, 28576.0
8.093986988067627, 28576.0
8.134554862976074, 28576.0
