0.00010800361633300781, 586.0
0.00021505355834960938, 1377.0
0.0003178119659423828, 2192.0
0.0005240440368652344, 3059.0
0.0016508102416992188, 3967.0
0.01967310905456543, 4225.0
0.01977705955505371, 4485.0
0.020392894744873047, 5137.0
0.020806074142456055, 6080.0
0.022040128707885742, 6871.0
0.022449016571044922, 7052.0
0.022780895233154297, 7509.0
0.03549313545227051, 7824.0
0.03570985794067383, 8106.0
0.046463966369628906, 8419.0
0.09451603889465332, 9014.0
0.09821701049804688, 9308.0
0.09833312034606934, 9740.0
0.09959912300109863, 10651.0
0.10023021697998047, 10926.0
0.10044097900390625, 11213.0
0.10054802894592285, 11330.0
0.1011819839477539, 11419.0
0.10254693031311035, 11896.0
0.11088109016418457, 12020.0
0.11193394660949707, 12951.0
0.11739420890808105, 13436.0
0.21634697914123535, 13489.0
0.23336386680603027, 13706.0
0.24272513389587402, 13791.0
0.27379798889160156, 14355.0
0.27401113510131836, 14920.0
0.5624418258666992, 15015.0
0.563385009765625, 15874.0
0.5636069774627686, 16127.0
0.5652821063995361, 16365.0
0.5655980110168457, 16546.0
0.5660190582275391, 16987.0
0.5682101249694824, 17918.0
0.5705149173736572, 18673.0
0.5720858573913574, 19094.0
3.0554301738739014, 19365.0
3.9545631408691406, 19583.0
3.961085796356201, 19753.0
3.9621639251708984, 20266.0
4.473790884017944, 20669.0
4.485617160797119, 20795.0
4.521819114685059, 21045.0
4.522027969360352, 21836.0
4.523891925811768, 22070.0
4.525453090667725, 22531.0
4.525558948516846, 23129.0
4.545593976974487, 23899.0
5.0573108196258545, 24312.0
5.073511123657227, 24414.0
5.392844915390015, 24892.0
5.500499963760376, 24916.0
5.505190134048462, 25070.0
5.573319911956787, 25072.0
5.868104934692383, 25136.0
5.893549919128418, 25262.0
