2.7894973754882812e-05, 359.0
0.00032591819763183594, 1000.0
0.0003859996795654297, 1432.0
0.0004069805145263672, 2139.0
0.00042700767517089844, 2911.0
0.0014369487762451172, 3383.0
0.0015370845794677734, 4109.0
0.0018548965454101562, 4646.0
0.0019159317016601562, 5437.0
0.0023958683013916016, 5469.0
0.01007986068725586, 5680.0
0.0159909725189209, 6276.0
0.028798818588256836, 6668.0
0.042642831802368164, 6775.0
0.04274296760559082, 7232.0
0.04479479789733887, 7341.0
0.18050885200500488, 7640.0
0.554973840713501, 8021.0
0.556567907333374, 8625.0
0.7575628757476807, 8654.0
0.9101808071136475, 8660.0
1.0605850219726562, 8661.0
1.0870919227600098, 8751.0
