0.04952096939086914, 9237.0
0.08748865127563477, 10017.0
0.1251358985900879, 12194.0
0.16288495063781738, 14309.0
0.20074701309204102, 14309.0
0.2387559413909912, 14309.0
0.27689599990844727, 15425.0
0.3152658939361572, 15821.0
0.3537468910217285, 16530.0
0.3923008441925049, 17438.0
0.43094468116760254, 18520.0
0.4697229862213135, 19138.0
0.5085928440093994, 19138.0
0.5475928783416748, 19138.0
0.5866389274597168, 20934.0
0.6267058849334717, 20934.0
0.6661348342895508, 21359.0
0.7054669857025146, 21772.0
0.7452428340911865, 22418.0
0.7849490642547607, 22418.0
0.8248999118804932, 24363.0
0.8648977279663086, 24363.0
0.904761791229248, 24363.0
0.9448049068450928, 24532.0
0.9849307537078857, 25065.0
1.0258588790893555, 25693.0
1.0662178993225098, 25693.0
1.1075899600982666, 25693.0
1.1483919620513916, 26306.0
1.1888856887817383, 26781.0
1.2299199104309082, 27553.0
1.2707207202911377, 27553.0
1.3112359046936035, 27553.0
1.3518059253692627, 27553.0
1.392711877822876, 27698.0
1.4337396621704102, 27698.0
1.4746277332305908, 27758.0
1.5153889656066895, 27758.0
1.5562129020690918, 28133.0
1.5974359512329102, 28133.0
1.638375997543335, 28133.0
1.6793129444122314, 28133.0
1.7206358909606934, 28259.0
1.7615807056427002, 28358.0
1.8026368618011475, 28358.0
1.8436319828033447, 28358.0
1.8848068714141846, 28358.0
1.9258067607879639, 28358.0
1.9680888652801514, 28358.0
2.009171962738037, 28358.0
2.050191879272461, 28358.0
2.0914719104766846, 28358.0
2.1326637268066406, 28358.0
2.174034833908081, 28358.0
2.2150778770446777, 28358.0
2.256211042404175, 28358.0
2.297499895095825, 28358.0
2.338542938232422, 28358.0
2.379495859146118, 28358.0
2.420762777328491, 28358.0
2.461732864379883, 28358.0
2.502919912338257, 28358.0
2.544179916381836, 28358.0
2.5854270458221436, 28358.0
2.626746892929077, 28358.0
2.668099880218506, 28358.0
2.709420680999756, 28358.0
2.7506089210510254, 28358.0
2.791820764541626, 28358.0
2.8332319259643555, 28366.0
2.8747310638427734, 28366.0
2.9159319400787354, 28366.0
2.9572079181671143, 28366.0
2.9983937740325928, 28366.0
3.0399158000946045, 28366.0
3.0815558433532715, 28366.0
3.122861862182617, 28366.0
3.1641757488250732, 28366.0
3.2054989337921143, 28366.0
3.24676775932312, 28366.0
3.2883217334747314, 28366.0
3.329882860183716, 28366.0
3.3711769580841064, 28366.0
3.4129726886749268, 28366.0
3.4555280208587646, 28366.0
3.4979348182678223, 28366.0
3.540241003036499, 28366.0
3.584577798843384, 28366.0
3.6266000270843506, 28366.0
3.6684799194335938, 28366.0
3.710312843322754, 28366.0
3.7523229122161865, 28366.0
3.794451951980591, 28366.0
3.8365907669067383, 28366.0
3.8787789344787598, 28366.0
3.921020984649658, 28390.0
3.9635610580444336, 28390.0
4.005852937698364, 28390.0
4.0468058586120605, 28390.0
4.087695837020874, 28390.0
4.1285529136657715, 28390.0
4.169405937194824, 28390.0
4.210983991622925, 28390.0
4.252088785171509, 28390.0
4.292994737625122, 28390.0
4.333978891372681, 28390.0
4.374974012374878, 28390.0
4.416054010391235, 28390.0
4.456857919692993, 28390.0
4.4978108406066895, 28390.0
4.538516044616699, 28390.0
4.579258918762207, 28390.0
4.619940757751465, 28390.0
4.660326957702637, 28390.0
4.700848817825317, 28390.0
4.741731882095337, 28390.0
4.783453941345215, 28390.0
4.8251190185546875, 28390.0
4.86652398109436, 28390.0
4.908063888549805, 28390.0
4.9496378898620605, 28390.0
4.990915775299072, 28390.0
5.03216290473938, 28390.0
5.0737528800964355, 28390.0
5.11526894569397, 28390.0
5.156844854354858, 28390.0
5.198883771896362, 28390.0
5.240485906600952, 28390.0
5.282391786575317, 28390.0
5.323193788528442, 28390.0
5.3636229038238525, 28390.0
5.40421986579895, 28390.0
5.444615840911865, 28390.0
5.485005855560303, 28390.0
5.525652885437012, 28390.0
5.56696081161499, 28390.0
5.607534885406494, 28390.0
5.648453950881958, 28390.0
5.689191818237305, 28390.0
5.729766845703125, 28390.0
5.7705748081207275, 28390.0
5.81132698059082, 28390.0
5.852087736129761, 28390.0
5.892716884613037, 28390.0
5.9333577156066895, 28390.0
5.973665714263916, 28390.0
6.015133857727051, 28390.0
6.056801795959473, 28390.0
6.097432851791382, 28390.0
6.138803958892822, 28390.0
6.179828882217407, 28390.0
6.220191955566406, 28390.0
6.260849952697754, 28390.0
6.30138087272644, 28390.0
6.341781854629517, 28390.0
6.382154941558838, 28390.0
6.422553777694702, 28390.0
6.463531017303467, 28390.0
6.504183769226074, 28390.0
6.54486083984375, 28390.0
6.585249900817871, 28390.0
6.625532865524292, 28390.0
6.666236877441406, 28390.0
6.706564903259277, 28390.0
6.747376918792725, 28390.0
6.788013935089111, 28430.0
6.828359842300415, 28430.0
6.868711948394775, 28430.0
6.90902304649353, 28430.0
6.949328899383545, 28430.0
6.989579677581787, 28430.0
7.030153036117554, 28430.0
7.070826053619385, 28430.0
7.111464023590088, 28532.0
7.15207576751709, 28532.0
7.192210912704468, 28532.0
7.232465982437134, 28532.0
7.273072957992554, 28532.0
7.313679933547974, 28532.0
7.353943824768066, 28532.0
7.394269943237305, 28532.0
7.434567928314209, 28532.0
7.474974870681763, 28532.0
7.515481948852539, 28532.0
7.55615496635437, 28532.0
7.596498012542725, 28532.0
7.63699197769165, 28532.0
7.67737603187561, 28532.0
7.717927932739258, 28532.0
7.75839376449585, 28532.0
7.798832893371582, 28532.0
7.8391478061676025, 28532.0
7.879435062408447, 28532.0
7.9197728633880615, 28532.0
7.960100889205933, 28532.0
8.000563859939575, 28532.0
8.041154861450195, 28532.0
8.082544803619385, 28532.0
8.12294888496399, 28532.0
8.163323879241943, 28532.0
8.203635931015015, 28532.0
