0.009938955307006836, 5935.0
0.01875782012939453, 5935.0
0.02750706672668457, 6307.0
0.03626704216003418, 6509.0
0.04508018493652344, 7411.0
0.05394601821899414, 8236.0
0.06286096572875977, 8236.0
0.07175803184509277, 8299.0
0.08070087432861328, 8382.0
0.08988285064697266, 8382.0
0.09898805618286133, 8810.0
0.10807991027832031, 8940.0
0.11713099479675293, 8940.0
0.12642502784729004, 8940.0
0.1358039379119873, 8940.0
0.14496994018554688, 9147.0
0.1543259620666504, 9147.0
0.16355395317077637, 9147.0
0.17288899421691895, 9147.0
0.18273305892944336, 9147.0
0.19216418266296387, 9147.0
0.20142221450805664, 9147.0
0.21071410179138184, 9147.0
0.2199549674987793, 9147.0
0.2291851043701172, 9147.0
0.23829197883605957, 9147.0
0.24738693237304688, 9147.0
0.2564690113067627, 9147.0
0.2654719352722168, 9147.0
0.27443408966064453, 9147.0
0.2834501266479492, 9147.0
0.29242396354675293, 9147.0
0.30141210556030273, 9147.0
0.3103921413421631, 9147.0
0.3193788528442383, 9147.0
0.32836198806762695, 9147.0
0.33736300468444824, 9147.0
0.34633398056030273, 9147.0
0.35536694526672363, 9147.0
0.36435413360595703, 9147.0
0.37331414222717285, 9147.0
0.3822920322418213, 9147.0
0.3912818431854248, 9147.0
0.40025806427001953, 9147.0
0.4092590808868408, 9147.0
0.4183051586151123, 9147.0
0.4274449348449707, 9147.0
0.43678998947143555, 9147.0
0.4460768699645996, 9147.0
0.45542287826538086, 9147.0
0.4644632339477539, 9147.0
0.473491907119751, 9147.0
0.4825310707092285, 9147.0
0.4915478229522705, 9147.0
0.500572919845581, 9147.0
0.509598970413208, 9147.0
0.5186049938201904, 9147.0
0.5275781154632568, 9147.0
0.536545991897583, 9147.0
0.5455160140991211, 9147.0
0.5545179843902588, 9147.0
0.5635578632354736, 9147.0
0.5725891590118408, 9147.0
0.5816409587860107, 9147.0
0.5907058715820312, 9147.0
0.6000111103057861, 9147.0
0.6092631816864014, 9147.0
0.618513822555542, 9147.0
0.6275861263275146, 9147.0
0.6366190910339355, 9147.0
0.6456871032714844, 9147.0
0.6546900272369385, 9147.0
0.6637251377105713, 9147.0
0.6727638244628906, 9147.0
0.6818399429321289, 9147.0
0.6908621788024902, 9147.0
0.699876070022583, 9147.0
0.7089028358459473, 9147.0
0.7179479598999023, 9147.0
0.7269790172576904, 9147.0
0.7360689640045166, 9147.0
0.745103120803833, 9147.0
0.7541382312774658, 9147.0
0.7631518840789795, 9147.0
0.7721688747406006, 9147.0
0.7811899185180664, 9147.0
0.7901709079742432, 9147.0
0.7991340160369873, 9147.0
0.8081421852111816, 9147.0
0.8171250820159912, 9147.0
0.8261041641235352, 9147.0
0.8350930213928223, 9147.0
0.8440818786621094, 9147.0
0.8530712127685547, 9147.0
0.8620510101318359, 9147.0
0.8710668087005615, 9147.0
0.8801960945129395, 9147.0
0.8892450332641602, 9147.0
0.8982489109039307, 9147.0
0.9072070121765137, 9147.0
0.9161767959594727, 9147.0
0.9251561164855957, 9147.0
0.9341208934783936, 9147.0
0.943166971206665, 9147.0
0.9521811008453369, 9147.0
0.961205005645752, 9147.0
0.9701330661773682, 9147.0
0.9791030883789062, 9147.0
0.9880659580230713, 9147.0
0.9970440864562988, 9147.0
1.006026029586792, 9147.0
1.015002965927124, 9147.0
1.0239579677581787, 9147.0
1.0329110622406006, 9147.0
1.0418980121612549, 9147.0
1.0508570671081543, 9147.0
1.059823989868164, 9147.0
1.0687899589538574, 9147.0
1.077760934829712, 9147.0
1.0867090225219727, 9147.0
1.095682144165039, 9147.0
1.1046650409698486, 9147.0
1.113656997680664, 9147.0
1.1226210594177246, 9147.0
1.1316349506378174, 9147.0
1.1405870914459229, 9147.0
1.1495838165283203, 9147.0
1.1585640907287598, 9147.0
1.1675288677215576, 9147.0
1.1765079498291016, 9147.0
1.1854619979858398, 9147.0
1.194511890411377, 9147.0
1.2034790515899658, 9147.0
1.2124300003051758, 9147.0
1.2218589782714844, 9147.0
1.2313249111175537, 9147.0
1.240835189819336, 9147.0
1.250248908996582, 9147.0
1.259476900100708, 9147.0
1.2686851024627686, 9147.0
1.277885913848877, 9147.0
1.2870688438415527, 9147.0
1.2962770462036133, 9147.0
1.3054451942443848, 9147.0
1.3146131038665771, 9147.0
1.3237419128417969, 9147.0
1.3329322338104248, 9147.0
1.3422470092773438, 9147.0
1.3515589237213135, 9147.0
1.3608040809631348, 9147.0
1.3700931072235107, 9147.0
1.3793301582336426, 9147.0
1.3886239528656006, 9147.0
1.397848129272461, 9147.0
1.4070122241973877, 9147.0
1.416161060333252, 9147.0
1.4253120422363281, 9147.0
1.4344630241394043, 9147.0
1.4435970783233643, 9147.0
1.4528131484985352, 9147.0
1.4619369506835938, 9147.0
1.471120834350586, 9147.0
1.4806289672851562, 9147.0
1.49009108543396, 9147.0
1.4995379447937012, 9147.0
1.5089678764343262, 9147.0
1.5182220935821533, 9147.0
1.5273821353912354, 9147.0
1.536639928817749, 9147.0
1.5458848476409912, 9147.0
1.5550730228424072, 9147.0
1.5642409324645996, 9147.0
1.5734541416168213, 9147.0
1.5827269554138184, 9147.0
1.5920498371124268, 9147.0
1.6012990474700928, 9147.0
1.6107499599456787, 9147.0
1.620133876800537, 9147.0
1.6294300556182861, 9147.0
1.6386821269989014, 9147.0
1.6482481956481934, 9147.0
1.6577529907226562, 9147.0
1.6673269271850586, 9147.0
1.6768488883972168, 9147.0
1.6863579750061035, 9147.0
1.6963961124420166, 9147.0
1.7057149410247803, 9147.0
1.7149848937988281, 9147.0
1.7241809368133545, 9147.0
1.7335281372070312, 9147.0
1.7427499294281006, 9147.0
1.7521779537200928, 9147.0
1.7615621089935303, 9147.0
1.7705879211425781, 9147.0
1.7797718048095703, 9147.0
1.7887849807739258, 9147.0
1.7977550029754639, 9147.0
1.8067309856414795, 9147.0
1.8158669471740723, 9147.0
1.825348138809204, 9147.0
1.8346328735351562, 9147.0
