0.0001049041748046875, 998.0
0.0002067089080810547, 1628.0
0.00030684471130371094, 1834.0
0.00040602684020996094, 2254.0
0.0005047321319580078, 2263.0
0.0006048679351806641, 3215.0
0.0008020401000976562, 3985.0
0.0009019374847412109, 4844.0
0.0015919208526611328, 5775.0
0.00560307502746582, 5903.0
0.010170936584472656, 6670.0
0.024482011795043945, 6926.0
0.02487492561340332, 7717.0
0.025281906127929688, 7970.0
0.025495052337646484, 8096.0
0.026404857635498047, 8699.0
0.03637194633483887, 8773.0
0.0389399528503418, 8902.0
0.13040781021118164, 9036.0
0.13110709190368652, 9233.0
0.13237977027893066, 9359.0
0.13582372665405273, 9778.0
0.13622188568115234, 10173.0
0.13985300064086914, 10420.0
0.14328980445861816, 10475.0
0.14399194717407227, 10766.0
0.15094494819641113, 11501.0
0.15212273597717285, 12432.0
0.1522228717803955, 12714.0
0.24243688583374023, 12889.0
0.244981050491333, 13405.0
0.2462608814239502, 13649.0
0.24665594100952148, 13775.0
0.24715089797973633, 14686.0
0.24921393394470215, 14895.0
0.2534499168395996, 14983.0
0.26610898971557617, 15116.0
0.26972389221191406, 15547.0
0.27069997787475586, 15757.0
0.27631211280822754, 16239.0
0.276702880859375, 16453.0
0.29156494140625, 16882.0
0.2925450801849365, 17771.0
1.0535287857055664, 17921.0
1.1327579021453857, 18185.0
1.1377418041229248, 18365.0
1.1385107040405273, 18635.0
1.1409800052642822, 18932.0
1.1598410606384277, 19059.0
2.4498438835144043, 19327.0
2.4505527019500732, 19455.0
2.450957775115967, 20179.0
2.4540910720825195, 20242.0
2.4641928672790527, 20361.0
2.4649999141693115, 20428.0
2.4659037590026855, 20834.0
2.4687249660491943, 20907.0
3.9322407245635986, 21092.0
4.194643974304199, 21293.0
4.274578809738159, 21358.0
4.279889822006226, 21610.0
4.285709857940674, 22334.0
4.312319040298462, 22432.0
4.314780950546265, 22490.0
4.332400798797607, 22563.0
4.344773769378662, 22957.0
4.485750913619995, 23325.0
4.486565828323364, 23451.0
4.49443507194519, 23517.0
4.49786376953125, 24086.0
4.505752086639404, 24596.0
4.518848896026611, 25550.0
4.810277938842773, 25731.0
4.881073951721191, 26240.0
5.032888889312744, 26690.0
5.402591943740845, 26763.0
5.488471031188965, 27239.0
5.584810018539429, 27407.0
5.585414886474609, 27533.0
5.662072658538818, 27660.0
5.728771686553955, 27816.0
5.771167993545532, 27942.0
6.2190070152282715, 27972.0
