0.010164022445678711, 5824.0
0.01884174346923828, 6472.0
0.02748394012451172, 7644.0
0.036229848861694336, 7644.0
0.04553794860839844, 8088.0
0.05431485176086426, 8788.0
0.06303691864013672, 8788.0
0.0718388557434082, 8817.0
0.08066201210021973, 8817.0
0.08955907821655273, 8817.0
0.09859204292297363, 8929.0
0.10764002799987793, 8940.0
0.11664366722106934, 8940.0
0.12568187713623047, 8940.0
0.1347358226776123, 8940.0
0.14380168914794922, 8940.0
0.15286588668823242, 8940.0
0.16190576553344727, 8940.0
0.1711559295654297, 8940.0
0.1804490089416504, 8940.0
0.189774751663208, 8940.0
0.1989908218383789, 8940.0
0.20802783966064453, 8940.0
0.21705865859985352, 8940.0
0.22607684135437012, 8940.0
0.23519492149353027, 8940.0
0.24430584907531738, 8940.0
0.2535288333892822, 8940.0
0.26265692710876465, 8940.0
0.27185988426208496, 8940.0
0.28090906143188477, 8940.0
0.2899761199951172, 8940.0
0.2990751266479492, 8940.0
0.30816197395324707, 8940.0
0.31719088554382324, 8940.0
0.32625889778137207, 8940.0
0.33530092239379883, 8940.0
0.3444027900695801, 8940.0
0.35355281829833984, 8940.0
0.36262989044189453, 8940.0
0.3716847896575928, 8940.0
0.3807380199432373, 8940.0
0.38976573944091797, 8940.0
0.3988678455352783, 8940.0
0.40790677070617676, 8940.0
0.41698288917541504, 8940.0
0.42604684829711914, 8940.0
0.43507981300354004, 8940.0
0.44412803649902344, 8940.0
0.45319294929504395, 8940.0
0.46223902702331543, 8940.0
0.47127699851989746, 8940.0
0.4803299903869629, 8940.0
0.48937177658081055, 8940.0
0.4984109401702881, 8940.0
0.507462739944458, 8940.0
0.5165858268737793, 8940.0
0.5256388187408447, 8940.0
0.5347080230712891, 8940.0
0.5437638759613037, 8940.0
0.5528309345245361, 8940.0
0.5618648529052734, 8940.0
0.5709147453308105, 8940.0
0.5799758434295654, 8940.0
0.5890369415283203, 8940.0
0.59810471534729, 8940.0
0.6075408458709717, 8940.0
0.6168267726898193, 8940.0
0.6258938312530518, 8940.0
0.6349377632141113, 8940.0
0.6440069675445557, 8940.0
0.6530497074127197, 8940.0
0.6620829105377197, 8940.0
0.6711218357086182, 8940.0
0.6802098751068115, 8940.0
0.6892359256744385, 8940.0
0.6982808113098145, 8940.0
0.7075269222259521, 8940.0
0.71683669090271, 8940.0
0.7262058258056641, 8940.0
0.7352819442749023, 8940.0
0.7443487644195557, 8940.0
0.75345778465271, 8940.0
0.7625007629394531, 8940.0
0.7715897560119629, 8940.0
0.7806689739227295, 8940.0
0.7897069454193115, 8940.0
0.7987618446350098, 8940.0
0.8078839778900146, 8940.0
0.8173010349273682, 8940.0
0.8273499011993408, 8940.0
0.8365488052368164, 8940.0
0.8455657958984375, 8940.0
0.8546948432922363, 8940.0
0.8641579151153564, 8940.0
0.8731939792633057, 8940.0
0.882396936416626, 8940.0
0.891589879989624, 8940.0
0.9007937908172607, 8940.0
0.909855842590332, 8940.0
0.9189119338989258, 8940.0
0.9280340671539307, 8940.0
0.9371078014373779, 8940.0
0.9462559223175049, 8940.0
0.9556920528411865, 8940.0
0.9651229381561279, 8940.0
0.9744648933410645, 9147.0
0.9839496612548828, 9147.0
0.9929957389831543, 9147.0
1.0020349025726318, 9147.0
1.0113098621368408, 9147.0
1.0205130577087402, 9147.0
1.0295329093933105, 9147.0
1.0385847091674805, 9147.0
1.0476977825164795, 9147.0
1.0567848682403564, 9147.0
1.0658378601074219, 9147.0
1.074873685836792, 9147.0
1.0839548110961914, 9147.0
1.0932929515838623, 9147.0
1.10257887840271, 9147.0
1.1116538047790527, 9147.0
1.1207308769226074, 9147.0
1.1297619342803955, 9147.0
1.1387817859649658, 9147.0
1.1477789878845215, 9147.0
1.1568198204040527, 9147.0
1.1659090518951416, 9147.0
1.1749417781829834, 9147.0
1.1839706897735596, 9147.0
1.1930139064788818, 9147.0
1.2020399570465088, 9147.0
1.2110519409179688, 9147.0
1.2200686931610107, 9147.0
1.2290639877319336, 9147.0
1.2380590438842773, 9147.0
1.2470829486846924, 9147.0
1.2561109066009521, 9147.0
1.265117883682251, 9147.0
1.274129867553711, 9147.0
1.2831339836120605, 9147.0
1.292146921157837, 9147.0
1.3012170791625977, 9147.0
1.310290813446045, 9147.0
1.319321870803833, 9147.0
1.3283488750457764, 9147.0
1.337392807006836, 9147.0
1.3464338779449463, 9147.0
1.3555269241333008, 9147.0
1.3645739555358887, 9147.0
1.3737027645111084, 9147.0
1.3831088542938232, 9147.0
1.3923149108886719, 9147.0
1.4016168117523193, 9147.0
1.4108617305755615, 9147.0
1.4201569557189941, 9147.0
1.42942476272583, 9147.0
1.438709020614624, 9147.0
1.4479947090148926, 9147.0
1.4572489261627197, 9147.0
1.4664897918701172, 9147.0
1.475738763809204, 9147.0
1.4849300384521484, 9147.0
1.4941740036010742, 9147.0
1.503417730331421, 9147.0
1.5128366947174072, 9147.0
1.5222349166870117, 9147.0
1.531498908996582, 9147.0
1.5409059524536133, 9147.0
1.5501797199249268, 9147.0
1.5594007968902588, 9147.0
1.5686538219451904, 9147.0
1.577962875366211, 9147.0
1.587406873703003, 9147.0
1.5968859195709229, 9147.0
1.6062228679656982, 9147.0
1.61543607711792, 9147.0
1.6246390342712402, 9147.0
1.634037971496582, 9147.0
1.6432387828826904, 9147.0
1.6524488925933838, 9147.0
1.6616849899291992, 9147.0
1.6709189414978027, 9147.0
1.680129051208496, 9147.0
1.6895129680633545, 9147.0
1.6989648342132568, 9147.0
1.708188772201538, 9147.0
1.7174630165100098, 9147.0
1.7267448902130127, 9147.0
1.7362627983093262, 9147.0
1.7455618381500244, 9147.0
1.7548580169677734, 9147.0
1.7641448974609375, 9147.0
1.7734708786010742, 9147.0
1.78289794921875, 9147.0
1.7922260761260986, 9147.0
1.8016538619995117, 9147.0
1.8110358715057373, 9147.0
1.8203167915344238, 9147.0
1.8296468257904053, 9147.0
1.8389058113098145, 9147.0
