0.05077028274536133, 8771.0
0.08986806869506836, 9934.0
0.12839126586914062, 10682.0
0.16653823852539062, 13620.0
0.20495223999023438, 13620.0
0.24338507652282715, 14738.0
0.28198719024658203, 16656.0
0.3207371234893799, 16656.0
0.3596491813659668, 16656.0
0.39863014221191406, 17108.0
0.43782925605773926, 18285.0
0.477114200592041, 19836.0
0.5163803100585938, 19836.0
0.5557644367218018, 20371.0
0.5952093601226807, 21169.0
0.6354391574859619, 21527.0
0.6749212741851807, 21527.0
0.714428186416626, 21527.0
0.7539494037628174, 22154.0
0.7935900688171387, 22369.0
0.8333570957183838, 23280.0
0.8730921745300293, 23550.0
0.912905216217041, 23550.0
0.9527101516723633, 24386.0
0.992556095123291, 24386.0
1.0324971675872803, 24951.0
1.0724804401397705, 25681.0
1.112518310546875, 25681.0
1.1525120735168457, 25681.0
1.1925601959228516, 26609.0
1.2326242923736572, 26609.0
1.2727773189544678, 26956.0
1.3129682540893555, 26993.0
1.3533191680908203, 28090.0
1.3935763835906982, 28090.0
1.4339263439178467, 28090.0
1.474147081375122, 28090.0
1.514416217803955, 28090.0
1.5547473430633545, 28090.0
1.5950074195861816, 28090.0
1.6354711055755615, 28299.0
1.6758112907409668, 28312.0
1.7162511348724365, 28392.0
1.7567121982574463, 28392.0
1.7968430519104004, 28392.0
1.8373231887817383, 28590.0
1.8784093856811523, 28590.0
1.919504165649414, 28590.0
1.959956407546997, 28590.0
2.0003933906555176, 28590.0
2.040886163711548, 28590.0
2.0813980102539062, 28590.0
2.122051239013672, 28590.0
2.1625053882598877, 28609.0
2.2029333114624023, 28609.0
2.243389368057251, 28609.0
2.2838263511657715, 28609.0
2.32417631149292, 28609.0
2.3646531105041504, 28609.0
2.4050612449645996, 28609.0
2.4455573558807373, 28609.0
2.485973358154297, 28609.0
2.5263161659240723, 28609.0
2.5666444301605225, 28609.0
2.607150077819824, 28609.0
2.647573471069336, 28609.0
2.6882433891296387, 28609.0
2.728604316711426, 28609.0
2.76897931098938, 28609.0
2.809547185897827, 28609.0
2.8509624004364014, 28609.0
2.8913121223449707, 28609.0
2.931847333908081, 28609.0
2.974311351776123, 28609.0
3.0148873329162598, 28609.0
3.055924415588379, 28609.0
3.0975470542907715, 28609.0
3.1384613513946533, 28609.0
3.1798760890960693, 28609.0
3.2221713066101074, 28609.0
3.26405930519104, 28609.0
3.3059892654418945, 28609.0
3.3487801551818848, 28609.0
3.3907363414764404, 28609.0
3.432368278503418, 28609.0
3.474109172821045, 28609.0
3.515949249267578, 28609.0
3.5575480461120605, 28609.0
3.599194288253784, 28609.0
3.6411943435668945, 28609.0
3.6827921867370605, 28707.0
3.7254583835601807, 28707.0
3.7663822174072266, 28707.0
3.8072643280029297, 28707.0
3.8479113578796387, 28707.0
3.8887972831726074, 28707.0
3.930981159210205, 28707.0
3.97228741645813, 28707.0
4.013774156570435, 28707.0
4.0547120571136475, 28707.0
4.095294237136841, 28707.0
4.136019229888916, 28707.0
4.176753282546997, 28707.0
4.217412233352661, 28707.0
4.257906198501587, 28707.0
4.298784255981445, 28707.0
4.339343309402466, 28707.0
4.379717111587524, 28707.0
4.4201483726501465, 28707.0
4.460752248764038, 28707.0
4.501258373260498, 28707.0
4.542374134063721, 28707.0
4.58324933052063, 28707.0
4.624241352081299, 28707.0
4.664919137954712, 28707.0
4.705620288848877, 28707.0
4.746419191360474, 28707.0
4.78733229637146, 28707.0
4.828931093215942, 28707.0
4.870635032653809, 28707.0
4.912057161331177, 28707.0
4.954306125640869, 28707.0
4.996021270751953, 28707.0
5.037889242172241, 28707.0
5.0792012214660645, 28707.0
5.121175050735474, 28707.0
5.162800312042236, 28707.0
5.20546817779541, 28707.0
5.247964382171631, 28707.0
5.290078401565552, 28707.0
5.333211183547974, 28707.0
5.3744893074035645, 28707.0
5.415395259857178, 28707.0
5.456491231918335, 28707.0
5.497453212738037, 28707.0
5.538522243499756, 28707.0
5.579771280288696, 28707.0
5.621741056442261, 28707.0
5.6626691818237305, 28707.0
5.703584432601929, 28707.0
5.7445173263549805, 28707.0
5.7854273319244385, 28707.0
5.826263189315796, 28707.0
5.867070198059082, 28707.0
5.90795636177063, 28707.0
5.950238227844238, 28707.0
5.991671085357666, 28707.0
6.032685279846191, 28707.0
6.07361102104187, 28707.0
6.1146581172943115, 28707.0
6.155577182769775, 28707.0
6.196583271026611, 28707.0
6.237603187561035, 28707.0
6.2785773277282715, 28707.0
6.3194801807403564, 28707.0
6.359974145889282, 28707.0
6.400844097137451, 28707.0
6.441824436187744, 28707.0
6.482738256454468, 28707.0
6.523647308349609, 28707.0
6.564499378204346, 28707.0
6.605351209640503, 28707.0
6.646349191665649, 28707.0
6.687196254730225, 28707.0
6.72798228263855, 28707.0
6.7683961391448975, 28707.0
6.8088061809539795, 28707.0
6.8495612144470215, 28707.0
6.890177011489868, 28707.0
6.931030035018921, 28707.0
6.971839427947998, 28707.0
7.012613296508789, 28707.0
7.053382158279419, 28707.0
7.0941853523254395, 28707.0
7.135144233703613, 28707.0
7.175952196121216, 28707.0
7.216507196426392, 28707.0
7.257329225540161, 28707.0
7.297866344451904, 28707.0
7.338698387145996, 28707.0
7.379748106002808, 28707.0
7.4205732345581055, 28707.0
7.461424350738525, 28707.0
7.5022783279418945, 28707.0
7.542785167694092, 28707.0
7.583332300186157, 28707.0
7.624176263809204, 28707.0
7.665039300918579, 28707.0
7.705392122268677, 28707.0
7.745855331420898, 28707.0
7.786322355270386, 28707.0
7.8267951011657715, 28707.0
7.867383241653442, 28707.0
7.908308267593384, 28707.0
7.949348211288452, 28707.0
7.991656303405762, 28707.0
8.033066272735596, 28707.0
8.07365345954895, 28707.0
8.114895105361938, 28707.0
8.155539274215698, 28707.0
8.19637131690979, 28707.0
