2.7894973754882812e-05, 457.0
5.1021575927734375e-05, 1454.0
7.295608520507812e-05, 1872.0
9.489059448242188e-05, 1930.0
0.00016188621520996094, 2730.0
0.0003209114074707031, 3149.0
0.004391908645629883, 3546.0
0.004478931427001953, 3554.0
0.00469207763671875, 4254.0
0.004800081253051758, 4363.0
0.0051190853118896484, 4443.0
0.0051839351654052734, 5012.0
0.010977745056152344, 5151.0
0.012704849243164062, 5303.0
0.013937950134277344, 5733.0
0.022974014282226562, 5872.0
0.023775100708007812, 6003.0
0.029234886169433594, 6769.0
0.029698848724365234, 7491.0
0.031052827835083008, 7897.0
0.27690601348876953, 7963.0
0.7454888820648193, 8022.0
0.745919942855835, 8081.0
0.754105806350708, 8116.0
0.7544598579406738, 8573.0
0.8416688442230225, 8808.0
