0.04941821098327637, 10264.0
0.08782720565795898, 13044.0
0.12586212158203125, 13044.0
0.16396617889404297, 13044.0
0.2017669677734375, 13188.0
0.24017810821533203, 14965.0
0.2783529758453369, 15995.0
0.31664204597473145, 16246.0
0.35515403747558594, 17311.0
0.3941202163696289, 17735.0
0.4329559803009033, 18060.0
0.47171497344970703, 19290.0
0.5105671882629395, 19290.0
0.5495750904083252, 20354.0
0.5886249542236328, 20354.0
0.6284341812133789, 20821.0
0.6675970554351807, 22402.0
0.7067759037017822, 22402.0
0.7460289001464844, 22402.0
0.7853269577026367, 22984.0
0.824927806854248, 23593.0
0.8646161556243896, 24327.0
0.9043970108032227, 25083.0
0.9442379474639893, 25083.0
0.9840879440307617, 25230.0
1.024691104888916, 25490.0
1.0649080276489258, 25710.0
1.1048531532287598, 25710.0
1.1449329853057861, 26287.0
1.1851119995117188, 26589.0
1.225182056427002, 26589.0
1.2652599811553955, 27198.0
1.305361032485962, 27198.0
1.3451528549194336, 27824.0
1.3850510120391846, 27824.0
1.4255242347717285, 27924.0
1.4657719135284424, 28105.0
1.5060200691223145, 28399.0
1.5463268756866455, 28399.0
1.586596965789795, 28399.0
1.6273260116577148, 28399.0
1.6712589263916016, 28399.0
1.71274995803833, 28399.0
1.753277063369751, 28399.0
1.794658899307251, 28525.0
1.8372180461883545, 28525.0
1.8786499500274658, 28525.0
1.9203450679779053, 28525.0
1.9618849754333496, 28525.0
2.0034470558166504, 28525.0
2.04469895362854, 28525.0
2.085759162902832, 28525.0
2.1268551349639893, 28525.0
2.167849063873291, 28525.0
2.20871901512146, 28525.0
2.249479055404663, 28525.0
2.290127992630005, 28525.0
2.3306820392608643, 28525.0
2.3712658882141113, 28525.0
2.4119279384613037, 28525.0
2.452781915664673, 28525.0
2.4937171936035156, 28525.0
2.5346059799194336, 28525.0
2.5754871368408203, 28525.0
2.6160528659820557, 28525.0
2.65698504447937, 28525.0
2.6975600719451904, 28525.0
2.7384300231933594, 28525.0
2.778965950012207, 28525.0
2.819833993911743, 28525.0
2.8608291149139404, 28525.0
2.901689052581787, 28525.0
2.9422829151153564, 28525.0
2.9831430912017822, 28525.0
3.0241241455078125, 28525.0
3.0650441646575928, 28525.0
3.1056149005889893, 28525.0
3.146618127822876, 28525.0
3.18709397315979, 28525.0
3.2279419898986816, 28525.0
3.268465042114258, 28525.0
3.309267044067383, 28525.0
3.349748134613037, 28525.0
3.391261100769043, 28525.0
3.4329450130462646, 28525.0
3.474971055984497, 28525.0
3.5165579319000244, 28525.0
3.5587799549102783, 28525.0
3.6021809577941895, 28525.0
3.6438651084899902, 28525.0
3.685429811477661, 28525.0
3.7275290489196777, 28525.0
3.769887924194336, 28525.0
3.8120310306549072, 28525.0
3.8549790382385254, 28525.0
3.8972830772399902, 28525.0
3.940234899520874, 28525.0
3.9811930656433105, 28525.0
4.022062063217163, 28525.0
4.062872886657715, 28525.0
4.10368800163269, 28525.0
4.1441709995269775, 28525.0
4.18495512008667, 28525.0
4.226410150527954, 28525.0
4.267005205154419, 28525.0
4.3074212074279785, 28525.0
4.348322868347168, 28525.0
4.3892199993133545, 28525.0
4.4301979541778564, 28525.0
4.471061944961548, 28525.0
4.512005090713501, 28533.0
4.552540063858032, 28533.0
4.593482255935669, 28533.0
4.634353160858154, 28533.0
4.675621032714844, 28533.0
4.717642068862915, 28533.0
4.759477853775024, 28533.0
4.801119089126587, 28533.0
4.844346046447754, 28533.0
4.885908126831055, 28533.0
4.927321910858154, 28533.0
4.969069957733154, 28533.0
5.010709047317505, 28533.0
5.052512884140015, 28533.0
5.095378160476685, 28533.0
5.138483047485352, 28533.0
5.181172847747803, 28533.0
5.223229169845581, 28533.0
5.2639241218566895, 28533.0
5.304535865783691, 28533.0
5.34526515007019, 28533.0
5.386137962341309, 28533.0
5.427037000656128, 28533.0
5.468677043914795, 28533.0
5.50932502746582, 28533.0
5.549772024154663, 28533.0
5.590353012084961, 28533.0
5.631295919418335, 28533.0
5.671823024749756, 28533.0
5.7124550342559814, 28533.0
5.753378868103027, 28533.0
5.794270038604736, 28533.0
5.835219144821167, 28533.0
5.876683950424194, 28533.0
5.918447017669678, 28533.0
5.959613084793091, 28533.0
6.000328063964844, 28533.0
6.042186975479126, 28533.0
6.083158016204834, 28533.0
6.12366509437561, 28533.0
6.1641881465911865, 28740.0
6.205065011978149, 28740.0
6.245716094970703, 28740.0
6.286545991897583, 28740.0
6.32748007774353, 28740.0
6.368190050125122, 28740.0
6.408682107925415, 28740.0
6.44957709312439, 28740.0
6.490514039993286, 28740.0
6.531103849411011, 28740.0
6.571653127670288, 28740.0
6.612149000167847, 28740.0
6.652774095535278, 28740.0
6.693181037902832, 28740.0
6.734086990356445, 28740.0
6.774551868438721, 28740.0
6.815146207809448, 28740.0
6.855762004852295, 28740.0
6.89618182182312, 28740.0
6.936697959899902, 28740.0
6.9772069454193115, 28740.0
7.017931938171387, 28740.0
7.058696031570435, 28740.0
7.0995659828186035, 28740.0
7.140254020690918, 28740.0
7.180593013763428, 28740.0
7.221150159835815, 28740.0
7.261966943740845, 28740.0
7.302434921264648, 28740.0
7.342943906784058, 28740.0
7.383358001708984, 28740.0
7.423858165740967, 28740.0
7.4643261432647705, 28740.0
7.5047430992126465, 28740.0
7.545149087905884, 28740.0
7.585611820220947, 28740.0
7.626027822494507, 28740.0
7.666411876678467, 28740.0
7.70686411857605, 28740.0
7.7472920417785645, 28740.0
7.787630081176758, 28740.0
7.828169107437134, 28740.0
7.868543863296509, 28740.0
7.909559011459351, 28740.0
7.951582193374634, 28740.0
7.99261999130249, 28740.0
8.033770084381104, 28740.0
8.074568033218384, 28740.0
8.115188837051392, 28740.0
8.155937910079956, 28740.0
8.196974992752075, 28740.0
