0.010051965713500977, 6117.0
0.018939971923828125, 6212.0
0.027767181396484375, 6730.0
0.03689885139465332, 7111.0
0.046015024185180664, 7627.0
0.05527782440185547, 7627.0
0.06445097923278809, 8353.0
0.07338714599609375, 8388.0
0.08221697807312012, 8629.0
0.09119606018066406, 8690.0
0.10019493103027344, 9147.0
0.10906982421875, 9147.0
0.11799883842468262, 9147.0
0.1269519329071045, 9147.0
0.13599014282226562, 9147.0
0.1449260711669922, 9147.0
0.15393280982971191, 9147.0
0.16290903091430664, 9147.0
0.17206788063049316, 9147.0
0.18166303634643555, 9147.0
0.19114184379577637, 9147.0
0.20041203498840332, 9147.0
0.20938611030578613, 9147.0
0.21838712692260742, 9147.0
0.22736907005310059, 9147.0
0.23633313179016113, 9147.0
0.2453460693359375, 9147.0
0.2543671131134033, 9147.0
0.26340413093566895, 9147.0
0.2724440097808838, 9147.0
0.2814819812774658, 9147.0
0.29050397872924805, 9147.0
0.2995309829711914, 9147.0
0.30860185623168945, 9147.0
0.3178229331970215, 9147.0
0.3269920349121094, 9147.0
0.33625197410583496, 9147.0
0.34538912773132324, 9147.0
0.3543360233306885, 9147.0
0.3633558750152588, 9147.0
0.3724701404571533, 9147.0
0.38178300857543945, 9147.0
0.3912529945373535, 9147.0
0.4005870819091797, 9147.0
0.40959692001342773, 9147.0
0.41861510276794434, 9147.0
0.4276418685913086, 9147.0
0.4366929531097412, 9147.0
0.4459500312805176, 9147.0
0.45509791374206543, 9147.0
0.46424102783203125, 9147.0
0.4731879234313965, 9147.0
0.48217201232910156, 9147.0
0.49112701416015625, 9147.0
0.5000669956207275, 9147.0
0.5090179443359375, 9147.0
0.5179688930511475, 9147.0
0.5269069671630859, 9147.0
0.5358281135559082, 9147.0
0.544806957244873, 9147.0
0.5537979602813721, 9147.0
0.562913179397583, 9147.0
0.5722479820251465, 9147.0
0.5814328193664551, 9147.0
0.5906131267547607, 9147.0
0.5997810363769531, 9147.0
0.6089470386505127, 9147.0
0.6180870532989502, 9147.0
0.6271979808807373, 9147.0
0.6363790035247803, 9147.0
0.6455850601196289, 9147.0
0.6547379493713379, 9147.0
0.663902997970581, 9147.0
0.6731059551239014, 9147.0
0.6823890209197998, 9147.0
0.6915900707244873, 9147.0
0.7008390426635742, 9147.0
0.7100889682769775, 9147.0
0.7192630767822266, 9147.0
0.7284970283508301, 9147.0
0.7376410961151123, 9147.0
0.7467951774597168, 9147.0
0.755885124206543, 9147.0
0.7650070190429688, 9147.0
0.7741031646728516, 9147.0
0.7831981182098389, 9147.0
0.792294979095459, 9147.0
0.8013730049133301, 9147.0
0.8104698657989502, 9147.0
0.819573163986206, 9147.0
0.8286831378936768, 9147.0
0.837792158126831, 9147.0
0.8469069004058838, 9147.0
0.8560211658477783, 9147.0
0.8651180267333984, 9147.0
0.8742539882659912, 9147.0
0.8835229873657227, 9147.0
0.89267897605896, 9147.0
0.9018561840057373, 9147.0
0.9110028743743896, 9147.0
0.9201931953430176, 9147.0
0.9293529987335205, 9147.0
0.9385669231414795, 9147.0
0.9478201866149902, 9147.0
0.9570269584655762, 9147.0
0.9662511348724365, 9147.0
0.975430965423584, 9147.0
0.9849412441253662, 9147.0
0.9944260120391846, 9147.0
1.003896951675415, 9147.0
1.0133609771728516, 9147.0
1.0228259563446045, 9147.0
1.0323200225830078, 9147.0
1.0418341159820557, 9147.0
1.0512959957122803, 9147.0
1.0607430934906006, 9147.0
1.0700020790100098, 9147.0
1.0792829990386963, 9147.0
1.0886709690093994, 9147.0
1.0978319644927979, 9147.0
1.106820821762085, 9147.0
1.1157572269439697, 9147.0
1.1247339248657227, 9147.0
1.1336469650268555, 9147.0
1.1425669193267822, 9147.0
1.1515069007873535, 9147.0
1.1605079174041748, 9147.0
1.1694531440734863, 9147.0
1.178386926651001, 9147.0
1.1873528957366943, 9147.0
1.1962690353393555, 9147.0
1.2051808834075928, 9147.0
1.2141001224517822, 9147.0
1.2230150699615479, 9147.0
1.2319419384002686, 9147.0
1.2408440113067627, 9147.0
1.2498040199279785, 9147.0
1.2587511539459229, 9147.0
1.2676661014556885, 9147.0
1.2765750885009766, 9147.0
1.2855100631713867, 9147.0
1.294435977935791, 9147.0
1.30336594581604, 9147.0
1.3122780323028564, 9147.0
1.3212029933929443, 9147.0
1.3301188945770264, 9147.0
1.3393340110778809, 9147.0
1.3485090732574463, 9147.0
1.3578581809997559, 9147.0
1.3672950267791748, 9147.0
1.3765919208526611, 9147.0
1.3856761455535889, 9147.0
1.3946030139923096, 9147.0
1.403541088104248, 9147.0
1.4124491214752197, 9147.0
1.4213991165161133, 9147.0
1.430372953414917, 9147.0
1.4393138885498047, 9147.0
1.4482510089874268, 9147.0
1.4571800231933594, 9147.0
1.4660999774932861, 9147.0
1.4750490188598633, 9147.0
1.4839539527893066, 9147.0
1.4928579330444336, 9147.0
1.501772165298462, 9147.0
1.510706901550293, 9147.0
1.5196008682250977, 9147.0
1.5285389423370361, 9147.0
1.53745698928833, 9147.0
1.5464022159576416, 9147.0
1.5553090572357178, 9147.0
1.5643489360809326, 9147.0
1.57352614402771, 9147.0
1.5824730396270752, 9147.0
1.591416835784912, 9147.0
1.6003310680389404, 9147.0
1.6092398166656494, 9147.0
1.618149995803833, 9147.0
1.6270489692687988, 9147.0
1.635972023010254, 9147.0
1.6448800563812256, 9147.0
1.6537721157073975, 9147.0
1.6626849174499512, 9147.0
1.6717021465301514, 9147.0
1.6807780265808105, 9147.0
1.6897501945495605, 9147.0
1.6986570358276367, 9147.0
1.7078101634979248, 9147.0
1.717076063156128, 9147.0
1.7261860370635986, 9147.0
1.735295057296753, 9147.0
1.7445600032806396, 9147.0
1.7537407875061035, 9147.0
1.7629649639129639, 9147.0
1.7721319198608398, 9147.0
1.7812590599060059, 9147.0
1.790370225906372, 9147.0
1.7994880676269531, 9147.0
1.808746099472046, 9147.0
1.8180420398712158, 9147.0
1.8271770477294922, 9147.0
