0.00011086463928222656, 957.0
0.0002167224884033203, 1617.0
0.0003209114074707031, 2021.0
0.0004248619079589844, 2973.0
0.0005288124084472656, 3039.0
0.009141921997070312, 3321.0
0.06374406814575195, 3722.0
0.06456804275512695, 4464.0
0.06477499008178711, 5164.0
0.06559491157531738, 5873.0
0.06569981575012207, 6482.0
0.06641578674316406, 6608.0
0.07657504081726074, 6991.0
0.07740092277526855, 7922.0
0.08016800880432129, 8655.0
0.08417987823486328, 8946.0
0.08490610122680664, 9553.0
0.08829903602600098, 9747.0
0.08971285820007324, 10606.0
0.08982706069946289, 11272.0
0.09075593948364258, 11715.0
0.09311795234680176, 12001.0
0.09507298469543457, 12283.0
0.09852194786071777, 12353.0
0.09913992881774902, 12455.0
0.09934806823730469, 12912.0
0.10748076438903809, 13192.0
0.2616908550262451, 13838.0
0.2976560592651367, 14114.0
0.297760009765625, 14970.0
0.30040693283081055, 15734.0
0.3050827980041504, 16639.0
0.30528783798217773, 16834.0
0.3081657886505127, 17520.0
0.31133604049682617, 18188.0
0.32785797119140625, 18304.0
0.32816600799560547, 18485.0
0.32979583740234375, 19428.0
3.076068878173828, 19740.0
3.409409999847412, 20189.0
3.4107909202575684, 20384.0
3.97438383102417, 20537.0
4.161175966262817, 20752.0
4.628601789474487, 21293.0
4.6432881355285645, 22073.0
4.647630929946899, 22201.0
4.652368783950806, 22647.0
4.695859909057617, 22900.0
4.737039804458618, 23078.0
4.738591909408569, 23459.0
4.745975971221924, 23561.0
4.93608283996582, 23743.0
4.9494757652282715, 23836.0
4.950232028961182, 24445.0
4.971466064453125, 24476.0
5.301137924194336, 24672.0
5.301477909088135, 25560.0
5.449010848999023, 25868.0
6.157519817352295, 25906.0
6.29048490524292, 26034.0
