2.9087066650390625e-05, 633.0
9.298324584960938e-05, 1340.0
0.00019621849060058594, 1759.0
0.00021791458129882812, 1817.0
0.0003211498260498047, 2608.0
0.0006310939788818359, 3332.0
0.0006520748138427734, 3973.0
0.0041501522064208984, 4140.0
0.004434108734130859, 4849.0
0.009700298309326172, 4917.0
0.01024317741394043, 5216.0
0.012708902359008789, 5420.0
0.02401590347290039, 5717.0
0.024036884307861328, 6315.0
0.02434992790222168, 6379.0
0.02463221549987793, 6610.0
0.024852991104125977, 6971.0
0.024893999099731445, 7638.0
0.545037031173706, 7769.0
0.6900229454040527, 8065.0
0.6924691200256348, 8394.0
0.7550320625305176, 8541.0
1.0010619163513184, 8631.0
1.0222091674804688, 8990.0
1.025871992111206, 9147.0
