0.000102996826171875, 89.0
0.0002028942108154297, 853.0
0.0003020763397216797, 1750.0
0.0004992485046386719, 2187.0
0.0070590972900390625, 2315.0
0.008893013000488281, 2441.0
0.020228147506713867, 2476.0
0.022614002227783203, 2793.0
0.022922039031982422, 3011.0
0.023025035858154297, 3293.0
0.023231029510498047, 3862.0
0.03142189979553223, 4605.0
0.03198599815368652, 4696.0
0.03211784362792969, 5139.0
0.032356977462768555, 5558.0
0.0375669002532959, 5913.0
0.049716949462890625, 6028.0
0.05061602592468262, 6033.0
0.053008079528808594, 6921.0
0.05402207374572754, 7602.0
0.06001091003417969, 8018.0
0.060211896896362305, 8464.0
0.06321406364440918, 8918.0
0.06531095504760742, 9688.0
0.07020092010498047, 10334.0
0.07050204277038574, 10559.0
0.07530689239501953, 10783.0
0.07630515098571777, 10978.0
0.07700800895690918, 11104.0
0.09983301162719727, 11767.0
0.11446690559387207, 12663.0
0.11456894874572754, 13120.0
0.16236305236816406, 13186.0
0.16745996475219727, 13428.0
0.16815900802612305, 13874.0
0.18364214897155762, 13990.0
0.18414092063903809, 14072.0
0.19173121452331543, 14410.0
0.192033052444458, 14501.0
0.19373297691345215, 15364.0
0.19594216346740723, 15617.0
0.19614315032958984, 16258.0
0.19775986671447754, 16384.0
0.27909016609191895, 16475.0
0.44797801971435547, 16778.0
0.45253491401672363, 17069.0
0.45562219619750977, 17563.0
0.4565160274505615, 18333.0
0.4648120403289795, 18590.0
0.4697902202606201, 18667.0
0.4727761745452881, 18862.0
1.637434959411621, 19083.0
1.644547939300537, 19165.0
1.6475250720977783, 19611.0
1.667816162109375, 19623.0
1.6738338470458984, 20445.0
3.3522379398345947, 21076.0
3.355067014694214, 22030.0
3.7863900661468506, 22568.0
4.064877986907959, 22806.0
4.07092022895813, 22866.0
4.0817201137542725, 23020.0
4.090504169464111, 23064.0
4.129950046539307, 23465.0
4.132153034210205, 23633.0
4.164401054382324, 23672.0
4.169332981109619, 24115.0
4.179233074188232, 24117.0
4.461337089538574, 24489.0
4.744261026382446, 24677.0
5.139734983444214, 25024.0
5.313767194747925, 25579.0
5.809692144393921, 25924.0
5.916193008422852, 26050.0
6.517942905426025, 26312.0
6.5422070026397705, 26769.0
