0.04981803894042969, 7223.0
0.08809995651245117, 8451.0
0.12604093551635742, 10230.0
0.16415023803710938, 11341.0
0.20229887962341309, 12234.0
0.24074816703796387, 12234.0
0.279155969619751, 14541.0
0.3176610469818115, 15583.0
0.35605311393737793, 19067.0
0.39456701278686523, 20209.0
0.4330909252166748, 20356.0
0.47212910652160645, 21103.0
0.5112080574035645, 22146.0
0.5503439903259277, 22146.0
0.5895471572875977, 22146.0
0.6296570301055908, 22710.0
0.6691040992736816, 22710.0
0.7086460590362549, 23065.0
0.7482850551605225, 23065.0
0.7878990173339844, 23065.0
0.827613115310669, 23215.0
0.8673660755157471, 23396.0
0.907120943069458, 24189.0
0.9466860294342041, 24189.0
0.9862921237945557, 24803.0
1.0258982181549072, 24912.0
1.0655460357666016, 25443.0
1.105504035949707, 25443.0
1.1450378894805908, 26145.0
1.18467116355896, 26145.0
1.2243800163269043, 26145.0
1.2639389038085938, 26145.0
1.3036088943481445, 26507.0
1.3433301448822021, 26507.0
1.3830680847167969, 26589.0
1.4227070808410645, 26764.0
1.4624359607696533, 26913.0
1.502108097076416, 26913.0
1.5417702198028564, 27108.0
1.5815460681915283, 27108.0
1.6213042736053467, 27278.0
1.6618120670318604, 27278.0
1.7045211791992188, 27278.0
1.745959997177124, 27435.0
1.7873430252075195, 27435.0
1.8291642665863037, 27435.0
1.8702008724212646, 27435.0
1.9110989570617676, 27435.0
1.9518201351165771, 27435.0
1.9927151203155518, 27435.0
2.0333919525146484, 27435.0
2.074036121368408, 27435.0
2.114706039428711, 27435.0
2.155395984649658, 27435.0
2.1961019039154053, 27435.0
2.236968994140625, 27435.0
2.2775919437408447, 27453.0
2.318312168121338, 27453.0
2.3585219383239746, 27453.0
2.3990581035614014, 27453.0
2.439279079437256, 27453.0
2.4794161319732666, 27453.0
2.5200390815734863, 27453.0
2.560580015182495, 27453.0
2.6007142066955566, 27453.0
2.640958070755005, 27453.0
2.681068181991577, 27453.0
2.721640110015869, 27453.0
2.7617008686065674, 27453.0
2.802229166030884, 27453.0
2.8438942432403564, 27453.0
2.884281873703003, 27453.0
2.924699068069458, 27453.0
2.9648849964141846, 27453.0
3.0054638385772705, 27453.0
3.046905040740967, 27453.0
3.08781099319458, 27456.0
3.1293060779571533, 27456.0
3.170621156692505, 27456.0
3.2109720706939697, 27456.0
3.251880168914795, 27456.0
3.2922170162200928, 27456.0
3.3328070640563965, 27456.0
3.3729209899902344, 27510.0
3.413621187210083, 27510.0
3.4540231227874756, 27510.0
3.4939920902252197, 27510.0
3.534349203109741, 27555.0
3.5759172439575195, 27555.0
3.6175010204315186, 27555.0
3.6588070392608643, 27555.0
3.7013041973114014, 27555.0
3.743751049041748, 27555.0
3.78633713722229, 27555.0
3.8276829719543457, 27555.0
3.8691952228546143, 27555.0
3.9105329513549805, 27555.0
3.952486991882324, 27555.0
3.994739055633545, 27838.0
4.036438226699829, 27838.0
4.078861951828003, 27838.0
4.1197731494903564, 27838.0
4.1605799198150635, 27838.0
4.201271057128906, 27838.0
4.2418372631073, 27838.0
4.282421112060547, 27838.0
4.323625087738037, 27838.0
4.364613056182861, 27838.0
4.406033039093018, 27838.0
4.446258068084717, 27838.0
4.486584186553955, 27838.0
4.527048110961914, 27838.0
4.568096160888672, 27838.0
4.608551979064941, 27838.0
4.6492109298706055, 27838.0
4.689471006393433, 27838.0
4.7299699783325195, 27838.0
4.770586967468262, 27838.0
4.810944080352783, 27838.0
4.851530075073242, 27838.0
4.891963958740234, 27838.0
4.932758092880249, 27838.0
4.974086046218872, 27838.0
5.016016960144043, 27838.0
5.0574119091033936, 27838.0
5.099140882492065, 27838.0
5.140854120254517, 27838.0
5.181918144226074, 27838.0
5.223033905029297, 27838.0
5.264837026596069, 27838.0
5.30661416053772, 27838.0
5.348686933517456, 27838.0
5.390710115432739, 27838.0
5.432342052459717, 27838.0
5.47380518913269, 27838.0
5.514463186264038, 27838.0
5.554904937744141, 27838.0
5.595422029495239, 27838.0
5.635810852050781, 27838.0
5.675980091094971, 27838.0
5.717613220214844, 27838.0
5.758252143859863, 27838.0
5.798622131347656, 27838.0
5.840497016906738, 27838.0
5.881257057189941, 27838.0
5.922137022018433, 27838.0
5.962844133377075, 27838.0
6.003386974334717, 27838.0
6.043704271316528, 27838.0
6.0844011306762695, 27838.0
6.12507700920105, 27838.0
6.165673017501831, 27838.0
6.206134080886841, 27838.0
6.2469000816345215, 27838.0
6.287611961364746, 27838.0
6.32827091217041, 27838.0
6.3686559200286865, 27838.0
6.409327983856201, 27838.0
6.449570894241333, 27838.0
6.489980936050415, 27838.0
6.530648946762085, 27838.0
6.5712878704071045, 27838.0
6.611983060836792, 27838.0
6.652776002883911, 27838.0
6.693947076797485, 27838.0
6.735499143600464, 27838.0
6.775797128677368, 27838.0
6.816658020019531, 27838.0
6.8572492599487305, 27838.0
6.897923946380615, 27838.0
6.938198089599609, 27838.0
6.9789509773254395, 27838.0
7.019808053970337, 27838.0
7.060513257980347, 27838.0
7.101067066192627, 27838.0
7.141731023788452, 27838.0
7.182093858718872, 27838.0
7.223023891448975, 27838.0
7.263383150100708, 27838.0
7.304301977157593, 27838.0
7.3447370529174805, 27838.0
7.385509014129639, 27838.0
7.426119089126587, 27838.0
7.46684193611145, 27838.0
7.507190227508545, 27838.0
7.547882080078125, 27838.0
7.588119268417358, 27838.0
7.6289098262786865, 27838.0
7.669156074523926, 27838.0
7.7095582485198975, 27838.0
7.7499799728393555, 27838.0
7.79033088684082, 27838.0
7.831331968307495, 27838.0
7.87303900718689, 27838.0
7.913665056228638, 27838.0
7.9543352127075195, 27838.0
7.994704008102417, 27838.0
8.035436153411865, 27838.0
8.07621693611145, 27838.0
8.116666078567505, 27838.0
8.157250165939331, 27838.0
