0.009948968887329102, 5746.0
0.018624067306518555, 6975.0
0.02740192413330078, 7132.0
0.036444902420043945, 7639.0
0.04552197456359863, 8040.0
0.05438804626464844, 8059.0
0.06328701972961426, 8338.0
0.0722050666809082, 8474.0
0.08115720748901367, 8602.0
0.09017205238342285, 8842.0
0.09924817085266113, 8842.0
0.10840392112731934, 8842.0
0.11756014823913574, 8842.0
0.12672996520996094, 8842.0
0.13589096069335938, 8842.0
0.1450822353363037, 8842.0
0.15423202514648438, 8842.0
0.16333484649658203, 8940.0
0.17255306243896484, 8940.0
0.1817338466644287, 8940.0
0.19089508056640625, 8940.0
0.20027804374694824, 8940.0
0.2095470428466797, 8940.0
0.21878910064697266, 8940.0
0.2280588150024414, 8940.0
0.23738694190979004, 8940.0
0.246690034866333, 8940.0
0.25597596168518066, 8940.0
0.2652699947357178, 8940.0
0.2745652198791504, 8940.0
0.2838761806488037, 8940.0
0.29319310188293457, 9147.0
0.3025479316711426, 9147.0
0.31192922592163086, 9147.0
0.3212599754333496, 9147.0
0.33049607276916504, 9147.0
0.33982014656066895, 9147.0
0.34919095039367676, 9147.0
0.3586859703063965, 9147.0
0.3679780960083008, 9147.0
0.37747621536254883, 9147.0
0.3870689868927002, 9147.0
0.39688706398010254, 9147.0
0.4062540531158447, 9147.0
0.41538214683532715, 9147.0
0.4245178699493408, 9147.0
0.4335801601409912, 9147.0
0.4426150321960449, 9147.0
0.45171093940734863, 9147.0
0.46080803871154785, 9147.0
0.4698832035064697, 9147.0
0.4788851737976074, 9147.0
0.4878730773925781, 9147.0
0.49689292907714844, 9147.0
0.5059831142425537, 9147.0
0.5150458812713623, 9147.0
0.5241029262542725, 9147.0
0.5331780910491943, 9147.0
0.5422341823577881, 9147.0
0.5512580871582031, 9147.0
0.5603001117706299, 9147.0
0.5693020820617676, 9147.0
0.5782890319824219, 9147.0
0.5874640941619873, 9147.0
0.5965759754180908, 9147.0
0.6055810451507568, 9147.0
0.6150951385498047, 9147.0
0.6243488788604736, 9147.0
0.6334130764007568, 9147.0
0.6427230834960938, 9147.0
0.6519732475280762, 9147.0
0.6613938808441162, 9147.0
0.6708340644836426, 9147.0
0.6799800395965576, 9147.0
0.6890840530395508, 9147.0
0.6981470584869385, 9147.0
0.7071859836578369, 9147.0
0.716325044631958, 9147.0
0.725693941116333, 9147.0
0.7349429130554199, 9147.0
0.7442729473114014, 9147.0
0.7533950805664062, 9147.0
0.7624900341033936, 9147.0
0.7715251445770264, 9147.0
0.7805800437927246, 9147.0
0.7896320819854736, 9147.0
0.7987010478973389, 9147.0
0.8076961040496826, 9147.0
0.8166830539703369, 9147.0
0.8256828784942627, 9147.0
0.8347461223602295, 9147.0
0.8437740802764893, 9147.0
0.8528151512145996, 9147.0
0.8618910312652588, 9147.0
0.8709299564361572, 9147.0
0.879910945892334, 9147.0
0.8888928890228271, 9147.0
0.8979048728942871, 9147.0
0.9071040153503418, 9147.0
0.9160780906677246, 9147.0
0.9250650405883789, 9147.0
0.9340560436248779, 9147.0
0.943087100982666, 9147.0
0.9522390365600586, 9147.0
0.9613211154937744, 9147.0
0.9703099727630615, 9147.0
0.9793510437011719, 9147.0
0.9883880615234375, 9147.0
0.9974029064178467, 9147.0
1.00667405128479, 9147.0
1.016191005706787, 9147.0
1.025542974472046, 9147.0
1.035027027130127, 9147.0
1.0442140102386475, 9147.0
1.0533061027526855, 9147.0
1.062317132949829, 9147.0
1.0713112354278564, 9147.0
1.080307960510254, 9147.0
1.0892820358276367, 9147.0
1.0982820987701416, 9147.0
1.1073400974273682, 9147.0
1.1163229942321777, 9147.0
1.1252670288085938, 9147.0
1.1342651844024658, 9147.0
1.1435120105743408, 9147.0
1.152759075164795, 9147.0
1.1617941856384277, 9147.0
1.1708459854125977, 9147.0
1.1798038482666016, 9147.0
1.1887750625610352, 9147.0
1.197742223739624, 9147.0
1.2067761421203613, 9147.0
1.2158021926879883, 9147.0
1.2247259616851807, 9147.0
1.2337121963500977, 9147.0
1.242678165435791, 9147.0
1.251695156097412, 9147.0
1.2607240676879883, 9147.0
1.269758939743042, 9147.0
1.2788240909576416, 9147.0
1.2878379821777344, 9147.0
1.2968730926513672, 9147.0
1.3058891296386719, 9147.0
1.3151180744171143, 9147.0
1.324187994003296, 9147.0
1.333219051361084, 9147.0
1.3422698974609375, 9147.0
1.3514041900634766, 9147.0
1.360490083694458, 9147.0
1.3694961071014404, 9147.0
1.3784918785095215, 9147.0
1.3875279426574707, 9147.0
1.3965461254119873, 9147.0
1.4056980609893799, 9147.0
1.4146921634674072, 9147.0
1.4237189292907715, 9147.0
1.4331729412078857, 9147.0
1.442375898361206, 9147.0
1.4516489505767822, 9147.0
1.4609360694885254, 9147.0
1.4701969623565674, 9147.0
1.4794392585754395, 9147.0
1.4887139797210693, 9147.0
1.4979572296142578, 9147.0
1.5072100162506104, 9147.0
1.5164401531219482, 9147.0
1.525536060333252, 9147.0
1.5347011089324951, 9147.0
1.5439932346343994, 9147.0
1.5532219409942627, 9147.0
1.5624818801879883, 9147.0
1.571791172027588, 9147.0
1.5810308456420898, 9147.0
1.5904080867767334, 9147.0
1.599670171737671, 9147.0
1.6088690757751465, 9147.0
1.6182200908660889, 9147.0
1.6274518966674805, 9147.0
1.6367170810699463, 9147.0
1.645914077758789, 9147.0
1.655122995376587, 9147.0
1.6643099784851074, 9147.0
1.6735029220581055, 9147.0
1.6826870441436768, 9147.0
1.6918730735778809, 9147.0
1.701050043106079, 9147.0
1.7103018760681152, 9147.0
1.719588041305542, 9147.0
1.7288599014282227, 9147.0
1.738131046295166, 9147.0
1.7475268840789795, 9147.0
1.7567849159240723, 9147.0
1.7660140991210938, 9147.0
1.7752351760864258, 9147.0
1.7844769954681396, 9147.0
1.793699026107788, 9147.0
1.8029780387878418, 9147.0
1.812304973602295, 9147.0
1.8216419219970703, 9147.0
1.8309152126312256, 9147.0
1.840144157409668, 9147.0
