2.5987625122070312e-05, 81.0
0.0007431507110595703, 347.0
0.0009031295776367188, 561.0
0.0015401840209960938, 916.0
0.0017199516296386719, 1097.0
0.0022382736206054688, 1739.0
0.002298116683959961, 2158.0
0.003328084945678711, 2949.0
0.004572153091430664, 3628.0
0.005011081695556641, 3831.0
0.005390167236328125, 4592.0
0.005430936813354492, 5316.0
0.00899195671081543, 5342.0
0.010823249816894531, 5857.0
0.01110219955444336, 5872.0
0.011263132095336914, 6409.0
0.034696102142333984, 6792.0
0.03481698036193848, 7516.0
0.03487825393676758, 7779.0
0.16138005256652832, 8173.0
0.5903332233428955, 8222.0
0.7735850811004639, 8569.0
0.8978071212768555, 9147.0
