0.0001049041748046875, 113.0
0.00020599365234375, 230.0
0.00030422210693359375, 930.0
0.0004031658172607422, 1680.0
0.000698089599609375, 1720.0
0.0007998943328857422, 2223.0
0.0008990764617919922, 3156.0
0.0009992122650146484, 3789.0
0.006395101547241211, 4559.0
0.006494283676147461, 5329.0
0.006984233856201172, 6188.0
0.018344879150390625, 7063.0
0.018742084503173828, 7175.0
0.02060103416442871, 7632.0
0.02435612678527832, 8157.0
0.025529146194458008, 8699.0
0.027292251586914062, 8825.0
0.030974864959716797, 9107.0
0.05493593215942383, 9407.0
0.0629720687866211, 9991.0
0.06355905532836914, 10273.0
0.06609988212585449, 10449.0
0.08260607719421387, 10665.0
0.08388495445251465, 11173.0
0.08398604393005371, 11455.0
0.11248517036437988, 11858.0
0.11876296997070312, 12079.0
0.12073206901550293, 12100.0
0.12945914268493652, 12525.0
0.14280104637145996, 12594.0
0.14936590194702148, 13361.0
0.1510319709777832, 13463.0
0.15152406692504883, 13909.0
0.1568140983581543, 14115.0
0.15946221351623535, 14839.0
0.1691582202911377, 15127.0
0.17738103866577148, 15671.0
0.18425703048706055, 15896.0
0.18474793434143066, 16596.0
0.1872241497039795, 16650.0
0.1924290657043457, 17238.0
0.9320511817932129, 17937.0
0.9419240951538086, 18449.0
2.7326011657714844, 19199.0
2.7404279708862305, 19767.0
2.7416810989379883, 20310.0
2.742264986038208, 21034.0
3.048025131225586, 21162.0
3.0578012466430664, 21574.0
3.148381233215332, 21710.0
3.1562271118164062, 21825.0
4.475927114486694, 22208.0
4.476628065109253, 22651.0
4.478230953216553, 23013.0
4.479927062988281, 23470.0
4.6805102825164795, 23696.0
4.6844892501831055, 23891.0
4.688599109649658, 23930.0
4.689729928970337, 24472.0
4.696554899215698, 24509.0
4.9537131786346436, 24544.0
4.954427003860474, 25314.0
4.957080125808716, 26014.0
5.152750015258789, 26110.0
5.173640251159668, 26305.0
5.240073919296265, 26329.0
5.359185218811035, 26750.0
5.437723159790039, 27471.0
6.1272969245910645, 27473.0
