2.574920654296875e-05, 707.0
6.67572021484375e-05, 1556.0
0.00012683868408203125, 2356.0
0.0011966228485107422, 2651.0
0.0036966800689697266, 2921.0
0.003716707229614258, 2987.0
0.0038237571716308594, 3500.0
0.005643606185913086, 3710.0
0.005877971649169922, 4434.0
0.00609278678894043, 4464.0
0.006112575531005859, 5372.0
0.009468793869018555, 5543.0
0.01761770248413086, 5707.0
0.018086910247802734, 5781.0
0.01827096939086914, 6712.0
0.05107378959655762, 7277.0
0.051172733306884766, 7918.0
0.6517517566680908, 8214.0
0.6541869640350342, 8781.0
0.8124668598175049, 9147.0
