0.0498349666595459, 9367.0
0.08833622932434082, 9469.0
0.1260662078857422, 10905.0
0.16376805305480957, 13322.0
0.20152711868286133, 13322.0
0.23958611488342285, 14265.0
0.27757811546325684, 14451.0
0.31565308570861816, 15457.0
0.35388803482055664, 16018.0
0.3923490047454834, 17106.0
0.4308300018310547, 17106.0
0.46938323974609375, 18842.0
0.5088992118835449, 19424.0
0.5485072135925293, 20401.0
0.5876741409301758, 20401.0
0.6278541088104248, 21458.0
0.667119026184082, 21677.0
0.7064239978790283, 21774.0
0.7457032203674316, 21774.0
0.7850511074066162, 22747.0
0.8244540691375732, 23836.0
0.8639230728149414, 23836.0
0.9035272598266602, 24371.0
0.9430429935455322, 24371.0
0.9826860427856445, 24617.0
1.0223569869995117, 24617.0
1.0621418952941895, 24670.0
1.101938247680664, 25782.0
1.1416981220245361, 25782.0
1.181488037109375, 25782.0
1.2213630676269531, 26737.0
1.2611792087554932, 26737.0
1.300981044769287, 26737.0
1.340886116027832, 27093.0
1.3808472156524658, 27739.0
1.4208619594573975, 27739.0
1.4608030319213867, 27853.0
1.5014450550079346, 28032.0
1.5439560413360596, 28032.0
1.5848660469055176, 28032.0
1.6248712539672852, 28228.0
1.664841890335083, 28228.0
1.704840898513794, 28228.0
1.7448310852050781, 28228.0
1.7848172187805176, 28356.0
1.8248751163482666, 28356.0
1.865020990371704, 28356.0
1.9051342010498047, 28385.0
1.9453420639038086, 28385.0
1.9855589866638184, 28482.0
2.025820255279541, 28482.0
2.0661392211914062, 28482.0
2.1066930294036865, 28482.0
2.1469860076904297, 28482.0
2.1898622512817383, 28482.0
2.2311220169067383, 28521.0
2.2713680267333984, 28551.0
2.311354160308838, 28551.0
2.3514392375946045, 28551.0
2.391986846923828, 28551.0
2.4327731132507324, 28551.0
2.4731531143188477, 28551.0
2.513200044631958, 28551.0
2.555023193359375, 28551.0
2.5959632396698, 28551.0
2.6367080211639404, 28551.0
2.677525043487549, 28551.0
2.7181921005249023, 28551.0
2.7589571475982666, 28551.0
2.7996091842651367, 28551.0
2.8406810760498047, 28551.0
2.882812261581421, 28551.0
2.9240341186523438, 28551.0
2.964540958404541, 28551.0
3.0057132244110107, 28551.0
3.046567916870117, 28551.0
3.0871450901031494, 28551.0
3.1278440952301025, 28551.0
3.169429063796997, 28551.0
3.2111129760742188, 28551.0
3.2528882026672363, 28551.0
3.2948122024536133, 28551.0
3.3365628719329834, 28551.0
3.377959966659546, 28551.0
3.4192728996276855, 28551.0
3.460618019104004, 28551.0
3.502768039703369, 28551.0
3.5458171367645264, 28551.0
3.588515043258667, 28551.0
3.6303439140319824, 28551.0
3.6720221042633057, 28551.0
3.7135159969329834, 28551.0
3.75433611869812, 28551.0
3.7952001094818115, 28551.0
3.8358771800994873, 28551.0
3.8763201236724854, 28551.0
3.916766881942749, 28551.0
3.958570957183838, 28551.0
3.9996330738067627, 28551.0
4.039967060089111, 28551.0
4.080329895019531, 28551.0
4.120706081390381, 28551.0
4.161185026168823, 28551.0
4.201531171798706, 28551.0
4.241892099380493, 28551.0
4.282260894775391, 28551.0
4.322673082351685, 28551.0
4.363188028335571, 28551.0
4.404171943664551, 28551.0
4.44454288482666, 28551.0
4.484945058822632, 28551.0
4.525537967681885, 28551.0
4.566918134689331, 28551.0
4.6084160804748535, 28551.0
4.64949107170105, 28551.0
4.689968109130859, 28551.0
4.730578899383545, 28551.0
4.771718263626099, 28551.0
4.813318252563477, 28551.0
4.854895114898682, 28551.0
4.896535158157349, 28551.0
4.938198089599609, 28551.0
4.980047225952148, 28551.0
5.02169394493103, 28551.0
5.06308913230896, 28642.0
5.104897975921631, 28642.0
5.146892070770264, 28642.0
5.189081192016602, 28642.0
5.231161117553711, 28642.0
5.273163080215454, 28642.0
5.314059019088745, 28642.0
5.354949235916138, 28642.0
5.3958351612091064, 28642.0
5.43674111366272, 28642.0
5.477407932281494, 28642.0
5.518306016921997, 28642.0
5.559796094894409, 28642.0
5.600212097167969, 28642.0
5.640548229217529, 28642.0
5.680864095687866, 28642.0
5.721280097961426, 28642.0
5.761759042739868, 28642.0
5.802053213119507, 28642.0
5.842360019683838, 28642.0
5.882786989212036, 28642.0
5.923073053359985, 28642.0
5.963308095932007, 28642.0
6.003541946411133, 28642.0
6.0438079833984375, 28642.0
6.084071159362793, 28642.0
6.124331951141357, 28642.0
6.164668083190918, 28642.0
6.205260992050171, 28642.0
6.245607852935791, 28642.0
6.285883188247681, 28642.0
6.326081037521362, 28642.0
6.366374254226685, 28642.0
6.407151222229004, 28642.0
6.447355270385742, 28642.0
6.487679958343506, 28642.0
6.527911901473999, 28642.0
6.568314075469971, 28642.0
6.609372854232788, 28642.0
6.650152921676636, 28642.0
6.690345048904419, 28642.0
6.730717897415161, 28642.0
6.770987033843994, 28642.0
6.8112969398498535, 28642.0
6.851542949676514, 28642.0
6.891942262649536, 28642.0
6.932199239730835, 28642.0
6.972785234451294, 28642.0
7.013013124465942, 28642.0
7.053197145462036, 28642.0
7.093635082244873, 28642.0
7.133951902389526, 28642.0
7.174615144729614, 28642.0
7.214944124221802, 28642.0
7.255211114883423, 28642.0
7.295697212219238, 28642.0
7.3360371589660645, 28642.0
7.376378059387207, 28642.0
7.417038202285767, 28642.0
7.457736015319824, 28642.0
7.498143911361694, 28642.0
7.538465976715088, 28642.0
7.578751087188721, 28642.0
7.6190268993377686, 28642.0
7.659359931945801, 28642.0
7.69978404045105, 28642.0
7.740390062332153, 28642.0
7.781144142150879, 28642.0
7.821529150009155, 28642.0
7.861855983734131, 28642.0
7.90304708480835, 28642.0
7.945003032684326, 28642.0
7.98639702796936, 28642.0
8.027449131011963, 28642.0
8.068747997283936, 28642.0
8.109346151351929, 28642.0
8.149838209152222, 28642.0
