0.009983062744140625, 6404.0
0.018553972244262695, 6404.0
0.02723407745361328, 6808.0
0.03617095947265625, 7756.0
0.04513216018676758, 7756.0
0.05371594429016113, 8342.0
0.06241202354431152, 8342.0
0.07110095024108887, 8911.0
0.07982301712036133, 8911.0
0.08859014511108398, 8940.0
0.09748411178588867, 8940.0
0.10634183883666992, 8940.0
0.11523318290710449, 8940.0
0.1240999698638916, 9147.0
0.13300108909606934, 9147.0
0.14197611808776855, 9147.0
0.15091681480407715, 9147.0
0.15985894203186035, 9147.0
0.16890597343444824, 9147.0
0.1778430938720703, 9147.0
0.1867971420288086, 9147.0
0.19570493698120117, 9147.0
0.20469307899475098, 9147.0
0.21365904808044434, 9147.0
0.222581148147583, 9147.0
0.23149704933166504, 9147.0
0.2404329776763916, 9147.0
0.24936509132385254, 9147.0
0.2582731246948242, 9147.0
0.2671928405761719, 9147.0
0.27610182762145996, 9147.0
0.28499794006347656, 9147.0
0.2939128875732422, 9147.0
0.30283498764038086, 9147.0
0.3118100166320801, 9147.0
0.3207681179046631, 9147.0
0.3296699523925781, 9147.0
0.33860111236572266, 9147.0
0.3477799892425537, 9147.0
0.3567502498626709, 9147.0
0.3656778335571289, 9147.0
0.374622106552124, 9147.0
0.38353991508483887, 9147.0
0.3924429416656494, 9147.0
0.4013509750366211, 9147.0
0.4102809429168701, 9147.0
0.41918301582336426, 9147.0
0.42814183235168457, 9147.0
0.4371049404144287, 9147.0
0.44606590270996094, 9147.0
0.45503807067871094, 9147.0
0.46401405334472656, 9147.0
0.47302889823913574, 9147.0
0.48213887214660645, 9147.0
0.491102933883667, 9147.0
0.500054121017456, 9147.0
0.5090560913085938, 9147.0
0.5180220603942871, 9147.0
0.5270030498504639, 9147.0
0.5359859466552734, 9147.0
0.5449569225311279, 9147.0
0.5539379119873047, 9147.0
0.5628979206085205, 9147.0
0.5718631744384766, 9147.0
0.5809180736541748, 9147.0
0.5899300575256348, 9147.0
0.5989470481872559, 9147.0
0.6082398891448975, 9147.0
0.6175251007080078, 9147.0
0.6265261173248291, 9147.0
0.6355221271514893, 9147.0
0.6445169448852539, 9147.0
0.6534950733184814, 9147.0
0.6624488830566406, 9147.0
0.6714508533477783, 9147.0
0.6804008483886719, 9147.0
0.6894111633300781, 9147.0
0.6983981132507324, 9147.0
0.7073860168457031, 9147.0
0.7163500785827637, 9147.0
0.7253110408782959, 9147.0
0.73427414894104, 9147.0
0.7432069778442383, 9147.0
0.7521538734436035, 9147.0
0.7611110210418701, 9147.0
0.7700648307800293, 9147.0
0.7790119647979736, 9147.0
0.7879939079284668, 9147.0
0.7969448566436768, 9147.0
0.8059048652648926, 9147.0
0.814863920211792, 9147.0
0.823822021484375, 9147.0
0.8327970504760742, 9147.0
0.8419809341430664, 9147.0
0.8509349822998047, 9147.0
0.8599071502685547, 9147.0
0.8688440322875977, 9147.0
0.8778769969940186, 9147.0
0.8868210315704346, 9147.0
0.8959817886352539, 9147.0
0.9053068161010742, 9147.0
0.9156670570373535, 9147.0
0.9250340461730957, 9147.0
0.9344358444213867, 9147.0
0.9438421726226807, 9147.0
0.9533400535583496, 9147.0
0.9628729820251465, 9147.0
0.9724087715148926, 9147.0
0.9819138050079346, 9147.0
0.9911019802093506, 9147.0
1.0004229545593262, 9147.0
1.0096330642700195, 9147.0
1.0187652111053467, 9147.0
1.0278658866882324, 9147.0
1.0374069213867188, 9147.0
1.0468299388885498, 9147.0
1.0562350749969482, 9147.0
1.0656578540802002, 9147.0
1.07492995262146, 9147.0
1.0846679210662842, 9147.0
1.0940837860107422, 9147.0
1.1034200191497803, 9147.0
1.1125531196594238, 9147.0
1.1218419075012207, 9147.0
1.131187915802002, 9147.0
1.140322208404541, 9147.0
1.1494410037994385, 9147.0
1.1585240364074707, 9147.0
1.1675989627838135, 9147.0
1.176706075668335, 9147.0
1.1858079433441162, 9147.0
1.194917917251587, 9147.0
1.2040231227874756, 9147.0
1.2130911350250244, 9147.0
1.2223529815673828, 9147.0
1.2314481735229492, 9147.0
1.2404589653015137, 9147.0
1.24953293800354, 9147.0
1.2585890293121338, 9147.0
1.2675960063934326, 9147.0
1.2767350673675537, 9147.0
1.285869836807251, 9147.0
1.2951509952545166, 9147.0
1.304379940032959, 9147.0
1.3135459423065186, 9147.0
1.3227951526641846, 9147.0
1.3320579528808594, 9147.0
1.3412950038909912, 9147.0
1.350618839263916, 9147.0
1.3598179817199707, 9147.0
1.369316816329956, 9147.0
1.378814935684204, 9147.0
1.3883531093597412, 9147.0
1.3978440761566162, 9147.0
1.4074277877807617, 9147.0
1.4169490337371826, 9147.0
1.4264740943908691, 9147.0
1.435654878616333, 9147.0
1.4449069499969482, 9147.0
1.4541919231414795, 9147.0
1.4634640216827393, 9147.0
1.4727280139923096, 9147.0
1.4820261001586914, 9147.0
1.4914360046386719, 9147.0
1.5008800029754639, 9147.0
1.5103509426116943, 9147.0
1.5197861194610596, 9147.0
1.5289709568023682, 9147.0
1.5379841327667236, 9147.0
1.546947956085205, 9147.0
1.5558547973632812, 9147.0
1.5647711753845215, 9147.0
1.5736231803894043, 9147.0
1.5824930667877197, 9147.0
1.591433048248291, 9147.0
1.6003270149230957, 9147.0
1.6091699600219727, 9147.0
1.6180500984191895, 9147.0
1.6268949508666992, 9147.0
1.6357808113098145, 9147.0
1.6446049213409424, 9147.0
1.6534337997436523, 9147.0
1.662254810333252, 9147.0
1.6711299419403076, 9147.0
1.680042028427124, 9147.0
1.6888861656188965, 9147.0
1.6976900100708008, 9147.0
1.7065260410308838, 9147.0
1.7153549194335938, 9147.0
1.724165916442871, 9147.0
1.7330009937286377, 9147.0
1.7418808937072754, 9147.0
1.7507531642913818, 9147.0
1.7596261501312256, 9147.0
1.7686150074005127, 9147.0
1.7777438163757324, 9147.0
1.7868170738220215, 9147.0
1.7960798740386963, 9147.0
1.8051300048828125, 9147.0
1.8140711784362793, 9147.0
1.822962999343872, 9147.0
