2.5987625122070312e-05, 891.0
0.000164031982421875, 1691.0
0.00018405914306640625, 2415.0
0.002031087875366211, 2741.0
0.002460956573486328, 2936.0
0.0026569366455078125, 3010.0
0.003125905990600586, 3440.0
0.0033991336822509766, 4240.0
0.004675865173339844, 4674.0
0.004852771759033203, 4888.0
0.00496983528137207, 5398.0
0.0051479339599609375, 5967.0
0.005403041839599609, 6023.0
0.006209850311279297, 6399.0
0.006272792816162109, 6818.0
0.006313800811767578, 7485.0
0.14411091804504395, 7567.0
0.3352620601654053, 7614.0
0.4693028926849365, 7629.0
0.4695608615875244, 7786.0
0.46993494033813477, 7844.0
0.5937798023223877, 8125.0
0.7452068328857422, 8270.0
0.794032096862793, 8497.0
0.7994699478149414, 8628.0
0.8735718727111816, 8900.0
