0.010059595108032227, 4982.0
0.018884658813476562, 5991.0
0.02773284912109375, 7307.0
0.0365297794342041, 7307.0
0.04535388946533203, 7948.0
0.05415678024291992, 7948.0
0.06308460235595703, 8447.0
0.07208490371704102, 8447.0
0.08114361763000488, 8447.0
0.09043359756469727, 8990.0
0.09978175163269043, 8990.0
0.10905170440673828, 8990.0
0.11804389953613281, 8990.0
0.12704181671142578, 9147.0
0.13605570793151855, 9147.0
0.14506983757019043, 9147.0
0.15411782264709473, 9147.0
0.1631157398223877, 9147.0
0.17216181755065918, 9147.0
0.18117094039916992, 9147.0
0.19017767906188965, 9147.0
0.19919490814208984, 9147.0
0.20833277702331543, 9147.0
0.21732473373413086, 9147.0
0.226334810256958, 9147.0
0.23533272743225098, 9147.0
0.244337797164917, 9147.0
0.25333189964294434, 9147.0
0.2624337673187256, 9147.0
0.27142882347106934, 9147.0
0.2804698944091797, 9147.0
0.28945374488830566, 9147.0
0.2984466552734375, 9147.0
0.3074157238006592, 9147.0
0.3164370059967041, 9147.0
0.3255438804626465, 9147.0
0.33455371856689453, 9147.0
0.3435518741607666, 9147.0
0.3529846668243408, 9147.0
0.36233067512512207, 9147.0
0.3718698024749756, 9147.0
0.3811159133911133, 9147.0
0.3902316093444824, 9147.0
0.3992645740509033, 9147.0
0.40833163261413574, 9147.0
0.41737866401672363, 9147.0
0.4264187812805176, 9147.0
0.43543577194213867, 9147.0
0.4444887638092041, 9147.0
0.45352864265441895, 9147.0
0.4625380039215088, 9147.0
0.47153687477111816, 9147.0
0.48056483268737793, 9147.0
0.4895517826080322, 9147.0
0.4985997676849365, 9147.0
0.507591962814331, 9147.0
0.5166177749633789, 9147.0
0.5256047248840332, 9147.0
0.534639835357666, 9147.0
0.5436258316040039, 9147.0
0.5526947975158691, 9147.0
0.5617127418518066, 9147.0
0.5709667205810547, 9147.0
0.5804316997528076, 9147.0
0.5899178981781006, 9147.0
0.599348783493042, 9147.0
0.6086525917053223, 9147.0
0.617703914642334, 9147.0
0.626727819442749, 9147.0
0.635765552520752, 9147.0
0.644798994064331, 9147.0
0.653775691986084, 9147.0
0.6627907752990723, 9147.0
0.6717476844787598, 9147.0
0.6807029247283936, 9147.0
0.6896886825561523, 9147.0
0.6986548900604248, 9147.0
0.7076878547668457, 9147.0
0.7167186737060547, 9147.0
0.7257447242736816, 9147.0
0.7347667217254639, 9147.0
0.7437877655029297, 9147.0
0.7528138160705566, 9147.0
0.7618627548217773, 9147.0
0.7708868980407715, 9147.0
0.7799177169799805, 9147.0
0.7889118194580078, 9147.0
0.7978990077972412, 9147.0
0.80684494972229, 9147.0
0.8158097267150879, 9147.0
0.8247497081756592, 9147.0
0.8337175846099854, 9147.0
0.8426859378814697, 9147.0
0.8516597747802734, 9147.0
0.8606147766113281, 9147.0
0.8695738315582275, 9147.0
0.878532886505127, 9147.0
0.8875598907470703, 9147.0
0.8965127468109131, 9147.0
0.9054868221282959, 9147.0
0.9144797325134277, 9147.0
0.9234619140625, 9147.0
0.9324276447296143, 9147.0
0.9413876533508301, 9147.0
0.9505589008331299, 9147.0
0.9595777988433838, 9147.0
0.9685518741607666, 9147.0
0.9775056838989258, 9147.0
0.9864566326141357, 9147.0
0.9954078197479248, 9147.0
1.0044238567352295, 9147.0
1.0136876106262207, 9147.0
1.0226938724517822, 9147.0
1.031646966934204, 9147.0
1.0405817031860352, 9147.0
1.049543857574463, 9147.0
1.0585308074951172, 9147.0
1.0674757957458496, 9147.0
1.0764269828796387, 9147.0
1.0853970050811768, 9147.0
1.0943617820739746, 9147.0
1.1033179759979248, 9147.0
1.1122767925262451, 9147.0
1.121229648590088, 9147.0
1.1303458213806152, 9147.0
1.1394577026367188, 9147.0
1.1484458446502686, 9147.0
1.157402753829956, 9147.0
1.1663706302642822, 9147.0
1.1753087043762207, 9147.0
1.1842617988586426, 9147.0
1.1932380199432373, 9147.0
1.2021839618682861, 9147.0
1.2111339569091797, 9147.0
1.2200798988342285, 9147.0
1.2290308475494385, 9147.0
1.2380027770996094, 9147.0
1.2470557689666748, 9147.0
1.2560608386993408, 9147.0
1.2650208473205566, 9147.0
1.2741997241973877, 9147.0
1.2835938930511475, 9147.0
1.2927417755126953, 9147.0
1.3018906116485596, 9147.0
1.3110778331756592, 9147.0
1.3203089237213135, 9147.0
1.3295056819915771, 9147.0
1.3387038707733154, 9147.0
1.3479218482971191, 9147.0
1.3571898937225342, 9147.0
1.366363763809204, 9147.0
1.3755216598510742, 9147.0
1.3847439289093018, 9147.0
1.3939368724822998, 9147.0
1.4031438827514648, 9147.0
1.4125146865844727, 9147.0
1.421785831451416, 9147.0
1.4309628009796143, 9147.0
1.4402968883514404, 9147.0
1.449507713317871, 9147.0
1.458683729171753, 9147.0
1.4678399562835693, 9147.0
1.4769809246063232, 9147.0
1.486158847808838, 9147.0
1.495323896408081, 9147.0
1.5044798851013184, 9147.0
1.5136299133300781, 9147.0
1.5227546691894531, 9147.0
1.5318737030029297, 9147.0
1.5410199165344238, 9147.0
1.550163984298706, 9147.0
1.5592918395996094, 9147.0
1.5685276985168457, 9147.0
1.5778958797454834, 9147.0
1.5870599746704102, 9147.0
1.5963966846466064, 9147.0
1.6056318283081055, 9147.0
1.6147687435150146, 9147.0
1.6239748001098633, 9147.0
1.6331868171691895, 9147.0
1.6423816680908203, 9147.0
1.6516139507293701, 9147.0
1.6608829498291016, 9147.0
1.6701257228851318, 9147.0
1.6793677806854248, 9147.0
1.6885838508605957, 9147.0
1.6979048252105713, 9147.0
1.7071685791015625, 9147.0
1.716552972793579, 9147.0
1.7257018089294434, 9147.0
1.7349576950073242, 9147.0
1.7441647052764893, 9147.0
1.7534699440002441, 9147.0
1.7628936767578125, 9147.0
1.7720966339111328, 9147.0
1.7814667224884033, 9147.0
1.790888786315918, 9147.0
1.7998688220977783, 9147.0
1.8088436126708984, 9147.0
1.817870855331421, 9147.0
1.826833724975586, 9147.0
