0.049703121185302734, 8665.0
0.08826494216918945, 9532.0
0.1261429786682129, 10004.0
0.16414999961853027, 11122.0
0.20235109329223633, 13297.0
0.2408130168914795, 13297.0
0.27921509742736816, 13723.0
0.3178400993347168, 15230.0
0.3565390110015869, 15230.0
0.39534997940063477, 16782.0
0.43426084518432617, 17656.0
0.4731559753417969, 19028.0
0.5121257305145264, 19028.0
0.5513350963592529, 20739.0
0.5906410217285156, 21271.0
0.6309549808502197, 21271.0
0.6705141067504883, 21574.0
0.7100567817687988, 21574.0
0.7496860027313232, 22660.0
0.7893900871276855, 22940.0
0.8291780948638916, 23082.0
0.8690378665924072, 24152.0
0.90907883644104, 24152.0
0.9489998817443848, 24152.0
0.9889330863952637, 24601.0
1.0298149585723877, 25468.0
1.0699660778045654, 25468.0
1.1099128723144531, 25468.0
1.1501469612121582, 25533.0
1.1902167797088623, 26045.0
1.2302470207214355, 26305.0
1.2703840732574463, 26675.0
1.310560941696167, 26745.0
1.3507769107818604, 27223.0
1.3912570476531982, 27285.0
1.4314420223236084, 27285.0
1.4717128276824951, 27817.0
1.512026071548462, 27817.0
1.5523748397827148, 27817.0
1.5927069187164307, 27887.0
1.633213758468628, 27887.0
1.673516035079956, 27934.0
1.714573860168457, 27934.0
1.7557117938995361, 28227.0
1.7961158752441406, 28227.0
1.836479902267456, 28227.0
1.877065896987915, 28227.0
1.91749906539917, 28378.0
1.9577569961547852, 28516.0
1.9981858730316162, 28516.0
2.0384039878845215, 28516.0
2.078964948654175, 28516.0
2.119292974472046, 28516.0
2.1596450805664062, 28516.0
2.2001540660858154, 28516.0
2.2405097484588623, 28516.0
2.281010866165161, 28516.0
2.32124400138855, 28516.0
2.361607789993286, 28516.0
2.4019508361816406, 28516.0
2.4425158500671387, 28516.0
2.483064889907837, 28516.0
2.5235259532928467, 28516.0
2.5644760131835938, 28516.0
2.605376958847046, 28516.0
2.645936965942383, 28516.0
2.6862969398498535, 28516.0
2.7264699935913086, 28516.0
2.7666690349578857, 28516.0
2.806962728500366, 28516.0
2.8471641540527344, 28516.0
2.8873231410980225, 28516.0
2.9276981353759766, 28516.0
2.969228982925415, 28516.0
3.0105698108673096, 28516.0
3.0520169734954834, 28516.0
3.0936408042907715, 28516.0
3.1368589401245117, 28516.0
3.178494930267334, 28516.0
3.2200350761413574, 28516.0
3.261146068572998, 28516.0
3.30238676071167, 28516.0
3.344285011291504, 28516.0
3.3865771293640137, 28516.0
3.428334951400757, 28516.0
3.470034122467041, 28542.0
3.512298822402954, 28542.0
3.553067922592163, 28542.0
3.5953938961029053, 28542.0
3.63639497756958, 28542.0
3.676988124847412, 28542.0
3.718305826187134, 28542.0
3.760840892791748, 28542.0
3.8013501167297363, 28542.0
3.8418500423431396, 28542.0
3.882680892944336, 28542.0
3.9233460426330566, 28542.0
3.9638400077819824, 28542.0
4.004267930984497, 28542.0
4.0452258586883545, 28542.0
4.085864067077637, 28542.0
4.12639307975769, 28542.0
4.166904926300049, 28542.0
4.207813024520874, 28542.0
4.248450040817261, 28542.0
4.288986921310425, 28542.0
4.3296589851379395, 28542.0
4.370206832885742, 28542.0
4.41062593460083, 28542.0
4.451627016067505, 28542.0
4.492412090301514, 28542.0
4.53312087059021, 28542.0
4.5743091106414795, 28542.0
4.615081787109375, 28542.0
4.655637979507446, 28542.0
4.696225881576538, 28542.0
4.736867904663086, 28542.0
4.7773401737213135, 28542.0
4.818135976791382, 28542.0
4.858739852905273, 28542.0
4.900273084640503, 28542.0
4.9420740604400635, 28542.0
4.983902931213379, 28542.0
5.025437831878662, 28542.0
5.067499876022339, 28542.0
5.10880708694458, 28542.0
5.150335788726807, 28542.0
5.19157075881958, 28542.0
5.233222961425781, 28542.0
5.275255918502808, 28542.0
5.318001985549927, 28542.0
5.36036491394043, 28542.0
5.40446400642395, 28542.0
5.447144031524658, 28542.0
5.489151954650879, 28542.0
5.531455993652344, 28542.0
5.573511123657227, 28542.0
5.615614891052246, 28542.0
5.658360958099365, 28542.0
5.701297998428345, 28542.0
5.743406057357788, 28542.0
5.786698818206787, 28542.0
5.828988075256348, 28542.0
5.870954990386963, 28542.0
5.912938833236694, 28542.0
5.954833984375, 28542.0
5.996737957000732, 28542.0
6.039573907852173, 28542.0
6.081714868545532, 28542.0
6.123568058013916, 28542.0
6.165570974349976, 28542.0
6.207428932189941, 28542.0
6.249483823776245, 28542.0
6.291764974594116, 28542.0
6.333892107009888, 28542.0
6.375659942626953, 28542.0
6.417528867721558, 28542.0
6.459858179092407, 28542.0
6.502136945724487, 28542.0
6.5442211627960205, 28542.0
6.586237192153931, 28542.0
6.628210783004761, 28542.0
6.67013692855835, 28542.0
6.712254762649536, 28542.0
6.75464391708374, 28542.0
6.796509742736816, 28542.0
6.838216781616211, 28542.0
6.8803229331970215, 28542.0
6.922355890274048, 28542.0
6.964488744735718, 28542.0
7.006789922714233, 28542.0
7.048594951629639, 28542.0
7.090289115905762, 28542.0
7.132511854171753, 28542.0
7.174738883972168, 28542.0
7.216964960098267, 28542.0
7.25914192199707, 28542.0
7.301055908203125, 28542.0
7.342706918716431, 28542.0
7.384424924850464, 28542.0
7.426851987838745, 28542.0
7.4689788818359375, 28542.0
7.510800123214722, 28542.0
7.552513837814331, 28542.0
7.594664096832275, 28542.0
7.636804103851318, 28542.0
7.678569793701172, 28542.0
7.720238924026489, 28542.0
7.761989116668701, 28542.0
7.80446195602417, 28542.0
7.84647798538208, 28542.0
7.887559175491333, 28542.0
7.928342819213867, 28542.0
7.968959808349609, 28542.0
8.009737968444824, 28542.0
8.050771951675415, 28542.0
8.091278076171875, 28542.0
8.131781101226807, 28542.0
8.172287940979004, 28542.0
8.212746858596802, 28542.0
8.253517866134644, 28542.0
