0.0001087188720703125, 492.0
0.00021386146545410156, 501.0
0.0003178119659423828, 1134.0
0.00041985511779785156, 1359.0
0.0005228519439697266, 1420.0
0.0020437240600585938, 2309.0
0.002950906753540039, 3168.0
0.003858804702758789, 3653.0
0.0043756961822509766, 4184.0
0.008367776870727539, 4908.0
0.013949871063232422, 5103.0
0.014863729476928711, 5401.0
0.014966011047363281, 5943.0
0.02358078956604004, 6177.0
0.02378392219543457, 6290.0
0.02421092987060547, 6685.0
0.025935888290405273, 6967.0
0.026443004608154297, 7064.0
0.041142940521240234, 7603.0
0.04427981376647949, 8394.0
0.044384002685546875, 9164.0
0.11833596229553223, 9588.0
0.12438488006591797, 9809.0
0.1281118392944336, 10384.0
0.1314377784729004, 10944.0
0.15210294723510742, 10979.0
0.15772175788879395, 11335.0
0.1615598201751709, 11731.0
0.16509699821472168, 12590.0
0.16701173782348633, 12865.0
0.171644926071167, 13244.0
0.17357802391052246, 13542.0
0.1737809181213379, 13970.0
0.17398571968078613, 14630.0
0.17418980598449707, 15172.0
0.1753087043762207, 15770.0
0.23322486877441406, 15803.0
0.40953588485717773, 15976.0
0.40973901748657227, 16832.0
0.4178469181060791, 17432.0
0.42591166496276855, 17510.0
3.2193548679351807, 18098.0
3.2957067489624023, 18254.0
3.2973146438598633, 18439.0
3.29997181892395, 18454.0
3.3052480220794678, 19025.0
3.3158907890319824, 19471.0
3.3517587184906006, 19863.0
3.3528518676757812, 20116.0
3.359693765640259, 20398.0
3.360229730606079, 20593.0
3.374109983444214, 21061.0
3.378633975982666, 21343.0
3.902554750442505, 21705.0
4.51436972618103, 22121.0
4.558957815170288, 22235.0
4.630936861038208, 22609.0
4.631475925445557, 22737.0
4.631587743759155, 22839.0
4.668701887130737, 23023.0
4.6723058223724365, 23125.0
4.689037799835205, 23501.0
4.722772836685181, 24038.0
4.896024703979492, 24137.0
4.910600900650024, 24263.0
4.9294939041137695, 24278.0
4.993339776992798, 24552.0
5.268450736999512, 24598.0
5.439739942550659, 24631.0
5.465131998062134, 24657.0
5.4874207973480225, 24782.0
5.596392869949341, 25498.0
6.187624931335449, 25638.0
