0.00987696647644043, 6601.0
0.018379926681518555, 6601.0
0.027087926864624023, 6601.0
0.03580594062805176, 7039.0
0.04483294486999512, 7849.0
0.05347394943237305, 8125.0
0.062209129333496094, 8199.0
0.07093095779418945, 8690.0
0.07971882820129395, 8690.0
0.08852100372314453, 8990.0
0.09741497039794922, 8990.0
0.1063849925994873, 9147.0
0.11536002159118652, 9147.0
0.1243448257446289, 9147.0
0.13330483436584473, 9147.0
0.14228415489196777, 9147.0
0.15129494667053223, 9147.0
0.16035890579223633, 9147.0
0.1694180965423584, 9147.0
0.17852401733398438, 9147.0
0.18788599967956543, 9147.0
0.197005033493042, 9147.0
0.20637106895446777, 9147.0
0.2156391143798828, 9147.0
0.22501516342163086, 9147.0
0.23442792892456055, 9147.0
0.24350595474243164, 9147.0
0.2526118755340576, 9147.0
0.26171398162841797, 9147.0
0.2708170413970947, 9147.0
0.2799041271209717, 9147.0
0.28902196884155273, 9147.0
0.29814982414245605, 9147.0
0.30718493461608887, 9147.0
0.31621599197387695, 9147.0
0.3252558708190918, 9147.0
0.33427882194519043, 9147.0
0.3433709144592285, 9147.0
0.3524658679962158, 9147.0
0.3615419864654541, 9147.0
0.37056589126586914, 9147.0
0.37959885597229004, 9147.0
0.3886239528656006, 9147.0
0.39763784408569336, 9147.0
0.4066739082336426, 9147.0
0.41569995880126953, 9147.0
0.42473506927490234, 9147.0
0.43378400802612305, 9147.0
0.4428589344024658, 9147.0
0.45202112197875977, 9147.0
0.461076021194458, 9147.0
0.47031092643737793, 9147.0
0.4796469211578369, 9147.0
0.4888579845428467, 9147.0
0.4980931282043457, 9147.0
0.5073599815368652, 9147.0
0.5166940689086914, 9147.0
0.5259568691253662, 9147.0
0.5352308750152588, 9147.0
0.5445048809051514, 9147.0
0.5537219047546387, 9147.0
0.5630068778991699, 9147.0
0.5722599029541016, 9147.0
0.5815670490264893, 9147.0
0.5908050537109375, 9147.0
0.6003479957580566, 9147.0
0.6099269390106201, 9147.0
0.6193420886993408, 9147.0
0.62876296043396, 9147.0
0.6380460262298584, 9147.0
0.6473081111907959, 9147.0
0.6565670967102051, 9147.0
0.665834903717041, 9147.0
0.6750080585479736, 9147.0
0.6842079162597656, 9147.0
0.6934211254119873, 9147.0
0.7026309967041016, 9147.0
0.7118752002716064, 9147.0
0.7211010456085205, 9147.0
0.7303149700164795, 9147.0
0.7395541667938232, 9147.0
0.7487828731536865, 9147.0
0.7580060958862305, 9147.0
0.7672240734100342, 9147.0
0.7765970230102539, 9147.0
0.786452054977417, 9147.0
0.796104907989502, 9147.0
0.805649995803833, 9147.0
0.8149430751800537, 9147.0
0.8242690563201904, 9147.0
0.8337059020996094, 9147.0
0.8430447578430176, 9147.0
0.8523941040039062, 9147.0
0.8617458343505859, 9147.0
0.8710930347442627, 9147.0
0.8804869651794434, 9147.0
0.8898379802703857, 9147.0
0.8992769718170166, 9147.0
0.9086589813232422, 9147.0
0.9179577827453613, 9147.0
0.9272100925445557, 9147.0
0.9365167617797852, 9147.0
0.9458339214324951, 9147.0
0.9550731182098389, 9147.0
0.9644191265106201, 9147.0
0.9736919403076172, 9147.0
0.9831340312957764, 9147.0
0.992548942565918, 9147.0
1.0017280578613281, 9147.0
1.0107851028442383, 9147.0
1.019845962524414, 9147.0
1.0288331508636475, 9147.0
1.0378599166870117, 9147.0
1.0468940734863281, 9147.0
1.0558998584747314, 9147.0
1.0650219917297363, 9147.0
1.0740580558776855, 9147.0
1.083096981048584, 9147.0
1.092101812362671, 9147.0
1.1011741161346436, 9147.0
1.1102478504180908, 9147.0
1.1193108558654785, 9147.0
1.1284191608428955, 9147.0
1.137509822845459, 9147.0
1.1466078758239746, 9147.0
1.1556601524353027, 9147.0
1.1647119522094727, 9147.0
1.173764944076538, 9147.0
1.1828391551971436, 9147.0
1.191870927810669, 9147.0
1.2009637355804443, 9147.0
1.2099759578704834, 9147.0
1.2189409732818604, 9147.0
1.2279109954833984, 9147.0
1.2372517585754395, 9147.0
1.2464981079101562, 9147.0
1.2559638023376465, 9147.0
1.2652580738067627, 9147.0
1.2743208408355713, 9147.0
1.2833590507507324, 9147.0
1.2923998832702637, 9147.0
1.301360845565796, 9147.0
1.3103718757629395, 9147.0
1.3194701671600342, 9147.0
1.3285150527954102, 9147.0
1.3375318050384521, 9147.0
1.3468470573425293, 9147.0
1.3559207916259766, 9147.0
1.3649699687957764, 9147.0
1.3740119934082031, 9147.0
1.383059024810791, 9147.0
1.3920998573303223, 9147.0
1.401129961013794, 9147.0
1.4101581573486328, 9147.0
1.4192090034484863, 9147.0
1.4282679557800293, 9147.0
1.4373068809509277, 9147.0
1.4463250637054443, 9147.0
1.4553637504577637, 9147.0
1.4644138813018799, 9147.0
1.4736368656158447, 9147.0
1.4827430248260498, 9147.0
1.4917938709259033, 9147.0
1.5008339881896973, 9147.0
1.5099048614501953, 9147.0
1.5190138816833496, 9147.0
1.5280189514160156, 9147.0
1.537071943283081, 9147.0
1.5461151599884033, 9147.0
1.555177927017212, 9147.0
1.5642991065979004, 9147.0
1.5733518600463867, 9147.0
1.5823979377746582, 9147.0
1.59157395362854, 9147.0
1.6006081104278564, 9147.0
1.609666109085083, 9147.0
1.618807077407837, 9147.0
1.6278369426727295, 9147.0
1.636855125427246, 9147.0
1.6458969116210938, 9147.0
1.6549098491668701, 9147.0
1.6639890670776367, 9147.0
1.6730408668518066, 9147.0
1.6820690631866455, 9147.0
1.6913328170776367, 9147.0
1.7004108428955078, 9147.0
1.7095470428466797, 9147.0
1.7185420989990234, 9147.0
1.7275300025939941, 9147.0
1.7364847660064697, 9147.0
1.7454547882080078, 9147.0
1.7544188499450684, 9147.0
1.7633731365203857, 9147.0
1.7723488807678223, 9147.0
1.7813289165496826, 9147.0
1.7902898788452148, 9147.0
1.7993450164794922, 9147.0
1.8083651065826416, 9147.0
1.8173859119415283, 9147.0
1.8264219760894775, 9147.0
1.835447072982788, 9147.0
