2.6226043701171875e-05, 131.0
5.0067901611328125e-05, 197.0
9.512901306152344e-05, 553.0
0.00019502639770507812, 1122.0
0.00023508071899414062, 1846.0
0.001766204833984375, 2459.0
0.00215911865234375, 2869.0
0.002650022506713867, 3128.0
0.002748250961303711, 4001.0
0.0029060840606689453, 4701.0
0.0034360885620117188, 5609.0
0.008710145950317383, 5774.0
0.021162986755371094, 5968.0
0.02215409278869629, 6050.0
0.022863149642944336, 6336.0
0.023099184036254883, 6640.0
0.023238182067871094, 7281.0
0.08866620063781738, 7628.0
0.25162696838378906, 7728.0
0.3824911117553711, 7819.0
0.6273770332336426, 8141.0
0.7654681205749512, 8168.0
0.8100900650024414, 8176.0
0.8123300075531006, 8325.0
0.8124010562896729, 8512.0
0.8195991516113281, 8788.0
0.8736381530761719, 8911.0
