0.04983711242675781, 8089.0
0.08878684043884277, 8597.0
0.12693500518798828, 9714.0
0.16501188278198242, 12014.0
0.2032151222229004, 12646.0
0.2417140007019043, 12646.0
0.28022098541259766, 14236.0
0.3189089298248291, 15359.0
0.35895299911499023, 15359.0
0.3987288475036621, 16169.0
0.4377920627593994, 17152.0
0.4772510528564453, 17585.0
0.5169458389282227, 18741.0
0.5563540458679199, 19061.0
0.5959610939025879, 20139.0
0.6360399723052979, 20404.0
0.6760828495025635, 22093.0
0.7158420085906982, 22471.0
0.7554800510406494, 22471.0
0.7953531742095947, 22774.0
0.8352530002593994, 22966.0
0.8751528263092041, 23844.0
0.9150240421295166, 24142.0
0.9552459716796875, 24643.0
0.9951510429382324, 25020.0
1.0351049900054932, 25020.0
1.0751368999481201, 25036.0
1.1152350902557373, 25496.0
1.1553120613098145, 26749.0
1.1954820156097412, 26749.0
1.2356300354003906, 26749.0
1.2759780883789062, 26749.0
1.3163530826568604, 27227.0
1.3565008640289307, 27227.0
1.3971121311187744, 27379.0
1.4374871253967285, 27893.0
1.478064775466919, 27893.0
1.5187981128692627, 28294.0
1.5591537952423096, 28294.0
1.601029872894287, 28294.0
1.6413660049438477, 28294.0
1.6819689273834229, 28294.0
1.722405195236206, 28294.0
1.763193130493164, 28487.0
1.803706169128418, 28487.0
1.8444101810455322, 28532.0
1.8853449821472168, 28532.0
1.9264709949493408, 28532.0
1.967221975326538, 28532.0
2.0080220699310303, 28532.0
2.0488169193267822, 28532.0
2.089456081390381, 28532.0
2.1299450397491455, 28532.0
2.1703739166259766, 28589.0
2.211060047149658, 28589.0
2.251789093017578, 28589.0
2.292673110961914, 28589.0
2.3334178924560547, 28589.0
2.373940944671631, 28589.0
2.414713144302368, 28589.0
2.4555470943450928, 28589.0
2.496366024017334, 28589.0
2.537245035171509, 28589.0
2.578148126602173, 28589.0
2.618657112121582, 28589.0
2.659451961517334, 28589.0
2.7001311779022217, 28589.0
2.741079092025757, 28589.0
2.7828071117401123, 28589.0
2.8238179683685303, 28589.0
2.86441707611084, 28589.0
2.905190944671631, 28589.0
2.9456419944763184, 28589.0
2.9863789081573486, 28589.0
3.027211904525757, 28589.0
3.068411111831665, 28589.0
3.1090188026428223, 28589.0
3.151034116744995, 28589.0
3.1925418376922607, 28589.0
3.2343289852142334, 28589.0
3.2762930393218994, 28589.0
3.319833993911743, 28589.0
3.366115093231201, 28589.0
3.4088189601898193, 28589.0
3.452240228652954, 28589.0
3.4954988956451416, 28589.0
3.5397729873657227, 28589.0
3.5833258628845215, 28589.0
3.626711130142212, 28589.0
3.669705867767334, 28589.0
3.7104649543762207, 28589.0
3.7510859966278076, 28589.0
3.791750907897949, 28589.0
3.832396984100342, 28589.0
3.8729898929595947, 28589.0
3.913567066192627, 28589.0
3.9550998210906982, 28589.0
3.9956228733062744, 28589.0
4.036188840866089, 28589.0
4.076673984527588, 28589.0
4.117154121398926, 28589.0
4.15776801109314, 28589.0
4.198285102844238, 28589.0
4.238777160644531, 28589.0
4.279301881790161, 28589.0
4.319786071777344, 28589.0
4.360275030136108, 28589.0
4.40063214302063, 28589.0
4.4411351680755615, 28589.0
4.481701135635376, 28589.0
4.522096157073975, 28589.0
4.562772035598755, 28589.0
4.6031951904296875, 28589.0
4.643660068511963, 28589.0
4.6840808391571045, 28589.0
4.724666118621826, 28589.0
4.766255140304565, 28589.0
4.807914972305298, 28589.0
4.84935188293457, 28589.0
4.890864133834839, 28589.0
4.9322919845581055, 28589.0
4.973526954650879, 28589.0
5.014411926269531, 28589.0
5.055834054946899, 28589.0
5.097529172897339, 28589.0
5.139071941375732, 28589.0
5.180807828903198, 28589.0
5.2224719524383545, 28589.0
5.263630151748657, 28589.0
5.304256916046143, 28589.0
5.344677925109863, 28589.0
5.385865926742554, 28589.0
5.426797151565552, 28589.0
5.467152833938599, 28589.0
5.508716106414795, 28589.0
5.5494019985198975, 28589.0
5.589637994766235, 28589.0
5.6298627853393555, 28589.0
5.6713221073150635, 28589.0
5.711975812911987, 28589.0
5.752493143081665, 28589.0
5.792949914932251, 28589.0
5.833532810211182, 28589.0
5.873600006103516, 28589.0
5.91398811340332, 28589.0
5.954149007797241, 28589.0
5.99459981918335, 28589.0
6.035131931304932, 28589.0
6.075201034545898, 28589.0
6.115496873855591, 28589.0
6.15562105178833, 28589.0
6.1960530281066895, 28589.0
6.236506938934326, 28589.0
6.27665901184082, 28589.0
6.317106008529663, 28589.0
6.35712194442749, 28589.0
6.3974831104278564, 28589.0
6.437708139419556, 28589.0
6.477838039398193, 28589.0
6.518266201019287, 28589.0
6.558341026306152, 28589.0
6.59847092628479, 28589.0
6.638807058334351, 28589.0
6.679199934005737, 28589.0
6.719656944274902, 28589.0
6.760006904602051, 28589.0
6.8004069328308105, 28589.0
6.840855121612549, 28589.0
6.881253004074097, 28589.0
6.921682834625244, 28589.0
6.962101936340332, 28589.0
7.002608776092529, 28589.0
7.043030023574829, 28589.0
7.083460092544556, 28589.0
7.1237499713897705, 28589.0
7.164124965667725, 28589.0
7.204496145248413, 28589.0
7.244878053665161, 28589.0
7.285488128662109, 28589.0
7.3260979652404785, 28589.0
7.36644983291626, 28589.0
7.406714200973511, 28589.0
7.447002172470093, 28589.0
7.486953020095825, 28589.0
7.527429103851318, 28589.0
7.56761908531189, 28589.0
7.60809588432312, 28589.0
7.648618936538696, 28589.0
7.68952488899231, 28589.0
7.731426954269409, 28589.0
7.772507905960083, 28589.0
7.8136608600616455, 28589.0
7.854778051376343, 28589.0
7.895374059677124, 28589.0
7.936408042907715, 28589.0
7.976984024047852, 28589.0
8.01768708229065, 28589.0
8.058342933654785, 28589.0
8.09899115562439, 28589.0
8.139820098876953, 28589.0
8.18046498298645, 28589.0
