0.00010704994201660156, 426.0
0.0002090930938720703, 854.0
0.00030994415283203125, 936.0
0.0004100799560546875, 1763.0
0.00051116943359375, 2179.0
0.0006120204925537109, 2375.0
0.0036079883575439453, 2410.0
0.004006147384643555, 3364.0
0.004703998565673828, 3906.0
0.00688934326171875, 4211.0
0.006989002227783203, 4868.0
0.008602142333984375, 5727.0
0.008715152740478516, 6638.0
0.01006007194519043, 7408.0
0.026354312896728516, 7964.0
0.026754140853881836, 8441.0
0.033106088638305664, 8810.0
0.03726816177368164, 9237.0
0.044956207275390625, 9610.0
0.045455217361450195, 10380.0
0.046459197998046875, 10575.0
0.04982805252075195, 10811.0
0.05835723876953125, 10982.0
0.059362173080444336, 11642.0
0.059664249420166016, 11908.0
0.06156015396118164, 11929.0
0.061762094497680664, 12372.0
0.06336402893066406, 12510.0
0.06386399269104004, 13280.0
0.3175992965698242, 13511.0
0.3191039562225342, 14049.0
0.3204059600830078, 14819.0
0.32170629501342773, 15367.0
0.4418983459472656, 15963.0
0.44459009170532227, 16597.0
0.44469118118286133, 17297.0
0.4449901580810547, 18208.0
0.44548702239990234, 19064.0
1.9938240051269531, 19445.0
2.8505311012268066, 19497.0
2.9412131309509277, 19541.0
2.972658157348633, 19560.0
2.973478078842163, 19686.0
3.83039927482605, 19737.0
3.8308300971984863, 20689.0
3.947087049484253, 20791.0
3.964799165725708, 21136.0
4.041072130203247, 21199.0
4.044387102127075, 21564.0
4.045994281768799, 21759.0
4.046500205993652, 21941.0
4.047004222869873, 22378.0
4.060758113861084, 22551.0
4.065831184387207, 22997.0
4.539637327194214, 23507.0
4.542252063751221, 23994.0
4.571893930435181, 24357.0
4.578000068664551, 24464.0
4.578102111816406, 25105.0
5.305225133895874, 25390.0
