0.04972100257873535, 8306.0
0.08830904960632324, 9055.0
0.12605023384094238, 10206.0
0.16389012336730957, 11360.0
0.20189809799194336, 11745.0
0.2400798797607422, 13916.0
0.27841997146606445, 16193.0
0.3168370723724365, 16193.0
0.35538315773010254, 16193.0
0.39403510093688965, 16914.0
0.43284010887145996, 18154.0
0.4716939926147461, 18681.0
0.5107810497283936, 19210.0
0.5497870445251465, 19949.0
0.5890069007873535, 20672.0
0.6291730403900146, 21160.0
0.6685872077941895, 21317.0
0.7081060409545898, 22591.0
0.7476820945739746, 23795.0
0.787369966506958, 23795.0
0.827117919921875, 23795.0
0.866940975189209, 23827.0
0.9068419933319092, 24067.0
0.9467060565948486, 24067.0
0.9866781234741211, 24482.0
1.0276031494140625, 25057.0
1.0678539276123047, 25508.0
1.108069896697998, 25576.0
1.1481812000274658, 25576.0
1.188277006149292, 25723.0
1.2284791469573975, 26413.0
1.2686259746551514, 26690.0
1.308854103088379, 26690.0
1.3490900993347168, 26690.0
1.3894171714782715, 26690.0
1.4296441078186035, 26697.0
1.4699909687042236, 27374.0
1.5104899406433105, 27455.0
1.551727056503296, 27455.0
1.5926239490509033, 27583.0
1.6330828666687012, 27583.0
1.6734440326690674, 28109.0
1.7139248847961426, 28116.0
1.7543280124664307, 28163.0
1.7947988510131836, 28163.0
1.8353440761566162, 28163.0
1.875844955444336, 28464.0
1.9163169860839844, 28464.0
1.9567408561706543, 28464.0
1.9973199367523193, 28464.0
2.0378150939941406, 28551.0
2.078310012817383, 28551.0
2.1212680339813232, 28551.0
2.161879062652588, 28580.0
2.2026472091674805, 28580.0
2.2441439628601074, 28580.0
2.2855172157287598, 28626.0
2.326108932495117, 28626.0
2.367063045501709, 28715.0
2.41080904006958, 28715.0
2.4515058994293213, 28833.0
2.4921491146087646, 28833.0
2.5329980850219727, 28833.0
2.574049234390259, 28833.0
2.614531993865967, 28833.0
2.6552369594573975, 28833.0
2.6959571838378906, 28833.0
2.7366411685943604, 28833.0
2.7771360874176025, 28833.0
2.817639112472534, 28833.0
2.8584110736846924, 28833.0
2.8993279933929443, 28833.0
2.9403321743011475, 28833.0
2.9811511039733887, 28833.0
3.022148847579956, 28833.0
3.0627129077911377, 28833.0
3.1038239002227783, 28833.0
3.1446211338043213, 28833.0
3.1851742267608643, 28833.0
3.225809097290039, 28833.0
3.2663261890411377, 28833.0
3.306796073913574, 28833.0
3.34748911857605, 28833.0
3.3884470462799072, 28833.0
3.4290430545806885, 28833.0
3.470503091812134, 28833.0
3.51269793510437, 28833.0
3.554555892944336, 28833.0
3.597151041030884, 28833.0
3.6403019428253174, 28833.0
3.6819348335266113, 28833.0
3.7235641479492188, 28833.0
3.76556396484375, 28833.0
3.8076159954071045, 28833.0
3.849684000015259, 28833.0
3.8920788764953613, 28833.0
3.934757947921753, 28833.0
3.9774911403656006, 28833.0
4.018547058105469, 28833.0
4.059149265289307, 28833.0
4.099541187286377, 28833.0
4.140156984329224, 28833.0
4.180749893188477, 28833.0
4.221281051635742, 28833.0
4.262890100479126, 28833.0
4.30341100692749, 28833.0
4.3439781665802, 28833.0
4.3845579624176025, 28833.0
4.425229072570801, 28833.0
4.465729236602783, 28833.0
4.506258964538574, 28833.0
4.547377109527588, 28833.0
4.588361024856567, 28833.0
4.629140138626099, 28833.0
4.669627904891968, 28833.0
4.710330009460449, 28833.0
4.750770092010498, 28833.0
4.791191816329956, 28833.0
4.831629991531372, 28833.0
4.872956037521362, 28833.0
4.914872169494629, 28833.0
4.956413984298706, 28833.0
4.997891902923584, 28833.0
5.039535999298096, 28833.0
5.080878019332886, 28833.0
5.122273206710815, 28833.0
5.163576126098633, 28833.0
5.20522403717041, 28833.0
5.247291088104248, 28833.0
5.289590120315552, 28833.0
5.3320698738098145, 28833.0
5.375150918960571, 28833.0
5.416653871536255, 28833.0
5.458125829696655, 28833.0
5.499145984649658, 28833.0
5.540085077285767, 28833.0
5.580620050430298, 28833.0
5.623108863830566, 28833.0
5.666327238082886, 28833.0
5.709697008132935, 28833.0
5.750712871551514, 28833.0
5.7918381690979, 28833.0
5.832980155944824, 28833.0
5.873584985733032, 28833.0
5.914196014404297, 28833.0
5.95502495765686, 28833.0
5.995694875717163, 28833.0
6.037606954574585, 28833.0
6.078433036804199, 28833.0
6.1192169189453125, 28833.0
6.1599791049957275, 28833.0
6.200610876083374, 28833.0
6.241451025009155, 28833.0
6.282182931900024, 28833.0
6.322892189025879, 28833.0
6.363541126251221, 28833.0
6.404413938522339, 28833.0
6.44532585144043, 28833.0
6.4859631061553955, 28833.0
6.526643991470337, 28833.0
6.56724214553833, 28833.0
6.608121871948242, 28833.0
6.649183988571167, 28833.0
6.6902570724487305, 28833.0
6.730881214141846, 28833.0
6.7718260288238525, 28833.0
6.812788009643555, 28833.0
6.853814125061035, 28833.0
6.894852876663208, 28833.0
6.935923099517822, 28833.0
6.976910829544067, 28833.0
7.017650127410889, 28833.0
7.058263063430786, 28833.0
7.098896026611328, 28833.0
7.139569997787476, 28833.0
7.18032693862915, 28833.0
7.221525192260742, 28833.0
7.262794017791748, 28833.0
7.304466009140015, 28833.0
7.34515118598938, 28833.0
7.385683059692383, 28833.0
7.426877021789551, 28833.0
7.467630863189697, 28833.0
7.508327960968018, 28833.0
7.549048900604248, 28833.0
7.590728998184204, 28833.0
7.632129192352295, 28833.0
7.673754930496216, 28833.0
7.714716911315918, 28833.0
7.7556140422821045, 28857.0
7.796272039413452, 28857.0
7.836945056915283, 28857.0
7.8777501583099365, 28857.0
7.918639898300171, 28857.0
7.959503889083862, 28857.0
8.000492095947266, 28857.0
8.041465997695923, 28857.0
8.08249306678772, 28857.0
8.1235990524292, 28857.0
8.16429615020752, 28857.0
8.205065965652466, 28857.0
