0.00010895729064941406, 544.0
0.00021386146545410156, 1474.0
0.00031685829162597656, 2211.0
0.0004210472106933594, 2688.0
0.0005240440368652344, 2768.0
0.0006279945373535156, 2896.0
0.001850128173828125, 3537.0
0.010067939758300781, 3732.0
0.012733936309814453, 3815.0
0.0175018310546875, 4585.0
0.025861024856567383, 4832.0
0.02626800537109375, 5763.0
0.026471853256225586, 6361.0
0.02748894691467285, 7077.0
0.028303146362304688, 7847.0
0.029140949249267578, 8087.0
0.036267995834350586, 8878.0
0.03688192367553711, 8946.0
0.07953596115112305, 9094.0
0.08065295219421387, 9507.0
0.08259987831115723, 10418.0
0.08586788177490234, 11372.0
0.15715980529785156, 11602.0
0.16113615036010742, 11814.0
0.161851167678833, 12768.0
0.16379094123840332, 13007.0
0.16562199592590332, 13798.0
0.17641377449035645, 14325.0
0.17763996124267578, 14894.0
0.17876505851745605, 15783.0
0.1793808937072754, 16158.0
0.1800990104675293, 16229.0
0.38539791107177734, 16954.0
0.6635928153991699, 17130.0
0.6698400974273682, 17363.0
0.6735389232635498, 17401.0
0.9156038761138916, 17923.0
0.9195051193237305, 18090.0
0.9231009483337402, 18267.0
0.9242269992828369, 18549.0
3.3159637451171875, 18841.0
3.642284870147705, 19141.0
3.8717219829559326, 19158.0
3.875464916229248, 19263.0
3.877169132232666, 19458.0
3.8779168128967285, 20056.0
4.164557933807373, 20275.0
4.169585943222046, 20401.0
4.170952796936035, 20654.0
4.181317090988159, 21152.0
4.182996988296509, 21694.0
4.370007038116455, 21734.0
4.3765549659729, 22056.0
4.385863780975342, 22444.0
4.395612001419067, 22686.0
4.396866083145142, 23594.0
4.697841167449951, 23815.0
4.727421760559082, 24474.0
4.78767991065979, 25212.0
4.844753742218018, 25653.0
4.913381099700928, 25667.0
4.956557035446167, 25825.0
4.965670108795166, 25854.0
5.065231084823608, 25975.0
5.078319072723389, 26280.0
5.096752166748047, 26439.0
5.103739023208618, 26565.0
5.129328966140747, 26847.0
5.3479108810424805, 26957.0
