2.5987625122070312e-05, 487.0
4.696846008300781e-05, 1484.0
6.794929504394531e-05, 2082.0
0.00015211105346679688, 2539.0
0.00034999847412109375, 3263.0
0.000743865966796875, 3321.0
0.0013239383697509766, 4071.0
0.0019290447235107422, 4862.0
0.006626129150390625, 5018.0
0.007796049118041992, 5228.0
0.012148857116699219, 5398.0
0.015052080154418945, 5401.0
0.03673601150512695, 5802.0
0.03835582733154297, 5826.0
0.03839612007141113, 6283.0
0.04423093795776367, 6748.0
0.15487098693847656, 7251.0
0.28180909156799316, 7271.0
0.37079286575317383, 7380.0
0.40216493606567383, 7519.0
0.4022829532623291, 8310.0
0.678278923034668, 8332.0
0.7907278537750244, 8478.0
0.9821369647979736, 8929.0
