0.01001596450805664, 5499.0
0.01858830451965332, 5704.0
0.027212142944335938, 6020.0
0.03586316108703613, 6439.0
0.04449033737182617, 6612.0
0.053098201751708984, 7115.0
0.06185317039489746, 7844.0
0.07051324844360352, 8451.0
0.07932734489440918, 8451.0
0.0880892276763916, 8451.0
0.09685826301574707, 8756.0
0.10603618621826172, 8781.0
0.11507606506347656, 8788.0
0.12415719032287598, 8788.0
0.13342523574829102, 8911.0
0.14272212982177734, 9147.0
0.15192008018493652, 9147.0
0.16110920906066895, 9147.0
0.1703171730041504, 9147.0
0.17949533462524414, 9147.0
0.18860125541687012, 9147.0
0.19781136512756348, 9147.0
0.20704936981201172, 9147.0
0.21626520156860352, 9147.0
0.22587323188781738, 9147.0
0.23546314239501953, 9147.0
0.24506902694702148, 9147.0
0.25463223457336426, 9147.0
0.2640671730041504, 9147.0
0.27330708503723145, 9147.0
0.28252220153808594, 9147.0
0.2917439937591553, 9147.0
0.30091428756713867, 9147.0
0.3100931644439697, 9147.0
0.3192613124847412, 9147.0
0.32846736907958984, 9147.0
0.337618350982666, 9147.0
0.3467841148376465, 9147.0
0.35593605041503906, 9147.0
0.36512017250061035, 9147.0
0.3742861747741699, 9147.0
0.38344812393188477, 9147.0
0.3926200866699219, 9147.0
0.4017772674560547, 9147.0
0.41097426414489746, 9147.0
0.4203481674194336, 9147.0
0.42952704429626465, 9147.0
0.4387061595916748, 9147.0
0.4480712413787842, 9147.0
0.45766115188598633, 9147.0
0.4671931266784668, 9147.0
0.4768550395965576, 9147.0
0.4864342212677002, 9147.0
0.4963212013244629, 9147.0
0.505561113357544, 9147.0
0.5148332118988037, 9147.0
0.5241472721099854, 9147.0
0.533724308013916, 9147.0
0.5431993007659912, 9147.0
0.55314040184021, 9147.0
0.5632953643798828, 9147.0
0.5735061168670654, 9147.0
0.583071231842041, 9147.0
0.5926132202148438, 9147.0
0.6021542549133301, 9147.0
0.6117112636566162, 9147.0
0.6212782859802246, 9147.0
0.6307981014251709, 9147.0
0.640228271484375, 9147.0
0.649569034576416, 9147.0
0.6590120792388916, 9147.0
0.668403148651123, 9147.0
0.6777200698852539, 9147.0
0.6867740154266357, 9147.0
0.6958022117614746, 9147.0
0.7047762870788574, 9147.0
0.713759183883667, 9147.0
0.7227382659912109, 9147.0
0.7318072319030762, 9147.0
0.740847110748291, 9147.0
0.7498481273651123, 9147.0
0.7588222026824951, 9147.0
0.7677812576293945, 9147.0
0.7767982482910156, 9147.0
0.7857861518859863, 9147.0
0.794910192489624, 9147.0
0.8038930892944336, 9147.0
0.8128712177276611, 9147.0
0.8218371868133545, 9147.0
0.8308322429656982, 9147.0
0.8400681018829346, 9147.0
0.8490762710571289, 9147.0
0.858100175857544, 9147.0
0.8671061992645264, 9147.0
0.8760921955108643, 9147.0
0.8851101398468018, 9147.0
0.8940842151641846, 9147.0
0.9031002521514893, 9147.0
0.9123451709747314, 9147.0
0.921558141708374, 9147.0
0.9309432506561279, 9147.0
0.9401962757110596, 9147.0
0.9493823051452637, 9147.0
0.9583511352539062, 9147.0
0.9673051834106445, 9147.0
0.9765870571136475, 9147.0
0.9860341548919678, 9147.0
0.9954900741577148, 9147.0
1.0045371055603027, 9147.0
1.0137531757354736, 9147.0
1.0227601528167725, 9147.0
1.031754970550537, 9147.0
1.0407822132110596, 9147.0
1.049802303314209, 9147.0
1.0588572025299072, 9147.0
1.0678272247314453, 9147.0
1.0768229961395264, 9147.0
1.0858240127563477, 9147.0
1.0948171615600586, 9147.0
1.1038100719451904, 9147.0
1.1128551959991455, 9147.0
1.121833324432373, 9147.0
1.1308794021606445, 9147.0
1.1400041580200195, 9147.0
1.1490662097930908, 9147.0
1.1581523418426514, 9147.0
1.167159080505371, 9147.0
1.17612624168396, 9147.0
1.18513822555542, 9147.0
1.1941452026367188, 9147.0
1.2031352519989014, 9147.0
1.2121052742004395, 9147.0
1.2211201190948486, 9147.0
1.2301671504974365, 9147.0
1.2391612529754639, 9147.0
1.2481982707977295, 9147.0
1.2571990489959717, 9147.0
1.2662713527679443, 9147.0
1.2752413749694824, 9147.0
1.2842421531677246, 9147.0
1.293229103088379, 9147.0
1.302281379699707, 9147.0
1.3113501071929932, 9147.0
1.320363998413086, 9147.0
1.3293392658233643, 9147.0
1.3387782573699951, 9147.0
1.3480010032653809, 9147.0
1.3573863506317139, 9147.0
1.366732120513916, 9147.0
1.3759841918945312, 9147.0
1.3852221965789795, 9147.0
1.3944971561431885, 9147.0
1.4038043022155762, 9147.0
1.4130902290344238, 9147.0
1.422274112701416, 9147.0
1.4315011501312256, 9147.0
1.4407343864440918, 9147.0
1.4499680995941162, 9147.0
1.459240198135376, 9147.0
1.4685301780700684, 9147.0
1.477877140045166, 9147.0
1.487166166305542, 9147.0
1.4964590072631836, 9147.0
1.5056800842285156, 9147.0
1.5148663520812988, 9147.0
1.524109125137329, 9147.0
1.5333151817321777, 9147.0
1.5425331592559814, 9147.0
1.5517313480377197, 9147.0
1.5609703063964844, 9147.0
1.5701642036437988, 9147.0
1.579360008239746, 9147.0
1.588489294052124, 9147.0
1.5976603031158447, 9147.0
1.6068100929260254, 9147.0
1.6159651279449463, 9147.0
1.6250872611999512, 9147.0
1.6342473030090332, 9147.0
1.6434040069580078, 9147.0
1.652644157409668, 9147.0
1.6619162559509277, 9147.0
1.6711070537567139, 9147.0
1.6802990436553955, 9147.0
1.689507246017456, 9147.0
1.6987011432647705, 9147.0
1.707930088043213, 9147.0
1.7171971797943115, 9147.0
1.726485252380371, 9147.0
1.7357661724090576, 9147.0
1.7450201511383057, 9147.0
1.7542822360992432, 9147.0
1.763641119003296, 9147.0
1.7729501724243164, 9147.0
1.7820861339569092, 9147.0
1.7914459705352783, 9147.0
1.8007111549377441, 9147.0
1.8100042343139648, 9147.0
1.819200038909912, 9147.0
1.8285212516784668, 9147.0
1.8379440307617188, 9147.0
1.8473353385925293, 9147.0
