0.05069422721862793, 8964.0
0.08867621421813965, 10757.0
0.12666916847229004, 12727.0
0.16472911834716797, 12942.0
0.20294404029846191, 13397.0
0.2412583827972412, 14341.0
0.2794981002807617, 15526.0
0.3181800842285156, 16128.0
0.356950044631958, 17140.0
0.39582109451293945, 17164.0
0.43490099906921387, 17828.0
0.4739823341369629, 18690.0
0.5131371021270752, 18796.0
0.5521063804626465, 19762.0
0.5914642810821533, 19762.0
0.631615161895752, 21338.0
0.6711742877960205, 21338.0
0.710747241973877, 21630.0
0.7500622272491455, 21630.0
0.7898082733154297, 22283.0
0.8292243480682373, 22817.0
0.8689610958099365, 22855.0
0.9084300994873047, 23490.0
0.9483990669250488, 24744.0
0.9883792400360107, 25200.0
1.0280680656433105, 25200.0
1.068162202835083, 25200.0
1.107957124710083, 26029.0
1.1480860710144043, 26045.0
1.1879191398620605, 27082.0
1.2282161712646484, 27082.0
1.2681961059570312, 27082.0
1.3083839416503906, 27082.0
1.348339319229126, 27148.0
1.3887672424316406, 27318.0
1.4289913177490234, 27647.0
1.4703271389007568, 27987.0
1.5116610527038574, 28156.0
1.5523030757904053, 28156.0
1.5928833484649658, 28443.0
1.633573055267334, 28443.0
1.6739540100097656, 28443.0
1.7145531177520752, 28443.0
1.7551243305206299, 28443.0
1.7957401275634766, 28443.0
1.8363792896270752, 28458.0
1.8770930767059326, 28487.0
1.9175090789794922, 28522.0
1.9580321311950684, 28522.0
1.9989311695098877, 28602.0
2.0397093296051025, 28602.0
2.080409049987793, 28602.0
2.1208419799804688, 28602.0
2.1617021560668945, 28641.0
2.202526330947876, 28641.0
2.243443250656128, 28641.0
2.2841782569885254, 28641.0
2.3249621391296387, 28641.0
2.3657383918762207, 28641.0
2.4066460132598877, 28716.0
2.4474411010742188, 28716.0
2.4885611534118652, 28716.0
2.5294361114501953, 28716.0
2.570279121398926, 28716.0
2.6111221313476562, 28716.0
2.6524531841278076, 28716.0
2.693223237991333, 28716.0
2.7343711853027344, 28716.0
2.775313138961792, 28716.0
2.816660165786743, 28716.0
2.8583710193634033, 28716.0
2.898794174194336, 28716.0
2.9391679763793945, 28716.0
2.9796411991119385, 28716.0
3.021231174468994, 28716.0
3.063230276107788, 28716.0
3.10498309135437, 28716.0
3.146902084350586, 28716.0
3.190314292907715, 28716.0
3.2319343090057373, 28716.0
3.2735543251037598, 28716.0
3.314998149871826, 28716.0
3.35685133934021, 28716.0
3.3990211486816406, 28716.0
3.4420552253723145, 28716.0
3.485030174255371, 28716.0
3.5291690826416016, 28716.0
3.570369005203247, 28716.0
3.6113619804382324, 28716.0
3.651970148086548, 28716.0
3.692502021789551, 28716.0
3.733095169067383, 28716.0
3.7738921642303467, 28716.0
3.8163623809814453, 28716.0
3.8570022583007812, 28716.0
3.8978731632232666, 28716.0
3.938943386077881, 28716.0
3.980062246322632, 28716.0
4.020745277404785, 28716.0
4.061650276184082, 28716.0
4.103326320648193, 28716.0
4.146026372909546, 28716.0
4.186944007873535, 28716.0
4.228656053543091, 28716.0
4.269216060638428, 28716.0
4.310117244720459, 28716.0
4.351221084594727, 28716.0
4.392054080963135, 28716.0
4.432964086532593, 28716.0
4.473658084869385, 28716.0
4.515054225921631, 28716.0
4.556666135787964, 28716.0
4.598138093948364, 28716.0
4.6396472454071045, 28716.0
4.681649208068848, 28716.0
4.723221063613892, 28716.0
4.764828205108643, 28716.0
4.8063671588897705, 28716.0
4.8491692543029785, 28716.0
4.89157509803772, 28716.0
4.933502197265625, 28716.0
4.975543022155762, 28716.0
5.018354177474976, 28716.0
5.059992074966431, 28716.0
5.100661039352417, 28716.0
5.141272068023682, 28716.0
5.181962966918945, 28716.0
5.222638130187988, 28716.0
5.2631261348724365, 28716.0
5.305290937423706, 28716.0
5.346184253692627, 28716.0
5.386964321136475, 28716.0
5.4275901317596436, 28716.0
5.468444108963013, 28716.0
5.509275197982788, 28716.0
5.551486253738403, 28716.0
5.592486143112183, 28716.0
5.6330811977386475, 28716.0
5.6738600730896, 28716.0
5.714593172073364, 28716.0
5.755216121673584, 28742.0
5.795958995819092, 28742.0
5.836586952209473, 28742.0
5.877462148666382, 28742.0
5.918300151824951, 28742.0
5.9586780071258545, 28742.0
5.999483108520508, 28742.0
6.0400612354278564, 28742.0
6.080944061279297, 28742.0
6.1214210987091064, 28742.0
6.161924123764038, 28742.0
6.202540159225464, 28742.0
6.243006229400635, 28742.0
6.2838661670684814, 28742.0
6.324515104293823, 28742.0
6.364895343780518, 28742.0
6.405791282653809, 28742.0
6.446313142776489, 28742.0
6.4866743087768555, 28742.0
6.527087211608887, 28742.0
6.567924976348877, 28742.0
6.608483076095581, 28742.0
6.649204969406128, 28742.0
6.6899802684783936, 28742.0
6.730724096298218, 28742.0
6.771275043487549, 28742.0
6.811892986297607, 28742.0
6.852528095245361, 28742.0
6.893125057220459, 28742.0
6.933893203735352, 28742.0
6.974254131317139, 28742.0
7.014951229095459, 28742.0
7.055890321731567, 28742.0
7.096623182296753, 28742.0
7.1369593143463135, 28742.0
7.177803039550781, 28742.0
7.218433141708374, 28742.0
7.259122133255005, 28742.0
7.299665212631226, 28742.0
7.340302228927612, 28742.0
7.381023168563843, 28742.0
7.4219231605529785, 28742.0
7.462221145629883, 28742.0
7.502608060836792, 28742.0
7.543359279632568, 28742.0
7.585384130477905, 28742.0
7.625683307647705, 28742.0
7.666137218475342, 28742.0
7.706430196762085, 28742.0
7.747146129608154, 28742.0
7.787475347518921, 28742.0
7.827869176864624, 28742.0
7.868135213851929, 28742.0
7.908761024475098, 28742.0
7.949043273925781, 28742.0
7.989436149597168, 28742.0
8.029756307601929, 28742.0
8.070334196090698, 28742.0
8.110876083374023, 28742.0
8.151410102844238, 28742.0
8.191641092300415, 28742.0
