0.00010514259338378906, 772.0
0.00020599365234375, 1001.0
0.00030517578125, 1168.0
0.0006959438323974609, 1594.0
0.0014791488647460938, 2418.0
0.0016770362854003906, 2530.0
0.0034389495849609375, 2535.0
0.0064580440521240234, 3326.0
0.01264190673828125, 3730.0
0.01285696029663086, 4500.0
0.013077020645141602, 5140.0
0.014882087707519531, 5586.0
0.03928518295288086, 5654.0
0.05132007598876953, 5677.0
0.051818132400512695, 6441.0
0.052310943603515625, 6538.0
0.05251026153564453, 7449.0
0.054962158203125, 7479.0
0.0565340518951416, 8270.0
0.058496952056884766, 8552.0
0.06222987174987793, 8730.0
0.06440901756286621, 8950.0
0.06529617309570312, 9674.0
0.08393311500549316, 10523.0
0.08493709564208984, 10529.0
0.0850379467010498, 10657.0
0.08730006217956543, 10662.0
0.08759593963623047, 10944.0
0.11424398422241211, 11204.0
0.11434412002563477, 12115.0
0.11837887763977051, 12762.0
0.14156889915466309, 12823.0
0.14206314086914062, 13076.0
0.14275407791137695, 13514.0
0.14335107803344727, 13526.0
0.14512300491333008, 13808.0
0.14659905433654785, 13852.0
0.14856910705566406, 14449.0
0.1498551368713379, 14696.0
0.14995813369750977, 15627.0
0.1504650115966797, 16353.0
0.15217804908752441, 17110.0
0.15288424491882324, 17252.0
0.15530109405517578, 17639.0
0.15611696243286133, 18385.0
3.175693988800049, 18408.0
3.2311031818389893, 18542.0
3.2347402572631836, 19084.0
3.240288019180298, 19830.0
3.242856025695801, 19987.0
3.386378288269043, 19988.0
3.390472173690796, 20877.0
3.3921608924865723, 21647.0
3.396721124649048, 21987.0
3.579585075378418, 22013.0
4.307359933853149, 22108.0
4.321089029312134, 22259.0
4.325423002243042, 22541.0
4.345428943634033, 22668.0
4.38863205909729, 22717.0
4.578129053115845, 22798.0
4.589325904846191, 23358.0
4.592885255813599, 24269.0
4.5974249839782715, 24811.0
4.734676837921143, 25015.0
4.745141983032227, 25210.0
4.832157135009766, 25700.0
4.8535871505737305, 26146.0
4.871185064315796, 26325.0
4.88874626159668, 26446.0
4.97974705696106, 26815.0
5.014914035797119, 26825.0
5.1400768756866455, 26933.0
6.03736424446106, 27112.0
