2.6941299438476562e-05, 196.0
4.887580871582031e-05, 552.0
0.00016999244689941406, 1276.0
0.0011630058288574219, 1628.0
0.0012030601501464844, 2335.0
0.0018219947814941406, 2502.0
0.0018620491027832031, 2615.0
0.0018830299377441406, 3315.0
0.0021219253540039062, 4133.0
0.0024399757385253906, 4517.0
0.002480030059814453, 5425.0
0.004564046859741211, 5687.0
0.004603862762451172, 6618.0
0.015478134155273438, 6713.0
0.01657390594482422, 7070.0
0.052136898040771484, 7075.0
0.11474490165710449, 7194.0
0.19625616073608398, 7215.0
0.41048502922058105, 7408.0
0.4109680652618408, 7434.0
0.5152900218963623, 7611.0
0.6382400989532471, 7811.0
0.69399094581604, 7858.0
0.7384629249572754, 7903.0
0.7430322170257568, 8162.0
