0.009927988052368164, 5359.0
0.018717050552368164, 6544.0
0.02717304229736328, 8102.0
0.03602409362792969, 8102.0
0.04474806785583496, 8102.0
0.05343008041381836, 8102.0
0.06213021278381348, 8288.0
0.07083892822265625, 8288.0
0.07958292961120605, 8817.0
0.08840012550354004, 9147.0
0.09730720520019531, 9147.0
0.10615015029907227, 9147.0
0.11511111259460449, 9147.0
0.12401294708251953, 9147.0
0.132904052734375, 9147.0
0.1417992115020752, 9147.0
0.15076804161071777, 9147.0
0.15974807739257812, 9147.0
0.16873812675476074, 9147.0
0.17768120765686035, 9147.0
0.1866741180419922, 9147.0
0.19568514823913574, 9147.0
0.20469403266906738, 9147.0
0.21370601654052734, 9147.0
0.22270703315734863, 9147.0
0.23169517517089844, 9147.0
0.24064207077026367, 9147.0
0.24995803833007812, 9147.0
0.2591259479522705, 9147.0
0.26841306686401367, 9147.0
0.2776980400085449, 9147.0
0.2867109775543213, 9147.0
0.2957041263580322, 9147.0
0.30464720726013184, 9147.0
0.3135988712310791, 9147.0
0.3226318359375, 9147.0
0.33162808418273926, 9147.0
0.34087181091308594, 9147.0
0.34991884231567383, 9147.0
0.3589460849761963, 9147.0
0.3679680824279785, 9147.0
0.3770480155944824, 9147.0
0.38608312606811523, 9147.0
0.3953268527984619, 9147.0
0.40432095527648926, 9147.0
0.413330078125, 9147.0
0.4224419593811035, 9147.0
0.43141603469848633, 9147.0
0.44063711166381836, 9147.0
0.4497520923614502, 9147.0
0.45871615409851074, 9147.0
0.4676370620727539, 9147.0
0.47657203674316406, 9147.0
0.485490083694458, 9147.0
0.49454784393310547, 9147.0
0.5035068988800049, 9147.0
0.5124578475952148, 9147.0
0.5213720798492432, 9147.0
0.530299186706543, 9147.0
0.5392098426818848, 9147.0
0.5481300354003906, 9147.0
0.5570611953735352, 9147.0
0.5660309791564941, 9147.0
0.574951171875, 9147.0
0.5838949680328369, 9147.0
0.592825174331665, 9147.0
0.6020660400390625, 9147.0
0.6113431453704834, 9147.0
0.6203382015228271, 9147.0
0.6292872428894043, 9147.0
0.6382219791412354, 9147.0
0.6471531391143799, 9147.0
0.6560790538787842, 9147.0
0.6650290489196777, 9147.0
0.673936128616333, 9147.0
0.6828899383544922, 9147.0
0.6918032169342041, 9147.0
0.7007269859313965, 9147.0
0.7096309661865234, 9147.0
0.7185461521148682, 9147.0
0.7274580001831055, 9147.0
0.7363851070404053, 9147.0
0.7453141212463379, 9147.0
0.7542309761047363, 9147.0
0.7631549835205078, 9147.0
0.7720880508422852, 9147.0
0.7810120582580566, 9147.0
0.7899110317230225, 9147.0
0.7988269329071045, 9147.0
0.8077600002288818, 9147.0
0.8166699409484863, 9147.0
0.8257908821105957, 9147.0
0.8348441123962402, 9147.0
0.8439888954162598, 9147.0
0.8529660701751709, 9147.0
0.8619840145111084, 9147.0
0.870952844619751, 9147.0
0.8799889087677002, 9147.0
0.8889739513397217, 9147.0
0.8979840278625488, 9147.0
0.9069061279296875, 9147.0
0.9159002304077148, 9147.0
0.9248120784759521, 9147.0
0.9337821006774902, 9147.0
0.9426841735839844, 9147.0
0.951617956161499, 9147.0
0.9605932235717773, 9147.0
0.9695050716400146, 9147.0
0.978424072265625, 9147.0
0.9873490333557129, 9147.0
0.9962711334228516, 9147.0
1.0051848888397217, 9147.0
1.0142691135406494, 9147.0
1.023400068283081, 9147.0
1.0323429107666016, 9147.0
1.0412771701812744, 9147.0
1.0501899719238281, 9147.0
1.0591411590576172, 9147.0
1.0680859088897705, 9147.0
1.077042818069458, 9147.0
1.0859801769256592, 9147.0
1.0949161052703857, 9147.0
1.103835105895996, 9147.0
1.1127500534057617, 9147.0
1.1216659545898438, 9147.0
1.1305639743804932, 9147.0
1.1394941806793213, 9147.0
1.1484079360961914, 9147.0
1.1575169563293457, 9147.0
1.166855812072754, 9147.0
1.1763131618499756, 9147.0
1.1855440139770508, 9147.0
1.1946330070495605, 9147.0
1.2039389610290527, 9147.0
1.2130329608917236, 9147.0
1.2221832275390625, 9147.0
1.2313330173492432, 9147.0
1.240483045578003, 9147.0
1.2496612071990967, 9147.0
1.2588670253753662, 9147.0
1.2680089473724365, 9147.0
1.2771580219268799, 9147.0
1.2862682342529297, 9147.0
1.2954390048980713, 9147.0
1.3046472072601318, 9147.0
1.3138601779937744, 9147.0
1.3230409622192383, 9147.0
1.3323051929473877, 9147.0
1.34159517288208, 9147.0
1.3507771492004395, 9147.0
1.3601500988006592, 9147.0
1.3693640232086182, 9147.0
1.3786218166351318, 9147.0
1.3877921104431152, 9147.0
1.396975040435791, 9147.0
1.4061081409454346, 9147.0
1.4152040481567383, 9147.0
1.4243278503417969, 9147.0
1.4334080219268799, 9147.0
1.4425158500671387, 9147.0
1.4516069889068604, 9147.0
1.4607181549072266, 9147.0
1.4698128700256348, 9147.0
1.4789230823516846, 9147.0
1.4880292415618896, 9147.0
1.4971461296081543, 9147.0
1.506260871887207, 9147.0
1.5155279636383057, 9147.0
1.5246961116790771, 9147.0
1.53395414352417, 9147.0
1.5431320667266846, 9147.0
1.5524139404296875, 9147.0
1.5616600513458252, 9147.0
1.5709240436553955, 9147.0
1.5802009105682373, 9147.0
1.5894808769226074, 9147.0
1.5987298488616943, 9147.0
1.608043909072876, 9147.0
1.6173999309539795, 9147.0
1.6267461776733398, 9147.0
1.636005163192749, 9147.0
1.6452209949493408, 9147.0
1.6544530391693115, 9147.0
1.6637659072875977, 9147.0
1.6730201244354248, 9147.0
1.6822969913482666, 9147.0
1.6914830207824707, 9147.0
1.7009468078613281, 9147.0
1.7105131149291992, 9147.0
1.719660997390747, 9147.0
1.728727102279663, 9147.0
1.7377660274505615, 9147.0
1.7467389106750488, 9147.0
1.7556829452514648, 9147.0
1.7646489143371582, 9147.0
1.7736380100250244, 9147.0
1.7826449871063232, 9147.0
1.7916138172149658, 9147.0
1.8005571365356445, 9147.0
1.8095250129699707, 9147.0
1.8184850215911865, 9147.0
