0.00011420249938964844, 827.0
0.0002181529998779297, 1319.0
0.0003199577331542969, 1605.0
0.0005309581756591797, 2566.0
0.009023904800415039, 2699.0
0.015687227249145508, 3104.0
0.017318248748779297, 3963.0
0.0179290771484375, 4216.0
0.02222895622253418, 4737.0
0.024975061416625977, 5247.0
0.025079011917114258, 5690.0
0.026632308959960938, 5818.0
0.03393197059631348, 6690.0
0.04423117637634277, 7109.0
0.045387983322143555, 7211.0
0.04974007606506348, 7357.0
0.05318188667297363, 7650.0
0.055024147033691406, 8250.0
0.055538177490234375, 9109.0
0.056655168533325195, 9586.0
0.07346987724304199, 9885.0
0.07398200035095215, 10137.0
0.07459521293640137, 10265.0
0.07481002807617188, 10925.0
0.07622909545898438, 11591.0
0.07643413543701172, 11786.0
0.07714509963989258, 12446.0
0.0779581069946289, 13400.0
0.08202600479125977, 13938.0
0.14193010330200195, 14016.0
0.14376211166381836, 14053.0
0.1711139678955078, 14546.0
0.17385387420654297, 14801.0
0.1796400547027588, 15502.0
0.18026208877563477, 15507.0
0.18036508560180664, 15789.0
0.18241000175476074, 16107.0
0.4185631275177002, 16620.0
0.4255201816558838, 16748.0
0.7737150192260742, 16935.0
1.1337621212005615, 17416.0
1.2637710571289062, 17503.0
1.7953450679779053, 18029.0
1.8015449047088623, 18185.0
2.0726771354675293, 18204.0
2.07863712310791, 18450.0
2.078742027282715, 18566.0
3.3379461765289307, 19251.0
3.5602962970733643, 19459.0
3.5636370182037354, 20250.0
3.7629270553588867, 20528.0
4.1749632358551025, 20811.0
4.175697088241577, 21409.0
4.176014184951782, 21537.0
4.176854133605957, 21639.0
4.203145980834961, 22137.0
4.229755163192749, 22774.0
4.2410852909088135, 22870.0
4.348185062408447, 23110.0
4.645309925079346, 23331.0
4.655764102935791, 23682.0
4.668087005615234, 23863.0
4.669142961502075, 23989.0
4.98555326461792, 24089.0
5.0033299922943115, 24301.0
5.35503625869751, 24461.0
5.357253074645996, 24907.0
5.47148323059082, 24908.0
5.978076219558716, 25041.0
6.025508165359497, 25141.0
6.029698133468628, 25394.0
6.064280033111572, 25676.0
6.133676052093506, 26015.0
