0.009903192520141602, 5742.0
0.01854109764099121, 5971.0
0.027117013931274414, 6551.0
0.03611898422241211, 6937.0
0.04504084587097168, 7722.0
0.05368304252624512, 7722.0
0.062351226806640625, 8273.0
0.07105112075805664, 8423.0
0.07980895042419434, 9147.0
0.08860397338867188, 9147.0
0.09751701354980469, 9147.0
0.10645508766174316, 9147.0
0.11535406112670898, 9147.0
0.12428402900695801, 9147.0
0.13355302810668945, 9147.0
0.14274907112121582, 9147.0
0.15216803550720215, 9147.0
0.16129302978515625, 9147.0
0.17023491859436035, 9147.0
0.17922616004943848, 9147.0
0.1881852149963379, 9147.0
0.19713091850280762, 9147.0
0.20609211921691895, 9147.0
0.21500205993652344, 9147.0
0.22393488883972168, 9147.0
0.23287296295166016, 9147.0
0.24181413650512695, 9147.0
0.25077199935913086, 9147.0
0.2597041130065918, 9147.0
0.2686460018157959, 9147.0
0.2775890827178955, 9147.0
0.28654003143310547, 9147.0
0.2954881191253662, 9147.0
0.3044469356536865, 9147.0
0.31339192390441895, 9147.0
0.3223569393157959, 9147.0
0.33129024505615234, 9147.0
0.3402879238128662, 9147.0
0.3493199348449707, 9147.0
0.3582921028137207, 9147.0
0.3673112392425537, 9147.0
0.37636899948120117, 9147.0
0.3853330612182617, 9147.0
0.39424991607666016, 9147.0
0.40321898460388184, 9147.0
0.41214895248413086, 9147.0
0.42116212844848633, 9147.0
0.4301178455352783, 9147.0
0.43906211853027344, 9147.0
0.447998046875, 9147.0
0.4569358825683594, 9147.0
0.46589207649230957, 9147.0
0.47483015060424805, 9147.0
0.48386502265930176, 9147.0
0.49280309677124023, 9147.0
0.5017120838165283, 9147.0
0.510627031326294, 9147.0
0.5195469856262207, 9147.0
0.5284690856933594, 9147.0
0.5374150276184082, 9147.0
0.5463569164276123, 9147.0
0.555290937423706, 9147.0
0.56427001953125, 9147.0
0.5732390880584717, 9147.0
0.5821900367736816, 9147.0
0.5911080837249756, 9147.0
0.6004159450531006, 9147.0
0.6096160411834717, 9147.0
0.6185789108276367, 9147.0
0.6275022029876709, 9147.0
0.6364412307739258, 9147.0
0.6453728675842285, 9147.0
0.6542940139770508, 9147.0
0.6632001399993896, 9147.0
0.6721091270446777, 9147.0
0.6810281276702881, 9147.0
0.6900532245635986, 9147.0
0.6991450786590576, 9147.0
0.7080588340759277, 9147.0
0.7169759273529053, 9147.0
0.725895881652832, 9147.0
0.7348349094390869, 9147.0
0.7438170909881592, 9147.0
0.752734899520874, 9147.0
0.7618329524993896, 9147.0
0.7710800170898438, 9147.0
0.7801730632781982, 9147.0
0.7892999649047852, 9147.0
0.7984890937805176, 9147.0
0.8076369762420654, 9147.0
0.8168251514434814, 9147.0
0.8259739875793457, 9147.0
0.8351290225982666, 9147.0
0.8442811965942383, 9147.0
0.8533921241760254, 9147.0
0.862480878829956, 9147.0
0.8716340065002441, 9147.0
0.8807590007781982, 9147.0
0.8898990154266357, 9147.0
0.8992319107055664, 9147.0
0.9084339141845703, 9147.0
0.9175660610198975, 9147.0
0.9268169403076172, 9147.0
0.9359569549560547, 9147.0
0.9451110363006592, 9147.0
0.9542179107666016, 9147.0
0.9632928371429443, 9147.0
0.9724018573760986, 9147.0
0.9814929962158203, 9147.0
0.9905910491943359, 9147.0
0.9997069835662842, 9147.0
1.008824110031128, 9147.0
1.0179240703582764, 9147.0
1.0270378589630127, 9147.0
1.036142110824585, 9147.0
1.0452558994293213, 9147.0
1.0543649196624756, 9147.0
1.0635020732879639, 9147.0
1.0726120471954346, 9147.0
1.081794023513794, 9147.0
1.0910789966583252, 9147.0
1.10024094581604, 9147.0
1.1094069480895996, 9147.0
1.1185789108276367, 9147.0
1.1277339458465576, 9147.0
1.1368670463562012, 9147.0
1.146143913269043, 9147.0
1.1554920673370361, 9147.0
1.1647419929504395, 9147.0
1.1739509105682373, 9147.0
1.183183193206787, 9147.0
1.1924381256103516, 9147.0
1.201632022857666, 9147.0
1.2107760906219482, 9147.0
1.22005295753479, 9147.0
1.2294089794158936, 9147.0
1.23856520652771, 9147.0
1.2477948665618896, 9147.0
1.2569169998168945, 9147.0
1.2663118839263916, 9147.0
1.2756550312042236, 9147.0
1.2846269607543945, 9147.0
1.2935512065887451, 9147.0
1.3025338649749756, 9147.0
1.3114502429962158, 9147.0
1.3203840255737305, 9147.0
1.3293178081512451, 9147.0
1.338252067565918, 9147.0
1.347203016281128, 9147.0
1.3561420440673828, 9147.0
1.3651909828186035, 9147.0
1.3743550777435303, 9147.0
1.3836748600006104, 9147.0
1.392928123474121, 9147.0
1.4022440910339355, 9147.0
1.4112119674682617, 9147.0
1.4201841354370117, 9147.0
1.429103136062622, 9147.0
1.4380149841308594, 9147.0
1.4469282627105713, 9147.0
1.455845832824707, 9147.0
1.4647738933563232, 9147.0
1.473695993423462, 9147.0
1.4826281070709229, 9147.0
1.4915380477905273, 9147.0
1.500443935394287, 9147.0
1.5093598365783691, 9147.0
1.5185332298278809, 9147.0
1.5276789665222168, 9147.0
1.536864995956421, 9147.0
1.5460538864135742, 9147.0
1.5551550388336182, 9147.0
1.564345121383667, 9147.0
1.5735559463500977, 9147.0
1.5827090740203857, 9147.0
1.591628074645996, 9147.0
1.6006669998168945, 9147.0
1.6098811626434326, 9147.0
1.618790864944458, 9147.0
1.6277210712432861, 9147.0
1.6366379261016846, 9147.0
1.6455600261688232, 9147.0
1.6544761657714844, 9147.0
1.6634249687194824, 9147.0
1.6723499298095703, 9147.0
1.6812689304351807, 9147.0
1.6901769638061523, 9147.0
1.6991040706634521, 9147.0
1.7080471515655518, 9147.0
1.7169489860534668, 9147.0
1.7258591651916504, 9147.0
1.734774112701416, 9147.0
1.743678092956543, 9147.0
1.752601146697998, 9147.0
1.761552095413208, 9147.0
1.7704901695251465, 9147.0
1.7795770168304443, 9147.0
1.788511037826538, 9147.0
1.7974460124969482, 9147.0
1.8063879013061523, 9147.0
1.8152918815612793, 9147.0
