3.504753112792969e-05, 893.0
0.007259845733642578, 1684.0
0.011983871459960938, 1754.0
0.012242794036865234, 2656.0
0.012431859970092773, 3363.0
0.012646913528442383, 3610.0
0.012711763381958008, 3966.0
0.01358795166015625, 4094.0
0.015861988067626953, 4998.0
0.015930891036987305, 5323.0
0.020206928253173828, 5400.0
0.021744728088378906, 5500.0
0.03260183334350586, 5768.0
0.03332185745239258, 5900.0
0.03503894805908203, 6043.0
0.03536486625671387, 6559.0
0.04190468788146973, 6655.0
0.07539081573486328, 6793.0
0.09561896324157715, 7156.0
0.1415719985961914, 7592.0
0.14341092109680176, 7668.0
0.14420485496520996, 7799.0
0.5562198162078857, 8092.0
0.7233920097351074, 8175.0
0.8222949504852295, 8454.0
0.8353168964385986, 8929.0
