0.049668073654174805, 7940.0
0.08822894096374512, 9246.0
0.1260368824005127, 10650.0
0.1638479232788086, 11247.0
0.2018108367919922, 12920.0
0.24005913734436035, 13371.0
0.2782769203186035, 15529.0
0.3166959285736084, 15641.0
0.3552360534667969, 15989.0
0.3939681053161621, 16572.0
0.4326441287994385, 18217.0
0.4714620113372803, 18217.0
0.5102581977844238, 18795.0
0.5491640567779541, 19468.0
0.5882511138916016, 20022.0
0.6285059452056885, 21156.0
0.667823076248169, 21317.0
0.7070341110229492, 22064.0
0.7463898658752441, 22155.0
0.7858631610870361, 22595.0
0.8254919052124023, 24327.0
0.8651177883148193, 24327.0
0.9046609401702881, 24327.0
0.9452650547027588, 24327.0
0.9856150150299072, 24720.0
1.0260510444641113, 25273.0
1.0664207935333252, 25273.0
1.106738805770874, 27009.0
1.1466968059539795, 27009.0
1.186608076095581, 27209.0
1.2265939712524414, 27209.0
1.266948938369751, 27209.0
1.306919813156128, 27209.0
1.346938133239746, 27209.0
1.3868978023529053, 27319.0
1.428161859512329, 27782.0
1.4682259559631348, 27782.0
1.5083849430084229, 27900.0
1.5488507747650146, 27900.0
1.589073896408081, 27906.0
1.629335880279541, 27906.0
1.6695430278778076, 28390.0
1.7097408771514893, 28390.0
1.7500109672546387, 28390.0
1.7901849746704102, 28390.0
1.8304569721221924, 28394.0
1.8707928657531738, 28394.0
1.911111831665039, 28461.0
1.9513561725616455, 28461.0
1.9915759563446045, 28461.0
2.031834125518799, 28616.0
2.0722649097442627, 28616.0
2.112593173980713, 28617.0
2.1528329849243164, 28617.0
2.1930458545684814, 28640.0
2.2333569526672363, 28640.0
2.273690938949585, 28640.0
2.3140640258789062, 28640.0
2.35444712638855, 28640.0
2.394782781600952, 28640.0
2.4350781440734863, 28640.0
2.4758079051971436, 28640.0
2.516226053237915, 28640.0
2.5569379329681396, 28640.0
2.5976128578186035, 28640.0
2.637932062149048, 28640.0
2.6781668663024902, 28640.0
2.7188069820404053, 28640.0
2.7594919204711914, 28640.0
2.8001468181610107, 28640.0
2.8408210277557373, 28640.0
2.8813469409942627, 28640.0
2.921543836593628, 28640.0
2.9617419242858887, 28640.0
3.0020158290863037, 28640.0
3.042452812194824, 28640.0
3.0833048820495605, 28640.0
3.1240899562835693, 28706.0
3.1643359661102295, 28706.0
3.2050468921661377, 28706.0
3.245565891265869, 28706.0
3.285853862762451, 28706.0
3.3261008262634277, 28706.0
3.3675098419189453, 28706.0
3.408751964569092, 28706.0
3.4510960578918457, 28706.0
3.4932918548583984, 28706.0
3.5356531143188477, 28706.0
3.577242136001587, 28706.0
3.619586944580078, 28706.0
3.6609549522399902, 28706.0
3.702587127685547, 28706.0
3.745001792907715, 28706.0
3.7871549129486084, 28706.0
3.829127788543701, 28706.0
3.8710718154907227, 28706.0
3.9124109745025635, 28706.0
3.9530060291290283, 28834.0
3.9937140941619873, 28834.0
4.034286022186279, 28834.0
4.075348854064941, 28834.0
4.116407871246338, 28834.0
4.1582441329956055, 28834.0
4.198914051055908, 28834.0
4.239989995956421, 28834.0
4.280604839324951, 28834.0
4.321386814117432, 28834.0
4.362082004547119, 28834.0
4.402878999710083, 28834.0
4.4435319900512695, 28834.0
4.484648942947388, 28834.0
4.52539587020874, 28834.0
4.56621789932251, 28834.0
4.6069018840789795, 28834.0
4.647868871688843, 28834.0
4.688822984695435, 28834.0
4.7302329540252686, 28834.0
4.771155834197998, 28834.0
4.8123040199279785, 28834.0
4.853281021118164, 28834.0
4.894407033920288, 28834.0
4.935343980789185, 28834.0
4.976534843444824, 28834.0
5.018578767776489, 28834.0
5.060802936553955, 28834.0
5.103057861328125, 28834.0
5.145174026489258, 28834.0
5.187197923660278, 28834.0
5.229079008102417, 28834.0
5.270748138427734, 28834.0
5.312540769577026, 28834.0
5.354882001876831, 28834.0
5.396992921829224, 28834.0
5.439168930053711, 28834.0
5.4824700355529785, 28834.0
5.524837017059326, 28834.0
5.565765142440796, 28834.0
5.606938123703003, 28834.0
5.64785099029541, 28834.0
5.6886749267578125, 28834.0
5.729656934738159, 28834.0
5.771143198013306, 28834.0
5.812362909317017, 28834.0
5.853559970855713, 28834.0
5.894534111022949, 28834.0
5.9353859424591064, 28834.0
5.977122068405151, 28834.0
6.018625020980835, 28834.0
6.06010103225708, 28834.0
6.101249933242798, 28834.0
6.142009019851685, 28834.0
6.182841062545776, 28834.0
6.223668813705444, 28834.0
6.264344930648804, 28834.0
6.305696964263916, 28834.0
6.346596956253052, 28834.0
6.387292146682739, 28834.0
6.427979946136475, 28834.0
6.468778848648071, 28834.0
6.509377956390381, 28834.0
6.550346851348877, 28834.0
6.591783046722412, 28834.0
6.63238000869751, 28834.0
6.673095941543579, 28834.0
6.713896989822388, 28834.0
6.754637002944946, 28834.0
6.795722961425781, 28834.0
6.836673974990845, 28834.0
6.87748908996582, 28834.0
6.918108940124512, 28834.0
6.95878005027771, 28834.0
6.999563932418823, 28834.0
7.040572166442871, 28834.0
7.081305027008057, 28834.0
7.121917963027954, 28834.0
7.162762880325317, 28834.0
7.20365309715271, 28834.0
7.244322061538696, 28834.0
7.284828186035156, 28834.0
7.325371026992798, 28834.0
7.365813970565796, 28834.0
7.406455039978027, 28834.0
7.447026968002319, 28834.0
7.487569808959961, 28834.0
7.529589891433716, 28834.0
7.5703301429748535, 28834.0
7.61086106300354, 28834.0
7.651447057723999, 28834.0
7.691999912261963, 28834.0
7.732545852661133, 28834.0
7.773300886154175, 28834.0
7.813918828964233, 28834.0
7.8543360233306885, 28834.0
7.895261764526367, 28834.0
7.935956001281738, 28834.0
7.976373910903931, 28834.0
8.016876935958862, 28834.0
8.057853937149048, 28834.0
8.0987389087677, 28834.0
8.139502048492432, 28834.0
8.180434942245483, 28834.0
