0.00977015495300293, 5842.0
0.018335819244384766, 6190.0
0.026911258697509766, 7467.0
0.03553295135498047, 8004.0
0.04423689842224121, 8004.0
0.05287313461303711, 8176.0
0.06158614158630371, 8628.0
0.07034587860107422, 8751.0
0.07925009727478027, 9147.0
0.0885469913482666, 9147.0
0.09772109985351562, 9147.0
0.10691189765930176, 9147.0
0.11592602729797363, 9147.0
0.12486600875854492, 9147.0
0.13378405570983887, 9147.0
0.1426711082458496, 9147.0
0.15166616439819336, 9147.0
0.16057419776916504, 9147.0
0.1694200038909912, 9147.0
0.1783761978149414, 9147.0
0.18729686737060547, 9147.0
0.19625592231750488, 9147.0
0.20514702796936035, 9147.0
0.2141711711883545, 9147.0
0.22333621978759766, 9147.0
0.23256421089172363, 9147.0
0.2415940761566162, 9147.0
0.25066614151000977, 9147.0
0.2597038745880127, 9147.0
0.2688300609588623, 9147.0
0.2779240608215332, 9147.0
0.28694796562194824, 9147.0
0.29599905014038086, 9147.0
0.30501794815063477, 9147.0
0.31401991844177246, 9147.0
0.32303500175476074, 9147.0
0.33203697204589844, 9147.0
0.3410830497741699, 9147.0
0.3500981330871582, 9147.0
0.35915112495422363, 9147.0
0.36821699142456055, 9147.0
0.37741518020629883, 9147.0
0.38672399520874023, 9147.0
0.3958010673522949, 9147.0
0.4049508571624756, 9147.0
0.4140441417694092, 9147.0
0.4231541156768799, 9147.0
0.43267107009887695, 9147.0
0.4419569969177246, 9147.0
0.4512910842895508, 9147.0
0.46056604385375977, 9147.0
0.4698760509490967, 9147.0
0.4791851043701172, 9147.0
0.48847293853759766, 9147.0
0.49774813652038574, 9147.0
0.5070199966430664, 9147.0
0.5162599086761475, 9147.0
0.525493860244751, 9147.0
0.5347249507904053, 9147.0
0.544395923614502, 9147.0
0.5538280010223389, 9147.0
0.5631809234619141, 9147.0
0.5725281238555908, 9147.0
0.5817880630493164, 9147.0
0.5912120342254639, 9147.0
0.6005129814147949, 9147.0
0.609788179397583, 9147.0
0.6190218925476074, 9147.0
0.6282510757446289, 9147.0
0.6374921798706055, 9147.0
0.6467161178588867, 9147.0
0.6559488773345947, 9147.0
0.6651611328125, 9147.0
0.6743981838226318, 9147.0
0.6836278438568115, 9147.0
0.6929500102996826, 9147.0
0.7020828723907471, 9147.0
0.7112789154052734, 9147.0
0.7205228805541992, 9147.0
0.7297592163085938, 9147.0
0.7389841079711914, 9147.0
0.748405933380127, 9147.0
0.7576329708099365, 9147.0
0.7668750286102295, 9147.0
0.7761099338531494, 9147.0
0.7854270935058594, 9147.0
0.7946999073028564, 9147.0
0.8039541244506836, 9147.0
0.8132340908050537, 9147.0
0.8226180076599121, 9147.0
0.8318800926208496, 9147.0
0.8411359786987305, 9147.0
0.8504769802093506, 9147.0
0.859821081161499, 9147.0
0.8691329956054688, 9147.0
0.878345251083374, 9147.0
0.8875439167022705, 9147.0
0.8967609405517578, 9147.0
0.9059710502624512, 9147.0
0.9152770042419434, 9147.0
0.924483060836792, 9147.0
0.9339461326599121, 9147.0
0.9433000087738037, 9147.0
0.9523501396179199, 9147.0
0.9613258838653564, 9147.0
0.9703280925750732, 9147.0
0.9792811870574951, 9147.0
0.988239049911499, 9147.0
0.9971969127655029, 9147.0
1.006148099899292, 9147.0
1.0151519775390625, 9147.0
1.0241260528564453, 9147.0
1.033074140548706, 9147.0
1.0420231819152832, 9147.0
1.0509731769561768, 9147.0
1.0599288940429688, 9147.0
1.0688700675964355, 9147.0
1.0778310298919678, 9147.0
1.0867910385131836, 9147.0
1.0957422256469727, 9147.0
1.1047160625457764, 9147.0
1.113698959350586, 9147.0
1.1226589679718018, 9147.0
1.1316289901733398, 9147.0
1.1406140327453613, 9147.0
1.1495788097381592, 9147.0
1.158574104309082, 9147.0
1.1675190925598145, 9147.0
1.176490068435669, 9147.0
1.1856789588928223, 9147.0
1.1948881149291992, 9147.0
1.2041239738464355, 9147.0
1.2133350372314453, 9147.0
1.222592830657959, 9147.0
1.2316551208496094, 9147.0
1.2407231330871582, 9147.0
1.2497649192810059, 9147.0
1.2587931156158447, 9147.0
1.2678470611572266, 9147.0
1.2768540382385254, 9147.0
1.2859129905700684, 9147.0
1.2949481010437012, 9147.0
1.3039588928222656, 9147.0
1.3130741119384766, 9147.0
1.3221118450164795, 9147.0
1.331167221069336, 9147.0
1.340181827545166, 9147.0
1.3492262363433838, 9147.0
1.3582251071929932, 9147.0
1.3672528266906738, 9147.0
1.376267910003662, 9147.0
1.3854310512542725, 9147.0
1.3945879936218262, 9147.0
1.4036509990692139, 9147.0
1.4126770496368408, 9147.0
1.4217100143432617, 9147.0
1.4307408332824707, 9147.0
1.4397311210632324, 9147.0
1.448728084564209, 9147.0
1.4577770233154297, 9147.0
1.4670171737670898, 9147.0
1.4759340286254883, 9147.0
1.4848690032958984, 9147.0
1.4938690662384033, 9147.0
1.5028681755065918, 9147.0
1.5118770599365234, 9147.0
1.5208978652954102, 9147.0
1.5298950672149658, 9147.0
1.5388939380645752, 9147.0
1.5478990077972412, 9147.0
1.5569162368774414, 9147.0
1.5659270286560059, 9147.0
1.5749270915985107, 9147.0
1.5839340686798096, 9147.0
1.5931479930877686, 9147.0
1.6025729179382324, 9147.0
1.6119270324707031, 9147.0
1.621263027191162, 9147.0
1.630289077758789, 9147.0
1.6392951011657715, 9147.0
1.6482999324798584, 9147.0
1.657454013824463, 9147.0
1.6664550304412842, 9147.0
1.6756060123443604, 9147.0
1.684948205947876, 9147.0
1.694127082824707, 9147.0
1.7033040523529053, 9147.0
1.7124850749969482, 9147.0
1.721635103225708, 9147.0
1.730889081954956, 9147.0
1.7401671409606934, 9147.0
1.7494490146636963, 9147.0
1.7587800025939941, 9147.0
1.7679641246795654, 9147.0
1.7770850658416748, 9147.0
1.786283016204834, 9147.0
1.7955260276794434, 9147.0
1.8047170639038086, 9147.0
1.8139722347259521, 9147.0
1.8232171535491943, 9147.0
1.8323869705200195, 9147.0
