0.0001049041748046875, 146.0
0.00020694732666015625, 1076.0
0.00030684471130371094, 1903.0
0.003818988800048828, 2834.0
0.005388975143432617, 2940.0
0.007162809371948242, 3417.0
0.007491111755371094, 3837.0
0.008753776550292969, 4725.0
0.010265827178955078, 5048.0
0.010371923446655273, 5750.0
0.011993885040283203, 6287.0
0.012727022171020508, 6856.0
0.013633012771606445, 6982.0
0.031540870666503906, 7762.0
0.033319950103759766, 7889.0
0.037036895751953125, 7910.0
0.040719032287597656, 8680.0
0.04268693923950195, 8726.0
0.04662489891052246, 9008.0
0.05064892768859863, 9962.0
0.051438093185424805, 10732.0
0.12647390365600586, 11325.0
0.12746191024780273, 11894.0
0.13072490692138672, 12610.0
0.14051198959350586, 12654.0
0.14208674430847168, 12937.0
0.1784219741821289, 13792.0
0.17942285537719727, 14235.0
0.1804189682006836, 14866.0
0.18071699142456055, 15464.0
0.18091487884521484, 16218.0
0.18407392501831055, 16425.0
0.1877307891845703, 16429.0
0.19000911712646484, 17220.0
0.19040584564208984, 17511.0
1.7243998050689697, 17550.0
3.123656988143921, 17684.0
3.1240599155426025, 17879.0
3.1270499229431152, 18007.0
3.1301119327545166, 18086.0
3.134903907775879, 18162.0
3.342439889907837, 18466.0
3.3473758697509766, 19100.0
3.394763946533203, 19380.0
3.4451377391815186, 19501.0
3.4488439559936523, 20026.0
3.6643168926239014, 20049.0
3.7105259895324707, 20484.0
3.715798854827881, 20709.0
3.8382279872894287, 21092.0
3.9705138206481934, 21811.0
3.9749748706817627, 22581.0
4.373223781585693, 22729.0
4.379088878631592, 22998.0
4.4040350914001465, 23226.0
4.417546987533569, 23260.0
4.4848268032073975, 23437.0
4.492102861404419, 23719.0
4.4945409297943115, 23873.0
4.706187009811401, 24059.0
4.8363189697265625, 24472.0
4.93304705619812, 24754.0
4.93818998336792, 24972.0
5.369484901428223, 25104.0
5.388396978378296, 25448.0
5.4033448696136475, 25550.0
5.674448728561401, 25574.0
