0.04991888999938965, 8661.0
0.08877778053283691, 8855.0
0.12711787223815918, 10105.0
0.16553592681884766, 12230.0
0.20404291152954102, 13166.0
0.2425079345703125, 15130.0
0.2810359001159668, 15130.0
0.31970691680908203, 16840.0
0.35852479934692383, 16891.0
0.39745497703552246, 17701.0
0.43645691871643066, 18444.0
0.4757709503173828, 19676.0
0.5152318477630615, 19676.0
0.5548069477081299, 20332.0
0.5945088863372803, 20608.0
0.6355149745941162, 21408.0
0.6756188869476318, 22331.0
0.7150938510894775, 23022.0
0.7549469470977783, 23903.0
0.7948358058929443, 23903.0
0.8346989154815674, 23903.0
0.8747420310974121, 24434.0
0.9147729873657227, 24434.0
0.9544858932495117, 24723.0
0.994379997253418, 24772.0
1.034627914428711, 25536.0
1.0744779109954834, 25687.0
1.1143958568572998, 26413.0
1.1546809673309326, 26413.0
1.195024013519287, 26413.0
1.2354071140289307, 26616.0
1.2758288383483887, 27062.0
1.3163046836853027, 27276.0
1.3571879863739014, 27614.0
1.3984808921813965, 27614.0
1.4390149116516113, 27614.0
1.479640007019043, 27773.0
1.5203089714050293, 27773.0
1.561128854751587, 27773.0
1.6014339923858643, 27881.0
1.6422119140625, 27882.0
1.6831200122833252, 27984.0
1.7239878177642822, 27984.0
1.764657735824585, 28080.0
1.8050978183746338, 28102.0
1.8458857536315918, 28224.0
1.8867089748382568, 28224.0
1.9275538921356201, 28352.0
1.9682769775390625, 28352.0
2.0087318420410156, 28352.0
2.049488067626953, 28352.0
2.090139865875244, 28352.0
2.130629062652588, 28352.0
2.1714680194854736, 28352.0
2.2123351097106934, 28352.0
2.2532100677490234, 28352.0
2.2941269874572754, 28352.0
2.335000991821289, 28352.0
2.3759119510650635, 28352.0
2.416862964630127, 28352.0
2.4578490257263184, 28352.0
2.4988667964935303, 28352.0
2.5399327278137207, 28353.0
2.581125020980835, 28353.0
2.622677803039551, 28353.0
2.663727045059204, 28353.0
2.7048869132995605, 28353.0
2.745934009552002, 28353.0
2.786936044692993, 28353.0
2.8289897441864014, 28353.0
2.8714308738708496, 28353.0
2.9125869274139404, 28353.0
2.9541709423065186, 28353.0
2.9958419799804688, 28353.0
3.037045955657959, 28353.0
3.078439950942993, 28353.0
3.1195878982543945, 28353.0
3.160806894302368, 28353.0
3.2018909454345703, 28353.0
3.242827892303467, 28353.0
3.2837140560150146, 28353.0
3.3252336978912354, 28353.0
3.3672068119049072, 28353.0
3.4101529121398926, 28353.0
3.452367067337036, 28353.0
3.4953649044036865, 28353.0
3.5382080078125, 28353.0
3.5800538063049316, 28353.0
3.6218857765197754, 28353.0
3.664091110229492, 28353.0
3.706333875656128, 28353.0
3.7487237453460693, 28353.0
3.7911479473114014, 28353.0
3.8335258960723877, 28353.0
3.8778109550476074, 28353.0
3.9193100929260254, 28353.0
3.9605019092559814, 28353.0
4.001670837402344, 28353.0
4.042965888977051, 28353.0
4.084115982055664, 28353.0
4.126339912414551, 28353.0
4.167703866958618, 28353.0
4.208714962005615, 28353.0
4.2496559619903564, 28353.0
4.290560007095337, 28353.0
4.331632852554321, 28353.0
4.3728978633880615, 28353.0
4.413873910903931, 28353.0
4.454989910125732, 28353.0
4.496012926101685, 28353.0
4.537165880203247, 28353.0
4.57872200012207, 28353.0
4.619856119155884, 28353.0
4.660943031311035, 28353.0
4.701680898666382, 28353.0
4.743400812149048, 28353.0
4.785083770751953, 28353.0
4.82710075378418, 28353.0
4.86894679069519, 28353.0
4.911218881607056, 28440.0
4.952762126922607, 28440.0
4.994710922241211, 28440.0
5.03652286529541, 28440.0
5.078680038452148, 28440.0
5.121068000793457, 28440.0
5.163525819778442, 28440.0
5.205544948577881, 28440.0
5.248507022857666, 28440.0
5.289618730545044, 28440.0
5.330986976623535, 28440.0
5.3719987869262695, 28440.0
5.413104057312012, 28440.0
5.455451011657715, 28440.0
5.497086763381958, 28440.0
5.5416178703308105, 28440.0
5.584802865982056, 28448.0
5.62579607963562, 28448.0
5.666712999343872, 28448.0
5.707926988601685, 28448.0
5.748579025268555, 28448.0
5.789505958557129, 28448.0
5.830574035644531, 28448.0
5.871685743331909, 28448.0
5.912653923034668, 28448.0
5.953433036804199, 28448.0
5.994554042816162, 28448.0
6.035346746444702, 28448.0
6.075966835021973, 28448.0
6.116574764251709, 28448.0
6.15720009803772, 28448.0
6.197742938995361, 28448.0
6.238487958908081, 28448.0
6.2795469760894775, 28448.0
6.320587873458862, 28448.0
6.361158847808838, 28448.0
6.4020867347717285, 28448.0
6.4431679248809814, 28627.0
6.4841859340667725, 28627.0
6.525240898132324, 28627.0
6.566329002380371, 28627.0
6.607355833053589, 28627.0
6.648314952850342, 28627.0
6.689049005508423, 28627.0
6.729981899261475, 28627.0
6.770977020263672, 28627.0
6.81198787689209, 28627.0
6.852993965148926, 28627.0
6.893923997879028, 28627.0
6.934847831726074, 28627.0
6.975688934326172, 28627.0
7.016636848449707, 28627.0
7.05774998664856, 28627.0
7.098620891571045, 28627.0
7.1395978927612305, 28627.0
7.180155038833618, 28627.0
7.220690727233887, 28627.0
7.261160850524902, 28627.0
7.3017189502716064, 28627.0
7.34223198890686, 28627.0
7.382676839828491, 28627.0
7.423314809799194, 28627.0
7.464913845062256, 28627.0
7.506166934967041, 28627.0
7.547030925750732, 28627.0
7.587536096572876, 28627.0
7.628059148788452, 28627.0
7.6689348220825195, 28627.0
7.709796905517578, 28627.0
7.750281810760498, 28627.0
7.791014909744263, 28627.0
7.831521034240723, 28627.0
7.873392820358276, 28627.0
7.91399073600769, 28627.0
7.954437017440796, 28627.0
7.995776891708374, 28627.0
8.036511898040771, 28627.0
8.077463865280151, 28627.0
8.118364810943604, 28627.0
8.15940809249878, 28627.0
8.200313091278076, 28627.0
8.241261959075928, 28627.0
