2.7179718017578125e-05, 931.0
4.9114227294921875e-05, 1350.0
6.914138793945312e-05, 1444.0
0.00016808509826660156, 1800.0
0.000247955322265625, 2048.0
0.0005240440368652344, 2689.0
0.0025310516357421875, 3232.0
0.0027282238006591797, 3537.0
0.0027692317962646484, 4074.0
0.0032219886779785156, 4559.0
0.0034589767456054688, 5091.0
0.0035390853881835938, 5891.0
0.007294178009033203, 6360.0
0.007375001907348633, 6817.0
0.007916927337646484, 7576.0
0.009315013885498047, 7720.0
0.01049494743347168, 7858.0
0.05662727355957031, 8142.0
0.05680704116821289, 8331.0
0.7868320941925049, 8379.0
0.7880690097808838, 8536.0
0.8572061061859131, 8628.0
0.9413292407989502, 8660.0
1.033370018005371, 8759.0
1.0973901748657227, 8990.0
