0.00010800361633300781, 129.0
0.00021409988403320312, 292.0
0.0005218982696533203, 422.0
0.0012450218200683594, 879.0
0.001352071762084961, 1753.0
0.0020699501037597656, 2612.0
0.0069789886474609375, 2894.0
0.007195949554443359, 3089.0
0.022623062133789062, 3448.0
0.02272796630859375, 3574.0
0.02438497543334961, 4485.0
0.031064748764038086, 5129.0
0.05187582969665527, 5178.0
0.05505108833312988, 5655.0
0.06624197959899902, 6126.0
0.08264803886413574, 6842.0
0.08285379409790039, 7166.0
0.11069393157958984, 7753.0
0.11171984672546387, 7776.0
0.11489200592041016, 8222.0
0.11499595642089844, 8513.0
0.1172628402709961, 9110.0
0.13165593147277832, 9320.0
0.1321709156036377, 9325.0
0.14040088653564453, 9726.0
0.14298295974731445, 10404.0
0.14841985702514648, 10414.0
0.15553593635559082, 10419.0
0.1591479778289795, 10449.0
0.16264700889587402, 10450.0
0.164902925491333, 11338.0
0.2415769100189209, 11451.0
0.2416820526123047, 11563.0
0.2586510181427002, 12259.0
0.2595798969268799, 12871.0
0.2735910415649414, 12972.0
0.28171300888061523, 12976.0
0.3314850330352783, 13046.0
0.33446717262268066, 13240.0
0.3701510429382324, 13796.0
0.447160005569458, 14084.0
0.4713630676269531, 14104.0
0.47198009490966797, 14895.0
0.5036790370941162, 15460.0
0.5071749687194824, 15608.0
0.516355037689209, 15638.0
0.520684003829956, 16306.0
0.5217218399047852, 16501.0
0.5381419658660889, 16537.0
0.5391790866851807, 17498.0
0.5450608730316162, 17758.0
0.5457849502563477, 18287.0
0.5485680103302002, 18931.0
0.9671828746795654, 18977.0
0.9694280624389648, 19315.0
1.0559039115905762, 19406.0
1.0563127994537354, 19812.0
3.2053167819976807, 19851.0
3.343363046646118, 20113.0
3.344909191131592, 20407.0
3.8788838386535645, 20921.0
3.8807950019836426, 21049.0
3.906075954437256, 21124.0
4.333882808685303, 21210.0
4.340456962585449, 21256.0
4.348119020462036, 22112.0
4.432072877883911, 22121.0
4.6569600105285645, 22129.0
4.717705011367798, 22839.0
4.718552112579346, 23092.0
4.900045156478882, 23557.0
5.288879871368408, 23915.0
5.321477890014648, 24096.0
5.32242488861084, 24222.0
5.380396127700806, 24244.0
5.662593126296997, 24827.0
5.675743103027344, 25273.0
