0.04915499687194824, 8898.0
0.0875709056854248, 10242.0
0.12523484230041504, 10751.0
0.16295599937438965, 11227.0
0.2008979320526123, 12998.0
0.23927712440490723, 13159.0
0.27738118171691895, 14246.0
0.31569504737854004, 15883.0
0.3540160655975342, 16763.0
0.39246416091918945, 16763.0
0.4311249256134033, 17222.0
0.4698519706726074, 19272.0
0.5085899829864502, 19825.0
0.5475220680236816, 20003.0
0.5865280628204346, 20003.0
0.6265599727630615, 20306.0
0.6658580303192139, 21412.0
0.7051560878753662, 21873.0
0.7445271015167236, 22990.0
0.7840819358825684, 22990.0
0.8237030506134033, 23704.0
0.8633561134338379, 23704.0
0.9030740261077881, 23847.0
0.9429209232330322, 23864.0
0.9827330112457275, 25290.0
1.0233070850372314, 25290.0
1.0637030601501465, 25290.0
1.1037061214447021, 25290.0
1.1438400745391846, 26273.0
1.1841368675231934, 26273.0
1.2242140769958496, 26273.0
1.2656099796295166, 26687.0
1.305846929550171, 26925.0
1.345970869064331, 27054.0
1.3861780166625977, 27054.0
1.426386833190918, 27416.0
1.4667749404907227, 27725.0
1.5070760250091553, 27725.0
1.5475399494171143, 27821.0
1.5880250930786133, 27876.0
1.6284990310668945, 27876.0
1.6691570281982422, 27968.0
1.7095930576324463, 28132.0
1.7501790523529053, 28414.0
1.7907938957214355, 28414.0
1.8314201831817627, 28441.0
1.8719401359558105, 28441.0
1.9126091003417969, 28453.0
1.953277826309204, 28526.0
1.99391508102417, 28526.0
2.0345940589904785, 28641.0
2.0751118659973145, 28641.0
2.115807056427002, 28641.0
2.1565470695495605, 28641.0
2.197160005569458, 28641.0
2.2379820346832275, 28641.0
2.2788658142089844, 28641.0
2.3198251724243164, 28641.0
2.360720157623291, 28648.0
2.4013149738311768, 28648.0
2.441757917404175, 28648.0
2.4823250770568848, 28648.0
2.5229198932647705, 28648.0
2.563857078552246, 28703.0
2.6048309803009033, 28703.0
2.6460349559783936, 28703.0
2.6869850158691406, 28703.0
2.728243827819824, 28703.0
2.769329071044922, 28703.0
2.8104989528656006, 28703.0
2.8511509895324707, 28703.0
2.891853094100952, 28703.0
2.932631015777588, 28805.0
2.9733710289001465, 28805.0
3.0152740478515625, 28805.0
3.0572268962860107, 28805.0
3.0990991592407227, 28805.0
3.1415679454803467, 28805.0
3.184764862060547, 28805.0
3.226809024810791, 28805.0
3.268786907196045, 28805.0
3.311969041824341, 28805.0
3.353969097137451, 28805.0
3.3962390422821045, 28805.0
3.4388580322265625, 28805.0
3.480942964553833, 28805.0
3.5236189365386963, 28805.0
3.564716100692749, 28805.0
3.6057300567626953, 28805.0
3.64674711227417, 28805.0
3.687788963317871, 28805.0
3.7288382053375244, 28805.0
3.770108938217163, 28805.0
3.81229305267334, 28805.0
3.8534839153289795, 28805.0
3.894360065460205, 28805.0
3.9354300498962402, 28805.0
3.9763851165771484, 28805.0
4.017619848251343, 28805.0
4.05842399597168, 28805.0
4.099385023117065, 28805.0
4.140160083770752, 28805.0
4.181320905685425, 28805.0
4.2223310470581055, 28805.0
4.263366222381592, 28805.0
4.304131984710693, 28805.0
4.345067977905273, 28805.0
4.3858091831207275, 28805.0
4.426690101623535, 28805.0
4.467523097991943, 28805.0
4.508411169052124, 28805.0
4.549952030181885, 28805.0
4.592219114303589, 28805.0
4.63401198387146, 28805.0
4.677117824554443, 28805.0
4.719226121902466, 28805.0
4.761080026626587, 28805.0
4.803267002105713, 28805.0
4.845178127288818, 28805.0
4.8870158195495605, 28805.0
4.9288599491119385, 28805.0
4.97140097618103, 28805.0
5.013896942138672, 28805.0
5.056010961532593, 28805.0
5.097684860229492, 28805.0
5.13856315612793, 28805.0
5.1795830726623535, 28805.0
5.2204999923706055, 28805.0
5.261608839035034, 28805.0
5.302908897399902, 28805.0
5.3455491065979, 28805.0
5.386810064315796, 28805.0
5.427570819854736, 28805.0
5.468773126602173, 28805.0
5.509533882141113, 28805.0
5.550724029541016, 28805.0
5.591423988342285, 28805.0
5.632497072219849, 28805.0
5.673212051391602, 28805.0
5.714292049407959, 28805.0
5.754951000213623, 28805.0
5.796177864074707, 28805.0
5.837037086486816, 28805.0
5.877948999404907, 28805.0
5.918971061706543, 28805.0
5.9597930908203125, 28805.0
6.000878095626831, 28805.0
6.042963981628418, 28805.0
6.084348917007446, 28805.0
6.125546932220459, 28805.0
6.1666529178619385, 28805.0
6.2079081535339355, 28805.0
6.248783111572266, 28805.0
6.289808034896851, 28805.0
6.330651044845581, 28805.0
6.371622085571289, 28805.0
6.412513971328735, 28805.0
6.453602075576782, 28805.0
6.494812965393066, 28805.0
6.535772800445557, 28805.0
6.5766441822052, 28805.0
6.617614984512329, 28805.0
6.658761024475098, 28805.0
6.699805021286011, 28805.0
6.740803956985474, 28805.0
6.781919002532959, 28805.0
6.823473215103149, 28805.0
6.864712953567505, 28805.0
6.905673027038574, 28805.0
6.946659088134766, 28805.0
6.98759913444519, 28805.0
7.028598070144653, 28805.0
7.069675922393799, 28805.0
7.111114025115967, 28805.0
7.152092933654785, 28805.0
7.193083047866821, 28805.0
7.233983993530273, 28805.0
7.275202035903931, 28805.0
7.316240072250366, 28805.0
7.358020067214966, 28805.0
7.399261951446533, 28805.0
7.4402501583099365, 28805.0
7.481055974960327, 28805.0
7.521968126296997, 28805.0
7.562852144241333, 28805.0
7.603745937347412, 28805.0
7.644556999206543, 28805.0
7.68532395362854, 28805.0
7.726054906845093, 28805.0
7.766927003860474, 28805.0
7.8080220222473145, 28805.0
7.848667144775391, 28805.0
7.889472007751465, 28805.0
7.9302849769592285, 28805.0
7.9709601402282715, 28805.0
8.011750221252441, 28805.0
8.052531957626343, 28805.0
8.093188047409058, 28805.0
8.133927822113037, 28805.0
8.174890995025635, 28805.0
8.215508937835693, 28805.0
