0.010165929794311523, 5529.0
0.018855810165405273, 6296.0
0.02753162384033203, 6296.0
0.0367739200592041, 7000.0
0.045604705810546875, 8088.0
0.05443000793457031, 8088.0
0.06330084800720215, 8427.0
0.07221674919128418, 8427.0
0.08115792274475098, 8427.0
0.09014582633972168, 8808.0
0.09922266006469727, 8808.0
0.10827493667602539, 8810.0
0.11734294891357422, 8810.0
0.12644672393798828, 8842.0
0.13553881645202637, 9147.0
0.1446390151977539, 9147.0
0.15373492240905762, 9147.0
0.16300582885742188, 9147.0
0.17215275764465332, 9147.0
0.18128681182861328, 9147.0
0.1904439926147461, 9147.0
0.19964885711669922, 9147.0
0.20893597602844238, 9147.0
0.21819806098937988, 9147.0
0.22740983963012695, 9147.0
0.23666691780090332, 9147.0
0.2459268569946289, 9147.0
0.2551758289337158, 9147.0
0.26457881927490234, 9147.0
0.27408695220947266, 9147.0
0.2835850715637207, 9147.0
0.2930908203125, 9147.0
0.3025517463684082, 9147.0
0.3120448589324951, 9147.0
0.32153987884521484, 9147.0
0.3311328887939453, 9147.0
0.34060072898864746, 9147.0
0.3499598503112793, 9147.0
0.35911083221435547, 9147.0
0.36860084533691406, 9147.0
0.37786173820495605, 9147.0
0.38683485984802246, 9147.0
0.39580273628234863, 9147.0
0.40483784675598145, 9147.0
0.4138367176055908, 9147.0
0.4227597713470459, 9147.0
0.43171095848083496, 9147.0
0.44069981575012207, 9147.0
0.44962096214294434, 9147.0
0.45853590965270996, 9147.0
0.46746182441711426, 9147.0
0.4764077663421631, 9147.0
0.48532676696777344, 9147.0
0.49425482749938965, 9147.0
0.5031788349151611, 9147.0
0.5121169090270996, 9147.0
0.5210278034210205, 9147.0
0.5299599170684814, 9147.0
0.5389158725738525, 9147.0
0.5478358268737793, 9147.0
0.5567948818206787, 9147.0
0.5657098293304443, 9147.0
0.5746607780456543, 9147.0
0.5837697982788086, 9147.0
0.5927658081054688, 9147.0
0.6020219326019287, 9147.0
0.6111569404602051, 9147.0
0.6204888820648193, 9147.0
0.6296908855438232, 9147.0
0.6389009952545166, 9147.0
0.6479439735412598, 9147.0
0.6568677425384521, 9147.0
0.6657798290252686, 9147.0
0.6747217178344727, 9147.0
0.6836838722229004, 9147.0
0.6925950050354004, 9147.0
0.7015018463134766, 9147.0
0.7104556560516357, 9147.0
0.7193877696990967, 9147.0
0.7283098697662354, 9147.0
0.7372407913208008, 9147.0
0.7461566925048828, 9147.0
0.7550787925720215, 9147.0
0.7640469074249268, 9147.0
0.7730157375335693, 9147.0
0.7819747924804688, 9147.0
0.7908878326416016, 9147.0
0.7997827529907227, 9147.0
0.8087217807769775, 9147.0
0.8176939487457275, 9147.0
0.8267168998718262, 9147.0
0.8356359004974365, 9147.0
0.8445727825164795, 9147.0
0.8535048961639404, 9147.0
0.8624939918518066, 9147.0
0.8714377880096436, 9147.0
0.8803677558898926, 9147.0
0.8894147872924805, 9147.0
0.8983480930328369, 9147.0
0.9074597358703613, 9147.0
0.9165787696838379, 9147.0
0.9255249500274658, 9147.0
0.9345316886901855, 9147.0
0.9434897899627686, 9147.0
0.9524579048156738, 9147.0
0.9614348411560059, 9147.0
0.9703559875488281, 9147.0
0.9793930053710938, 9147.0
0.988365650177002, 9147.0
0.9973130226135254, 9147.0
1.0062379837036133, 9147.0
1.0151407718658447, 9147.0
1.024096965789795, 9147.0
1.0331218242645264, 9147.0
1.042111873626709, 9147.0
1.0511376857757568, 9147.0
1.0603630542755127, 9147.0
1.069293737411499, 9147.0
1.0782337188720703, 9147.0
1.087155818939209, 9147.0
1.0960776805877686, 9147.0
1.1050198078155518, 9147.0
1.1139369010925293, 9147.0
1.1228618621826172, 9147.0
1.1317968368530273, 9147.0
1.1407268047332764, 9147.0
1.1496567726135254, 9147.0
1.158606767654419, 9147.0
1.167543649673462, 9147.0
1.176548719406128, 9147.0
1.18548583984375, 9147.0
1.1944220066070557, 9147.0
1.2033469676971436, 9147.0
1.2122869491577148, 9147.0
1.22123384475708, 9147.0
1.2302048206329346, 9147.0
1.2391738891601562, 9147.0
1.2481029033660889, 9147.0
1.2570548057556152, 9147.0
1.2659938335418701, 9147.0
1.2749278545379639, 9147.0
1.2838799953460693, 9147.0
1.2928178310394287, 9147.0
1.301839828491211, 9147.0
1.3107779026031494, 9147.0
1.3197908401489258, 9147.0
1.32912278175354, 9147.0
1.338277816772461, 9147.0
1.3474249839782715, 9147.0
1.356555700302124, 9147.0
1.3657779693603516, 9147.0
1.3749778270721436, 9147.0
1.3841447830200195, 9147.0
1.3933148384094238, 9147.0
1.4025187492370605, 9147.0
1.4116427898406982, 9147.0
1.4208028316497803, 9147.0
1.4299628734588623, 9147.0
1.4391107559204102, 9147.0
1.4482569694519043, 9147.0
1.4574708938598633, 9147.0
1.4667088985443115, 9147.0
1.4758527278900146, 9147.0
1.485158920288086, 9147.0
1.4943759441375732, 9147.0
1.5035288333892822, 9147.0
1.51271390914917, 9147.0
1.5218276977539062, 9147.0
1.5309576988220215, 9147.0
1.5401239395141602, 9147.0
1.5493237972259521, 9147.0
1.5584588050842285, 9147.0
1.5675828456878662, 9147.0
1.576690912246704, 9147.0
1.5858030319213867, 9147.0
1.594954013824463, 9147.0
1.6040849685668945, 9147.0
1.6132049560546875, 9147.0
1.6223318576812744, 9147.0
1.6314687728881836, 9147.0
1.6407370567321777, 9147.0
1.6499316692352295, 9147.0
1.659106731414795, 9147.0
1.6683106422424316, 9147.0
1.6775009632110596, 9147.0
1.686697006225586, 9147.0
1.6958777904510498, 9147.0
1.70511794090271, 9147.0
1.7143607139587402, 9147.0
1.7236227989196777, 9147.0
1.7328457832336426, 9147.0
1.7421839237213135, 9147.0
1.7514097690582275, 9147.0
1.7606620788574219, 9147.0
1.769873857498169, 9147.0
1.7791149616241455, 9147.0
1.7882797718048096, 9147.0
1.7977068424224854, 9147.0
1.8072168827056885, 9147.0
1.8167517185211182, 9147.0
1.826333999633789, 9147.0
