2.7179718017578125e-05, 457.0
5.030632019042969e-05, 694.0
0.0002503395080566406, 1231.0
0.0013172626495361328, 1705.0
0.0019001960754394531, 2135.0
0.0019211769104003906, 2201.0
0.001961231231689453, 2515.0
0.002062082290649414, 2769.0
0.002172231674194336, 2882.0
0.0022530555725097656, 3480.0
0.0043201446533203125, 3482.0
0.0063800811767578125, 3668.0
0.006949186325073242, 4459.0
0.0071773529052734375, 4749.0
0.008321046829223633, 5233.0
0.010668039321899414, 5266.0
0.013070106506347656, 5388.0
0.026673316955566406, 5722.0
0.03250718116760254, 6312.0
0.032926321029663086, 6445.0
0.035082101821899414, 6898.0
0.10415840148925781, 6907.0
0.1044912338256836, 7838.0
0.45069432258605957, 7943.0
0.4509103298187256, 8512.0
0.45144128799438477, 8788.0
0.8388023376464844, 8900.0
0.9270713329315186, 8990.0
1.1135773658752441, 9147.0
