0.00010180473327636719, 131.0
0.0002028942108154297, 857.0
0.0003008842468261719, 1329.0
0.00049591064453125, 2118.0
0.0005939006805419922, 2524.0
0.001172780990600586, 2806.0
0.0019488334655761719, 3473.0
0.01158905029296875, 3668.0
0.01758408546447754, 3701.0
0.017685890197753906, 3933.0
0.017915010452270508, 4502.0
0.018594026565551758, 4932.0
0.02072596549987793, 5723.0
0.022877931594848633, 6677.0
0.052403926849365234, 6838.0
0.05920600891113281, 7562.0
0.062039852142333984, 8056.0
0.06610703468322754, 8513.0
0.0662069320678711, 8990.0
0.06825995445251465, 9436.0
0.09161376953125, 10101.0
0.09297394752502441, 10151.0
0.09336376190185547, 10582.0
0.0988767147064209, 11092.0
0.10783672332763672, 11160.0
0.1690969467163086, 11551.0
0.1695847511291504, 12120.0
0.17153596878051758, 12373.0
0.1788477897644043, 12458.0
0.21922087669372559, 12738.0
0.22450590133666992, 12796.0
0.224700927734375, 13338.0
0.22499608993530273, 14246.0
0.2949979305267334, 14332.0
0.2990257740020752, 14981.0
0.3021690845489502, 15168.0
0.3497440814971924, 15572.0
0.35231781005859375, 15636.0
0.4430980682373047, 15811.0
0.4466538429260254, 16236.0
0.9464371204376221, 16316.0
1.5686030387878418, 16521.0
1.5690929889678955, 16866.0
1.5953330993652344, 17009.0
2.2888450622558594, 17044.0
2.291408061981201, 17143.0
2.295456886291504, 17652.0
2.2988369464874268, 18527.0
3.1654129028320312, 18963.0
3.1800360679626465, 19276.0
4.780539035797119, 19791.0
4.802034854888916, 20135.0
4.809212923049927, 20250.0
4.921166896820068, 20508.0
4.944077014923096, 20634.0
4.94579815864563, 21586.0
4.970635890960693, 22147.0
4.973253011703491, 22363.0
5.651659965515137, 22552.0
5.662333965301514, 22916.0
5.665744781494141, 22928.0
5.665947914123535, 23123.0
5.676215887069702, 23341.0
5.684247970581055, 23467.0
6.190968036651611, 23489.0
6.216843843460083, 23546.0
6.2178709506988525, 23990.0
6.398352861404419, 24289.0
6.419881820678711, 24391.0
6.504763126373291, 24546.0
6.518243074417114, 24840.0
6.526280879974365, 24856.0
6.535851955413818, 24945.0
6.537884712219238, 25062.0
6.54763388633728, 25388.0
6.568822860717773, 25514.0
6.660494089126587, 25588.0
6.663505792617798, 25762.0
6.668830871582031, 26453.0
6.686416864395142, 26521.0
6.692745923995972, 26526.0
6.709701061248779, 26570.0
6.756421089172363, 26760.0
6.769745826721191, 26886.0
6.924010992050171, 26914.0
