2.7894973754882812e-05, 116.0
4.887580871582031e-05, 174.0
6.985664367675781e-05, 911.0
8.988380432128906e-05, 1509.0
0.000537872314453125, 2109.0
0.0006170272827148438, 2684.0
0.0007319450378417969, 3410.0
0.0016658306121826172, 3597.0
0.0019359588623046875, 3903.0
0.002149820327758789, 4196.0
0.002248048782348633, 4258.0
0.0023450851440429688, 4715.0
0.002422809600830078, 5356.0
0.02260589599609375, 5666.0
0.022899866104125977, 5766.0
0.02317500114440918, 5809.0
0.023529052734375, 5901.0
0.04404306411743164, 6128.0
0.07671499252319336, 6668.0
0.07697486877441406, 7121.0
0.23798775672912598, 7594.0
0.3636648654937744, 7850.0
0.5578799247741699, 8310.0
0.5612938404083252, 8327.0
0.6004188060760498, 8449.0
0.7884078025817871, 8474.0
0.7962908744812012, 8602.0
0.9067268371582031, 8629.0
0.9090790748596191, 8759.0
0.9831149578094482, 8842.0
1.0256400108337402, 9147.0
