0.010025978088378906, 4728.0
0.018780231475830078, 5411.0
0.02746129035949707, 6192.0
0.03606414794921875, 6332.0
0.044837236404418945, 7166.0
0.05355715751647949, 7166.0
0.062229156494140625, 8126.0
0.07088518142700195, 8232.0
0.07964897155761719, 8392.0
0.0883493423461914, 8480.0
0.0971672534942627, 8990.0
0.10595202445983887, 8990.0
0.1147310733795166, 8990.0
0.12358236312866211, 9147.0
0.13243317604064941, 9147.0
0.14130020141601562, 9147.0
0.15016698837280273, 9147.0
0.15903735160827637, 9147.0
0.16796016693115234, 9147.0
0.17693734169006348, 9147.0
0.18590903282165527, 9147.0
0.19480419158935547, 9147.0
0.20371031761169434, 9147.0
0.21270227432250977, 9147.0
0.22167611122131348, 9147.0
0.23064708709716797, 9147.0
0.23960494995117188, 9147.0
0.24851608276367188, 9147.0
0.2577803134918213, 9147.0
0.26691317558288574, 9147.0
0.27627015113830566, 9147.0
0.2854781150817871, 9147.0
0.29442930221557617, 9147.0
0.30338311195373535, 9147.0
0.31232213973999023, 9147.0
0.32126903533935547, 9147.0
0.3302180767059326, 9147.0
0.3391411304473877, 9147.0
0.34810519218444824, 9147.0
0.35703015327453613, 9147.0
0.3659641742706299, 9147.0
0.37490105628967285, 9147.0
0.38382792472839355, 9147.0
0.39276814460754395, 9147.0
0.40177106857299805, 9147.0
0.41107606887817383, 9147.0
0.42076635360717773, 9147.0
0.43018221855163574, 9147.0
0.4397621154785156, 9147.0
0.4489121437072754, 9147.0
0.4580690860748291, 9147.0
0.467205286026001, 9147.0
0.4763822555541992, 9147.0
0.48549509048461914, 9147.0
0.49457406997680664, 9147.0
0.5036311149597168, 9147.0
0.5126500129699707, 9147.0
0.5216572284698486, 9147.0
0.5306801795959473, 9147.0
0.5396852493286133, 9147.0
0.5486929416656494, 9147.0
0.5577352046966553, 9147.0
0.5667421817779541, 9147.0
0.5757501125335693, 9147.0
0.584813117980957, 9147.0
0.5940351486206055, 9147.0
0.6033082008361816, 9147.0
0.6124982833862305, 9147.0
0.6215701103210449, 9147.0
0.6305992603302002, 9147.0
0.6396043300628662, 9147.0
0.6486301422119141, 9147.0
0.6576452255249023, 9147.0
0.6666910648345947, 9147.0
0.6757161617279053, 9147.0
0.6847343444824219, 9147.0
0.6937911510467529, 9147.0
0.702855110168457, 9147.0
0.7119359970092773, 9147.0
0.7210361957550049, 9147.0
0.7301042079925537, 9147.0
0.7390861511230469, 9147.0
0.7481021881103516, 9147.0
0.7571361064910889, 9147.0
0.7661943435668945, 9147.0
0.7752671241760254, 9147.0
0.7843551635742188, 9147.0
0.7934179306030273, 9147.0
0.8024671077728271, 9147.0
0.8115441799163818, 9147.0
0.8206021785736084, 9147.0
0.8296291828155518, 9147.0
0.8386270999908447, 9147.0
0.8476061820983887, 9147.0
0.8566021919250488, 9147.0
0.8656191825866699, 9147.0
0.8745701313018799, 9147.0
0.8836331367492676, 9147.0
0.8927111625671387, 9147.0
0.9019911289215088, 9147.0
0.910980224609375, 9147.0
0.9199962615966797, 9147.0
0.9290900230407715, 9147.0
0.9381701946258545, 9147.0
0.9472291469573975, 9147.0
0.9563000202178955, 9147.0
0.9653451442718506, 9147.0
0.974419355392456, 9147.0
0.9835000038146973, 9147.0
0.9926493167877197, 9147.0
1.0017070770263672, 9147.0
1.0107462406158447, 9147.0
1.0198731422424316, 9147.0
1.028982162475586, 9147.0
1.0380241870880127, 9147.0
1.0470762252807617, 9147.0
1.0561280250549316, 9147.0
1.0651750564575195, 9147.0
1.074228286743164, 9147.0
1.0835912227630615, 9147.0
1.0928101539611816, 9147.0
1.1022562980651855, 9147.0
1.1112971305847168, 9147.0
1.120352029800415, 9147.0
1.1294000148773193, 9147.0
1.1384623050689697, 9147.0
1.1474990844726562, 9147.0
1.156510353088379, 9147.0
1.1655223369598389, 9147.0
1.1745243072509766, 9147.0
1.1835441589355469, 9147.0
1.1925292015075684, 9147.0
1.2015321254730225, 9147.0
1.2105331420898438, 9147.0
1.2195391654968262, 9147.0
1.2285943031311035, 9147.0
1.237771987915039, 9147.0
1.2467739582061768, 9147.0
1.2557661533355713, 9147.0
1.264754295349121, 9147.0
1.2739222049713135, 9147.0
1.2829220294952393, 9147.0
1.2920031547546387, 9147.0
1.3013710975646973, 9147.0
1.3106670379638672, 9147.0
1.319934368133545, 9147.0
1.3292431831359863, 9147.0
1.338564157485962, 9147.0
1.347851037979126, 9147.0
1.3571362495422363, 9147.0
1.3663952350616455, 9147.0
1.3756132125854492, 9147.0
1.3848402500152588, 9147.0
1.3943002223968506, 9147.0
1.403892993927002, 9147.0
1.4134509563446045, 9147.0
1.4229621887207031, 9147.0
1.4326651096343994, 9147.0
1.4423601627349854, 9147.0
1.4517011642456055, 9147.0
1.4613292217254639, 9147.0
1.4709951877593994, 9147.0
1.480424165725708, 9147.0
1.4899840354919434, 9147.0
1.4994943141937256, 9147.0
1.5087952613830566, 9147.0
1.5180761814117432, 9147.0
1.5273711681365967, 9147.0
1.5366530418395996, 9147.0
1.5459232330322266, 9147.0
1.5552241802215576, 9147.0
1.564493179321289, 9147.0
1.573735237121582, 9147.0
1.5829401016235352, 9147.0
1.592158317565918, 9147.0
1.6016061305999756, 9147.0
1.6110191345214844, 9147.0
1.6203272342681885, 9147.0
1.6295161247253418, 9147.0
1.6387841701507568, 9147.0
1.6479952335357666, 9147.0
1.6573140621185303, 9147.0
1.666804313659668, 9147.0
1.676194190979004, 9147.0
1.6854681968688965, 9147.0
1.6948530673980713, 9147.0
1.7042062282562256, 9147.0
1.7135491371154785, 9147.0
1.7230031490325928, 9147.0
1.7324581146240234, 9147.0
1.7420170307159424, 9147.0
1.7513372898101807, 9147.0
1.7606861591339111, 9147.0
1.7701811790466309, 9147.0
1.7796363830566406, 9147.0
1.789074182510376, 9147.0
1.7984650135040283, 9147.0
1.8077943325042725, 9147.0
1.8173539638519287, 9147.0
1.8269262313842773, 9147.0
1.8364973068237305, 9147.0
