0.05020713806152344, 8626.0
0.08850908279418945, 9364.0
0.12656402587890625, 11185.0
0.16444897651672363, 13525.0
0.20262503623962402, 13744.0
0.24105310440063477, 14848.0
0.27959704399108887, 15985.0
0.3182063102722168, 16434.0
0.35712718963623047, 17075.0
0.3959779739379883, 19123.0
0.4348461627960205, 19123.0
0.47393107414245605, 19123.0
0.5129740238189697, 19987.0
0.5521421432495117, 21061.0
0.5916280746459961, 21061.0
0.631843090057373, 21189.0
0.6712400913238525, 21330.0
0.710747241973877, 22336.0
0.7502813339233398, 24095.0
0.7898962497711182, 24095.0
0.8295960426330566, 24095.0
0.869124174118042, 24095.0
0.9086141586303711, 24321.0
0.9482049942016602, 24321.0
0.9880931377410889, 25014.0
1.0277931690216064, 25134.0
1.067629098892212, 25641.0
1.10744309425354, 25759.0
1.1475520133972168, 25849.0
1.1891372203826904, 26269.0
1.2291083335876465, 26500.0
1.2691771984100342, 26740.0
1.3092682361602783, 26740.0
1.3495700359344482, 27057.0
1.3898561000823975, 27407.0
1.4300179481506348, 27407.0
1.4710111618041992, 27749.0
1.5124881267547607, 27838.0
1.5530810356140137, 28149.0
1.5940830707550049, 28149.0
1.6350209712982178, 28149.0
1.6756479740142822, 28149.0
1.7162842750549316, 28191.0
1.7568690776824951, 28191.0
1.7979912757873535, 28191.0
1.8387188911437988, 28372.0
1.8793373107910156, 28372.0
1.9198551177978516, 28449.0
1.960386037826538, 28449.0
2.0010430812835693, 28474.0
2.041612148284912, 28474.0
2.0825090408325195, 28474.0
2.1228091716766357, 28474.0
2.1631059646606445, 28474.0
2.203813076019287, 28574.0
2.2441022396087646, 28600.0
2.2844841480255127, 28600.0
2.3250510692596436, 28600.0
2.3656740188598633, 28600.0
2.406059980392456, 28600.0
2.4462881088256836, 28600.0
2.486860990524292, 28600.0
2.527230978012085, 28600.0
2.5675370693206787, 28600.0
2.6083409786224365, 28600.0
2.649062156677246, 28600.0
2.6897521018981934, 28600.0
2.730457067489624, 28600.0
2.7712349891662598, 28600.0
2.812507152557373, 28600.0
2.853455066680908, 28600.0
2.894184112548828, 28600.0
2.934450149536133, 28600.0
2.975119113922119, 28703.0
3.015827178955078, 28703.0
3.056544065475464, 28703.0
3.0973050594329834, 28703.0
3.138120174407959, 28703.0
3.1789979934692383, 28703.0
3.221079111099243, 28703.0
3.261590003967285, 28703.0
3.3023412227630615, 28703.0
3.3428311347961426, 28703.0
3.384300947189331, 28703.0
3.425901174545288, 28703.0
3.4676589965820312, 28703.0
3.5096540451049805, 28703.0
3.5525271892547607, 28703.0
3.594264030456543, 28703.0
3.6356160640716553, 28703.0
3.677286148071289, 28703.0
3.718904972076416, 28703.0
3.760958194732666, 28703.0
3.8030619621276855, 28703.0
3.8448381423950195, 28703.0
3.8871400356292725, 28703.0
3.928349256515503, 28703.0
3.969135046005249, 28703.0
4.009704113006592, 28703.0
4.0507471561431885, 28703.0
4.091405153274536, 28703.0
4.132240056991577, 28703.0
4.173721075057983, 28703.0
4.214792251586914, 28703.0
4.2556281089782715, 28703.0
4.296605110168457, 28703.0
4.337160110473633, 28703.0
4.3779661655426025, 28703.0
4.418668985366821, 28703.0
4.4594972133636475, 28703.0
4.5000879764556885, 28703.0
4.540909051895142, 28703.0
4.5827271938323975, 28703.0
4.624730110168457, 28703.0
4.666577100753784, 28703.0
4.708479881286621, 28703.0
4.750508069992065, 28703.0
4.792223215103149, 28703.0
4.833930015563965, 28703.0
4.87567925453186, 28703.0
4.917495965957642, 28703.0
4.959518194198608, 28703.0
5.001768112182617, 28703.0
5.043987274169922, 28703.0
5.086390972137451, 28703.0
5.127263307571411, 28703.0
5.168097019195557, 28703.0
5.208878993988037, 28703.0
5.250951051712036, 28703.0
5.291813135147095, 28703.0
5.332930088043213, 28703.0
5.3744282722473145, 28703.0
5.4152162075042725, 28703.0
5.45599627494812, 28703.0
5.496874094009399, 28703.0
5.537719011306763, 28703.0
5.578449249267578, 28703.0
5.619528293609619, 28703.0
5.66037130355835, 28703.0
5.701153993606567, 28703.0
5.742135047912598, 28703.0
5.782868146896362, 28703.0
5.8232622146606445, 28703.0
5.864171981811523, 28703.0
5.90491509437561, 28703.0
5.94528603553772, 28703.0
5.985721111297607, 28703.0
6.026568174362183, 28703.0
6.067036151885986, 28703.0
6.107629060745239, 28703.0
6.14844012260437, 28703.0
6.188835144042969, 28703.0
6.2293641567230225, 28703.0
6.270120143890381, 28703.0
6.310547113418579, 28703.0
6.351028919219971, 28703.0
6.391790151596069, 28703.0
6.432145118713379, 28703.0
6.472641944885254, 28703.0
6.514557123184204, 28703.0
6.555416107177734, 28703.0
6.596295118331909, 28703.0
6.637583017349243, 28703.0
6.678163290023804, 28703.0
6.7190330028533936, 28703.0
6.759537220001221, 28703.0
6.800628185272217, 28703.0
6.841466188430786, 28703.0
6.882364273071289, 28703.0
6.923102140426636, 28703.0
6.96387505531311, 28703.0
7.004687070846558, 28703.0
7.045242071151733, 28703.0
7.086206912994385, 28703.0
7.127355098724365, 28703.0
7.168288946151733, 28703.0
7.20917820930481, 28703.0
7.250057935714722, 28703.0
7.292209148406982, 28703.0
7.333153963088989, 28703.0
7.373995065689087, 28703.0
7.4148640632629395, 28703.0
7.455412149429321, 28703.0
7.495903968811035, 28703.0
7.536579132080078, 28703.0
7.577373266220093, 28703.0
7.617895126342773, 28703.0
7.658299207687378, 28703.0
7.698784112930298, 28703.0
7.73959493637085, 28703.0
7.780149936676025, 28703.0
7.820948123931885, 28703.0
7.861691236495972, 28703.0
7.902160167694092, 28703.0
7.942953109741211, 28703.0
7.983387231826782, 28703.0
8.023848295211792, 28703.0
8.064391136169434, 28703.0
8.104806184768677, 28703.0
8.145575284957886, 28703.0
8.186430931091309, 28703.0
