3.0040740966796875e-05, 486.0
9.489059448242188e-05, 1394.0
0.00021982192993164062, 2118.0
0.0003459453582763672, 2909.0
0.004086971282958984, 3378.0
0.004439115524291992, 3554.0
0.0047719478607177734, 4152.0
0.0065190792083740234, 4548.0
0.006865978240966797, 4892.0
0.007484912872314453, 4990.0
0.007587909698486328, 5500.0
0.007608890533447266, 5919.0
0.009727954864501953, 6160.0
0.010221719741821289, 6419.0
0.01034402847290039, 6485.0
0.02479386329650879, 6730.0
0.05951094627380371, 7320.0
0.7194609642028809, 7686.0
0.7201499938964844, 8273.0
0.7202908992767334, 8730.0
0.925886869430542, 9147.0
