0.04974007606506348, 8163.0
0.0877072811126709, 8327.0
0.12561321258544922, 9934.0
0.16354918479919434, 10861.0
0.20154905319213867, 12180.0
0.23973608016967773, 12506.0
0.27800822257995605, 13687.0
0.31641697883605957, 15168.0
0.3549840450286865, 17093.0
0.39375901222229004, 17093.0
0.43248414993286133, 17515.0
0.4713590145111084, 17515.0
0.5103731155395508, 19606.0
0.5495190620422363, 19606.0
0.5887711048126221, 19688.0
0.6289160251617432, 19789.0
0.6683032512664795, 20299.0
0.7077691555023193, 21048.0
0.7470991611480713, 21085.0
0.7864041328430176, 21316.0
0.8258140087127686, 22315.0
0.8654782772064209, 22624.0
0.9050428867340088, 22834.0
0.9447228908538818, 23280.0
0.9843990802764893, 23716.0
1.0247092247009277, 24846.0
1.0647590160369873, 24846.0
1.1049389839172363, 25290.0
1.145531177520752, 26045.0
1.187225103378296, 26045.0
1.2291829586029053, 26045.0
1.2694919109344482, 26045.0
1.3096730709075928, 26328.0
1.3500940799713135, 26328.0
1.390505075454712, 26415.0
1.430955171585083, 27405.0
1.4717071056365967, 27405.0
1.5122439861297607, 27405.0
1.5532560348510742, 27441.0
1.5941979885101318, 27678.0
1.6350610256195068, 27678.0
1.6761631965637207, 27678.0
1.7170591354370117, 27686.0
1.7577800750732422, 27686.0
1.7982752323150635, 28171.0
1.8387761116027832, 28171.0
1.8792641162872314, 28171.0
1.919715166091919, 28171.0
1.9604110717773438, 28198.0
2.0013790130615234, 28237.0
2.042220115661621, 28285.0
2.0829062461853027, 28324.0
2.123767137527466, 28324.0
2.1647140979766846, 28324.0
2.205698013305664, 28476.0
2.2466580867767334, 28476.0
2.287614107131958, 28476.0
2.3286032676696777, 28609.0
2.369455099105835, 28609.0
2.4106953144073486, 28609.0
2.4521541595458984, 28609.0
2.493474006652832, 28819.0
2.5345871448516846, 28819.0
2.5759479999542236, 28819.0
2.617274045944214, 28819.0
2.6581711769104004, 28819.0
2.6992971897125244, 28819.0
2.7404561042785645, 28819.0
2.7815942764282227, 28819.0
2.822608232498169, 28819.0
2.86505126953125, 28819.0
2.9071102142333984, 28819.0
2.949035167694092, 28819.0
2.992591142654419, 28819.0
3.034865140914917, 28819.0
3.0766100883483887, 28819.0
3.11800217628479, 28819.0
3.16100811958313, 28819.0
3.2034711837768555, 28819.0
3.2457211017608643, 28819.0
3.287764072418213, 28819.0
3.3298423290252686, 28819.0
3.372836112976074, 28819.0
3.4142091274261475, 28819.0
3.455374240875244, 28819.0
3.497097969055176, 28819.0
3.5383400917053223, 28819.0
3.5795271396636963, 28819.0
3.62153697013855, 28819.0
3.6631791591644287, 28819.0
3.704353094100952, 28819.0
3.745326042175293, 28819.0
3.7863261699676514, 28819.0
3.827399253845215, 28819.0
3.868420124053955, 28819.0
3.9094860553741455, 28819.0
3.950667142868042, 28819.0
3.9918971061706543, 28819.0
4.032982110977173, 28819.0
4.07402229309082, 28819.0
4.115236043930054, 28819.0
4.156485080718994, 28819.0
4.197683095932007, 28819.0
4.238694190979004, 28819.0
4.279752969741821, 28819.0
4.320846080780029, 28819.0
4.361833095550537, 28819.0
4.40292501449585, 28819.0
4.4439780712127686, 28819.0
4.485552072525024, 28819.0
4.527614116668701, 28819.0
4.569684028625488, 28819.0
4.611891984939575, 28819.0
4.654123067855835, 28819.0
4.695945978164673, 28819.0
4.7377002239227295, 28819.0
4.77944016456604, 28819.0
4.821861267089844, 28819.0
4.8642942905426025, 28819.0
4.906714200973511, 28819.0
4.948933124542236, 28819.0
4.991521120071411, 28819.0
5.03278112411499, 28819.0
5.073765277862549, 28819.0
5.114386320114136, 28819.0
5.155324220657349, 28819.0
5.197631120681763, 28819.0
5.238844156265259, 28819.0
5.280230283737183, 28819.0
5.321122169494629, 28819.0
5.361984014511108, 28819.0
5.403109073638916, 28819.0
5.4437761306762695, 28819.0
5.484673023223877, 28819.0
5.525224924087524, 28819.0
5.56619119644165, 28819.0
5.606729984283447, 28819.0
5.647690057754517, 28819.0
5.68864107131958, 28819.0
5.72962212562561, 28819.0
5.7705159187316895, 28819.0
5.811532020568848, 28819.0
5.8520472049713135, 28819.0
5.893084287643433, 28819.0
5.933710098266602, 28819.0
5.976131200790405, 28819.0
6.019175291061401, 28819.0
6.0610480308532715, 28819.0
6.101937294006348, 28819.0
6.143088102340698, 28819.0
6.183896064758301, 28819.0
6.224931240081787, 28819.0
6.265838146209717, 28819.0
6.306692123413086, 28819.0
6.347517967224121, 28819.0
6.388499975204468, 28819.0
6.429549217224121, 28819.0
6.470447063446045, 28819.0
6.511645317077637, 28819.0
6.552424907684326, 28819.0
6.593793153762817, 28819.0
6.634766101837158, 28819.0
6.675722122192383, 28819.0
6.71651816368103, 28819.0
6.757467269897461, 28819.0
6.798169136047363, 28819.0
6.839011192321777, 28819.0
6.880022048950195, 28819.0
6.920857191085815, 28819.0
6.961596250534058, 28819.0
7.002686977386475, 28819.0
7.043720006942749, 28819.0
7.084466218948364, 28819.0
7.12519907951355, 28819.0
7.166290283203125, 28819.0
7.207762956619263, 28819.0
7.249106168746948, 28819.0
7.289948225021362, 28819.0
7.3306660652160645, 28819.0
7.371312141418457, 28819.0
7.412255048751831, 28819.0
7.4530181884765625, 28819.0
7.493767261505127, 28819.0
7.534428119659424, 28819.0
7.575321197509766, 28819.0
7.616278171539307, 28819.0
7.657195091247559, 28819.0
7.697740077972412, 28819.0
7.738423109054565, 28819.0
7.779367208480835, 28819.0
7.819911956787109, 28819.0
7.860551118850708, 28819.0
7.901461124420166, 28819.0
7.942018032073975, 28819.0
7.982759952545166, 28819.0
8.023665189743042, 28819.0
8.064479112625122, 28819.0
8.105579137802124, 28819.0
8.146229982376099, 28819.0
8.18678617477417, 28819.0
8.227396249771118, 28819.0
