0.009986162185668945, 5811.0
0.0188291072845459, 6028.0
0.027369976043701172, 6392.0
0.03629016876220703, 6762.0
0.04499506950378418, 7360.0
0.05366396903991699, 7618.0
0.06232714653015137, 8125.0
0.07104206085205078, 8342.0
0.07977700233459473, 8342.0
0.08856892585754395, 8575.0
0.09746789932250977, 8940.0
0.10631394386291504, 9147.0
0.11525797843933105, 9147.0
0.12419009208679199, 9147.0
0.13313794136047363, 9147.0
0.1420910358428955, 9147.0
0.15108108520507812, 9147.0
0.16008710861206055, 9147.0
0.16926121711730957, 9147.0
0.17873907089233398, 9147.0
0.18812918663024902, 9147.0
0.19747519493103027, 9147.0
0.20647096633911133, 9147.0
0.2154078483581543, 9147.0
0.2244110107421875, 9147.0
0.23356008529663086, 9147.0
0.24262499809265137, 9147.0
0.25194501876831055, 9147.0
0.2611880302429199, 9147.0
0.2703559398651123, 9147.0
0.2795419692993164, 9147.0
0.28876495361328125, 9147.0
0.29775285720825195, 9147.0
0.3067491054534912, 9147.0
0.31570911407470703, 9147.0
0.32465314865112305, 9147.0
0.3336489200592041, 9147.0
0.3426198959350586, 9147.0
0.3516569137573242, 9147.0
0.3606259822845459, 9147.0
0.36957597732543945, 9147.0
0.3785679340362549, 9147.0
0.3875570297241211, 9147.0
0.3964860439300537, 9147.0
0.40546488761901855, 9147.0
0.41446900367736816, 9147.0
0.42342519760131836, 9147.0
0.43241000175476074, 9147.0
0.4413750171661377, 9147.0
0.45032310485839844, 9147.0
0.45928406715393066, 9147.0
0.4682459831237793, 9147.0
0.47719812393188477, 9147.0
0.48615407943725586, 9147.0
0.49510884284973145, 9147.0
0.5040872097015381, 9147.0
0.5130691528320312, 9147.0
0.5220739841461182, 9147.0
0.5310070514678955, 9147.0
0.539959192276001, 9147.0
0.5489439964294434, 9147.0
0.5579028129577637, 9147.0
0.5668559074401855, 9147.0
0.5758590698242188, 9147.0
0.5848021507263184, 9147.0
0.5937638282775879, 9147.0
0.6030139923095703, 9147.0
0.6122350692749023, 9147.0
0.6214320659637451, 9147.0
0.6304521560668945, 9147.0
0.6394050121307373, 9147.0
0.6483981609344482, 9147.0
0.6573619842529297, 9147.0
0.6663281917572021, 9147.0
0.675278902053833, 9147.0
0.6842319965362549, 9147.0
0.6931700706481934, 9147.0
0.7021119594573975, 9147.0
0.7110819816589355, 9147.0
0.7200500965118408, 9147.0
0.7290031909942627, 9147.0
0.7379579544067383, 9147.0
0.7469639778137207, 9147.0
0.7559270858764648, 9147.0
0.7648861408233643, 9147.0
0.7738618850708008, 9147.0
0.7828280925750732, 9147.0
0.7918269634246826, 9147.0
0.8007960319519043, 9147.0
0.8097732067108154, 9147.0
0.8187541961669922, 9147.0
0.8277380466461182, 9147.0
0.8367359638214111, 9147.0
0.8456718921661377, 9147.0
0.8546140193939209, 9147.0
0.863645076751709, 9147.0
0.8726110458374023, 9147.0
0.8815560340881348, 9147.0
0.890679121017456, 9147.0
0.8999121189117432, 9147.0
0.908865213394165, 9147.0
0.9178550243377686, 9147.0
0.9268198013305664, 9147.0
0.9357671737670898, 9147.0
0.9447150230407715, 9147.0
0.953671932220459, 9147.0
0.9626410007476807, 9147.0
0.9715778827667236, 9147.0
0.9805240631103516, 9147.0
0.9894731044769287, 9147.0
0.9984660148620605, 9147.0
1.007458209991455, 9147.0
1.0164010524749756, 9147.0
1.0253870487213135, 9147.0
1.034350872039795, 9147.0
1.0433108806610107, 9147.0
1.0522871017456055, 9147.0
1.0612540245056152, 9147.0
1.0702149868011475, 9147.0
1.0791771411895752, 9147.0
1.0881459712982178, 9147.0
1.097161054611206, 9147.0
1.1061310768127441, 9147.0
1.115144968032837, 9147.0
1.1241810321807861, 9147.0
1.1331448554992676, 9147.0
1.14215087890625, 9147.0
1.1515719890594482, 9147.0
1.160740852355957, 9147.0
1.169891119003296, 9147.0
1.1790778636932373, 9147.0
1.1883249282836914, 9147.0
1.1975288391113281, 9147.0
1.2067420482635498, 9147.0
1.2159502506256104, 9147.0
1.2251300811767578, 9147.0
1.2343051433563232, 9147.0
1.243476152420044, 9147.0
1.2526841163635254, 9147.0
1.2618699073791504, 9147.0
1.2710320949554443, 9147.0
1.2802708148956299, 9147.0
1.289646863937378, 9147.0
1.2988429069519043, 9147.0
1.3081579208374023, 9147.0
1.317345142364502, 9147.0
1.3264930248260498, 9147.0
1.3356611728668213, 9147.0
1.3447949886322021, 9147.0
1.3539509773254395, 9147.0
1.3631060123443604, 9147.0
1.3722620010375977, 9147.0
1.3813951015472412, 9147.0
1.3905549049377441, 9147.0
1.399688959121704, 9147.0
1.4088389873504639, 9147.0
1.4179699420928955, 9147.0
1.4271178245544434, 9147.0
1.4362828731536865, 9147.0
1.4454610347747803, 9147.0
1.4546129703521729, 9147.0
1.4638941287994385, 9147.0
1.4731149673461914, 9147.0
1.4822731018066406, 9147.0
1.4915001392364502, 9147.0
1.5008430480957031, 9147.0
1.5101509094238281, 9147.0
1.519385814666748, 9147.0
1.5287129878997803, 9147.0
1.537950038909912, 9147.0
1.5472378730773926, 9147.0
1.5564539432525635, 9147.0
1.565720796585083, 9147.0
1.5750181674957275, 9147.0
1.5843448638916016, 9147.0
1.593498945236206, 9147.0
1.6028261184692383, 9147.0
1.6122009754180908, 9147.0
1.6215341091156006, 9147.0
1.6309330463409424, 9147.0
1.6402981281280518, 9147.0
1.6495261192321777, 9147.0
1.6589100360870361, 9147.0
1.6682698726654053, 9147.0
1.6774449348449707, 9147.0
1.6864991188049316, 9147.0
1.6955270767211914, 9147.0
1.704477071762085, 9147.0
1.7134358882904053, 9147.0
1.7223811149597168, 9147.0
1.7313218116760254, 9147.0
1.7403011322021484, 9147.0
1.749319076538086, 9147.0
1.7583260536193848, 9147.0
1.7673759460449219, 9147.0
1.7763500213623047, 9147.0
1.7853000164031982, 9147.0
1.7942421436309814, 9147.0
1.803199052810669, 9147.0
1.8121440410614014, 9147.0
1.821084976196289, 9147.0
