0.009770870208740234, 5397.0
0.018279075622558594, 5825.0
0.02706289291381836, 6008.0
0.03560495376586914, 6580.0
0.04433917999267578, 7000.0
0.053063154220581055, 7782.0
0.06175708770751953, 7782.0
0.0705251693725586, 8533.0
0.0793159008026123, 8533.0
0.08812093734741211, 8533.0
0.09705018997192383, 8990.0
0.10599327087402344, 8990.0
0.11492013931274414, 8990.0
0.12392306327819824, 8990.0
0.13292217254638672, 8990.0
0.14191818237304688, 8990.0
0.15096211433410645, 8990.0
0.1600050926208496, 8990.0
0.16906404495239258, 8990.0
0.178206205368042, 8990.0
0.1872849464416504, 8990.0
0.19635295867919922, 8990.0
0.20568203926086426, 8990.0
0.21474409103393555, 8990.0
0.22379207611083984, 8990.0
0.23286914825439453, 8990.0
0.24199318885803223, 8990.0
0.251129150390625, 8990.0
0.2601890563964844, 8990.0
0.269240140914917, 8990.0
0.2782771587371826, 8990.0
0.28734827041625977, 8990.0
0.2964010238647461, 8990.0
0.3054220676422119, 8990.0
0.31453895568847656, 8990.0
0.3236091136932373, 8990.0
0.33266711235046387, 8990.0
0.34174418449401855, 8990.0
0.35080504417419434, 8990.0
0.3598620891571045, 8990.0
0.36887311935424805, 8990.0
0.3779110908508301, 8990.0
0.38698530197143555, 8990.0
0.3960859775543213, 8990.0
0.40517592430114746, 8990.0
0.4142329692840576, 8990.0
0.42328429222106934, 8990.0
0.4323089122772217, 8990.0
0.4413321018218994, 8990.0
0.45040106773376465, 8990.0
0.45944690704345703, 8990.0
0.46848607063293457, 8990.0
0.4775662422180176, 8990.0
0.48660922050476074, 8990.0
0.49564695358276367, 8990.0
0.5047211647033691, 8990.0
0.5137331485748291, 8990.0
0.5228390693664551, 8990.0
0.5319359302520752, 8990.0
0.5410490036010742, 8990.0
0.5501370429992676, 8990.0
0.5591831207275391, 8990.0
0.5680990219116211, 8990.0
0.5770161151885986, 8990.0
0.5859382152557373, 8990.0
0.594811201095581, 8990.0
0.604039192199707, 8990.0
0.6132011413574219, 8990.0
0.6221480369567871, 8990.0
0.6311430931091309, 8990.0
0.6400320529937744, 8990.0
0.6489241123199463, 8990.0
0.6578540802001953, 8990.0
0.6668050289154053, 8990.0
0.6757640838623047, 8990.0
0.6846339702606201, 9147.0
0.693558931350708, 9147.0
0.7024500370025635, 9147.0
0.7113971710205078, 9147.0
0.7203052043914795, 9147.0
0.7291891574859619, 9147.0
0.7380781173706055, 9147.0
0.7469749450683594, 9147.0
0.7558701038360596, 9147.0
0.7647950649261475, 9147.0
0.7736949920654297, 9147.0
0.782573938369751, 9147.0
0.7915029525756836, 9147.0
0.8004369735717773, 9147.0
0.8093249797821045, 9147.0
0.8182151317596436, 9147.0
0.827125072479248, 9147.0
0.8360209465026855, 9147.0
0.8449199199676514, 9147.0
0.8538491725921631, 9147.0
0.8627181053161621, 9147.0
0.8716142177581787, 9147.0
0.8805460929870605, 9147.0
0.8894572257995605, 9147.0
0.8983349800109863, 9147.0
0.9072060585021973, 9147.0
0.9160969257354736, 9147.0
0.9249682426452637, 9147.0
0.9338569641113281, 9147.0
0.9427309036254883, 9147.0
0.9515960216522217, 9147.0
0.9605271816253662, 9147.0
0.9693810939788818, 9147.0
0.9782960414886475, 9147.0
0.9871511459350586, 9147.0
0.996074914932251, 9147.0
1.00496506690979, 9147.0
1.0138421058654785, 9147.0
1.022826910018921, 9147.0
1.0317840576171875, 9147.0
1.0406818389892578, 9147.0
1.0495851039886475, 9147.0
1.0585289001464844, 9147.0
1.0676100254058838, 9147.0
1.0766551494598389, 9147.0
1.0856201648712158, 9147.0
1.0948100090026855, 9147.0
1.1036839485168457, 9147.0
1.1125900745391846, 9147.0
1.1214959621429443, 9147.0
1.1304600238800049, 9147.0
1.1393170356750488, 9147.0
1.148346185684204, 9147.0
1.1576910018920898, 9147.0
1.1670989990234375, 9147.0
1.1766281127929688, 9147.0
1.1862382888793945, 9147.0
1.1955509185791016, 9147.0
1.2048921585083008, 9147.0
1.2140820026397705, 9147.0
1.2232701778411865, 9147.0
1.2325758934020996, 9147.0
1.241697072982788, 9147.0
1.2508480548858643, 9147.0
1.2600460052490234, 9147.0
1.2693049907684326, 9147.0
1.2784149646759033, 9147.0
1.287672996520996, 9147.0
1.296921968460083, 9147.0
1.3062880039215088, 9147.0
1.3155460357666016, 9147.0
1.3247489929199219, 9147.0
1.3339078426361084, 9147.0
1.3430719375610352, 9147.0
1.3522579669952393, 9147.0
1.361401081085205, 9147.0
1.3706018924713135, 9147.0
1.3801169395446777, 9147.0
1.3896291255950928, 9147.0
1.399134874343872, 9147.0
1.4083292484283447, 9147.0
1.417484998703003, 9147.0
1.4266321659088135, 9147.0
1.4357218742370605, 9147.0
1.444817066192627, 9147.0
1.453942060470581, 9147.0
1.4630980491638184, 9147.0
1.4724090099334717, 9147.0
1.481593132019043, 9147.0
1.4907691478729248, 9147.0
1.4999661445617676, 9147.0
1.509186029434204, 9147.0
1.518615961074829, 9147.0
1.5279831886291504, 9147.0
1.5372211933135986, 9147.0
1.5464129447937012, 9147.0
1.5556788444519043, 9147.0
1.5649230480194092, 9147.0
1.5742180347442627, 9147.0
1.5834710597991943, 9147.0
1.5927860736846924, 9147.0
1.6023330688476562, 9147.0
1.6116321086883545, 9147.0
1.6208701133728027, 9147.0
1.6302239894866943, 9147.0
1.639617919921875, 9147.0
1.6490809917449951, 9147.0
1.6583540439605713, 9147.0
1.667558193206787, 9147.0
1.676826000213623, 9147.0
1.686291217803955, 9147.0
1.6957731246948242, 9147.0
1.7048490047454834, 9147.0
1.7138540744781494, 9147.0
1.7228081226348877, 9147.0
1.7318031787872314, 9147.0
1.7408020496368408, 9147.0
1.7497589588165283, 9147.0
1.7587270736694336, 9147.0
1.767638921737671, 9147.0
1.7765979766845703, 9147.0
1.7855451107025146, 9147.0
1.7944550514221191, 9147.0
1.8033709526062012, 9147.0
1.8123109340667725, 9147.0
1.8212699890136719, 9147.0
