0.049932241439819336, 9653.0
0.08853507041931152, 10598.0
0.12659525871276855, 10598.0
0.1647050380706787, 13155.0
0.2029430866241455, 13155.0
0.24148011207580566, 16381.0
0.27992987632751465, 16381.0
0.3186309337615967, 16629.0
0.3576650619506836, 17283.0
0.39655399322509766, 18923.0
0.4355320930480957, 20021.0
0.47478318214416504, 20021.0
0.5150151252746582, 20806.0
0.5543482303619385, 21907.0
0.5936200618743896, 21907.0
0.6337740421295166, 21907.0
0.6733059883117676, 21929.0
0.7129101753234863, 22620.0
0.7526531219482422, 22620.0
0.7923872470855713, 23228.0
0.8321640491485596, 23228.0
0.8719580173492432, 23228.0
0.9117698669433594, 24339.0
0.9516129493713379, 24339.0
0.991544246673584, 24552.0
1.0324859619140625, 24794.0
1.0725672245025635, 25730.0
1.1126611232757568, 25730.0
1.1527750492095947, 25730.0
1.1928589344024658, 25765.0
1.2329699993133545, 26222.0
1.2731778621673584, 26353.0
1.3133621215820312, 26353.0
1.353571891784668, 27014.0
1.393937110900879, 27124.0
1.4342401027679443, 27124.0
1.4744970798492432, 27271.0
1.5148019790649414, 27734.0
1.5551800727844238, 27734.0
1.5955710411071777, 27734.0
1.6359601020812988, 28025.0
1.6763710975646973, 28025.0
1.7167260646820068, 28035.0
1.7572650909423828, 28035.0
1.7978050708770752, 28035.0
1.838299036026001, 28088.0
1.8788628578186035, 28189.0
1.9193930625915527, 28277.0
1.9598920345306396, 28277.0
2.000519037246704, 28342.0
2.041062116622925, 28342.0
2.081594944000244, 28342.0
2.12211012840271, 28342.0
2.1626551151275635, 28342.0
2.203447103500366, 28342.0
2.244188070297241, 28457.0
2.2848401069641113, 28457.0
2.3257250785827637, 28457.0
2.3663480281829834, 28457.0
2.407050132751465, 28457.0
2.4476821422576904, 28457.0
2.4883651733398438, 28457.0
2.5300331115722656, 28457.0
2.570565938949585, 28457.0
2.611342191696167, 28457.0
2.6520650386810303, 28457.0
2.692754030227661, 28457.0
2.733581066131592, 28457.0
2.7742791175842285, 28457.0
2.8150811195373535, 28457.0
2.85600209236145, 28457.0
2.896761894226074, 28457.0
2.937439203262329, 28457.0
2.978149890899658, 28457.0
3.0190160274505615, 28457.0
3.0597541332244873, 28457.0
3.1005971431732178, 28457.0
3.141400098800659, 28457.0
3.182065963745117, 28457.0
3.222862958908081, 28457.0
3.2636351585388184, 28457.0
3.3043720722198486, 28457.0
3.3451061248779297, 28457.0
3.385972023010254, 28457.0
3.4279420375823975, 28457.0
3.4698610305786133, 28457.0
3.5115339756011963, 28457.0
3.55393123626709, 28457.0
3.597809076309204, 28457.0
3.6397390365600586, 28457.0
3.6814820766448975, 28457.0
3.723464012145996, 28457.0
3.7657580375671387, 28457.0
3.8081631660461426, 28457.0
3.850939989089966, 28457.0
3.893601179122925, 28457.0
3.9358670711517334, 28457.0
3.9789299964904785, 28457.0
4.020545244216919, 28457.0
4.061614036560059, 28457.0
4.1025590896606445, 28457.0
4.143531084060669, 28457.0
4.184469223022461, 28457.0
4.2257301807403564, 28457.0
4.26781702041626, 28457.0
4.308909177780151, 28457.0
4.350006103515625, 28457.0
4.391041040420532, 28457.0
4.432049036026001, 28457.0
4.4729249477386475, 28457.0
4.5136799812316895, 28457.0
4.555584192276001, 28590.0
4.5970680713653564, 28590.0
4.638046979904175, 28590.0
4.679440975189209, 28590.0
4.72166895866394, 28590.0
4.7640380859375, 28590.0
4.807295083999634, 28590.0
4.8498170375823975, 28590.0
4.891629934310913, 28590.0
4.9339280128479, 28590.0
4.975336074829102, 28590.0
5.017138957977295, 28590.0
5.0592992305755615, 28590.0
5.101837158203125, 28590.0
5.144078969955444, 28590.0
5.186568021774292, 28590.0
5.229430198669434, 28590.0
5.27050518989563, 28590.0
5.311254024505615, 28590.0
5.352060079574585, 28590.0
5.3929290771484375, 28590.0
5.433855056762695, 28590.0
5.474881172180176, 28590.0
5.516278028488159, 28590.0
5.5571129322052, 28590.0
5.597943067550659, 28590.0
5.638270139694214, 28590.0
5.679009199142456, 28590.0
5.719628095626831, 28590.0
5.760068893432617, 28590.0
5.800750970840454, 28590.0
5.841165065765381, 28590.0
5.881469011306763, 28590.0
5.921958923339844, 28590.0
5.962329864501953, 28590.0
6.002650022506714, 28590.0
6.044119119644165, 28590.0
6.084797143936157, 28590.0
6.125410079956055, 28590.0
6.166051149368286, 28590.0
6.206550121307373, 28600.0
6.247403144836426, 28600.0
6.288049936294556, 28600.0
6.328679084777832, 28600.0
6.369544982910156, 28600.0
6.410243272781372, 28600.0
6.451070070266724, 28600.0
6.491708993911743, 28600.0
6.532402038574219, 28614.0
6.573237180709839, 28614.0
6.6148622035980225, 28614.0
6.65559720993042, 28614.0
6.695995092391968, 28614.0
6.736745119094849, 28614.0
6.777226209640503, 28614.0
6.817897081375122, 28614.0
6.858445167541504, 28614.0
6.899056911468506, 28614.0
6.93956995010376, 28614.0
6.980193138122559, 28614.0
7.020854234695435, 28614.0
7.061187267303467, 28614.0
7.101509094238281, 28614.0
7.142149925231934, 28614.0
7.182568073272705, 28614.0
7.223261117935181, 28614.0
7.263715982437134, 28614.0
7.304414987564087, 28614.0
7.345155239105225, 28614.0
7.38581109046936, 28614.0
7.426116943359375, 28614.0
7.466433048248291, 28614.0
7.50686502456665, 28614.0
7.547181129455566, 28614.0
7.58770489692688, 28614.0
7.628335952758789, 28614.0
7.668710947036743, 28614.0
7.709026098251343, 28614.0
7.749421834945679, 28614.0
7.789819955825806, 28614.0
7.830186128616333, 28614.0
7.870704889297485, 28614.0
7.911118268966675, 28614.0
7.9517982006073, 28614.0
7.992538928985596, 28614.0
8.033217191696167, 28614.0
8.073897123336792, 28614.0
8.114213943481445, 28614.0
8.154598951339722, 28614.0
8.194934129714966, 28614.0
