0.00011014938354492188, 675.0
0.00021314620971679688, 778.0
0.0003139972686767578, 1291.0
0.00041604042053222656, 1697.0
0.0005180835723876953, 2556.0
0.0006201267242431641, 2738.0
0.0007219314575195312, 3692.0
0.003826141357421875, 3776.0
0.010235071182250977, 3971.0
0.013051986694335938, 4224.0
0.020486116409301758, 4507.0
0.021188020706176758, 4883.0
0.023591995239257812, 5312.0
0.0298309326171875, 6020.0
0.0376279354095459, 6190.0
0.03882908821105957, 6272.0
0.04014396667480469, 6749.0
0.04376411437988281, 7701.0
0.04486989974975586, 8164.0
0.05049395561218262, 8495.0
0.08367013931274414, 9218.0
0.08830904960632324, 9274.0
0.09052109718322754, 10205.0
0.09769606590270996, 10444.0
0.11698222160339355, 11120.0
0.11728501319885254, 11911.0
0.12797808647155762, 12554.0
0.16739201545715332, 12889.0
0.19807124137878418, 12990.0
0.19897818565368652, 13760.0
0.19979405403137207, 14628.0
0.19989609718322754, 14730.0
0.20331597328186035, 14937.0
0.20371794700622559, 15504.0
0.2053372859954834, 15910.0
0.21156692504882812, 16429.0
0.21428799629211426, 16758.0
0.2157001495361328, 17354.0
0.21741294860839844, 17707.0
0.217515230178833, 17902.0
0.22152924537658691, 18263.0
0.22173190116882324, 18391.0
0.22193503379821777, 18601.0
2.8207430839538574, 18714.0
2.822042942047119, 18765.0
3.064000129699707, 19182.0
3.0712039470672607, 19371.0
3.0737061500549316, 19948.0
3.8400750160217285, 20135.0
3.843074083328247, 20911.0
3.8544039726257324, 20935.0
3.8552820682525635, 21601.0
4.091735124588013, 21901.0
4.101923227310181, 22020.0
4.1839470863342285, 22163.0
4.1891632080078125, 22284.0
4.193958044052124, 23215.0
4.342353105545044, 23495.0
4.3456761837005615, 23530.0
4.348287105560303, 23679.0
4.348600149154663, 24193.0
4.348810195922852, 24305.0
4.4899022579193115, 24761.0
4.494594097137451, 24943.0
4.613996267318726, 25168.0
4.619440078735352, 25261.0
4.622045040130615, 25363.0
4.640428066253662, 25587.0
4.919392108917236, 25816.0
5.04606294631958, 26077.0
5.066908121109009, 26101.0
5.080486059188843, 26144.0
5.198899984359741, 26152.0
5.255596160888672, 26242.0
5.275432109832764, 26344.0
5.421738147735596, 26862.0
5.424440860748291, 27057.0
5.759783029556274, 27092.0
6.0203611850738525, 27482.0
6.066785097122192, 27570.0
6.141682147979736, 27749.0
