2.8371810913085938e-05, 457.0
5.0067901611328125e-05, 1098.0
7.200241088867188e-05, 1818.0
0.00047016143798828125, 2019.0
0.0004911422729492188, 2435.0
0.0005321502685546875, 3309.0
0.0005931854248046875, 4109.0
0.0009133815765380859, 4443.0
0.001293182373046875, 4929.0
0.001672983169555664, 5014.0
0.0037431716918945312, 5037.0
0.0049211978912353516, 5204.0
0.004945278167724609, 5995.0
0.005012035369873047, 6108.0
0.005164146423339844, 6926.0
0.005883216857910156, 7108.0
0.0065190792083740234, 7346.0
0.20440030097961426, 7371.0
0.2587573528289795, 7570.0
0.2908041477203369, 7911.0
0.39429521560668945, 8004.0
0.6695561408996582, 8443.0
0.6699280738830566, 8900.0
0.9341421127319336, 8990.0
0.973546028137207, 9147.0
