2.7894973754882812e-05, 536.0
6.985664367675781e-05, 1236.0
0.0013949871063232422, 1979.0
0.0014557838439941406, 2577.0
0.0015559196472167969, 3034.0
0.0016949176788330078, 3215.0
0.0022132396697998047, 3939.0
0.008485078811645508, 3960.0
0.008966922760009766, 4263.0
0.009077072143554688, 4554.0
0.010549068450927734, 4723.0
0.010974884033203125, 4954.0
0.013326168060302734, 5119.0
0.014559030532836914, 5319.0
0.0361170768737793, 5330.0
0.03613996505737305, 6261.0
0.043814897537231445, 6285.0
0.044432878494262695, 6517.0
0.04472494125366211, 7184.0
0.2790200710296631, 7828.0
0.7165639400482178, 8380.0
0.8829150199890137, 8408.0
0.8963048458099365, 8474.0
0.9475038051605225, 8681.0
0.9489128589630127, 8719.0
0.9491798877716064, 8900.0
1.0646841526031494, 8929.0
