0.009870767593383789, 6834.0
0.01831507682800293, 6834.0
0.02710890769958496, 7082.0
0.036190032958984375, 7130.0
0.04504704475402832, 7268.0
0.05388498306274414, 7796.0
0.06284689903259277, 8418.0
0.07186412811279297, 8418.0
0.08095002174377441, 8781.0
0.0900118350982666, 8781.0
0.09917187690734863, 8781.0
0.1083531379699707, 8781.0
0.11764693260192871, 9147.0
0.1267859935760498, 9147.0
0.1359570026397705, 9147.0
0.14507603645324707, 9147.0
0.15428900718688965, 9147.0
0.1637709140777588, 9147.0
0.17326116561889648, 9147.0
0.1829519271850586, 9147.0
0.19231891632080078, 9147.0
0.20161890983581543, 9147.0
0.21085691452026367, 9147.0
0.22005510330200195, 9147.0
0.22924399375915527, 9147.0
0.23839807510375977, 9147.0
0.2477400302886963, 9147.0
0.2572660446166992, 9147.0
0.26663708686828613, 9147.0
0.2762150764465332, 9147.0
0.2856929302215576, 9147.0
0.29516100883483887, 9147.0
0.30468297004699707, 9147.0
0.3139150142669678, 9147.0
0.3231182098388672, 9147.0
0.3323080539703369, 9147.0
0.34165310859680176, 9147.0
0.35085105895996094, 9147.0
0.3601229190826416, 9147.0
0.3694121837615967, 9147.0
0.3786771297454834, 9147.0
0.3880269527435303, 9147.0
0.3974118232727051, 9147.0
0.40688490867614746, 9147.0
0.41635894775390625, 9147.0
0.4258430004119873, 9147.0
0.43509721755981445, 9147.0
0.44458603858947754, 9147.0
0.45388007164001465, 9147.0
0.46323609352111816, 9147.0
0.4727518558502197, 9147.0
0.48221898078918457, 9147.0
0.49181699752807617, 9147.0
0.5012412071228027, 9147.0
0.5108020305633545, 9147.0
0.5203001499176025, 9147.0
0.5298178195953369, 9147.0
0.5394690036773682, 9147.0
0.5490691661834717, 9147.0
0.558786153793335, 9147.0
0.5684990882873535, 9147.0
0.5779972076416016, 9147.0
0.5872910022735596, 9147.0
0.5965991020202637, 9147.0
0.6058681011199951, 9147.0
0.6151330471038818, 9147.0
0.6243829727172852, 9147.0
0.6336009502410889, 9147.0
0.6428060531616211, 9147.0
0.6519911289215088, 9147.0
0.6611998081207275, 9147.0
0.6703701019287109, 9147.0
0.6794979572296143, 9147.0
0.6886248588562012, 9147.0
0.6979000568389893, 9147.0
0.7070460319519043, 9147.0
0.7161979675292969, 9147.0
0.7252988815307617, 9147.0
0.7344379425048828, 9147.0
0.743596076965332, 9147.0
0.7527220249176025, 9147.0
0.7618041038513184, 9147.0
0.7709250450134277, 9147.0
0.7800509929656982, 9147.0
0.7891972064971924, 9147.0
0.7983570098876953, 9147.0
0.8075211048126221, 9147.0
0.8168928623199463, 9147.0
0.8259880542755127, 9147.0
0.835076093673706, 9147.0
0.8441829681396484, 9147.0
0.8533329963684082, 9147.0
0.8624389171600342, 9147.0
0.8715951442718506, 9147.0
0.8808300495147705, 9147.0
0.8899540901184082, 9147.0
0.8990809917449951, 9147.0
0.9082350730895996, 9147.0
0.917341947555542, 9147.0
0.9264400005340576, 9147.0
0.9355299472808838, 9147.0
0.9446201324462891, 9147.0
0.9537520408630371, 9147.0
0.9628689289093018, 9147.0
0.9720830917358398, 9147.0
0.9812159538269043, 9147.0
0.9903249740600586, 9147.0
0.9994571208953857, 9147.0
1.0086090564727783, 9147.0
1.0177741050720215, 9147.0
1.0269341468811035, 9147.0
1.0361030101776123, 9147.0
1.0452849864959717, 9147.0
1.054443120956421, 9147.0
1.063683032989502, 9147.0
1.0727980136871338, 9147.0
1.0819270610809326, 9147.0
1.0910720825195312, 9147.0
1.100200891494751, 9147.0
1.109314203262329, 9147.0
1.1183769702911377, 9147.0
1.1274921894073486, 9147.0
1.1365890502929688, 9147.0
1.145707130432129, 9147.0
1.1548280715942383, 9147.0
1.1639199256896973, 9147.0
1.1729998588562012, 9147.0
1.1821229457855225, 9147.0
1.1912169456481934, 9147.0
1.2004129886627197, 9147.0
1.2095561027526855, 9147.0
1.2186830043792725, 9147.0
1.2278079986572266, 9147.0
1.2368919849395752, 9147.0
1.2459380626678467, 9147.0
1.2550740242004395, 9147.0
1.2642700672149658, 9147.0
1.2737200260162354, 9147.0
1.2829158306121826, 9147.0
1.2921018600463867, 9147.0
1.3012821674346924, 9147.0
1.310467004776001, 9147.0
1.3197472095489502, 9147.0
1.329017162322998, 9147.0
1.3381500244140625, 9147.0
1.3474879264831543, 9147.0
1.3570160865783691, 9147.0
1.3664579391479492, 9147.0
1.3761520385742188, 9147.0
1.385934829711914, 9147.0
1.395693063735962, 9147.0
1.4051778316497803, 9147.0
1.4146161079406738, 9147.0
1.4240589141845703, 9147.0
1.4334290027618408, 9147.0
1.442798137664795, 9147.0
1.452089786529541, 9147.0
1.4614369869232178, 9147.0
1.470851182937622, 9147.0
1.4803049564361572, 9147.0
1.4898388385772705, 9147.0
1.499417781829834, 9147.0
1.5089962482452393, 9147.0
1.5184290409088135, 9147.0
1.5278010368347168, 9147.0
1.5372469425201416, 9147.0
1.5466020107269287, 9147.0
1.5559611320495605, 9147.0
1.56532621383667, 9147.0
1.5747089385986328, 9147.0
1.584031105041504, 9147.0
1.5934650897979736, 9147.0
1.6028800010681152, 9147.0
1.6122519969940186, 9147.0
1.6214568614959717, 9147.0
1.6308739185333252, 9147.0
1.6403629779815674, 9147.0
1.6497490406036377, 9147.0
1.6590750217437744, 9147.0
1.6684479713439941, 9147.0
1.677657127380371, 9147.0
1.6868820190429688, 9147.0
1.6961731910705566, 9147.0
1.7056760787963867, 9147.0
1.715027093887329, 9147.0
1.7243452072143555, 9147.0
1.7335460186004639, 9147.0
1.7427639961242676, 9147.0
1.7520368099212646, 9147.0
1.7614169120788574, 9147.0
1.7707221508026123, 9147.0
1.780060052871704, 9147.0
1.7893860340118408, 9147.0
1.7986681461334229, 9147.0
1.8079628944396973, 9147.0
1.8172500133514404, 9147.0
1.826556921005249, 9147.0
1.835824966430664, 9147.0
1.8452339172363281, 9147.0
1.8544998168945312, 9147.0
1.8639628887176514, 9147.0
