0.04906511306762695, 9161.0
0.08718419075012207, 10686.0
0.12463498115539551, 11539.0
0.1622319221496582, 12064.0
0.19986510276794434, 12429.0
0.23776006698608398, 12564.0
0.27574801445007324, 14716.0
0.3138442039489746, 14767.0
0.35205602645874023, 16167.0
0.39034104347229004, 16575.0
0.4296000003814697, 17187.0
0.4687020778656006, 19242.0
0.507526159286499, 19420.0
0.5464980602264404, 21870.0
0.5855021476745605, 21870.0
0.6254110336303711, 21870.0
0.664682149887085, 21870.0
0.7039909362792969, 22611.0
0.7432010173797607, 23784.0
0.7824859619140625, 23784.0
0.8219931125640869, 23784.0
0.8614950180053711, 24244.0
0.9010269641876221, 24244.0
0.9407122135162354, 24972.0
0.9802930355072021, 25386.0
1.0199570655822754, 25902.0
1.0599360466003418, 26045.0
1.0997560024261475, 26045.0
1.1396031379699707, 26045.0
1.179455280303955, 26347.0
1.2194271087646484, 26606.0
1.259403944015503, 26606.0
1.299381971359253, 26847.0
1.3393709659576416, 27112.0
1.3794012069702148, 27394.0
1.4194731712341309, 28098.0
1.459646224975586, 28098.0
1.4997730255126953, 28165.0
1.5400831699371338, 28165.0
1.5802290439605713, 28165.0
1.6212060451507568, 28281.0
1.6628429889678955, 28340.0
1.703423261642456, 28387.0
1.7440440654754639, 28387.0
1.785107135772705, 28387.0
1.8254292011260986, 28387.0
1.8657901287078857, 28387.0
1.9061620235443115, 28387.0
1.9472391605377197, 28387.0
1.9876010417938232, 28387.0
2.028043031692505, 28387.0
2.068726062774658, 28387.0
2.109138250350952, 28387.0
2.1495330333709717, 28387.0
2.1898391246795654, 28471.0
2.230710983276367, 28471.0
2.2713420391082764, 28471.0
2.311851978302002, 28471.0
2.352461099624634, 28471.0
2.393099069595337, 28471.0
2.433554172515869, 28471.0
2.4758989810943604, 28522.0
2.5165679454803467, 28522.0
2.557300090789795, 28522.0
2.59761905670166, 28522.0
2.638289213180542, 28522.0
2.6786773204803467, 28522.0
2.719367027282715, 28522.0
2.7599241733551025, 28522.0
2.8006749153137207, 28522.0
2.8425581455230713, 28522.0
2.88350510597229, 28522.0
2.9240989685058594, 28522.0
2.964520215988159, 28522.0
3.005183219909668, 28522.0
3.045927047729492, 28522.0
3.0864150524139404, 28522.0
3.1268310546875, 28522.0
3.1672890186309814, 28522.0
3.2081289291381836, 28522.0
3.2490122318267822, 28522.0
3.289581060409546, 28522.0
3.3302340507507324, 28522.0
3.3706600666046143, 28522.0
3.411087989807129, 28522.0
3.4514191150665283, 28522.0
3.491828203201294, 28522.0
3.5322630405426025, 28522.0
3.5730090141296387, 28522.0
3.614610195159912, 28522.0
3.65616512298584, 28522.0
3.6977720260620117, 28522.0
3.7397971153259277, 28522.0
3.7826359272003174, 28522.0
3.8238160610198975, 28522.0
3.865053176879883, 28522.0
3.906463861465454, 28522.0
3.9482810497283936, 28522.0
3.9912009239196777, 28522.0
4.034261226654053, 28522.0
4.076767921447754, 28522.0
4.119197130203247, 28522.0
4.1610212326049805, 28522.0
4.201452970504761, 28522.0
4.241957187652588, 28522.0
4.28237509727478, 28522.0
4.322790145874023, 28522.0
4.3631432056427, 28522.0
4.404381036758423, 28522.0
4.445219993591309, 28522.0
4.486125946044922, 28522.0
4.527215003967285, 28522.0
4.5674889087677, 28522.0
4.60805606842041, 28522.0
4.648275136947632, 28522.0
4.688697099685669, 28522.0
4.728959083557129, 28522.0
4.769158124923706, 28522.0
4.809370040893555, 28522.0
4.84961199760437, 28522.0
4.8898069858551025, 28522.0
4.9301371574401855, 28522.0
4.971229076385498, 28522.0
5.012675046920776, 28522.0
5.0542261600494385, 28533.0
5.09578800201416, 28533.0
5.137395143508911, 28533.0
5.178598165512085, 28533.0
5.219736099243164, 28533.0
5.260921955108643, 28533.0
5.302279233932495, 28533.0
5.344316005706787, 28533.0
5.386133193969727, 28533.0
5.427785158157349, 28533.0
5.46997594833374, 28533.0
5.510513067245483, 28533.0
5.551033973693848, 28533.0
5.591814041137695, 28533.0
5.634172201156616, 28533.0
5.674478054046631, 28533.0
5.714984178543091, 28533.0
5.756386041641235, 28533.0
5.796808242797852, 28533.0
5.8370630741119385, 28533.0
5.877447128295898, 28533.0
5.917713165283203, 28533.0
5.958101987838745, 28533.0
5.99826717376709, 28533.0
6.038597106933594, 28533.0
6.078922986984253, 28533.0
6.119078159332275, 28533.0
6.159286022186279, 28533.0
6.199381113052368, 28533.0
6.239548206329346, 28533.0
6.279618978500366, 28533.0
6.319911241531372, 28533.0
6.36000394821167, 28533.0
6.40022611618042, 28533.0
6.440310955047607, 28533.0
6.480548143386841, 28533.0
6.5212321281433105, 28533.0
6.562378168106079, 28533.0
6.602759122848511, 28533.0
6.643519163131714, 28533.0
6.684946060180664, 28533.0
6.725110054016113, 28533.0
6.765254020690918, 28533.0
6.806091070175171, 28533.0
6.846173048019409, 28533.0
6.886449098587036, 28533.0
6.926587104797363, 28533.0
6.967427968978882, 28533.0
7.007620096206665, 28533.0
7.048324108123779, 28533.0
7.088372230529785, 28533.0
7.128623008728027, 28533.0
7.169028997421265, 28533.0
7.209248065948486, 28533.0
7.249284982681274, 28533.0
7.289936065673828, 28533.0
7.330064058303833, 28533.0
7.370261192321777, 28533.0
7.410623073577881, 28533.0
7.4506871700286865, 28533.0
7.491122245788574, 28533.0
7.53131103515625, 28533.0
7.57148003578186, 28533.0
7.612135171890259, 28533.0
7.652652978897095, 28533.0
7.692842245101929, 28533.0
7.733036994934082, 28533.0
7.773399114608765, 28533.0
7.813642978668213, 28533.0
7.853713035583496, 28533.0
7.893972158432007, 28533.0
7.9341559410095215, 28533.0
7.974189043045044, 28533.0
8.014317989349365, 28533.0
8.054655075073242, 28533.0
8.095177173614502, 28533.0
8.135775089263916, 28533.0
