0.00010395050048828125, 702.0
0.00020194053649902344, 1145.0
0.0003008842468261719, 1617.0
0.0003979206085205078, 2012.0
0.0004949569702148438, 2431.0
0.0007836818695068359, 2999.0
0.0010709762573242188, 3111.0
0.005766868591308594, 3182.0
0.021043777465820312, 3377.0
0.021728992462158203, 3742.0
0.02396678924560547, 4512.0
0.035515785217285156, 4794.0
0.03772592544555664, 5538.0
0.04108095169067383, 6426.0
0.060014963150024414, 6556.0
0.062124013900756836, 6682.0
0.06976580619812012, 6937.0
0.07113075256347656, 7303.0
0.07297778129577637, 7367.0
0.07792091369628906, 7418.0
0.08213973045349121, 7691.0
0.08236002922058105, 8351.0
0.08411002159118652, 9057.0
0.08555173873901367, 9159.0
0.08862781524658203, 9647.0
0.09227371215820312, 9673.0
0.0930478572845459, 9921.0
0.10509371757507324, 10392.0
0.10605573654174805, 10599.0
0.10635685920715332, 10868.0
0.14197587966918945, 11301.0
0.1429450511932373, 11413.0
0.15915799140930176, 11716.0
0.16069483757019043, 12668.0
0.16079306602478027, 13524.0
0.16927576065063477, 14037.0
0.1699509620666504, 14828.0
0.18124008178710938, 15029.0
0.18230390548706055, 15311.0
0.18510794639587402, 16242.0
0.5568439960479736, 16273.0
0.8554868698120117, 16682.0
0.8595108985900879, 17016.0
0.8678619861602783, 17135.0
0.868156909942627, 17367.0
0.8692500591278076, 17434.0
0.8702478408813477, 17446.0
1.0494236946105957, 18185.0
1.050384759902954, 18313.0
1.0555667877197266, 18827.0
1.093423843383789, 19312.0
1.0989680290222168, 20104.0
1.0999259948730469, 20154.0
3.7103688716888428, 20574.0
3.7290749549865723, 20726.0
3.7413129806518555, 21010.0
3.7873127460479736, 21109.0
4.061975002288818, 21251.0
4.063902854919434, 21376.0
4.065229892730713, 22319.0
4.104249715805054, 22447.0
4.109574794769287, 22924.0
4.311508893966675, 23065.0
4.359112977981567, 23352.0
4.36848783493042, 23381.0
4.454567909240723, 23389.0
4.4834818840026855, 23530.0
4.486652851104736, 23821.0
4.527873992919922, 24215.0
4.566601991653442, 24268.0
4.572414875030518, 24714.0
4.581693887710571, 24826.0
4.5932416915893555, 25269.0
4.7030439376831055, 25592.0
4.705040693283081, 26313.0
4.715155839920044, 26604.0
4.725551128387451, 26629.0
4.737044811248779, 27172.0
