0.00010800361633300781, 457.0
0.00021123886108398438, 1373.0
0.0003120899200439453, 1750.0
0.0004150867462158203, 2680.0
0.0005171298980712891, 3036.0
0.0023190975189208984, 3979.0
0.011110067367553711, 4146.0
0.02718520164489746, 4926.0
0.02875518798828125, 5650.0
0.033592939376831055, 6539.0
0.03409719467163086, 6632.0
0.03420209884643555, 7051.0
0.03440713882446289, 7692.0
0.034612178802490234, 7695.0
0.039884090423583984, 8150.0
0.04411888122558594, 8222.0
0.05412125587463379, 8401.0
0.05432415008544922, 8943.0
0.0639352798461914, 9095.0
0.06696414947509766, 9678.0
0.06968998908996582, 10157.0
0.07032203674316406, 10378.0
0.07114219665527344, 10696.0
0.09095001220703125, 11381.0
0.09135293960571289, 12312.0
0.09427118301391602, 12324.0
0.09948301315307617, 12746.0
0.10552406311035156, 13275.0
0.10674810409545898, 13844.0
0.1073610782623291, 13956.0
0.10816717147827148, 14864.0
0.10877823829650879, 14925.0
0.11038827896118164, 15106.0
0.11997318267822266, 15186.0
0.12128305435180664, 15411.0
0.12229609489440918, 15537.0
0.1414661407470703, 15771.0
0.14439010620117188, 15899.0
0.48051023483276367, 16431.0
0.48270726203918457, 17237.0
0.48658204078674316, 17414.0
0.48749828338623047, 18140.0
2.77662992477417, 18262.0
2.7836410999298096, 18673.0
2.7932488918304443, 18796.0
3.280709981918335, 19393.0
3.382491111755371, 19475.0
3.7092032432556152, 19791.0
3.7230823040008545, 19934.0
3.747528076171875, 20337.0
3.747953176498413, 20918.0
4.7279441356658936, 21046.0
4.7325758934021, 21142.0
4.74203896522522, 21441.0
4.751296043395996, 21871.0
4.760239124298096, 22121.0
4.761368036270142, 22247.0
4.916266918182373, 22352.0
4.918410301208496, 23122.0
4.92569899559021, 23234.0
4.970506191253662, 23301.0
4.980927228927612, 23485.0
4.995415925979614, 23501.0
5.014389991760254, 23611.0
5.014502048492432, 23893.0
5.017208099365234, 24086.0
5.028436183929443, 24341.0
5.054310083389282, 24855.0
5.0615808963775635, 24924.0
5.062427997589111, 25026.0
5.073527097702026, 25049.0
5.074059009552002, 25166.0
5.079089164733887, 25237.0
5.1226348876953125, 25548.0
5.1232781410217285, 25674.0
5.269012212753296, 26193.0
5.2736029624938965, 26321.0
5.560096025466919, 26705.0
5.5816450119018555, 26798.0
5.588540077209473, 27275.0
