0.04933905601501465, 8158.0
0.08747410774230957, 8863.0
0.12537908554077148, 11045.0
0.16316509246826172, 11045.0
0.20107603073120117, 12622.0
0.23940396308898926, 14280.0
0.27771687507629395, 14280.0
0.31626415252685547, 16036.0
0.35502099990844727, 16225.0
0.39388108253479004, 17796.0
0.4337799549102783, 18457.0
0.47306013107299805, 19848.0
0.5124368667602539, 20418.0
0.5518920421600342, 20576.0
0.5912590026855469, 20718.0
0.631829023361206, 21926.0
0.6715760231018066, 22160.0
0.7115271091461182, 23469.0
0.7514338493347168, 24787.0
0.7913720607757568, 24787.0
0.8313472270965576, 24787.0
0.8712270259857178, 24787.0
0.9113550186157227, 24915.0
0.9514002799987793, 25048.0
0.9916839599609375, 25378.0
1.0327820777893066, 25991.0
1.0732479095458984, 25991.0
1.1136491298675537, 26169.0
1.154155969619751, 26460.0
1.1944072246551514, 27021.0
1.2349538803100586, 27021.0
1.2752790451049805, 27139.0
1.3159480094909668, 27139.0
1.3563480377197266, 27502.0
1.3971319198608398, 27730.0
1.4376659393310547, 27730.0
1.4784550666809082, 27939.0
1.5189990997314453, 28102.0
1.559818983078003, 28102.0
1.6004750728607178, 28102.0
1.6410999298095703, 28102.0
1.6820311546325684, 28102.0
1.722825288772583, 28102.0
1.7636311054229736, 28111.0
1.8045151233673096, 28111.0
1.8453919887542725, 28111.0
1.8862330913543701, 28111.0
1.9272291660308838, 28111.0
1.9681341648101807, 28111.0
2.0089268684387207, 28182.0
2.049544095993042, 28182.0
2.0903921127319336, 28182.0
2.131258010864258, 28182.0
2.171868085861206, 28182.0
2.2124619483947754, 28182.0
2.2531540393829346, 28182.0
2.293680191040039, 28306.0
2.3342790603637695, 28306.0
2.374821186065674, 28306.0
2.415921211242676, 28306.0
2.4576570987701416, 28306.0
2.4997639656066895, 28319.0
2.541041135787964, 28319.0
2.5824732780456543, 28319.0
2.6237030029296875, 28319.0
2.664681911468506, 28344.0
2.7058281898498535, 28344.0
2.747048854827881, 28344.0
2.7877891063690186, 28501.0
2.8287851810455322, 28501.0
2.8694839477539062, 28501.0
2.910569906234741, 28501.0
2.951578140258789, 28501.0
2.9925758838653564, 28501.0
3.033418893814087, 28501.0
3.0747382640838623, 28501.0
3.1156210899353027, 28501.0
3.1565680503845215, 28501.0
3.1976139545440674, 28501.0
3.2383930683135986, 28501.0
3.280332088470459, 28501.0
3.3225860595703125, 28501.0
3.3647899627685547, 28501.0
3.4071731567382812, 28501.0
3.451557159423828, 28501.0
3.493957042694092, 28501.0
3.536027193069458, 28501.0
3.579665184020996, 28501.0
3.622620105743408, 28501.0
3.665163993835449, 28563.0
3.7086620330810547, 28563.0
3.7530431747436523, 28563.0
3.796180009841919, 28563.0
3.8386130332946777, 28563.0
3.8801441192626953, 28563.0
3.9213669300079346, 28563.0
3.9623970985412598, 28563.0
4.003278017044067, 28563.0
4.044125080108643, 28563.0
4.086174249649048, 28563.0
4.126976013183594, 28563.0
4.1681740283966064, 28563.0
4.209086894989014, 28563.0
4.249948024749756, 28563.0
4.290743112564087, 28563.0
4.331590175628662, 28563.0
4.372438907623291, 28563.0
4.413284063339233, 28563.0
4.454133033752441, 28563.0
4.496378183364868, 28563.0
4.5372679233551025, 28563.0
4.578354120254517, 28691.0
4.619355201721191, 28691.0
4.66041111946106, 28691.0
4.701288223266602, 28691.0
4.742075204849243, 28691.0
4.782894134521484, 28691.0
4.823695182800293, 28691.0
4.864470958709717, 28691.0
4.905403137207031, 28691.0
4.946915149688721, 28691.0
4.988807201385498, 28691.0
5.030606031417847, 28691.0
5.072656154632568, 28691.0
5.114748239517212, 28691.0
5.156368017196655, 28691.0
5.1980390548706055, 28691.0
5.2396252155303955, 28691.0
5.281826019287109, 28691.0
5.323986053466797, 28691.0
5.366240978240967, 28691.0
5.408597946166992, 28691.0
5.4512529373168945, 28691.0
5.492279052734375, 28691.0
5.533008098602295, 28691.0
5.573615074157715, 28691.0
5.61430811882019, 28691.0
5.655057191848755, 28691.0
5.695703983306885, 28691.0
5.737372159957886, 28691.0
5.7779700756073, 28691.0
5.818675994873047, 28691.0
5.859280109405518, 28691.0
5.90003514289856, 28691.0
5.940782070159912, 28691.0
5.981402158737183, 28691.0
6.022511005401611, 28691.0
6.063509941101074, 28691.0
6.104251146316528, 28691.0
6.144957065582275, 28691.0
6.185350179672241, 28691.0
6.225922107696533, 28691.0
6.266547918319702, 28691.0
6.307278156280518, 28691.0
6.347857236862183, 28691.0
6.3884992599487305, 28691.0
6.429214239120483, 28691.0
6.469897270202637, 28691.0
6.510864019393921, 28691.0
6.552369117736816, 28691.0
6.592997074127197, 28691.0
6.633496999740601, 28691.0
6.6740899085998535, 28691.0
6.714561939239502, 28691.0
6.755165100097656, 28691.0
6.795674085617065, 28691.0
6.8362390995025635, 28691.0
6.876732110977173, 28691.0
6.9174580574035645, 28691.0
6.9578752517700195, 28691.0
6.998522996902466, 28691.0
7.039044141769409, 28691.0
7.079347133636475, 28691.0
7.119945287704468, 28691.0
7.160330057144165, 28691.0
7.200860023498535, 28691.0
7.241353273391724, 28691.0
7.281861066818237, 28691.0
7.3224711418151855, 28691.0
7.3628551959991455, 28691.0
7.403149127960205, 28691.0
7.443455934524536, 28691.0
7.484259128570557, 28691.0
7.524594068527222, 28691.0
7.564832925796509, 28691.0
7.605040073394775, 28691.0
7.645384073257446, 28691.0
7.6856958866119385, 28691.0
7.726047992706299, 28691.0
7.766502141952515, 28691.0
7.806755065917969, 28691.0
7.846932888031006, 28691.0
7.887259006500244, 28691.0
7.927839994430542, 28691.0
7.968019247055054, 28691.0
8.008573055267334, 28691.0
8.048884868621826, 28691.0
8.089184999465942, 28691.0
8.12943410873413, 28691.0
8.169624090194702, 28691.0
8.210033178329468, 28691.0
