0.01005697250366211, 5242.0
0.018629074096679688, 5508.0
0.027261972427368164, 6608.0
0.03586101531982422, 7516.0
0.044515132904052734, 7516.0
0.05314993858337402, 7628.0
0.06181192398071289, 8153.0
0.07050919532775879, 8506.0
0.07925105094909668, 8628.0
0.08803319931030273, 8687.0
0.0968780517578125, 9147.0
0.10570120811462402, 9147.0
0.11456704139709473, 9147.0
0.1233980655670166, 9147.0
0.13226914405822754, 9147.0
0.14116907119750977, 9147.0
0.15003013610839844, 9147.0
0.15894508361816406, 9147.0
0.16788005828857422, 9147.0
0.17681622505187988, 9147.0
0.1857450008392334, 9147.0
0.1947021484375, 9147.0
0.2036590576171875, 9147.0
0.2125711441040039, 9147.0
0.22147893905639648, 9147.0
0.23037505149841309, 9147.0
0.23932504653930664, 9147.0
0.2482309341430664, 9147.0
0.2574799060821533, 9147.0
0.2666618824005127, 9147.0
0.2760319709777832, 9147.0
0.28525400161743164, 9147.0
0.29420018196105957, 9147.0
0.30314111709594727, 9147.0
0.31212902069091797, 9147.0
0.32109594345092773, 9147.0
0.3300480842590332, 9147.0
0.3391602039337158, 9147.0
0.34812402725219727, 9147.0
0.35709691047668457, 9147.0
0.36602020263671875, 9147.0
0.3749508857727051, 9147.0
0.3838660717010498, 9147.0
0.3928041458129883, 9147.0
0.4017338752746582, 9147.0
0.4106781482696533, 9147.0
0.4195539951324463, 9147.0
0.42845797538757324, 9147.0
0.43732619285583496, 9147.0
0.44622206687927246, 9147.0
0.4551050662994385, 9147.0
0.4640331268310547, 9147.0
0.47296810150146484, 9147.0
0.48186206817626953, 9147.0
0.49072790145874023, 9147.0
0.4996170997619629, 9147.0
0.5085482597351074, 9147.0
0.5174369812011719, 9147.0
0.5263440608978271, 9147.0
0.5352399349212646, 9147.0
0.5441920757293701, 9147.0
0.5530650615692139, 9147.0
0.5620081424713135, 9147.0
0.5709350109100342, 9147.0
0.5798022747039795, 9147.0
0.5887000560760498, 9147.0
0.5976440906524658, 9147.0
0.606896162033081, 9147.0
0.6161091327667236, 9147.0
0.6250791549682617, 9147.0
0.6340019702911377, 9147.0
0.6429178714752197, 9147.0
0.6518909931182861, 9147.0
0.6608610153198242, 9147.0
0.6697731018066406, 9147.0
0.6787509918212891, 9147.0
0.6876711845397949, 9147.0
0.6965608596801758, 9147.0
0.7054662704467773, 9147.0
0.7143430709838867, 9147.0
0.7232069969177246, 9147.0
0.7321321964263916, 9147.0
0.7410280704498291, 9147.0
0.7499048709869385, 9147.0
0.7588150501251221, 9147.0
0.7677171230316162, 9147.0
0.7765922546386719, 9147.0
0.7855570316314697, 9147.0
0.7944509983062744, 9147.0
0.8033320903778076, 9147.0
0.8122360706329346, 9147.0
0.8211562633514404, 9147.0
0.8300821781158447, 9147.0
0.8390872478485107, 9147.0
0.8480262756347656, 9147.0
0.8569540977478027, 9147.0
0.865868091583252, 9147.0
0.8747580051422119, 9147.0
0.8836700916290283, 9147.0
0.8925361633300781, 9147.0
0.901479959487915, 9147.0
0.9106349945068359, 9147.0
0.919666051864624, 9147.0
0.928612232208252, 9147.0
0.9375350475311279, 9147.0
0.946418046951294, 9147.0
0.9552991390228271, 9147.0
0.9641799926757812, 9147.0
0.9730639457702637, 9147.0
0.981971025466919, 9147.0
0.990894079208374, 9147.0
0.9997749328613281, 9147.0
1.0086421966552734, 9147.0
1.0175909996032715, 9147.0
1.0265240669250488, 9147.0
1.035426139831543, 9147.0
1.0443389415740967, 9147.0
1.0532429218292236, 9147.0
1.0621790885925293, 9147.0
1.071052074432373, 9147.0
1.079949140548706, 9147.0
1.0888340473175049, 9147.0
1.097790002822876, 9147.0
1.1067259311676025, 9147.0
1.1156129837036133, 9147.0
1.1244769096374512, 9147.0
1.1333608627319336, 9147.0
1.1422369480133057, 9147.0
1.1511051654815674, 9147.0
1.1600251197814941, 9147.0
1.1690051555633545, 9147.0
1.1779289245605469, 9147.0
1.186885118484497, 9147.0
1.196108102798462, 9147.0
1.2053601741790771, 9147.0
1.2145061492919922, 9147.0
1.223628044128418, 9147.0
1.2327492237091064, 9147.0
1.241929054260254, 9147.0
1.2510981559753418, 9147.0
1.2601921558380127, 9147.0
1.2693641185760498, 9147.0
1.2785279750823975, 9147.0
1.2876801490783691, 9147.0
1.296929121017456, 9147.0
1.3061609268188477, 9147.0
1.3153481483459473, 9147.0
1.3244550228118896, 9147.0
1.3339099884033203, 9147.0
1.3433961868286133, 9147.0
1.3528499603271484, 9147.0
1.3623900413513184, 9147.0
1.3716390132904053, 9147.0
1.3808550834655762, 9147.0
1.3900039196014404, 9147.0
1.3991470336914062, 9147.0
1.4082722663879395, 9147.0
1.417456865310669, 9147.0
1.426638126373291, 9147.0
1.4358060359954834, 9147.0
1.4449999332427979, 9147.0
1.454125165939331, 9147.0
1.463366985321045, 9147.0
1.4726762771606445, 9147.0
1.4820852279663086, 9147.0
1.4912481307983398, 9147.0
1.5004281997680664, 9147.0
1.5096759796142578, 9147.0
1.518921136856079, 9147.0
1.528109073638916, 9147.0
1.5372741222381592, 9147.0
1.5467290878295898, 9147.0
1.556293249130249, 9147.0
1.5657532215118408, 9147.0
1.5751402378082275, 9147.0
1.5843641757965088, 9147.0
1.5936598777770996, 9147.0
1.6028680801391602, 9147.0
1.6121420860290527, 9147.0
1.621445894241333, 9147.0
1.630751132965088, 9147.0
1.6399750709533691, 9147.0
1.6492161750793457, 9147.0
1.658493995666504, 9147.0
1.6677320003509521, 9147.0
1.6770739555358887, 9147.0
1.6863749027252197, 9147.0
1.6958060264587402, 9147.0
1.7050671577453613, 9147.0
1.714381217956543, 9147.0
1.7237639427185059, 9147.0
1.7327771186828613, 9147.0
1.7416980266571045, 9147.0
1.7506520748138428, 9147.0
1.7596092224121094, 9147.0
1.7687091827392578, 9147.0
1.77777099609375, 9147.0
1.786778211593628, 9147.0
1.7957980632781982, 9147.0
1.8047702312469482, 9147.0
1.8137640953063965, 9147.0
