0.000102996826171875, 617.0
0.00020313262939453125, 1148.0
0.0003032684326171875, 1336.0
0.0004019737243652344, 1477.0
0.0006930828094482422, 2309.0
0.0012769699096679688, 3073.0
0.006275177001953125, 3519.0
0.008600234985351562, 4378.0
0.013382911682128906, 4997.0
0.01540994644165039, 5192.0
0.01580023765563965, 5750.0
0.01638007164001465, 5865.0
0.029227018356323242, 6635.0
0.030681133270263672, 7032.0
0.03078007698059082, 7451.0
0.031075239181518555, 8197.0
0.04568600654602051, 8347.0
0.045786142349243164, 9345.0
0.04734492301940918, 9685.0
0.05035400390625, 9813.0
0.05065011978149414, 10318.0
0.05142927169799805, 10818.0
0.05152702331542969, 10897.0
0.053849220275878906, 11059.0
0.05658292770385742, 11918.0
0.057845115661621094, 12205.0
0.06076812744140625, 12231.0
0.06341934204101562, 12420.0
0.07480621337890625, 12887.0
0.07667732238769531, 13377.0
0.08164525032043457, 13523.0
0.08203601837158203, 13636.0
0.08593201637268066, 14111.0
0.08661913871765137, 14690.0
0.08887600898742676, 14727.0
0.08936500549316406, 15427.0
0.08975601196289062, 16381.0
0.685405969619751, 16428.0
0.6867461204528809, 16507.0
1.0494883060455322, 16515.0
1.0582458972930908, 17063.0
1.0585360527038574, 17165.0
1.7999513149261475, 17307.0
1.8005340099334717, 17488.0
1.8060901165008545, 17763.0
1.9702410697937012, 17853.0
2.0311989784240723, 18003.0
2.0323472023010254, 18233.0
2.0526809692382812, 18342.0
2.0532538890838623, 18470.0
2.9791529178619385, 19257.0
2.983078956604004, 19602.0
3.191488027572632, 19750.0
3.1923489570617676, 20003.0
3.193592071533203, 20371.0
3.1951241493225098, 20566.0
3.1956071853637695, 20996.0
3.200402021408081, 21399.0
3.2063441276550293, 21557.0
3.2180581092834473, 21735.0
3.219874143600464, 22304.0
3.2282822132110596, 22323.0
3.228670120239258, 23047.0
3.2383382320404053, 23158.0
4.285830020904541, 23902.0
4.293578147888184, 23964.0
4.305006265640259, 24734.0
4.325014114379883, 24814.0
4.380694150924683, 25005.0
4.743515968322754, 25148.0
5.023014307022095, 25286.0
5.069507122039795, 25414.0
5.244825124740601, 25799.0
5.245336055755615, 25804.0
5.24689793586731, 25930.0
5.282762050628662, 25938.0
5.373960971832275, 26002.0
5.393824100494385, 26197.0
5.467410087585449, 26324.0
5.574198007583618, 26348.0
