2.6702880859375e-05, 419.0
4.887580871582031e-05, 743.0
7.081031799316406e-05, 1312.0
0.00029587745666503906, 1539.0
0.0005679130554199219, 1596.0
0.0005927085876464844, 2245.0
0.000659942626953125, 2886.0
0.0012218952178955078, 2944.0
0.0012919902801513672, 3002.0
0.0016188621520996094, 3726.0
0.0028007030487060547, 4000.0
0.003284931182861328, 4116.0
0.005288839340209961, 4146.0
0.005907773971557617, 4450.0
0.0059697628021240234, 4631.0
0.006032705307006836, 5355.0
0.014076709747314453, 5386.0
0.015127897262573242, 5573.0
0.015518903732299805, 5613.0
0.017766714096069336, 5616.0
0.04321575164794922, 5880.0
0.04368877410888672, 6671.0
0.043905019760131836, 6771.0
0.044786930084228516, 7080.0
0.13525986671447754, 7115.0
0.199462890625, 7156.0
0.3611629009246826, 7204.0
0.4123518466949463, 7289.0
0.41271495819091797, 7530.0
0.4342477321624756, 7550.0
0.46727585792541504, 7604.0
0.4673178195953369, 8061.0
0.46771979331970215, 8394.0
0.4750330448150635, 8523.0
0.9460928440093994, 8660.0
1.0027148723602295, 8929.0
