0.009501934051513672, 5420.0
0.018011808395385742, 5844.0
0.026569843292236328, 5844.0
0.03531384468078613, 6455.0
0.04392075538635254, 6965.0
0.05240964889526367, 7241.0
0.061009883880615234, 7644.0
0.06963682174682617, 8229.0
0.07827568054199219, 8990.0
0.08696770668029785, 8990.0
0.09572482109069824, 8990.0
0.10451769828796387, 8990.0
0.11333775520324707, 8990.0
0.1222078800201416, 8990.0
0.13113069534301758, 8990.0
0.14008593559265137, 8990.0
0.14901089668273926, 8990.0
0.1582939624786377, 8990.0
0.16749072074890137, 8990.0
0.17681264877319336, 8990.0
0.18587589263916016, 8990.0
0.194915771484375, 8990.0
0.20394086837768555, 8990.0
0.21286869049072266, 8990.0
0.2218029499053955, 8990.0
0.23079776763916016, 9147.0
0.23972582817077637, 9147.0
0.2486729621887207, 9147.0
0.25762081146240234, 9147.0
0.2665369510650635, 9147.0
0.2755918502807617, 9147.0
0.28457069396972656, 9147.0
0.2935447692871094, 9147.0
0.3025197982788086, 9147.0
0.3114638328552246, 9147.0
0.32039570808410645, 9147.0
0.3293619155883789, 9147.0
0.3383009433746338, 9147.0
0.34726476669311523, 9147.0
0.356151819229126, 9147.0
0.3650398254394531, 9147.0
0.37397289276123047, 9147.0
0.3829219341278076, 9147.0
0.3918290138244629, 9147.0
0.40077900886535645, 9147.0
0.40969085693359375, 9147.0
0.4186668395996094, 9147.0
0.4275636672973633, 9147.0
0.436431884765625, 9147.0
0.4453456401824951, 9147.0
0.45423388481140137, 9147.0
0.46312665939331055, 9147.0
0.47200894355773926, 9147.0
0.4809086322784424, 9147.0
0.48978567123413086, 9147.0
0.49867796897888184, 9147.0
0.507598876953125, 9147.0
0.5167238712310791, 9147.0
0.525738000869751, 9147.0
0.5347089767456055, 9147.0
0.5436129570007324, 9147.0
0.5525767803192139, 9147.0
0.5614626407623291, 9147.0
0.5703458786010742, 9147.0
0.5792546272277832, 9147.0
0.5881526470184326, 9147.0
0.5973258018493652, 9147.0
0.6066339015960693, 9147.0
0.6157896518707275, 9147.0
0.6247818470001221, 9147.0
0.6337978839874268, 9147.0
0.6427047252655029, 9147.0
0.6516528129577637, 9147.0
0.660559892654419, 9147.0
0.6695156097412109, 9147.0
0.6785106658935547, 9147.0
0.6874518394470215, 9147.0
0.6964066028594971, 9147.0
0.7057268619537354, 9147.0
0.714897871017456, 9147.0
0.7240409851074219, 9147.0
0.7331876754760742, 9147.0
0.7423527240753174, 9147.0
0.7514879703521729, 9147.0
0.7606327533721924, 9147.0
0.7697899341583252, 9147.0
0.7790699005126953, 9147.0
0.7882938385009766, 9147.0
0.7974767684936523, 9147.0
0.8066239356994629, 9147.0
0.8157598972320557, 9147.0
0.824887752532959, 9147.0
0.8340837955474854, 9147.0
0.8434796333312988, 9147.0
0.8526618480682373, 9147.0
0.8620216846466064, 9147.0
0.8712117671966553, 9147.0
0.8803839683532715, 9147.0
0.889509916305542, 9147.0
0.898667573928833, 9147.0
0.9078028202056885, 9147.0
0.9169259071350098, 9147.0
0.926062822341919, 9147.0
0.935194730758667, 9147.0
0.9443309307098389, 9147.0
0.9534866809844971, 9147.0
0.9625768661499023, 9147.0
0.9717118740081787, 9147.0
0.9807868003845215, 9147.0
0.9898638725280762, 9147.0
0.9989309310913086, 9147.0
1.0081069469451904, 9147.0
1.0174288749694824, 9147.0
1.0265648365020752, 9147.0
1.03572678565979, 9147.0
1.0448849201202393, 9147.0
1.0540568828582764, 9147.0
1.063431739807129, 9147.0
1.0727508068084717, 9147.0
1.08192777633667, 9147.0
1.091108798980713, 9147.0
1.1004188060760498, 9147.0
1.1096277236938477, 9147.0
1.1188838481903076, 9147.0
1.1280808448791504, 9147.0
1.1374866962432861, 9147.0
1.146695852279663, 9147.0
1.155803918838501, 9147.0
1.1651158332824707, 9147.0
1.174527883529663, 9147.0
1.1837778091430664, 9147.0
1.1929547786712646, 9147.0
1.202150821685791, 9147.0
1.211343765258789, 9147.0
1.2208006381988525, 9147.0
1.2299599647521973, 9147.0
1.2389099597930908, 9147.0
1.2478299140930176, 9147.0
1.2567849159240723, 9147.0
1.265692949295044, 9147.0
1.2746376991271973, 9147.0
1.2835628986358643, 9147.0
1.2924737930297852, 9147.0
1.3013827800750732, 9147.0
1.3102929592132568, 9147.0
1.3192219734191895, 9147.0
1.3281316757202148, 9147.0
1.3370659351348877, 9147.0
1.346052885055542, 9147.0
1.3549859523773193, 9147.0
1.3639166355133057, 9147.0
1.3728578090667725, 9147.0
1.381803035736084, 9147.0
1.390711784362793, 9147.0
1.399620771408081, 9147.0
1.408538818359375, 9147.0
1.4174726009368896, 9147.0
1.4264497756958008, 9147.0
1.4353437423706055, 9147.0
1.4442708492279053, 9147.0
1.4532098770141602, 9147.0
1.4620997905731201, 9147.0
1.4712319374084473, 9147.0
1.4804916381835938, 9147.0
1.489966869354248, 9147.0
1.4993789196014404, 9147.0
1.5086627006530762, 9147.0
1.5177438259124756, 9147.0
1.5267367362976074, 9147.0
1.5362467765808105, 9147.0
1.545210838317871, 9147.0
1.554154872894287, 9147.0
1.563159704208374, 9147.0
1.57216477394104, 9147.0
1.581094741821289, 9147.0
1.5900967121124268, 9147.0
1.5990557670593262, 9147.0
1.6081159114837646, 9147.0
1.617020845413208, 9147.0
1.6261627674102783, 9147.0
1.6355857849121094, 9147.0
1.6448287963867188, 9147.0
1.6542267799377441, 9147.0
1.6633987426757812, 9147.0
1.6723709106445312, 9147.0
1.6813218593597412, 9147.0
1.690335988998413, 9147.0
1.6993498802185059, 9147.0
1.7083067893981934, 9147.0
1.7172749042510986, 9147.0
1.7262306213378906, 9147.0
1.7351617813110352, 9147.0
1.744093894958496, 9147.0
1.7530796527862549, 9147.0
1.762251615524292, 9147.0
1.7715227603912354, 9147.0
1.7809548377990723, 9147.0
1.7902698516845703, 9147.0
1.799447774887085, 9147.0
1.8085408210754395, 9147.0
1.817490816116333, 9147.0
