0.0490717887878418, 8972.0
0.08755898475646973, 10090.0
0.12540388107299805, 12116.0
0.16326189041137695, 12116.0
0.20130586624145508, 13661.0
0.23939990997314453, 13831.0
0.27764296531677246, 15344.0
0.31607699394226074, 15998.0
0.35605287551879883, 16159.0
0.39645910263061523, 17454.0
0.436129093170166, 19411.0
0.4757099151611328, 19463.0
0.5157260894775391, 19463.0
0.555103063583374, 20014.0
0.5945541858673096, 20345.0
0.634833812713623, 21367.0
0.6747589111328125, 21552.0
0.7144269943237305, 22640.0
0.7540841102600098, 22640.0
0.7937259674072266, 22640.0
0.8334147930145264, 22888.0
0.873215913772583, 23405.0
0.913071870803833, 23405.0
0.9529850482940674, 24782.0
0.9932680130004883, 24782.0
1.0333361625671387, 24782.0
1.0734570026397705, 25697.0
1.1135737895965576, 25861.0
1.1537327766418457, 26737.0
1.1940701007843018, 26737.0
1.2342331409454346, 26967.0
1.2745118141174316, 26967.0
1.3147099018096924, 26967.0
1.3558762073516846, 27346.0
1.3962979316711426, 27781.0
1.4366779327392578, 27781.0
1.4770171642303467, 27781.0
1.5174288749694824, 28082.0
1.557793140411377, 28082.0
1.5982320308685303, 28210.0
1.638735055923462, 28210.0
1.6792268753051758, 28210.0
1.7197239398956299, 28336.0
1.7601678371429443, 28381.0
1.800590991973877, 28381.0
1.8410718441009521, 28381.0
1.881636142730713, 28381.0
1.9221630096435547, 28464.0
1.9631130695343018, 28464.0
2.0036611557006836, 28464.0
2.0441839694976807, 28464.0
2.0848708152770996, 28464.0
2.125511884689331, 28540.0
2.1661360263824463, 28540.0
2.206472873687744, 28540.0
2.2470951080322266, 28540.0
2.287980079650879, 28540.0
2.328655958175659, 28540.0
2.3698530197143555, 28540.0
2.41109299659729, 28540.0
2.4516329765319824, 28540.0
2.4918200969696045, 28666.0
2.532410144805908, 28666.0
2.5730581283569336, 28666.0
2.613753080368042, 28666.0
2.654391050338745, 28666.0
2.695230007171631, 28666.0
2.735940933227539, 28666.0
2.776615858078003, 28666.0
2.817807912826538, 28666.0
2.8590447902679443, 28666.0
2.8997838497161865, 28666.0
2.9405229091644287, 28666.0
2.981343984603882, 28666.0
3.0220649242401123, 28666.0
3.0627269744873047, 28666.0
3.1035189628601074, 28666.0
3.144205093383789, 28666.0
3.184990882873535, 28666.0
3.2257578372955322, 28666.0
3.2665069103240967, 28666.0
3.3072509765625, 28666.0
3.3479418754577637, 28666.0
3.3888518810272217, 28666.0
3.4297358989715576, 28666.0
3.470445156097412, 28666.0
3.5113301277160645, 28666.0
3.5521700382232666, 28666.0
3.593000888824463, 28666.0
3.633636951446533, 28666.0
3.674247980117798, 28666.0
3.7150750160217285, 28666.0
3.756147861480713, 28666.0
3.7993409633636475, 28666.0
3.842327117919922, 28666.0
3.884047031402588, 28666.0
3.926474094390869, 28666.0
3.970676898956299, 28666.0
4.012737035751343, 28666.0
4.054625988006592, 28666.0
4.09683895111084, 28666.0
4.139101982116699, 28666.0
4.181552886962891, 28666.0
4.2242419719696045, 28666.0
4.266620874404907, 28666.0
4.3092968463897705, 28666.0
4.350419998168945, 28666.0
4.391375780105591, 28666.0
4.433438062667847, 28666.0
4.474394798278809, 28666.0
4.515343189239502, 28666.0
4.5566699504852295, 28666.0
4.598197937011719, 28666.0
4.6391589641571045, 28666.0
4.680240869522095, 28666.0
4.721305847167969, 28666.0
4.7623419761657715, 28666.0
4.803194761276245, 28666.0
4.84409499168396, 28666.0
4.884951114654541, 28666.0
4.925846099853516, 28666.0
4.9668591022491455, 28666.0
5.0076329708099365, 28666.0
5.049751043319702, 28666.0
5.091706991195679, 28666.0
5.133631944656372, 28666.0
5.175585031509399, 28666.0
5.217557907104492, 28666.0
5.259002208709717, 28666.0
5.300762891769409, 28666.0
5.342511177062988, 28666.0
5.384608030319214, 28666.0
5.427525997161865, 28666.0
5.4698591232299805, 28666.0
5.511893033981323, 28666.0
5.554371118545532, 28666.0
5.595030069351196, 28666.0
5.635946989059448, 28666.0
5.676491975784302, 28666.0
5.7178850173950195, 28666.0
5.758853912353516, 28666.0
5.800221920013428, 28666.0
5.841692924499512, 28666.0
5.882618188858032, 28666.0
5.923140048980713, 28666.0
5.964173078536987, 28666.0
6.005141019821167, 28666.0
6.046047925949097, 28666.0
6.086694955825806, 28666.0
6.127546787261963, 28666.0
6.168581962585449, 28666.0
6.209578990936279, 28666.0
6.250227928161621, 28666.0
6.291078805923462, 28666.0
6.331902980804443, 28666.0
6.372729063034058, 28666.0
6.413636207580566, 28666.0
6.455809116363525, 28666.0
6.496474981307983, 28666.0
6.537359952926636, 28666.0
6.577863931655884, 28666.0
6.618681192398071, 28666.0
6.65959095954895, 28666.0
6.700525999069214, 28666.0
6.741445779800415, 28666.0
6.782228946685791, 28666.0
6.822741985321045, 28666.0
6.863483905792236, 28666.0
6.903909921646118, 28666.0
6.944657802581787, 28666.0
6.985054016113281, 28666.0
7.02580189704895, 28666.0
7.066265821456909, 28666.0
7.106945991516113, 28666.0
7.147704124450684, 28666.0
7.188474893569946, 28666.0
7.2287468910217285, 28666.0
7.269390106201172, 28666.0
7.310014009475708, 28666.0
7.350679159164429, 28666.0
7.391005992889404, 28666.0
7.4317498207092285, 28666.0
7.472262859344482, 28666.0
7.512887954711914, 28666.0
7.553579092025757, 28666.0
7.594234228134155, 28666.0
7.634829044342041, 28666.0
7.675519943237305, 28666.0
7.715855121612549, 28666.0
7.756476879119873, 28666.0
7.796856164932251, 28666.0
7.8375139236450195, 28666.0
7.878075838088989, 28666.0
7.918341875076294, 28666.0
7.958890914916992, 28666.0
7.999125957489014, 28666.0
8.039716005325317, 28666.0
8.079936981201172, 28666.0
8.120561838150024, 28666.0
8.160838842391968, 28666.0
8.201475143432617, 28666.0
