0.050826072692871094, 8500.0
0.08944010734558105, 10088.0
0.12726116180419922, 10990.0
0.16527318954467773, 12487.0
0.20347023010253906, 12899.0
0.2417452335357666, 14980.0
0.2813241481781006, 16325.0
0.3199021816253662, 17131.0
0.3586561679840088, 17160.0
0.397341251373291, 17192.0
0.4361143112182617, 18262.0
0.4753551483154297, 18795.0
0.5145220756530762, 19296.0
0.5541582107543945, 19365.0
0.5933842658996582, 20874.0
0.6335880756378174, 20926.0
0.6730251312255859, 21996.0
0.7125461101531982, 22019.0
0.7521121501922607, 22750.0
0.7916662693023682, 22750.0
0.8314323425292969, 22750.0
0.8710472583770752, 23786.0
0.9107410907745361, 24383.0
0.9505510330200195, 24561.0
0.9904282093048096, 24621.0
1.0312421321868896, 24634.0
1.071263074874878, 25785.0
1.111253023147583, 26165.0
1.1513752937316895, 26165.0
1.1913042068481445, 26261.0
1.2313342094421387, 26920.0
1.271327018737793, 26920.0
1.3113951683044434, 27207.0
1.3518431186676025, 27416.0
1.3919663429260254, 27416.0
1.4323971271514893, 27698.0
1.4726510047912598, 27698.0
1.5129852294921875, 27773.0
1.5533642768859863, 27773.0
1.593724250793457, 28228.0
1.634033203125, 28228.0
1.6743991374969482, 28228.0
1.7146711349487305, 28228.0
1.755075216293335, 28228.0
1.7953484058380127, 28228.0
1.8356013298034668, 28228.0
1.876070261001587, 28228.0
1.916431188583374, 28330.0
1.9567763805389404, 28330.0
1.997314214706421, 28330.0
2.0376839637756348, 28330.0
2.0782220363616943, 28330.0
2.1189382076263428, 28335.0
2.1594512462615967, 28335.0
2.199907064437866, 28335.0
2.241377115249634, 28356.0
2.2827861309051514, 28540.0
2.324458122253418, 28540.0
2.3657431602478027, 28540.0
2.4064791202545166, 28540.0
2.4468302726745605, 28540.0
2.4872262477874756, 28540.0
2.5278122425079346, 28540.0
2.5682921409606934, 28668.0
2.608703136444092, 28668.0
2.6491482257843018, 28668.0
2.689769983291626, 28668.0
2.73016619682312, 28668.0
2.7705180644989014, 28668.0
2.8110432624816895, 28668.0
2.8519721031188965, 28668.0
2.8926162719726562, 28668.0
2.9331841468811035, 28668.0
2.974058151245117, 28794.0
3.014679193496704, 28794.0
3.055654287338257, 28794.0
3.096426010131836, 28794.0
3.137057065963745, 28794.0
3.1776204109191895, 28794.0
3.2187912464141846, 28794.0
3.2603321075439453, 28794.0
3.3020553588867188, 28794.0
3.3436479568481445, 28794.0
3.386216163635254, 28794.0
3.42868709564209, 28794.0
3.4703502655029297, 28794.0
3.51186203956604, 28794.0
3.553774118423462, 28794.0
3.5955283641815186, 28794.0
3.6378769874572754, 28794.0
3.680633068084717, 28794.0
3.722949266433716, 28794.0
3.765146255493164, 28794.0
3.8060150146484375, 28794.0
3.8468852043151855, 28794.0
3.887753963470459, 28794.0
3.9289212226867676, 28794.0
3.969865322113037, 28794.0
4.011358261108398, 28794.0
4.052695035934448, 28794.0
4.093881130218506, 28794.0
4.134719133377075, 28794.0
4.176002025604248, 28794.0
4.216755390167236, 28794.0
4.257961988449097, 28794.0
4.298912048339844, 28794.0
4.340824127197266, 28794.0
4.381960153579712, 28794.0
4.423192024230957, 28794.0
4.4650092124938965, 28794.0
4.507272243499756, 28794.0
4.549407005310059, 28794.0
4.591568231582642, 28794.0
4.6333019733428955, 28794.0
4.675173282623291, 28794.0
4.71710205078125, 28794.0
4.759315252304077, 28794.0
4.801526069641113, 28794.0
4.843591213226318, 28794.0
4.885841131210327, 28834.0
4.928705215454102, 28834.0
4.970400094985962, 28834.0
5.011178016662598, 28834.0
5.051829099655151, 28834.0
5.092710256576538, 28834.0
5.133438348770142, 28834.0
5.174493312835693, 28834.0
5.2165021896362305, 28834.0
5.257326126098633, 28834.0
5.298065185546875, 28834.0
5.338693141937256, 28834.0
5.379354238510132, 28834.0
5.420168161392212, 28834.0
5.46088433265686, 28834.0
5.5020363330841064, 28834.0
5.5428290367126465, 28834.0
5.583514213562012, 28834.0
5.624301195144653, 28834.0
5.664851188659668, 28834.0
5.705530166625977, 28834.0
5.746347188949585, 28834.0
5.7870032787323, 28834.0
5.827540397644043, 28834.0
5.868366241455078, 28834.0
5.911561965942383, 28834.0
5.952907085418701, 28834.0
5.993880033493042, 28834.0
6.035476207733154, 28834.0
6.07615327835083, 28834.0
6.116952180862427, 28834.0
6.15755820274353, 28834.0
6.198125123977661, 28834.0
6.238870143890381, 28834.0
6.279919147491455, 28834.0
6.3207292556762695, 28834.0
6.361911058425903, 28834.0
6.403469085693359, 28834.0
6.444125175476074, 28834.0
6.484978199005127, 28834.0
6.525872230529785, 28834.0
6.566704273223877, 28834.0
6.607238292694092, 28834.0
6.6480913162231445, 28834.0
6.688716173171997, 28834.0
6.729264259338379, 28834.0
6.769879102706909, 28834.0
6.81066107749939, 28834.0
6.851232051849365, 28834.0
6.891784191131592, 28834.0
6.932722330093384, 28834.0
6.973382234573364, 28834.0
7.014130353927612, 28834.0
7.054708003997803, 28834.0
7.095303297042847, 28834.0
7.136290073394775, 28834.0
7.176850318908691, 28834.0
7.21764612197876, 28834.0
7.258690118789673, 28834.0
7.301462173461914, 28834.0
7.342956066131592, 28834.0
7.383619070053101, 28834.0
7.424715995788574, 28834.0
7.465408086776733, 28834.0
7.506045341491699, 28834.0
7.546938180923462, 28834.0
7.588103294372559, 28834.0
7.628698110580444, 28834.0
7.669408082962036, 28834.0
7.709947109222412, 28834.0
7.75066614151001, 28834.0
7.7916259765625, 28834.0
7.832159042358398, 28834.0
7.873021364212036, 28834.0
7.91387414932251, 28834.0
7.954524278640747, 28834.0
7.995599269866943, 28834.0
8.036283254623413, 28834.0
8.076951026916504, 28834.0
8.117611169815063, 28834.0
8.15822720527649, 28834.0
8.198837041854858, 28834.0
