0.00010919570922851562, 824.0
0.00021314620971679688, 1393.0
0.0003151893615722656, 1707.0
0.0004229545593261719, 1931.0
0.0005271434783935547, 2839.0
0.0006351470947265625, 3815.0
0.0024509429931640625, 4261.0
0.003750324249267578, 4564.0
0.004847049713134766, 5495.0
0.008919000625610352, 5547.0
0.022943973541259766, 6338.0
0.026043176651000977, 6410.0
0.03603720664978027, 7227.0
0.0440981388092041, 7686.0
0.04419898986816406, 7798.0
0.054267168045043945, 8323.0
0.06039094924926758, 9067.0
0.06505298614501953, 9354.0
0.06717324256896973, 9951.0
0.06747913360595703, 10617.0
0.0678870677947998, 11341.0
0.06990599632263184, 11376.0
0.07000923156738281, 11690.0
0.07031393051147461, 12546.0
0.07111907005310059, 12799.0
0.07202887535095215, 13569.0
0.07465410232543945, 13711.0
0.0761721134185791, 13806.0
0.16079115867614746, 14062.0
0.17537403106689453, 14218.0
0.20951104164123535, 14232.0
0.20971393585205078, 14326.0
0.21344804763793945, 14543.0
0.22056198120117188, 14979.0
0.22066402435302734, 15105.0
0.2336592674255371, 15442.0
0.23611807823181152, 15629.0
0.23654818534851074, 16166.0
0.23696112632751465, 16936.0
0.4730989933013916, 16988.0
0.49124932289123535, 17010.0
1.3516781330108643, 17011.0
1.5854122638702393, 17103.0
1.5879051685333252, 17556.0
1.609201192855835, 17851.0
1.6116852760314941, 18762.0
1.7293851375579834, 19004.0
1.7380611896514893, 19178.0
1.7399213314056396, 19824.0
3.182608127593994, 20110.0
3.1866519451141357, 20238.0
3.1912031173706055, 20267.0
3.2020881175994873, 20665.0
3.2038540840148926, 20679.0
4.345840215682983, 20955.0
4.346261978149414, 21081.0
4.3670079708099365, 21597.0
4.380285024642944, 21996.0
4.389425277709961, 22025.0
4.393369197845459, 22276.0
4.693569183349609, 22347.0
4.705713272094727, 22475.0
4.722835063934326, 23103.0
4.727707862854004, 23383.0
4.892719268798828, 23695.0
4.980022192001343, 23825.0
5.055936098098755, 23974.0
5.119906187057495, 24158.0
5.181693077087402, 24222.0
5.196033000946045, 24287.0
5.197111129760742, 24400.0
5.198630094528198, 24846.0
5.345247030258179, 25181.0
5.346220016479492, 25283.0
5.46297812461853, 25447.0
5.486555099487305, 25573.0
5.499807119369507, 25608.0
5.500760078430176, 26372.0
5.516986131668091, 26567.0
5.547554016113281, 26791.0
5.802541017532349, 26834.0
5.858511209487915, 27050.0
6.531479120254517, 27182.0
6.587422132492065, 27308.0
