0.00971078872680664, 6263.0
0.018121957778930664, 6263.0
0.026691913604736328, 6827.0
0.03526186943054199, 7155.0
0.04387998580932617, 7322.0
0.05243968963623047, 7902.0
0.061081886291503906, 8320.0
0.06978487968444824, 8320.0
0.07851982116699219, 8320.0
0.08727884292602539, 8570.0
0.09618997573852539, 8817.0
0.10514473915100098, 8817.0
0.1141510009765625, 8940.0
0.12311673164367676, 8940.0
0.1320798397064209, 8940.0
0.14105486869812012, 8940.0
0.15005898475646973, 8940.0
0.1590578556060791, 8940.0
0.16805791854858398, 8940.0
0.17703676223754883, 8940.0
0.18611383438110352, 8940.0
0.195173978805542, 8940.0
0.20424675941467285, 8940.0
0.2133188247680664, 8940.0
0.22231674194335938, 8940.0
0.23125886917114258, 8940.0
0.24023079872131348, 8940.0
0.2491757869720459, 8940.0
0.2581188678741455, 8940.0
0.2671217918395996, 8940.0
0.2761716842651367, 8940.0
0.28523802757263184, 8940.0
0.29426002502441406, 8940.0
0.3032410144805908, 8940.0
0.31221675872802734, 8940.0
0.3212158679962158, 8940.0
0.3301997184753418, 8940.0
0.3394649028778076, 8940.0
0.3486058712005615, 8940.0
0.35774993896484375, 8940.0
0.366743803024292, 8940.0
0.375762939453125, 8940.0
0.38471293449401855, 8940.0
0.3936777114868164, 8940.0
0.4027128219604492, 8940.0
0.411693811416626, 8940.0
0.420788049697876, 8940.0
0.43007802963256836, 8940.0
0.4394078254699707, 8940.0
0.4486048221588135, 8940.0
0.45781874656677246, 8940.0
0.4671308994293213, 8940.0
0.4764549732208252, 8940.0
0.4857618808746338, 8940.0
0.49507784843444824, 8940.0
0.5043327808380127, 8940.0
0.513582706451416, 8940.0
0.5228128433227539, 9147.0
0.5320236682891846, 9147.0
0.5412938594818115, 9147.0
0.5505127906799316, 9147.0
0.5597708225250244, 9147.0
0.569058895111084, 9147.0
0.5783717632293701, 9147.0
0.5877258777618408, 9147.0
0.5970108509063721, 9147.0
0.6063318252563477, 9147.0
0.6154918670654297, 9147.0
0.6247007846832275, 9147.0
0.6338770389556885, 9147.0
0.6430699825286865, 9147.0
0.652249813079834, 9147.0
0.6614227294921875, 9147.0
0.6705989837646484, 9147.0
0.6798148155212402, 9147.0
0.6889867782592773, 9147.0
0.6983559131622314, 9147.0
0.7078168392181396, 9147.0
0.7170450687408447, 9147.0
0.7262318134307861, 9147.0
0.7354140281677246, 9147.0
0.7447388172149658, 9147.0
0.7539939880371094, 9147.0
0.7634449005126953, 9147.0
0.7726469039916992, 9147.0
0.7818849086761475, 9147.0
0.7911648750305176, 9147.0
0.8004779815673828, 9147.0
0.8097329139709473, 9147.0
0.8190648555755615, 9147.0
0.8283557891845703, 9147.0
0.837634801864624, 9147.0
0.846876859664917, 9147.0
0.8566567897796631, 9147.0
0.8663167953491211, 9147.0
0.8759486675262451, 9147.0
0.8855338096618652, 9147.0
0.8950848579406738, 9147.0
0.9047157764434814, 9147.0
0.9143927097320557, 9147.0
0.9239928722381592, 9147.0
0.9335348606109619, 9147.0
0.9428596496582031, 9147.0
0.9523589611053467, 9147.0
0.9618887901306152, 9147.0
0.9710447788238525, 9147.0
0.9800899028778076, 9147.0
0.9891457557678223, 9147.0
0.9981839656829834, 9147.0
1.0072147846221924, 9147.0
1.0162498950958252, 9147.0
1.02531099319458, 9147.0
1.034383773803711, 9147.0
1.0434777736663818, 9147.0
1.0524978637695312, 9147.0
1.0615549087524414, 9147.0
1.0705938339233398, 9147.0
1.0796048641204834, 9147.0
1.0886039733886719, 9147.0
1.0976338386535645, 9147.0
1.1066858768463135, 9147.0
1.1157498359680176, 9147.0
1.1248018741607666, 9147.0
1.1338188648223877, 9147.0
1.1428148746490479, 9147.0
1.1518478393554688, 9147.0
1.1608917713165283, 9147.0
1.1699106693267822, 9147.0
1.178926706314087, 9147.0
1.18796706199646, 9147.0
1.197119951248169, 9147.0
1.2064037322998047, 9147.0
1.215660810470581, 9147.0
1.2249038219451904, 9147.0
1.2341220378875732, 9147.0
1.2431228160858154, 9147.0
1.2521207332611084, 9147.0
1.26115083694458, 9147.0
1.2701609134674072, 9147.0
1.2793138027191162, 9147.0
1.288498878479004, 9147.0
1.2975349426269531, 9147.0
1.3065438270568848, 9147.0
1.3155608177185059, 9147.0
1.3245549201965332, 9147.0
1.3335638046264648, 9147.0
1.3425848484039307, 9147.0
1.351585865020752, 9147.0
1.3605897426605225, 9147.0
1.3696088790893555, 9147.0
1.3786356449127197, 9147.0
1.3876569271087646, 9147.0
1.3966779708862305, 9147.0
1.4056897163391113, 9147.0
1.4147100448608398, 9147.0
1.4237298965454102, 9147.0
1.4327328205108643, 9147.0
1.4417579174041748, 9147.0
1.4507858753204346, 9147.0
1.4598798751831055, 9147.0
1.468890905380249, 9147.0
1.4779129028320312, 9147.0
1.4872868061065674, 9147.0
1.497039794921875, 9147.0
1.506603717803955, 9147.0
1.516117811203003, 9147.0
1.5261099338531494, 9147.0
1.5354869365692139, 9147.0
1.5450448989868164, 9147.0
1.5545437335968018, 9147.0
1.563950777053833, 9147.0
1.5732698440551758, 9147.0
1.5828068256378174, 9147.0
1.5922460556030273, 9147.0
1.6017427444458008, 9147.0
1.6112608909606934, 9147.0
1.6206088066101074, 9147.0
1.6298518180847168, 9147.0
1.6391448974609375, 9147.0
1.6487579345703125, 9147.0
1.658362865447998, 9147.0
1.6679508686065674, 9147.0
1.677391767501831, 9147.0
1.6869409084320068, 9147.0
1.6965136528015137, 9147.0
1.7060108184814453, 9147.0
1.715235710144043, 9147.0
1.724672794342041, 9147.0
1.7339658737182617, 9147.0
1.743177890777588, 9147.0
1.7523777484893799, 9147.0
1.7616839408874512, 9147.0
1.770892858505249, 9147.0
1.7800829410552979, 9147.0
1.7892889976501465, 9147.0
1.7986068725585938, 9147.0
1.8078768253326416, 9147.0
1.817147970199585, 9147.0
1.826373815536499, 9147.0
1.835582971572876, 9147.0
1.8448100090026855, 9147.0
