2.574920654296875e-05, 66.0
4.76837158203125e-05, 83.0
8.988380432128906e-05, 501.0
0.00019097328186035156, 1134.0
0.0006928443908691406, 2025.0
0.0007348060607910156, 2666.0
0.001275777816772461, 2716.0
0.001336812973022461, 3708.0
0.0013577938079833984, 4616.0
0.0022416114807128906, 4744.0
0.0025856494903564453, 5280.0
0.03183102607727051, 5637.0
0.031893014907836914, 6361.0
0.043434858322143555, 6868.0
0.047386884689331055, 7141.0
0.09972476959228516, 7431.0
0.33921194076538086, 7759.0
0.5316097736358643, 7859.0
0.555675745010376, 8418.0
0.9489688873291016, 8422.0
0.9860727787017822, 8842.0
1.040543794631958, 8940.0
