0.04915189743041992, 8973.0
0.08792996406555176, 10615.0
0.12592601776123047, 13049.0
0.164154052734375, 13049.0
0.20305705070495605, 13732.0
0.24201321601867676, 14893.0
0.2805302143096924, 14893.0
0.31921911239624023, 14959.0
0.3580200672149658, 16417.0
0.3969419002532959, 16417.0
0.4359619617462158, 19578.0
0.4751150608062744, 19933.0
0.5142700672149658, 19933.0
0.5534529685974121, 21086.0
0.5927700996398926, 21391.0
0.6330878734588623, 21391.0
0.6725869178771973, 21391.0
0.7121498584747314, 21862.0
0.7518079280853271, 24774.0
0.7915270328521729, 24774.0
0.8312630653381348, 24774.0
0.8710329532623291, 24801.0
0.9107701778411865, 24801.0
0.9506559371948242, 25457.0
0.9906349182128906, 25457.0
1.0306122303009033, 25580.0
1.0705971717834473, 25580.0
1.1106491088867188, 25603.0
1.1507182121276855, 26274.0
1.1907811164855957, 26556.0
1.2309820652008057, 26556.0
1.2711091041564941, 26556.0
1.3114359378814697, 26663.0
1.351762056350708, 27154.0
1.3920512199401855, 27177.0
1.432384967803955, 27989.0
1.4727771282196045, 27989.0
1.5132031440734863, 28052.0
1.553680181503296, 28052.0
1.5941648483276367, 28164.0
1.6346430778503418, 28164.0
1.6751370429992676, 28284.0
1.715710163116455, 28284.0
1.7562851905822754, 28470.0
1.7969751358032227, 28471.0
1.8375780582427979, 28471.0
1.878291130065918, 28550.0
1.9189128875732422, 28597.0
1.9595119953155518, 28597.0
2.0001230239868164, 28597.0
2.0407731533050537, 28597.0
2.081362009048462, 28597.0
2.1219351291656494, 28597.0
2.162532091140747, 28597.0
2.2031121253967285, 28597.0
2.245037078857422, 28597.0
2.285814046859741, 28597.0
2.3265278339385986, 28597.0
2.367216110229492, 28597.0
2.407914876937866, 28597.0
2.4487359523773193, 28597.0
2.4894728660583496, 28597.0
2.530088186264038, 28597.0
2.5708630084991455, 28749.0
2.6115610599517822, 28749.0
2.652273178100586, 28749.0
2.693052053451538, 28749.0
2.733725070953369, 28749.0
2.774522066116333, 28749.0
2.8152968883514404, 28749.0
2.8570778369903564, 28749.0
2.897799015045166, 28749.0
2.938554048538208, 28749.0
2.979158878326416, 28749.0
3.020132064819336, 28749.0
3.0611460208892822, 28749.0
3.102102041244507, 28749.0
3.142827033996582, 28749.0
3.1835391521453857, 28749.0
3.22420597076416, 28749.0
3.26485013961792, 28749.0
3.3056459426879883, 28749.0
3.3464479446411133, 28749.0
3.388298988342285, 28749.0
3.4301741123199463, 28749.0
3.471804141998291, 28749.0
3.5144081115722656, 28749.0
3.556925058364868, 28749.0
3.5985169410705566, 28749.0
3.6400392055511475, 28749.0
3.6817829608917236, 28749.0
3.723433256149292, 28749.0
3.7653369903564453, 28749.0
3.8077449798583984, 28749.0
3.849785089492798, 28749.0
3.8923139572143555, 28749.0
3.9334659576416016, 28749.0
3.974426031112671, 28749.0
4.015388011932373, 28749.0
4.056360244750977, 28749.0
4.098045110702515, 28749.0
4.140085935592651, 28749.0
4.181825876235962, 28749.0
4.223046064376831, 28749.0
4.265208005905151, 28749.0
4.3066651821136475, 28749.0
4.347686052322388, 28749.0
4.388640880584717, 28749.0
4.429837942123413, 28749.0
4.470664024353027, 28749.0
4.511449098587036, 28749.0
4.552397012710571, 28749.0
4.593456983566284, 28749.0
4.634772062301636, 28749.0
4.676770925521851, 28749.0
4.718914985656738, 28749.0
4.760869026184082, 28749.0
4.802995204925537, 28749.0
4.844659090042114, 28749.0
4.886441230773926, 28749.0
4.92814302444458, 28749.0
4.970165967941284, 28749.0
5.013092041015625, 28749.0
5.056497097015381, 28749.0
5.098952054977417, 28749.0
5.14121413230896, 28749.0
5.183781147003174, 28749.0
5.2246880531311035, 28749.0
5.265530109405518, 28749.0
5.306502103805542, 28749.0
5.3473961353302, 28749.0
5.3885111808776855, 28749.0
5.430660009384155, 28749.0
5.4715471267700195, 28749.0
5.512433052062988, 28749.0
5.553362131118774, 28749.0
5.59417200088501, 28749.0
5.6350319385528564, 28749.0
5.675925970077515, 28749.0
5.716768026351929, 28749.0
5.7576470375061035, 28749.0
5.79845404624939, 28749.0
5.83910608291626, 28749.0
5.879928112030029, 28749.0
5.920756816864014, 28749.0
5.961687088012695, 28749.0
6.0025482177734375, 28749.0
6.043339967727661, 28749.0
6.084052085876465, 28749.0
6.124767065048218, 28749.0
6.165647029876709, 28749.0
6.206341981887817, 28749.0
6.247137069702148, 28749.0
6.288343906402588, 28749.0
6.329926013946533, 28749.0
6.370635986328125, 28749.0
6.411424875259399, 28749.0
6.4521379470825195, 28749.0
6.492879152297974, 28749.0
6.533578157424927, 28749.0
6.573983192443848, 28749.0
6.614657878875732, 28749.0
6.655044078826904, 28749.0
6.69567608833313, 28749.0
6.736032009124756, 28749.0
6.7769410610198975, 28749.0
6.817788124084473, 28749.0
6.858546018600464, 28749.0
6.899141073226929, 28749.0
6.9399120807647705, 28749.0
6.980674982070923, 28749.0
7.021410942077637, 28749.0
7.062150001525879, 28749.0
7.10282301902771, 28749.0
7.1435980796813965, 28749.0
7.18470311164856, 28749.0
7.225301027297974, 28749.0
7.266033172607422, 28749.0
7.306805849075317, 28749.0
7.347398996353149, 28749.0
7.388020277023315, 28749.0
7.42864990234375, 28749.0
7.469405174255371, 28749.0
7.5100929737091064, 28749.0
7.550387144088745, 28749.0
7.591073036193848, 28749.0
7.631324052810669, 28749.0
7.671910047531128, 28749.0
7.7123191356658936, 28749.0
7.753012180328369, 28749.0
7.793761968612671, 28749.0
7.834350109100342, 28749.0
7.875046014785767, 28749.0
7.915719032287598, 28749.0
7.956387996673584, 28749.0
7.997076988220215, 28749.0
8.037739992141724, 28749.0
8.078316926956177, 28749.0
8.118573904037476, 28749.0
8.159269094467163, 28749.0
8.199883937835693, 28749.0
