0.00010085105895996094, 700.0
0.00019884109497070312, 752.0
0.00029587745666503906, 1499.0
0.000392913818359375, 2224.0
0.0004887580871582031, 3024.0
0.0008697509765625, 3137.0
0.0015397071838378906, 3249.0
0.003986835479736328, 3313.0
0.0062408447265625, 3589.0
0.010068893432617188, 4470.0
0.010278940200805664, 4927.0
0.016698837280273438, 5159.0
0.018715858459472656, 5261.0
0.025881052017211914, 5634.0
0.026488065719604492, 5962.0
0.02680802345275879, 6536.0
0.02764272689819336, 7260.0
0.027954816818237305, 8119.0
0.031706809997558594, 8314.0
0.035866737365722656, 8729.0
0.039470672607421875, 9520.0
0.04418492317199707, 9618.0
0.04498791694641113, 10388.0
0.04669594764709473, 10957.0
0.10136866569519043, 11288.0
0.10417771339416504, 11711.0
0.1082758903503418, 12059.0
0.11017966270446777, 12161.0
0.11583209037780762, 12252.0
0.1161336898803711, 12334.0
0.11623501777648926, 13265.0
0.11683773994445801, 13863.0
0.12024283409118652, 13989.0
0.13156676292419434, 14324.0
0.14349985122680664, 14705.0
0.14550280570983887, 15152.0
0.2057209014892578, 15343.0
0.3375527858734131, 15712.0
0.3382546901702881, 15814.0
0.4355347156524658, 16116.0
0.4356379508972168, 16244.0
0.5108349323272705, 16674.0
0.5110368728637695, 17605.0
0.5122358798980713, 17756.0
0.5166487693786621, 18135.0
0.8494348526000977, 18460.0
2.5356409549713135, 19238.0
3.875217914581299, 19263.0
3.8902299404144287, 19359.0
3.9133150577545166, 19450.0
3.9366767406463623, 19569.0
4.232581853866577, 19802.0
4.246694803237915, 20477.0
4.2484118938446045, 20934.0
4.2500159740448, 20982.0
4.25785493850708, 21467.0
4.259463787078857, 22128.0
4.259666919708252, 22256.0
4.259868860244751, 22382.0
4.260472774505615, 22577.0
4.271868944168091, 23073.0
4.272607803344727, 23530.0
4.838672876358032, 23713.0
4.843257665634155, 23839.0
4.864780902862549, 23938.0
4.900562763214111, 24071.0
5.186198949813843, 24636.0
5.205897808074951, 24738.0
5.271201848983765, 24888.0
5.272613763809204, 25179.0
5.295713901519775, 25306.0
5.4950127601623535, 25334.0
5.499021053314209, 25436.0
5.499122858047485, 25564.0
5.672544002532959, 25612.0
5.683461904525757, 25617.0
5.720186710357666, 26055.0
5.790231943130493, 26181.0
