3.409385681152344e-05, 952.0
8.106231689453125e-05, 1521.0
0.00025391578674316406, 2245.0
0.0007600784301757812, 2312.0
0.0013942718505859375, 2884.0
0.0022819042205810547, 2971.0
0.002302885055541992, 3902.0
0.002724170684814453, 4447.0
0.004688262939453125, 5227.0
0.004710197448730469, 6018.0
0.00504612922668457, 6442.0
0.0060520172119140625, 6700.0
0.00660395622253418, 6881.0
0.04938006401062012, 7024.0
0.04940223693847656, 7622.0
0.08634710311889648, 7988.0
0.09607601165771484, 8199.0
0.0963289737701416, 8406.0
0.8484442234039307, 8540.0
1.0087599754333496, 8654.0
1.033782958984375, 8897.0
1.1386890411376953, 8900.0
