0.009837150573730469, 5766.0
0.018414974212646484, 6558.0
0.027224063873291016, 6925.0
0.03606081008911133, 6925.0
0.044953107833862305, 7428.0
0.05389404296875, 8017.0
0.06283903121948242, 8205.0
0.0719149112701416, 8258.0
0.08097600936889648, 8657.0
0.0901329517364502, 8990.0
0.09925007820129395, 8990.0
0.10842108726501465, 8990.0
0.11769700050354004, 8990.0
0.1268939971923828, 9147.0
0.13631510734558105, 9147.0
0.14588594436645508, 9147.0
0.155350923538208, 9147.0
0.1648540496826172, 9147.0
0.17448210716247559, 9147.0
0.18400096893310547, 9147.0
0.19369101524353027, 9147.0
0.20329999923706055, 9147.0
0.212860107421875, 9147.0
0.22253799438476562, 9147.0
0.23196005821228027, 9147.0
0.24129104614257812, 9147.0
0.2506411075592041, 9147.0
0.2599952220916748, 9147.0
0.26935815811157227, 9147.0
0.2787199020385742, 9147.0
0.2881660461425781, 9147.0
0.2974691390991211, 9147.0
0.30665016174316406, 9147.0
0.31561803817749023, 9147.0
0.32465314865112305, 9147.0
0.33367919921875, 9147.0
0.3427388668060303, 9147.0
0.35188913345336914, 9147.0
0.361037015914917, 9147.0
0.37007784843444824, 9147.0
0.37911009788513184, 9147.0
0.3881521224975586, 9147.0
0.39719510078430176, 9147.0
0.40638303756713867, 9147.0
0.41558408737182617, 9147.0
0.42469096183776855, 9147.0
0.43370795249938965, 9147.0
0.4427471160888672, 9147.0
0.4517810344696045, 9147.0
0.4607851505279541, 9147.0
0.4697539806365967, 9147.0
0.4787600040435791, 9147.0
0.4876861572265625, 9147.0
0.49663209915161133, 9147.0
0.5055899620056152, 9147.0
0.5145220756530762, 9147.0
0.523482084274292, 9147.0
0.5324411392211914, 9147.0
0.5415999889373779, 9147.0
0.5507559776306152, 9147.0
0.5599470138549805, 9147.0
0.5692169666290283, 9147.0
0.5784380435943604, 9147.0
0.5874741077423096, 9147.0
0.5967411994934082, 9147.0
0.6059460639953613, 9147.0
0.6149530410766602, 9147.0
0.6238992214202881, 9147.0
0.6329269409179688, 9147.0
0.6418840885162354, 9147.0
0.6508889198303223, 9147.0
0.6599159240722656, 9147.0
0.6689720153808594, 9147.0
0.6779861450195312, 9147.0
0.6869730949401855, 9147.0
0.6960480213165283, 9147.0
0.7049770355224609, 9147.0
0.7139298915863037, 9147.0
0.7228500843048096, 9147.0
0.7317821979522705, 9147.0
0.740772008895874, 9147.0
0.7498700618743896, 9147.0
0.7588982582092285, 9147.0
0.7679390907287598, 9147.0
0.7769670486450195, 9147.0
0.785980224609375, 9147.0
0.7949528694152832, 9147.0
0.8039350509643555, 9147.0
0.8128910064697266, 9147.0
0.8219470977783203, 9147.0
0.8308789730072021, 9147.0
0.8399090766906738, 9147.0
0.848952054977417, 9147.0
0.8581681251525879, 9147.0
0.8671731948852539, 9147.0
0.8761820793151855, 9147.0
0.8851940631866455, 9147.0
0.8941910266876221, 9147.0
0.9031670093536377, 9147.0
0.912182092666626, 9147.0
0.9212081432342529, 9147.0
0.930311918258667, 9147.0
0.9392299652099609, 9147.0
0.94815993309021, 9147.0
0.9571042060852051, 9147.0
0.9660341739654541, 9147.0
0.975039005279541, 9147.0
0.9840428829193115, 9147.0
0.9930789470672607, 9147.0
1.002089023590088, 9147.0
1.0110809803009033, 9147.0
1.0201148986816406, 9147.0
1.029148817062378, 9147.0
1.0383601188659668, 9147.0
1.0474319458007812, 9147.0
1.0564641952514648, 9147.0
1.0654242038726807, 9147.0
1.0743370056152344, 9147.0
1.0832481384277344, 9147.0
1.0921719074249268, 9147.0
1.1012022495269775, 9147.0
1.11018705368042, 9147.0
1.119192123413086, 9147.0
1.128270149230957, 9147.0
1.1373310089111328, 9147.0
1.1463279724121094, 9147.0
1.155346155166626, 9147.0
1.164355993270874, 9147.0
1.1733832359313965, 9147.0
1.1824288368225098, 9147.0
1.191457986831665, 9147.0
1.200484037399292, 9147.0
1.2095110416412354, 9147.0
1.218493938446045, 9147.0
1.2274911403656006, 9147.0
1.2364962100982666, 9147.0
1.2454981803894043, 9147.0
1.254500150680542, 9147.0
1.2634880542755127, 9147.0
1.2725071907043457, 9147.0
1.2815260887145996, 9147.0
1.2905552387237549, 9147.0
1.2995641231536865, 9147.0
1.3085260391235352, 9147.0
1.3174371719360352, 9147.0
1.32635498046875, 9147.0
1.3352718353271484, 9147.0
1.3442809581756592, 9147.0
1.3532929420471191, 9147.0
1.3624351024627686, 9147.0
1.371495246887207, 9147.0
1.3806350231170654, 9147.0
1.389620065689087, 9147.0
1.3986999988555908, 9147.0
1.408107042312622, 9147.0
1.4172921180725098, 9147.0
1.4264910221099854, 9147.0
1.4359960556030273, 9147.0
1.4454400539398193, 9147.0
1.4548048973083496, 9147.0
1.4640288352966309, 9147.0
1.4733061790466309, 9147.0
1.4826290607452393, 9147.0
1.4918100833892822, 9147.0
1.5010061264038086, 9147.0
1.5102510452270508, 9147.0
1.519482135772705, 9147.0
1.528669834136963, 9147.0
1.5378220081329346, 9147.0
1.547165870666504, 9147.0
1.556514024734497, 9147.0
1.5658690929412842, 9147.0
1.57511305809021, 9147.0
1.5842978954315186, 9147.0
1.5934820175170898, 9147.0
1.6026151180267334, 9147.0
1.6117610931396484, 9147.0
1.6209242343902588, 9147.0
1.6300930976867676, 9147.0
1.6393539905548096, 9147.0
1.6485590934753418, 9147.0
1.6577341556549072, 9147.0
1.666957139968872, 9147.0
1.6761798858642578, 9147.0
1.6853690147399902, 9147.0
1.6946091651916504, 9147.0
1.7038450241088867, 9147.0
1.7130749225616455, 9147.0
1.7224838733673096, 9147.0
1.7317731380462646, 9147.0
1.7409939765930176, 9147.0
1.7503101825714111, 9147.0
1.759549856185913, 9147.0
1.7688970565795898, 9147.0
1.7783191204071045, 9147.0
1.787574052810669, 9147.0
1.796875, 9147.0
1.8061208724975586, 9147.0
1.815392017364502, 9147.0
1.824671983718872, 9147.0
1.8339240550994873, 9147.0
