0.010088920593261719, 5364.0
0.01893782615661621, 5565.0
0.02793288230895996, 6647.0
0.03671097755432129, 7139.0
0.045694828033447266, 8135.0
0.05472588539123535, 8254.0
0.06371402740478516, 8254.0
0.07286810874938965, 8709.0
0.08210897445678711, 8709.0
0.09128594398498535, 8810.0
0.1006929874420166, 8990.0
0.11020803451538086, 9147.0
0.11944293975830078, 9147.0
0.12860488891601562, 9147.0
0.13774895668029785, 9147.0
0.14691615104675293, 9147.0
0.15606284141540527, 9147.0
0.16521072387695312, 9147.0
0.17435288429260254, 9147.0
0.18353986740112305, 9147.0
0.19269609451293945, 9147.0
0.20186805725097656, 9147.0
0.21109604835510254, 9147.0
0.2202768325805664, 9147.0
0.22941374778747559, 9147.0
0.23859095573425293, 9147.0
0.24775385856628418, 9147.0
0.25692105293273926, 9147.0
0.26608991622924805, 9147.0
0.2752518653869629, 9147.0
0.28437185287475586, 9147.0
0.29351806640625, 9147.0
0.3027200698852539, 9147.0
0.3119239807128906, 9147.0
0.3211069107055664, 9147.0
0.3302619457244873, 9147.0
0.33951783180236816, 9147.0
0.34907007217407227, 9147.0
0.35878872871398926, 9147.0
0.36855077743530273, 9147.0
0.3778810501098633, 9147.0
0.38718485832214355, 9147.0
0.3963358402252197, 9147.0
0.40548086166381836, 9147.0
0.41466188430786133, 9147.0
0.4238598346710205, 9147.0
0.4330558776855469, 9147.0
0.4422430992126465, 9147.0
0.45142292976379395, 9147.0
0.46065473556518555, 9147.0
0.46987485885620117, 9147.0
0.47904086112976074, 9147.0
0.4883120059967041, 9147.0
0.4975008964538574, 9147.0
0.5066568851470947, 9147.0
0.5158820152282715, 9147.0
0.5252208709716797, 9147.0
0.5344328880310059, 9147.0
0.5436229705810547, 9147.0
0.5528428554534912, 9147.0
0.5620179176330566, 9147.0
0.5711820125579834, 9147.0
0.580333948135376, 9147.0
0.5894708633422852, 9147.0
0.5988359451293945, 9147.0
0.608396053314209, 9147.0
0.617699146270752, 9147.0
0.6269309520721436, 9147.0
0.6361238956451416, 9147.0
0.6452889442443848, 9147.0
0.6544618606567383, 9147.0
0.6636307239532471, 9147.0
0.6727879047393799, 9147.0
0.6819450855255127, 9147.0
0.6911008358001709, 9147.0
0.700253963470459, 9147.0
0.7094459533691406, 9147.0
0.7185769081115723, 9147.0
0.7277419567108154, 9147.0
0.7368998527526855, 9147.0
0.7460649013519287, 9147.0
0.7551758289337158, 9147.0
0.7643539905548096, 9147.0
0.7734878063201904, 9147.0
0.7826039791107178, 9147.0
0.7917580604553223, 9147.0
0.8009209632873535, 9147.0
0.8100857734680176, 9147.0
0.8192629814147949, 9147.0
0.8284029960632324, 9147.0
0.8375580310821533, 9147.0
0.8467340469360352, 9147.0
0.8558640480041504, 9147.0
0.864987850189209, 9147.0
0.8741328716278076, 9147.0
0.8832859992980957, 9147.0
0.8924369812011719, 9147.0
0.9016120433807373, 9147.0
0.911107063293457, 9147.0
0.9203929901123047, 9147.0
0.9297327995300293, 9147.0
0.9390237331390381, 9147.0
0.9483840465545654, 9147.0
0.957852840423584, 9147.0
0.9672319889068604, 9147.0
0.9766018390655518, 9147.0
0.9861278533935547, 9147.0
0.9957051277160645, 9147.0
1.0053789615631104, 9147.0
1.014969825744629, 9147.0
1.024446964263916, 9147.0
1.034052848815918, 9147.0
1.0435457229614258, 9147.0
1.0530848503112793, 9147.0
1.0624549388885498, 9147.0
1.0719459056854248, 9147.0
1.0813241004943848, 9147.0
1.0906319618225098, 9147.0
1.1000068187713623, 9147.0
1.1093168258666992, 9147.0
1.1186540126800537, 9147.0
1.1280157566070557, 9147.0
1.1373770236968994, 9147.0
1.1467010974884033, 9147.0
1.1560509204864502, 9147.0
1.1656770706176758, 9147.0
1.1753249168395996, 9147.0
1.1849400997161865, 9147.0
1.1946399211883545, 9147.0
1.2039878368377686, 9147.0
1.2133839130401611, 9147.0
1.2229058742523193, 9147.0
1.2322819232940674, 9147.0
1.2416460514068604, 9147.0
1.251044750213623, 9147.0
1.2604539394378662, 9147.0
1.2698938846588135, 9147.0
1.279353141784668, 9147.0
1.2887611389160156, 9147.0
1.2984578609466553, 9147.0
1.3080940246582031, 9147.0
1.3175938129425049, 9147.0
1.3271098136901855, 9147.0
1.3366127014160156, 9147.0
1.3462121486663818, 9147.0
1.3556969165802002, 9147.0
1.3651418685913086, 9147.0
1.3745529651641846, 9147.0
1.3841538429260254, 9147.0
1.3937957286834717, 9147.0
1.4034638404846191, 9147.0
1.413120985031128, 9147.0
1.4227049350738525, 9147.0
1.4323608875274658, 9147.0
1.4421141147613525, 9147.0
1.4514789581298828, 9147.0
1.460744857788086, 9147.0
1.4701268672943115, 9147.0
1.4793438911437988, 9147.0
1.4885029792785645, 9147.0
1.497741937637329, 9147.0
1.5069499015808105, 9147.0
1.516286849975586, 9147.0
1.5255937576293945, 9147.0
1.5347778797149658, 9147.0
1.5439839363098145, 9147.0
1.5532619953155518, 9147.0
1.562572956085205, 9147.0
1.5717430114746094, 9147.0
1.5809879302978516, 9147.0
1.5901670455932617, 9147.0
1.5993547439575195, 9147.0
1.6085529327392578, 9147.0
1.6177380084991455, 9147.0
1.626913070678711, 9147.0
1.6361007690429688, 9147.0
1.6452789306640625, 9147.0
1.6544687747955322, 9147.0
1.6636478900909424, 9147.0
1.6728439331054688, 9147.0
1.682032823562622, 9147.0
1.6914920806884766, 9147.0
1.7009639739990234, 9147.0
1.7104079723358154, 9147.0
1.719709873199463, 9147.0
1.7289059162139893, 9147.0
1.738128900527954, 9147.0
1.7473008632659912, 9147.0
1.7564747333526611, 9147.0
1.7656147480010986, 9147.0
1.7749738693237305, 9147.0
1.7841758728027344, 9147.0
1.7934319972991943, 9147.0
1.802644968032837, 9147.0
1.8118228912353516, 9147.0
1.8209729194641113, 9147.0
1.8301630020141602, 9147.0
1.8394129276275635, 9147.0
1.8486158847808838, 9147.0
1.8577969074249268, 9147.0
1.867063045501709, 9147.0
