2.6941299438476562e-05, 598.0
5.0067901611328125e-05, 932.0
0.0001900196075439453, 1840.0
0.0003101825714111328, 2021.0
0.0004680156707763672, 2380.0
0.0005080699920654297, 2594.0
0.0005280971527099609, 3012.0
0.0006082057952880859, 4009.0
0.0018069744110107422, 4041.0
0.0033402442932128906, 4900.0
0.0035212039947509766, 5691.0
0.0036208629608154297, 6148.0
0.0038208961486816406, 6379.0
0.003862142562866211, 7310.0
0.09936904907226562, 7590.0
0.23554396629333496, 7758.0
0.51572585105896, 7815.0
0.596858024597168, 7862.0
0.6444399356842041, 7959.0
0.6447591781616211, 8478.0
0.9286758899688721, 8501.0
