0.04972100257873535, 8138.0
0.08816194534301758, 9279.0
0.12647223472595215, 10595.0
0.1647050380706787, 12972.0
0.20252418518066406, 12972.0
0.2404170036315918, 13517.0
0.27837109565734863, 14451.0
0.31648826599121094, 14650.0
0.35474085807800293, 18577.0
0.3930230140686035, 18577.0
0.43142199516296387, 18577.0
0.4698328971862793, 18906.0
0.508336067199707, 19268.0
0.5470130443572998, 19800.0
0.5860180854797363, 20238.0
0.6257221698760986, 21279.0
0.6648221015930176, 22549.0
0.703930139541626, 22549.0
0.7430651187896729, 23195.0
0.7823741436004639, 23195.0
0.8218111991882324, 23875.0
0.8611979484558105, 24392.0
0.9005670547485352, 24795.0
0.9411361217498779, 24795.0
0.9812250137329102, 25210.0
1.0215930938720703, 25358.0
1.0617260932922363, 25839.0
1.1017401218414307, 26655.0
1.1415212154388428, 26837.0
1.1811702251434326, 26837.0
1.2208781242370605, 26837.0
1.2610690593719482, 27078.0
1.300934076309204, 27078.0
1.340616226196289, 27078.0
1.3805570602416992, 27078.0
1.4204158782958984, 27834.0
1.4602339267730713, 27834.0
1.5001461505889893, 27834.0
1.5403780937194824, 27834.0
1.5803539752960205, 28204.0
1.6204679012298584, 28332.0
1.660539150238037, 28332.0
1.7005009651184082, 28332.0
1.740541934967041, 28332.0
1.780412197113037, 28332.0
1.820404052734375, 28332.0
1.8603980541229248, 28332.0
1.9004762172698975, 28458.0
1.9403822422027588, 28458.0
1.9804279804229736, 28458.0
2.0207998752593994, 28458.0
2.0612359046936035, 28458.0
2.101832866668701, 28458.0
2.1422131061553955, 28458.0
2.1839332580566406, 28458.0
2.2244341373443604, 28458.0
2.2649881839752197, 28458.0
2.305575132369995, 28458.0
2.346140146255493, 28458.0
2.386698007583618, 28458.0
2.4272520542144775, 28458.0
2.4678761959075928, 28458.0
2.5084662437438965, 28458.0
2.5490689277648926, 28458.0
2.5897531509399414, 28458.0
2.6299591064453125, 28458.0
2.6701459884643555, 28458.0
2.710322141647339, 28458.0
2.750525951385498, 28458.0
2.790675163269043, 28458.0
2.831166982650757, 28458.0
2.8713130950927734, 28458.0
2.9116342067718506, 28458.0
2.9522690773010254, 28458.0
2.9925670623779297, 28458.0
3.0329301357269287, 28458.0
3.0733790397644043, 28458.0
3.1137819290161133, 28458.0
3.153933048248291, 28458.0
3.1943018436431885, 28458.0
3.234858989715576, 28458.0
3.274998903274536, 28458.0
3.315122127532959, 28458.0
3.355767011642456, 28458.0
3.397336006164551, 28458.0
3.4388010501861572, 28458.0
3.4800989627838135, 28458.0
3.522010087966919, 28458.0
3.564366102218628, 28458.0
3.605613946914673, 28458.0
3.647109031677246, 28458.0
3.6885690689086914, 28458.0
3.7300992012023926, 28458.0
3.771415948867798, 28458.0
3.8134100437164307, 28458.0
3.855452060699463, 28458.0
3.89713716506958, 28458.0
3.938108205795288, 28458.0
3.9782161712646484, 28458.0
4.018330097198486, 28458.0
4.0589070320129395, 28458.0
4.099208116531372, 28458.0
4.139384031295776, 28458.0
4.180775165557861, 28458.0
4.222117185592651, 28458.0
4.262239933013916, 28458.0
4.302673101425171, 28458.0
4.3426549434661865, 28458.0
4.382699012756348, 28458.0
4.422817945480347, 28458.0
4.463221073150635, 28458.0
4.50334095954895, 28458.0
4.543647050857544, 28458.0
4.583945989608765, 28458.0
4.624318838119507, 28458.0
4.664428949356079, 28458.0
4.704426050186157, 28458.0
4.744568109512329, 28458.0
4.784834146499634, 28458.0
4.826117038726807, 28458.0
4.867387056350708, 28458.0
4.908992052078247, 28458.0
4.950592994689941, 28458.0
4.992124080657959, 28458.0
5.0331480503082275, 28458.0
5.07451605796814, 28458.0
5.116065979003906, 28458.0
5.157376050949097, 28458.0
5.1986658573150635, 28458.0
5.240545034408569, 28458.0
5.281991243362427, 28458.0
5.32319712638855, 28458.0
5.3633270263671875, 28458.0
5.403618097305298, 28458.0
5.443667888641357, 28458.0
5.483989953994751, 28458.0
5.524510860443115, 28458.0
5.565977096557617, 28458.0
5.607342004776001, 28458.0
5.647983074188232, 28458.0
5.68904709815979, 28458.0
5.7297892570495605, 28458.0
5.770743131637573, 28458.0
5.811661958694458, 28458.0
5.852672100067139, 28458.0
5.893635034561157, 28458.0
5.934637069702148, 28458.0
5.976968288421631, 28458.0
6.018028974533081, 28458.0
6.059217214584351, 28458.0
6.100239992141724, 28458.0
6.140841007232666, 28458.0
6.1817710399627686, 28458.0
6.223436117172241, 28458.0
6.2650322914123535, 28458.0
6.30570912361145, 28458.0
6.346436023712158, 28458.0
6.386963844299316, 28458.0
6.427667856216431, 28458.0
6.4682512283325195, 28458.0
6.508888006210327, 28458.0
6.54945707321167, 28458.0
6.590806007385254, 28458.0
6.6314170360565186, 28458.0
6.672071218490601, 28458.0
6.7127721309661865, 28458.0
6.75382399559021, 28458.0
6.794345855712891, 28458.0
6.834913015365601, 28458.0
6.875493049621582, 28458.0
6.9159770011901855, 28458.0
6.956452131271362, 28458.0
6.997027158737183, 28458.0
7.037466049194336, 28458.0
7.078260898590088, 28458.0
7.119297981262207, 28458.0
7.159893989562988, 28458.0
7.200469970703125, 28458.0
7.24085807800293, 28458.0
7.2816150188446045, 28458.0
7.3223652839660645, 28458.0
7.362912893295288, 28458.0
7.403380870819092, 28458.0
7.443830966949463, 28458.0
7.484339952468872, 28458.0
7.524830102920532, 28458.0
7.565463066101074, 28458.0
7.606324911117554, 28458.0
7.646790027618408, 28458.0
7.687250137329102, 28458.0
7.727940082550049, 28458.0
7.768723249435425, 28458.0
7.809571027755737, 28458.0
7.850536823272705, 28458.0
7.891422271728516, 28458.0
7.931977987289429, 28458.0
7.97291111946106, 28458.0
8.01334285736084, 28458.0
8.053900957107544, 28458.0
8.094990015029907, 28458.0
8.135544061660767, 28458.0
