0.0001087188720703125, 35.0
0.00021409988403320312, 860.0
0.0003180503845214844, 1308.0
0.00041985511779785156, 1672.0
0.0005230903625488281, 1963.0
0.0016410350799560547, 2440.0
0.005600929260253906, 3164.0
0.011449813842773438, 3442.0
0.011662721633911133, 3798.0
0.02528071403503418, 3927.0
0.026591062545776367, 4628.0
0.02712869644165039, 4823.0
0.027737855911254883, 4892.0
0.0294647216796875, 5234.0
0.03171896934509277, 5362.0
0.06496477127075195, 5723.0
0.06628680229187012, 6447.0
0.07948589324951172, 7238.0
0.08080887794494629, 7340.0
0.08446907997131348, 7905.0
0.08990597724914551, 8002.0
0.09153103828430176, 8571.0
0.13763880729675293, 8992.0
0.18343877792358398, 9072.0
0.18609166145324707, 9866.0
0.19499707221984863, 10373.0
0.19785189628601074, 10510.0
0.1983637809753418, 11176.0
0.19968700408935547, 11521.0
0.2070479393005371, 12176.0
0.3289668560028076, 12196.0
0.3296840190887451, 12671.0
0.3585798740386963, 13004.0
0.35878992080688477, 13106.0
0.36207008361816406, 13203.0
0.3638038635253906, 13214.0
0.3646268844604492, 13279.0
0.40404486656188965, 13516.0
0.4241518974304199, 13523.0
0.4242548942565918, 14454.0
0.43264007568359375, 14493.0
0.43651294708251953, 14702.0
0.4367198944091797, 15271.0
0.4370279312133789, 16080.0
0.43886280059814453, 16807.0
0.4442708492279053, 17284.0
0.9978189468383789, 17620.0
0.9979238510131836, 18563.0
2.568464994430542, 19293.0
2.579850912094116, 19457.0
3.125070810317993, 19483.0
3.131898880004883, 19733.0
3.132608652114868, 19804.0
3.1369709968566895, 20025.0
3.138185977935791, 20567.0
3.1444668769836426, 20695.0
3.616726875305176, 20699.0
3.633802890777588, 20818.0
3.648678779602051, 20901.0
4.014837980270386, 21178.0
4.032674789428711, 21558.0
4.052271842956543, 21870.0
4.052979946136475, 22634.0
4.0535948276519775, 23176.0
4.059064865112305, 23475.0
4.960080862045288, 23875.0
4.962884902954102, 23987.0
5.0082948207855225, 24013.0
5.041194915771484, 24625.0
5.0444629192352295, 24878.0
5.1212098598480225, 25079.0
5.3136069774627686, 25317.0
5.390377998352051, 25439.0
5.412194728851318, 25608.0
5.448628902435303, 25657.0
5.457579851150513, 26255.0
5.531538963317871, 26376.0
5.544981002807617, 26478.0
5.55249285697937, 26605.0
