0.04928016662597656, 10224.0
0.08746194839477539, 10224.0
0.12653493881225586, 10444.0
0.16496896743774414, 12261.0
0.20295310020446777, 13960.0
0.24142980575561523, 14460.0
0.2800259590148926, 17683.0
0.3187580108642578, 17683.0
0.35768580436706543, 17683.0
0.39664602279663086, 17683.0
0.4358088970184326, 19071.0
0.4750947952270508, 19071.0
0.5144081115722656, 19289.0
0.5538480281829834, 19289.0
0.5935540199279785, 20237.0
0.6357438564300537, 21288.0
0.6762070655822754, 22293.0
0.7162058353424072, 22293.0
0.7565641403198242, 23865.0
0.7969660758972168, 23865.0
0.8370280265808105, 23865.0
0.8766770362854004, 24456.0
0.9166271686553955, 25449.0
0.9563870429992676, 25449.0
0.9964790344238281, 25449.0
1.036595106124878, 25449.0
1.0766050815582275, 25449.0
1.116938829421997, 25956.0
1.1571969985961914, 26121.0
1.1976380348205566, 26538.0
1.2379789352416992, 26943.0
1.278113842010498, 27355.0
1.3185389041900635, 27831.0
1.3589739799499512, 27831.0
1.3992547988891602, 28112.0
1.4400300979614258, 28167.0
1.4806699752807617, 28184.0
1.521251916885376, 28210.0
1.5616579055786133, 28210.0
1.6022140979766846, 28275.0
1.6426100730895996, 28275.0
1.6831469535827637, 28275.0
1.7238750457763672, 28497.0
1.7645971775054932, 28497.0
1.805333137512207, 28497.0
1.846034049987793, 28497.0
1.8868460655212402, 28497.0
1.9276478290557861, 28497.0
1.968501091003418, 28497.0
2.0092179775238037, 28497.0
2.049960136413574, 28562.0
2.090657949447632, 28562.0
2.1313719749450684, 28562.0
2.1733860969543457, 28562.0
2.21409010887146, 28562.0
2.254826068878174, 28562.0
2.2955880165100098, 28577.0
2.33628511428833, 28577.0
2.3771097660064697, 28577.0
2.417958974838257, 28577.0
2.4589309692382812, 28577.0
2.500105142593384, 28577.0
2.5411758422851562, 28577.0
2.5821359157562256, 28577.0
2.622917890548706, 28703.0
2.663412094116211, 28703.0
2.7046051025390625, 28703.0
2.7455780506134033, 28703.0
2.7860419750213623, 28703.0
2.826859951019287, 28703.0
2.8684239387512207, 28703.0
2.9105939865112305, 28703.0
2.951457977294922, 28703.0
2.9932069778442383, 28703.0
3.034013032913208, 28703.0
3.074970006942749, 28703.0
3.116025924682617, 28703.0
3.1573069095611572, 28703.0
3.198729991912842, 28703.0
3.2397549152374268, 28703.0
3.2813711166381836, 28703.0
3.323424816131592, 28703.0
3.3650729656219482, 28703.0
3.4071240425109863, 28703.0
3.4508299827575684, 28703.0
3.4927918910980225, 28703.0
3.5346739292144775, 28703.0
3.576597213745117, 28703.0
3.6186819076538086, 28703.0
3.660698890686035, 28703.0
3.7031431198120117, 28703.0
3.745227813720703, 28703.0
3.788020133972168, 28703.0
3.8291091918945312, 28703.0
3.8696699142456055, 28703.0
3.910585880279541, 28703.0
3.9512228965759277, 28703.0
3.9917521476745605, 28703.0
4.032650947570801, 28703.0
4.074002981185913, 28703.0
4.114595890045166, 28703.0
4.155461072921753, 28703.0
4.197933912277222, 28703.0
4.239884853363037, 28703.0
4.281260967254639, 28703.0
4.321969985961914, 28703.0
4.362776041030884, 28703.0
4.403774976730347, 28703.0
4.444943904876709, 28703.0
4.485719919204712, 28703.0
4.526531934738159, 28703.0
4.5673089027404785, 28703.0
4.608273983001709, 28703.0
4.6490888595581055, 28703.0
4.690187931060791, 28703.0
4.730677127838135, 28703.0
4.771142959594727, 28703.0
4.812266111373901, 28703.0
4.854317903518677, 28703.0
4.8959739208221436, 28703.0
4.9378662109375, 28703.0
4.980053901672363, 28703.0
5.021760940551758, 28703.0
5.063170909881592, 28703.0
5.104812860488892, 28703.0
5.146826982498169, 28703.0
5.188760042190552, 28703.0
5.230943202972412, 28703.0
5.273128032684326, 28703.0
5.31546688079834, 28703.0
5.358008861541748, 28703.0
5.399004936218262, 28703.0
5.439759016036987, 28703.0
5.480374813079834, 28703.0
5.5209879875183105, 28703.0
5.561568975448608, 28703.0
5.603315114974976, 28703.0
5.6447389125823975, 28703.0
5.685610771179199, 28703.0
5.726514101028442, 28703.0
5.76750922203064, 28703.0
5.80794620513916, 28703.0
5.848249912261963, 28703.0
5.8891260623931885, 28703.0
5.929760932922363, 28703.0
5.970645904541016, 28703.0
6.01142692565918, 28703.0
6.051772117614746, 28703.0
6.092117071151733, 28703.0
6.132490158081055, 28703.0
6.172767162322998, 28703.0
6.213856935501099, 28703.0
6.254760026931763, 28703.0
6.2948830127716064, 28703.0
6.334980010986328, 28703.0
6.375231027603149, 28703.0
6.415509939193726, 28703.0
6.456120014190674, 28703.0
6.496680974960327, 28703.0
6.536789178848267, 28703.0
6.5768821239471436, 28703.0
6.617107152938843, 28703.0
6.657517910003662, 28703.0
6.6979570388793945, 28703.0
6.738165855407715, 28703.0
6.778346061706543, 28703.0
6.818917989730835, 28703.0
6.859405994415283, 28703.0
6.899937868118286, 28703.0
6.94041895866394, 28703.0
6.980618000030518, 28703.0
7.021244049072266, 28703.0
7.062005996704102, 28703.0
7.1026930809021, 28703.0
7.143100023269653, 28703.0
7.1835198402404785, 28703.0
7.22379994392395, 28703.0
7.264307022094727, 28703.0
7.304466962814331, 28703.0
7.344780921936035, 28703.0
7.3850789070129395, 28703.0
7.425248861312866, 28703.0
7.46603798866272, 28703.0
7.506346940994263, 28703.0
7.5469019412994385, 28703.0
7.587454080581665, 28703.0
7.627758979797363, 28703.0
7.667964935302734, 28703.0
7.7081968784332275, 28703.0
7.74849796295166, 28703.0
7.7890191078186035, 28703.0
7.829418897628784, 28703.0
7.869647026062012, 28703.0
7.911278009414673, 28703.0
7.951537132263184, 28703.0
7.9921019077301025, 28703.0
8.033055067062378, 28703.0
8.073661088943481, 28703.0
8.114258050918579, 28703.0
8.154356002807617, 28703.0
8.195284128189087, 28703.0
