2.6702880859375e-05, 791.0
4.76837158203125e-05, 1424.0
6.890296936035156e-05, 1514.0
0.000644683837890625, 2113.0
0.001416921615600586, 2925.0
0.001615762710571289, 3856.0
0.005586862564086914, 4141.0
0.0056078433990478516, 4878.0
0.00771784782409668, 5001.0
0.0077397823333740234, 5932.0
0.0078008174896240234, 6573.0
0.013997793197631836, 6642.0
0.014829635620117188, 6737.0
0.052954912185668945, 6852.0
0.05313372611999512, 7332.0
0.11343693733215332, 7871.0
0.2732679843902588, 8111.0
0.6374557018280029, 8362.0
0.6380689144134521, 8512.0
0.6397418975830078, 8693.0
0.8173367977142334, 8781.0
0.9031050205230713, 8929.0
