0.00978708267211914, 5672.0
0.01840496063232422, 6031.0
0.027083873748779297, 6145.0
0.03574204444885254, 6708.0
0.044489145278930664, 7132.0
0.053150177001953125, 7988.0
0.06186199188232422, 8096.0
0.07062602043151855, 8631.0
0.0794529914855957, 8631.0
0.0883171558380127, 8690.0
0.09726095199584961, 8690.0
0.10627508163452148, 8690.0
0.11540603637695312, 8759.0
0.12452387809753418, 8799.0
0.1335909366607666, 9147.0
0.1427009105682373, 9147.0
0.15185189247131348, 9147.0
0.16097712516784668, 9147.0
0.17008090019226074, 9147.0
0.17914891242980957, 9147.0
0.18822216987609863, 9147.0
0.19728994369506836, 9147.0
0.20639896392822266, 9147.0
0.21554088592529297, 9147.0
0.22473478317260742, 9147.0
0.23386001586914062, 9147.0
0.24302196502685547, 9147.0
0.2521650791168213, 9147.0
0.2613108158111572, 9147.0
0.2704780101776123, 9147.0
0.27960896492004395, 9147.0
0.28873682022094727, 9147.0
0.2979249954223633, 9147.0
0.3070812225341797, 9147.0
0.31621384620666504, 9147.0
0.3253748416900635, 9147.0
0.3345949649810791, 9147.0
0.3437819480895996, 9147.0
0.3530399799346924, 9147.0
0.3622398376464844, 9147.0
0.37142491340637207, 9147.0
0.3806471824645996, 9147.0
0.38994503021240234, 9147.0
0.3991680145263672, 9147.0
0.4083869457244873, 9147.0
0.41757798194885254, 9147.0
0.42675089836120605, 9147.0
0.435945987701416, 9147.0
0.44513702392578125, 9147.0
0.45431995391845703, 9147.0
0.4634988307952881, 9147.0
0.4726901054382324, 9147.0
0.48184895515441895, 9147.0
0.4910571575164795, 9147.0
0.5002269744873047, 9147.0
0.5095570087432861, 9147.0
0.5189428329467773, 9147.0
0.5282421112060547, 9147.0
0.5375080108642578, 9147.0
0.5465719699859619, 9147.0
0.5556209087371826, 9147.0
0.5646469593048096, 9147.0
0.5737230777740479, 9147.0
0.5828111171722412, 9147.0
0.591925859451294, 9147.0
0.6012709140777588, 9147.0
0.6105692386627197, 9147.0
0.6197569370269775, 9147.0
0.628835916519165, 9147.0
0.6379318237304688, 9147.0
0.6469860076904297, 9147.0
0.6561691761016846, 9147.0
0.6652851104736328, 9147.0
0.6743779182434082, 9147.0
0.6834731101989746, 9147.0
0.6925740242004395, 9147.0
0.7016410827636719, 9147.0
0.7107088565826416, 9147.0
0.7198061943054199, 9147.0
0.728856086730957, 9147.0
0.737929105758667, 9147.0
0.7469851970672607, 9147.0
0.7560338973999023, 9147.0
0.7650761604309082, 9147.0
0.7740781307220459, 9147.0
0.7830700874328613, 9147.0
0.7921168804168701, 9147.0
0.8011701107025146, 9147.0
0.8102140426635742, 9147.0
0.8192920684814453, 9147.0
0.8283591270446777, 9147.0
0.8374660015106201, 9147.0
0.8465251922607422, 9147.0
0.855586051940918, 9147.0
0.8646299839019775, 9147.0
0.8736832141876221, 9147.0
0.8827199935913086, 9147.0
0.8917579650878906, 9147.0
0.9008090496063232, 9147.0
0.9098348617553711, 9147.0
0.9188830852508545, 9147.0
0.9279148578643799, 9147.0
0.9369950294494629, 9147.0
0.9460489749908447, 9147.0
0.9551138877868652, 9147.0
0.9641571044921875, 9147.0
0.9732170104980469, 9147.0
0.9822790622711182, 9147.0
0.9913167953491211, 9147.0
1.0003509521484375, 9147.0
1.009404182434082, 9147.0
1.018441915512085, 9147.0
1.0274658203125, 9147.0
1.036458969116211, 9147.0
1.0454609394073486, 9147.0
1.054502010345459, 9147.0
1.063533067703247, 9147.0
1.0725479125976562, 9147.0
1.0815739631652832, 9147.0
1.090606927871704, 9147.0
1.099635124206543, 9147.0
1.1086628437042236, 9147.0
1.1176748275756836, 9147.0
1.1267139911651611, 9147.0
1.1356661319732666, 9147.0
1.144690990447998, 9147.0
1.1539380550384521, 9147.0
1.163027048110962, 9147.0
1.1720528602600098, 9147.0
1.1810519695281982, 9147.0
1.1899769306182861, 9147.0
1.1989870071411133, 9147.0
1.2080039978027344, 9147.0
1.2171781063079834, 9147.0
1.2265651226043701, 9147.0
1.2360198497772217, 9147.0
1.245406150817871, 9147.0
1.2545790672302246, 9147.0
1.2637159824371338, 9147.0
1.272918939590454, 9147.0
1.2821831703186035, 9147.0
1.29146409034729, 9147.0
1.3007490634918213, 9147.0
1.3099291324615479, 9147.0
1.3191430568695068, 9147.0
1.3283801078796387, 9147.0
1.3375871181488037, 9147.0
1.346803903579712, 9147.0
1.3560831546783447, 9147.0
1.3654780387878418, 9147.0
1.3746609687805176, 9147.0
1.3840301036834717, 9147.0
1.3932571411132812, 9147.0
1.4024899005889893, 9147.0
1.4116899967193604, 9147.0
1.4208800792694092, 9147.0
1.4300479888916016, 9147.0
1.439255952835083, 9147.0
1.4484009742736816, 9147.0
1.4575037956237793, 9147.0
1.4666190147399902, 9147.0
1.4757840633392334, 9147.0
1.48494291305542, 9147.0
1.494231939315796, 9147.0
1.5033559799194336, 9147.0
1.5125539302825928, 9147.0
1.5216848850250244, 9147.0
1.5308101177215576, 9147.0
1.5401110649108887, 9147.0
1.5492620468139648, 9147.0
1.5584449768066406, 9147.0
1.5675837993621826, 9147.0
1.576808214187622, 9147.0
1.585965871810913, 9147.0
1.5951640605926514, 9147.0
1.6043281555175781, 9147.0
1.6135010719299316, 9147.0
1.622786045074463, 9147.0
1.632004976272583, 9147.0
1.6413590908050537, 9147.0
1.6507670879364014, 9147.0
1.6600511074066162, 9147.0
1.6692619323730469, 9147.0
1.6784610748291016, 9147.0
1.6877009868621826, 9147.0
1.6970999240875244, 9147.0
1.706247091293335, 9147.0
1.715522050857544, 9147.0
1.7247679233551025, 9147.0
1.7341039180755615, 9147.0
1.7434918880462646, 9147.0
1.7526350021362305, 9147.0
1.7616400718688965, 9147.0
1.7706778049468994, 9147.0
1.7796850204467773, 9147.0
1.7886619567871094, 9147.0
1.7976469993591309, 9147.0
1.806635856628418, 9147.0
1.8156688213348389, 9147.0
1.824631929397583, 9147.0
1.8336098194122314, 9147.0
