0.00010323524475097656, 214.0
0.00020122528076171875, 228.0
0.0002980232238769531, 1048.0
0.00039505958557128906, 1496.0
0.0007779598236083984, 2384.0
0.0008759498596191406, 2921.0
0.0026950836181640625, 3712.0
0.0042400360107421875, 4189.0
0.02548813819885254, 4627.0
0.02558612823486328, 5570.0
0.025875091552734375, 5687.0
0.027409076690673828, 5897.0
0.027801990509033203, 6343.0
0.028110980987548828, 7251.0
0.05081796646118164, 7645.0
0.054305076599121094, 7964.0
0.054403066635131836, 8320.0
0.05680990219116211, 8877.0
0.0573880672454834, 9003.0
0.0602879524230957, 9218.0
0.06048297882080078, 9942.0
0.06096506118774414, 10517.0
0.08298802375793457, 10884.0
0.12076616287231445, 11266.0
0.12298583984375, 11386.0
0.12308502197265625, 11499.0
0.12424206733703613, 11674.0
0.12433981895446777, 12151.0
0.12443900108337402, 12818.0
0.12637901306152344, 13020.0
0.13080906867980957, 13045.0
0.13238000869750977, 13311.0
0.1340169906616211, 14160.0
0.13411903381347656, 14536.0
0.1470341682434082, 15306.0
0.1759951114654541, 15448.0
0.1791982650756836, 15643.0
0.25531792640686035, 16255.0
0.2585141658782959, 16448.0
0.2602670192718506, 17359.0
0.26335811614990234, 17530.0
0.2635529041290283, 17586.0
0.2656731605529785, 18517.0
1.2235901355743408, 18611.0
1.2425498962402344, 18794.0
1.2458128929138184, 19406.0
3.1940829753875732, 19592.0
3.7580761909484863, 19733.0
3.7700259685516357, 19842.0
3.779804229736328, 19970.0
3.8593599796295166, 20627.0
3.8652760982513428, 20774.0
3.8697640895843506, 21474.0
3.9044320583343506, 21638.0
3.9056758880615234, 21735.0
3.9261269569396973, 21865.0
3.942331075668335, 21896.0
3.950259208679199, 22230.0
4.093740940093994, 22766.0
4.099867105484009, 23075.0
4.100679159164429, 23934.0
4.107982158660889, 24101.0
4.118980169296265, 24213.0
4.451326131820679, 24325.0
4.453855991363525, 24991.0
4.475969076156616, 25006.0
4.512724876403809, 25112.0
4.716720104217529, 25131.0
4.982093095779419, 25415.0
5.084683895111084, 25439.0
5.105816125869751, 25576.0
5.106421947479248, 25704.0
5.391725063323975, 26090.0
5.414699077606201, 26216.0
6.428405046463013, 26218.0
