0.019549846649169922, 5331.0
0.03542184829711914, 5560.0
0.05158281326293945, 6929.0
0.06789183616638184, 7883.0
0.0842740535736084, 9544.0
0.10081601142883301, 9544.0
0.117401123046875, 9544.0
0.13404512405395508, 10101.0
0.15062189102172852, 10418.0
0.16694903373718262, 10654.0
0.1835789680480957, 10654.0
0.20002198219299316, 10654.0
0.21607017517089844, 10713.0
0.23212099075317383, 11066.0
0.24821090698242188, 11066.0
0.26434922218322754, 11183.0
0.2805190086364746, 11183.0
0.2966639995574951, 11183.0
0.3128669261932373, 11183.0
0.32904696464538574, 11183.0
0.34526610374450684, 11183.0
0.3616471290588379, 11183.0
0.3779151439666748, 11183.0
0.3943979740142822, 11183.0
0.4121279716491699, 11183.0
0.42932605743408203, 11183.0
0.44666314125061035, 11183.0
0.4635159969329834, 11183.0
0.4805941581726074, 11183.0
0.49748706817626953, 11183.0
0.5178790092468262, 11183.0
0.5359129905700684, 11183.0
0.5558319091796875, 11183.0
0.5731890201568604, 11183.0
0.5900678634643555, 11183.0
0.6068089008331299, 11183.0
0.6234819889068604, 11183.0
0.6400480270385742, 11183.0
0.6566498279571533, 11183.0
0.6733009815216064, 11183.0
0.6898391246795654, 11183.0
0.7064440250396729, 11183.0
0.7229139804840088, 11183.0
0.7395210266113281, 11183.0
0.7564778327941895, 11183.0
0.7731070518493652, 11183.0
0.7896430492401123, 11183.0
0.8062069416046143, 11183.0
0.8227560520172119, 11183.0
0.8391988277435303, 11183.0
0.8561210632324219, 11183.0
0.8730731010437012, 11183.0
0.8900871276855469, 11183.0
0.9070870876312256, 11183.0
0.9240560531616211, 11183.0
0.9409670829772949, 11183.0
0.9578521251678467, 11183.0
0.9747250080108643, 11183.0
0.9916620254516602, 11183.0
1.0091021060943604, 11183.0
1.0266690254211426, 11183.0
1.0448307991027832, 11183.0
1.064040184020996, 11183.0
1.081294059753418, 11183.0
1.0980861186981201, 11183.0
1.1148178577423096, 11183.0
1.1315810680389404, 11183.0
1.1483120918273926, 11183.0
1.1652860641479492, 11183.0
1.1819398403167725, 11183.0
1.1987738609313965, 11183.0
1.2161688804626465, 11183.0
1.2339470386505127, 11183.0
1.251121997833252, 11183.0
1.2682228088378906, 11183.0
1.2879199981689453, 11183.0
1.306614875793457, 11183.0
1.3241000175476074, 11183.0
1.3411750793457031, 11183.0
1.3596160411834717, 11183.0
1.3768670558929443, 11183.0
1.3942241668701172, 11183.0
1.4109580516815186, 11183.0
1.4275870323181152, 11183.0
1.444282054901123, 11183.0
1.4608290195465088, 11183.0
1.4779691696166992, 11183.0
1.4947669506072998, 11183.0
1.5115540027618408, 11183.0
1.5281682014465332, 11223.0
1.5447359085083008, 11223.0
1.5612709522247314, 11223.0
1.5778601169586182, 11223.0
1.5946500301361084, 11223.0
1.6111669540405273, 11223.0
1.6277360916137695, 11223.0
1.6442699432373047, 11223.0
1.6610321998596191, 11223.0
1.677495002746582, 11223.0
1.694256067276001, 11223.0
1.7109899520874023, 11223.0
1.7277538776397705, 11223.0
1.744704008102417, 11223.0
1.7613279819488525, 11223.0
1.792391061782837, 11223.0
1.81089186668396, 11223.0
1.8284010887145996, 11223.0
1.8453240394592285, 11223.0
1.862300157546997, 11223.0
1.8795208930969238, 11223.0
1.8966310024261475, 11223.0
1.9204390048980713, 11223.0
1.9409890174865723, 11223.0
1.958672046661377, 11223.0
1.9779810905456543, 11223.0
1.9959089756011963, 11223.0
2.0136570930480957, 11223.0
2.032231092453003, 11223.0
2.0498769283294678, 11223.0
2.0680298805236816, 11223.0
2.0890448093414307, 11223.0
2.1088619232177734, 11223.0
2.1270599365234375, 11223.0
2.144789934158325, 11223.0
2.163792133331299, 11223.0
2.1846280097961426, 11223.0
2.2033450603485107, 11223.0
2.224433183670044, 11223.0
2.243090867996216, 11223.0
2.2598581314086914, 11223.0
2.2765700817108154, 11223.0
2.293476104736328, 11223.0
2.311051845550537, 11223.0
2.328183889389038, 11223.0
2.344693899154663, 11223.0
2.3612279891967773, 11223.0
2.377735137939453, 11223.0
2.3942198753356934, 11223.0
2.411527156829834, 11223.0
2.429126024246216, 11223.0
2.446322202682495, 11223.0
2.463336229324341, 11223.0
2.480208158493042, 11223.0
2.497154951095581, 11223.0
2.514724016189575, 11223.0
2.532273054122925, 11223.0
2.5498578548431396, 11223.0
2.5666160583496094, 11223.0
2.5833959579467773, 11223.0
2.600139856338501, 11223.0
2.616982936859131, 11223.0
2.633768081665039, 11223.0
2.6507370471954346, 11223.0
2.667396068572998, 11223.0
2.6839818954467773, 11223.0
2.7006378173828125, 11223.0
2.7171640396118164, 11223.0
2.7335779666900635, 11223.0
2.7502450942993164, 11223.0
2.767055034637451, 11223.0
2.7835140228271484, 11223.0
2.799928903579712, 11223.0
2.8163440227508545, 11223.0
2.8328099250793457, 11223.0
2.8492038249969482, 11223.0
2.865615129470825, 11223.0
2.8820390701293945, 11223.0
2.8984920978546143, 11223.0
2.91496205329895, 11223.0
2.9314510822296143, 11223.0
2.947913885116577, 11223.0
2.964570999145508, 11223.0
2.981395959854126, 11223.0
2.9982340335845947, 11223.0
3.015069007873535, 11223.0
3.0319762229919434, 11223.0
3.048882007598877, 11223.0
3.0656938552856445, 11223.0
3.0841760635375977, 11223.0
3.1023330688476562, 11223.0
3.120853900909424, 11223.0
3.1382110118865967, 11223.0
3.156391143798828, 11223.0
3.1748998165130615, 11223.0
3.1925690174102783, 11223.0
3.209566831588745, 11223.0
3.2267260551452637, 11223.0
3.243683099746704, 11223.0
3.260712146759033, 11223.0
3.2775909900665283, 11223.0
3.2943878173828125, 11223.0
3.3111798763275146, 11223.0
3.3279101848602295, 11223.0
3.344681978225708, 11223.0
3.3616890907287598, 11223.0
3.3785431385040283, 11223.0
3.395465850830078, 11223.0
3.412597894668579, 11223.0
3.430290937423706, 11223.0
3.447728157043457, 11223.0
3.4658968448638916, 11223.0
