0.5213003158569336, 37931.0
0.8951890468597412, 40049.0
1.2661921977996826, 44400.0
1.6401431560516357, 46702.0
2.0120162963867188, 51138.0
2.38478422164917, 51654.0
2.759599208831787, 56967.0
3.1384541988372803, 58069.0
3.5139801502227783, 58840.0
3.892580270767212, 63073.0
4.284440040588379, 65677.0
4.667736053466797, 67464.0
5.045676231384277, 72864.0
5.432703971862793, 72911.0
5.8268632888793945, 77240.0
6.210066318511963, 81567.0
6.58864426612854, 82501.0
6.97320818901062, 84099.0
7.351194143295288, 86616.0
7.72873330116272, 87557.0
8.10745120048523, 90565.0
8.485220193862915, 90565.0
8.865638256072998, 95574.0
9.24587106704712, 96480.0
9.625018119812012, 101412.0
10.005990266799927, 103663.0
10.39280104637146, 103663.0
10.777291059494019, 107127.0
11.159565210342407, 109650.0
11.547686338424683, 110559.0
11.930612325668335, 114947.0
12.314626216888428, 115671.0
12.705652236938477, 119174.0
13.090057373046875, 125391.0
13.48030424118042, 125391.0
13.866782188415527, 127640.0
14.253003120422363, 127640.0
14.644761085510254, 129723.0
15.032462120056152, 129723.0
15.424510955810547, 129723.0
15.816684007644653, 131153.0
16.20390033721924, 135742.0
16.59742832183838, 139127.0
16.986541032791138, 140171.0
17.374235153198242, 140171.0
17.768498182296753, 142859.0
18.163276195526123, 145079.0
18.557895183563232, 148909.0
18.948183059692383, 148909.0
19.342713117599487, 148909.0
19.7317111492157, 150426.0
20.12726616859436, 151858.0
20.51667833328247, 154092.0
20.913828134536743, 156176.0
21.30996823310852, 157089.0
21.699814319610596, 157089.0
22.0957932472229, 160483.0
22.48783016204834, 160483.0
22.883426189422607, 160903.0
23.27791428565979, 160903.0
23.677189111709595, 162188.0
24.070411205291748, 163567.0
24.46488618850708, 165406.0
24.866026163101196, 169423.0
25.266767263412476, 170715.0
25.661928176879883, 172712.0
26.062365293502808, 172712.0
26.46271824836731, 172712.0
26.857020139694214, 175226.0
27.253108263015747, 175226.0
27.647412300109863, 175745.0
28.047044277191162, 178512.0
28.441606283187866, 178512.0
28.835582971572876, 180113.0
29.236245155334473, 180246.0
29.635966300964355, 180246.0
30.035438060760498, 181956.0
30.430395126342773, 181956.0
30.82416319847107, 183913.0
31.21967840194702, 184558.0
31.61416220664978, 184558.0
32.008440256118774, 185072.0
32.40317106246948, 188681.0
32.79777002334595, 188681.0
33.202721118927, 188681.0
33.61000609397888, 188681.0
34.00707936286926, 188681.0
34.41012525558472, 190404.0
34.807273387908936, 190404.0
35.213003158569336, 194058.0
35.61688232421875, 194058.0
36.01476216316223, 195622.0
36.41201114654541, 195622.0
36.8100962638855, 196722.0
37.21687340736389, 197757.0
37.62343621253967, 198694.0
38.025153160095215, 198957.0
38.43206810951233, 200267.0
38.83229637145996, 201362.0
39.24062418937683, 201362.0
39.647008180618286, 201362.0
40.04790925979614, 202156.0
40.44827914237976, 202156.0
40.854910373687744, 202156.0
41.25757908821106, 202994.0
41.66338920593262, 202994.0
42.06958222389221, 206950.0
42.47622013092041, 206950.0
42.87611126899719, 207720.0
43.284040212631226, 207720.0
43.69060301780701, 208219.0
44.09874415397644, 208219.0
44.50938010215759, 210025.0
44.91362524032593, 210025.0
45.32438826560974, 210025.0
45.73334503173828, 210409.0
46.1414110660553, 212771.0
46.549588203430176, 212895.0
46.95738697052002, 215076.0
47.360939025878906, 215076.0
47.76899218559265, 215076.0
48.17748832702637, 215076.0
48.58045411109924, 217587.0
48.9895601272583, 217587.0
49.393622159957886, 217587.0
49.80220818519592, 217587.0
50.21049427986145, 217587.0
50.61296820640564, 218854.0
51.0207622051239, 219764.0
51.42950415611267, 219764.0
51.832524061203, 219764.0
52.240440130233765, 220045.0
52.648465156555176, 224054.0
53.05200719833374, 224054.0
53.45669507980347, 225457.0
53.85990929603577, 225457.0
54.26809501647949, 225457.0
54.67609715461731, 225457.0
55.084267139434814, 225457.0
55.49423933029175, 225457.0
55.8982720375061, 225457.0
56.30152440071106, 227875.0
56.71049118041992, 227875.0
57.11470413208008, 227875.0
57.52511119842529, 227875.0
57.933290004730225, 231199.0
58.33720922470093, 231199.0
58.741554260253906, 231199.0
59.150588274002075, 231199.0
59.561012268066406, 231199.0
59.96990919113159, 231199.0
60.37356901168823, 231199.0
60.78309226036072, 232211.0
61.192108154296875, 232834.0
61.59945225715637, 232834.0
62.00396227836609, 232834.0
62.41347622871399, 232834.0
62.82428312301636, 232834.0
63.23538041114807, 232834.0
63.646435260772705, 232834.0
64.05522918701172, 233656.0
64.46601438522339, 233656.0
64.87602019309998, 233706.0
65.28147506713867, 233706.0
65.69389796257019, 235840.0
66.11089324951172, 235840.0
66.52032113075256, 236532.0
66.92807030677795, 236574.0
67.34170436859131, 236574.0
67.75688219070435, 236574.0
68.16893911361694, 236574.0
68.58120441436768, 236574.0
68.99476218223572, 238566.0
69.40648317337036, 238566.0
69.81510019302368, 238566.0
70.22653818130493, 238566.0
70.63193607330322, 238566.0
71.04139232635498, 238566.0
71.45327115058899, 238566.0
71.86397910118103, 238566.0
72.27291703224182, 239006.0
72.68602538108826, 239587.0
73.09578704833984, 239587.0
73.50489807128906, 239596.0
73.92003917694092, 239596.0
74.32964730262756, 239882.0
74.739342212677, 239882.0
75.14775013923645, 239882.0
75.56091213226318, 239882.0
75.97494506835938, 239882.0
76.38269209861755, 239882.0
76.79180026054382, 239882.0
77.20440721511841, 240195.0
77.61880230903625, 240195.0
78.03656029701233, 240852.0
78.44709014892578, 240852.0
78.85987424850464, 241191.0
79.27241611480713, 241310.0
79.68409132957458, 242293.0
80.09924721717834, 242293.0
80.51195216178894, 243084.0
