42.13548231124878, 343.0
42.13548421859741, 249.0
42.135486125946045, 296.0
42.13548922538757, 267.0
42.135491132736206, 260.0
42.13549327850342, 311.0
42.13549518585205, 239.0
42.135496377944946, 283.0
42.135498046875, 262.0
42.135499238967896, 203.0
42.13550019264221, 294.0
42.135502099990845, 152.0
42.13550329208374, 216.0
42.13550424575806, 118.0
42.13550639152527, 271.0
42.135507106781006, 293.0
42.13550901412964, 243.0
42.13551115989685, 205.0
42.13551211357117, 281.0
42.13551330566406, 109.0
42.13551425933838, 284.0
42.135515213012695, 274.0
42.13551616668701, 178.0
42.13551735877991, 135.0
42.1355242729187, 310.0
42.13552522659302, 300.0
42.135526180267334, 264.0
42.13552737236023, 166.0
42.13552808761597, 257.0
42.13552904129028, 182.0
42.1355299949646, 143.0
42.135531187057495, 224.0
42.13553214073181, 282.0
42.13553309440613, 275.0
42.13553428649902, 265.0
42.135536193847656, 281.0
42.135536193847656, 170.0
42.13553738594055, 288.0
42.13553833961487, 261.0
42.135539054870605, 270.0
42.135542154312134, 298.0
42.13554310798645, 304.0
42.13554525375366, 38.0
42.135547161102295, 228.0
42.13554835319519, 312.0
42.13554930686951, 176.0
42.13555097579956, 222.0
42.135552167892456, 115.0
42.13555312156677, 93.0
42.13555312156677, 282.0
42.13555407524109, 221.0
42.1355562210083, 112.0
42.13555717468262, 242.0
42.13555932044983, 280.0
42.13556098937988, 282.0
42.13556218147278, 27.0
42.135563135147095, 188.0
42.13556408882141, 244.0
42.13556528091431, 107.0
42.13556718826294, 288.0
42.135568141937256, 231.0
42.13556933403015, 130.0
42.13557028770447, 130.0
42.135571002960205, 230.0
42.135576248168945, 112.0
42.13557815551758, 150.0
42.13558030128479, 291.0
42.135581970214844, 191.0
42.13558316230774, 173.0
42.135584115982056, 117.0
42.13558506965637, 175.0
42.13558626174927, 236.0
42.13558626174927, 243.0
42.135587215423584, 181.0
42.1355881690979, 244.0
42.13558912277222, 258.0
42.13559317588806, 106.0
42.13559412956238, 220.0
42.135595083236694, 131.0
42.13559603691101, 125.0
42.135597229003906, 193.0
42.13559818267822, 133.0
42.13559913635254, 209.0
42.13560128211975, 175.0
42.13560223579407, 121.0
42.135602951049805, 255.0
42.1356041431427, 140.0
42.13560509681702, 211.0
42.13560605049133, 194.0
42.13560724258423, 83.0
42.13560914993286, 224.0
42.13560914993286, 80.0
42.13561129570007, 248.0
42.13561224937439, 255.0
42.13561415672302, 170.0
42.13561511039734, 205.0
42.13561725616455, 194.0
42.13561820983887, 159.0
42.135619163513184, 249.0
42.1356201171875, 179.0
42.135621309280396, 227.0
42.13562226295471, 218.0
42.13562321662903, 166.0
42.135624408721924, 129.0
42.13562512397766, 157.0
42.13562607765198, 222.0
42.135627031326294, 26.0
42.13562822341919, 207.0
42.13563013076782, 106.0
42.13563132286072, 188.0
42.135632276535034, 195.0
42.13563323020935, 186.0
42.13563418388367, 226.0
42.13563513755798, 142.0
42.1356360912323, 38.0
42.135637044906616, 76.0
42.135637044906616, 235.0
42.13563823699951, 53.0
42.13563919067383, 153.0
42.135640144348145, 218.0
42.13564109802246, 145.0
42.13564324378967, 249.0
42.13564419746399, 72.0
42.135645389556885, 245.0
42.13564610481262, 135.0
42.13564705848694, 245.0
42.13564705848694, 230.0
42.135648012161255, 149.0
42.13565015792847, 232.0
42.13565111160278, 190.0
42.13565230369568, 210.0
42.135653257369995, 195.0
42.13565421104431, 232.0
42.13565540313721, 187.0
42.13565540313721, 174.0
42.135656118392944, 185.0
42.13565707206726, 212.0
42.13565802574158, 214.0
42.13565921783447, 150.0
42.13566017150879, 113.0
42.13566017150879, 122.0
42.135661125183105, 217.0
42.13566207885742, 195.0
42.13566327095032, 196.0
42.135664224624634, 207.0
42.13566517829895, 75.0
42.135666370391846, 143.0
42.13566708564758, 114.0
42.13566708564758, 153.0
42.1356680393219, 72.0
42.135668992996216, 181.0
42.13567519187927, 133.0
42.13567519187927, 76.0
42.13567638397217, 154.0
42.135677337646484, 144.0
42.13567805290222, 81.0
42.13567900657654, 55.0
42.13567900657654, 196.0
42.135680198669434, 101.0
42.13568115234375, 206.0
42.135682106018066, 88.0
42.13568329811096, 163.0
42.13568425178528, 117.0
42.13568425178528, 193.0
42.135685205459595, 90.0
42.13568615913391, 137.0
42.13568735122681, 193.0
42.13568830490112, 140.0
42.13568902015686, 152.0
42.135690212249756, 8.0
42.135690212249756, 168.0
42.13569116592407, 167.0
42.135693073272705, 178.0
42.1356942653656, 196.0
42.13569521903992, 186.0
42.13569521903992, 74.0
42.13569617271423, 168.0
42.13569736480713, 190.0
42.13569736480713, 117.0
42.135698318481445, 138.0
42.13569903373718, 157.0
42.1356999874115, 145.0
42.135701179504395, 101.0
42.13570213317871, 97.0
42.13570308685303, 133.0
42.13570308685303, 148.0
42.13570427894592, 184.0
42.13570523262024, 85.0
42.13570523262024, 135.0
42.135706186294556, 174.0
42.13570713996887, 58.0
42.13570713996887, 126.0
42.135709285736084, 183.0
42.13571000099182, 181.0
42.13571119308472, 112.0
42.13571214675903, 128.0
42.135714054107666, 71.0
42.135714054107666, 152.0
42.13571524620056, 169.0
42.13571619987488, 91.0
42.135717153549194, 48.0
42.135717153549194, 120.0
42.13571834564209, 169.0
42.135719299316406, 132.0
42.135720014572144, 58.0
42.13572096824646, 107.0
42.135722160339355, 170.0
42.13572311401367, 82.0
42.13572406768799, 141.0
42.135725259780884, 162.0
42.135725259780884, 172.0
42.1357262134552, 124.0
42.13572716712952, 135.0
42.13572835922241, 111.0
42.13572931289673, 127.0
42.135730266571045, 69.0
42.13573098182678, 128.0
42.13573098182678, 41.0
42.13573217391968, 155.0
42.135733127593994, 34.0
42.13573408126831, 108.0
42.135735273361206, 61.0
42.13573622703552, 154.0
42.13573622703552, 133.0
42.13573718070984, 90.0
42.135738134384155, 135.0
42.135738134384155, 155.0
42.13573932647705, 100.0
42.13574028015137, 64.0
42.135741233825684, 156.0
42.1357421875, 119.0
42.135743141174316, 80.0
42.13574409484863, 138.0
42.13574409484863, 95.0
42.13574504852295, 145.0
42.135746240615845, 148.0
42.13574719429016, 132.0
42.13574814796448, 47.0
42.13574934005737, 97.0
42.13574934005737, 131.0
42.13575029373169, 61.0
42.13575029373169, 119.0
42.135751247406006, 113.0
42.13575220108032, 120.0
42.13575315475464, 143.0
42.135754108428955, 27.0
42.135754108428955, 93.0
42.13575506210327, 139.0
42.13575625419617, 123.0
42.13575720787048, 22.0
42.1357581615448, 91.0
42.135759115219116, 84.0
42.135759115219116, 128.0
42.13576030731201, 108.0
42.13576126098633, 123.0
42.135762214660645, 56.0
42.13576316833496, 76.0
42.13576412200928, 91.0
42.13576412200928, 69.0
42.135765075683594, 94.0
42.13576602935791, 120.0
42.135767221450806, 85.0
42.135767221450806, 75.0
42.13576817512512, 36.0
42.13576912879944, 18.0
42.135770320892334, 105.0
42.135770320892334, 57.0
42.13577127456665, 54.0
42.13577222824097, 46.0
42.13577342033386, 112.0
42.1357741355896, 92.0
42.1357741355896, 59.0
42.135775089263916, 86.0
42.13577604293823, 67.0
42.13577723503113, 69.0
42.13577723503113, 91.0
42.135778188705444, 16.0
42.13577914237976, 67.0
42.13577914237976, 17.0
42.13578128814697, 91.0
42.13578224182129, 87.0
42.13578224182129, 24.0
42.135783195495605, 29.0
42.13578414916992, 40.0
