0.5218400955200195, 32005.0
0.89247727394104, 32480.0
1.26627516746521, 32974.0
1.6360540390014648, 33190.0
2.0095841884613037, 33894.0
2.384998321533203, 34399.0
2.7595040798187256, 34993.0
3.132305145263672, 36103.0
3.50433611869812, 36594.0
3.8901870250701904, 36691.0
4.274065256118774, 37003.0
4.652742147445679, 37397.0
5.030357122421265, 38389.0
5.4128639698028564, 38691.0
5.802203178405762, 38998.0
6.192018985748291, 39220.0
6.577595233917236, 39272.0
6.955646991729736, 39753.0
7.3412768840789795, 40105.0
7.7281882762908936, 40693.0
8.113352060317993, 41165.0
8.499951124191284, 41165.0
8.886749982833862, 41492.0
9.273410081863403, 42179.0
9.660313129425049, 42557.0
10.047369003295898, 42879.0
10.434896230697632, 43069.0
10.824512004852295, 43289.0
11.212018966674805, 44178.0
11.601048231124878, 44797.0
11.990446090698242, 44797.0
12.375446081161499, 45090.0
12.763920307159424, 45601.0
13.150102138519287, 45601.0
13.536906003952026, 45738.0
13.923856258392334, 46105.0
14.3107271194458, 46282.0
14.69885802268982, 47086.0
15.090489149093628, 47160.0
15.47792100906372, 47763.0
15.86649227142334, 47974.0
16.255122900009155, 47974.0
16.648893356323242, 47974.0
17.039063215255737, 48319.0
17.427794218063354, 48757.0
17.821954011917114, 48777.0
18.21987819671631, 49031.0
18.614524126052856, 49404.0
19.010518074035645, 50189.0
19.406415224075317, 50292.0
19.801214933395386, 50398.0
20.193095207214355, 50404.0
20.595174312591553, 50597.0
20.989543914794922, 50905.0
21.3838791847229, 51092.0
21.78223204612732, 51294.0
22.181053161621094, 51477.0
22.580494165420532, 51676.0
22.97805118560791, 51798.0
23.373232126235962, 52322.0
23.772785186767578, 52322.0
24.168198108673096, 52633.0
24.56383514404297, 52738.0
24.960882902145386, 52868.0
25.356980085372925, 53083.0
25.75235915184021, 53202.0
26.152513027191162, 53202.0
26.548126935958862, 53831.0
26.947004318237305, 53831.0
27.34287428855896, 53831.0
27.743677139282227, 54601.0
28.144488096237183, 54601.0
28.540879249572754, 54699.0
28.94461417198181, 55202.0
29.34463405609131, 55293.0
29.744086027145386, 55855.0
30.148399114608765, 55855.0
30.54931092262268, 55855.0
30.95095920562744, 55855.0
31.353919982910156, 55855.0
31.75922918319702, 56250.0
32.16450810432434, 56282.0
32.570064306259155, 56602.0
32.976975202560425, 56800.0
33.38339400291443, 57156.0
33.79430294036865, 57298.0
34.20473122596741, 57562.0
34.610913038253784, 57809.0
35.02246403694153, 58750.0
35.4398672580719, 58750.0
35.85112023353577, 58750.0
36.26264810562134, 58991.0
36.6742799282074, 58991.0
37.08800220489502, 58991.0
37.501418113708496, 58991.0
37.91509199142456, 58991.0
38.33007311820984, 58991.0
38.74886131286621, 59575.0
39.16832208633423, 59575.0
39.58250021934509, 59575.0
39.99675226211548, 59575.0
40.41223406791687, 59774.0
40.82698321342468, 59774.0
41.23901009559631, 59790.0
41.6494619846344, 59877.0
42.06073498725891, 60387.0
42.471450090408325, 60387.0
42.87845706939697, 60673.0
43.29231524467468, 60673.0
43.70333528518677, 60673.0
44.11329197883606, 60673.0
44.52469515800476, 60991.0
44.934510231018066, 60991.0
45.3434853553772, 60994.0
45.75501894950867, 60994.0
46.16278028488159, 61264.0
46.570038080215454, 61393.0
46.98029804229736, 61672.0
47.38894701004028, 61672.0
47.79981327056885, 61672.0
48.2068350315094, 61848.0
48.617656230926514, 61848.0
49.02895522117615, 61961.0
49.4418842792511, 62259.0
49.84994101524353, 62259.0
50.25754117965698, 62374.0
50.66434717178345, 62374.0
51.07161617279053, 62491.0
51.47978401184082, 62491.0
51.887104988098145, 62491.0
52.29686498641968, 62491.0
52.706884145736694, 62679.0
53.112306118011475, 62851.0
53.52038025856018, 63084.0
53.925549030303955, 63084.0
54.330464124679565, 63092.0
54.73945617675781, 63805.0
55.14984393119812, 63805.0
55.56265902519226, 63805.0
55.97176909446716, 63805.0
56.380269050598145, 63805.0
56.78981018066406, 63805.0
57.1941602230072, 63805.0
57.6009259223938, 63936.0
58.00620412826538, 63936.0
58.4137122631073, 64095.0
58.81813931465149, 64095.0
59.222196102142334, 64168.0
59.628014087677, 64382.0
60.03321719169617, 64382.0
60.43770503997803, 64382.0
60.842308044433594, 64490.0
61.248207092285156, 64490.0
61.6581072807312, 64795.0
62.071598052978516, 64795.0
62.48786997795105, 64795.0
62.90095114707947, 64795.0
63.313456296920776, 64795.0
63.72808027267456, 65029.0
64.14135026931763, 65058.0
64.55484223365784, 65058.0
64.96871495246887, 65058.0
65.38184809684753, 65136.0
65.7980751991272, 65205.0
66.2156171798706, 65387.0
66.63179016113281, 65387.0
67.04848408699036, 65387.0
67.46227312088013, 65387.0
67.88044810295105, 65446.0
68.2937662601471, 65446.0
68.70978713035583, 65545.0
69.12325930595398, 65545.0
69.53972506523132, 65696.0
69.95760202407837, 65696.0
70.37416124343872, 65696.0
70.79142808914185, 65905.0
71.20859694480896, 65947.0
71.62264513969421, 66093.0
72.03875207901001, 66093.0
72.45503997802734, 66297.0
72.8719789981842, 66297.0
73.28518509864807, 66297.0
73.7018141746521, 66297.0
74.1169421672821, 66297.0
74.53303718566895, 66297.0
74.94909310340881, 66297.0
75.36234402656555, 66297.0
75.77678108215332, 66297.0
76.19304132461548, 66457.0
76.6088969707489, 66457.0
77.02498412132263, 66501.0
77.44160628318787, 66803.0
77.85912704467773, 66803.0
78.27592921257019, 66803.0
78.69288301467896, 66803.0
79.1099021434784, 66803.0
79.53125214576721, 66803.0
79.95021605491638, 66899.0
80.36982607841492, 66899.0
80.78922510147095, 66900.0
81.20915007591248, 67085.0
