0.009931087493896484, 5599.0
0.018546342849731445, 6432.0
0.02733016014099121, 6925.0
0.03607821464538574, 7230.0
0.044913291931152344, 7230.0
0.0537412166595459, 7525.0
0.06260514259338379, 8418.0
0.0714869499206543, 8661.0
0.08041596412658691, 8661.0
0.08936810493469238, 8842.0
0.09851217269897461, 9147.0
0.10760211944580078, 9147.0
0.11668920516967773, 9147.0
0.12579822540283203, 9147.0
0.13492918014526367, 9147.0
0.14405608177185059, 9147.0
0.1532442569732666, 9147.0
0.1624901294708252, 9147.0
0.1717209815979004, 9147.0
0.1809699535369873, 9147.0
0.1902022361755371, 9147.0
0.19950008392333984, 9147.0
0.20876693725585938, 9147.0
0.21802520751953125, 9147.0
0.2274942398071289, 9147.0
0.2368462085723877, 9147.0
0.246185302734375, 9147.0
0.25560903549194336, 9147.0
0.26497817039489746, 9147.0
0.274280309677124, 9147.0
0.2838892936706543, 9147.0
0.29345107078552246, 9147.0
0.3026881217956543, 9147.0
0.3117971420288086, 9147.0
0.3208601474761963, 9147.0
0.32994723320007324, 9147.0
0.33901000022888184, 9147.0
0.3480970859527588, 9147.0
0.35720014572143555, 9147.0
0.3662841320037842, 9147.0
0.3753793239593506, 9147.0
0.3844490051269531, 9147.0
0.3935201168060303, 9147.0
0.40258002281188965, 9147.0
0.4116520881652832, 9147.0
0.4207181930541992, 9147.0
0.42979931831359863, 9147.0
0.43887901306152344, 9147.0
0.44797730445861816, 9147.0
0.45705127716064453, 9147.0
0.466137170791626, 9147.0
0.4751732349395752, 9147.0
0.4841952323913574, 9147.0
0.4932680130004883, 9147.0
0.5023021697998047, 9147.0
0.5113720893859863, 9147.0
0.5206460952758789, 9147.0
0.5297000408172607, 9147.0
0.5391011238098145, 9147.0
0.5483472347259521, 9147.0
0.5575690269470215, 9147.0
0.5668520927429199, 9147.0
0.5759422779083252, 9147.0
0.585031270980835, 9147.0
0.5941071510314941, 9147.0
0.603546142578125, 9147.0
0.6129021644592285, 9147.0
0.6221001148223877, 9147.0
0.6312832832336426, 9147.0
0.6403741836547852, 9147.0
0.6494481563568115, 9147.0
0.6585042476654053, 9147.0
0.6675729751586914, 9147.0
0.6766421794891357, 9147.0
0.6856770515441895, 9147.0
0.6947441101074219, 9147.0
0.7038161754608154, 9147.0
0.7129220962524414, 9147.0
0.7219760417938232, 9147.0
0.7311050891876221, 9147.0
0.7401771545410156, 9147.0
0.7492561340332031, 9147.0
0.7582671642303467, 9147.0
0.7672951221466064, 9147.0
0.7763240337371826, 9147.0
0.7853691577911377, 9147.0
0.7944321632385254, 9147.0
0.8034582138061523, 9147.0
0.8124561309814453, 9147.0
0.8214881420135498, 9147.0
0.8304760456085205, 9147.0
0.8395321369171143, 9147.0
0.8485541343688965, 9147.0
0.8575830459594727, 9147.0
0.8665771484375, 9147.0
0.8755671977996826, 9147.0
0.884566068649292, 9147.0
0.8935811519622803, 9147.0
0.9025583267211914, 9147.0
0.9115509986877441, 9147.0
0.9205329418182373, 9147.0
0.9295170307159424, 9147.0
0.9385621547698975, 9147.0
0.9475712776184082, 9147.0
0.9565811157226562, 9147.0
0.965562105178833, 9147.0
0.9745731353759766, 9147.0
0.9835572242736816, 9147.0
0.9925391674041748, 9147.0
1.0015151500701904, 9147.0
1.0104801654815674, 9147.0
1.0194780826568604, 9147.0
1.028454303741455, 9147.0
1.0374422073364258, 9147.0
1.046415090560913, 9147.0
1.0554561614990234, 9147.0
1.0645592212677002, 9147.0
1.073544979095459, 9147.0
1.082552194595337, 9147.0
1.0916259288787842, 9147.0
1.100656270980835, 9147.0
1.1096410751342773, 9147.0
1.1191942691802979, 9147.0
1.1285340785980225, 9147.0
1.137779951095581, 9147.0
1.1470870971679688, 9147.0
1.1564311981201172, 9147.0
1.1658201217651367, 9147.0
1.1751441955566406, 9147.0
1.1844940185546875, 9147.0
1.1938121318817139, 9147.0
1.2031290531158447, 9147.0
1.2124133110046387, 9147.0
1.2217152118682861, 9147.0
1.2310020923614502, 9147.0
1.2403032779693604, 9147.0
1.2495732307434082, 9147.0
1.2588021755218506, 9147.0
1.2681262493133545, 9147.0
1.2777390480041504, 9147.0
1.2872982025146484, 9147.0
1.2969300746917725, 9147.0
1.3066151142120361, 9147.0
1.3162412643432617, 9147.0
1.3255631923675537, 9147.0
1.334878921508789, 9147.0
1.344170093536377, 9147.0
1.35347318649292, 9147.0
1.362767219543457, 9147.0
1.3720531463623047, 9147.0
1.3813831806182861, 9147.0
1.390686273574829, 9147.0
1.3999371528625488, 9147.0
1.4092481136322021, 9147.0
1.4184949398040771, 9147.0
1.427746057510376, 9147.0
1.4370901584625244, 9147.0
1.4463450908660889, 9147.0
1.455604076385498, 9147.0
1.4649112224578857, 9147.0
1.4741721153259277, 9147.0
1.483457088470459, 9147.0
1.4928240776062012, 9147.0
1.5024960041046143, 9147.0
1.512120008468628, 9147.0
1.5218119621276855, 9147.0
1.5314092636108398, 9147.0
1.5408291816711426, 9147.0
1.5502631664276123, 9147.0
1.5598111152648926, 9147.0
1.5692551136016846, 9147.0
1.5789103507995605, 9147.0
1.588585376739502, 9147.0
1.5982980728149414, 9147.0
1.6080729961395264, 9147.0
1.6176412105560303, 9147.0
1.6270711421966553, 9147.0
1.6367039680480957, 9147.0
1.646346092224121, 9147.0
1.6558032035827637, 9147.0
1.6650962829589844, 9147.0
1.674368143081665, 9147.0
1.6835010051727295, 9147.0
1.692622184753418, 9147.0
1.7018020153045654, 9147.0
1.710963249206543, 9147.0
1.720109224319458, 9147.0
1.7291851043701172, 9147.0
1.738302230834961, 9147.0
1.7476060390472412, 9147.0
1.7571921348571777, 9147.0
1.7666831016540527, 9147.0
1.7761032581329346, 9147.0
1.7852742671966553, 9147.0
1.7944221496582031, 9147.0
1.803633213043213, 9147.0
1.8128283023834229, 9147.0
1.8219811916351318, 9147.0
1.8311963081359863, 9147.0
1.8403701782226562, 9147.0
1.8495280742645264, 9147.0
