0.0004150867462158203, 1098.0
0.0008230209350585938, 1838.0
0.0012259483337402344, 2170.0
0.0016341209411621094, 2359.0
0.0020432472229003906, 3107.0
0.002450227737426758, 3777.0
0.0028579235076904297, 4213.0
0.003267049789428711, 4507.0
0.003679037094116211, 5245.0
0.004086017608642578, 5410.0
0.004492044448852539, 5526.0
0.0048980712890625, 5666.0
0.005309104919433594, 6255.0
0.005721092224121094, 6721.0
0.006133079528808594, 7412.0
0.006571054458618164, 7725.0
0.006995201110839844, 8241.0
0.007401943206787109, 8556.0
0.007810115814208984, 9100.0
0.008214950561523438, 9919.0
0.008619070053100586, 10558.0
0.009022951126098633, 10938.0
0.009431123733520508, 11787.0
0.012237071990966797, 12106.0
0.015041112899780273, 12217.0
0.019036054611206055, 12322.0
0.023433923721313477, 12458.0
0.03070211410522461, 12617.0
0.07726716995239258, 12699.0
0.09852409362792969, 12716.0
0.11010313034057617, 12932.0
0.12448310852050781, 13033.0
0.12891101837158203, 13147.0
0.13090920448303223, 13262.0
0.1313169002532959, 13383.0
0.1325209140777588, 13392.0
0.1525108814239502, 13461.0
0.1569230556488037, 13596.0
0.16816091537475586, 13704.0
0.17658114433288574, 13967.0
0.1785902976989746, 14108.0
0.1846170425415039, 14213.0
0.2271111011505127, 14316.0
0.22872114181518555, 14498.0
0.2347419261932373, 14603.0
0.2856462001800537, 14711.0
0.3061361312866211, 14783.0
0.3073389530181885, 14971.0
0.31334614753723145, 15005.0
0.3301219940185547, 15014.0
0.3930180072784424, 15083.0
0.3966090679168701, 15199.0
0.40141725540161133, 15308.0
0.43849802017211914, 15369.0
0.4607889652252197, 15394.0
0.4794809818267822, 15500.0
0.4830801486968994, 15616.0
0.5831332206726074, 15700.0
0.6620850563049316, 15715.0
0.6719331741333008, 15773.0
0.6856582164764404, 15919.0
0.695878267288208, 15989.0
0.7139019966125488, 16087.0
0.7170500755310059, 16209.0
0.748049259185791, 16311.0
0.7523739337921143, 16327.0
0.7539529800415039, 16446.0
0.7971711158752441, 16611.0
0.8105132579803467, 16675.0
0.8415040969848633, 16778.0
0.8611199855804443, 16794.0
0.886566162109375, 16891.0
0.9124360084533691, 16988.0
0.9367480278015137, 17011.0
1.025442123413086, 17115.0
1.2958881855010986, 17189.0
1.316676139831543, 17265.0
1.3405182361602783, 17294.0
1.3439879417419434, 17418.0
1.3594770431518555, 17423.0
1.3637621402740479, 17584.0
1.3898532390594482, 17617.0
1.4666731357574463, 17714.0
1.4828462600708008, 17719.0
1.5201411247253418, 17806.0
1.5383720397949219, 17916.0
1.566728115081787, 17996.0
1.5743982791900635, 18105.0
1.583280086517334, 18164.0
1.683204174041748, 18217.0
2.0611250400543213, 18289.0
2.074641227722168, 18414.0
2.0865509510040283, 18417.0
2.1565170288085938, 18419.0
2.196744203567505, 18509.0
2.221358060836792, 18611.0
2.249408006668091, 18612.0
2.266404151916504, 18694.0
2.323162078857422, 18708.0
2.3405511379241943, 18788.0
2.451724052429199, 18811.0
2.603131055831909, 18872.0
2.611436128616333, 18889.0
2.6438801288604736, 18896.0
2.663454294204712, 18902.0
2.6854820251464844, 19009.0
2.699795961380005, 19016.0
2.80308198928833, 19118.0
3.3836829662323, 19194.0
3.4249160289764404, 19259.0
3.5953478813171387, 19380.0
3.6385531425476074, 19445.0
3.638956069946289, 19566.0
3.6496481895446777, 19677.0
3.6547961235046387, 19685.0
3.6912500858306885, 19708.0
3.7433791160583496, 19802.0
3.7549009323120117, 19900.0
3.7588579654693604, 19944.0
3.7695040702819824, 20107.0
3.8215322494506836, 20193.0
4.278316974639893, 20297.0
4.291369915008545, 20406.0
4.424243211746216, 20602.0
4.446784973144531, 20687.0
4.44915509223938, 20819.0
4.483936071395874, 20843.0
4.520283222198486, 20914.0
7.513038158416748, 20916.0
7.551115036010742, 20999.0
7.562158107757568, 21019.0
7.5723981857299805, 21020.0
7.576322078704834, 21100.0
7.597937107086182, 21119.0
7.605813026428223, 21209.0
7.635678291320801, 21211.0
17.183065176010132, 21212.0
17.61900806427002, 21280.0
17.619770050048828, 21416.0
17.645952939987183, 21517.0
17.71601915359497, 21609.0
17.988853931427002, 21710.0
18.159682989120483, 21712.0
18.34034299850464, 21718.0
18.43323802947998, 21807.0
18.459784269332886, 21903.0
18.483631134033203, 21993.0
18.53099799156189, 22004.0
18.556770086288452, 22082.0
20.12606716156006, 22108.0
20.558374166488647, 22118.0
20.628834009170532, 22270.0
20.63110113143921, 22380.0
20.640224933624268, 22392.0
21.525752067565918, 22410.0
21.55514907836914, 22418.0
21.596099138259888, 22491.0
22.119269132614136, 22544.0
22.129672288894653, 22681.0
22.234366178512573, 22682.0
22.246276140213013, 22714.0
27.366971254348755, 22715.0
29.941642999649048, 22817.0
