0.00041294097900390625, 859.0
0.000823974609375, 1943.0
0.001230001449584961, 2452.0
0.0016338825225830078, 2657.0
0.0020389556884765625, 3534.0
0.002444028854370117, 4164.0
0.002847909927368164, 5245.0
0.0032548904418945312, 6233.0
0.003660917282104492, 7155.0
0.004066944122314453, 8191.0
0.0044748783111572266, 8578.0
0.004878997802734375, 9600.0
0.0052831172943115234, 10578.0
0.006491184234619141, 10791.0
0.00691986083984375, 11299.0
0.025371789932250977, 11409.0
0.03252387046813965, 11510.0
0.0460209846496582, 11514.0
0.07786393165588379, 11565.0
0.08263087272644043, 11714.0
0.13459396362304688, 11811.0
0.1734468936920166, 11909.0
0.25974607467651367, 11975.0
0.26371192932128906, 12269.0
0.2656989097595215, 12434.0
0.26649904251098633, 12436.0
0.27959489822387695, 12568.0
0.2955949306488037, 12709.0
0.3263359069824219, 12810.0
0.34402990341186523, 12948.0
0.3444359302520752, 13083.0
0.35483288764953613, 13198.0
0.36994194984436035, 13279.0
0.3743269443511963, 13412.0
0.39623403549194336, 13493.0
0.39664411544799805, 13625.0
0.40144991874694824, 13770.0
0.40783095359802246, 13868.0
0.4353761672973633, 14001.0
0.44730281829833984, 14043.0
0.45012879371643066, 14164.0
0.4561138153076172, 14271.0
0.47559189796447754, 14390.0
0.49394893646240234, 14504.0
0.49791574478149414, 14609.0
0.5110347270965576, 14699.0
0.5142109394073486, 14817.0
0.5317370891571045, 14818.0
0.5388648509979248, 14953.0
0.5416340827941895, 15062.0
0.5440168380737305, 15177.0
0.5472440719604492, 15303.0
0.5808420181274414, 15315.0
0.5856161117553711, 15383.0
0.5935549736022949, 15515.0
0.6170499324798584, 15621.0
0.6260559558868408, 15685.0
0.6503448486328125, 15805.0
0.6531147956848145, 15913.0
0.7395718097686768, 15939.0
0.7459158897399902, 15998.0
0.746319055557251, 16101.0
0.756976842880249, 16246.0
0.7625010013580322, 16412.0
0.7739949226379395, 16417.0
0.7998208999633789, 16479.0
0.8247449398040771, 16512.0
0.8564190864562988, 16616.0
0.8824901580810547, 16700.0
0.9070188999176025, 16718.0
0.9161419868469238, 16794.0
1.001236915588379, 16905.0
1.0198431015014648, 16998.0
1.0218799114227295, 17115.0
1.0537679195404053, 17212.0
1.1124160289764404, 17413.0
1.118807077407837, 17469.0
1.1295139789581299, 17528.0
1.1303107738494873, 17692.0
1.131119966506958, 17811.0
1.1521058082580566, 17837.0
1.154871940612793, 17842.0
1.1632020473480225, 17998.0
1.1762778759002686, 18108.0
1.1942660808563232, 18206.0
1.2725927829742432, 18215.0
1.323732852935791, 18221.0
1.3277060985565186, 18342.0
1.3312759399414062, 18506.0
1.3479080200195312, 18508.0
1.3546380996704102, 18752.0
1.3550398349761963, 18905.0
1.375708818435669, 19019.0
1.4042479991912842, 19094.0
1.6448979377746582, 19117.0
2.509403944015503, 19121.0
2.514995813369751, 19262.0
2.5189948081970215, 19370.0
2.534165859222412, 19502.0
2.5603599548339844, 19518.0
2.624932050704956, 19610.0
2.6352901458740234, 19682.0
2.66267991065979, 19698.0
2.6882269382476807, 19710.0
2.709902048110962, 19797.0
2.759824752807617, 19810.0
2.776170015335083, 19908.0
4.323780059814453, 20000.0
5.503385066986084, 20112.0
5.602241039276123, 20201.0
5.9345338344573975, 20219.0
6.2265918254852295, 20319.0
6.250904083251953, 20386.0
6.265748977661133, 20414.0
6.2787487506866455, 20418.0
6.295637845993042, 20516.0
7.008713006973267, 20606.0
7.016149997711182, 20709.0
7.975564956665039, 20710.0
8.177456140518188, 20718.0
8.188896894454956, 20775.0
11.250217914581299, 20879.0
11.256408929824829, 20990.0
11.44023585319519, 20994.0
11.450409889221191, 21104.0
11.529263019561768, 21211.0
17.91636872291565, 21298.0
17.95088505744934, 21411.0
18.02705979347229, 21459.0
18.045496940612793, 21617.0
18.120019912719727, 21708.0
18.132589101791382, 21817.0
18.208908081054688, 21818.0
18.215564012527466, 21858.0
18.22183895111084, 22012.0
18.23596477508545, 22117.0
18.250487089157104, 22202.0
18.573601961135864, 22208.0
21.619870901107788, 22306.0
21.640551805496216, 22316.0
23.063557147979736, 22402.0
23.074150800704956, 22511.0
23.280354976654053, 22608.0
23.440311908721924, 22614.0
24.207568883895874, 22617.0
24.486389875411987, 22700.0
24.528435945510864, 22809.0
24.57948899269104, 22897.0
24.724286794662476, 22995.0
24.76042103767395, 23103.0
24.82845902442932, 23114.0
24.95102596282959, 23215.0
25.170454025268555, 23319.0
25.523136854171753, 23393.0
25.524350881576538, 23515.0
25.712742805480957, 23609.0
26.032226085662842, 23619.0
