0.0003981590270996094, 903.0
0.0007941722869873047, 1655.0
0.001188039779663086, 2298.0
0.0015821456909179688, 2508.0
0.001978158950805664, 2819.0
0.002377033233642578, 2829.0
0.002769947052001953, 3707.0
0.003165006637573242, 3849.0
0.0035588741302490234, 4248.0
0.003952980041503906, 4843.0
0.004348039627075195, 5569.0
0.004740238189697266, 6172.0
0.005132198333740234, 6972.0
0.005527019500732422, 7692.0
0.0059201717376708984, 8241.0
0.006311893463134766, 8461.0
0.006757974624633789, 9211.0
0.0071790218353271484, 9846.0
0.008043050765991211, 10506.0
0.008466958999633789, 10841.0
0.01206517219543457, 11526.0
0.01371908187866211, 12068.0
0.021210193634033203, 12748.0
0.022379159927368164, 13512.0
0.02594900131225586, 14201.0
0.030285120010375977, 14564.0
0.032649993896484375, 15118.0
0.058381080627441406, 15548.0
0.0638730525970459, 15660.0
0.06931614875793457, 15669.0
0.08140301704406738, 15830.0
0.14022612571716309, 16090.0
0.15233993530273438, 16326.0
0.15273809432983398, 17238.0
0.15429306030273438, 17322.0
0.15469002723693848, 17866.0
0.15974712371826172, 18056.0
0.16130900382995605, 18075.0
0.16170501708984375, 18809.0
0.20771002769470215, 18953.0
0.20810508728027344, 19429.0
0.21280407905578613, 19722.0
0.21358895301818848, 20152.0
0.21592497825622559, 20160.0
0.22125601768493652, 20810.0
0.23399090766906738, 21267.0
0.2461860179901123, 21622.0
0.24933195114135742, 21991.0
0.24973011016845703, 22585.0
0.25168895721435547, 22604.0
0.2579379081726074, 22687.0
0.28479504585266113, 22857.0
0.28635597229003906, 23357.0
0.30506300926208496, 23997.0
0.32335996627807617, 24031.0
0.3237581253051758, 24909.0
0.32650017738342285, 25214.0
0.35419201850891113, 25277.0
0.3798961639404297, 25376.0
0.3802950382232666, 25488.0
0.43136119842529297, 25780.0
0.43175721168518066, 25980.0
0.43215322494506836, 26204.0
0.5809311866760254, 26575.0
0.5922508239746094, 27291.0
0.6298730373382568, 27680.0
0.631829023361206, 28165.0
0.6373240947723389, 28272.0
0.6498630046844482, 28400.0
0.6605319976806641, 28729.0
0.6630949974060059, 29461.0
0.6768672466278076, 29674.0
0.6780831813812256, 30290.0
0.6797060966491699, 30982.0
0.7351129055023193, 31525.0
0.7382440567016602, 32272.0
0.7492821216583252, 33067.0
0.7528629302978516, 33974.0
0.770625114440918, 34152.0
0.7717990875244141, 34190.0
0.7762062549591064, 34491.0
0.7966442108154297, 34807.0
0.8085372447967529, 35588.0
0.8124830722808838, 36247.0
0.8148329257965088, 36849.0
0.8226850032806396, 37499.0
0.823477029800415, 38357.0
0.8388149738311768, 39006.0
0.9395110607147217, 39641.0
0.9453840255737305, 40180.0
1.0493760108947754, 40908.0
1.065680980682373, 41117.0
1.0668540000915527, 41125.0
1.1360461711883545, 41618.0
1.1418821811676025, 41755.0
1.1469380855560303, 41915.0
1.149683952331543, 42568.0
1.1617600917816162, 43053.0
1.1719081401824951, 43239.0
1.1750280857086182, 43860.0
1.1765918731689453, 44055.0
1.1844191551208496, 44715.0
1.1934380531311035, 45263.0
1.2859678268432617, 45317.0
1.2879328727722168, 45344.0
1.313114881515503, 46027.0
1.315850019454956, 46738.0
1.3205950260162354, 46817.0
1.3613951206207275, 47192.0
1.3963122367858887, 47496.0
1.4072990417480469, 47627.0
1.4120230674743652, 48319.0
1.435831069946289, 48837.0
1.4428770542144775, 49032.0
1.4444360733032227, 49400.0
1.4456090927124023, 49591.0
1.4471890926361084, 49893.0
1.4670689105987549, 50410.0
1.4827370643615723, 51209.0
1.485518217086792, 51915.0
1.5063061714172363, 52026.0
1.521172046661377, 52573.0
1.5235121250152588, 53284.0
1.5340712070465088, 53784.0
4.534298896789551, 54263.0
4.571218013763428, 54394.0
4.5723888874053955, 55012.0
4.588730096817017, 55148.0
4.58951210975647, 55450.0
5.084199905395508, 55760.0
5.092159032821655, 56586.0
5.112432956695557, 56595.0
5.116608142852783, 56783.0
7.762131929397583, 57686.0
7.76253604888916, 58534.0
8.17672610282898, 59054.0
10.811267137527466, 59802.0
10.823039054870605, 60546.0
10.826573133468628, 60933.0
10.920657873153687, 61637.0
10.935187101364136, 61761.0
10.94463586807251, 62329.0
10.946213006973267, 62352.0
10.958420038223267, 63043.0
14.075270891189575, 63415.0
14.123055219650269, 63535.0
14.269895076751709, 63640.0
14.323597192764282, 63938.0
14.327517032623291, 64764.0
14.33496904373169, 65321.0
14.370618104934692, 65527.0
14.373754978179932, 66407.0
14.618916273117065, 66418.0
14.654186964035034, 66433.0
14.83760118484497, 66477.0
14.845839262008667, 67388.0
15.908298969268799, 67390.0
15.971343994140625, 67835.0
16.01619005203247, 67863.0
16.085601091384888, 67903.0
16.148630142211914, 67919.0
16.15020227432251, 68295.0
16.1635799407959, 68913.0
16.18135905265808, 69472.0
16.189178943634033, 70383.0
16.20574402809143, 70966.0
16.296935081481934, 71296.0
16.308728218078613, 71367.0
16.311873197555542, 71451.0
16.314650058746338, 72307.0
16.5041401386261, 72326.0
16.543407917022705, 72899.0
16.62148094177246, 73540.0
16.658595085144043, 73948.0
16.6775381565094, 73996.0
16.810950994491577, 74230.0
16.827850103378296, 74892.0
16.93797993659973, 74978.0
16.94231414794922, 74990.0
16.974552154541016, 75544.0
17.023738145828247, 76073.0
17.073012113571167, 76076.0
17.118501901626587, 76788.0
17.182679176330566, 77298.0
17.18900203704834, 77465.0
17.653284072875977, 77755.0
17.656435012817383, 78753.0
17.659997940063477, 79317.0
17.662760972976685, 79763.0
17.67390489578247, 80306.0
17.674302101135254, 80600.0
17.676708221435547, 81127.0
17.731482982635498, 81522.0
18.17795419692993, 81848.0
18.200875997543335, 81959.0
18.233690977096558, 82085.0
18.2671639919281, 82655.0
18.306028127670288, 82660.0
18.49547505378723, 82758.0
18.513638019561768, 83269.0
18.59912919998169, 83717.0
18.6597421169281, 84518.0
18.690872192382812, 84792.0
18.692857265472412, 85050.0
18.71016812324524, 85834.0
18.711738109588623, 85914.0
18.853827238082886, 86345.0
18.884696006774902, 86549.0
18.907953023910522, 86944.0
18.923341035842896, 86957.0
18.952385187149048, 87551.0
19.019545078277588, 87635.0
22.467709064483643, 87979.0
22.48311996459961, 87982.0
22.50258994102478, 88084.0
22.50865411758423, 88210.0
22.53492784500122, 88301.0
22.856688022613525, 88411.0
22.93196392059326, 88841.0
23.19524097442627, 88875.0
23.354443073272705, 89096.0
23.46537184715271, 89224.0
24.54811406135559, 90024.0
24.57342505455017, 90164.0
26.047778129577637, 90248.0
