0.00041484832763671875, 690.0
0.0008299350738525391, 1535.0
0.0012447834014892578, 2373.0
0.0016579627990722656, 2841.0
0.002073049545288086, 3280.0
0.0024938583374023438, 3281.0
0.002907991409301758, 4119.0
0.003325939178466797, 4465.0
0.003740072250366211, 5116.0
0.004167079925537109, 5564.0
0.004580974578857422, 5831.0
0.004996061325073242, 6766.0
0.005406856536865234, 6783.0
0.005822896957397461, 7703.0
0.006245136260986328, 8100.0
0.00669097900390625, 8530.0
0.0071201324462890625, 9048.0
0.007537126541137695, 9789.0
0.010023832321166992, 10003.0
0.014955997467041016, 10004.0
0.027989864349365234, 10084.0
0.13497591018676758, 10098.0
0.14549016952514648, 10127.0
0.15076899528503418, 10196.0
0.30139684677124023, 10266.0
0.6307029724121094, 10329.0
0.6931099891662598, 10356.0
0.8617539405822754, 10389.0
0.8669209480285645, 10418.0
0.8796279430389404, 10455.0
0.8939590454101562, 10481.0
0.9245967864990234, 10601.0
0.9253940582275391, 10672.0
0.9536209106445312, 10710.0
0.9707241058349609, 10735.0
0.9747297763824463, 10854.0
1.0057179927825928, 10908.0
1.020848035812378, 10987.0
1.0273308753967285, 10988.0
1.031432867050171, 11181.0
1.0365500450134277, 11182.0
1.0580909252166748, 11215.0
1.1018869876861572, 11292.0
1.115830898284912, 11293.0
1.2949748039245605, 11401.0
1.3092091083526611, 11521.0
1.4610719680786133, 11614.0
1.4801998138427734, 11626.0
1.5507481098175049, 11633.0
1.5923619270324707, 11720.0
1.5959651470184326, 11721.0
2.0952019691467285, 11732.0
16.399095058441162, 11821.0
16.404999017715454, 11922.0
16.82970380783081, 12032.0
17.022212028503418, 12045.0
20.83790612220764, 12067.0
20.889895915985107, 12075.0
20.902578115463257, 12178.0
20.93090295791626, 12331.0
21.15866994857788, 12363.0
21.19828486442566, 12403.0
22.55086398124695, 12501.0
22.625158071517944, 12612.0
23.99568510055542, 12622.0
24.018908739089966, 12662.0
24.112119913101196, 12670.0
24.11617875099182, 12723.0
24.478678941726685, 12745.0
24.479495763778687, 12746.0
24.608457803726196, 12781.0
24.613234758377075, 12909.0
24.65418314933777, 12943.0
24.92282199859619, 12954.0
24.940807819366455, 12965.0
25.299906969070435, 13015.0
26.56224298477173, 13070.0
26.567721843719482, 13110.0
26.576725006103516, 13128.0
26.687063932418823, 13144.0
26.872475147247314, 13165.0
26.88842487335205, 13166.0
27.030516862869263, 13174.0
27.05896806716919, 13233.0
27.44848394393921, 13234.0
27.478088855743408, 13302.0
27.480818033218384, 13303.0
27.825968980789185, 13411.0
27.89824390411377, 13412.0
28.122514963150024, 13419.0
28.124490976333618, 13420.0
28.142798900604248, 13458.0
28.157243967056274, 13487.0
28.162709951400757, 13510.0
28.36438798904419, 13585.0
28.435325860977173, 13637.0
30.189059019088745, 13674.0
30.199949979782104, 13729.0
31.752790927886963, 13737.0
31.855911016464233, 13754.0
31.932365894317627, 13794.0
32.32325601577759, 13795.0
32.78012800216675, 13824.0
32.921799182891846, 13839.0
34.11175012588501, 13899.0
34.22638988494873, 13917.0
35.59622502326965, 13927.0
35.89104890823364, 13928.0
