0.5344948768615723, 26406.0
0.9133899211883545, 26481.0
1.2948920726776123, 26833.0
1.6754379272460938, 27028.0
2.0503158569335938, 27265.0
2.4359800815582275, 27286.0
2.8177568912506104, 27566.0
3.1996278762817383, 27847.0
3.5761799812316895, 28195.0
3.9611740112304688, 28316.0
4.341495037078857, 28533.0
4.717146158218384, 28533.0
5.092958927154541, 28920.0
5.47867488861084, 28920.0
5.859714984893799, 29095.0
6.2451019287109375, 29432.0
6.626514911651611, 29432.0
7.002694845199585, 29549.0
7.377972841262817, 29955.0
7.752853870391846, 29955.0
8.131448030471802, 30120.0
8.507538795471191, 30149.0
8.883460998535156, 30429.0
9.259032011032104, 30571.0
9.634917974472046, 30625.0
10.011039972305298, 30655.0
10.387761116027832, 30836.0
10.765583992004395, 31085.0
11.147789001464844, 31162.0
11.525677919387817, 31165.0
11.903209924697876, 31573.0
12.286727905273438, 31573.0
12.666132926940918, 31964.0
13.044718980789185, 31964.0
13.423928022384644, 31964.0
13.802386999130249, 32234.0
14.180974960327148, 32467.0
14.563982963562012, 32626.0
14.95111608505249, 32626.0
15.334239959716797, 32626.0
15.715473890304565, 32626.0
16.096450090408325, 32759.0
16.477182865142822, 32759.0
16.860640048980713, 32825.0
17.24215078353882, 33033.0
17.623538970947266, 33359.0
18.010336875915527, 33485.0
18.39298391342163, 33549.0
18.77827000617981, 33631.0
19.1600980758667, 33631.0
19.5416259765625, 33802.0
19.923771858215332, 33802.0
20.305596828460693, 33985.0
20.6887469291687, 34008.0
21.079495906829834, 34271.0
21.472201824188232, 34271.0
21.86509418487549, 34271.0
22.25980496406555, 34634.0
22.6511549949646, 34634.0
23.04859685897827, 34861.0
23.445313930511475, 34861.0
23.830157041549683, 34861.0
24.21434998512268, 34921.0
24.598378896713257, 35055.0
24.98450994491577, 35167.0
25.371782779693604, 35167.0
25.7608060836792, 35342.0
26.1454861164093, 35342.0
26.53364396095276, 35342.0
26.92026996612549, 35379.0
27.306241035461426, 35379.0
27.694480180740356, 35467.0
28.08105492591858, 35662.0
28.469151973724365, 35662.0
28.862650156021118, 35662.0
29.249619960784912, 35796.0
29.63819909095764, 35861.0
30.027225971221924, 35861.0
30.41303586959839, 35988.0
30.798360109329224, 35988.0
31.186662912368774, 36078.0
31.574543952941895, 36110.0
31.96266484260559, 36110.0
32.34989905357361, 36110.0
32.74267292022705, 36110.0
33.13551902770996, 36110.0
33.53062295913696, 36188.0
33.94420504570007, 36304.0
34.340632915496826, 36304.0
34.729371070861816, 36559.0
35.13074994087219, 36559.0
35.52254796028137, 36559.0
35.92088007926941, 36559.0
36.318897008895874, 36559.0
36.711665868759155, 36890.0
37.11129379272461, 36890.0
37.50190591812134, 36890.0
37.89244890213013, 36890.0
38.28245806694031, 37038.0
38.67017602920532, 37038.0
39.059715032577515, 37075.0
39.44999599456787, 37075.0
39.83929395675659, 37075.0
40.22919702529907, 37115.0
40.6187698841095, 37115.0
41.00984287261963, 37139.0
41.40397095680237, 37139.0
41.79340314865112, 37139.0
42.18384003639221, 37408.0
42.57425498962402, 37408.0
42.96419095993042, 37408.0
43.35579204559326, 37408.0
43.748265981674194, 37558.0
44.13916373252869, 37558.0
44.531595945358276, 37558.0
44.92287087440491, 37558.0
45.31593585014343, 37606.0
45.70688199996948, 37606.0
46.09738111495972, 37606.0
46.48906898498535, 37712.0
46.8794219493866, 37712.0
47.272784948349, 37712.0
47.66616106033325, 37852.0
48.057430028915405, 37896.0
48.44916605949402, 37896.0
48.84368300437927, 38045.0
49.236989974975586, 38089.0
49.64563798904419, 38089.0
50.04198598861694, 38089.0
50.44362998008728, 38089.0
50.84633708000183, 38089.0
51.246607065200806, 38269.0
51.64439296722412, 38356.0
52.042640924453735, 38356.0
52.43763303756714, 38356.0
52.833029985427856, 38356.0
53.229787826538086, 38356.0
53.62246489524841, 38356.0
54.01412296295166, 38584.0
54.40686798095703, 38584.0
54.79865384101868, 38644.0
55.19071102142334, 38644.0
55.58394908905029, 38702.0
55.97642493247986, 38702.0
56.36766695976257, 38810.0
56.75871396064758, 38810.0
57.15661311149597, 38857.0
57.55086088180542, 38857.0
57.943970918655396, 38857.0
58.33730697631836, 38857.0
58.740630865097046, 38857.0
59.142147064208984, 39085.0
59.53864288330078, 39085.0
59.93276596069336, 39148.0
60.325270891189575, 39148.0
60.7175829410553, 39191.0
61.10934495925903, 39191.0
61.50742292404175, 39191.0
61.90074896812439, 39191.0
62.29436802864075, 39191.0
62.68775701522827, 39301.0
63.08197093009949, 39301.0
63.47680687904358, 39352.0
63.871251821517944, 39352.0
64.26740097999573, 39352.0
64.67458605766296, 39352.0
65.06969904899597, 39373.0
65.48202896118164, 39538.0
65.88478302955627, 39538.0
66.28414678573608, 39538.0
66.68792796134949, 39594.0
67.09074306488037, 39594.0
67.51214480400085, 39594.0
67.92464399337769, 39594.0
68.31740093231201, 39606.0
68.71789884567261, 39709.0
69.11405301094055, 39709.0
69.50964593887329, 39867.0
69.90515494346619, 39867.0
70.29899311065674, 39867.0
70.69325590133667, 39867.0
71.08803606033325, 39867.0
71.49722790718079, 39867.0
71.92088389396667, 39867.0
72.35432004928589, 39867.0
72.77319383621216, 40039.0
73.23702502250671, 40039.0
73.72283005714417, 40039.0
74.2111611366272, 40039.0
74.63924407958984, 40039.0
75.05097484588623, 40039.0
75.46146082878113, 40039.0
75.8787260055542, 40039.0
76.30860495567322, 40039.0
76.7169771194458, 40039.0
77.12340807914734, 40064.0
77.53205704689026, 40064.0
77.93376994132996, 40064.0
78.35535192489624, 40332.0
78.75711512565613, 40332.0
79.16469502449036, 40332.0
