4.6253204345703125e-05, 649.0
0.0006940364837646484, 1580.0
0.0008101463317871094, 2037.0
0.006072044372558594, 2761.0
0.008822202682495117, 3070.0
0.008928060531616211, 3679.0
0.009289979934692383, 4587.0
0.009556293487548828, 4700.0
0.029531240463256836, 5177.0
0.031847238540649414, 5979.0
0.04556918144226074, 6078.0
0.04568600654602051, 6195.0
0.06085705757141113, 6248.0
0.06116604804992676, 6972.0
0.1336650848388672, 7574.0
0.13393521308898926, 8215.0
0.43974924087524414, 8216.0
0.44000720977783203, 8659.0
1.2979803085327148, 8730.0
1.5116682052612305, 8950.0
1.5298001766204834, 9363.0
1.5357942581176758, 9671.0
1.7428991794586182, 9894.0
1.7842140197753906, 10031.0
1.7903680801391602, 10488.0
1.8901312351226807, 10537.0
