0.0009708404541015625, 693.0
0.0019371509552001953, 1146.0
0.0028998851776123047, 1870.0
0.003918886184692383, 2900.0
0.0048868656158447266, 3365.0
0.005875110626220703, 3873.0
0.006840944290161133, 4831.0
0.007812023162841797, 4964.0
0.008778810501098633, 5428.0
0.009745121002197266, 5674.0
0.010725021362304688, 6516.0
0.011694908142089844, 6843.0
0.012659788131713867, 7620.0
0.013628959655761719, 7973.0
0.014595985412597656, 8902.0
0.015557050704956055, 9881.0
0.0165250301361084, 10822.0
0.01748800277709961, 11807.0
0.0184481143951416, 12112.0
0.019412994384765625, 12545.0
0.020373821258544922, 13134.0
0.021335840225219727, 13730.0
0.022298097610473633, 14299.0
0.02325892448425293, 15342.0
0.024222850799560547, 16188.0
0.02518296241760254, 16386.0
0.026149988174438477, 17317.0
0.027113914489746094, 18360.0
0.028074979782104492, 18837.0
0.02903580665588379, 19544.0
0.03000497817993164, 20164.0
0.030961990356445312, 20496.0
0.03192496299743652, 20698.0
0.03288698196411133, 21686.0
0.033850908279418945, 22142.0
0.03481411933898926, 22890.0
0.035774946212768555, 23031.0
0.036737918853759766, 23939.0
0.037698984146118164, 24871.0
0.03866314888000488, 25295.0
0.03962397575378418, 26113.0
0.0405879020690918, 26217.0
0.041555166244506836, 26973.0
0.042517900466918945, 27964.0
0.043489933013916016, 28475.0
0.044473886489868164, 29271.0
0.0463871955871582, 29441.0
0.0766899585723877, 29542.0
0.09273004531860352, 29652.0
0.09746599197387695, 29772.0
0.0993659496307373, 29879.0
0.11729979515075684, 30004.0
0.21428894996643066, 30037.0
0.2171180248260498, 30301.0
0.22465181350708008, 30443.0
0.23407292366027832, 30579.0
0.2500920295715332, 30693.0
0.2698490619659424, 30797.0
0.4183320999145508, 30895.0
0.4774899482727051, 30964.0
0.49999094009399414, 31075.0
0.5122089385986328, 31180.0
0.5131759643554688, 31305.0
0.9248809814453125, 31338.0
0.9522409439086914, 31586.0
1.0680737495422363, 31700.0
1.2564759254455566, 31705.0
1.2602548599243164, 31879.0
1.2790718078613281, 32043.0
1.3007709980010986, 32048.0
1.30361008644104, 32163.0
1.3149380683898926, 32384.0
1.3224620819091797, 32501.0
1.4243149757385254, 32593.0
1.471364974975586, 32702.0
1.4845318794250488, 32765.0
1.5146679878234863, 32892.0
1.5628209114074707, 32915.0
1.5716640949249268, 33084.0
1.6154861450195312, 33202.0
1.6988508701324463, 33272.0
1.7037410736083984, 33386.0
1.7423620223999023, 33488.0
2.002192974090576, 33604.0
2.018588066101074, 33707.0
2.0243430137634277, 33730.0
2.0530128479003906, 33774.0
2.100924015045166, 33897.0
2.268659830093384, 33958.0
2.30513596534729, 34094.0
2.3089919090270996, 34161.0
2.3522839546203613, 34280.0
2.381152868270874, 34402.0
2.570348024368286, 34445.0
2.5873708724975586, 34459.0
2.603703022003174, 34478.0
2.619081974029541, 34612.0
2.631582021713257, 34717.0
2.6440517902374268, 34867.0
2.67283296585083, 34977.0
2.699638843536377, 35087.0
2.7187891006469727, 35165.0
2.7426531314849854, 35251.0
2.756998062133789, 35296.0
2.8048081398010254, 35351.0
2.8076839447021484, 35476.0
2.811511993408203, 35593.0
2.8420770168304443, 35600.0
2.8621978759765625, 35629.0
2.872744083404541, 35784.0
2.932934045791626, 35885.0
2.9960150718688965, 35963.0
3.019001007080078, 36013.0
3.0257279872894287, 36182.0
3.119580030441284, 36281.0
3.1358470916748047, 36355.0
3.142551898956299, 36480.0
3.176992893218994, 36524.0
3.230583906173706, 36671.0
3.2526869773864746, 36694.0
3.2536637783050537, 36795.0
3.4572019577026367, 36904.0
3.5127201080322266, 36997.0
3.5852439403533936, 37104.0
3.755805015563965, 37147.0
3.7691709995269775, 37283.0
3.835628032684326, 37383.0
3.8504040241241455, 37405.0
3.893566131591797, 37461.0
3.903388023376465, 37598.0
4.007825136184692, 37641.0
4.012832880020142, 37783.0
4.026569843292236, 37900.0
4.146436929702759, 37978.0
4.151394844055176, 37996.0
4.204554796218872, 38097.0
4.303964138031006, 38113.0
4.314905881881714, 38302.0
4.446717023849487, 38381.0
4.573637962341309, 38393.0
4.577522039413452, 38542.0
4.5881781578063965, 38680.0
4.600978136062622, 38692.0
4.619940996170044, 38697.0
4.785709857940674, 38709.0
4.789683103561401, 38859.0
4.83122706413269, 38863.0
4.8754048347473145, 38896.0
4.924338102340698, 38986.0
5.0072290897369385, 39154.0
5.04806113243103, 39294.0
5.055887937545776, 39397.0
5.124593019485474, 39491.0
5.181318998336792, 39600.0
5.314050912857056, 39672.0
5.3275628089904785, 39688.0
5.4056408405303955, 39748.0
5.425884008407593, 39904.0
5.87200403213501, 39905.0
6.261240005493164, 39987.0
6.286311149597168, 40053.0
6.302777051925659, 40068.0
6.308759927749634, 40189.0
6.366034984588623, 40325.0
6.384830951690674, 40505.0
6.442184925079346, 40508.0
6.452061176300049, 40665.0
6.459967851638794, 40797.0
6.541010141372681, 40889.0
6.602316856384277, 40898.0
6.806468963623047, 40992.0
7.026048898696899, 41078.0
7.046569108963013, 41181.0
7.06607985496521, 41251.0
7.1139490604400635, 41296.0
7.1344709396362305, 41347.0
7.8459601402282715, 41401.0
7.87293004989624, 41547.0
7.927955865859985, 41662.0
8.005253076553345, 41798.0
8.054372072219849, 41901.0
8.127683877944946, 41924.0
8.16839599609375, 42061.0
8.243397951126099, 42165.0
8.273061990737915, 42275.0
8.452819108963013, 42314.0
8.469600915908813, 42492.0
8.487219095230103, 42572.0
8.648480892181396, 42679.0
8.652191877365112, 42800.0
8.739654064178467, 42901.0
8.926331043243408, 42994.0
9.000373840332031, 43034.0
9.008708953857422, 43200.0
9.143091917037964, 43297.0
9.174391031265259, 43396.0
9.256340980529785, 43490.0
9.273849964141846, 43599.0
9.297814846038818, 43643.0
9.304273128509521, 43747.0
9.319976091384888, 43851.0
9.336629867553711, 43973.0
9.338499069213867, 44104.0
9.493006944656372, 44195.0
9.570750951766968, 44331.0
9.587399959564209, 44463.0
9.623284816741943, 44603.0
9.77846384048462, 44652.0
9.784917831420898, 44702.0
9.874264001846313, 44773.0
9.951603174209595, 44804.0
10.171206951141357, 44899.0
10.241331815719604, 44970.0
10.268969058990479, 44984.0
10.400805950164795, 45097.0
10.540809869766235, 45192.0
10.641243934631348, 45277.0
10.684561014175415, 45395.0
10.958737134933472, 45499.0
11.07480001449585, 45600.0
11.162635803222656, 45653.0
11.165574073791504, 45659.0
11.169497966766357, 45771.0
11.193726778030396, 45780.0
11.396270036697388, 45792.0
11.420517921447754, 45798.0
11.753354787826538, 45802.0
11.930237054824829, 45819.0
11.934094905853271, 46017.0
11.94369387626648, 46193.0
11.994701862335205, 46412.0
12.283324003219604, 46497.0
12.317960023880005, 46592.0
12.367830991744995, 46605.0
12.58450698852539, 46674.0
12.714311122894287, 46740.0
12.747945785522461, 46769.0
12.764940023422241, 46944.0
12.799917936325073, 47079.0
12.846742868423462, 47089.0
15.444775104522705, 47168.0
15.470288038253784, 47276.0
15.481081008911133, 47302.0
15.565426111221313, 47357.0
15.773926973342896, 47401.0
15.802955865859985, 47549.0
15.831016063690186, 47671.0
15.909219026565552, 47789.0
16.133365869522095, 47861.0
16.134355068206787, 47980.0
16.143049955368042, 47998.0
16.223233938217163, 48104.0
16.24453115463257, 48205.0
16.360461950302124, 48296.0
16.573900938034058, 48297.0
16.731645107269287, 48400.0
16.761046886444092, 48504.0
17.200570106506348, 48585.0
17.20252299308777, 48699.0
17.54196000099182, 48772.0
17.565169095993042, 48899.0
17.72477698326111, 48997.0
18.782830953598022, 49103.0
18.935083866119385, 49177.0
18.953417778015137, 49291.0
18.955358028411865, 49409.0
18.96981906890869, 49470.0
21.315153121948242, 49489.0
21.46109414100647, 49600.0
21.529757022857666, 49698.0
21.626084089279175, 49805.0
21.766541957855225, 49883.0
21.807618856430054, 49986.0
23.04401707649231, 49999.0
23.228232860565186, 50186.0
23.320074796676636, 50277.0
23.340149879455566, 50358.0
23.475921154022217, 50362.0
23.50745701789856, 50405.0
30.540666103363037, 50444.0
30.559733867645264, 50494.0
30.72876000404358, 50504.0
30.745954990386963, 50588.0
30.75459599494934, 50705.0
30.823506116867065, 50794.0
31.449681997299194, 50896.0
31.599443912506104, 51003.0
31.601377964019775, 51202.0
31.64548397064209, 51255.0
31.650300979614258, 51398.0
31.801528930664062, 51405.0
40.08047389984131, 51497.0
40.09324502944946, 51595.0
41.11211395263672, 51703.0
41.41331911087036, 51796.0
41.434853076934814, 51883.0
41.47571086883545, 51992.0
41.49914193153381, 52104.0
41.52260184288025, 52165.0
41.54502487182617, 52284.0
41.54990887641907, 52386.0
41.806092977523804, 52389.0
41.98332095146179, 52430.0
42.02139902114868, 52447.0
42.127806186676025, 52453.0
42.14053392410278, 52600.0
42.2687668800354, 52669.0
42.29404306411743, 52703.0
43.99585795402527, 52802.0
45.95028805732727, 52805.0
46.1552300453186, 52904.0
46.22525882720947, 52996.0
46.32997488975525, 53100.0
46.35880994796753, 53201.0
46.41644620895386, 53268.0
46.50675296783447, 53301.0
46.5345938205719, 53361.0
46.892271995544434, 53404.0
47.132177114486694, 53491.0
47.19927787780762, 53505.0
52.697569847106934, 53576.0
52.704920053482056, 53692.0
52.83382487297058, 53799.0
52.89946699142456, 53903.0
53.58517789840698, 53997.0
53.61147999763489, 54098.0
53.62973713874817, 54199.0
53.72129797935486, 54206.0
53.73212790489197, 54377.0
53.77885103225708, 54477.0
53.800538063049316, 54589.0
53.85802698135376, 54599.0
54.30190896987915, 54602.0
61.2708158493042, 54604.0
62.288707971572876, 54605.0
65.93016481399536, 54703.0
66.83839082717896, 54783.0
66.89470100402832, 54898.0
68.18683505058289, 54999.0
69.224928855896, 55003.0
70.44352293014526, 55104.0
78.88323497772217, 55205.0
