0.04970717430114746, 8367.0
0.08777904510498047, 10684.0
0.12609219551086426, 10684.0
0.16498208045959473, 11264.0
0.20468521118164062, 12909.0
0.24442410469055176, 13011.0
0.2845268249511719, 14524.0
0.32387685775756836, 16148.0
0.36400699615478516, 16148.0
0.40471720695495605, 16496.0
0.44556188583374023, 17269.0
0.48627400398254395, 17722.0
0.5272181034088135, 17971.0
0.5677299499511719, 19878.0
0.608198881149292, 20266.0
0.6487970352172852, 20351.0
0.6892349720001221, 20823.0
0.7298262119293213, 21592.0
0.7706272602081299, 22650.0
0.8196539878845215, 22756.0
0.8660008907318115, 22801.0
0.9097821712493896, 23378.0
0.9498481750488281, 24236.0
0.9903371334075928, 25139.0
1.0317251682281494, 25139.0
1.0731148719787598, 25139.0
1.113821029663086, 25709.0
1.1544640064239502, 25888.0
1.1950359344482422, 25888.0
1.2352631092071533, 25888.0
1.2755248546600342, 25982.0
1.315683126449585, 26765.0
1.355938196182251, 26765.0
1.3962221145629883, 27022.0
1.4379091262817383, 27183.0
1.479175090789795, 27353.0
1.5205581188201904, 27553.0
1.5624761581420898, 28012.0
1.604701042175293, 28012.0
1.6460649967193604, 28012.0
1.68760085105896, 28075.0
1.7292160987854004, 28075.0
1.7712609767913818, 28131.0
1.8137528896331787, 28478.0
1.8560199737548828, 28521.0
1.8977329730987549, 28521.0
1.9434409141540527, 28521.0
1.9864330291748047, 28521.0
2.02870512008667, 28521.0
2.070483922958374, 28521.0
2.112206220626831, 28521.0
2.1556191444396973, 28521.0
2.1995861530303955, 28521.0
2.2432610988616943, 28521.0
2.2858729362487793, 28521.0
2.328397035598755, 28521.0
2.3705270290374756, 28521.0
2.414029121398926, 28521.0
2.456792116165161, 28521.0
2.4997689723968506, 28521.0
2.542274236679077, 28521.0
2.5841071605682373, 28521.0
2.6254611015319824, 28521.0
2.6667821407318115, 28521.0
2.7088170051574707, 28521.0
2.752120018005371, 28521.0
2.794611930847168, 28521.0
2.8373661041259766, 28521.0
2.880937099456787, 28521.0
2.9243390560150146, 28521.0
2.9675819873809814, 28521.0
3.0104191303253174, 28521.0
3.053708076477051, 28521.0
3.09607195854187, 28521.0
3.1467089653015137, 28521.0
3.190091133117676, 28521.0
3.2326560020446777, 28521.0
3.274346113204956, 28521.0
3.316251039505005, 28521.0
3.358407974243164, 28521.0
3.4205520153045654, 28521.0
3.465466022491455, 28521.0
3.509834051132202, 28521.0
3.5554239749908447, 28521.0
3.6054489612579346, 28521.0
3.652393102645874, 28521.0
3.702744245529175, 28521.0
3.756274938583374, 28521.0
3.807194948196411, 28521.0
3.8611090183258057, 28545.0
3.924246072769165, 28545.0
3.9714739322662354, 28545.0
4.01532506942749, 28545.0
4.06170916557312, 28545.0
4.110055923461914, 28545.0
4.15504002571106, 28545.0
4.200927972793579, 28545.0
4.265494108200073, 28545.0
4.314752101898193, 28545.0
4.3876869678497314, 28545.0
4.4601311683654785, 28545.0
4.518036127090454, 28545.0
4.562074899673462, 28545.0
4.608715057373047, 28545.0
4.660052061080933, 28545.0
4.706393241882324, 28545.0
4.752208948135376, 28545.0
4.798006057739258, 28545.0
4.843477010726929, 28545.0
4.887974977493286, 28545.0
4.9345879554748535, 28545.0
4.986592054367065, 28545.0
5.032007932662964, 28545.0
5.076261043548584, 28545.0
5.120479106903076, 28545.0
5.165350914001465, 28545.0
5.20961594581604, 28545.0
5.253221035003662, 28545.0
5.302665948867798, 28545.0
5.354053020477295, 28545.0
5.407429933547974, 28545.0
5.449521064758301, 28545.0
5.490767955780029, 28545.0
5.53192925453186, 28545.0
5.5727880001068115, 28545.0
5.615231990814209, 28545.0
5.658590078353882, 28545.0
5.702040195465088, 28545.0
5.7464001178741455, 28545.0
5.789895057678223, 28545.0
5.83232307434082, 28545.0
5.875598907470703, 28545.0
5.918395042419434, 28545.0
5.961617946624756, 28545.0
6.004088878631592, 28545.0
6.046647071838379, 28545.0
6.087882995605469, 28545.0
6.129388093948364, 28545.0
6.170426845550537, 28545.0
6.211851119995117, 28545.0
6.254309892654419, 28545.0
6.296496868133545, 28545.0
6.339019060134888, 28545.0
6.380361080169678, 28545.0
6.422668218612671, 28545.0
6.464637041091919, 28545.0
6.505691051483154, 28545.0
6.546574115753174, 28545.0
6.587964057922363, 28545.0
6.6292970180511475, 28545.0
6.670179128646851, 28545.0
6.710977077484131, 28545.0
6.751868009567261, 28545.0
6.792791128158569, 28545.0
6.8335959911346436, 28545.0
6.874372959136963, 28545.0
6.91513204574585, 28545.0
6.9559149742126465, 28545.0
6.997307062149048, 28545.0
7.039088010787964, 28545.0
7.080174922943115, 28545.0
7.120910167694092, 28545.0
7.16169810295105, 28545.0
7.202548980712891, 28545.0
7.243605136871338, 28604.0
7.284661054611206, 28604.0
7.325443983078003, 28604.0
7.366201877593994, 28604.0
7.407987117767334, 28604.0
7.449283838272095, 28604.0
7.490403890609741, 28604.0
7.531524896621704, 28604.0
7.572587013244629, 28604.0
7.61347508430481, 28604.0
7.6543288230896, 28604.0
7.695171117782593, 28604.0
7.736062049865723, 28604.0
7.776943922042847, 28604.0
7.817789077758789, 28604.0
7.858696937561035, 28604.0
7.8995201587677, 28604.0
7.940708875656128, 28604.0
7.981595993041992, 28604.0
8.022422075271606, 28604.0
8.063225984573364, 28604.0
8.104108095169067, 28604.0
8.14488410949707, 28604.0
8.185739040374756, 28604.0
8.226778030395508, 28604.0
8.267619132995605, 28604.0
8.308486938476562, 28604.0
8.349756002426147, 28604.0
8.392190933227539, 28604.0
8.435777187347412, 28604.0
8.47876787185669, 28604.0
8.521407127380371, 28604.0
8.564129114151001, 28604.0
8.60624098777771, 28604.0
8.648916959762573, 28604.0
8.691123008728027, 28604.0
8.733548164367676, 28604.0
