0.515728235244751, 31605.0
0.8890910148620605, 32294.0
1.2663848400115967, 32700.0
1.6444690227508545, 33599.0
2.0211689472198486, 34076.0
2.3998191356658936, 34301.0
2.773798942565918, 34502.0
3.156351089477539, 34958.0
3.5366880893707275, 35798.0
3.9190850257873535, 36591.0
4.311568260192871, 37503.0
4.6920859813690186, 37503.0
5.074170112609863, 38242.0
5.459218978881836, 38242.0
5.8429601192474365, 38838.0
6.23190712928772, 38890.0
6.615294933319092, 39680.0
6.993499994277954, 39701.0
7.380545139312744, 40314.0
7.766058921813965, 41177.0
8.15219783782959, 41177.0
8.538985967636108, 41691.0
8.924988031387329, 42297.0
9.312347888946533, 42297.0
9.698517084121704, 42899.0
10.085325002670288, 42906.0
10.471858024597168, 43203.0
10.855960130691528, 43839.0
11.242287158966064, 44101.0
11.62643313407898, 44494.0
12.010658979415894, 44992.0
12.400048971176147, 45205.0
12.78466796875, 45592.0
13.176001071929932, 46056.0
13.57131290435791, 46202.0
13.958872079849243, 46678.0
14.345296144485474, 46987.0
14.736423015594482, 47302.0
15.128343105316162, 47302.0
15.521912097930908, 47988.0
15.911204099655151, 47988.0
16.300437927246094, 47988.0
16.68944525718689, 48083.0
17.085040807724, 48387.0
17.47661805152893, 48703.0
17.86973810195923, 49505.0
18.259774923324585, 49505.0
18.649465084075928, 49698.0
19.03976011276245, 49849.0
19.431720972061157, 49876.0
19.82125210762024, 50000.0
20.217156171798706, 50255.0
20.60756826400757, 50771.0
20.999648094177246, 51145.0
21.39698624610901, 51682.0
21.79076313972473, 51682.0
22.183600187301636, 51682.0
22.58156704902649, 51682.0
22.97956109046936, 52005.0
23.378244161605835, 52049.0
23.783074140548706, 52504.0
24.186941862106323, 52948.0
24.590679168701172, 53147.0
24.993830919265747, 53672.0
25.396773099899292, 53672.0
25.803373098373413, 53672.0
26.209439039230347, 54198.0
26.616193056106567, 54271.0
27.023394107818604, 54271.0
27.431223154067993, 54664.0
27.83958601951599, 55379.0
28.24543595314026, 55449.0
28.652132034301758, 55799.0
29.059460163116455, 55799.0
29.466809034347534, 55896.0
29.875838041305542, 55990.0
30.284101247787476, 56146.0
30.6924889087677, 56592.0
31.101309061050415, 56922.0
31.51047396659851, 57613.0
31.921680212020874, 57613.0
32.33051800727844, 57613.0
32.74093008041382, 57613.0
33.154627084732056, 57876.0
33.565253257751465, 57876.0
33.97811985015869, 57876.0
34.38938903808594, 58160.0
34.80053925514221, 58264.0
35.21276116371155, 58264.0
35.62433695793152, 58264.0
36.03847408294678, 58264.0
36.45055890083313, 58689.0
36.86232399940491, 58689.0
37.27414083480835, 58689.0
37.68887400627136, 58703.0
38.103278160095215, 58778.0
38.51654100418091, 58869.0
38.929072856903076, 58904.0
39.34164810180664, 58998.0
39.75488805770874, 59303.0
40.169196128845215, 59303.0
40.58123707771301, 59303.0
40.996565103530884, 59500.0
41.40603280067444, 59770.0
41.81506299972534, 59770.0
42.22347283363342, 59896.0
42.63757586479187, 59989.0
43.050373792648315, 59989.0
43.46336317062378, 59989.0
43.87725210189819, 59989.0
44.291486978530884, 60126.0
44.706697940826416, 60556.0
45.12018799781799, 60556.0
45.53327417373657, 60556.0
45.944725036621094, 60556.0
46.35760998725891, 60997.0
46.771397829055786, 60997.0
47.1864550113678, 60997.0
47.60039496421814, 60997.0
48.01623821258545, 61192.0
48.432955265045166, 61453.0
48.84831690788269, 61453.0
49.26302909851074, 61453.0
49.67937111854553, 61475.0
50.09632897377014, 61475.0
50.51169681549072, 61475.0
50.926822900772095, 61894.0
51.34338307380676, 61894.0
51.753817081451416, 61894.0
52.16657209396362, 61894.0
52.582273960113525, 61894.0
52.99749207496643, 62091.0
53.4073121547699, 62091.0
53.821476221084595, 62204.0
54.2343590259552, 62512.0
54.649555921554565, 62512.0
55.06589698791504, 62849.0
55.48219609260559, 62849.0
55.89892888069153, 62849.0
56.317360162734985, 62849.0
56.733965158462524, 62980.0
57.15027904510498, 62980.0
57.56867003440857, 62980.0
57.98599195480347, 63086.0
58.40485596656799, 63086.0
58.817466020584106, 63241.0
59.23364996910095, 63241.0
59.6520938873291, 63302.0
60.06958484649658, 63986.0
60.48954391479492, 63986.0
60.902934074401855, 63986.0
61.31534004211426, 63991.0
61.73181700706482, 64494.0
62.144718170166016, 64494.0
62.559499979019165, 64494.0
62.97755002975464, 64494.0
63.3897590637207, 64494.0
63.806771993637085, 64494.0
64.22603392601013, 64696.0
64.64328408241272, 64696.0
65.0612690448761, 64696.0
65.4794590473175, 64696.0
65.89762210845947, 64696.0
66.31531500816345, 64703.0
66.72823309898376, 64703.0
67.14570116996765, 64724.0
67.55860710144043, 64783.0
67.97590613365173, 64783.0
68.39125084877014, 64985.0
68.81054306030273, 64985.0
69.22856497764587, 64985.0
69.63996505737305, 65058.0
70.05373215675354, 65370.0
70.4703118801117, 65370.0
70.8858711719513, 65370.0
71.30442905426025, 65370.0
71.72328019142151, 65370.0
72.1378219127655, 65705.0
72.56154298782349, 65796.0
72.98321795463562, 65796.0
73.4001841545105, 65796.0
73.81705021858215, 65796.0
74.2324321269989, 65796.0
74.64948511123657, 65796.0
75.0653429031372, 65855.0
75.48034310340881, 65855.0
75.89502096176147, 65855.0
76.31063914299011, 65890.0
76.73145008087158, 66025.0
77.15179109573364, 66025.0
77.56922602653503, 66048.0
77.99103689193726, 66048.0
78.41177606582642, 66048.0
78.83522415161133, 66304.0
79.25620412826538, 66305.0
79.67839694023132, 66305.0
80.09508609771729, 66373.0
80.51157808303833, 66544.0
80.93480491638184, 66544.0
81.35685706138611, 66544.0
81.77329802513123, 66544.0
