0.050642967224121094, 4017.0
0.08822011947631836, 4392.0
0.12650799751281738, 4392.0
0.1647169589996338, 4513.0
0.20315313339233398, 4513.0
0.2416989803314209, 4800.0
0.280529260635376, 5015.0
0.3195321559906006, 5165.0
0.358640193939209, 5165.0
0.397733211517334, 5217.0
0.43699002265930176, 5238.0
0.47640490531921387, 5308.0
0.5160260200500488, 5482.0
0.55560302734375, 5610.0
0.5953190326690674, 5610.0
0.6351470947265625, 5610.0
0.6751112937927246, 5815.0
0.7150571346282959, 5815.0
0.7551050186157227, 5990.0
0.7951071262359619, 6037.0
0.8352560997009277, 6037.0
0.8753490447998047, 6037.0
0.9156460762023926, 6115.0
0.9560120105743408, 6206.0
0.9962480068206787, 6312.0
1.0366361141204834, 6398.0
1.0770959854125977, 6398.0
1.117607831954956, 6477.0
1.1580650806427002, 6477.0
1.198566198348999, 6500.0
1.2391541004180908, 6511.0
1.2807660102844238, 6597.0
1.3214771747589111, 6597.0
1.3622159957885742, 6676.0
1.4029619693756104, 6676.0
1.443809986114502, 6676.0
1.4845881462097168, 6676.0
1.5254151821136475, 6676.0
1.5661771297454834, 6676.0
1.6070189476013184, 6716.0
1.6479978561401367, 6762.0
1.6890380382537842, 6817.0
1.7298009395599365, 6817.0
1.7707860469818115, 6817.0
1.8124370574951172, 6817.0
1.8538899421691895, 6817.0
1.8948018550872803, 6817.0
1.9357070922851562, 6846.0
1.9765470027923584, 6846.0
2.0175769329071045, 6910.0
2.058516025543213, 6910.0
2.0994820594787598, 6917.0
2.140415906906128, 6917.0
2.181030035018921, 6917.0
2.221773147583008, 6917.0
2.262810230255127, 6917.0
2.3036651611328125, 7005.0
2.344393014907837, 7005.0
2.3853940963745117, 7005.0
2.4264719486236572, 7005.0
2.4675161838531494, 7005.0
2.508366107940674, 7008.0
2.549118995666504, 7014.0
2.590268135070801, 7014.0
2.63136625289917, 7014.0
2.6725192070007324, 7014.0
2.7136590480804443, 7014.0
2.7550342082977295, 7014.0
2.7960309982299805, 7014.0
2.8372111320495605, 7014.0
2.878615140914917, 7014.0
2.920743942260742, 7014.0
2.961937189102173, 7014.0
3.003291130065918, 7014.0
3.0444889068603516, 7014.0
3.085397958755493, 7014.0
3.126521110534668, 7017.0
3.167809009552002, 7017.0
3.2097840309143066, 7017.0
3.2521510124206543, 7017.0
3.294407844543457, 7017.0
3.336616039276123, 7017.0
3.3800182342529297, 7017.0
3.4226529598236084, 7017.0
3.4648399353027344, 7017.0
3.50691819190979, 7017.0
3.5489652156829834, 7017.0
3.591209888458252, 7017.0
3.633971929550171, 7017.0
3.676658868789673, 7017.0
3.7186410427093506, 7017.0
3.7597761154174805, 7017.0
3.800922155380249, 7017.0
3.842602014541626, 7017.0
3.885282039642334, 7017.0
3.927165985107422, 7017.0
3.9691221714019775, 7017.0
4.011012077331543, 7017.0
4.0529069900512695, 7017.0
4.0948591232299805, 7017.0
4.136796236038208, 7017.0
4.178566217422485, 7017.0
4.220391273498535, 7017.0
4.262675046920776, 7017.0
4.305033922195435, 7017.0
4.3468239307403564, 7017.0
4.388620138168335, 7017.0
4.4304420948028564, 7017.0
4.4722208976745605, 7017.0
4.513973951339722, 7017.0
4.555733919143677, 7017.0
4.597445011138916, 7017.0
4.640007972717285, 7017.0
4.682857990264893, 7017.0
4.726011037826538, 7017.0
4.769071102142334, 7017.0
4.813337087631226, 7017.0
4.856540203094482, 7017.0
4.89912223815918, 7017.0
4.941670179367065, 7017.0
4.984324216842651, 7017.0
5.027459144592285, 7017.0
5.070802927017212, 7017.0
5.114137172698975, 7017.0
5.15664005279541, 7017.0
5.19846510887146, 7017.0
5.24029016494751, 7017.0
5.282050132751465, 7017.0
5.323779106140137, 7017.0
5.365479230880737, 7017.0
5.407097101211548, 7017.0
5.448730230331421, 7017.0
5.4904210567474365, 7017.0
5.532103061676025, 7017.0
5.5738160610198975, 7017.0
5.615568161010742, 7017.0
5.657329082489014, 7017.0
5.6990461349487305, 7017.0
5.740840911865234, 7017.0
5.782596111297607, 7017.0
5.824254035949707, 7017.0
5.86565089225769, 7017.0
5.908945083618164, 7017.0
5.950512170791626, 7017.0
5.991970062255859, 7017.0
6.033436059951782, 7017.0
6.0747230052948, 7017.0
6.116152048110962, 7017.0
6.157474040985107, 7017.0
6.199015855789185, 7017.0
6.240434169769287, 7017.0
6.282809019088745, 7017.0
6.324254035949707, 7017.0
6.366046905517578, 7017.0
6.40764307975769, 7017.0
6.449073076248169, 7017.0
6.490706920623779, 7017.0
6.532565116882324, 7017.0
6.573896884918213, 7017.0
6.615321159362793, 7017.0
6.657259941101074, 7017.0
6.698614120483398, 7017.0
6.740040063858032, 7017.0
6.78183388710022, 7017.0
6.823249101638794, 7017.0
6.864873886108398, 7017.0
6.90629506111145, 7017.0
6.947609186172485, 7017.0
6.989400148391724, 7017.0
7.031132936477661, 7017.0
7.0725319385528564, 7017.0
7.113950967788696, 7017.0
7.155227184295654, 7017.0
7.197048187255859, 7017.0
7.238372087478638, 7017.0
7.279804229736328, 7017.0
7.321429967880249, 7017.0
7.36313796043396, 7017.0
7.404882907867432, 7017.0
7.446266174316406, 7017.0
7.488081216812134, 7017.0
7.52947211265564, 7017.0
7.571132183074951, 7017.0
7.612469911575317, 7017.0
7.653874158859253, 7017.0
7.695154905319214, 7017.0
7.736590147018433, 7017.0
7.778297185897827, 7017.0
7.819853067398071, 7017.0
7.8613080978393555, 7017.0
7.9027791023254395, 7017.0
7.945482969284058, 7017.0
7.986908912658691, 7017.0
8.02835988998413, 7017.0
8.069653987884521, 7017.0
8.111325979232788, 7017.0
8.153162956237793, 7017.0
8.194704055786133, 7017.0
8.235954284667969, 7017.0
8.277391195297241, 7017.0
8.318756103515625, 7017.0
