0.00040984153747558594, 226.0
0.0008170604705810547, 1036.0
0.0012302398681640625, 1781.0
0.0016360282897949219, 2214.0
0.0020401477813720703, 2459.0
0.002446889877319336, 3024.0
0.002856016159057617, 3493.0
0.003259897232055664, 3783.0
0.0036628246307373047, 4551.0
0.004065036773681641, 5336.0
0.0044748783111572266, 5500.0
0.004887104034423828, 6208.0
0.005337953567504883, 6783.0
0.005745887756347656, 7053.0
0.006150007247924805, 7299.0
0.006557941436767578, 7922.0
0.006983041763305664, 8192.0
0.00739598274230957, 8344.0
0.007807016372680664, 9282.0
0.008218050003051758, 9434.0
0.008622884750366211, 9997.0
0.009037017822265625, 10097.0
0.009838104248046875, 10278.0
0.011039018630981445, 10360.0
0.011448144912719727, 10436.0
0.012660026550292969, 10526.0
0.20188283920288086, 10565.0
0.20428705215454102, 10600.0
0.21540093421936035, 10671.0
0.2348790168762207, 10684.0
0.23805809020996094, 10752.0
0.8612151145935059, 10760.0
0.8736011981964111, 10833.0
0.8791811466217041, 10904.0
0.9027121067047119, 10936.0
0.9363129138946533, 10960.0
1.746168851852417, 11011.0
1.8109409809112549, 11017.0
1.8312530517578125, 11064.0
2.689321994781494, 11112.0
2.735053062438965, 11126.0
2.7492969036102295, 11185.0
2.7577860355377197, 11200.0
2.768184185028076, 11239.0
2.7685749530792236, 11268.0
2.7750909328460693, 11367.0
2.8054049015045166, 11383.0
2.8073291778564453, 11407.0
2.8702919483184814, 11420.0
2.9152252674102783, 11441.0
2.9521379470825195, 11568.0
3.058825969696045, 11615.0
3.064256191253662, 11655.0
3.0768141746520996, 11694.0
3.4527530670166016, 11737.0
14.377155065536499, 11749.0
14.387307167053223, 11783.0
14.640903949737549, 11921.0
14.643655061721802, 12046.0
14.656161069869995, 12094.0
14.66597318649292, 12164.0
17.046862840652466, 12170.0
17.99125099182129, 12187.0
17.999914169311523, 12210.0
18.055534839630127, 12290.0
18.060675859451294, 12291.0
18.07492208480835, 12365.0
18.13688898086548, 12457.0
18.157875061035156, 12518.0
18.16745400428772, 12519.0
18.16864323616028, 12625.0
18.1863911151886, 12683.0
18.214794158935547, 12706.0
18.229007959365845, 12710.0
22.605123043060303, 12763.0
22.73727798461914, 12787.0
22.749316930770874, 12801.0
22.753742218017578, 12825.0
22.774675130844116, 12840.0
23.303848028182983, 12860.0
23.3362979888916, 12950.0
23.497283220291138, 13026.0
23.514944076538086, 13101.0
23.521678924560547, 13243.0
24.01410698890686, 13258.0
24.05364203453064, 13298.0
24.109052896499634, 13361.0
24.114593029022217, 13474.0
24.139598846435547, 13475.0
24.14118504524231, 13504.0
25.724668979644775, 13594.0
25.78269386291504, 13690.0
25.78718400001526, 13703.0
27.178907871246338, 13706.0
27.186057090759277, 13799.0
27.243070125579834, 13800.0
27.385912895202637, 13847.0
27.44008708000183, 13868.0
27.480576038360596, 13964.0
27.634669065475464, 13992.0
27.902478218078613, 14057.0
27.916419982910156, 14110.0
31.757963180541992, 14113.0
31.765140056610107, 14114.0
32.170040130615234, 14115.0
32.429054975509644, 14138.0
32.94562005996704, 14219.0
33.79864716529846, 14220.0
36.30305004119873, 14229.0
36.40401315689087, 14230.0
37.28281497955322, 14239.0
37.50246787071228, 14241.0
