0.0004088878631591797, 91.0
0.0008199214935302734, 851.0
0.0012247562408447266, 882.0
0.0016291141510009766, 1015.0
0.0020351409912109375, 1127.0
0.00244903564453125, 1758.0
0.002855062484741211, 2175.0
0.0032629966735839844, 2304.0
0.0036699771881103516, 3078.0
0.004079103469848633, 3476.0
0.004487037658691406, 3908.0
0.004892110824584961, 4615.0
0.005339145660400391, 5256.0
0.005746126174926758, 5519.0
0.00615692138671875, 5886.0
0.006573915481567383, 6016.0
0.006999015808105469, 6410.0
0.00740504264831543, 6638.0
0.007811069488525391, 6926.0
0.008217096328735352, 7555.0
0.008620977401733398, 8503.0
0.009026050567626953, 9386.0
0.00943303108215332, 9528.0
0.010238885879516602, 9529.0
0.011046171188354492, 9717.0
0.011850833892822266, 10002.0
0.04907417297363281, 10019.0
0.05630612373352051, 10020.0
0.23324894905090332, 10102.0
0.3083629608154297, 10134.0
0.31157588958740234, 10169.0
0.31277990341186523, 10399.0
0.3759279251098633, 10446.0
0.38312792778015137, 10500.0
0.385530948638916, 10505.0
0.3879411220550537, 10585.0
0.41574597358703613, 10685.0
0.45404601097106934, 10710.0
0.6803271770477295, 10761.0
0.6834931373596191, 10878.0
0.696159839630127, 10932.0
1.3835980892181396, 10944.0
1.4011309146881104, 10973.0
1.419037103652954, 10974.0
2.9167978763580322, 10975.0
2.9195711612701416, 11232.0
2.9440319538116455, 11283.0
2.9613847732543945, 11308.0
2.976763963699341, 11419.0
3.053987979888916, 11499.0
3.0732059478759766, 11519.0
3.167267084121704, 11533.0
3.173537015914917, 11534.0
5.629637956619263, 11571.0
8.45749807357788, 11578.0
8.493350982666016, 11604.0
8.497361183166504, 11612.0
8.529627084732056, 11726.0
8.536031007766724, 11823.0
8.615766048431396, 11853.0
8.620990991592407, 11924.0
8.635410070419312, 11948.0
8.687444925308228, 12018.0
8.744921922683716, 12062.0
8.7485511302948, 12063.0
12.440037965774536, 12098.0
12.45942997932434, 12137.0
21.839842081069946, 12169.0
21.91498589515686, 12181.0
21.958664178848267, 12291.0
23.116666078567505, 12389.0
23.134379863739014, 12399.0
23.14583110809326, 12430.0
23.172229051589966, 12464.0
23.234061002731323, 12487.0
23.238033056259155, 12488.0
23.497710943222046, 12561.0
23.5036199092865, 12615.0
23.505197048187256, 12655.0
23.545836925506592, 12656.0
23.549445152282715, 12657.0
23.560510873794556, 12675.0
24.061139822006226, 12684.0
24.15285897254944, 12727.0
24.201278924942017, 12755.0
24.23634099960327, 12866.0
24.257637977600098, 12888.0
24.28675603866577, 12891.0
24.299354076385498, 12892.0
24.333598852157593, 12989.0
25.534151077270508, 13049.0
25.626233100891113, 13106.0
25.630571842193604, 13147.0
25.702604055404663, 13179.0
25.761672019958496, 13201.0
27.808988094329834, 13206.0
27.83382487297058, 13223.0
27.85469698905945, 13281.0
27.909784078598022, 13282.0
28.059426069259644, 13285.0
28.421527862548828, 13290.0
28.515223026275635, 13302.0
28.593400955200195, 13303.0
28.740819931030273, 13308.0
28.77541708946228, 13309.0
28.782531023025513, 13370.0
28.806432962417603, 13440.0
28.990391969680786, 13441.0
29.77596688270569, 13476.0
29.859349012374878, 13477.0
29.88382601737976, 13478.0
30.02943992614746, 13481.0
30.217057943344116, 13509.0
30.22583293914795, 13510.0
30.265448808670044, 13511.0
30.545374870300293, 13529.0
30.80997395515442, 13544.0
30.985054969787598, 13545.0
31.001805067062378, 13546.0
31.169744968414307, 13625.0
31.17293095588684, 13626.0
31.304103136062622, 13627.0
31.326877117156982, 13638.0
31.61006999015808, 13642.0
32.10684418678284, 13752.0
32.47683000564575, 13754.0
32.991600036621094, 13755.0
35.77531599998474, 13756.0
35.899030923843384, 13757.0
36.9902241230011, 13762.0
37.218589067459106, 13763.0
37.730738162994385, 13876.0
