0.20278096199035645, 13219.0
0.3511669635772705, 13507.0
0.502781867980957, 13921.0
0.6524176597595215, 14291.0
0.8021738529205322, 15202.0
0.952193021774292, 15202.0
1.1043658256530762, 15202.0
1.256532907485962, 15328.0
1.4089748859405518, 15985.0
1.5603928565979004, 15985.0
1.712357759475708, 16394.0
1.864358901977539, 17217.0
2.016528844833374, 17551.0
2.1689798831939697, 17589.0
2.321899890899658, 17791.0
2.474885940551758, 17898.0
2.6285340785980225, 18003.0
2.782336950302124, 18198.0
2.9366819858551025, 18442.0
3.0911707878112793, 19147.0
3.2458577156066895, 19411.0
3.4021449089050293, 19411.0
3.55735182762146, 19411.0
3.7130649089813232, 19411.0
3.8693768978118896, 19920.0
4.028795957565308, 19920.0
4.190627813339233, 20360.0
4.3520448207855225, 20360.0
4.514235973358154, 20360.0
4.672209978103638, 20417.0
4.830365896224976, 20616.0
4.988409757614136, 20808.0
5.146531820297241, 21014.0
5.306152820587158, 21287.0
5.46791672706604, 21287.0
5.627324819564819, 21287.0
5.792108774185181, 21601.0
5.954415798187256, 21601.0
6.118679761886597, 21798.0
6.277880668640137, 21879.0
6.438905715942383, 22280.0
6.598312854766846, 22668.0
6.757868766784668, 22777.0
6.917551755905151, 23006.0
7.077176809310913, 23006.0
7.237020969390869, 23006.0
7.398834943771362, 23207.0
7.559005975723267, 23505.0
7.719383716583252, 23505.0
7.879745721817017, 23511.0
8.040210962295532, 23517.0
8.201303720474243, 23808.0
8.362138748168945, 23808.0
8.522949934005737, 24103.0
8.684175729751587, 24158.0
8.845616817474365, 24158.0
9.007137775421143, 24318.0
9.168636798858643, 24318.0
9.33010482788086, 24318.0
9.493847846984863, 24401.0
9.655856847763062, 24671.0
9.818000793457031, 24896.0
9.979986906051636, 24896.0
10.142049789428711, 24896.0
10.304402828216553, 24931.0
10.466768741607666, 24931.0
10.630975008010864, 25007.0
10.793567895889282, 25105.0
10.956094980239868, 25127.0
11.118842840194702, 25315.0
11.282033920288086, 25315.0
11.447422981262207, 25315.0
11.612385749816895, 25518.0
11.77723479270935, 25818.0
11.941908836364746, 25818.0
12.106966972351074, 25818.0
12.271849870681763, 25900.0
12.437067985534668, 25900.0
12.602404832839966, 25962.0
12.767991781234741, 25962.0
12.93332576751709, 26042.0
13.098822832107544, 26042.0
13.266134023666382, 26042.0
13.434171915054321, 26045.0
13.60261583328247, 26406.0
13.769605875015259, 26406.0
13.935823917388916, 26493.0
14.102543830871582, 26493.0
14.26918077468872, 26608.0
14.435748815536499, 26608.0
14.602921962738037, 26790.0
14.769717931747437, 26790.0
14.936877727508545, 26957.0
15.10384488105774, 26957.0
15.270859003067017, 26957.0
15.438011884689331, 27101.0
15.606497049331665, 27101.0
15.77289605140686, 27101.0
15.939185857772827, 27101.0
16.105939865112305, 27101.0
16.272809982299805, 27101.0
16.43954372406006, 27105.0
16.60633873939514, 27105.0
16.773383855819702, 27105.0
16.94005584716797, 27105.0
17.106628894805908, 27203.0
17.273120880126953, 27203.0
17.439851999282837, 27306.0
17.608016967773438, 27306.0
17.774914741516113, 27306.0
17.941715955734253, 27306.0
18.108434915542603, 27413.0
18.274977684020996, 27413.0
18.442035913467407, 27503.0
18.608635902404785, 27503.0
18.775644779205322, 27503.0
18.942137718200684, 27503.0
19.10919189453125, 27627.0
19.27626085281372, 27627.0
19.44271492958069, 27627.0
19.611461877822876, 27627.0
19.779211044311523, 27697.0
19.946794033050537, 27697.0
20.11420178413391, 27697.0
20.28191590309143, 27699.0
20.449334621429443, 27714.0
20.616801738739014, 27714.0
20.784353733062744, 27788.0
20.95185685157776, 27806.0
21.11942768096924, 27806.0
21.286935806274414, 27911.0
21.45437788963318, 27911.0
21.62265396118164, 27911.0
21.792142868041992, 27911.0
21.9605450630188, 27911.0
22.12904977798462, 27911.0
22.29773998260498, 27911.0
22.466441869735718, 27996.0
22.635009050369263, 27996.0
22.803468704223633, 27996.0
22.972010850906372, 27996.0
23.14033579826355, 28018.0
23.30901575088501, 28105.0
23.477102756500244, 28105.0
23.645347833633423, 28157.0
23.81519889831543, 28157.0
23.983993768692017, 28157.0
24.152472734451294, 28157.0
24.321205854415894, 28217.0
24.4896137714386, 28217.0
24.658206939697266, 28219.0
24.826446771621704, 28219.0
24.994829893112183, 28219.0
25.163123846054077, 28219.0
25.33267378807068, 28219.0
25.50100302696228, 28219.0
25.669644832611084, 28219.0
25.839714765548706, 28219.0
26.008652687072754, 28219.0
26.177407026290894, 28219.0
26.34628200531006, 28315.0
26.515349864959717, 28315.0
26.68367290496826, 28315.0
26.852675914764404, 28315.0
27.021108865737915, 28315.0
27.190109968185425, 28316.0
27.35854482650757, 28316.0
27.528843879699707, 28316.0
27.697130918502808, 28316.0
27.868091821670532, 28316.0
28.03719973564148, 28317.0
28.205667734146118, 28317.0
28.376189947128296, 28317.0
28.544513702392578, 28317.0
28.714480876922607, 28317.0
28.882672786712646, 28399.0
29.051071882247925, 28399.0
29.219231843948364, 28399.0
29.388094902038574, 28399.0
29.55647587776184, 28399.0
29.724719762802124, 28399.0
29.89474582672119, 28399.0
30.06329083442688, 28511.0
30.23160195350647, 28511.0
30.399650812149048, 28511.0
30.567600965499878, 28511.0
30.735901832580566, 28511.0
30.904215097427368, 28511.0
31.07405376434326, 28511.0
31.24177885055542, 28511.0
31.409943103790283, 28511.0
31.57735776901245, 28511.0
31.745304822921753, 28511.0
31.91557288169861, 28511.0
32.08664870262146, 28511.0
32.25716471672058, 28511.0
32.42604970932007, 28511.0
32.59617280960083, 28511.0
32.766501903533936, 28511.0
32.93758988380432, 28511.0
33.1060516834259, 28511.0
