0.0004057884216308594, 681.0
0.0008008480072021484, 987.0
0.001191854476928711, 1117.0
0.0015859603881835938, 1997.0
0.0019779205322265625, 2587.0
0.0023937225341796875, 2906.0
0.0027878284454345703, 3826.0
0.0031838417053222656, 4435.0
0.003574848175048828, 4679.0
0.003972768783569336, 4807.0
0.004367828369140625, 5427.0
0.0047607421875, 6001.0
0.005153656005859375, 6630.0
0.0055468082427978516, 7695.0
0.005941629409790039, 7902.0
0.006337642669677734, 8658.0
0.0067708492279052734, 9367.0
0.007168769836425781, 9533.0
0.00756382942199707, 10115.0
0.007971763610839844, 10780.0
0.008383035659790039, 11811.0
0.008777856826782227, 11930.0
0.010344982147216797, 12119.0
0.13916397094726562, 12208.0
0.17264080047607422, 12393.0
0.17845678329467773, 12510.0
0.2064199447631836, 12514.0
0.2208247184753418, 12650.0
0.22161006927490234, 12815.0
0.24341464042663574, 12839.0
0.24497580528259277, 12961.0
0.24654293060302734, 13094.0
0.25239992141723633, 13214.0
0.26608991622924805, 13219.0
0.30271172523498535, 13317.0
0.31050968170166016, 13348.0
0.3147897720336914, 13574.0
0.31944775581359863, 13677.0
0.3229639530181885, 13793.0
0.3237466812133789, 13894.0
0.33896493911743164, 14009.0
0.3498659133911133, 14017.0
0.36621689796447754, 14025.0
0.3721048831939697, 14167.0
0.38301587104797363, 14266.0
0.38732075691223145, 14302.0
0.40798282623291016, 14308.0
0.4540219306945801, 14410.0
0.4575366973876953, 14527.0
0.46025681495666504, 14718.0
0.47584080696105957, 14807.0
0.4773986339569092, 14970.0
0.4836578369140625, 15096.0
0.49886393547058105, 15107.0
0.5023758411407471, 15312.0
0.5438017845153809, 15390.0
0.5547447204589844, 15445.0
0.5594298839569092, 15606.0
0.586540699005127, 15708.0
0.6000547409057617, 15719.0
0.6393437385559082, 15794.0
0.6432418823242188, 15802.0
0.6641547679901123, 15841.0
0.6785039901733398, 16084.0
0.6916828155517578, 16212.0
0.7137749195098877, 16310.0
0.7490808963775635, 16406.0
0.8026807308197021, 16604.0
0.8720128536224365, 16684.0
0.8844218254089355, 16698.0
0.8960518836975098, 16911.0
0.8979966640472412, 17010.0
0.9334688186645508, 17019.0
1.0163788795471191, 17101.0
1.0476627349853516, 17112.0
1.1273458003997803, 17201.0
1.1304528713226318, 17269.0
1.1378428936004639, 17289.0
1.1506519317626953, 17362.0
1.2089018821716309, 17388.0
1.2112367153167725, 17409.0
1.2139489650726318, 17517.0
1.2699599266052246, 17623.0
1.277355670928955, 17817.0
1.42622971534729, 17897.0
1.4719407558441162, 17904.0
1.8741579055786133, 17950.0
1.8769927024841309, 18060.0
1.8798248767852783, 18086.0
1.8939106464385986, 18195.0
1.9087717533111572, 18300.0
1.9099788665771484, 18371.0
1.9244847297668457, 18488.0
1.9313349723815918, 18539.0
1.9317457675933838, 18642.0
1.93296480178833, 18808.0
1.9870798587799072, 18833.0
1.9903008937835693, 18980.0
2.903129816055298, 18989.0
2.906693935394287, 19067.0
3.1901209354400635, 19091.0
3.2048068046569824, 19110.0
3.570241689682007, 19180.0
3.5891058444976807, 19190.0
3.5903329849243164, 19310.0
3.672544002532959, 19316.0
3.7064568996429443, 19407.0
3.8533639907836914, 19506.0
4.108615875244141, 19578.0
4.130945682525635, 19584.0
4.15585994720459, 19603.0
4.157973051071167, 19710.0
4.163902997970581, 19796.0
4.188209772109985, 19904.0
4.197998762130737, 19987.0
4.235337972640991, 20012.0
4.905886888504028, 20037.0
4.920198917388916, 20112.0
5.930728912353516, 20119.0
6.238220691680908, 20218.0
6.282926797866821, 20315.0
7.5307207107543945, 20386.0
7.537108898162842, 20503.0
7.664576053619385, 20512.0
7.672134876251221, 20587.0
7.672539949417114, 20707.0
7.686147689819336, 20773.0
9.307001829147339, 20775.0
9.309784889221191, 20777.0
9.348260879516602, 20883.0
9.351428747177124, 20900.0
9.361737966537476, 21019.0
9.369244813919067, 21101.0
9.372418880462646, 21184.0
9.493064880371094, 21291.0
9.510794878005981, 21400.0
9.535408973693848, 21419.0
17.899824857711792, 21472.0
17.90102982521057, 21600.0
17.92867374420166, 21698.0
18.012022733688354, 21783.0
18.01635980606079, 21807.0
18.01834487915039, 21916.0
18.034533739089966, 22019.0
21.018914699554443, 22100.0
21.423732042312622, 22106.0
22.442150831222534, 22113.0
22.816345930099487, 22205.0
22.87562584877014, 22213.0
22.898939847946167, 22314.0
23.023148775100708, 22315.0
23.18875765800476, 22412.0
24.053446769714355, 22513.0
24.175105810165405, 22593.0
24.219737768173218, 22708.0
24.319095849990845, 22818.0
24.488630771636963, 22902.0
24.51972794532776, 23019.0
