0.05054807662963867, 4015.0
0.08823609352111816, 4112.0
0.12593698501586914, 4311.0
0.1637110710144043, 4311.0
0.20163512229919434, 4475.0
0.239699125289917, 4688.0
0.2778928279876709, 4703.0
0.3163480758666992, 4866.0
0.35488414764404297, 5078.0
0.3934762477874756, 5078.0
0.43213510513305664, 5311.0
0.47090625762939453, 5311.0
0.5097541809082031, 5315.0
0.5485820770263672, 5482.0
0.587486982345581, 5516.0
0.6264030933380127, 5910.0
0.665503978729248, 5910.0
0.7046711444854736, 5910.0
0.7438879013061523, 5910.0
0.7831199169158936, 6035.0
0.8223600387573242, 6100.0
0.8617212772369385, 6212.0
0.9010729789733887, 6214.0
0.9405031204223633, 6214.0
0.9800472259521484, 6385.0
1.019582986831665, 6385.0
1.0591681003570557, 6385.0
1.098797082901001, 6592.0
1.1408629417419434, 6592.0
1.18198823928833, 6592.0
1.2223341464996338, 6592.0
1.2627060413360596, 6592.0
1.3030731678009033, 6592.0
1.343541145324707, 6592.0
1.3841190338134766, 6711.0
1.4246809482574463, 6711.0
1.4652941226959229, 6717.0
1.5058629512786865, 6803.0
1.546626091003418, 6803.0
1.5873169898986816, 6803.0
1.6280920505523682, 6803.0
1.6688389778137207, 6803.0
1.7096500396728516, 6817.0
1.7504332065582275, 6817.0
1.7911932468414307, 6817.0
1.8319330215454102, 6817.0
1.8726909160614014, 6817.0
1.9135832786560059, 6817.0
1.9544031620025635, 6817.0
1.9952750205993652, 6901.0
2.0360960960388184, 6908.0
2.0784871578216553, 6908.0
2.1194989681243896, 6916.0
2.160590171813965, 6917.0
2.201573133468628, 6917.0
2.2424352169036865, 6917.0
2.283324956893921, 6917.0
2.324284076690674, 6917.0
2.365230083465576, 6917.0
2.4062130451202393, 6917.0
2.447054147720337, 6917.0
2.4879848957061768, 6917.0
2.5291130542755127, 6917.0
2.570040225982666, 6917.0
2.6109771728515625, 6917.0
2.6518900394439697, 6917.0
2.692786931991577, 6917.0
2.733612060546875, 6917.0
2.7743561267852783, 6917.0
2.815223217010498, 6917.0
2.8570570945739746, 6917.0
2.898754119873047, 6917.0
2.9405770301818848, 6917.0
2.982452154159546, 6917.0
3.0242040157318115, 6917.0
3.067085027694702, 6917.0
3.1095528602600098, 6917.0
3.1511082649230957, 6917.0
3.1927030086517334, 6917.0
3.2342889308929443, 6917.0
3.276043176651001, 6917.0
3.3181850910186768, 6917.0
3.360314130783081, 6917.0
3.402247905731201, 6917.0
3.4430160522460938, 6917.0
3.48376202583313, 6917.0
3.5244412422180176, 6917.0
3.5651259422302246, 6917.0
3.605877161026001, 6917.0
3.646573066711426, 6917.0
3.687346935272217, 6917.0
3.7280640602111816, 6917.0
3.7689008712768555, 6917.0
3.8096771240234375, 6917.0
3.8503901958465576, 6917.0
3.8911092281341553, 6917.0
3.9317309856414795, 6917.0
3.9725310802459717, 6917.0
4.013309955596924, 6917.0
4.054028034210205, 6917.0
4.096142053604126, 6917.0
4.138049125671387, 6917.0
4.178702116012573, 6917.0
4.219429969787598, 6917.0
4.260071039199829, 6917.0
4.300800085067749, 6917.0
4.341576099395752, 6917.0
4.382662057876587, 6917.0
4.42332124710083, 6917.0
4.464064121246338, 6917.0
4.504781246185303, 6917.0
4.545652151107788, 6917.0
4.587470054626465, 6917.0
4.6293580532073975, 6917.0
4.670967102050781, 6917.0
4.712922096252441, 6917.0
4.756273984909058, 6917.0
4.798027992248535, 6917.0
4.839540004730225, 6917.0
4.881056070327759, 6917.0
4.9229841232299805, 6917.0
4.965023040771484, 6917.0
5.007025957107544, 6917.0
5.049223899841309, 6917.0
5.090679168701172, 6917.0
5.131488084793091, 6917.0
5.172178030014038, 6917.0
5.212888240814209, 6917.0
5.253663063049316, 6917.0
5.2943949699401855, 6917.0
5.335095167160034, 6917.0
5.375901937484741, 6917.0
5.416602849960327, 6917.0
5.457382917404175, 6917.0
5.498009204864502, 6917.0
5.538664102554321, 6917.0
5.579480171203613, 6917.0
5.6202309131622314, 6917.0
5.660906076431274, 6917.0
5.701565980911255, 6917.0
5.742290019989014, 6917.0
5.782970905303955, 6917.0
5.8236401081085205, 6917.0
5.864346265792847, 6917.0
5.905120134353638, 6917.0
5.945919036865234, 6917.0
5.986656188964844, 6917.0
6.027523040771484, 6917.0
6.0682501792907715, 6917.0
6.109339952468872, 6917.0
6.151900053024292, 6917.0
6.192751169204712, 6917.0
6.233450174331665, 6917.0
6.274298191070557, 6917.0
6.315057992935181, 6917.0
6.355895042419434, 6917.0
6.396636962890625, 6917.0
6.437413215637207, 6917.0
6.478158235549927, 6917.0
6.518984079360962, 6917.0
6.559816122055054, 6917.0
6.6005918979644775, 6917.0
6.64138126373291, 6917.0
6.682013988494873, 6917.0
6.722804069519043, 6917.0
6.763514280319214, 6917.0
6.8043341636657715, 6917.0
6.844957113265991, 6917.0
6.885631084442139, 6917.0
6.926400184631348, 6917.0
6.967106103897095, 6917.0
7.0078980922698975, 6917.0
7.048600196838379, 6917.0
7.089530944824219, 6917.0
7.1303040981292725, 6917.0
7.171046018600464, 6917.0
7.211831092834473, 6917.0
7.252504110336304, 6917.0
7.293170928955078, 6917.0
7.333860158920288, 6917.0
7.374380111694336, 6917.0
7.415213108062744, 6917.0
7.455840110778809, 6917.0
7.496472120285034, 6917.0
7.537060260772705, 6917.0
7.577784061431885, 6917.0
7.618445158004761, 6917.0
7.659065246582031, 6917.0
7.699712038040161, 6917.0
7.740422010421753, 6917.0
7.78096604347229, 6917.0
7.821644067764282, 6917.0
7.862337112426758, 6917.0
7.902937173843384, 6917.0
7.943610906600952, 6917.0
7.984330177307129, 6917.0
8.024911165237427, 6917.0
8.065608978271484, 6917.0
8.106246948242188, 6917.0
8.146786212921143, 6917.0
8.189484119415283, 6917.0
