0.00020885467529296875, 488.0
0.0004150867462158203, 595.0
0.0006189346313476562, 1553.0
0.0008211135864257812, 1919.0
0.0010249614715576172, 1920.0
0.0012280941009521484, 2623.0
0.0014309883117675781, 3571.0
0.0016350746154785156, 4465.0
0.0018420219421386719, 4577.0
0.0020470619201660156, 4766.0
0.004065990447998047, 4767.0
0.0172119140625, 4798.0
0.02406597137451172, 4799.0
0.08570384979248047, 4823.0
0.08750796318054199, 4892.0
0.0926511287689209, 4916.0
0.09621191024780273, 5023.0
0.09857892990112305, 5111.0
0.12173295021057129, 5230.0
0.1221308708190918, 5270.0
0.12252998352050781, 5271.0
0.13209915161132812, 5272.0
0.14147210121154785, 5273.0
0.17078781127929688, 5313.0
0.17316102981567383, 5350.0
0.20708513259887695, 5385.0
0.7780790328979492, 5410.0
0.7802350521087646, 5455.0
0.7876260280609131, 5636.0
0.7982058525085449, 5637.0
0.8054280281066895, 5663.0
0.812222957611084, 5733.0
0.8140192031860352, 5773.0
0.8290131092071533, 5820.0
1.872300148010254, 5863.0
1.8777899742126465, 5875.0
1.879748821258545, 5906.0
2.0022170543670654, 5933.0
2.0109870433807373, 6004.0
2.0219039916992188, 6019.0
2.0240509510040283, 6197.0
5.68247389793396, 6247.0
5.795954942703247, 6284.0
5.807353973388672, 6313.0
5.812714099884033, 6314.0
5.824569940567017, 6440.0
5.8249831199646, 6441.0
10.184842109680176, 6484.0
10.360276937484741, 6553.0
10.360485792160034, 6554.0
10.365400075912476, 6597.0
10.367846012115479, 6638.0
10.465550899505615, 6692.0
10.513973951339722, 6703.0
10.541075944900513, 6769.0
10.577937841415405, 6802.0
10.584910869598389, 6808.0
10.689822912216187, 6874.0
10.739811182022095, 6897.0
11.350658178329468, 6982.0
11.35228180885315, 6983.0
11.354513883590698, 7050.0
11.387967109680176, 7119.0
11.402745962142944, 7182.0
11.429368019104004, 7199.0
11.43522596359253, 7235.0
11.436042070388794, 7247.0
11.472635984420776, 7265.0
12.324084997177124, 7314.0
12.330765008926392, 7370.0
12.340445041656494, 7396.0
12.348497867584229, 7397.0
12.553225040435791, 7411.0
12.58177399635315, 7557.0
13.534895896911621, 7563.0
13.542145013809204, 7564.0
13.573024034500122, 7584.0
15.957360982894897, 7596.0
15.959020137786865, 7597.0
16.959792852401733, 7695.0
18.517688035964966, 7762.0
