0.011639118194580078, 1.0
0.011837005615234375, 2.0
0.01213216781616211, 3.0
0.012540102005004883, 4.0
0.01302194595336914, 5.0
0.013122081756591797, 40.0
0.013467073440551758, 41.0
0.01365518569946289, 42.0
0.013936996459960938, 43.0
0.014312028884887695, 44.0
0.014781951904296875, 45.0
0.01497507095336914, 75.0
0.015325069427490234, 76.0
0.015516042709350586, 77.0
0.01581406593322754, 78.0
0.016189098358154297, 79.0
0.016674041748046875, 80.0
0.016927003860473633, 88.0
0.01726818084716797, 89.0
0.017467975616455078, 90.0
0.017766952514648438, 91.0
0.018166065216064453, 92.0
0.01863718032836914, 93.0
0.0188291072845459, 123.0
0.019178152084350586, 124.0
0.019369125366210938, 125.0
0.0196530818939209, 126.0
0.020036935806274414, 127.0
0.02051997184753418, 128.0
0.020823240280151367, 132.0
0.021177291870117188, 133.0
0.021386146545410156, 134.0
0.021699190139770508, 135.0
0.02210688591003418, 136.0
0.022591114044189453, 137.0
0.022797107696533203, 167.0
0.023171186447143555, 168.0
0.02338695526123047, 169.0
0.023684263229370117, 170.0
0.024062156677246094, 171.0
0.024570941925048828, 172.0
0.0248110294342041, 180.0
0.025136947631835938, 181.0
0.02534198760986328, 182.0
0.025647878646850586, 183.0
0.02602410316467285, 184.0
0.02649211883544922, 185.0
0.026681900024414062, 215.0
0.027008056640625, 216.0
0.027198076248168945, 217.0
0.0274813175201416, 218.0
0.02785515785217285, 219.0
0.02832508087158203, 220.0
0.028753042221069336, 231.0
0.02909231185913086, 232.0
0.02928018569946289, 233.0
0.02956390380859375, 234.0
0.02994704246520996, 235.0
0.03041529655456543, 236.0
0.030672073364257812, 244.0
0.031033992767333984, 245.0
0.03124213218688965, 246.0
0.031542062759399414, 247.0
0.031925201416015625, 248.0
0.03241109848022461, 249.0
0.03260397911071777, 279.0
0.03292703628540039, 280.0
0.03311324119567871, 281.0
0.033392906188964844, 282.0
0.0337679386138916, 283.0
0.03423595428466797, 284.0
0.03475618362426758, 305.0
0.035082101821899414, 306.0
0.035269975662231445, 307.0
0.0355532169342041, 308.0
0.03594088554382324, 309.0
0.036412954330444336, 310.0
0.036839962005615234, 321.0
0.0371699333190918, 322.0
0.037358999252319336, 323.0
0.0376431941986084, 324.0
0.03802204132080078, 325.0
0.03849005699157715, 326.0
0.038726091384887695, 334.0
0.039051055908203125, 335.0
0.03923797607421875, 336.0
0.03952217102050781, 337.0
0.03990817070007324, 338.0
0.040377140045166016, 339.0
0.04056715965270996, 369.0
0.04089212417602539, 370.0
0.0410771369934082, 371.0
0.04135918617248535, 372.0
0.04173707962036133, 373.0
0.04222226142883301, 374.0
0.042793989181518555, 375.0
0.043122053146362305, 376.0
0.04330921173095703, 377.0
0.04359102249145508, 378.0
0.04396820068359375, 379.0
0.04443812370300293, 380.0
0.04467511177062988, 388.0
0.045007944107055664, 389.0
0.04520416259765625, 390.0
0.04549717903137207, 391.0
0.04587197303771973, 392.0
0.046362876892089844, 393.0
0.04655909538269043, 423.0
0.046885013580322266, 424.0
0.04707217216491699, 425.0
0.04735112190246582, 426.0
0.0477290153503418, 427.0
0.04820609092712402, 428.0
0.048731088638305664, 449.0
0.04906105995178223, 450.0
0.049250125885009766, 451.0
0.04953312873840332, 452.0
0.05047726631164551, 453.0
0.05109715461730957, 465.0
0.05142402648925781, 466.0
0.051611900329589844, 467.0
0.052126169204711914, 468.0
0.05297589302062988, 469.0
0.05340290069580078, 478.0
0.05373215675354004, 479.0
0.053919076919555664, 480.0
0.05444216728210449, 481.0
0.05642414093017578, 482.0
0.05694222450256348, 483.0
0.058645009994506836, 488.0
0.0589902400970459, 489.0
0.05918598175048828, 490.0
0.05946707725524902, 491.0
0.06043291091918945, 492.0
0.06081533432006836, 496.0
0.06126713752746582, 497.0
0.06145310401916504, 498.0
0.06174302101135254, 499.0
0.06214094161987305, 500.0
0.06261301040649414, 531.0
0.06376194953918457, 543.0
0.06494903564453125, 546.0
0.065277099609375, 547.0
0.06570196151733398, 550.0
0.06616997718811035, 551.0
0.06668615341186523, 552.0
0.06763100624084473, 553.0
0.06881904602050781, 554.0
0.06929492950439453, 555.0
0.06939029693603516, 566.0
0.06981611251831055, 567.0
0.0726320743560791, 568.0
0.07386612892150879, 574.0
0.07435297966003418, 575.0
0.07504796981811523, 576.0
0.07716012001037598, 578.0
0.07761597633361816, 579.0
0.07851600646972656, 580.0
0.07901406288146973, 581.0
0.07950806617736816, 582.0
0.08079218864440918, 590.0
0.08122611045837402, 591.0
0.08169913291931152, 592.0
0.08260512351989746, 594.0
0.08342814445495605, 600.0
0.08395195007324219, 601.0
0.08471202850341797, 602.0
0.08728313446044922, 603.0
0.08775925636291504, 604.0
0.09067392349243164, 606.0
0.09119701385498047, 607.0
0.09166598320007324, 608.0
0.0934762954711914, 612.0
0.0939950942993164, 613.0
0.09614801406860352, 620.0
0.0987391471862793, 621.0
0.09926199913024902, 622.0
0.10022211074829102, 623.0
0.10332918167114258, 627.0
0.10394501686096191, 628.0
0.10475707054138184, 643.0
0.10969710350036621, 644.0
0.11275506019592285, 648.0
0.11341500282287598, 649.0
0.11499619483947754, 651.0
0.12032794952392578, 652.0
0.12311410903930664, 654.0
0.12392210960388184, 655.0
0.12439417839050293, 656.0
0.12938189506530762, 658.0
0.13013505935668945, 659.0
0.13810515403747559, 660.0
0.1390371322631836, 661.0
0.1420149803161621, 662.0
0.14278888702392578, 663.0
0.1464071273803711, 675.0
0.15099716186523438, 679.0
0.15208005905151367, 680.0
0.15769410133361816, 687.0
0.16893219947814941, 688.0
0.16941213607788086, 689.0
0.1762561798095703, 690.0
0.17673206329345703, 691.0
0.17826223373413086, 693.0
0.18403410911560059, 694.0
0.18764400482177734, 695.0
0.18850111961364746, 696.0
0.19091796875, 705.0
0.19528412818908691, 711.0
0.1988849639892578, 712.0
0.19954514503479004, 713.0
0.20002412796020508, 722.0
0.20409822463989258, 726.0
0.20970511436462402, 731.0
0.21556305885314941, 733.0
0.21792006492614746, 737.0
0.2349698543548584, 741.0
0.23684096336364746, 749.0
0.23851513862609863, 753.0
0.23928403854370117, 758.0
0.2432689666748047, 763.0
0.24449586868286133, 764.0
0.24496698379516602, 765.0
0.24685120582580566, 771.0
0.24802112579345703, 773.0
0.24916911125183105, 774.0
0.2550070285797119, 775.0
0.2559702396392822, 776.0
0.2569870948791504, 781.0
0.2580392360687256, 782.0
0.26021623611450195, 787.0
0.26120805740356445, 788.0
0.2629971504211426, 790.0
0.2651662826538086, 794.0
0.26632094383239746, 800.0
0.2681879997253418, 804.0
0.2730860710144043, 809.0
0.27478814125061035, 810.0
0.27881622314453125, 820.0
0.2805190086364746, 821.0
0.2809932231903076, 822.0
0.2838921546936035, 826.0
0.2851881980895996, 846.0
0.2934589385986328, 847.0
0.2944509983062744, 848.0
0.2969691753387451, 849.0
0.2983109951019287, 855.0
0.3048069477081299, 857.0
0.30980992317199707, 858.0
0.310809850692749, 859.0
0.316547155380249, 861.0
0.32195520401000977, 895.0
0.33556413650512695, 897.0
0.3492109775543213, 902.0
0.4228942394256592, 913.0
0.425518274307251, 914.0
0.42563891410827637, 915.0
0.4287891387939453, 916.0
0.43431925773620605, 917.0
0.4521160125732422, 926.0
0.45470499992370605, 927.0
0.5165820121765137, 934.0
0.543536901473999, 946.0
0.5762040615081787, 950.0
0.5879502296447754, 959.0
0.5880510807037354, 961.0
0.610551118850708, 969.0
0.6168320178985596, 976.0
0.6210381984710693, 977.0
0.6215062141418457, 978.0
0.6377429962158203, 979.0
0.6791510581970215, 980.0
0.6825540065765381, 983.0
0.697188138961792, 1001.0
0.7283079624176025, 1012.0
0.7634711265563965, 1013.0
0.8359959125518799, 1025.0
0.8778750896453857, 1027.0
0.9452130794525146, 1031.0
1.0783319473266602, 1043.0
1.1113522052764893, 1049.0
1.1629152297973633, 1051.0
1.2531139850616455, 1062.0
1.3308990001678467, 1063.0
1.3378090858459473, 1066.0
1.478398084640503, 1067.0
1.4987380504608154, 1073.0
1.6369669437408447, 1084.0
1.7216012477874756, 1088.0
1.9135949611663818, 1102.0
2.0240089893341064, 1106.0
2.107086181640625, 1108.0
2.1503512859344482, 1114.0
2.248098134994507, 1115.0
2.2886312007904053, 1121.0
2.314203977584839, 1132.0
2.336055040359497, 1135.0
2.4517440795898438, 1136.0
2.513132095336914, 1148.0
2.5732271671295166, 1149.0
2.6283631324768066, 1161.0
2.6623172760009766, 1166.0
2.700676202774048, 1177.0
2.849776029586792, 1180.0
2.9036691188812256, 1181.0
2.910966157913208, 1188.0
2.971503973007202, 1191.0
2.9810791015625, 1192.0
2.988054037094116, 1196.0
3.0103631019592285, 1203.0
3.067707061767578, 1204.0
3.0937769412994385, 1205.0
3.122365951538086, 1219.0
3.1792900562286377, 1220.0
3.2263529300689697, 1223.0
3.264782190322876, 1239.0
3.2657570838928223, 1248.0
3.2917330265045166, 1260.0
3.346618890762329, 1268.0
3.3901870250701904, 1271.0
3.4423680305480957, 1274.0
3.552186965942383, 1275.0
3.5718400478363037, 1283.0
3.582237958908081, 1290.0
3.6879072189331055, 1291.0
3.6984400749206543, 1292.0
3.6989450454711914, 1298.0
3.7645740509033203, 1308.0
3.818930149078369, 1311.0
3.829998254776001, 1318.0
3.8537139892578125, 1333.0
3.9179091453552246, 1344.0
3.9403390884399414, 1351.0
3.977540969848633, 1352.0
4.109717130661011, 1363.0
4.1163551807403564, 1383.0
4.161732912063599, 1389.0
4.172535181045532, 1390.0
4.233784198760986, 1400.0
4.278120994567871, 1404.0
4.333758115768433, 1415.0
4.359716892242432, 1454.0
4.370965003967285, 1462.0
4.450767993927002, 1465.0
4.51136589050293, 1474.0
4.5297300815582275, 1476.0
4.552890062332153, 1483.0
4.578243255615234, 1493.0
4.579161882400513, 1498.0
4.595348119735718, 1499.0
4.606142044067383, 1500.0
4.6074841022491455, 1507.0
4.618844985961914, 1522.0
4.691751003265381, 1535.0
4.714489936828613, 1542.0
4.7253570556640625, 1557.0
4.7536780834198, 1565.0
4.820005893707275, 1572.0
4.837342977523804, 1574.0
4.85876202583313, 1576.0
4.881351947784424, 1590.0
4.939087867736816, 1596.0
4.9704909324646, 1603.0
4.981471061706543, 1604.0
5.005428075790405, 1614.0
5.0395591259002686, 1626.0
5.050723075866699, 1634.0
