0.048648834228515625, 4010.0
0.08749699592590332, 4404.0
0.12552595138549805, 4804.0
0.16368412971496582, 4955.0
0.20178794860839844, 4955.0
0.24012494087219238, 4955.0
0.27863287925720215, 4955.0
0.31742215156555176, 5001.0
0.3563079833984375, 5197.0
0.3953080177307129, 5209.0
0.43428492546081543, 5316.0
0.4734189510345459, 5612.0
0.5123090744018555, 5612.0
0.5512409210205078, 5612.0
0.5906178951263428, 5683.0
0.6297869682312012, 5683.0
0.6689999103546143, 5701.0
0.7082948684692383, 5807.0
0.7476749420166016, 5912.0
0.7871060371398926, 5917.0
0.8266549110412598, 6055.0
0.8662400245666504, 6055.0
0.9058198928833008, 6095.0
0.9454629421234131, 6114.0
0.9851489067077637, 6114.0
1.0254309177398682, 6209.0
1.0657920837402344, 6376.0
1.1056251525878906, 6376.0
1.1455159187316895, 6388.0
1.1854488849639893, 6403.0
1.2255959510803223, 6466.0
1.2656159400939941, 6513.0
1.3057148456573486, 6781.0
1.3466408252716064, 6781.0
1.3867740631103516, 6781.0
1.4269540309906006, 6781.0
1.467149019241333, 6798.0
1.5073659420013428, 6798.0
1.547563076019287, 6798.0
1.5877509117126465, 6798.0
1.6281118392944336, 6910.0
1.6684060096740723, 6913.0
1.7086620330810547, 6913.0
1.7489888668060303, 6916.0
1.7893598079681396, 6916.0
1.8297321796417236, 6916.0
1.8701739311218262, 6917.0
1.9105620384216309, 6917.0
1.9509739875793457, 7001.0
1.9914491176605225, 7001.0
2.0319418907165527, 7001.0
2.072514057159424, 7001.0
2.1138479709625244, 7007.0
2.1548759937286377, 7007.0
2.1953420639038086, 7007.0
2.236171007156372, 7007.0
2.2766809463500977, 7007.0
2.317239999771118, 7007.0
2.3576269149780273, 7007.0
2.398175001144409, 7013.0
2.4387378692626953, 7013.0
2.479254961013794, 7013.0
2.519589900970459, 7013.0
2.560051918029785, 7013.0
2.600619077682495, 7016.0
2.641188144683838, 7016.0
2.6816587448120117, 7016.0
2.7221620082855225, 7016.0
2.7626218795776367, 7016.0
2.8030788898468018, 7016.0
2.843514919281006, 7016.0
2.8840088844299316, 7016.0
2.924442768096924, 7016.0
2.9649429321289062, 7016.0
3.0053141117095947, 7017.0
3.0457799434661865, 7017.0
3.0862629413604736, 7017.0
3.126720905303955, 7017.0
3.1671619415283203, 7017.0
3.2075579166412354, 7017.0
3.24820876121521, 7017.0
3.28867506980896, 7017.0
3.329257011413574, 7017.0
3.36966609954834, 7017.0
3.4102659225463867, 7017.0
3.4506707191467285, 7017.0
3.4915518760681152, 7017.0
3.5320589542388916, 7017.0
3.5726001262664795, 7017.0
3.6140129566192627, 7017.0
3.655668020248413, 7017.0
3.6971099376678467, 7017.0
3.739177942276001, 7017.0
3.782083749771118, 7017.0
3.8234329223632812, 7017.0
3.8647570610046387, 7017.0
3.9060580730438232, 7017.0
3.9474689960479736, 7017.0
3.9893267154693604, 7017.0
4.031210899353027, 7017.0
4.073253870010376, 7017.0
4.114160776138306, 7017.0
4.156525135040283, 7017.0
4.198007106781006, 7017.0
4.239118814468384, 7017.0
4.280196905136108, 7017.0
4.321295738220215, 7017.0
4.3623878955841064, 7017.0
4.403289079666138, 7017.0
4.444192886352539, 7017.0
4.485121011734009, 7017.0
4.526061058044434, 7017.0
4.566941976547241, 7017.0
4.607889890670776, 7017.0
4.64871883392334, 7017.0
4.689659833908081, 7017.0
4.730534791946411, 7017.0
4.7717978954315186, 7017.0
4.812668800354004, 7017.0
4.853606939315796, 7017.0
4.8945558071136475, 7017.0
4.9355199337005615, 7017.0
4.976327896118164, 7017.0
5.017413854598999, 7017.0
5.058294057846069, 7017.0
5.099318981170654, 7017.0
5.14104700088501, 7017.0
5.1830058097839355, 7017.0
5.224919080734253, 7017.0
5.266974925994873, 7017.0
5.310410022735596, 7017.0
5.352698802947998, 7017.0
5.394485950469971, 7017.0
5.4362969398498535, 7017.0
5.478060960769653, 7017.0
5.520128965377808, 7017.0
5.562511920928955, 7017.0
5.605456829071045, 7017.0
5.647176027297974, 7017.0
5.688117027282715, 7017.0
5.729024887084961, 7017.0
5.769912004470825, 7017.0
5.810967922210693, 7017.0
5.851955890655518, 7017.0
5.892843961715698, 7017.0
5.933742046356201, 7017.0
5.974532842636108, 7017.0
6.01544976234436, 7017.0
6.0574729442596436, 7017.0
6.098381042480469, 7017.0
6.13930082321167, 7017.0
6.180651903152466, 7017.0
6.22294807434082, 7017.0
6.264131784439087, 7017.0
6.30532693862915, 7017.0
6.346844911575317, 7017.0
6.3880157470703125, 7017.0
6.429280042648315, 7017.0
6.470479965209961, 7017.0
6.5116798877716064, 7017.0
6.552889108657837, 7017.0
6.593948841094971, 7017.0
6.6351869106292725, 7017.0
6.676238775253296, 7017.0
6.717365026473999, 7017.0
6.758413076400757, 7017.0
6.799468040466309, 7017.0
6.8404600620269775, 7017.0
6.881533861160278, 7017.0
6.922695875167847, 7017.0
6.963886022567749, 7017.0
7.004934787750244, 7017.0
7.046195030212402, 7017.0
7.0874550342559814, 7017.0
7.128485918045044, 7017.0
7.169691801071167, 7017.0
7.210901975631714, 7017.0
7.252033948898315, 7017.0
7.2932329177856445, 7017.0
7.334641933441162, 7017.0
7.375790119171143, 7017.0
7.4169840812683105, 7017.0
7.458178997039795, 7017.0
7.49922776222229, 7017.0
7.5404229164123535, 7017.0
7.581675052642822, 7017.0
7.622756719589233, 7017.0
7.664367914199829, 7017.0
7.705528020858765, 7017.0
7.746766090393066, 7017.0
7.7879297733306885, 7017.0
7.82897686958313, 7017.0
7.870080947875977, 7017.0
7.911422967910767, 7017.0
7.952539920806885, 7017.0
7.993634939193726, 7017.0
8.034670114517212, 7017.0
8.075732946395874, 7017.0
8.116939067840576, 7017.0
8.158071041107178, 7017.0
8.19919204711914, 7017.0
