1.135063886642456, 62628.0
1.8922619819641113, 71016.0
2.6468658447265625, 77972.0
3.3972859382629395, 79134.0
4.171831846237183, 83683.0
4.930452108383179, 89051.0
5.702038049697876, 91776.0
6.4574809074401855, 103443.0
7.215065956115723, 104242.0
7.9719398021698, 112343.0
8.731988906860352, 112343.0
9.508919954299927, 112366.0
10.27110505104065, 115446.0
11.019932985305786, 119308.0
11.780419826507568, 122851.0
12.523098945617676, 132326.0
13.2775399684906, 132326.0
14.034999132156372, 135027.0
14.792362928390503, 135359.0
15.551261901855469, 140345.0
16.30836796760559, 143843.0
17.086188077926636, 144074.0
17.8641619682312, 148678.0
18.635910987854004, 153719.0
19.406769037246704, 156525.0
20.179959058761597, 156525.0
20.95102596282959, 167856.0
21.724077939987183, 167856.0
22.493820905685425, 171559.0
23.26173686981201, 171912.0
24.031574010849, 176387.0
24.81283473968506, 176387.0
25.588932991027832, 176981.0
26.36629581451416, 182015.0
27.135179042816162, 182487.0
27.907660722732544, 187263.0
28.675355911254883, 187823.0
29.44912600517273, 188279.0
30.218952894210815, 193519.0
30.99201202392578, 193884.0
31.753992080688477, 204498.0
32.52610111236572, 204498.0
33.298322916030884, 204498.0
34.11474895477295, 207431.0
34.902649879455566, 207518.0
35.685044050216675, 210765.0
36.46103000640869, 219376.0
37.24890995025635, 224082.0
38.04100298881531, 224082.0
38.81495499610901, 224082.0
39.589982986450195, 224365.0
40.357818841934204, 224365.0
41.12236499786377, 230225.0
41.90005898475647, 230225.0
42.67964506149292, 230225.0
43.481131076812744, 231449.0
44.266265869140625, 232567.0
45.033665895462036, 242950.0
45.80100893974304, 242950.0
46.56751108169556, 243600.0
47.3414740562439, 243600.0
48.10762405395508, 250851.0
48.87415790557861, 250851.0
49.64180088043213, 254785.0
50.42321801185608, 254785.0
51.207098960876465, 255238.0
51.99655199050903, 257971.0
52.7837860584259, 260852.0
53.57009696960449, 265049.0
54.35749006271362, 265049.0
55.14168977737427, 265311.0
55.926843881607056, 265311.0
56.70307493209839, 266317.0
57.48791289329529, 269956.0
58.26231002807617, 277548.0
59.0390191078186, 277548.0
59.82944178581238, 279053.0
60.622231006622314, 279053.0
61.40921401977539, 279202.0
62.1976158618927, 281272.0
62.9993839263916, 287898.0
63.79183602333069, 289560.0
64.57496404647827, 289616.0
65.36009812355042, 295875.0
66.1378538608551, 295875.0
66.93889284133911, 295875.0
67.71974992752075, 298574.0
68.50396394729614, 298574.0
69.29633092880249, 301150.0
70.10116577148438, 301150.0
70.8931839466095, 301150.0
71.69715309143066, 303983.0
72.4934458732605, 303983.0
73.28929281234741, 309786.0
74.07522583007812, 309786.0
74.87616014480591, 309786.0
75.67292094230652, 309786.0
76.47585201263428, 310006.0
77.26868200302124, 318316.0
78.06152892112732, 318316.0
78.8557779788971, 319540.0
79.64929699897766, 319540.0
80.44956398010254, 320521.0
81.253427028656, 320521.0
82.04880285263062, 325423.0
82.84048700332642, 325423.0
83.63679003715515, 327642.0
84.43455386161804, 327642.0
85.25699090957642, 327642.0
86.07088804244995, 328955.0
86.86894488334656, 329582.0
87.66896891593933, 329988.0
88.4753098487854, 333910.0
89.27780890464783, 334846.0
90.1125009059906, 335084.0
90.92511296272278, 335920.0
91.73436999320984, 335920.0
92.55091309547424, 338210.0
93.36688804626465, 341442.0
94.18821787834167, 341442.0
95.00215673446655, 341442.0
95.81631898880005, 347009.0
96.6215488910675, 347009.0
97.41288304328918, 349697.0
98.21842002868652, 349697.0
99.0235641002655, 349697.0
99.83063101768494, 349697.0
100.6221981048584, 352294.0
101.43604779243469, 353936.0
102.23045086860657, 353936.0
103.03495979309082, 354662.0
103.84440302848816, 354662.0
104.64870882034302, 354898.0
105.45631790161133, 355083.0
106.26557087898254, 355083.0
107.09287786483765, 358939.0
107.91348314285278, 358939.0
108.72249698638916, 364174.0
109.53670001029968, 364174.0
110.34312987327576, 364174.0
111.1538188457489, 364300.0
111.964026927948, 367201.0
112.77298903465271, 367387.0
113.57713007926941, 367387.0
114.38246393203735, 367387.0
115.21398782730103, 370023.0
116.04653906822205, 370023.0
116.86464190483093, 370023.0
117.67539381980896, 372740.0
118.49839186668396, 374474.0
119.30965495109558, 375206.0
120.14463186264038, 377203.0
121.00022792816162, 380902.0
121.80682706832886, 380902.0
122.6111581325531, 380902.0
123.41011905670166, 380902.0
124.24011182785034, 380902.0
125.04737997055054, 382090.0
125.85429573059082, 383387.0
126.66275477409363, 383387.0
127.47786402702332, 383387.0
128.28732800483704, 384473.0
129.09352612495422, 386907.0
129.9023060798645, 391384.0
130.70895910263062, 391384.0
131.51967000961304, 391384.0
132.34173488616943, 391384.0
133.15565299987793, 391384.0
133.9701600074768, 392147.0
134.78464102745056, 392147.0
135.590913772583, 392175.0
136.40607380867004, 392175.0
137.2283170223236, 393385.0
138.04193377494812, 397086.0
138.85667300224304, 397086.0
139.67335605621338, 397086.0
140.48426389694214, 397117.0
141.28558993339539, 398740.0
142.09758281707764, 398740.0
142.90293097496033, 398740.0
143.71794986724854, 398740.0
144.53259992599487, 399746.0
145.3537130355835, 400593.0
146.16938710212708, 400593.0
146.98553895950317, 400593.0
147.79983687400818, 400593.0
148.60003900527954, 400604.0
149.40114784240723, 402046.0
150.20243787765503, 402046.0
151.0201199054718, 402046.0
151.84371900558472, 405253.0
152.6632149219513, 405253.0
153.4764370918274, 405253.0
154.292405128479, 405253.0
155.10340094566345, 409185.0
155.91867184638977, 409185.0
156.73192501068115, 409185.0
157.537211894989, 409185.0
158.34349298477173, 409185.0
159.156396150589, 411176.0
159.9751489162445, 411176.0
