0.5204579830169678, 36281.0
0.8924100399017334, 41481.0
1.2704761028289795, 45695.0
1.6475720405578613, 45695.0
2.027719020843506, 48359.0
2.413896083831787, 52808.0
2.796207904815674, 54559.0
3.178795099258423, 57889.0
3.56200909614563, 61021.0
3.9509389400482178, 62085.0
4.349114179611206, 64961.0
4.731238842010498, 66916.0
5.11189603805542, 71534.0
5.499373197555542, 74004.0
5.887769937515259, 78490.0
6.271389961242676, 78490.0
6.651731014251709, 80429.0
7.0325891971588135, 80429.0
7.4144861698150635, 87153.0
7.799453973770142, 87153.0
8.18628191947937, 89452.0
8.573853015899658, 91448.0
8.96068787574768, 93453.0
9.346959829330444, 97426.0
9.729988813400269, 97881.0
10.113679885864258, 98723.0
10.501956939697266, 101710.0
10.890521049499512, 101710.0
11.277294158935547, 105556.0
11.662124156951904, 107061.0
12.052007913589478, 109916.0
12.444878101348877, 109916.0
12.83495807647705, 112432.0
13.226011991500854, 112961.0
13.619272947311401, 119495.0
14.011980056762695, 119495.0
14.40687894821167, 122716.0
14.79895305633545, 126858.0
15.190490007400513, 128609.0
15.584272861480713, 129634.0
15.97451114654541, 129634.0
16.37091612815857, 131230.0
16.765650033950806, 131230.0
17.158556938171387, 131883.0
17.548086166381836, 133208.0
17.9432430267334, 136800.0
18.340698957443237, 137644.0
18.731387853622437, 137644.0
19.126415252685547, 144090.0
19.517547130584717, 144164.0
19.910709142684937, 148040.0
20.30882215499878, 148040.0
20.70693612098694, 148312.0
21.09932017326355, 150762.0
21.495936155319214, 153205.0
21.893227100372314, 153905.0
22.28626298904419, 157458.0
22.684179067611694, 159481.0
23.078047037124634, 159481.0
23.475546836853027, 159481.0
23.86988592147827, 161708.0
24.26446795463562, 161708.0
24.666404247283936, 165914.0
25.06078314781189, 168805.0
25.460958003997803, 168805.0
25.86038088798523, 169544.0
26.26021718978882, 169544.0
26.663023948669434, 172081.0
27.058666944503784, 174886.0
27.454851150512695, 174886.0
27.853883981704712, 174886.0
28.25013303756714, 174886.0
28.652058839797974, 175999.0
29.053035974502563, 175999.0
29.453997135162354, 177025.0
29.85287618637085, 177596.0
30.254521131515503, 177596.0
30.65651512145996, 179026.0
31.058585166931152, 179224.0
31.460975885391235, 181085.0
31.863173961639404, 181138.0
32.26342701911926, 184026.0
32.667328119277954, 184164.0
33.07213497161865, 184164.0
33.50299000740051, 185373.0
33.91430711746216, 187859.0
34.33017921447754, 187859.0
34.746898889541626, 187859.0
35.157413959503174, 188898.0
35.569416999816895, 191576.0
35.984286069869995, 191576.0
36.39583492279053, 191576.0
36.81858992576599, 192894.0
37.299498081207275, 192894.0
37.72170901298523, 192894.0
38.137935161590576, 195014.0
38.550347089767456, 195014.0
38.961623191833496, 195136.0
39.36916995048523, 195136.0
39.77702188491821, 197856.0
40.18674421310425, 197856.0
40.614020109176636, 198306.0
41.052268981933594, 198433.0
41.46513891220093, 199041.0
41.882452964782715, 199041.0
42.30002307891846, 199041.0
42.78138709068298, 200618.0
43.201629877090454, 201436.0
43.617027044296265, 202309.0
44.03670883178711, 207045.0
44.44556713104248, 207045.0
44.86401891708374, 207045.0
45.282387018203735, 207045.0
45.69222092628479, 207045.0
46.097732067108154, 207045.0
46.504740953445435, 207084.0
46.91526818275452, 207397.0
47.33576202392578, 210330.0
47.74917411804199, 210330.0
48.163219928741455, 210330.0
48.57212281227112, 210515.0
48.983412981033325, 210903.0
49.39074420928955, 211374.0
49.79937505722046, 211374.0
50.20593595504761, 211374.0
50.615654945373535, 212146.0
51.02584910392761, 212188.0
51.431719064712524, 212337.0
51.84265398979187, 213147.0
52.25163698196411, 213866.0
52.662862062454224, 214460.0
53.07534909248352, 217001.0
53.48764705657959, 219219.0
53.897095918655396, 219219.0
54.30950880050659, 219219.0
54.725598096847534, 219219.0
55.137654066085815, 219693.0
55.547895193099976, 219693.0
55.95560598373413, 219693.0
56.36091113090515, 220358.0
56.772483110427856, 223317.0
57.184818983078, 223317.0
57.596221923828125, 223317.0
58.00893688201904, 223758.0
58.42070722579956, 223847.0
58.8895628452301, 223847.0
59.31069588661194, 223858.0
59.72587013244629, 223858.0
60.134488105773926, 224341.0
60.54705309867859, 224341.0
60.97473406791687, 226140.0
61.39670395851135, 226140.0
61.811745166778564, 226140.0
62.22647500038147, 227302.0
62.63785409927368, 227302.0
63.055784940719604, 227302.0
63.4688560962677, 227692.0
63.9756338596344, 227692.0
64.40042495727539, 229224.0
64.81634998321533, 229224.0
65.22710299491882, 229224.0
65.63414883613586, 229381.0
66.04730916023254, 229441.0
66.49373602867126, 229441.0
66.91353011131287, 230537.0
67.32686686515808, 231089.0
67.74721789360046, 231186.0
68.17457699775696, 231186.0
68.59161186218262, 232671.0
69.00941896438599, 232671.0
69.42682003974915, 232671.0
69.8531551361084, 232671.0
70.2878589630127, 233505.0
70.70989108085632, 233505.0
71.1267671585083, 233505.0
71.54600191116333, 233505.0
71.96364283561707, 234640.0
72.37515902519226, 234640.0
72.78535103797913, 234640.0
73.19633603096008, 234866.0
73.61197710037231, 236271.0
74.02646803855896, 236271.0
74.43755602836609, 238325.0
74.85154795646667, 238325.0
75.26957297325134, 238325.0
75.68847393989563, 238325.0
76.10614085197449, 238325.0
76.5186779499054, 238325.0
76.93084383010864, 238325.0
77.34844589233398, 238380.0
77.7636890411377, 238380.0
78.17842197418213, 238380.0
78.59230899810791, 238380.0
79.00694298744202, 238477.0
79.41905403137207, 238477.0
79.8295681476593, 238941.0
80.23970198631287, 238941.0
80.65158820152283, 238941.0
81.06322503089905, 239792.0
81.47494721412659, 239792.0
81.88637113571167, 240920.0
