0.0002129077911376953, 520.0
0.0004241466522216797, 1015.0
0.0006320476531982422, 1767.0
0.0008401870727539062, 1815.0
0.001049041748046875, 2552.0
0.001257181167602539, 2789.0
0.0014638900756835938, 3350.0
0.0016739368438720703, 3826.0
0.0018851757049560547, 3890.0
0.0027081966400146484, 4455.0
0.0029180049896240234, 5452.0
0.02280402183532715, 5580.0
0.0252687931060791, 5862.0
0.027142047882080078, 5988.0
0.05738687515258789, 6420.0
0.06292200088500977, 6961.0
0.06948494911193848, 7404.0
0.07317996025085449, 7615.0
0.07338690757751465, 8109.0
0.09573793411254883, 8734.0
0.13120603561401367, 8982.0
0.13346195220947266, 9258.0
0.13428902626037598, 10147.0
0.1353299617767334, 11094.0
0.1551809310913086, 12092.0
0.15600085258483887, 12206.0
0.15661883354187012, 12264.0
0.15703105926513672, 13175.0
0.15949106216430664, 13744.0
0.18466901779174805, 13818.0
0.19057703018188477, 14050.0
0.19895005226135254, 14269.0
0.19936084747314453, 14769.0
0.20017600059509277, 15609.0
0.20140695571899414, 16475.0
0.20363521575927734, 16994.0
0.20404505729675293, 17486.0
0.20668983459472656, 17557.0
0.22394514083862305, 17977.0
0.23548412322998047, 18606.0
0.23998308181762695, 19513.0
0.2533280849456787, 19896.0
0.3587160110473633, 20075.0
0.3648519515991211, 20124.0
0.3668849468231201, 20570.0
0.3786442279815674, 20573.0
0.38129401206970215, 21111.0
0.3855760097503662, 22042.0
0.4961378574371338, 22749.0
0.5093679428100586, 22751.0
0.7769289016723633, 22947.0
0.7801051139831543, 23512.0
1.0169830322265625, 23955.0
1.027273178100586, 24074.0
1.1489908695220947, 24454.0
1.1492011547088623, 24649.0
1.1617441177368164, 24850.0
1.168337106704712, 25562.0
1.1821811199188232, 26135.0
1.183427095413208, 26784.0
1.1939449310302734, 27623.0
1.194154977798462, 27746.0
1.2060589790344238, 27763.0
1.2616190910339355, 27797.0
1.2637619972229004, 27918.0
1.3949978351593018, 28627.0
1.3954122066497803, 29169.0
1.402688980102539, 29251.0
1.406691074371338, 29614.0
1.4077229499816895, 30402.0
1.415104866027832, 30460.0
1.4199299812316895, 30769.0
1.4475219249725342, 31493.0
1.4487569332122803, 32404.0
1.4500069618225098, 32532.0
1.4556047916412354, 32623.0
1.4593219757080078, 32673.0
4.523344039916992, 33195.0
7.37598991394043, 33286.0
7.4018731117248535, 33367.0
7.410504102706909, 33778.0
7.460867881774902, 33997.0
7.462477922439575, 34853.0
7.4644880294799805, 35106.0
7.4669029712677, 35362.0
7.479248046875, 36309.0
7.567895889282227, 36367.0
7.67156195640564, 36537.0
7.676980972290039, 36548.0
7.681015968322754, 37189.0
7.718558073043823, 37307.0
7.747219085693359, 37583.0
7.81334114074707, 37589.0
7.82953405380249, 38327.0
8.633886098861694, 38766.0
8.654892921447754, 39006.0
8.661097049713135, 39497.0
9.195014953613281, 39709.0
9.237246990203857, 40001.0
9.25897216796875, 40012.0
9.262768983840942, 40091.0
9.267971992492676, 40568.0
9.647825002670288, 40652.0
9.661783933639526, 40780.0
9.670565128326416, 40896.0
9.816549062728882, 41023.0
9.908900022506714, 41113.0
9.937438011169434, 41945.0
9.93887996673584, 41972.0
10.167446851730347, 42195.0
10.3040611743927, 42229.0
10.387028217315674, 42683.0
10.586810111999512, 42931.0
10.598382949829102, 43033.0
10.653598070144653, 43244.0
10.694123029708862, 43311.0
10.766503095626831, 43544.0
10.77289891242981, 43655.0
10.776678085327148, 43676.0
10.787853002548218, 44241.0
10.837867975234985, 44597.0
10.984052896499634, 45114.0
11.300944089889526, 45206.0
11.377641201019287, 45230.0
12.774924039840698, 45683.0
12.867946863174438, 45785.0
13.054234027862549, 45787.0
