0.0004220008850097656, 257.0
0.0008280277252197266, 790.0
0.0012328624725341797, 987.0
0.0016369819641113281, 1413.0
0.002068042755126953, 1627.0
0.0024831295013427734, 2224.0
0.0028901100158691406, 2797.0
0.0033049583435058594, 2810.0
0.003710031509399414, 3722.0
0.0041201114654541016, 3939.0
0.0045299530029296875, 4042.0
0.004945039749145508, 4385.0
0.005379915237426758, 5045.0
0.005805015563964844, 5394.0
0.006219148635864258, 5974.0
0.006643056869506836, 6762.0
0.00706791877746582, 7262.0
0.0074748992919921875, 8150.0
0.007880926132202148, 8642.0
0.008291959762573242, 9339.0
0.009098052978515625, 10296.0
0.009506940841674805, 10563.0
0.023563146591186523, 11274.0
0.0472111701965332, 11455.0
0.04802107810974121, 11557.0
0.05405282974243164, 12456.0
0.058074951171875, 12851.0
0.06213092803955078, 13581.0
0.07379579544067383, 13701.0
0.07420492172241211, 14361.0
0.07662200927734375, 14814.0
0.09027409553527832, 15064.0
0.09149694442749023, 15342.0
0.1332991123199463, 15620.0
0.16113805770874023, 16224.0
0.1837170124053955, 16793.0
0.2634608745574951, 16927.0
0.2718019485473633, 17050.0
0.2801840305328369, 17595.0
0.2875659465789795, 18137.0
0.28924012184143066, 18907.0
0.32550883293151855, 19629.0
0.3490309715270996, 19978.0
0.3530440330505371, 20345.0
0.35584306716918945, 20673.0
0.4397749900817871, 20848.0
0.4433610439300537, 21130.0
0.44536900520324707, 21354.0
0.5648889541625977, 21703.0
0.5656850337982178, 21712.0
0.5700139999389648, 21907.0
0.5727920532226562, 22570.0
0.5932860374450684, 23328.0
0.6011972427368164, 23877.0
0.6028108596801758, 24625.0
0.6036198139190674, 24753.0
0.6214349269866943, 24974.0
0.6304960250854492, 25744.0
0.6375939846038818, 26128.0
0.639955997467041, 27128.0
0.6419339179992676, 27685.0
0.6470410823822021, 28249.0
0.6494009494781494, 28375.0
0.6651370525360107, 28564.0
0.6722440719604492, 29155.0
0.6738262176513672, 29601.0
0.6746151447296143, 29692.0
0.6773641109466553, 29807.0
0.6844491958618164, 30099.0
0.7001609802246094, 30809.0
0.7112021446228027, 31282.0
0.7147510051727295, 31648.0
0.7206521034240723, 31851.0
0.7210509777069092, 31950.0
0.8279991149902344, 32457.0
0.8850100040435791, 33171.0
0.9070489406585693, 33722.0
0.9179949760437012, 34305.0
0.9566569328308105, 34405.0
1.0032589435577393, 34937.0
1.0073411464691162, 35763.0
1.0905060768127441, 36030.0
1.119415044784546, 36821.0
1.1298871040344238, 36923.0
1.136301040649414, 37644.0
1.1367080211639404, 38432.0
1.1407480239868164, 38584.0
1.1543869972229004, 38796.0
1.1737570762634277, 38857.0
1.1910500526428223, 39267.0
1.1938681602478027, 40178.0
1.200721025466919, 40254.0
1.2115399837493896, 40603.0
1.217146873474121, 40803.0
1.217552900314331, 41045.0
1.2291789054870605, 41693.0
1.2416231632232666, 42057.0
1.3161330223083496, 42079.0
1.3329739570617676, 42206.0
1.333786964416504, 42277.0
1.377319097518921, 42851.0
1.3952689170837402, 43225.0
1.4008569717407227, 43575.0
1.4370808601379395, 43857.0
1.4586188793182373, 44784.0
1.484494924545288, 44835.0
1.4868848323822021, 45418.0
1.4876868724822998, 45637.0
1.5299270153045654, 46140.0
1.5311439037322998, 46584.0
1.7116210460662842, 46959.0
1.714015007019043, 47043.0
1.716799020767212, 47733.0
1.7183802127838135, 48573.0
1.7427949905395508, 48787.0
1.7479419708251953, 49349.0
1.768031120300293, 50060.0
1.822066068649292, 50077.0
2.0144641399383545, 50214.0
2.0188100337982178, 51005.0
2.4577460289001465, 51165.0
2.460906982421875, 52141.0
2.4648489952087402, 52281.0
2.4747469425201416, 52882.0
2.5559380054473877, 52948.0
2.649355173110962, 53089.0
2.6643011569976807, 53456.0
2.687549114227295, 53808.0
2.691498041152954, 53880.0
2.7037079334259033, 54024.0
2.9797399044036865, 54286.0
2.99019193649292, 54340.0
3.0014758110046387, 54391.0
3.9139699935913086, 54431.0
3.93884015083313, 54916.0
3.9775261878967285, 54986.0
4.01359224319458, 55599.0
4.0304319858551025, 55802.0
8.411164999008179, 55854.0
8.416698932647705, 56578.0
8.424962043762207, 56823.0
9.935001850128174, 56890.0
9.939018964767456, 57785.0
10.001037836074829, 58271.0
10.31558609008789, 58525.0
11.662410974502563, 58740.0
11.68055510520935, 58768.0
11.682930946350098, 58880.0
11.684510946273804, 59677.0
12.513488054275513, 59746.0
13.70401906967163, 60220.0
13.704801082611084, 60765.0
13.709444999694824, 60962.0
13.713772058486938, 61901.0
13.740909814834595, 62521.0
13.773540019989014, 62762.0
13.779397964477539, 63056.0
14.53615117073059, 63501.0
14.55479097366333, 63856.0
14.790370225906372, 63863.0
14.791153907775879, 64068.0
14.817523002624512, 64303.0
14.823792934417725, 64370.0
14.833128929138184, 65094.0
14.840122938156128, 65677.0
14.847875833511353, 66563.0
14.860712051391602, 67409.0
14.867712020874023, 67434.0
14.878591060638428, 68001.0
14.887526988983154, 68222.0
14.902660846710205, 68279.0
14.92516303062439, 68363.0
14.929849863052368, 68490.0
14.931022882461548, 68713.0
15.010605812072754, 68723.0
15.027477979660034, 68924.0
15.036888837814331, 68960.0
15.046985149383545, 69604.0
15.086966037750244, 69814.0
15.108695030212402, 70331.0
15.140959978103638, 70796.0
15.245784997940063, 71545.0
15.269464254379272, 72006.0
15.317970991134644, 72260.0
15.319168090820312, 72400.0
15.339480876922607, 72577.0
15.431917190551758, 72821.0
15.457813024520874, 72905.0
15.46173095703125, 73459.0
15.506736040115356, 74100.0
15.57428503036499, 74221.0
15.919992923736572, 74358.0
15.931679010391235, 74613.0
16.298349857330322, 75128.0
16.331860065460205, 75898.0
16.413275957107544, 76009.0
16.442555904388428, 76018.0
16.46512222290039, 76617.0
16.708297967910767, 76924.0
16.798707008361816, 77687.0
17.440778017044067, 77885.0
17.47947907447815, 78538.0
17.482985019683838, 78749.0
17.52141809463501, 79248.0
17.522216081619263, 79466.0
17.532424926757812, 80251.0
17.561203956604004, 80351.0
17.57491111755371, 81014.0
17.6076340675354, 81585.0
17.610749006271362, 81962.0
17.617354154586792, 82090.0
17.633320093154907, 82598.0
17.657823085784912, 82800.0
18.488927125930786, 83403.0
18.49401307106018, 84262.0
18.50451421737671, 84657.0
18.51149606704712, 85447.0
18.528630018234253, 85641.0
18.534078121185303, 86427.0
18.62693500518799, 86574.0
18.644891023635864, 87051.0
18.881000995635986, 87205.0
18.927096128463745, 87232.0
18.966220140457153, 87528.0
18.972458124160767, 88218.0
19.00943398475647, 88339.0
19.491204023361206, 88689.0
19.628963947296143, 88801.0
19.726019144058228, 88810.0
19.824635982513428, 89252.0
19.932337045669556, 89280.0
20.239021062850952, 89603.0
20.34463596343994, 89885.0
20.731260061264038, 89958.0
23.129075050354004, 90049.0
23.362808227539062, 90372.0
23.55887222290039, 90399.0
24.14325213432312, 90612.0
24.180656909942627, 90619.0
24.280634880065918, 90703.0
24.28340792655945, 90805.0
25.35477614402771, 90820.0
25.80834197998047, 91102.0
26.828240871429443, 91735.0
27.213114023208618, 91819.0
