2.6941299438476562e-05, 299.0
4.792213439941406e-05, 721.0
6.890296936035156e-05, 918.0
0.00012969970703125, 1073.0
0.00014972686767578125, 1280.0
0.0007576942443847656, 1348.0
0.0008778572082519531, 1455.0
0.0012598037719726562, 1518.0
0.0013208389282226562, 1564.0
0.002223968505859375, 1578.0
0.0023250579833984375, 1685.0
0.004495859146118164, 1742.0
0.010057926177978516, 1755.0
0.010603666305541992, 1774.0
0.012427806854248047, 1897.0
0.012769699096679688, 1979.0
0.012830972671508789, 2086.0
0.04970669746398926, 2095.0
0.09583377838134766, 2132.0
0.16532373428344727, 2156.0
0.5001480579376221, 2178.0
0.5597598552703857, 2188.0
0.7556917667388916, 2287.0
0.7565886974334717, 2294.0
