1.049638271331787, 61919.0
1.803171157836914, 62610.0
2.550550937652588, 63819.0
3.2820589542388916, 64807.0
4.015501022338867, 65112.0
4.768168926239014, 66079.0
5.518033266067505, 66830.0
6.263273000717163, 67086.0
7.024914979934692, 67818.0
7.761513948440552, 68918.0
8.502205848693848, 68918.0
9.252825021743774, 70406.0
9.992879152297974, 70956.0
10.742810010910034, 72219.0
11.494357109069824, 72219.0
12.249476194381714, 72312.0
13.00444221496582, 73110.0
13.75252914428711, 73901.0
14.508581161499023, 74411.0
15.259353160858154, 74818.0
16.010215282440186, 75698.0
16.76346206665039, 76783.0
17.515496969223022, 77190.0
18.26766300201416, 77480.0
19.02218008041382, 78775.0
19.77621817588806, 78775.0
20.53984808921814, 79712.0
21.29454803466797, 79712.0
22.050929069519043, 80315.0
22.80747413635254, 81709.0
23.563432216644287, 81893.0
24.31957721710205, 82363.0
25.08297324180603, 82702.0
25.842445135116577, 82909.0
26.6047260761261, 83570.0
27.364989280700684, 84006.0
28.12721300125122, 84408.0
28.891464233398438, 85000.0
29.654919147491455, 85219.0
30.4184832572937, 85969.0
31.18512201309204, 86605.0
31.954053163528442, 86605.0
32.73436999320984, 87889.0
33.5005521774292, 87889.0
34.26772499084473, 89095.0
35.03505206108093, 89095.0
35.801673889160156, 89095.0
36.56977605819702, 89509.0
37.33953094482422, 90006.0
38.12049603462219, 90707.0
38.90243196487427, 90707.0
39.689610958099365, 91401.0
40.49304699897766, 92489.0
41.278167963027954, 92489.0
42.0538969039917, 92489.0
42.832082986831665, 93199.0
43.61230993270874, 93199.0
44.39434218406677, 93600.0
45.183993101119995, 93956.0
45.976438999176025, 93956.0
46.76410794258118, 94688.0
47.54404401779175, 94995.0
48.32089805603027, 96493.0
49.1023690700531, 96493.0
49.88005805015564, 96600.0
50.6694860458374, 97617.0
51.453015089035034, 97617.0
52.2351450920105, 98078.0
53.02528524398804, 98078.0
53.825231075286865, 98183.0
54.618963956832886, 99003.0
55.401979207992554, 99036.0
56.191739082336426, 99036.0
56.97689604759216, 99882.0
57.76527214050293, 99882.0
58.55176901817322, 100564.0
59.33979320526123, 100564.0
60.134775161743164, 100779.0
60.9236421585083, 101194.0
61.71309685707092, 101194.0
62.50942301750183, 101908.0
63.301820278167725, 102015.0
64.0996458530426, 102486.0
64.88881993293762, 103002.0
65.67851519584656, 103002.0
66.47391414642334, 103081.0
67.26570415496826, 103214.0
68.06586813926697, 103401.0
68.86150121688843, 104113.0
69.66094207763672, 104113.0
70.44985699653625, 104806.0
71.24603486061096, 104990.0
72.04425692558289, 105248.0
72.840261220932, 105466.0
73.63320803642273, 106103.0
74.42426109313965, 106418.0
75.22346425056458, 106497.0
76.02258706092834, 106706.0
76.82238507270813, 107089.0
77.6273090839386, 107886.0
78.42374396324158, 108326.0
79.22557520866394, 108326.0
80.02891325950623, 108619.0
80.83065009117126, 108619.0
81.63432025909424, 108619.0
82.43048405647278, 108710.0
83.22649312019348, 108906.0
84.02508807182312, 109196.0
84.82188105583191, 109196.0
85.6187162399292, 109361.0
86.42539310455322, 109814.0
87.22926306724548, 110018.0
88.02934122085571, 110018.0
88.84343600273132, 110292.0
89.65324425697327, 111097.0
90.45139813423157, 111097.0
91.26027202606201, 111097.0
92.06579804420471, 111508.0
92.87014698982239, 111903.0
93.68125629425049, 111985.0
94.48509621620178, 111985.0
95.29573702812195, 112598.0
96.11143612861633, 112598.0
96.91867589950562, 112598.0
97.71904301643372, 113266.0
98.53018808364868, 113266.0
99.33665990829468, 113266.0
100.1451530456543, 113514.0
100.94502186775208, 113885.0
101.74414300918579, 113909.0
102.54502391815186, 114513.0
103.35827827453613, 114513.0
104.17282199859619, 114513.0
104.97839617729187, 114704.0
105.79071712493896, 115256.0
106.59781408309937, 115256.0
107.40208315849304, 115615.0
108.21054410934448, 115615.0
109.01984214782715, 115850.0
109.83130598068237, 115981.0
110.63882422447205, 115981.0
111.44338607788086, 116340.0
112.25350594520569, 116376.0
113.06329107284546, 117286.0
113.86854290962219, 117286.0
114.68035006523132, 117286.0
115.48991298675537, 117286.0
116.29854893684387, 117483.0
117.10624885559082, 117483.0
117.91275525093079, 117913.0
118.72329497337341, 118014.0
119.53032112121582, 118014.0
120.33728885650635, 118912.0
121.14525628089905, 119475.0
121.95968008041382, 119475.0
122.7774920463562, 119475.0
123.58203315734863, 119613.0
124.38552808761597, 119613.0
125.18787622451782, 119777.0
126.0042040348053, 119777.0
126.81469511985779, 119777.0
127.61635708808899, 119777.0
128.43409824371338, 119903.0
129.2568781375885, 120018.0
130.07661414146423, 120131.0
130.88760805130005, 120309.0
131.6990520954132, 120483.0
132.51098322868347, 120483.0
133.3363173007965, 120483.0
134.14857387542725, 120483.0
134.96765422821045, 121108.0
135.79070520401, 121108.0
136.61508011817932, 121108.0
137.4401981830597, 121108.0
138.26470494270325, 121108.0
139.08289003372192, 121419.0
139.897696018219, 121419.0
140.7238941192627, 121419.0
141.53898215293884, 121906.0
142.36098623275757, 121914.0
143.1822690963745, 122272.0
144.01017808914185, 122318.0
144.82745599746704, 122318.0
145.64971017837524, 122844.0
146.46907019615173, 122844.0
147.2928900718689, 122917.0
148.11488103866577, 122917.0
148.93237805366516, 122917.0
149.759113073349, 122917.0
150.57698726654053, 122917.0
151.40547823905945, 122917.0
152.23490715026855, 123476.0
153.0652470588684, 123476.0
153.8924970626831, 123476.0
154.7199990749359, 123485.0
155.54859709739685, 123537.0
156.3785572052002, 123894.0
157.1998462677002, 124290.0
158.01823711395264, 124290.0
158.84423804283142, 124291.0
159.66919231414795, 124291.0
