0.002017974853515625, 504.0
0.004016876220703125, 597.0
0.006056785583496094, 611.0
0.008121728897094727, 1420.0
0.01004791259765625, 2381.0
0.011981725692749023, 2532.0
0.013925790786743164, 3325.0
0.0158536434173584, 3434.0
0.01787590980529785, 4180.0
0.019852876663208008, 4590.0
0.021837711334228516, 5134.0
0.02390885353088379, 5552.0
0.025873899459838867, 5940.0
0.027814865112304688, 6703.0
0.02974987030029297, 7066.0
0.03171396255493164, 7744.0
0.033650875091552734, 7961.0
0.0355839729309082, 8513.0
0.03751707077026367, 8607.0
0.03945493698120117, 9245.0
0.04137873649597168, 9247.0
0.04330801963806152, 10218.0
0.045233964920043945, 10521.0
0.047174930572509766, 10955.0
0.049101829528808594, 11760.0
0.051019906997680664, 12318.0
0.052957773208618164, 13171.0
0.05488467216491699, 13351.0
0.05681586265563965, 14319.0
0.05875682830810547, 14852.0
0.06069779396057129, 15638.0
0.06262683868408203, 16231.0
0.06455588340759277, 17090.0
0.06647968292236328, 18012.0
0.06841874122619629, 18291.0
0.07034897804260254, 18569.0
0.07228279113769531, 19055.0
0.07422184944152832, 19512.0
0.0761418342590332, 19846.0
0.07807683944702148, 20078.0
0.07999992370605469, 20639.0
0.08197593688964844, 20991.0
0.08390283584594727, 21548.0
0.08583188056945801, 22298.0
0.08775973320007324, 22495.0
0.08969283103942871, 22839.0
0.09162187576293945, 23520.0
0.09354686737060547, 24089.0
0.09555292129516602, 24183.0
0.09747982025146484, 24350.0
0.09945392608642578, 24415.0
0.10137581825256348, 25372.0
0.10331082344055176, 26277.0
0.1052396297454834, 27134.0
0.1071627140045166, 27803.0
0.10908269882202148, 28213.0
0.11099481582641602, 28868.0
0.11292791366577148, 29081.0
0.11483907699584961, 29597.0
0.1167449951171875, 30554.0
0.11865878105163574, 30558.0
0.12057280540466309, 31156.0
0.1224827766418457, 31260.0
0.1244058609008789, 31877.0
0.12633275985717773, 32648.0
0.12825584411621094, 33327.0
0.13018274307250977, 34298.0
0.1320958137512207, 34651.0
0.13401079177856445, 35472.0
0.13592290878295898, 35556.0
0.13785600662231445, 36426.0
0.1397860050201416, 36860.0
0.14171171188354492, 37813.0
0.14362788200378418, 38446.0
0.1455380916595459, 38976.0
0.14745807647705078, 39407.0
0.1493687629699707, 39481.0
0.1513059139251709, 40059.0
0.15322279930114746, 40523.0
0.1551380157470703, 40676.0
0.1570580005645752, 41267.0
0.15897393226623535, 41602.0
0.160888671875, 42132.0
0.1628129482269287, 42951.0
0.164747953414917, 43656.0
0.16667580604553223, 44419.0
0.16860485076904297, 45320.0
0.1705188751220703, 46185.0
0.17243289947509766, 46658.0
0.17435598373413086, 47547.0
0.17627477645874023, 48512.0
0.17819786071777344, 48524.0
0.18011188507080078, 48769.0
0.18581199645996094, 49264.0
0.1896069049835205, 49332.0
0.1934189796447754, 50310.0
0.19913077354431152, 50681.0
0.22229766845703125, 50772.0
0.2413938045501709, 51413.0
0.33566784858703613, 51703.0
0.354522705078125, 52145.0
0.38854289054870605, 52340.0
0.5278928279876709, 52640.0
0.5410947799682617, 53552.0
0.5713269710540771, 53706.0
0.6485888957977295, 54384.0
0.7589099407196045, 54389.0
0.862189769744873, 55123.0
1.1910929679870605, 55340.0
1.1930818557739258, 55835.0
1.1988449096679688, 56241.0
1.2065489292144775, 56953.0
1.2731447219848633, 57052.0
1.2864267826080322, 57905.0
1.3129947185516357, 58532.0
1.603611946105957, 59072.0
1.618783950805664, 59452.0
1.7427546977996826, 59698.0
1.7447478771209717, 60108.0
1.7486848831176758, 61014.0
1.764436960220337, 61795.0
2.179835796356201, 62142.0
2.2365338802337646, 62429.0
2.5725467205047607, 62920.0
2.578460931777954, 63186.0
2.6038198471069336, 63302.0
2.6583127975463867, 63693.0
2.66418194770813, 64073.0
2.6739540100097656, 64146.0
2.7152466773986816, 64649.0
2.9275877475738525, 64797.0
2.9315268993377686, 65423.0
2.960740804672241, 66156.0
3.072023630142212, 66553.0
3.1963818073272705, 66677.0
3.200302839279175, 67458.0
3.3065290451049805, 68005.0
3.3376576900482178, 68137.0
3.341571807861328, 68418.0
3.364737033843994, 68460.0
3.6161818504333496, 69208.0
3.93196702003479, 69415.0
3.9517507553100586, 69498.0
4.182206869125366, 70102.0
4.232424974441528, 70616.0
4.250608921051025, 70994.0
4.4783549308776855, 71398.0
4.525262832641602, 71438.0
4.644855976104736, 72021.0
4.724946975708008, 72556.0
4.832407712936401, 73003.0
4.840206861495972, 73748.0
4.851850986480713, 74347.0
4.976502895355225, 74955.0
5.25455379486084, 75640.0
5.267966985702515, 75719.0
5.329124689102173, 75850.0
5.333049774169922, 76470.0
6.0189268589019775, 76783.0
6.024953842163086, 77534.0
6.281770944595337, 78028.0
6.285686016082764, 78643.0
6.320552825927734, 78659.0
6.4458277225494385, 78714.0
6.516729831695557, 79536.0
6.518690824508667, 79810.0
6.52065372467041, 79963.0
6.522610902786255, 80171.0
6.532242774963379, 81132.0
6.539944887161255, 81737.0
6.6431238651275635, 81924.0
6.912998914718628, 82765.0
6.922584772109985, 83538.0
6.955100774765015, 84022.0
7.002879858016968, 84706.0
7.6185688972473145, 84879.0
7.6243157386779785, 85387.0
7.632016897201538, 86079.0
7.664564847946167, 86596.0
7.687520980834961, 87490.0
7.729682922363281, 87742.0
7.731637954711914, 88641.0
7.739300727844238, 89059.0
7.754589796066284, 89160.0
7.808328866958618, 89808.0
8.727308988571167, 89922.0
9.005015850067139, 90419.0
9.006958723068237, 90861.0
9.010798692703247, 91310.0
9.027875661849976, 91872.0
9.060038805007935, 91877.0
9.061960935592651, 92830.0
9.067665815353394, 93377.0
9.116808891296387, 93469.0
9.131945848464966, 93957.0
9.164133787155151, 94045.0
9.173603773117065, 94687.0
9.201966762542725, 95476.0
9.336082935333252, 96395.0
9.345565795898438, 96655.0
9.411711931228638, 97171.0
9.424964904785156, 98022.0
9.445754766464233, 98928.0
9.519482851028442, 99543.0
9.672812938690186, 100379.0
9.68796992301941, 100587.0
9.697426795959473, 100741.0
9.746577739715576, 101003.0
9.791919708251953, 101271.0
10.391211032867432, 101311.0
10.597060680389404, 101616.0
10.825461864471436, 101680.0
10.95958399772644, 102243.0
10.970940828323364, 102501.0
11.205071687698364, 102701.0
11.2580087184906, 102926.0
11.520727634429932, 103217.0
11.526448726654053, 103881.0
11.77397871017456, 104665.0
12.116869926452637, 104934.0
12.686444997787476, 104966.0
12.692332983016968, 104984.0
12.694318771362305, 105527.0
12.708018779754639, 105653.0
12.71390676498413, 106134.0
12.764801025390625, 106982.0
12.801935911178589, 106986.0
12.984135866165161, 107007.0
13.022839069366455, 107233.0
13.030642986297607, 107370.0
13.040385007858276, 107388.0
13.05014181137085, 108067.0
13.075392007827759, 108713.0
13.083195924758911, 109035.0
13.085170984268188, 109896.0
13.087148904800415, 110625.0
13.096913814544678, 111029.0
13.176531791687012, 111596.0
13.201778888702393, 112059.0
13.225197792053223, 112653.0
13.250552654266357, 112667.0
13.252532005310059, 113186.0
13.302915811538696, 113325.0
13.316553831100464, 113391.0
13.37861680984497, 114025.0
13.49112606048584, 114443.0
13.613412857055664, 114722.0
13.676642656326294, 114959.0
13.79744577407837, 115309.0
13.799418687820435, 115641.0
13.803297996520996, 115999.0
14.608808994293213, 116548.0
14.80265498161316, 116589.0
15.119006872177124, 116741.0
15.130566835403442, 117469.0
15.34170389175415, 117898.0
15.447383642196655, 118126.0
15.57614278793335, 118187.0
15.581939935684204, 119109.0
15.641470909118652, 119530.0
15.69711184501648, 120309.0
15.762369871139526, 120600.0
15.793134689331055, 121450.0
15.795092821121216, 121935.0
16.019511938095093, 122500.0
16.021485805511475, 123173.0
16.092670917510986, 123446.0
16.125369787216187, 123463.0
16.14461588859558, 124410.0
16.194687843322754, 124985.0
16.78030490875244, 125470.0
16.90131402015686, 125475.0
16.907135009765625, 125559.0
16.935967922210693, 126149.0
16.9513738155365, 126676.0
17.05695676803589, 126951.0
17.06465196609497, 127652.0
17.07044506072998, 128338.0
17.110832929611206, 128659.0
17.118555784225464, 128967.0
17.145445823669434, 129950.0
17.208815813064575, 130183.0
17.31025791168213, 131012.0
17.338889837265015, 131069.0
17.468610763549805, 131364.0
17.506826877593994, 131986.0
17.508766889572144, 132084.0
17.51642894744873, 132364.0
17.52983283996582, 132881.0
17.55663275718689, 133316.0
17.59481191635132, 133556.0
17.657846927642822, 133608.0
17.669322967529297, 133865.0
17.75338888168335, 134176.0
17.791647911071777, 134565.0
17.845101833343506, 134608.0
17.85850691795349, 135155.0
17.860468864440918, 135991.0
17.86240792274475, 136210.0
17.881536960601807, 137044.0
17.89304494857788, 137333.0
17.89690375328064, 138183.0
17.904582738876343, 138402.0
17.9141628742218, 138596.0
18.30451774597168, 138856.0
18.444710731506348, 139587.0
18.457987785339355, 140411.0
18.47476887702942, 141181.0
18.49891686439514, 141453.0
18.576817750930786, 142232.0
18.69750666618347, 142530.0
18.990458726882935, 143006.0
19.119143962860107, 143292.0
19.24640202522278, 143462.0
19.301734924316406, 143972.0
19.30360698699951, 144179.0
19.30547571182251, 144647.0
19.30920386314392, 145010.0
19.32027792930603, 145715.0
19.412721872329712, 146093.0
19.445240020751953, 146427.0
19.506752967834473, 146472.0
19.514028072357178, 147464.0
19.515869855880737, 148018.0
19.612602710723877, 148339.0
19.65419578552246, 149156.0
19.66327977180481, 149809.0
19.978278875350952, 150027.0
19.987290859222412, 150452.0
20.00720477104187, 150569.0
20.484160900115967, 150887.0
20.507652759552002, 151537.0
20.544771671295166, 152056.0
20.607032775878906, 152808.0
20.6129047870636, 153203.0
20.622621774673462, 153834.0
20.647774934768677, 153931.0
20.661414861679077, 154732.0
20.663395881652832, 155387.0
20.675001859664917, 156144.0
20.990978717803955, 156450.0
20.99292802810669, 157176.0
21.025506019592285, 157257.0
21.07176399230957, 157377.0
21.15991973876953, 157754.0
21.171475887298584, 157806.0
21.303667783737183, 158002.0
21.338160753250122, 158131.0
21.386387825012207, 158656.0
21.397943019866943, 159227.0
21.54169487953186, 159355.0
21.59923791885376, 159449.0
21.635684728622437, 159995.0
21.882898807525635, 160465.0
21.88676881790161, 160703.0
21.915539979934692, 161302.0
21.91940975189209, 161782.0
22.042090892791748, 162233.0
22.198630809783936, 162460.0
22.300816774368286, 163128.0
22.42432999610901, 163137.0
22.656733989715576, 163439.0
23.621492862701416, 163833.0
23.692070722579956, 164528.0
23.694008827209473, 164723.0
23.701656818389893, 164950.0
23.745266914367676, 165018.0
23.752920866012573, 165728.0
23.768205642700195, 166186.0
23.867143869400024, 166328.0
23.880509853363037, 166368.0
23.899534702301025, 167356.0
23.935534715652466, 168109.0
23.975258827209473, 168375.0
23.98477005958557, 169137.0
24.07761001586914, 169253.0
24.53370499610901, 169292.0
24.721195936203003, 169603.0
24.7304368019104, 169868.0
24.73415184020996, 170411.0
24.7360258102417, 170960.0
24.7894389629364, 171508.0
24.806046962738037, 172290.0
24.908931732177734, 172515.0
24.914484977722168, 172940.0
24.95872473716736, 173768.0
25.087987899780273, 174483.0
25.113712787628174, 174742.0
25.158010721206665, 174775.0
25.17270588874817, 175134.0
25.224140882492065, 175386.0
25.32127594947815, 175870.0
25.41128396987915, 175935.0
26.565680742263794, 176086.0
26.75096297264099, 176524.0
26.785316705703735, 177160.0
26.81002187728882, 177668.0
26.81195378303528, 177689.0
26.848023653030396, 177921.0
26.853742837905884, 178436.0
26.924226760864258, 178578.0
27.040482759475708, 179037.0
27.04432487487793, 179418.0
27.380953788757324, 180143.0
27.428364992141724, 180194.0
27.47194480895996, 180579.0
27.528749704360962, 181119.0
27.53066897392273, 181482.0
27.53259587287903, 181558.0
27.6747887134552, 182307.0
27.714496850967407, 183014.0
27.720192909240723, 183810.0
27.72972083091736, 183998.0
27.73354697227478, 184665.0
27.85432195663452, 185082.0
27.860031843185425, 185993.0
27.894109964370728, 186548.0
27.896054983139038, 186901.0
27.905508756637573, 187299.0
28.54391598701477, 187374.0
28.577667713165283, 187832.0
28.637293815612793, 187906.0
28.651251792907715, 187932.0
28.66512680053711, 188166.0
28.679001808166504, 189151.0
28.68102192878723, 189950.0
28.742517948150635, 190139.0
28.744537830352783, 190906.0
28.754501819610596, 191545.0
28.776318788528442, 191778.0
28.780296802520752, 191921.0
28.782305002212524, 192628.0
28.833557844161987, 192785.0
28.835561990737915, 193537.0
29.175769805908203, 193942.0
30.088376760482788, 194235.0
30.09611701965332, 194884.0
30.123106002807617, 195131.0
30.258761882781982, 195458.0
30.279972791671753, 196337.0
30.28193473815918, 197075.0
30.3606858253479, 197447.0
30.374213695526123, 198062.0
30.391573905944824, 198987.0
30.481940984725952, 199055.0
31.054013967514038, 199126.0
31.063679933547974, 199372.0
31.081145763397217, 199997.0
33.122968673706055, 200407.0
33.190346002578735, 200903.0
33.497315883636475, 201370.0
33.57863974571228, 201645.0
33.634305000305176, 201994.0
33.79138779640198, 202100.0
33.79334092140198, 202324.0
33.801042795181274, 203268.0
33.808777809143066, 203973.0
33.912322759628296, 204707.0
34.096378803253174, 205420.0
34.11941385269165, 206361.0
34.384803771972656, 206392.0
34.398629903793335, 206909.0
34.806522846221924, 207479.0
35.34553289413452, 207510.0
35.368767976760864, 208252.0
35.46144986152649, 208425.0
35.631165981292725, 209086.0
35.64854884147644, 210056.0
35.75296592712402, 210181.0
42.13445973396301, 210300.0
42.13828182220459, 210884.0
42.15913391113281, 211165.0
42.17241978645325, 211807.0
42.45120191574097, 212478.0
42.47641968727112, 213145.0
42.52941679954529, 213489.0
42.552164793014526, 214164.0
42.57489991188049, 214183.0
42.877986669540405, 214642.0
42.91972494125366, 215341.0
42.931110858917236, 215949.0
43.19795298576355, 216883.0
43.21311283111572, 217426.0
43.48349380493164, 218160.0
43.49868178367615, 218535.0
43.5157527923584, 219532.0
43.52148509025574, 220335.0
43.95856475830078, 220394.0
44.01532697677612, 221130.0
44.039973735809326, 221472.0
44.33342266082764, 221977.0
44.54093074798584, 222263.0
44.56553292274475, 222495.0
44.60721468925476, 223129.0
44.724644899368286, 223167.0
44.80629777908325, 223607.0
45.52787470817566, 223949.0
45.56579089164734, 224726.0
45.5885808467865, 225506.0
45.65857982635498, 225936.0
46.82925486564636, 226551.0
47.2563099861145, 226582.0
47.28680491447449, 226933.0
47.63208293914795, 227426.0
47.63783502578735, 228394.0
47.64168071746826, 228676.0
47.645532846450806, 229393.0
48.03735709190369, 229620.0
48.136048793792725, 229667.0
48.17769193649292, 229781.0
48.312384843826294, 230101.0
48.321857929229736, 230497.0
48.3388569355011, 230500.0
48.390048027038574, 231306.0
48.405229806900024, 231562.0
48.454553842544556, 231630.0
49.744592905044556, 231652.0
51.58634805679321, 231789.0
51.58825087547302, 232507.0
51.885944843292236, 232901.0
51.93612599372864, 233685.0
52.06807494163513, 233889.0
52.101568937301636, 234362.0
52.20190787315369, 234649.0
52.58635067939758, 234821.0
52.61609172821045, 235159.0
52.623563051223755, 235580.0
52.63898491859436, 235775.0
52.646750926971436, 236207.0
52.952006816864014, 236505.0
53.00404191017151, 237026.0
53.066975831985474, 237928.0
53.75660181045532, 238299.0
53.83974766731262, 239077.0
53.84900093078613, 239867.0
54.13364577293396, 240255.0
54.17112708091736, 240536.0
54.29275965690613, 240686.0
54.88018202781677, 240762.0
54.91283679008484, 240967.0
54.9186487197876, 241148.0
54.92829179763794, 241805.0
54.9398410320282, 242024.0
54.94950079917908, 242979.0
55.43222784996033, 243506.0
55.782386779785156, 243987.0
55.8513388633728, 244182.0
56.08077073097229, 244192.0
56.13446879386902, 244287.0
56.16318368911743, 244684.0
56.20148682594299, 245291.0
56.26649594306946, 245604.0
56.27610683441162, 246604.0
56.295238733291626, 247096.0
56.35087490081787, 247156.0
56.35666465759277, 247547.0
56.364367723464966, 248057.0
56.42761182785034, 248360.0
56.46213507652283, 248464.0
56.55221080780029, 248571.0
58.065515995025635, 248721.0
58.418296813964844, 248796.0
58.47967004776001, 248852.0
58.54105877876282, 249561.0
59.37602376937866, 249728.0
59.47361779212952, 250373.0
59.48898983001709, 250544.0
59.49478197097778, 251238.0
59.529296875, 251985.0
59.58308506011963, 252143.0
60.23190402984619, 252308.0
60.24344086647034, 252882.0
60.56887197494507, 252981.0
60.6264808177948, 253011.0
60.685842752456665, 253250.0
60.87570285797119, 253825.0
60.89741897583008, 254093.0
60.91124200820923, 254593.0
61.19499182701111, 255076.0
62.003843784332275, 255325.0
62.139946937561035, 255761.0
62.17884182929993, 256415.0
62.19439387321472, 257056.0
62.24295496940613, 257347.0
62.266297817230225, 257661.0
62.314934968948364, 257933.0
62.33241868019104, 257969.0
62.75318193435669, 258436.0
63.8894579410553, 258777.0
63.985612869262695, 259444.0
64.06228685379028, 259608.0
64.3704240322113, 259684.0
64.39202189445496, 259775.0
64.45481181144714, 260099.0
64.55136680603027, 260147.0
64.5828869342804, 260404.0
64.70839786529541, 260926.0
64.74596190452576, 261298.0
64.7970359325409, 261852.0
65.09433794021606, 262226.0
65.38398003578186, 262659.0
65.39508509635925, 263224.0
65.46159172058105, 263359.0
65.56865382194519, 263602.0
65.74960684776306, 263839.0
65.88436889648438, 264012.0
65.88625001907349, 264199.0
65.98226284980774, 264595.0
66.06161689758301, 265048.0
66.16682887077332, 265416.0
66.21665692329407, 265681.0
66.93639969825745, 265932.0
67.14423990249634, 266219.0
67.19582390785217, 266961.0
67.45151686668396, 267108.0
67.50489377975464, 267648.0
67.51783084869385, 268075.0
67.62702369689941, 268188.0
67.64916586875916, 268290.0
67.76155066490173, 268695.0
67.77268671989441, 268856.0
67.81151485443115, 268875.0
67.9259467124939, 269305.0
68.08087873458862, 269510.0
68.1049108505249, 269638.0
68.267324924469, 270098.0
68.39464282989502, 270558.0
68.40576577186584, 270767.0
68.61242389678955, 270908.0
68.78047490119934, 270911.0
68.88379907608032, 271009.0
69.00670385360718, 271453.0
69.03256297111511, 271731.0
69.07322597503662, 272129.0
69.16013383865356, 272847.0
69.1730968952179, 273662.0
70.28204989433289, 273869.0
70.29140496253967, 273953.0
70.3881368637085, 274338.0
70.45703482627869, 274667.0
70.46452689170837, 275127.0
70.48315191268921, 275696.0
70.51294279098511, 275978.0
70.5241379737854, 276962.0
70.56887698173523, 277836.0
70.59494495391846, 278111.0
70.60243773460388, 278458.0
71.17746996879578, 278602.0
71.18122291564941, 278830.0
71.21847081184387, 278967.0
71.58457589149475, 279018.0
71.90797281265259, 279639.0
71.98795580863953, 280056.0
72.00840497016907, 280062.0
72.02515387535095, 280227.0
72.06607985496521, 280590.0
72.28524589538574, 281168.0
72.77593493461609, 281181.0
72.85204887390137, 281255.0
72.913409948349, 281612.0
73.13214993476868, 281871.0
73.17302680015564, 282801.0
73.36434197425842, 283498.0
73.3718159198761, 284272.0
73.37370681762695, 284551.0
73.63219785690308, 284554.0
74.4888129234314, 284577.0
74.75091981887817, 284720.0
74.84952688217163, 284866.0
74.97048592567444, 285395.0
74.9891369342804, 285571.0
75.02453994750977, 286194.0
75.03200483322144, 286766.0
75.05500268936157, 286984.0
75.05699467658997, 287971.0
75.36428475379944, 288440.0
75.44437885284424, 288637.0
75.47597575187683, 288859.0
75.74366164207458, 289741.0
75.8143789768219, 290113.0
80.41528177261353, 290269.0
80.42832469940186, 290479.0
80.43022108078003, 290665.0
80.50095987319946, 291522.0
80.50843071937561, 292321.0
80.67021989822388, 292611.0
80.67399072647095, 292780.0
81.24425172805786, 292796.0
81.32989692687988, 293091.0
81.35787987709045, 293259.0
81.36535382270813, 293275.0
81.4249038696289, 294138.0
81.62037181854248, 294591.0
81.7004919052124, 294969.0
82.60277485847473, 295301.0
82.61024880409241, 295619.0
82.62143087387085, 296524.0
82.73312473297119, 296648.0
82.89325904846191, 297547.0
82.91558766365051, 297845.0
82.91933178901672, 298656.0
82.93800783157349, 298686.0
82.94361972808838, 299329.0
82.96226191520691, 299455.0
83.05155301094055, 300143.0
83.0646300315857, 300167.0
83.0739438533783, 300724.0
83.07953882217407, 300944.0
83.11121582984924, 301053.0
83.27234888076782, 301292.0
83.33191990852356, 301954.0
83.41193079948425, 302436.0
83.4528489112854, 302573.0
83.49763989448547, 303275.0
83.94446182250977, 303659.0
84.06347680091858, 304001.0
84.08397173881531, 304679.0
84.10262179374695, 304935.0
84.4226758480072, 304943.0
84.43759894371033, 305005.0
84.50843381881714, 305187.0
84.59971570968628, 305907.0
84.63692593574524, 305911.0
84.64996886253357, 306311.0
84.73925495147705, 306950.0
84.79326581954956, 307338.0
85.02405095100403, 307443.0
85.05756902694702, 307470.0
85.20840692520142, 307676.0
85.2789249420166, 308320.0
85.54427695274353, 308606.0
85.64021396636963, 309127.0
85.81978273391724, 309715.0
85.83143401145935, 310188.0
86.09833478927612, 310316.0
86.11577796936035, 310819.0
86.40414881706238, 310852.0
87.31583285331726, 311276.0
87.46458292007446, 311430.0
87.987557888031, 311509.0
88.03004789352417, 312143.0
88.26332592964172, 312261.0
88.35404992103577, 312675.0
88.35985684394836, 312792.0
88.3637466430664, 313040.0
88.48528695106506, 313070.0
88.79189872741699, 313269.0
88.83053064346313, 313388.0
89.56301379203796, 313427.0
89.7617769241333, 313903.0
89.98179292678833, 313998.0
90.0897626876831, 314148.0
90.09172773361206, 314397.0
90.41415882110596, 314504.0
90.71918487548828, 315025.0
90.87357187271118, 315674.0
90.88903784751892, 315945.0
90.8929328918457, 315954.0
90.93541383743286, 316653.0
90.99143505096436, 316725.0
91.016530752182, 316927.0
91.20761585235596, 317213.0
91.2327287197113, 317442.0
91.23662090301514, 317864.0
91.24631595611572, 318750.0
91.35931086540222, 319478.0
91.40013289451599, 319481.0
91.98048686981201, 320005.0
92.07114481925964, 320481.0
92.23897290229797, 320604.0
92.24670696258545, 321336.0
92.26406502723694, 322038.0
92.33729791641235, 322704.0
92.36043906211853, 322970.0
92.95310473442078, 323467.0
93.02408385276794, 324282.0
93.12777876853943, 324612.0
93.17387390136719, 324783.0
93.25446391105652, 325134.0
93.40658688545227, 325820.0
93.90765881538391, 325833.0
93.9234549999237, 326180.0
93.94120073318481, 326628.0
93.94320273399353, 326827.0
94.74379682540894, 326965.0
94.82638096809387, 327259.0
95.0862557888031, 327290.0
95.13456201553345, 327514.0
95.25032091140747, 327679.0
95.35855174064636, 327730.0
95.37598276138306, 328565.0
95.42502498626709, 328952.0
95.9016318321228, 329527.0
96.3150577545166, 329530.0
96.40579771995544, 329784.0
96.77646279335022, 330195.0
96.87306189537048, 331110.0
97.043123960495, 331326.0
97.13389587402344, 331951.0
97.151291847229, 332801.0
97.1609718799591, 333096.0
97.2054169178009, 333586.0
97.43119788169861, 334331.0
97.50035977363586, 334588.0
99.45404291152954, 335035.0
99.84681582450867, 335246.0
100.33083581924438, 335564.0
101.04950666427612, 335567.0
101.31480073928833, 335834.0
101.50949788093567, 336468.0
101.54271483421326, 336677.0
101.70216083526611, 336872.0
102.75973677635193, 337308.0
103.0683057308197, 337470.0
103.17505884170532, 337656.0
103.67788791656494, 337917.0
104.2100899219513, 338070.0
104.4102828502655, 338589.0
105.00324487686157, 338594.0
105.90002298355103, 338700.0
105.96676778793335, 339364.0
106.47610902786255, 340272.0
106.69565391540527, 341029.0
109.39106774330139, 341353.0
110.11921286582947, 341379.0
110.40232396125793, 341876.0
110.56663870811462, 342273.0
110.68507289886475, 342679.0
110.76503491401672, 343294.0
111.0673418045044, 344089.0
111.09404683113098, 344742.0
111.10743284225464, 345395.0
111.13409304618835, 345533.0
111.1950159072876, 346167.0
111.35869479179382, 346229.0
111.499431848526, 347072.0
111.93294286727905, 347220.0
112.89795565605164, 347771.0
112.91130685806274, 347932.0
114.16058087348938, 348632.0
114.79071593284607, 348906.0
116.44497299194336, 349410.0
124.93960690498352, 349589.0
126.89662265777588, 350523.0
126.94261884689331, 350795.0
127.06128478050232, 351612.0
127.50175380706787, 351738.0
129.27800989151, 352416.0
130.83174681663513, 352928.0
134.1231369972229, 353697.0
135.0754199028015, 354649.0
137.6806960105896, 355277.0
137.841157913208, 355474.0
138.477454662323, 356244.0
139.44848084449768, 356892.0
