5.1975250244140625e-05, 952.0
0.00013899803161621094, 1409.0
0.0002601146697998047, 2209.0
0.0003819465637207031, 3000.0
0.0029799938201904297, 3770.0
0.010373830795288086, 4557.0
0.016316890716552734, 4941.0
0.024312973022460938, 5098.0
0.02447199821472168, 5295.0
0.029480934143066406, 5334.0
0.03550100326538086, 5397.0
0.03743600845336914, 5495.0
0.0397791862487793, 6165.0
0.04619288444519043, 6175.0
0.04647088050842285, 6816.0
0.04886603355407715, 7166.0
0.050045013427734375, 7376.0
0.07059884071350098, 7473.0
0.0706779956817627, 7564.0
0.22855496406555176, 7695.0
0.46511316299438477, 7741.0
0.6650748252868652, 7784.0
0.718756914138794, 8013.0
0.9658801555633545, 8255.0
0.9710390567779541, 8368.0
1.064087152481079, 8875.0
1.064997911453247, 9215.0
1.0665018558502197, 9378.0
1.6829707622528076, 9589.0
1.6853220462799072, 9620.0
1.6946020126342773, 9833.0
1.6981639862060547, 10036.0
1.7388348579406738, 10157.0
1.74019193649292, 10545.0
2.0743417739868164, 10660.0
2.161358118057251, 10926.0
