0.00010800361633300781, 660.0
0.0002090930938720703, 1228.0
0.000308990478515625, 1269.0
0.000408172607421875, 2019.0
0.001377105712890625, 2588.0
0.005557060241699219, 3499.0
0.011465311050415039, 4291.0
0.01195526123046875, 4510.0
0.012734174728393555, 5399.0
0.014407157897949219, 5501.0
0.014506101608276367, 5978.0
0.017135143280029297, 6154.0
0.017343997955322266, 6924.0
0.021885156631469727, 7199.0
0.023070335388183594, 8055.0
0.030772924423217773, 8253.0
0.031553030014038086, 8342.0
0.04282212257385254, 8531.0
0.04881405830383301, 8652.0
0.05282306671142578, 9002.0
0.06745696067810059, 9692.0
0.0904700756072998, 9932.0
0.09242796897888184, 9987.0
0.09291696548461914, 10556.0
0.09419631958007812, 10817.0
0.09449529647827148, 11760.0
0.09518718719482422, 12136.0
0.09669709205627441, 12814.0
0.10389494895935059, 13255.0
0.10409116744995117, 14186.0
0.10635113716125488, 14750.0
0.13057303428649902, 14899.0
0.1320502758026123, 15337.0
0.13263916969299316, 15906.0
0.13283705711364746, 16860.0
0.14013314247131348, 17360.0
0.14073610305786133, 17557.0
0.14103126525878906, 18000.0
0.14152216911315918, 18302.0
0.15327000617980957, 18473.0
1.3799190521240234, 18623.0
1.3831532001495361, 18696.0
1.3833611011505127, 18808.0
1.387070894241333, 18878.0
1.3872780799865723, 18949.0
1.4368500709533691, 19157.0
3.0407049655914307, 19307.0
3.0512731075286865, 19734.0
3.3524773120880127, 19907.0
3.3535051345825195, 20019.0
3.3539392948150635, 20561.0
3.3551242351531982, 20587.0
3.356135129928589, 21006.0
3.879415988922119, 21211.0
3.9218170642852783, 21917.0
3.9263830184936523, 22347.0
3.9378011226654053, 22998.0
3.9464991092681885, 23057.0
4.211822032928467, 23217.0
4.212025165557861, 23319.0
4.218721151351929, 23431.0
4.220341920852661, 23456.0
4.221250057220459, 23738.0
4.222558259963989, 23866.0
4.693054914474487, 23893.0
4.704969882965088, 24353.0
4.767554044723511, 24764.0
4.777348041534424, 25053.0
4.777457237243652, 25155.0
4.781519174575806, 25499.0
4.9877870082855225, 25567.0
5.007656097412109, 26030.0
5.1359522342681885, 26252.0
5.155817985534668, 26379.0
5.171833038330078, 26381.0
5.213912010192871, 26634.0
5.24009108543396, 26818.0
5.286365270614624, 27250.0
5.3408591747283936, 27406.0
5.434918165206909, 27407.0
5.801082134246826, 27532.0
6.106647968292236, 27534.0
