0.019271135330200195, 1274.0
0.03484678268432617, 1366.0
0.05047893524169922, 1366.0
0.06621003150939941, 1366.0
0.08182287216186523, 1366.0
0.09765076637268066, 1374.0
0.1131591796875, 1410.0
0.1289839744567871, 1410.0
0.14441394805908203, 1489.0
0.1596357822418213, 1502.0
0.17484498023986816, 1523.0
0.19004416465759277, 1526.0
0.2053990364074707, 1548.0
0.22075986862182617, 1573.0
0.23615407943725586, 1573.0
0.2515559196472168, 1573.0
0.2669689655303955, 1573.0
0.28235793113708496, 1582.0
0.29776597023010254, 1588.0
0.31313395500183105, 1588.0
0.3285081386566162, 1588.0
0.3439798355102539, 1588.0
0.35947203636169434, 1589.0
0.37491917610168457, 1589.0
0.3917698860168457, 1589.0
0.40787506103515625, 1589.0
0.4236137866973877, 1589.0
0.43927597999572754, 1589.0
0.4548661708831787, 1589.0
0.4704408645629883, 1589.0
0.48607301712036133, 1589.0
0.5017819404602051, 1589.0
0.5174660682678223, 1589.0
0.533195972442627, 1589.0
0.548907995223999, 1589.0
0.5646340847015381, 1589.0
0.580298900604248, 1589.0
0.5959768295288086, 1589.0
0.6116158962249756, 1589.0
0.6273269653320312, 1589.0
0.6429719924926758, 1589.0
0.6586258411407471, 1589.0
0.6742520332336426, 1589.0
0.689971923828125, 1589.0
0.7057349681854248, 1589.0
0.7213940620422363, 1589.0
0.7370510101318359, 1589.0
0.7527110576629639, 1589.0
0.7683618068695068, 1589.0
0.7840619087219238, 1589.0
0.7996871471405029, 1589.0
0.8154380321502686, 1589.0
0.8311209678649902, 1589.0
0.84676194190979, 1589.0
0.8623998165130615, 1589.0
0.8781979084014893, 1589.0
0.893906831741333, 1589.0
0.9095089435577393, 1589.0
0.9251139163970947, 1589.0
0.9407210350036621, 1589.0
0.9563591480255127, 1589.0
0.9719619750976562, 1589.0
0.9876139163970947, 1589.0
1.0032291412353516, 1589.0
1.018855094909668, 1589.0
1.0345029830932617, 1589.0
1.0502068996429443, 1589.0
1.0660851001739502, 1589.0
1.0821480751037598, 1589.0
1.0981628894805908, 1589.0
1.114267110824585, 1589.0
1.1306068897247314, 1589.0
1.1471829414367676, 1589.0
1.1631598472595215, 1589.0
1.1791789531707764, 1589.0
1.1952359676361084, 1589.0
1.211380958557129, 1589.0
1.2277109622955322, 1589.0
1.2443408966064453, 1589.0
1.2609949111938477, 1589.0
1.277327060699463, 1589.0
1.2932720184326172, 1589.0
1.3092069625854492, 1589.0
1.325181007385254, 1589.0
1.3411078453063965, 1589.0
1.3570239543914795, 1589.0
1.3729450702667236, 1589.0
1.389059066772461, 1589.0
1.4049959182739258, 1589.0
1.4209980964660645, 1589.0
1.4371118545532227, 1589.0
1.4531219005584717, 1589.0
1.469235897064209, 1589.0
1.485388994216919, 1589.0
1.5015959739685059, 1589.0
1.5178720951080322, 1589.0
1.5340490341186523, 1589.0
1.5502901077270508, 1589.0
1.5665240287780762, 1589.0
1.5821568965911865, 1589.0
1.5977671146392822, 1589.0
1.613590955734253, 1589.0
1.629215955734253, 1589.0
1.6449909210205078, 1589.0
1.6607029438018799, 1589.0
1.6763827800750732, 1589.0
1.692101001739502, 1589.0
1.7077980041503906, 1589.0
1.7234930992126465, 1589.0
1.739250898361206, 1589.0
1.7555298805236816, 1589.0
1.771759033203125, 1589.0
1.7875559329986572, 1589.0
1.803175926208496, 1589.0
1.8188121318817139, 1589.0
1.834474802017212, 1589.0
1.8502089977264404, 1589.0
1.8658368587493896, 1589.0
1.881484031677246, 1589.0
1.8971450328826904, 1589.0
1.9127750396728516, 1589.0
1.9284238815307617, 1589.0
1.9440999031066895, 1589.0
1.959784746170044, 1589.0
1.9754159450531006, 1589.0
1.9910829067230225, 1589.0
2.006730794906616, 1589.0
2.0223751068115234, 1589.0
2.0380730628967285, 1589.0
2.053736925125122, 1589.0
2.069365978240967, 1589.0
2.084967851638794, 1589.0
2.1005890369415283, 1589.0
2.1161859035491943, 1589.0
2.1318140029907227, 1589.0
2.1474289894104004, 1589.0
2.1630349159240723, 1589.0
2.1786348819732666, 1589.0
2.194288969039917, 1589.0
2.2098920345306396, 1589.0
2.225486993789673, 1589.0
2.241142988204956, 1589.0
2.2567009925842285, 1589.0
2.2722537517547607, 1589.0
2.2878339290618896, 1589.0
2.303433895111084, 1589.0
2.3190057277679443, 1589.0
2.3346009254455566, 1589.0
2.350153923034668, 1589.0
2.3656821250915527, 1589.0
2.3816208839416504, 1589.0
2.397531032562256, 1589.0
2.413444995880127, 1589.0
2.4289779663085938, 1589.0
2.444580078125, 1589.0
2.460197925567627, 1589.0
2.4757988452911377, 1589.0
2.491373062133789, 1589.0
2.506969928741455, 1589.0
2.5225460529327393, 1589.0
2.5381269454956055, 1589.0
2.5537190437316895, 1589.0
2.569272994995117, 1589.0
2.5848429203033447, 1589.0
2.600395917892456, 1589.0
2.6160099506378174, 1589.0
2.6316158771514893, 1589.0
2.6471898555755615, 1589.0
2.6627700328826904, 1589.0
2.678373098373413, 1589.0
2.694108009338379, 1589.0
2.7096948623657227, 1589.0
2.7252309322357178, 1589.0
2.740825891494751, 1589.0
2.75638484954834, 1589.0
2.7719860076904297, 1589.0
2.7876038551330566, 1589.0
2.8031959533691406, 1589.0
2.818781852722168, 1589.0
2.8343348503112793, 1589.0
2.8499438762664795, 1589.0
2.8655200004577637, 1589.0
2.881243944168091, 1589.0
2.8971498012542725, 1589.0
2.9127330780029297, 1589.0
2.9283149242401123, 1589.0
2.943897008895874, 1589.0
2.9596970081329346, 1589.0
2.975553035736084, 1589.0
2.9916160106658936, 1589.0
3.007611036300659, 1589.0
3.023636817932129, 1589.0
3.0396888256073, 1589.0
3.0556929111480713, 1589.0
3.0716540813446045, 1589.0
3.087735891342163, 1589.0
3.103708028793335, 1589.0
3.119880199432373, 1589.0
3.136500835418701, 1589.0
3.153066873550415, 1589.0
3.169651746749878, 1589.0
