0.20274090766906738, 10941.0
0.3503119945526123, 11043.0
0.5001380443572998, 11193.0
0.6499619483947754, 11613.0
0.8000829219818115, 11613.0
0.951664924621582, 11683.0
1.1035950183868408, 11913.0
1.2542128562927246, 11989.0
1.4046878814697266, 12049.0
1.5558068752288818, 12090.0
1.7070260047912598, 12295.0
1.8584740161895752, 12442.0
2.00809383392334, 12465.0
2.1591880321502686, 12465.0
2.3122880458831787, 12807.0
2.464420795440674, 12809.0
2.6166300773620605, 13085.0
2.76883602142334, 13085.0
2.918966054916382, 13308.0
3.0723469257354736, 13517.0
3.2297730445861816, 13522.0
3.3847978115081787, 13522.0
3.540203094482422, 13522.0
3.6945998668670654, 13522.0
3.84847092628479, 13588.0
4.0056188106536865, 13860.0
4.165339946746826, 14026.0
4.324275970458984, 14026.0
4.483505964279175, 14026.0
4.636143922805786, 14045.0
4.788910865783691, 14217.0
4.944905042648315, 14217.0
5.09819483757019, 14217.0
5.2535529136657715, 14307.0
5.408122777938843, 14487.0
5.567779064178467, 14508.0
5.728399753570557, 14699.0
5.887534141540527, 14699.0
6.047653913497925, 14699.0
6.206666946411133, 14771.0
6.362526893615723, 15010.0
6.518438816070557, 15011.0
6.674390077590942, 15011.0
6.830432891845703, 15135.0
6.988633871078491, 15135.0
7.146690130233765, 15135.0
7.304664134979248, 15135.0
7.46193790435791, 15255.0
7.620408058166504, 15255.0
7.777086019515991, 15340.0
7.934401035308838, 15340.0
8.092047929763794, 15426.0
8.249461889266968, 15661.0
8.406723022460938, 15661.0
8.56451678276062, 15661.0
8.720087051391602, 15684.0
8.875916957855225, 15684.0
9.030977964401245, 15788.0
9.189877033233643, 15788.0
9.347643852233887, 15788.0
9.503237962722778, 15788.0
9.659754991531372, 15844.0
9.81502890586853, 15844.0
9.972241878509521, 15844.0
10.129297971725464, 15924.0
10.286553859710693, 15924.0
10.443986892700195, 15925.0
10.601387023925781, 15932.0
10.758733034133911, 15948.0
10.916127920150757, 15984.0
11.0745530128479, 16025.0
11.236185073852539, 16053.0
11.393950939178467, 16053.0
11.552740097045898, 16248.0
11.711024761199951, 16248.0
11.868435859680176, 16248.0
12.025666952133179, 16248.0
12.182986974716187, 16248.0
12.340686082839966, 16389.0
12.498010873794556, 16389.0
12.655442953109741, 16389.0
12.812779903411865, 16389.0
12.970744132995605, 16488.0
13.12816309928894, 16488.0
13.286268949508667, 16504.0
13.443667888641357, 16504.0
13.603384017944336, 16504.0
13.762194871902466, 16504.0
13.920921802520752, 16504.0
14.080127954483032, 16504.0
14.238993883132935, 16504.0
14.397693872451782, 16525.0
14.5572190284729, 16525.0
14.716000080108643, 16525.0
14.878276824951172, 16598.0
15.037591934204102, 16633.0
15.197407007217407, 16633.0
15.356017827987671, 16633.0
15.514855861663818, 16646.0
15.674874782562256, 16646.0
15.83379602432251, 16697.0
15.992910146713257, 16697.0
16.151571035385132, 16697.0
16.310171842575073, 16697.0
16.46907114982605, 16704.0
16.627887964248657, 16704.0
16.786700010299683, 16772.0
16.94606375694275, 16772.0
17.104806900024414, 16772.0
17.26422095298767, 16772.0
17.42334008216858, 16772.0
17.582321882247925, 16772.0
17.74290680885315, 16772.0
17.901668787002563, 16772.0
18.06057381629944, 16772.0
18.219285011291504, 16841.0
18.377660989761353, 16841.0
18.5361909866333, 16841.0
18.697672843933105, 16851.0
18.856961011886597, 16851.0
19.015837907791138, 16851.0
19.17513608932495, 16959.0
19.334348917007446, 16959.0
19.492905855178833, 16960.0
19.65153408050537, 16960.0
19.812872886657715, 16960.0
19.971436977386475, 16986.0
20.12998080253601, 17046.0
20.288501024246216, 17046.0
20.447643995285034, 17046.0
20.606340169906616, 17046.0
20.765135049819946, 17046.0
20.924376010894775, 17046.0
21.0843288898468, 17051.0
21.24364399909973, 17051.0
21.40350103378296, 17057.0
21.5627760887146, 17057.0
21.72171378135681, 17076.0
21.88186502456665, 17076.0
22.041049003601074, 17081.0
22.2044939994812, 17081.0
22.363327026367188, 17081.0
22.52194571495056, 17083.0
22.680930137634277, 17116.0
22.837852954864502, 17116.0
22.99610996246338, 17173.0
23.155030965805054, 17173.0
23.313309907913208, 17173.0
23.471484899520874, 17173.0
23.630483865737915, 17173.0
23.790772914886475, 17173.0
23.949238061904907, 17173.0
24.107558965682983, 17173.0
24.265702962875366, 17173.0
24.423845767974854, 17173.0
24.581909894943237, 17206.0
24.738691091537476, 17206.0
24.89743685722351, 17206.0
25.054521799087524, 17206.0
25.211470127105713, 17226.0
25.37041687965393, 17226.0
25.528904914855957, 17237.0
25.689830780029297, 17237.0
25.85035490989685, 17265.0
26.00920295715332, 17265.0
26.166579008102417, 17265.0
26.325567960739136, 17265.0
26.484829902648926, 17265.0
26.642329931259155, 17265.0
26.800333976745605, 17278.0
26.95831298828125, 17278.0
27.117305755615234, 17281.0
27.276901960372925, 17281.0
27.43639087677002, 17334.0
27.595542907714844, 17334.0
27.75985312461853, 17334.0
27.921345949172974, 17342.0
28.080888032913208, 17380.0
28.23996114730835, 17380.0
28.399439811706543, 17383.0
28.558522939682007, 17383.0
28.716910123825073, 17383.0
28.87638807296753, 17383.0
29.0361328125, 17383.0
29.1952908039093, 17383.0
29.354422092437744, 17390.0
29.513922929763794, 17390.0
29.675084114074707, 17390.0
29.83487105369568, 17390.0
29.995889902114868, 17390.0
30.155260801315308, 17390.0
30.312504053115845, 17390.0
30.46962308883667, 17398.0
30.62912106513977, 17398.0
30.788057804107666, 17412.0
30.946933031082153, 17412.0
31.105894804000854, 17412.0
31.264773845672607, 17412.0
31.422745943069458, 17412.0
31.582381010055542, 17412.0
31.741820812225342, 17413.0
