0.01996016502380371, 1270.0
0.035552024841308594, 1336.0
0.051072120666503906, 1371.0
0.06951403617858887, 1371.0
0.08876514434814453, 1371.0
0.1044621467590332, 1371.0
0.12009310722351074, 1408.0
0.1357738971710205, 1414.0
0.15155315399169922, 1414.0
0.16741514205932617, 1471.0
0.18324613571166992, 1471.0
0.19929814338684082, 1471.0
0.21532797813415527, 1471.0
0.23182201385498047, 1576.0
0.24805212020874023, 1576.0
0.2644002437591553, 1576.0
0.28075695037841797, 1576.0
0.297335147857666, 1576.0
0.31331825256347656, 1576.0
0.32962989807128906, 1576.0
0.3453381061553955, 1576.0
0.36098814010620117, 1576.0
0.3765830993652344, 1581.0
0.39219021797180176, 1588.0
0.40775394439697266, 1588.0
0.4232912063598633, 1588.0
0.43887996673583984, 1588.0
0.4547922611236572, 1588.0
0.47052431106567383, 1588.0
0.4862692356109619, 1588.0
0.5019922256469727, 1588.0
0.5176630020141602, 1588.0
0.5333530902862549, 1588.0
0.5490438938140869, 1626.0
0.5647532939910889, 1626.0
0.5804710388183594, 1626.0
0.5961320400238037, 1626.0
0.6118030548095703, 1626.0
0.6274700164794922, 1626.0
0.6430990695953369, 1626.0
0.6587462425231934, 1626.0
0.6743800640106201, 1626.0
0.6899330615997314, 1626.0
0.7057158946990967, 1626.0
0.7215359210968018, 1626.0
0.7371602058410645, 1626.0
0.7528030872344971, 1626.0
0.768355131149292, 1626.0
0.7840309143066406, 1626.0
0.7996459007263184, 1626.0
0.8152391910552979, 1626.0
0.8308131694793701, 1626.0
0.846440315246582, 1626.0
0.8619630336761475, 1626.0
0.8775711059570312, 1626.0
0.893165111541748, 1626.0
0.9087622165679932, 1626.0
0.9243309497833252, 1626.0
0.9399220943450928, 1626.0
0.9555160999298096, 1626.0
0.9710540771484375, 1626.0
0.9866330623626709, 1626.0
1.0022261142730713, 1626.0
1.0178050994873047, 1626.0
1.0333671569824219, 1626.0
1.048962116241455, 1626.0
1.0644981861114502, 1626.0
1.0800271034240723, 1626.0
1.0956883430480957, 1626.0
1.111288070678711, 1626.0
1.1268310546875, 1626.0
1.1423962116241455, 1626.0
1.157959222793579, 1626.0
1.1735732555389404, 1626.0
1.1891441345214844, 1626.0
1.2046821117401123, 1626.0
1.2201972007751465, 1626.0
1.2357251644134521, 1626.0
1.251310110092163, 1626.0
1.2672390937805176, 1626.0
1.2829370498657227, 1626.0
1.2990272045135498, 1626.0
1.3150169849395752, 1626.0
1.330566167831421, 1626.0
1.3461670875549316, 1626.0
1.3616950511932373, 1626.0
1.3773400783538818, 1626.0
1.3935279846191406, 1626.0
1.409708023071289, 1626.0
1.4254629611968994, 1626.0
1.441004991531372, 1626.0
1.4565391540527344, 1626.0
1.4720911979675293, 1626.0
1.4876279830932617, 1626.0
1.5031471252441406, 1626.0
1.5186681747436523, 1626.0
1.5342471599578857, 1626.0
1.550295114517212, 1626.0
1.566216230392456, 1626.0
1.5824482440948486, 1626.0
1.5985221862792969, 1626.0
1.6146149635314941, 1626.0
1.6306841373443604, 1626.0
1.6466660499572754, 1626.0
1.6626691818237305, 1626.0
1.6787750720977783, 1626.0
1.695404052734375, 1626.0
1.7120041847229004, 1626.0
1.7286241054534912, 1626.0
1.7448492050170898, 1626.0
1.7607901096343994, 1626.0
1.7767150402069092, 1626.0
1.792715072631836, 1626.0
1.809021234512329, 1626.0
1.825024127960205, 1626.0
1.8409841060638428, 1626.0
1.8569409847259521, 1626.0
1.8728880882263184, 1626.0
1.8888871669769287, 1626.0
1.904973030090332, 1626.0
1.9213171005249023, 1626.0
1.937467098236084, 1626.0
1.9536621570587158, 1626.0
1.9699032306671143, 1626.0
1.9862000942230225, 1626.0
2.0031931400299072, 1626.0
2.029123067855835, 1626.0
2.045776128768921, 1626.0
2.0623552799224854, 1626.0
2.0780081748962402, 1626.0
2.0936520099639893, 1626.0
2.1094162464141846, 1626.0
2.125136137008667, 1626.0
2.140768051147461, 1626.0
2.1563429832458496, 1626.0
2.171926975250244, 1626.0
2.1875221729278564, 1626.0
2.2031280994415283, 1626.0
2.218743085861206, 1626.0
2.2343122959136963, 1626.0
2.249932050704956, 1626.0
2.2655251026153564, 1626.0
2.2811272144317627, 1626.0
2.296842098236084, 1626.0
2.3124589920043945, 1626.0
2.3280529975891113, 1626.0
2.343698263168335, 1626.0
2.3593010902404785, 1626.0
2.374906063079834, 1626.0
2.3904471397399902, 1626.0
2.4061412811279297, 1626.0
2.4217898845672607, 1626.0
2.4373931884765625, 1626.0
2.4529521465301514, 1626.0
2.4685702323913574, 1626.0
2.4841370582580566, 1626.0
2.499718189239502, 1626.0
2.515285015106201, 1626.0
2.530848979949951, 1626.0
2.5463879108428955, 1626.0
2.5619702339172363, 1626.0
2.5775160789489746, 1626.0
2.593078136444092, 1626.0
2.608654022216797, 1626.0
2.6242361068725586, 1626.0
2.6398210525512695, 1626.0
2.6554439067840576, 1626.0
2.671006917953491, 1626.0
2.6865952014923096, 1626.0
2.702200174331665, 1626.0
2.717751979827881, 1626.0
2.7333130836486816, 1626.0
2.748939037322998, 1626.0
2.7644882202148438, 1626.0
2.7800519466400146, 1626.0
2.7956180572509766, 1626.0
2.811275005340576, 1626.0
2.8268542289733887, 1626.0
2.8424041271209717, 1626.0
2.8579890727996826, 1626.0
2.8735742568969727, 1626.0
2.889151096343994, 1626.0
2.9047532081604004, 1626.0
2.9203603267669678, 1626.0
2.935904026031494, 1626.0
2.951467990875244, 1626.0
2.9670581817626953, 1626.0
2.982715129852295, 1626.0
2.9983129501342773, 1626.0
3.013871192932129, 1626.0
3.029473066329956, 1626.0
3.0450541973114014, 1626.0
3.0605850219726562, 1626.0
3.0761473178863525, 1626.0
3.0917251110076904, 1626.0
3.1072940826416016, 1626.0
3.1228442192077637, 1626.0
3.1383979320526123, 1626.0
3.1539740562438965, 1626.0
3.1695380210876465, 1626.0
3.185075283050537, 1626.0
