2.7894973754882812e-05, 641.0
4.982948303222656e-05, 1367.0
7.295608520507812e-05, 1656.0
0.00013589859008789062, 2113.0
0.00015783309936523438, 3110.0
0.0005729198455810547, 3182.0
0.0006568431854248047, 3294.0
0.0010099411010742188, 3470.0
0.0010318756103515625, 4103.0
0.0034720897674560547, 4444.0
0.008749961853027344, 4955.0
0.010094165802001953, 5238.0
0.01036381721496582, 5267.0
0.014351129531860352, 5899.0
0.014875173568725586, 6043.0
0.01498103141784668, 6500.0
0.043547868728637695, 6773.0
0.0943448543548584, 7039.0
0.09438896179199219, 7608.0
0.4303250312805176, 7644.0
0.43186092376708984, 7646.0
0.436755895614624, 7790.0
0.7710719108581543, 7999.0
0.7756810188293457, 8007.0
0.789788007736206, 8275.0
0.9216840267181396, 8756.0
1.0712640285491943, 8759.0
