0.202531099319458, 13417.0
0.35089921951293945, 14099.0
0.5018720626831055, 14854.0
0.6540842056274414, 14854.0
0.8064851760864258, 15319.0
0.9608969688415527, 15319.0
1.1160540580749512, 15494.0
1.2717821598052979, 15791.0
1.4279720783233643, 15791.0
1.5819382667541504, 15915.0
1.734382152557373, 16613.0
1.888660192489624, 16613.0
2.0434350967407227, 17112.0
2.198329210281372, 17118.0
2.3534772396087646, 17302.0
2.508953094482422, 17513.0
2.6643970012664795, 17900.0
2.8203811645507812, 18109.0
2.976351261138916, 18301.0
3.1341521739959717, 18335.0
3.291091203689575, 18467.0
3.4480252265930176, 18764.0
3.6057240962982178, 18778.0
3.7639591693878174, 19208.0
3.9219460487365723, 19526.0
4.086343288421631, 19526.0
4.248171091079712, 19808.0
4.412973165512085, 19870.0
4.573260068893433, 20251.0
4.733745098114014, 20377.0
4.894430160522461, 20779.0
5.055368185043335, 20779.0
5.216395139694214, 20779.0
5.382957220077515, 21087.0
5.550939083099365, 21087.0
5.716591119766235, 21138.0
5.887381315231323, 21138.0
6.051812171936035, 22076.0
6.213481187820435, 22135.0
6.376995086669922, 22135.0
6.540321111679077, 22135.0
6.701726198196411, 22135.0
6.8649373054504395, 22135.0
7.0283262729644775, 22408.0
7.193082094192505, 22597.0
7.356704235076904, 22819.0
7.520420074462891, 22819.0
7.683963298797607, 23021.0
7.847772121429443, 23021.0
8.011366128921509, 23021.0
8.17522120475769, 23234.0
8.339318037033081, 23411.0
8.503780126571655, 23519.0
8.668010234832764, 23519.0
8.832483053207397, 23519.0
8.997022151947021, 24314.0
9.163254022598267, 24314.0
9.328144073486328, 24314.0
9.492764234542847, 24314.0
9.657478094100952, 24511.0
9.822144031524658, 24511.0
9.98719835281372, 24665.0
10.15255618095398, 24665.0
10.31766128540039, 24814.0
10.48291015625, 24930.0
10.648412227630615, 24930.0
10.81436824798584, 25017.0
10.979909181594849, 25095.0
11.145884275436401, 25095.0
11.314176082611084, 25095.0
11.481138229370117, 25200.0
11.648118019104004, 25302.0
11.816413164138794, 25537.0
11.992074251174927, 25537.0
12.160011053085327, 25600.0
12.326937198638916, 26012.0
12.493951320648193, 26108.0
12.660986185073853, 26108.0
12.828035116195679, 26108.0
12.995360374450684, 26261.0
13.162825345993042, 26261.0
13.331741333007812, 26261.0
13.497987031936646, 26261.0
13.665688037872314, 26708.0
13.8334641456604, 26708.0
14.001339197158813, 26708.0
14.169355154037476, 26708.0
14.337379217147827, 26708.0
14.505425214767456, 26708.0
14.673225164413452, 26708.0
14.840881109237671, 26708.0
15.008840322494507, 26812.0
15.176612138748169, 26812.0
15.347188234329224, 26812.0
15.515559196472168, 26815.0
15.68521523475647, 26904.0
15.854878187179565, 26917.0
16.024439096450806, 26968.0
16.194016218185425, 27014.0
16.3635470867157, 27014.0
16.533337116241455, 27014.0
16.703102350234985, 27014.0
16.87302803993225, 27014.0
17.043025255203247, 27014.0
17.212800979614258, 27072.0
17.384088039398193, 27111.0
17.554299116134644, 27183.0
17.724411249160767, 27388.0
17.8943452835083, 27388.0
18.064454078674316, 27388.0
18.2335422039032, 27417.0
18.40365219116211, 27417.0
18.57417106628418, 27417.0
18.744709253311157, 27417.0
18.914852142333984, 27417.0
19.0852210521698, 27459.0
19.25561809539795, 27478.0
19.42765212059021, 27667.0
19.597626209259033, 27667.0
19.76743507385254, 27707.0
19.937523365020752, 27707.0
20.107402324676514, 27707.0
20.277586221694946, 27797.0
20.4478702545166, 27797.0
20.61830496788025, 27797.0
20.788527250289917, 27797.0
20.958929300308228, 27797.0
21.129281044006348, 27797.0
21.29946517944336, 27797.0
21.47235131263733, 27797.0
21.643816232681274, 27802.0
21.814670085906982, 27802.0
21.986016988754272, 27818.0
22.15736699104309, 27818.0
22.32857918739319, 27910.0
22.499653100967407, 27910.0
22.67031502723694, 27910.0
22.841517210006714, 27910.0
23.013115167617798, 27910.0
23.185152053833008, 27910.0
23.35705804824829, 27988.0
23.530444145202637, 27988.0
23.702349185943604, 27988.0
23.874322175979614, 28014.0
24.046074151992798, 28014.0
24.21786332130432, 28014.0
24.389700174331665, 28014.0
24.56162714958191, 28037.0
24.73340106010437, 28037.0
24.9051251411438, 28037.0
25.07721519470215, 28118.0
25.248672246932983, 28118.0
25.4205641746521, 28118.0
25.593913078308105, 28208.0
25.766051054000854, 28208.0
25.937734127044678, 28290.0
26.109930992126465, 28290.0
26.28218412399292, 28290.0
26.454129219055176, 28290.0
26.62651014328003, 28290.0
26.79827117919922, 28290.0
26.970094203948975, 28290.0
27.14171004295349, 28290.0
27.313741207122803, 28290.0
27.483928203582764, 28290.0
27.657532215118408, 28290.0
27.829397201538086, 28318.0
28.00160527229309, 28318.0
28.171622276306152, 28318.0
28.344056129455566, 28318.0
28.5166232585907, 28338.0
28.689146041870117, 28338.0
28.861492156982422, 28338.0
29.03359818458557, 28338.0
29.20588731765747, 28338.0
29.37649416923523, 28338.0
29.548413276672363, 28338.0
29.71890926361084, 28338.0
29.888850212097168, 28338.0
30.058239221572876, 28357.0
30.227731227874756, 28357.0
30.397075176239014, 28386.0
30.568847179412842, 28386.0
30.738137245178223, 28511.0
30.907140254974365, 28511.0
31.07620930671692, 28511.0
31.245644092559814, 28511.0
31.415024280548096, 28511.0
31.585780382156372, 28511.0
31.7555513381958, 28511.0
31.92487120628357, 28511.0
32.09393525123596, 28511.0
32.26376533508301, 28511.0
32.433295249938965, 28511.0
32.602936029434204, 28511.0
32.77214002609253, 28511.0
32.94158315658569, 28511.0
33.1104371547699, 28511.0
33.27897334098816, 28511.0
33.45131731033325, 28513.0
33.62180709838867, 28513.0
