0.002074003219604492, 110.0
0.004075050354003906, 870.0
0.006083965301513672, 1669.0
0.008088827133178711, 2515.0
0.010097980499267578, 2676.0
0.01209878921508789, 3743.0
0.014098882675170898, 4237.0
0.016103029251098633, 5175.0
0.018100976943969727, 5621.0
0.0200960636138916, 6443.0
0.022099971771240234, 7369.0
0.02410292625427246, 7990.0
0.026102066040039062, 8351.0
0.028100967407226562, 8495.0
0.030098915100097656, 8759.0
0.03210783004760742, 9617.0
0.034110069274902344, 10452.0
0.03612875938415527, 11381.0
0.03814888000488281, 12185.0
0.04015088081359863, 13166.0
0.04215097427368164, 14235.0
0.04415392875671387, 14857.0
0.04615592956542969, 15578.0
0.04816699028015137, 16373.0
0.05015897750854492, 16945.0
0.052156925201416016, 17496.0
0.0541529655456543, 18061.0
0.05615997314453125, 18549.0
0.05819296836853027, 19455.0
0.060192108154296875, 19570.0
0.062191009521484375, 20077.0
0.06419897079467773, 20687.0
0.06621074676513672, 21136.0
0.06821489334106445, 21992.0
0.07021594047546387, 22798.0
0.07221484184265137, 23097.0
0.07422709465026855, 23324.0
0.07623410224914551, 23648.0
0.0782480239868164, 24655.0
0.08024287223815918, 25014.0
0.08224296569824219, 25946.0
0.0842430591583252, 26284.0
0.0862417221069336, 27085.0
0.0882570743560791, 27895.0
0.0902547836303711, 28206.0
0.09225082397460938, 29061.0
0.09424495697021484, 29222.0
0.09624505043029785, 29457.0
0.09826898574829102, 30316.0
0.10025882720947266, 30669.0
0.10226106643676758, 31487.0
0.1042487621307373, 32484.0
0.10624289512634277, 32801.0
0.10823988914489746, 33446.0
0.11022806167602539, 33816.0
0.11221790313720703, 33932.0
0.11422586441040039, 34875.0
0.1162118911743164, 35700.0
0.11819696426391602, 36356.0
0.12018394470214844, 37290.0
0.12217187881469727, 37444.0
0.12416601181030273, 37954.0
0.12619590759277344, 38792.0
0.12821292877197266, 39675.0
0.13023996353149414, 40193.0
0.13225388526916504, 40968.0
0.13425588607788086, 41621.0
0.13626503944396973, 41958.0
0.13827204704284668, 42702.0
0.14027881622314453, 42807.0
0.1423029899597168, 43044.0
0.14437484741210938, 43669.0
0.14640092849731445, 44438.0
0.14842510223388672, 44798.0
0.15045595169067383, 45425.0
0.15247011184692383, 46384.0
0.15449094772338867, 46957.0
0.15650391578674316, 47828.0
0.15850496292114258, 48830.0
0.16051197052001953, 48950.0
0.16251802444458008, 49275.0
0.1645340919494629, 49597.0
0.16654396057128906, 49947.0
0.16856098175048828, 50330.0
0.17055702209472656, 51308.0
0.17255687713623047, 52384.0
0.17455792427062988, 52825.0
0.1765589714050293, 53347.0
0.1785581111907959, 54248.0
0.1805720329284668, 54928.0
0.18651199340820312, 55245.0
0.1885209083557129, 55953.0
0.19052696228027344, 56439.0
0.1925220489501953, 56612.0
0.1945328712463379, 57199.0
0.19653797149658203, 57464.0
0.19857001304626465, 57730.0
0.20056796073913574, 58657.0
0.20846295356750488, 58894.0
0.21046090126037598, 59289.0
0.2183361053466797, 59609.0
0.2576749324798584, 59614.0
0.25968194007873535, 59755.0
0.31281113624572754, 59894.0
0.4644198417663574, 60053.0
0.48978114128112793, 60162.0
0.4917619228363037, 60321.0
0.5035181045532227, 60426.0
0.509408712387085, 60565.0
0.5387208461761475, 60716.0
0.7044320106506348, 60768.0
0.7258620262145996, 60877.0
0.7570230960845947, 61006.0
0.7946960926055908, 61095.0
0.885624885559082, 61205.0
1.0974280834197998, 61323.0
1.1032228469848633, 61472.0
1.1301159858703613, 61517.0
1.149350881576538, 61669.0
1.2377171516418457, 61772.0
1.2397079467773438, 61913.0
1.2701549530029297, 62045.0
1.3063790798187256, 62207.0
1.4166700839996338, 62314.0
1.4756660461425781, 62419.0
1.6746368408203125, 62470.0
1.6841418743133545, 62527.0
1.7049789428710938, 62657.0
1.7201879024505615, 62797.0
1.7221159934997559, 62952.0
1.7523829936981201, 63082.0
1.7580699920654297, 63196.0
1.8071949481964111, 63300.0
1.937587022781372, 63411.0
1.9886198043823242, 63512.0
2.253187894821167, 63599.0
2.2588839530944824, 63712.0
2.3288331031799316, 63817.0
2.421437978744507, 63846.0
2.4233617782592773, 64007.0
2.5089309215545654, 64159.0
2.539220094680786, 64283.0
2.6489927768707275, 64419.0
2.7284159660339355, 64563.0
2.743569850921631, 64746.0
2.7492597103118896, 64916.0
3.0058419704437256, 65019.0
3.1041269302368164, 65042.0
3.124987840652466, 65159.0
3.160984992980957, 65276.0
3.30281400680542, 65418.0
3.388350009918213, 65518.0
3.4054908752441406, 65693.0
3.424513816833496, 65802.0
3.4928908348083496, 65887.0
3.529207944869995, 65973.0
3.5521349906921387, 65992.0
3.5997068881988525, 66065.0
3.616835832595825, 66170.0
3.6433937549591064, 66385.0
3.705855131149292, 66466.0
3.719233751296997, 66627.0
3.744009017944336, 66701.0
3.8064939975738525, 66717.0
4.070159912109375, 66835.0
4.096373081207275, 67016.0
4.128363847732544, 67117.0
4.360635995864868, 67211.0
4.51653790473938, 67302.0
4.567736864089966, 67403.0
4.605128049850464, 67487.0
4.663662910461426, 67609.0
4.76683497428894, 67710.0
4.838467836380005, 67769.0
4.883360147476196, 67900.0
4.983921051025391, 67967.0
4.999544858932495, 68068.0
5.005418062210083, 68174.0
5.0618250370025635, 68290.0
5.073405981063843, 68408.0
5.1597208976745605, 68428.0
5.163593053817749, 68589.0
5.311967134475708, 68625.0
5.363271951675415, 68741.0
5.365206003189087, 68915.0
5.369036912918091, 69017.0
5.6477649211883545, 69091.0
5.763725757598877, 69208.0
5.796666860580444, 69313.0
5.835457801818848, 69318.0
5.860944032669067, 69443.0
5.870703935623169, 69562.0
5.8765459060668945, 69677.0
5.880465030670166, 69787.0
5.925442934036255, 69911.0
6.043113946914673, 70014.0
6.14558482170105, 70110.0
6.206480979919434, 70315.0
6.357879877090454, 70402.0
6.39943790435791, 70511.0
6.663405895233154, 70614.0
6.862473964691162, 70716.0
6.943866968154907, 70771.0
6.960958957672119, 70893.0
6.970448970794678, 71009.0
6.9962239265441895, 71114.0
7.300339937210083, 71167.0
7.361217737197876, 71289.0
7.3691089153289795, 71306.0
7.384912967681885, 71459.0
7.4045209884643555, 71566.0
7.430157899856567, 71670.0
7.512527942657471, 71684.0
7.739491939544678, 71686.0
7.843352794647217, 71782.0
7.8786461353302, 71898.0
7.909905910491943, 72016.0
8.033099889755249, 72113.0
8.074136972427368, 72316.0
8.160989046096802, 72383.0
8.1802818775177, 72439.0
8.199546813964844, 72602.0
8.297433853149414, 72716.0
8.443814039230347, 72808.0
8.499399900436401, 72931.0
8.53204894065857, 73063.0
8.693424940109253, 73118.0
8.747151851654053, 73134.0
8.8086097240448, 73161.0
8.810570001602173, 73324.0
8.818275928497314, 73432.0
8.82023572921753, 73568.0
8.88578486442566, 73678.0
8.910884857177734, 73792.0
8.918606996536255, 73893.0
9.355782985687256, 73986.0
9.409515857696533, 74107.0
9.480646848678589, 74170.0
9.578176021575928, 74252.0
9.585861921310425, 74393.0
9.60502576828003, 74606.0
9.785059928894043, 74883.0
10.02470588684082, 74925.0
10.028566837310791, 75044.0
10.055392742156982, 75198.0
10.089757919311523, 75305.0
10.265450954437256, 75516.0
10.435667037963867, 75603.0
10.466180801391602, 75611.0
10.550069093704224, 75643.0
10.61117696762085, 75774.0
10.637890815734863, 75882.0
10.740891933441162, 75979.0
10.796175956726074, 76082.0
10.82478380203247, 76199.0
10.856957912445068, 76304.0
11.163490772247314, 76307.0
11.377108097076416, 76408.0
11.494997024536133, 76481.0
11.586743831634521, 76608.0
11.65038800239563, 76714.0
11.88453197479248, 76725.0
11.890176057815552, 76867.0
11.927634954452515, 77102.0
11.94078803062439, 77215.0
12.088896036148071, 77311.0
12.214479923248291, 77315.0
12.229477882385254, 77363.0
12.2913339138031, 77414.0
12.523843765258789, 77500.0
13.043956995010376, 77585.0
13.425082921981812, 77670.0
13.436798095703125, 77817.0
13.456323862075806, 77882.0
13.503057956695557, 77900.0
13.51281189918518, 77906.0
13.586847066879272, 78009.0
13.713562965393066, 78010.0
13.763811826705933, 78207.0
13.855015993118286, 78248.0
13.868710994720459, 78353.0
13.882431983947754, 78502.0
14.173082828521729, 78619.0
14.751872062683105, 78709.0
14.849434852600098, 78794.0
14.96225905418396, 78804.0
15.186666011810303, 78896.0
15.854048728942871, 79017.0
16.158101081848145, 79076.0
16.175556898117065, 79205.0
16.73904013633728, 79217.0
16.89531397819519, 79261.0
16.920097827911377, 79397.0
16.929671049118042, 79499.0
17.745381832122803, 79515.0
17.82756996154785, 79579.0
17.868752002716064, 79690.0
17.93919277191162, 79723.0
17.982318878173828, 79901.0
18.06986093521118, 79918.0
18.221557140350342, 80019.0
18.279834985733032, 80186.0
18.285717010498047, 80310.0
18.305202960968018, 80413.0
18.4587140083313, 80506.0
18.485931158065796, 80520.0
18.509289026260376, 80624.0
18.517104864120483, 80742.0
18.552084922790527, 80790.0
18.7138888835907, 80905.0
18.727385997772217, 80911.0
18.742812871932983, 81054.0
18.802448987960815, 81200.0
18.89092993736267, 81305.0
19.210283041000366, 81408.0
19.218379020690918, 81518.0
19.305598974227905, 81702.0
19.42299199104309, 81751.0
19.43840193748474, 81870.0
19.476898908615112, 81894.0
19.51946711540222, 82112.0
19.675025939941406, 82179.0
19.692302942276, 82352.0
19.70768690109253, 82486.0
19.830353021621704, 82610.0
19.87813401222229, 82711.0
20.048420906066895, 82718.0
20.157437086105347, 82802.0
20.42284607887268, 82901.0
20.451607942581177, 82950.0
20.47268009185791, 83104.0
20.484171867370605, 83209.0
20.533848762512207, 83228.0
20.539605140686035, 83354.0
20.675809860229492, 83385.0
20.683645963668823, 83504.0
20.75344705581665, 83553.0
20.854477882385254, 83586.0
20.88884687423706, 83691.0
20.963165044784546, 83819.0
21.724591970443726, 83910.0
21.759451866149902, 84044.0
21.80983304977417, 84154.0
21.99372911453247, 84316.0
22.183010816574097, 84346.0
22.184979915618896, 84504.0
22.279531717300415, 84533.0
22.28149676322937, 84765.0
22.368258953094482, 84814.0
23.02167510986328, 84863.0
23.087106943130493, 84926.0
23.08908700942993, 85089.0
23.230432748794556, 85174.0
23.2845299243927, 85275.0
23.383978128433228, 85414.0
23.9724760055542, 85459.0
23.9763081073761, 85606.0
24.36381983757019, 85709.0
24.422714948654175, 85813.0
24.82839298248291, 85886.0
24.834104776382446, 86065.0
24.854912042617798, 86216.0
24.877585887908936, 86351.0
24.91160297393799, 86508.0
25.85781192779541, 86513.0
26.048004865646362, 86619.0
26.392894983291626, 86708.0
26.449311017990112, 86792.0
26.899386882781982, 86854.0
26.91624617576599, 87008.0
26.981947898864746, 87111.0
27.00251603126526, 87218.0
27.071760892868042, 87231.0
27.533111810684204, 87304.0
27.539000988006592, 87316.0
27.620789051055908, 87318.0
27.79192614555359, 87388.0
28.07283306121826, 87477.0
28.0938618183136, 87581.0
28.130236864089966, 87665.0
28.136028051376343, 87792.0
28.19722604751587, 87910.0
28.25083303451538, 87961.0
28.262279987335205, 88119.0
28.80062699317932, 88215.0
28.895764112472534, 88262.0
28.918593883514404, 88297.0
28.930006742477417, 88409.0
29.391529083251953, 88511.0
29.56479787826538, 88622.0
29.56671905517578, 88780.0
29.591297149658203, 88917.0
29.99031686782837, 89001.0
30.092519998550415, 89038.0
30.096349000930786, 89168.0
30.117330074310303, 89184.0
30.13815999031067, 89316.0
30.52477502822876, 89407.0
30.653636932373047, 89419.0
30.854159832000732, 89572.0
30.9733829498291, 89672.0
31.17976188659668, 89714.0
31.40897488594055, 89715.0
32.30917477607727, 89815.0
32.81796383857727, 89846.0
32.93157982826233, 89914.0
33.221526861190796, 89954.0
33.231045961380005, 90103.0
33.2348690032959, 90230.0
33.257606983184814, 90403.0
33.42987298965454, 90479.0
33.443142890930176, 90502.0
33.471842765808105, 90608.0
33.5719051361084, 90611.0
33.65531873703003, 90690.0
33.80915689468384, 90714.0
34.45473384857178, 90719.0
35.036998987197876, 90804.0
35.08083701133728, 90868.0
35.12255501747131, 90995.0
35.135830879211426, 91001.0
35.18130588531494, 91103.0
35.2117760181427, 91215.0
35.37848877906799, 91303.0
35.4032199382782, 91345.0
35.42976188659668, 91475.0
36.110634088516235, 91515.0
36.355127811431885, 91618.0
36.70022106170654, 91669.0
36.74951887130737, 91674.0
36.7703697681427, 91779.0
36.79704999923706, 91867.0
36.92075300216675, 92016.0
37.08819007873535, 92113.0
37.11847400665283, 92214.0
37.51004981994629, 92365.0
37.57550287246704, 92424.0
37.581509828567505, 92540.0
37.5835280418396, 92716.0
38.15498995780945, 92814.0
38.74204707145691, 92854.0
38.925703048706055, 92888.0
38.984336853027344, 92992.0
39.35948085784912, 93090.0
39.45301675796509, 93102.0
39.64558291435242, 93111.0
39.764922857284546, 93205.0
42.71770095825195, 93219.0
43.32981491088867, 93232.0
43.34674000740051, 93353.0
43.36750793457031, 93399.0
43.66135573387146, 93514.0
43.826277017593384, 93589.0
43.84888291358948, 93694.0
43.90715289115906, 93717.0
44.39517688751221, 93780.0
44.4329559803009, 93805.0
44.83144402503967, 93867.0
44.844685792922974, 93898.0
45.01418614387512, 93904.0
45.050137996673584, 93981.0
45.063369035720825, 94098.0
45.288678884506226, 94149.0
45.307360887527466, 94405.0
45.38607907295227, 94547.0
45.389840841293335, 94686.0
45.40477395057678, 94794.0
45.50199103355408, 94819.0
45.73795008659363, 94948.0
45.87231087684631, 95005.0
45.90030789375305, 95103.0
45.967976093292236, 95113.0
45.994247913360596, 95216.0
46.03168702125549, 95277.0
46.05593204498291, 95405.0
46.553613901138306, 95419.0
46.724790811538696, 95515.0
47.62017798423767, 95521.0
47.63312482833862, 95693.0
47.684985876083374, 95694.0
48.06361103057861, 95703.0
48.072813749313354, 95837.0
48.1132550239563, 95906.0
48.4568977355957, 96008.0
48.84946584701538, 96167.0
48.946852922439575, 96236.0
48.99640512466431, 96397.0
49.01109480857849, 96516.0
49.341761112213135, 96615.0
49.89470911026001, 96709.0
49.98459196090698, 96914.0
50.04555296897888, 97018.0
50.08240008354187, 97204.0
50.20880174636841, 97311.0
50.27294087409973, 97406.0
50.34269595146179, 97419.0
50.42150688171387, 97510.0
50.4417028427124, 97544.0
51.844265937805176, 97606.0
52.38861799240112, 97699.0
52.53954195976257, 97784.0
52.567706823349, 97886.0
52.603424072265625, 97887.0
52.61469912528992, 97900.0
52.716156005859375, 97967.0
52.727439880371094, 98004.0
52.92270088195801, 98009.0
53.28803491592407, 98017.0
53.72867679595947, 98118.0
53.851101875305176, 98165.0
53.90882897377014, 98200.0
54.12989401817322, 98316.0
58.30361604690552, 98354.0
58.33094310760498, 98478.0
58.550660848617554, 98512.0
58.746768951416016, 98603.0
58.89258885383606, 98621.0
58.937329053878784, 98785.0
58.980096101760864, 98799.0
59.03448295593262, 98847.0
59.06541705131531, 98980.0
59.11151385307312, 99114.0
59.46337580680847, 99119.0
59.76845979690552, 99216.0
59.9616961479187, 99262.0
60.00521492958069, 99292.0
60.099059104919434, 99318.0
64.36682987213135, 99410.0
64.39405179023743, 99590.0
64.40580987930298, 99719.0
64.49708485603333, 99813.0
64.53779578208923, 99818.0
64.69460582733154, 99900.0
64.94603085517883, 99915.0
65.61823797225952, 100004.0
65.76354694366455, 100204.0
73.28108811378479, 100304.0
73.40755581855774, 100387.0
73.4439697265625, 100459.0
73.45548605918884, 100591.0
73.48999881744385, 100607.0
73.59719395637512, 100653.0
75.79669785499573, 100704.0
80.82125973701477, 100706.0
80.90066599845886, 100719.0
80.93474888801575, 100817.0
85.5811038017273, 100819.0
87.55770611763, 100896.0
87.67484712600708, 100918.0
88.04204607009888, 101010.0
90.94300699234009, 101016.0
91.2474639415741, 101017.0
94.19870400428772, 101119.0
96.90706205368042, 101202.0
96.98343205451965, 101290.0
96.99129891395569, 101415.0
100.32185506820679, 101485.0
100.47323608398438, 101514.0
100.92077088356018, 101616.0
100.94188284873962, 101647.0
100.95340490341187, 101788.0
101.01676177978516, 101891.0
101.0742621421814, 101907.0
101.13362288475037, 102068.0
101.16238689422607, 102075.0
101.23897409439087, 102104.0
101.36723375320435, 102201.0
101.52026987075806, 102311.0
101.7192280292511, 102402.0
101.94673275947571, 102407.0
102.18393301963806, 102418.0
103.33117699623108, 102487.0
103.45608305931091, 102619.0
105.42196679115295, 102702.0
105.5253369808197, 102787.0
105.59435606002808, 102907.0
105.6461341381073, 102912.0
105.74010300636292, 103017.0
106.46079182624817, 103113.0
106.71527290344238, 103215.0
107.40941596031189, 103313.0
107.45735192298889, 103401.0
108.13418793678284, 103511.0
108.99808287620544, 103513.0
109.49115991592407, 103616.0
109.55841398239136, 103717.0
112.42992901802063, 103783.0
112.46642112731934, 103884.0
112.53743290901184, 104011.0
112.59696388244629, 104116.0
112.84244799613953, 104219.0
113.2977659702301, 104290.0
113.33671593666077, 104411.0
113.80777096748352, 104508.0
114.99961876869202, 104509.0
115.0117609500885, 104612.0
120.93052792549133, 104709.0
121.72228193283081, 104815.0
122.57979202270508, 104919.0
126.81267309188843, 104984.0
126.81653308868408, 105088.0
126.91627597808838, 105189.0
127.13095307350159, 105305.0
128.7772901058197, 105413.0
128.92999410629272, 105515.0
131.84809184074402, 105616.0
132.66786098480225, 105717.0
135.5001699924469, 105818.0
175.86997294425964, 105919.0
