0.0020401477813720703, 273.0
0.004079103469848633, 779.0
0.006093025207519531, 1318.0
0.008101224899291992, 1976.0
0.010105133056640625, 2123.0
0.012115955352783203, 2350.0
0.014116048812866211, 3056.0
0.016120195388793945, 3279.0
0.018117189407348633, 3380.0
0.020122051239013672, 3595.0
0.022106170654296875, 4620.0
0.024092912673950195, 5114.0
0.0260770320892334, 5555.0
0.02807307243347168, 6367.0
0.030114173889160156, 6608.0
0.032154083251953125, 7062.0
0.03422689437866211, 7063.0
0.036264896392822266, 7712.0
0.03827714920043945, 8150.0
0.04025912284851074, 8395.0
0.042246103286743164, 8609.0
0.04422616958618164, 8743.0
0.04624319076538086, 8898.0
0.048229217529296875, 9879.0
0.050246238708496094, 10858.0
0.05222916603088379, 11307.0
0.05420494079589844, 11944.0
0.056197166442871094, 12511.0
0.058181047439575195, 13259.0
0.06019091606140137, 13711.0
0.06216907501220703, 14042.0
0.06414794921875, 14931.0
0.06613802909851074, 15778.0
0.06812119483947754, 16655.0
0.07010817527770996, 17559.0
0.07209610939025879, 18118.0
0.07409310340881348, 18163.0
0.07607197761535645, 18583.0
0.07806015014648438, 18940.0
0.08005905151367188, 19780.0
0.08204388618469238, 20057.0
0.08403205871582031, 20728.0
0.08602285385131836, 21370.0
0.08800411224365234, 21496.0
0.08998394012451172, 22108.0
0.09196305274963379, 22722.0
0.0939488410949707, 23495.0
0.0959329605102539, 23968.0
0.09791898727416992, 24562.0
0.09992408752441406, 24736.0
0.10190892219543457, 25405.0
0.10389399528503418, 25812.0
0.10587811470031738, 26853.0
0.10785317420959473, 27238.0
0.10983514785766602, 27542.0
0.11184525489807129, 28549.0
0.11382198333740234, 28709.0
0.11580109596252441, 28710.0
0.11776995658874512, 29179.0
0.11974406242370605, 29244.0
0.12170219421386719, 29872.0
0.12367105484008789, 30380.0
0.12572121620178223, 31025.0
0.12769508361816406, 31393.0
0.129655122756958, 32218.0
0.13161396980285645, 33112.0
0.13356995582580566, 33818.0
0.13551902770996094, 34306.0
0.13748908042907715, 34593.0
0.13943719863891602, 35225.0
0.14139318466186523, 35509.0
0.143355131149292, 36382.0
0.14531898498535156, 36678.0
0.14728188514709473, 37451.0
0.14923501014709473, 37995.0
0.1512000560760498, 38783.0
0.1531519889831543, 39332.0
0.15511202812194824, 40165.0
0.15706396102905273, 40626.0
0.15902423858642578, 41045.0
0.16097617149353027, 41766.0
0.16292715072631836, 42030.0
0.164902925491333, 42140.0
0.16686010360717773, 43035.0
0.16881799697875977, 43845.0
0.17077398300170898, 44319.0
0.17273306846618652, 44930.0
0.1746830940246582, 45129.0
0.17664623260498047, 45361.0
0.1786198616027832, 46292.0
0.18058228492736816, 47042.0
0.18253111839294434, 47317.0
0.18448305130004883, 48160.0
0.18643712997436523, 48302.0
0.18839287757873535, 48563.0
0.19035911560058594, 48929.0
0.19234299659729004, 48947.0
0.19430804252624512, 49816.0
0.23085689544677734, 50027.0
0.4169290065765381, 50125.0
0.4933812618255615, 50126.0
0.5297629833221436, 50127.0
0.9228229522705078, 50128.0
0.9247548580169678, 50215.0
0.9532742500305176, 50220.0
0.9760792255401611, 50233.0
0.9798710346221924, 50234.0
1.0800461769104004, 50264.0
1.177286148071289, 50284.0
1.2614781856536865, 50414.0
1.3773481845855713, 50415.0
1.5679302215576172, 50452.0
1.5699079036712646, 50501.0
1.6168529987335205, 50502.0
1.7107090950012207, 50578.0
1.7691709995269775, 50579.0
2.0569989681243896, 50616.0
2.1556570529937744, 50639.0
3.229672908782959, 50775.0
3.300801992416382, 50802.0
3.495452880859375, 50824.0
3.5031979084014893, 50898.0
3.734342098236084, 50900.0
3.805669069290161, 50980.0
4.078675031661987, 50996.0
5.8400719165802, 51063.0
5.86283016204834, 51064.0
5.94405722618103, 51079.0
6.012182950973511, 51121.0
6.156699180603027, 51122.0
7.431023120880127, 51128.0
7.432945251464844, 51227.0
7.434870004653931, 51228.0
7.463274955749512, 51297.0
7.554065942764282, 51429.0
7.614593982696533, 51430.0
7.904009103775024, 51469.0
7.936719179153442, 51509.0
7.940577983856201, 51510.0
8.00197720527649, 51531.0
8.023058891296387, 51532.0
8.055651187896729, 51630.0
8.09975814819336, 51631.0
10.132538080215454, 51648.0
10.145914077758789, 51793.0
10.182093143463135, 51868.0
10.235475063323975, 51893.0
10.844681978225708, 51992.0
10.943665266036987, 52083.0
11.149152994155884, 52130.0
11.181549072265625, 52225.0
11.198740005493164, 52289.0
11.274938106536865, 52306.0
11.27878189086914, 52307.0
11.693445205688477, 52317.0
11.69537901878357, 52384.0
11.858460187911987, 52456.0
11.88327407836914, 52485.0
12.163191080093384, 52580.0
12.18990421295166, 52581.0
12.256593942642212, 52641.0
12.616098165512085, 52653.0
12.696040868759155, 52671.0
12.766512155532837, 52732.0
12.777979135513306, 52748.0
12.806594133377075, 52814.0
12.844677209854126, 52864.0
13.010342836380005, 52904.0
13.122758150100708, 52927.0
13.698938131332397, 52970.0
14.029109001159668, 52984.0
14.187371969223022, 52987.0
15.23955512046814, 52993.0
15.260805130004883, 52994.0
15.295536041259766, 52995.0
15.545518159866333, 53017.0
15.573914051055908, 53086.0
15.621347188949585, 53117.0
15.718034029006958, 53128.0
15.890943050384521, 53279.0
16.039958953857422, 53365.0
16.3473060131073, 53391.0
16.598134994506836, 53508.0
17.264107942581177, 53522.0
17.303450107574463, 53594.0
17.339023113250732, 53595.0
17.361509084701538, 53686.0
17.539404153823853, 53746.0
17.567548036575317, 53773.0
17.608739137649536, 53784.0
17.616255044937134, 53785.0
17.670527935028076, 53786.0
17.752899169921875, 53899.0
17.807188034057617, 53964.0
17.8963520526886, 54024.0
17.935731887817383, 54112.0
44.54894304275513, 54156.0
44.584681034088135, 54157.0
44.702975034713745, 54199.0
44.725512981414795, 54225.0
44.74993300437927, 54270.0
45.27338910102844, 54424.0
45.3856840133667, 54542.0
46.10657215118408, 54642.0
46.13833403587341, 54669.0
46.841248989105225, 54718.0
46.858176946640015, 54719.0
59.849716901779175, 54783.0
59.89096403121948, 54798.0
60.12862420082092, 54815.0
60.141762018203735, 54855.0
60.16797423362732, 54856.0
60.33452224731445, 54897.0
60.377596855163574, 55043.0
60.43570899963379, 55174.0
60.64993405342102, 55199.0
60.66916513442993, 55332.0
61.07530999183655, 55359.0
61.08095908164978, 55434.0
62.280017137527466, 55496.0
62.30625319480896, 55505.0
62.58313488960266, 55559.0
62.93640112876892, 55579.0
62.945780992507935, 55587.0
66.74611616134644, 55601.0
66.7730941772461, 55708.0
66.87317824363708, 55757.0
66.89267110824585, 55848.0
67.07520198822021, 55930.0
67.08108305931091, 55949.0
92.20605206489563, 55984.0
92.29531908035278, 56007.0
92.49526190757751, 56045.0
92.53608202934265, 56054.0
92.6953489780426, 56137.0
92.77881908416748, 56209.0
92.87583804130554, 56251.0
92.90497517585754, 56252.0
93.13602089881897, 56259.0
96.32786297798157, 56331.0
96.51331520080566, 56443.0
96.57956314086914, 56502.0
99.72627305984497, 56507.0
99.79539823532104, 56527.0
99.92195296287537, 56561.0
99.93348002433777, 56636.0
99.93543195724487, 56637.0
99.93738293647766, 56732.0
100.1273729801178, 56741.0
100.16574907302856, 56742.0
100.17726707458496, 56743.0
100.32122015953064, 56764.0
100.33082509040833, 56823.0
101.02329111099243, 56897.0
101.06546711921692, 56994.0
102.96804809570312, 57049.0
102.96997714042664, 57050.0
103.01545119285583, 57090.0
105.15597891807556, 57121.0
105.15791511535645, 57204.0
106.0517361164093, 57245.0
106.79103803634644, 57266.0
106.84798407554626, 57267.0
107.01291108131409, 57324.0
107.98714303970337, 57341.0
108.04404306411743, 57342.0
108.25665092468262, 57389.0
108.36477422714233, 57502.0
108.3837890625, 57503.0
108.42362713813782, 57536.0
108.630380153656, 57579.0
108.66642093658447, 57718.0
108.76302790641785, 57719.0
108.80670523643494, 57754.0
108.9374930858612, 57759.0
108.99250197410583, 57763.0
109.02665305137634, 57865.0
109.91870307922363, 57876.0
109.93013906478882, 57877.0
110.04190421104431, 57894.0
110.14808917045593, 57896.0
110.30169296264648, 57975.0
110.44964718818665, 58028.0
110.45918583869934, 58029.0
110.51419115066528, 58072.0
111.94715595245361, 58102.0
111.95109605789185, 58103.0
112.10274195671082, 58280.0
112.35909914970398, 58289.0
112.37844920158386, 58350.0
112.39395499229431, 58367.0
112.40172100067139, 58460.0
116.9402220249176, 58561.0
117.30227208137512, 58652.0
117.4409441947937, 58737.0
117.59063005447388, 58755.0
118.72852993011475, 58764.0
119.53619313240051, 58772.0
119.56954908370972, 58905.0
119.7627010345459, 58972.0
119.92386507987976, 59047.0
120.33957600593567, 59150.0
120.56514406204224, 59204.0
121.09813618659973, 59263.0
121.11475825309753, 59264.0
121.31202411651611, 59332.0
121.45770907402039, 59333.0
121.46880626678467, 59334.0
121.48725605010986, 59361.0
121.6273238658905, 59393.0
121.83139991760254, 59500.0
122.25754594802856, 59535.0
122.30546998977661, 59554.0
122.42896699905396, 59687.0
122.45661807060242, 59688.0
122.60235691070557, 59689.0
122.92104816436768, 59802.0
123.4096109867096, 59826.0
123.45761203765869, 59827.0
123.69551110267639, 59896.0
123.73241901397705, 59963.0
123.76379323005676, 60039.0
125.9171290397644, 60046.0
126.36338901519775, 60047.0
126.36536026000977, 60100.0
126.46385407447815, 60101.0
126.48299312591553, 60131.0
126.57473421096802, 60132.0
126.63205909729004, 60248.0
126.68368625640869, 60290.0
126.78695392608643, 60298.0
126.79843997955322, 60393.0
127.7598352432251, 60448.0
127.76586699485779, 60449.0
127.81261014938354, 60494.0
128.06571316719055, 60500.0
128.8064088821411, 60553.0
130.18824911117554, 60588.0
130.28419303894043, 60712.0
130.4139919281006, 60857.0
130.52709102630615, 60904.0
130.5553982257843, 61030.0
131.68111896514893, 61119.0
131.91258215904236, 61275.0
132.03135514259338, 61276.0
132.27885913848877, 61317.0
132.37451124191284, 61318.0
133.1421241760254, 61352.0
133.73369193077087, 61375.0
133.81351494789124, 61444.0
134.18939590454102, 61452.0
134.2350251674652, 61479.0
134.70391297340393, 61541.0
135.0193259716034, 61581.0
135.27951788902283, 61582.0
135.51889419555664, 61583.0
136.77416396141052, 61651.0
136.7837200164795, 61652.0
136.92055916786194, 61766.0
136.92249298095703, 61890.0
137.36513996124268, 61917.0
137.3746621608734, 61918.0
138.05896496772766, 61989.0
138.08560299873352, 62016.0
138.84280705451965, 62077.0
140.06985712051392, 62078.0
140.55057001113892, 62102.0
141.20319414138794, 62128.0
141.4090292453766, 62158.0
141.43404006958008, 62159.0
142.35115909576416, 62160.0
142.62201809883118, 62164.0
142.9481201171875, 62165.0
143.02675604820251, 62182.0
143.51688504219055, 62237.0
143.82472491264343, 62313.0
145.57073712348938, 62380.0
145.92990803718567, 62447.0
146.07717609405518, 62474.0
146.7148940563202, 62481.0
147.41015911102295, 62501.0
147.84754610061646, 62593.0
147.92173790931702, 62673.0
148.35250997543335, 62674.0
148.75218892097473, 62693.0
149.1595070362091, 62694.0
149.52501702308655, 62777.0
149.716796875, 62799.0
150.22426104545593, 62845.0
151.78196716308594, 62918.0
152.91640901565552, 62947.0
153.4212589263916, 62962.0
155.2518699169159, 62972.0
155.7483320236206, 63002.0
158.5926010608673, 63107.0
159.24660396575928, 63151.0
159.28122401237488, 63152.0
159.32347321510315, 63153.0
160.00614404678345, 63154.0
160.97480702400208, 63155.0
161.75066018104553, 63180.0
161.88970494270325, 63259.0
161.99960494041443, 63260.0
162.65700101852417, 63262.0
164.62721800804138, 63378.0
165.1575129032135, 63427.0
165.18467807769775, 63432.0
166.8278510570526, 63452.0
167.2383041381836, 63461.0
167.79866814613342, 63462.0
169.08145403862, 63463.0
169.94831109046936, 63542.0
170.79026317596436, 63599.0
172.40573120117188, 63671.0
173.44455909729004, 63672.0
173.58327293395996, 63673.0
174.77756905555725, 63674.0
176.09646201133728, 63681.0
176.21968793869019, 63682.0
177.18304419517517, 63716.0
178.46274209022522, 63717.0
182.7927749156952, 63830.0
183.08078598976135, 63878.0
183.15580320358276, 63888.0
183.28479313850403, 63986.0
185.11332607269287, 63987.0
186.9599370956421, 64048.0
188.11433124542236, 64057.0
188.22966408729553, 64089.0
192.7851960659027, 64157.0
193.33238101005554, 64158.0
194.1182940006256, 64159.0
195.06738209724426, 64174.0
195.07503199577332, 64210.0
