1.0557997226715088, 66483.0
1.8079957962036133, 75245.0
2.5626156330108643, 75245.0
3.310128688812256, 81215.0
4.081296682357788, 84436.0
4.835033655166626, 89037.0
5.602871656417847, 99161.0
6.343101739883423, 100505.0
7.091596603393555, 102209.0
7.840724945068359, 104906.0
8.588713884353638, 110040.0
9.347914934158325, 111428.0
10.105102777481079, 116482.0
10.859229803085327, 118168.0
11.616020917892456, 122620.0
12.378395795822144, 126298.0
13.132614850997925, 130360.0
13.891316890716553, 131699.0
14.651565790176392, 133877.0
15.417471885681152, 138329.0
16.19100594520569, 141392.0
16.947069883346558, 143611.0
17.699058771133423, 146662.0
18.462625741958618, 154785.0
19.223068714141846, 160776.0
19.999711990356445, 165260.0
20.760953664779663, 165260.0
21.515816926956177, 173439.0
22.28715491294861, 173439.0
23.07313370704651, 174704.0
23.845977783203125, 175060.0
24.62248182296753, 178738.0
25.40184187889099, 179846.0
26.18307375907898, 182822.0
26.957451581954956, 185536.0
27.732102870941162, 186869.0
28.50945472717285, 189375.0
29.27575182914734, 190733.0
30.048454761505127, 201083.0
30.81821894645691, 204393.0
31.616371870040894, 204393.0
32.403318643569946, 204393.0
33.1810097694397, 207518.0
33.979169607162476, 208171.0
34.76438498497009, 208293.0
35.54503870010376, 209652.0
36.33846092224121, 215531.0
37.13344383239746, 216790.0
37.92103290557861, 216790.0
38.70945882797241, 220286.0
39.50885081291199, 223344.0
40.281935691833496, 227390.0
41.05189561843872, 227390.0
41.83150267601013, 231360.0
42.61179280281067, 231360.0
43.39827084541321, 232326.0
44.178510665893555, 237118.0
44.95199179649353, 245635.0
45.740370750427246, 245635.0
46.5407817363739, 245635.0
47.32246971130371, 249045.0
48.10800266265869, 249045.0
48.903050899505615, 250070.0
49.68141174316406, 250070.0
50.47107672691345, 254410.0
51.28023672103882, 254635.0
52.0871479511261, 260074.0
52.89197373390198, 260074.0
53.68895983695984, 260539.0
54.49695372581482, 262121.0
55.28937864303589, 268547.0
56.09715986251831, 268547.0
56.89280676841736, 273801.0
57.686633825302124, 274437.0
58.466524839401245, 274437.0
59.25062561035156, 275814.0
60.05648875236511, 278926.0
60.85155367851257, 278926.0
61.64121770858765, 279309.0
62.44426965713501, 282433.0
63.226757764816284, 286308.0
64.01862502098083, 286308.0
64.81549167633057, 287447.0
65.61624670028687, 291143.0
66.41363573074341, 291143.0
67.20195198059082, 294706.0
67.9894289970398, 294772.0
68.79338383674622, 301163.0
69.58917784690857, 301163.0
70.39896488189697, 301163.0
71.20156168937683, 305592.0
71.99731874465942, 307197.0
72.79364085197449, 309156.0
73.57564687728882, 309156.0
74.37216377258301, 309931.0
75.17196488380432, 310543.0
75.96054577827454, 311245.0
76.78949475288391, 313855.0
77.65600156784058, 315539.0
78.4824767112732, 319938.0
79.28716683387756, 319938.0
80.08526587486267, 319938.0
80.89963173866272, 321046.0
81.68839478492737, 321769.0
82.49732398986816, 321769.0
83.33199691772461, 322901.0
84.14351892471313, 326206.0
84.97003388404846, 330351.0
85.77513980865479, 332072.0
86.58136582374573, 334480.0
87.36962676048279, 334480.0
88.15705180168152, 334480.0
88.95481181144714, 334480.0
89.75416779518127, 336161.0
90.54461884498596, 338087.0
91.33494091033936, 338087.0
92.12345600128174, 338087.0
92.92670369148254, 339270.0
93.73390984535217, 339270.0
94.52621269226074, 340954.0
95.31830883026123, 343817.0
96.12048983573914, 348538.0
96.91316175460815, 348538.0
97.72067356109619, 349249.0
98.51812291145325, 349249.0
99.31116890907288, 350211.0
100.11870980262756, 351174.0
100.9320068359375, 352174.0
101.74516463279724, 353763.0
102.54641485214233, 353763.0
103.35351085662842, 357367.0
104.16762590408325, 357367.0
104.97719478607178, 360082.0
105.77034592628479, 360465.0
106.5694887638092, 360465.0
107.37975668907166, 360853.0
108.18685793876648, 360853.0
108.99172878265381, 365791.0
109.79022073745728, 368546.0
110.60252475738525, 368546.0
111.40335988998413, 368546.0
112.20116877555847, 368546.0
112.99878668785095, 368546.0
113.80563974380493, 368546.0
114.61046385765076, 368546.0
115.42110896110535, 371203.0
116.22562980651855, 373300.0
117.04410696029663, 373300.0
117.8583767414093, 375637.0
118.67795777320862, 375637.0
119.47526669502258, 376974.0
120.28049564361572, 379687.0
121.08101987838745, 379687.0
121.89007568359375, 379687.0
122.6903817653656, 381289.0
123.49874091148376, 381289.0
124.2990996837616, 382101.0
125.09882760047913, 382101.0
125.9086058139801, 384057.0
126.71487879753113, 384057.0
127.52422666549683, 385437.0
128.33565282821655, 385437.0
129.14739084243774, 386431.0
129.96304368972778, 386431.0
130.7759039402008, 387563.0
131.5932638645172, 387563.0
132.4283208847046, 387563.0
133.25244975090027, 396377.0
134.08940958976746, 396377.0
134.9190526008606, 396377.0
135.76101779937744, 396377.0
136.59644484519958, 396377.0
137.4257049560547, 396377.0
138.24050974845886, 396377.0
139.05705380439758, 396377.0
139.88832259178162, 396704.0
140.70960474014282, 396704.0
141.53631377220154, 401308.0
142.36284279823303, 401308.0
143.17566680908203, 401308.0
143.99312782287598, 401308.0
144.8104236125946, 401308.0
145.63110971450806, 401308.0
146.45235300064087, 401308.0
147.2740249633789, 403085.0
148.09498691558838, 404121.0
148.93163084983826, 409394.0
149.75328373908997, 409394.0
150.59694576263428, 409394.0
151.42650175094604, 409394.0
152.2566647529602, 409394.0
153.08065176010132, 412226.0
153.90448570251465, 412226.0
154.72994780540466, 412343.0
155.54804968833923, 412343.0
156.37233686447144, 415607.0
157.1915578842163, 416304.0
158.01932382583618, 416416.0
158.83859372138977, 416416.0
159.65733575820923, 416690.0
160.47551274299622, 417322.0
