0.019451141357421875, 1876.0
0.035043954849243164, 1978.0
0.05070614814758301, 2087.0
0.06641411781311035, 2175.0
0.08218216896057129, 2195.0
0.09809494018554688, 2383.0
0.11403322219848633, 2395.0
0.13005518913269043, 2395.0
0.14615225791931152, 2497.0
0.1624131202697754, 2589.0
0.17879700660705566, 2589.0
0.1952371597290039, 2589.0
0.2117600440979004, 2670.0
0.2286520004272461, 2670.0
0.24582695960998535, 2689.0
0.2630188465118408, 2689.0
0.2801499366760254, 2695.0
0.2978091239929199, 2695.0
0.3150639533996582, 2695.0
0.3315739631652832, 2695.0
0.34794116020202637, 2695.0
0.36437225341796875, 2695.0
0.3807640075683594, 2695.0
0.3971869945526123, 2695.0
0.4135711193084717, 2695.0
0.4299759864807129, 2695.0
0.4464430809020996, 2695.0
0.4628479480743408, 2695.0
0.47920703887939453, 2695.0
0.4955160617828369, 2695.0
0.5118470191955566, 2695.0
0.5282590389251709, 2695.0
0.5446288585662842, 2695.0
0.5609641075134277, 2695.0
0.5772609710693359, 2695.0
0.5936360359191895, 2695.0
0.6099669933319092, 2695.0
0.6262819766998291, 2695.0
0.6426441669464111, 2695.0
0.6589879989624023, 2695.0
0.6752879619598389, 2695.0
0.6915721893310547, 2695.0
0.7078580856323242, 2695.0
0.7241902351379395, 2695.0
0.7405271530151367, 2695.0
0.7567999362945557, 2695.0
0.7730510234832764, 2695.0
0.7893941402435303, 2695.0
0.8056879043579102, 2695.0
0.8219480514526367, 2695.0
0.8381979465484619, 2695.0
0.8545520305633545, 2695.0
0.8708231449127197, 2695.0
0.8871071338653564, 2695.0
0.9033808708190918, 2695.0
0.919633150100708, 2695.0
0.9359002113342285, 2695.0
0.9522190093994141, 2695.0
0.9684951305389404, 2695.0
0.9847221374511719, 2695.0
1.001121997833252, 2695.0
1.0176911354064941, 2695.0
1.0341002941131592, 2695.0
1.050379991531372, 2695.0
1.0667181015014648, 2695.0
1.0829510688781738, 2695.0
1.0992512702941895, 2695.0
1.1155540943145752, 2695.0
1.131850242614746, 2695.0
1.1480910778045654, 2695.0
1.1643760204315186, 2695.0
1.1806550025939941, 2695.0
1.196932077407837, 2695.0
1.2132899761199951, 2695.0
1.229870080947876, 2695.0
1.246793270111084, 2695.0
1.2642900943756104, 2695.0
1.2812111377716064, 2695.0
1.297971248626709, 2695.0
1.3146531581878662, 2695.0
1.3312880992889404, 2695.0
1.3479971885681152, 2695.0
1.3647139072418213, 2695.0
1.3815150260925293, 2695.0
1.398888111114502, 2695.0
1.4162321090698242, 2695.0
1.433345079421997, 2695.0
1.4499690532684326, 2695.0
1.466601848602295, 2695.0
1.483227014541626, 2695.0
1.4998528957366943, 2695.0
1.5164871215820312, 2695.0
1.5331051349639893, 2695.0
1.5497140884399414, 2695.0
1.566324234008789, 2695.0
1.5830190181732178, 2695.0
1.5998001098632812, 2695.0
1.6165590286254883, 2695.0
1.6333789825439453, 2695.0
1.6502041816711426, 2695.0
1.6670970916748047, 2695.0
1.684032917022705, 2695.0
1.7011518478393555, 2695.0
1.7181060314178467, 2695.0
1.7348682880401611, 2695.0
1.7511470317840576, 2695.0
1.7674579620361328, 2695.0
1.7837631702423096, 2695.0
1.8002409934997559, 2695.0
1.8167142868041992, 2695.0
1.83302903175354, 2695.0
1.8493571281433105, 2695.0
1.8656749725341797, 2695.0
1.8819761276245117, 2695.0
1.8983039855957031, 2695.0
1.9146220684051514, 2695.0
1.9309120178222656, 2695.0
1.9472270011901855, 2695.0
1.9634740352630615, 2695.0
1.9797899723052979, 2695.0
1.996109962463379, 2695.0
2.0124220848083496, 2695.0
2.028752088546753, 2695.0
2.045161247253418, 2695.0
2.0614571571350098, 2695.0
2.077726125717163, 2695.0
2.0940141677856445, 2695.0
2.1103270053863525, 2695.0
2.12664794921875, 2695.0
2.142936944961548, 2695.0
2.159296989440918, 2695.0
2.1755640506744385, 2695.0
2.191925048828125, 2695.0
2.208221197128296, 2695.0
2.2245450019836426, 2695.0
2.240816116333008, 2695.0
2.2571702003479004, 2695.0
2.2738940715789795, 2695.0
2.29111909866333, 2695.0
2.3076400756835938, 2695.0
2.3239991664886475, 2695.0
2.340329170227051, 2695.0
2.356635093688965, 2695.0
2.372905969619751, 2695.0
2.3892340660095215, 2695.0
2.4055750370025635, 2695.0
2.4219250679016113, 2695.0
2.438220977783203, 2695.0
2.4544942378997803, 2695.0
2.470784902572632, 2695.0
2.4870829582214355, 2695.0
2.503371000289917, 2695.0
2.519619941711426, 2695.0
2.5359389781951904, 2695.0
2.5521810054779053, 2695.0
2.5684800148010254, 2695.0
2.584733247756958, 2695.0
2.601044178009033, 2695.0
2.6172709465026855, 2695.0
2.6335580348968506, 2695.0
2.649811267852783, 2695.0
2.6660561561584473, 2695.0
2.682314872741699, 2695.0
2.698566198348999, 2695.0
2.7148101329803467, 2695.0
2.731083869934082, 2695.0
2.747375965118408, 2695.0
2.7636120319366455, 2695.0
2.7798502445220947, 2695.0
2.7961089611053467, 2695.0
2.812342882156372, 2695.0
2.8285889625549316, 2695.0
2.844841241836548, 2695.0
2.861082077026367, 2695.0
2.8773391246795654, 2695.0
2.8936049938201904, 2695.0
2.9099690914154053, 2695.0
2.926337957382202, 2695.0
2.9426021575927734, 2695.0
2.9588630199432373, 2695.0
2.9751551151275635, 2695.0
2.9914779663085938, 2695.0
3.0077481269836426, 2695.0
3.0242230892181396, 2695.0
3.040485143661499, 2695.0
3.0567479133605957, 2695.0
3.0730061531066895, 2695.0
3.0893421173095703, 2695.0
3.1056101322174072, 2695.0
3.1218931674957275, 2695.0
3.138151168823242, 2695.0
3.1544029712677, 2695.0
3.1707072257995605, 2695.0
3.186966896057129, 2695.0
3.2032511234283447, 2695.0
3.21948504447937, 2695.0
3.235751152038574, 2695.0
3.252169132232666, 2695.0
3.2684741020202637, 2695.0
3.2856669425964355, 2695.0
3.3029050827026367, 2695.0
