2.7179718017578125e-05, 113.0
5.0067901611328125e-05, 244.0
7.224082946777344e-05, 981.0
0.0001380443572998047, 1325.0
0.0002238750457763672, 1506.0
0.0003108978271484375, 2230.0
0.0005900859832763672, 3021.0
0.000823974609375, 3483.0
0.0013370513916015625, 3726.0
0.006540060043334961, 4069.0
0.006860971450805664, 4710.0
0.0073490142822265625, 5027.0
0.0077631473541259766, 5934.0
0.007788896560668945, 6148.0
0.03671407699584961, 6453.0
0.036863088607788086, 6990.0
0.3537168502807617, 7533.0
0.35416316986083984, 7846.0
0.4776620864868164, 7864.0
0.6715309619903564, 8291.0
0.6729419231414795, 8661.0
1.0152969360351562, 8756.0
1.040605068206787, 9147.0
