4.792213439941406e-05, 361.0
0.00013208389282226562, 621.0
0.00021314620971679688, 1179.0
0.0013051033020019531, 1622.0
0.0026280879974365234, 2318.0
0.003033161163330078, 3226.0
0.003873109817504883, 3736.0
0.006232023239135742, 3799.0
0.009017229080200195, 4106.0
0.009885072708129883, 4237.0
0.01757192611694336, 4797.0
0.01871490478515625, 5686.0
0.019581079483032227, 5739.0
0.02211904525756836, 6327.0
0.031407833099365234, 6537.0
0.03342700004577637, 6775.0
0.04519510269165039, 7032.0
0.04624319076538086, 7756.0
0.047505855560302734, 7794.0
0.13722801208496094, 7847.0
0.19730901718139648, 8212.0
0.3627011775970459, 8328.0
0.8394439220428467, 8466.0
0.8397519588470459, 8909.0
0.8446190357208252, 9040.0
1.130669116973877, 9165.0
1.131669044494629, 9197.0
1.3098289966583252, 9247.0
1.3107800483703613, 9364.0
1.4182889461517334, 9569.0
1.452967882156372, 9671.0
1.455024003982544, 10462.0
