0.2034010887145996, 11107.0
0.3562960624694824, 11400.0
0.5061919689178467, 11417.0
0.6565349102020264, 11451.0
0.8104078769683838, 11642.0
0.9608190059661865, 11642.0
1.114562749862671, 11845.0
1.2678048610687256, 11845.0
1.4213488101959229, 12000.0
1.5724618434906006, 12180.0
1.7310826778411865, 12346.0
1.8848309516906738, 12418.0
2.0365867614746094, 12530.0
2.1884188652038574, 12674.0
2.342226982116699, 12944.0
2.4970388412475586, 12944.0
2.6492748260498047, 12944.0
2.801677942276001, 13050.0
2.9563639163970947, 13151.0
3.112125873565674, 13151.0
3.2658309936523438, 13172.0
3.4243059158325195, 13297.0
3.584362745285034, 13560.0
3.741683006286621, 13590.0
3.899383783340454, 13590.0
4.054945707321167, 13661.0
4.207923889160156, 13802.0
4.365435838699341, 13846.0
4.5223188400268555, 13896.0
4.68016791343689, 14059.0
4.837435007095337, 14129.0
4.999138832092285, 14129.0
5.179431915283203, 14260.0
5.343011856079102, 14260.0
5.503939867019653, 14260.0
5.6611199378967285, 14260.0
5.818981885910034, 14487.0
5.976763963699341, 14555.0
6.134865999221802, 14555.0
6.292381048202515, 14876.0
6.450848817825317, 14876.0
6.608469009399414, 14889.0
6.764724016189575, 14889.0
6.922631025314331, 14889.0
7.079941987991333, 14964.0
7.241952896118164, 14964.0
7.430564880371094, 14971.0
7.59160304069519, 15100.0
7.750694990158081, 15100.0
7.909601926803589, 15100.0
8.068192720413208, 15138.0
8.24533200263977, 15138.0
8.404428720474243, 15176.0
8.564167976379395, 15196.0
8.72297978401184, 15381.0
8.881709814071655, 15381.0
9.040557861328125, 15381.0
9.197288036346436, 15399.0
9.35607099533081, 15399.0
9.51441478729248, 15495.0
9.67327070236206, 15495.0
9.832273960113525, 15530.0
9.989755868911743, 15586.0
10.149586915969849, 15586.0
10.309131860733032, 15601.0
10.470407962799072, 15877.0
10.628424882888794, 15877.0
10.787601947784424, 15877.0
10.947026014328003, 15877.0
11.106376886367798, 15877.0
11.263025999069214, 15877.0
11.422761917114258, 15877.0
11.581698894500732, 15877.0
11.740594863891602, 15963.0
11.899483919143677, 15963.0
12.058647871017456, 15963.0
12.217650890350342, 15963.0
12.376898765563965, 15963.0
12.538014888763428, 15963.0
12.697300910949707, 15984.0
12.856973886489868, 15984.0
13.016292810440063, 16030.0
13.175769805908203, 16067.0
13.334769010543823, 16067.0
13.492597818374634, 16097.0
13.652040958404541, 16097.0
13.811744689941406, 16097.0
13.97110104560852, 16097.0
14.132598876953125, 16128.0
14.293673992156982, 16164.0
14.45365571975708, 16164.0
14.612853050231934, 16164.0
14.773044109344482, 16176.0
14.933088779449463, 16176.0
15.093149900436401, 16239.0
15.253046751022339, 16239.0
15.413227796554565, 16239.0
15.571058988571167, 16239.0
15.731184959411621, 16380.0
15.891189098358154, 16380.0
16.051511764526367, 16380.0
16.209446907043457, 16380.0
16.372735023498535, 16380.0
16.53446102142334, 16435.0
16.696038961410522, 16455.0
16.85679292678833, 16455.0
17.019733667373657, 16533.0
17.181946992874146, 16533.0
17.340492725372314, 16533.0
17.50134778022766, 16562.0
17.662336826324463, 16562.0
17.822207927703857, 16562.0
17.980994939804077, 16564.0
18.13968586921692, 16600.0
18.29798412322998, 16609.0
18.456969022750854, 16609.0
18.61685585975647, 16641.0
18.775555849075317, 16645.0
18.934231758117676, 16665.0
19.092533111572266, 16856.0
19.25116777420044, 16856.0
19.40950584411621, 16856.0
19.56826090812683, 16856.0
19.726696968078613, 16856.0
19.884612798690796, 16882.0
20.04326581954956, 16882.0
20.201589822769165, 16882.0
20.35991883277893, 16882.0
20.518085956573486, 16914.0
20.67782688140869, 16914.0
20.836740970611572, 16914.0
20.99489998817444, 16914.0
21.153273820877075, 16914.0
21.311596870422363, 16937.0
21.470133781433105, 17020.0
21.62858295440674, 17020.0
21.78754186630249, 17020.0
21.946319818496704, 17108.0
22.10475778579712, 17108.0
22.26314091682434, 17108.0
22.421926975250244, 17108.0
22.58031702041626, 17108.0
22.740426778793335, 17108.0
22.899111032485962, 17108.0
23.057657957077026, 17134.0
23.215837001800537, 17134.0
23.374337911605835, 17134.0
23.53295397758484, 17134.0
23.691765069961548, 17134.0
23.850271701812744, 17134.0
24.00938081741333, 17134.0
24.16817283630371, 17134.0
24.326784133911133, 17134.0
24.48567295074463, 17134.0
24.644547939300537, 17134.0
24.80543088912964, 17134.0
24.964778661727905, 17134.0
25.12393283843994, 17134.0
25.283025979995728, 17148.0
25.4421489238739, 17148.0
25.601183652877808, 17182.0
25.760486841201782, 17182.0
25.919806957244873, 17182.0
26.079317092895508, 17182.0
26.238301038742065, 17182.0
26.396992683410645, 17182.0
26.556055784225464, 17182.0
26.71579384803772, 17182.0
26.87508487701416, 17182.0
27.034082889556885, 17182.0
27.193172931671143, 17182.0
27.3520348072052, 17186.0
27.510623693466187, 17186.0
27.669234037399292, 17190.0
27.827838897705078, 17190.0
27.986583948135376, 17190.0
28.1451358795166, 17190.0
28.304011821746826, 17190.0
28.462939977645874, 17190.0
28.621663808822632, 17190.0
28.78193688392639, 17190.0
28.94111394882202, 17190.0
29.100136041641235, 17210.0
29.259284019470215, 17210.0
29.417969942092896, 17219.0
29.576674938201904, 17219.0
29.735471963882446, 17219.0
29.89445996284485, 17219.0
30.053184032440186, 17219.0
30.212023735046387, 17219.0
30.371638774871826, 17219.0
30.531479835510254, 17219.0
30.691182851791382, 17219.0
30.85210680961609, 17219.0
31.01199698448181, 17219.0
31.1714608669281, 17219.0
31.33094882965088, 17238.0
31.492344856262207, 17238.0
31.651810884475708, 17238.0
31.811465978622437, 17319.0
31.970732927322388, 17319.0
