0.10031890869140625, 11348.0
0.1748669147491455, 13849.0
0.2502140998840332, 15839.0
0.32647085189819336, 15926.0
0.4032890796661377, 17267.0
0.4808199405670166, 19045.0
0.5575859546661377, 20972.0
0.6343228816986084, 23334.0
0.7111029624938965, 23334.0
0.7880051136016846, 24465.0
0.8651349544525146, 27147.0
0.942288875579834, 28029.0
1.020352840423584, 29471.0
1.0982780456542969, 29471.0
1.1817238330841064, 30424.0
1.2604448795318604, 30818.0
1.338541030883789, 31475.0
1.416935920715332, 32285.0
1.4955260753631592, 34823.0
1.5765979290008545, 34823.0
1.6570160388946533, 36105.0
1.7378129959106445, 36105.0
1.8185410499572754, 37099.0
1.8997271060943604, 37099.0
1.982180118560791, 37334.0
2.063689947128296, 38341.0
2.1657938957214355, 39029.0
2.256155014038086, 39029.0
2.343005895614624, 39517.0
2.430171012878418, 40882.0
2.5134031772613525, 42835.0
2.5963377952575684, 42835.0
2.6785898208618164, 42835.0
2.7597711086273193, 42835.0
2.840829849243164, 44817.0
2.9220731258392334, 44817.0
3.0030357837677, 44945.0
3.0839967727661133, 45721.0
3.1651229858398438, 45721.0
3.2464160919189453, 45721.0
3.327277898788452, 45721.0
3.4095170497894287, 45721.0
3.4904701709747314, 46131.0
3.5724658966064453, 46568.0
3.6553609371185303, 47274.0
3.739539861679077, 47274.0
3.8249759674072266, 47731.0
3.908369779586792, 47731.0
3.992321014404297, 47731.0
4.076886892318726, 48133.0
4.161029815673828, 48133.0
4.24236798286438, 48378.0
4.323582887649536, 48762.0
4.404876947402954, 48762.0
4.4861390590667725, 49403.0
4.567529916763306, 49403.0
4.6492578983306885, 49403.0
4.730875015258789, 49608.0
4.812386989593506, 49869.0
4.893836975097656, 49869.0
4.975487947463989, 49927.0
5.059586048126221, 50300.0
5.145813941955566, 50300.0
5.229788780212402, 50440.0
5.31313681602478, 50457.0
5.397335052490234, 50671.0
5.482707977294922, 50671.0
5.564590930938721, 50770.0
5.6466920375823975, 51163.0
5.7284228801727295, 51366.0
5.8101489543914795, 52236.0
5.89192008972168, 52236.0
5.973679065704346, 52236.0
6.057652950286865, 52236.0
6.139867782592773, 52236.0
6.221695899963379, 52236.0
6.303743839263916, 52500.0
6.3858418464660645, 52500.0
6.467988967895508, 52500.0
6.549994945526123, 52728.0
6.6319499015808105, 52728.0
6.713944911956787, 52728.0
6.795973777770996, 52728.0
6.8779449462890625, 52843.0
6.959936857223511, 52843.0
7.041802883148193, 52843.0
7.123849868774414, 52892.0
7.205852746963501, 53178.0
7.287763833999634, 53178.0
7.369640827178955, 53178.0
7.451303958892822, 53178.0
7.533092021942139, 53178.0
7.614803791046143, 53178.0
7.696560859680176, 53178.0
7.778403997421265, 53178.0
7.860291004180908, 53178.0
7.941977024078369, 53178.0
8.023780107498169, 53178.0
8.107589721679688, 53178.0
8.189716815948486, 53178.0
8.271731853485107, 53178.0
8.353879928588867, 53184.0
8.435921907424927, 53234.0
8.517951011657715, 53234.0
8.60010290145874, 53234.0
8.682391881942749, 53234.0
8.764550924301147, 53234.0
8.846762895584106, 53234.0
8.9288969039917, 53234.0
9.011009931564331, 53234.0
9.09301495552063, 53234.0
9.175002098083496, 53243.0
9.257014989852905, 53243.0
9.339046001434326, 53243.0
9.421056032180786, 53243.0
9.503233909606934, 53243.0
9.585192918777466, 53243.0
9.667260885238647, 53243.0
9.749290943145752, 53243.0
9.8314368724823, 53243.0
9.913405895233154, 53243.0
9.995681047439575, 53243.0
10.078098773956299, 53243.0
10.162141799926758, 53249.0
10.244510889053345, 53249.0
10.32704782485962, 53249.0
10.409232139587402, 53249.0
10.49135684967041, 53249.0
10.573617935180664, 53249.0
10.655915021896362, 53249.0
10.73821473121643, 53249.0
10.82048511505127, 53249.0
10.902570009231567, 53249.0
10.984683990478516, 53467.0
11.06667685508728, 53467.0
11.148653030395508, 53467.0
11.230735063552856, 53467.0
11.312695980072021, 53467.0
11.39476990699768, 53467.0
11.476821899414062, 53467.0
11.55882215499878, 53467.0
11.640735864639282, 53467.0
11.722715139389038, 53512.0
11.804703950881958, 53512.0
11.886804819107056, 53512.0
11.968719005584717, 53512.0
12.050848960876465, 53512.0
12.13381814956665, 53512.0
12.216400146484375, 53512.0
12.298523902893066, 53512.0
12.380451917648315, 53512.0
12.462470769882202, 53512.0
12.544333934783936, 53512.0
12.628790855407715, 53512.0
12.710721969604492, 53512.0
12.792622089385986, 53512.0
12.874512910842896, 53512.0
12.956591129302979, 53512.0
13.038538932800293, 53512.0
13.120524883270264, 53512.0
13.202511072158813, 53512.0
13.287767887115479, 53512.0
13.370173931121826, 53512.0
13.452703952789307, 53512.0
13.53508186340332, 53512.0
13.617872714996338, 53512.0
13.700339794158936, 53512.0
13.78275203704834, 53512.0
13.865264892578125, 53512.0
13.947736978530884, 53512.0
14.03004789352417, 53512.0
14.112602949142456, 53512.0
14.196770906448364, 53512.0
14.279452800750732, 53512.0
14.361886978149414, 53512.0
14.444411754608154, 53512.0
14.526826858520508, 53512.0
14.609240055084229, 53512.0
14.69149398803711, 53552.0
14.773867845535278, 53552.0
14.856187105178833, 53552.0
14.938584089279175, 53552.0
15.020800828933716, 53552.0
15.10317587852478, 53552.0
15.185389995574951, 53552.0
15.267971992492676, 53552.0
15.350160121917725, 53552.0
15.432517051696777, 53552.0
15.514720916748047, 53552.0
15.597456932067871, 53552.0
15.679539918899536, 53552.0
15.7617769241333, 53552.0
15.844703912734985, 53552.0
15.927417993545532, 53552.0
16.010015964508057, 53552.0
16.09271001815796, 53552.0
16.17488408088684, 53552.0
16.25958490371704, 53552.0
16.34266185760498, 53552.0
16.425684928894043, 53552.0
16.50888180732727, 53552.0
