0.00040411949157714844, 670.0
0.0008072853088378906, 1630.0
0.0012080669403076172, 1873.0
0.0016222000122070312, 2763.0
0.0020210742950439453, 2990.0
0.0024199485778808594, 3813.0
0.0028281211853027344, 4768.0
0.003228902816772461, 5007.0
0.0036339759826660156, 5535.0
0.004037141799926758, 5646.0
0.004436969757080078, 6033.0
0.004839181900024414, 6155.0
0.005251169204711914, 7232.0
0.0056841373443603516, 7928.0
0.0060842037200927734, 8915.0
0.006493091583251953, 9153.0
0.006908893585205078, 9549.0
0.0073201656341552734, 9991.0
0.007719993591308594, 10368.0
0.008121252059936523, 10497.0
0.008521080017089844, 10974.0
0.008922100067138672, 11889.0
0.012476921081542969, 12078.0
0.015270233154296875, 12243.0
0.018033266067504883, 12357.0
0.02001214027404785, 12473.0
0.03185415267944336, 12601.0
0.037371158599853516, 12716.0
0.07021117210388184, 12904.0
0.12430429458618164, 13010.0
0.13104510307312012, 13176.0
0.14849615097045898, 13209.0
0.173828125, 13317.0
0.22991204261779785, 13417.0
0.2682042121887207, 13489.0
0.27176618576049805, 13629.0
0.2824521064758301, 13734.0
0.28759193420410156, 13878.0
0.3057432174682617, 13985.0
0.3108851909637451, 13997.0
0.3231379985809326, 14118.0
0.40410804748535156, 14212.0
0.42072129249572754, 14216.0
0.5107021331787109, 14367.0
0.5213501453399658, 14400.0
0.5465569496154785, 14426.0
0.5501201152801514, 14592.0
0.5517010688781738, 14799.0
0.5670211315155029, 14931.0
0.5773100852966309, 14942.0
0.5844130516052246, 15171.0
0.5863852500915527, 15319.0
0.6897261142730713, 15403.0
0.6952791213989258, 15510.0
0.7260322570800781, 15512.0
0.7327361106872559, 15615.0
0.7461230754852295, 15640.0
0.7512719631195068, 15765.0
0.7979099750518799, 15780.0
0.8029990196228027, 15916.0
0.8152670860290527, 16003.0
0.8596100807189941, 16017.0
0.8655130863189697, 16031.0
0.8757209777832031, 16078.0
0.8827919960021973, 16113.0
0.8863391876220703, 16318.0
0.9509010314941406, 16396.0
0.9575541019439697, 16497.0
0.9755032062530518, 16524.0
0.9813661575317383, 16596.0
1.0034980773925781, 16695.0
1.0075180530548096, 16811.0
1.0267140865325928, 16878.0
1.0524461269378662, 16914.0
1.1032042503356934, 16997.0
1.1098151206970215, 17118.0
1.3214871883392334, 17190.0
1.335470199584961, 17201.0
1.346724271774292, 17380.0
1.3525760173797607, 17502.0
1.3618831634521484, 17509.0
1.3708040714263916, 17747.0
1.3766422271728516, 17988.0
1.398393154144287, 18112.0
1.4248020648956299, 18115.0
1.4573822021484375, 18189.0
1.50901198387146, 18202.0
1.5132780075073242, 18319.0
1.6194181442260742, 18388.0
1.6356890201568604, 18395.0
1.6360840797424316, 18513.0
1.709839105606079, 18516.0
1.7594029903411865, 18518.0
1.795776128768921, 18569.0
1.7988979816436768, 18674.0
1.802786111831665, 18805.0
1.805511236190796, 18843.0
1.8261301517486572, 18908.0
1.8754680156707764, 18920.0
1.8793599605560303, 19111.0
1.8898522853851318, 19113.0
1.8988311290740967, 19119.0
2.3159191608428955, 19176.0
2.3233110904693604, 19206.0
2.3252460956573486, 19316.0
2.3438661098480225, 19397.0
2.380092144012451, 19404.0
2.417229175567627, 19516.0
2.462754011154175, 19554.0
2.5058250427246094, 19564.0
2.515911340713501, 19568.0
2.5348522663116455, 19702.0
2.546941041946411, 19803.0
2.7739810943603516, 19875.0
2.80488920211792, 19959.0
2.8161799907684326, 20062.0
2.8208320140838623, 20208.0
2.8363561630249023, 20217.0
2.851100206375122, 20225.0
2.855346918106079, 20397.0
2.865812063217163, 20517.0
2.8832221031188965, 20603.0
2.9149281978607178, 20615.0
2.957679271697998, 20671.0
2.979243040084839, 20696.0
3.0208160877227783, 20761.0
3.0954771041870117, 20789.0
5.881978273391724, 20816.0
5.963355302810669, 20846.0
5.9707489013671875, 20988.0
7.403146028518677, 20989.0
7.409858226776123, 21096.0
7.432336091995239, 21192.0
7.67094087600708, 21219.0
12.641923189163208, 21263.0
12.650314092636108, 21271.0
12.65430212020874, 21319.0
13.311153173446655, 21369.0
13.319922924041748, 21479.0
15.099598169326782, 21518.0
15.114725112915039, 21615.0
15.20421314239502, 21619.0
15.401166200637817, 21698.0
15.416252136230469, 21715.0
15.509114265441895, 21790.0
15.513869047164917, 21911.0
15.555552005767822, 22009.0
15.684092283248901, 22019.0
16.18280291557312, 22063.0
16.22991108894348, 22119.0
20.43698000907898, 22198.0
20.47420310974121, 22281.0
20.484129190444946, 22390.0
20.492098093032837, 22506.0
20.502034187316895, 22514.0
22.621061086654663, 22618.0
23.573442220687866, 22717.0
23.623354196548462, 22779.0
23.636877059936523, 22905.0
24.007164239883423, 23002.0
25.155713081359863, 23019.0
25.972310066223145, 23108.0
26.059412002563477, 23218.0
27.09867811203003, 23319.0
