0.0010018348693847656, 198.0
0.0020089149475097656, 1151.0
0.0030150413513183594, 2080.0
0.004023075103759766, 2427.0
0.005079030990600586, 3363.0
0.006090879440307617, 3628.0
0.007128000259399414, 4059.0
0.008142948150634766, 4653.0
0.00916290283203125, 5084.0
0.01017904281616211, 5585.0
0.01119089126586914, 6403.0
0.012200117111206055, 6984.0
0.013212203979492188, 7394.0
0.014221906661987305, 8253.0
0.015234947204589844, 8917.0
0.016247034072875977, 9614.0
0.01725602149963379, 10509.0
0.018269062042236328, 11156.0
0.01927495002746582, 11263.0
0.02028799057006836, 11526.0
0.021299123764038086, 11986.0
0.022312164306640625, 12809.0
0.02331995964050293, 13028.0
0.024328231811523438, 13938.0
0.025337934494018555, 14246.0
0.02634596824645996, 14642.0
0.027350902557373047, 15285.0
0.028363943099975586, 15859.0
0.02937483787536621, 16594.0
0.030380964279174805, 16708.0
0.03138613700866699, 17004.0
0.032401084899902344, 17483.0
0.033406972885131836, 17962.0
0.03441309928894043, 18710.0
0.035423994064331055, 19242.0
0.036427974700927734, 19759.0
0.03743290901184082, 20064.0
0.03844189643859863, 21147.0
0.03944897651672363, 22209.0
0.04045605659484863, 23130.0
0.041461944580078125, 24079.0
0.04246807098388672, 25044.0
0.043496131896972656, 26001.0
0.044506072998046875, 26310.0
0.04551291465759277, 27187.0
0.04651904106140137, 27858.0
0.04752516746520996, 28598.0
0.04953312873840332, 28951.0
0.05153608322143555, 29310.0
0.052568912506103516, 29560.0
0.05455303192138672, 29798.0
0.056535959243774414, 29950.0
0.06540203094482422, 30102.0
0.2539381980895996, 30157.0
0.2616701126098633, 30267.0
0.2655370235443115, 30405.0
0.2877631187438965, 30684.0
0.3196241855621338, 30794.0
0.35431504249572754, 30895.0
0.4854738712310791, 30998.0
0.5729870796203613, 31101.0
0.5987040996551514, 31204.0
0.6862719058990479, 31413.0
0.687251091003418, 31528.0
0.698660135269165, 31677.0
0.7053580284118652, 31786.0
0.7244560718536377, 31903.0
0.8939170837402344, 32014.0
0.9063289165496826, 32192.0
0.9120638370513916, 32302.0
0.9625430107116699, 32379.0
1.0261340141296387, 32385.0
1.0282979011535645, 32600.0
1.184128999710083, 32712.0
1.1979811191558838, 32863.0
1.2068450450897217, 32979.0
1.2415800094604492, 33072.0
1.2561841011047363, 33244.0
1.2623419761657715, 33360.0
1.2824139595031738, 33485.0
1.378364086151123, 33594.0
1.4293849468231201, 33703.0
1.451469898223877, 33805.0
1.5010149478912354, 33847.0
1.5417439937591553, 33961.0
1.5550298690795898, 34083.0
1.6656579971313477, 34099.0
1.681769847869873, 34255.0
1.6893770694732666, 34264.0
1.7698380947113037, 34401.0
2.2168638706207275, 34505.0
2.2963340282440186, 34637.0
2.2991809844970703, 34786.0
2.3143489360809326, 34822.0
2.316263198852539, 34949.0
2.321044921875, 35068.0
2.3276710510253906, 35196.0
2.3607590198516846, 35198.0
2.3664469718933105, 35354.0
2.371204137802124, 35498.0
2.4346861839294434, 35521.0
2.4508049488067627, 35632.0
2.4517810344696045, 35751.0
2.467910051345825, 35895.0
2.487774133682251, 35972.0
2.489694118499756, 36139.0
2.5143120288848877, 36300.0
2.5314149856567383, 36412.0
2.5380640029907227, 36505.0
2.5447280406951904, 36534.0
2.5456979274749756, 36700.0
2.6185240745544434, 36724.0
2.6479380130767822, 36859.0
2.7021520137786865, 37000.0
2.7321689128875732, 37123.0
2.7406718730926514, 37303.0
3.192128896713257, 37362.0
3.202296018600464, 37476.0
3.2254691123962402, 37601.0
3.254220962524414, 37629.0
3.2718660831451416, 37768.0
3.2728092670440674, 37900.0
3.289695978164673, 38088.0
3.350955009460449, 38187.0
3.453364849090576, 38291.0
3.507049083709717, 38296.0
3.7406210899353027, 38399.0
3.7563600540161133, 38570.0
3.758226156234741, 38688.0
3.7989659309387207, 38756.0
3.8073630332946777, 38873.0
3.8157010078430176, 38957.0
3.839738130569458, 39088.0
3.90090012550354, 39148.0
3.9712910652160645, 39291.0
4.000937223434448, 39304.0
4.126068830490112, 39393.0
4.279944896697998, 39455.0
4.284006118774414, 39563.0
4.340748071670532, 39564.0
4.366600036621094, 39699.0
4.408310890197754, 39756.0
4.465757131576538, 39833.0
4.503614902496338, 39885.0
4.51860499382019, 39890.0
4.629875183105469, 39893.0
4.66287899017334, 39960.0
4.686147928237915, 40095.0
4.7598230838775635, 40201.0
4.7838850021362305, 40257.0
4.816431999206543, 40397.0
4.889167070388794, 40459.0
4.96945595741272, 40560.0
4.987934112548828, 40683.0
5.075015068054199, 40778.0
5.089418888092041, 40803.0
5.2437779903411865, 40897.0
5.3002541065216064, 41004.0
5.393107891082764, 41005.0
5.467264890670776, 41070.0
5.504667043685913, 41164.0
5.564835071563721, 41242.0
5.902421951293945, 41291.0
5.926571846008301, 41293.0
6.091213941574097, 41296.0
6.2177839279174805, 41297.0
6.238409996032715, 41400.0
6.6881420612335205, 41479.0
6.727205038070679, 41580.0
6.742825031280518, 41590.0
6.786756992340088, 41693.0
6.840430021286011, 41695.0
6.8882269859313965, 41776.0
6.930089950561523, 41886.0
6.98479700088501, 41929.0
6.9958062171936035, 42041.0
7.008846044540405, 42050.0
7.085971117019653, 42223.0
7.099621057510376, 42384.0
7.154315948486328, 42499.0
7.33380913734436, 42577.0
7.411178827285767, 42599.0
7.427810907363892, 42760.0
7.4522011280059814, 42767.0
7.560527086257935, 42786.0
7.6716368198394775, 42800.0
8.167947053909302, 42886.0
8.211766004562378, 42971.0
8.241966009140015, 43001.0
8.391993999481201, 43080.0
8.479620933532715, 43104.0
8.645193815231323, 43142.0
8.667638063430786, 43297.0
8.71540904045105, 43381.0
8.724171876907349, 43497.0
9.101600885391235, 43597.0
9.160088062286377, 43636.0
9.215665102005005, 43691.0
9.274164915084839, 43797.0
9.456995010375977, 43901.0
9.570165872573853, 43985.0
9.576042890548706, 43990.0
9.61893105506897, 44147.0
9.667763233184814, 44234.0
9.677536010742188, 44359.0
9.69215703010559, 44395.0
9.902688980102539, 44403.0
10.038142204284668, 44525.0
10.072222232818604, 44561.0
10.213312864303589, 44589.0
10.2502760887146, 44597.0
10.376217126846313, 44682.0
10.423403024673462, 44742.0
10.424404859542847, 44898.0
10.426403045654297, 45002.0
10.461851119995117, 45005.0
11.178133964538574, 45083.0
11.19063687324524, 45188.0
11.223351001739502, 45267.0
11.233000040054321, 45397.0
11.284013986587524, 45501.0
11.354161024093628, 45586.0
11.37052297592163, 45590.0
11.422488927841187, 45605.0
11.791091918945312, 45649.0
11.795913934707642, 45657.0
11.801711082458496, 45762.0
11.904636144638062, 45780.0
12.04497504234314, 45855.0
12.052682876586914, 45953.0
12.06038498878479, 46000.0
12.13443899154663, 46067.0
12.190206050872803, 46148.0
12.224837064743042, 46280.0
12.299827098846436, 46296.0
12.348870992660522, 46339.0
12.350809097290039, 46464.0
12.363320112228394, 46467.0
12.524922132492065, 46561.0
12.788463115692139, 46637.0
12.797125101089478, 46779.0
12.813507080078125, 46904.0
12.885648012161255, 46968.0
12.933679103851318, 47095.0
15.72263216972351, 47178.0
15.783287048339844, 47179.0
15.806810140609741, 47195.0
15.936860084533691, 47293.0
16.125633001327515, 47384.0
16.12762689590454, 47497.0
16.507712841033936, 47557.0
16.541353225708008, 47690.0
16.810482025146484, 47694.0
16.893460988998413, 47701.0
17.095808029174805, 47798.0
17.14397883415222, 47903.0
17.199785947799683, 48061.0
17.297638177871704, 48062.0
17.469277143478394, 48082.0
17.80396795272827, 48096.0
17.975176095962524, 48098.0
18.015483140945435, 48205.0
18.13516902923584, 48265.0
18.14991807937622, 48392.0
18.16072106361389, 48493.0
18.192142009735107, 48591.0
18.91727304458618, 48682.0
18.995434999465942, 48698.0
19.046717166900635, 48774.0
19.04964303970337, 48895.0
19.153069972991943, 48978.0
19.180179834365845, 48979.0
19.970149993896484, 49089.0
20.0066659450531, 49099.0
20.38485598564148, 49168.0
20.394697904586792, 49296.0
24.650174856185913, 49392.0
28.476085901260376, 49395.0
28.535444974899292, 49495.0
28.650020122528076, 49584.0
28.654818058013916, 49692.0
28.72841787338257, 49793.0
28.78949999809265, 49895.0
28.89583992958069, 49911.0
30.902540922164917, 49971.0
30.90733003616333, 49989.0
30.947423934936523, 50003.0
31.529600858688354, 50048.0
31.585731983184814, 50081.0
31.634270191192627, 50199.0
31.73146891593933, 50201.0
31.733388900756836, 50361.0
31.74008798599243, 50465.0
31.88514804840088, 50487.0
31.915581226348877, 50572.0
32.0064160823822, 50580.0
32.05611991882324, 50586.0
32.13336205482483, 50663.0
32.141178131103516, 50723.0
32.1986448764801, 50730.0
32.219115018844604, 50769.0
32.227901220321655, 50983.0
32.39174485206604, 51068.0
32.51435589790344, 51098.0
32.54159712791443, 51204.0
36.60894513130188, 51267.0
36.62611508369446, 51270.0
37.06390595436096, 51283.0
37.39716601371765, 51287.0
37.605085134506226, 51301.0
37.80770707130432, 51398.0
37.845186948776245, 51570.0
37.90185594558716, 51599.0
38.046956062316895, 51689.0
38.07460403442383, 51790.0
38.09224605560303, 51904.0
38.3678719997406, 51917.0
38.390472173690796, 52080.0
38.39344096183777, 52200.0
38.63402199745178, 52201.0
38.759528160095215, 52297.0
38.92177104949951, 52402.0
39.097798109054565, 52479.0
39.12116599082947, 52604.0
39.14435696601868, 52701.0
40.91551995277405, 52733.0
40.93135619163513, 52881.0
40.9798219203949, 52887.0
41.00655508041382, 52899.0
41.015517234802246, 53001.0
41.121246099472046, 53038.0
41.145894050598145, 53150.0
41.15876507759094, 53301.0
41.17563581466675, 53401.0
53.29108285903931, 53475.0
53.309242963790894, 53588.0
53.359833002090454, 53680.0
53.38562202453613, 53693.0
53.39041614532471, 53883.0
53.60255312919617, 53963.0
53.60635995864868, 54070.0
53.64432096481323, 54099.0
53.69656324386597, 54104.0
53.752737045288086, 54182.0
53.88136601448059, 54198.0
54.45633411407471, 54300.0
54.51752209663391, 54377.0
54.574825048446655, 54482.0
54.67538905143738, 54485.0
55.11450409889221, 54570.0
55.17869305610657, 54703.0
56.314846992492676, 54785.0
56.57833909988403, 54792.0
56.89769220352173, 54902.0
56.9142849445343, 55005.0
56.973718881607056, 55072.0
57.03123903274536, 55087.0
57.432924032211304, 55088.0
57.80827784538269, 55183.0
57.87176012992859, 55293.0
57.94360685348511, 55383.0
57.96469712257385, 55499.0
58.33667016029358, 55581.0
58.39986610412598, 55705.0
58.58464002609253, 55750.0
58.596112966537476, 55782.0
58.636382818222046, 55891.0
58.79241108894348, 55893.0
59.0150990486145, 55990.0
59.090458154678345, 56104.0
59.67916297912598, 56105.0
62.18340611457825, 56195.0
62.280211210250854, 56304.0
64.12902116775513, 56305.0
65.51016807556152, 56402.0
65.63429021835327, 56500.0
65.86133599281311, 56603.0
66.83943700790405, 56695.0
67.81705689430237, 56805.0
