4.696846008300781e-05, 190.0
8.893013000488281e-05, 819.0
0.0001277923583984375, 1127.0
0.00044798851013183594, 1315.0
0.0006959438323974609, 1481.0
0.005589962005615234, 1539.0
0.00570988655090332, 1668.0
0.005867958068847656, 1777.0
0.008531808853149414, 1819.0
0.009356975555419922, 1889.0
0.013215780258178711, 1903.0
0.015784740447998047, 1938.0
0.016900062561035156, 1980.0
0.01864171028137207, 2078.0
0.019972801208496094, 2170.0
0.038559913635253906, 2177.0
0.0417327880859375, 2272.0
0.04311180114746094, 2378.0
0.6734750270843506, 2390.0
0.8513579368591309, 2475.0
0.8549370765686035, 2585.0
