0.0020380020141601562, 187.0
0.004049777984619141, 819.0
0.006036996841430664, 1903.0
0.008057117462158203, 2475.0
0.010053873062133789, 2791.0
0.012038946151733398, 2926.0
0.014021873474121094, 3086.0
0.016003131866455078, 3568.0
0.017976999282836914, 4379.0
0.019954919815063477, 5023.0
0.021946191787719727, 5868.0
0.023932933807373047, 6250.0
0.02592301368713379, 7153.0
0.027905941009521484, 7492.0
0.029884815216064453, 8248.0
0.03187084197998047, 8718.0
0.03385496139526367, 9275.0
0.03584790229797363, 9564.0
0.037832021713256836, 10301.0
0.03980588912963867, 10873.0
0.041784048080444336, 11917.0
0.04377484321594238, 12098.0
0.045755863189697266, 12299.0
0.047738075256347656, 13278.0
0.04973006248474121, 13599.0
0.05171513557434082, 13874.0
0.05371284484863281, 14538.0
0.05569791793823242, 14820.0
0.05770587921142578, 15650.0
0.05967998504638672, 16750.0
0.06166696548461914, 17580.0
0.06364274024963379, 18199.0
0.06562495231628418, 19211.0
0.06760382652282715, 20198.0
0.06958889961242676, 20863.0
0.07156705856323242, 21133.0
0.07353997230529785, 21331.0
0.07552790641784668, 21465.0
0.07750391960144043, 22162.0
0.0794839859008789, 22918.0
0.08145594596862793, 23088.0
0.0834360122680664, 23827.0
0.08542585372924805, 24094.0
0.08743691444396973, 24362.0
0.0894169807434082, 24849.0
0.09140396118164062, 25918.0
0.09337806701660156, 26277.0
0.0953819751739502, 27297.0
0.09735798835754395, 27414.0
0.09933805465698242, 27968.0
0.10133099555969238, 28824.0
0.1033017635345459, 29875.0
0.10527896881103516, 30697.0
0.10726284980773926, 31695.0
0.10926008224487305, 32034.0
0.11121797561645508, 32191.0
0.11317992210388184, 32935.0
0.11514687538146973, 33951.0
0.1171109676361084, 34699.0
0.11907100677490234, 35592.0
0.12102818489074707, 36219.0
0.12298893928527832, 36902.0
0.12494683265686035, 37773.0
0.12691497802734375, 38435.0
0.12887287139892578, 39417.0
0.13084697723388672, 39974.0
0.13281798362731934, 40606.0
0.13478708267211914, 40792.0
0.13676214218139648, 41160.0
0.13872575759887695, 41532.0
0.14067792892456055, 41664.0
0.1426990032196045, 42735.0
0.14465689659118652, 43390.0
0.14661192893981934, 43612.0
0.14856290817260742, 44247.0
0.1505420207977295, 44763.0
0.15250396728515625, 45070.0
0.15447187423706055, 45221.0
0.15643095970153809, 45503.0
0.15838313102722168, 46578.0
0.1603398323059082, 47417.0
0.16229891777038574, 48276.0
0.16424298286437988, 48451.0
0.16620683670043945, 48988.0
0.16815781593322754, 49454.0
0.17011094093322754, 50315.0
0.1720738410949707, 50698.0
0.17403101921081543, 51582.0
0.17598581314086914, 51976.0
0.17797303199768066, 52695.0
0.17995691299438477, 53409.0
0.18192577362060547, 54058.0
0.18389081954956055, 54917.0
0.18587589263916016, 55198.0
0.18786191940307617, 55728.0
0.18982291221618652, 56149.0
0.19180703163146973, 56439.0
0.19376587867736816, 56711.0
0.19574809074401855, 57370.0
0.19772601127624512, 58304.0
0.19970202445983887, 59373.0
0.20166993141174316, 59478.0
0.21130800247192383, 59783.0
0.23246002197265625, 59911.0
0.27992796897888184, 60017.0
0.48489809036254883, 60087.0
0.5620558261871338, 60211.0
0.6374819278717041, 60315.0
0.9417641162872314, 60416.0
1.1165850162506104, 60517.0
1.1438589096069336, 60637.0
1.145845890045166, 60805.0
1.1690340042114258, 60911.0
1.3601479530334473, 61019.0
1.3733949661254883, 61118.0
1.5296430587768555, 61214.0
1.5446357727050781, 61341.0
1.548421859741211, 61469.0
1.598829984664917, 61584.0
1.623203992843628, 61691.0
1.6832051277160645, 61797.0
1.705665111541748, 61936.0
1.7113239765167236, 62095.0
1.748918056488037, 62216.0
1.8425920009613037, 62251.0
1.846390962600708, 62368.0
1.8948380947113037, 62463.0
1.902338981628418, 62568.0
1.9061028957366943, 62784.0
1.997934103012085, 62887.0
2.046873092651367, 63006.0
2.074970006942749, 63110.0
2.2801709175109863, 63112.0
2.3062870502471924, 63216.0
2.3766069412231445, 63318.0
2.4045369625091553, 63365.0
2.421355962753296, 63480.0
2.43634295463562, 63679.0
2.4826128482818604, 63806.0
2.78202486038208, 63893.0
2.9413559436798096, 63972.0
2.950631856918335, 64078.0
3.0172910690307617, 64200.0
3.248520851135254, 64301.0
3.3281137943267822, 64403.0
3.4123189449310303, 64498.0
3.532788038253784, 64599.0
3.5883450508117676, 64722.0
3.590229034423828, 64833.0
3.5997581481933594, 65018.0
3.8140149116516113, 65064.0
3.858494997024536, 65200.0
4.025605916976929, 65214.0
4.0663511753082275, 65317.0
4.098062038421631, 65378.0
4.122164964675903, 65491.0
4.137022972106934, 65619.0
4.23761510848999, 65680.0
4.23957896232605, 65794.0
4.442888021469116, 65916.0
4.844245910644531, 65991.0
4.8617470264434814, 66194.0
4.871503829956055, 66392.0
4.885080099105835, 66509.0
5.030426025390625, 66618.0
5.539674758911133, 66670.0
5.64752197265625, 66780.0
5.688884019851685, 66885.0
5.708566904067993, 66919.0
5.938049077987671, 67027.0
5.961659908294678, 67210.0
6.67138409614563, 67313.0
6.752266883850098, 67332.0
6.771358013153076, 67504.0
6.786616086959839, 67541.0
6.817082166671753, 67892.0
6.830376863479614, 67997.0
6.927190065383911, 68119.0
7.256517171859741, 68303.0
7.568561792373657, 68409.0
7.583761930465698, 68431.0
7.604640007019043, 68558.0
7.621668100357056, 68755.0
7.683428764343262, 68890.0
7.713366985321045, 68915.0
7.797811985015869, 69018.0
7.91535496711731, 69177.0
7.954674959182739, 69291.0
7.967735052108765, 69411.0
8.109344005584717, 69497.0
8.191334962844849, 69612.0
8.215514898300171, 69685.0
8.228548049926758, 69804.0
8.282222032546997, 69912.0
8.436136960983276, 70001.0
8.5272798538208, 70127.0
8.53313398361206, 70393.0
8.613840818405151, 70564.0
8.656054973602295, 70587.0
8.665569067001343, 70627.0
8.693984031677246, 70773.0
8.720550775527954, 70819.0
9.174906015396118, 70822.0
9.190140962600708, 71007.0
9.371198892593384, 71009.0
9.689953088760376, 71105.0
9.858212947845459, 71196.0
9.873197078704834, 71315.0
9.998523950576782, 71354.0
10.335813760757446, 71416.0
10.354475975036621, 71507.0
10.358229875564575, 71649.0
10.365681886672974, 71812.0
10.666743993759155, 72086.0
10.680324077606201, 72120.0
10.68812108039856, 72143.0
10.726805925369263, 72152.0
10.72877311706543, 72319.0
10.9996018409729, 72408.0
11.134652853012085, 72427.0
11.140379905700684, 72591.0
11.180375099182129, 72596.0
11.207083940505981, 72705.0
11.218545913696289, 72903.0
11.24328899383545, 72963.0
11.279495000839233, 73178.0
11.28906798362732, 73294.0
11.292909145355225, 73399.0
11.416890144348145, 73411.0
11.46618390083313, 73513.0
11.777146100997925, 73596.0
11.79613208770752, 73612.0
11.81510305404663, 73717.0
12.06431794166565, 73759.0
12.121064901351929, 73879.0
12.164472103118896, 74018.0
12.354953050613403, 74082.0
12.370108842849731, 74199.0
12.415481090545654, 74305.0
12.494757890701294, 74412.0
12.540570735931396, 74500.0
12.597470998764038, 74619.0
12.61248779296875, 74691.0
12.631277084350586, 74799.0
12.742058038711548, 74899.0
12.813444137573242, 75000.0
12.875359058380127, 75111.0
13.111917972564697, 75203.0
13.187013864517212, 75346.0
13.234014987945557, 75455.0
13.2396719455719, 75611.0
13.290338039398193, 75684.0
13.352274894714355, 75693.0
13.36168909072876, 75919.0
13.57011890411377, 76019.0
14.108824968338013, 76110.0
14.212080955505371, 76168.0
14.221494913101196, 76411.0
14.376078128814697, 76416.0
14.585470914840698, 76514.0
14.962934017181396, 76742.0
14.974264144897461, 76863.0
14.991194009780884, 77000.0
15.041936874389648, 77071.0
15.049463987350464, 77203.0
15.053263187408447, 77305.0
15.210954904556274, 77417.0
15.300987958908081, 77572.0
15.398592948913574, 77684.0
15.430603981018066, 77809.0
15.515293836593628, 77864.0
15.58890175819397, 77989.0
15.617069959640503, 78077.0
15.624616861343384, 78199.0
15.946531057357788, 78209.0
15.97643494606018, 78288.0
15.982074737548828, 78496.0
16.034241914749146, 78508.0
16.038007020950317, 78613.0
16.240782976150513, 78619.0
16.259517908096313, 78655.0
16.287595987319946, 78701.0
16.291397094726562, 78946.0
16.34732699394226, 79116.0
16.412649869918823, 79193.0
16.45930290222168, 79417.0
16.617572784423828, 79601.0
16.62583088874817, 79706.0
16.645050048828125, 79813.0
16.868778944015503, 79864.0
16.870681047439575, 80014.0
17.04914689064026, 80095.0
17.095536947250366, 80183.0
17.10482692718506, 80318.0
17.35037589073181, 80328.0
17.392755031585693, 80519.0
17.424057006835938, 80680.0
17.427761793136597, 80781.0
17.431493043899536, 80901.0
17.659646034240723, 80907.0
17.729541063308716, 80979.0
17.83760905265808, 81074.0
17.84681010246277, 81196.0
17.900094985961914, 81305.0
18.058068990707397, 81379.0
18.112828969955444, 81505.0
18.154911994934082, 81607.0
18.35244107246399, 81614.0
18.561182022094727, 81700.0
18.700649976730347, 81702.0
18.79851484298706, 81779.0
18.82842183113098, 81904.0
18.948259115219116, 82005.0
18.975910902023315, 82016.0
19.121410131454468, 82097.0
19.137937784194946, 82206.0
19.19669198989868, 82314.0
19.29018998146057, 82417.0
19.293890953063965, 82519.0
19.43676209449768, 82534.0
19.491658926010132, 82668.0
19.50267481803894, 82815.0
19.77391004562378, 83048.0
19.797833919525146, 83106.0
19.893301963806152, 83209.0
19.896985054016113, 83314.0
20.183479070663452, 83365.0
20.225467920303345, 83499.0
20.33701801300049, 83607.0
21.180439949035645, 83714.0
21.235509872436523, 83915.0
23.007985830307007, 84008.0
23.06858491897583, 84111.0
23.10351800918579, 84114.0
23.196733951568604, 84189.0
23.24241590499878, 84219.0
23.346123933792114, 84316.0
24.015674829483032, 84361.0
24.026824951171875, 84497.0
24.057964086532593, 84613.0
24.078130960464478, 84714.0
24.350083112716675, 84785.0
24.4344539642334, 84786.0
24.443720817565918, 84901.0
25.190140962600708, 84908.0
25.355096101760864, 85006.0
25.49638295173645, 85117.0
25.596984148025513, 85169.0
25.777159929275513, 85183.0
25.92042899131775, 85309.0
25.98505997657776, 85411.0
26.16394281387329, 85477.0
26.20043396949768, 85522.0
26.211984872817993, 85710.0
26.403285026550293, 85862.0
26.476216077804565, 85876.0
26.508533000946045, 85990.0
26.92222309112549, 86019.0
27.048117876052856, 86093.0
27.2011399269104, 86199.0
27.248592853546143, 86212.0
27.313076972961426, 86307.0
27.368868112564087, 86372.0
27.385939836502075, 86493.0
27.393537044525146, 86617.0
27.853002071380615, 86711.0
28.152403831481934, 86805.0
28.252826929092407, 86917.0
28.27373695373535, 87019.0
29.301838159561157, 87102.0
29.405678033828735, 87163.0
29.480541944503784, 87319.0
29.52271795272827, 87388.0
29.6771981716156, 87513.0
30.250460863113403, 87619.0
30.287299156188965, 87626.0
30.29104995727539, 87730.0
30.29293704032898, 87882.0
30.340728044509888, 87983.0
30.353606939315796, 88087.0
30.517539024353027, 88111.0
30.836880922317505, 88200.0
30.90625309944153, 88214.0
31.09809398651123, 88303.0
32.3585889339447, 88318.0
32.47493290901184, 88379.0
32.52229881286621, 88417.0
34.27283787727356, 88518.0
35.10417413711548, 88588.0
35.25786590576172, 88698.0
35.358036041259766, 88814.0
36.1266827583313, 88918.0
36.618305921554565, 89013.0
36.72196888923645, 89185.0
36.82187795639038, 89316.0
37.063393115997314, 89405.0
37.3674681186676, 89419.0
37.386560916900635, 89466.0
37.616779088974, 89476.0
37.67959403991699, 89604.0
37.681535959243774, 89767.0
37.729124784469604, 89769.0
37.818535804748535, 89819.0
38.160202980041504, 89917.0
38.18302798271179, 90091.0
38.3026921749115, 90152.0
38.32932996749878, 90301.0
38.47597312927246, 90411.0
39.51975917816162, 90413.0
39.63418006896973, 90414.0
39.76371502876282, 90515.0
40.245455741882324, 90590.0
40.342241048812866, 90666.0
40.36495494842529, 90811.0
40.48637104034424, 90879.0
40.58087706565857, 90901.0
40.58652901649475, 91052.0
40.59031391143799, 91178.0
40.601733922958374, 91305.0
40.65517592430115, 91316.0
42.76932096481323, 91321.0
42.793718099594116, 91422.0
42.79754281044006, 91597.0
42.86504602432251, 91609.0
45.04795598983765, 91615.0
46.1280791759491, 91711.0
46.31353807449341, 91718.0
46.513550996780396, 91800.0
46.51917886734009, 91801.0
46.524815797805786, 91909.0
46.621721029281616, 91999.0
46.7316370010376, 92012.0
46.767005920410156, 92111.0
46.78938102722168, 92204.0
46.96616792678833, 92214.0
47.10808491706848, 92224.0
47.11191391944885, 92336.0
47.14202380180359, 92437.0
47.168440103530884, 92545.0
47.17611598968506, 92707.0
47.572803020477295, 92708.0
47.58603096008301, 92817.0
47.8080050945282, 92916.0
49.43300700187683, 93017.0
52.03989505767822, 93088.0
52.06312894821167, 93130.0
52.10603380203247, 93146.0
52.12555193901062, 93148.0
52.1567440032959, 93291.0
52.226866006851196, 93297.0
52.24232077598572, 93368.0
52.35929489135742, 93415.0
52.62413477897644, 93481.0
52.65504193305969, 93587.0
52.66657590866089, 93716.0
52.697563886642456, 93730.0
52.71689295768738, 93904.0
53.122588872909546, 94008.0
53.27970504760742, 94082.0
53.39248991012573, 94097.0
53.63243889808655, 94201.0
57.53777313232422, 94207.0
57.59400486946106, 94289.0
57.73389387130737, 94313.0
58.51078796386719, 94330.0
58.520503997802734, 94486.0
58.59566593170166, 94698.0
58.84364700317383, 94783.0
58.84949803352356, 94885.0
58.859155893325806, 94991.0
59.111878871917725, 95029.0
59.11957812309265, 95172.0
66.52623796463013, 95197.0
66.67545080184937, 95278.0
73.84935808181763, 95362.0
73.85901999473572, 95502.0
73.99520897865295, 95507.0
74.00284910202026, 95618.0
74.6216208934784, 95674.0
74.68845582008362, 95718.0
74.89704298973083, 95719.0
75.18579292297363, 95766.0
75.21209001541138, 95901.0
75.23479080200195, 96019.0
75.63844609260559, 96091.0
75.66298604011536, 96197.0
76.29713797569275, 96309.0
76.32327198982239, 96413.0
76.75637197494507, 96514.0
77.07845401763916, 96574.0
77.12490010261536, 96675.0
84.81055688858032, 96706.0
85.00155591964722, 96814.0
85.08136701583862, 96864.0
85.14322996139526, 96917.0
85.24279808998108, 96919.0
86.51524090766907, 97010.0
86.74171805381775, 97066.0
86.76058006286621, 97091.0
86.81949591636658, 97104.0
86.9845609664917, 97115.0
88.43341207504272, 97171.0
88.45413303375244, 97184.0
88.46732807159424, 97313.0
88.6666009426117, 97317.0
88.93251514434814, 97406.0
89.12223792076111, 97463.0
89.24634099006653, 97490.0
89.26356506347656, 97611.0
90.59164786338806, 97696.0
90.74378895759583, 97806.0
90.8141598701477, 97892.0
90.85038304328918, 97903.0
91.30604100227356, 97961.0
91.34211683273315, 98108.0
91.374440908432, 98207.0
91.40864682197571, 98308.0
91.6502788066864, 98313.0
91.93969583511353, 98416.0
92.02876114845276, 98494.0
92.04976677894592, 98615.0
92.19808888435364, 98631.0
92.2972800731659, 98715.0
92.68223786354065, 98719.0
92.7503399848938, 98911.0
92.77323698997498, 99009.0
92.8133430480957, 99110.0
93.02067708969116, 99197.0
93.03766083717346, 99303.0
93.43671202659607, 99383.0
93.50456404685974, 99499.0
93.56105899810791, 99502.0
93.71369695663452, 99518.0
93.85326886177063, 99598.0
93.98474597930908, 99613.0
94.42886805534363, 99687.0
94.72976779937744, 99717.0
95.20359182357788, 99719.0
95.6747579574585, 99732.0
95.69181394577026, 99859.0
95.71473574638367, 99987.0
95.8213529586792, 100015.0
96.33971500396729, 100099.0
96.76430010795593, 100102.0
96.76818203926086, 100203.0
97.15067791938782, 100316.0
97.17167210578918, 100396.0
97.31063199043274, 100519.0
99.04374194145203, 100590.0
99.12440395355225, 100702.0
99.88899207115173, 100762.0
99.95385599136353, 100812.0
100.23569107055664, 100908.0
100.37142705917358, 101016.0
100.91751599311829, 101092.0
100.92912983894348, 101202.0
101.85786700248718, 101255.0
101.85980010032654, 101417.0
102.64946413040161, 101504.0
102.95977592468262, 101517.0
103.31649518013, 101519.0
103.84279704093933, 101605.0
104.15824007987976, 101712.0
108.23614382743835, 101713.0
108.33150482177734, 101717.0
112.90692782402039, 101719.0
126.6211268901825, 101819.0
132.46914100646973, 101919.0
