1.0522737503051758, 52135.0
1.8112356662750244, 52135.0
2.5529417991638184, 52452.0
3.2977399826049805, 52754.0
4.051589727401733, 53193.0
4.8056089878082275, 53224.0
5.568435907363892, 53591.0
6.318639755249023, 53913.0
7.054864883422852, 54380.0
7.803877830505371, 54654.0
8.557183980941772, 54654.0
9.30066990852356, 55509.0
10.048156976699829, 55509.0
10.788204669952393, 55509.0
11.535894870758057, 55754.0
12.280893802642822, 56265.0
13.026212692260742, 56271.0
13.772755861282349, 56657.0
14.518797874450684, 56866.0
15.265836715698242, 56866.0
16.01547074317932, 57057.0
16.76394486427307, 57742.0
17.515033721923828, 57742.0
18.265415906906128, 58075.0
19.01535177230835, 58143.0
19.76727294921875, 58581.0
20.51968789100647, 58611.0
21.2702419757843, 59827.0
22.022329807281494, 59827.0
22.772161960601807, 59827.0
23.524751901626587, 59827.0
24.276036739349365, 59827.0
25.027711868286133, 59872.0
25.783298015594482, 60122.0
26.53752875328064, 60327.0
27.291600942611694, 60327.0
28.04644465446472, 60475.0
28.795753002166748, 60586.0
29.545859813690186, 60586.0
30.299059867858887, 60846.0
31.0535569190979, 60903.0
31.809310913085938, 61122.0
32.564024686813354, 61254.0
33.31805086135864, 61337.0
34.07311487197876, 61392.0
34.82628297805786, 61652.0
35.579012870788574, 62620.0
36.329062938690186, 62620.0
37.081207036972046, 62620.0
37.838090896606445, 62620.0
38.60292983055115, 62620.0
39.367892026901245, 62620.0
40.134450912475586, 62620.0
40.89912390708923, 62641.0
41.66459584236145, 63055.0
42.41677474975586, 63055.0
43.16599774360657, 63055.0
43.916284799575806, 63195.0
44.66517686843872, 63608.0
45.4141628742218, 63608.0
46.16944098472595, 63608.0
46.91865086555481, 63608.0
47.67237687110901, 63702.0
48.42344689369202, 63831.0
49.17254400253296, 63952.0
49.923173904418945, 64045.0
50.68790602684021, 64045.0
51.44176197052002, 64447.0
52.21347403526306, 64447.0
52.966450929641724, 64711.0
53.7357177734375, 64711.0
54.49130988121033, 64711.0
55.24318885803223, 64965.0
56.01213073730469, 64965.0
56.782275676727295, 65397.0
57.53675293922424, 65397.0
58.30777382850647, 65565.0
59.06170701980591, 65606.0
59.82478380203247, 65984.0
60.581443786621094, 65984.0
61.33507776260376, 66222.0
62.09490203857422, 66222.0
62.85123682022095, 66222.0
63.60559272766113, 66283.0
64.36580681800842, 66460.0
65.13093566894531, 66460.0
65.90460395812988, 66533.0
66.67288494110107, 66533.0
67.44257998466492, 66912.0
68.20334577560425, 67094.0
68.96252489089966, 67094.0
69.72950506210327, 67342.0
70.50458192825317, 67342.0
71.27333688735962, 67370.0
72.0346827507019, 67370.0
72.79602885246277, 67576.0
73.56206274032593, 67650.0
74.32468581199646, 67866.0
75.08598780632019, 67866.0
75.85092782974243, 67995.0
76.63061285018921, 68126.0
77.39612483978271, 68126.0
78.16085290908813, 68174.0
78.92259287834167, 68174.0
79.68647193908691, 68174.0
80.46503186225891, 68326.0
81.22897100448608, 69021.0
81.98979306221008, 69021.0
82.75068497657776, 69021.0
83.5225830078125, 69181.0
84.28273677825928, 69181.0
85.04521298408508, 69181.0
85.81570792198181, 69181.0
86.58028483390808, 69181.0
87.34808778762817, 69181.0
88.12326192855835, 69320.0
88.90131568908691, 69330.0
89.6680018901825, 69377.0
90.43537092208862, 69574.0
91.2091977596283, 69574.0
91.97308897972107, 69574.0
92.73797297477722, 69574.0
93.50263786315918, 69574.0
94.26667070388794, 69574.0
95.0321409702301, 69760.0
95.79612994194031, 69818.0
96.56072974205017, 69959.0
97.3314049243927, 70022.0
98.10066294670105, 70022.0
98.88356471061707, 70022.0
99.66661882400513, 70310.0
100.43381094932556, 70438.0
101.20099687576294, 70438.0
101.96485686302185, 70438.0
102.79248690605164, 70791.0
103.67994976043701, 70791.0
104.50561094284058, 70791.0
105.33126282691956, 70791.0
106.17754602432251, 70791.0
107.03029179573059, 71055.0
107.85371971130371, 71055.0
108.680832862854, 71174.0
109.49557685852051, 71174.0
110.31058192253113, 71328.0
111.12402200698853, 71328.0
111.92075181007385, 71328.0
112.70934200286865, 71328.0
113.49507880210876, 72017.0
114.26802206039429, 72017.0
115.04699182510376, 72017.0
115.82137489318848, 72017.0
116.59572577476501, 72017.0
117.36393094062805, 72017.0
118.14538979530334, 72017.0
118.919686794281, 72017.0
119.69117379188538, 72017.0
120.46155381202698, 72017.0
121.25046682357788, 72087.0
122.03877687454224, 72087.0
122.82528901100159, 72087.0
123.60323095321655, 72087.0
124.3803038597107, 72148.0
125.16641783714294, 72233.0
125.94194889068604, 72233.0
126.71350598335266, 72233.0
127.49364566802979, 72313.0
128.2762176990509, 72313.0
129.05693078041077, 72335.0
129.84603905677795, 72785.0
130.630925655365, 72785.0
131.41358494758606, 72785.0
132.1930058002472, 72791.0
132.98190689086914, 72791.0
133.76435470581055, 72791.0
134.53489685058594, 72850.0
135.30557489395142, 72850.0
136.08885502815247, 72850.0
136.86886882781982, 72980.0
137.65141487121582, 73070.0
138.43338799476624, 73089.0
139.2199296951294, 73148.0
140.0037398338318, 73148.0
140.78003883361816, 73148.0
141.56319284439087, 73315.0
142.34846472740173, 73315.0
143.1321620941162, 73399.0
143.9171540737152, 73399.0
144.70477271080017, 73399.0
145.4813838005066, 73399.0
146.26867580413818, 73520.0
147.05945873260498, 73520.0
147.8456678390503, 73570.0
148.61904191970825, 73932.0
149.4022147655487, 73950.0
150.18721890449524, 73950.0
150.97115898132324, 74236.0
151.75509881973267, 74236.0
152.53085684776306, 74270.0
153.30494785308838, 74270.0
154.0930769443512, 74270.0
154.8815369606018, 74270.0
