0.524482011795044, 38026.0
0.8938119411468506, 39017.0
1.2679429054260254, 42588.0
1.6386549472808838, 46284.0
2.014350175857544, 48446.0
2.4060909748077393, 54060.0
2.793821096420288, 57474.0
3.1663880348205566, 59128.0
3.5425221920013428, 60243.0
3.9278321266174316, 65459.0
4.3089659214019775, 66590.0
4.682477235794067, 68475.0
5.066660165786743, 71476.0
5.4658989906311035, 73657.0
5.854412078857422, 76696.0
6.249779939651489, 81070.0
6.6346611976623535, 82481.0
7.016674041748047, 93142.0
7.395108222961426, 93142.0
7.777767896652222, 93142.0
8.15849494934082, 95677.0
8.535747051239014, 95677.0
8.912878036499023, 96845.0
9.297041893005371, 102295.0
9.67742109298706, 104111.0
10.057947158813477, 104683.0
10.438282012939453, 104948.0
10.824312210083008, 106354.0
11.20986819267273, 106848.0
11.590801000595093, 109034.0
11.97073221206665, 115866.0
12.362349033355713, 115866.0
12.748602151870728, 115866.0
13.133471965789795, 116337.0
13.514907121658325, 118549.0
13.895951271057129, 121644.0
14.281475067138672, 123825.0
14.662849187850952, 123825.0
15.044775009155273, 125473.0
15.434263229370117, 125473.0
15.827067136764526, 125473.0
16.215579986572266, 132733.0
16.602156162261963, 134275.0
17.007297039031982, 134891.0
17.399136066436768, 135664.0
17.787420988082886, 137286.0
18.175440311431885, 143045.0
18.561866998672485, 149387.0
18.95560908317566, 149387.0
19.34535503387451, 149387.0
19.736984252929688, 149387.0
20.13276696205139, 150121.0
20.528316020965576, 151422.0
20.91585111618042, 151611.0
21.311610221862793, 152580.0
21.69990110397339, 152926.0
22.08850908279419, 159278.0
22.47713303565979, 159278.0
22.865735054016113, 159278.0
23.256680965423584, 159609.0
23.65199112892151, 165596.0
24.043248891830444, 165596.0
24.434543132781982, 165596.0
24.826153993606567, 165596.0
25.217833042144775, 167947.0
25.610778093338013, 167947.0
26.002434015274048, 168866.0
26.395642280578613, 168866.0
26.791506052017212, 168866.0
27.18806004524231, 169480.0
27.587613105773926, 172176.0
27.985133171081543, 172196.0
28.378653049468994, 172887.0
28.775413036346436, 174104.0
29.17006492614746, 174262.0
29.564901113510132, 177388.0
29.96626305580139, 177388.0
30.36521816253662, 177388.0
30.762779235839844, 177543.0
31.157190322875977, 178732.0
31.552996158599854, 178732.0
31.947344303131104, 182868.0
32.34228205680847, 183235.0
32.738872051239014, 183235.0
33.14588212966919, 186094.0
33.54463315010071, 186094.0
33.93940210342407, 187506.0
34.350115060806274, 187506.0
34.74990224838257, 187506.0
35.1451621055603, 187829.0
35.55282402038574, 187829.0
35.958672285079956, 188196.0
36.361799001693726, 189770.0
36.77813100814819, 192834.0
37.178993940353394, 192834.0
37.59321713447571, 192834.0
38.006383180618286, 194294.0
38.4090530872345, 194558.0
38.81441521644592, 196794.0
39.22347021102905, 196877.0
39.62465214729309, 196877.0
40.025827169418335, 196877.0
40.42623996734619, 196877.0
40.825669288635254, 197966.0
41.2283992767334, 198758.0
41.632339000701904, 198758.0
42.02931094169617, 198932.0
42.42633819580078, 199621.0
42.82809400558472, 200686.0
43.23865008354187, 200686.0
43.64087414741516, 201535.0
44.039650201797485, 205121.0
44.44283127784729, 205121.0
44.84962010383606, 205121.0
45.255566120147705, 207531.0
45.663005113601685, 207531.0
46.06808400154114, 209118.0
46.473031997680664, 209118.0
46.87908315658569, 209272.0
47.27921104431152, 210132.0
47.6800582408905, 210132.0
48.08066725730896, 210132.0
48.48122596740723, 211341.0
48.88175320625305, 211592.0
49.283509969711304, 211592.0
49.689789056777954, 211599.0
50.09551811218262, 211599.0
50.50075697898865, 211895.0
50.90631723403931, 213276.0
51.31270623207092, 213773.0
51.719300270080566, 213773.0
52.12049317359924, 214051.0
52.52450895309448, 214051.0
52.92516613006592, 215665.0
53.32980728149414, 215665.0
53.73038601875305, 215665.0
54.13553214073181, 217894.0
54.54461908340454, 217894.0
54.952739238739014, 217894.0
55.360079288482666, 218504.0
55.76897406578064, 220424.0
56.178551197052, 220796.0
56.58787989616394, 223123.0
57.0012469291687, 223123.0
57.40854620933533, 223123.0
57.81160926818848, 223123.0
58.21737027168274, 226507.0
58.61866021156311, 226507.0
59.02451205253601, 226507.0
59.430063247680664, 226507.0
59.83728313446045, 226507.0
60.23906207084656, 226507.0
60.64052724838257, 226550.0
61.047914028167725, 228699.0
61.4535870552063, 228699.0
61.855162143707275, 228699.0
62.26315903663635, 228699.0
62.66564607620239, 229787.0
63.07273030281067, 229787.0
63.48054504394531, 229957.0
63.8834969997406, 230991.0
64.29234004020691, 230991.0
64.70032215118408, 230991.0
65.10814809799194, 232458.0
65.51692509651184, 232458.0
65.92397713661194, 232458.0
66.33658409118652, 232458.0
66.74534201622009, 232458.0
67.15419697761536, 234324.0
67.56221318244934, 234324.0
67.97335600852966, 234324.0
68.38329029083252, 234324.0
68.79273390769958, 234324.0
69.20157217979431, 234328.0
69.60977411270142, 234478.0
70.01883006095886, 234801.0
70.42708611488342, 235634.0
70.83189821243286, 235634.0
71.2360110282898, 235738.0
71.6453320980072, 235738.0
72.05491518974304, 236103.0
72.46451830863953, 236103.0
72.87357902526855, 238864.0
73.28244209289551, 238864.0
73.69298100471497, 238864.0
74.10041403770447, 238864.0
74.50517106056213, 238864.0
74.9112901687622, 238864.0
75.31920099258423, 238864.0
75.72976422309875, 238864.0
76.14158701896667, 238864.0
76.54806399345398, 238864.0
76.95602512359619, 238864.0
77.36340522766113, 238864.0
77.7728362083435, 239680.0
78.18066620826721, 239680.0
78.58936500549316, 239680.0
78.9945240020752, 239680.0
79.40384411811829, 239680.0
79.81238603591919, 239680.0
80.2188491821289, 240982.0
