4.696846008300781e-05, 820.0
8.797645568847656e-05, 1134.0
0.0015480518341064453, 1243.0
0.0033419132232666016, 1389.0
0.007456064224243164, 1587.0
0.0274507999420166, 1597.0
0.03604412078857422, 1679.0
0.04445695877075195, 1689.0
0.05623602867126465, 1771.0
0.057306766510009766, 1780.0
0.058322906494140625, 1851.0
0.06033682823181152, 1890.0
0.06734013557434082, 1996.0
0.07350993156433105, 1999.0
0.0738980770111084, 2023.0
0.0741720199584961, 2132.0
0.07463884353637695, 2252.0
0.07881903648376465, 2293.0
0.24441981315612793, 2295.0
0.25232481956481934, 2348.0
0.25426411628723145, 2378.0
0.26167893409729004, 2392.0
0.9285259246826172, 2395.0
1.4958388805389404, 2476.0
1.4986460208892822, 2595.0
