0.07101798057556152, 1.0
0.0714869499206543, 2.0
0.07217788696289062, 3.0
0.07309961318969727, 4.0
0.07424783706665039, 5.0
0.07563471794128418, 6.0
0.07723855972290039, 7.0
0.07907772064208984, 8.0
0.08114194869995117, 9.0
0.08346080780029297, 10.0
0.08601593971252441, 11.0
0.08878278732299805, 12.0
0.09177875518798828, 13.0
0.09202098846435547, 14.0
0.09373068809509277, 15.0
0.09418582916259766, 16.0
0.0948798656463623, 17.0
0.09579873085021973, 18.0
0.09694576263427734, 19.0
0.09831976890563965, 20.0
0.09994173049926758, 21.0
0.10178565979003906, 22.0
0.10386180877685547, 23.0
0.10618185997009277, 24.0
0.10870575904846191, 25.0
0.11157560348510742, 26.0
0.11457681655883789, 27.0
0.11744880676269531, 28.0
0.11974573135375977, 29.0
0.12227678298950195, 30.0
0.1250307559967041, 31.0
0.12802886962890625, 32.0
0.12826967239379883, 33.0
0.12998080253601074, 34.0
0.13043785095214844, 35.0
0.13113069534301758, 36.0
0.1320629119873047, 37.0
0.13323593139648438, 38.0
0.13467979431152344, 39.0
0.1363518238067627, 40.0
0.13833975791931152, 41.0
0.14046788215637207, 42.0
0.1428239345550537, 43.0
0.14540576934814453, 44.0
0.148392915725708, 45.0
0.15163683891296387, 46.0
0.15453696250915527, 47.0
0.15645575523376465, 48.0
0.1586439609527588, 49.0
0.16100478172302246, 50.0
0.1636049747467041, 51.0
0.16649675369262695, 52.0
0.1695387363433838, 53.0
0.16978669166564941, 54.0
0.1715548038482666, 55.0
0.1720256805419922, 56.0
0.17272663116455078, 57.0
0.17369389533996582, 58.0
0.17486786842346191, 59.0
0.17629480361938477, 60.0
0.17798662185668945, 61.0
0.17987990379333496, 62.0
0.18202877044677734, 63.0
0.1844038963317871, 64.0
0.18699860572814941, 65.0
0.1898667812347412, 66.0
0.19294071197509766, 67.0
0.1958909034729004, 68.0
0.19824576377868652, 69.0
0.2008225917816162, 70.0
0.20363187789916992, 71.0
0.20667386054992676, 72.0
0.20691776275634766, 73.0
0.20874476432800293, 74.0
0.20921587944030762, 75.0
0.20991897583007812, 76.0
0.2108469009399414, 77.0
0.21201157569885254, 78.0
0.21341776847839355, 79.0
0.21505475044250488, 80.0
0.2169327735900879, 81.0
0.21905088424682617, 82.0
0.22145771980285645, 83.0
0.22404980659484863, 84.0
0.22690463066101074, 85.0
0.2300567626953125, 86.0
0.2338109016418457, 87.0
0.23697686195373535, 88.0
0.2372417449951172, 89.0
0.23911070823669434, 90.0
0.23961663246154785, 91.0
0.240372896194458, 92.0
0.24134469032287598, 93.0
0.24256467819213867, 94.0
0.24404668807983398, 95.0
0.24575376510620117, 96.0
0.24765896797180176, 97.0
0.2498629093170166, 98.0
0.2522397041320801, 99.0
0.2548506259918213, 100.0
0.25774478912353516, 101.0
0.260894775390625, 102.0
0.263901948928833, 103.0
0.26633667945861816, 104.0
0.2689657211303711, 105.0
0.27187275886535645, 106.0
0.2750568389892578, 107.0
0.275310754776001, 108.0
0.277113676071167, 109.0
0.27759885787963867, 110.0
0.27831172943115234, 111.0
0.27928972244262695, 112.0
0.2805008888244629, 113.0
0.2819845676422119, 114.0
0.2836637496948242, 115.0
0.2855837345123291, 116.0
0.28774285316467285, 117.0
0.2901146411895752, 118.0
0.292705774307251, 119.0
0.2955617904663086, 120.0
0.2986297607421875, 121.0
0.30191779136657715, 122.0
0.3033287525177002, 123.0
0.30496978759765625, 124.0
0.30686163902282715, 125.0
0.3089768886566162, 126.0
0.31134486198425293, 127.0
0.313922643661499, 128.0
0.3167905807495117, 129.0
0.31985974311828613, 130.0
0.32353878021240234, 131.0
0.3266408443450928, 132.0
0.3268899917602539, 133.0
0.3286709785461426, 134.0
0.3291468620300293, 135.0
0.3298506736755371, 136.0
0.33078980445861816, 137.0
0.3319728374481201, 138.0
0.3333876132965088, 139.0
0.335033655166626, 140.0
0.33696579933166504, 141.0
0.33907270431518555, 142.0
0.3414735794067383, 143.0
0.3441636562347412, 144.0
0.3471107482910156, 145.0
0.35020971298217773, 146.0
0.35324573516845703, 147.0
0.35562682151794434, 148.0
0.35820960998535156, 149.0
0.3610239028930664, 150.0
0.36407971382141113, 151.0
0.36432576179504395, 152.0
0.36609673500061035, 153.0
0.36658263206481934, 154.0
0.3673098087310791, 155.0
0.3682565689086914, 156.0
0.3694028854370117, 157.0
0.37079381942749023, 158.0
0.372406005859375, 159.0
0.3742556571960449, 160.0
0.37633681297302246, 161.0
0.3786778450012207, 162.0
0.3812217712402344, 163.0
0.3839898109436035, 164.0
0.38698387145996094, 165.0
0.3909108638763428, 166.0
0.3934497833251953, 167.0
0.39620471000671387, 168.0
0.3992125988006592, 169.0
0.40238165855407715, 170.0
0.4037606716156006, 171.0
0.40537595748901367, 172.0
0.4072246551513672, 173.0
0.4093046188354492, 174.0
0.41161274909973145, 175.0
0.41416478157043457, 176.0
0.41693592071533203, 177.0
0.41993069648742676, 178.0
0.42348790168762207, 179.0
0.42648863792419434, 180.0
0.4267289638519287, 181.0
0.42844080924987793, 182.0
0.42890381813049316, 183.0
0.4295988082885742, 184.0
0.43053674697875977, 185.0
0.43170976638793945, 186.0
0.4331197738647461, 187.0
0.4349539279937744, 188.0
0.43689870834350586, 189.0
0.4391767978668213, 190.0
0.4416005611419678, 191.0
0.44418787956237793, 192.0
0.447023868560791, 193.0
0.45005369186401367, 194.0
0.45313382148742676, 195.0
0.455446720123291, 196.0
0.4581308364868164, 197.0
0.46095991134643555, 198.0
0.4641547203063965, 199.0
0.46442389488220215, 200.0
0.4661870002746582, 201.0
0.46671485900878906, 202.0
0.46743178367614746, 203.0
0.4683949947357178, 204.0
0.4695580005645752, 205.0
0.4709737300872803, 206.0
0.47261476516723633, 207.0
0.47466492652893066, 208.0
0.4767928123474121, 209.0
0.4792356491088867, 210.0
0.48184657096862793, 211.0
0.48479485511779785, 212.0
0.4878726005554199, 213.0
0.49141979217529297, 214.0
0.4928419589996338, 215.0
0.49448657035827637, 216.0
0.49648070335388184, 217.0
0.4985978603363037, 218.0
0.5010669231414795, 219.0
0.503666877746582, 220.0
0.5064797401428223, 221.0
0.5096015930175781, 222.0
0.5133488178253174, 223.0
0.5164916515350342, 224.0
0.5167577266693115, 225.0
0.5185179710388184, 226.0
0.5189728736877441, 227.0
0.519702672958374, 228.0
0.5206446647644043, 229.0
0.5217897891998291, 230.0
0.5231747627258301, 231.0
0.524979829788208, 232.0
0.5268597602844238, 233.0
0.5291397571563721, 234.0
0.5314607620239258, 235.0
0.5341517925262451, 236.0
0.5370187759399414, 237.0
0.5400209426879883, 238.0
0.5430526733398438, 239.0
0.5454328060150146, 240.0
0.5480568408966064, 241.0
0.5510168075561523, 242.0
0.5540568828582764, 243.0
0.5542998313903809, 244.0
0.5560376644134521, 245.0
0.5565757751464844, 246.0
0.5572657585144043, 247.0
0.5581777095794678, 248.0
0.5593447685241699, 249.0
0.5607528686523438, 250.0
0.5623648166656494, 251.0
0.5642156600952148, 252.0
0.5663149356842041, 253.0
0.5686616897583008, 254.0
0.5712108612060547, 255.0
0.5739808082580566, 256.0
0.5770246982574463, 257.0
0.5809998512268066, 258.0
0.5835328102111816, 259.0
0.5863277912139893, 260.0
0.589343786239624, 261.0
0.5924715995788574, 262.0
0.5938549041748047, 263.0
0.5954668521881104, 264.0
0.597327709197998, 265.0
0.5994217395782471, 266.0
0.6017327308654785, 267.0
0.6042697429656982, 268.0
0.6070966720581055, 269.0
0.610116720199585, 270.0
0.6136927604675293, 271.0
0.616689920425415, 272.0
0.6169328689575195, 273.0
0.6186487674713135, 274.0
0.6191139221191406, 275.0
0.619809627532959, 276.0
0.6207296848297119, 277.0
0.6218838691711426, 278.0
0.6232576370239258, 279.0
0.6248698234558105, 280.0
0.6267299652099609, 281.0
0.6288046836853027, 282.0
0.6311097145080566, 283.0
0.6336667537689209, 284.0
0.6364285945892334, 285.0
0.6394245624542236, 286.0
0.6423108577728271, 287.0
0.6446399688720703, 288.0
0.6471836566925049, 289.0
0.6499435901641846, 290.0
0.6529417037963867, 291.0
0.6531846523284912, 292.0
0.6549019813537598, 293.0
0.6553657054901123, 294.0
0.6560719013214111, 295.0
0.6569948196411133, 296.0
0.6581428050994873, 297.0
0.6595287322998047, 298.0
0.6611378192901611, 299.0
0.6629738807678223, 300.0
0.6650598049163818, 301.0
0.6673688888549805, 302.0
0.6699137687683105, 303.0
0.6726899147033691, 304.0
0.6757009029388428, 305.0
0.6796495914459229, 306.0
0.6812705993652344, 307.0
0.6831247806549072, 308.0
0.6851987838745117, 309.0
0.6875057220458984, 310.0
0.6900317668914795, 311.0
0.6928036212921143, 312.0
0.6958026885986328, 313.0
0.6992566585540771, 314.0
0.70064377784729, 315.0
0.7022526264190674, 316.0
0.7040965557098389, 317.0
0.7061638832092285, 318.0
0.7084705829620361, 319.0
0.7110016345977783, 320.0
0.7137489318847656, 321.0
0.7167348861694336, 322.0
0.7203028202056885, 323.0
0.7232987880706787, 324.0
0.7235448360443115, 325.0
0.7252528667449951, 326.0
0.7257087230682373, 327.0
0.7264058589935303, 328.0
0.7273397445678711, 329.0
0.7285346984863281, 330.0
0.729949951171875, 331.0
0.7315819263458252, 332.0
0.7334189414978027, 333.0
0.7355988025665283, 334.0
0.7378859519958496, 335.0
0.7404148578643799, 336.0
0.7431726455688477, 337.0
0.7463128566741943, 338.0
0.749295711517334, 339.0
0.7516076564788818, 340.0
0.7542078495025635, 341.0
0.7569937705993652, 342.0
0.7600126266479492, 343.0
0.7602639198303223, 344.0
0.7620646953582764, 345.0
0.7625217437744141, 346.0
0.76320481300354, 347.0
0.7641186714172363, 348.0
0.7652778625488281, 349.0
0.7666716575622559, 350.0
0.7682816982269287, 351.0
0.7702336311340332, 352.0
0.7722916603088379, 353.0
0.7745888233184814, 354.0
0.7772107124328613, 355.0
0.7799806594848633, 356.0
0.7829937934875488, 357.0
0.7870059013366699, 358.0
0.7895817756652832, 359.0
0.7923488616943359, 360.0
0.7954466342926025, 361.0
0.7985599040985107, 362.0
0.7999377250671387, 363.0
0.8016116619110107, 364.0
0.8034837245941162, 365.0
0.805560827255249, 366.0
0.8079276084899902, 367.0
0.8105669021606445, 368.0
0.813328742980957, 369.0
0.8163537979125977, 370.0
0.8200225830078125, 371.0
0.823023796081543, 372.0
0.8232629299163818, 373.0
0.8249948024749756, 374.0
0.8255276679992676, 375.0
0.8262207508087158, 376.0
0.8271679878234863, 377.0
0.8283095359802246, 378.0
0.8296787738800049, 379.0
0.8313047885894775, 380.0
0.8331518173217773, 381.0
0.8352797031402588, 382.0
0.837580680847168, 383.0
0.8401327133178711, 384.0
0.8429968357086182, 385.0
0.8459978103637695, 386.0
0.8488619327545166, 387.0
0.8511686325073242, 388.0
0.8537037372589111, 389.0
0.8564579486846924, 390.0
0.8594467639923096, 391.0
0.8596837520599365, 392.0
0.8613996505737305, 393.0
0.8618576526641846, 394.0
0.8625538349151611, 395.0
0.8634727001190186, 396.0
0.8646206855773926, 397.0
0.8659927845001221, 398.0
0.867600679397583, 399.0
0.8694508075714111, 400.0
0.8715167045593262, 401.0
0.8738048076629639, 402.0
0.8763577938079834, 403.0
0.8791937828063965, 404.0
0.8822195529937744, 405.0
0.8862626552581787, 406.0
0.8878829479217529, 407.0
0.8897457122802734, 408.0
0.8918077945709229, 409.0
0.8941166400909424, 410.0
0.8966436386108398, 411.0
0.8994097709655762, 412.0
0.9024038314819336, 413.0
0.9059619903564453, 414.0
0.9089527130126953, 415.0
0.9091928005218506, 416.0
0.9109067916870117, 417.0
0.9113667011260986, 418.0
0.9120497703552246, 419.0
0.9129767417907715, 420.0
0.9141297340393066, 421.0
0.9155099391937256, 422.0
0.9171206951141357, 423.0
0.9189598560333252, 424.0
0.9210219383239746, 425.0
0.9233226776123047, 426.0
0.9258487224578857, 427.0
0.9286079406738281, 428.0
0.9316368103027344, 429.0
0.934532642364502, 430.0
0.9368326663970947, 431.0
0.9393458366394043, 432.0
0.9421067237854004, 433.0
0.9450869560241699, 434.0
0.9453277587890625, 435.0
0.947030782699585, 436.0
0.9474937915802002, 437.0
0.9481778144836426, 438.0
0.9490969181060791, 439.0
0.9502537250518799, 440.0
0.9516339302062988, 441.0
0.9532387256622314, 442.0
0.9550657272338867, 443.0
0.9571287631988525, 444.0
0.9594156742095947, 445.0
0.9619636535644531, 446.0
0.9647138118743896, 447.0
0.9676916599273682, 448.0
0.9716029167175293, 449.0
0.9741268157958984, 450.0
0.9768667221069336, 451.0
0.979827880859375, 452.0
0.982912540435791, 453.0
0.9842848777770996, 454.0
0.9858968257904053, 455.0
0.9877228736877441, 456.0
0.9897708892822266, 457.0
0.9920539855957031, 458.0
0.9946177005767822, 459.0
0.9974737167358398, 460.0
1.0011367797851562, 461.0
1.0049548149108887, 462.0
1.008056640625, 463.0
1.0083198547363281, 464.0
1.010138750076294, 465.0
1.010605812072754, 466.0
1.01131272315979, 467.0
1.0122497081756592, 468.0
1.0134189128875732, 469.0
1.0148417949676514, 470.0
1.0164847373962402, 471.0
1.0183606147766113, 472.0
1.0204837322235107, 473.0
1.0228228569030762, 474.0
1.0254058837890625, 475.0
1.0282607078552246, 476.0
1.0313069820404053, 477.0
1.0341975688934326, 478.0
1.0365056991577148, 479.0
1.039045810699463, 480.0
1.0418028831481934, 481.0
1.0447957515716553, 482.0
1.045036792755127, 483.0
1.0467476844787598, 484.0
1.0472087860107422, 485.0
1.0478966236114502, 486.0
1.048811674118042, 487.0
1.049966812133789, 488.0
1.05135178565979, 489.0
1.052966833114624, 490.0
1.0548057556152344, 491.0
1.0568757057189941, 492.0
1.0591816902160645, 493.0
1.0617048740386963, 494.0
1.0644516944885254, 495.0
1.0674586296081543, 496.0
1.0724518299102783, 497.0
1.0754408836364746, 498.0
1.0756847858428955, 499.0
1.0774378776550293, 500.0
1.0778906345367432, 501.0
1.0785799026489258, 502.0
1.0795106887817383, 503.0
1.0806615352630615, 504.0
1.0820317268371582, 505.0
1.0836308002471924, 506.0
1.0855906009674072, 507.0
1.0877737998962402, 508.0
1.090113639831543, 509.0
1.0928738117218018, 510.0
1.0956957340240479, 511.0
1.0987699031829834, 512.0
1.1027867794036865, 513.0
1.1053078174591064, 514.0
1.1081387996673584, 515.0
1.111236810684204, 516.0
1.1143968105316162, 517.0
1.1158487796783447, 518.0
1.117480754852295, 519.0
1.1193625926971436, 520.0
1.1214327812194824, 521.0
1.1238138675689697, 522.0
1.1263978481292725, 523.0
1.1292119026184082, 524.0
1.132239818572998, 525.0
1.1358177661895752, 526.0
1.1387996673583984, 527.0
1.1390836238861084, 528.0
1.140812635421753, 529.0
1.1413068771362305, 530.0
1.1420207023620605, 531.0
1.1429345607757568, 532.0
1.144089698791504, 533.0
1.1454668045043945, 534.0
1.147120714187622, 535.0
1.1489698886871338, 536.0
1.151047945022583, 537.0
1.1533827781677246, 538.0
1.1559967994689941, 539.0
1.1588165760040283, 540.0
1.1618459224700928, 541.0
1.164808750152588, 542.0
1.1671056747436523, 543.0
1.1696546077728271, 544.0
1.1724846363067627, 545.0
1.175550937652588, 546.0
1.1757938861846924, 547.0
1.1775639057159424, 548.0
1.178020715713501, 549.0
1.1787097454071045, 550.0
1.1797146797180176, 551.0
1.180858850479126, 552.0
1.182248830795288, 553.0
1.1838607788085938, 554.0
1.1857378482818604, 555.0
1.1878678798675537, 556.0
1.1901686191558838, 557.0
1.192701816558838, 558.0
1.1954638957977295, 559.0
1.1984517574310303, 560.0
1.2031188011169434, 561.0
1.2049579620361328, 562.0
1.2070188522338867, 563.0
1.209305763244629, 564.0
1.2118217945098877, 565.0
1.2145919799804688, 566.0
1.217580795288086, 567.0
1.2204647064208984, 568.0
1.2227709293365479, 569.0
1.225313663482666, 570.0
1.2280948162078857, 571.0
1.2311007976531982, 572.0
1.2313406467437744, 573.0
1.2330608367919922, 574.0
1.233527660369873, 575.0
1.2342195510864258, 576.0
1.2351627349853516, 577.0
1.2363126277923584, 578.0
1.2376976013183594, 579.0
1.2393369674682617, 580.0
1.2411866188049316, 581.0
1.2432739734649658, 582.0
1.2455768585205078, 583.0
1.2481207847595215, 584.0
1.2508916854858398, 585.0
1.253896951675415, 586.0
1.258854866027832, 587.0
1.261847734451294, 588.0
1.2620997428894043, 589.0
1.2638137340545654, 590.0
1.2642769813537598, 591.0
1.2649717330932617, 592.0
1.2658905982971191, 593.0
1.2670338153839111, 594.0
1.2684447765350342, 595.0
1.2700557708740234, 596.0
1.2719066143035889, 597.0
1.2739856243133545, 598.0
1.27628493309021, 599.0
1.2788176536560059, 600.0
1.281564712524414, 601.0
1.2845497131347656, 602.0
1.2884647846221924, 603.0
1.2910058498382568, 604.0
1.2937688827514648, 605.0
1.296790599822998, 606.0
1.2999086380004883, 607.0
1.3012936115264893, 608.0
1.3029539585113525, 609.0
1.3047997951507568, 610.0
1.3068838119506836, 611.0
1.3091907501220703, 612.0
1.3117578029632568, 613.0
1.3145337104797363, 614.0
1.3175287246704102, 615.0
1.3211169242858887, 616.0
1.3241348266601562, 617.0
1.3243746757507324, 618.0
1.3260889053344727, 619.0
1.3265469074249268, 620.0
1.3272387981414795, 621.0
1.3281598091125488, 622.0
1.3293118476867676, 623.0
1.3306918144226074, 624.0
1.3322968482971191, 625.0
1.334148645401001, 626.0
1.3362298011779785, 627.0
1.338519811630249, 628.0
1.3410658836364746, 629.0
1.3439018726348877, 630.0
1.3469517230987549, 631.0
1.3498847484588623, 632.0
1.3522229194641113, 633.0
1.3547577857971191, 634.0
1.3575439453125, 635.0
1.360569715499878, 636.0
1.3608157634735107, 637.0
1.3625285625457764, 638.0
1.3629908561706543, 639.0
1.3636889457702637, 640.0
1.364600658416748, 641.0
1.3657536506652832, 642.0
1.367136001586914, 643.0
1.3687686920166016, 644.0
1.3706035614013672, 645.0
1.3726966381072998, 646.0
1.3750107288360596, 647.0
1.3775668144226074, 648.0
1.380328893661499, 649.0
1.3833396434783936, 650.0
1.388129711151123, 651.0
1.3895018100738525, 652.0
1.3911097049713135, 653.0
1.3929378986358643, 654.0
1.395000696182251, 655.0
1.3972938060760498, 656.0
1.399831771850586, 657.0
1.4025766849517822, 658.0
1.405552864074707, 659.0
1.4094698429107666, 660.0
1.4119877815246582, 661.0
1.4147436618804932, 662.0
1.4177227020263672, 663.0
1.4208238124847412, 664.0
1.422208547592163, 665.0
1.42380690574646, 666.0
1.4256727695465088, 667.0
1.4277498722076416, 668.0
1.430107831954956, 669.0
1.432654857635498, 670.0
1.4354166984558105, 671.0
1.4384777545928955, 672.0
1.4420866966247559, 673.0
1.4451346397399902, 674.0
1.4453749656677246, 675.0
1.4470787048339844, 676.0
1.4475388526916504, 677.0
1.4482347965240479, 678.0
1.4491467475891113, 679.0
1.4502828121185303, 680.0
1.4516549110412598, 681.0
1.4533207416534424, 682.0
1.4551467895507812, 683.0
1.4572358131408691, 684.0
1.4595668315887451, 685.0
1.4621267318725586, 686.0
1.464883804321289, 687.0
1.467869758605957, 688.0
1.4708077907562256, 689.0
1.473097801208496, 690.0
1.4756438732147217, 691.0
1.478421688079834, 692.0
1.4814867973327637, 693.0
1.481733798980713, 694.0
1.4834387302398682, 695.0
1.4838945865631104, 696.0
1.4845869541168213, 697.0
1.4854938983917236, 698.0
1.4866418838500977, 699.0
1.4880156517028809, 700.0
1.4896187782287598, 701.0
1.4914586544036865, 702.0
1.4935438632965088, 703.0
1.495863676071167, 704.0
1.4983887672424316, 705.0
1.5011818408966064, 706.0
1.504185676574707, 707.0
1.5107877254486084, 708.0
1.513319730758667, 709.0
1.5160768032073975, 710.0
1.5190646648406982, 711.0
1.5219519138336182, 712.0
1.5242547988891602, 713.0
1.5267798900604248, 714.0
1.529545783996582, 715.0
1.532531976699829, 716.0
1.5327746868133545, 717.0
1.534489631652832, 718.0
1.5349476337432861, 719.0
1.5356369018554688, 720.0
1.5365538597106934, 721.0
1.5377037525177002, 722.0
1.5390987396240234, 723.0
1.5407037734985352, 724.0
1.5425448417663574, 725.0
1.5446126461029053, 726.0
1.546907901763916, 727.0
1.549447774887085, 728.0
1.55220365524292, 729.0
1.5551888942718506, 730.0
1.560147762298584, 731.0
1.5631349086761475, 732.0
1.563377857208252, 733.0
1.5650877952575684, 734.0
1.5655486583709717, 735.0
1.5662426948547363, 736.0
1.5671579837799072, 737.0
1.5683178901672363, 738.0
1.5696897506713867, 739.0
1.5712997913360596, 740.0
1.5731399059295654, 741.0
1.5752089023590088, 742.0
1.5775527954101562, 743.0
1.5801258087158203, 744.0
1.5828826427459717, 745.0
1.5858638286590576, 746.0
1.5897517204284668, 747.0
1.5922877788543701, 748.0
1.5950379371643066, 749.0
1.5980207920074463, 750.0
1.6011168956756592, 751.0
1.6024959087371826, 752.0
1.6041069030761719, 753.0
1.6059458255767822, 754.0
1.6080067157745361, 755.0
1.6103029251098633, 756.0
1.6128268241882324, 757.0
1.6156017780303955, 758.0
1.618605613708496, 759.0
1.6221847534179688, 760.0
1.625159740447998, 761.0
1.625403881072998, 762.0
1.6271138191223145, 763.0
1.6275687217712402, 764.0
1.6282718181610107, 765.0
1.6291956901550293, 766.0
1.6303327083587646, 767.0
1.6317107677459717, 768.0
1.633326768875122, 769.0
1.635164737701416, 770.0
1.637253761291504, 771.0
1.6395368576049805, 772.0
1.642077922821045, 773.0
1.644850730895996, 774.0
1.6478426456451416, 775.0
1.6507158279418945, 776.0
1.653047800064087, 777.0
1.6555776596069336, 778.0
1.6583337783813477, 779.0
1.661369800567627, 780.0
1.6616108417510986, 781.0
1.6633317470550537, 782.0
1.6637978553771973, 783.0
1.6644978523254395, 784.0
1.665414810180664, 785.0
1.6665606498718262, 786.0
1.6679387092590332, 787.0
1.6695806980133057, 788.0
1.671426773071289, 789.0
1.673487663269043, 790.0
1.6757926940917969, 791.0
1.6783227920532227, 792.0
1.681079626083374, 793.0
1.684058666229248, 794.0
1.6888399124145508, 795.0
1.6902236938476562, 796.0
1.6918346881866455, 797.0
1.6936719417572021, 798.0
1.6957340240478516, 799.0
1.6980187892913818, 800.0
1.7005629539489746, 801.0
1.7033438682556152, 802.0
1.70633864402771, 803.0
1.710256814956665, 804.0
1.7127857208251953, 805.0
1.7155399322509766, 806.0
1.7185328006744385, 807.0
1.7216289043426514, 808.0
1.7230095863342285, 809.0
1.7246267795562744, 810.0
1.7264578342437744, 811.0
1.7285230159759521, 812.0
1.7308077812194824, 813.0
1.7333319187164307, 814.0
1.7361037731170654, 815.0
1.739069938659668, 816.0
1.742640733718872, 817.0
1.7456607818603516, 818.0
1.7459018230438232, 819.0
1.7476239204406738, 820.0
1.7480876445770264, 821.0
1.7487738132476807, 822.0
1.7497076988220215, 823.0
1.750861644744873, 824.0
1.7522528171539307, 825.0
1.753854751586914, 826.0
1.7557008266448975, 827.0
1.7577579021453857, 828.0
1.7600445747375488, 829.0
1.7625799179077148, 830.0
1.76531982421875, 831.0
1.768286943435669, 832.0
1.7711818218231201, 833.0
1.7734856605529785, 834.0
1.7760066986083984, 835.0
1.7787468433380127, 836.0
1.7817416191101074, 837.0
1.781984567642212, 838.0
1.7836925983428955, 839.0
1.7841479778289795, 840.0
1.7848446369171143, 841.0
1.785752773284912, 842.0
1.786890983581543, 843.0
1.788261890411377, 844.0
1.789869785308838, 845.0
1.791703701019287, 846.0
1.7937688827514648, 847.0
1.7960536479949951, 848.0
1.7985777854919434, 849.0
1.8013267517089844, 850.0
1.8043909072875977, 851.0
1.8132989406585693, 852.0
1.8185768127441406, 853.0
1.8216545581817627, 854.0
1.821899652481079, 855.0
1.8236596584320068, 856.0
1.8241307735443115, 857.0
1.8248376846313477, 858.0
1.8258028030395508, 859.0
1.826974868774414, 860.0
1.8284127712249756, 861.0
1.830129861831665, 862.0
1.8321096897125244, 863.0
1.8341867923736572, 864.0
1.8364908695220947, 865.0
1.8390426635742188, 866.0
1.8417847156524658, 867.0
1.8447747230529785, 868.0
1.8487019538879395, 869.0
1.851224660873413, 870.0
1.8539798259735107, 871.0
1.8569588661193848, 872.0
1.8600618839263916, 873.0
1.8614346981048584, 874.0
1.8630456924438477, 875.0
1.8648877143859863, 876.0
1.866952896118164, 877.0
1.8692607879638672, 878.0
1.8717849254608154, 879.0
1.8745388984680176, 880.0
1.8775129318237305, 881.0
1.881070852279663, 882.0
1.8840627670288086, 883.0
1.8843047618865967, 884.0
1.8860137462615967, 885.0
1.8864777088165283, 886.0
1.8871638774871826, 887.0
1.8880839347839355, 888.0
1.8892316818237305, 889.0
1.8906009197235107, 890.0
1.8921937942504883, 891.0
1.894035816192627, 892.0
1.8960998058319092, 893.0
1.898406744003296, 894.0
1.9009337425231934, 895.0
1.9037058353424072, 896.0
1.906681776046753, 897.0
1.909550666809082, 898.0
1.9118678569793701, 899.0
1.9143896102905273, 900.0
1.9171409606933594, 901.0
1.9201478958129883, 902.0
1.9203886985778809, 903.0
1.9221208095550537, 904.0
1.9225778579711914, 905.0
1.9232618808746338, 906.0
1.9241788387298584, 907.0
1.9253218173980713, 908.0
1.9266996383666992, 909.0
1.9282996654510498, 910.0
1.930135726928711, 911.0
1.932194709777832, 912.0
1.9344749450683594, 913.0
1.9370057582855225, 914.0
1.9397666454315186, 915.0
1.9427738189697266, 916.0
1.947544813156128, 917.0
1.9489307403564453, 918.0
1.9505438804626465, 919.0
1.9523797035217285, 920.0
1.954460859298706, 921.0
1.9567468166351318, 922.0
1.9592859745025635, 923.0
1.9620447158813477, 924.0
1.9650228023529053, 925.0
1.9689207077026367, 926.0
1.9714407920837402, 927.0
1.974212646484375, 928.0
1.9772558212280273, 929.0
1.9803636074066162, 930.0
1.981738805770874, 931.0
1.9833457469940186, 932.0
1.9851877689361572, 933.0
1.987257719039917, 934.0
1.989548683166504, 935.0
1.9920766353607178, 936.0
1.9953296184539795, 937.0
1.9984378814697266, 938.0
2.0020816326141357, 939.0
2.00521183013916, 940.0
2.0054678916931152, 941.0
2.0075957775115967, 942.0
2.0081076622009277, 943.0
2.0089547634124756, 944.0
2.0099568367004395, 945.0
2.011197805404663, 946.0
2.012638807296753, 947.0
2.0143258571624756, 948.0
2.0162477493286133, 949.0
2.01839280128479, 950.0
2.020711898803711, 951.0
2.0233168601989746, 952.0
2.026287794113159, 953.0
2.029298782348633, 954.0
2.0322377681732178, 955.0
2.0345537662506104, 956.0
2.0370988845825195, 957.0
2.0399537086486816, 958.0
2.043057918548584, 959.0
2.0433058738708496, 960.0
2.045025587081909, 961.0
2.0454888343811035, 962.0
2.0461816787719727, 963.0
2.0471129417419434, 964.0
2.0483558177948, 965.0
2.049738883972168, 966.0
2.0513598918914795, 967.0
2.0532028675079346, 968.0
2.055306911468506, 969.0
2.0576326847076416, 970.0
2.0602035522460938, 971.0
2.0630338191986084, 972.0
2.0662007331848145, 973.0
2.0748376846313477, 974.0
2.0796546936035156, 975.0
2.081122636795044, 976.0
2.0827839374542236, 977.0
2.084629535675049, 978.0
2.086709976196289, 979.0
2.0890769958496094, 980.0
2.0916037559509277, 981.0
2.094385862350464, 982.0
2.097442626953125, 983.0
2.101456880569458, 984.0
2.104099750518799, 985.0
2.1070468425750732, 986.0
2.110107898712158, 987.0
2.1133177280426025, 988.0
2.1147327423095703, 989.0
2.1163787841796875, 990.0
2.1182608604431152, 991.0
2.1206068992614746, 992.0
2.1230058670043945, 993.0
2.125624656677246, 994.0
2.1285548210144043, 995.0
2.131610870361328, 996.0
2.1352345943450928, 997.0
2.1383397579193115, 998.0
2.138582706451416, 999.0
2.140300750732422, 1000.0
2.140758752822876, 1001.0
2.141446828842163, 1002.0
2.1423659324645996, 1003.0
2.143519878387451, 1004.0
2.144993782043457, 1005.0
2.1466009616851807, 1006.0
2.1485157012939453, 1007.0
2.1506476402282715, 1008.0
2.1530466079711914, 1009.0
2.1555838584899902, 1010.0
2.158430814743042, 1011.0
2.161656618118286, 1012.0
2.164536714553833, 1013.0
2.1668338775634766, 1014.0
2.1694929599761963, 1015.0
2.1722657680511475, 1016.0
2.1752607822418213, 1017.0
2.1755006313323975, 1018.0
2.1773157119750977, 1019.0
2.177774667739868, 1020.0
2.178461790084839, 1021.0
2.1793737411499023, 1022.0
2.1805167198181152, 1023.0
2.181907892227173, 1024.0
2.183525800704956, 1025.0
2.185497760772705, 1026.0
2.1876096725463867, 1027.0
2.189920663833618, 1028.0
2.1926138401031494, 1029.0
2.195375680923462, 1030.0
2.198356866836548, 1031.0
2.2072958946228027, 1032.0
2.2159218788146973, 1033.0
2.2207977771759033, 1034.0
2.2221827507019043, 1035.0
2.2238047122955322, 1036.0
2.225785732269287, 1037.0
2.227890729904175, 1038.0
2.2301807403564453, 1039.0
2.232783794403076, 1040.0
2.2357017993927, 1041.0
2.2386627197265625, 1042.0
2.242649793624878, 1043.0
2.245243787765503, 1044.0
2.248002767562866, 1045.0
2.251088857650757, 1046.0
2.254225730895996, 1047.0
2.2556159496307373, 1048.0
2.2572216987609863, 1049.0
2.259063720703125, 1050.0
2.261126756668091, 1051.0
2.2634146213531494, 1052.0
2.265941619873047, 1053.0
2.268711805343628, 1054.0
2.271723747253418, 1055.0
2.275310754776001, 1056.0
2.2783267498016357, 1057.0
2.278568744659424, 1058.0
2.28027081489563, 1059.0
2.280726671218872, 1060.0
2.2814106941223145, 1061.0
2.2823486328125, 1062.0
2.2834959030151367, 1063.0
2.2848756313323975, 1064.0
2.2864887714385986, 1065.0
2.288327932357788, 1066.0
2.2904179096221924, 1067.0
2.292710781097412, 1068.0
2.2952446937561035, 1069.0
2.2979955673217773, 1070.0
2.300996780395508, 1071.0
2.303919792175293, 1072.0
2.3062667846679688, 1073.0
2.3087878227233887, 1074.0
2.3115458488464355, 1075.0
2.3145389556884766, 1076.0
2.314781904220581, 1077.0
2.3164899349212646, 1078.0
2.3169448375701904, 1079.0
2.3176398277282715, 1080.0
2.318551778793335, 1081.0
2.319699764251709, 1082.0
2.3210997581481934, 1083.0
2.322699785232544, 1084.0
2.3245346546173096, 1085.0
2.326589822769165, 1086.0
2.3289027214050293, 1087.0
2.331453800201416, 1088.0
2.334230661392212, 1089.0
2.3372268676757812, 1090.0
2.345184564590454, 1091.0
2.346803903579712, 1092.0
2.348688840866089, 1093.0
2.350745677947998, 1094.0
2.3530466556549072, 1095.0
2.3555908203125, 1096.0
2.358365774154663, 1097.0
2.3613498210906982, 1098.0
2.364910840988159, 1099.0
2.367921829223633, 1100.0
2.3681657314300537, 1101.0
2.369875907897949, 1102.0
2.370332717895508, 1103.0
2.3710267543792725, 1104.0
2.371940851211548, 1105.0
2.373081684112549, 1106.0
2.374459743499756, 1107.0
2.376065731048584, 1108.0
2.3779027462005615, 1109.0
2.3799808025360107, 1110.0
2.3822689056396484, 1111.0
2.384819746017456, 1112.0
2.3875598907470703, 1113.0
2.3905627727508545, 1114.0
2.3934357166290283, 1115.0
2.395735740661621, 1116.0
2.398287773132324, 1117.0
2.401078701019287, 1118.0
2.404080867767334, 1119.0
2.404324769973755, 1120.0
2.4060287475585938, 1121.0
2.406486749649048, 1122.0
2.407174825668335, 1123.0
2.408094882965088, 1124.0
2.4092657566070557, 1125.0
2.4106476306915283, 1126.0
2.412249803543091, 1127.0
2.414116859436035, 1128.0
2.416207790374756, 1129.0
2.4185268878936768, 1130.0
2.4210567474365234, 1131.0
2.4238169193267822, 1132.0
2.435206890106201, 1133.0
2.442603588104248, 1134.0
2.4437577724456787, 1135.0
2.4451377391815186, 1136.0
2.4467499256134033, 1137.0
2.4485907554626465, 1138.0
2.4506518840789795, 1139.0
2.4529638290405273, 1140.0
2.455493688583374, 1141.0
2.458265781402588, 1142.0
2.461280584335327, 1143.0
2.4651918411254883, 1144.0
2.467714786529541, 1145.0
2.470475673675537, 1146.0
2.473449945449829, 1147.0
2.4765727519989014, 1148.0
2.477954626083374, 1149.0
2.4795777797698975, 1150.0
2.4814157485961914, 1151.0
2.4834837913513184, 1152.0
2.48579478263855, 1153.0
2.488337755203247, 1154.0
2.491102933883667, 1155.0
2.4973227977752686, 1156.0
2.500074863433838, 1157.0
2.503072738647461, 1158.0
2.5033106803894043, 1159.0
2.5050129890441895, 1160.0
2.505483627319336, 1161.0
2.5061728954315186, 1162.0
2.5070977210998535, 1163.0
2.508251905441284, 1164.0
2.5096466541290283, 1165.0
2.5112457275390625, 1166.0
2.513103723526001, 1167.0
2.515254020690918, 1168.0
2.5217158794403076, 1169.0
2.532148838043213, 1170.0
2.5495686531066895, 1171.0
2.5530238151550293, 1172.0
2.555093765258789, 1173.0
2.5573947429656982, 1174.0
2.5664749145507812, 1175.0
2.5794997215270996, 1176.0
2.581354856491089, 1178.0
2.5830726623535156, 1179.0
2.583533763885498, 1180.0
2.584226608276367, 1181.0
2.5851478576660156, 1182.0
2.5863239765167236, 1183.0
2.5876998901367188, 1184.0
2.593951940536499, 1185.0
2.609193801879883, 1186.0
2.643758773803711, 1187.0
2.6835708618164062, 1188.0
2.716972589492798, 1189.0
2.7589995861053467, 1190.0
2.802079916000366, 1191.0
2.8072125911712646, 1192.0
2.808140754699707, 1193.0
2.8093008995056152, 1194.0
2.8107006549835205, 1195.0
2.8123226165771484, 1196.0
2.8211169242858887, 1197.0
2.8474996089935303, 1198.0
2.887638568878174, 1199.0
2.941880702972412, 1200.0
2.953974723815918, 1201.0
2.980775833129883, 1202.0
3.0209858417510986, 1203.0
3.0751118659973145, 1204.0
3.0793936252593994, 1205.0
3.0803136825561523, 1206.0
3.0814757347106934, 1207.0
3.0828537940979004, 1208.0
3.0890696048736572, 1209.0
3.0972397327423096, 1210.0
3.129149913787842, 1211.0
3.174978733062744, 1212.0
3.210723638534546, 1213.0
3.22513484954834, 1214.0
3.239529848098755, 1215.0
3.256647825241089, 1218.0
3.25836181640625, 1219.0
3.2588229179382324, 1220.0
3.259514808654785, 1221.0
3.2604258060455322, 1222.0
3.2615678310394287, 1223.0
3.2660648822784424, 1224.0
3.289005756378174, 1225.0
3.3127658367156982, 1226.0
3.381546974182129, 1227.0
3.4521327018737793, 1228.0
3.4617228507995605, 1229.0
3.474404811859131, 1230.0
3.504345655441284, 1231.0
3.529526710510254, 1232.0
3.6190998554229736, 1233.0
3.629131555557251, 1237.0
3.6308395862579346, 1238.0
3.6313068866729736, 1239.0
3.632000684738159, 1240.0
3.634310722351074, 1241.0
3.644028902053833, 1242.0
3.6672117710113525, 1243.0
3.7087879180908203, 1244.0
3.7580788135528564, 1245.0
3.7892277240753174, 1246.0
3.795729875564575, 1249.0
3.797548770904541, 1250.0
3.798041820526123, 1251.0
3.798764705657959, 1252.0
3.8049285411834717, 1253.0
3.821798801422119, 1254.0
3.859480619430542, 1255.0
3.8867146968841553, 1256.0
3.9614620208740234, 1257.0
3.9849958419799805, 1261.0
3.986738920211792, 1262.0
3.987208843231201, 1263.0
3.987898826599121, 1264.0
3.9902148246765137, 1265.0
4.000234842300415, 1266.0
4.024251699447632, 1267.0
4.0668768882751465, 1268.0
4.11725378036499, 1269.0
4.149906873703003, 1270.0
4.161850690841675, 1271.0
4.190748929977417, 1272.0
4.2115747928619385, 1273.0
4.268439769744873, 1274.0
4.326714754104614, 1275.0
4.328353643417358, 1280.0
4.330077886581421, 1281.0
4.330540657043457, 1282.0
4.335927724838257, 1283.0
4.348536729812622, 1284.0
4.39250373840332, 1285.0
4.443325757980347, 1286.0
4.546611785888672, 1287.0
4.5950987339019775, 1290.0
4.596937894821167, 1291.0
4.597402811050415, 1292.0
4.6006598472595215, 1293.0
4.609612703323364, 1294.0
4.638668775558472, 1295.0
4.721271753311157, 1296.0
4.799088716506958, 1297.0
4.816712856292725, 1298.0
4.844876766204834, 1299.0
4.923099756240845, 1300.0
5.0004048347473145, 1301.0
5.008133888244629, 1303.0
5.009922742843628, 1304.0
5.010418891906738, 1305.0
5.015390872955322, 1306.0
5.0308825969696045, 1307.0
5.058389663696289, 1308.0
5.120279788970947, 1309.0
5.167022705078125, 1310.0
5.204512596130371, 1311.0
5.2301647663116455, 1312.0
5.305055856704712, 1313.0
5.310297727584839, 1319.0
5.312107563018799, 1320.0
5.314001798629761, 1321.0
5.323855876922607, 1322.0
5.357608795166016, 1323.0
5.394936800003052, 1324.0
5.417987823486328, 1325.0
5.419295787811279, 1326.0
5.427039861679077, 1327.0
5.453045845031738, 1328.0
5.516838788986206, 1329.0
5.564105987548828, 1330.0
5.566785573959351, 1338.0
5.568513631820679, 1339.0
5.57257866859436, 1340.0
5.586797714233398, 1341.0
5.600750684738159, 1342.0
5.607595682144165, 1349.0
5.6093339920043945, 1350.0
5.6159138679504395, 1351.0
5.627598762512207, 1352.0
5.63002872467041, 1353.0
5.631760835647583, 1354.0
5.63834285736084, 1355.0
5.650232791900635, 1356.0
5.652467966079712, 1362.0
5.654211759567261, 1363.0
5.659186840057373, 1364.0
5.665687799453735, 1365.0
5.6682329177856445, 1366.0
5.6826207637786865, 1367.0
5.707936763763428, 1368.0
5.726062774658203, 1383.0
5.73874568939209, 1387.0
5.740490913391113, 1394.0
5.74245285987854, 1395.0
5.747438669204712, 1396.0
5.76108980178833, 1397.0
5.773507833480835, 1398.0
5.779079914093018, 1399.0
5.779430866241455, 1404.0
5.7814106941223145, 1405.0
5.788103818893433, 1406.0
5.794423580169678, 1407.0
5.799983739852905, 1408.0
5.802072763442993, 1409.0
5.808812618255615, 1410.0
5.815224647521973, 1411.0
5.822627782821655, 1417.0
5.824613809585571, 1418.0
5.828393936157227, 1419.0
5.847540855407715, 1420.0
5.864897727966309, 1421.0
5.876620769500732, 1426.0
5.88081169128418, 1428.0
5.8829357624053955, 1429.0
5.888514757156372, 1430.0
5.898892641067505, 1431.0
5.905711650848389, 1432.0
5.90769100189209, 1433.0
5.913090705871582, 1434.0
5.922885894775391, 1435.0
5.929162979125977, 1436.0
5.931347846984863, 1437.0
5.9367265701293945, 1438.0
5.951405763626099, 1439.0
5.980546712875366, 1440.0
5.990275621414185, 1441.0
5.997581720352173, 1442.0
5.998950719833374, 1444.0
6.000999927520752, 1445.0
6.006816625595093, 1446.0
6.007663726806641, 1448.0
6.010194778442383, 1449.0
6.017245769500732, 1450.0
6.028462648391724, 1451.0
6.051058769226074, 1454.0
6.052981853485107, 1455.0
6.059274911880493, 1463.0
6.0618367195129395, 1467.0
6.088461637496948, 1468.0
6.09035587310791, 1469.0
6.102110862731934, 1470.0
6.111465930938721, 1474.0
6.11406683921814, 1478.0
6.120417594909668, 1479.0
6.124323844909668, 1480.0
6.145938873291016, 1481.0
6.164416551589966, 1482.0
6.1779258251190186, 1489.0
6.180092811584473, 1490.0
6.184516668319702, 1498.0
6.186733722686768, 1502.0
6.223054647445679, 1515.0
6.233020782470703, 1516.0
6.240797758102417, 1517.0
6.263797998428345, 1522.0
6.327545642852783, 1523.0
6.340613842010498, 1524.0
6.384358882904053, 1527.0
6.3865966796875, 1531.0
6.396204710006714, 1532.0
6.409606695175171, 1533.0
6.41752290725708, 1534.0
6.420013666152954, 1535.0
6.424444913864136, 1542.0
6.427287817001343, 1543.0
6.474289894104004, 1557.0
6.571239709854126, 1564.0
6.5753867626190186, 1565.0
6.584301710128784, 1566.0
6.628894805908203, 1576.0
6.635031700134277, 1578.0
6.64363694190979, 1580.0
6.690938711166382, 1587.0
6.735100746154785, 1589.0
6.771248817443848, 1590.0
6.773915767669678, 1591.0
6.778052806854248, 1592.0
6.780594825744629, 1593.0
6.801450967788696, 1595.0
6.804127931594849, 1596.0
6.84369683265686, 1597.0
6.850545883178711, 1598.0
6.854062795639038, 1601.0
6.863691568374634, 1603.0
6.901893854141235, 1605.0
6.906286716461182, 1616.0
6.968973636627197, 1619.0
6.975533723831177, 1620.0
7.017343997955322, 1622.0
7.0271618366241455, 1623.0
7.03455376625061, 1624.0
7.115390777587891, 1625.0
7.119305849075317, 1626.0
7.217031717300415, 1627.0
7.2434046268463135, 1631.0
7.292944669723511, 1634.0
7.313649892807007, 1637.0
7.369931697845459, 1638.0
7.3738508224487305, 1639.0
7.4627838134765625, 1641.0
7.470343828201294, 1642.0
7.4792656898498535, 1643.0
7.5022149085998535, 1647.0
7.510605812072754, 1648.0
7.515989542007446, 1649.0
7.616063833236694, 1650.0
7.699615955352783, 1651.0
7.774253606796265, 1655.0
7.803069829940796, 1656.0
7.858806610107422, 1657.0
7.93836784362793, 1666.0
7.941189765930176, 1668.0
7.987462759017944, 1676.0
8.055391788482666, 1678.0
8.115103960037231, 1681.0
8.197089672088623, 1684.0
8.306185960769653, 1688.0
8.322004795074463, 1690.0
8.421608924865723, 1692.0
8.425875902175903, 1693.0
8.441885948181152, 1694.0
8.445818662643433, 1695.0
8.450117826461792, 1696.0
8.63874363899231, 1697.0
8.689645767211914, 1701.0
8.818859577178955, 1702.0
8.907973766326904, 1705.0
8.911898851394653, 1706.0
8.916159868240356, 1707.0
9.157551765441895, 1716.0
9.161810874938965, 1717.0
9.293524980545044, 1718.0
9.296112775802612, 1720.0
9.337859630584717, 1722.0
9.45927381515503, 1723.0
9.477587938308716, 1726.0
9.481899738311768, 1727.0
9.533498764038086, 1728.0
9.58460783958435, 1729.0
9.745479822158813, 1730.0
9.749982833862305, 1731.0
9.82522964477539, 1735.0
9.850162744522095, 1737.0
9.947414636611938, 1742.0
9.989749908447266, 1745.0
10.010830640792847, 1748.0
10.076854705810547, 1751.0
10.14332389831543, 1757.0
10.19153094291687, 1761.0
10.297048807144165, 1766.0
10.301303625106812, 1767.0
10.332780599594116, 1768.0
10.420031785964966, 1770.0
10.454923629760742, 1772.0
10.45919680595398, 1773.0
10.514527797698975, 1774.0
10.58729076385498, 1782.0
10.687280893325806, 1785.0
10.708228826522827, 1794.0
10.765294790267944, 1798.0
10.79843783378601, 1804.0
10.806037664413452, 1805.0
10.817693948745728, 1806.0
10.867596626281738, 1807.0
10.877545833587646, 1815.0
10.937817811965942, 1816.0
10.970789670944214, 1820.0
10.976723909378052, 1821.0
10.996856689453125, 1823.0
11.01805067062378, 1825.0
11.0877366065979, 1827.0
11.137612581253052, 1834.0
11.146668672561646, 1836.0
11.155602931976318, 1837.0
11.23172664642334, 1839.0
11.2843918800354, 1841.0
11.317060708999634, 1844.0
11.321342945098877, 1845.0
11.341496706008911, 1846.0
11.362124681472778, 1848.0
11.409490823745728, 1851.0
11.415038824081421, 1852.0
11.428633689880371, 1853.0
11.434355974197388, 1854.0
11.458785772323608, 1857.0
11.467594861984253, 1859.0
11.525028705596924, 1862.0
11.532097578048706, 1864.0
11.638929843902588, 1870.0
11.682844877243042, 1872.0
11.75478458404541, 1873.0
11.769181728363037, 1877.0
11.775515794754028, 1879.0
11.790512800216675, 1882.0
11.811373710632324, 1884.0
11.943168640136719, 1886.0
11.972824811935425, 1890.0
12.004320621490479, 1892.0
12.052519798278809, 1895.0
12.053168773651123, 1897.0
12.140279769897461, 1898.0
12.146718978881836, 1899.0
12.163787603378296, 1900.0
12.17707085609436, 1904.0
12.23706865310669, 1906.0
12.284469842910767, 1910.0
12.317563772201538, 1911.0
12.318150758743286, 1913.0
12.368749618530273, 1914.0
12.387289762496948, 1916.0
12.400893926620483, 1920.0
12.435405731201172, 1921.0
12.460072755813599, 1922.0
12.544353723526001, 1924.0
12.553982973098755, 1928.0
12.60669469833374, 1932.0
12.648221731185913, 1934.0
12.668891906738281, 1937.0
12.673091650009155, 1939.0
12.68768572807312, 1940.0
12.735275745391846, 1945.0
12.741454839706421, 1947.0
12.80626893043518, 1950.0
12.811335802078247, 1951.0
12.862107753753662, 1953.0
12.867011785507202, 1954.0
12.913068771362305, 1955.0
12.933365821838379, 1957.0
13.053659677505493, 1958.0
13.059694766998291, 1962.0
13.08556079864502, 1963.0
13.086254835128784, 1965.0
13.135966777801514, 1966.0
13.206837892532349, 1973.0
13.241324663162231, 1978.0
13.289117813110352, 1979.0
13.294059753417969, 1980.0
13.330397844314575, 1982.0
13.344066619873047, 1983.0
13.371299743652344, 1985.0
13.46027684211731, 1987.0
13.474800825119019, 1989.0
13.504227638244629, 1990.0
13.526903629302979, 1997.0
13.589317798614502, 1999.0
13.656702756881714, 2000.0
13.692617893218994, 2002.0
13.806856870651245, 2004.0
13.879722833633423, 2007.0
13.917260646820068, 2009.0
13.933690786361694, 2010.0
13.995077848434448, 2015.0
14.015337944030762, 2018.0
14.046334981918335, 2019.0
14.087762832641602, 2021.0
14.16837477684021, 2023.0
14.242271900177002, 2028.0
14.254454612731934, 2030.0
14.33713173866272, 2039.0
14.393228769302368, 2040.0
14.423897743225098, 2049.0
14.432995796203613, 2052.0
14.560027837753296, 2053.0
14.581259727478027, 2056.0
14.589456796646118, 2064.0
14.64119577407837, 2065.0
14.694791793823242, 2068.0
14.712238788604736, 2069.0
14.740501642227173, 2070.0
14.748443841934204, 2071.0
14.771167993545532, 2072.0
14.7789466381073, 2073.0
14.787041664123535, 2076.0
14.820664644241333, 2078.0
14.828661918640137, 2079.0
14.891257762908936, 2080.0
14.908610820770264, 2084.0
15.028844594955444, 2093.0
15.20046877861023, 2097.0
15.243700981140137, 2100.0
15.28234076499939, 2102.0
15.432138919830322, 2104.0
15.435605764389038, 2107.0
15.445135831832886, 2109.0
15.516228675842285, 2113.0
15.7549147605896, 2114.0
15.755184888839722, 2123.0
15.992084980010986, 2127.0
16.087811708450317, 2128.0
16.11428189277649, 2129.0
16.23711061477661, 2130.0
16.340914726257324, 2131.0
16.425630807876587, 2136.0
16.496227741241455, 2141.0
16.532391786575317, 2143.0
16.646824836730957, 2150.0
16.716432809829712, 2153.0
16.767916679382324, 2159.0
16.848711729049683, 2164.0
16.901790857315063, 2165.0
16.960503816604614, 2168.0
17.086115837097168, 2179.0
17.149983882904053, 2180.0
17.18498158454895, 2183.0
17.234189748764038, 2185.0
17.262221813201904, 2190.0
17.5026957988739, 2191.0
17.534709930419922, 2192.0
17.55067491531372, 2195.0
17.594982862472534, 2200.0
17.640673637390137, 2201.0
17.730068922042847, 2202.0
17.782111883163452, 2207.0
17.811469793319702, 2209.0
17.983941793441772, 2213.0
18.054136753082275, 2214.0
18.1608567237854, 2217.0
18.65679693222046, 2220.0
18.93811273574829, 2222.0
19.065502882003784, 2223.0
19.242843866348267, 2224.0
19.391363620758057, 2225.0
19.41711163520813, 2226.0
19.67321491241455, 2227.0
19.73650884628296, 2231.0
20.25305676460266, 2232.0
20.32382369041443, 2233.0
20.401366710662842, 2237.0
20.422130823135376, 2240.0
20.598753690719604, 2241.0
20.619478702545166, 2242.0
21.202263593673706, 2246.0
21.31853675842285, 2248.0
21.73073101043701, 2252.0
21.854607820510864, 2256.0
22.46423077583313, 2258.0
22.542404651641846, 2260.0
22.747724771499634, 2262.0
22.80649971961975, 2264.0
23.244667768478394, 2266.0
23.288119792938232, 2267.0
23.338148832321167, 2268.0
23.448275804519653, 2272.0
23.56956958770752, 2275.0
23.728201866149902, 2279.0
24.113950967788696, 2280.0
24.2307448387146, 2281.0
25.185093879699707, 2284.0
26.046072721481323, 2285.0
26.34088397026062, 2287.0
26.579824686050415, 2289.0
27.224493741989136, 2292.0
27.270944595336914, 2295.0
27.290074825286865, 2296.0
27.874997854232788, 2297.0
27.96407985687256, 2300.0
28.1589617729187, 2301.0
28.184667825698853, 2302.0
28.674060583114624, 2305.0
28.884424924850464, 2306.0
29.12274980545044, 2311.0
29.275611877441406, 2313.0
29.726480722427368, 2318.0
29.81569266319275, 2319.0
30.38864278793335, 2320.0
31.831648588180542, 2323.0
32.16878962516785, 2325.0
33.00908970832825, 2326.0
33.202207803726196, 2328.0
33.51875877380371, 2329.0
34.839993715286255, 2331.0
35.04468369483948, 2332.0
35.13061571121216, 2334.0
35.29691481590271, 2335.0
35.399324893951416, 2336.0
35.78328275680542, 2337.0
35.90058493614197, 2338.0
36.016610622406006, 2340.0
36.42530274391174, 2342.0
36.5993287563324, 2345.0
36.67988085746765, 2347.0
37.12441277503967, 2351.0
37.20619082450867, 2352.0
37.53257870674133, 2354.0
38.01289963722229, 2355.0
38.2365026473999, 2357.0
38.80260467529297, 2358.0
38.979490756988525, 2360.0
39.654295682907104, 2361.0
39.86113095283508, 2362.0
39.94217276573181, 2363.0
40.22115087509155, 2366.0
41.164387702941895, 2371.0
41.5099036693573, 2374.0
41.68800163269043, 2376.0
42.426079988479614, 2379.0
42.59183168411255, 2380.0
42.70544171333313, 2382.0
42.88858699798584, 2383.0
43.14056086540222, 2384.0
43.71162271499634, 2387.0
43.854243755340576, 2388.0
44.096662759780884, 2391.0
44.35363984107971, 2392.0
44.40604591369629, 2393.0
45.084160566329956, 2395.0
45.36163663864136, 2397.0
45.80939483642578, 2399.0
45.978721618652344, 2403.0
46.383081912994385, 2406.0
47.057673931121826, 2410.0
47.507123947143555, 2413.0
48.17646074295044, 2416.0
48.386412620544434, 2417.0
48.68854475021362, 2422.0
48.821584701538086, 2424.0
49.51711678504944, 2431.0
49.87835693359375, 2435.0
50.52959895133972, 2441.0
50.562612771987915, 2442.0
51.531938791275024, 2443.0
51.75720477104187, 2446.0
51.819615840911865, 2447.0
52.523000717163086, 2448.0
52.75071978569031, 2455.0
53.53113865852356, 2457.0
54.18194365501404, 2464.0
55.23003578186035, 2469.0
55.32162880897522, 2470.0
56.527413845062256, 2478.0
57.012773752212524, 2479.0
57.743053674697876, 2480.0
58.71978282928467, 2481.0
58.8285927772522, 2484.0
59.117430686950684, 2486.0
59.316569805145264, 2489.0
60.01587462425232, 2491.0
60.54598379135132, 2492.0
60.642422676086426, 2498.0
62.41077780723572, 2499.0
62.82310080528259, 2501.0
63.041879653930664, 2502.0
63.94967865943909, 2505.0
64.38556790351868, 2509.0
64.43375277519226, 2510.0
64.79681873321533, 2512.0
64.84770274162292, 2513.0
65.15898776054382, 2517.0
65.44495368003845, 2518.0
65.81323575973511, 2519.0
66.4482696056366, 2528.0
68.06827473640442, 2529.0
68.55731177330017, 2530.0
68.82804679870605, 2531.0
69.06079983711243, 2532.0
69.08883261680603, 2535.0
69.94023776054382, 2537.0
70.74628472328186, 2541.0
71.71890258789062, 2542.0
72.37467694282532, 2543.0
72.48284387588501, 2548.0
72.59965586662292, 2554.0
73.21845078468323, 2557.0
73.41749477386475, 2559.0
73.51476073265076, 2563.0
74.18228197097778, 2569.0
74.50196480751038, 2571.0
74.73570370674133, 2574.0
74.7978687286377, 2576.0
74.8731017112732, 2577.0
76.10874700546265, 2580.0
77.6040997505188, 2581.0
79.25094079971313, 2584.0
79.35964870452881, 2586.0
80.28505277633667, 2587.0
81.02361965179443, 2588.0
81.42739272117615, 2589.0
83.1103458404541, 2592.0
83.2134268283844, 2593.0
84.10141372680664, 2595.0
84.18530988693237, 2596.0
84.68715286254883, 2598.0
84.78084874153137, 2599.0
84.8188247680664, 2600.0
85.1799795627594, 2601.0
86.4272108078003, 2605.0
87.40031266212463, 2606.0
89.07566976547241, 2607.0
90.54154872894287, 2609.0
90.59099769592285, 2611.0
90.71465373039246, 2613.0
91.3047616481781, 2614.0
91.50231862068176, 2616.0
91.63573455810547, 2617.0
93.27373170852661, 2624.0
94.15741491317749, 2627.0
94.78521394729614, 2628.0
95.00415062904358, 2629.0
95.16904878616333, 2632.0
95.79860663414001, 2634.0
96.04836082458496, 2635.0
96.15241289138794, 2636.0
96.36810374259949, 2637.0
96.63755083084106, 2638.0
96.85714268684387, 2640.0
97.17541193962097, 2642.0
97.45791482925415, 2643.0
98.95759892463684, 2646.0
100.32972574234009, 2647.0
101.25507092475891, 2651.0
101.54948091506958, 2653.0
102.3767716884613, 2658.0
102.57210278511047, 2659.0
103.43364477157593, 2660.0
104.44489169120789, 2665.0
104.76643776893616, 2668.0
105.15598797798157, 2672.0
105.63993167877197, 2674.0
105.85330581665039, 2678.0
106.54435873031616, 2681.0
106.82836079597473, 2683.0
108.02656984329224, 2686.0
109.32527995109558, 2692.0
109.40459871292114, 2694.0
109.89082980155945, 2696.0
110.47295689582825, 2697.0
111.13869071006775, 2699.0
112.06090474128723, 2701.0
114.29152059555054, 2705.0
115.03994083404541, 2707.0
115.8639485836029, 2709.0
116.57168579101562, 2710.0
117.21771287918091, 2712.0
117.75937271118164, 2714.0
119.64288377761841, 2715.0
119.78157782554626, 2716.0
120.58055281639099, 2717.0
120.89577865600586, 2718.0
120.91045880317688, 2719.0
121.34807276725769, 2721.0
121.61348080635071, 2723.0
123.24844288825989, 2725.0
123.56127786636353, 2726.0
123.6701557636261, 2728.0
124.11916971206665, 2730.0
124.1590929031372, 2731.0
125.48028063774109, 2733.0
125.6228597164154, 2734.0
125.77906370162964, 2737.0
125.790855884552, 2738.0
126.75489473342896, 2740.0
127.00363373756409, 2742.0
128.24592280387878, 2743.0
128.58784365653992, 2745.0
128.9298129081726, 2746.0
129.93750977516174, 2747.0
130.28486275672913, 2749.0
131.06291270256042, 2750.0
131.3324158191681, 2756.0
131.86796593666077, 2758.0
132.39398980140686, 2759.0
132.54678559303284, 2762.0
132.75372576713562, 2763.0
133.05519795417786, 2764.0
134.38728070259094, 2765.0
135.0971598625183, 2767.0
135.17922163009644, 2769.0
135.2350137233734, 2773.0
138.19628286361694, 2774.0
138.36204957962036, 2775.0
138.7009379863739, 2776.0
139.09456372261047, 2780.0
139.1280210018158, 2782.0
139.44660663604736, 2783.0
139.9889407157898, 2784.0
142.40516567230225, 2790.0
143.8801667690277, 2791.0
144.08284974098206, 2793.0
144.27396368980408, 2794.0
144.42014575004578, 2795.0
145.66641092300415, 2797.0
146.53233575820923, 2798.0
148.37059378623962, 2801.0
149.01567673683167, 2802.0
151.0636715888977, 2803.0
152.36727285385132, 2804.0
153.87247586250305, 2806.0
157.07407474517822, 2807.0
157.32941269874573, 2808.0
157.61309957504272, 2809.0
161.6824676990509, 2810.0
161.7613456249237, 2812.0
162.1664435863495, 2813.0
164.04828476905823, 2818.0
165.17284178733826, 2819.0
166.38323378562927, 2821.0
166.4550747871399, 2823.0
167.66974878311157, 2824.0
167.9740059375763, 2825.0
168.65655970573425, 2826.0
168.97896575927734, 2827.0
170.68606877326965, 2828.0
171.99242973327637, 2829.0
172.18352675437927, 2832.0
172.5408627986908, 2834.0
174.06643676757812, 2837.0
174.19992089271545, 2838.0
175.33590984344482, 2839.0
176.25837779045105, 2840.0
176.70451664924622, 2842.0
177.8900716304779, 2843.0
178.3293125629425, 2845.0
178.86348962783813, 2848.0
179.43045282363892, 2849.0
179.7332968711853, 2851.0
180.1689567565918, 2855.0
180.67639088630676, 2857.0
181.434006690979, 2858.0
182.29044890403748, 2860.0
183.94580459594727, 2861.0
184.17128658294678, 2862.0
184.3844017982483, 2867.0
186.31918382644653, 2869.0
186.87864089012146, 2871.0
186.9880928993225, 2872.0
187.51722288131714, 2874.0
187.71798396110535, 2875.0
187.8426058292389, 2876.0
188.5974497795105, 2877.0
189.2846758365631, 2878.0
189.45787596702576, 2882.0
189.84722256660461, 2885.0
190.39476776123047, 2887.0
190.86081099510193, 2889.0
190.95437264442444, 2890.0
191.18353176116943, 2891.0
191.23865270614624, 2893.0
191.39484858512878, 2894.0
193.4238579273224, 2896.0
193.55290269851685, 2899.0
194.6770477294922, 2903.0
195.15595483779907, 2904.0
195.31465983390808, 2907.0
195.65330362319946, 2908.0
195.92289090156555, 2910.0
197.31784868240356, 2915.0
197.6587357521057, 2916.0
197.8366768360138, 2918.0
198.6251299381256, 2921.0
198.84863591194153, 2924.0
199.22871565818787, 2929.0
199.7376697063446, 2931.0
200.45534467697144, 2936.0
201.34026861190796, 2938.0
202.3543348312378, 2940.0
203.037663936615, 2941.0
203.53117179870605, 2943.0
204.01030659675598, 2946.0
205.12240076065063, 2950.0
205.42591786384583, 2953.0
206.3697726726532, 2956.0
206.50503087043762, 2957.0
206.81332278251648, 2961.0
207.49282264709473, 2962.0
207.62244367599487, 2964.0
207.89913177490234, 2967.0
208.06442379951477, 2968.0
208.48347067832947, 2972.0
208.6222116947174, 2975.0
210.16931080818176, 2976.0
210.29369974136353, 2983.0
210.77207565307617, 2987.0
211.5426528453827, 2990.0
211.69538164138794, 2991.0
211.9382128715515, 2995.0
212.56864261627197, 2996.0
213.06435775756836, 2998.0
213.2094748020172, 3001.0
213.46846079826355, 3003.0
214.75293374061584, 3006.0
215.2629997730255, 3010.0
215.40044975280762, 3017.0
215.51349186897278, 3018.0
215.6787257194519, 3019.0
216.61947584152222, 3021.0
217.39599585533142, 3023.0
217.74594378471375, 3024.0
217.86602759361267, 3031.0
218.21521472930908, 3033.0
218.2813687324524, 3034.0
219.00091862678528, 3035.0
219.24634766578674, 3038.0
219.3723647594452, 3043.0
219.76390075683594, 3048.0
220.24216389656067, 3049.0
220.58172583580017, 3054.0
220.65078783035278, 3059.0
220.75848174095154, 3062.0
220.86539793014526, 3067.0
221.15070271492004, 3069.0
221.43902587890625, 3070.0
221.95936584472656, 3076.0
222.70082569122314, 3077.0
222.87971878051758, 3081.0
223.02887558937073, 3082.0
223.75144577026367, 3085.0
224.65881776809692, 3089.0
226.8746988773346, 3090.0
227.00053477287292, 3092.0
227.12572479248047, 3093.0
227.56548190116882, 3097.0
227.70851874351501, 3098.0
228.01473689079285, 3104.0
228.5480227470398, 3105.0
228.69091081619263, 3107.0
228.7886917591095, 3111.0
230.19981169700623, 3112.0
231.21083688735962, 3114.0
231.600665807724, 3115.0
231.90543675422668, 3118.0
232.35304069519043, 3119.0
232.7881007194519, 3120.0
233.02420783042908, 3124.0
233.35310673713684, 3127.0
233.47745156288147, 3131.0
233.91124773025513, 3132.0
233.98074960708618, 3134.0
234.24759984016418, 3136.0
234.7886085510254, 3137.0
234.8537368774414, 3143.0
235.27122569084167, 3146.0
235.79511976242065, 3148.0
235.855566740036, 3149.0
235.91794085502625, 3153.0
236.27246379852295, 3158.0
236.6085877418518, 3161.0
236.801198720932, 3163.0
236.9665207862854, 3164.0
237.06505870819092, 3167.0
237.2653787136078, 3170.0
237.37119889259338, 3172.0
238.04434990882874, 3175.0
238.57079672813416, 3178.0
238.80117297172546, 3182.0
239.37162280082703, 3183.0
239.44026684761047, 3192.0
239.72634172439575, 3193.0
240.25846457481384, 3196.0
240.4622778892517, 3199.0
241.05488467216492, 3200.0
241.70226979255676, 3203.0
241.94155859947205, 3212.0
243.11215782165527, 3214.0
243.6228997707367, 3218.0
244.47985100746155, 3221.0
244.64950561523438, 3228.0
245.81352877616882, 3229.0
247.8314356803894, 3232.0
247.89836978912354, 3233.0
248.09886693954468, 3236.0
248.2308166027069, 3239.0
249.4133358001709, 3243.0
249.7095606327057, 3248.0
250.5280418395996, 3250.0
250.6943485736847, 3254.0
251.32807278633118, 3255.0
251.48943781852722, 3256.0
251.77427196502686, 3258.0
251.98287272453308, 3260.0
252.07275485992432, 3263.0
252.2071659564972, 3266.0
252.3777139186859, 3269.0
252.78938961029053, 3273.0
253.05973291397095, 3274.0
253.64292287826538, 3277.0
254.04445576667786, 3280.0
254.52347683906555, 3283.0
254.66760659217834, 3289.0
254.86379861831665, 3290.0
256.34067273139954, 3294.0
256.4623408317566, 3297.0
256.54176473617554, 3304.0
256.7871046066284, 3309.0
257.2580096721649, 3312.0
257.33021688461304, 3315.0
257.7085497379303, 3316.0
257.8332049846649, 3320.0
258.3542158603668, 3324.0
258.4696807861328, 3325.0
259.07990288734436, 3326.0
259.14984488487244, 3328.0
259.5756947994232, 3329.0
259.644957780838, 3332.0
260.2082328796387, 3338.0
260.7490508556366, 3339.0
260.9838128089905, 3344.0
261.1545548439026, 3345.0
261.31574296951294, 3346.0
261.58578872680664, 3348.0
262.2055969238281, 3353.0
262.75969791412354, 3359.0
263.0064709186554, 3360.0
263.38788986206055, 3371.0
263.5607497692108, 3372.0
264.27746176719666, 3373.0
264.4595217704773, 3376.0
265.075074672699, 3378.0
265.1456949710846, 3381.0
265.3313338756561, 3387.0
265.9081528186798, 3396.0
266.8100106716156, 3403.0
266.9057478904724, 3404.0
267.18111181259155, 3407.0
267.49753189086914, 3418.0
267.6665017604828, 3422.0
267.913058757782, 3429.0
268.2254137992859, 3436.0
268.4742908477783, 3438.0
269.1238615512848, 3439.0
269.16539764404297, 3450.0
269.4886837005615, 3457.0
270.09203362464905, 3458.0
270.31846284866333, 3459.0
270.42653369903564, 3464.0
270.5878047943115, 3465.0
270.81921577453613, 3466.0
270.9312756061554, 3467.0
271.19646692276, 3470.0
271.4084098339081, 3472.0
272.4399108886719, 3473.0
273.4604158401489, 3475.0
273.7620778083801, 3477.0
274.0376765727997, 3480.0
274.90663385391235, 3484.0
275.2008697986603, 3485.0
275.6360676288605, 3487.0
276.27616786956787, 3491.0
276.71628165245056, 3494.0
277.24357867240906, 3496.0
277.42834973335266, 3506.0
277.597482919693, 3508.0
277.78433775901794, 3510.0
278.258811712265, 3517.0
278.41659688949585, 3520.0
278.69509387016296, 3523.0
278.8296117782593, 3526.0
279.03647685050964, 3532.0
279.24511981010437, 3534.0
279.3280928134918, 3535.0
279.5871868133545, 3536.0
280.32376980781555, 3544.0
280.42645478248596, 3547.0
280.804212808609, 3548.0
280.96981287002563, 3550.0
281.29596281051636, 3556.0
281.6991276741028, 3563.0
281.90806770324707, 3567.0
282.39330077171326, 3568.0
282.7036337852478, 3573.0
283.60774779319763, 3575.0
283.8120937347412, 3577.0
284.4147756099701, 3581.0
284.9753677845001, 3582.0
285.0510907173157, 3585.0
285.3967328071594, 3587.0
285.4973497390747, 3594.0
285.57097482681274, 3598.0
285.7818868160248, 3600.0
286.0817747116089, 3606.0
286.5255148410797, 3609.0
286.7319166660309, 3619.0
287.1002938747406, 3624.0
287.3860228061676, 3635.0
287.4909188747406, 3638.0
288.1080617904663, 3648.0
288.97685194015503, 3655.0
289.1797287464142, 3658.0
289.3717586994171, 3659.0
289.8084559440613, 3661.0
290.29520058631897, 3662.0
290.3606946468353, 3663.0
290.79995489120483, 3668.0
290.88865876197815, 3678.0
291.2154517173767, 3682.0
291.342830657959, 3683.0
291.4429407119751, 3686.0
291.5725917816162, 3693.0
292.28439378738403, 3696.0
292.4783716201782, 3697.0
292.95574975013733, 3700.0
292.98551177978516, 3702.0
293.1432068347931, 3706.0
293.21777081489563, 3711.0
293.34358763694763, 3714.0
293.4439067840576, 3717.0
293.6092846393585, 3719.0
293.89259791374207, 3720.0
294.03911781311035, 3722.0
294.17083859443665, 3726.0
294.2521028518677, 3732.0
294.38436675071716, 3735.0
294.8120996952057, 3741.0
295.2061676979065, 3746.0
295.4284358024597, 3748.0
295.9254837036133, 3750.0
296.07499289512634, 3751.0
296.2172269821167, 3752.0
296.35624289512634, 3753.0
296.57690596580505, 3759.0
297.71261978149414, 3762.0
298.0300359725952, 3767.0
298.3609416484833, 3770.0
298.6058785915375, 3778.0
298.825612783432, 3782.0
299.4354338645935, 3786.0
299.68277978897095, 3789.0
300.1651887893677, 3794.0
300.49133372306824, 3797.0
300.8112618923187, 3799.0
300.9441306591034, 3806.0
301.2017378807068, 3807.0
301.26739478111267, 3810.0
301.3966956138611, 3814.0
301.49759888648987, 3818.0
302.1929337978363, 3820.0
302.4495339393616, 3823.0
303.38276290893555, 3826.0
303.45320081710815, 3829.0
303.5320336818695, 3835.0
303.73867082595825, 3839.0
303.95243287086487, 3843.0
304.2008366584778, 3847.0
304.468594789505, 3854.0
304.6097185611725, 3862.0
304.9180688858032, 3864.0
305.2359895706177, 3865.0
305.30835461616516, 3866.0
305.78140592575073, 3870.0
306.85531878471375, 3873.0
307.0201017856598, 3883.0
307.21709179878235, 3887.0
307.65134167671204, 3888.0
308.0928750038147, 3889.0
308.2438678741455, 3898.0
309.7056748867035, 3899.0
310.5687687397003, 3905.0
310.9053428173065, 3908.0
310.98142170906067, 3913.0
311.31890201568604, 3916.0
311.78834772109985, 3924.0
311.926198720932, 3929.0
312.1642587184906, 3931.0
312.42307782173157, 3934.0
312.7796485424042, 3940.0
312.94152569770813, 3942.0
313.37818694114685, 3946.0
313.52584862709045, 3953.0
314.3284606933594, 3957.0
314.89726161956787, 3958.0
315.1817116737366, 3959.0
315.6524238586426, 3962.0
315.7686297893524, 3963.0
316.0020706653595, 3965.0
316.3310546875, 3966.0
316.7002577781677, 3970.0
316.8673505783081, 3978.0
317.36101770401, 3982.0
317.600302696228, 3988.0
317.93188095092773, 3994.0
318.07730984687805, 3997.0
318.55552792549133, 3999.0
318.62502884864807, 4009.0
318.8714597225189, 4010.0
319.6723277568817, 4012.0
320.2947838306427, 4018.0
320.49219369888306, 4021.0
320.9070768356323, 4023.0
321.1395845413208, 4024.0
321.2073848247528, 4026.0
321.7301528453827, 4027.0
322.42569971084595, 4029.0
322.66968274116516, 4030.0
322.9516689777374, 4031.0
323.05543780326843, 4036.0
323.3908357620239, 4037.0
323.9345316886902, 4039.0
324.12317967414856, 4040.0
324.3986396789551, 4042.0
324.6272897720337, 4052.0
324.7149655818939, 4053.0
324.8193778991699, 4054.0
324.9033057689667, 4055.0
325.4108748435974, 4060.0
325.7368619441986, 4061.0
325.83156299591064, 4062.0
326.08933782577515, 4067.0
326.34758472442627, 4071.0
326.6331856250763, 4076.0
326.7845597267151, 4082.0
327.2272717952728, 4085.0
327.7727746963501, 4091.0
328.047958612442, 4093.0
328.80294275283813, 4106.0
329.2474045753479, 4109.0
329.35591673851013, 4114.0
329.515921831131, 4117.0
329.52213072776794, 4118.0
329.66361474990845, 4119.0
330.0498785972595, 4131.0
330.32387256622314, 4135.0
330.7305557727814, 4136.0
330.8118977546692, 4137.0
331.0459268093109, 4140.0
332.6896777153015, 4142.0
332.8651006221771, 4143.0
333.0280456542969, 4144.0
333.1180229187012, 4145.0
333.6125457286835, 4148.0
333.8544216156006, 4149.0
333.9617495536804, 4155.0
334.4318537712097, 4159.0
335.0719938278198, 4166.0
335.29964876174927, 4167.0
335.30393290519714, 4170.0
335.52512884140015, 4177.0
335.73044776916504, 4180.0
336.29942989349365, 4182.0
336.5122208595276, 4187.0
336.59091687202454, 4188.0
336.86400985717773, 4195.0
337.0209927558899, 4197.0
337.34985065460205, 4200.0
337.7626838684082, 4201.0
338.1455888748169, 4207.0
338.2190887928009, 4216.0
338.56187677383423, 4228.0
338.57821679115295, 4231.0
338.65484380722046, 4236.0
338.793438911438, 4239.0
338.98897981643677, 4240.0
339.1337699890137, 4243.0
339.25151467323303, 4246.0
339.9730486869812, 4256.0
340.0870499610901, 4257.0
340.527138710022, 4262.0
340.787392616272, 4263.0
340.94266963005066, 4271.0
341.1395618915558, 4274.0
341.3074858188629, 4280.0
341.42914175987244, 4283.0
341.6392447948456, 4287.0
341.79226064682007, 4296.0
342.28418159484863, 4300.0
342.31881070137024, 4302.0
342.7036306858063, 4306.0
342.8620207309723, 4307.0
343.4257779121399, 4321.0
343.4504337310791, 4323.0
343.5390808582306, 4331.0
344.06428384780884, 4334.0
345.1790359020233, 4340.0
345.4949297904968, 4341.0
345.8748059272766, 4351.0
346.0230667591095, 4353.0
346.21887469291687, 4359.0
346.41561484336853, 4364.0
348.0000557899475, 4370.0
348.3551547527313, 4374.0
348.44153666496277, 4377.0
348.5372908115387, 4378.0
348.77801489830017, 4379.0
348.87385654449463, 4381.0
349.1507337093353, 4383.0
349.46200489997864, 4384.0
349.7359228134155, 4386.0
350.4236726760864, 4394.0
351.0959596633911, 4395.0
351.2365345954895, 4397.0
351.3373417854309, 4400.0
351.5607306957245, 4404.0
351.6215019226074, 4405.0
351.74193477630615, 4407.0
352.0283088684082, 4408.0
352.2801957130432, 4410.0
352.53821182250977, 4413.0
352.9909529685974, 4416.0
353.11261677742004, 4421.0
353.78566884994507, 4429.0
354.4483308792114, 4430.0
354.5951888561249, 4432.0
354.6974148750305, 4435.0
354.92339873313904, 4439.0
354.98920488357544, 4440.0
355.11649894714355, 4442.0
355.3704698085785, 4443.0
355.4657027721405, 4444.0
355.6059818267822, 4451.0
355.93399572372437, 4459.0
355.9363956451416, 4460.0
356.04943776130676, 4467.0
356.10306668281555, 4468.0
356.17941188812256, 4469.0
356.3665359020233, 4471.0
357.074738740921, 4476.0
357.263623714447, 4478.0
357.68518567085266, 4480.0
357.7714078426361, 4486.0
358.1351056098938, 4492.0
358.3867828845978, 4494.0
358.5395746231079, 4496.0
358.7472288608551, 4502.0
359.50383162498474, 4505.0
359.5817437171936, 4514.0
359.8084177970886, 4515.0
361.1553359031677, 4517.0
361.36482977867126, 4520.0
361.5226528644562, 4521.0
362.17323184013367, 4524.0
362.31427097320557, 4528.0
362.4988486766815, 4534.0
362.7538878917694, 4539.0
362.85404777526855, 4544.0
362.9233818054199, 4547.0
363.18815779685974, 4548.0
363.4755628108978, 4549.0
363.60142278671265, 4554.0
364.6541938781738, 4555.0
364.72308373451233, 4559.0
365.0397906303406, 4566.0
