0.00011706352233886719, 791.0
0.00014400482177734375, 1097.0
0.00016808509826660156, 1519.0
0.00032591819763183594, 2160.0
0.0004382133483886719, 2325.0
0.0005028247833251953, 2362.0
0.0005249977111816406, 2379.0
0.0005688667297363281, 3287.0
0.0017440319061279297, 3316.0
0.0017650127410888672, 3816.0
0.0019369125366210938, 4172.0
0.0032558441162109375, 4238.0
0.0033419132232666016, 5169.0
0.003681182861328125, 5293.0
0.0072879791259765625, 5698.0
0.01271200180053711, 5707.0
0.012798070907592773, 6164.0
0.017025232315063477, 6610.0
0.025152206420898438, 6764.0
0.1129920482635498, 6781.0
0.1788938045501709, 7134.0
0.22675204277038574, 7455.0
0.22709107398986816, 8155.0
0.6106479167938232, 8179.0
0.6123499870300293, 8455.0
0.612684965133667, 8929.0
