0.10100483894348145, 5712.0
0.17598390579223633, 5712.0
0.25335001945495605, 5812.0
0.33327698707580566, 5906.0
0.4103248119354248, 6134.0
0.48830699920654297, 6324.0
0.5642988681793213, 6324.0
0.6409590244293213, 6324.0
0.7193729877471924, 6324.0
0.8119330406188965, 6413.0
0.8894391059875488, 6413.0
0.9666321277618408, 6517.0
1.0444362163543701, 6517.0
1.1227469444274902, 6880.0
1.2005841732025146, 6880.0
1.278106927871704, 6915.0
1.3559110164642334, 6915.0
1.43343186378479, 6947.0
1.5105481147766113, 7162.0
1.5902550220489502, 7162.0
1.6689069271087646, 7162.0
1.746438980102539, 7246.0
1.8239781856536865, 7385.0
1.9015021324157715, 7463.0
1.979227066040039, 7463.0
2.0569491386413574, 7726.0
2.134758949279785, 7726.0
2.2125179767608643, 7726.0
2.2904632091522217, 7802.0
2.368561029434204, 7802.0
2.446580171585083, 7821.0
2.526650905609131, 7883.0
2.6049859523773193, 7883.0
2.683328866958618, 7971.0
2.7616820335388184, 8046.0
2.8404219150543213, 8097.0
2.918804168701172, 8097.0
2.997999906539917, 8098.0
3.076810121536255, 8130.0
3.1575889587402344, 8168.0
3.2394700050354004, 8168.0
3.320352792739868, 8168.0
3.400343894958496, 8242.0
3.480664014816284, 8264.0
3.5624091625213623, 8264.0
3.6427319049835205, 8318.0
3.7244009971618652, 8318.0
3.805129051208496, 8483.0
3.884333848953247, 8483.0
3.963696002960205, 8483.0
4.042996168136597, 8483.0
4.12506103515625, 8483.0
4.211313962936401, 8483.0
4.2915260791778564, 8506.0
4.371464014053345, 8506.0
4.453479051589966, 8506.0
4.541813850402832, 8585.0
4.62243390083313, 8585.0
4.7036519050598145, 8585.0
4.78502893447876, 8595.0
4.866741895675659, 8595.0
4.945775032043457, 8595.0
5.025490999221802, 8595.0
5.105664968490601, 8595.0
5.185590982437134, 8595.0
5.265669107437134, 8598.0
5.344907999038696, 8605.0
5.424970865249634, 8605.0
5.504251956939697, 8605.0
5.583617925643921, 8710.0
5.663355112075806, 8710.0
5.7425761222839355, 8710.0
5.82171893119812, 8710.0
5.901546239852905, 8710.0
5.980623960494995, 8710.0
6.060827970504761, 8710.0
6.140829086303711, 8760.0
6.21999192237854, 8760.0
6.299142122268677, 8793.0
6.379487991333008, 8793.0
6.45851993560791, 8793.0
6.538316965103149, 8793.0
6.619967937469482, 8793.0
6.70015287399292, 8793.0
6.78002405166626, 8796.0
6.859957933425903, 8844.0
6.939743995666504, 8844.0
7.019637823104858, 8844.0
7.099589109420776, 8844.0
7.179533004760742, 8882.0
7.259519815444946, 8882.0
7.339447975158691, 8882.0
7.418713092803955, 8882.0
7.49868106842041, 8882.0
7.578758955001831, 8913.0
7.6580610275268555, 8913.0
7.738079071044922, 8913.0
7.818295955657959, 8924.0
7.897573947906494, 8924.0
7.977519989013672, 8924.0
8.059365034103394, 8924.0
8.140316009521484, 8924.0
8.21978211402893, 8924.0
8.29988694190979, 8935.0
8.380341053009033, 8935.0
8.460320949554443, 8935.0
8.54057002067566, 8935.0
8.62237000465393, 8935.0
8.702908039093018, 8935.0
8.784101963043213, 8935.0
8.864065885543823, 8935.0
8.944457054138184, 8935.0
9.024719953536987, 8935.0
9.104902029037476, 8935.0
9.184471845626831, 8935.0
9.264672994613647, 8935.0
9.344356060028076, 8935.0
9.424346923828125, 8935.0
9.504032850265503, 8935.0
9.584479093551636, 8935.0
9.664155960083008, 8935.0
9.744396924972534, 8935.0
9.824059963226318, 8935.0
9.904102087020874, 8935.0
9.983670949935913, 8935.0
10.063590049743652, 8935.0
10.14744520187378, 8935.0
10.228243112564087, 8935.0
10.310166835784912, 8935.0
10.39402985572815, 8935.0
10.473684072494507, 8935.0
10.553776025772095, 8935.0
10.634147882461548, 8935.0
10.715288877487183, 8935.0
10.79480504989624, 8935.0
10.874943971633911, 8935.0
10.954610109329224, 8935.0
11.034976959228516, 8935.0
11.115049123764038, 8940.0
11.195406913757324, 8941.0
11.276386022567749, 8941.0
11.356491804122925, 8941.0
11.435873985290527, 8941.0
11.516063928604126, 8941.0
11.59622311592102, 8941.0
11.676323890686035, 8941.0
11.756351947784424, 8941.0
11.836230039596558, 8941.0
11.916302919387817, 8941.0
11.99741816520691, 8941.0
12.077875137329102, 8941.0
12.161869049072266, 8941.0
12.242035150527954, 8941.0
12.321978092193604, 8942.0
12.400963068008423, 8942.0
12.480181217193604, 8942.0
12.559315204620361, 8942.0
12.63857913017273, 8942.0
12.718907117843628, 8942.0
12.798880815505981, 8942.0
12.878751039505005, 8942.0
12.958729028701782, 8942.0
13.038576126098633, 8942.0
13.118677854537964, 8942.0
13.198576927185059, 8942.0
13.278717994689941, 8942.0
13.358868837356567, 8942.0
13.438887119293213, 8942.0
13.518847942352295, 8942.0
13.598865032196045, 8942.0
13.678378820419312, 8942.0
13.757796049118042, 8942.0
13.83716893196106, 8942.0
13.916661977767944, 8942.0
13.99607801437378, 8942.0
14.075505018234253, 8942.0
14.154892921447754, 8942.0
14.234446048736572, 8942.0
14.313727855682373, 8942.0
14.394553899765015, 8942.0
14.473954916000366, 8942.0
14.553567886352539, 8942.0
14.633640050888062, 8942.0
14.71438980102539, 8942.0
14.794568061828613, 8942.0
14.874248027801514, 8942.0
14.95436406135559, 8942.0
15.03357720375061, 8942.0
15.113626956939697, 8942.0
15.193183898925781, 8942.0
15.27464485168457, 8942.0
15.354331970214844, 8942.0
15.434718132019043, 8942.0
15.514253854751587, 8942.0
15.59452509880066, 8942.0
15.674054145812988, 8942.0
15.755437850952148, 8942.0
15.836031913757324, 8942.0
15.916181802749634, 8942.0
15.995754957199097, 8942.0
16.075501918792725, 8942.0
