0.009903192520141602, 1306.0
0.018384218215942383, 1306.0
0.026768207550048828, 1306.0
0.0351862907409668, 1306.0
0.04364609718322754, 1312.0
0.05210423469543457, 1312.0
0.06065511703491211, 1312.0
0.06920719146728516, 1359.0
0.07779407501220703, 1359.0
0.08641719818115234, 1359.0
0.09506821632385254, 1362.0
0.10368824005126953, 1362.0
0.11233115196228027, 1395.0
0.12098836898803711, 1448.0
0.1297011375427246, 1448.0
0.13844919204711914, 1448.0
0.14716696739196777, 1448.0
0.15584897994995117, 1448.0
0.1645512580871582, 1448.0
0.17324423789978027, 1497.0
0.18204808235168457, 1497.0
0.19110417366027832, 1497.0
0.19997525215148926, 1497.0
0.2090623378753662, 1497.0
0.2181551456451416, 1497.0
0.22719907760620117, 1497.0
0.23638606071472168, 1497.0
0.24548101425170898, 1497.0
0.25435328483581543, 1497.0
0.26342201232910156, 1497.0
0.2724571228027344, 1497.0
0.28123021125793457, 1497.0
0.28998613357543945, 1497.0
0.2986412048339844, 1497.0
0.30731701850891113, 1497.0
0.31597018241882324, 1497.0
0.3245670795440674, 1497.0
0.3332071304321289, 1497.0
0.3418591022491455, 1497.0
0.3505113124847412, 1497.0
0.3591451644897461, 1497.0
0.36780333518981934, 1497.0
0.3764641284942627, 1497.0
0.38512206077575684, 1497.0
0.393779993057251, 1497.0
0.40244626998901367, 1497.0
0.4110751152038574, 1497.0
0.4196963310241699, 1497.0
0.42835521697998047, 1497.0
0.436981201171875, 1497.0
0.44559812545776367, 1497.0
0.4542059898376465, 1497.0
0.4628469944000244, 1497.0
0.4714531898498535, 1497.0
0.48011112213134766, 1497.0
0.4888613224029541, 1497.0
0.4982011318206787, 1497.0
0.5069582462310791, 1497.0
0.5155682563781738, 1497.0
0.5242111682891846, 1497.0
0.5328540802001953, 1497.0
0.541452169418335, 1497.0
0.5501062870025635, 1497.0
0.5587210655212402, 1497.0
0.5673773288726807, 1497.0
0.576005220413208, 1497.0
0.5846500396728516, 1497.0
0.5932643413543701, 1497.0
0.6018753051757812, 1497.0
0.6104631423950195, 1497.0
0.619063138961792, 1497.0
0.627669095993042, 1497.0
0.6362743377685547, 1497.0
0.6449072360992432, 1497.0
0.6535129547119141, 1497.0
0.6621592044830322, 1497.0
0.6707532405853271, 1497.0
0.6793642044067383, 1497.0
0.6879322528839111, 1497.0
0.6965110301971436, 1497.0
0.7051792144775391, 1497.0
0.7138051986694336, 1497.0
0.7224681377410889, 1497.0
0.7310752868652344, 1497.0
0.7396852970123291, 1497.0
0.7483201026916504, 1497.0
0.7569441795349121, 1497.0
0.7655401229858398, 1497.0
0.7741172313690186, 1497.0
0.7827231884002686, 1497.0
0.7913551330566406, 1497.0
0.7999413013458252, 1497.0
0.808535099029541, 1497.0
0.817155122756958, 1497.0
0.8257541656494141, 1497.0
0.8343513011932373, 1497.0
0.8429551124572754, 1497.0
0.8516032695770264, 1497.0
0.860220193862915, 1497.0
0.8688020706176758, 1497.0
0.8773841857910156, 1497.0
0.8860151767730713, 1497.0
0.8946270942687988, 1497.0
0.9032273292541504, 1497.0
0.9118301868438721, 1497.0
0.9203991889953613, 1497.0
0.929002046585083, 1497.0
0.9376740455627441, 1497.0
0.9463481903076172, 1497.0
0.955132246017456, 1497.0
0.9638111591339111, 1497.0
0.9724910259246826, 1497.0
0.9810822010040283, 1497.0
0.9896342754364014, 1497.0
0.9982709884643555, 1497.0
1.006885290145874, 1497.0
1.0154781341552734, 1497.0
1.0240612030029297, 1497.0
1.0326683521270752, 1497.0
1.0412280559539795, 1497.0
1.049842357635498, 1497.0
1.0584299564361572, 1497.0
1.0669851303100586, 1497.0
1.0755300521850586, 1497.0
1.0840940475463867, 1497.0
1.092733383178711, 1497.0
1.101330280303955, 1497.0
1.1099143028259277, 1497.0
1.1185050010681152, 1497.0
1.1270711421966553, 1497.0
1.1356470584869385, 1497.0
1.144221305847168, 1497.0
1.152813196182251, 1497.0
1.1613972187042236, 1497.0
1.1699540615081787, 1497.0
1.1785101890563965, 1497.0
1.1870532035827637, 1497.0
1.1955962181091309, 1497.0
1.2041711807250977, 1497.0
1.2126891613006592, 1497.0
1.2213010787963867, 1497.0
1.2299163341522217, 1497.0
1.2384703159332275, 1497.0
1.2471880912780762, 1497.0
1.2560701370239258, 1497.0
1.264796257019043, 1497.0
1.2735211849212646, 1497.0
1.2822930812835693, 1497.0
1.2911272048950195, 1497.0
1.2999234199523926, 1497.0
1.30873703956604, 1497.0
1.3174810409545898, 1497.0
1.3263030052185059, 1497.0
1.334989070892334, 1497.0
1.343743085861206, 1497.0
1.3524692058563232, 1497.0
1.3612720966339111, 1497.0
1.3699803352355957, 1497.0
1.3787510395050049, 1497.0
1.3875510692596436, 1497.0
1.396376132965088, 1497.0
1.405534029006958, 1497.0
1.4146182537078857, 1497.0
1.423687219619751, 1497.0
1.4327712059020996, 1497.0
1.4418771266937256, 1497.0
1.451139211654663, 1497.0
1.4605402946472168, 1497.0
1.469609022140503, 1497.0
1.4785993099212646, 1497.0
1.4873731136322021, 1497.0
1.4962890148162842, 1497.0
1.5050561428070068, 1497.0
1.51381516456604, 1497.0
1.5225563049316406, 1497.0
1.5313022136688232, 1497.0
1.5400409698486328, 1497.0
1.5487771034240723, 1497.0
1.5575282573699951, 1497.0
1.5662600994110107, 1497.0
1.5750892162322998, 1497.0
1.584228277206421, 1497.0
1.5983281135559082, 1497.0
1.6073851585388184, 1497.0
1.6164491176605225, 1497.0
1.6254262924194336, 1497.0
1.634383201599121, 1497.0
1.6432793140411377, 1497.0
1.6521852016448975, 1497.0
1.661046028137207, 1497.0
1.6699342727661133, 1497.0
1.6788651943206787, 1497.0
1.687864065170288, 1497.0
1.6967852115631104, 1497.0
1.705848217010498, 1497.0
1.7148101329803467, 1497.0
1.7238092422485352, 1497.0
1.7328252792358398, 1497.0
1.7418651580810547, 1497.0
1.7507283687591553, 1497.0
1.7597811222076416, 1497.0
