0.002077817916870117, 196.0
0.004058837890625, 329.0
0.006044864654541016, 1056.0
0.008032083511352539, 1662.0
0.0100250244140625, 1742.0
0.012022018432617188, 1747.0
0.014039754867553711, 2599.0
0.01603388786315918, 3195.0
0.018021821975708008, 3386.0
0.020010948181152344, 3802.0
0.02200770378112793, 4362.0
0.024016857147216797, 4494.0
0.0260159969329834, 5381.0
0.028001785278320312, 6298.0
0.029997825622558594, 6724.0
0.031996965408325195, 7385.0
0.033989906311035156, 7905.0
0.0359797477722168, 8402.0
0.03797483444213867, 8760.0
0.03997802734375, 8857.0
0.041963815689086914, 9413.0
0.043953895568847656, 10055.0
0.04593801498413086, 10545.0
0.04794883728027344, 11328.0
0.04994487762451172, 12132.0
0.05193495750427246, 12657.0
0.05393099784851074, 13175.0
0.0559239387512207, 14033.0
0.057962894439697266, 14207.0
0.05994772911071777, 14865.0
0.061942100524902344, 15384.0
0.0639197826385498, 16309.0
0.0659029483795166, 17118.0
0.06788468360900879, 17678.0
0.0698549747467041, 18131.0
0.07183289527893066, 18384.0
0.07381391525268555, 18722.0
0.07578587532043457, 19403.0
0.0777590274810791, 19770.0
0.07973670959472656, 20427.0
0.08172988891601562, 21086.0
0.08371782302856445, 21452.0
0.0856938362121582, 21951.0
0.08766889572143555, 22655.0
0.08964991569519043, 22656.0
0.09164977073669434, 23487.0
0.09362196922302246, 24207.0
0.09559488296508789, 24523.0
0.09756875038146973, 25426.0
0.09954094886779785, 26052.0
0.10152506828308105, 26915.0
0.10350990295410156, 27516.0
0.10547995567321777, 27731.0
0.10745882987976074, 28105.0
0.10943078994750977, 28689.0
0.11139798164367676, 29141.0
0.11337780952453613, 29581.0
0.1153559684753418, 29693.0
0.11732888221740723, 29924.0
0.11930489540100098, 30314.0
0.12127494812011719, 30709.0
0.12324309349060059, 31551.0
0.12520503997802734, 31586.0
0.12717485427856445, 32036.0
0.12917304039001465, 32213.0
0.1311638355255127, 32799.0
0.1331326961517334, 32901.0
0.13511991500854492, 33683.0
0.13711285591125488, 33948.0
0.13910579681396484, 33989.0
0.14110279083251953, 34725.0
0.14315390586853027, 35600.0
0.14515209197998047, 36164.0
0.14713692665100098, 36447.0
0.14913582801818848, 36656.0
0.15111398696899414, 36759.0
0.1530907154083252, 37411.0
0.15506267547607422, 37656.0
0.15705609321594238, 38399.0
0.15903687477111816, 38674.0
0.16102290153503418, 39325.0
0.1629948616027832, 40312.0
0.16495990753173828, 40966.0
0.16694188117980957, 41060.0
0.16895079612731934, 41683.0
0.17092680931091309, 42203.0
0.1728987693786621, 42513.0
0.17487788200378418, 42514.0
0.17684364318847656, 43028.0
0.17881178855895996, 43440.0
0.18080902099609375, 44074.0
0.1827840805053711, 44332.0
0.1847548484802246, 44578.0
0.1867358684539795, 45213.0
0.18871498107910156, 45491.0
0.19069385528564453, 45528.0
0.19266676902770996, 46207.0
0.1946418285369873, 46414.0
0.19661283493041992, 47336.0
0.19858479499816895, 48018.0
0.20055294036865234, 48993.0
0.20445799827575684, 49209.0
0.20642995834350586, 49874.0
0.28827500343322754, 49898.0
0.5006158351898193, 49912.0
0.5872540473937988, 49961.0
0.6219017505645752, 50079.0
0.6838428974151611, 50104.0
0.7358269691467285, 50153.0
0.8503789901733398, 50190.0
0.9607429504394531, 50197.0
0.9816558361053467, 50287.0
0.9835898876190186, 50314.0
0.9969339370727539, 50401.0
1.0378649234771729, 50468.0
1.1323928833007812, 50573.0
1.244229793548584, 50577.0
1.312385082244873, 50586.0
1.4021809101104736, 50688.0
1.4041590690612793, 50713.0
1.5307528972625732, 50831.0
1.5385408401489258, 50832.0
1.8471019268035889, 50873.0
2.4692790508270264, 50929.0
2.531795024871826, 50930.0
4.5016279220581055, 50943.0
4.515021800994873, 51037.0
4.537953853607178, 51155.0
4.614455699920654, 51156.0
4.7308409214019775, 51170.0
4.74808406829834, 51185.0
4.803652763366699, 51186.0
4.994028806686401, 51189.0
5.097354888916016, 51203.0
5.206219673156738, 51285.0
5.409864902496338, 51354.0
6.339045763015747, 51358.0
6.364163875579834, 51394.0
6.437495708465576, 51395.0
6.517959833145142, 51396.0
6.752778053283691, 51462.0
6.754717826843262, 51472.0
6.8899006843566895, 51508.0
11.128277063369751, 51586.0
12.603901863098145, 51687.0
12.607725858688354, 51795.0
12.79768681526184, 51797.0
12.831854820251465, 51860.0
12.841376781463623, 51875.0
12.91165804862976, 52180.0
13.501341819763184, 52262.0
14.462318897247314, 52295.0
14.621879816055298, 52378.0
14.623816967010498, 52389.0
14.874687910079956, 52430.0
14.918447971343994, 52531.0
14.975547790527344, 52551.0
14.979389905929565, 52552.0
14.988915920257568, 52664.0
15.194296836853027, 52801.0
15.209520816802979, 52836.0
15.224745035171509, 52872.0
15.302736759185791, 52955.0
21.624172687530518, 52966.0
21.695446014404297, 53108.0
21.72935199737549, 53198.0
21.90343689918518, 53221.0
21.930222749710083, 53377.0
22.03722882270813, 53404.0
22.067563772201538, 53447.0
22.069381952285767, 53448.0
22.180000066757202, 53480.0
22.21032190322876, 53481.0
22.242462873458862, 53492.0
51.41180872917175, 53522.0
51.44839668273926, 53523.0
51.565738916397095, 53528.0
51.68303179740906, 53540.0
51.77117586135864, 53606.0
51.91184186935425, 53699.0
51.928125858306885, 53817.0
71.49390578269958, 53888.0
71.87357068061829, 53898.0
72.57563805580139, 53917.0
72.59087491035461, 53918.0
72.59470272064209, 53934.0
72.8357949256897, 53988.0
74.36524176597595, 54068.0
74.40891075134277, 54090.0
74.47356581687927, 54091.0
75.1517767906189, 54105.0
76.5713107585907, 54133.0
80.17403483390808, 54211.0
85.76884984970093, 54258.0
85.80802893638611, 54316.0
85.84178900718689, 54374.0
85.84360885620117, 54375.0
85.86672782897949, 54404.0
85.99675798416138, 54508.0
86.03591299057007, 54509.0
86.18401789665222, 54584.0
86.19828796386719, 54617.0
86.26599502563477, 54714.0
86.28385472297668, 54778.0
86.31238889694214, 54864.0
86.47992086410522, 54920.0
87.18169593811035, 55002.0
87.2013258934021, 55106.0
87.22289371490479, 55107.0
87.31098294258118, 55140.0
87.38546586036682, 55146.0
87.39918375015259, 55152.0
87.69816184043884, 55174.0
87.7138078212738, 55235.0
87.84058499336243, 55299.0
87.91461300849915, 55345.0
87.97502088546753, 55419.0
88.02552771568298, 55420.0
88.06444072723389, 55442.0
88.07031488418579, 55523.0
88.30528688430786, 55531.0
89.6222939491272, 55537.0
89.63784098625183, 55692.0
89.793212890625, 55771.0
89.79905796051025, 55808.0
89.93485593795776, 55841.0
90.21994972229004, 55889.0
90.25098705291748, 55905.0
90.2549078464508, 56021.0
90.3281319141388, 56055.0
90.87105989456177, 56057.0
92.39574480056763, 56064.0
92.52438998222351, 56174.0
92.73456883430481, 56294.0
92.79837965965271, 56366.0
93.12654376029968, 56389.0
94.24000096321106, 56520.0
94.52363276481628, 56549.0
94.53314280509949, 56594.0
95.87285685539246, 56669.0
95.89606785774231, 56670.0
95.90188694000244, 56680.0
96.04861497879028, 56719.0
96.1335608959198, 56749.0
96.16449165344238, 56846.0
96.26691484451294, 56867.0
97.16770577430725, 56965.0
98.05770087242126, 57012.0
100.7803647518158, 57033.0
101.58004879951477, 57046.0
102.37995481491089, 57083.0
102.45261693000793, 57142.0
102.46983885765076, 57273.0
102.49089479446411, 57274.0
102.54827690124512, 57336.0
102.77193784713745, 57466.0
102.78343081474304, 57573.0
102.78536987304688, 57672.0
103.08896279335022, 57730.0
103.10428786277771, 57731.0
103.12342882156372, 57921.0
103.15784502029419, 57922.0
103.22081589698792, 57972.0
103.33670496940613, 58089.0
103.38446068763733, 58090.0
103.59456372261047, 58127.0
103.63847398757935, 58195.0
104.62711668014526, 58219.0
104.66527009010315, 58311.0
104.7167797088623, 58334.0
104.73206305503845, 58352.0
104.89415979385376, 58405.0
105.05066871643066, 58500.0
109.88207387924194, 58564.0
109.97548294067383, 58600.0
110.14129900932312, 58648.0
110.50722479820251, 58656.0
110.52249383926392, 58657.0
110.53777575492859, 58658.0
110.57211184501648, 58661.0
110.62548899650574, 58708.0
111.62127804756165, 58750.0
111.66133999824524, 58770.0
111.72805404663086, 58820.0
111.76811790466309, 58831.0
111.86712384223938, 58903.0
112.24080896377563, 58909.0
112.24847793579102, 58985.0
112.62750792503357, 59025.0
113.33033609390259, 59079.0
113.52395987510681, 59126.0
113.64979696273804, 59127.0
114.6001558303833, 59169.0
114.86470675468445, 59304.0
114.95615577697754, 59398.0
115.09907484054565, 59403.0
115.3657968044281, 59404.0
115.86134886741638, 59569.0
115.88267970085144, 59570.0
119.02530002593994, 59683.0
119.16237187385559, 59735.0
124.02848386764526, 59835.0
124.21851396560669, 59849.0
124.22804093360901, 59850.0
125.25161504745483, 59950.0
125.55354881286621, 60034.0
125.59064292907715, 60035.0
125.8250298500061, 60102.0
126.04258108139038, 60103.0
126.13951897621155, 60173.0
126.35470080375671, 60178.0
126.3935158252716, 60179.0
127.29621887207031, 60193.0
127.7700617313385, 60195.0
128.1214578151703, 60400.0
131.17358994483948, 60438.0
131.20196199417114, 60522.0
131.29826283454895, 60568.0
131.37750482559204, 60592.0
131.38512182235718, 60593.0
131.8615698814392, 60612.0
132.01800084114075, 60624.0
132.13686990737915, 60654.0
132.1784017086029, 60655.0
133.50780487060547, 60701.0
133.90869307518005, 60807.0
134.27483797073364, 60929.0
134.66512084007263, 60994.0
134.71228790283203, 60995.0
135.08510279655457, 60996.0
136.06712889671326, 61008.0
136.69286680221558, 61019.0
137.29318284988403, 61053.0
137.32615685462952, 61183.0
137.39645791053772, 61184.0
137.54643201828003, 61326.0
137.9645938873291, 61327.0
138.37168169021606, 61352.0
138.47291803359985, 61359.0
138.72316694259644, 61360.0
139.13170099258423, 61376.0
139.22274470329285, 61377.0
139.5642638206482, 61385.0
140.23278999328613, 61406.0
140.37873101234436, 61407.0
140.44245100021362, 61470.0
140.45792984962463, 61562.0
140.50239276885986, 61563.0
140.98617386817932, 61676.0
141.3505368232727, 61765.0
141.43680596351624, 61766.0
141.56329607963562, 61770.0
141.58247184753418, 61884.0
141.71629905700684, 61933.0
142.55550479888916, 62036.0
142.59060192108154, 62057.0
142.85515093803406, 62075.0
143.31810474395752, 62161.0
143.5473439693451, 62177.0
144.07995295524597, 62253.0
145.04442501068115, 62306.0
145.271390914917, 62326.0
145.36148381233215, 62338.0
145.51701307296753, 62339.0
145.86683583259583, 62340.0
146.23137998580933, 62355.0
146.35877466201782, 62356.0
146.66017174720764, 62458.0
147.5198516845703, 62514.0
148.63862085342407, 62618.0
148.9007580280304, 62619.0
149.11941289901733, 62627.0
149.68237900733948, 62728.0
149.86896681785583, 62798.0
150.00322270393372, 62799.0
150.06102466583252, 62800.0
150.33745002746582, 62878.0
150.40848898887634, 62879.0
151.7097818851471, 62926.0
151.9449679851532, 62994.0
152.0432538986206, 63080.0
152.11835598945618, 63109.0
153.21099281311035, 63183.0
153.83352184295654, 63189.0
154.46454405784607, 63226.0
154.50997686386108, 63356.0
154.80301189422607, 63357.0
154.9047508239746, 63358.0
155.1163158416748, 63359.0
155.48500084877014, 63360.0
155.5811426639557, 63463.0
156.46291208267212, 63464.0
157.2786099910736, 63470.0
157.80148673057556, 63480.0
158.90001678466797, 63602.0
159.78114581108093, 63665.0
160.3553397655487, 63735.0
161.09292888641357, 63736.0
162.0605330467224, 63737.0
164.9332230091095, 63762.0
165.0593078136444, 63763.0
165.81843900680542, 63811.0
166.34258389472961, 63812.0
168.6088719367981, 63820.0
168.6162929534912, 63821.0
169.9840247631073, 63822.0
170.15669679641724, 63840.0
170.26140594482422, 63842.0
170.33850693702698, 63843.0
170.38997387886047, 63886.0
170.55426001548767, 63887.0
171.15344786643982, 63888.0
173.03419089317322, 63932.0
173.32227683067322, 64026.0
173.7356150150299, 64027.0
174.84653687477112, 64046.0
175.35355806350708, 64047.0
175.40690994262695, 64086.0
175.67874383926392, 64154.0
177.6299819946289, 64217.0
177.93686199188232, 64243.0
177.9901258945465, 64244.0
178.16666293144226, 64245.0
178.5248899459839, 64246.0
181.70444083213806, 64265.0
181.9674949645996, 64350.0
182.90354895591736, 64351.0
190.62211775779724, 64380.0
192.12462067604065, 64385.0
193.21411776542664, 64386.0
194.55902290344238, 64473.0
