0.10084104537963867, 12171.0
0.17534804344177246, 12792.0
0.25078606605529785, 14049.0
0.32659482955932617, 16564.0
0.4026949405670166, 17914.0
0.4789540767669678, 20397.0
0.5554370880126953, 20397.0
0.6321771144866943, 21633.0
0.7092220783233643, 21907.0
0.7862899303436279, 23020.0
0.8635549545288086, 25834.0
0.940985918045044, 26262.0
1.0191938877105713, 29351.0
1.0989599227905273, 30114.0
1.1779310703277588, 30114.0
1.256235122680664, 30817.0
1.3346221446990967, 30817.0
1.4131879806518555, 30940.0
1.4918169975280762, 32060.0
1.5706639289855957, 32170.0
1.6495239734649658, 33863.0
1.728445053100586, 35179.0
1.8073620796203613, 36843.0
1.8864929676055908, 36843.0
1.9657952785491943, 37509.0
2.0450830459594727, 37509.0
2.1245651245117188, 37827.0
2.204237937927246, 37827.0
2.284024953842163, 39088.0
2.3638112545013428, 39140.0
2.443586826324463, 40702.0
2.523625135421753, 40702.0
2.6038291454315186, 40778.0
2.684019088745117, 41452.0
2.764374017715454, 41639.0
2.844665050506592, 41656.0
2.9253690242767334, 41943.0
3.005791187286377, 42221.0
3.087069034576416, 42745.0
3.1701080799102783, 43887.0
3.253208875656128, 44361.0
3.3376450538635254, 44361.0
3.4202640056610107, 44607.0
3.5028891563415527, 45418.0
3.586467981338501, 45618.0
3.669448137283325, 45978.0
3.750458002090454, 46019.0
3.8316071033477783, 46476.0
3.912883996963501, 46754.0
3.9940450191497803, 47915.0
4.075256824493408, 47915.0
4.157942056655884, 47915.0
4.239610910415649, 47915.0
4.320483207702637, 47996.0
4.403753995895386, 48351.0
4.485257148742676, 48775.0
4.566917896270752, 48775.0
4.65008807182312, 48775.0
4.733867168426514, 48893.0
4.819459915161133, 48917.0
4.902131080627441, 49360.0
4.984897136688232, 49861.0
5.068307161331177, 50244.0
5.15208888053894, 50244.0
5.233989953994751, 50244.0
5.315061092376709, 50244.0
5.396342039108276, 51232.0
5.478241205215454, 51232.0
5.560246229171753, 51232.0
5.6422648429870605, 51232.0
5.724451065063477, 51258.0
5.805480003356934, 51564.0
5.88671612739563, 51564.0
5.968793869018555, 51564.0
6.051210165023804, 51918.0
6.133109092712402, 51918.0
6.216314077377319, 52457.0
6.297688961029053, 52457.0
6.380312919616699, 52457.0
6.462835073471069, 52457.0
6.544809103012085, 52457.0
6.627388954162598, 52457.0
6.709244012832642, 52457.0
6.7918312549591064, 52530.0
6.874686002731323, 52530.0
6.956547021865845, 52530.0
7.039308071136475, 52805.0
7.122061252593994, 53004.0
7.20622706413269, 53004.0
7.28924298286438, 53004.0
7.371544122695923, 53004.0
7.454386949539185, 53004.0
7.5373640060424805, 53004.0
7.620288133621216, 53004.0
7.702320098876953, 53203.0
7.785049915313721, 53203.0
7.867853879928589, 53203.0
7.950577974319458, 53203.0
8.03348684310913, 53203.0
8.11562705039978, 53203.0
8.198531866073608, 53203.0
8.2814040184021, 53384.0
8.363501071929932, 53384.0
8.446352005004883, 53398.0
8.529251098632812, 53398.0
8.612205982208252, 53398.0
8.695164918899536, 53398.0
8.778033971786499, 53398.0
8.86099100112915, 53486.0
8.94313907623291, 53486.0
9.026029109954834, 53486.0
9.108469009399414, 53486.0
9.192301273345947, 53486.0
9.275305032730103, 53486.0
9.358517169952393, 53486.0
9.441096067428589, 53486.0
9.52411413192749, 53486.0
9.606551170349121, 53486.0
9.688974857330322, 53486.0
9.772026062011719, 53486.0
9.855000972747803, 53486.0
9.938167095184326, 53486.0
10.02124810218811, 53486.0
10.103743076324463, 53486.0
10.186827182769775, 53486.0
10.269127130508423, 53486.0
10.352308988571167, 53486.0
10.434621095657349, 53486.0
10.517633199691772, 53486.0
10.599895238876343, 53486.0
10.682908058166504, 53486.0
10.765170097351074, 53486.0
10.848062992095947, 53486.0
10.930310010910034, 53486.0
11.013274908065796, 53486.0
11.09545612335205, 53486.0
11.17842698097229, 53486.0
11.262217998504639, 53486.0
11.345191955566406, 53486.0
11.427277088165283, 53486.0
11.510093927383423, 53486.0
11.592149019241333, 53486.0
11.674989938735962, 53486.0
11.757060050964355, 53486.0
11.839754104614258, 53486.0
11.921858072280884, 53486.0
12.004785060882568, 53486.0
12.086879014968872, 53486.0
12.169870853424072, 53486.0
12.251986980438232, 53486.0
12.334841966629028, 53486.0
12.416950225830078, 53506.0
12.499880075454712, 53506.0
12.581987142562866, 53506.0
12.66487717628479, 53506.0
12.746937036514282, 53506.0
12.829772233963013, 53506.0
12.911724090576172, 53506.0
12.994537115097046, 53506.0
13.076696872711182, 53506.0
13.159641027450562, 53506.0
13.241695165634155, 53506.0
13.326780080795288, 53506.0
13.409130096435547, 53506.0
13.492479085922241, 53506.0
13.574990034103394, 53506.0
13.65839695930481, 53506.0
13.741004228591919, 53506.0
13.82425308227539, 53506.0
13.906732082366943, 53506.0
13.990087985992432, 53506.0
14.07338809967041, 53506.0
14.156534194946289, 53506.0
14.239491939544678, 53506.0
14.321892023086548, 53506.0
14.404210090637207, 53506.0
14.487064123153687, 53506.0
14.569363117218018, 53506.0
14.65236520767212, 53506.0
14.734424114227295, 53506.0
14.817243099212646, 53506.0
14.89938998222351, 53506.0
14.982218027114868, 53506.0
15.0645010471344, 53506.0
15.147261142730713, 53506.0
15.229331970214844, 53506.0
15.312968969345093, 53506.0
15.39522409439087, 53506.0
15.47727918624878, 53506.0
15.559316158294678, 53506.0
15.64155912399292, 53506.0
15.723654985427856, 53514.0
15.806162118911743, 53514.0
15.888256072998047, 53514.0
15.97083306312561, 53514.0
16.05319309234619, 53514.0
16.135326147079468, 53514.0
16.217422008514404, 53514.0
16.299564123153687, 53514.0
16.38176393508911, 53514.0
16.46435809135437, 53514.0
