0.20334815979003906, 18989.0
0.3531150817871094, 21270.0
0.5016810894012451, 24240.0
0.6522798538208008, 27512.0
0.803246021270752, 29687.0
0.9561209678649902, 29902.0
1.1091039180755615, 29952.0
1.2613048553466797, 30858.0
1.4131391048431396, 32258.0
1.5661749839782715, 34555.0
1.719412088394165, 37859.0
1.8727610111236572, 40385.0
2.026715040206909, 40385.0
2.1809821128845215, 42098.0
2.3355190753936768, 44085.0
2.4886858463287354, 44551.0
2.643766164779663, 47114.0
2.7988460063934326, 49417.0
2.955735206604004, 50960.0
3.111867904663086, 51916.0
3.268174886703491, 52350.0
3.424675941467285, 53832.0
3.5810351371765137, 59554.0
3.737786054611206, 59554.0
3.894719123840332, 59573.0
4.0519421100616455, 60264.0
4.209278106689453, 60672.0
4.367016077041626, 61584.0
4.525196075439453, 61584.0
4.6834001541137695, 63463.0
4.845328092575073, 67639.0
5.010481119155884, 67639.0
5.17122220993042, 69101.0
5.333624839782715, 69101.0
5.492829084396362, 69314.0
5.651983022689819, 72399.0
5.81133508682251, 73390.0
5.970694065093994, 73682.0
6.1312878131866455, 74661.0
6.2911131381988525, 76171.0
6.45276403427124, 76171.0
6.613478899002075, 76913.0
6.779565811157227, 77191.0
6.943506956100464, 77191.0
7.109166860580444, 77191.0
7.26941704750061, 78383.0
7.429762840270996, 79369.0
7.589989900588989, 82285.0
7.750062942504883, 82285.0
7.908098936080933, 82285.0
8.067842245101929, 82680.0
8.227744102478027, 82680.0
8.388813972473145, 83908.0
8.54889702796936, 83908.0
8.70901894569397, 85104.0
8.869370937347412, 85104.0
9.03125524520874, 85104.0
9.192211151123047, 85104.0
9.352849960327148, 86451.0
9.513703107833862, 86931.0
9.674416065216064, 86931.0
9.835141897201538, 87743.0
9.995838165283203, 87743.0
10.156633853912354, 87743.0
10.317637920379639, 90551.0
10.478641986846924, 90551.0
10.639535903930664, 90700.0
10.800494909286499, 91216.0
10.96143913269043, 92249.0
11.12398386001587, 92249.0
11.285500049591064, 92513.0
11.446535110473633, 92513.0
11.607767105102539, 92663.0
11.767662048339844, 92710.0
11.926924228668213, 92710.0
12.086319923400879, 93182.0
12.245946884155273, 93447.0
12.406307935714722, 93447.0
12.56949520111084, 94029.0
12.730903148651123, 95352.0
12.89196515083313, 95352.0
13.05291199684143, 95806.0
13.215846061706543, 96357.0
13.37699007987976, 97419.0
13.538367986679077, 97419.0
13.699755191802979, 97542.0
13.861176013946533, 97542.0
14.022528171539307, 97542.0
14.1837899684906, 97644.0
14.34529709815979, 98977.0
14.506829023361206, 98977.0
14.668349981307983, 98977.0
14.829815149307251, 99032.0
14.991219997406006, 99032.0
15.154109001159668, 99231.0
15.31556510925293, 99690.0
15.477153062820435, 99807.0
15.638725996017456, 99807.0
15.800397872924805, 99807.0
15.961974143981934, 99807.0
16.12379002571106, 100152.0
16.28581213951111, 100378.0
16.447597980499268, 100378.0
16.611401081085205, 100962.0
16.772873163223267, 100962.0
16.934330940246582, 101682.0
17.097625017166138, 101682.0
17.261847972869873, 101809.0
17.424062967300415, 101809.0
17.58627700805664, 101809.0
17.748226165771484, 102048.0
17.90989089012146, 102457.0
18.07183003425598, 102772.0
18.233614921569824, 102772.0
18.39545512199402, 102772.0
18.557387113571167, 102772.0
18.719106912612915, 102772.0
18.880857944488525, 102772.0
19.042684078216553, 102772.0
19.20592713356018, 102772.0
19.368052005767822, 103405.0
19.530219078063965, 103405.0
19.692455053329468, 104091.0
19.854816198349, 104091.0
20.01719307899475, 104091.0
20.17962408065796, 104091.0
20.342164993286133, 104091.0
20.50475311279297, 104294.0
20.667160987854004, 104444.0
20.829658031463623, 104444.0
20.992177963256836, 104482.0
21.154984951019287, 104482.0
21.32016396522522, 104482.0
21.484063148498535, 104482.0
21.647501945495605, 104490.0
21.811147212982178, 104490.0
21.97467803955078, 104875.0
22.138142108917236, 105276.0
22.30180311203003, 105425.0
22.465481996536255, 105425.0
22.62921714782715, 105425.0
22.792943000793457, 105425.0
22.95662021636963, 105804.0
23.119942903518677, 105804.0
23.298495054244995, 105804.0
23.46303391456604, 105804.0
23.62740683555603, 106120.0
23.791574239730835, 106120.0
23.955656051635742, 106120.0
24.1198890209198, 106120.0
24.284143924713135, 106648.0
24.4482262134552, 106648.0
24.61245608329773, 106675.0
24.7766170501709, 106675.0
24.940574169158936, 106810.0
25.10451912879944, 106810.0
25.268187999725342, 106810.0
25.433160066604614, 106833.0
25.596515893936157, 106833.0
25.76006007194519, 106833.0
25.923418045043945, 106833.0
26.08705711364746, 106833.0
26.25037717819214, 106943.0
26.413973093032837, 106943.0
26.579740047454834, 106943.0
26.74376893043518, 106943.0
26.907243013381958, 106943.0
27.071364879608154, 107391.0
27.234781980514526, 107391.0
27.399847984313965, 107391.0
27.563308238983154, 107391.0
27.727143049240112, 107391.0
27.890413999557495, 107391.0
28.053534984588623, 107391.0
28.216652870178223, 107391.0
28.37998604774475, 107524.0
28.543227910995483, 107524.0
28.7069411277771, 107524.0
28.870136976242065, 107688.0
29.033985137939453, 107688.0
29.19728112220764, 107730.0
29.362442016601562, 107730.0
29.526041984558105, 107730.0
29.68962001800537, 107736.0
29.853096961975098, 107794.0
30.01625895500183, 107794.0
30.180264949798584, 107794.0
30.343490839004517, 107794.0
30.507124185562134, 107936.0
30.671149253845215, 107936.0
30.83450198173523, 108103.0
30.998478889465332, 108103.0
31.161909103393555, 108103.0
31.325361967086792, 108103.0
31.49069595336914, 108189.0
31.65426206588745, 108189.0
31.817861080169678, 108189.0
31.98137092590332, 108189.0
32.14488196372986, 108189.0
32.308417081832886, 108189.0
32.47176003456116, 108189.0
