0.01984119415283203, 2194.0
0.03622794151306152, 2194.0
0.05262184143066406, 2194.0
0.06891202926635742, 2194.0
0.08477401733398438, 2194.0
0.10080599784851074, 2194.0
0.11682605743408203, 2356.0
0.1329669952392578, 2356.0
0.14913177490234375, 2360.0
0.1653590202331543, 2422.0
0.1816239356994629, 2422.0
0.19784998893737793, 2561.0
0.21417999267578125, 2592.0
0.23067808151245117, 2597.0
0.24723100662231445, 2597.0
0.26385998725891113, 2597.0
0.2805459499359131, 2597.0
0.29738879203796387, 2597.0
0.3142728805541992, 2597.0
0.33109402656555176, 2597.0
0.3479011058807373, 2597.0
0.364840030670166, 2597.0
0.38109397888183594, 2597.0
0.39732789993286133, 2597.0
0.413532018661499, 2597.0
0.42978692054748535, 2597.0
0.44603800773620605, 2597.0
0.4622511863708496, 2597.0
0.4784669876098633, 2597.0
0.4947059154510498, 2597.0
0.5109610557556152, 2597.0
0.52718186378479, 2597.0
0.5433881282806396, 2597.0
0.5596299171447754, 2597.0
0.5758490562438965, 2597.0
0.5920720100402832, 2597.0
0.6087300777435303, 2597.0
0.6259620189666748, 2597.0
0.6432778835296631, 2597.0
0.6618499755859375, 2597.0
0.6785008907318115, 2597.0
0.6948471069335938, 2597.0
0.7112710475921631, 2597.0
0.7276389598846436, 2597.0
0.7440299987792969, 2597.0
0.7603721618652344, 2597.0
0.7766921520233154, 2597.0
0.7930011749267578, 2597.0
0.8094208240509033, 2597.0
0.8259711265563965, 2597.0
0.8423991203308105, 2597.0
0.8587439060211182, 2597.0
0.8751168251037598, 2597.0
0.8914787769317627, 2597.0
0.9078018665313721, 2597.0
0.9240999221801758, 2597.0
0.9403841495513916, 2597.0
0.9566831588745117, 2597.0
0.9729838371276855, 2597.0
0.9892840385437012, 2597.0
1.0055410861968994, 2597.0
1.0218479633331299, 2597.0
1.0381159782409668, 2597.0
1.0544090270996094, 2597.0
1.070728063583374, 2597.0
1.087083101272583, 2597.0
1.103877067565918, 2597.0
1.1205320358276367, 2597.0
1.1372299194335938, 2597.0
1.1539380550384521, 2597.0
1.1706321239471436, 2597.0
1.187317132949829, 2597.0
1.2039940357208252, 2597.0
1.2206621170043945, 2597.0
1.2374460697174072, 2597.0
1.254694938659668, 2597.0
1.2719531059265137, 2597.0
1.2892508506774902, 2597.0
1.3059899806976318, 2597.0
1.3225939273834229, 2597.0
1.339216947555542, 2597.0
1.3557710647583008, 2597.0
1.3723490238189697, 2597.0
1.3889241218566895, 2597.0
1.405480146408081, 2597.0
1.4220597743988037, 2597.0
1.4386389255523682, 2597.0
1.4553749561309814, 2597.0
1.4720640182495117, 2597.0
1.4887750148773193, 2597.0
1.5055460929870605, 2597.0
1.5241260528564453, 2597.0
1.5417768955230713, 2597.0
1.5588719844818115, 2597.0
1.5758180618286133, 2597.0
1.593001127243042, 2597.0
1.6095099449157715, 2597.0
1.6264688968658447, 2597.0
1.6429309844970703, 2597.0
1.6593859195709229, 2597.0
1.6757969856262207, 2597.0
1.6922640800476074, 2597.0
1.7086889743804932, 2597.0
1.725085973739624, 2597.0
1.7414729595184326, 2597.0
1.7578258514404297, 2597.0
1.7741870880126953, 2597.0
1.7905399799346924, 2597.0
1.8069109916687012, 2597.0
1.8233060836791992, 2597.0
1.8396918773651123, 2597.0
1.8560669422149658, 2597.0
1.872467041015625, 2597.0
1.8888647556304932, 2597.0
1.90535306930542, 2597.0
1.9217760562896729, 2597.0
1.938169002532959, 2597.0
1.9545629024505615, 2597.0
1.9709300994873047, 2597.0
1.9873261451721191, 2597.0
2.0037081241607666, 2597.0
2.020087957382202, 2597.0
2.036454916000366, 2597.0
2.052832841873169, 2597.0
2.0692241191864014, 2597.0
2.0855891704559326, 2597.0
2.1019630432128906, 2597.0
2.1183178424835205, 2597.0
2.1346871852874756, 2597.0
2.1510610580444336, 2597.0
2.1674439907073975, 2597.0
2.1838300228118896, 2597.0
2.2001829147338867, 2597.0
2.2165448665618896, 2597.0
2.232905149459839, 2597.0
2.2492918968200684, 2597.0
2.265645980834961, 2597.0
2.282010078430176, 2597.0
2.29837703704834, 2597.0
2.3147730827331543, 2597.0
2.3311610221862793, 2597.0
2.3475279808044434, 2597.0
2.363922119140625, 2597.0
2.3803319931030273, 2597.0
2.396939992904663, 2597.0
2.4133551120758057, 2597.0
2.4297399520874023, 2597.0
2.446124792098999, 2597.0
2.4624860286712646, 2597.0
2.4788260459899902, 2597.0
2.4951820373535156, 2597.0
2.511561155319214, 2597.0
2.5279431343078613, 2597.0
2.544299840927124, 2597.0
2.5606648921966553, 2597.0
2.5770390033721924, 2597.0
2.5934622287750244, 2597.0
2.6102280616760254, 2597.0
2.627094030380249, 2597.0
2.643627882003784, 2597.0
2.6600542068481445, 2597.0
2.6764519214630127, 2597.0
2.692847967147827, 2597.0
2.7092559337615967, 2597.0
2.7260959148406982, 2597.0
2.7430191040039062, 2597.0
2.7594032287597656, 2597.0
2.775810956954956, 2597.0
2.7921719551086426, 2597.0
2.8084959983825684, 2597.0
2.8250420093536377, 2597.0
2.8415939807891846, 2597.0
2.8579328060150146, 2597.0
2.8742780685424805, 2597.0
2.8906290531158447, 2597.0
2.9070379734039307, 2597.0
2.923405885696411, 2597.0
2.939790964126587, 2597.0
2.9561760425567627, 2597.0
2.972579002380371, 2597.0
2.9889471530914307, 2597.0
3.0052950382232666, 2597.0
3.0216867923736572, 2597.0
3.0380430221557617, 2597.0
3.054431200027466, 2597.0
3.070772171020508, 2597.0
3.087148904800415, 2597.0
3.103645086288452, 2597.0
3.1200668811798096, 2597.0
3.1369991302490234, 2597.0
3.1537880897521973, 2597.0
3.1705710887908936, 2597.0
3.1874070167541504, 2597.0
3.204160213470459, 2597.0
3.220871925354004, 2597.0
3.2375869750976562, 2597.0
3.2543020248413086, 2597.0
3.2711429595947266, 2597.0
3.288424015045166, 2597.0
3.3057429790496826, 2597.0
3.323076009750366, 2597.0
