0.20417308807373047, 13419.0
0.35184717178344727, 13872.0
0.5001630783081055, 14218.0
0.6499850749969482, 14513.0
0.8000192642211914, 14686.0
0.9495782852172852, 15397.0
1.1000170707702637, 15397.0
1.2496109008789062, 15815.0
1.39947509765625, 15891.0
1.549813985824585, 16125.0
1.700472116470337, 16709.0
1.851208209991455, 16709.0
2.0022130012512207, 16916.0
2.1534790992736816, 17308.0
2.3053090572357178, 17606.0
2.4572389125823975, 17606.0
2.6115329265594482, 18107.0
2.765836000442505, 18107.0
2.920022964477539, 18278.0
3.074636936187744, 18488.0
3.2294371128082275, 18790.0
3.3852860927581787, 18815.0
3.5404772758483887, 19183.0
3.7000560760498047, 19189.0
3.8627729415893555, 19397.0
4.021528959274292, 19507.0
4.182350158691406, 19886.0
4.338750123977661, 20392.0
4.494831085205078, 20430.0
4.652611017227173, 20596.0
4.810054063796997, 20632.0
4.9669270515441895, 20762.0
5.131190061569214, 20832.0
5.294588088989258, 21206.0
5.456310033798218, 21206.0
5.616708040237427, 21206.0
5.774875164031982, 21778.0
5.932819128036499, 21778.0
6.092038154602051, 21861.0
6.250869035720825, 21861.0
6.409501075744629, 21913.0
6.567995071411133, 22227.0
6.728484153747559, 22382.0
6.888275146484375, 22382.0
7.047220945358276, 22645.0
7.2062530517578125, 22967.0
7.365755081176758, 22967.0
7.5252721309661865, 22967.0
7.6847920417785645, 23084.0
7.844547986984253, 23511.0
8.004520177841187, 23612.0
8.164862155914307, 23796.0
8.32521104812622, 23796.0
8.48586893081665, 23796.0
8.64676308631897, 23986.0
8.809415102005005, 24048.0
8.970759153366089, 24048.0
9.132000923156738, 24313.0
9.293118238449097, 24577.0
9.454438209533691, 24577.0
9.615819931030273, 24738.0
9.77712607383728, 24738.0
9.938518047332764, 24738.0
10.099967956542969, 24738.0
10.261349201202393, 25000.0
10.423036098480225, 25417.0
10.58470606803894, 25417.0
10.747801065444946, 25417.0
10.909894227981567, 25417.0
11.072051286697388, 25489.0
11.23430323600769, 25489.0
11.396629095077515, 25491.0
11.558870077133179, 25691.0
11.721431970596313, 25751.0
11.883867025375366, 25751.0
12.04653000831604, 25889.0
12.209062099456787, 25889.0
12.371698141098022, 25889.0
12.534584045410156, 26067.0
12.697536945343018, 26067.0
12.86327600479126, 26067.0
13.02781891822815, 26386.0
13.192506074905396, 26386.0
13.35710096359253, 26386.0
13.52199912071228, 26603.0
13.686906099319458, 26603.0
13.851863145828247, 26603.0
14.016868114471436, 26603.0
14.181957006454468, 26603.0
14.347240209579468, 26603.0
14.512319326400757, 26756.0
14.677313089370728, 26756.0
14.844133138656616, 26862.0
15.009450912475586, 26862.0
15.174751281738281, 26862.0
15.339686155319214, 26862.0
15.504951000213623, 26892.0
15.6700279712677, 27013.0
15.835094928741455, 27013.0
16.000298976898193, 27219.0
16.16555690765381, 27219.0
16.33103609085083, 27219.0
16.496768951416016, 27219.0
16.66242027282715, 27219.0
16.827868223190308, 27219.0
16.99439311027527, 27289.0
17.15973210334778, 27289.0
17.32552433013916, 27409.0
17.49129319190979, 27409.0
17.657238960266113, 27409.0
17.8229501247406, 27409.0
17.988712072372437, 27409.0
18.154464960098267, 27504.0
18.319864988327026, 27504.0
18.485124111175537, 27509.0
18.65064811706543, 27617.0
18.81612205505371, 27617.0
18.984215021133423, 27716.0
19.150870084762573, 27729.0
19.317283153533936, 27729.0
19.48355722427368, 27729.0
19.650297164916992, 27865.0
19.816744089126587, 27865.0
19.983439207077026, 27865.0
20.150363206863403, 27865.0
20.316951990127563, 27865.0
20.48367404937744, 27865.0
20.650245189666748, 27865.0
20.81783103942871, 27884.0
20.98621892929077, 27884.0
21.15894603729248, 27887.0
21.32999324798584, 27995.0
21.497352123260498, 28081.0
21.664522886276245, 28081.0
21.83227014541626, 28081.0
22.000813007354736, 28102.0
22.16916012763977, 28193.0
22.33734107017517, 28193.0
22.505574226379395, 28193.0
22.67375111579895, 28193.0
22.841950178146362, 28218.0
23.01158332824707, 28218.0
23.180041313171387, 28303.0
23.34828209877014, 28303.0
23.516788959503174, 28517.0
23.68497610092163, 28517.0
23.85347819328308, 28517.0
24.02196216583252, 28517.0
24.190092086791992, 28517.0
24.358309030532837, 28517.0
24.526674270629883, 28517.0
24.695117950439453, 28517.0
24.86337924003601, 28517.0
25.033220052719116, 28517.0
25.200917959213257, 28517.0
25.36868715286255, 28517.0
25.53634810447693, 28517.0
25.704020261764526, 28517.0
25.871604919433594, 28517.0
26.03925395011902, 28517.0
26.20697522163391, 28517.0
26.37468910217285, 28517.0
26.54180121421814, 28519.0
26.70881199836731, 28519.0
26.875853061676025, 28519.0
27.044259071350098, 28619.0
27.211559057235718, 28619.0
27.37828016281128, 28619.0
27.54521417617798, 28619.0
27.712154150009155, 28619.0
27.87898898124695, 28619.0
28.04586100578308, 28619.0
28.212877988815308, 28619.0
28.379728078842163, 28619.0
28.546612977981567, 28619.0
28.71363401412964, 28619.0
28.880688190460205, 28619.0
29.047986268997192, 28619.0
29.21821904182434, 28719.0
29.386760234832764, 28719.0
29.554890155792236, 28719.0
29.72296905517578, 28719.0
29.890847206115723, 28719.0
30.05895209312439, 28719.0
30.226978063583374, 28719.0
30.395089149475098, 28719.0
30.56314516067505, 28719.0
30.730998992919922, 28719.0
30.898657083511353, 28719.0
31.06640911102295, 28719.0
31.235952138900757, 28719.0
31.403947114944458, 28719.0
31.571938037872314, 28719.0
31.73993706703186, 28719.0
31.907620191574097, 28719.0
32.075438022613525, 28719.0
32.24337196350098, 28719.0
32.41118502616882, 28719.0
32.57896327972412, 28719.0
32.74690103530884, 28719.0
32.9145781993866, 28719.0
