0.00021219253540039062, 873.0
0.0004210472106933594, 1755.0
0.0006301403045654297, 2311.0
0.0008380413055419922, 2649.0
0.0010449886322021484, 3071.0
0.0012519359588623047, 3592.0
0.0014591217041015625, 3943.0
0.0016658306121826172, 4781.0
0.001873016357421875, 4838.0
0.002490997314453125, 4850.0
0.0035190582275390625, 4855.0
0.011780977249145508, 4897.0
0.014039039611816406, 4898.0
0.0269620418548584, 4903.0
0.02902698516845703, 5026.0
0.03232002258300781, 5061.0
0.051989078521728516, 5097.0
0.05608105659484863, 5179.0
0.0562891960144043, 5248.0
0.06286025047302246, 5272.0
0.06429600715637207, 5273.0
0.09338879585266113, 5378.0
0.3895251750946045, 5379.0
0.5378270149230957, 5446.0
0.7698760032653809, 5488.0
0.7736599445343018, 5545.0
0.7765970230102539, 5648.0
1.4147539138793945, 5679.0
1.416428804397583, 5697.0
1.4248018264770508, 5821.0
1.7966699600219727, 5825.0
2.3264541625976562, 5900.0
2.337559938430786, 5955.0
3.500662088394165, 5998.0
3.5067129135131836, 6020.0
4.283483982086182, 6066.0
6.800004005432129, 6118.0
9.137164831161499, 6124.0
10.809977054595947, 6137.0
10.873776912689209, 6156.0
11.094572067260742, 6158.0
11.10791301727295, 6250.0
11.113435983657837, 6358.0
11.169100999832153, 6367.0
11.17184591293335, 6472.0
11.192981004714966, 6524.0
11.194039821624756, 6534.0
11.196599960327148, 6555.0
11.196815013885498, 6767.0
11.20296311378479, 6772.0
11.217993021011353, 6826.0
11.221585035324097, 6964.0
14.220936059951782, 6995.0
14.264920949935913, 7006.0
14.3613440990448, 7028.0
14.37334418296814, 7058.0
14.51615595817566, 7074.0
14.715049028396606, 7099.0
14.748278141021729, 7103.0
14.782077074050903, 7198.0
14.828459024429321, 7238.0
15.315613031387329, 7354.0
15.361629009246826, 7355.0
15.567135095596313, 7378.0
15.859854936599731, 7467.0
16.790344953536987, 7529.0
16.790955066680908, 7530.0
16.893355131149292, 7531.0
17.382544994354248, 7553.0
