172.44539499282837, 227.0
172.44540333747864, 340.0
172.44540905952454, 267.0
172.44541215896606, 260.0
172.44541907310486, 311.0
172.4454221725464, 239.0
172.4454243183136, 191.0
172.4454312324524, 283.0
172.44543409347534, 218.0
172.4454391002655, 211.0
172.44544219970703, 262.0
172.44544529914856, 333.0
172.4454469680786, 166.0
172.4454562664032, 325.0
172.4454641342163, 203.0
172.44546627998352, 267.0
172.44547629356384, 294.0
172.4454791545868, 152.0
172.44548201560974, 216.0
172.4454860687256, 118.0
172.44548916816711, 64.0
172.4454951286316, 296.0
172.44549822807312, 198.0
172.44550204277039, 302.0
172.44550609588623, 191.0
172.4455120563507, 271.0
172.44551610946655, 60.0
172.44551920890808, 190.0
172.44552206993103, 293.0
172.4455282688141, 243.0
172.44553232192993, 332.0
172.4455361366272, 116.0
172.44554233551025, 192.0
172.44554495811462, 268.0
172.44554805755615, 205.0
172.44555401802063, 281.0
172.44555711746216, 109.0
172.44556212425232, 284.0
172.44556713104248, 274.0
172.445570230484, 178.0
172.4455749988556, 135.0
172.4455771446228, 79.0
172.44558429718018, 92.0
172.44559001922607, 292.0
172.44559812545776, 314.0
172.44560313224792, 310.0
172.44560623168945, 300.0
172.44561004638672, 264.0
172.4456171989441, 264.0
172.44562101364136, 316.0
172.44562411308289, 166.0
172.4456272125244, 257.0
172.44563508033752, 182.0
172.44563817977905, 143.0
172.445641040802, 224.0
172.4456431865692, 107.0
172.4456491470337, 282.0
172.44565415382385, 301.0
172.44565725326538, 178.0
172.4456603527069, 275.0
172.44566297531128, 262.0
172.4456660747528, 223.0
172.44567131996155, 265.0
172.44567704200745, 281.0
172.4457049369812, 171.0
172.44571328163147, 206.0
172.44571924209595, 270.0
172.4457221031189, 170.0
172.44572615623474, 298.0
172.4457311630249, 157.0
172.4457380771637, 288.0
172.44574117660522, 262.0
172.44574427604675, 115.0
172.4457471370697, 261.0
172.44575309753418, 270.0
172.44575428962708, 181.0
172.4457631111145, 308.0
172.44576621055603, 295.0
172.4457700252533, 298.0
172.44577312469482, 304.0
172.44577407836914, 38.0
172.44577717781067, 228.0
172.44578409194946, 268.0
172.445787191391, 312.0
172.44579410552979, 315.0
172.445796251297, 176.0
172.4458019733429, 301.0
172.44580626487732, 163.0
172.44581508636475, 222.0
172.44582414627075, 153.0
172.4458291530609, 305.0
172.44583296775818, 115.0
172.4458372592926, 93.0
172.44584012031555, 282.0
172.44584202766418, 68.0
172.44584822654724, 281.0
172.4458522796631, 299.0
172.44585919380188, 246.0
172.4458622932434, 43.0
172.4458692073822, 291.0
172.44587230682373, 199.0
172.4458749294281, 289.0
172.44587802886963, 106.0
172.44588422775269, 221.0
172.44589018821716, 112.0
172.44589710235596, 242.0
172.44590020179749, 281.0
172.44590592384338, 280.0
172.44592118263245, 27.0
172.44592809677124, 282.0
172.4459331035614, 27.0
172.44593906402588, 188.0
172.44594621658325, 152.0
172.4459490776062, 244.0
172.44595217704773, 226.0
172.44595408439636, 107.0
172.44596314430237, 288.0
172.4459662437439, 285.0
172.44596934318542, 231.0
172.4459719657898, 284.0
172.44597506523132, 130.0
172.44597911834717, 130.0
172.44598722457886, 230.0
172.44599032402039, 112.0
172.44599294662476, 209.0
172.4459991455078, 150.0
172.44600200653076, 291.0
172.44600701332092, 191.0
172.44601607322693, 173.0
172.44601917266846, 117.0
172.44602227210999, 117.0
172.44602823257446, 292.0
172.4460310935974, 175.0
172.44603395462036, 102.0
172.4460391998291, 236.0
172.44604325294495, 131.0
172.44604921340942, 200.0
172.44605422019958, 243.0
172.44605708122253, 182.0
172.4460632801056, 147.0
172.44606590270996, 193.0
172.4460690021515, 184.0
172.44607615470886, 273.0
172.44608116149902, 181.0
172.44608426094055, 135.0
172.44608616828918, 244.0
172.44608998298645, 258.0
172.44609308242798, 192.0
172.44609713554382, 106.0
172.44609904289246, 220.0
172.44610214233398, 131.0
172.44610619544983, 202.0
172.44610905647278, 125.0
172.44611620903015, 193.0
172.44611930847168, 133.0
172.44612216949463, 209.0
172.44612503051758, 175.0
172.446129322052, 282.0
172.44613194465637, 121.0
172.44613409042358, 45.0
172.44614028930664, 255.0
172.44614505767822, 98.0
172.4461510181427, 140.0
172.44615602493286, 277.0
172.44616293907166, 229.0
172.44616723060608, 189.0
172.44617009162903, 236.0
172.44617295265198, 211.0
172.44617915153503, 194.0
172.44618225097656, 144.0
172.4461851119995, 274.0
172.44618821144104, 83.0
172.4461932182312, 224.0
172.4462010860443, 80.0
172.44620418548584, 248.0
172.4462080001831, 266.0
172.4462170600891, 255.0
172.44622206687927, 170.0
172.4462251663208, 241.0
172.44622802734375, 205.0
172.44623112678528, 194.0
172.4462342262268, 71.0
172.4462411403656, 207.0
172.44624304771423, 49.0
172.44624614715576, 151.0
172.4462490081787, 159.0
172.44625210762024, 158.0
172.44625616073608, 249.0
172.44626212120056, 139.0
172.44626832008362, 179.0
172.44627118110657, 227.0
172.4462752342224, 192.0
172.44627714157104, 242.0
172.446280002594, 218.0
172.44628310203552, 223.0
172.44628810882568, 169.0
172.44629096984863, 166.0
172.44629406929016, 258.0
172.4462993144989, 129.0
172.44630312919617, 218.0
172.4463062286377, 157.0
172.44630932807922, 115.0
172.4463119506836, 222.0
172.4463140964508, 185.0
172.44631814956665, 177.0
172.44632124900818, 130.0
172.44632506370544, 26.0
172.44632816314697, 122.0
172.44633412361145, 207.0
172.44633722305298, 106.0
172.4463450908661, 173.0
172.44634914398193, 188.0
172.44635224342346, 103.0
172.44635391235352, 90.0
172.4463610649109, 190.0
172.44636607170105, 195.0
172.4463722705841, 237.0
172.44637537002563, 186.0
172.44637799263, 183.0
172.44638109207153, 226.0
172.44638419151306, 142.0
172.446387052536, 38.0
172.44639015197754, 76.0
172.44639325141907, 172.0
172.4463951587677, 235.0
172.44639801979065, 101.0
172.4464020729065, 53.0
172.4464042186737, 153.0
172.44641208648682, 218.0
172.4464180469513, 220.0
172.44641995429993, 240.0
172.44642424583435, 20.0
172.4464282989502, 145.0
172.4464340209961, 249.0
172.44643712043762, 72.0
172.44643998146057, 139.0
172.4464430809021, 52.0
172.4464499950409, 245.0
172.44645524024963, 212.0
172.44645810127258, 234.0
172.44646096229553, 162.0
172.44646501541138, 135.0
172.4464681148529, 245.0
172.44647407531738, 230.0
172.44648122787476, 149.0
172.44648599624634, 232.0
172.44649028778076, 190.0
172.44649291038513, 170.0
172.4464991092682, 126.0
172.44650030136108, 184.0
172.44650316238403, 210.0
172.44650602340698, 224.0
172.4465091228485, 65.0
172.44651222229004, 130.0
172.446515083313, 195.0
172.44651818275452, 214.0
172.44652009010315, 113.0
172.44652819633484, 132.0
172.4465310573578, 127.0
172.44653701782227, 158.0
172.44654321670532, 207.0
172.44654512405396, 152.0
172.4465479850769, 133.0
172.44655513763428, 232.0
172.44655799865723, 187.0
172.44656109809875, 97.0
172.44656419754028, 80.0
172.4465672969818, 174.0
172.44657015800476, 232.0
172.4465742111206, 185.0
172.44658017158508, 180.0
172.44658613204956, 212.0
172.44658994674683, 214.0
172.44659304618835, 195.0
172.4465970993042, 150.0
172.44660305976868, 113.0
172.44660925865173, 113.0
172.4466152191162, 122.0
172.44661831855774, 115.0
172.44662308692932, 108.0
172.44662618637085, 186.0
172.44662928581238, 101.0
172.44663190841675, 156.0
172.44663500785828, 128.0
172.4466371536255, 176.0
172.44664025306702, 217.0
172.44664812088013, 221.0
172.44665122032166, 34.0
172.4466531276703, 210.0
172.44665598869324, 211.0
172.44665908813477, 101.0
172.44666290283203, 195.0
172.4466691017151, 196.0
172.44667220115662, 207.0
172.44667506217957, 75.0
172.4466769695282, 132.0
172.44668006896973, 121.0
172.44668436050415, 143.0
172.44669008255005, 114.0
172.44669318199158, 162.0
172.44669604301453, 153.0
172.44669914245605, 72.0
172.4467053413391, 181.0
172.446711063385, 133.0
172.44671630859375, 85.0
172.4467191696167, 146.0
172.44672107696533, 76.0
172.44672417640686, 154.0
172.4467270374298, 195.0
172.44673013687134, 166.0
172.44673323631287, 56.0
172.4467363357544, 142.0
172.44673895835876, 144.0
172.4467430114746, 195.0
172.4467489719391, 197.0
172.4467511177063, 192.0
172.44675612449646, 81.0
172.44676113128662, 211.0
172.44676518440247, 206.0
172.44677114486694, 106.0
172.4467740058899, 36.0
172.44677710533142, 91.0
172.44678020477295, 55.0
172.4467830657959, 190.0
172.44678711891174, 196.0
172.44679021835327, 101.0
172.44679307937622, 183.0
172.44679617881775, 206.0
172.44679927825928, 84.0
172.44680190086365, 88.0
172.44680500030518, 88.0
172.4468080997467, 113.0
172.44681119918823, 163.0
172.4468150138855, 117.0
172.44681811332703, 198.0
172.4468240737915, 203.0
172.44682717323303, 64.0
172.44683027267456, 72.0
172.44683504104614, 193.0
172.44683814048767, 82.0
172.4468412399292, 125.0
172.44684433937073, 90.0
172.4468469619751, 137.0
172.44685316085815, 194.0
172.44686317443848, 153.0
172.44686794281006, 193.0
172.4468710422516, 199.0
172.446875333786, 140.0
172.4468810558319, 152.0
172.44688415527344, 140.0
172.44688725471497, 58.0
172.44689011573792, 8.0
172.44689416885376, 168.0
172.44689893722534, 187.0
172.44690203666687, 167.0
172.4469051361084, 198.0
172.44690823554993, 178.0
172.44691014289856, 168.0
172.4469130039215, 106.0
172.44691610336304, 98.0
172.44691824913025, 196.0
172.44692730903625, 186.0
172.44692993164062, 74.0
172.44693207740784, 33.0
172.44693517684937, 33.0
172.4469382762909, 168.0
172.4469439983368, 77.0
172.446946144104, 190.0
172.44694709777832, 117.0
172.44694828987122, 138.0
172.4469530582428, 157.0
172.44695401191711, 42.0
172.44695520401, 105.0
172.44695615768433, 145.0
172.44695711135864, 101.0
172.44695806503296, 99.0
172.44695925712585, 97.0
172.44696021080017, 133.0
172.4469611644745, 148.0
172.4469621181488, 184.0
172.44696712493896, 157.0
172.44696807861328, 157.0
172.44696927070618, 85.0
172.4469702243805, 96.0
172.4469711780548, 79.0
172.44697213172913, 184.0
172.44697308540344, 90.0
172.44697403907776, 135.0
172.44697499275208, 174.0
172.44697618484497, 58.0
172.4469771385193, 139.0
172.4469780921936, 126.0
172.44697904586792, 174.0
172.44697904586792, 124.0
172.44698023796082, 183.0
172.44698119163513, 181.0
172.44698214530945, 81.0
172.44698309898376, 112.0
172.44698405265808, 108.0
172.4469850063324, 86.0
172.4469859600067, 75.0
172.44698810577393, 128.0
172.44698905944824, 82.0
172.44699025154114, 122.0
172.44699120521545, 71.0
172.44699215888977, 60.0
172.44699716567993, 160.0
172.44699811935425, 152.0
172.44699907302856, 169.0
172.44700026512146, 95.0
172.44700121879578, 91.0
172.4470021724701, 114.0
172.4470031261444, 48.0
172.4470043182373, 39.0
172.4470043182373, 85.0
172.44700503349304, 108.0
172.44700598716736, 83.0
172.44700717926025, 120.0
172.44700813293457, 169.0
172.44701218605042, 132.0
172.44701313972473, 58.0
172.44701433181763, 107.0
172.44701528549194, 170.0
172.44701600074768, 70.0
172.447016954422, 35.0
172.4470181465149, 82.0
172.44702219963074, 141.0
172.447026014328, 162.0
172.44703006744385, 172.0
172.44703102111816, 67.0
172.44703221321106, 96.0
172.44703316688538, 94.0
172.44703698158264, 124.0
172.44703793525696, 125.0
172.4470431804657, 135.0
172.44704413414001, 155.0
172.4470453262329, 84.0
172.44704627990723, 50.0
172.44704627990723, 111.0
172.44704699516296, 124.0
172.4470510482788, 127.0
172.44705319404602, 115.0
172.44705510139465, 69.0
172.44705724716187, 128.0
172.44705891609192, 41.0
172.44706106185913, 103.0
172.44706320762634, 155.0
172.44706511497498, 130.0
172.4470672607422, 86.0
172.44706892967224, 149.0
172.44707107543945, 34.0
172.44707322120667, 152.0
172.4470751285553, 147.0
172.4470772743225, 155.0
172.44707918167114, 108.0
172.44708108901978, 161.0
172.4470829963684, 61.0
172.44708514213562, 101.0
172.44708728790283, 131.0
172.44708919525146, 91.0
172.4470911026001, 132.0
172.44709300994873, 116.0
172.44709515571594, 154.0
172.44709706306458, 133.0
172.4470992088318, 60.0
172.44710302352905, 90.0
172.44710516929626, 145.0
172.44710612297058, 118.0
172.44711208343506, 143.0
172.4471139907837, 135.0
172.4471161365509, 155.0
172.44712114334106, 100.0
172.4471230506897, 64.0
172.4471251964569, 156.0
172.44712710380554, 107.0
172.44712924957275, 138.0
172.4471311569214, 65.0
172.44713401794434, 119.0
172.44713616371155, 80.0
172.44713807106018, 138.0
172.4471411705017, 95.0
172.44714403152466, 145.0
172.44714903831482, 148.0
172.44715118408203, 90.0
172.4471559524536, 122.0
172.44715809822083, 137.0
172.44716024398804, 132.0
172.44716215133667, 47.0
172.44716429710388, 142.0
172.44716715812683, 97.0
172.44716906547546, 134.0
172.44717121124268, 67.0
172.4471731185913, 108.0
172.44717502593994, 136.0
172.44717693328857, 127.0
172.4471790790558, 108.0
172.4471800327301, 124.0
172.44718217849731, 131.0
172.44718432426453, 61.0
172.44718599319458, 119.0
172.4471881389618, 103.0
172.44719004631042, 113.0
172.44719219207764, 120.0
172.44719409942627, 133.0
172.44719624519348, 143.0
172.44720220565796, 124.0
172.4472041130066, 129.0
172.4472062587738, 103.0
172.44720792770386, 80.0
172.44720911979675, 77.0
172.44721102714539, 77.0
172.4472131729126, 94.0
172.44721508026123, 47.0
172.44721722602844, 121.0
172.44721913337708, 27.0
172.4472210407257, 93.0
172.44722318649292, 110.0
172.44722509384155, 139.0
172.44722723960876, 50.0
172.44722819328308, 123.0
172.44722890853882, 123.0
172.44723320007324, 84.0
172.44723415374756, 44.0
172.44723510742188, 22.0
172.44723629951477, 91.0
172.4472372531891, 61.0
172.4472382068634, 84.0
172.44723892211914, 131.0
172.44724011421204, 128.0
172.44724202156067, 79.0
172.44724321365356, 108.0
172.44724416732788, 77.0
172.44724822044373, 131.0
172.44724917411804, 123.0
172.44725012779236, 87.0
172.44725108146667, 113.0
172.447252035141, 124.0
172.4472529888153, 37.0
172.4472529888153, 56.0
172.4472541809082, 61.0
172.44725608825684, 118.0
172.44725608825684, 76.0
172.44725728034973, 91.0
172.44725823402405, 72.0
172.44725918769836, 96.0
172.44726014137268, 73.0
172.447261095047, 69.0
172.4472620487213, 94.0
172.44726300239563, 85.0
172.44726300239563, 120.0
172.44726419448853, 101.0
172.447270154953, 98.0
172.4472713470459, 84.0
172.44727206230164, 54.0
172.44727301597595, 114.0
172.44727396965027, 82.0
172.44727516174316, 85.0
172.44727611541748, 75.0
172.4472770690918, 95.0
172.4472782611847, 36.0
172.447279214859, 18.0
172.44728016853333, 105.0
172.44728016853333, 99.0
172.44728112220764, 57.0
172.44728207588196, 116.0
172.4472839832306, 54.0
172.4472851753235, 96.0
172.4472861289978, 29.0
172.44728708267212, 53.0
172.44728803634644, 92.0
172.44728922843933, 46.0
172.44729018211365, 112.0
172.44729018211365, 73.0
172.44729113578796, 27.0
172.44729232788086, 27.0
172.44729232788086, 109.0
172.4472930431366, 62.0
172.4472939968109, 85.0
172.44729495048523, 76.0
172.44729614257812, 92.0
172.44729709625244, 59.0
172.44729804992676, 86.0
172.44729924201965, 25.0
172.44730019569397, 64.0
172.44730019569397, 92.0
172.4473011493683, 67.0
172.44730234146118, 69.0
172.44730305671692, 91.0
172.44730401039124, 16.0
172.44730496406555, 67.0
172.44730496406555, 17.0
172.44730615615845, 91.0
172.44730710983276, 87.0
172.44730806350708, 24.0
172.44730925559998, 29.0
172.4473102092743, 30.0
172.4473111629486, 39.0
172.44731211662292, 40.0
172.44731330871582, 87.0
172.44731402397156, 59.0
172.44731497764587, 66.0
172.44731616973877, 77.0
172.4473180770874, 99.0
