0.010815858840942383, 5495.0
0.0197601318359375, 6410.0
0.028862953186035156, 6410.0
0.0381009578704834, 7484.0
0.047807931900024414, 7579.0
0.05737018585205078, 8077.0
0.06682991981506348, 8167.0
0.07623910903930664, 8216.0
0.08643603324890137, 8638.0
0.09642219543457031, 8788.0
0.10637521743774414, 8788.0
0.1160590648651123, 8990.0
0.12662291526794434, 8990.0
0.137404203414917, 9147.0
0.14703893661499023, 9147.0
0.15660619735717773, 9147.0
0.16597390174865723, 9147.0
0.17531108856201172, 9147.0
0.18593406677246094, 9147.0
0.19756698608398438, 9147.0
0.2070169448852539, 9147.0
0.21656107902526855, 9147.0
0.22603797912597656, 9147.0
0.23547005653381348, 9147.0
0.24496984481811523, 9147.0
0.2546260356903076, 9147.0
0.26428794860839844, 9147.0
0.2737300395965576, 9147.0
0.28296589851379395, 9147.0
0.29223203659057617, 9147.0
0.30155205726623535, 9147.0
0.3108961582183838, 9147.0
0.3202381134033203, 9147.0
0.32953500747680664, 9147.0
0.33883213996887207, 9147.0
0.3481261730194092, 9147.0
0.3574819564819336, 9147.0
0.36685800552368164, 9147.0
0.3761930465698242, 9147.0
0.3857882022857666, 9147.0
0.39525914192199707, 9147.0
0.4046440124511719, 9147.0
0.4139251708984375, 9147.0
0.4232161045074463, 9147.0
0.43279409408569336, 9147.0
0.44229602813720703, 9147.0
0.4514119625091553, 9147.0
0.4604761600494385, 9147.0
0.4695301055908203, 9147.0
0.47858095169067383, 9147.0
0.48758912086486816, 9147.0
0.49661803245544434, 9147.0
0.505652904510498, 9147.0
0.5146830081939697, 9147.0
0.5237381458282471, 9147.0
0.5327751636505127, 9147.0
0.5418059825897217, 9147.0
0.550800085067749, 9147.0
0.5598170757293701, 9147.0
0.5688180923461914, 9147.0
0.5778281688690186, 9147.0
0.5868279933929443, 9147.0
0.5958278179168701, 9147.0
0.604830265045166, 9147.0
0.6138501167297363, 9147.0
0.6228749752044678, 9147.0
0.6319079399108887, 9147.0
0.6409058570861816, 9147.0
0.6499030590057373, 9147.0
0.6589059829711914, 9147.0
0.6679039001464844, 9147.0
0.6769042015075684, 9147.0
0.6859071254730225, 9147.0
0.6949059963226318, 9147.0
0.7038979530334473, 9147.0
0.7129051685333252, 9147.0
0.7218880653381348, 9147.0
0.7308578491210938, 9147.0
0.7398598194122314, 9147.0
0.7488460540771484, 9147.0
0.7578401565551758, 9147.0
0.7668368816375732, 9147.0
0.7758262157440186, 9147.0
0.7849910259246826, 9147.0
0.7941741943359375, 9147.0
0.8037421703338623, 9147.0
0.8131000995635986, 9147.0
0.8226139545440674, 9147.0
0.8319699764251709, 9147.0
0.8411948680877686, 9147.0
0.850445032119751, 9147.0
0.859821081161499, 9147.0
0.8688030242919922, 9147.0
0.877964973449707, 9147.0
0.887178897857666, 9147.0
0.8963930606842041, 9147.0
0.9055831432342529, 9147.0
0.9148039817810059, 9147.0
0.9240500926971436, 9147.0
0.9334151744842529, 9147.0
0.9426689147949219, 9147.0
0.952078104019165, 9147.0
0.9615359306335449, 9147.0
0.9709110260009766, 9147.0
0.9801430702209473, 9147.0
0.9894649982452393, 9147.0
0.9986600875854492, 9147.0
1.0078229904174805, 9147.0
1.0171802043914795, 9147.0
1.026386022567749, 9147.0
1.035470962524414, 9147.0
1.0446341037750244, 9147.0
1.0537691116333008, 9147.0
1.062912940979004, 9147.0
1.0719830989837646, 9147.0
1.081068992614746, 9147.0
1.0901579856872559, 9147.0
1.0992419719696045, 9147.0
1.108337163925171, 9147.0
1.1176528930664062, 9147.0
1.1269161701202393, 9147.0
1.136296033859253, 9147.0
1.14559006690979, 9147.0
1.1548950672149658, 9147.0
1.1641662120819092, 9147.0
1.1734809875488281, 9147.0
1.1828248500823975, 9147.0
1.1920061111450195, 9147.0
1.2013120651245117, 9147.0
1.2108230590820312, 9147.0
1.220250129699707, 9147.0
1.2294111251831055, 9147.0
1.2387781143188477, 9147.0
1.2479231357574463, 9147.0
1.257106065750122, 9147.0
1.2666301727294922, 9147.0
1.2762510776519775, 9147.0
1.285661220550537, 9147.0
1.2950189113616943, 9147.0
1.3045270442962646, 9147.0
1.3140289783477783, 9147.0
1.3235199451446533, 9147.0
1.3331849575042725, 9147.0
1.3426659107208252, 9147.0
1.3523030281066895, 9147.0
1.3616061210632324, 9147.0
1.371169090270996, 9147.0
1.3805201053619385, 9147.0
1.3898179531097412, 9147.0
1.3995640277862549, 9147.0
1.4090180397033691, 9147.0
1.4184439182281494, 9147.0
1.4279148578643799, 9147.0
1.4377410411834717, 9147.0
1.447422981262207, 9147.0
1.457895040512085, 9147.0
1.4678211212158203, 9147.0
1.477851152420044, 9147.0
1.4872901439666748, 9147.0
1.4966819286346436, 9147.0
1.506019115447998, 9147.0
1.5156259536743164, 9147.0
1.5250029563903809, 9147.0
1.5344629287719727, 9147.0
1.5438971519470215, 9147.0
1.5532450675964355, 9147.0
1.5625278949737549, 9147.0
1.5718610286712646, 9147.0
1.5811970233917236, 9147.0
1.5905430316925049, 9147.0
1.5998802185058594, 9147.0
1.6091899871826172, 9147.0
1.6186339855194092, 9147.0
1.6279611587524414, 9147.0
1.6373381614685059, 9147.0
1.646785020828247, 9147.0
1.6562731266021729, 9147.0
1.6655762195587158, 9147.0
1.6749980449676514, 9147.0
1.684622049331665, 9147.0
1.694277048110962, 9147.0
1.7038462162017822, 9147.0
1.7134020328521729, 9147.0
1.7231972217559814, 9147.0
1.7328190803527832, 9147.0
1.7421350479125977, 9147.0
1.7514750957489014, 9147.0
1.7608702182769775, 9147.0
1.7716820240020752, 9147.0
1.7876760959625244, 9147.0
1.7978229522705078, 9147.0
1.807647943496704, 9147.0
1.8181800842285156, 9147.0
1.8283381462097168, 9147.0
1.83833909034729, 9147.0
1.847870111465454, 9147.0
1.8572919368743896, 9147.0
1.867966890335083, 9147.0
1.877223014831543, 9147.0
1.8864281177520752, 9147.0
1.8957889080047607, 9147.0
