0.049767255783081055, 4015.0
0.08696293830871582, 4379.0
0.1244051456451416, 4379.0
0.16195011138916016, 4575.0
0.19960498809814453, 4575.0
0.237443208694458, 4715.0
0.2753932476043701, 4802.0
0.3137481212615967, 5096.0
0.3521561622619629, 5105.0
0.3906102180480957, 5385.0
0.429502010345459, 5385.0
0.468311071395874, 5496.0
0.5070500373840332, 5776.0
0.5460343360900879, 5776.0
0.5850791931152344, 5776.0
0.6241590976715088, 5874.0
0.663336992263794, 5958.0
0.7025811672210693, 6075.0
0.7419991493225098, 6286.0
0.7814300060272217, 6286.0
0.820918083190918, 6286.0
0.8605251312255859, 6286.0
0.9001321792602539, 6286.0
0.93979811668396, 6311.0
0.9794611930847168, 6496.0
1.0195720195770264, 6496.0
1.0600011348724365, 6504.0
1.0997672080993652, 6515.0
1.1395490169525146, 6611.0
1.1793701648712158, 6617.0
1.2191932201385498, 6617.0
1.2590901851654053, 6660.0
1.2991392612457275, 6660.0
1.3391649723052979, 6710.0
1.3792612552642822, 6710.0
1.4199953079223633, 6710.0
1.4604191780090332, 6710.0
1.500472068786621, 6784.0
1.5405182838439941, 6784.0
1.5806972980499268, 6784.0
1.6207351684570312, 6808.0
1.6608891487121582, 6808.0
1.7009379863739014, 6810.0
1.7411110401153564, 6813.0
1.7811710834503174, 6813.0
1.822357177734375, 6813.0
1.8627912998199463, 6816.0
1.904480218887329, 6816.0
1.946021318435669, 6816.0
1.9866621494293213, 6816.0
2.0270771980285645, 6816.0
2.0675511360168457, 6816.0
2.108025312423706, 6914.0
2.1483631134033203, 6914.0
2.188753366470337, 6914.0
2.229060173034668, 6914.0
2.2695302963256836, 6914.0
2.3099350929260254, 6914.0
2.3503382205963135, 6914.0
2.390759229660034, 6914.0
2.431154251098633, 6915.0
2.4715001583099365, 6915.0
2.5118930339813232, 6915.0
2.552131175994873, 6915.0
2.5923919677734375, 6916.0
2.6327362060546875, 6916.0
2.673081159591675, 6916.0
2.7136621475219727, 6916.0
2.7538580894470215, 6916.0
2.7942092418670654, 6916.0
2.834568977355957, 6916.0
2.8752450942993164, 6916.0
2.915525197982788, 6916.0
2.9558310508728027, 6916.0
2.996049165725708, 6916.0
3.0364491939544678, 6916.0
3.077481985092163, 6916.0
3.118840217590332, 6916.0
3.1600232124328613, 6917.0
3.201266288757324, 6917.0
3.2439072132110596, 6917.0
3.285527229309082, 6917.0
3.3265202045440674, 6917.0
3.367608070373535, 6917.0
3.408771276473999, 6917.0
3.4500622749328613, 6917.0
3.491572141647339, 6917.0
3.5331332683563232, 6917.0
3.5744152069091797, 6917.0
3.614537000656128, 6917.0
3.654649257659912, 6917.0
3.694845199584961, 6917.0
3.7350542545318604, 6917.0
3.7751760482788086, 6917.0
3.8153481483459473, 6917.0
3.8566441535949707, 6917.0
3.8982059955596924, 6917.0
3.9391040802001953, 6917.0
3.980032205581665, 6917.0
4.020961046218872, 6917.0
4.061902284622192, 6917.0
4.1030871868133545, 6917.0
4.144153118133545, 6917.0
4.185134172439575, 6917.0
4.226022243499756, 6917.0
4.266934156417847, 6917.0
4.307881116867065, 6917.0
4.349443197250366, 6917.0
4.390702247619629, 6917.0
4.432532072067261, 6917.0
4.4739601612091064, 6917.0
4.515144109725952, 6917.0
4.556196212768555, 6917.0
4.5971362590789795, 6917.0
4.6380321979522705, 6917.0
4.679656028747559, 6917.0
4.721662998199463, 6917.0
4.763751268386841, 6917.0
4.805903196334839, 6917.0
4.849193096160889, 6917.0
4.8917131423950195, 6917.0
4.933415174484253, 6917.0
4.975212097167969, 6917.0
5.016824245452881, 6917.0
5.059038162231445, 6917.0
5.101276159286499, 6917.0
5.143536329269409, 6917.0
5.185452222824097, 6917.0
5.226312160491943, 6917.0
5.267058372497559, 6917.0
5.307910203933716, 6917.0
5.348734140396118, 6917.0
5.389636278152466, 6917.0
5.431084156036377, 6917.0
5.472208261489868, 6917.0
5.512973070144653, 6917.0
5.553857088088989, 6917.0
5.594566345214844, 6917.0
5.635193109512329, 6917.0
5.676025152206421, 6917.0
5.716799020767212, 6917.0
5.757654190063477, 6917.0
5.798453092575073, 6917.0
5.839146137237549, 6917.0
5.880016326904297, 6917.0
5.921961069107056, 6917.0
5.9626991748809814, 6917.0
6.003385305404663, 6917.0
6.04506516456604, 6917.0
6.086115121841431, 6917.0
6.1267781257629395, 6917.0
6.16750693321228, 6917.0
6.20818305015564, 6917.0
6.2488062381744385, 6917.0
6.289490222930908, 6917.0
6.330101013183594, 6917.0
6.370777130126953, 6917.0
6.411354303359985, 6917.0
6.451911926269531, 6917.0
6.492505311965942, 6917.0
6.533127307891846, 6917.0
6.573782205581665, 6917.0
6.61443829536438, 6917.0
6.655060052871704, 6917.0
6.6956071853637695, 6917.0
6.736210346221924, 6917.0
6.776923179626465, 6917.0
6.8174591064453125, 6917.0
6.858088970184326, 6917.0
6.89859938621521, 6917.0
6.939247131347656, 6917.0
6.979784965515137, 6917.0
7.020370244979858, 6917.0
7.060850381851196, 6917.0
7.10150408744812, 6917.0
7.142096281051636, 6917.0
7.1828532218933105, 6917.0
7.2236292362213135, 6917.0
7.26423716545105, 6917.0
7.304818391799927, 6917.0
7.345438003540039, 6917.0
7.385984182357788, 6917.0
7.426543235778809, 6917.0
7.466982364654541, 6917.0
7.5075390338897705, 6917.0
7.548040151596069, 6917.0
7.588582277297974, 6917.0
7.629085063934326, 6917.0
7.669609069824219, 6917.0
7.710206031799316, 6917.0
7.75069522857666, 6917.0
7.791191101074219, 6917.0
7.831648111343384, 6917.0
7.872236251831055, 6917.0
7.912761211395264, 6917.0
7.954982280731201, 6917.0
7.99546217918396, 6917.0
8.036056280136108, 6917.0
8.076614141464233, 6917.0
8.117229223251343, 6917.0
8.157839298248291, 6917.0
