1.064880132675171, 51726.0
1.8142921924591064, 51978.0
2.5583789348602295, 52353.0
3.3016860485076904, 53503.0
4.0481719970703125, 53534.0
4.8137900829315186, 53829.0
5.5690741539001465, 53829.0
6.337668180465698, 54309.0
7.091791152954102, 54842.0
7.860811948776245, 54842.0
8.602703094482422, 54842.0
9.344418048858643, 55237.0
10.097406148910522, 55649.0
10.848018169403076, 55811.0
11.60057520866394, 55852.0
12.343808889389038, 56036.0
13.084174156188965, 56534.0
13.834463119506836, 57360.0
14.58393406867981, 57360.0
15.346228122711182, 57377.0
16.096557140350342, 57807.0
16.850702047348022, 58162.0
17.6026930809021, 58162.0
18.35363507270813, 58264.0
19.105429887771606, 58710.0
19.8592050075531, 58710.0
20.61494493484497, 59017.0
21.372111082077026, 59041.0
22.121499061584473, 59183.0
22.874908208847046, 59405.0
23.631644248962402, 59636.0
24.384761095046997, 59636.0
25.13690423965454, 59636.0
25.89189124107361, 59802.0
26.64609408378601, 60122.0
27.400543212890625, 60451.0
28.14854407310486, 60451.0
28.904436111450195, 60451.0
29.660459995269775, 60650.0
30.41549301147461, 60650.0
31.174312114715576, 61042.0
31.931450128555298, 61135.0
32.69190502166748, 61135.0
33.44392204284668, 61135.0
34.192339181900024, 61504.0
34.945965051651, 61504.0
35.69500207901001, 61539.0
36.45399808883667, 61539.0
37.21575117111206, 61880.0
37.977604150772095, 62147.0
38.732043981552124, 62147.0
39.49255013465881, 62233.0
40.250020027160645, 62535.0
41.0062620639801, 62535.0
41.76961612701416, 62584.0
42.531514167785645, 62675.0
43.29023814201355, 62778.0
44.051361083984375, 62949.0
44.811700105667114, 62949.0
45.572447299957275, 63015.0
46.33457708358765, 63494.0
47.097424030303955, 63494.0
47.86092519760132, 63560.0
48.62030506134033, 63604.0
49.371153116226196, 63748.0
50.13227701187134, 64129.0
50.893632888793945, 64129.0
51.6565260887146, 64129.0
52.42270827293396, 64345.0
53.19135808944702, 64364.0
53.95960593223572, 64705.0
54.72358798980713, 64705.0
55.48625302314758, 64705.0
56.24988102912903, 64705.0
57.01154088973999, 64705.0
57.77710819244385, 64833.0
58.5358030796051, 65033.0
59.29763126373291, 65033.0
60.06140422821045, 65033.0
60.82395792007446, 65095.0
61.58245611190796, 65837.0
62.34138202667236, 65837.0
63.09551000595093, 65949.0
63.85422897338867, 65993.0
64.61806011199951, 65997.0
65.37944221496582, 66191.0
66.14537000656128, 66191.0
66.91203498840332, 66446.0
67.67785000801086, 66446.0
68.43948793411255, 66446.0
69.20420122146606, 66446.0
69.96112298965454, 66451.0
70.73090100288391, 66534.0
71.49953722953796, 66534.0
72.26827216148376, 66534.0
73.03821110725403, 66595.0
73.8038010597229, 67218.0
74.57252192497253, 67218.0
75.33000111579895, 67218.0
76.08762216567993, 67218.0
76.84783601760864, 67218.0
77.61392712593079, 67218.0
78.38201594352722, 67238.0
79.15596508979797, 67338.0
79.92872500419617, 67338.0
80.70156908035278, 67483.0
81.4753930568695, 67483.0
82.2489001750946, 67798.0
83.02380895614624, 68107.0
83.79905724525452, 68107.0
84.57340097427368, 68264.0
85.33776092529297, 68264.0
86.11088299751282, 68303.0
86.88445401191711, 68303.0
87.65783214569092, 68303.0
88.42965507507324, 68303.0
89.2023651599884, 68303.0
89.97261714935303, 68303.0
90.74812722206116, 68626.0
91.51696610450745, 68626.0
92.28742909431458, 68626.0
93.06323027610779, 68626.0
93.83724904060364, 68766.0
94.60536909103394, 68826.0
95.38159513473511, 69093.0
96.15555906295776, 69093.0
96.93099904060364, 69196.0
97.70205807685852, 69196.0
98.47528314590454, 69349.0
99.24958109855652, 69349.0
100.02205109596252, 69359.0
100.78959107398987, 69647.0
101.56437611579895, 69647.0
102.33336591720581, 69647.0
103.10868120193481, 69846.0
103.88183116912842, 69846.0
104.65112328529358, 69846.0
105.42430210113525, 69846.0
106.1949360370636, 70005.0
106.97122025489807, 70005.0
107.74809312820435, 70005.0
108.52316999435425, 70005.0
109.29771614074707, 70005.0
110.07017421722412, 70072.0
110.84130716323853, 70174.0
111.61247992515564, 70174.0
112.38229298591614, 70346.0
113.15649914741516, 70346.0
113.9341139793396, 70520.0
114.70596599578857, 70520.0
115.47881007194519, 70692.0
116.25738215446472, 70692.0
117.03063106536865, 70692.0
117.80477905273438, 70839.0
118.58066296577454, 70839.0
119.35522031784058, 70860.0
120.12683629989624, 70860.0
120.89989113807678, 70898.0
121.68038702011108, 70898.0
122.45657014846802, 70898.0
123.23763298988342, 71211.0
124.0144202709198, 71211.0
124.78806591033936, 71308.0
125.57013607025146, 71308.0
126.3436210155487, 71308.0
127.12309408187866, 71343.0
127.8992669582367, 71343.0
128.67545914649963, 71610.0
129.45095896720886, 71610.0
130.22688102722168, 71713.0
131.00312328338623, 71713.0
131.78718304634094, 71713.0
132.5677752494812, 71877.0
133.34837293624878, 72194.0
134.12921524047852, 72194.0
134.9106752872467, 72194.0
135.69341206550598, 72194.0
136.47228002548218, 72218.0
137.2549901008606, 72218.0
138.0364499092102, 72361.0
138.81767225265503, 72401.0
139.6002721786499, 72401.0
140.3800401687622, 72401.0
141.15968704223633, 72451.0
141.940101146698, 72628.0
142.72236514091492, 72628.0
143.50133228302002, 72678.0
144.2813081741333, 72678.0
145.05768013000488, 72678.0
145.83346104621887, 72740.0
146.61100792884827, 73186.0
147.38609504699707, 73186.0
148.16819024085999, 73186.0
148.94870591163635, 73186.0
149.73047590255737, 73186.0
150.51508498191833, 73186.0
151.2961552143097, 73186.0
152.07909393310547, 73557.0
152.86236095428467, 73557.0
153.64967322349548, 73558.0
154.43442106246948, 73558.0
