0.00011491775512695312, 878.0
0.00022411346435546875, 1542.0
0.00032901763916015625, 2058.0
0.0004341602325439453, 2830.0
0.0006539821624755859, 2932.0
0.0008680820465087891, 2949.0
0.00180816650390625, 3066.0
0.014418840408325195, 3525.0
0.019845247268676758, 4414.0
0.02227926254272461, 5184.0
0.039433956146240234, 5230.0
0.03995490074157715, 5682.0
0.04037308692932129, 6377.0
0.04068613052368164, 6854.0
0.04101085662841797, 7713.0
0.04656410217285156, 8504.0
0.052626848220825195, 9257.0
0.05414104461669922, 9675.0
0.05439400672912598, 10217.0
0.08940601348876953, 10342.0
0.09212422370910645, 10555.0
0.09233522415161133, 10657.0
0.09275603294372559, 11134.0
0.09539198875427246, 11873.0
0.12290406227111816, 11882.0
0.12363696098327637, 12647.0
0.12405705451965332, 13093.0
0.12520909309387207, 13375.0
0.140167236328125, 13440.0
0.18867826461791992, 13897.0
0.1899549961090088, 13951.0
0.19132208824157715, 14357.0
0.19393515586853027, 14742.0
0.1944570541381836, 14900.0
0.19582414627075195, 15127.0
0.19728302955627441, 15253.0
0.19780302047729492, 15730.0
0.1991591453552246, 16316.0
0.23253822326660156, 16769.0
0.23952507972717285, 17303.0
0.980633020401001, 17329.0
0.9807391166687012, 17620.0
1.9303381443023682, 17677.0
1.9551029205322266, 17847.0
2.905129909515381, 18372.0
2.9056451320648193, 19039.0
2.907280206680298, 19576.0
2.9142279624938965, 19671.0
2.9154579639434814, 19903.0
2.925955057144165, 20161.0
3.728231191635132, 20351.0
3.7326090335845947, 20604.0
3.736577033996582, 20990.0
3.7398369312286377, 21477.0
3.7513301372528076, 21558.0
3.755829095840454, 21637.0
4.304450988769531, 21718.0
4.353445053100586, 21955.0
4.357100009918213, 22621.0
4.54597020149231, 22992.0
4.599542140960693, 23195.0
4.6069231033325195, 23681.0
4.616551876068115, 23780.0
5.38573694229126, 24191.0
5.914660215377808, 24244.0
6.019717216491699, 24270.0
