0.04894590377807617, 3148.0
0.08658504486083984, 3148.0
0.12429380416870117, 3205.0
0.1620180606842041, 3205.0
0.199415922164917, 3309.0
0.23735594749450684, 3323.0
0.2754499912261963, 3382.0
0.31358885765075684, 3556.0
0.35190916061401367, 3629.0
0.39025092124938965, 3669.0
0.42864203453063965, 3669.0
0.46707892417907715, 3669.0
0.505540132522583, 3714.0
0.5441179275512695, 3714.0
0.5822000503540039, 3736.0
0.6207358837127686, 3801.0
0.6589360237121582, 3830.0
0.6972568035125732, 3845.0
0.7355577945709229, 3873.0
0.7738161087036133, 3959.0
0.8122429847717285, 3959.0
0.8506097793579102, 4086.0
0.8898639678955078, 4086.0
0.9282207489013672, 4086.0
0.9666218757629395, 4086.0
1.0050809383392334, 4086.0
1.0435519218444824, 4121.0
1.082050085067749, 4240.0
1.1205627918243408, 4240.0
1.1591179370880127, 4335.0
1.1987581253051758, 4337.0
1.237703800201416, 4337.0
1.2763819694519043, 4337.0
1.315025806427002, 4374.0
1.3536770343780518, 4374.0
1.3923687934875488, 4374.0
1.431044101715088, 4391.0
1.4697000980377197, 4402.0
1.5083661079406738, 4402.0
1.5470120906829834, 4403.0
1.5857410430908203, 4403.0
1.624405860900879, 4425.0
1.6630539894104004, 4425.0
1.701798915863037, 4425.0
1.740480899810791, 4425.0
1.779261827468872, 4425.0
1.8179948329925537, 4425.0
1.8567368984222412, 4425.0
1.8956520557403564, 4425.0
1.9345028400421143, 4425.0
1.9733829498291016, 4425.0
2.012176752090454, 4425.0
2.050969123840332, 4425.0
2.0897269248962402, 4425.0
2.1284117698669434, 4425.0
2.1671879291534424, 4425.0
2.205845832824707, 4425.0
2.244525909423828, 4425.0
2.283397912979126, 4425.0
2.3226749897003174, 4425.0
2.3616769313812256, 4425.0
2.400498867034912, 4425.0
2.4394350051879883, 4425.0
2.4783709049224854, 4425.0
2.517307758331299, 4425.0
2.556273937225342, 4425.0
2.595174789428711, 4425.0
2.634091854095459, 4425.0
2.6729440689086914, 4425.0
2.7117791175842285, 4425.0
2.7505950927734375, 4425.0
2.7894439697265625, 4425.0
2.828346014022827, 4425.0
2.8671998977661133, 4425.0
2.906130790710449, 4425.0
2.945007085800171, 4425.0
2.983875036239624, 4425.0
3.0229759216308594, 4425.0
3.062843084335327, 4425.0
3.1022450923919678, 4425.0
3.141158103942871, 4425.0
3.1801137924194336, 4425.0
3.2195980548858643, 4425.0
3.2593767642974854, 4425.0
3.2994589805603027, 4425.0
3.3395047187805176, 4425.0
3.3794198036193848, 4444.0
3.4194958209991455, 4444.0
3.4609479904174805, 4444.0
3.500861883163452, 4444.0
3.5405960083007812, 4444.0
3.5803377628326416, 4444.0
3.6200339794158936, 4445.0
3.660223960876465, 4445.0
3.7005019187927246, 4445.0
3.740694999694824, 4445.0
3.7806031703948975, 4445.0
3.8193929195404053, 4445.0
3.858276128768921, 4445.0
3.8971948623657227, 4445.0
3.936047077178955, 4445.0
3.974992036819458, 4445.0
4.014012813568115, 4445.0
4.053026914596558, 4445.0
4.091952800750732, 4445.0
4.130906105041504, 4445.0
4.1698548793792725, 4445.0
4.208761930465698, 4445.0
4.24769401550293, 4445.0
4.28667688369751, 4445.0
4.3256261348724365, 4445.0
4.364443778991699, 4445.0
4.403609037399292, 4445.0
4.442569971084595, 4445.0
4.481622934341431, 4445.0
4.520542860031128, 4445.0
4.559636831283569, 4445.0
4.598493814468384, 4445.0
4.637423992156982, 4445.0
4.676395893096924, 4445.0
4.715256929397583, 4445.0
4.754673957824707, 4445.0
4.794663906097412, 4445.0
4.834671974182129, 4445.0
4.874663829803467, 4445.0
4.914927005767822, 4445.0
4.956337928771973, 4445.0
4.996332883834839, 4445.0
5.036059141159058, 4445.0
5.075841903686523, 4445.0
5.1155970096588135, 4445.0
5.155704021453857, 4445.0
5.195981025695801, 4445.0
5.237143039703369, 4445.0
5.278056859970093, 4445.0
5.317055940628052, 4445.0
5.355976819992065, 4445.0
5.3948798179626465, 4445.0
5.433696031570435, 4445.0
5.472678899765015, 4445.0
5.511567115783691, 4445.0
5.55052375793457, 4445.0
5.58940315246582, 4445.0
5.628261089324951, 4445.0
5.667041063308716, 4445.0
5.705873966217041, 4445.0
5.74470591545105, 4445.0
5.783625841140747, 4445.0
5.822566747665405, 4445.0
5.861633062362671, 4445.0
5.900629997253418, 4445.0
5.939456939697266, 4445.0
5.97840690612793, 4445.0
6.017223834991455, 4445.0
6.056029796600342, 4445.0
6.094879865646362, 4445.0
6.133846044540405, 4445.0
6.172628879547119, 4445.0
6.211468935012817, 4445.0
6.250258922576904, 4445.0
6.289312839508057, 4445.0
6.328222990036011, 4445.0
6.367178916931152, 4445.0
6.405996084213257, 4445.0
6.4450249671936035, 4445.0
6.483888149261475, 4445.0
6.522877931594849, 4445.0
6.5617311000823975, 4445.0
6.600741147994995, 4445.0
6.639578104019165, 4445.0
6.678436994552612, 4445.0
6.717505931854248, 4445.0
6.756500005722046, 4445.0
6.795356750488281, 4445.0
6.834167003631592, 4445.0
6.873031854629517, 4445.0
6.911885023117065, 4445.0
6.950715065002441, 4445.0
6.989774942398071, 4445.0
7.028681993484497, 4445.0
7.067519903182983, 4445.0
7.106443881988525, 4445.0
7.145323991775513, 4445.0
7.184192895889282, 4445.0
7.223031044006348, 4445.0
7.261823892593384, 4445.0
7.302239894866943, 4445.0
7.34172797203064, 4445.0
7.380857944488525, 4445.0
7.420105934143066, 4445.0
7.459341049194336, 4445.0
7.498646974563599, 4445.0
7.537836074829102, 4445.0
7.577083110809326, 4445.0
7.616381883621216, 4445.0
7.655838966369629, 4445.0
7.695027828216553, 4445.0
7.734325885772705, 4445.0
7.773681879043579, 4445.0
7.812902927398682, 4445.0
7.85205602645874, 4445.0
