0.00020813941955566406, 284.0
0.0004131793975830078, 573.0
0.0006163120269775391, 1171.0
0.0008220672607421875, 1923.0
0.0010292530059814453, 1989.0
0.0012352466583251953, 2269.0
0.0014410018920898438, 3188.0
0.001644134521484375, 3991.0
0.0018470287322998047, 4186.0
0.0036563873291015625, 4805.0
0.037354230880737305, 5525.0
0.05986928939819336, 5653.0
0.06834030151367188, 6067.0
0.0698401927947998, 6462.0
0.1575331687927246, 7111.0
0.16249918937683105, 7453.0
0.16373825073242188, 7939.0
0.16457223892211914, 8656.0
0.16540312767028809, 8866.0
0.1662302017211914, 9657.0
0.16788911819458008, 10528.0
0.17824006080627441, 10649.0
0.1940312385559082, 11015.0
0.2205202579498291, 11023.0
0.23102617263793945, 11879.0
0.23239398002624512, 12098.0
0.2348942756652832, 12954.0
0.23613739013671875, 13646.0
0.23635029792785645, 13954.0
0.2392723560333252, 14651.0
0.2688882350921631, 14665.0
0.2873992919921875, 14704.0
0.2876112461090088, 15161.0
0.28782105445861816, 15591.0
0.3020920753479004, 15619.0
0.30333900451660156, 16238.0
0.3047921657562256, 16738.0
0.3578450679779053, 16964.0
0.4066810607910156, 17070.0
0.41753602027893066, 17183.0
0.42025017738342285, 17628.0
0.42046213150024414, 18626.0
0.6095333099365234, 19072.0
0.6103622913360596, 19952.0
0.61326003074646, 20221.0
0.6140921115875244, 20962.0
0.6180243492126465, 21101.0
0.6253020763397217, 21318.0
0.6311101913452148, 21533.0
0.6389281749725342, 22352.0
0.6424362659454346, 23188.0
0.647576093673706, 23316.0
0.6484100818634033, 23674.0
0.6490323543548584, 23892.0
0.6529462337493896, 24224.0
0.6556200981140137, 24344.0
0.6558341979980469, 24435.0
0.6595461368560791, 24641.0
0.6608192920684814, 24982.0
0.6633331775665283, 25428.0
0.6738240718841553, 25755.0
0.7283172607421875, 25929.0
0.7287333011627197, 26851.0
0.7358191013336182, 27570.0
0.7362360954284668, 27815.0
0.7387750148773193, 28571.0
0.7439882755279541, 29319.0
0.7485833168029785, 29714.0
0.7504491806030273, 29824.0
0.753568172454834, 30193.0
0.760749101638794, 31147.0
0.766249418258667, 31917.0
0.7766282558441162, 32379.0
6.674012184143066, 32638.0
7.245281219482422, 33075.0
7.248595237731934, 33160.0
7.2502782344818115, 33725.0
7.251734018325806, 34334.0
7.316981077194214, 34477.0
7.3287012577056885, 34484.0
7.377029180526733, 34501.0
7.377236366271973, 34722.0
7.379083156585693, 35085.0
7.379907131195068, 35429.0
7.644853115081787, 35488.0
7.66798210144043, 35619.0
7.671642303466797, 36184.0
7.681784152984619, 36437.0
7.690715312957764, 36672.0
7.695210218429565, 37442.0
8.073854207992554, 37466.0
8.075083017349243, 37474.0
8.170783996582031, 37853.0
8.1722092628479, 38095.0
8.178288221359253, 38389.0
8.179303169250488, 39038.0
8.237893104553223, 39469.0
8.304879188537598, 39538.0
8.30654001235962, 40038.0
8.30944013595581, 40283.0
8.438502311706543, 40375.0
8.441407203674316, 40503.0
8.447404146194458, 41072.0
8.451328039169312, 41080.0
8.453840255737305, 41871.0
8.846453189849854, 41949.0
8.865278244018555, 42430.0
8.969795227050781, 42484.0
8.977630376815796, 42582.0
8.978881120681763, 43346.0
10.15999722480774, 43628.0
10.19015121459961, 43654.0
10.209817171096802, 43775.0
10.21824836730957, 43962.0
10.229740142822266, 44710.0
10.247002124786377, 44733.0
10.278537273406982, 44918.0
10.298180103302002, 44960.0
10.59918737411499, 45498.0
10.627170085906982, 45795.0
10.639833211898804, 46166.0
11.71181321144104, 46250.0
11.727054119110107, 46371.0
11.899701118469238, 46473.0
12.175885200500488, 47369.0
12.332963228225708, 47719.0
12.338828086853027, 47845.0
12.495234251022339, 48153.0
12.641592264175415, 48162.0
12.802901983261108, 48264.0
14.103264093399048, 48526.0
