0.10052728652954102, 7290.0
0.17565011978149414, 7412.0
0.25109314918518066, 7789.0
0.32683801651000977, 8042.0
0.4032020568847656, 8180.0
0.48008012771606445, 8180.0
0.556901216506958, 8470.0
0.6338622570037842, 8573.0
0.7108023166656494, 8702.0
0.7880251407623291, 8885.0
0.8654870986938477, 9012.0
0.9431140422821045, 9074.0
1.0213770866394043, 9569.0
1.1000032424926758, 9569.0
1.1780431270599365, 9685.0
1.2563912868499756, 9821.0
1.3347971439361572, 10090.0
1.4134242534637451, 10483.0
1.4926693439483643, 10483.0
1.5722763538360596, 10483.0
1.6513781547546387, 10500.0
1.7313573360443115, 10874.0
1.8106181621551514, 10905.0
1.8908872604370117, 11169.0
1.9706830978393555, 11451.0
2.0527961254119873, 11451.0
2.133317232131958, 11451.0
2.21389102935791, 11676.0
2.294642210006714, 11676.0
2.3754451274871826, 11676.0
2.4564261436462402, 11974.0
2.536756992340088, 12026.0
2.617093086242676, 12026.0
2.6984431743621826, 12026.0
2.7796380519866943, 12376.0
2.861171245574951, 12376.0
2.941596269607544, 12376.0
3.0220563411712646, 12376.0
3.1030492782592773, 12567.0
3.183852195739746, 12567.0
3.2647602558135986, 12703.0
3.346511125564575, 12786.0
3.4295542240142822, 12786.0
3.513763189315796, 12980.0
3.59981632232666, 12980.0
3.6845743656158447, 12980.0
3.7686522006988525, 13128.0
3.853610038757324, 13128.0
3.9380061626434326, 13128.0
4.020431280136108, 13276.0
4.104052305221558, 13276.0
4.186069011688232, 13377.0
4.26894998550415, 13377.0
4.35186505317688, 13384.0
4.43476414680481, 13384.0
4.519158124923706, 13384.0
4.602128267288208, 13489.0
4.684982061386108, 13489.0
4.767728090286255, 13489.0
4.8516881465911865, 13586.0
4.936808347702026, 13586.0
5.023478031158447, 13586.0
5.108002185821533, 13586.0
5.192854166030884, 13587.0
5.278167009353638, 13587.0
5.362293004989624, 13683.0
5.445482969284058, 13683.0
5.528601169586182, 13683.0
5.61167311668396, 13683.0
5.6948370933532715, 13683.0
5.777702331542969, 13683.0
5.860757112503052, 13786.0
5.9437150955200195, 13786.0
6.027198314666748, 13786.0
6.113567113876343, 13786.0
6.197334051132202, 13786.0
6.280781030654907, 13789.0
6.364190340042114, 13789.0
6.447630167007446, 13789.0
6.531491041183472, 13789.0
6.61503005027771, 13789.0
6.698573112487793, 13856.0
6.781816244125366, 13889.0
6.865042209625244, 13889.0
6.948238134384155, 13889.0
7.031532049179077, 13889.0
7.1139912605285645, 13979.0
7.197294235229492, 13979.0
7.280713319778442, 13979.0
7.364079236984253, 13979.0
7.447103023529053, 13979.0
7.529857158660889, 13979.0
7.611937046051025, 13981.0
7.69504714012146, 13981.0
7.777115106582642, 13987.0
7.859157085418701, 13987.0
7.942010164260864, 13987.0
8.024946212768555, 13987.0
8.107890367507935, 13987.0
8.192183017730713, 13989.0
8.275132179260254, 13990.0
8.357484102249146, 13990.0
8.439577102661133, 13990.0
8.521844387054443, 14055.0
8.604041337966919, 14080.0
8.6862211227417, 14082.0
8.768239259719849, 14082.0
8.850396156311035, 14082.0
8.932383060455322, 14082.0
9.014315128326416, 14082.0
9.096615314483643, 14082.0
9.179732084274292, 14082.0
9.261934041976929, 14082.0
9.344865083694458, 14085.0
9.427114963531494, 14088.0
9.509073257446289, 14088.0
9.591269254684448, 14088.0
9.674222230911255, 14088.0
9.756470203399658, 14088.0
9.838426113128662, 14088.0
9.920348167419434, 14088.0
10.002286195755005, 14088.0
10.084175109863281, 14088.0
10.166313171386719, 14088.0
10.249431133270264, 14088.0
10.331330060958862, 14089.0
10.414300203323364, 14089.0
10.49626111984253, 14089.0
10.579210042953491, 14089.0
10.66127634048462, 14089.0
10.74427604675293, 14089.0
10.826499223709106, 14089.0
10.908578157424927, 14089.0
10.990698099136353, 14089.0
11.072788000106812, 14089.0
11.155018091201782, 14089.0
11.23708701133728, 14090.0
11.319473266601562, 14090.0
11.401516199111938, 14090.0
11.483821153640747, 14090.0
11.566148281097412, 14090.0
11.648495197296143, 14090.0
11.73062515258789, 14090.0
11.813779354095459, 14090.0
11.895930290222168, 14090.0
11.979003190994263, 14090.0
12.062180280685425, 14090.0
12.14433217048645, 14090.0
12.228654146194458, 14090.0
12.311084032058716, 14090.0
12.394230127334595, 14090.0
12.47656512260437, 14090.0
12.558702230453491, 14090.0
12.641147136688232, 14090.0
12.723355293273926, 14090.0
12.806570053100586, 14090.0
12.88992428779602, 14090.0
12.972187280654907, 14090.0
13.055367231369019, 14090.0
13.13832402229309, 14090.0
13.221505165100098, 14090.0
13.303657293319702, 14090.0
13.386855125427246, 14090.0
13.469956159591675, 14090.0
13.552199125289917, 14090.0
13.634509086608887, 14090.0
13.716644287109375, 14090.0
13.799737215042114, 14090.0
13.882054328918457, 14090.0
13.96421504020691, 14090.0
14.047226190567017, 14090.0
14.130560159683228, 14090.0
14.212661981582642, 14090.0
14.296501159667969, 14090.0
14.378704309463501, 14090.0
14.460973024368286, 14090.0
14.544163227081299, 14090.0
14.626565217971802, 14090.0
14.708693981170654, 14090.0
14.791813135147095, 14090.0
14.87415337562561, 14090.0
14.956247091293335, 14090.0
15.039480209350586, 14090.0
15.121758222579956, 14090.0
15.203838348388672, 14090.0
15.2869291305542, 14090.0
15.36918306350708, 14090.0
15.45127820968628, 14090.0
15.534321308135986, 14090.0
15.617375135421753, 14090.0
15.7002432346344, 14090.0
15.783198356628418, 14090.0
15.865313053131104, 14090.0
15.948318243026733, 14090.0
16.030386209487915, 14090.0
16.113397121429443, 14090.0
16.19608426094055, 14090.0
16.280362129211426, 14090.0
16.363083124160767, 14090.0
16.446065187454224, 14090.0
16.529218196868896, 14090.0
