0.5191519260406494, 37449.0
0.8887460231781006, 40471.0
1.2705950736999512, 44825.0
1.6435480117797852, 45352.0
2.031733989715576, 49515.0
2.4193620681762695, 56003.0
2.80879807472229, 56003.0
3.190113067626953, 59145.0
3.570340156555176, 59488.0
3.958899974822998, 61257.0
4.353835105895996, 66212.0
4.7475972175598145, 66991.0
5.134720087051392, 71038.0
5.524088144302368, 71787.0
5.913188934326172, 76820.0
6.2996439933776855, 81214.0
6.685347080230713, 81214.0
7.074164152145386, 81214.0
7.453536033630371, 85291.0
7.8390421867370605, 87084.0
8.246831893920898, 88459.0
8.63060212135315, 91742.0
9.01909613609314, 95172.0
9.40200924873352, 96469.0
9.790948152542114, 100745.0
10.186556100845337, 102062.0
10.576786041259766, 102704.0
10.969165086746216, 104840.0
11.359629154205322, 104840.0
11.7468421459198, 107534.0
12.133763074874878, 107534.0
12.527477025985718, 111301.0
12.910671949386597, 111301.0
13.302587985992432, 114607.0
13.692408084869385, 114607.0
14.079217910766602, 117957.0
14.468283891677856, 119423.0
14.85751986503601, 122701.0
15.247248888015747, 124129.0
15.665354013442993, 124948.0
16.061392068862915, 127726.0
16.450870037078857, 128243.0
16.842029094696045, 132955.0
17.234739065170288, 132955.0
17.627119302749634, 132955.0
18.017797231674194, 139936.0
18.417768955230713, 139984.0
18.809257984161377, 139984.0
19.21310806274414, 146610.0
19.614832878112793, 146610.0
20.004531145095825, 146610.0
20.397412300109863, 146980.0
20.80234408378601, 148402.0
21.211372137069702, 148402.0
21.605626106262207, 148540.0
22.002628087997437, 150792.0
22.39825201034546, 152042.0
22.789114952087402, 155466.0
23.18413019180298, 155466.0
23.57625722885132, 155466.0
23.96909809112549, 155504.0
24.36475396156311, 156088.0
24.75765299797058, 157790.0
25.157544136047363, 159507.0
25.553155183792114, 159507.0
25.948487043380737, 162126.0
26.34358501434326, 164565.0
26.736868858337402, 167181.0
27.13445520401001, 167181.0
27.52928113937378, 167919.0
27.925652027130127, 167919.0
28.321913242340088, 172612.0
28.718151092529297, 173520.0
29.122724294662476, 173520.0
29.519415140151978, 173588.0
29.91773796081543, 174064.0
30.32317018508911, 177085.0
30.7223482131958, 177369.0
31.124398231506348, 177369.0
31.52254605293274, 180601.0
31.920863151550293, 180601.0
32.31897306442261, 180601.0
32.71650791168213, 180601.0
33.11445999145508, 182310.0
33.50959491729736, 183578.0
33.90520191192627, 184452.0
34.30273103713989, 184650.0
34.70166516304016, 184650.0
35.10216808319092, 186199.0
35.50448203086853, 186199.0
35.90419793128967, 188450.0
36.304327964782715, 188450.0
36.7167911529541, 188450.0
37.124229192733765, 189834.0
37.528876066207886, 191758.0
37.93353295326233, 194043.0
38.337592124938965, 194043.0
38.739684104919434, 194043.0
39.142301082611084, 194043.0
39.54047417640686, 195173.0
39.944000005722046, 195173.0
40.34646201133728, 195173.0
40.74964714050293, 195173.0
41.15126705169678, 198454.0
41.55395197868347, 198812.0
41.95764422416687, 199125.0
42.3571400642395, 199506.0
42.76143217086792, 202103.0
43.16458296775818, 202103.0
43.56834101676941, 202103.0
43.970000982284546, 204278.0
44.37461614608765, 204278.0
44.77632522583008, 204278.0
45.18083214759827, 204919.0
45.58698010444641, 204919.0
45.99160599708557, 207313.0
46.393341064453125, 207313.0
46.7978298664093, 208031.0
47.20622396469116, 208031.0
47.612836837768555, 208841.0
48.01882600784302, 208841.0
48.424591302871704, 209340.0
48.83014917373657, 209716.0
49.23508906364441, 210515.0
49.64041304588318, 213093.0
50.04977607727051, 213093.0
50.453115940093994, 213093.0
50.86059498786926, 213093.0
51.26851511001587, 213093.0
51.67318606376648, 213375.0
52.0787570476532, 213375.0
52.482850074768066, 214461.0
52.89190411567688, 214591.0
53.29900407791138, 215395.0
53.704655170440674, 216409.0
54.10723304748535, 216409.0
54.51351809501648, 216409.0
54.91648316383362, 217555.0
55.31855010986328, 219522.0
55.724287033081055, 219522.0
56.13159203529358, 219522.0
56.53865098953247, 220120.0
56.952590227127075, 222543.0
57.36065697669983, 222543.0
57.76604914665222, 222543.0
58.17178010940552, 222543.0
58.57805109024048, 222543.0
58.98013710975647, 224514.0
59.38733124732971, 224514.0
59.79137420654297, 224514.0
60.198960065841675, 224514.0
60.601608991622925, 225605.0
61.00882315635681, 225605.0
61.415164947509766, 227209.0
61.82547998428345, 227209.0
62.229515075683594, 227209.0
62.63592720031738, 227209.0
63.04551100730896, 228350.0
63.45359802246094, 228350.0
63.86181831359863, 228350.0
64.27424693107605, 228350.0
64.6826639175415, 229786.0
65.09183311462402, 229786.0
65.50139713287354, 229786.0
65.9116780757904, 230277.0
66.32136821746826, 230277.0
66.73084712028503, 231141.0
67.14111328125, 231141.0
67.55932402610779, 231141.0
67.97990417480469, 232759.0
68.39938426017761, 234405.0
68.81176614761353, 234405.0
69.22867321968079, 234405.0
69.63761687278748, 234405.0
70.04627299308777, 234405.0
70.45216417312622, 234405.0
70.86071515083313, 234405.0
71.27324914932251, 235142.0
71.68452405929565, 235142.0
72.09638404846191, 235142.0
72.503258228302, 235142.0
72.91210007667542, 235151.0
73.31796216964722, 235151.0
73.72537207603455, 237856.0
74.13743805885315, 237856.0
74.54691410064697, 238961.0
74.95618104934692, 238961.0
75.36559224128723, 238961.0
75.7749080657959, 238961.0
76.18662214279175, 238961.0
76.60457396507263, 238961.0
77.01628804206848, 238961.0
77.43291020393372, 238961.0
77.84586095809937, 239572.0
78.26394128799438, 239572.0
78.67398405075073, 239572.0
79.08488512039185, 239572.0
79.49551224708557, 241284.0
79.90270495414734, 241284.0
80.31439423561096, 241284.0
80.72433519363403, 241284.0
