0.00010800361633300781, 235.0
0.00021195411682128906, 899.0
0.00031495094299316406, 1507.0
0.0004169940948486328, 1677.0
0.0005199909210205078, 1782.0
0.0006227493286132812, 2880.0
0.0010318756103515625, 3008.0
0.0011358261108398438, 3199.0
0.002048969268798828, 3385.0
0.008703947067260742, 3393.0
0.011754989624023438, 3498.0
0.012772798538208008, 3758.0
0.013188838958740234, 3904.0
0.018075942993164062, 3992.0
0.018278837203979492, 4205.0
0.021628856658935547, 4311.0
0.042717933654785156, 4317.0
0.04902291297912598, 4403.0
0.05572795867919922, 4475.0
0.05897879600524902, 4616.0
0.0606999397277832, 4709.0
0.06719112396240234, 4785.0
0.06881999969482422, 4898.0
0.07615280151367188, 5007.0
0.08992195129394531, 5083.0
0.09336972236633301, 5112.0
0.1561908721923828, 5113.0
0.2007150650024414, 5117.0
0.2273719310760498, 5188.0
0.2369837760925293, 5210.0
0.27509188652038574, 5309.0
0.2776949405670166, 5415.0
0.41072988510131836, 5482.0
0.48490381240844727, 5494.0
0.4873039722442627, 5495.0
0.4981958866119385, 5506.0
0.5133318901062012, 5561.0
0.5193789005279541, 5590.0
0.6460869312286377, 5595.0
0.6516079902648926, 5611.0
0.7039668560028076, 5670.0
0.7328629493713379, 5680.0
2.9596688747406006, 5688.0
3.9144468307495117, 5710.0
4.272687911987305, 5797.0
4.275550842285156, 5902.0
4.854988098144531, 5915.0
5.380501985549927, 6004.0
5.399620771408081, 6077.0
5.415472984313965, 6102.0
5.416316986083984, 6205.0
5.420799970626831, 6215.0
5.421712875366211, 6375.0
5.726625919342041, 6402.0
5.7351508140563965, 6416.0
