1.0483500957489014, 51708.0
1.7876088619232178, 52374.0
2.529794931411743, 52534.0
3.274675130844116, 53244.0
4.018262147903442, 53244.0
4.776866912841797, 53267.0
5.52081298828125, 53705.0
6.287214994430542, 53894.0
7.043452978134155, 54169.0
7.791321039199829, 54901.0
8.529107093811035, 55163.0
9.274576902389526, 55163.0
10.01183295249939, 55540.0
10.746774911880493, 55635.0
11.481269121170044, 56187.0
12.217109203338623, 56243.0
12.95194411277771, 56355.0
13.695402145385742, 56761.0
14.448835849761963, 56802.0
15.20022702217102, 56802.0
15.940161228179932, 57455.0
16.68126916885376, 57709.0
17.433829069137573, 57938.0
18.17635488510132, 57938.0
18.91672992706299, 58258.0
19.65637493133545, 58900.0
20.397541046142578, 58900.0
21.138395071029663, 59112.0
21.878823041915894, 59263.0
22.624166011810303, 59513.0
23.365761041641235, 59774.0
24.117666959762573, 59779.0
24.860371112823486, 59922.0
25.611634969711304, 60037.0
26.358721017837524, 60123.0
27.114497900009155, 60821.0
27.86816906929016, 60821.0
28.620790004730225, 60821.0
29.36355495452881, 60821.0
30.108432054519653, 60956.0
30.86509084701538, 61085.0
31.622581005096436, 61390.0
32.38336396217346, 61545.0
33.14280414581299, 61545.0
33.88653922080994, 61545.0
34.63154101371765, 61929.0
35.3859748840332, 62386.0
36.142021894454956, 62386.0
36.89643716812134, 62386.0
37.643378019332886, 62836.0
38.38938498497009, 62836.0
39.14807105064392, 62836.0
39.90470099449158, 62989.0
40.66423296928406, 63198.0
41.42341423034668, 63206.0
42.183237075805664, 63208.0
42.942164182662964, 63241.0
43.70190906524658, 63385.0
44.457725048065186, 63385.0
45.2162709236145, 63385.0
45.97687101364136, 63397.0
46.74026799201965, 63790.0
47.50530290603638, 63847.0
48.269641160964966, 63975.0
49.03632187843323, 64350.0
49.79695010185242, 64461.0
50.558470010757446, 64461.0
51.31706190109253, 64461.0
52.07692503929138, 64461.0
52.82688283920288, 64752.0
53.586256980895996, 64768.0
54.33976697921753, 64768.0
55.10174202919006, 64889.0
55.85659980773926, 64889.0
56.616636991500854, 64889.0
57.37087607383728, 65252.0
58.13443398475647, 65252.0
58.89943504333496, 65252.0
59.65497088432312, 65252.0
60.41000199317932, 65437.0
61.16572403907776, 65437.0
61.92893981933594, 65689.0
62.69252395629883, 65689.0
63.45866799354553, 65689.0
64.22388482093811, 65689.0
64.98585891723633, 65956.0
65.75694918632507, 65956.0
66.52070689201355, 65956.0
67.27919697761536, 66012.0
68.04639196395874, 66012.0
68.8130247592926, 66327.0
69.58487892150879, 66440.0
70.35662603378296, 66440.0
71.12903594970703, 66440.0
71.90338397026062, 66698.0
72.66829705238342, 66698.0
73.441397190094, 66741.0
74.2076780796051, 66818.0
74.97576308250427, 67206.0
75.74908089637756, 67206.0
76.5212938785553, 67206.0
77.28687405586243, 67206.0
78.05913400650024, 67206.0
78.83198714256287, 67206.0
79.60174608230591, 67206.0
80.37689518928528, 67646.0
81.15211296081543, 67646.0
81.92780995368958, 67646.0
82.70243215560913, 67646.0
83.46915483474731, 67646.0
84.24474310874939, 67646.0
85.01467299461365, 67646.0
85.78889513015747, 67940.0
86.55995607376099, 67940.0
87.33156394958496, 67940.0
88.09917402267456, 67940.0
88.86761617660522, 67940.0
89.63994193077087, 68313.0
90.40593791007996, 68313.0
91.17646288871765, 68313.0
91.94891595840454, 68393.0
92.7153308391571, 68577.0
93.48655605316162, 68577.0
94.25949501991272, 68577.0
95.02685594558716, 68629.0
95.78769588470459, 69054.0
96.55449295043945, 69054.0
97.32780504226685, 69054.0
98.10223603248596, 69054.0
98.87471508979797, 69054.0
99.64742588996887, 69252.0
100.42424607276917, 69252.0
101.1952850818634, 69252.0
101.97339987754822, 69285.0
102.75031399726868, 69293.0
103.52674388885498, 69316.0
104.30495190620422, 69316.0
105.08144402503967, 69332.0
105.8631808757782, 69478.0
106.63861989974976, 69503.0
107.41497898101807, 69503.0
108.19477701187134, 69556.0
108.97362017631531, 69854.0
109.75195717811584, 69854.0
110.52779293060303, 70047.0
111.29904389381409, 70047.0
112.073970079422, 70047.0
112.8521318435669, 70281.0
113.6302809715271, 70281.0
114.40884804725647, 70281.0
115.18522620201111, 70281.0
115.96297407150269, 70283.0
116.7394049167633, 70290.0
117.51477003097534, 70290.0
118.29332685470581, 70408.0
119.07321000099182, 70675.0
119.84917306900024, 70870.0
120.62698101997375, 70870.0
121.40442609786987, 70870.0
122.28057408332825, 70870.0
123.05749201774597, 70870.0
123.83274102210999, 70870.0
124.61251902580261, 70870.0
125.39575576782227, 70870.0
126.17474603652954, 70870.0
126.95243096351624, 70870.0
127.73038601875305, 70870.0
128.5092430114746, 71089.0
129.27987384796143, 71089.0
130.04657196998596, 71109.0
130.81915307044983, 71109.0
131.58959293365479, 71109.0
132.36127495765686, 71109.0
133.13855695724487, 71109.0
133.9150459766388, 71109.0
134.69422602653503, 71509.0
135.47101712226868, 71509.0
136.247456073761, 71509.0
137.02909302711487, 71509.0
137.80623292922974, 71509.0
138.58248901367188, 71509.0
139.3489329814911, 71587.0
140.12418293952942, 71587.0
140.90104508399963, 71838.0
141.66928505897522, 71838.0
142.43937492370605, 71838.0
143.20837593078613, 71838.0
143.97859501838684, 71838.0
144.74990510940552, 71845.0
145.51936602592468, 71845.0
146.2946949005127, 71889.0
147.0720410346985, 72166.0
147.8470458984375, 72166.0
148.61655688285828, 72166.0
149.39014196395874, 72166.0
150.16587805747986, 72473.0
150.94229316711426, 72473.0
151.70811200141907, 72473.0
152.47837710380554, 72473.0
153.2546010017395, 72679.0
154.02235507965088, 72679.0
