0.0002110004425048828, 702.0
0.0004150867462158203, 1118.0
0.0006170272827148438, 1650.0
0.000820159912109375, 1657.0
0.0010230541229248047, 2605.0
0.0012271404266357422, 3396.0
0.0014300346374511719, 3462.0
0.0016341209411621094, 4460.0
0.0018372535705566406, 4666.0
0.002840280532836914, 4748.0
0.0032410621643066406, 5397.0
0.007984161376953125, 5966.0
0.022220134735107422, 6335.0
0.022825002670288086, 6779.0
0.025838136672973633, 7049.0
0.026043176651000977, 7479.0
0.026450395584106445, 8010.0
0.0266571044921875, 8153.0
0.02806830406188965, 8695.0
0.032276153564453125, 8812.0
0.08664131164550781, 8862.0
0.08704733848571777, 8971.0
0.08725094795227051, 9758.0
0.08765530586242676, 10512.0
0.0878591537475586, 11368.0
0.0890650749206543, 11458.0
0.08946824073791504, 12002.0
0.09233617782592773, 12502.0
0.11119318008422852, 12784.0
0.1419682502746582, 13412.0
0.14357209205627441, 13865.0
0.14397597312927246, 14543.0
0.15609502792358398, 14952.0
0.15791106224060059, 15463.0
0.1869370937347412, 16213.0
0.20235013961791992, 16444.0
0.20296406745910645, 17110.0
0.20755934715270996, 17834.0
0.2087559700012207, 18299.0
0.21355319023132324, 18862.0
0.23007702827453613, 19005.0
0.23228120803833008, 19702.0
0.23890113830566406, 20065.0
0.25218939781188965, 20714.0
0.2550179958343506, 20840.0
0.25722336769104004, 21035.0
0.25983524322509766, 21070.0
0.2612471580505371, 21507.0
0.26165032386779785, 22438.0
0.26205921173095703, 23029.0
0.2632613182067871, 23247.0
0.27025413513183594, 23944.0
0.2706592082977295, 24650.0
0.27603721618652344, 24840.0
0.28483104705810547, 25221.0
0.28583216667175293, 25706.0
0.2874319553375244, 26576.0
0.28985023498535156, 26704.0
0.5973031520843506, 27191.0
0.5977051258087158, 28143.0
0.6090350151062012, 28373.0
0.6192030906677246, 28532.0
0.6435530185699463, 28593.0
0.8409411907196045, 28814.0
0.8417761325836182, 29039.0
0.8489961624145508, 29165.0
0.9698102474212646, 29522.0
0.9810831546783447, 30321.0
4.340142250061035, 30570.0
4.347322225570679, 30597.0
4.357773065567017, 30992.0
5.412497282028198, 31182.0
5.686657190322876, 31711.0
7.532240152359009, 31814.0
7.5342841148376465, 32009.0
7.558536052703857, 32165.0
7.56932520866394, 32369.0
7.571985244750977, 32497.0
7.578116178512573, 33495.0
7.593815088272095, 34351.0
7.607687950134277, 34620.0
7.613609075546265, 35040.0
7.619330167770386, 35828.0
7.640789031982422, 36335.0
7.683688163757324, 36393.0
7.68552303314209, 36635.0
7.885889053344727, 36650.0
7.9807963371276855, 36989.0
8.066830158233643, 37055.0
8.095653295516968, 37421.0
8.187550067901611, 37631.0
8.193548202514648, 37658.0
8.197477340698242, 37861.0
8.224498271942139, 38444.0
8.225527048110962, 38873.0
8.898070096969604, 39795.0
8.89909815788269, 40360.0
8.90196418762207, 40684.0
8.902988195419312, 40711.0
8.909173011779785, 40779.0
8.915919303894043, 40885.0
9.063776016235352, 40963.0
9.42355728149414, 41124.0
9.471985340118408, 41217.0
9.53545331954956, 41263.0
9.5454740524292, 41684.0
9.552058219909668, 42454.0
9.73181700706482, 42468.0
9.788397073745728, 42706.0
9.79726529121399, 43096.0
9.852753162384033, 43309.0
9.857033014297485, 43611.0
10.144113302230835, 43801.0
10.298460245132446, 44210.0
10.314756155014038, 44243.0
10.326667070388794, 44340.0
10.410568952560425, 44576.0
10.644655227661133, 44726.0
11.035543203353882, 45027.0
11.084266185760498, 45030.0
11.102169275283813, 45324.0
11.213155269622803, 45637.0
11.270706176757812, 45832.0
11.3425772190094, 45856.0
11.442231178283691, 46554.0
11.54351019859314, 46644.0
11.600974082946777, 46789.0
11.604082345962524, 47034.0
11.718701124191284, 47048.0
11.731240034103394, 47150.0
12.347011089324951, 47265.0
