1.0504329204559326, 62419.0
1.796494722366333, 63108.0
2.5445950031280518, 64515.0
3.2807438373565674, 64515.0
4.0364038944244385, 65076.0
4.786602020263672, 65709.0
5.5414509773254395, 66110.0
6.314442873001099, 67453.0
7.070415735244751, 68307.0
7.815837860107422, 69308.0
8.56463885307312, 69764.0
9.318201780319214, 69910.0
10.073709726333618, 70919.0
10.828409910202026, 72792.0
11.580216884613037, 72792.0
12.337291955947876, 74147.0
13.092919111251831, 74409.0
13.84167194366455, 74409.0
14.60007095336914, 74714.0
15.358040809631348, 75504.0
16.119470834732056, 76119.0
16.876264810562134, 76704.0
17.637613773345947, 77910.0
18.401067972183228, 78333.0
19.165613889694214, 78516.0
19.921981811523438, 79285.0
20.688471794128418, 79285.0
21.454718828201294, 79982.0
22.222496032714844, 80516.0
22.989131927490234, 80712.0
23.747231006622314, 81616.0
24.51344895362854, 82393.0
25.28371787071228, 82393.0
26.052202939987183, 83302.0
26.81974983215332, 83302.0
27.58726978302002, 83918.0
28.357131958007812, 84707.0
29.128201961517334, 84707.0
29.890360832214355, 85699.0
30.663752794265747, 85699.0
31.435205936431885, 85790.0
32.201212882995605, 86415.0
32.97535276412964, 87597.0
33.741687059402466, 87597.0
34.518489837646484, 87597.0
35.29475474357605, 88443.0
36.07597279548645, 89686.0
36.84949088096619, 89686.0
37.628803730010986, 89801.0
38.40568804740906, 90516.0
39.18215084075928, 90516.0
39.95628595352173, 91093.0
40.73442196846008, 91093.0
41.51439166069031, 92114.0
42.28993892669678, 92419.0
43.06866407394409, 92419.0
43.849395990371704, 92610.0
44.62784695625305, 93073.0
45.40393400192261, 93397.0
46.18662095069885, 93909.0
46.96564793586731, 93909.0
47.742663860321045, 94117.0
48.526413679122925, 94558.0
49.31290078163147, 94704.0
50.0967538356781, 96319.0
50.88255596160889, 96319.0
51.66381001472473, 96319.0
52.44784593582153, 96707.0
53.2326238155365, 96811.0
54.01470589637756, 97467.0
54.79965591430664, 97887.0
55.582544803619385, 97887.0
56.3650438785553, 98460.0
57.15164375305176, 98798.0
57.939162731170654, 98996.0
58.73297691345215, 99170.0
59.52824282646179, 100105.0
60.31714487075806, 101018.0
61.11363482475281, 101018.0
61.90731501579285, 101211.0
62.7000458240509, 101211.0
63.49118900299072, 101804.0
64.28299379348755, 101804.0
65.07300186157227, 102115.0
65.86412072181702, 102411.0
66.65508198738098, 102415.0
67.44747591018677, 102499.0
68.23791790008545, 102919.0
69.03129982948303, 102919.0
69.82642889022827, 103734.0
70.64045786857605, 103734.0
71.43472099304199, 103845.0
72.22738790512085, 104016.0
73.02182984352112, 104295.0
73.81817984580994, 104319.0
74.61251783370972, 104690.0
75.40700578689575, 105147.0
76.19983577728271, 106172.0
76.99187588691711, 106172.0
77.79421377182007, 106384.0
78.59355068206787, 106384.0
79.39349889755249, 106384.0
80.1908118724823, 106916.0
80.98704266548157, 106916.0
81.78514885902405, 107103.0
82.58774876594543, 108397.0
83.39199590682983, 108397.0
84.1940610408783, 108657.0
84.99555683135986, 108710.0
85.79896879196167, 110015.0
86.60063695907593, 110015.0
87.40244793891907, 110015.0
88.20389294624329, 110015.0
89.00424695014954, 110015.0
89.80819082260132, 110910.0
90.61453580856323, 110910.0
91.42191696166992, 110910.0
92.22474384307861, 110910.0
93.0250449180603, 111296.0
93.82756090164185, 111296.0
94.62969708442688, 112185.0
95.4316930770874, 112185.0
96.24327397346497, 112185.0
97.04750275611877, 112185.0
97.85710883140564, 112185.0
98.66150283813477, 112490.0
99.47028183937073, 112490.0
100.2847957611084, 112619.0
101.09348392486572, 112819.0
101.90490293502808, 113116.0
102.71422696113586, 113411.0
103.51945495605469, 113902.0
104.32981395721436, 114290.0
105.13759088516235, 114290.0
105.94768691062927, 114411.0
106.75943875312805, 114426.0
107.57216691970825, 114426.0
108.3861517906189, 114666.0
109.2024257183075, 114666.0
110.01689791679382, 114710.0
110.82602500915527, 115411.0
111.6363308429718, 115890.0
112.447598695755, 115890.0
113.26199769973755, 115890.0
114.07244992256165, 115890.0
114.88122296333313, 116102.0
115.69505381584167, 116102.0
116.50925493240356, 116113.0
117.31668877601624, 116600.0
118.13240790367126, 116606.0
118.9514319896698, 116956.0
119.7663209438324, 116956.0
120.57976078987122, 117145.0
121.39470481872559, 117713.0
122.20715379714966, 117713.0
123.0201358795166, 117713.0
123.83615374565125, 117713.0
124.65802907943726, 118115.0
125.47756171226501, 118115.0
126.29906988143921, 118115.0
127.11885070800781, 118663.0
127.93249797821045, 118791.0
128.7535538673401, 118791.0
129.5738649368286, 119009.0
130.39277172088623, 119054.0
131.21278595924377, 119217.0
132.03156995773315, 119660.0
132.8498077392578, 119660.0
133.6601538658142, 119660.0
134.48346185684204, 119660.0
135.30363392829895, 119781.0
136.1237668991089, 120317.0
136.948096036911, 120317.0
137.77294373512268, 120317.0
138.59761095046997, 120432.0
139.4203929901123, 120715.0
140.24417090415955, 120740.0
141.0704629421234, 121114.0
141.89641880989075, 121114.0
142.72465300559998, 121711.0
143.545551776886, 121711.0
144.36693406105042, 121711.0
145.1884081363678, 121711.0
146.00551080703735, 121711.0
146.82278680801392, 121711.0
147.6407916545868, 122517.0
148.45316576957703, 122517.0
149.2750699520111, 122597.0
150.0990788936615, 122619.0
150.91955184936523, 123109.0
151.73693799972534, 123109.0
152.55855798721313, 123109.0
153.38031005859375, 123109.0
154.1987190246582, 123109.0
155.01905584335327, 123596.0
155.8414740562439, 123696.0
156.66970086097717, 123696.0
157.49773693084717, 123696.0
158.31970882415771, 123696.0
159.1451539993286, 123696.0
159.9651358127594, 123783.0
