0.10160088539123535, 12536.0
0.176621675491333, 14986.0
0.25154995918273926, 17780.0
0.3265347480773926, 18390.0
0.40173792839050293, 18630.0
0.4777498245239258, 19520.0
0.5537557601928711, 20699.0
0.6299006938934326, 20874.0
0.7063817977905273, 22268.0
0.7827897071838379, 24625.0
0.8594367504119873, 25053.0
0.9357638359069824, 26103.0
1.012927770614624, 26801.0
1.090688943862915, 27144.0
1.1686878204345703, 30961.0
1.2454679012298584, 30961.0
1.3223259449005127, 30961.0
1.3997187614440918, 30961.0
1.4778428077697754, 31122.0
1.5552639961242676, 33097.0
1.6328368186950684, 33809.0
1.710798740386963, 33841.0
1.7883377075195312, 35024.0
1.866755723953247, 36549.0
1.9446117877960205, 36549.0
2.0224008560180664, 37189.0
2.100273847579956, 37922.0
2.178278684616089, 38581.0
2.2564868927001953, 39249.0
2.335148572921753, 39752.0
2.413419008255005, 41300.0
2.4923298358917236, 41672.0
2.5715320110321045, 43633.0
2.650007724761963, 43633.0
2.7286007404327393, 43754.0
2.8077566623687744, 43754.0
2.8872318267822266, 43754.0
2.966686964035034, 45393.0
3.0458476543426514, 45393.0
3.126467704772949, 45881.0
3.2092268466949463, 46455.0
3.2925238609313965, 47486.0
3.3744866847991943, 47486.0
3.456394910812378, 47486.0
3.5389046669006348, 47947.0
3.622048854827881, 48418.0
3.701917886734009, 48418.0
3.781580686569214, 48418.0
3.861269950866699, 48712.0
3.941098928451538, 48712.0
4.021458864212036, 48712.0
4.10179877281189, 49157.0
4.182194948196411, 49157.0
4.262967586517334, 49289.0
4.343867778778076, 49289.0
4.424578666687012, 49399.0
4.507232904434204, 49399.0
4.588544845581055, 49399.0
4.6698386669158936, 49399.0
4.751921892166138, 49692.0
4.834815979003906, 49700.0
4.9198126792907715, 49851.0
5.002637624740601, 49851.0
5.085692882537842, 50380.0
5.170975923538208, 50400.0
5.254055738449097, 50400.0
5.335411787033081, 50673.0
5.416736841201782, 50737.0
5.498251914978027, 50958.0
5.58000373840332, 51029.0
5.66177773475647, 51029.0
5.743550777435303, 51105.0
5.825289964675903, 51105.0
5.907003879547119, 51105.0
5.988726854324341, 51443.0
6.0716516971588135, 51575.0
6.1535468101501465, 51740.0
6.235159635543823, 52171.0
6.316608905792236, 52171.0
6.398213863372803, 52171.0
6.481269836425781, 52171.0
6.564915895462036, 52171.0
6.646289825439453, 52171.0
6.72769570350647, 52171.0
6.809018850326538, 52363.0
6.890392780303955, 52363.0
6.9716737270355225, 52490.0
7.0530359745025635, 52643.0
7.134317636489868, 52697.0
7.217284679412842, 52697.0
7.299896717071533, 52697.0
7.382190704345703, 52879.0
7.463810682296753, 53002.0
7.545937776565552, 53002.0
7.627887725830078, 53002.0
7.709821939468384, 53037.0
7.791372776031494, 53037.0
7.872862815856934, 53216.0
7.954655885696411, 53216.0
8.036144733428955, 53216.0
8.117541790008545, 53216.0
8.199350833892822, 53216.0
8.280764818191528, 53246.0
8.362658739089966, 53246.0
8.44411587715149, 53296.0
8.525486707687378, 53299.0
8.607346773147583, 53299.0
8.688612699508667, 53299.0
8.770497798919678, 53299.0
8.852381944656372, 53299.0
8.93412971496582, 53311.0
9.016048669815063, 53311.0
9.097935676574707, 53426.0
9.179301738739014, 53426.0
9.262966871261597, 53426.0
9.34444284439087, 53454.0
9.426344871520996, 53454.0
9.50771975517273, 53503.0
9.589850664138794, 53503.0
9.672213792800903, 53655.0
9.753885746002197, 53655.0
9.834768772125244, 53655.0
9.916221857070923, 53655.0
9.997713804244995, 53655.0
10.078536748886108, 53655.0
10.15979790687561, 53655.0
10.240721702575684, 53655.0
10.322147846221924, 53655.0
10.403095722198486, 53709.0
10.484463691711426, 53709.0
10.565301895141602, 53709.0
10.650515794754028, 53709.0
10.731454849243164, 53709.0
10.812774896621704, 53883.0
10.893744707107544, 53883.0
10.975163698196411, 53883.0
11.05608582496643, 53883.0
11.137413740158081, 53883.0
11.218721628189087, 53883.0
11.302134990692139, 53883.0
11.384286880493164, 53883.0
11.466808795928955, 53883.0
11.548995733261108, 53883.0
11.63160490989685, 54029.0
11.714009761810303, 54029.0
11.79582691192627, 54029.0
11.878193855285645, 54029.0
11.960139989852905, 54029.0
12.042444705963135, 54029.0
12.124284744262695, 54056.0
12.205951929092407, 54056.0
12.288261890411377, 54056.0
12.369986772537231, 54056.0
12.451598644256592, 54056.0
12.534052848815918, 54056.0
12.615910768508911, 54056.0
12.698432922363281, 54056.0
12.780371904373169, 54056.0
12.862334966659546, 54056.0
12.94474172592163, 54056.0
13.026721000671387, 54056.0
13.109120845794678, 54056.0
13.19104266166687, 54056.0
13.27345585823059, 54056.0
13.357414722442627, 54056.0
13.440037727355957, 54056.0
13.522479772567749, 54056.0
13.604370832443237, 54056.0
13.686325788497925, 54056.0
13.76859164237976, 54056.0
13.85093879699707, 54056.0
13.933182954788208, 54056.0
14.015699863433838, 54056.0
14.097772598266602, 54056.0
14.180064916610718, 54056.0
14.262398958206177, 54056.0
14.344838857650757, 54056.0
14.426969766616821, 54056.0
14.508915901184082, 54056.0
14.591116666793823, 54056.0
14.67280888557434, 54056.0
14.754409790039062, 54056.0
14.836578607559204, 54056.0
14.918325901031494, 54056.0
14.999966859817505, 54056.0
15.082160711288452, 54056.0
15.163865804672241, 54056.0
15.245385885238647, 54056.0
15.327650785446167, 54056.0
15.411646842956543, 54056.0
15.493851900100708, 54056.0
15.576995611190796, 54056.0
15.659511804580688, 54056.0
15.741798877716064, 54056.0
15.824759721755981, 54056.0
15.907248735427856, 54056.0
15.989401817321777, 54056.0
16.072351932525635, 54056.0
16.155388832092285, 54056.0
16.237436771392822, 54056.0
16.319471836090088, 54056.0
