0.20200705528259277, 13419.0
0.35150790214538574, 13719.0
0.5019729137420654, 14469.0
0.6529121398925781, 14706.0
0.8042299747467041, 14706.0
0.9560620784759521, 15267.0
1.1093590259552002, 15513.0
1.2621610164642334, 15513.0
1.4174201488494873, 15817.0
1.5708632469177246, 16204.0
1.7243871688842773, 16211.0
1.8781440258026123, 16496.0
2.0320839881896973, 17154.0
2.1864449977874756, 17154.0
2.3410871028900146, 17154.0
2.495837926864624, 17696.0
2.650841236114502, 18053.0
2.805814027786255, 18076.0
2.9609291553497314, 18515.0
3.1167659759521484, 18714.0
3.2739009857177734, 18957.0
3.43202805519104, 19045.0
3.5933549404144287, 19382.0
3.7579030990600586, 19496.0
3.9202301502227783, 19657.0
4.084227085113525, 19967.0
4.243427038192749, 20204.0
4.403963088989258, 20645.0
4.563878297805786, 20675.0
4.724201917648315, 20675.0
4.8827550411224365, 20911.0
5.045155048370361, 21177.0
5.211855173110962, 21502.0
5.3768088817596436, 21502.0
5.543631076812744, 21502.0
5.707686185836792, 21639.0
5.87183403968811, 21807.0
6.0369250774383545, 22405.0
6.200782060623169, 22718.0
6.365045070648193, 22718.0
6.530117988586426, 22718.0
6.694648027420044, 22892.0
6.859047889709473, 22966.0
7.023909091949463, 22966.0
7.18911600112915, 22966.0
7.354401111602783, 22966.0
7.5213189125061035, 23096.0
7.68634295463562, 23114.0
7.849804162979126, 23114.0
8.013108015060425, 23114.0
8.17458200454712, 23296.0
8.337800025939941, 23577.0
8.50115704536438, 23752.0
8.664474248886108, 23752.0
8.82775092124939, 23752.0
8.9912850856781, 24017.0
9.154884099960327, 24017.0
9.31871509552002, 24017.0
9.48269009590149, 24613.0
9.647739171981812, 24613.0
9.811542987823486, 24613.0
9.975142240524292, 24613.0
10.138792037963867, 24613.0
10.302907228469849, 24672.0
10.466814041137695, 24672.0
10.631035089492798, 25108.0
10.795238971710205, 25108.0
10.959252119064331, 25108.0
11.123366117477417, 25108.0
11.287652254104614, 25194.0
11.451956033706665, 25213.0
11.618092060089111, 25213.0
11.78258991241455, 25349.0
11.947096109390259, 25471.0
12.11166000366211, 25471.0
12.276548147201538, 25493.0
12.44136905670166, 25902.0
12.606128215789795, 25902.0
12.771015882492065, 25902.0
12.936019897460938, 25902.0
13.101046085357666, 26102.0
13.266162872314453, 26102.0
13.431432962417603, 26102.0
13.596686124801636, 26102.0
13.765632152557373, 26108.0
13.933436870574951, 26108.0
14.101294040679932, 26309.0
14.269253969192505, 26341.0
14.4375638961792, 26418.0
14.60563611984253, 26418.0
14.773718118667603, 26615.0
14.94212007522583, 26643.0
15.110212087631226, 26710.0
15.278353929519653, 26915.0
15.444724082946777, 26915.0
15.613018035888672, 26915.0
15.783067226409912, 26915.0
15.951467037200928, 26915.0
16.119543075561523, 26915.0
16.285990238189697, 27011.0
16.454154014587402, 27012.0
16.62077307701111, 27012.0
16.789294004440308, 27012.0
16.95774221420288, 27012.0
17.124600172042847, 27012.0
17.293426990509033, 27065.0
17.46194100379944, 27193.0
17.63031506538391, 27193.0
17.79978108406067, 27208.0
17.967814922332764, 27208.0
18.135901927947998, 27404.0
18.30396008491516, 27404.0
18.471953868865967, 27413.0
18.640286922454834, 27413.0
18.808479070663452, 27413.0
18.97496008872986, 27413.0
19.143095016479492, 27413.0
19.30988597869873, 27495.0
19.476497888565063, 27518.0
19.64317488670349, 27518.0
19.811207056045532, 27518.0
19.977882146835327, 27518.0
20.144747972488403, 27617.0
20.311563968658447, 27633.0
20.478413105010986, 27819.0
20.645396947860718, 27819.0
20.81224298477173, 27819.0
20.979194164276123, 27819.0
21.14625906944275, 27819.0
21.313211917877197, 27819.0
21.480489015579224, 27819.0
21.647573947906494, 27819.0
21.81593108177185, 27819.0
21.983598232269287, 27819.0
22.15066123008728, 27819.0
22.317944049835205, 27819.0
22.485369205474854, 27819.0
22.65287494659424, 27918.0
22.819884061813354, 27918.0
22.987408876419067, 27918.0
23.154959201812744, 27918.0
23.322168111801147, 27918.0
23.489356994628906, 27918.0
23.656774044036865, 27918.0
23.82459020614624, 27918.0
23.993155002593994, 27918.0
24.16060209274292, 27918.0
24.327871084213257, 27918.0
24.494949102401733, 28009.0
24.662517070770264, 28009.0
24.82983088493347, 28009.0
24.99727511405945, 28009.0
25.164677143096924, 28009.0
25.332111120224, 28009.0
25.499923944473267, 28016.0
25.66734218597412, 28016.0
25.834789276123047, 28016.0
26.0038321018219, 28016.0
26.17166304588318, 28016.0
26.33928608894348, 28073.0
26.5069580078125, 28100.0
26.674535036087036, 28215.0
26.841969966888428, 28215.0
27.009345054626465, 28316.0
27.176855087280273, 28316.0
27.344274044036865, 28316.0
27.511674165725708, 28316.0
27.678970098495483, 28316.0
27.846562147140503, 28316.0
28.016880989074707, 28316.0
28.185781955718994, 28316.0
28.3541738986969, 28316.0
28.52223014831543, 28316.0
28.690255165100098, 28316.0
28.85841202735901, 28405.0
29.026484966278076, 28405.0
29.194539070129395, 28405.0
29.36239790916443, 28405.0
29.530402183532715, 28405.0
29.698094129562378, 28405.0
29.865855932235718, 28486.0
30.035054206848145, 28486.0
30.20256209373474, 28486.0
30.3701651096344, 28486.0
30.53792095184326, 28486.0
30.705562114715576, 28486.0
30.873220205307007, 28486.0
31.041145086288452, 28486.0
31.20910406112671, 28507.0
31.37700891494751, 28507.0
31.54481315612793, 28507.0
31.712604999542236, 28507.0
31.88045382499695, 28507.0
32.049983978271484, 28507.0
32.21791315078735, 28508.0
32.385865926742554, 28508.0
32.553635120391846, 28508.0
32.7214150428772, 28508.0
32.88933300971985, 28508.0
33.05724501609802, 28515.0
33.225104093551636, 28515.0
