0.0009961128234863281, 281.0
0.002007007598876953, 1345.0
0.003033161163330078, 1981.0
0.004054069519042969, 2507.0
0.0050771236419677734, 3314.0
0.006079912185668945, 3505.0
0.007081270217895508, 4075.0
0.008082151412963867, 4284.0
0.00909423828125, 4568.0
0.01009821891784668, 5500.0
0.011103153228759766, 6185.0
0.012101173400878906, 7128.0
0.013100147247314453, 7853.0
0.014100313186645508, 8092.0
0.015113115310668945, 8459.0
0.016114234924316406, 8820.0
0.017124176025390625, 9105.0
0.01812601089477539, 9342.0
0.019129037857055664, 10402.0
0.020128965377807617, 10925.0
0.021128177642822266, 11981.0
0.022132158279418945, 12418.0
0.02313709259033203, 12939.0
0.024137258529663086, 13296.0
0.025167226791381836, 13960.0
0.02616596221923828, 14349.0
0.027186155319213867, 15448.0
0.028188228607177734, 16293.0
0.029186010360717773, 16679.0
0.030187129974365234, 17171.0
0.03118610382080078, 17352.0
0.03218722343444824, 18207.0
0.03319120407104492, 18398.0
0.03419804573059082, 19302.0
0.035201072692871094, 19624.0
0.03620505332946777, 19840.0
0.037203311920166016, 20781.0
0.0382080078125, 21790.0
0.03920722007751465, 22613.0
0.04022026062011719, 23349.0
0.041236162185668945, 23863.0
0.04224419593811035, 24313.0
0.04324603080749512, 24583.0
0.044248104095458984, 25343.0
0.04524803161621094, 26278.0
0.046250343322753906, 26603.0
0.0472559928894043, 27489.0
0.048261165618896484, 28053.0
0.04926419258117676, 28752.0
0.05026721954345703, 29734.0
0.05818796157836914, 29897.0
0.09163808822631836, 29909.0
0.09559011459350586, 30098.0
0.2441720962524414, 30102.0
0.3479900360107422, 30138.0
0.3528859615325928, 30304.0
0.3714420795440674, 30403.0
0.4638361930847168, 30546.0
0.4716060161590576, 30668.0
0.4822719097137451, 30780.0
0.5188710689544678, 30898.0
0.5582680702209473, 31002.0
0.6843140125274658, 31188.0
0.6852960586547852, 31461.0
0.6920702457427979, 31582.0
0.7114951610565186, 31685.0
0.7406630516052246, 31789.0
0.7541050910949707, 31897.0
0.8831300735473633, 31938.0
0.8993420600891113, 32041.0
0.9333910942077637, 32081.0
0.9447929859161377, 32200.0
0.9619293212890625, 32378.0
1.0937809944152832, 32403.0
1.1889190673828125, 32500.0
1.2420530319213867, 32595.0
1.2529289722442627, 32795.0
1.3021900653839111, 32904.0
1.380695104598999, 32991.0
1.4120869636535645, 33084.0
1.5678372383117676, 33086.0
1.6340961456298828, 33132.0
1.640916347503662, 33170.0
1.6458001136779785, 33284.0
1.6555492877960205, 33385.0
1.6867382526397705, 33490.0
1.6994080543518066, 33504.0
1.7042889595031738, 33697.0
1.7121031284332275, 33805.0
1.7813951969146729, 33873.0
1.855201005935669, 33988.0
1.9517951011657715, 34094.0
2.0113141536712646, 34191.0
2.031797170639038, 34296.0
2.075521945953369, 34375.0
2.0911762714385986, 34385.0
2.2286221981048584, 34471.0
2.2315220832824707, 34587.0
2.2699360847473145, 34603.0
2.2776622772216797, 34740.0
2.2863500118255615, 34849.0
2.2988362312316895, 34990.0
2.4852771759033203, 35067.0
2.559810161590576, 35150.0
2.6219711303710938, 35247.0
2.6268022060394287, 35468.0
2.6802611351013184, 35535.0
2.7003891468048096, 35685.0
2.8297061920166016, 35731.0
2.840252161026001, 35815.0
2.8431191444396973, 35997.0
2.8469581604003906, 36098.0
2.8546411991119385, 36286.0
2.884251117706299, 36400.0
2.9816880226135254, 36502.0
3.006645917892456, 36552.0
3.0412380695343018, 36665.0
3.072803020477295, 36793.0
3.1147701740264893, 36896.0
3.1443960666656494, 36903.0
3.1755781173706055, 36904.0
3.3413801193237305, 37005.0
3.594048023223877, 37121.0
3.6327381134033203, 37302.0
4.054082155227661, 37395.0
4.201117277145386, 37502.0
4.425953149795532, 37604.0
4.498936176300049, 37678.0
4.501878023147583, 37794.0
4.571164131164551, 37802.0
4.663933277130127, 37804.0
4.7146830558776855, 37905.0
4.735743284225464, 37996.0
5.01774525642395, 38003.0
5.025593042373657, 38046.0
5.044101238250732, 38248.0
5.054608106613159, 38371.0
5.066024303436279, 38487.0
5.103001117706299, 38589.0
5.120171070098877, 38697.0
5.1889262199401855, 38798.0
5.220627307891846, 38905.0
5.245305061340332, 38911.0
5.259544134140015, 39026.0
5.278679132461548, 39189.0
5.322581052780151, 39294.0
5.3321919441223145, 39370.0
5.403633117675781, 39501.0
5.441612005233765, 39602.0
5.5326151847839355, 39694.0
5.593862056732178, 39697.0
5.645637035369873, 39803.0
5.681642293930054, 39910.0
5.7042059898376465, 40103.0
6.198572158813477, 40202.0
6.210931301116943, 40205.0
6.369886159896851, 40287.0
6.371798038482666, 40388.0
6.478917121887207, 40494.0
6.61943507194519, 40566.0
6.6308300495147705, 40667.0
7.471741199493408, 40739.0
7.48529314994812, 40796.0
7.51623010635376, 40893.0
7.5181920528411865, 41078.0
7.567703008651733, 41192.0
7.631085157394409, 41301.0
7.7312071323394775, 41428.0
7.7350921630859375, 41546.0
7.811653137207031, 41693.0
7.813603162765503, 41802.0
7.920285224914551, 41859.0
7.9232141971588135, 42095.0
7.997851133346558, 42096.0
8.000784158706665, 42293.0
8.007580280303955, 42423.0
8.012462139129639, 42533.0
8.018423080444336, 42685.0
8.074007987976074, 42741.0
8.095506191253662, 42778.0
8.114048957824707, 42803.0
8.148005247116089, 42873.0
8.244008302688599, 43000.0
8.250760316848755, 43104.0
8.331950187683105, 43166.0
8.385931015014648, 43285.0
8.394617080688477, 43392.0
9.10756802558899, 43438.0
9.109507083892822, 43601.0
9.244385004043579, 43694.0
9.294819116592407, 43759.0
9.55210018157959, 43801.0
9.587352991104126, 43892.0
9.694900274276733, 43955.0
9.705398082733154, 44084.0
9.814876079559326, 44203.0
9.92718505859375, 44302.0
9.999664068222046, 44386.0
10.175663232803345, 44477.0
10.189958095550537, 44591.0
10.36222505569458, 44696.0
10.385098934173584, 44712.0
10.388921022415161, 44921.0
10.40890121459961, 44951.0
10.45081114768982, 45074.0
10.475547075271606, 45199.0
10.713663339614868, 45293.0
10.72321105003357, 45379.0
10.798331260681152, 45431.0
10.836250066757202, 45561.0
10.843850374221802, 45666.0
10.921542167663574, 45685.0
10.9622802734375, 45799.0
11.417363166809082, 45802.0
11.970741271972656, 45874.0
11.996312141418457, 45984.0
12.188637256622314, 45986.0
12.214245080947876, 46082.0
12.217096090316772, 46200.0
12.226568222045898, 46286.0
12.232262134552002, 46393.0
12.24933910369873, 46396.0
12.337409973144531, 46504.0
12.349749326705933, 46585.0
12.37624716758728, 46686.0
12.601664066314697, 46801.0
12.624386072158813, 46893.0
12.720063924789429, 46995.0
12.998561143875122, 47067.0
13.023203134536743, 47197.0
13.227880239486694, 47284.0
13.315033197402954, 47393.0
13.317886114120483, 47497.0
13.335906028747559, 47505.0
13.62420129776001, 47552.0
13.636035203933716, 47671.0
13.731626272201538, 47783.0
13.808499097824097, 47805.0
13.944315195083618, 47823.0
13.946299076080322, 48005.0
14.615703105926514, 48042.0
14.619620084762573, 48194.0
14.889242172241211, 48198.0
14.987815141677856, 48200.0
15.177279949188232, 48264.0
15.21497917175293, 48365.0
15.2236909866333, 48370.0
15.29131007194519, 48391.0
15.297139167785645, 48402.0
15.394021034240723, 48591.0
16.748515129089355, 48730.0
16.762160062789917, 48833.0
16.787498950958252, 48978.0
16.788490295410156, 49079.0
17.342188119888306, 49097.0
17.9181649684906, 49125.0
17.929055213928223, 49246.0
17.933019161224365, 49261.0
17.95177412033081, 49304.0
18.15786123275757, 49400.0
18.405514240264893, 49484.0
18.43974804878235, 49513.0
18.475961208343506, 49556.0
18.485756158828735, 49686.0
18.582592964172363, 49801.0
18.668673992156982, 49888.0
18.689237117767334, 49891.0
18.721498012542725, 50001.0
18.726420164108276, 50090.0
18.851232051849365, 50101.0
19.008360147476196, 50175.0
19.013257265090942, 50291.0
19.103990077972412, 50393.0
19.178921222686768, 50497.0
19.68086814880371, 50505.0
19.79283618927002, 50583.0
20.390672206878662, 50599.0
20.493996143341064, 50699.0
24.70898127555847, 50797.0
24.79886507987976, 50904.0
25.03586196899414, 50979.0
25.09286403656006, 50991.0
25.169920921325684, 51072.0
25.28057312965393, 51085.0
25.32391119003296, 51197.0
25.38842535018921, 51281.0
25.481840133666992, 51483.0
25.511719226837158, 51500.0
44.433457136154175, 51504.0
44.788546085357666, 51505.0
45.001734256744385, 51594.0
45.311145305633545, 51602.0
45.51739311218262, 51641.0
45.5326771736145, 51782.0
45.66737508773804, 51791.0
46.23591923713684, 51794.0
46.27704119682312, 51904.0
46.47103714942932, 51994.0
46.55039930343628, 52100.0
46.632503032684326, 52202.0
46.64683794975281, 52303.0
46.87048602104187, 52398.0
46.88965821266174, 52485.0
47.11987924575806, 52500.0
47.306915044784546, 52595.0
47.40142202377319, 52685.0
49.750901222229004, 52696.0
54.081727266311646, 52700.0
54.10003113746643, 52776.0
54.23356223106384, 52778.0
54.29172134399414, 52859.0
54.33004903793335, 52989.0
54.47152924537659, 52995.0
54.556135177612305, 53096.0
54.73585820198059, 53199.0
54.76385521888733, 53269.0
55.83288812637329, 53304.0
56.47882318496704, 53376.0
56.52973008155823, 53387.0
56.65778303146362, 53489.0
56.74515199661255, 53600.0
56.817188024520874, 53605.0
56.91793727874756, 53637.0
56.92371201515198, 53784.0
57.03502416610718, 53891.0
57.41315031051636, 53905.0
57.66007113456726, 53988.0
57.998425006866455, 54092.0
58.19967007637024, 54195.0
58.26261615753174, 54303.0
58.60769200325012, 54372.0
58.7536301612854, 54488.0
58.86897015571594, 54604.0
58.91090130805969, 54690.0
58.95377516746521, 54797.0
59.22364807128906, 54904.0
60.054795026779175, 55001.0
61.4787220954895, 55099.0
61.92417311668396, 55193.0
62.13220024108887, 55195.0
62.26767420768738, 55198.0
62.71061706542969, 55201.0
63.390028953552246, 55303.0
66.07637310028076, 55402.0
