0.00011014938354492188, 964.0
0.00021719932556152344, 1837.0
0.0003230571746826172, 2455.0
0.00043010711669921875, 2529.0
0.0012731552124023438, 2530.0
0.0025391578674316406, 2531.0
0.07065224647521973, 2814.0
0.1669461727142334, 2819.0
0.18359827995300293, 2839.0
0.18391132354736328, 2906.0
0.1849672794342041, 2927.0
0.1863234043121338, 2928.0
0.260634183883667, 2962.0
0.2631392478942871, 3057.0
0.578099250793457, 3123.0
0.7815842628479004, 3236.0
0.7836391925811768, 3261.0
0.7899720668792725, 3285.0
0.7923181056976318, 3290.0
1.0734732151031494, 3319.0
2.9057793617248535, 3421.0
2.9059901237487793, 3422.0
6.22073221206665, 3426.0
6.2248711585998535, 3501.0
6.237173080444336, 3545.0
6.306920289993286, 3586.0
6.311681032180786, 3617.0
6.313438415527344, 3618.0
6.415876150131226, 3672.0
