2.8371810913085938e-05, 667.0
5.125999450683594e-05, 1482.0
0.0012972354888916016, 1594.0
0.0018723011016845703, 1834.0
0.002245187759399414, 2558.0
0.004602193832397461, 2879.0
0.004769086837768555, 3269.0
0.005040168762207031, 3810.0
0.0050623416900634766, 3827.0
0.00632929801940918, 3871.0
0.006394147872924805, 4512.0
0.00812530517578125, 4646.0
0.008266448974609375, 5106.0
0.008414268493652344, 5507.0
0.00848531723022461, 6438.0
0.019129276275634766, 6922.0
0.05688810348510742, 7356.0
0.07989811897277832, 7522.0
0.08033037185668945, 7554.0
0.0839841365814209, 7725.0
0.2960660457611084, 7783.0
0.4360692501068115, 7832.0
0.7570672035217285, 7905.0
0.8693771362304688, 8602.0
0.9417941570281982, 8842.0
0.9453451633453369, 8940.0
