0.20496797561645508, 20080.0
0.35426998138427734, 22142.0
0.5026719570159912, 24205.0
0.652493953704834, 25730.0
0.8035650253295898, 26555.0
0.9522969722747803, 29043.0
1.10384202003479, 30066.0
1.2552900314331055, 32212.0
1.408189058303833, 36618.0
1.5601611137390137, 36802.0
1.7123219966888428, 38720.0
1.8645908832550049, 38720.0
2.016803026199341, 40703.0
2.169508934020996, 42316.0
2.3222129344940186, 44108.0
2.4756429195404053, 45100.0
2.628844976425171, 45903.0
2.7831099033355713, 49724.0
2.9367167949676514, 49724.0
3.091872215270996, 53910.0
3.2450149059295654, 55295.0
3.4005091190338135, 55295.0
3.554072856903076, 55295.0
3.70938777923584, 55961.0
3.865354061126709, 56700.0
4.019423007965088, 57301.0
4.180207967758179, 59043.0
4.338848114013672, 62023.0
4.498960971832275, 62559.0
4.657707929611206, 62580.0
4.813756942749023, 63797.0
4.972131967544556, 64824.0
5.129719972610474, 64824.0
5.287595987319946, 67623.0
5.446624040603638, 67623.0
5.605461120605469, 68361.0
5.768060922622681, 70127.0
5.929207801818848, 70289.0
6.092695951461792, 70289.0
6.252113103866577, 71582.0
6.41037917137146, 72234.0
6.569627046585083, 72376.0
6.729306936264038, 74496.0
6.889971017837524, 75042.0
7.049835920333862, 77093.0
7.209380865097046, 77093.0
7.3690149784088135, 78372.0
7.527281999588013, 78372.0
7.685999870300293, 78372.0
7.846069097518921, 78372.0
8.005589008331299, 80338.0
8.165122985839844, 80338.0
8.325947999954224, 80914.0
8.48735499382019, 81061.0
8.647252082824707, 82671.0
8.806830883026123, 82990.0
8.968824863433838, 85120.0
9.128291845321655, 85120.0
9.287634134292603, 85120.0
9.448805093765259, 85743.0
9.610177993774414, 85789.0
9.771960020065308, 86273.0
9.934114933013916, 86917.0
10.096979141235352, 87276.0
10.259525060653687, 88175.0
10.422338008880615, 88432.0
10.583619832992554, 88432.0
10.744615077972412, 89726.0
10.907371044158936, 89730.0
11.07018518447876, 90071.0
11.231492042541504, 90437.0
11.392622947692871, 91505.0
11.555638790130615, 91505.0
11.718860864639282, 93197.0
11.880070924758911, 93431.0
12.041369915008545, 95627.0
12.204782009124756, 95627.0
12.367940902709961, 95627.0
12.529555082321167, 96104.0
12.691107034683228, 96104.0
12.854817867279053, 97665.0
13.018085956573486, 97665.0
13.180461883544922, 97665.0
13.34285306930542, 97665.0
13.506600141525269, 97840.0
13.66893196105957, 97840.0
13.832587003707886, 98224.0
13.9962899684906, 98827.0
14.160644054412842, 99464.0
14.323392152786255, 99464.0
14.485463857650757, 99528.0
14.649984121322632, 99528.0
14.812828063964844, 99550.0
14.975222110748291, 101264.0
15.13853406906128, 101264.0
15.303014993667603, 101264.0
15.465372085571289, 101264.0
15.629938125610352, 101266.0
15.794606924057007, 101304.0
15.956837892532349, 101304.0
16.120914936065674, 101304.0
16.285528898239136, 102013.0
16.44996213912964, 102988.0
16.614362001419067, 102988.0
16.777581930160522, 102988.0
16.93950390815735, 102988.0
17.102909088134766, 102988.0
17.26451802253723, 103420.0
17.43208885192871, 103420.0
17.5976140499115, 103688.0
17.760945081710815, 103688.0
17.924735069274902, 103855.0
18.089343070983887, 103855.0
18.254512071609497, 103855.0
18.41727089881897, 103855.0
18.58184790611267, 103855.0
18.746160984039307, 104227.0
18.910622119903564, 104227.0
19.076810121536255, 104343.0
19.240350008010864, 104941.0
19.40518307685852, 104941.0
19.570395946502686, 104941.0
19.732311010360718, 104941.0
19.896469116210938, 104941.0
20.060705184936523, 104941.0
20.225512981414795, 104941.0
20.389718055725098, 105283.0
20.55401110649109, 105436.0
20.718732833862305, 105436.0
20.88339900970459, 106207.0
21.047518014907837, 106207.0
21.21266222000122, 106484.0
21.37622594833374, 106484.0
21.54468321800232, 106484.0
21.708372116088867, 106484.0
21.87399411201477, 106484.0
22.039033889770508, 106484.0
22.204869031906128, 106484.0
22.37010908126831, 106484.0
22.53380584716797, 106517.0
22.699316024780273, 106778.0
22.86484384536743, 107017.0
23.030305862426758, 107017.0
23.194978952407837, 107226.0
23.358281135559082, 107226.0
23.522261142730713, 107364.0
23.686604976654053, 107466.0
23.851565837860107, 107466.0
24.015915870666504, 107833.0
24.18031406402588, 107833.0
24.344391107559204, 107833.0
24.5083749294281, 107833.0
24.67360281944275, 107833.0
24.837965965270996, 107853.0
25.003671884536743, 107853.0
25.1705060005188, 107853.0
25.33627200126648, 107853.0
25.501949071884155, 107947.0
25.667280912399292, 107947.0
25.83321189880371, 107947.0
25.996772050857544, 107947.0
26.162020921707153, 107947.0
26.327866077423096, 107947.0
26.491302967071533, 107947.0
26.65474009513855, 108459.0
26.818035125732422, 108459.0
26.983346939086914, 108459.0
27.148653984069824, 108459.0
27.31593418121338, 108459.0
27.479730129241943, 108459.0
27.64347505569458, 108459.0
27.808868885040283, 108459.0
27.97422194480896, 108459.0
28.139801025390625, 108459.0
28.305356979370117, 108459.0
28.470569133758545, 108459.0
28.6357741355896, 108953.0
28.801053047180176, 108953.0
28.966224908828735, 108953.0
29.13162398338318, 108953.0
29.29660201072693, 108953.0
29.460246086120605, 108953.0
29.625680923461914, 108953.0
29.78907084465027, 108953.0
29.952860116958618, 108953.0
30.116414070129395, 108953.0
30.280031204223633, 108953.0
30.443551063537598, 108953.0
30.60725998878479, 109043.0
30.771156072616577, 109043.0
30.934482097625732, 109043.0
31.097928047180176, 109043.0
31.263050079345703, 109061.0
31.42688298225403, 109261.0
31.590527057647705, 109261.0
31.754208087921143, 109261.0
31.917760133743286, 109261.0
32.08118009567261, 109261.0
32.24530005455017, 109261.0
32.40906000137329, 109261.0
32.57211899757385, 109261.0
