0.2022719383239746, 13019.0
0.3515739440917969, 13573.0
0.5036299228668213, 13808.0
0.6558489799499512, 14254.0
0.8081557750701904, 14675.0
0.9610660076141357, 14683.0
1.1156699657440186, 15318.0
1.270972728729248, 15518.0
1.425426959991455, 15919.0
1.5799369812011719, 16178.0
1.7346279621124268, 16397.0
1.8891420364379883, 16501.0
2.0420029163360596, 16697.0
2.1973607540130615, 16915.0
2.3528308868408203, 17204.0
2.5087406635284424, 17859.0
2.6649668216705322, 17951.0
2.8231987953186035, 18408.0
2.9800870418548584, 18764.0
3.1350886821746826, 18782.0
3.2929000854492188, 18980.0
3.4509918689727783, 19090.0
3.6096367835998535, 19703.0
3.7684128284454346, 19703.0
3.9250519275665283, 20116.0
4.088824987411499, 20116.0
4.252178907394409, 20412.0
4.41473388671875, 20497.0
4.5768797397613525, 20497.0
4.735461711883545, 20518.0
4.898083925247192, 20704.0
5.058928728103638, 21619.0
5.2199437618255615, 21619.0
5.380979776382446, 21619.0
5.540256023406982, 21787.0
5.706726789474487, 21808.0
5.874794960021973, 22019.0
6.043311834335327, 22403.0
6.207619905471802, 22407.0
6.371304750442505, 22661.0
6.535313844680786, 22661.0
6.6990509033203125, 22661.0
6.8637800216674805, 23031.0
7.029146671295166, 23105.0
7.19383692741394, 23211.0
7.3600239753723145, 23517.0
7.5250327587127686, 23559.0
7.690126895904541, 24115.0
7.855485916137695, 24248.0
8.020959854125977, 24318.0
8.186779737472534, 24318.0
8.352025032043457, 24318.0
8.5170419216156, 24418.0
8.682588815689087, 24452.0
8.848232746124268, 24493.0
9.01329779624939, 24790.0
9.179422855377197, 24790.0
9.345723867416382, 24791.0
9.511537790298462, 24911.0
9.677314043045044, 25013.0
9.843110799789429, 25113.0
10.009040832519531, 25113.0
10.172821998596191, 25113.0
10.338777780532837, 25113.0
10.50510573387146, 25204.0
10.671421766281128, 25395.0
10.837829828262329, 25402.0
11.005807876586914, 25417.0
11.172700881958008, 25417.0
11.339253902435303, 25618.0
11.506012916564941, 25654.0
11.672754764556885, 25715.0
11.839716672897339, 25852.0
12.006523847579956, 25852.0
12.173334836959839, 25913.0
12.340019941329956, 25913.0
12.506845951080322, 26118.0
12.671733856201172, 26118.0
12.839093923568726, 26124.0
13.008122682571411, 26302.0
13.175103902816772, 26416.0
13.341999769210815, 26416.0
13.509179830551147, 26504.0
13.67609691619873, 26512.0
13.843008995056152, 26616.0
14.009801864624023, 26616.0
14.17466688156128, 26616.0
14.341519832611084, 26616.0
14.5066659450531, 26697.0
14.673897981643677, 26866.0
14.840967893600464, 26866.0
15.006181716918945, 27010.0
15.177731990814209, 27010.0
15.34770679473877, 27010.0
15.517592906951904, 27010.0
15.687692880630493, 27010.0
15.857809782028198, 27112.0
16.032710790634155, 27112.0
16.202924966812134, 27112.0
16.372803926467896, 27112.0
16.542051076889038, 27112.0
16.711749792099, 27277.0
16.881521940231323, 27277.0
17.051820039749146, 27309.0
17.222437858581543, 27309.0
17.392038822174072, 27309.0
17.56204581260681, 27309.0
17.731858730316162, 27309.0
17.901213884353638, 27309.0
18.071292877197266, 27383.0
18.241326808929443, 27383.0
18.41152286529541, 27383.0
18.57967185974121, 27396.0
18.747293949127197, 27460.0
18.915052890777588, 27460.0
19.082525968551636, 27479.0
19.252842903137207, 27494.0
19.421422004699707, 27616.0
19.592408895492554, 27616.0
19.76110005378723, 27697.0
19.93202567100525, 27697.0
20.10289478302002, 27697.0
20.271769046783447, 27697.0
20.440659761428833, 27697.0
20.609323024749756, 27848.0
20.780370950698853, 27848.0
20.949679851531982, 27918.0
21.118808031082153, 27918.0
21.291353702545166, 27918.0
21.46087384223938, 27918.0
21.629876852035522, 27918.0
21.800944805145264, 28008.0
21.971885919570923, 28008.0
22.140312910079956, 28008.0
22.31067180633545, 28008.0
22.478726863861084, 28008.0
22.64648175239563, 28008.0
22.81648898124695, 28008.0
22.986500024795532, 28008.0
23.1570827960968, 28008.0
23.327341079711914, 28086.0
23.49839687347412, 28086.0
23.66934299468994, 28086.0
23.840210914611816, 28113.0
24.011210918426514, 28113.0
24.182353734970093, 28113.0
24.3510639667511, 28113.0
24.522175788879395, 28113.0
24.69331669807434, 28117.0
24.864423751831055, 28117.0
25.035701990127563, 28117.0
25.207632780075073, 28117.0
25.38090181350708, 28191.0
25.55235195159912, 28191.0
25.723812103271484, 28191.0
25.895469903945923, 28203.0
26.067193746566772, 28203.0
26.238762855529785, 28215.0
26.409915924072266, 28215.0
26.5809907913208, 28215.0
26.75241184234619, 28215.0
26.923818826675415, 28215.0
27.09509778022766, 28215.0
27.26799774169922, 28231.0
27.44029688835144, 28231.0
27.6122088432312, 28231.0
27.78321099281311, 28231.0
27.954906702041626, 28231.0
28.126173973083496, 28304.0
28.298036813735962, 28304.0
28.46994686126709, 28304.0
28.641801834106445, 28304.0
28.813650846481323, 28310.0
28.98487091064453, 28310.0
29.156410694122314, 28314.0
29.329165935516357, 28314.0
29.500744819641113, 28314.0
29.672286987304688, 28318.0
29.843663692474365, 28401.0
30.01513385772705, 28407.0
30.186376810073853, 28415.0
30.3579318523407, 28516.0
30.528968811035156, 28516.0
30.700243949890137, 28516.0
30.871608018875122, 28516.0
31.04294490814209, 28516.0
31.212388038635254, 28516.0
31.38566279411316, 28516.0
31.557175874710083, 28516.0
31.728670835494995, 28516.0
31.898095846176147, 28516.0
32.06947183609009, 28516.0
32.240904808044434, 28516.0
32.41176891326904, 28516.0
32.583101749420166, 28516.0
32.754493951797485, 28516.0
32.925203800201416, 28516.0
33.096378803253174, 28516.0
33.26760292053223, 28516.0
33.441070795059204, 28516.0
33.61336398124695, 28516.0
