2.9087066650390625e-05, 707.0
5.2928924560546875e-05, 823.0
0.00014090538024902344, 1323.0
0.0005002021789550781, 1964.0
0.0007619857788085938, 2664.0
0.0011408329010009766, 3455.0
0.0013740062713623047, 4179.0
0.002774953842163086, 4758.0
0.002841949462890625, 5215.0
0.0032379627227783203, 5374.0
0.0032830238342285156, 5487.0
0.004876852035522461, 5818.0
0.023573875427246094, 6057.0
0.0387418270111084, 6191.0
0.03931093215942383, 6279.0
0.03937387466430664, 7079.0
0.039746999740600586, 7122.0
0.21863198280334473, 7234.0
0.24451303482055664, 7334.0
0.60762619972229, 7639.0
0.6076908111572266, 7832.0
0.6482081413269043, 8456.0
0.8485250473022461, 8544.0
0.9484021663665771, 8661.0
1.1261000633239746, 8681.0
