0.01930713653564453, 1997.0
0.03513598442077637, 1997.0
0.051360130310058594, 2071.0
0.06760406494140625, 2135.0
0.08371496200561523, 2297.0
0.09957003593444824, 2297.0
0.11549806594848633, 2297.0
0.13143301010131836, 2297.0
0.1474449634552002, 2595.0
0.16350793838500977, 2595.0
0.1796109676361084, 2595.0
0.19578099250793457, 2595.0
0.21196913719177246, 2595.0
0.22824501991271973, 2596.0
0.24458599090576172, 2596.0
0.261120080947876, 2679.0
0.27756595611572266, 2679.0
0.2941861152648926, 2694.0
0.31087279319763184, 2694.0
0.3277099132537842, 2694.0
0.34467101097106934, 2694.0
0.36131906509399414, 2694.0
0.37813520431518555, 2694.0
0.3946220874786377, 2694.0
0.41081976890563965, 2694.0
0.4270291328430176, 2694.0
0.44326305389404297, 2694.0
0.4595210552215576, 2694.0
0.47569704055786133, 2694.0
0.49190211296081543, 2694.0
0.5080900192260742, 2694.0
0.5242609977722168, 2694.0
0.5404529571533203, 2694.0
0.5566847324371338, 2694.0
0.5728800296783447, 2694.0
0.5890660285949707, 2694.0
0.6052749156951904, 2694.0
0.6215529441833496, 2694.0
0.6388711929321289, 2694.0
0.6558048725128174, 2694.0
0.6721811294555664, 2694.0
0.6883809566497803, 2694.0
0.7046208381652832, 2694.0
0.7209081649780273, 2694.0
0.7371039390563965, 2694.0
0.7533190250396729, 2694.0
0.76951003074646, 2694.0
0.7857050895690918, 2694.0
0.8019070625305176, 2694.0
0.8181147575378418, 2694.0
0.834326982498169, 2694.0
0.8504929542541504, 2694.0
0.8667070865631104, 2694.0
0.8832910060882568, 2694.0
0.899432897567749, 2694.0
0.9155740737915039, 2694.0
0.9317059516906738, 2694.0
0.947883129119873, 2694.0
0.964040994644165, 2694.0
0.9802577495574951, 2694.0
0.9964480400085449, 2694.0
1.0130460262298584, 2694.0
1.029613971710205, 2694.0
1.0463030338287354, 2694.0
1.0629169940948486, 2694.0
1.0794990062713623, 2694.0
1.096066951751709, 2694.0
1.1125969886779785, 2694.0
1.1291520595550537, 2694.0
1.1457369327545166, 2694.0
1.1625409126281738, 2694.0
1.1798968315124512, 2694.0
1.1970620155334473, 2694.0
1.2140748500823975, 2694.0
1.2305679321289062, 2694.0
1.2470579147338867, 2694.0
1.2635459899902344, 2694.0
1.2800579071044922, 2694.0
1.2965807914733887, 2694.0
1.313068151473999, 2694.0
1.329542875289917, 2694.0
1.3460760116577148, 2694.0
1.3625857830047607, 2694.0
1.379202127456665, 2694.0
1.3957719802856445, 2694.0
1.4124529361724854, 2694.0
1.4291799068450928, 2694.0
1.4458699226379395, 2694.0
1.4626598358154297, 2694.0
1.479306936264038, 2694.0
1.496124029159546, 2694.0
1.5127880573272705, 2694.0
1.5289599895477295, 2694.0
1.5451128482818604, 2694.0
1.5612800121307373, 2694.0
1.5774118900299072, 2694.0
1.593554973602295, 2694.0
1.6097149848937988, 2694.0
1.6259078979492188, 2694.0
1.642042875289917, 2694.0
1.6582081317901611, 2694.0
1.6743488311767578, 2694.0
1.6904668807983398, 2694.0
1.7066819667816162, 2694.0
1.7231419086456299, 2694.0
1.740652084350586, 2694.0
1.7578229904174805, 2694.0
1.7742741107940674, 2694.0
1.7907788753509521, 2694.0
1.8072447776794434, 2694.0
1.8237099647521973, 2694.0
1.8402199745178223, 2694.0
1.8566739559173584, 2694.0
1.87310791015625, 2694.0
1.8896708488464355, 2694.0
1.9060838222503662, 2694.0
1.9225070476531982, 2694.0
1.9389147758483887, 2694.0
1.9553260803222656, 2694.0
1.971703052520752, 2694.0
1.9881107807159424, 2694.0
2.004487991333008, 2694.0
2.020885944366455, 2694.0
2.037198781967163, 2694.0
2.0536458492279053, 2694.0
2.070035934448242, 2694.0
2.086423873901367, 2694.0
2.102820873260498, 2694.0
2.119188070297241, 2694.0
2.135532855987549, 2694.0
2.1518759727478027, 2694.0
2.1682240962982178, 2694.0
2.184581995010376, 2694.0
2.200920820236206, 2694.0
2.2172579765319824, 2694.0
2.2335848808288574, 2694.0
2.249953031539917, 2694.0
2.2663629055023193, 2694.0
2.2826759815216064, 2694.0
2.2989730834960938, 2694.0
2.315319776535034, 2694.0
2.3316869735717773, 2694.0
2.3481500148773193, 2694.0
2.3644869327545166, 2694.0
2.380835771560669, 2694.0
2.397196054458618, 2694.0
2.413578987121582, 2694.0
2.4299111366271973, 2694.0
2.446286916732788, 2694.0
2.4626288414001465, 2694.0
2.479001998901367, 2694.0
2.495342969894409, 2694.0
2.5117011070251465, 2694.0
2.528085947036743, 2694.0
2.544532060623169, 2694.0
2.5608980655670166, 2694.0
2.577239751815796, 2694.0
2.593569040298462, 2694.0
2.609890937805176, 2694.0
2.6267590522766113, 2694.0
2.643587827682495, 2694.0
2.660098075866699, 2694.0
2.6764259338378906, 2694.0
2.6928441524505615, 2694.0
2.7092859745025635, 2694.0
2.725648880004883, 2694.0
2.7420098781585693, 2694.0
2.7588601112365723, 2694.0
2.7756969928741455, 2694.0
2.792066812515259, 2694.0
2.8084428310394287, 2694.0
2.8248000144958496, 2694.0
2.8411309719085693, 2694.0
2.857452154159546, 2694.0
2.8737728595733643, 2694.0
2.8906288146972656, 2694.0
2.9073128700256348, 2694.0
2.9240479469299316, 2694.0
2.940809965133667, 2694.0
2.957617998123169, 2694.0
2.974410057067871, 2694.0
2.991132974624634, 2694.0
3.007812976837158, 2694.0
3.024613857269287, 2694.0
3.041395902633667, 2694.0
3.0582311153411865, 2694.0
3.075640916824341, 2694.0
3.093000888824463, 2694.0
3.109830856323242, 2694.0
3.126530885696411, 2694.0
3.143212080001831, 2694.0
3.159945011138916, 2694.0
3.1766090393066406, 2694.0
3.1932969093322754, 2694.0
3.209925889968872, 2694.0
3.2265989780426025, 2694.0
3.243244171142578, 2694.0
3.2599828243255615, 2694.0
3.2770309448242188, 2694.0
3.2938880920410156, 2694.0
3.3109331130981445, 2694.0
