0.10093283653259277, 7190.0
0.17542576789855957, 7527.0
0.25146484375, 7680.0
0.3278048038482666, 7879.0
0.4044339656829834, 8039.0
0.4812448024749756, 8244.0
0.558495044708252, 8652.0
0.6359658241271973, 8788.0
0.7135219573974609, 8956.0
0.7912688255310059, 8956.0
0.8693468570709229, 9052.0
0.9474778175354004, 9471.0
1.0275599956512451, 9579.0
1.1066129207611084, 9919.0
1.1852307319641113, 9982.0
1.264063835144043, 9982.0
1.343024730682373, 10270.0
1.4220967292785645, 10283.0
1.501438856124878, 10584.0
1.5837137699127197, 10789.0
1.6635608673095703, 10789.0
1.7433507442474365, 10916.0
1.8231968879699707, 10916.0
1.9030506610870361, 11158.0
1.9831128120422363, 11233.0
2.0632758140563965, 11580.0
2.1436429023742676, 11580.0
2.2239487171173096, 11634.0
2.3044638633728027, 11864.0
2.3851897716522217, 11864.0
2.4657437801361084, 11977.0
2.5465447902679443, 12062.0
2.6273608207702637, 12137.0
2.7084476947784424, 12137.0
2.7896218299865723, 12480.0
2.8708386421203613, 12480.0
2.952025890350342, 12480.0
3.0352818965911865, 12480.0
3.116853713989258, 12528.0
3.198255777359009, 12555.0
3.280740737915039, 12770.0
3.363269805908203, 12770.0
3.4456288814544678, 12770.0
3.5290417671203613, 12792.0
3.6139557361602783, 12888.0
3.7003636360168457, 13081.0
3.7846426963806152, 13081.0
3.869105815887451, 13081.0
3.95439076423645, 13081.0
4.038935661315918, 13257.0
4.121781826019287, 13257.0
4.204693794250488, 13257.0
4.287765741348267, 13257.0
4.370845794677734, 13257.0
4.453995704650879, 13285.0
4.538132905960083, 13289.0
4.621475696563721, 13376.0
4.704643726348877, 13376.0
4.787867784500122, 13488.0
4.872766017913818, 13488.0
4.95861291885376, 13488.0
5.044782876968384, 13578.0
5.1317408084869385, 13578.0
5.21747088432312, 13578.0
5.30381178855896, 13590.0
5.387903928756714, 13590.0
5.4716057777404785, 13668.0
5.555649757385254, 13668.0
5.6387858390808105, 13688.0
5.722695827484131, 13688.0
5.806761026382446, 13689.0
5.8907248973846436, 13689.0
5.974628925323486, 13718.0
6.059134006500244, 13718.0
6.142533779144287, 13787.0
6.225906848907471, 13787.0
6.308269739151001, 13859.0
6.390440940856934, 13876.0
6.473439693450928, 13876.0
6.557353973388672, 13876.0
6.640373706817627, 13983.0
6.723439931869507, 13983.0
6.8065009117126465, 13983.0
6.889673948287964, 13983.0
6.972708702087402, 14089.0
7.054946660995483, 14089.0
7.140751838684082, 14089.0
7.225141763687134, 14089.0
7.30950403213501, 14089.0
7.393856048583984, 14089.0
7.478021860122681, 14089.0
7.562020778656006, 14089.0
7.64613676071167, 14089.0
7.730257987976074, 14089.0
7.814287900924683, 14190.0
7.898412704467773, 14190.0
7.98272180557251, 14190.0
8.066779851913452, 14190.0
8.150945663452148, 14190.0
8.235022783279419, 14190.0
8.31911301612854, 14190.0
8.402965784072876, 14190.0
8.488832712173462, 14190.0
8.573315858840942, 14190.0
8.658094882965088, 14190.0
8.74370265007019, 14190.0
8.826891660690308, 14190.0
8.910931825637817, 14190.0
8.994370698928833, 14190.0
9.078421592712402, 14190.0
9.164695739746094, 14190.0
9.250374794006348, 14190.0
9.334495782852173, 14190.0
9.418429851531982, 14190.0
9.50340986251831, 14190.0
9.588435888290405, 14190.0
9.673267841339111, 14190.0
9.757340908050537, 14190.0
9.84113073348999, 14190.0
9.925907850265503, 14190.0
10.009713888168335, 14190.0
10.09442687034607, 14190.0
10.178273677825928, 14190.0
10.263041734695435, 14190.0
10.346802949905396, 14190.0
10.431545734405518, 14190.0
10.515269756317139, 14190.0
10.600048780441284, 14190.0
10.683804988861084, 14190.0
10.768549919128418, 14190.0
10.852402925491333, 14190.0
10.937207698822021, 14190.0
11.020916938781738, 14190.0
11.105632781982422, 14190.0
11.190940856933594, 14190.0
11.275810718536377, 14190.0
11.359692811965942, 14190.0
11.44438886642456, 14190.0
11.528291702270508, 14190.0
11.61338186264038, 14190.0
11.697210788726807, 14190.0
11.782021760940552, 14190.0
11.865800857543945, 14190.0
11.950464725494385, 14190.0
12.034146785736084, 14190.0
12.11925482749939, 14190.0
12.202975749969482, 14190.0
12.287616729736328, 14190.0
12.371150732040405, 14190.0
12.455615043640137, 14190.0
12.539106845855713, 14190.0
12.623601913452148, 14190.0
12.70769476890564, 14190.0
12.792184829711914, 14190.0
12.876498937606812, 14190.0
12.962445735931396, 14190.0
13.046761989593506, 14190.0
13.13153886795044, 14190.0
13.216389894485474, 14190.0
13.303096771240234, 14190.0
13.386809825897217, 14190.0
13.471470832824707, 14190.0
13.555195808410645, 14190.0
13.639816999435425, 14190.0
13.723522663116455, 14190.0
13.807989597320557, 14190.0
13.89147686958313, 14190.0
13.975960731506348, 14190.0
14.05939269065857, 14190.0
14.143913984298706, 14190.0
14.227317810058594, 14190.0
14.311794996261597, 14190.0
14.39520001411438, 14190.0
14.479549884796143, 14190.0
14.562967777252197, 14190.0
14.64730978012085, 14190.0
14.730547904968262, 14190.0
14.814701795578003, 14190.0
14.89797568321228, 14190.0
14.982225894927979, 14190.0
15.065553903579712, 14190.0
15.149807929992676, 14190.0
15.23334789276123, 14190.0
15.318479776382446, 14190.0
15.403168678283691, 14190.0
15.486894845962524, 14190.0
15.5711350440979, 14190.0
15.654675960540771, 14190.0
15.739035844802856, 14190.0
15.82249665260315, 14190.0
15.906946659088135, 14190.0
15.990533828735352, 14190.0
16.075028896331787, 14190.0
16.158630847930908, 14190.0
16.245576858520508, 14190.0
16.32960271835327, 14190.0
16.41434073448181, 14190.0
16.497934818267822, 14190.0
16.58226776123047, 14190.0
16.66589879989624, 14190.0
16.75049877166748, 14190.0
