0.04912900924682617, 8691.0
0.08655881881713867, 10325.0
0.1240839958190918, 10347.0
0.16168594360351562, 13457.0
0.19945001602172852, 13457.0
0.23760199546813965, 14859.0
0.2758350372314453, 14859.0
0.3140239715576172, 16581.0
0.35235595703125, 16581.0
0.3907949924468994, 16581.0
0.42931199073791504, 17285.0
0.4679250717163086, 17386.0
0.5066471099853516, 19147.0
0.5454940795898438, 19651.0
0.584388017654419, 20476.0
0.6233048439025879, 20476.0
0.6623659133911133, 22206.0
0.7016360759735107, 22206.0
0.7408199310302734, 22206.0
0.780951976776123, 23008.0
0.8202409744262695, 23528.0
0.8596179485321045, 23528.0
0.8989930152893066, 23784.0
0.9384591579437256, 24644.0
0.9779608249664307, 25211.0
1.017590045928955, 25225.0
1.0572211742401123, 25555.0
1.0977818965911865, 25555.0
1.1380500793457031, 25555.0
1.1778759956359863, 25924.0
1.2177698612213135, 26112.0
1.2577557563781738, 27288.0
1.2977099418640137, 27288.0
1.3377959728240967, 27327.0
1.3777580261230469, 27472.0
1.417776107788086, 27472.0
1.4578170776367188, 27472.0
1.497913122177124, 27786.0
1.537999153137207, 27786.0
1.5780940055847168, 27786.0
1.6182358264923096, 28009.0
1.6584229469299316, 28009.0
1.6985759735107422, 28287.0
1.7388951778411865, 28287.0
1.7792069911956787, 28287.0
1.8194921016693115, 28287.0
1.859956979751587, 28415.0
1.9003708362579346, 28415.0
1.9409189224243164, 28415.0
1.9812548160552979, 28415.0
2.0215070247650146, 28426.0
2.06178617477417, 28426.0
2.101963996887207, 28426.0
2.142122983932495, 28426.0
2.182267189025879, 28426.0
2.222445011138916, 28426.0
2.26255202293396, 28426.0
2.302746057510376, 28426.0
2.3428988456726074, 28426.0
2.383046865463257, 28426.0
2.423271894454956, 28426.0
2.4635188579559326, 28426.0
2.503726005554199, 28426.0
2.5438220500946045, 28426.0
2.5848801136016846, 28426.0
2.6251158714294434, 28426.0
2.665212869644165, 28426.0
2.7053329944610596, 28426.0
2.7455170154571533, 28426.0
2.7857048511505127, 28426.0
2.825969934463501, 28426.0
2.866236925125122, 28426.0
2.9063990116119385, 28426.0
2.948099136352539, 28426.0
2.9896960258483887, 28426.0
3.031442880630493, 28426.0
3.079509973526001, 28426.0
3.121748924255371, 28426.0
3.165135145187378, 28426.0
3.2072529792785645, 28426.0
3.2492449283599854, 28426.0
3.2904489040374756, 28426.0
3.3321049213409424, 28426.0
3.374708890914917, 28426.0
3.4174959659576416, 28426.0
3.4604969024658203, 28426.0
3.5035550594329834, 28426.0
3.5472140312194824, 28426.0
3.5914838314056396, 28426.0
3.6339938640594482, 28426.0
3.6772048473358154, 28426.0
3.7238030433654785, 28426.0
3.768209934234619, 28426.0
3.810908794403076, 28426.0
3.8540101051330566, 28426.0
3.897834062576294, 28426.0
3.942626953125, 28426.0
3.98726487159729, 28426.0
4.03223180770874, 28426.0
4.076740026473999, 28426.0
4.11956000328064, 28426.0
4.161459922790527, 28426.0
4.202692031860352, 28426.0
4.243899822235107, 28426.0
4.285051107406616, 28426.0
4.328491926193237, 28426.0
4.371773958206177, 28426.0
4.414819002151489, 28426.0
4.457559108734131, 28426.0
4.500486850738525, 28426.0
4.542623043060303, 28426.0
4.584609031677246, 28426.0
4.627137899398804, 28426.0
4.669749975204468, 28426.0
4.712328910827637, 28426.0
4.755293846130371, 28426.0
4.798479080200195, 28426.0
4.841869115829468, 28426.0
4.884799957275391, 28426.0
4.926560878753662, 28426.0
4.968382835388184, 28426.0
5.010074138641357, 28426.0
5.052484035491943, 28426.0
5.096787929534912, 28426.0
5.141356945037842, 28426.0
5.1890528202056885, 28426.0
5.235736131668091, 28426.0
5.280111074447632, 28426.0
5.3230299949646, 28426.0
5.365275859832764, 28426.0
5.416456937789917, 28426.0
5.4588000774383545, 28426.0
5.501273155212402, 28426.0
5.54443097114563, 28426.0
5.587903022766113, 28426.0
5.6305320262908936, 28426.0
5.673040866851807, 28426.0
5.714516878128052, 28426.0
5.755644798278809, 28426.0
5.796676158905029, 28426.0
5.837627172470093, 28426.0
5.8785400390625, 28426.0
5.919910192489624, 28426.0
5.962388038635254, 28426.0
6.005638837814331, 28426.0
6.048638820648193, 28426.0
6.091194152832031, 28426.0
6.13317084312439, 28426.0
6.174674987792969, 28426.0
6.2154669761657715, 28426.0
6.25626802444458, 28426.0
6.2975428104400635, 28426.0
6.338611841201782, 28426.0
6.38138484954834, 28426.0
6.424470901489258, 28426.0
6.4676289558410645, 28426.0
6.510644912719727, 28426.0
6.553951025009155, 28426.0
6.597232103347778, 28426.0
6.640018939971924, 28426.0
6.682018995285034, 28426.0
6.723188877105713, 28426.0
6.766171932220459, 28426.0
6.810029029846191, 28426.0
6.852222919464111, 28426.0
6.893769025802612, 28426.0
6.934571027755737, 28426.0
6.975344181060791, 28426.0
7.016062021255493, 28426.0
7.057031869888306, 28426.0
7.09763503074646, 28426.0
7.138669013977051, 28426.0
7.1791911125183105, 28426.0
7.221510887145996, 28426.0
7.262181997299194, 28426.0
7.305338144302368, 28426.0
7.348054885864258, 28426.0
7.391186952590942, 28426.0
7.4335479736328125, 28426.0
7.4757020473480225, 28426.0
7.5178611278533936, 28426.0
7.5608069896698, 28426.0
7.604059934616089, 28426.0
7.647125959396362, 28426.0
7.688410043716431, 28426.0
7.729678153991699, 28426.0
7.773927927017212, 28426.0
7.815340042114258, 28426.0
7.857776165008545, 28426.0
7.900844097137451, 28426.0
7.943809986114502, 28426.0
7.9861900806427, 28426.0
8.02817678451538, 28426.0
8.069633960723877, 28426.0
8.110848903656006, 28426.0
8.151700019836426, 28426.0
8.192539930343628, 28426.0
8.23334813117981, 28426.0
8.27419900894165, 28426.0
8.317128896713257, 28426.0
8.359416007995605, 28426.0
