6.646191835403442, 740.0
6.646193981170654, 846.0
6.646194934844971, 707.0
6.646195888519287, 666.0
6.64619779586792, 742.0
6.646202802658081, 967.0
6.646203994750977, 542.0
6.646204948425293, 549.0
6.646208763122559, 788.0
6.646212816238403, 511.0
6.646214008331299, 791.0
6.646214962005615, 609.0
6.6462180614471436, 961.0
6.646221876144409, 976.0
6.646222829818726, 406.0
6.646223783493042, 697.0
6.6462249755859375, 520.0
6.646225929260254, 316.0
6.64622688293457, 242.0
6.646228075027466, 960.0
6.646229028701782, 220.0
6.6462297439575195, 660.0
6.6462297439575195, 404.0
6.646233797073364, 956.0
6.646237850189209, 874.0
6.6462390422821045, 882.0
6.646239995956421, 598.0
6.646240711212158, 102.0
6.646241903305054, 564.0
6.64624285697937, 632.0
6.6462438106536865, 933.0
6.646244764328003, 844.0
6.646249055862427, 676.0
6.646250009536743, 866.0
6.64625096321106, 591.0
6.64625096321106, 703.0
6.646251678466797, 971.0
6.646252870559692, 832.0
6.646253824234009, 658.0
6.646254777908325, 443.0
6.646255970001221, 629.0
6.646260023117065, 912.0
6.646260976791382, 650.0
6.646263837814331, 726.0
6.6462647914886475, 434.0
6.646265983581543, 253.0
6.646266937255859, 945.0
6.646267890930176, 377.0
6.6462719440460205, 764.0
6.646272897720337, 126.0
6.646273851394653, 912.0
6.646277904510498, 784.0
6.646281957626343, 897.0
6.646285772323608, 712.0
6.646286964416504, 692.0
6.646286964416504, 610.0
6.64628791809082, 128.0
6.646291971206665, 646.0
6.6462929248809814, 674.0
6.646293878555298, 800.0
6.646294832229614, 917.0
6.646294832229614, 218.0
6.646295785903931, 734.0
6.646296739578247, 641.0
6.646301984786987, 840.0
6.646302938461304, 908.0
6.646304130554199, 702.0
6.6463048458099365, 880.0
6.6463048458099365, 485.0
6.646308898925781, 700.0
6.646309852600098, 495.0
6.646309852600098, 929.0
6.646311044692993, 919.0
6.64631199836731, 570.0
6.646312952041626, 457.0
6.646313905715942, 904.0
6.6463189125061035, 900.0
6.64631986618042, 594.0
6.646320819854736, 395.0
6.646322011947632, 711.0
6.646322011947632, 218.0
6.646322965621948, 859.0
6.646323919296265, 619.0
6.64632511138916, 258.0
6.64632511138916, 224.0
6.6463258266448975, 856.0
6.646329879760742, 732.0
6.646330833435059, 848.0
6.646332025527954, 542.0
6.6463329792022705, 752.0
6.6463329792022705, 653.0
6.646333932876587, 947.0
6.646334886550903, 564.0
6.646336078643799, 939.0
6.646336793899536, 931.0
6.6463377475738525, 616.0
6.646338939666748, 429.0
6.6463398933410645, 660.0
6.6463398933410645, 799.0
6.646340847015381, 641.0
6.646341800689697, 294.0
6.646342992782593, 477.0
6.646343946456909, 961.0
6.646343946456909, 976.0
6.646344900131226, 666.0
6.646346092224121, 788.0
6.646346807479858, 952.0
6.646349906921387, 802.0
6.6463518142700195, 907.0
6.646353006362915, 84.0
6.6463539600372314, 545.0
6.646354913711548, 959.0
6.646357774734497, 446.0
6.6463587284088135, 931.0
6.646359920501709, 943.0
6.646359920501709, 906.0
6.646360874176025, 569.0
6.646361827850342, 1000.0
6.646362781524658, 221.0
6.6463658809661865, 565.0
6.646367073059082, 782.0
6.646368026733398, 838.0
6.646368026733398, 363.0
6.646368741989136, 888.0
6.646369695663452, 826.0
6.646369695663452, 517.0
6.646370887756348, 987.0
6.646371841430664, 724.0
6.646373987197876, 886.0
6.646374940872192, 836.0
6.646375894546509, 839.0
6.646378993988037, 922.0
6.646378993988037, 871.0
6.646379709243774, 663.0
6.646382808685303, 618.0
6.646384000778198, 790.0
6.646384954452515, 889.0
6.646384954452515, 984.0
6.646385908126831, 282.0
6.6463868618011475, 770.0
6.646388053894043, 954.0
6.646389007568359, 959.0
6.646389722824097, 730.0
6.646390914916992, 195.0
6.646391868591309, 557.0
6.646392822265625, 911.0
6.646392822265625, 858.0
6.646393775939941, 911.0
6.646394968032837, 998.0
6.646394968032837, 899.0
6.646395921707153, 770.0
6.64639687538147, 748.0
6.646398067474365, 859.0
6.646399021148682, 791.0
6.646399021148682, 500.0
6.646399974822998, 689.0
6.646400690078735, 583.0
6.646401882171631, 554.0
6.646401882171631, 641.0
6.646403789520264, 649.0
