0.00010704994201660156, 418.0
0.00020885467529296875, 839.0
0.00030994415283203125, 896.0
0.00040984153747558594, 1611.0
0.0005109310150146484, 1963.0
0.0006108283996582031, 2480.0
0.0008108615875244141, 2534.0
0.0010099411010742188, 2686.0
0.0018239021301269531, 2687.0
0.0069348812103271484, 2748.0
0.010802984237670898, 2749.0
0.016519784927368164, 2816.0
0.028573989868164062, 2817.0
0.03344893455505371, 2819.0
0.034958839416503906, 2831.0
0.10386085510253906, 2838.0
0.10525798797607422, 2839.0
0.11486387252807617, 2940.0
0.11496496200561523, 3014.0
0.1392838954925537, 3144.0
0.1429588794708252, 3218.0
0.14406871795654297, 3219.0
0.15427184104919434, 3236.0
0.15956878662109375, 3243.0
0.16622376441955566, 3251.0
0.43310093879699707, 3253.0
0.43901991844177246, 3296.0
0.45089292526245117, 3350.0
0.4514937400817871, 3362.0
0.4516937732696533, 3479.0
0.4545009136199951, 3495.0
0.4605069160461426, 3598.0
6.135847806930542, 3617.0
6.14110803604126, 3683.0
6.142568826675415, 3684.0
7.498990774154663, 3689.0
7.543088912963867, 3690.0
7.57773494720459, 3764.0
