0.009943008422851562, 1300.0
0.018416881561279297, 1300.0
0.026875972747802734, 1300.0
0.035347938537597656, 1300.0
0.0438389778137207, 1333.0
0.052320003509521484, 1414.0
0.06085205078125, 1414.0
0.06938695907592773, 1414.0
0.07796478271484375, 1423.0
0.0865478515625, 1423.0
0.09527778625488281, 1440.0
0.10399270057678223, 1440.0
0.11274981498718262, 1440.0
0.1214900016784668, 1459.0
0.1303098201751709, 1459.0
0.13923096656799316, 1493.0
0.148360013961792, 1493.0
0.15735697746276855, 1493.0
0.1663837432861328, 1493.0
0.17545390129089355, 1493.0
0.18457484245300293, 1493.0
0.19359374046325684, 1493.0
0.2024860382080078, 1493.0
0.21124672889709473, 1493.0
0.21996593475341797, 1493.0
0.2286510467529297, 1493.0
0.23733305931091309, 1493.0
0.24600982666015625, 1493.0
0.2546870708465576, 1493.0
0.26340508460998535, 1493.0
0.27211689949035645, 1493.0
0.28080272674560547, 1493.0
0.28952980041503906, 1493.0
0.2982337474822998, 1493.0
0.30693507194519043, 1493.0
0.3155961036682129, 1493.0
0.32427382469177246, 1493.0
0.3334958553314209, 1493.0
0.34258294105529785, 1493.0
0.3514130115509033, 1493.0
0.36023402214050293, 1493.0
0.36905980110168457, 1493.0
0.37787389755249023, 1493.0
0.38665294647216797, 1493.0
0.3954498767852783, 1493.0
0.4043598175048828, 1493.0
0.41314005851745605, 1493.0
0.422130823135376, 1493.0
0.43109679222106934, 1493.0
0.4400138854980469, 1493.0
0.44905805587768555, 1493.0
0.4580087661743164, 1493.0
0.4669990539550781, 1493.0
0.4758567810058594, 1493.0
0.48468780517578125, 1493.0
0.4935128688812256, 1493.0
0.5020148754119873, 1493.0
0.5104918479919434, 1493.0
0.5189487934112549, 1493.0
0.5274498462677002, 1493.0
0.5359189510345459, 1493.0
0.5443949699401855, 1493.0
0.5528829097747803, 1493.0
0.5613477230072021, 1493.0
0.5698168277740479, 1493.0
0.5784759521484375, 1493.0
0.5874488353729248, 1493.0
0.5963540077209473, 1493.0
0.6055808067321777, 1493.0
0.6142368316650391, 1493.0
0.6227641105651855, 1493.0
0.6312558650970459, 1493.0
0.6398420333862305, 1493.0
0.648345947265625, 1493.0
0.6568708419799805, 1493.0
0.6653859615325928, 1493.0
0.6738989353179932, 1493.0
0.6824769973754883, 1493.0
0.6911218166351318, 1493.0
0.6996967792510986, 1493.0
0.7082538604736328, 1493.0
0.7167658805847168, 1493.0
0.7254579067230225, 1493.0
0.7345700263977051, 1493.0
0.7432389259338379, 1493.0
0.7517528533935547, 1493.0
0.7602849006652832, 1493.0
0.7688019275665283, 1493.0
0.7773330211639404, 1493.0
0.7858428955078125, 1493.0
0.7943429946899414, 1493.0
0.8028538227081299, 1493.0
0.8113679885864258, 1493.0
0.8198709487915039, 1493.0
0.8284070491790771, 1493.0
0.8369028568267822, 1493.0
0.8454620838165283, 1493.0
0.8539860248565674, 1493.0
0.862497091293335, 1493.0
0.8710048198699951, 1493.0
0.8795390129089355, 1493.0
0.8880817890167236, 1493.0
0.8965880870819092, 1493.0
0.905134916305542, 1493.0
0.9136929512023926, 1493.0
0.9222099781036377, 1493.0
0.9307389259338379, 1493.0
0.9392809867858887, 1493.0
0.9478108882904053, 1493.0
0.9563179016113281, 1493.0
0.9648468494415283, 1493.0
0.9733560085296631, 1493.0
0.9818909168243408, 1493.0
0.9904489517211914, 1493.0
0.9989769458770752, 1493.0
1.0074958801269531, 1493.0
1.0160329341888428, 1493.0
1.0245649814605713, 1493.0
1.033107042312622, 1493.0
1.0416457653045654, 1493.0
1.0501658916473389, 1493.0
1.0586907863616943, 1493.0
1.0672578811645508, 1493.0
1.0758328437805176, 1493.0
1.084366798400879, 1493.0
1.0928950309753418, 1493.0
1.1014437675476074, 1493.0
1.1099839210510254, 1493.0
1.1185238361358643, 1493.0
1.1270568370819092, 1493.0
1.1355938911437988, 1493.0
1.1441700458526611, 1493.0
1.1527087688446045, 1493.0
1.161228895187378, 1493.0
1.1697590351104736, 1493.0
1.1782779693603516, 1493.0
1.18678879737854, 1493.0
1.1953017711639404, 1493.0
1.2038557529449463, 1493.0
1.2123818397521973, 1493.0
1.2209198474884033, 1493.0
1.2294769287109375, 1493.0
1.2380077838897705, 1493.0
1.2465097904205322, 1493.0
1.2550389766693115, 1493.0
1.2635469436645508, 1493.0
1.272130012512207, 1493.0
1.2806909084320068, 1493.0
1.2892308235168457, 1493.0
1.2977547645568848, 1493.0
1.3062710762023926, 1493.0
1.3148078918457031, 1493.0
1.3233489990234375, 1493.0
1.33182692527771, 1493.0
1.3403337001800537, 1493.0
1.3488268852233887, 1493.0
1.3573670387268066, 1493.0
1.3661818504333496, 1493.0
1.3747270107269287, 1493.0
1.383220911026001, 1493.0
1.3917078971862793, 1493.0
1.4002039432525635, 1493.0
1.4087040424346924, 1493.0
1.4171929359436035, 1493.0
1.425704002380371, 1493.0
1.4342060089111328, 1493.0
1.442676067352295, 1493.0
1.4511618614196777, 1493.0
1.4602329730987549, 1493.0
1.4699840545654297, 1493.0
1.4790608882904053, 1493.0
1.4879498481750488, 1493.0
1.4965341091156006, 1493.0
1.505270004272461, 1493.0
1.5138239860534668, 1493.0
1.5225238800048828, 1493.0
1.5310888290405273, 1493.0
1.539726734161377, 1493.0
1.5482580661773682, 1493.0
1.5569868087768555, 1493.0
1.5655958652496338, 1493.0
1.5742249488830566, 1493.0
1.582827091217041, 1493.0
1.591465950012207, 1493.0
1.600076675415039, 1493.0
1.6087219715118408, 1493.0
1.6173038482666016, 1493.0
1.6258718967437744, 1493.0
1.634490966796875, 1496.0
1.6430459022521973, 1496.0
1.6515767574310303, 1496.0
1.6600730419158936, 1496.0
1.668569803237915, 1496.0
1.6770687103271484, 1496.0
1.6856999397277832, 1496.0
1.6943559646606445, 1496.0
1.7028279304504395, 1497.0
1.7113170623779297, 1497.0
1.7197868824005127, 1497.0
1.7285478115081787, 1497.0
1.7372899055480957, 1497.0
