0.0020139217376708984, 285.0
0.004221200942993164, 1127.0
0.00623011589050293, 1309.0
0.008216142654418945, 1473.0
0.010235309600830078, 1535.0
0.012211322784423828, 1702.0
0.014193296432495117, 2226.0
0.016178369522094727, 2834.0
0.018171310424804688, 3199.0
0.020183086395263672, 3437.0
0.022167205810546875, 3781.0
0.024171113967895508, 3843.0
0.026151180267333984, 4647.0
0.028126001358032227, 4690.0
0.030124187469482422, 4729.0
0.032128095626831055, 5450.0
0.034116268157958984, 6041.0
0.03609824180603027, 6239.0
0.03808999061584473, 6667.0
0.04007315635681152, 6705.0
0.04204702377319336, 7328.0
0.04402518272399902, 7523.0
0.04599928855895996, 8256.0
0.0479731559753418, 9055.0
0.049957275390625, 9558.0
0.051932334899902344, 9787.0
0.05390119552612305, 10692.0
0.05588507652282715, 10837.0
0.05788612365722656, 11302.0
0.05984830856323242, 12147.0
0.06182122230529785, 12302.0
0.06379818916320801, 13074.0
0.0657651424407959, 13565.0
0.06773924827575684, 14439.0
0.0697171688079834, 14758.0
0.0717160701751709, 15486.0
0.07368612289428711, 15719.0
0.07565021514892578, 16164.0
0.07761621475219727, 16336.0
0.07958197593688965, 16486.0
0.08348417282104492, 17224.0
0.0854501724243164, 17325.0
0.08741521835327148, 17922.0
0.08939313888549805, 18401.0
0.09135794639587402, 18665.0
0.09333109855651855, 18976.0
0.09529399871826172, 19844.0
0.09726619720458984, 20581.0
0.09923410415649414, 21076.0
0.10120511054992676, 21488.0
0.10318326950073242, 21595.0
0.10514521598815918, 21700.0
0.10709929466247559, 21869.0
0.10905718803405762, 21895.0
0.11101913452148438, 22121.0
0.11298203468322754, 22395.0
0.1149301528930664, 23229.0
0.11689114570617676, 23709.0
0.11887717247009277, 24097.0
0.12085103988647461, 24833.0
0.12283921241760254, 25717.0
0.1248331069946289, 25775.0
0.12680721282958984, 26625.0
0.12880897521972656, 26938.0
0.1307849884033203, 27215.0
0.13276004791259766, 27529.0
0.13472223281860352, 28476.0
0.13670134544372559, 28978.0
0.13866496086120605, 29547.0
0.14063715934753418, 30169.0
0.1426560878753662, 30171.0
0.1446542739868164, 30401.0
0.14662909507751465, 31290.0
0.1486053466796875, 32103.0
0.15058112144470215, 32941.0
0.1525571346282959, 33814.0
0.15454816818237305, 34642.0
0.15652108192443848, 35070.0
0.1584923267364502, 35438.0
0.16046905517578125, 35711.0
0.16244196891784668, 36653.0
0.16441822052001953, 37014.0
0.16640114784240723, 37803.0
0.16836810111999512, 38342.0
0.17034602165222168, 39126.0
0.17232108116149902, 39317.0
0.1743021011352539, 39638.0
0.17627334594726562, 40526.0
0.17824316024780273, 40914.0
0.18021297454833984, 41545.0
0.18220114707946777, 41683.0
0.18418097496032715, 42079.0
0.18614721298217773, 42356.0
0.1919851303100586, 42401.0
0.19591116905212402, 43307.0
0.2308192253112793, 44060.0
0.35881710052490234, 44841.0
0.6291201114654541, 44846.0
0.6988611221313477, 45011.0
0.7008841037750244, 45427.0
0.7106852531433105, 45895.0
0.7125871181488037, 46608.0
0.7183632850646973, 47229.0
0.7202880382537842, 47860.0
0.7431082725524902, 48122.0
0.9500021934509277, 48136.0
0.9537899494171143, 49004.0
0.9744970798492432, 49690.0
0.998908281326294, 49923.0
1.0065312385559082, 50405.0
1.0085601806640625, 51118.0
1.016303300857544, 51864.0
1.0201630592346191, 52550.0
1.0240421295166016, 53516.0
1.031965970993042, 53572.0
1.0432393550872803, 53777.0
1.0488901138305664, 54334.0
1.0864529609680176, 55091.0
1.1369132995605469, 55965.0
1.261763095855713, 56186.0
1.3231122493743896, 56301.0
1.34210205078125, 57173.0
1.3440182209014893, 57585.0
1.3573403358459473, 58216.0
1.368725061416626, 58454.0
1.4047422409057617, 58496.0
1.434952974319458, 59079.0
1.966935157775879, 59542.0
1.9688503742218018, 59695.0
1.9707632064819336, 60594.0
1.9746019840240479, 60636.0
1.9879229068756104, 60896.0
1.9936282634735107, 61174.0
2.03498911857605, 61188.0
2.04256010055542, 62142.0
2.1026790142059326, 62654.0
2.159025192260742, 63118.0
2.249265193939209, 63873.0
2.2530441284179688, 64551.0
2.271874189376831, 64603.0
2.2775349617004395, 65323.0
2.283191204071045, 66020.0
2.3339030742645264, 66581.0
2.3376870155334473, 67234.0
2.405189275741577, 67819.0
2.4089860916137695, 68611.0
2.452167272567749, 69180.0
2.4540772438049316, 69492.0
2.463499069213867, 69538.0
2.4841620922088623, 70093.0
2.57958722114563, 70644.0
2.8148579597473145, 71360.0
2.837254285812378, 71729.0
2.863417148590088, 72210.0
2.8709099292755127, 72848.0
2.958590030670166, 72902.0
3.072310209274292, 73865.0
3.3632142543792725, 73918.0
3.3651180267333984, 74336.0
3.3688840866088867, 75298.0
3.391273021697998, 75362.0
3.482578992843628, 76203.0
3.5275471210479736, 76592.0
3.617098093032837, 76835.0
3.7011520862579346, 77695.0
3.7067792415618896, 78071.0
3.7086803913116455, 78957.0
3.710578203201294, 79175.0
3.733079195022583, 79856.0
3.7349822521209717, 80242.0
3.8100740909576416, 81007.0
3.884813070297241, 81700.0
3.8867220878601074, 82341.0
3.8904972076416016, 82536.0
3.905449151992798, 82963.0
4.065331220626831, 83647.0
4.161135196685791, 83905.0
4.1729981899261475, 84441.0
4.192828178405762, 84659.0
4.210758209228516, 85141.0
4.24350118637085, 85438.0
4.346565246582031, 85723.0
4.4270241260528564, 85929.0
4.477034091949463, 86184.0
4.564337253570557, 86376.0
4.69697117805481, 86761.0
4.713874340057373, 87701.0
4.901991367340088, 88345.0
4.91884708404541, 89060.0
5.001193046569824, 89275.0
5.006860017776489, 90137.0
5.008760213851929, 90329.0
5.012575149536133, 90452.0
5.014498233795166, 90555.0
5.657255172729492, 91245.0
5.9766693115234375, 91934.0
6.6576220989227295, 92064.0
6.699124097824097, 92225.0
6.857601165771484, 92667.0
7.465510129928589, 93087.0
7.474875211715698, 93955.0
7.486099004745483, 94589.0
7.517887115478516, 95289.0
7.5739052295684814, 96242.0
7.932682991027832, 96509.0
7.936469078063965, 96737.0
7.958967208862305, 97297.0
8.613020181655884, 97690.0
8.659711122512817, 97712.0
8.687740325927734, 98218.0
8.81125020980835, 98223.0
9.199952125549316, 98543.0
9.269434213638306, 98858.0
9.286949157714844, 99493.0
9.418004035949707, 99970.0
9.527987957000732, 100312.0
10.028402328491211, 100455.0
10.19083023071289, 100918.0
10.192759037017822, 101314.0
10.207739114761353, 101479.0
10.243349075317383, 101780.0
10.252762079238892, 102546.0
10.269659280776978, 102909.0
10.342574119567871, 103344.0
10.389302015304565, 103970.0
10.400527238845825, 104322.0
10.533202171325684, 104542.0
10.607976198196411, 104576.0
10.837807178497314, 104713.0
10.85091519355774, 105311.0
10.89013409614563, 105920.0
10.933066129684448, 106342.0
11.022678136825562, 106422.0
11.03761100769043, 107296.0
11.084306240081787, 107455.0
11.114175081253052, 107764.0
11.129116296768188, 108682.0
11.162679195404053, 108851.0
11.164577007293701, 108965.0
11.356234073638916, 109554.0
11.465054988861084, 109856.0
11.483763217926025, 109972.0
11.487521171569824, 110460.0
11.493149995803833, 110823.0
11.588856220245361, 111104.0
11.724360227584839, 111288.0
11.735721111297607, 111487.0
12.486070156097412, 111752.0
12.634521245956421, 112116.0
12.65683627128601, 112842.0
12.692157983779907, 113224.0
12.857737064361572, 113636.0
12.995229959487915, 113730.0
13.210931301116943, 114618.0
13.300356149673462, 114911.0
13.313464164733887, 115163.0
13.322809219360352, 115211.0
13.457252264022827, 115478.0
13.45923113822937, 116081.0
13.474757194519043, 117051.0
13.48641324043274, 117563.0
13.585178136825562, 118163.0
13.604565143585205, 118851.0
13.654973983764648, 119046.0
13.703539371490479, 119171.0
13.732601165771484, 119883.0
14.175188064575195, 119969.0
14.301756143569946, 120857.0
14.343759298324585, 121220.0
14.366809129714966, 122141.0
14.372595310211182, 122248.0
14.407044172286987, 123032.0
14.454365968704224, 123483.0
14.463739156723022, 123756.0
14.484306335449219, 124538.0
14.48806118965149, 125015.0
14.493698120117188, 125137.0
14.56841230392456, 125325.0
14.652421236038208, 125368.0
14.798207998275757, 126098.0
14.826308250427246, 126868.0
14.891570329666138, 127038.0
14.893471002578735, 127952.0
14.914076328277588, 128208.0
15.486135005950928, 128211.0
15.681981325149536, 128600.0
15.823127031326294, 129231.0
15.914927244186401, 129768.0
16.16115713119507, 130204.0
16.17470622062683, 130587.0
16.273492097854614, 131158.0
16.375462293624878, 131214.0
16.37742018699646, 131695.0
16.39472723007202, 132448.0
16.402419328689575, 132658.0
16.41203212738037, 133532.0
16.434972286224365, 134321.0
16.45027208328247, 135259.0
16.52469301223755, 135777.0
16.5418860912323, 136267.0
17.299435138702393, 136363.0
17.413628339767456, 137000.0
17.49679732322693, 137613.0
17.50066828727722, 137660.0
17.51213526725769, 138346.0
17.54836416244507, 139218.0
17.575101375579834, 139812.0
17.622813940048218, 140229.0
17.65149426460266, 140780.0
17.697359085083008, 141414.0
17.856216192245483, 141923.0
17.86006808280945, 142643.0
17.921107053756714, 143102.0
17.924954175949097, 143278.0
17.934548139572144, 144158.0
17.968985080718994, 144735.0
18.01670503616333, 145116.0
18.02629017829895, 145678.0
18.045390129089355, 145770.0
18.049238204956055, 145955.0
18.068363189697266, 146942.0
18.12564206123352, 147294.0
18.16957426071167, 147508.0
18.234570026397705, 147839.0
18.26522707939148, 148509.0
18.473042249679565, 148521.0
18.484549283981323, 149501.0
18.558963298797607, 149659.0
18.81312322616577, 149737.0
18.862680196762085, 149739.0
19.127440214157104, 150103.0
19.131299257278442, 150877.0
19.779141187667847, 151577.0
19.79474115371704, 151964.0
19.798680067062378, 151978.0
19.827853202819824, 152156.0
19.83561110496521, 153139.0
20.021239042282104, 153794.0
20.04639220237732, 153797.0
21.974680185317993, 154322.0
21.999391078948975, 154603.0
22.03547215461731, 154921.0
22.082956075668335, 155115.0
22.084896087646484, 155404.0
22.092536211013794, 155873.0
22.100157260894775, 156702.0
22.597506046295166, 156998.0
23.08160424232483, 157203.0
23.119596004486084, 158114.0
23.6773419380188, 158169.0
23.684956312179565, 158747.0
23.793354034423828, 158798.0
23.821943044662476, 159575.0
24.00229811668396, 159694.0
24.006128311157227, 159791.0
24.008055210113525, 159939.0
24.021398067474365, 160153.0
24.0537531375885, 160220.0
24.087923288345337, 161188.0
24.1164071559906, 161605.0
24.230379104614258, 162014.0
24.255364179611206, 162098.0
24.2800772190094, 162396.0
24.32759928703308, 163047.0
24.32953906059265, 163975.0
24.339091062545776, 164454.0
24.38274621963501, 164487.0
24.57252025604248, 164853.0
24.614286184310913, 165491.0
24.688504219055176, 165979.0
24.757121086120605, 166088.0
24.81234312057495, 166232.0
25.31209111213684, 166521.0
25.355396270751953, 166839.0
25.357295274734497, 166869.0
26.127888202667236, 166976.0
26.151520013809204, 167710.0
26.155184268951416, 168373.0
26.236891269683838, 168784.0
26.29711413383484, 169014.0
26.40608835220337, 169551.0
26.407942295074463, 170523.0
26.47518014907837, 170556.0
26.486099004745483, 171218.0
27.204130172729492, 171488.0
27.235013246536255, 171666.0
27.258828163146973, 172233.0
27.275208234786987, 173177.0
27.366082191467285, 173341.0
27.369760990142822, 174255.0
27.387946128845215, 174957.0
27.498707056045532, 175846.0
27.88029909133911, 175863.0
28.041810989379883, 176186.0
28.06887125968933, 176835.0
28.58617925643921, 176986.0
28.614801168441772, 177485.0
28.618648052215576, 178444.0
28.626305103302002, 179240.0
28.645443201065063, 179651.0
28.7293701171875, 180314.0
28.8610622882843, 180921.0
28.91260004043579, 181054.0
29.036468029022217, 181649.0
29.04983925819397, 181685.0
29.12229824066162, 181826.0
29.307473182678223, 182575.0
29.320849180221558, 182591.0
29.377963066101074, 182614.0
29.419835329055786, 182937.0
29.677927255630493, 183091.0
29.771613359451294, 183687.0
29.79830026626587, 183794.0
29.939211130142212, 184302.0
29.96588921546936, 185239.0
29.96974205970764, 186038.0
29.98311710357666, 186043.0
29.986937284469604, 186153.0
29.996469020843506, 186364.0
30.005991220474243, 187354.0
30.889729022979736, 187767.0
30.9011492729187, 188484.0
30.92010498046875, 188590.0
30.922045946121216, 189488.0
30.923972129821777, 189693.0
31.0282142162323, 190413.0
31.030149221420288, 191370.0
31.92746925354004, 191810.0
31.980597019195557, 192770.0
32.16655111312866, 192771.0
32.236847162246704, 192774.0
32.56092715263367, 192883.0
32.56485605239868, 193498.0
32.57268023490906, 193751.0
32.790077209472656, 193989.0
37.06779503822327, 194162.0
37.23682117462158, 194192.0
37.25833320617676, 195179.0
37.27183723449707, 195321.0
37.283451318740845, 195507.0
37.28734803199768, 195585.0
37.28932309150696, 196433.0
37.29900527000427, 196940.0
37.330061197280884, 197655.0
37.46393013000488, 197819.0
37.465867042541504, 198163.0
37.486791133880615, 198166.0
37.81210494041443, 198752.0
37.82007122039795, 198926.0
37.95142602920532, 199812.0
38.32978415489197, 199997.0
38.5347740650177, 200158.0
38.54238533973694, 200695.0
38.66368222236633, 201053.0
38.67888426780701, 201312.0
38.68272614479065, 201933.0
38.762694120407104, 202307.0
38.81207609176636, 202436.0
38.82728028297424, 202593.0
38.87474012374878, 202891.0
39.06639909744263, 203596.0
40.9592342376709, 203621.0
41.77124524116516, 203867.0
41.81292223930359, 204374.0
41.97274112701416, 204682.0
42.24853515625, 204736.0
42.26561522483826, 205523.0
42.27507925033569, 205794.0
42.59199905395508, 205826.0
42.77515006065369, 205985.0
42.79216408729553, 206255.0
43.122459173202515, 206847.0
43.18290615081787, 207153.0
43.18483114242554, 208025.0
43.232062101364136, 208457.0
43.258739948272705, 209039.0
43.26259112358093, 209994.0
43.264514207839966, 210086.0
43.27209806442261, 211008.0
43.28722095489502, 211082.0
43.298601150512695, 211095.0
43.3987672328949, 211598.0
43.66309118270874, 212304.0
43.66689729690552, 212503.0
43.691484212875366, 213004.0
43.71042203903198, 213487.0
43.72179412841797, 213724.0
43.75226330757141, 214582.0
43.786303997039795, 214908.0
43.970617055892944, 215062.0
44.14342212677002, 215449.0
44.31314420700073, 215480.0
45.52544617652893, 215731.0
45.568825244903564, 215884.0
45.61031413078308, 215914.0
45.91055727005005, 216021.0
45.91811728477478, 216764.0
45.92570233345032, 217265.0
47.03432607650757, 217548.0
47.100794076919556, 217557.0
47.13584113121033, 217715.0
47.17457318305969, 217794.0
47.18930220603943, 218428.0
47.19304394721985, 219390.0
47.218815088272095, 219971.0
47.45812726020813, 220201.0
47.47809720039368, 220609.0
47.519819021224976, 220743.0
47.59599328041077, 221005.0
47.79053211212158, 221343.0
47.79965019226074, 221455.0
47.84869408607483, 222057.0
48.143439292907715, 222549.0
48.760579109191895, 222791.0
48.88027906417847, 223343.0
48.96369218826294, 223729.0
49.407371044158936, 223881.0
49.41101312637329, 224565.0
49.41464018821716, 225474.0
49.42006206512451, 226359.0
49.436291217803955, 226689.0
49.524508237838745, 226796.0
49.628968238830566, 227243.0
49.68667817115784, 227262.0
50.12864828109741, 227346.0
50.204920053482056, 228085.0
50.2127890586853, 228855.0
50.22652530670166, 229533.0
50.264005184173584, 230405.0
50.29139709472656, 230437.0
50.332550287246704, 230704.0
50.45601010322571, 231609.0
51.01851415634155, 232123.0
51.05959606170654, 232320.0
51.2629451751709, 232999.0
51.331374168395996, 233167.0
51.35093927383423, 233201.0
51.52274513244629, 233583.0
51.53252625465393, 233645.0
51.681047201156616, 233819.0
51.71618318557739, 234609.0
51.71816611289978, 235066.0
51.727954149246216, 235715.0
52.19347405433655, 235834.0
52.21671414375305, 235868.0
52.383711099624634, 236082.0
52.51350212097168, 236322.0
52.77113699913025, 236363.0
52.77891421318054, 237057.0
52.809938192367554, 237087.0
52.95702123641968, 237149.0
52.96672511100769, 238133.0
55.114495038986206, 238968.0
55.11833214759827, 238978.0
55.1600341796875, 239889.0
55.35391116142273, 240582.0
55.36341309547424, 241356.0
55.378610372543335, 241833.0
55.38433313369751, 242665.0
59.36069297790527, 242755.0
60.43150520324707, 242957.0
60.468417167663574, 243264.0
60.687424182891846, 243400.0
60.96560001373291, 243495.0
61.23360729217529, 243753.0
61.619686126708984, 243822.0
61.925618171691895, 244532.0
61.944677114486694, 244535.0
61.948509216308594, 245013.0
62.00028419494629, 245346.0
62.245124101638794, 245365.0
62.26934504508972, 246362.0
62.36935019493103, 246903.0
62.4042911529541, 246951.0
62.864814043045044, 247125.0
62.882211208343506, 247827.0
62.92273426055908, 248702.0
63.51015305519104, 248829.0
63.56941628456116, 249365.0
63.59426522254944, 250006.0
63.76773023605347, 250084.0
63.79822015762329, 250232.0
64.01855897903442, 250302.0
64.08131408691406, 250883.0
64.10414123535156, 251575.0
64.1326253414154, 252183.0
64.16489505767822, 252243.0
64.16682600975037, 253185.0
64.18391919136047, 253487.0
64.75874829292297, 253761.0
66.0436589717865, 253941.0
66.11575293540955, 254405.0
66.13288617134094, 254414.0
66.17652201652527, 254450.0
66.210684299469, 254862.0
68.52939009666443, 255158.0
68.55592823028564, 255931.0
68.64501619338989, 256189.0
68.6734881401062, 256895.0
68.68678212165833, 256998.0
68.91063928604126, 257737.0
69.43577599525452, 258092.0
69.71221709251404, 258434.0
69.80909705162048, 259085.0
69.88867712020874, 259819.0
69.96443128585815, 260718.0
70.24111318588257, 260879.0
70.88030409812927, 261242.0
70.90183234214783, 261600.0
71.35724115371704, 262127.0
71.35922718048096, 262734.0
72.40070915222168, 262890.0
72.41990613937378, 262994.0
72.42949604988098, 263562.0
72.44777131080627, 263668.0
72.69368815422058, 263945.0
72.78411912918091, 264405.0
72.81354808807373, 264823.0
72.84485507011414, 265758.0
73.01071119308472, 266185.0
73.0165901184082, 266289.0
73.02051115036011, 266663.0
73.08999705314636, 266689.0
73.36410808563232, 266928.0
74.2681143283844, 267360.0
74.3489031791687, 267579.0
74.57178497314453, 267723.0
74.7347662448883, 268181.0
74.76448726654053, 268502.0
74.95093512535095, 268824.0
75.31399607658386, 268879.0
75.32186913490295, 269510.0
75.67724609375, 269665.0
76.52728319168091, 269700.0
76.57142400741577, 270063.0
77.0093412399292, 270754.0
77.0309362411499, 271262.0
77.19825315475464, 271779.0
77.47203302383423, 271897.0
77.49322438240051, 272063.0
77.65508031845093, 272577.0
77.66859698295593, 272644.0
77.68597602844238, 273328.0
77.70334124565125, 273509.0
77.77682304382324, 274017.0
78.05789422988892, 274140.0
78.06372022628784, 274529.0
78.16376614570618, 275257.0
78.30052208900452, 275484.0
78.30444121360779, 275889.0
78.3602020740509, 276453.0
78.36409020423889, 276691.0
78.51033234596252, 276902.0
78.55675435066223, 277581.0
78.58094310760498, 277602.0
78.62903308868408, 278246.0
78.67717719078064, 278470.0
78.74674105644226, 278772.0
79.28250503540039, 278779.0
79.32558631896973, 278968.0
79.36830425262451, 279342.0
79.43815517425537, 279488.0
79.4866030216217, 279665.0
80.0096001625061, 280509.0
80.34211611747742, 281117.0
80.36710810661316, 281402.0
80.39209699630737, 281732.0
80.40555810928345, 281836.0
80.40751123428345, 282666.0
80.50932931900024, 282946.0
80.51513338088989, 283761.0
80.69865322113037, 284286.0
80.72170495986938, 285215.0
80.75463223457336, 285516.0
80.79893112182617, 286037.0
80.80089497566223, 286602.0
81.29667401313782, 286863.0
81.44648218154907, 287295.0
81.45835614204407, 287430.0
81.56006407737732, 287934.0
81.5965301990509, 288216.0
81.61000299453735, 288499.0
83.60849618911743, 289207.0
83.69763731956482, 289477.0
83.70526623725891, 289686.0
83.75292801856995, 290031.0
83.78329014778137, 291016.0
83.81175231933594, 291237.0
83.86671614646912, 291299.0
84.01064610481262, 291305.0
84.2818341255188, 291578.0
84.28565216064453, 291672.0
84.28946924209595, 291713.0
84.29140114784241, 292194.0
84.29522514343262, 292420.0
84.41455626487732, 293031.0
84.41837120056152, 293347.0
84.54522800445557, 293610.0
84.56421399116516, 293633.0
84.59264421463013, 294429.0
84.64567232131958, 294666.0
84.66478705406189, 295274.0
84.80833220481873, 295282.0
84.84244418144226, 296073.0
84.87468814849854, 296707.0
85.02625632286072, 296815.0
85.43583512306213, 297121.0
85.50590515136719, 297430.0
85.53624820709229, 297478.0
85.92324709892273, 297643.0
85.95355415344238, 298175.0
85.99336814880371, 298211.0
86.0047652721405, 298729.0
86.14870715141296, 299472.0
86.8275740146637, 299474.0
87.07191300392151, 300107.0
87.35817503929138, 300201.0
87.62700605392456, 300440.0
87.65729427337646, 300468.0
87.68191313743591, 301238.0
87.84696316719055, 302006.0
88.07800126075745, 302489.0
88.11584734916687, 302659.0
88.20674729347229, 303566.0
88.35844016075134, 303673.0
88.41712307929993, 303764.0
88.51549124717712, 303975.0
88.53065395355225, 304645.0
88.58176016807556, 305022.0
88.68590426445007, 305647.0
88.70679235458374, 305739.0
88.72953009605408, 306151.0
89.01666402816772, 306641.0
89.11896395683289, 306952.0
89.24591207504272, 307600.0
89.39368915557861, 307621.0
89.7117371559143, 307650.0
89.84266424179077, 307760.0
89.9919421672821, 308584.0
90.19613218307495, 308882.0
90.20938515663147, 308938.0
90.33832621574402, 309157.0
90.60669708251953, 309526.0
90.66724038124084, 309560.0
91.66901707649231, 310046.0
92.16088032722473, 310389.0
92.35663628578186, 310657.0
92.60139536857605, 311228.0
92.6298942565918, 312112.0
92.77450704574585, 312158.0
92.78592109680176, 312533.0
93.15585422515869, 312563.0
93.26410007476807, 313082.0
93.29752326011658, 313133.0
93.69220399856567, 313458.0
93.72360825538635, 314444.0
93.87879014015198, 314950.0
94.16720819473267, 315621.0
94.2182343006134, 316109.0
94.6772391796112, 316740.0
94.77379822731018, 317000.0
94.78171420097351, 317839.0
94.80147004127502, 318091.0
95.32201600074768, 318216.0
96.0254909992218, 318616.0
96.4409773349762, 318871.0
96.76316118240356, 319040.0
96.76512217521667, 319099.0
96.78238224983215, 319366.0
96.87041425704956, 319957.0
96.87630224227905, 319992.0
97.30751013755798, 320213.0
97.88468217849731, 320216.0
98.15886521339417, 320602.0
98.16844320297241, 320793.0
98.1760950088501, 321039.0
98.41552209854126, 321927.0
98.48003625869751, 322019.0
98.49144411087036, 322591.0
99.25622296333313, 322884.0
99.29882216453552, 323063.0
99.35288906097412, 323454.0
99.7729012966156, 324216.0
99.78821206092834, 324341.0
99.93706822395325, 325030.0
100.05722713470459, 325734.0
100.2131130695343, 326322.0
100.21505212783813, 327236.0
100.29530715942383, 328027.0
102.0675630569458, 328120.0
102.10755729675293, 328850.0
105.37595009803772, 329134.0
105.44128727912903, 329147.0
105.44323825836182, 329365.0
105.53732514381409, 329690.0
105.62754321098328, 329830.0
105.65632510185242, 329952.0
105.71393823623657, 330285.0
106.40722727775574, 330585.0
106.45906710624695, 331102.0
106.47637915611267, 331875.0
106.98901724815369, 332179.0
106.99096608161926, 332397.0
107.20789813995361, 332583.0
107.89506101608276, 333238.0
108.27948331832886, 333439.0
108.51563215255737, 333568.0
108.74870204925537, 333652.0
109.33665609359741, 334400.0
109.41754007339478, 334915.0
109.48335719108582, 335399.0
110.17010617256165, 335569.0
110.36784720420837, 336362.0
110.7086431980133, 336583.0
110.91329622268677, 336600.0
111.01794004440308, 336894.0
111.25475525856018, 337545.0
113.05627918243408, 337548.0
113.29301500320435, 337979.0
113.29864716529846, 338149.0
113.35101008415222, 338938.0
113.48355627059937, 339781.0
115.12759232521057, 339912.0
115.50200819969177, 340170.0
116.21824312210083, 340246.0
117.13209319114685, 340839.0
117.13795828819275, 341239.0
117.46778416633606, 342082.0
119.30263924598694, 342981.0
120.11215996742249, 343030.0
122.84330129623413, 343602.0
123.73568820953369, 343808.0
125.85724711418152, 343891.0
125.88019514083862, 344086.0
128.34426617622375, 344152.0
132.6066381931305, 344848.0
132.65248894691467, 345647.0
135.3011131286621, 345885.0
149.39010310173035, 346156.0
152.0749011039734, 346818.0
152.1400661468506, 346963.0
