0.10028791427612305, 11577.0
0.17623186111450195, 12835.0
0.2537269592285156, 14318.0
0.33078885078430176, 15128.0
0.40749597549438477, 17014.0
0.4834330081939697, 18689.0
0.5594589710235596, 20079.0
0.6376268863677979, 22565.0
0.7161531448364258, 22565.0
0.7954590320587158, 24265.0
0.8724567890167236, 26222.0
0.9495408535003662, 26836.0
1.0287508964538574, 27345.0
1.106294870376587, 29217.0
1.1836516857147217, 30435.0
1.2611069679260254, 31091.0
1.3385999202728271, 31175.0
1.4160399436950684, 31921.0
1.4937739372253418, 32694.0
1.5716328620910645, 33635.0
1.6495637893676758, 33768.0
1.7275688648223877, 35040.0
1.805680751800537, 36263.0
1.883779764175415, 36263.0
1.9619300365447998, 38009.0
2.040371894836426, 38009.0
2.1189329624176025, 38507.0
2.1974399089813232, 39047.0
2.275993824005127, 41061.0
2.354749917984009, 41061.0
2.435900926589966, 41061.0
2.5184319019317627, 41988.0
2.6009678840637207, 41988.0
2.6810097694396973, 41988.0
2.763396739959717, 42766.0
2.8435168266296387, 44080.0
2.923710823059082, 44080.0
3.003981113433838, 45687.0
3.085411787033081, 45687.0
3.166774034500122, 45990.0
3.2490029335021973, 45990.0
3.3324427604675293, 46472.0
3.4142227172851562, 47242.0
3.496074914932251, 47344.0
3.5791549682617188, 47344.0
3.6611289978027344, 47344.0
3.741344928741455, 47404.0
3.8218159675598145, 47954.0
3.90225887298584, 47960.0
3.9825868606567383, 47960.0
4.062911033630371, 49521.0
4.143304824829102, 49521.0
4.223535776138306, 49521.0
4.305104732513428, 49521.0
4.391681909561157, 49521.0
4.476483106613159, 49521.0
4.560472726821899, 49526.0
4.6449549198150635, 49945.0
4.750345945358276, 50166.0
4.835864782333374, 50740.0
4.924445867538452, 50740.0
5.012436866760254, 50740.0
5.096390962600708, 51104.0
5.177979946136475, 51104.0
5.2636730670928955, 51104.0
5.348232984542847, 51360.0
5.4333717823028564, 51506.0
5.514834880828857, 51506.0
5.596186876296997, 51506.0
5.677434921264648, 51649.0
5.758923053741455, 51649.0
5.840210914611816, 51907.0
5.9214630126953125, 51907.0
6.00299596786499, 51993.0
6.085748910903931, 51993.0
6.168264865875244, 52026.0
6.252457857131958, 52026.0
6.337663888931274, 52026.0
6.42325496673584, 52296.0
6.507169961929321, 52296.0
6.589483976364136, 52325.0
6.6712729930877686, 52395.0
6.754698991775513, 52395.0
6.839249849319458, 52486.0
6.935484886169434, 52486.0
7.0211341381073, 52486.0
7.1098809242248535, 52512.0
7.196054935455322, 52541.0
7.279975891113281, 52541.0
7.364439964294434, 52541.0
7.448153734207153, 52665.0
7.531568765640259, 52764.0
7.6174657344818115, 52764.0
7.700255870819092, 52764.0
7.782322883605957, 52764.0
7.868773937225342, 52828.0
7.966176986694336, 52828.0
8.052257061004639, 52828.0
8.137340784072876, 52828.0
8.220072984695435, 52828.0
8.302127838134766, 52977.0
8.388530969619751, 52977.0
8.474055767059326, 52977.0
8.559874057769775, 52977.0
8.653294086456299, 52977.0
8.742450952529907, 52977.0
8.828382968902588, 52977.0
8.91416072845459, 52977.0
8.999531030654907, 52977.0
9.084867000579834, 52977.0
9.172270059585571, 53110.0
9.257510900497437, 53227.0
9.342537879943848, 53227.0
9.427542924880981, 53227.0
9.512227058410645, 53227.0
9.595407724380493, 53227.0
9.678696870803833, 53227.0
9.760867834091187, 53227.0
9.842593908309937, 53227.0
9.924201965332031, 53261.0
10.005867004394531, 53261.0
10.090893983840942, 53261.0
10.175043821334839, 53323.0
10.258341789245605, 53323.0
10.340322971343994, 53426.0
10.422226905822754, 53426.0
10.504118919372559, 53426.0
10.585752010345459, 53426.0
10.667666912078857, 53426.0
10.74935793876648, 53426.0
10.833271026611328, 53426.0
10.918012857437134, 53426.0
11.002915859222412, 53426.0
11.08851408958435, 53426.0
11.176026821136475, 53426.0
11.270225763320923, 53426.0
11.355078935623169, 53426.0
11.439365863800049, 53426.0
11.522326946258545, 53426.0
11.606389045715332, 53426.0
11.691176891326904, 53465.0
11.775743007659912, 53554.0
11.859741926193237, 53554.0
11.942631959915161, 53554.0
12.024369955062866, 53554.0
12.108348846435547, 53554.0
12.194726943969727, 53554.0
12.278282880783081, 53554.0
12.360636949539185, 53554.0
12.442627668380737, 53591.0
12.524537801742554, 53606.0
12.606245756149292, 53606.0
12.688148021697998, 53607.0
12.774379968643188, 53607.0
12.8572096824646, 53607.0
12.939143896102905, 53607.0
13.021596908569336, 53607.0
13.103734970092773, 53626.0
13.18641209602356, 53626.0
13.269742727279663, 53626.0
13.35170578956604, 53626.0
13.434502840042114, 53626.0
13.51799488067627, 53626.0
13.60116195678711, 53626.0
13.685853958129883, 53657.0
13.772279977798462, 53657.0
13.855063915252686, 53752.0
13.938957929611206, 53844.0
14.021326780319214, 53844.0
14.106898784637451, 53855.0
14.19080400466919, 54073.0
14.273147821426392, 54073.0
14.355043888092041, 54073.0
14.43688178062439, 54073.0
14.518718957901001, 54073.0
14.60057282447815, 54073.0
14.682476997375488, 54073.0
14.76424503326416, 54073.0
14.846099853515625, 54073.0
14.928205966949463, 54073.0
15.010118961334229, 54073.0
15.092046022415161, 54073.0
15.173985004425049, 54073.0
15.26161003112793, 54073.0
15.345568895339966, 54073.0
15.428555965423584, 54073.0
15.51120901107788, 54073.0
15.60593581199646, 54073.0
15.691467046737671, 54073.0
15.778390884399414, 54073.0
15.862935066223145, 54073.0
15.946001768112183, 54073.0
16.029830932617188, 54073.0
16.1137638092041, 54073.0
16.197869062423706, 54073.0
16.28282070159912, 54073.0
16.365662813186646, 54073.0
16.449815034866333, 54073.0
16.534542083740234, 54073.0
16.626914024353027, 54073.0
16.715497970581055, 54073.0
