0.0500950813293457, 4217.0
0.08805394172668457, 4217.0
0.1261889934539795, 4271.0
0.16416716575622559, 4671.0
0.20234894752502441, 4671.0
0.24065613746643066, 4695.0
0.27907609939575195, 4719.0
0.317612886428833, 4804.0
0.35640501976013184, 4998.0
0.3952369689941406, 5361.0
0.4340839385986328, 5361.0
0.47325611114501953, 5361.0
0.5123569965362549, 5369.0
0.5515718460083008, 5549.0
0.5908300876617432, 5613.0
0.6302061080932617, 5786.0
0.6699090003967285, 5795.0
0.7091460227966309, 5795.0
0.748823881149292, 5897.0
0.7885830402374268, 6002.0
0.8283629417419434, 6004.0
0.8681740760803223, 6207.0
0.9076728820800781, 6207.0
0.9484598636627197, 6217.0
0.9882547855377197, 6217.0
1.028439998626709, 6292.0
1.0687170028686523, 6417.0
1.1085879802703857, 6417.0
1.1484529972076416, 6440.0
1.1883549690246582, 6500.0
1.2282819747924805, 6553.0
1.2683448791503906, 6553.0
1.3083171844482422, 6569.0
1.348438024520874, 6717.0
1.3885958194732666, 6717.0
1.4287619590759277, 6717.0
1.468930959701538, 6740.0
1.509099006652832, 6781.0
1.5493528842926025, 6781.0
1.5896108150482178, 6802.0
1.6298069953918457, 6810.0
1.670119047164917, 6815.0
1.710495948791504, 6911.0
1.7508540153503418, 6911.0
1.791198968887329, 6911.0
1.8315811157226562, 6911.0
1.8720088005065918, 6914.0
1.912445068359375, 7010.0
1.9529049396514893, 7010.0
1.993332862854004, 7010.0
2.035315990447998, 7010.0
2.076361894607544, 7013.0
2.11741304397583, 7017.0
2.158450126647949, 7017.0
2.199467897415161, 7017.0
2.240647077560425, 7017.0
2.281885862350464, 7017.0
2.3230040073394775, 7017.0
2.3641698360443115, 7017.0
2.4051589965820312, 7017.0
2.4461848735809326, 7017.0
2.4872400760650635, 7017.0
2.528404951095581, 7017.0
2.5695650577545166, 7017.0
2.610767126083374, 7017.0
2.65191388130188, 7017.0
2.693073034286499, 7017.0
2.734388828277588, 7017.0
2.7757720947265625, 7017.0
2.8170289993286133, 7017.0
2.858290195465088, 7017.0
2.899885892868042, 7017.0
2.9410560131073, 7017.0
2.982404947280884, 7017.0
3.0235259532928467, 7017.0
3.064638137817383, 7017.0
3.1057708263397217, 7017.0
3.146972179412842, 7017.0
3.1896820068359375, 7017.0
3.2320728302001953, 7017.0
3.274324893951416, 7017.0
3.317392110824585, 7017.0
3.3605051040649414, 7017.0
3.4026148319244385, 7017.0
3.4447760581970215, 7017.0
3.4867911338806152, 7017.0
3.5291380882263184, 7017.0
3.5715110301971436, 7017.0
3.613987922668457, 7017.0
3.656214952468872, 7017.0
3.697510004043579, 7017.0
3.7385451793670654, 7017.0
3.7797319889068604, 7017.0
3.820878028869629, 7017.0
3.862159013748169, 7017.0
3.9031569957733154, 7017.0
3.9453349113464355, 7017.0
3.986457109451294, 7017.0
4.027582883834839, 7017.0
4.070035934448242, 7017.0
4.1112380027771, 7017.0
4.152480840682983, 7017.0
4.193708896636963, 7017.0
4.234800100326538, 7017.0
4.275966167449951, 7017.0
4.3169708251953125, 7017.0
4.358184814453125, 7017.0
4.399229049682617, 7017.0
4.440431118011475, 7017.0
4.481470823287964, 7017.0
4.522718906402588, 7017.0
4.563764810562134, 7017.0
4.604897975921631, 7017.0
4.646004915237427, 7017.0
4.687156915664673, 7017.0
4.728385925292969, 7017.0
4.769589900970459, 7017.0
4.810640096664429, 7017.0
4.851771116256714, 7017.0
4.893924951553345, 7017.0
4.937631845474243, 7017.0
4.9810240268707275, 7017.0
5.024658203125, 7017.0
5.067079067230225, 7017.0
5.110907077789307, 7017.0
5.153532028198242, 7017.0
5.195609092712402, 7017.0
5.237491846084595, 7017.0
5.279521942138672, 7017.0
5.321779012680054, 7017.0
5.3647520542144775, 7017.0
5.407119989395142, 7017.0
5.448966026306152, 7017.0
5.489856958389282, 7017.0
5.531029939651489, 7017.0
5.571945905685425, 7017.0
5.612977027893066, 7017.0
5.653841972351074, 7017.0
5.6952080726623535, 7017.0
5.736145973205566, 7017.0
5.777609825134277, 7017.0
5.818567991256714, 7017.0
5.860008001327515, 7017.0
5.900953054428101, 7017.0
5.943268060684204, 7017.0
5.984349966049194, 7017.0
6.026263952255249, 7017.0
6.06784200668335, 7017.0
6.110512018203735, 7017.0
6.151475191116333, 7017.0
6.1928391456604, 7017.0
6.233777046203613, 7017.0
6.274770021438599, 7017.0
6.315675973892212, 7017.0
6.356621026992798, 7017.0
6.397587060928345, 7017.0
6.438694000244141, 7017.0
6.479593992233276, 7017.0
6.520559072494507, 7017.0
6.562211036682129, 7017.0
6.6031248569488525, 7017.0
6.644075870513916, 7017.0
6.685538053512573, 7017.0
6.726475954055786, 7017.0
6.767423868179321, 7017.0
6.808470010757446, 7017.0
6.849438905715942, 7017.0
6.890379905700684, 7017.0
6.931457042694092, 7017.0
6.972394943237305, 7017.0
7.0134971141815186, 7017.0
7.054334878921509, 7017.0
7.095407009124756, 7017.0
7.1362879276275635, 7017.0
7.177315950393677, 7017.0
7.218179941177368, 7017.0
7.259192943572998, 7017.0
7.300105810165405, 7017.0
7.341109991073608, 7017.0
7.381971836090088, 7017.0
7.423025131225586, 7017.0
7.464191913604736, 7017.0
7.505170106887817, 7017.0
7.5461390018463135, 7017.0
7.587204933166504, 7017.0
7.628091096878052, 7017.0
7.669152021408081, 7017.0
7.710188865661621, 7017.0
7.751166820526123, 7017.0
7.792073965072632, 7017.0
7.832963943481445, 7017.0
7.874007940292358, 7017.0
7.915007829666138, 7017.0
7.9560301303863525, 7017.0
7.996949911117554, 7017.0
8.037981748580933, 7017.0
8.07893705368042, 7017.0
8.120821952819824, 7017.0
8.162925004959106, 7017.0
8.204168796539307, 7017.0
8.245341062545776, 7017.0
