0.050330162048339844, 3027.0
0.08803319931030273, 3036.0
0.12591004371643066, 3118.0
0.16369915008544922, 3118.0
0.20156502723693848, 3186.0
0.23955512046813965, 3195.0
0.27770304679870605, 3436.0
0.31586313247680664, 3499.0
0.3541901111602783, 3528.0
0.3925130367279053, 3535.0
0.4308481216430664, 3535.0
0.4692060947418213, 3610.0
0.5076639652252197, 3675.0
0.5461483001708984, 3759.0
0.5846021175384521, 3759.0
0.6229419708251953, 3763.0
0.661423921585083, 3773.0
0.6999530792236328, 3926.0
0.738516092300415, 3974.0
0.7771151065826416, 3974.0
0.8158330917358398, 3974.0
0.8546171188354492, 3974.0
0.8934810161590576, 4055.0
0.9332540035247803, 4055.0
0.9733500480651855, 4055.0
1.0130140781402588, 4118.0
1.0521790981292725, 4118.0
1.0916991233825684, 4118.0
1.1314551830291748, 4186.0
1.1712379455566406, 4186.0
1.2106702327728271, 4186.0
1.2500450611114502, 4186.0
1.2923872470855713, 4186.0
1.3357620239257812, 4186.0
1.3773131370544434, 4186.0
1.4186620712280273, 4191.0
1.4592630863189697, 4191.0
1.4990789890289307, 4215.0
1.538774013519287, 4231.0
1.578577995300293, 4231.0
1.6180119514465332, 4231.0
1.6573600769042969, 4231.0
1.6966171264648438, 4248.0
1.7356171607971191, 4248.0
1.7750122547149658, 4248.0
1.8142280578613281, 4249.0
1.8537111282348633, 4249.0
1.893280029296875, 4249.0
1.932631254196167, 4272.0
1.9722270965576172, 4272.0
2.0117361545562744, 4272.0
2.0512781143188477, 4272.0
2.0906870365142822, 4272.0
2.13006591796875, 4272.0
2.1691911220550537, 4272.0
2.2084550857543945, 4272.0
2.24772310256958, 4272.0
2.2868292331695557, 4272.0
2.335186004638672, 4316.0
2.3859992027282715, 4316.0
2.4298980236053467, 4323.0
2.471562147140503, 4323.0
2.5142102241516113, 4323.0
2.55515193939209, 4323.0
2.5950002670288086, 4323.0
2.6351401805877686, 4392.0
2.6765542030334473, 4392.0
2.7195892333984375, 4392.0
2.7601912021636963, 4392.0
2.8016042709350586, 4392.0
2.8423209190368652, 4392.0
2.88254714012146, 4392.0
2.922974109649658, 4392.0
2.9633212089538574, 4403.0
3.0049469470977783, 4403.0
3.0453450679779053, 4403.0
3.0863771438598633, 4403.0
3.1283562183380127, 4403.0
3.169771194458008, 4404.0
3.2103419303894043, 4404.0
3.2508671283721924, 4404.0
3.292638063430786, 4404.0
3.333944082260132, 4404.0
3.3744070529937744, 4404.0
3.4148261547088623, 4404.0
3.4552321434020996, 4404.0
3.4959192276000977, 4404.0
3.5367891788482666, 4404.0
3.577807903289795, 4404.0
3.618685007095337, 4404.0
3.6593339443206787, 4404.0
3.705451011657715, 4406.0
3.7453770637512207, 4406.0
3.7849740982055664, 4406.0
3.824582099914551, 4406.0
3.864284038543701, 4406.0
3.9040400981903076, 4406.0
3.9447052478790283, 4406.0
3.984154224395752, 4406.0
4.023759126663208, 4406.0
4.063770294189453, 4406.0
4.104396104812622, 4407.0
4.1440629959106445, 4407.0
4.183697938919067, 4407.0
4.223349094390869, 4407.0
4.263012170791626, 4407.0
4.303061008453369, 4407.0
4.342924118041992, 4407.0
4.382676124572754, 4407.0
4.422512054443359, 4407.0
4.462468147277832, 4407.0
4.50216817855835, 4407.0
4.5418009757995605, 4407.0
4.58181619644165, 4407.0
4.621410131454468, 4407.0
4.661066055297852, 4407.0
4.700800180435181, 4407.0
4.741168022155762, 4407.0
4.781813144683838, 4407.0
4.822451114654541, 4407.0
4.862958192825317, 4407.0
4.904449224472046, 4407.0
4.945903301239014, 4407.0
4.986279010772705, 4407.0
5.026853322982788, 4407.0
5.0687360763549805, 4407.0
5.1097071170806885, 4407.0
5.1505491733551025, 4407.0
5.191823959350586, 4407.0
5.232707262039185, 4407.0
5.278195142745972, 4407.0
5.323368072509766, 4407.0
5.364576101303101, 4407.0
5.408130168914795, 4418.0
5.450203895568848, 4418.0
5.491284132003784, 4418.0
5.53642201423645, 4418.0
5.577994108200073, 4418.0
5.618067979812622, 4418.0
5.658328056335449, 4418.0
5.698422193527222, 4418.0
5.738307237625122, 4418.0
5.778259038925171, 4418.0
5.818463087081909, 4418.0
5.858323097229004, 4418.0
5.898341178894043, 4418.0
5.939763069152832, 4418.0
5.979712009429932, 4418.0
6.021733999252319, 4418.0
6.062778949737549, 4418.0
6.102774143218994, 4418.0
6.142550230026245, 4418.0
6.182412147521973, 4418.0
6.221865177154541, 4418.0
6.261873006820679, 4418.0
6.302565336227417, 4418.0
6.3442299365997314, 4418.0
6.383951187133789, 4418.0
6.424153089523315, 4418.0
6.464105129241943, 4418.0
6.504878282546997, 4418.0
6.544573068618774, 4418.0
6.584639072418213, 4418.0
6.624624967575073, 4418.0
6.6648571491241455, 4418.0
6.704629182815552, 4418.0
6.744154214859009, 4418.0
6.783518075942993, 4418.0
6.822874307632446, 4418.0
6.862400054931641, 4442.0
6.901957035064697, 4442.0
6.941732168197632, 4442.0
6.981395959854126, 4442.0
7.020901203155518, 4442.0
7.060053110122681, 4442.0
7.100287199020386, 4442.0
7.139394044876099, 4442.0
7.178486108779907, 4442.0
7.2176783084869385, 4442.0
7.257030010223389, 4442.0
7.29616117477417, 4442.0
7.33526611328125, 4442.0
7.374417066574097, 4442.0
7.413668155670166, 4442.0
7.452692031860352, 4442.0
7.491749286651611, 4442.0
7.530956029891968, 4442.0
7.569905042648315, 4442.0
7.60906195640564, 4442.0
7.648116111755371, 4442.0
7.6870973110198975, 4442.0
7.726140975952148, 4442.0
7.765441179275513, 4442.0
7.804514169692993, 4442.0
7.8434813022613525, 4444.0
7.88236403465271, 4444.0
7.9214160442352295, 4444.0
7.960279226303101, 4444.0
7.999189138412476, 4444.0
8.038203001022339, 4444.0
8.077035188674927, 4444.0
