2.6941299438476562e-05, 982.0
0.0001087188720703125, 1189.0
0.0009837150573730469, 1296.0
0.002080678939819336, 1348.0
0.0023140907287597656, 1379.0
0.004831075668334961, 1488.0
0.0057659149169921875, 1514.0
0.0058917999267578125, 1578.0
0.006649971008300781, 1693.0
0.008543729782104492, 1765.0
0.010809898376464844, 1824.0
0.011410951614379883, 1884.0
0.013857841491699219, 1960.0
0.014059782028198242, 1996.0
0.02026987075805664, 2019.0
0.020936012268066406, 2130.0
0.02125692367553711, 2167.0
0.12247300148010254, 2181.0
0.12266778945922852, 2187.0
0.2634298801422119, 2195.0
0.5668308734893799, 2296.0
