0.010092020034790039, 1381.0
0.018817901611328125, 1381.0
0.027371883392333984, 1381.0
0.03602409362792969, 1381.0
0.04471325874328613, 1381.0
0.05335593223571777, 1381.0
0.061953067779541016, 1381.0
0.07068204879760742, 1381.0
0.07943487167358398, 1381.0
0.08794617652893066, 1381.0
0.096466064453125, 1413.0
0.10492610931396484, 1413.0
0.1135101318359375, 1413.0
0.12207293510437012, 1413.0
0.13054513931274414, 1413.0
0.1389310359954834, 1417.0
0.14748191833496094, 1417.0
0.15858197212219238, 1417.0
0.1681818962097168, 1462.0
0.17759990692138672, 1462.0
0.18625187873840332, 1462.0
0.19481706619262695, 1493.0
0.20330524444580078, 1493.0
0.21247601509094238, 1493.0
0.22222518920898438, 1493.0
0.23232197761535645, 1493.0
0.24218416213989258, 1493.0
0.2514469623565674, 1493.0
0.2609241008758545, 1493.0
0.27071094512939453, 1493.0
0.2801661491394043, 1493.0
0.2897372245788574, 1493.0
0.30187296867370605, 1493.0
0.3107261657714844, 1493.0
0.319627046585083, 1493.0
0.3283522129058838, 1493.0
0.3378279209136963, 1493.0
0.34649205207824707, 1493.0
0.3552060127258301, 1493.0
0.3638648986816406, 1493.0
0.37305116653442383, 1493.0
0.38232898712158203, 1493.0
0.3910360336303711, 1493.0
0.40001392364501953, 1493.0
0.40873098373413086, 1493.0
0.4173860549926758, 1493.0
0.42598795890808105, 1493.0
0.43465304374694824, 1493.0
0.4433000087738037, 1493.0
0.4519309997558594, 1493.0
0.4605281352996826, 1493.0
0.46912407875061035, 1493.0
0.47785305976867676, 1493.0
0.4864311218261719, 1493.0
0.4949972629547119, 1493.0
0.503582239151001, 1493.0
0.5121920108795166, 1493.0
0.5208940505981445, 1493.0
0.5294821262359619, 1493.0
0.5381641387939453, 1493.0
0.5467629432678223, 1493.0
0.5553669929504395, 1493.0
0.5640439987182617, 1493.0
0.5727689266204834, 1493.0
0.5814650058746338, 1493.0
0.5907649993896484, 1493.0
0.5998129844665527, 1493.0
0.6086671352386475, 1493.0
0.6175789833068848, 1493.0
0.6262722015380859, 1493.0
0.6350250244140625, 1493.0
0.6436882019042969, 1493.0
0.6523430347442627, 1493.0
0.6613450050354004, 1493.0
0.670119047164917, 1493.0
0.6788220405578613, 1493.0
0.6876909732818604, 1493.0
0.6965532302856445, 1493.0
0.7052929401397705, 1493.0
0.7139689922332764, 1493.0
0.7226321697235107, 1493.0
0.7315890789031982, 1493.0
0.740576982498169, 1493.0
0.7494828701019287, 1493.0
0.7585880756378174, 1493.0
0.7673492431640625, 1493.0
0.7760200500488281, 1493.0
0.7848212718963623, 1493.0
0.793463945388794, 1493.0
0.8022501468658447, 1493.0
0.8109111785888672, 1493.0
0.8196709156036377, 1493.0
0.8282909393310547, 1493.0
0.837090015411377, 1493.0
0.8459339141845703, 1493.0
0.8547141551971436, 1493.0
0.8634569644927979, 1493.0
0.8720622062683105, 1493.0
0.8806910514831543, 1493.0
0.8894100189208984, 1493.0
0.8980460166931152, 1493.0
0.9067602157592773, 1493.0
0.9154131412506104, 1493.0
0.9241199493408203, 1493.0
0.9327960014343262, 1493.0
0.9415280818939209, 1493.0
0.9502649307250977, 1493.0
0.958888053894043, 1493.0
0.9676158428192139, 1493.0
0.9762790203094482, 1493.0
0.9850280284881592, 1493.0
0.993664026260376, 1493.0
1.0024428367614746, 1493.0
1.0110549926757812, 1493.0
1.0204861164093018, 1493.0
1.029655933380127, 1493.0
1.0386459827423096, 1493.0
1.0475502014160156, 1493.0
1.056361198425293, 1493.0
1.0649480819702148, 1493.0
1.073564052581787, 1493.0
1.082287073135376, 1493.0
1.0910770893096924, 1493.0
1.0997259616851807, 1493.0
1.10831618309021, 1493.0
1.1170380115509033, 1493.0
1.1256990432739258, 1493.0
1.1343131065368652, 1493.0
1.1429049968719482, 1493.0
1.151515007019043, 1493.0
1.1600980758666992, 1493.0
1.1686680316925049, 1493.0
1.1772961616516113, 1493.0
1.1858611106872559, 1493.0
1.194404125213623, 1493.0
1.2029831409454346, 1493.0
1.2116260528564453, 1493.0
1.2203519344329834, 1493.0
1.2289471626281738, 1496.0
1.2376129627227783, 1496.0
1.2461919784545898, 1496.0
1.2547731399536133, 1496.0
1.2633519172668457, 1496.0
1.2719478607177734, 1496.0
1.2805280685424805, 1496.0
1.289078950881958, 1496.0
1.2976670265197754, 1496.0
1.3061840534210205, 1496.0
1.3147261142730713, 1497.0
1.3233110904693604, 1497.0
1.3318119049072266, 1497.0
1.3402998447418213, 1497.0
1.3487770557403564, 1497.0
1.357274055480957, 1497.0
1.365772008895874, 1497.0
1.3743340969085693, 1497.0
1.3830409049987793, 1497.0
1.391625165939331, 1497.0
1.4003050327301025, 1497.0
1.409330129623413, 1497.0
1.4181699752807617, 1497.0
1.4269440174102783, 1497.0
1.4357810020446777, 1497.0
1.4446518421173096, 1497.0
1.453484058380127, 1497.0
1.4623892307281494, 1497.0
1.471566915512085, 1497.0
1.48055100440979, 1497.0
1.4894111156463623, 1497.0
1.4982380867004395, 1497.0
1.5071079730987549, 1497.0
1.5159661769866943, 1497.0
1.5248448848724365, 1497.0
1.533642053604126, 1497.0
1.5424978733062744, 1497.0
1.551637887954712, 1497.0
1.5607678890228271, 1497.0
1.5698821544647217, 1497.0
1.5790071487426758, 1497.0
1.588135004043579, 1497.0
1.597215175628662, 1497.0
1.6060340404510498, 1497.0
1.614875078201294, 1497.0
1.6237289905548096, 1497.0
1.6325302124023438, 1497.0
1.6413159370422363, 1497.0
1.650094985961914, 1497.0
1.6589059829711914, 1497.0
1.6676819324493408, 1497.0
1.6764941215515137, 1497.0
1.6855230331420898, 1497.0
1.6943159103393555, 1497.0
1.7030911445617676, 1497.0
1.7119121551513672, 1497.0
1.720855951309204, 1497.0
1.7297260761260986, 1497.0
1.7386021614074707, 1497.0
1.7474679946899414, 1497.0
1.756324052810669, 1497.0
1.7651429176330566, 1497.0
1.7740111351013184, 1497.0
