0.0009999275207519531, 572.0
0.0019998550415039062, 1425.0
0.0030138492584228516, 1930.0
0.004064083099365234, 2297.0
0.005141019821166992, 3208.0
0.006220817565917969, 4117.0
0.0072498321533203125, 4617.0
0.008258819580078125, 4908.0
0.009268045425415039, 5118.0
0.010295867919921875, 5520.0
0.011304855346679688, 5947.0
0.012410879135131836, 6477.0
0.01343393325805664, 6579.0
0.014453887939453125, 7558.0
0.015475034713745117, 8344.0
0.0164947509765625, 9030.0
0.017505884170532227, 9967.0
0.018527984619140625, 10728.0
0.019541025161743164, 11440.0
0.020576953887939453, 12163.0
0.021587848663330078, 12414.0
0.02259993553161621, 12893.0
0.023610830307006836, 13402.0
0.02462291717529297, 13655.0
0.02563190460205078, 13792.0
0.026666879653930664, 13850.0
0.027685880661010742, 14270.0
0.028711795806884766, 14496.0
0.029720783233642578, 14818.0
0.03074193000793457, 15686.0
0.03274703025817871, 16332.0
0.033761024475097656, 17156.0
0.034775733947753906, 17750.0
0.035787105560302734, 18749.0
0.036795854568481445, 19083.0
0.0378727912902832, 19449.0
0.03890681266784668, 19588.0
0.03992295265197754, 19997.0
0.04093599319458008, 20255.0
0.04194784164428711, 20884.0
0.04296875, 21468.0
0.043985843658447266, 21782.0
0.04499673843383789, 22587.0
0.04600405693054199, 23424.0
0.047006845474243164, 23594.0
0.0480039119720459, 24469.0
0.049005746841430664, 24753.0
0.050000905990600586, 25620.0
0.051001787185668945, 26141.0
0.05199170112609863, 26143.0
0.05298590660095215, 27054.0
0.053978919982910156, 27679.0
0.05498194694519043, 28443.0
0.05694174766540527, 28719.0
0.05991196632385254, 28943.0
0.08517193794250488, 29525.0
0.08810806274414062, 29548.0
0.0890958309173584, 29618.0
0.09106683731079102, 30164.0
0.09407591819763184, 30920.0
0.13611483573913574, 31708.0
0.14011073112487793, 31743.0
0.15860891342163086, 32384.0
0.45266103744506836, 32998.0
0.45940089225769043, 33049.0
0.4965178966522217, 33177.0
0.4984409809112549, 33613.0
0.5778729915618896, 34119.0
0.6165268421173096, 34264.0
0.647960901260376, 34372.0
0.6597440242767334, 35084.0
0.8063371181488037, 35342.0
0.8093287944793701, 35705.0
0.8382468223571777, 36109.0
0.8681819438934326, 37106.0
1.0985379219055176, 37415.0
1.0995469093322754, 38072.0
1.104456901550293, 38318.0
1.162099838256836, 38415.0
1.1641747951507568, 39300.0
1.1875519752502441, 39520.0
1.3043878078460693, 39769.0
1.3064157962799072, 39871.0
1.3124427795410156, 39955.0
1.4039669036865234, 40055.0
1.4108188152313232, 40891.0
1.5013058185577393, 41661.0
1.585986852645874, 41699.0
1.6083779335021973, 42539.0
1.6210999488830566, 42560.0
1.8438968658447266, 43442.0
1.8448829650878906, 43793.0
1.8584599494934082, 44541.0
1.8681738376617432, 45471.0
1.8827338218688965, 45790.0
1.9627478122711182, 46199.0
2.0393269062042236, 46455.0
2.074662923812866, 46935.0
2.1004419326782227, 47504.0
2.185537099838257, 47952.0
2.2199370861053467, 48168.0
2.2275967597961426, 49053.0
2.251508951187134, 49188.0
2.2524938583374023, 49839.0
2.2563278675079346, 50234.0
2.2859678268432617, 50302.0
2.2879109382629395, 51220.0
2.2946298122406006, 51678.0
2.305133819580078, 52191.0
2.3127849102020264, 52649.0
2.3357458114624023, 53548.0
2.481348752975464, 53613.0
2.4986660480499268, 54532.0
2.5282838344573975, 54806.0
2.5340359210968018, 55455.0
2.604949951171875, 55622.0
2.8314807415008545, 55687.0
2.8544158935546875, 56377.0
3.1969759464263916, 56424.0
3.2161238193511963, 56436.0
3.2438509464263916, 56998.0
3.2772998809814453, 57424.0
3.3240809440612793, 57729.0
3.3279178142547607, 58532.0
3.508321762084961, 58912.0
3.596813917160034, 59478.0
3.599724769592285, 59586.0
3.6255297660827637, 60528.0
3.7404427528381348, 60711.0
3.7433369159698486, 61063.0
3.7701539993286133, 61320.0
3.8016867637634277, 61875.0
3.809360980987549, 62348.0
3.835233688354492, 63078.0
3.878227949142456, 63719.0
3.9308979511260986, 64051.0
4.288835763931274, 64841.0
4.3335747718811035, 65504.0
4.42320990562439, 65697.0
4.470396995544434, 65755.0
4.476301908493042, 65825.0
4.555079936981201, 65837.0
4.5560808181762695, 66295.0
4.564129114151001, 67281.0
4.566183805465698, 67686.0
4.6558380126953125, 67827.0
4.712281942367554, 67931.0
4.718038082122803, 68185.0
4.7867090702056885, 68311.0
4.804796934127808, 68670.0
4.81938099861145, 68807.0
4.825275897979736, 69469.0
4.865937948226929, 70154.0
4.881197690963745, 70751.0
5.212076663970947, 71267.0
5.221686840057373, 71420.0
5.223617792129517, 72339.0
5.284686803817749, 72727.0
5.324723958969116, 73048.0
5.371450901031494, 73395.0
5.496987819671631, 73833.0
5.519329071044922, 74390.0
5.580647945404053, 74420.0
5.730525016784668, 74920.0
5.980321884155273, 75526.0
6.115246772766113, 75731.0
6.151311874389648, 75902.0
6.25921893119812, 76095.0
6.268908739089966, 76098.0
6.271780729293823, 76173.0
6.2727508544921875, 76571.0
6.292852878570557, 76724.0
6.374445915222168, 76799.0
6.381129026412964, 77625.0
6.423914909362793, 77862.0
6.427742004394531, 78296.0
7.249691963195801, 78623.0
7.291480779647827, 79071.0
7.292446851730347, 79678.0
7.293414831161499, 80353.0
7.2943806648254395, 80476.0
7.302942991256714, 80604.0
7.354180812835693, 80694.0
7.368414878845215, 80996.0
7.37033486366272, 81855.0
7.371311902999878, 82086.0
7.501590728759766, 82144.0
7.531219959259033, 82578.0
7.5549750328063965, 83541.0
7.5663769245147705, 83832.0
7.568296909332275, 84543.0
7.592057943344116, 85538.0
7.646209716796875, 85591.0
7.7449867725372314, 85872.0
7.752603769302368, 86814.0
7.8257527351379395, 87577.0
7.831469774246216, 87818.0
7.9099037647247314, 87971.0
8.324241876602173, 87997.0
8.3471839427948, 88149.0
8.363425731658936, 88275.0
8.44309687614441, 88620.0
8.677289009094238, 89089.0
8.691637992858887, 89177.0
8.746464014053345, 89508.0
8.764642715454102, 89549.0
8.801999807357788, 89974.0
8.8230299949646, 90014.0
8.824029922485352, 90382.0
8.853637933731079, 90506.0
8.856515884399414, 90758.0
8.86035680770874, 90799.0
8.862283706665039, 91272.0
8.866126775741577, 91818.0
8.867101907730103, 91918.0
8.885335683822632, 92220.0
8.893009901046753, 92539.0
8.900668859481812, 93039.0
8.92267394065857, 93445.0
8.930474042892456, 93665.0
8.951705932617188, 94351.0
8.957469940185547, 94841.0
8.978549003601074, 94986.0
9.031199932098389, 95362.0
9.186058044433594, 95963.0
9.522658824920654, 96312.0
9.584831953048706, 96314.0
9.769455909729004, 97022.0
10.031812906265259, 97079.0
10.078432083129883, 97568.0
10.089849948883057, 98231.0
10.095563650131226, 98234.0
10.097481966018677, 99136.0
10.123201847076416, 99294.0
10.125126838684082, 99780.0
10.131813764572144, 100096.0
10.154695987701416, 100795.0
10.617794752120972, 101302.0
10.637804746627808, 101859.0
10.679688930511475, 102472.0
10.707289934158325, 102770.0
10.729219913482666, 103375.0
10.73909306526184, 103969.0
10.747236728668213, 104588.0
10.775503873825073, 104699.0
11.638438940048218, 105464.0
11.671751976013184, 105681.0
11.675564050674438, 106126.0
11.688891887664795, 106509.0
11.70415186882019, 106545.0
11.722263813018799, 106836.0
11.859269857406616, 107079.0
11.875426769256592, 107240.0
11.877341985702515, 107805.0
11.892541885375977, 108766.0
11.931205749511719, 109417.0
11.96095895767212, 109948.0
11.966710805892944, 110788.0
12.003019094467163, 111155.0
12.004941701889038, 112077.0
12.02308201789856, 112235.0
12.03357481956482, 112725.0
12.057415962219238, 113217.0
12.142175912857056, 113489.0
12.188815832138062, 113696.0
12.263083934783936, 114030.0
12.303999900817871, 114224.0
12.344917058944702, 115106.0
12.568013906478882, 115256.0
12.932994842529297, 115651.0
12.95691967010498, 116103.0
13.029380798339844, 116830.0
13.072274923324585, 117030.0
13.605682849884033, 117156.0
13.61713194847107, 118040.0
13.623837947845459, 118297.0
13.907763957977295, 118411.0
14.023294925689697, 118617.0
14.031903982162476, 118885.0
14.046234846115112, 118972.0
14.07863187789917, 119494.0
14.331087827682495, 119786.0
14.478003978729248, 119833.0
14.482791900634766, 120534.0
14.483766078948975, 120893.0
14.495262861251831, 121282.0
14.509557008743286, 121793.0
14.523865938186646, 122011.0
14.924257755279541, 122349.0
14.93109679222107, 122923.0
14.935957908630371, 122951.0
15.137496709823608, 123096.0
15.141335725784302, 123906.0
15.16237497329712, 124156.0
15.777511835098267, 124795.0
15.816767930984497, 124949.0
15.843782901763916, 125327.0
15.863304853439331, 125550.0
15.865174055099487, 125898.0
15.874497652053833, 126689.0
15.881971836090088, 127391.0
16.15013575553894, 127639.0
16.223565816879272, 127676.0
16.267340660095215, 127764.0
16.415928840637207, 127992.0
16.438410997390747, 128523.0
16.448678970336914, 128886.0
16.473785877227783, 129331.0
16.47752594947815, 130039.0
16.532320022583008, 130541.0
16.563877820968628, 130610.0
16.635385751724243, 130793.0
16.6874680519104, 131455.0
16.693971872329712, 131605.0
16.71723699569702, 131705.0
16.93470072746277, 131843.0
16.944704055786133, 132679.0
23.331013917922974, 132795.0
23.367353916168213, 133576.0
23.71773076057434, 133658.0
23.72246289253235, 134597.0
23.761080741882324, 135282.0
23.78792405128479, 135637.0
23.8340847492218, 135755.0
29.44893479347229, 135795.0
29.4674129486084, 136101.0
29.476152896881104, 136506.0
29.553656816482544, 136695.0
29.576916933059692, 137255.0
29.93159580230713, 137320.0
29.941341876983643, 137376.0
29.969488859176636, 138250.0
30.04711890220642, 138575.0
30.080052852630615, 139389.0
30.140167951583862, 140199.0
30.59288501739502, 140508.0
30.608395099639893, 141393.0
30.611318826675415, 141398.0
30.61328101158142, 141696.0
30.633655786514282, 141776.0
30.71505379676819, 141865.0
30.721874952316284, 142183.0
30.77038073539734, 142341.0
30.771374940872192, 142722.0
30.781080722808838, 143021.0
30.790771961212158, 143478.0
31.00031280517578, 144031.0
31.017791986465454, 144913.0
31.082040786743164, 144961.0
31.128750801086426, 145662.0
31.14454197883606, 145948.0
31.17606782913208, 146273.0
31.357431888580322, 146416.0
31.384058952331543, 146474.0
31.389980792999268, 146611.0
31.672833681106567, 147115.0
31.685566902160645, 147815.0
31.693420886993408, 148318.0
32.61733794212341, 148721.0
33.17439007759094, 149080.0
33.199562072753906, 149450.0
35.16006779670715, 149605.0
35.16589689254761, 150148.0
35.30797290802002, 150614.0
35.324429750442505, 151058.0
35.3505699634552, 151754.0
35.421273946762085, 151843.0
36.802241802215576, 151928.0
36.89685583114624, 152397.0
37.0632209777832, 152952.0
37.09312582015991, 153742.0
37.226475954055786, 153799.0
37.251473903656006, 154203.0
37.467896699905396, 154672.0
37.5427987575531, 154808.0
37.57640194892883, 155370.0
37.64083695411682, 155845.0
37.65043306350708, 156549.0
37.71283674240112, 157004.0
37.79160499572754, 157009.0
37.808929681777954, 157990.0
38.36805081367493, 158689.0
38.384397745132446, 158710.0
38.433552980422974, 159084.0
38.485668897628784, 159265.0
38.48858094215393, 159680.0
38.79095196723938, 159799.0
39.051042795181274, 160207.0
39.077377796173096, 160333.0
39.211777687072754, 160778.0
39.25313901901245, 160982.0
39.312731981277466, 161870.0
39.369304895401, 162008.0
39.42393493652344, 162595.0
39.42984390258789, 163210.0
39.44563889503479, 163457.0
39.448606967926025, 163800.0
39.651291847229004, 164301.0
39.6562020778656, 164409.0
41.05014395713806, 164613.0
41.137805700302124, 165039.0
41.385364055633545, 165487.0
41.418479919433594, 165597.0
41.424333810806274, 166400.0
42.005650997161865, 166763.0
42.011502742767334, 167236.0
42.0328528881073, 167540.0
42.66440296173096, 167605.0
42.6741099357605, 168591.0
42.69842982292175, 169162.0
42.73440885543823, 169574.0
42.77518177032471, 169987.0
42.9928777217865, 170466.0
43.079447746276855, 170704.0
43.0871307849884, 171563.0
43.1255738735199, 171749.0
43.2704439163208, 171965.0
43.61529588699341, 172675.0
43.66334581375122, 172798.0
43.681604862213135, 173019.0
43.85295486450195, 173577.0
44.85032892227173, 173702.0
44.9051079750061, 174490.0
45.14725875854492, 174809.0
45.391533851623535, 174879.0
45.451825857162476, 175502.0
45.50627899169922, 175520.0
45.5272650718689, 175547.0
45.81070280075073, 175714.0
46.07615375518799, 175927.0
46.18389081954956, 176393.0
46.67856001853943, 176755.0
46.85440182685852, 177072.0
47.22489595413208, 177156.0
47.364776849746704, 177926.0
47.53539299964905, 178337.0
47.63034772872925, 178595.0
47.870795011520386, 178861.0
47.99831771850586, 179523.0
48.166454792022705, 180013.0
48.20544099807739, 180265.0
48.259520053863525, 180339.0
48.41044306755066, 180891.0
48.41140794754028, 181177.0
48.428481101989746, 181825.0
48.78031277656555, 182115.0
48.78982090950012, 182828.0
48.98588180541992, 183792.0
49.322157859802246, 184051.0
49.324074029922485, 184741.0
49.35546088218689, 185728.0
49.53824281692505, 186303.0
49.54678297042847, 186682.0
49.59034991264343, 186903.0
50.33015489578247, 187148.0
50.402129888534546, 187763.0
50.49906587600708, 187919.0
50.50759983062744, 188098.0
50.751224756240845, 188586.0
50.95982074737549, 188679.0
51.2551908493042, 188931.0
51.48587083816528, 188945.0
51.60199975967407, 189119.0
52.003641843795776, 189656.0
52.70620584487915, 189753.0
53.074273109436035, 189853.0
53.1102089881897, 190059.0
53.17721390724182, 190270.0
53.738587856292725, 190333.0
54.80442690849304, 191239.0
54.99133491516113, 191478.0
55.33890104293823, 191773.0
55.35312271118164, 192433.0
55.4462149143219, 192699.0
55.475801944732666, 192702.0
55.6701557636261, 192764.0
55.773032903671265, 192956.0
55.875651836395264, 193040.0
57.45909094810486, 193428.0
58.72917199134827, 194265.0
58.821692943573, 195047.0
59.00194692611694, 195068.0
59.00774574279785, 195073.0
59.88146209716797, 195154.0
60.330299854278564, 195184.0
65.62235283851624, 195262.0
69.04278683662415, 195343.0
69.53383183479309, 195432.0
69.81148791313171, 195821.0
70.35460186004639, 195905.0
