0.10078787803649902, 5726.0
0.17630481719970703, 5726.0
0.2523207664489746, 6002.0
0.32810068130493164, 6191.0
0.4043917655944824, 6191.0
0.4821188449859619, 6248.0
0.558741569519043, 6319.0
0.6352236270904541, 6518.0
0.7117397785186768, 6543.0
0.7883865833282471, 6623.0
0.865128755569458, 6676.0
0.9418938159942627, 6780.0
1.020094871520996, 6780.0
1.0994439125061035, 6879.0
1.1769359111785889, 6943.0
1.254037618637085, 6943.0
1.3314366340637207, 7057.0
1.4099206924438477, 7165.0
1.487346887588501, 7165.0
1.5650677680969238, 7350.0
1.6427857875823975, 7350.0
1.7207317352294922, 7421.0
1.7986407279968262, 7421.0
1.8765606880187988, 7452.0
1.954493761062622, 7521.0
2.032597541809082, 7521.0
2.110691785812378, 7571.0
2.188506841659546, 7601.0
2.2671239376068115, 7721.0
2.3467326164245605, 8016.0
2.427241802215576, 8016.0
2.510770797729492, 8016.0
2.5927858352661133, 8016.0
2.674795627593994, 8016.0
2.7586617469787598, 8016.0
2.840104818344116, 8016.0
2.9202356338500977, 8182.0
3.000011682510376, 8182.0
3.079943895339966, 8182.0
3.1604816913604736, 8232.0
3.242635726928711, 8232.0
3.327829599380493, 8243.0
3.408637762069702, 8331.0
3.4886436462402344, 8331.0
3.5703606605529785, 8332.0
3.654775619506836, 8332.0
3.7371137142181396, 8392.0
3.8186757564544678, 8392.0
3.8997576236724854, 8394.0
3.97990083694458, 8462.0
4.061251640319824, 8463.0
4.141126871109009, 8515.0
4.222381591796875, 8515.0
4.302429914474487, 8515.0
4.382412672042847, 8515.0
4.461836576461792, 8563.0
4.542742729187012, 8563.0
4.625183820724487, 8563.0
4.70704984664917, 8563.0
4.78954291343689, 8595.0
4.871561765670776, 8648.0
4.951817750930786, 8648.0
5.033843755722046, 8648.0
5.117289781570435, 8656.0
5.2010228633880615, 8656.0
5.281155824661255, 8656.0
5.365104675292969, 8656.0
5.445185661315918, 8699.0
5.525019884109497, 8700.0
5.604729652404785, 8700.0
5.684493780136108, 8700.0
5.764208793640137, 8700.0
5.84387469291687, 8700.0
5.923635959625244, 8700.0
6.003085613250732, 8724.0
6.094334840774536, 8724.0
6.176026821136475, 8728.0
6.257002830505371, 8728.0
6.338368654251099, 8728.0
6.419273853302002, 8728.0
6.499654769897461, 8764.0
6.581985712051392, 8775.0
6.663440704345703, 8775.0
6.7442567348480225, 8824.0
6.824086666107178, 8824.0
6.905762672424316, 8824.0
6.987229824066162, 8824.0
7.068176746368408, 8824.0
7.148610591888428, 8824.0
7.229384899139404, 8824.0
7.30881667137146, 8824.0
7.3899829387664795, 8824.0
7.470953941345215, 8824.0
7.5558085441589355, 8824.0
7.654752731323242, 8824.0
7.7367658615112305, 8824.0
7.817810773849487, 8824.0
7.898728847503662, 8829.0
7.980010986328125, 8829.0
8.061929941177368, 8829.0
8.142329692840576, 8829.0
8.222785711288452, 8829.0
8.304091691970825, 8829.0
8.38553762435913, 8829.0
8.467270851135254, 8829.0
8.548902750015259, 8829.0
8.629745721817017, 8829.0
8.711654901504517, 8829.0
8.792535781860352, 8829.0
8.872604846954346, 8829.0
8.953532695770264, 8829.0
9.033455848693848, 8829.0
9.113823890686035, 8829.0
9.194362878799438, 8829.0
9.274961709976196, 8845.0
9.354546785354614, 8845.0
9.434569835662842, 8845.0
9.513345718383789, 8845.0
9.592152833938599, 8845.0
9.670922994613647, 8845.0
9.749744892120361, 8845.0
9.828674793243408, 8845.0
9.907272815704346, 8845.0
9.986106872558594, 8845.0
10.064865589141846, 8845.0
10.143620729446411, 8845.0
10.223167896270752, 8845.0
10.302000761032104, 8845.0
10.381377696990967, 8845.0
10.461785793304443, 8845.0
10.541607856750488, 8845.0
10.621391773223877, 8845.0
10.700548648834229, 8845.0
10.77994179725647, 8845.0
10.858365774154663, 8845.0
10.937456846237183, 8845.0
11.015730857849121, 8845.0
11.094936609268188, 8845.0
11.173964738845825, 8845.0
11.252955675125122, 8845.0
11.33512568473816, 8845.0
11.4162917137146, 8845.0
11.49663782119751, 8845.0
11.575756788253784, 8845.0
11.654878854751587, 8845.0
11.733789920806885, 8845.0
11.813262701034546, 8845.0
11.891948699951172, 8845.0
11.97301459312439, 8845.0
12.05251669883728, 8845.0
12.13228178024292, 8845.0
12.211732864379883, 8845.0
12.290504932403564, 8845.0
12.369106769561768, 8845.0
12.447688817977905, 8845.0
12.526953935623169, 8845.0
12.605672836303711, 8845.0
12.68570590019226, 8845.0
12.764411687850952, 8845.0
12.84325385093689, 8845.0
12.92208981513977, 8845.0
13.000820875167847, 8845.0
13.079752922058105, 8845.0
13.158681631088257, 8845.0
13.238436698913574, 8845.0
13.317400693893433, 8845.0
13.402609825134277, 8845.0
13.482335805892944, 8845.0
13.561002969741821, 8845.0
13.639710903167725, 8845.0
13.718340635299683, 8845.0
13.796881914138794, 8852.0
13.875658988952637, 8852.0
13.95421576499939, 8852.0
14.03274393081665, 8852.0
14.111389875411987, 8852.0
14.189982891082764, 8852.0
14.268492698669434, 8852.0
14.347026824951172, 8852.0
14.425544738769531, 8852.0
14.504884958267212, 8852.0
14.583357810974121, 8852.0
14.662010669708252, 8852.0
14.741984605789185, 8852.0
14.82142162322998, 8852.0
14.900120735168457, 8852.0
14.979726791381836, 8852.0
15.058589935302734, 8852.0
15.13751482963562, 8852.0
15.216055631637573, 8852.0
15.295398712158203, 8852.0
15.37398386001587, 8852.0
15.453357696533203, 8852.0
15.531961679458618, 8852.0
15.611340761184692, 8852.0
15.689964771270752, 8852.0
15.769493579864502, 8852.0
15.848116874694824, 8852.0
15.927647829055786, 8852.0
16.006282806396484, 8852.0
16.085683822631836, 8852.0
