0.0018732547760009766, 262.0
0.003765106201171875, 456.0
0.0056340694427490234, 873.0
0.0074880123138427734, 1818.0
0.009325027465820312, 2595.0
0.011167049407958984, 2890.0
0.01302027702331543, 3629.0
0.01486515998840332, 4550.0
0.016712188720703125, 5000.0
0.01856827735900879, 5588.0
0.020420074462890625, 6076.0
0.022258281707763672, 6870.0
0.02410602569580078, 7113.0
0.0259552001953125, 7329.0
0.027804136276245117, 7527.0
0.029650211334228516, 8337.0
0.03151512145996094, 8805.0
0.033358097076416016, 9096.0
0.0352020263671875, 9399.0
0.03705024719238281, 9516.0
0.038909912109375, 9977.0
0.04075503349304199, 10449.0
0.04263019561767578, 10675.0
0.04451417922973633, 11300.0
0.04639625549316406, 12268.0
0.0482790470123291, 12627.0
0.05016613006591797, 13424.0
0.05203413963317871, 13713.0
0.05388593673706055, 14237.0
0.05573606491088867, 14810.0
0.057592153549194336, 15233.0
0.05949902534484863, 16249.0
0.061338186264038086, 16996.0
0.06318998336791992, 17690.0
0.06504511833190918, 18745.0
0.0668940544128418, 19002.0
0.06873393058776855, 19952.0
0.0705881118774414, 20544.0
0.07243108749389648, 21320.0
0.07429027557373047, 21815.0
0.07614803314208984, 22271.0
0.07800126075744629, 23190.0
0.07984209060668945, 24135.0
0.08168697357177734, 24552.0
0.08355402946472168, 24770.0
0.08539414405822754, 25650.0
0.08725714683532715, 26122.0
0.0890951156616211, 26454.0
0.09093618392944336, 27042.0
0.0927879810333252, 28024.0
0.09463286399841309, 28969.0
0.09647727012634277, 29087.0
0.09835410118103027, 29355.0
0.1002039909362793, 30164.0
0.10208320617675781, 31176.0
0.10392594337463379, 31721.0
0.10577201843261719, 32243.0
0.1076960563659668, 33037.0
0.10957789421081543, 33282.0
0.11145496368408203, 33464.0
0.11333703994750977, 34062.0
0.11533617973327637, 34163.0
0.11751508712768555, 34410.0
0.11964011192321777, 34779.0
0.12172317504882812, 35563.0
0.12384510040283203, 36237.0
0.12591004371643066, 36568.0
0.12798309326171875, 37076.0
0.1300039291381836, 37348.0
0.13208603858947754, 38126.0
0.13423800468444824, 39051.0
0.13637208938598633, 39326.0
0.13837909698486328, 40352.0
0.1403970718383789, 41030.0
0.1423952579498291, 41384.0
0.14438915252685547, 42106.0
0.1463930606842041, 42507.0
0.14838910102844238, 43145.0
0.15039300918579102, 43527.0
0.15238499641418457, 43790.0
0.15438413619995117, 43917.0
0.15638208389282227, 44687.0
0.158372163772583, 45762.0
0.16039514541625977, 46110.0
0.16240310668945312, 47142.0
0.1643991470336914, 47503.0
0.16640615463256836, 47654.0
0.16840219497680664, 48143.0
0.17040514945983887, 49046.0
0.17241501808166504, 49426.0
0.1744251251220703, 50306.0
0.17642903327941895, 50618.0
0.1784219741821289, 51664.0
0.18041491508483887, 52096.0
0.18241214752197266, 52712.0
0.18440699577331543, 53101.0
0.1864161491394043, 53428.0
0.18842005729675293, 53813.0
0.1904151439666748, 54659.0
0.19240331649780273, 55444.0
0.19439196586608887, 56212.0
0.19638609886169434, 57136.0
0.19838523864746094, 57319.0
0.20038819313049316, 58293.0
0.2023770809173584, 59266.0
0.20436620712280273, 59955.0
0.22005200386047363, 60059.0
0.2278761863708496, 60164.0
0.2298591136932373, 60322.0
0.23379206657409668, 60437.0
0.24942302703857422, 60617.0
0.3352088928222656, 60719.0
0.4415280818939209, 60891.0
0.5302591323852539, 61019.0
0.5861740112304688, 61206.0
0.6151542663574219, 61313.0
0.7424430847167969, 61338.0
0.7888510227203369, 61454.0
0.815972089767456, 61575.0
0.8933210372924805, 61716.0
0.9087910652160645, 61817.0
1.0818400382995605, 61877.0
1.1302180290222168, 61900.0
1.203552007675171, 62008.0
1.4837062358856201, 62113.0
2.1414201259613037, 62212.0
2.205219030380249, 62277.0
2.2541911602020264, 62375.0
2.256178855895996, 62537.0
2.2679500579833984, 62711.0
2.3284401893615723, 62812.0
2.435953140258789, 62913.0
2.7341229915618896, 62996.0
2.7652390003204346, 63101.0
2.9112391471862793, 63216.0
3.039479970932007, 63270.0
3.04925799369812, 63404.0
3.1872730255126953, 63446.0
3.191200017929077, 63629.0
3.193202257156372, 63735.0
3.210745096206665, 63904.0
3.422966957092285, 63924.0
3.436612129211426, 64086.0
3.5357561111450195, 64200.0
3.5474321842193604, 64312.0
3.7127840518951416, 64390.0
3.7439239025115967, 64500.0
3.784759044647217, 64664.0
3.790635108947754, 64728.0
3.8530218601226807, 64875.0
3.876373052597046, 64909.0
4.051399230957031, 65009.0
4.182025909423828, 65116.0
4.3597092628479, 65214.0
5.105522871017456, 65315.0
5.229880094528198, 65416.0
5.260507106781006, 65512.0
5.415277004241943, 65633.0
5.419135093688965, 65791.0
5.438240051269531, 65894.0
5.447817087173462, 66017.0
5.741199016571045, 66144.0
5.764855146408081, 66276.0
5.781090021133423, 66403.0
5.817341089248657, 66517.0
5.832937955856323, 66618.0
6.017638206481934, 66950.0
6.049488067626953, 67083.0
6.09653115272522, 67200.0
6.120558023452759, 67319.0
6.524057149887085, 67416.0
7.070088863372803, 67502.0
7.075794219970703, 67787.0
7.096734046936035, 67906.0
7.37614107131958, 68013.0
7.435155153274536, 68109.0
7.467522144317627, 68211.0
7.636169910430908, 68361.0
7.645673036575317, 68488.0
7.649526119232178, 68704.0
7.700709104537964, 68811.0
7.8313751220703125, 68997.0
7.876928091049194, 69200.0
7.988636255264282, 69272.0
7.992477178573608, 69506.0
7.994418144226074, 69613.0
8.011467933654785, 69715.0
8.357964038848877, 69792.0
8.373208045959473, 69907.0
8.462527990341187, 70004.0
8.591194152832031, 70069.0
8.674536228179932, 70170.0
8.729511260986328, 70316.0
8.92810606956482, 70371.0
8.935702085494995, 70584.0
8.937625169754028, 70707.0
8.950921058654785, 70708.0
9.01331615447998, 70772.0
9.13421106338501, 70791.0
9.334693193435669, 70893.0
9.391578197479248, 70997.0
9.444398164749146, 71082.0
9.536964178085327, 71196.0
9.559645175933838, 71317.0
9.629723072052002, 71334.0
9.643005132675171, 71483.0
9.686414003372192, 71491.0
9.709107875823975, 71571.0
9.79021406173706, 71581.0
9.915277004241943, 71687.0
9.972027063369751, 71702.0
10.061095237731934, 71737.0
10.0762460231781, 71771.0
10.078169107437134, 71893.0
10.171325206756592, 72014.0
10.237768173217773, 72070.0
10.243514060974121, 72193.0
10.296821117401123, 72314.0
10.45702600479126, 72419.0
10.604464054107666, 72475.0
10.612040996551514, 72596.0
10.644225120544434, 72710.0
10.695334196090698, 72801.0
10.699182033538818, 72912.0
11.023672103881836, 72988.0
11.050240993499756, 73052.0
11.054075241088867, 73208.0
11.091889142990112, 73312.0
11.175095081329346, 73401.0
11.211146116256714, 73510.0
11.358942985534668, 73618.0
11.396873950958252, 73678.0
11.474732160568237, 73801.0
11.495617151260376, 73913.0
11.590089082717896, 74004.0
11.610888957977295, 74113.0
11.773965120315552, 74232.0
11.787259101867676, 74340.0
11.791077136993408, 74455.0
11.806182146072388, 74577.0
11.815666913986206, 74699.0
12.056094884872437, 74807.0
12.1072518825531, 74885.0
12.211195230484009, 75017.0
12.418501138687134, 75103.0
12.522553205490112, 75146.0
12.5924711227417, 75310.0
12.817728042602539, 75411.0
12.952157974243164, 75481.0
12.965505123138428, 75496.0
13.134544134140015, 75509.0
13.277160167694092, 75617.0
13.36086130142212, 75706.0
13.372298955917358, 75807.0
13.72505807876587, 75822.0
13.742232084274292, 76014.0
13.918701171875, 76219.0
14.100567102432251, 76290.0
14.11955213546753, 76332.0
14.132838249206543, 76590.0
14.172658920288086, 76704.0
14.20317006111145, 76777.0
14.292701244354248, 76806.0
14.394560098648071, 76834.0
14.39652395248413, 77006.0
14.406045198440552, 77188.0
14.427024126052856, 77299.0
14.447909116744995, 77317.0
14.457397937774658, 77442.0
14.520093202590942, 77508.0
15.018403053283691, 77569.0
15.026036977767944, 77709.0
15.1131751537323, 77762.0
15.132169008255005, 77878.0
15.153096199035645, 78011.0
15.246256113052368, 78012.0
15.329537153244019, 78191.0
15.399585008621216, 78292.0
15.43175220489502, 78319.0
15.509278059005737, 78407.0
15.786536931991577, 78419.0
16.23779606819153, 78505.0
16.33047604560852, 78631.0
16.362751960754395, 78790.0
16.366584062576294, 78907.0
16.391287088394165, 79011.0
16.634984970092773, 79117.0
16.67479920387268, 79219.0
17.92542314529419, 79392.0
17.93493914604187, 79508.0
17.955774068832397, 79595.0
17.990004062652588, 79698.0
18.132044076919556, 79727.0
18.13398504257202, 79870.0
18.154879093170166, 79980.0
18.170074224472046, 80094.0
18.260956287384033, 80102.0
18.367417097091675, 80198.0
18.37887215614319, 80304.0
18.424764156341553, 80407.0
18.789979219436646, 80552.0
18.816576957702637, 80689.0
18.8582661151886, 80814.0
19.846065282821655, 80901.0
19.861242055892944, 81011.0
20.115053176879883, 81118.0
20.301002979278564, 81194.0
20.306710958480835, 81350.0
20.310539960861206, 81456.0
20.354092121124268, 81558.0
20.373049020767212, 81701.0
20.437432050704956, 81811.0
20.544705152511597, 81819.0
20.614971160888672, 81915.0
21.214668035507202, 82008.0
21.218483924865723, 82123.0
21.226086139678955, 82229.0
21.25253701210022, 82287.0
21.265799283981323, 82500.0
21.369951009750366, 82604.0
21.447535037994385, 82617.0
22.116283178329468, 82618.0
22.324648141860962, 82663.0
22.413734197616577, 82713.0
22.4800021648407, 82809.0
22.74840807914734, 82814.0
22.906090021133423, 82911.0
23.126715183258057, 83012.0
23.258294105529785, 83095.0
23.35706329345703, 83191.0
23.393929958343506, 83300.0
23.44746708869934, 83419.0
23.531649112701416, 83471.0
23.698309183120728, 83615.0
23.784435987472534, 83718.0
24.03795313835144, 83806.0
24.062851190567017, 83818.0
24.26016616821289, 83853.0
24.30781316757202, 83916.0
24.348846197128296, 83993.0
24.50861406326294, 84085.0
24.525917291641235, 84275.0
24.61693000793457, 84357.0
24.640931129455566, 84446.0
24.680808305740356, 84583.0
24.76029324531555, 84718.0
24.83657217025757, 84906.0
24.852131128311157, 85014.0
24.962920904159546, 85094.0
24.98837113380432, 85208.0
25.003947973251343, 85277.0
25.17703127861023, 85316.0
25.21897315979004, 85317.0
25.545934200286865, 85484.0
25.5957932472229, 85614.0
25.73474931716919, 85695.0
25.76722812652588, 85726.0
25.816812992095947, 85738.0
25.83223819732666, 85850.0
25.843964099884033, 85932.0
25.849745273590088, 86112.0
26.11571717262268, 86219.0
26.441168069839478, 86232.0
26.494720935821533, 86273.0
26.500484228134155, 86386.0
26.56370210647583, 86414.0
26.76011610031128, 86499.0
26.775920152664185, 86606.0
26.978060960769653, 86618.0
28.25509810447693, 86710.0
28.338500022888184, 86816.0
29.055646896362305, 86902.0
29.1404972076416, 87003.0
29.169389009475708, 87113.0
29.676176071166992, 87189.0
29.712592124938965, 87318.0
30.04690718650818, 87400.0
30.62427520751953, 87516.0
31.72953224182129, 87518.0
31.775675058364868, 87606.0
31.840988159179688, 87707.0
32.1449179649353, 87768.0
32.190391063690186, 87898.0
32.40889811515808, 87914.0
32.70994806289673, 88011.0
32.83460092544556, 88076.0
32.856152057647705, 88181.0
32.89910006523132, 88306.0
32.924525022506714, 88321.0
32.94024395942688, 88556.0
33.01968502998352, 88717.0
35.0822331905365, 88793.0
35.126157999038696, 89012.0
35.30328607559204, 89116.0
35.612887144088745, 89156.0
35.67526602745056, 89169.0
35.71303606033325, 89318.0
35.76403212547302, 89399.0
35.773489236831665, 89577.0
35.81717920303345, 89678.0
35.84980297088623, 89794.0
35.859737157821655, 89839.0
35.86167120933533, 90012.0
36.02619409561157, 90018.0
36.30681014060974, 90058.0
36.465373277664185, 90106.0
36.54662013053894, 90114.0
36.682573080062866, 90162.0
36.6863751411438, 90309.0
36.827903032302856, 90405.0
37.78713011741638, 90408.0
37.83995699882507, 90411.0
37.8726270198822, 90413.0
37.918150186538696, 90467.0
37.93816304206848, 90495.0
39.03416395187378, 90617.0
39.075783252716064, 90694.0
39.26469302177429, 90813.0
39.32970905303955, 90881.0
39.36048102378845, 91009.0
39.42730903625488, 91116.0
42.49133896827698, 91217.0
53.652297019958496, 91288.0
53.87497591972351, 91329.0
53.92430114746094, 91439.0
53.93033218383789, 91550.0
53.946107149124146, 91581.0
54.05594611167908, 91698.0
54.14246129989624, 91718.0
54.889360189437866, 91790.0
55.024954080581665, 91906.0
55.0479941368103, 91909.0
55.074784994125366, 91992.0
55.334702014923096, 92074.0
55.37550902366638, 92196.0
55.40435719490051, 92235.0
55.406312227249146, 92416.0
55.40826416015625, 92517.0
56.19847011566162, 92612.0
56.2579391002655, 92711.0
56.732595920562744, 92716.0
56.778627157211304, 92819.0
59.488954067230225, 92917.0
64.96372509002686, 93008.0
65.8279721736908, 93048.0
65.82994198799133, 93206.0
65.872318983078, 93214.0
66.1112151145935, 93286.0
66.15173292160034, 93410.0
66.22139310836792, 93510.0
66.24858021736145, 93611.0
66.36877202987671, 93669.0
68.136723279953, 93693.0
68.27611899375916, 93713.0
70.08385300636292, 93745.0
70.13968300819397, 93879.0
70.20800518989563, 94000.0
70.66274929046631, 94032.0
70.68726205825806, 94147.0
70.69861912727356, 94308.0
70.81175494194031, 94388.0
70.81368398666382, 94515.0
72.1478500366211, 94588.0
72.4033579826355, 94610.0
72.6164231300354, 94717.0
73.56175899505615, 94777.0
73.5898060798645, 94913.0
73.91252017021179, 94959.0
73.93309116363525, 95095.0
74.0526111125946, 95171.0
74.08638215065002, 95302.0
74.4879059791565, 95407.0
74.57394623756409, 95416.0
74.64687418937683, 95512.0
74.7517740726471, 95518.0
75.06759309768677, 95519.0
75.232351064682, 95597.0
75.77984309196472, 95634.0
75.78361392021179, 95740.0
75.78552508354187, 95899.0
75.95596528053284, 95905.0
76.05505204200745, 96008.0
81.67815494537354, 96098.0
81.8046350479126, 96207.0
81.84267902374268, 96250.0
81.84995198249817, 96415.0
82.02031517028809, 96490.0
82.0747971534729, 96612.0
82.25480389595032, 96715.0
82.4839231967926, 96812.0
83.59806203842163, 96814.0
83.6438992023468, 96900.0
83.65680813789368, 97110.0
83.81885099411011, 97114.0
84.01021099090576, 97116.0
84.09384226799011, 97203.0
84.34209203720093, 97316.0
84.4949541091919, 97396.0
84.53507399559021, 97406.0
86.61027812957764, 97491.0
86.69966912269592, 97594.0
86.91864013671875, 97715.0
86.9826328754425, 97800.0
86.99908208847046, 97916.0
88.35673713684082, 97996.0
88.50281310081482, 98016.0
88.73496007919312, 98108.0
89.95258021354675, 98114.0
90.02398324012756, 98176.0
90.08438110351562, 98292.0
90.15571212768555, 98408.0
90.21978116035461, 98487.0
90.50650906562805, 98509.0
90.63805222511292, 98586.0
91.49520897865295, 98615.0
91.87846207618713, 98695.0
92.02118611335754, 98782.0
92.12530994415283, 98800.0
92.21864128112793, 98910.0
92.23694515228271, 99011.0
92.44743704795837, 99104.0
92.4932210445404, 99218.0
92.51889610290527, 99257.0
92.5262610912323, 99393.0
92.57556509971619, 99404.0
93.0419270992279, 99418.0
93.53627610206604, 99492.0
93.56385111808777, 99606.0
93.81737112998962, 99712.0
97.35793399810791, 99816.0
97.88181924819946, 99918.0
98.18865728378296, 99919.0
101.79030203819275, 99998.0
101.82104229927063, 100114.0
102.12956118583679, 100183.0
102.13736915588379, 100306.0
102.28670620918274, 100415.0
102.68747115135193, 100483.0
102.77995896339417, 100610.0
102.8281741142273, 100716.0
103.16335606575012, 100719.0
103.33874917030334, 100805.0
103.6026520729065, 100817.0
104.13017511367798, 100894.0
104.3706591129303, 101006.0
104.5463080406189, 101117.0
112.37246704101562, 101202.0
112.55021810531616, 101304.0
114.94683527946472, 101314.0
115.60435724258423, 101417.0
117.12796902656555, 101419.0
120.10551404953003, 101514.0
121.6218991279602, 101615.0
122.06477212905884, 101717.0
123.72358298301697, 101819.0
126.19460010528564, 101911.0
127.03925013542175, 101913.0
127.63273310661316, 102018.0
133.7739520072937, 102119.0
135.41723203659058, 102218.0
141.97734189033508, 102319.0
