0.20434808731079102, 13119.0
0.3552570343017578, 13609.0
0.5072870254516602, 14352.0
0.6600790023803711, 14505.0
0.8116340637207031, 14704.0
0.9633660316467285, 14988.0
1.1166739463806152, 15270.0
1.269428014755249, 15498.0
1.4223270416259766, 15711.0
1.5754878520965576, 16011.0
1.733875036239624, 16112.0
1.891007900238037, 16445.0
2.0459039211273193, 16802.0
2.2008678913116455, 16802.0
2.3561220169067383, 17109.0
2.5119340419769287, 17784.0
2.667609930038452, 18057.0
2.8235859870910645, 18070.0
2.979856014251709, 18158.0
3.136538028717041, 18309.0
3.2935750484466553, 18610.0
3.4505279064178467, 19105.0
3.6080029010772705, 19454.0
3.7658610343933105, 19454.0
3.926136016845703, 19454.0
4.090461015701294, 19690.0
4.252751111984253, 19690.0
4.415856122970581, 19817.0
4.575942039489746, 19937.0
4.73495888710022, 20378.0
4.894053936004639, 20601.0
5.0536439418792725, 20961.0
5.213172912597656, 20961.0
5.373074054718018, 21046.0
5.533348083496094, 21545.0
5.6959710121154785, 21545.0
5.8574299812316895, 22012.0
6.024021863937378, 22012.0
6.190192937850952, 22212.0
6.356055974960327, 22256.0
6.519223928451538, 22410.0
6.684080123901367, 22415.0
6.847157955169678, 22905.0
7.009998083114624, 22905.0
7.172642946243286, 22905.0
7.335201025009155, 22905.0
7.497963905334473, 23006.0
7.662093877792358, 23006.0
7.825134038925171, 23515.0
7.990117073059082, 23515.0
8.153999090194702, 23606.0
8.317716121673584, 23606.0
8.481951236724854, 23606.0
8.645951986312866, 23767.0
8.810101985931396, 23848.0
8.97421407699585, 24211.0
9.138773918151855, 24384.0
9.303593158721924, 24469.0
9.468302965164185, 24469.0
9.633284091949463, 24469.0
9.798373937606812, 24605.0
9.965198040008545, 24605.0
10.130312204360962, 24605.0
10.295379161834717, 24610.0
10.460103988647461, 24710.0
10.624987125396729, 24983.0
10.790197849273682, 24983.0
10.955232858657837, 24983.0
11.120383024215698, 25018.0
11.28583312034607, 25048.0
11.451030015945435, 25177.0
11.616527080535889, 25312.0
11.782129049301147, 25312.0
11.947684049606323, 25464.0
12.11542797088623, 25636.0
12.28136420249939, 25636.0
12.446632146835327, 25636.0
12.612535953521729, 25636.0
12.778218030929565, 26090.0
12.944340229034424, 26090.0
13.110636949539185, 26414.0
13.277055978775024, 26414.0
13.44277811050415, 26414.0
13.608872175216675, 26416.0
13.774697065353394, 26476.0
13.94084119796753, 26486.0
14.109539985656738, 26486.0
14.277364015579224, 26486.0
14.445116996765137, 26536.0
14.61285400390625, 26536.0
14.780555009841919, 26536.0
14.948153972625732, 26589.0
15.116058111190796, 26703.0
15.283907890319824, 26708.0
15.451733827590942, 26708.0
15.619347095489502, 26916.0
15.787315130233765, 26916.0
15.955283164978027, 26918.0
16.124454021453857, 27181.0
16.292320013046265, 27181.0
16.459891080856323, 27194.0
16.627504110336304, 27287.0
16.795540809631348, 27287.0
16.96387815475464, 27287.0
17.131337881088257, 27314.0
17.299432039260864, 27314.0
17.46736717224121, 27314.0
17.63485813140869, 27319.0
17.80286979675293, 27319.0
17.970537185668945, 27573.0
18.139978885650635, 27573.0
18.307964086532593, 27573.0
18.476263999938965, 27608.0
18.64389204978943, 27608.0
18.811984062194824, 27608.0
18.97946000099182, 27608.0
19.147438049316406, 27696.0
19.31549310684204, 27712.0
19.48350501060486, 27712.0
19.655256986618042, 27735.0
19.82566213607788, 27773.0
19.994452953338623, 27773.0
20.164424180984497, 27819.0
20.33443021774292, 27819.0
20.504159927368164, 27911.0
20.673589944839478, 27911.0
20.843076944351196, 27911.0
21.012460947036743, 27911.0
21.18187689781189, 27911.0
21.351253986358643, 28005.0
21.520737886428833, 28005.0
21.69015097618103, 28005.0
21.859631061553955, 28005.0
22.028705835342407, 28011.0
22.198761224746704, 28086.0
22.366908073425293, 28086.0
22.53515601158142, 28086.0
22.703323125839233, 28086.0
22.871305227279663, 28086.0
23.039501905441284, 28086.0
23.207874059677124, 28086.0
23.37595510482788, 28086.0
23.543657064437866, 28211.0
23.71159791946411, 28211.0
23.880975008010864, 28211.0
24.050505876541138, 28211.0
24.221641778945923, 28211.0
24.392024040222168, 28211.0
24.561930894851685, 28211.0
24.731322050094604, 28211.0
24.90098810195923, 28211.0
25.07071614265442, 28215.0
25.240746021270752, 28215.0
25.41053605079651, 28215.0
25.580760955810547, 28215.0
25.751107931137085, 28215.0
25.921034812927246, 28215.0
26.090709924697876, 28219.0
26.2623450756073, 28219.0
26.432438850402832, 28284.0
26.602677822113037, 28284.0
26.772842168807983, 28419.0
26.942721843719482, 28419.0
27.11254119873047, 28419.0
27.282073974609375, 28419.0
27.45194697380066, 28419.0
27.621912002563477, 28419.0
27.79137396812439, 28419.0
27.961182117462158, 28419.0
28.131053924560547, 28419.0
28.301757097244263, 28419.0
28.470979928970337, 28419.0
28.640554189682007, 28419.0
28.810359954833984, 28419.0
28.98001003265381, 28499.0
29.14911699295044, 28499.0
29.31864595413208, 28499.0
29.488168001174927, 28499.0
29.65769600868225, 28499.0
29.827019929885864, 28499.0
29.9966459274292, 28499.0
30.16630220413208, 28499.0
30.337329149246216, 28499.0
30.50706696510315, 28499.0
30.676692962646484, 28512.0
30.845898866653442, 28512.0
31.015914916992188, 28512.0
31.185353994369507, 28512.0
31.354706048965454, 28512.0
31.524281978607178, 28606.0
31.693517923355103, 28619.0
31.862797021865845, 28619.0
32.031391859054565, 28619.0
32.199761152267456, 28619.0
32.36993098258972, 28619.0
32.53869605064392, 28619.0
32.7073130607605, 28619.0
32.87560486793518, 28619.0
33.043965101242065, 28619.0
33.2124719619751, 28619.0
33.38051390647888, 28619.0
