0.5198819637298584, 39317.0
0.8924949169158936, 45569.0
1.2668218612670898, 48760.0
1.6384379863739014, 48760.0
2.015706777572632, 52274.0
2.391368865966797, 55383.0
2.76777982711792, 55473.0
3.1477229595184326, 60894.0
3.5253608226776123, 63717.0
3.903933048248291, 66424.0
4.281453847885132, 67416.0
4.660438060760498, 76805.0
5.049178838729858, 76805.0
5.43009090423584, 79818.0
5.811599969863892, 82189.0
6.200546026229858, 82189.0
6.590788841247559, 84225.0
6.9731810092926025, 86839.0
7.354110956192017, 87189.0
7.7364490032196045, 90338.0
8.122349739074707, 90338.0
8.50487995147705, 96887.0
8.88823390007019, 97124.0
9.268847942352295, 97740.0
9.652292966842651, 98282.0
10.033663034439087, 101783.0
10.419878959655762, 103891.0
10.805038928985596, 108181.0
11.19027304649353, 109387.0
11.57103180885315, 111340.0
11.958381175994873, 112510.0
12.343066930770874, 116387.0
12.728653907775879, 116387.0
13.119485855102539, 116719.0
13.509282112121582, 117681.0
13.904072046279907, 119432.0
14.292906045913696, 121815.0
14.682663917541504, 122017.0
15.069876909255981, 130665.0
15.456916093826294, 130665.0
15.844604969024658, 131754.0
16.243925094604492, 131754.0
16.63538384437561, 132754.0
17.024945974349976, 137231.0
17.410210132598877, 137231.0
17.805459022521973, 137798.0
18.193171977996826, 137798.0
18.648324966430664, 140802.0
19.152070999145508, 143335.0
19.55392098426819, 143403.0
19.954604148864746, 149479.0
20.35578989982605, 149479.0
20.753634929656982, 151805.0
21.1576189994812, 151805.0
21.567194938659668, 151805.0
21.96885085105896, 151805.0
22.37157106399536, 153212.0
22.78978204727173, 153212.0
23.185146808624268, 155076.0
23.578563928604126, 155076.0
23.971587896347046, 161658.0
24.37024688720703, 162648.0
24.780377864837646, 165812.0
25.187683820724487, 165812.0
25.596626043319702, 165812.0
26.013282775878906, 167020.0
26.459867000579834, 169531.0
26.868690967559814, 169531.0
27.271031141281128, 170001.0
27.673744916915894, 170001.0
28.07219099998474, 170629.0
28.46997094154358, 174571.0
28.86747908592224, 174571.0
29.2658429145813, 174571.0
29.665294885635376, 175420.0
30.06406307220459, 175420.0
30.467659950256348, 175420.0
30.865314722061157, 176251.0
31.258522987365723, 177362.0
31.656603813171387, 178376.0
32.066498041152954, 181357.0
32.4807870388031, 182835.0
32.88153600692749, 183116.0
33.30238103866577, 183876.0
33.71047782897949, 184272.0
34.14085412025452, 185699.0
34.55762577056885, 188921.0
34.98626089096069, 189199.0
35.39877891540527, 191230.0
35.801005840301514, 191230.0
36.20534896850586, 191230.0
36.60788679122925, 192205.0
37.01041579246521, 192285.0
37.42342686653137, 192285.0
37.81985282897949, 193108.0
38.22032594680786, 194914.0
38.62398910522461, 194914.0
39.02960801124573, 195993.0
39.43603205680847, 195993.0
39.8365740776062, 196347.0
40.23329496383667, 196347.0
40.63257694244385, 199105.0
41.035775899887085, 199115.0
41.43408989906311, 199115.0
41.83407688140869, 203366.0
42.23408007621765, 203366.0
42.64233875274658, 203366.0
43.04745602607727, 204066.0
43.45414876937866, 204066.0
43.85813093185425, 204303.0
44.27284574508667, 205815.0
44.67928385734558, 205815.0
45.08354377746582, 206153.0
45.48376774787903, 207525.0
45.88495111465454, 207525.0
46.28813195228577, 207525.0
46.68958592414856, 210001.0
47.09003186225891, 210001.0
47.4906268119812, 212226.0
47.89101195335388, 212226.0
48.29248785972595, 214386.0
48.69541692733765, 214386.0
49.09670615196228, 214386.0
49.499722957611084, 214386.0
49.90118408203125, 214403.0
50.304316997528076, 215356.0
50.70917797088623, 215356.0
51.11142897605896, 218308.0
51.51286292076111, 218308.0
51.914438009262085, 218308.0
52.318094968795776, 218308.0
52.72256112098694, 218308.0
53.12688493728638, 218308.0
53.529624938964844, 220324.0
53.932435035705566, 220324.0
54.335824966430664, 220324.0
54.74022102355957, 220324.0
55.14415788650513, 220819.0
55.54790997505188, 220819.0
55.95086908340454, 220955.0
56.3551139831543, 221550.0
56.75938105583191, 222077.0
57.16328978538513, 222948.0
57.56593894958496, 224333.0
57.96972584724426, 224333.0
58.37383794784546, 225115.0
58.77880096435547, 226480.0
59.18297505378723, 226480.0
59.58721208572388, 226480.0
59.991766929626465, 226480.0
60.39632201194763, 226480.0
60.80293583869934, 226516.0
61.21185803413391, 227007.0
61.61566114425659, 229242.0
62.01991510391235, 229242.0
62.424875020980835, 229522.0
62.832783937454224, 229522.0
63.238189935684204, 231227.0
63.643823862075806, 231227.0
64.0477728843689, 232512.0
64.45457577705383, 232512.0
64.86366391181946, 232512.0
65.26943397521973, 234887.0
65.68438673019409, 234887.0
66.10147094726562, 234887.0
66.51341009140015, 234887.0
66.92216086387634, 235248.0
67.32708311080933, 237161.0
67.73207187652588, 237161.0
68.14129376411438, 237161.0
68.5466980934143, 237161.0
68.95408487319946, 237324.0
69.36204385757446, 237815.0
69.7688467502594, 237815.0
70.17577695846558, 237815.0
70.5812439918518, 238498.0
70.99044895172119, 239089.0
71.39653396606445, 239089.0
71.80083107948303, 239089.0
72.20472979545593, 239089.0
72.60871982574463, 239089.0
73.01841306686401, 239557.0
73.43015670776367, 239557.0
73.83708906173706, 239561.0
74.26031589508057, 239681.0
74.67038178443909, 239681.0
75.08010387420654, 241323.0
75.48748278617859, 241323.0
75.89509677886963, 241323.0
76.30489182472229, 241323.0
76.71084189414978, 242648.0
77.11868286132812, 242648.0
77.52567410469055, 242648.0
77.9326958656311, 242648.0
78.33931183815002, 242791.0
78.74537801742554, 242791.0
79.15810799598694, 242791.0
79.56425714492798, 242811.0
79.9703779220581, 243251.0
80.37774991989136, 243251.0
80.78520894050598, 243251.0
