0.5290031433105469, 35759.0
0.9019670486450195, 38693.0
1.2922921180725098, 41533.0
1.6830899715423584, 45827.0
2.076388120651245, 47493.0
2.46354603767395, 51471.0
2.8504791259765625, 54303.0
3.2282941341400146, 58420.0
3.619300127029419, 62752.0
4.034630060195923, 63233.0
4.426614046096802, 70512.0
4.813371181488037, 74103.0
5.235702037811279, 74103.0
5.622729063034058, 76523.0
6.0037682056427, 80303.0
6.399021148681641, 80303.0
6.780784845352173, 81018.0
7.16296124458313, 84199.0
7.558402061462402, 84382.0
7.937915086746216, 88878.0
8.316625833511353, 90371.0
8.697820901870728, 92144.0
9.084007978439331, 93976.0
9.472635269165039, 93976.0
9.855592012405396, 98927.0
10.251188039779663, 105463.0
10.647690057754517, 105463.0
11.037979125976562, 105463.0
11.419416189193726, 110477.0
11.81286907196045, 110477.0
12.1963210105896, 110477.0
12.581032991409302, 114925.0
12.963559865951538, 115547.0
13.348598957061768, 118686.0
13.741564989089966, 118686.0
14.140444993972778, 118686.0
14.528855085372925, 120105.0
14.929013967514038, 124382.0
15.322761058807373, 124455.0
15.720902919769287, 126059.0
16.116111040115356, 131325.0
16.50719690322876, 132140.0
16.923575162887573, 132794.0
17.329658031463623, 132794.0
17.724215984344482, 135469.0
18.11885118484497, 139814.0
18.51101803779602, 139814.0
18.90290904045105, 140350.0
19.293308973312378, 140350.0
19.683016061782837, 141605.0
20.071989059448242, 141679.0
20.460628032684326, 143934.0
20.850646018981934, 146308.0
21.239386081695557, 146752.0
21.628232955932617, 148906.0
22.017112016677856, 148906.0
22.406256198883057, 149852.0
22.799041986465454, 150241.0
23.20361304283142, 150241.0
23.60108494758606, 154638.0
23.991487979888916, 158835.0
24.381685972213745, 158835.0
24.77480411529541, 163556.0
25.167250871658325, 163556.0
25.566668033599854, 164759.0
25.96299695968628, 164759.0
26.358016967773438, 164759.0
26.758960247039795, 165984.0
27.158355951309204, 167328.0
27.55719304084778, 167328.0
27.956159114837646, 167915.0
28.35938000679016, 170285.0
28.76125693321228, 170285.0
29.15580916404724, 170285.0
29.549104928970337, 171549.0
29.941955089569092, 171549.0
30.342555284500122, 174053.0
30.73973822593689, 174192.0
31.13633108139038, 175628.0
31.53919506072998, 177575.0
31.936004161834717, 180545.0
32.33319807052612, 180545.0
32.732571840286255, 183328.0
33.13143301010132, 183498.0
33.529988050460815, 183498.0
33.92829704284668, 184432.0
34.32747006416321, 185170.0
34.72709918022156, 188332.0
35.1278920173645, 188332.0
35.52712798118591, 188332.0
35.92744016647339, 188332.0
36.32737708091736, 188392.0
36.72711205482483, 192730.0
37.13325119018555, 195588.0
37.53257489204407, 195619.0
37.931984186172485, 195619.0
38.3314151763916, 197836.0
38.73037505149841, 198431.0
39.131537199020386, 198431.0
39.53714418411255, 198431.0
39.94294095039368, 198431.0
40.36168718338013, 198431.0
40.76295709609985, 199098.0
41.16942310333252, 200790.0
41.57079720497131, 201019.0
41.98865604400635, 201406.0
42.38866901397705, 202128.0
42.78833508491516, 202128.0
43.19076108932495, 202370.0
43.59291315078735, 203052.0
43.993802070617676, 203995.0
44.3945951461792, 203995.0
44.79647898674011, 205291.0
45.19973802566528, 205291.0
45.602689027786255, 209136.0
46.00400900840759, 209136.0
46.40493202209473, 209136.0
46.80632305145264, 209136.0
47.20814108848572, 209660.0
47.611090898513794, 209660.0
48.01318001747131, 210565.0
48.418708086013794, 210955.0
48.82143998146057, 212359.0
49.22528100013733, 212359.0
49.62871193885803, 212359.0
50.03046202659607, 212956.0
50.43408513069153, 215982.0
50.83645009994507, 215982.0
51.241759061813354, 215982.0
51.64743614196777, 217274.0
52.05282711982727, 217274.0
52.45738697052002, 217274.0
52.86181402206421, 220482.0
53.273561000823975, 220482.0
53.67921996116638, 220482.0
54.083122968673706, 220482.0
54.487637996673584, 220936.0
54.89772701263428, 220936.0
55.30524802207947, 220936.0
55.71023893356323, 220936.0
56.11493921279907, 220936.0
56.51964712142944, 220936.0
56.92377591133118, 220936.0
57.339804887771606, 220936.0
57.74608898162842, 221465.0
58.16665816307068, 221465.0
58.572288036346436, 222842.0
58.97790503501892, 222842.0
59.39103698730469, 222842.0
59.801459074020386, 222842.0
60.20769715309143, 225916.0
60.61818289756775, 225916.0
61.02486610412598, 228162.0
61.4331169128418, 228162.0
61.839154958724976, 228162.0
62.246248960494995, 228162.0
62.65187621116638, 228162.0
63.057679176330566, 228162.0
63.46501708030701, 228162.0
63.872628927230835, 228162.0
64.27856421470642, 228275.0
64.68881893157959, 228275.0
65.09429502487183, 228275.0
65.50713801383972, 228275.0
65.91270208358765, 228295.0
66.31819915771484, 230401.0
66.72428798675537, 230401.0
67.1307430267334, 230401.0
67.53764295578003, 230401.0
67.9443199634552, 230523.0
68.35013914108276, 230523.0
68.75707602500916, 230523.0
69.16270899772644, 230523.0
69.56986284255981, 231736.0
69.9761700630188, 232343.0
70.38344812393188, 232343.0
70.78949189186096, 232343.0
71.19541811943054, 232343.0
71.60385727882385, 232343.0
72.01009893417358, 232343.0
72.41636991500854, 232343.0
72.82291889190674, 232364.0
73.23296308517456, 233418.0
73.64231014251709, 233580.0
74.04964709281921, 233580.0
74.45777010917664, 233580.0
74.86680293083191, 234523.0
75.27441787719727, 234620.0
75.6880829334259, 235388.0
76.10618209838867, 235388.0
76.51712012290955, 235614.0
76.92460322380066, 235614.0
77.33236193656921, 235917.0
77.7414882183075, 235917.0
78.16033625602722, 235917.0
78.58410596847534, 235917.0
79.01380109786987, 235917.0
79.4356541633606, 237389.0
79.8595871925354, 237389.0
80.27319407463074, 237389.0
80.69022107124329, 237389.0
