0.0010061264038085938, 891.0
0.002032041549682617, 1439.0
0.003045797348022461, 2090.0
0.004052877426147461, 2848.0
0.0051059722900390625, 2892.0
0.006127119064331055, 3109.0
0.0071620941162109375, 3368.0
0.008162975311279297, 3843.0
0.00916290283203125, 3856.0
0.01016092300415039, 4567.0
0.011162042617797852, 5462.0
0.012162923812866211, 5811.0
0.01317286491394043, 6784.0
0.014175891876220703, 7090.0
0.015174150466918945, 7601.0
0.016171932220458984, 7698.0
0.017184972763061523, 7942.0
0.01818704605102539, 8174.0
0.019189834594726562, 8828.0
0.020190954208374023, 9223.0
0.021188974380493164, 10041.0
0.022192716598510742, 10074.0
0.023194074630737305, 11023.0
0.024199962615966797, 11937.0
0.025211811065673828, 12077.0
0.0262298583984375, 12405.0
0.0272369384765625, 13122.0
0.0282440185546875, 13241.0
0.029246807098388672, 13242.0
0.03025197982788086, 13368.0
0.031256914138793945, 13403.0
0.03226208686828613, 13643.0
0.03326416015625, 13755.0
0.03426790237426758, 14101.0
0.035279035568237305, 15103.0
0.0362849235534668, 15149.0
0.03729510307312012, 16184.0
0.03829693794250488, 16897.0
0.03931093215942383, 17649.0
0.04031515121459961, 18074.0
0.041319847106933594, 18791.0
0.04232287406921387, 19117.0
0.043324947357177734, 20168.0
0.0443267822265625, 20493.0
0.04533195495605469, 21010.0
0.04633188247680664, 21797.0
0.047341108322143555, 22113.0
0.04834604263305664, 22197.0
0.049350738525390625, 22519.0
0.05035209655761719, 22754.0
0.051355838775634766, 23015.0
0.05236506462097168, 23359.0
0.05338096618652344, 23734.0
0.054383039474487305, 24650.0
0.055387020111083984, 24742.0
0.056388139724731445, 25021.0
0.06234097480773926, 25350.0
0.5246870517730713, 25450.0
0.5458319187164307, 25454.0
0.5535719394683838, 25455.0
0.5708599090576172, 25522.0
0.6755459308624268, 25523.0
1.3200900554656982, 25596.0
2.923434019088745, 25644.0
2.9618990421295166, 25724.0
2.9647998809814453, 25774.0
2.9909329414367676, 25775.0
3.079051971435547, 25821.0
3.1174991130828857, 25891.0
3.1884100437164307, 25892.0
3.225663900375366, 25935.0
3.2266359329223633, 25946.0
3.228559970855713, 25947.0
3.2304859161376953, 26075.0
3.232419013977051, 26114.0
3.254359006881714, 26115.0
3.294304847717285, 26250.0
3.331479072570801, 26345.0
3.3487489223480225, 26368.0
3.36558198928833, 26508.0
7.267239809036255, 26551.0
7.325555801391602, 26575.0
7.3265321254730225, 26644.0
7.347620964050293, 26645.0
7.430254936218262, 26663.0
7.625787019729614, 26683.0
7.696738958358765, 26705.0
7.726565837860107, 26749.0
7.740005731582642, 26793.0
7.762084007263184, 26898.0
7.774543046951294, 26992.0
7.90491795539856, 27077.0
7.920289039611816, 27078.0
7.932815074920654, 27165.0
7.952987909317017, 27248.0
7.978906154632568, 27369.0
8.088442087173462, 27439.0
8.105786085128784, 27606.0
8.112518072128296, 27661.0
8.207645893096924, 27755.0
8.282485961914062, 27805.0
8.397574186325073, 27842.0
8.482789754867554, 27901.0
12.151094913482666, 27907.0
12.356029987335205, 27916.0
16.48069977760315, 27954.0
16.67107391357422, 28043.0
16.686704874038696, 28044.0
16.71115493774414, 28060.0
16.712146997451782, 28061.0
16.981066942214966, 28071.0
17.022080898284912, 28162.0
17.02308988571167, 28256.0
18.498642921447754, 28280.0
18.549293041229248, 28384.0
18.598965883255005, 28491.0
18.626710891723633, 28542.0
18.655357837677002, 28576.0
18.657298803329468, 28688.0
27.587424993515015, 28746.0
48.41659498214722, 28776.0
48.41758894920349, 28777.0
49.22251272201538, 28822.0
49.252028942108154, 28911.0
49.25776696205139, 29070.0
49.354881048202515, 29129.0
49.38259506225586, 29167.0
49.406404972076416, 29193.0
49.40833616256714, 29250.0
49.450111865997314, 29284.0
49.47576284408569, 29417.0
49.48058295249939, 29492.0
50.14229702949524, 29515.0
55.520912885665894, 29522.0
55.55401587486267, 29579.0
55.648975133895874, 29610.0
55.70685887336731, 29736.0
55.962005853652954, 29829.0
56.3887460231781, 29852.0
56.46325397491455, 29943.0
56.85810875892639, 29947.0
56.8697669506073, 30048.0
56.89692497253418, 30093.0
57.0250039100647, 30116.0
57.17667293548584, 30174.0
59.34495782852173, 30230.0
59.40246295928955, 30236.0
59.741962909698486, 30237.0
60.25794196128845, 30243.0
60.274359941482544, 30281.0
61.661157846450806, 30400.0
61.90952014923096, 30443.0
61.94552707672119, 30454.0
61.95039200782776, 30523.0
62.07801699638367, 30543.0
62.2883141040802, 30548.0
62.52451205253601, 30550.0
62.54563784599304, 30551.0
62.65090608596802, 30573.0
62.68379783630371, 30619.0
62.69483685493469, 30743.0
62.84397482872009, 30758.0
63.02097988128662, 30807.0
63.08184003829956, 30842.0
64.67383909225464, 30917.0
64.79760980606079, 31020.0
65.69564580917358, 31082.0
65.82337689399719, 31193.0
65.93321585655212, 31320.0
66.13047695159912, 31321.0
66.22683000564575, 31338.0
67.1845281124115, 31351.0
67.18846988677979, 31352.0
67.73112297058105, 31354.0
68.04539394378662, 31408.0
68.05411696434021, 31424.0
68.28950810432434, 31458.0
68.61226892471313, 31475.0
68.64256405830383, 31498.0
68.71260905265808, 31534.0
68.74961876869202, 31627.0
69.10630488395691, 31717.0
69.6461009979248, 31752.0
69.72871804237366, 31753.0
69.7537739276886, 31769.0
69.76052713394165, 31770.0
70.13593697547913, 31821.0
70.13789200782776, 31822.0
70.35882377624512, 31831.0
70.37524199485779, 31832.0
70.4159369468689, 31859.0
70.92555212974548, 31872.0
70.96216583251953, 31896.0
71.01813793182373, 31897.0
71.45295000076294, 31932.0
71.9327437877655, 31943.0
71.9751558303833, 32027.0
72.1845338344574, 32137.0
72.28546094894409, 32156.0
72.28932404518127, 32157.0
72.87689805030823, 32174.0
73.63568186759949, 32182.0
73.76427698135376, 32269.0
74.02699685096741, 32270.0
74.11650609970093, 32271.0
74.22098779678345, 32272.0
74.57578682899475, 32273.0
74.62275886535645, 32291.0
74.65436100959778, 32339.0
74.77842879295349, 32437.0
75.75090885162354, 32571.0
75.92639994621277, 32657.0
76.80014109611511, 32658.0
76.96377396583557, 32659.0
76.995600938797, 32660.0
77.17024612426758, 32755.0
77.46812796592712, 32770.0
78.68591594696045, 32771.0
84.49342679977417, 32772.0
85.94007587432861, 32774.0
88.13665199279785, 32863.0
90.78074383735657, 32945.0
90.9855489730835, 32946.0
91.05960893630981, 32947.0
91.28822588920593, 32983.0
91.61715984344482, 32984.0
93.02443885803223, 32993.0
93.98431897163391, 32994.0
94.01522612571716, 32995.0
98.87532687187195, 33067.0
99.16091990470886, 33073.0
99.5353651046753, 33074.0
99.69441986083984, 33075.0
