0.5197360515594482, 31805.0
0.8855249881744385, 32205.0
1.259660005569458, 32861.0
1.6340339183807373, 33402.0
2.0072238445281982, 34386.0
2.380157947540283, 34386.0
2.753906726837158, 34699.0
3.1298720836639404, 35440.0
3.5046069622039795, 36109.0
3.882383108139038, 36198.0
4.272428035736084, 36471.0
4.6513190269470215, 36785.0
5.0274059772491455, 37077.0
5.4066150188446045, 38108.0
5.793710947036743, 38560.0
6.178975820541382, 38833.0
6.5564210414886475, 39099.0
6.938047885894775, 39799.0
7.320837020874023, 40095.0
7.702862024307251, 40200.0
8.085744857788086, 40876.0
8.4651780128479, 41798.0
8.848607778549194, 41798.0
9.231892824172974, 41798.0
9.617374897003174, 42460.0
9.999403953552246, 42519.0
10.385035991668701, 42519.0
10.77177381515503, 43043.0
11.159020900726318, 43861.0
11.547593832015991, 43998.0
11.935205698013306, 44488.0
12.318465948104858, 44904.0
12.701972961425781, 44904.0
13.085625886917114, 44904.0
13.477662801742554, 45293.0
13.865676879882812, 45774.0
14.25375485420227, 46595.0
14.642169952392578, 46595.0
15.03115177154541, 46624.0
15.42229700088501, 46684.0
15.813272953033447, 46990.0
16.203789949417114, 47485.0
16.5934100151062, 47573.0
16.980602025985718, 47804.0
17.3717999458313, 48048.0
17.76140284538269, 48794.0
18.149664878845215, 48794.0
18.537876844406128, 48880.0
18.930572032928467, 49301.0
19.323179006576538, 49683.0
19.71769070625305, 49872.0
20.11069369316101, 49981.0
20.504286766052246, 50099.0
20.898515939712524, 50399.0
21.293011903762817, 50896.0
21.68987798690796, 51267.0
22.082758903503418, 51501.0
22.48028588294983, 51501.0
22.87328577041626, 51501.0
23.270923852920532, 51501.0
23.6722469329834, 51841.0
24.071802854537964, 52448.0
24.471625804901123, 52593.0
24.866928815841675, 52897.0
25.266633987426758, 53280.0
25.667788982391357, 53291.0
26.068829774856567, 53586.0
26.465128898620605, 53642.0
26.86091899871826, 53673.0
27.257182836532593, 53673.0
27.65537190437317, 54215.0
28.05496907234192, 54684.0
28.45777678489685, 55036.0
28.861103057861328, 55036.0
29.264371871948242, 55603.0
29.664122819900513, 55700.0
30.069612979888916, 55700.0
30.473265886306763, 56302.0
30.87778091430664, 56302.0
31.2780978679657, 56302.0
31.682092905044556, 56488.0
32.08860993385315, 56488.0
32.49400591850281, 57022.0
32.89927697181702, 57331.0
33.304372787475586, 57331.0
33.71064281463623, 57394.0
34.119327783584595, 57394.0
34.520588874816895, 57545.0
34.925169706344604, 57545.0
35.32733988761902, 57780.0
35.72986388206482, 57805.0
36.134819984436035, 57965.0
36.54356598854065, 58298.0
36.95147180557251, 58298.0
37.35564994812012, 58586.0
37.760175704956055, 58586.0
38.16662907600403, 58586.0
38.57069778442383, 58586.0
38.97956585884094, 59208.0
39.38376188278198, 59208.0
39.792531967163086, 59495.0
40.19924807548523, 59662.0
40.60929894447327, 59662.0
41.0141019821167, 59662.0
41.420345067977905, 59665.0
41.91907596588135, 59721.0
42.34149193763733, 60096.0
42.752005100250244, 60096.0
43.169965982437134, 60305.0
43.58460593223572, 60305.0
43.99207282066345, 60871.0
44.40308880805969, 60871.0
44.840065002441406, 60871.0
45.26084876060486, 60871.0
45.681421995162964, 61265.0
46.10672998428345, 61369.0
46.53059697151184, 61545.0
46.959035873413086, 61693.0
47.387022972106934, 61756.0
47.81376791000366, 61756.0
48.2412748336792, 61756.0
48.664127826690674, 61756.0
49.08801078796387, 61756.0
49.51074504852295, 62101.0
49.92857789993286, 62172.0
50.33930993080139, 62172.0
50.74745798110962, 62695.0
51.155704975128174, 62695.0
51.57031583786011, 62695.0
51.98127102851868, 62851.0
52.395511865615845, 63086.0
52.806264877319336, 63086.0
53.22091102600098, 63086.0
53.63445806503296, 63146.0
54.048030853271484, 63687.0
54.46528196334839, 63687.0
54.87913799285889, 63687.0
55.29137086868286, 63687.0
55.70438480377197, 63687.0
56.122132778167725, 63687.0
56.53629994392395, 63687.0
56.949657917022705, 63687.0
57.362430810928345, 63687.0
57.77542495727539, 63687.0
58.189533948898315, 63868.0
58.61001896858215, 63876.0
59.026227951049805, 63887.0
59.442466020584106, 64160.0
59.85955500602722, 64279.0
60.277911901474, 64279.0
60.6942241191864, 64296.0
61.10563778877258, 64296.0
61.51836109161377, 64552.0
61.93456673622131, 64552.0
62.35096597671509, 64552.0
62.76613974571228, 64552.0
63.18140983581543, 64552.0
63.59316873550415, 64627.0
64.00422191619873, 64899.0
64.41730976104736, 65086.0
64.83547592163086, 65086.0
65.25251078605652, 65477.0
65.67093181610107, 65477.0
66.08812379837036, 65477.0
66.50617790222168, 65477.0
66.9219000339508, 65491.0
67.33801698684692, 65491.0
67.75431704521179, 65491.0
68.17119669914246, 65577.0
68.59015083312988, 65577.0
69.00565075874329, 65577.0
69.41680574417114, 65599.0
69.83155179023743, 65599.0
70.24271774291992, 65677.0
70.6589708328247, 65714.0
71.07370185852051, 65714.0
71.48830103874207, 65714.0
71.90339183807373, 65788.0
72.31958985328674, 65969.0
72.74000287055969, 65969.0
73.157634973526, 66092.0
73.57378077507019, 66296.0
73.99023580551147, 66296.0
74.41008687019348, 66296.0
74.83229207992554, 66296.0
75.25141382217407, 66296.0
75.67100787162781, 66596.0
76.09015393257141, 66596.0
76.51132369041443, 66596.0
76.93167304992676, 66596.0
77.35120582580566, 66698.0
77.7709150314331, 66698.0
78.19070291519165, 66698.0
78.6146810054779, 66698.0
79.03478789329529, 66698.0
79.45436000823975, 66704.0
79.87408089637756, 66753.0
80.28992080688477, 66773.0
80.71212196350098, 66826.0
81.1339099407196, 67370.0
81.55403089523315, 67370.0
