0.10081934928894043, 5676.0
0.17502522468566895, 5706.0
0.2506392002105713, 5804.0
0.3260481357574463, 5837.0
0.40133118629455566, 6022.0
0.47638416290283203, 6060.0
0.5515162944793701, 6213.0
0.6266610622406006, 6213.0
0.7021450996398926, 6232.0
0.7776980400085449, 6439.0
0.8533072471618652, 6637.0
0.9290082454681396, 6637.0
1.0046892166137695, 6751.0
1.0820910930633545, 6859.0
1.159433364868164, 6859.0
1.236755132675171, 6926.0
1.3139750957489014, 6926.0
1.3906261920928955, 7050.0
1.467069149017334, 7222.0
1.5436911582946777, 7305.0
1.6204142570495605, 7364.0
1.697181224822998, 7453.0
1.7738752365112305, 7453.0
1.8506391048431396, 7598.0
1.9278981685638428, 7598.0
2.005897283554077, 7612.0
2.0829031467437744, 7612.0
2.160407066345215, 7689.0
2.23812198638916, 7722.0
2.3156490325927734, 7771.0
2.3935322761535645, 7892.0
2.471715211868286, 7935.0
2.5497090816497803, 7996.0
2.627869129180908, 7996.0
2.705921173095703, 8035.0
2.783783197402954, 8035.0
2.8614792823791504, 8082.0
2.9397470951080322, 8082.0
3.018155097961426, 8082.0
3.0973501205444336, 8118.0
3.176718235015869, 8150.0
3.2570443153381348, 8204.0
3.339627981185913, 8272.0
3.4207851886749268, 8272.0
3.5008881092071533, 8278.0
3.5817251205444336, 8278.0
3.662457227706909, 8293.0
3.7405130863189697, 8311.0
3.818848133087158, 8345.0
3.897202253341675, 8363.0
3.9767251014709473, 8493.0
4.055406093597412, 8493.0
4.136049270629883, 8493.0
4.214400053024292, 8493.0
4.292753219604492, 8493.0
4.3712382316589355, 8493.0
4.449181318283081, 8493.0
4.527107000350952, 8493.0
4.606670141220093, 8493.0
4.687528133392334, 8498.0
4.7696051597595215, 8606.0
4.85011100769043, 8606.0
4.930192232131958, 8606.0
5.010825157165527, 8606.0
5.091957092285156, 8606.0
5.170907258987427, 8655.0
5.249841213226318, 8655.0
5.329007148742676, 8655.0
5.407365083694458, 8663.0
5.48563027381897, 8663.0
5.567453145980835, 8663.0
5.646257162094116, 8663.0
5.724700212478638, 8709.0
5.803270101547241, 8718.0
5.881921052932739, 8718.0
5.962208032608032, 8718.0
6.042162179946899, 8718.0
6.123419284820557, 8736.0
6.202646970748901, 8736.0
6.281325101852417, 8736.0
6.360000133514404, 8744.0
6.439635276794434, 8766.0
6.518168210983276, 8766.0
6.596685171127319, 8766.0
6.677001953125, 8773.0
6.757101058959961, 8773.0
6.835952281951904, 8773.0
6.914693117141724, 8773.0
6.993499279022217, 8773.0
7.072256088256836, 8787.0
7.150902032852173, 8787.0
7.229578971862793, 8787.0
7.308167219161987, 8841.0
7.387214183807373, 8841.0
7.465698003768921, 8841.0
7.544842958450317, 8841.0
7.6234612464904785, 8841.0
7.702107191085815, 8841.0
7.780695199966431, 8841.0
7.86006236076355, 8857.0
7.938895225524902, 8857.0
8.017787218093872, 8857.0
8.09794306755066, 8857.0
8.176752090454102, 8858.0
8.255365133285522, 8858.0
8.333878993988037, 8858.0
8.412331104278564, 8858.0
8.490800142288208, 8886.0
8.569293022155762, 8886.0
8.65177607536316, 8886.0
8.730995893478394, 8886.0
8.809900999069214, 8886.0
8.891310214996338, 8886.0
8.972289085388184, 8886.0
9.051936149597168, 8899.0
9.131103992462158, 8899.0
9.210140228271484, 8899.0
9.28906798362732, 8899.0
9.368282079696655, 8899.0
9.446977138519287, 8899.0
9.525684118270874, 8899.0
9.604362964630127, 8899.0
9.683123350143433, 8939.0
9.761818170547485, 8939.0
9.840558052062988, 8939.0
9.919416189193726, 8939.0
10.000952005386353, 8939.0
10.084595918655396, 8940.0
10.165822267532349, 8940.0
10.247290134429932, 8940.0
10.328911066055298, 8940.0
10.418038129806519, 8940.0
10.499556064605713, 8940.0
10.580926179885864, 8940.0
10.66207218170166, 8950.0
10.743439197540283, 8950.0
10.825079202651978, 8950.0
10.90542721748352, 8950.0
10.988142013549805, 8950.0
11.070887327194214, 8950.0
11.153428316116333, 8950.0
11.235657215118408, 8950.0
11.31632924079895, 8950.0
11.400034189224243, 8950.0
11.48007607460022, 8950.0
11.55992603302002, 8950.0
11.639815330505371, 8950.0
11.719701051712036, 8950.0
11.799605131149292, 8950.0
11.879508972167969, 8950.0
11.959437131881714, 8950.0
12.03922414779663, 8950.0
12.120365142822266, 8950.0
12.200153112411499, 8950.0
12.27918004989624, 8950.0
12.358659029006958, 8950.0
12.43742322921753, 8950.0
12.51627802848816, 8950.0
12.594876289367676, 8950.0
12.673756122589111, 8950.0
12.752547025680542, 8950.0
12.83135724067688, 8950.0
12.90995717048645, 8950.0
12.989009141921997, 8950.0
13.067748069763184, 8950.0
13.146456003189087, 8950.0
13.225864171981812, 8950.0
13.304691314697266, 8950.0
13.383968114852905, 8950.0
13.46265435218811, 8950.0
13.542026042938232, 8950.0
13.62069821357727, 8950.0
13.699242115020752, 8950.0
13.778820037841797, 8950.0
13.857300996780396, 8950.0
13.936006307601929, 8950.0
14.014544248580933, 8950.0
14.093743085861206, 8950.0
14.17369818687439, 8950.0
14.252978324890137, 8950.0
14.33140516281128, 8950.0
14.41014313697815, 8950.0
14.488596200942993, 8950.0
14.567312240600586, 8950.0
14.64874815940857, 8950.0
14.730078220367432, 8950.0
14.810681104660034, 8950.0
14.890926122665405, 8950.0
14.969886302947998, 8950.0
15.049844980239868, 8950.0
15.130067348480225, 8950.0
15.20965027809143, 8950.0
15.289413213729858, 8950.0
15.371078252792358, 8950.0
15.451450109481812, 8950.0
15.531928062438965, 8950.0
15.611255168914795, 8950.0
15.690834283828735, 8950.0
15.769915103912354, 8950.0
15.849552154541016, 8950.0
15.928730249404907, 8950.0
