0.019954919815063477, 1286.0
0.0360410213470459, 1299.0
0.05190300941467285, 1307.0
0.06744194030761719, 1338.0
0.08297395706176758, 1338.0
0.09859991073608398, 1346.0
0.11418294906616211, 1402.0
0.12981200218200684, 1417.0
0.1454639434814453, 1417.0
0.16117000579833984, 1464.0
0.17693090438842773, 1464.0
0.19285297393798828, 1523.0
0.20878100395202637, 1523.0
0.2247769832611084, 1523.0
0.24080586433410645, 1523.0
0.25693607330322266, 1533.0
0.27307987213134766, 1558.0
0.2893850803375244, 1558.0
0.3054318428039551, 1558.0
0.3215780258178711, 1558.0
0.3375270366668701, 1606.0
0.353118896484375, 1606.0
0.36867475509643555, 1606.0
0.3842158317565918, 1606.0
0.3997359275817871, 1606.0
0.41532397270202637, 1606.0
0.43090200424194336, 1606.0
0.4464869499206543, 1606.0
0.46209096908569336, 1606.0
0.4776589870452881, 1606.0
0.493175745010376, 1606.0
0.5086979866027832, 1606.0
0.524284839630127, 1606.0
0.5398621559143066, 1606.0
0.5554900169372559, 1606.0
0.5716879367828369, 1606.0
0.5873138904571533, 1606.0
0.6028738021850586, 1606.0
0.6184239387512207, 1606.0
0.6339988708496094, 1606.0
0.6498451232910156, 1606.0
0.66550612449646, 1606.0
0.681190013885498, 1606.0
0.6967589855194092, 1606.0
0.7123279571533203, 1606.0
0.7279009819030762, 1606.0
0.7435300350189209, 1606.0
0.7591240406036377, 1606.0
0.7746551036834717, 1606.0
0.7901980876922607, 1606.0
0.8056418895721436, 1606.0
0.8212728500366211, 1606.0
0.8366990089416504, 1606.0
0.8523998260498047, 1606.0
0.8693749904632568, 1606.0
0.8858199119567871, 1606.0
0.9017260074615479, 1606.0
0.9176559448242188, 1606.0
0.9335110187530518, 1606.0
0.949289083480835, 1606.0
0.964853048324585, 1606.0
0.9804811477661133, 1606.0
0.996211051940918, 1606.0
1.0120830535888672, 1606.0
1.0281867980957031, 1606.0
1.044217824935913, 1606.0
1.060556173324585, 1606.0
1.076596975326538, 1606.0
1.0927009582519531, 1606.0
1.1086878776550293, 1606.0
1.1247658729553223, 1606.0
1.1407499313354492, 1606.0
1.1569480895996094, 1606.0
1.1734857559204102, 1606.0
1.1900711059570312, 1606.0
1.2066588401794434, 1606.0
1.222951889038086, 1606.0
1.2389369010925293, 1606.0
1.254889965057373, 1606.0
1.2708280086517334, 1606.0
1.2867698669433594, 1606.0
1.3027210235595703, 1606.0
1.3186759948730469, 1606.0
1.3345999717712402, 1606.0
1.3505449295043945, 1606.0
1.366553783416748, 1606.0
1.3826549053192139, 1606.0
1.398711919784546, 1606.0
1.4148390293121338, 1606.0
1.4309489727020264, 1606.0
1.447206974029541, 1606.0
1.4634068012237549, 1606.0
1.4794881343841553, 1606.0
1.4957020282745361, 1606.0
1.512002944946289, 1606.0
1.5275959968566895, 1606.0
1.5431959629058838, 1606.0
1.5588507652282715, 1606.0
1.5744519233703613, 1606.0
1.5900249481201172, 1606.0
1.6055901050567627, 1606.0
1.6211657524108887, 1606.0
1.6367261409759521, 1606.0
1.652298927307129, 1606.0
1.667874813079834, 1606.0
1.6834790706634521, 1606.0
1.699052095413208, 1606.0
1.7146849632263184, 1606.0
1.7302358150482178, 1606.0
1.745826005935669, 1606.0
1.7613840103149414, 1606.0
1.7769689559936523, 1606.0
1.792525053024292, 1606.0
1.8081281185150146, 1606.0
1.8239428997039795, 1606.0
1.839608907699585, 1606.0
1.8551669120788574, 1606.0
1.870786190032959, 1606.0
1.8863911628723145, 1606.0
1.9019620418548584, 1606.0
1.9175548553466797, 1606.0
1.933150053024292, 1606.0
1.948768138885498, 1606.0
1.9643688201904297, 1606.0
1.9799649715423584, 1606.0
1.995633840560913, 1606.0
2.011183977127075, 1606.0
2.0267388820648193, 1606.0
2.0423409938812256, 1606.0
2.0579237937927246, 1606.0
2.073490858078003, 1606.0
2.0890278816223145, 1606.0
2.1046228408813477, 1606.0
2.120227813720703, 1606.0
2.135849952697754, 1606.0
2.1514360904693604, 1606.0
2.1670501232147217, 1606.0
2.1826398372650146, 1606.0
2.1982100009918213, 1606.0
2.213771104812622, 1606.0
2.2293529510498047, 1606.0
2.2449119091033936, 1606.0
2.260478973388672, 1606.0
2.276059865951538, 1606.0
2.291614055633545, 1606.0
2.307188034057617, 1606.0
2.322741985321045, 1606.0
2.338291883468628, 1606.0
2.353853940963745, 1606.0
2.3694558143615723, 1606.0
2.385119915008545, 1606.0
2.400653839111328, 1606.0
2.416372060775757, 1606.0
2.4320898056030273, 1606.0
2.4476540088653564, 1606.0
2.463204860687256, 1606.0
2.478789806365967, 1606.0
2.494357109069824, 1606.0
2.5100040435791016, 1606.0
2.5257198810577393, 1606.0
2.541271924972534, 1606.0
2.557197093963623, 1606.0
2.5732500553131104, 1606.0
2.589202880859375, 1606.0
2.6047749519348145, 1606.0
2.620328903198242, 1606.0
2.6359078884124756, 1606.0
2.65146803855896, 1606.0
2.667017936706543, 1606.0
2.682624101638794, 1606.0
2.698194980621338, 1606.0
2.7137389183044434, 1606.0
2.7293200492858887, 1606.0
2.7448768615722656, 1606.0
2.760441780090332, 1606.0
2.7761189937591553, 1606.0
2.7916789054870605, 1606.0
2.807317018508911, 1606.0
2.8233940601348877, 1606.0
2.8393537998199463, 1606.0
2.855343818664551, 1606.0
2.8713197708129883, 1606.0
2.887373924255371, 1606.0
2.9042608737945557, 1606.0
2.920644998550415, 1606.0
2.9365997314453125, 1606.0
2.9527089595794678, 1606.0
2.9690158367156982, 1606.0
2.9855449199676514, 1606.0
3.0020978450775146, 1606.0
3.0183589458465576, 1606.0
3.0342369079589844, 1606.0
3.050145149230957, 1606.0
3.0660548210144043, 1606.0
3.0819690227508545, 1606.0
3.0978829860687256, 1606.0
3.113780975341797, 1606.0
3.129686117172241, 1606.0
3.1455869674682617, 1606.0
3.161506175994873, 1606.0
3.177445888519287, 1606.0
