0.10036730766296387, 7087.0
0.1751251220703125, 7454.0
0.25019025802612305, 7769.0
0.3251991271972656, 7967.0
0.40062713623046875, 8385.0
0.47626399993896484, 8385.0
0.5521280765533447, 8385.0
0.6283011436462402, 8684.0
0.7046771049499512, 8753.0
0.7812380790710449, 8987.0
0.8580522537231445, 9247.0
0.9354331493377686, 9550.0
1.0155200958251953, 9785.0
1.0935711860656738, 9785.0
1.1711392402648926, 9785.0
1.2488939762115479, 9988.0
1.3267910480499268, 10188.0
1.40484619140625, 10188.0
1.4829902648925781, 10406.0
1.5612952709197998, 10860.0
1.6404149532318115, 10958.0
1.7198431491851807, 10958.0
1.7981929779052734, 11060.0
1.8769233226776123, 11080.0
1.9556312561035156, 11277.0
2.0345311164855957, 11357.0
2.11354923248291, 11484.0
2.1926562786102295, 11875.0
2.2718570232391357, 11875.0
2.350893259048462, 11875.0
2.430277109146118, 11875.0
2.5096662044525146, 11984.0
2.5892632007598877, 12172.0
2.6689980030059814, 12172.0
2.748887062072754, 12172.0
2.828599214553833, 12236.0
2.9083521366119385, 12377.0
2.9882380962371826, 12390.0
3.06821608543396, 12390.0
3.148550033569336, 12448.0
3.228631019592285, 12582.0
3.30892014503479, 12742.0
3.3892979621887207, 12742.0
3.46948504447937, 12779.0
3.5517210960388184, 12884.0
3.6344962120056152, 12884.0
3.7209060192108154, 12887.0
3.8040151596069336, 12889.0
3.887228012084961, 12989.0
3.9717252254486084, 12989.0
4.054538011550903, 13068.0
4.136292219161987, 13164.0
4.217978239059448, 13170.0
4.299785137176514, 13171.0
4.381397008895874, 13247.0
4.463120222091675, 13271.0
4.544827938079834, 13344.0
4.62671422958374, 13344.0
4.708548307418823, 13383.0
4.790489196777344, 13383.0
4.872352123260498, 13383.0
4.955250978469849, 13383.0
5.03764009475708, 13472.0
5.1202051639556885, 13563.0
5.203188180923462, 13563.0
5.287711143493652, 13588.0
5.373438119888306, 13588.0
5.458065986633301, 13688.0
5.542401075363159, 13688.0
5.627540111541748, 13688.0
5.71249794960022, 13688.0
5.796453952789307, 13779.0
5.878604173660278, 13779.0
5.961197137832642, 13779.0
6.044625997543335, 13783.0
6.1271491050720215, 13788.0
6.209360122680664, 13788.0
6.2916259765625, 13845.0
6.374311923980713, 13845.0
6.4565510749816895, 13845.0
6.539046049118042, 13845.0
6.621361017227173, 13864.0
6.70379114151001, 13873.0
6.786324977874756, 13873.0
6.869039297103882, 13884.0
6.95146918296814, 13888.0
7.033984184265137, 13890.0
7.116442918777466, 13982.0
7.198808193206787, 13982.0
7.2812340259552, 13982.0
7.363514184951782, 13982.0
7.445842981338501, 13990.0
7.528215169906616, 13990.0
7.610617160797119, 13990.0
7.692913055419922, 13990.0
7.776930093765259, 13990.0
7.8592000007629395, 14077.0
7.941298007965088, 14077.0
8.023588180541992, 14077.0
8.105781078338623, 14077.0
8.187970161437988, 14090.0
8.269994020462036, 14090.0
8.352164268493652, 14090.0
8.434309244155884, 14090.0
8.516409158706665, 14090.0
8.598734140396118, 14090.0
8.68066120147705, 14090.0
8.762916088104248, 14090.0
8.845057010650635, 14090.0
8.927312135696411, 14166.0
9.009445905685425, 14166.0
9.091665983200073, 14166.0
9.173818111419678, 14166.0
9.256225109100342, 14166.0
9.338356971740723, 14181.0
9.420579195022583, 14181.0
9.502848148345947, 14187.0
9.58525800704956, 14187.0
9.667421102523804, 14187.0
9.7497239112854, 14187.0
9.833676099777222, 14187.0
9.916208982467651, 14187.0
9.998591184616089, 14189.0
10.081126928329468, 14189.0
10.163301944732666, 14189.0
10.245744228363037, 14189.0
10.328017950057983, 14189.0
10.410362243652344, 14189.0
10.492845058441162, 14189.0
10.575144052505493, 14189.0
10.657449960708618, 14190.0
10.739582061767578, 14190.0
10.821768045425415, 14190.0
10.903950214385986, 14280.0
10.986278057098389, 14280.0
11.068549156188965, 14280.0
11.15103006362915, 14280.0
11.233264923095703, 14280.0
11.31556510925293, 14280.0
11.397966146469116, 14287.0
11.480180978775024, 14287.0
11.562239170074463, 14287.0
11.644286155700684, 14287.0
11.726328134536743, 14287.0
11.808252096176147, 14287.0
11.893011093139648, 14287.0
11.975736141204834, 14287.0
12.058735132217407, 14287.0
12.141819953918457, 14289.0
12.224579095840454, 14289.0
12.307461261749268, 14289.0
12.390380144119263, 14289.0
12.473211288452148, 14289.0
12.556144952774048, 14289.0
12.639836072921753, 14289.0
12.72340726852417, 14289.0
12.807056903839111, 14289.0
12.88978099822998, 14289.0
12.97344708442688, 14290.0
13.056440114974976, 14290.0
13.139369010925293, 14290.0
13.223301887512207, 14290.0
13.306065082550049, 14290.0
13.389832019805908, 14290.0
13.47291111946106, 14290.0
13.556010007858276, 14290.0
13.638823986053467, 14290.0
13.722499132156372, 14290.0
13.806222200393677, 14290.0
13.891617059707642, 14290.0
13.975619077682495, 14290.0
14.059359073638916, 14290.0
14.143179178237915, 14290.0
14.226462125778198, 14290.0
14.309538125991821, 14290.0
14.393354177474976, 14290.0
14.477023124694824, 14290.0
14.55968689918518, 14290.0
14.643409013748169, 14290.0
14.726102113723755, 14290.0
14.80976414680481, 14290.0
14.892473220825195, 14290.0
14.976048231124878, 14290.0
15.058712244033813, 14290.0
15.142165184020996, 14290.0
15.224807977676392, 14290.0
15.308298110961914, 14290.0
15.390915155410767, 14290.0
15.474313974380493, 14290.0
15.556928157806396, 14290.0
15.640528202056885, 14290.0
15.723515272140503, 14290.0
15.807208061218262, 14290.0
15.890437126159668, 14290.0
15.975183248519897, 14290.0
16.057761192321777, 14290.0
16.141191959381104, 14290.0
16.22368812561035, 14290.0
16.30706524848938, 14290.0
16.389384031295776, 14290.0
16.47257399559021, 14290.0
