0.010072708129882812, 1276.0
0.018581867218017578, 1276.0
0.026849031448364258, 1276.0
0.03511500358581543, 1278.0
0.043463945388793945, 1309.0
0.0517728328704834, 1339.0
0.06014060974121094, 1344.0
0.0685276985168457, 1354.0
0.0769498348236084, 1384.0
0.0853738784790039, 1384.0
0.09384965896606445, 1419.0
0.10227584838867188, 1419.0
0.11071991920471191, 1419.0
0.1193397045135498, 1446.0
0.12785673141479492, 1486.0
0.13643693923950195, 1486.0
0.14505767822265625, 1486.0
0.15371179580688477, 1486.0
0.1622788906097412, 1486.0
0.17081594467163086, 1493.0
0.17934370040893555, 1493.0
0.1879427433013916, 1493.0
0.19661283493041992, 1493.0
0.20526695251464844, 1493.0
0.21388697624206543, 1493.0
0.22250771522521973, 1493.0
0.23113393783569336, 1493.0
0.23989295959472656, 1493.0
0.24887967109680176, 1493.0
0.257678747177124, 1493.0
0.2664508819580078, 1493.0
0.2751948833465576, 1493.0
0.28400373458862305, 1493.0
0.2928488254547119, 1493.0
0.30167388916015625, 1493.0
0.31047987937927246, 1493.0
0.3192617893218994, 1493.0
0.3281128406524658, 1493.0
0.336803674697876, 1493.0
0.34557676315307617, 1493.0
0.3543689250946045, 1493.0
0.36315393447875977, 1493.0
0.37193870544433594, 1493.0
0.3807637691497803, 1493.0
0.38959574699401855, 1493.0
0.39849281311035156, 1493.0
0.4075326919555664, 1493.0
0.41660165786743164, 1493.0
0.42565393447875977, 1493.0
0.43476080894470215, 1493.0
0.443889856338501, 1493.0
0.45290493965148926, 1493.0
0.46161675453186035, 1493.0
0.47031283378601074, 1493.0
0.47910499572753906, 1493.0
0.48789286613464355, 1493.0
0.49660372734069824, 1493.0
0.5053257942199707, 1493.0
0.5140359401702881, 1493.0
0.5227639675140381, 1493.0
0.5314748287200928, 1493.0
0.5401589870452881, 1496.0
0.548914909362793, 1496.0
0.5576167106628418, 1496.0
0.5662846565246582, 1496.0
0.5749759674072266, 1496.0
0.5836858749389648, 1496.0
0.5923848152160645, 1496.0
0.6011478900909424, 1496.0
0.6099319458007812, 1497.0
0.6187498569488525, 1497.0
0.6274898052215576, 1497.0
0.6362307071685791, 1497.0
0.6449458599090576, 1497.0
0.6537268161773682, 1497.0
0.6625568866729736, 1497.0
0.6716077327728271, 1497.0
0.6806058883666992, 1497.0
0.689673900604248, 1497.0
0.6986517906188965, 1497.0
0.707575798034668, 1497.0
0.7164149284362793, 1497.0
0.7252638339996338, 1497.0
0.7341117858886719, 1497.0
0.7430698871612549, 1497.0
0.7520697116851807, 1497.0
0.7609677314758301, 1497.0
0.7697837352752686, 1497.0
0.7784867286682129, 1497.0
0.7871177196502686, 1497.0
0.7957508563995361, 1497.0
0.8043949604034424, 1497.0
0.8130576610565186, 1497.0
0.8216588497161865, 1497.0
0.8303098678588867, 1497.0
0.838951826095581, 1497.0
0.8476028442382812, 1497.0
0.8561978340148926, 1497.0
0.8648087978363037, 1497.0
0.8734698295593262, 1497.0
0.8823916912078857, 1497.0
0.8916687965393066, 1497.0
0.900763750076294, 1497.0
0.9096026420593262, 1497.0
0.9182357788085938, 1497.0
0.9268767833709717, 1497.0
0.9355347156524658, 1497.0
0.9441258907318115, 1497.0
0.952704906463623, 1497.0
0.961277961730957, 1497.0
0.9698529243469238, 1497.0
0.9784266948699951, 1497.0
0.9871678352355957, 1497.0
0.9962527751922607, 1497.0
1.0050029754638672, 1497.0
1.0136098861694336, 1497.0
1.0228526592254639, 1497.0
1.0314438343048096, 1497.0
1.0400147438049316, 1497.0
1.0486400127410889, 1497.0
1.0572187900543213, 1497.0
1.0658466815948486, 1497.0
1.074448823928833, 1497.0
1.0830819606781006, 1497.0
1.0916497707366943, 1497.0
1.1002466678619385, 1497.0
1.1088566780090332, 1497.0
1.117445707321167, 1497.0
1.1260206699371338, 1497.0
1.1346027851104736, 1497.0
1.143190622329712, 1497.0
1.151843786239624, 1497.0
1.1604397296905518, 1497.0
1.1691839694976807, 1497.0
1.1777987480163574, 1497.0
1.1863608360290527, 1497.0
1.1949577331542969, 1497.0
1.203549861907959, 1497.0
1.2121338844299316, 1497.0
1.220726728439331, 1497.0
1.2293009757995605, 1497.0
1.2379000186920166, 1497.0
1.246473789215088, 1497.0
1.2550599575042725, 1497.0
1.2636477947235107, 1497.0
1.2722117900848389, 1497.0
1.2807879447937012, 1497.0
1.2893857955932617, 1497.0
1.297968864440918, 1497.0
1.3065507411956787, 1497.0
1.3151228427886963, 1497.0
1.3236968517303467, 1497.0
1.3322758674621582, 1497.0
1.340857744216919, 1497.0
1.349470853805542, 1497.0
1.3580567836761475, 1497.0
1.3666176795959473, 1497.0
1.375220775604248, 1497.0
1.3837859630584717, 1497.0
1.3923578262329102, 1497.0
1.4009878635406494, 1497.0
1.4096307754516602, 1497.0
1.4181928634643555, 1497.0
1.4268908500671387, 1497.0
1.4358258247375488, 1497.0
1.4447028636932373, 1497.0
1.4536187648773193, 1497.0
1.462432861328125, 1497.0
1.4713196754455566, 1497.0
1.4801616668701172, 1497.0
1.4889988899230957, 1497.0
1.4978139400482178, 1497.0
1.506617784500122, 1497.0
1.5154306888580322, 1497.0
1.5242047309875488, 1497.0
1.532958984375, 1497.0
1.541759967803955, 1497.0
1.5505847930908203, 1497.0
1.5593397617340088, 1497.0
1.568220853805542, 1497.0
1.5771677494049072, 1497.0
1.586371660232544, 1497.0
1.5955379009246826, 1497.0
1.604646921157837, 1497.0
1.613757848739624, 1497.0
1.6228816509246826, 1497.0
1.6318228244781494, 1497.0
1.640584945678711, 1497.0
1.6493706703186035, 1497.0
1.6581456661224365, 1497.0
1.666900873184204, 1497.0
1.6756618022918701, 1497.0
1.6844148635864258, 1497.0
1.6931767463684082, 1497.0
1.7019379138946533, 1497.0
1.7106897830963135, 1497.0
1.7194569110870361, 1497.0
1.7282257080078125, 1497.0
1.7369956970214844, 1497.0
1.745755910873413, 1497.0
1.7545278072357178, 1497.0
