0.21593785285949707, 19207.0
0.37200188636779785, 20259.0
0.5279717445373535, 23735.0
0.6795008182525635, 23882.0
0.8302009105682373, 29414.0
0.9811818599700928, 30904.0
1.1410648822784424, 32007.0
1.294252872467041, 34940.0
1.44700288772583, 38661.0
1.5993127822875977, 38661.0
1.751734733581543, 38661.0
1.904860019683838, 42516.0
2.0580077171325684, 44847.0
2.215195894241333, 44847.0
2.3690907955169678, 44847.0
2.524620771408081, 46118.0
2.6804580688476562, 47918.0
2.835033893585205, 51589.0
2.9900918006896973, 51589.0
3.145277976989746, 53022.0
3.300593852996826, 53647.0
3.4602136611938477, 54468.0
3.6218109130859375, 55982.0
3.7815330028533936, 56023.0
3.941340923309326, 59753.0
4.097672939300537, 59753.0
4.254306793212891, 62087.0
4.412283897399902, 62087.0
4.570195913314819, 62087.0
4.73213791847229, 62087.0
4.893242835998535, 63624.0
5.074651002883911, 65969.0
5.244365930557251, 66507.0
5.412560939788818, 66658.0
5.5782458782196045, 67770.0
5.737017869949341, 70966.0
5.895950794219971, 70966.0
6.0560667514801025, 70966.0
6.215130805969238, 71721.0
6.374614715576172, 74058.0
6.5346598625183105, 74058.0
6.695366859436035, 74117.0
6.854464054107666, 75518.0
7.013372898101807, 75518.0
7.172262907028198, 75905.0
7.3312668800354, 76102.0
7.490774869918823, 76504.0
7.650843858718872, 79040.0
7.810806751251221, 79040.0
7.970785856246948, 79040.0
8.130955696105957, 82451.0
8.292006969451904, 82451.0
8.452144861221313, 82451.0
8.612405776977539, 82451.0
8.774826765060425, 82451.0
8.935520887374878, 84269.0
9.096300840377808, 84269.0
9.257086992263794, 84705.0
9.418527841567993, 84914.0
9.579639911651611, 87423.0
9.741075992584229, 87423.0
9.902399063110352, 87423.0
10.063707828521729, 87423.0
10.225334882736206, 87879.0
10.38772201538086, 88029.0
10.549654722213745, 89177.0
10.713740825653076, 90255.0
10.876106023788452, 90255.0
11.03843379020691, 90341.0
11.200725078582764, 91050.0
11.36309289932251, 92336.0
11.525514841079712, 92336.0
11.688080787658691, 92336.0
11.850700855255127, 92614.0
12.01335096359253, 92614.0
12.175886869430542, 93939.0
12.338470935821533, 95566.0
12.501490831375122, 95566.0
12.664469003677368, 95702.0
12.82975172996521, 96010.0
12.993411779403687, 96010.0
13.157190799713135, 96010.0
13.321065902709961, 96680.0
13.484736680984497, 96680.0
13.648555755615234, 97021.0
13.812197923660278, 97136.0
13.975748777389526, 98132.0
14.139317035675049, 98809.0
14.30313777923584, 98809.0
14.466965675354004, 98809.0
14.630799770355225, 98809.0
14.796874761581421, 98991.0
14.9613037109375, 98991.0
15.125322103500366, 100404.0
15.288987874984741, 100404.0
15.45309591293335, 100404.0
15.61716890335083, 100404.0
15.780803918838501, 100404.0
15.945335865020752, 100404.0
16.109038829803467, 100556.0
16.272716760635376, 100595.0
16.436424016952515, 100595.0
16.600226879119873, 100876.0
16.764031887054443, 101811.0
16.929216861724854, 101811.0
17.09300684928894, 101811.0
17.256682872772217, 101811.0
17.420620918273926, 101811.0
17.584622859954834, 101811.0
17.748708963394165, 102152.0
17.912867784500122, 102382.0
18.076865911483765, 102382.0
18.24087882041931, 102382.0
18.405065059661865, 102739.0
18.569087028503418, 102776.0
18.73304295539856, 103182.0
18.90025782585144, 103182.0
19.06667709350586, 103182.0
19.23312282562256, 103819.0
19.39952802658081, 103819.0
19.56579279899597, 103819.0
19.73243284225464, 103819.0
19.898666858673096, 103819.0
20.064831018447876, 104008.0
20.23112201690674, 104008.0
20.397664785385132, 104008.0
20.564210891723633, 104166.0
20.731308698654175, 104649.0
20.901046752929688, 105654.0
21.07861590385437, 105654.0
21.24848484992981, 105654.0
21.418688774108887, 105654.0
21.588550806045532, 105654.0
21.7566499710083, 105654.0
21.924503803253174, 105654.0
22.116726875305176, 105654.0
22.288404941558838, 106137.0
22.463308811187744, 106137.0
22.63507580757141, 106137.0
22.8172128200531, 106137.0
22.990319967269897, 106544.0
23.159063816070557, 106544.0
23.327013969421387, 106544.0
23.494231700897217, 106544.0
23.661751747131348, 106544.0
23.828961849212646, 106544.0
24.000617027282715, 106941.0
24.17046880722046, 106941.0
24.34020209312439, 106941.0
24.511415719985962, 106941.0
24.68579888343811, 107076.0
24.859083890914917, 107076.0
25.03000783920288, 107076.0
25.19764995574951, 107076.0
25.364877939224243, 107341.0
25.532634973526, 107341.0
25.70036268234253, 107341.0
25.86859393119812, 107341.0
26.03664994239807, 107341.0
26.20530891418457, 107341.0
26.373156785964966, 107341.0
26.54300284385681, 108217.0
26.71161198616028, 108217.0
26.880605936050415, 108217.0
27.04973292350769, 108217.0
27.217357873916626, 108217.0
27.385281801223755, 108217.0
27.553584814071655, 108217.0
27.721930027008057, 108217.0
27.890148878097534, 108237.0
28.058379888534546, 108237.0
28.226597785949707, 108237.0
28.394803047180176, 108282.0
28.575807094573975, 108282.0
28.74648404121399, 108282.0
28.94115686416626, 108282.0
29.127466678619385, 108282.0
29.302231788635254, 108282.0
29.480548858642578, 108282.0
29.652678966522217, 108567.0
29.82211470603943, 108567.0
29.990537881851196, 108567.0
30.15852975845337, 108567.0
30.329831838607788, 108567.0
30.496180057525635, 108567.0
30.66399073600769, 108644.0
30.83151078224182, 108644.0
30.997601747512817, 108644.0
31.167006969451904, 108644.0
31.335333824157715, 108644.0
31.50335693359375, 108644.0
31.67097496986389, 108933.0
31.839058876037598, 108933.0
32.00686073303223, 108933.0
32.17524576187134, 108933.0
32.34309196472168, 108933.0
32.511467695236206, 108933.0
32.67786192893982, 108933.0
32.84533190727234, 108933.0
33.01319980621338, 108933.0
33.19479298591614, 108933.0
