0.00020813941955566406, 226.0
0.00041413307189941406, 493.0
0.0006172657012939453, 681.0
0.0008208751678466797, 1099.0
0.0010349750518798828, 1334.0
0.0012409687042236328, 2300.0
0.0014510154724121094, 2816.0
0.0016551017761230469, 3857.0
0.0018579959869384766, 4640.0
0.002062082290649414, 4766.0
0.0022640228271484375, 5442.0
0.0024690628051757812, 6129.0
0.0028781890869140625, 6281.0
0.02094888687133789, 6285.0
0.035155296325683594, 6324.0
0.03774905204772949, 6521.0
0.04336404800415039, 6665.0
0.05558919906616211, 6687.0
0.06197023391723633, 6784.0
0.08114504814147949, 6843.0
0.09431695938110352, 6927.0
0.09571504592895508, 7072.0
0.10425114631652832, 7174.0
0.12084507942199707, 7263.0
0.12305808067321777, 7382.0
0.13364720344543457, 7481.0
0.14104700088500977, 7526.0
0.14745712280273438, 7628.0
0.14805817604064941, 7774.0
0.16135120391845703, 7840.0
0.16575312614440918, 7943.0
0.20220017433166504, 8088.0
0.23465895652770996, 8159.0
0.23907113075256348, 8252.0
0.24768829345703125, 8379.0
0.25291895866394043, 8478.0
0.258181095123291, 8503.0
0.2591841220855713, 8606.0
0.26159214973449707, 8874.0
0.26680612564086914, 8980.0
0.2762601375579834, 8987.0
0.3895740509033203, 9045.0
0.39117908477783203, 9047.0
0.3967771530151367, 9084.0
0.39698100090026855, 9282.0
0.4702770709991455, 9382.0
0.49892401695251465, 9480.0
0.5700058937072754, 9587.0
0.5724101066589355, 9588.0
0.6425189971923828, 9590.0
0.7641451358795166, 9676.0
0.782149076461792, 9780.0
0.7883832454681396, 9890.0
0.7951991558074951, 9950.0
0.9859299659729004, 9951.0
1.0565111637115479, 9985.0
1.0670781135559082, 10023.0
1.0698890686035156, 10126.0
1.0752930641174316, 10247.0
1.076700210571289, 10265.0
1.0989282131195068, 10441.0
1.1009371280670166, 10557.0
1.1035401821136475, 10665.0
1.1223981380462646, 10679.0
1.5552611351013184, 10686.0
1.564249038696289, 10728.0
1.5648512840270996, 10889.0
6.685944080352783, 10916.0
6.7038819789886475, 10920.0
6.704712152481079, 11078.0
9.276846170425415, 11103.0
9.693350076675415, 11141.0
9.70646595954895, 11160.0
9.7261221408844, 11262.0
9.736829280853271, 11315.0
9.740403175354004, 11463.0
9.777051210403442, 11485.0
9.792562246322632, 11590.0
9.905734062194824, 11677.0
10.503271102905273, 11682.0
10.56180715560913, 11788.0
10.5659921169281, 11873.0
10.60553526878357, 11989.0
10.837127208709717, 12084.0
