1.057939052581787, 52032.0
1.813392162322998, 52089.0
2.559041976928711, 52648.0
3.305507183074951, 53181.0
4.040381193161011, 53695.0
4.7933361530303955, 53695.0
5.567960023880005, 53695.0
6.3285980224609375, 54121.0
7.074656009674072, 54296.0
7.8082170486450195, 54434.0
8.541895866394043, 54563.0
9.276664018630981, 55303.0
10.01050591468811, 55328.0
10.743696212768555, 55582.0
11.482319116592407, 56281.0
12.217284202575684, 56281.0
12.952301025390625, 56598.0
13.692748069763184, 57189.0
14.431236028671265, 57454.0
15.174874067306519, 57506.0
15.913992881774902, 57506.0
16.654685258865356, 57506.0
17.394383192062378, 57600.0
18.14478898048401, 58621.0
18.885355949401855, 58621.0
19.638461112976074, 58621.0
20.393203020095825, 58621.0
21.146833181381226, 58921.0
21.903213024139404, 58921.0
22.65734601020813, 59120.0
23.413061141967773, 59246.0
24.154946088790894, 59636.0
24.896445989608765, 59636.0
25.650527000427246, 59743.0
26.403393983840942, 59743.0
27.15603518486023, 59743.0
27.914443016052246, 59927.0
28.671401023864746, 60249.0
29.431123971939087, 60249.0
30.19051504135132, 60249.0
30.949156045913696, 60633.0
31.70865821838379, 60633.0
32.46708106994629, 60633.0
33.22567296028137, 61163.0
33.98305416107178, 61163.0
34.74315810203552, 61499.0
35.503783226013184, 61499.0
36.26522493362427, 61499.0
37.026297092437744, 61534.0
37.78810405731201, 61776.0
38.54927110671997, 61964.0
39.31008005142212, 61964.0
40.07318615913391, 62134.0
40.822782039642334, 62134.0
41.58287787437439, 62136.0
42.34365797042847, 62136.0
43.10340094566345, 62433.0
43.86491107940674, 62832.0
44.627063035964966, 62832.0
45.38457798957825, 62832.0
46.13633894920349, 62832.0
46.89797401428223, 63111.0
47.64737010002136, 63722.0
48.40795421600342, 63722.0
49.167531967163086, 64069.0
49.92741298675537, 64069.0
50.67812204360962, 64218.0
51.44299602508545, 64218.0
52.20667099952698, 64235.0
52.96924591064453, 64317.0
53.73200988769531, 64317.0
54.49933695793152, 64622.0
55.26035714149475, 64622.0
56.027912855148315, 64622.0
56.79173493385315, 65034.0
57.55461812019348, 65034.0
58.30973219871521, 65034.0
59.063880920410156, 65383.0
59.830130100250244, 65383.0
60.60069704055786, 65383.0
61.35890007019043, 65383.0
62.11696720123291, 66254.0
62.8724000453949, 66254.0
63.636159896850586, 66254.0
64.39328002929688, 66541.0
65.15895128250122, 66541.0
65.92393803596497, 66545.0
66.68059706687927, 66545.0
67.44366002082825, 66718.0
68.2116961479187, 66718.0
68.97937822341919, 66718.0
69.74462103843689, 66718.0
70.50275921821594, 66751.0
71.26925706863403, 66947.0
72.03687119483948, 67136.0
72.80762124061584, 67136.0
73.56532192230225, 67170.0
74.32479214668274, 67807.0
75.08568906784058, 67807.0
75.84251499176025, 67807.0
76.6067361831665, 67807.0
77.36675190925598, 67807.0
78.12851190567017, 67807.0
78.88896107673645, 67807.0
79.64870715141296, 68146.0
80.42462301254272, 68146.0
81.19426703453064, 68146.0
81.96538019180298, 68146.0
82.73801589012146, 68146.0
83.50705003738403, 68146.0
84.27517795562744, 68146.0
85.0452139377594, 68146.0
85.81520819664001, 68146.0
86.59017491340637, 68146.0
87.3607611656189, 68146.0
88.13037204742432, 68495.0
88.89197111129761, 68495.0
89.66484308242798, 68495.0
90.42679715156555, 68495.0
91.1985809803009, 68495.0
91.96940112113953, 68685.0
92.74565505981445, 68835.0
93.52105903625488, 68835.0
94.29270601272583, 68835.0
95.05904412269592, 68835.0
95.82101511955261, 68835.0
96.59262895584106, 68914.0
97.36636805534363, 68914.0
98.14237213134766, 69069.0
98.91921091079712, 69069.0
99.69123816490173, 69069.0
100.46264696121216, 69320.0
101.23893618583679, 69320.0
102.01080799102783, 69320.0
102.78556895256042, 69320.0
103.55894017219543, 69320.0
104.32082605361938, 69320.0
105.09715509414673, 69641.0
105.86845993995667, 69652.0
106.6392822265625, 69652.0
107.40274620056152, 69652.0
108.17350506782532, 70294.0
108.94589805603027, 70294.0
109.72767305374146, 70294.0
110.50339412689209, 70294.0
111.28591299057007, 70294.0
112.0709080696106, 70294.0
112.85246109962463, 70439.0
113.63243913650513, 70439.0
114.41182208061218, 70439.0
115.18847417831421, 70439.0
115.97167110443115, 70439.0
116.75454998016357, 70439.0
117.53377723693848, 70441.0
118.31000900268555, 70717.0
119.10759806632996, 70740.0
119.88765001296997, 70740.0
120.66852617263794, 71075.0
121.4531729221344, 71075.0
122.23042511940002, 71075.0
123.01037001609802, 71075.0
123.78945708274841, 71075.0
124.56990003585815, 71075.0
125.34717321395874, 71075.0
126.11262607574463, 71115.0
126.88657903671265, 71264.0
127.66280221939087, 71572.0
128.43685102462769, 71572.0
129.21392607688904, 71572.0
129.99077701568604, 71572.0
130.76947808265686, 71572.0
131.5488510131836, 71572.0
132.32762384414673, 71579.0
133.096510887146, 71579.0
133.87615513801575, 71871.0
134.65493297576904, 71871.0
135.42330813407898, 71955.0
136.20090794563293, 71955.0
136.96679592132568, 71955.0
137.73844003677368, 72037.0
138.51017212867737, 72113.0
139.2924520969391, 72113.0
140.07655811309814, 72142.0
140.8503532409668, 72328.0
141.62653994560242, 72328.0
142.40087223052979, 72328.0
143.18326497077942, 72328.0
143.95798921585083, 72524.0
144.73885416984558, 72525.0
145.51958203315735, 72525.0
146.2902431488037, 72617.0
147.05962491035461, 72795.0
147.84297490119934, 72795.0
148.6298360824585, 72795.0
149.41382718086243, 73026.0
150.18801617622375, 73026.0
150.95991492271423, 73139.0
151.74309611320496, 73139.0
152.52539587020874, 73139.0
153.30698609352112, 73139.0
154.0904529094696, 73139.0
