0.5183448791503906, 36595.0
0.8885540962219238, 43748.0
1.2616689205169678, 44226.0
1.640807867050171, 47908.0
2.0174200534820557, 49281.0
2.3949599266052246, 55389.0
2.76979398727417, 59968.0
3.1423089504241943, 59975.0
3.524984121322632, 63503.0
3.916217088699341, 63679.0
4.294733047485352, 65244.0
4.682647943496704, 70950.0
5.068982124328613, 73232.0
5.45754075050354, 73232.0
5.835118770599365, 76873.0
6.216279983520508, 77064.0
6.597656726837158, 78594.0
6.978670835494995, 81115.0
7.360270738601685, 83393.0
7.7436909675598145, 86779.0
8.125344038009644, 91436.0
8.505526065826416, 91436.0
8.888801097869873, 96061.0
9.272324800491333, 98657.0
9.657943964004517, 98657.0
10.04129695892334, 98657.0
10.421198844909668, 104405.0
10.805678844451904, 104405.0
11.191105127334595, 108248.0
11.578456163406372, 108248.0
11.963462829589844, 111962.0
12.349615812301636, 112678.0
12.74199390411377, 113621.0
13.129755973815918, 114254.0
13.51603102684021, 115532.0
13.902857065200806, 118879.0
14.289851903915405, 118879.0
14.678088903427124, 119929.0
15.061408042907715, 122953.0
15.446903944015503, 124473.0
15.83698296546936, 128926.0
16.225552797317505, 128926.0
16.613786935806274, 128926.0
17.002625942230225, 129633.0
17.391207933425903, 131716.0
17.778297901153564, 134536.0
18.163624048233032, 136064.0
18.55426573753357, 136747.0
18.94434094429016, 137121.0
19.334625959396362, 137408.0
19.726748943328857, 141384.0
20.115106105804443, 141384.0
20.5028338432312, 144849.0
20.894505977630615, 144849.0
21.285988807678223, 144849.0
21.676828861236572, 148854.0
22.068480968475342, 149533.0
22.460366010665894, 150177.0
22.852380990982056, 150177.0
23.242860078811646, 152292.0
23.637287855148315, 155685.0
24.031206846237183, 157280.0
24.421566009521484, 157280.0
24.81544589996338, 158374.0
25.20576786994934, 163560.0
25.599640130996704, 163560.0
25.997979879379272, 163560.0
26.394553899765015, 163560.0
26.790807962417603, 163560.0
27.188217878341675, 167530.0
27.58535408973694, 167530.0
27.981646060943604, 167530.0
28.376166820526123, 167937.0
28.773133993148804, 169286.0
29.171661138534546, 173258.0
29.569098949432373, 173258.0
29.968541860580444, 173258.0
30.365216970443726, 175665.0
30.75879192352295, 176349.0
31.15593194961548, 176714.0
31.553324937820435, 179601.0
31.952708959579468, 183414.0
32.35222601890564, 183414.0
32.751704931259155, 183414.0
33.15027189254761, 183414.0
33.549782037734985, 183414.0
33.94728994369507, 185370.0
34.34299397468567, 185370.0
34.74229884147644, 186302.0
35.142329931259155, 186302.0
35.541248083114624, 189154.0
35.944770097732544, 189154.0
36.347755908966064, 190404.0
36.750727891922, 191521.0
37.15323281288147, 191521.0
37.55527305603027, 191722.0
37.95643591880798, 191722.0
38.35914397239685, 192480.0
38.75704598426819, 195256.0
39.15804386138916, 197732.0
39.55908513069153, 198957.0
39.96268606185913, 198957.0
40.364179849624634, 198957.0
40.7657790184021, 200181.0
41.1675751209259, 201693.0
41.56785583496094, 201693.0
41.97134208679199, 201746.0
42.371866941452026, 201746.0
42.772844076156616, 207654.0
43.172499895095825, 207654.0
43.575297117233276, 207654.0
43.97673797607422, 207654.0
44.37781882286072, 207654.0
44.77928709983826, 207654.0
45.18270492553711, 207654.0
45.591322898864746, 208163.0
45.99816608428955, 211429.0
46.40291881561279, 211429.0
46.80790400505066, 211760.0
47.21377110481262, 211760.0
47.61758995056152, 211760.0
48.02181887626648, 212241.0
48.425816774368286, 212241.0
48.83205199241638, 212952.0
49.23877000808716, 212952.0
49.64706492424011, 213424.0
50.053905963897705, 215832.0
50.46145296096802, 215832.0
50.86936974525452, 215832.0
51.27586007118225, 215832.0
51.679656982421875, 215832.0
52.08695387840271, 215832.0
52.49019002914429, 215955.0
52.89635992050171, 216261.0
53.30238699913025, 218668.0
53.71104192733765, 218668.0
54.114948749542236, 219103.0
54.52145195007324, 219261.0
54.927555084228516, 221737.0
55.33354091644287, 221737.0
55.740082025527954, 221737.0
56.14765691757202, 221737.0
56.555402994155884, 221737.0
56.95851802825928, 221737.0
57.360838890075684, 221737.0
57.76742601394653, 221737.0
58.17433977127075, 225009.0
58.582924127578735, 225009.0
58.986567974090576, 225009.0
59.39104986190796, 225009.0
59.79544711112976, 225009.0
60.20179891586304, 226032.0
60.61004114151001, 226032.0
61.016927003860474, 226032.0
61.41931390762329, 226032.0
61.82199716567993, 227411.0
62.22622275352478, 229876.0
62.638307094573975, 229876.0
63.0473108291626, 229876.0
63.46004605293274, 229977.0
63.8687949180603, 229977.0
64.27929401397705, 229977.0
64.68809485435486, 229977.0
65.09760594367981, 231689.0
65.50844693183899, 234882.0
65.92018103599548, 234882.0
66.33353972434998, 234882.0
66.74182891845703, 234882.0
67.14997410774231, 234882.0
67.55977702140808, 234882.0
67.9715359210968, 234882.0
68.38575792312622, 234882.0
68.7980968952179, 234961.0
69.21067380905151, 235569.0
69.62373995780945, 235569.0
70.0363347530365, 235765.0
70.44837307929993, 235765.0
70.86107587814331, 236931.0
71.27221083641052, 237267.0
71.68581295013428, 238218.0
72.09643602371216, 238218.0
72.50853991508484, 238218.0
72.91830778121948, 238218.0
73.32799196243286, 238218.0
73.73725295066833, 238218.0
74.14686393737793, 238218.0
74.55787396430969, 238592.0
74.96692514419556, 238592.0
75.37620401382446, 238592.0
75.78621792793274, 239437.0
76.19516396522522, 239517.0
76.605642080307, 239517.0
77.01511597633362, 239681.0
77.42413115501404, 239934.0
77.83461403846741, 239934.0
78.24182510375977, 240959.0
78.6608190536499, 240959.0
79.07700085639954, 241083.0
79.49079394340515, 242973.0
79.90654587745667, 242973.0
80.32060289382935, 243214.0
