4.506111145019531e-05, 874.0
8.702278137207031e-05, 1411.0
0.0001652240753173828, 2009.0
0.00024390220642089844, 3003.0
0.0031270980834960938, 3431.0
0.004431247711181641, 3463.0
0.0044710636138916016, 4394.0
0.004626035690307617, 5003.0
0.004855155944824219, 5773.0
0.0053958892822265625, 6149.0
0.00731205940246582, 6485.0
0.02225804328918457, 6938.0
0.022338151931762695, 7664.0
0.022377967834472656, 7681.0
0.06188702583312988, 7829.0
0.06366419792175293, 8163.0
0.2464461326599121, 8274.0
0.7971329689025879, 8304.0
0.9049489498138428, 8463.0
0.916560173034668, 8512.0
1.0096020698547363, 8713.0
1.2568471431732178, 8960.0
1.3934671878814697, 9038.0
1.3952052593231201, 9381.0
1.6031620502471924, 9614.0
1.6201348304748535, 9703.0
1.7870409488677979, 9923.0
1.843663215637207, 10346.0
1.8695340156555176, 10530.0
1.9553980827331543, 10722.0
1.9992709159851074, 10736.0
