0.0009789466857910156, 829.0
0.0019578933715820312, 1762.0
0.002927064895629883, 1866.0
0.003895998001098633, 2654.0
0.004889011383056641, 2804.0
0.0059130191802978516, 3238.0
0.006999015808105469, 3430.0
0.008015155792236328, 4160.0
0.009009838104248047, 4548.0
0.009978771209716797, 4829.0
0.010951995849609375, 5700.0
0.011920928955078125, 6376.0
0.012917041778564453, 7310.0
0.013889074325561523, 7874.0
0.014866828918457031, 8459.0
0.01583576202392578, 8666.0
0.01680588722229004, 9331.0
0.017793893814086914, 9618.0
0.018764019012451172, 10577.0
0.019730806350708008, 10949.0
0.020732879638671875, 11882.0
0.021713972091674805, 12868.0
0.022687911987304688, 12949.0
0.023660898208618164, 13027.0
0.024628877639770508, 13816.0
0.02562570571899414, 14049.0
0.026599884033203125, 14643.0
0.02758193016052246, 15411.0
0.028554916381835938, 16313.0
0.029523849487304688, 16836.0
0.030497074127197266, 16909.0
0.03149104118347168, 17307.0
0.03246474266052246, 18104.0
0.03343677520751953, 18398.0
0.034416913986206055, 18591.0
0.035392045974731445, 19160.0
0.03636598587036133, 19300.0
0.0373387336730957, 19868.0
0.038308143615722656, 20095.0
0.03928184509277344, 20284.0
0.0402529239654541, 20985.0
0.041243791580200195, 21659.0
0.04221796989440918, 21754.0
0.043189048767089844, 22559.0
0.04416203498840332, 23530.0
0.04513692855834961, 23687.0
0.04610896110534668, 24566.0
0.047081947326660156, 25192.0
0.04805397987365723, 25425.0
0.0490269660949707, 25707.0
0.04999971389770508, 25784.0
0.05097174644470215, 26635.0
0.05194902420043945, 26765.0
0.05291891098022461, 27299.0
0.0576939582824707, 28003.0
0.058664798736572266, 28666.0
0.10988378524780273, 29664.0
0.21439313888549805, 30085.0
0.25599098205566406, 30337.0
0.3022630214691162, 30367.0
0.312885046005249, 31113.0
0.33707380294799805, 31799.0
0.39490199089050293, 32097.0
0.43602609634399414, 32419.0
0.4389209747314453, 32817.0
0.4446687698364258, 33658.0
0.4514198303222656, 34351.0
0.46196889877319336, 35294.0
0.4781758785247803, 35453.0
0.5353119373321533, 36084.0
0.742844820022583, 36584.0
0.8443799018859863, 36804.0
0.8656759262084961, 37162.0
0.8870110511779785, 37874.0
0.9944109916687012, 38410.0
1.0069639682769775, 38597.0
1.015016794204712, 38776.0
1.0179998874664307, 39626.0
1.0248758792877197, 40511.0
1.176706075668335, 41301.0
1.1816189289093018, 41978.0
1.1875598430633545, 42927.0
1.1895160675048828, 43002.0
1.2207279205322266, 43817.0
1.257063865661621, 44601.0
1.2847380638122559, 44671.0
1.2993478775024414, 45100.0
1.3032848834991455, 45240.0
1.3042678833007812, 45786.0
1.3178460597991943, 46449.0
1.3304908275604248, 46502.0
1.3314869403839111, 46551.0
1.335407018661499, 47340.0
1.3480827808380127, 47501.0
1.3873968124389648, 47601.0
1.388368844985962, 48222.0
1.392228126525879, 49037.0
1.3941891193389893, 49978.0
1.4115679264068604, 50765.0
1.4126029014587402, 51220.0
1.4710698127746582, 51488.0
1.5134871006011963, 51706.0
2.100937843322754, 51931.0
2.1706717014312744, 52238.0
2.2347707748413086, 53064.0
2.288285970687866, 53270.0
2.2892510890960693, 53918.0
2.3472797870635986, 54777.0
2.3568079471588135, 54816.0
2.3711678981781006, 55221.0
2.5848889350891113, 55678.0
2.585858106613159, 55848.0
2.613508701324463, 56724.0
2.8841729164123535, 56837.0
2.9181928634643555, 57002.0
2.9211199283599854, 57558.0
2.929738998413086, 57723.0
2.9859797954559326, 58414.0
3.0297091007232666, 58503.0
3.128607988357544, 58664.0
3.156200885772705, 59027.0
3.248013973236084, 59329.0
3.2489919662475586, 59968.0
3.2537729740142822, 60259.0
3.2575929164886475, 61220.0
3.315666913986206, 61681.0
3.317589044570923, 62283.0
3.318563938140869, 62560.0
3.3328890800476074, 63499.0
3.353850841522217, 63550.0
3.3805389404296875, 64169.0
3.400571823120117, 64508.0
3.4530608654022217, 64612.0
3.5840580463409424, 65517.0
3.6929478645324707, 66382.0
3.7111079692840576, 66650.0
3.7130391597747803, 67171.0
3.716859817504883, 67273.0
3.7187798023223877, 67667.0
3.7197487354278564, 68097.0
3.783643960952759, 68571.0
3.797008752822876, 68729.0
3.8113019466400146, 68885.0
3.9769270420074463, 69096.0
4.356290102005005, 69259.0
4.3817689418792725, 69329.0
4.387836933135986, 69936.0
4.401012897491455, 70179.0
4.426553964614868, 71127.0
4.438499927520752, 71518.0
4.46610689163208, 71548.0
4.476948976516724, 72276.0
4.490813970565796, 72831.0
4.57358193397522, 72859.0
4.649341821670532, 73316.0
4.68691611289978, 74198.0
4.692895889282227, 74911.0
4.694883108139038, 74925.0
4.7146828174591064, 75836.0
4.720612049102783, 75920.0
4.881036996841431, 76134.0
4.933777809143066, 76251.0
5.044433832168579, 76451.0
5.092313766479492, 77347.0
5.213681936264038, 77443.0
5.224458932876587, 78283.0
5.330010890960693, 78350.0
5.346682071685791, 78610.0
5.55691385269165, 78670.0
5.613265752792358, 78798.0
5.624119997024536, 78884.0
5.630052804946899, 78903.0
5.674470901489258, 79463.0
5.8926100730896, 79603.0
5.893592119216919, 80260.0
5.898439884185791, 80339.0
5.904286861419678, 80462.0
5.9324259757995605, 80789.0
5.938234090805054, 81302.0
7.1992409229278564, 81540.0
7.3388588428497314, 81556.0
7.442026853561401, 81661.0
7.449681758880615, 82485.0
7.450655937194824, 83140.0
7.456422805786133, 83756.0
7.4766929149627686, 83921.0
7.52479887008667, 84167.0
7.533612012863159, 84981.0
7.552191972732544, 85835.0
7.563043117523193, 85935.0
7.572834014892578, 86761.0
7.58165979385376, 87032.0
7.582655906677246, 87036.0
7.583659887313843, 87806.0
7.585633993148804, 88001.0
7.5934739112854, 88592.0
7.622852802276611, 88913.0
7.640507936477661, 89180.0
8.051727771759033, 89459.0
8.069946050643921, 89827.0
8.309640884399414, 89898.0
8.325002908706665, 90000.0
8.432193040847778, 90178.0
8.45712685585022, 90536.0
8.568150997161865, 91087.0
8.604522943496704, 91183.0
8.754917860031128, 91548.0
8.777893781661987, 91549.0
8.850687980651855, 92065.0
8.941025972366333, 92534.0
8.951567888259888, 93370.0
8.95254397392273, 93682.0
8.956393003463745, 94182.0
8.970780849456787, 94350.0
9.071393966674805, 95005.0
9.098224878311157, 95295.0
9.950955867767334, 95393.0
9.996869802474976, 96021.0
10.02845287322998, 96081.0
10.034204959869385, 96372.0
10.070600986480713, 96393.0
10.129976987838745, 96612.0
10.168291091918945, 96720.0
10.176943063735962, 97367.0
10.257781982421875, 97470.0
10.262596845626831, 97532.0
10.526482820510864, 98292.0
10.532287836074829, 98823.0
10.603302955627441, 99650.0
10.63113808631897, 99728.0
10.678209066390991, 99732.0
10.703351974487305, 99994.0
10.709146738052368, 100933.0
10.718769788742065, 101459.0
10.761070966720581, 101745.0
10.781426906585693, 102522.0
10.793046951293945, 102617.0
10.795948028564453, 102915.0
10.83527398109436, 103424.0
10.84007978439331, 103897.0
10.914346933364868, 103928.0
10.92904281616211, 104077.0
11.354782819747925, 104175.0
11.37026572227478, 104490.0
11.38283109664917, 104574.0
11.389577865600586, 104889.0
11.4040367603302, 105778.0
11.40791916847229, 106720.0
11.43387484550476, 106924.0
11.435813903808594, 107106.0
11.657863855361938, 107833.0
11.822474956512451, 108032.0
11.838824987411499, 108099.0
11.850350141525269, 108123.0
11.862841129302979, 108554.0
11.881102085113525, 108580.0
12.972720861434937, 108665.0
12.98058295249939, 109208.0
12.98158884048462, 109310.0
12.982583045959473, 109344.0
12.9874849319458, 109519.0
12.994340896606445, 110404.0
13.005110025405884, 110537.0
13.01392674446106, 111231.0
13.053123950958252, 111477.0
13.065860033035278, 111603.0
13.128491878509521, 111642.0
13.13832402229309, 112057.0
14.074858903884888, 112741.0
14.110575914382935, 113093.0
14.300306797027588, 113842.0
16.350980758666992, 113934.0
16.440658807754517, 114281.0
16.448380947113037, 114698.0
16.461875915527344, 114810.0
16.619120836257935, 115021.0
16.67701768875122, 115420.0
16.735123872756958, 115975.0
16.76891279220581, 116590.0
16.884623765945435, 116983.0
16.95014190673828, 117047.0
16.954012870788574, 117914.0
17.014262914657593, 118611.0
17.080662965774536, 119152.0
17.54936194419861, 119418.0
17.612942934036255, 119631.0
17.638981819152832, 119970.0
17.66600489616394, 120516.0
17.752962112426758, 120590.0
17.830894947052002, 120907.0
18.163923978805542, 121188.0
18.17259383201599, 121398.0
18.397273063659668, 121843.0
18.410748958587646, 122328.0
18.43765878677368, 122791.0
18.4560329914093, 123223.0
18.523426055908203, 123859.0
18.527301788330078, 124038.0
18.612091779708862, 124113.0
18.672817945480347, 124394.0
18.68451976776123, 125015.0
18.705857038497925, 125088.0
18.761860132217407, 125230.0
19.167799949645996, 125300.0
19.20759606361389, 125411.0
19.598731994628906, 125808.0
19.6180419921875, 125990.0
19.821610927581787, 126177.0
19.83126187324524, 126387.0
20.01631784439087, 127227.0
20.081840753555298, 127462.0
20.131037950515747, 127665.0
20.132976770401, 127679.0
20.15904998779297, 127916.0
20.489655017852783, 128505.0
20.508951902389526, 128873.0
20.59278106689453, 129245.0
20.69025993347168, 129292.0
20.762638092041016, 129315.0
20.77327299118042, 129662.0
20.8507981300354, 130280.0
20.85178804397583, 130459.0
20.86625576019287, 130899.0
20.874945878982544, 131381.0
20.952949047088623, 132042.0
20.990514993667603, 132131.0
21.003042936325073, 132651.0
21.081231117248535, 132802.0
21.214168071746826, 133024.0
21.255736112594604, 133025.0
21.258649110794067, 133142.0
21.279891967773438, 133874.0
21.30016303062439, 134013.0
21.3098087310791, 134053.0
21.57208800315857, 134824.0
21.636717081069946, 134827.0
21.93370485305786, 135199.0
21.948168992996216, 135840.0
21.957810878753662, 135930.0
21.96937584877014, 136806.0
21.985759019851685, 137430.0
21.989634037017822, 138385.0
22.013728857040405, 138814.0
22.04938292503357, 138882.0
22.12659788131714, 139530.0
24.261504888534546, 139564.0
24.26251792907715, 140353.0
24.281362771987915, 140482.0
24.617970943450928, 140711.0
24.633732080459595, 140798.0
24.636728048324585, 140848.0
24.674097776412964, 141029.0
25.688830852508545, 141385.0
25.706669092178345, 142034.0
27.21097993850708, 142113.0
27.2148859500885, 143067.0
27.284774780273438, 143416.0
27.520559072494507, 143494.0
27.528339862823486, 144241.0
27.587599754333496, 144373.0
27.6128671169281, 144747.0
27.613857984542847, 144752.0
27.646931886672974, 144766.0
27.71432900428772, 145008.0
27.73184299468994, 145930.0
27.922219038009644, 146009.0
27.943633794784546, 146801.0
27.958237886428833, 147020.0
27.96407914161682, 147132.0
27.96603012084961, 147783.0
27.993217945098877, 148170.0
28.096917867660522, 148244.0
28.588828802108765, 148445.0
28.63934898376465, 148534.0
28.67138981819153, 148774.0
28.961890935897827, 148885.0
28.96772599220276, 149318.0
28.99494695663452, 150272.0
29.008561849594116, 150892.0
29.056119918823242, 150913.0
29.07456398010254, 150922.0
29.141568899154663, 151052.0
30.048295974731445, 151920.0
30.11517596244812, 152546.0
30.11907410621643, 152691.0
30.123931884765625, 153285.0
30.32202172279358, 153633.0
30.32398009300232, 154385.0
30.346287727355957, 154580.0
30.353094816207886, 155136.0
30.39480996131897, 155375.0
30.826961755752563, 155592.0
30.978044986724854, 156165.0
31.041002988815308, 156221.0
31.07298994064331, 156447.0
37.90485095977783, 157298.0
37.921501874923706, 157537.0
37.98295497894287, 158270.0
38.00342082977295, 158465.0
38.0053870677948, 159221.0
38.04824709892273, 159660.0
38.233595848083496, 159725.0
38.24334192276001, 159780.0
38.28338408470154, 160446.0
38.31848382949829, 160530.0
38.49482178688049, 161111.0
38.515280961990356, 161771.0
38.527976989746094, 162353.0
38.55529808998108, 163152.0
38.64701986312866, 163233.0
38.66752481460571, 164003.0
38.69602680206299, 164172.0
38.873517990112305, 164557.0
38.881335973739624, 164714.0
38.928133726119995, 165152.0
39.01778602600098, 165270.0
39.40700697898865, 166035.0
39.45020389556885, 166664.0
39.54195785522461, 166893.0
39.60045385360718, 167214.0
39.606327056884766, 168005.0
39.655137062072754, 168008.0
39.7511990070343, 168230.0
39.853065967559814, 168576.0
40.10419297218323, 169054.0
40.13753604888916, 169692.0
40.201406955718994, 170364.0
40.25607395172119, 170760.0
40.26095986366272, 171665.0
40.30105996131897, 171959.0
40.40636992454529, 172402.0
40.8654420375824, 173178.0
40.972265005111694, 173550.0
40.98972010612488, 173638.0
41.030470848083496, 173898.0
41.10327982902527, 174324.0
41.42749905586243, 174443.0
41.46591401100159, 174576.0
41.6160991191864, 175175.0
41.76395583152771, 175319.0
41.782418966293335, 175793.0
42.38070797920227, 175898.0
42.41864490509033, 176227.0
42.507853984832764, 176286.0
42.53307294845581, 176459.0
42.99501585960388, 176649.0
43.32987689971924, 176701.0
43.38771891593933, 176976.0
44.24743390083313, 177785.0
44.30265283584595, 177869.0
44.81911587715149, 178234.0
44.82299184799194, 179044.0
44.840380907058716, 179529.0
44.99953889846802, 179647.0
45.01111197471619, 180497.0
45.05742788314819, 181408.0
45.15869998931885, 182080.0
45.20327973365784, 182547.0
45.26804184913635, 183041.0
45.67396092414856, 183834.0
45.677834033966064, 184283.0
46.36674690246582, 184307.0
46.42657494544983, 184856.0
46.474777698516846, 185633.0
46.60979390144348, 185970.0
46.655221939086914, 186005.0
46.951704025268555, 186777.0
46.98065900802612, 187325.0
47.00288486480713, 188159.0
47.004833936691284, 188998.0
47.20875096321106, 189007.0
47.27438688278198, 189170.0
47.38238883018494, 189473.0
47.48084092140198, 189536.0
47.92478680610657, 189986.0
48.032614946365356, 190144.0
48.10208797454834, 190202.0
48.1777868270874, 190818.0
48.60388994216919, 190996.0
48.613587856292725, 191892.0
51.44474911689758, 192193.0
51.60828495025635, 193069.0
51.63347291946411, 193919.0
51.649192810058594, 193948.0
51.74780893325806, 193953.0
51.84659671783447, 194122.0
53.10020709037781, 194780.0
53.13761305809021, 195651.0
53.30036497116089, 196340.0
53.621020793914795, 196535.0
54.10249996185303, 196723.0
55.346935987472534, 196744.0
56.56075191497803, 196789.0
56.61693477630615, 197372.0
56.740187883377075, 197670.0
57.503150939941406, 198165.0
58.023159980773926, 198833.0
58.52387595176697, 198907.0
58.68226885795593, 199125.0
58.844911098480225, 199254.0
60.29163098335266, 200162.0
60.48105192184448, 200194.0
60.73882007598877, 200215.0
61.30873394012451, 200521.0
61.820992946624756, 201142.0
61.89241909980774, 201151.0
62.14737582206726, 201235.0
65.68979787826538, 201240.0
67.40083885192871, 201794.0
69.36693596839905, 202305.0
69.8929238319397, 202356.0
70.50414800643921, 202370.0
70.97355103492737, 202386.0
80.805428981781, 202974.0
81.60954999923706, 202995.0
82.52890181541443, 203216.0
