0.00096893310546875, 150.0
0.0019309520721435547, 154.0
0.002902984619140625, 485.0
0.003926992416381836, 660.0
0.00496983528137207, 893.0
0.006035804748535156, 949.0
0.007014751434326172, 1139.0
0.008176088333129883, 1697.0
0.009225845336914062, 1699.0
0.010251998901367188, 2617.0
0.011271953582763672, 3353.0
0.012290000915527344, 4027.0
0.013296127319335938, 4397.0
0.014300823211669922, 4895.0
0.015303850173950195, 5639.0
0.01630997657775879, 5714.0
0.017314910888671875, 6634.0
0.018323898315429688, 6986.0
0.019344806671142578, 7838.0
0.020361900329589844, 8424.0
0.02136087417602539, 9387.0
0.02236485481262207, 10023.0
0.023379802703857422, 10422.0
0.024380922317504883, 10590.0
0.025381088256835938, 10906.0
0.02640390396118164, 11000.0
0.027402877807617188, 11149.0
0.02840590476989746, 11831.0
0.029413700103759766, 12090.0
0.030415773391723633, 12733.0
0.03142189979553223, 12856.0
0.03242802619934082, 13109.0
0.03344082832336426, 13169.0
0.034501075744628906, 13871.0
0.03554511070251465, 14416.0
0.03654789924621582, 14710.0
0.037552833557128906, 14742.0
0.0385589599609375, 14918.0
0.039565086364746094, 15444.0
0.040581703186035156, 15982.0
0.0415799617767334, 16739.0
0.042584896087646484, 16820.0
0.043582916259765625, 16842.0
0.04458904266357422, 17223.0
0.04559206962585449, 17641.0
0.04660606384277344, 17743.0
0.04760479927062988, 18713.0
0.04860687255859375, 19593.0
0.05255389213562012, 19992.0
0.06047987937927246, 20202.0
0.08214592933654785, 20692.0
0.11537504196166992, 20974.0
0.15259170532226562, 21515.0
0.1545567512512207, 22045.0
0.15554499626159668, 22350.0
0.15848398208618164, 22848.0
0.18114781379699707, 23361.0
0.2268218994140625, 23364.0
0.3507719039916992, 23426.0
0.3859889507293701, 24381.0
0.4055919647216797, 24406.0
0.4065859317779541, 25155.0
0.4740149974822998, 26074.0
0.4750089645385742, 26136.0
0.497546911239624, 26277.0
0.5053739547729492, 27024.0
0.5562069416046143, 27075.0
0.5572209358215332, 27728.0
0.6129348278045654, 28377.0
0.6634438037872314, 29340.0
0.6908700466156006, 29342.0
0.715418815612793, 29675.0
0.7243077754974365, 29873.0
0.729285717010498, 29995.0
0.8376109600067139, 30018.0
0.8541967868804932, 30892.0
0.8854939937591553, 31260.0
1.131220817565918, 31380.0
1.162787914276123, 31761.0
1.1993677616119385, 31800.0
1.2004199028015137, 32128.0
1.2023940086364746, 32484.0
1.2112360000610352, 33069.0
1.216130018234253, 33624.0
1.3673269748687744, 33868.0
1.3683488368988037, 34446.0
1.393704891204834, 35367.0
1.4025039672851562, 36166.0
1.4815268516540527, 36407.0
1.5683140754699707, 36506.0
1.5702738761901855, 36995.0
1.578110933303833, 37585.0
1.6269328594207764, 37942.0
1.6317989826202393, 38654.0
1.6367380619049072, 38829.0
1.6386899948120117, 39263.0
1.6806750297546387, 40174.0
1.702131986618042, 40392.0
1.7325260639190674, 40701.0
1.7999868392944336, 40754.0
1.8089118003845215, 40787.0
1.8108599185943604, 41698.0
1.8322539329528809, 41996.0
1.9954590797424316, 42098.0
2.098362684249878, 42689.0
2.100338935852051, 43179.0
2.1453497409820557, 43326.0
2.514868974685669, 43560.0
2.5158660411834717, 43563.0
2.517848014831543, 44541.0
2.5374457836151123, 45066.0
2.5413880348205566, 45592.0
2.544343948364258, 46463.0
2.5453388690948486, 46821.0
2.549272060394287, 47020.0
2.5620620250701904, 47391.0
2.5660059452056885, 48137.0
2.6061978340148926, 49056.0
2.7699787616729736, 49625.0
2.838909864425659, 50277.0
2.8641488552093506, 50794.0
2.909712791442871, 51679.0
2.9339518547058105, 52353.0
2.9717459678649902, 52458.0
2.981491804122925, 52631.0
3.370393991470337, 52832.0
3.392584800720215, 53551.0
3.3954858779907227, 54202.0
3.4224050045013428, 54754.0
3.43009877204895, 55593.0
3.440696954727173, 55944.0
3.4531848430633545, 56189.0
3.4551260471343994, 56739.0
3.459930896759033, 56968.0
3.6091110706329346, 57006.0
3.639880895614624, 57027.0
3.6926698684692383, 57159.0
3.694606065750122, 57632.0
4.620450973510742, 57806.0
4.628190994262695, 58510.0
4.663823127746582, 58820.0
4.6648008823394775, 59238.0
4.665807008743286, 60017.0
4.807394981384277, 60637.0
4.8161211013793945, 61473.0
4.8603129386901855, 62167.0
4.888261079788208, 62481.0
4.903637886047363, 62887.0
4.905573129653931, 63006.0
4.9132678508758545, 63033.0
4.926727771759033, 63405.0
4.936352014541626, 63959.0
4.958477020263672, 64215.0
5.312851905822754, 64318.0
5.313821792602539, 64609.0
5.441492795944214, 64775.0
5.453207015991211, 64928.0
5.531962871551514, 65136.0
5.783246040344238, 65186.0
5.822326898574829, 66070.0
5.90584397315979, 66228.0
5.912899017333984, 66579.0
5.931258678436279, 67290.0
5.934234142303467, 67763.0
5.942016839981079, 68347.0
5.946812868118286, 68780.0
5.947782754898071, 68972.0
5.958254098892212, 69807.0
5.965879917144775, 70002.0
5.979238748550415, 70051.0
6.0695929527282715, 70152.0
6.151582956314087, 70163.0
6.177780866622925, 70372.0
6.1956658363342285, 70592.0
6.4492809772491455, 71343.0
6.573490858078003, 71425.0
6.757483959197998, 71974.0
6.784701824188232, 72905.0
6.817162990570068, 73675.0
6.916520833969116, 73986.0
6.945760011672974, 74310.0
7.002164840698242, 75015.0
7.010923862457275, 75946.0
7.012884855270386, 76121.0
7.078965902328491, 77001.0
7.089680910110474, 77109.0
7.106227874755859, 77310.0
7.113046884536743, 77707.0
7.114039897918701, 78651.0
7.123779058456421, 79309.0
7.314723968505859, 79460.0
7.330121994018555, 79589.0
7.405026912689209, 79727.0
7.410802841186523, 79906.0
7.420422792434692, 80406.0
7.753022909164429, 80999.0
7.78161883354187, 81482.0
7.834344863891602, 82030.0
7.905901908874512, 82613.0
7.947277069091797, 82621.0
7.985566854476929, 83203.0
8.001857995986938, 83825.0
8.009482860565186, 84466.0
8.043827772140503, 84501.0
8.177229881286621, 84659.0
8.19729995727539, 84750.0
8.360718965530396, 84819.0
8.416729927062988, 85237.0
8.428506135940552, 85593.0
8.434407949447632, 86032.0
8.449111938476562, 86197.0
8.502931833267212, 86553.0
8.529392004013062, 86888.0
8.561745882034302, 87176.0
8.579386711120605, 87248.0
8.591144800186157, 87580.0
8.789875984191895, 87584.0
8.96369981765747, 88301.0
8.979291915893555, 88729.0
9.02507495880127, 89016.0
9.031908988952637, 89577.0
9.048496007919312, 90225.0
9.405893802642822, 90297.0
9.4147310256958, 90851.0
9.41766095161438, 91420.0
9.441022872924805, 91517.0
9.450757026672363, 92245.0
9.588099002838135, 92377.0
9.759414911270142, 92497.0
9.799335956573486, 92951.0
9.920078039169312, 93403.0
10.045694828033447, 93469.0
10.050575017929077, 93556.0
10.174171924591064, 93796.0
10.178092956542969, 93808.0
10.204387903213501, 94616.0
10.215107917785645, 95504.0
10.263844966888428, 96459.0
10.319527864456177, 96509.0
10.347813844680786, 96708.0
10.67489504814148, 97156.0
10.685590028762817, 97447.0
10.69046401977539, 98204.0
10.695334911346436, 98452.0
10.719615936279297, 98804.0
10.734221935272217, 98821.0
10.760437965393066, 99382.0
10.766271829605103, 99798.0
10.781798839569092, 100479.0
10.79926586151123, 100486.0
10.942184925079346, 100741.0
10.9460768699646, 101039.0
10.958730936050415, 101286.0
10.960685968399048, 101565.0
10.97333812713623, 101933.0
10.987936019897461, 102055.0
11.052936792373657, 102088.0
11.054897785186768, 102904.0
11.055893898010254, 103641.0
11.0695059299469, 104075.0
11.087013721466064, 104576.0
11.108374834060669, 104595.0
11.610930919647217, 104646.0
11.66224980354309, 104815.0
11.84865689277649, 105428.0
11.853607892990112, 105806.0
11.861536026000977, 105890.0
11.913930892944336, 106277.0
11.986777067184448, 106874.0
11.98778486251831, 107103.0
12.157169818878174, 107459.0
12.23994493484497, 107989.0
12.251763820648193, 108093.0
12.253782033920288, 108673.0
12.278423070907593, 109018.0
12.320992946624756, 109742.0
13.557178735733032, 110056.0
13.588178873062134, 110750.0
13.59497594833374, 111289.0
13.597896814346313, 111930.0
13.757765054702759, 112162.0
13.773262023925781, 112557.0
13.786840915679932, 112645.0
13.845305919647217, 113400.0
14.057123899459839, 113900.0
14.093904733657837, 114260.0
14.094886779785156, 114843.0
14.107445001602173, 115387.0
14.2826406955719, 115711.0
14.364053010940552, 115754.0
14.368956804275513, 116625.0
14.385395765304565, 116761.0
15.318240880966187, 116976.0
15.323107957839966, 117145.0
15.358871936798096, 117739.0
15.381117820739746, 118193.0
15.432239055633545, 118574.0
15.442847967147827, 119485.0
15.651930093765259, 119740.0
15.67690110206604, 119905.0
15.711458921432495, 120486.0
15.797989130020142, 120847.0
15.819417953491211, 120902.0
16.665497064590454, 121028.0
16.668365001678467, 121033.0
16.71114993095398, 121053.0
16.717822790145874, 121849.0
16.769317150115967, 121951.0
16.80563712120056, 122138.0
16.869532823562622, 122257.0
16.898146867752075, 122740.0
16.946659088134766, 122864.0
16.94762682914734, 123732.0
16.94954800605774, 124716.0
17.849738836288452, 125510.0
17.86400294303894, 125904.0
17.88115096092224, 126032.0
17.97139286994934, 126479.0
17.98185682296753, 126658.0
17.982828855514526, 127357.0
18.412677764892578, 127883.0
20.96146297454834, 128623.0
20.998694896697998, 128638.0
21.001654863357544, 129540.0
21.01539397239685, 130110.0
21.018341779708862, 130305.0
21.03989601135254, 130561.0
21.08886694908142, 130786.0
21.15839695930481, 130959.0
21.301389932632446, 131102.0
21.336949825286865, 131692.0
21.604825973510742, 132203.0
21.620423793792725, 132933.0
21.657423734664917, 133028.0
21.681730031967163, 133062.0
22.655518770217896, 133457.0
22.779883861541748, 133788.0
22.790553092956543, 134256.0
22.798290967941284, 134581.0
22.799271821975708, 135353.0
22.810136079788208, 135926.0
22.814039945602417, 136275.0
22.83726692199707, 137208.0
22.99294900894165, 137285.0
23.000698804855347, 137585.0
23.00168490409851, 137866.0
23.037476062774658, 138754.0
23.3292338848114, 138885.0
23.357260942459106, 139534.0
23.40751004219055, 139947.0
23.43358087539673, 140017.0
23.440353870391846, 140394.0
23.466529846191406, 141176.0
24.73180103302002, 141728.0
24.757064819335938, 142292.0
24.80563497543335, 142323.0
25.29365086555481, 142499.0
25.565354824066162, 142791.0
25.60497498512268, 142913.0
25.613680124282837, 143302.0
25.63689088821411, 143359.0
25.641743898391724, 143733.0
25.646597146987915, 144653.0
25.671717882156372, 144881.0
25.691075086593628, 145030.0
25.69594097137451, 145648.0
25.713336944580078, 146273.0
25.772332906723022, 146726.0
25.92624568939209, 147247.0
26.043132781982422, 147451.0
26.05959391593933, 148353.0
26.200879096984863, 148490.0
26.284275770187378, 149375.0
26.32128405570984, 149537.0
26.393867015838623, 149753.0
26.738205909729004, 150186.0
26.745174884796143, 150245.0
26.749145030975342, 151168.0
26.764060735702515, 151326.0
26.76803708076477, 151444.0
26.8108389377594, 152134.0
26.85353684425354, 152697.0
26.874412059783936, 152781.0
28.152294874191284, 152960.0
28.70959186553955, 152991.0
36.114341020584106, 153130.0
36.11627388000488, 153980.0
36.133556842803955, 154295.0
36.21217894554138, 154746.0
36.217954874038696, 155255.0
36.31418490409851, 155589.0
36.94009494781494, 156040.0
36.98995089530945, 156929.0
37.010066747665405, 157183.0
37.01486778259277, 157931.0
37.02160692214966, 158274.0
37.73898386955261, 158472.0
37.79067277908325, 158488.0
37.806150913238525, 158504.0
37.834938764572144, 158616.0
37.84738874435425, 159129.0
37.91154503822327, 159333.0
37.93472099304199, 159503.0
37.98353981971741, 159946.0
37.998849868774414, 160218.0
38.032283782958984, 160235.0
38.062872886657715, 160517.0
38.065757751464844, 160601.0
38.31377410888672, 161008.0
38.323389768600464, 161905.0
38.39428400993347, 162148.0
38.400999784469604, 162930.0
38.56259202957153, 163422.0
38.585585832595825, 163598.0
38.64876890182495, 163650.0
38.65261483192444, 164420.0
38.96716785430908, 164421.0
39.41565489768982, 164568.0
39.438693046569824, 165056.0
39.490301847457886, 165071.0
39.56108593940735, 165172.0
39.56683897972107, 165392.0
39.589855909347534, 165429.0
39.601343870162964, 166134.0
39.649240016937256, 166303.0
39.69036889076233, 166976.0
40.05515384674072, 167109.0
40.07807993888855, 167514.0
40.12675976753235, 167758.0
40.176437854766846, 167860.0
40.20797681808472, 168549.0
40.22137498855591, 169057.0
40.31822490692139, 169271.0
40.66068196296692, 169384.0
40.789807081222534, 169407.0
40.80716896057129, 169443.0
40.82351207733154, 169690.0
41.3495306968689, 170558.0
41.3600697517395, 171432.0
41.38019776344299, 171810.0
41.42413592338562, 171827.0
41.45755577087402, 172329.0
41.49958395957947, 172930.0
41.51870799064636, 173220.0
41.5254168510437, 173392.0
41.60182499885559, 174207.0
41.66300892829895, 174428.0
41.8600800037384, 174626.0
41.87924885749817, 174783.0
41.890753984451294, 174941.0
41.90317487716675, 175136.0
41.97195291519165, 175625.0
42.000612020492554, 175937.0
42.03215408325195, 176808.0
42.16883397102356, 176846.0
42.30943775177002, 177377.0
42.89438486099243, 177773.0
43.12913203239441, 177806.0
43.13602685928345, 178804.0
43.201077938079834, 178916.0
43.241243839263916, 179373.0
43.29908490180969, 179750.0
43.846622943878174, 179874.0
43.981244802474976, 180165.0
43.982239961624146, 180590.0
43.996776819229126, 180599.0
44.08586287498474, 181369.0
44.59419274330139, 181494.0
44.7680938243866, 181784.0
44.80976104736328, 182146.0
44.825281858444214, 182330.0
44.96827483177185, 182510.0
45.22140097618103, 182939.0
45.242652893066406, 183397.0
45.34951186180115, 183953.0
45.3600869178772, 184284.0
45.380293130874634, 185008.0
45.45908784866333, 185680.0
45.47255802154541, 186010.0
45.47353792190552, 186031.0
45.51013803482056, 186694.0
45.72179293632507, 187331.0
45.93716096878052, 187474.0
46.25768685340881, 187587.0
46.47333097457886, 188307.0
46.668293714523315, 188319.0
46.78447413444519, 188325.0
46.85672998428345, 188842.0
46.896177768707275, 189074.0
46.911571979522705, 189996.0
46.94714379310608, 190485.0
47.481066942214966, 191050.0
47.61374473571777, 191121.0
47.6704318523407, 191817.0
49.06338977813721, 192267.0
49.249804973602295, 193074.0
49.48589301109314, 193251.0
49.51496171951294, 193815.0
49.63194799423218, 194640.0
49.746127128601074, 194745.0
49.942707777023315, 195206.0
50.05004096031189, 195657.0
50.11770009994507, 196147.0
50.214415073394775, 196182.0
50.26258993148804, 197040.0
50.34277081489563, 197221.0
50.683160066604614, 197239.0
50.711066007614136, 197323.0
50.915329933166504, 197487.0
50.9778847694397, 197503.0
51.25620198249817, 197695.0
52.000431060791016, 197974.0
52.41906690597534, 198249.0
53.46836280822754, 198775.0
53.55266189575195, 198778.0
53.707793951034546, 199341.0
53.731048822402954, 200252.0
54.080153942108154, 200543.0
54.18376684188843, 200901.0
54.47435474395752, 201779.0
54.502448081970215, 202679.0
55.26548504829407, 202891.0
55.42048501968384, 203280.0
56.13295793533325, 203564.0
56.147501945495605, 203907.0
56.503982067108154, 204177.0
56.622031688690186, 204247.0
57.879817962646484, 204480.0
58.084588050842285, 204633.0
60.86442804336548, 204687.0
62.768136978149414, 204948.0
63.310616970062256, 204989.0
63.42452692985535, 205207.0
63.79252290725708, 205376.0
86.26084494590759, 205394.0
