0.518549919128418, 26487.0
0.8937311172485352, 26631.0
1.2649509906768799, 26679.0
1.634321928024292, 26862.0
2.0045979022979736, 27333.0
2.376193046569824, 27461.0
2.7481448650360107, 27598.0
3.118886947631836, 27766.0
3.493928909301758, 28129.0
3.888309955596924, 28129.0
4.26241397857666, 28298.0
4.63570499420166, 28741.0
5.012373924255371, 29098.0
5.398751974105835, 29098.0
5.777719020843506, 29230.0
6.152111053466797, 29431.0
6.524829864501953, 29512.0
6.899911880493164, 29512.0
7.273337125778198, 29747.0
7.64695405960083, 30156.0
8.020806789398193, 30156.0
8.394811868667603, 30288.0
8.770325899124146, 30288.0
9.143848896026611, 30556.0
9.517719030380249, 30601.0
9.891997814178467, 30694.0
10.26632285118103, 30926.0
10.640623092651367, 31011.0
11.018212080001831, 31324.0
11.39509916305542, 31734.0
11.772203922271729, 31734.0
12.148716926574707, 31734.0
12.524923086166382, 31734.0
12.90316891670227, 32049.0
13.280358076095581, 32049.0
13.657593011856079, 32173.0
14.035655975341797, 32173.0
14.41385793685913, 32324.0
14.792724847793579, 32324.0
15.171458959579468, 32406.0
15.549050092697144, 32415.0
15.931293964385986, 32415.0
16.314934015274048, 32609.0
16.69425678253174, 32943.0
17.075562000274658, 32943.0
17.454519033432007, 33198.0
17.837246894836426, 33198.0
18.220762014389038, 33198.0
18.60278296470642, 33300.0
18.988171100616455, 33330.0
19.372441053390503, 33865.0
19.754859924316406, 34004.0
20.139051914215088, 34004.0
20.52834415435791, 34006.0
20.916030883789062, 34132.0
21.29953098297119, 34132.0
21.683598041534424, 34215.0
22.065433979034424, 34215.0
22.44673800468445, 34317.0
22.828845977783203, 34335.0
23.214077949523926, 34357.0
23.602942943572998, 34474.0
23.987839937210083, 34582.0
24.370145082473755, 34814.0
24.752564907073975, 35168.0
25.136641025543213, 35168.0
25.519252061843872, 35168.0
25.9025719165802, 35168.0
26.285152912139893, 35168.0
26.66909909248352, 35168.0
27.057648181915283, 35215.0
27.441020965576172, 35414.0
27.824498891830444, 35414.0
28.208475828170776, 35416.0
28.59581995010376, 35569.0
28.97911810874939, 35569.0
29.363778114318848, 35588.0
29.747908115386963, 35766.0
30.13114595413208, 35766.0
30.515035152435303, 35780.0
30.89969778060913, 35780.0
31.285237073898315, 35869.0
31.66960620880127, 35869.0
32.05846285820007, 35869.0
32.443716049194336, 36096.0
32.82855701446533, 36096.0
33.214982986450195, 36096.0
33.60527801513672, 36096.0
33.9937641620636, 36096.0
34.38473296165466, 36096.0
34.77041411399841, 36105.0
35.156513929367065, 36185.0
35.54107689857483, 36185.0
35.92557096481323, 36287.0
36.30962610244751, 36287.0
36.69403386116028, 36287.0
37.07847499847412, 36384.0
37.46571588516235, 36434.0
37.85218787193298, 36610.0
38.23819017410278, 36610.0
38.62395119667053, 36610.0
39.00946497917175, 36723.0
39.396966218948364, 36723.0
39.78266000747681, 36723.0
40.16847109794617, 36723.0
40.554388999938965, 36797.0
40.94033885002136, 36797.0
41.328550815582275, 37040.0
41.71525502204895, 37040.0
42.101869106292725, 37040.0
42.48673415184021, 37166.0
42.87206506729126, 37227.0
43.25756096839905, 37227.0
43.64656901359558, 37227.0
44.03448700904846, 37368.0
44.42104697227478, 37441.0
44.80714201927185, 37441.0
45.193310022354126, 37441.0
45.58208107948303, 37528.0
45.9695839881897, 37528.0
46.35675096511841, 37671.0
46.747506856918335, 37671.0
47.134572982788086, 37671.0
47.52269887924194, 37671.0
47.91152620315552, 37671.0
48.30357599258423, 37671.0
48.690662145614624, 37671.0
49.07882595062256, 37713.0
49.46809101104736, 37799.0
49.85693001747131, 37799.0
50.2447988986969, 37822.0
50.63368082046509, 37849.0
51.02237319946289, 37849.0
51.412304162979126, 37849.0
51.802013874053955, 37849.0
52.192193031311035, 37862.0
52.581660985946655, 37913.0
52.9733989238739, 37939.0
53.362452030181885, 38094.0
53.75364708900452, 38094.0
54.143094062805176, 38094.0
54.53278589248657, 38094.0
54.923259019851685, 38094.0
55.31237816810608, 38374.0
55.703397035598755, 38374.0
56.0919668674469, 38374.0
56.48411798477173, 38389.0
56.876168966293335, 38406.0
57.26954102516174, 38406.0
57.660078048706055, 38406.0
58.048115968704224, 38638.0
58.439692974090576, 38638.0
58.83144402503967, 38638.0
59.21960711479187, 38745.0
59.614506006240845, 38745.0
60.00522994995117, 38745.0
60.398622035980225, 38745.0
60.78934907913208, 38745.0
61.18437910079956, 38745.0
61.58290195465088, 38745.0
61.978379011154175, 38745.0
62.369166135787964, 38801.0
62.760197162628174, 38801.0
63.15121603012085, 38801.0
63.54495406150818, 38801.0
63.93586301803589, 38804.0
64.33017110824585, 38822.0
64.7208161354065, 38822.0
65.11037421226501, 39028.0
65.50310802459717, 39028.0
65.8941810131073, 39028.0
66.28779006004333, 39028.0
66.68154120445251, 39028.0
67.07471799850464, 39091.0
67.46809005737305, 39091.0
67.86258721351624, 39214.0
68.25258278846741, 39214.0
68.64206004142761, 39253.0
69.03057312965393, 39253.0
69.42292594909668, 39253.0
69.81675791740417, 39253.0
70.20519709587097, 39313.0
70.5936930179596, 39313.0
70.98629593849182, 39313.0
71.37846612930298, 39313.0
71.77202415466309, 39313.0
72.16401696205139, 39313.0
72.5522689819336, 39313.0
72.94023704528809, 39313.0
73.32852983474731, 39313.0
73.71656703948975, 39313.0
74.10549807548523, 39313.0
74.49709486961365, 39377.0
74.88810801506042, 39377.0
75.27907085418701, 39404.0
75.66698694229126, 39463.0
76.05577397346497, 39472.0
76.44730591773987, 39472.0
76.83863592147827, 39481.0
77.2303159236908, 39506.0
77.61835289001465, 39506.0
