0.019272327423095703, 1319.0
0.035041093826293945, 1319.0
0.05061221122741699, 1319.0
0.06583499908447266, 1361.0
0.08104515075683594, 1422.0
0.0963582992553711, 1422.0
0.11163520812988281, 1480.0
0.12688827514648438, 1493.0
0.1422741413116455, 1526.0
0.15758109092712402, 1526.0
0.17291641235351562, 1526.0
0.18834519386291504, 1544.0
0.20418834686279297, 1571.0
0.21966838836669922, 1588.0
0.2351391315460205, 1588.0
0.2506260871887207, 1588.0
0.2661323547363281, 1588.0
0.28161120414733887, 1589.0
0.2971041202545166, 1589.0
0.3126351833343506, 1589.0
0.3281583786010742, 1589.0
0.3437221050262451, 1589.0
0.35923218727111816, 1589.0
0.3747713565826416, 1589.0
0.39032816886901855, 1589.0
0.4058341979980469, 1589.0
0.4213423728942871, 1589.0
0.4368901252746582, 1589.0
0.4525322914123535, 1589.0
0.4681262969970703, 1589.0
0.4841902256011963, 1589.0
0.5000660419464111, 1589.0
0.5160970687866211, 1589.0
0.5324370861053467, 1589.0
0.5484821796417236, 1589.0
0.5643970966339111, 1589.0
0.5803101062774658, 1589.0
0.5963001251220703, 1589.0
0.6122612953186035, 1589.0
0.6283411979675293, 1589.0
0.6450052261352539, 1589.0
0.6615452766418457, 1589.0
0.6779491901397705, 1589.0
0.693878173828125, 1589.0
0.7097222805023193, 1589.0
0.7255911827087402, 1589.0
0.7424681186676025, 1589.0
0.7585501670837402, 1589.0
0.7746131420135498, 1589.0
0.7906501293182373, 1589.0
0.8065412044525146, 1589.0
0.822472333908081, 1589.0
0.838433027267456, 1589.0
0.8545153141021729, 1589.0
0.8705270290374756, 1589.0
0.8867530822753906, 1589.0
0.9030561447143555, 1589.0
0.9195294380187988, 1589.0
0.9367401599884033, 1589.0
0.9538781642913818, 1589.0
0.9710071086883545, 1589.0
0.9876663684844971, 1589.0
1.0036921501159668, 1589.0
1.019956350326538, 1589.0
1.0360682010650635, 1589.0
1.0521001815795898, 1589.0
1.0679843425750732, 1589.0
1.0836491584777832, 1589.0
1.0993032455444336, 1589.0
1.1149611473083496, 1589.0
1.130561113357544, 1589.0
1.1461491584777832, 1589.0
1.1621522903442383, 1589.0
1.1783113479614258, 1589.0
1.194202184677124, 1589.0
1.2098631858825684, 1589.0
1.225478172302246, 1589.0
1.2410991191864014, 1589.0
1.2567741870880127, 1589.0
1.272496223449707, 1589.0
1.288128137588501, 1589.0
1.303760290145874, 1589.0
1.319338083267212, 1589.0
1.3350121974945068, 1589.0
1.3506031036376953, 1589.0
1.366286277770996, 1589.0
1.3818790912628174, 1589.0
1.3975322246551514, 1589.0
1.4130911827087402, 1589.0
1.4287152290344238, 1589.0
1.4443063735961914, 1589.0
1.4599201679229736, 1589.0
1.475487232208252, 1589.0
1.4910671710968018, 1589.0
1.5066301822662354, 1589.0
1.5222411155700684, 1589.0
1.5378150939941406, 1589.0
1.553396224975586, 1589.0
1.5689501762390137, 1589.0
1.584592342376709, 1589.0
1.6002161502838135, 1589.0
1.6158912181854248, 1589.0
1.6315481662750244, 1589.0
1.6478052139282227, 1589.0
1.6637470722198486, 1589.0
1.6797833442687988, 1589.0
1.696122169494629, 1589.0
1.7122020721435547, 1589.0
1.7284512519836426, 1589.0
1.7450323104858398, 1589.0
1.761308193206787, 1589.0
1.7773303985595703, 1589.0
1.7935912609100342, 1589.0
1.8103082180023193, 1589.0
1.8268401622772217, 1589.0
1.8433632850646973, 1589.0
1.8592932224273682, 1589.0
1.8752503395080566, 1589.0
1.891294240951538, 1589.0
1.9072630405426025, 1589.0
1.9231371879577637, 1589.0
1.9391040802001953, 1589.0
1.955005168914795, 1589.0
1.9709391593933105, 1589.0
1.9869163036346436, 1589.0
2.0029451847076416, 1589.0
2.019329071044922, 1589.0
2.035550355911255, 1589.0
2.0518603324890137, 1589.0
2.0682222843170166, 1589.0
2.084660291671753, 1589.0
2.1009600162506104, 1589.0
2.117305278778076, 1589.0
2.1335341930389404, 1589.0
2.1495461463928223, 1589.0
2.165156126022339, 1589.0
2.180739164352417, 1589.0
2.1963651180267334, 1589.0
2.2119433879852295, 1589.0
2.227553129196167, 1589.0
2.2431931495666504, 1589.0
2.2588512897491455, 1589.0
2.2744462490081787, 1589.0
2.290013313293457, 1589.0
2.3056483268737793, 1589.0
2.3211960792541504, 1589.0
2.3367621898651123, 1589.0
2.3523452281951904, 1589.0
2.367950201034546, 1589.0
2.383531093597412, 1589.0
2.3994932174682617, 1589.0
2.415285110473633, 1589.0
2.4309911727905273, 1589.0
2.446721076965332, 1589.0
2.462313413619995, 1589.0
2.4779322147369385, 1589.0
2.493565320968628, 1589.0
2.5098721981048584, 1589.0
2.5266661643981934, 1589.0
2.5428731441497803, 1589.0
2.5585391521453857, 1589.0
2.5743610858917236, 1589.0
2.5900752544403076, 1589.0
2.605708122253418, 1589.0
2.621356248855591, 1589.0
2.637059211730957, 1589.0
2.6529781818389893, 1589.0
2.6685781478881836, 1589.0
2.684201240539551, 1589.0
2.700031042098999, 1589.0
2.715696334838867, 1589.0
2.7314932346343994, 1589.0
2.747187376022339, 1589.0
2.762758255004883, 1589.0
2.7784111499786377, 1589.0
2.7940211296081543, 1589.0
2.809615135192871, 1589.0
2.8252851963043213, 1589.0
2.8408541679382324, 1589.0
2.8564562797546387, 1589.0
2.8720340728759766, 1589.0
2.887593984603882, 1589.0
2.9032540321350098, 1589.0
2.9188852310180664, 1589.0
2.9344823360443115, 1589.0
2.950061082839966, 1589.0
2.9656221866607666, 1589.0
2.981175184249878, 1589.0
2.9968440532684326, 1589.0
3.012596368789673, 1589.0
3.028200387954712, 1589.0
3.043797016143799, 1589.0
3.0593740940093994, 1589.0
3.074989080429077, 1589.0
3.0905630588531494, 1589.0
3.1065421104431152, 1589.0
3.122490167617798, 1589.0
3.138437271118164, 1589.0
3.1544203758239746, 1589.0
3.1704282760620117, 1589.0
3.1863901615142822, 1589.0
