0.5215561389923096, 36387.0
0.8939568996429443, 38954.0
1.2651081085205078, 42613.0
1.6352472305297852, 46836.0
2.009834051132202, 48039.0
2.3825550079345703, 53097.0
2.752690076828003, 55558.0
3.1231141090393066, 56117.0
3.496016025543213, 58999.0
3.8798420429229736, 62735.0
4.275682210922241, 66408.0
4.6634440422058105, 69522.0
5.047271013259888, 70643.0
5.457420110702515, 72035.0
5.872226238250732, 77678.0
6.269636869430542, 80967.0
6.64962100982666, 81573.0
7.027604103088379, 83280.0
7.403995990753174, 86645.0
7.782551050186157, 87005.0
8.16282606124878, 91661.0
8.539321899414062, 96183.0
8.916516065597534, 96183.0
9.293730020523071, 100289.0
9.672815084457397, 100289.0
10.051531076431274, 102897.0
10.429933071136475, 107456.0
10.809408187866211, 109688.0
11.188675165176392, 111902.0
11.569668292999268, 114966.0
11.950669050216675, 114966.0
12.331257820129395, 114966.0
12.711684942245483, 117305.0
13.0925772190094, 124865.0
13.472906112670898, 124865.0
13.855446100234985, 124865.0
14.240543127059937, 126539.0
14.622473955154419, 128772.0
15.00662112236023, 129246.0
15.39330005645752, 130254.0
15.779864072799683, 130254.0
16.164795875549316, 133221.0
16.549499034881592, 135275.0
16.935098886489868, 137233.0
17.324476957321167, 140701.0
17.710237979888916, 140701.0
18.097979068756104, 140701.0
18.48385214805603, 140701.0
18.874848127365112, 140701.0
19.26120400428772, 143125.0
19.647948026657104, 143898.0
20.04095220565796, 149528.0
20.429692029953003, 149528.0
20.822561025619507, 150610.0
21.211508989334106, 150610.0
21.600154161453247, 152371.0
21.990077018737793, 156002.0
22.38167929649353, 156002.0
22.770169258117676, 156002.0
23.15889811515808, 156461.0
23.547508001327515, 157551.0
23.938350200653076, 159497.0
24.32924222946167, 159504.0
24.71986413002014, 159504.0
25.111553192138672, 163452.0
25.504295110702515, 165328.0
25.904450178146362, 165328.0
26.299055099487305, 165328.0
26.690271139144897, 168188.0
27.081637859344482, 168188.0
27.479399919509888, 168188.0
27.877679109573364, 168188.0
28.28447699546814, 169498.0
28.680618047714233, 171127.0
29.07907199859619, 172427.0
29.476299047470093, 175680.0
29.883108139038086, 175680.0
30.29111909866333, 176377.0
30.694205045700073, 177724.0
31.102872133255005, 178677.0
31.51025414466858, 180304.0
31.90643620491028, 180304.0
32.303272008895874, 183591.0
32.69984412193298, 184286.0
33.09681797027588, 185758.0
33.492855072021484, 186747.0
33.88905096054077, 186747.0
34.28762197494507, 187285.0
34.68484306335449, 188401.0
35.08334803581238, 192506.0
35.53169894218445, 192985.0
35.93958806991577, 192985.0
36.3430871963501, 194793.0
36.75625514984131, 194793.0
37.17068815231323, 195881.0
37.58077692985535, 200725.0
37.99355602264404, 200725.0
38.3931782245636, 201122.0
38.79271602630615, 201122.0
39.19055795669556, 201687.0
39.58832597732544, 201687.0
39.98608899116516, 201687.0
40.385226011276245, 201687.0
40.78339695930481, 201687.0
41.18540120124817, 201687.0
41.584052085876465, 203406.0
41.982776165008545, 203556.0
42.384392976760864, 204068.0
42.78383016586304, 206431.0
43.18307685852051, 208040.0
43.58529210090637, 208040.0
43.984448194503784, 208040.0
44.38782000541687, 208040.0
44.79276919364929, 208040.0
45.19629693031311, 210302.0
45.59573817253113, 210302.0
46.01272106170654, 210387.0
46.4268319606781, 210888.0
46.835572957992554, 210888.0
47.23723602294922, 211264.0
47.641215085983276, 212926.0
48.04216504096985, 212995.0
48.444864988327026, 212995.0
48.860079288482666, 215165.0
49.26882314682007, 215165.0
49.69117021560669, 215165.0
50.098201274871826, 215165.0
50.50894498825073, 215915.0
50.91783809661865, 218048.0
51.321006059646606, 220880.0
51.723008155822754, 220880.0
52.12542796134949, 220880.0
52.53504705429077, 221037.0
52.94217801094055, 221037.0
53.3481822013855, 222894.0
53.75459313392639, 222894.0
54.1566960811615, 222894.0
54.561238050460815, 222894.0
54.96778202056885, 222894.0
55.3713481426239, 223650.0
55.77635312080383, 225282.0
56.18290424346924, 225282.0
56.59086489677429, 225282.0
56.993006229400635, 225282.0
57.3985641002655, 225282.0
57.80028295516968, 225282.0
58.206560134887695, 227113.0
58.61461400985718, 228849.0
59.02102208137512, 228849.0
59.423009157180786, 228849.0
59.82968306541443, 229006.0
60.231444120407104, 229643.0
60.6366081237793, 230428.0
61.046716928482056, 230428.0
61.45675802230835, 230539.0
61.863033056259155, 230539.0
62.27412796020508, 230539.0
62.68235802650452, 230539.0
63.08678412437439, 230991.0
63.48974323272705, 231480.0
63.89267897605896, 231480.0
64.29480409622192, 232380.0
64.70625519752502, 232380.0
65.11282896995544, 232425.0
65.52056908607483, 232425.0
65.92656207084656, 232425.0
66.33196020126343, 233347.0
66.73802495002747, 233347.0
67.14243006706238, 233347.0
67.54678297042847, 234725.0
67.95235800743103, 234725.0
68.35813522338867, 234838.0
68.76491904258728, 235417.0
69.16955184936523, 235417.0
69.57890510559082, 235920.0
69.99021816253662, 235920.0
70.39997816085815, 235920.0
70.8119261264801, 236799.0
71.2206449508667, 236799.0
71.62949514389038, 236799.0
72.0377631187439, 237312.0
72.45397615432739, 237312.0
72.86494398117065, 237312.0
73.27636218070984, 238139.0
73.68356728553772, 238139.0
74.10193800926208, 238415.0
74.51316618919373, 238517.0
74.92334318161011, 239803.0
75.33063817024231, 240415.0
75.74200987815857, 240415.0
76.16460919380188, 240415.0
76.58348393440247, 241077.0
76.99362015724182, 241077.0
77.40841102600098, 241297.0
77.82443714141846, 241297.0
78.23824906349182, 241297.0
78.6511161327362, 241444.0
79.06007504463196, 242209.0
79.46752429008484, 243089.0
79.88034200668335, 243089.0
80.28850793838501, 243089.0
