0.00012087821960449219, 1082.0
0.00012183189392089844, 2165.0
0.00012183189392089844, 3249.0
0.00012183189392089844, 4333.0
0.00012183189392089844, 5417.0
0.0001227855682373047, 6501.0
0.0001227855682373047, 7587.0
0.0001227855682373047, 8674.0
0.0001227855682373047, 9762.0
0.4929490089416504, 9894.0
0.4929511547088623, 9893.0
0.4929511547088623, 9892.0
0.4929518699645996, 9892.0
0.492952823638916, 9891.0
0.4929537773132324, 9890.0
0.49295496940612793, 9890.0
0.49295496940612793, 9889.0
0.49295592308044434, 9888.0
0.49295687675476074, 9888.0
0.49295687675476074, 9887.0
0.49295806884765625, 9886.0
0.49295902252197266, 9886.0
0.49295902252197266, 9885.0
0.49295997619628906, 9884.0
0.49296092987060547, 9884.0
0.492962121963501, 9883.0
0.4929628372192383, 9883.0
0.4929628372192383, 9882.0
0.4929637908935547, 9882.0
0.4929649829864502, 9882.0
0.4929659366607666, 9881.0
0.4929659366607666, 9881.0
0.492966890335083, 9881.0
0.492966890335083, 9880.0
0.4929678440093994, 9880.0
0.4929690361022949, 9879.0
0.4929690361022949, 9879.0
0.49296998977661133, 9879.0
0.49297094345092773, 9879.0
0.49297213554382324, 9878.0
0.49297285079956055, 9878.0
0.49297380447387695, 9878.0
0.49297475814819336, 9877.0
0.49297475814819336, 9877.0
0.49297595024108887, 9876.0
0.4929769039154053, 9876.0
0.4929769039154053, 9875.0
0.4929778575897217, 9873.0
0.4929790496826172, 9872.0
0.4929790496826172, 9872.0
0.4929800033569336, 9872.0
0.49298095703125, 9872.0
0.49298095703125, 9871.0
0.4929821491241455, 9871.0
0.4929831027984619, 9871.0
0.4929838180541992, 9871.0
0.4929838180541992, 9870.0
0.4929847717285156, 9870.0
0.49298596382141113, 9870.0
0.49298596382141113, 9869.0
0.49298691749572754, 9869.0
0.49298787117004395, 9867.0
0.49298787117004395, 9867.0
0.49298906326293945, 9867.0
0.49299001693725586, 9865.0
0.49299192428588867, 9865.0
0.4929931163787842, 9863.0
0.4929940700531006, 9863.0
