0.0004210472106933594, 302.0
0.0008358955383300781, 619.0
0.0012509822845458984, 728.0
0.001667022705078125, 1576.0
0.0020859241485595703, 2531.0
0.002501964569091797, 3474.0
0.0029180049896240234, 4426.0
0.0033440589904785156, 5372.0
0.003761768341064453, 5773.0
0.004190921783447266, 6770.0
0.004606962203979492, 6905.0
0.005021810531616211, 7093.0
0.0054378509521484375, 8074.0
0.00585484504699707, 8814.0
0.006270885467529297, 9905.0
0.006722927093505859, 10571.0
0.007144927978515625, 10972.0
0.007969856262207031, 11412.0
0.011267900466918945, 11529.0
0.015861988067626953, 11788.0
0.021409988403320312, 11903.0
0.04157590866088867, 12008.0
0.048161983489990234, 12113.0
0.14028191566467285, 12216.0
0.21723103523254395, 12302.0
0.22911882400512695, 12409.0
0.2890200614929199, 12493.0
0.2902388572692871, 12613.0
0.3570668697357178, 12621.0
0.3623349666595459, 12815.0
0.38948893547058105, 12895.0
0.4089620113372803, 13017.0
0.41300392150878906, 13096.0
0.4162559509277344, 13206.0
0.4303858280181885, 13284.0
0.43241381645202637, 13380.0
0.4340357780456543, 13598.0
0.4506819248199463, 13605.0
0.4603729248046875, 13610.0
0.46524572372436523, 13719.0
0.49922871589660645, 13838.0
0.5089387893676758, 13947.0
0.5109720230102539, 14025.0
0.512998104095459, 14177.0
0.5154380798339844, 14293.0
0.5166659355163574, 14394.0
0.5892798900604248, 14552.0
0.5905089378356934, 14685.0
0.5998349189758301, 14803.0
0.6204907894134521, 14999.0
0.6418118476867676, 15108.0
0.6539719104766846, 15118.0
0.7594449520111084, 15284.0
0.7630918025970459, 15419.0
0.7907509803771973, 15480.0
0.8011729717254639, 15514.0
0.8640880584716797, 15611.0
0.8687698841094971, 15705.0
0.8761358261108398, 15812.0
0.9305438995361328, 15818.0
0.9601399898529053, 15999.0
0.9634180068969727, 16117.0
0.9839658737182617, 16183.0
0.9938268661499023, 16199.0
1.0098869800567627, 16218.0
1.0230848789215088, 16311.0
1.0603559017181396, 16401.0
1.0677409172058105, 16465.0
1.070652723312378, 16600.0
1.0727038383483887, 16708.0
1.077631950378418, 16816.0
1.1068878173828125, 16918.0
1.203099012374878, 17018.0
1.3565669059753418, 17108.0
1.3753769397735596, 17158.0
1.379072904586792, 17302.0
1.3959310054779053, 17310.0
1.4340808391571045, 17417.0
1.5275418758392334, 17484.0
1.5750749111175537, 17590.0
1.6177048683166504, 17619.0
1.6467130184173584, 17712.0
1.661064863204956, 17809.0
1.6816070079803467, 17891.0
1.684884786605835, 18010.0
1.8039898872375488, 18117.0
1.8921871185302734, 18126.0
1.8978688716888428, 18141.0
1.9003307819366455, 18263.0
1.9145607948303223, 18414.0
1.972249984741211, 18419.0
1.9938290119171143, 18500.0
2.013364791870117, 18613.0
2.1408350467681885, 18618.0
2.2123918533325195, 18714.0
2.2951128482818604, 18716.0
2.3203399181365967, 18752.0
2.3268558979034424, 18754.0
2.5736260414123535, 18803.0
2.5756609439849854, 18904.0
2.580584764480591, 18968.0
2.5923869609832764, 19101.0
2.594432830810547, 19204.0
2.6677658557891846, 19283.0
2.6750829219818115, 19310.0
2.824208974838257, 19408.0
2.8634729385375977, 19415.0
2.875736951828003, 19505.0
2.87902569770813, 19547.0
2.9010169506073, 19616.0
2.926316022872925, 19665.0
2.945830821990967, 19735.0
2.94911789894104, 19819.0
2.9572699069976807, 19831.0
2.96423602104187, 19910.0
2.973623037338257, 19990.0
2.9752538204193115, 20091.0
3.0142178535461426, 20191.0
3.022366762161255, 20281.0
4.2644829750061035, 20315.0
4.396255970001221, 20386.0
4.402989864349365, 20410.0
4.418912887573242, 20552.0
4.419336795806885, 20672.0
4.455419063568115, 20775.0
4.470096111297607, 20838.0
4.483077049255371, 21011.0
4.909060001373291, 21018.0
5.145681858062744, 21107.0
5.161203861236572, 21180.0
5.162425994873047, 21315.0
5.243420124053955, 21384.0
5.244239091873169, 21493.0
5.2975568771362305, 21505.0
5.46399998664856, 21559.0
5.644783973693848, 21597.0
5.741020917892456, 21616.0
18.377558946609497, 21689.0
18.380371809005737, 21806.0
19.070488929748535, 21814.0
19.083638906478882, 21901.0
19.156625747680664, 21914.0
19.166998863220215, 21983.0
19.177368879318237, 22102.0
20.619507789611816, 22212.0
20.656209707260132, 22319.0
20.714870929718018, 22399.0
22.272742748260498, 22508.0
23.113181829452515, 22515.0
24.246028900146484, 22615.0
24.307694911956787, 22716.0
24.59109902381897, 22817.0
24.844752073287964, 22919.0
26.535290956497192, 23017.0
