0.00021600723266601562, 628.0
0.0004260540008544922, 1459.0
0.0006361007690429688, 2200.0
0.0008471012115478516, 2403.0
0.0010569095611572266, 2893.0
0.001271963119506836, 3945.0
0.001486063003540039, 4258.0
0.0016980171203613281, 4611.0
0.00232696533203125, 5062.0
0.004444122314453125, 5245.0
0.0051250457763671875, 5246.0
0.009390115737915039, 5247.0
0.03954505920410156, 5303.0
0.15509700775146484, 5323.0
0.1565401554107666, 5430.0
0.15920400619506836, 5484.0
0.16085505485534668, 5485.0
0.1784801483154297, 5519.0
0.181549072265625, 5520.0
0.2359011173248291, 5648.0
0.24165701866149902, 5703.0
0.24946188926696777, 5820.0
0.9654650688171387, 5934.0
1.0187981128692627, 5999.0
1.0684561729431152, 6016.0
1.135451078414917, 6047.0
5.973096132278442, 6108.0
6.942602872848511, 6115.0
6.952376127243042, 6116.0
6.963274002075195, 6238.0
6.9681010246276855, 6277.0
7.022984266281128, 6285.0
7.0311970710754395, 6352.0
9.557843923568726, 6361.0
9.571524143218994, 6444.0
9.674623012542725, 6500.0
9.681740045547485, 6501.0
9.69359302520752, 6515.0
11.230727195739746, 6551.0
11.25052785873413, 6563.0
12.535056114196777, 6569.0
12.543200016021729, 6570.0
12.552769899368286, 6644.0
12.713788032531738, 6724.0
12.85592007637024, 6788.0
12.858779191970825, 6789.0
12.889815092086792, 6795.0
12.912653923034668, 6917.0
12.915885925292969, 6948.0
12.942677021026611, 6971.0
14.646650075912476, 6991.0
14.767400979995728, 7001.0
14.826797008514404, 7005.0
14.835186243057251, 7016.0
14.902498960494995, 7017.0
14.91227412223816, 7158.0
14.914321184158325, 7159.0
14.914949178695679, 7160.0
14.944483041763306, 7178.0
14.95425820350647, 7179.0
15.008339166641235, 7184.0
15.053533792495728, 7201.0
15.099544048309326, 7202.0
15.542639017105103, 7206.0
15.581351041793823, 7259.0
15.624043941497803, 7326.0
15.88902497291565, 7347.0
16.010174989700317, 7403.0
16.422290086746216, 7455.0
16.725978136062622, 7491.0
