0.00010800361633300781, 664.0
0.0002129077911376953, 709.0
0.00031685829162597656, 1137.0
0.0006237030029296875, 1655.0
0.002552032470703125, 1783.0
0.002856731414794922, 2553.0
0.0066070556640625, 3219.0
0.007555961608886719, 3869.0
0.007772922515869141, 4299.0
0.007990837097167969, 4471.0
0.00889277458190918, 5360.0
0.009670734405517578, 6271.0
0.009988784790039062, 6574.0
0.012149810791015625, 7505.0
0.021484851837158203, 7820.0
0.023923873901367188, 7906.0
0.033537864685058594, 8152.0
0.03931999206542969, 8598.0
0.043395042419433594, 8727.0
0.062306880950927734, 9497.0
0.06241488456726074, 9521.0
0.06398892402648926, 9803.0
0.06420087814331055, 10691.0
0.06483292579650879, 11482.0
0.21695780754089355, 11603.0
0.23055100440979004, 11909.0
0.23065781593322754, 12907.0
0.23420190811157227, 13102.0
0.2371368408203125, 13183.0
0.24591398239135742, 13288.0
0.38577890396118164, 13458.0
0.3874537944793701, 13555.0
0.38787198066711426, 13890.0
0.3965339660644531, 14321.0
0.4004027843475342, 14889.0
0.40523386001586914, 15203.0
0.41704797744750977, 15279.0
0.4183957576751709, 15358.0
0.4206888675689697, 15748.0
0.4378039836883545, 15940.0
0.438539981842041, 16448.0
0.44158482551574707, 16574.0
0.44179487228393555, 17143.0
0.4426248073577881, 17344.0
0.44408702850341797, 17357.0
0.44471287727355957, 18231.0
0.8885917663574219, 18335.0
2.0763046741485596, 18340.0
2.0769217014312744, 18531.0
2.0774388313293457, 18545.0
2.0812318325042725, 18939.0
2.0813369750976562, 19580.0
2.082458734512329, 19667.0
2.0850207805633545, 19902.0
2.5013909339904785, 19967.0
2.5074076652526855, 20196.0
2.507938861846924, 20406.0
2.517040729522705, 20982.0
3.38916277885437, 21544.0
3.4825897216796875, 21799.0
4.506015777587891, 22177.0
4.518903970718384, 23016.0
4.519519805908203, 23473.0
4.573386907577515, 23952.0
4.591977834701538, 24533.0
4.595409870147705, 24661.0
4.6192307472229, 24986.0
4.875695705413818, 25088.0
4.884149789810181, 25531.0
4.899369955062866, 25628.0
4.90768575668335, 25741.0
5.035047769546509, 25766.0
5.068047046661377, 25790.0
