1.0500261783599854, 51947.0
1.7948932647705078, 52458.0
2.532076120376587, 53094.0
3.2780520915985107, 53094.0
4.023726940155029, 53684.0
4.7852208614349365, 53837.0
5.531645059585571, 54466.0
6.286855936050415, 55130.0
7.039674997329712, 55130.0
7.786771059036255, 55229.0
8.528937101364136, 55403.0
9.276741981506348, 55686.0
10.023668050765991, 56061.0
10.766173124313354, 56279.0
11.520577192306519, 56279.0
12.262968063354492, 56777.0
13.02008605003357, 56927.0
13.77061414718628, 57147.0
14.519947052001953, 57425.0
15.26717495918274, 57425.0
16.022348165512085, 58205.0
16.779060125350952, 58205.0
17.540961027145386, 58205.0
18.29735517501831, 58205.0
19.050194025039673, 58607.0
19.801296949386597, 58719.0
20.54965305328369, 58827.0
21.30069613456726, 59119.0
22.054144144058228, 59412.0
22.805511951446533, 59480.0
23.555597066879272, 59700.0
24.30505919456482, 59846.0
25.060726165771484, 60317.0
25.820111989974976, 60317.0
26.576406002044678, 60325.0
27.33003306388855, 60665.0
28.082736015319824, 60665.0
28.844110250473022, 60716.0
29.60086417198181, 60992.0
30.363399982452393, 60992.0
31.125520944595337, 61265.0
31.894196033477783, 61265.0
32.64964318275452, 61417.0
33.40657114982605, 61456.0
34.16332507133484, 61456.0
34.917333126068115, 61895.0
35.6832320690155, 61895.0
36.438759088516235, 62191.0
37.20073914527893, 62407.0
37.95494604110718, 62407.0
38.71371293067932, 62601.0
39.46825098991394, 62601.0
40.22586917877197, 62677.0
40.988956928253174, 62827.0
41.74670219421387, 62835.0
42.50130105018616, 63772.0
43.26614713668823, 63772.0
44.03035116195679, 64328.0
44.79250121116638, 64408.0
45.55461001396179, 64408.0
46.31885814666748, 64408.0
47.08296608924866, 64408.0
47.850388050079346, 64408.0
48.614651918411255, 64583.0
49.38007712364197, 64583.0
50.148152112960815, 64674.0
50.90504503250122, 65295.0
51.672728061676025, 65295.0
52.42957401275635, 65295.0
53.19389605522156, 65295.0
53.958659172058105, 65295.0
54.725518226623535, 65295.0
55.48382115364075, 65295.0
56.24808096885681, 65295.0
57.01538896560669, 65295.0
57.78641414642334, 65295.0
58.55534815788269, 65295.0
59.327022075653076, 65420.0
60.0999870300293, 65420.0
60.8718159198761, 65420.0
61.63543510437012, 65479.0
62.4034640789032, 65479.0
63.16913914680481, 65595.0
63.93407392501831, 65724.0
64.69810223579407, 65724.0
65.4642231464386, 65769.0
66.22801899909973, 66295.0
66.99022126197815, 66295.0
67.75096607208252, 66295.0
68.51232695579529, 66295.0
69.27519798278809, 66507.0
70.04586601257324, 66507.0
70.80916786193848, 67057.0
71.57061314582825, 67057.0
72.3329381942749, 67057.0
73.09928607940674, 67057.0
73.86365818977356, 67057.0
74.63000512123108, 67057.0
75.39314699172974, 67057.0
76.15562415122986, 67074.0
76.9171359539032, 67125.0
77.68215608596802, 67424.0
78.45073914527893, 67424.0
79.22004795074463, 67424.0
79.98928213119507, 67654.0
80.7581090927124, 67798.0
81.53251528739929, 67798.0
82.30789995193481, 67892.0
83.07187700271606, 67892.0
83.84534215927124, 67892.0
84.61534595489502, 68128.0
85.38362503051758, 68128.0
86.1572790145874, 68264.0
86.93256616592407, 68264.0
87.70779514312744, 68264.0
88.4733681678772, 68378.0
89.2364730834961, 68378.0
89.99862623214722, 68378.0
90.76286220550537, 68484.0
91.53857898712158, 68641.0
92.30488109588623, 68641.0
93.0820140838623, 68641.0
93.85507202148438, 68991.0
94.62622284889221, 68991.0
95.40227794647217, 69299.0
96.16728401184082, 69299.0
96.94271898269653, 69299.0
97.71584224700928, 69299.0
98.48021006584167, 69299.0
99.24627113342285, 69299.0
100.0101089477539, 69311.0
100.77687001228333, 69311.0
101.5542459487915, 69595.0
102.3297119140625, 69595.0
103.10872316360474, 69595.0
103.88065695762634, 69677.0
104.65776014328003, 69677.0
105.43349099159241, 69677.0
106.22088098526001, 69677.0
107.0041139125824, 69677.0
107.78335309028625, 69677.0
108.56224012374878, 70009.0
109.34334897994995, 70009.0
110.11863398551941, 70009.0
110.89953804016113, 70009.0
111.676509141922, 70144.0
112.45440602302551, 70274.0
113.23388028144836, 70274.0
114.00969099998474, 70274.0
114.7863130569458, 70274.0
115.57332730293274, 70369.0
116.35667014122009, 70369.0
117.13926100730896, 70369.0
117.92236399650574, 70595.0
118.7066171169281, 70644.0
119.48960423469543, 70940.0
120.2735550403595, 71043.0
121.05674195289612, 71043.0
121.83735418319702, 71043.0
122.61621522903442, 71043.0
123.39877200126648, 71043.0
124.18164992332458, 71043.0
124.96257901191711, 71043.0
125.73436117172241, 71153.0
126.50399494171143, 71153.0
127.27517294883728, 71208.0
128.04568719863892, 71208.0
128.8171730041504, 71208.0
129.5984001159668, 71497.0
130.37920212745667, 71531.0
131.16258597373962, 71531.0
131.9339861869812, 71531.0
132.70469212532043, 71531.0
133.48763918876648, 71531.0
134.26439809799194, 71931.0
135.04013919830322, 71931.0
135.81696605682373, 71931.0
136.58404421806335, 71931.0
137.35200810432434, 71931.0
138.1270899772644, 72284.0
138.90529799461365, 72284.0
139.68322205543518, 72284.0
140.46050310134888, 72750.0
141.2385630607605, 72750.0
142.00738525390625, 72750.0
142.77723813056946, 72750.0
143.55638813972473, 72750.0
144.3390862941742, 72750.0
145.12292504310608, 72750.0
145.89785408973694, 72750.0
146.67166209220886, 72778.0
147.44855093955994, 72778.0
148.22234201431274, 72826.0
148.99623918533325, 72826.0
149.78334712982178, 72826.0
150.557471036911, 72826.0
151.33187198638916, 72826.0
152.10957503318787, 72826.0
152.88223123550415, 72872.0
153.6567780971527, 72982.0
154.4351761341095, 72982.0
