168.29126596450806, 202.0
168.291268825531, 202.0
168.29126977920532, 201.0
168.29127097129822, 201.0
168.29127287864685, 201.0
168.29127502441406, 201.0
168.29127597808838, 201.0
168.2912769317627, 201.0
168.29127883911133, 201.0
168.29127979278564, 201.0
168.29128074645996, 200.0
168.29128289222717, 200.0
168.2912838459015, 200.0
168.29128503799438, 200.0
168.2912859916687, 200.0
168.29128694534302, 200.0
168.29129076004028, 200.0
168.2912929058075, 200.0
168.2912938594818, 200.0
168.29129481315613, 200.0
168.29129791259766, 200.0
168.29129886627197, 199.0
168.2913007736206, 199.0
168.29130172729492, 199.0
168.29130482673645, 199.0
168.29130697250366, 199.0
168.29130911827087, 199.0
168.2913098335266, 199.0
168.29131078720093, 199.0
168.29131174087524, 198.0
168.29131293296814, 198.0
168.29131388664246, 198.0
168.2913179397583, 198.0
168.29131889343262, 198.0
168.29131984710693, 198.0
168.29132080078125, 198.0
168.29132294654846, 198.0
168.29132390022278, 198.0
168.2913248538971, 198.0
168.2913269996643, 198.0
168.2913327217102, 197.0
168.29133486747742, 197.0
168.29133582115173, 197.0
168.29133701324463, 197.0
168.29133796691895, 197.0
168.29133892059326, 197.0
168.29134106636047, 197.0
168.29134106636047, 197.0
168.29134273529053, 197.0
168.29134392738342, 197.0
168.29134488105774, 197.0
168.29134583473206, 197.0
168.29135274887085, 196.0
168.2913568019867, 196.0
168.29136490821838, 196.0
168.29136681556702, 196.0
168.2913737297058, 196.0
168.29137468338013, 196.0
168.29137587547302, 195.0
168.29137682914734, 195.0
168.29137778282166, 195.0
168.29138088226318, 195.0
168.29138469696045, 195.0
168.2913899421692, 195.0
168.29141497612, 195.0
168.29141879081726, 195.0
168.29142093658447, 194.0
168.29142594337463, 194.0
168.29142880439758, 194.0
168.2914319038391, 194.0
168.29143500328064, 194.0
168.2914378643036, 194.0
168.29144096374512, 194.0
168.29144382476807, 194.0
168.2914469242096, 194.0
168.29144978523254, 194.0
168.29145693778992, 194.0
168.2914628982544, 194.0
168.29146695137024, 193.0
168.29147601127625, 193.0
168.2914788722992, 193.0
168.29148173332214, 193.0
168.291485786438, 193.0
168.29148888587952, 193.0
168.2915017604828, 193.0
168.29150485992432, 193.0
168.29150795936584, 193.0
168.29151105880737, 192.0
168.29151391983032, 192.0
168.29151892662048, 192.0
168.291522026062, 192.0
168.29152488708496, 192.0
168.2915289402008, 192.0
168.29153776168823, 192.0
168.29154086112976, 191.0
168.29154467582703, 191.0
168.29154682159424, 191.0
168.29154992103577, 191.0
168.2915530204773, 191.0
168.29155588150024, 191.0
168.2915599346161, 191.0
168.29156303405762, 191.0
168.29156684875488, 191.0
168.2915699481964, 191.0
168.29157781600952, 191.0
168.29158282279968, 191.0
168.29158687591553, 190.0
168.29158973693848, 190.0
168.29160284996033, 190.0
168.29160499572754, 190.0
168.29160809516907, 190.0
168.29161190986633, 190.0
168.29161500930786, 190.0
168.2916181087494, 189.0
168.29162073135376, 189.0
168.2916238307953, 189.0
168.29162693023682, 189.0
168.29163074493408, 189.0
168.2916328907013, 189.0
168.29163599014282, 189.0
168.29163908958435, 189.0
168.29164290428162, 189.0
168.29164600372314, 189.0
168.2916488647461, 189.0
168.29165172576904, 189.0
168.2916600704193, 189.0
168.29166173934937, 189.0
168.2916657924652, 188.0
168.29167103767395, 188.0
168.2916738986969, 188.0
168.29167675971985, 188.0
168.29168105125427, 188.0
168.29168272018433, 188.0
168.29168581962585, 188.0
168.2916898727417, 188.0
168.29169297218323, 188.0
168.29169583320618, 188.0
168.2916979789734, 187.0
168.29170083999634, 187.0
168.2917037010193, 187.0
168.29170680046082, 187.0
168.29170989990234, 187.0
168.29171204566956, 187.0
168.2917139530182, 186.0
168.29171681404114, 186.0
168.29172086715698, 186.0
168.2917239665985, 186.0
168.29172682762146, 186.0
168.291729927063, 186.0
168.29173183441162, 186.0
168.29173493385315, 186.0
168.2917377948761, 186.0
168.29174089431763, 186.0
168.29174399375916, 186.0
168.2917459011078, 186.0
168.29174780845642, 186.0
168.29175186157227, 186.0
168.2917549610138, 186.0
168.29175877571106, 186.0
168.2917618751526, 186.0
168.29176497459412, 185.0
168.29176783561707, 185.0
168.2917709350586, 185.0
168.29177379608154, 185.0
168.29177689552307, 185.0
168.29177975654602, 185.0
168.29178285598755, 185.0
168.29178595542908, 185.0
168.2917890548706, 185.0
168.29179191589355, 185.0
168.2917959690094, 185.0
168.29179906845093, 184.0
168.2918016910553, 184.0
168.29180479049683, 184.0
168.29180788993835, 184.0
168.2918107509613, 184.0
168.29181599617004, 184.0
168.291818857193, 184.0
168.2918210029602, 184.0
168.29182386398315, 184.0
168.291827917099, 183.0
168.29183101654053, 183.0
168.2918357849121, 183.0
168.29183888435364, 183.0
168.29184579849243, 183.0
168.29184889793396, 183.0
168.2918519973755, 183.0
168.29185485839844, 183.0
168.29185795783997, 183.0
168.2918610572815, 182.0
168.29186487197876, 182.0
168.2918679714203, 182.0
168.29187083244324, 182.0
168.29187774658203, 182.0
168.29188084602356, 182.0
168.2918839454651, 182.0
168.29188680648804, 182.0
168.29188895225525, 182.0
168.2918930053711, 181.0
168.29189491271973, 181.0
168.29189777374268, 181.0
168.29190182685852, 181.0
168.291907787323, 181.0
168.29191088676453, 181.0
168.29191398620605, 181.0
168.29191708564758, 181.0
168.29191970825195, 180.0
168.29192399978638, 180.0
168.29192805290222, 180.0
168.29192972183228, 180.0
168.2919328212738, 180.0
168.29193592071533, 180.0
168.29193878173828, 180.0
168.2919418811798, 180.0
168.29194593429565, 180.0
168.29194808006287, 180.0
168.29195070266724, 180.0
168.29195380210876, 180.0
168.2919569015503, 180.0
168.29195976257324, 179.0
168.2919638156891, 179.0
168.2919659614563, 179.0
168.29196906089783, 179.0
168.2919716835022, 178.0
168.29197478294373, 178.0
168.29197788238525, 178.0
168.29198169708252, 178.0
168.29198384284973, 178.0
168.29198694229126, 178.0
168.2919888496399, 178.0
168.29199266433716, 178.0
168.29199481010437, 177.0
168.2919979095459, 177.0
168.29200387001038, 177.0
168.292005777359, 177.0
168.29200983047485, 177.0
168.29201197624207, 177.0
168.29201579093933, 177.0
168.29201793670654, 177.0
168.29202103614807, 176.0
168.29202485084534, 176.0
168.29202795028687, 176.0
168.2920298576355, 176.0
168.29203295707703, 176.0
168.29203486442566, 176.0
168.2920377254486, 176.0
168.29204201698303, 176.0
168.29204511642456, 176.0
168.29204678535461, 175.0
168.29204988479614, 175.0
168.29205298423767, 175.0
168.2920560836792, 175.0
168.29205894470215, 175.0
168.2920639514923, 175.0
168.29206681251526, 175.0
168.2920699119568, 175.0
168.29207181930542, 175.0
168.29207491874695, 175.0
168.2920777797699, 175.0
168.29208087921143, 175.0
168.2920858860016, 174.0
168.29208779335022, 174.0
168.29209089279175, 174.0
168.29209399223328, 174.0
168.2920970916748, 174.0
168.29209876060486, 174.0
168.2921018600464, 174.0
168.29210495948792, 174.0
168.29210901260376, 173.0
168.2921106815338, 173.0
168.29211378097534, 173.0
168.29211497306824, 173.0
168.29211807250977, 173.0
168.29212069511414, 173.0
168.29212379455566, 173.0
168.2921268939972, 173.0
168.29212999343872, 173.0
168.29213690757751, 173.0
168.29214000701904, 173.0
168.292142868042, 173.0
168.29214477539062, 173.0
168.29214882850647, 172.0
168.29215168952942, 172.0
168.29215478897095, 172.0
168.29215788841248, 172.0
168.292160987854, 172.0
168.29216384887695, 172.0
168.29216694831848, 172.0
168.29217195510864, 172.0
168.29217386245728, 172.0
168.29217791557312, 172.0
168.29217982292175, 172.0
168.2921848297119, 171.0
168.29218792915344, 171.0
168.29219889640808, 171.0
168.2922019958496, 171.0
168.29220509529114, 171.0
168.29221081733704, 171.0
168.29221391677856, 171.0
168.2922167778015, 171.0
168.29221987724304, 171.0
168.29222297668457, 170.0
168.2922260761261, 170.0
168.292231798172, 170.0
168.29223775863647, 170.0
168.29224491119385, 170.0
168.29224705696106, 170.0
168.292249917984, 170.0
168.29225277900696, 170.0
168.29225707054138, 169.0
168.29225969314575, 169.0
168.29226398468018, 169.0
168.2922658920288, 169.0
168.29226899147034, 169.0
168.2922718524933, 169.0
168.29227495193481, 169.0
168.29227805137634, 169.0
168.29228281974792, 169.0
168.29228687286377, 168.0
168.2922899723053, 168.0
168.29229283332825, 168.0
168.29229593276978, 168.0
168.29230189323425, 168.0
168.2923047542572, 168.0
168.2923069000244, 168.0
168.29231095314026, 168.0
168.2923219203949, 168.0
168.29232573509216, 168.0
168.2923288345337, 167.0
168.2923309803009, 167.0
168.29233694076538, 167.0
168.29233980178833, 167.0
168.29234385490417, 167.0
168.2923457622528, 167.0
168.29234886169434, 167.0
168.29235196113586, 166.0
168.2923548221588, 166.0
168.29235672950745, 166.0
168.29236102104187, 166.0
168.2923629283905, 166.0
168.29236674308777, 166.0
168.29236888885498, 166.0
168.29237294197083, 166.0
168.29237508773804, 166.0
168.2923789024353, 166.0
168.29238605499268, 166.0
168.29239177703857, 166.0
168.2923948764801, 165.0
168.29239869117737, 165.0
168.2924017906189, 164.0
168.29240489006042, 164.0
168.29240775108337, 164.0
168.2924108505249, 164.0
168.29241394996643, 164.0
168.29241704940796, 164.0
168.29242277145386, 164.0
168.29242706298828, 164.0
168.29243087768555, 163.0
168.29243278503418, 163.0
168.2924358844757, 163.0
168.29243993759155, 163.0
168.2924427986145, 163.0
168.2924449443817, 163.0
168.29244804382324, 163.0
168.29245495796204, 163.0
168.29245686531067, 163.0
168.29245901107788, 162.0
168.2924609184265, 162.0
168.29246282577515, 162.0
168.29246473312378, 162.0
168.292466878891, 162.0
168.2924690246582, 162.0
168.29247093200684, 162.0
168.2924768924713, 161.0
168.29247784614563, 161.0
168.2924828529358, 161.0
168.29248595237732, 161.0
168.29248690605164, 161.0
168.29248881340027, 161.0
168.2924919128418, 161.0
168.29249572753906, 161.0
168.29249787330627, 161.0
168.2925000190735, 161.0
168.29250192642212, 161.0
168.29250407218933, 161.0
168.29250574111938, 161.0
168.2925078868866, 161.0
168.29250979423523, 161.0
168.29251194000244, 161.0
168.29251408576965, 161.0
168.2925157546997, 161.0
168.29252195358276, 160.0
168.29252409934998, 160.0
168.29252576828003, 160.0
168.29253387451172, 160.0
168.29253578186035, 160.0
168.29253768920898, 160.0
168.2925398349762, 160.0
168.2925419807434, 159.0
168.29254508018494, 159.0
168.292546749115, 159.0
168.2925488948822, 159.0
168.29255080223083, 159.0
168.29255294799805, 159.0
168.29255485534668, 159.0
168.29255771636963, 159.0
168.29255986213684, 159.0
168.29256176948547, 159.0
168.29256296157837, 159.0
168.292564868927, 158.0
168.29256796836853, 158.0
168.29256987571716, 158.0
168.2925717830658, 158.0
168.29257488250732, 158.0
168.29257702827454, 158.0
168.29257988929749, 158.0
168.29258179664612, 158.0
168.29258394241333, 158.0
168.29258584976196, 158.0
168.29258799552917, 158.0
168.29258966445923, 157.0
168.29259276390076, 157.0
168.29259490966797, 157.0
168.29259705543518, 157.0
168.2925989627838, 157.0
168.29260087013245, 157.0
168.29260277748108, 156.0
168.2926049232483, 156.0
168.29260683059692, 156.0
168.29260897636414, 156.0
168.29261088371277, 156.0
168.29261803627014, 156.0
168.29261994361877, 156.0
168.2926218509674, 156.0
168.29262375831604, 156.0
168.2926299571991, 156.0
168.2926321029663, 156.0
168.29263377189636, 156.0
168.29263591766357, 155.0
168.2926368713379, 155.0
168.2926390171051, 155.0
168.29264092445374, 155.0
168.29264283180237, 155.0
168.2926468849182, 155.0
168.29264879226685, 155.0
168.29265093803406, 155.0
168.29265785217285, 155.0
168.29265999794006, 155.0
168.2926619052887, 155.0
168.29266476631165, 155.0
168.29266691207886, 155.0
168.29267001152039, 154.0
168.2926709651947, 154.0
168.29267191886902, 154.0
168.29267477989197, 154.0
168.29267978668213, 154.0
168.29268288612366, 154.0
168.29268407821655, 154.0
168.29268670082092, 154.0
168.29268884658813, 154.0
168.29269099235535, 153.0
168.29269289970398, 153.0
168.29269671440125, 153.0
168.29269981384277, 153.0
168.2927007675171, 153.0
168.29270386695862, 153.0
168.29270672798157, 153.0
168.33697295188904, 153.0
168.33697891235352, 152.0
168.33698296546936, 152.0
168.3369858264923, 152.0
168.33698892593384, 152.0
168.33699297904968, 152.0
168.33699584007263, 152.0
168.33699893951416, 152.0
168.3370008468628, 152.0
168.33700489997864, 152.0
168.33700680732727, 152.0
168.33701086044312, 152.0
168.33701395988464, 151.0
168.33702087402344, 151.0
168.33702397346497, 151.0
168.33702683448792, 151.0
168.33703088760376, 151.0
168.3370327949524, 151.0
168.33703780174255, 151.0
168.3370397090912, 151.0
168.3370440006256, 151.0
168.33704710006714, 151.0
168.33705401420593, 151.0
168.33705806732178, 151.0
168.33706092834473, 150.0
168.33706378936768, 150.0
168.33706974983215, 150.0
168.337073802948, 150.0
168.3370759487152, 150.0
168.33707976341248, 150.0
168.33708596229553, 150.0
168.33709168434143, 150.0
168.33709478378296, 150.0
168.3370978832245, 150.0
168.33710169792175, 150.0
168.3371078968048, 150.0
168.33711099624634, 150.0
168.3371138572693, 150.0
168.33711695671082, 149.0
168.33711886405945, 149.0
168.3371238708496, 149.0
168.33712697029114, 149.0
168.3371298313141, 149.0
168.3371319770813, 149.0
168.33713579177856, 149.0
168.3371388912201, 149.0
168.33714199066162, 149.0
168.33714485168457, 149.0
168.3371479511261, 149.0
168.33714985847473, 149.0
168.33715391159058, 149.0
168.3371558189392, 149.0
168.33715891838074, 149.0
168.33716201782227, 149.0
168.33716583251953, 149.0
168.33716773986816, 148.0
168.3371708393097, 148.0
168.33717393875122, 148.0
168.33717679977417, 148.0
168.3371798992157, 148.0
168.33718299865723, 148.0
168.33718991279602, 147.0
168.33719491958618, 147.0
168.33719873428345, 147.0
168.3372027873993, 147.0
168.33720707893372, 147.0
168.3372097015381, 147.0
168.3372139930725, 147.0
168.33721590042114, 147.0
168.3372187614441, 147.0
168.33722186088562, 146.0
168.33722496032715, 146.0
168.33722686767578, 146.0
168.33723068237305, 146.0
168.33723282814026, 146.0
168.3372368812561, 146.0
168.33723998069763, 146.0
168.33724284172058, 146.0
168.3372459411621, 146.0
168.33724904060364, 146.0
168.33725595474243, 146.0
168.33725786209106, 145.0
168.33726286888123, 145.0
168.33726477622986, 145.0
168.3372688293457, 145.0
168.33727169036865, 145.0
168.33727478981018, 144.0
168.3372778892517, 144.0
168.3372838497162, 144.0
168.33728790283203, 144.0
168.33729004859924, 144.0
168.3372929096222, 144.0
168.33729577064514, 144.0
168.33729887008667, 144.0
168.3373019695282, 143.0
168.33730483055115, 143.0
168.33730792999268, 143.0
168.3373110294342, 143.0
168.33731389045715, 143.0
168.337317943573, 143.0
168.33732080459595, 143.0
168.33732390403748, 143.0
168.3373258113861, 143.0
168.33732986450195, 143.0
168.33733296394348, 142.0
168.33733582496643, 142.0
168.33733892440796, 142.0
168.3373429775238, 142.0
168.33734607696533, 142.0
168.3373486995697, 142.0
168.33735609054565, 142.0
168.33735990524292, 142.0
168.33736300468445, 142.0
168.3373680114746, 142.0
168.33737087249756, 142.0
168.33737802505493, 142.0
168.33738088607788, 142.0
168.3373827934265, 142.0
168.33738589286804, 141.0
168.33738899230957, 141.0
168.33739495277405, 141.0
168.33739805221558, 141.0
168.33740067481995, 141.0
168.33740377426147, 141.0
168.337406873703, 141.0
168.33740997314453, 141.0
168.33741283416748, 141.0
168.33741998672485, 141.0
168.3374216556549, 140.0
168.33742475509644, 140.0
168.33742690086365, 140.0
168.33743000030518, 140.0
168.33743286132812, 140.0
168.33743596076965, 140.0
168.3374378681183, 140.0
168.33744478225708, 139.0
168.33744883537292, 139.0
168.33745098114014, 139.0
168.3374538421631, 139.0
168.33745694160461, 139.0
168.33745980262756, 139.0
168.33746194839478, 139.0
168.33746480941772, 139.0
168.33746790885925, 138.0
168.3374719619751, 138.0
168.33747482299805, 138.0
168.33747792243958, 137.0
168.3374798297882, 137.0
168.33748292922974, 137.0
168.33749198913574, 137.0
168.33749508857727, 137.0
168.33749771118164, 137.0
168.337504863739, 137.0
168.33750677108765, 137.0
168.3375108242035, 137.0
168.3375129699707, 137.0
168.33751606941223, 137.0
168.3375186920166, 136.0
168.33752489089966, 136.0
168.3375277519226, 136.0
168.33753085136414, 136.0
168.33753299713135, 136.0
168.33753490447998, 136.0
168.3375380039215, 136.0
168.33754086494446, 136.0
168.3375427722931, 136.0
168.3375449180603, 136.0
168.33754897117615, 136.0
168.33755087852478, 136.0
168.3375527858734, 136.0
168.33755493164062, 136.0
168.33755803108215, 136.0
168.3375599384308, 135.0
168.33756184577942, 135.0
168.33756804466248, 135.0
168.3375699520111, 135.0
168.33757281303406, 135.0
168.33757495880127, 135.0
168.3375768661499, 135.0
168.33757901191711, 135.0
168.33758187294006, 135.0
168.3375837802887, 135.0
168.33758687973022, 134.0
168.33758997917175, 134.0
168.3375916481018, 134.0
168.33759379386902, 134.0
168.33759593963623, 134.0
168.33759903907776, 134.0
168.3376009464264, 133.0
168.33760380744934, 133.0
168.33760595321655, 133.0
168.3376088142395, 133.0
168.3376109600067, 133.0
168.33761310577393, 133.0
168.3376157283783, 133.0
168.3376178741455, 133.0
168.33762001991272, 133.0
168.33762192726135, 133.0
168.3376247882843, 133.0
168.3376269340515, 132.0
168.33762884140015, 132.0
168.33763098716736, 132.0
168.33763790130615, 132.0
168.33763980865479, 132.0
168.337641954422, 132.0
168.33764505386353, 132.0
168.33764791488647, 132.0
168.33765077590942, 132.0
168.33765292167664, 132.0
168.33765578269958, 131.0
168.33765769004822, 131.0
168.33766388893127, 131.0
168.33766674995422, 131.0
168.33766889572144, 131.0
168.33767080307007, 131.0
168.33767700195312, 130.0
168.33767890930176, 130.0
168.3376829624176, 130.0
168.33768606185913, 130.0
168.33769178390503, 130.0
168.33769488334656, 130.0
168.33770084381104, 130.0
168.33770394325256, 129.0
168.3377070426941, 129.0
168.33771276474, 129.0
168.33771586418152, 129.0
168.33772087097168, 129.0
168.3377227783203, 129.0
168.337730884552, 129.0
168.33773493766785, 129.0
168.33773684501648, 128.0
168.33774089813232, 128.0
168.33774375915527, 128.0
168.33774781227112, 128.0
168.33774995803833, 128.0
168.33775281906128, 128.0
168.3377559185028, 128.0
168.33775901794434, 128.0
168.33776187896729, 128.0
168.33776378631592, 128.0
168.33776688575745, 127.0
168.33776998519897, 127.0
168.3377718925476, 127.0
168.33777475357056, 127.0
168.33777785301208, 127.0
168.3377809524536, 127.0
168.33778381347656, 127.0
168.3377869129181, 127.0
168.33778882026672, 127.0
168.33779191970825, 127.0
168.3377947807312, 127.0
168.33779788017273, 126.0
168.33780097961426, 126.0
168.3378040790558, 126.0
168.33780670166016, 126.0
168.33780884742737, 126.0
168.3378119468689, 126.0
168.33781504631042, 125.0
168.33781790733337, 125.0
168.337819814682, 125.0
168.33782291412354, 125.0
168.33782601356506, 125.0
168.337828874588, 125.0
168.33783197402954, 125.0
168.33783507347107, 125.0
168.33783769607544, 125.0
168.33783984184265, 125.0
168.33784294128418, 124.0
168.3378460407257, 124.0
168.33784866333008, 124.0
168.3378508090973, 124.0
168.33785390853882, 124.0
168.33785605430603, 124.0
168.3378598690033, 124.0
168.33786296844482, 124.0
168.33786582946777, 124.0
168.33786797523499, 123.0
168.33787083625793, 123.0
168.337877035141, 123.0
168.33787989616394, 123.0
168.33788180351257, 123.0
168.3378849029541, 123.0
168.33788800239563, 123.0
168.33788990974426, 123.0
168.33789372444153, 123.0
168.33789682388306, 123.0
168.33789992332458, 122.0
168.33790183067322, 122.0
168.33790493011475, 122.0
168.33790802955627, 122.0
168.33791184425354, 122.0
168.33791375160217, 122.0
168.3379168510437, 122.0
168.33791995048523, 122.0
168.33792686462402, 122.0
168.33793187141418, 122.0
168.33793377876282, 122.0
168.33793878555298, 121.0
168.3379418849945, 121.0
168.33794474601746, 121.0
168.33794784545898, 121.0
168.3379509449005, 121.0
168.33795404434204, 121.0
168.3379557132721, 121.0
168.33795881271362, 121.0
168.33796191215515, 121.0
168.33796405792236, 121.0
168.33796668052673, 120.0
168.33796977996826, 120.0
168.33797407150269, 120.0
168.33797574043274, 120.0
168.33797883987427, 120.0
168.3379819393158, 120.0
168.33798503875732, 120.0
168.33798670768738, 119.0
168.3379898071289, 119.0
168.33799600601196, 119.0
168.33799767494202, 119.0
168.33800077438354, 119.0
168.33800387382507, 119.0
168.3380069732666, 119.0
168.33800888061523, 119.0
168.33801174163818, 119.0
168.3380160331726, 119.0
168.3380208015442, 119.0
168.33802390098572, 119.0
168.33802700042725, 119.0
168.3380298614502, 119.0
168.33803176879883, 119.0
168.33803486824036, 118.0
168.33803701400757, 118.0
168.33803987503052, 118.0
168.33804273605347, 118.0
168.338045835495, 118.0
168.33804893493652, 118.0
168.33805179595947, 117.0
168.338054895401, 117.0
168.33805799484253, 117.0
168.33806109428406, 117.0
168.33806371688843, 117.0
168.33806586265564, 117.0
168.33806896209717, 117.0
168.33807110786438, 117.0
168.33807682991028, 117.0
168.33808088302612, 116.0
168.33808279037476, 116.0
168.33808588981628, 116.0
168.3380889892578, 116.0
168.33809208869934, 116.0
168.3380947113037, 116.0
168.33809781074524, 116.0
168.33810091018677, 116.0
168.33810305595398, 116.0
168.33810591697693, 116.0
168.33811402320862, 116.0
168.33811688423157, 116.0
168.3381187915802, 116.0
168.33812189102173, 116.0
168.33812499046326, 116.0
168.3381278514862, 116.0
168.33813095092773, 116.0
168.33813405036926, 116.0
168.33813667297363, 116.0
168.33813977241516, 115.0
168.3381428718567, 115.0
168.3381450176239, 115.0
168.33814787864685, 115.0
168.33815097808838, 115.0
168.33815383911133, 115.0
168.33815693855286, 115.0
168.3381588459015, 115.0
168.33816194534302, 115.0
168.33816504478455, 115.0
168.33816695213318, 115.0
168.33816981315613, 114.0
168.33817291259766, 114.0
168.33817601203918, 114.0
168.33817791938782, 114.0
168.33818078041077, 114.0
168.3381838798523, 114.0
168.33818697929382, 114.0
168.33818912506104, 114.0
168.3381917476654, 114.0
168.33819389343262, 114.0
168.33819794654846, 114.0
168.33820009231567, 114.0
168.33820271492004, 114.0
168.33820486068726, 113.0
168.33820796012878, 113.0
168.33821082115173, 113.0
168.33821392059326, 113.0
168.3382158279419, 112.0
168.3382227420807, 112.0
168.33822584152222, 112.0
168.33822894096375, 112.0
168.3382318019867, 112.0
168.33823490142822, 112.0
168.33823680877686, 111.0
168.33823990821838, 111.0
168.33824276924133, 111.0
168.33824586868286, 111.0
168.3382477760315, 111.0
168.33825087547302, 111.0
168.33825373649597, 110.0
168.3382568359375, 110.0
168.3382589817047, 110.0
168.33826088905334, 110.0
168.33826780319214, 110.0
168.33827090263367, 110.0
168.33827304840088, 110.0
168.33827567100525, 110.0
168.33827877044678, 110.0
168.3382818698883, 110.0
168.33828401565552, 110.0
168.33828568458557, 110.0
168.3382887840271, 109.0
168.33829188346863, 109.0
168.33829498291016, 109.0
168.3382978439331, 109.0
168.33829975128174, 109.0
168.33830285072327, 109.0
168.33830881118774, 109.0
168.33831191062927, 109.0
168.3383150100708, 109.0
168.33831691741943, 109.0
168.33831977844238, 109.0
168.3383228778839, 108.0
168.33832502365112, 108.0
168.33832812309265, 108.0
168.33833074569702, 108.0
168.33833289146423, 108.0
168.33833599090576, 108.0
168.3383378982544, 108.0
168.3383491039276, 108.0
168.33835172653198, 107.0
168.3383548259735, 107.0
168.33835792541504, 107.0
168.338360786438, 107.0
168.33836388587952, 107.0
168.33836579322815, 107.0
168.33836889266968, 107.0
168.3383708000183, 106.0
168.33837389945984, 106.0
168.33837580680847, 106.0
168.33837890625, 106.0
168.3383810520172, 106.0
168.33838391304016, 106.0
168.3383858203888, 106.0
168.33838987350464, 106.0
168.33839201927185, 106.0
168.3383948802948, 105.0
168.33840107917786, 105.0
168.3384027481079, 105.0
168.33840584754944, 105.0
168.33840894699097, 105.0
168.3384108543396, 105.0
168.33841371536255, 105.0
168.33841681480408, 105.0
168.3384189605713, 105.0
168.33842206001282, 105.0
168.3384268283844, 105.0
168.33842992782593, 105.0
168.33843183517456, 104.0
168.3384346961975, 104.0
168.33843779563904, 104.0
168.33844089508057, 104.0
168.33844304084778, 104.0
168.33844685554504, 104.0
168.33844876289368, 104.0
168.3384509086609, 104.0
168.33845400810242, 104.0
168.33845591545105, 103.0
168.338458776474, 103.0
168.33846187591553, 103.0
168.33846402168274, 103.0
168.3384668827057, 103.0
168.33846974372864, 103.0
168.33847284317017, 103.0
168.33847498893738, 103.0
168.338476896286, 103.0
168.33847975730896, 102.0
168.3384838104248, 102.0
168.33848595619202, 102.0
168.33848881721497, 102.0
168.3384907245636, 102.0
168.33849382400513, 102.0
168.33849692344666, 102.0
168.3384997844696, 102.0
168.33850193023682, 102.0
168.33850479125977, 102.0
168.33850693702698, 101.0
168.33850979804993, 101.0
168.33851289749146, 101.0
168.3385190963745, 101.0
168.33852171897888, 101.0
168.3385238647461, 101.0
168.33852696418762, 101.0
168.33852887153625, 101.0
168.3385329246521, 101.0
168.33853483200073, 101.0
168.33853793144226, 101.0
168.33854007720947, 101.0
168.33854269981384, 101.0
168.33854579925537, 101.0
168.3385488986969, 101.0
168.33855175971985, 101.0
168.33855485916138, 101.0
