1.0620639324188232, 51705.0
1.8111639022827148, 52242.0
2.5525989532470703, 52242.0
3.296489953994751, 52339.0
4.038843870162964, 53199.0
4.803385972976685, 53233.0
5.546416997909546, 53626.0
6.302347898483276, 53887.0
7.056768178939819, 54048.0
7.804105997085571, 54738.0
8.550603866577148, 55181.0
9.298551797866821, 55995.0
10.044939041137695, 55995.0
10.786699771881104, 55995.0
11.533010959625244, 56038.0
12.2825927734375, 56336.0
13.030944108963013, 56630.0
13.783563137054443, 56679.0
14.534679889678955, 57056.0
15.287368059158325, 57450.0
16.033354997634888, 57659.0
16.78383183479309, 57830.0
17.53939390182495, 57983.0
18.28743886947632, 58696.0
19.03889489173889, 58696.0
19.792618989944458, 58696.0
20.544260025024414, 58723.0
21.300221920013428, 59030.0
22.053451776504517, 59175.0
22.808207988739014, 59611.0
23.56490206718445, 59611.0
24.320768117904663, 59892.0
25.07993984222412, 59892.0
25.842362880706787, 59976.0
26.60203504562378, 60290.0
27.360240936279297, 60988.0
28.119038105010986, 60988.0
28.87761116027832, 61222.0
29.637587070465088, 61222.0
30.395364999771118, 61222.0
31.155993938446045, 61369.0
31.91569495201111, 61710.0
32.67657995223999, 61982.0
33.43665790557861, 62088.0
34.199153900146484, 62088.0
34.960659980773926, 62435.0
35.72228693962097, 62435.0
36.485644817352295, 62435.0
37.24715185165405, 62615.0
38.01076102256775, 62615.0
38.76829385757446, 62829.0
39.531506061553955, 62829.0
40.29779386520386, 62906.0
41.05934810638428, 63083.0
41.81737494468689, 63083.0
42.58058500289917, 63083.0
43.34233617782593, 63406.0
44.09970283508301, 63409.0
44.863198041915894, 63789.0
45.62559390068054, 63789.0
46.38907718658447, 63789.0
47.151424169540405, 63789.0
47.915284156799316, 63826.0
48.67791795730591, 64057.0
49.43929886817932, 64057.0
50.20080280303955, 64290.0
50.97497296333313, 64421.0
51.74146890640259, 64421.0
52.50553107261658, 64421.0
53.27067995071411, 64740.0
54.03951096534729, 64813.0
54.80346202850342, 65077.0
55.573062896728516, 65204.0
56.342344999313354, 65204.0
57.111061811447144, 65204.0
57.88008689880371, 65465.0
58.64623999595642, 65465.0
59.413644790649414, 65465.0
60.18119502067566, 65738.0
60.94928288459778, 65797.0
61.71398091316223, 65797.0
62.481536865234375, 66002.0
63.24377799034119, 66002.0
64.01314282417297, 66002.0
64.78544998168945, 66002.0
65.5515968799591, 66033.0
66.32230997085571, 66219.0
67.09569501876831, 66555.0
67.86577296257019, 66555.0
68.63283586502075, 66631.0
69.40174794197083, 66794.0
70.17287302017212, 66829.0
70.95006799697876, 66829.0
71.72274112701416, 67095.0
72.49795699119568, 67095.0
73.26603293418884, 67175.0
74.03368782997131, 67175.0
74.8055489063263, 67175.0
75.57252788543701, 67430.0
76.34355807304382, 67430.0
77.11071610450745, 67430.0
77.88175296783447, 67727.0
78.64443707466125, 67727.0
79.41282892227173, 67895.0
80.1811740398407, 67895.0
80.94435906410217, 67924.0
81.70771908760071, 68009.0
82.47618889808655, 68026.0
83.24535894393921, 68107.0
84.02099275588989, 68107.0
84.80018377304077, 68159.0
85.57654309272766, 68752.0
86.35420989990234, 68752.0
87.13482785224915, 68752.0
87.91264176368713, 68752.0
88.68914198875427, 68752.0
89.46269083023071, 69239.0
90.23436498641968, 69239.0
91.00747299194336, 69239.0
91.77681279182434, 69239.0
92.5467758178711, 69239.0
93.32542490959167, 69239.0
94.10244703292847, 69239.0
94.88484215736389, 69239.0
95.6614739894867, 69430.0
96.43786716461182, 69430.0
97.21494889259338, 69430.0
97.98970198631287, 69430.0
98.76334500312805, 69430.0
99.53643202781677, 69575.0
100.3128080368042, 69575.0
101.09321999549866, 70014.0
101.87064409255981, 70014.0
102.65179991722107, 70014.0
103.42915105819702, 70014.0
104.20572805404663, 70084.0
104.9812388420105, 70209.0
105.75618195533752, 70209.0
106.53251791000366, 70209.0
107.31077480316162, 70209.0
108.08609890937805, 70580.0
108.86071515083313, 70580.0
109.63754105567932, 70580.0
110.41360998153687, 70735.0
111.19228506088257, 70735.0
111.97257494926453, 70735.0
112.75291395187378, 70735.0
113.52897119522095, 70973.0
114.30374693870544, 70973.0
115.07893896102905, 70973.0
115.85212302207947, 71442.0
116.62655997276306, 71442.0
117.40271592140198, 71442.0
118.17575597763062, 71442.0
118.9561071395874, 71731.0
119.73756289482117, 71772.0
120.51715588569641, 71772.0
121.29359912872314, 71961.0
122.07526803016663, 71961.0
122.85318684577942, 72203.0
123.63635015487671, 72203.0
124.41863584518433, 72203.0
125.19674777984619, 72203.0
125.97803092002869, 72203.0
126.75800895690918, 72203.0
127.54125714302063, 72203.0
128.31643509864807, 72630.0
129.09001088142395, 72630.0
129.87237310409546, 72630.0
130.6463840007782, 72630.0
131.42326593399048, 72630.0
132.19809699058533, 72630.0
132.97311997413635, 72630.0
133.75627398490906, 72630.0
134.5374879837036, 72630.0
135.31200194358826, 72630.0
136.09363889694214, 72659.0
136.8697099685669, 72952.0
137.65298104286194, 72952.0
138.43633794784546, 72952.0
139.21961498260498, 72952.0
140.0053300857544, 72952.0
140.78755116462708, 72952.0
141.57245898246765, 73015.0
142.3557369709015, 73015.0
143.13819885253906, 73015.0
143.92257380485535, 73130.0
144.70312881469727, 73219.0
145.48734498023987, 73219.0
146.27128291130066, 73358.0
147.05422592163086, 73358.0
147.83884811401367, 73358.0
148.62248516082764, 73437.0
149.40421414375305, 73833.0
150.1884059906006, 73833.0
150.97256684303284, 73833.0
151.7557349205017, 73833.0
152.53636693954468, 73833.0
153.3204860687256, 73833.0
154.1061029434204, 73833.0
154.88736009597778, 73833.0
