0.019648075103759766, 5455.0
0.03551006317138672, 5907.0
0.051657915115356445, 7310.0
0.06772494316101074, 7745.0
0.08399009704589844, 8386.0
0.0996999740600586, 8401.0
0.11545896530151367, 9044.0
0.1313169002532959, 9386.0
0.14722394943237305, 9714.0
0.16323399543762207, 10163.0
0.17952418327331543, 10501.0
0.19563698768615723, 10520.0
0.21177387237548828, 10711.0
0.2279059886932373, 10753.0
0.24407601356506348, 11045.0
0.260267972946167, 11045.0
0.27650880813598633, 11045.0
0.2928190231323242, 11045.0
0.30916905403137207, 11045.0
0.3254671096801758, 11045.0
0.3417320251464844, 11045.0
0.3580310344696045, 11045.0
0.3743469715118408, 11045.0
0.39072203636169434, 11045.0
0.4070708751678467, 11045.0
0.42345213890075684, 11045.0
0.4397759437561035, 11045.0
0.45612096786499023, 11045.0
0.4724540710449219, 11045.0
0.4895589351654053, 11045.0
0.5068349838256836, 11045.0
0.523655891418457, 11045.0
0.5412349700927734, 11045.0
0.5590159893035889, 11045.0
0.5765230655670166, 11045.0
0.5943999290466309, 11045.0
0.6187541484832764, 11045.0
0.644524097442627, 11045.0
0.661736011505127, 11045.0
0.6788830757141113, 11045.0
0.6956660747528076, 11045.0
0.7129321098327637, 11045.0
0.7303018569946289, 11045.0
0.7469780445098877, 11045.0
0.7640330791473389, 11045.0
0.780580997467041, 11045.0
0.7973711490631104, 11045.0
0.8139169216156006, 11045.0
0.8304660320281982, 11045.0
0.8476448059082031, 11045.0
0.864814043045044, 11045.0
0.8812830448150635, 11045.0
0.8981471061706543, 11045.0
0.9148972034454346, 11045.0
0.9315221309661865, 11045.0
0.9480910301208496, 11045.0
0.9646201133728027, 11045.0
0.981086015701294, 11045.0
0.997622013092041, 11045.0
1.0149600505828857, 11045.0
1.0322730541229248, 11045.0
1.0495901107788086, 11045.0
1.066946029663086, 11045.0
1.0842599868774414, 11045.0
1.1016380786895752, 11045.0
1.1191751956939697, 11045.0
1.1364951133728027, 11045.0
1.1534910202026367, 11045.0
1.1703379154205322, 11045.0
1.1875970363616943, 11045.0
1.205031156539917, 11045.0
1.2224230766296387, 11045.0
1.2393860816955566, 11045.0
1.2560791969299316, 11045.0
1.2727570533752441, 11045.0
1.2894651889801025, 11045.0
1.306143045425415, 11045.0
1.3228411674499512, 11045.0
1.339529037475586, 11045.0
1.3562109470367432, 11045.0
1.3728928565979004, 11045.0
1.389596939086914, 11045.0
1.4064948558807373, 11045.0
1.4237220287322998, 11045.0
1.4405360221862793, 11045.0
1.4576020240783691, 11045.0
1.474595069885254, 11045.0
1.491537094116211, 11045.0
1.5084450244903564, 11045.0
1.5253310203552246, 11045.0
1.5423250198364258, 11045.0
1.5587592124938965, 11045.0
1.5807490348815918, 11045.0
1.5982201099395752, 11045.0
1.6150588989257812, 11045.0
1.6317570209503174, 11045.0
1.6487421989440918, 11045.0
1.6657230854034424, 11045.0
1.6826491355895996, 11045.0
1.6996128559112549, 11045.0
1.7166111469268799, 11045.0
1.7338590621948242, 11045.0
1.7508270740509033, 11045.0
1.7677738666534424, 11045.0
1.7846729755401611, 11045.0
1.8070969581604004, 11045.0
1.8404879570007324, 11045.0
1.8586909770965576, 11056.0
1.8755710124969482, 11056.0
1.8924250602722168, 11056.0
1.9105331897735596, 11056.0
1.928124189376831, 11056.0
1.9469220638275146, 11056.0
1.965543270111084, 11056.0
1.9829881191253662, 11056.0
2.000256061553955, 11056.0
2.0172929763793945, 11056.0
2.0344948768615723, 11056.0
2.051643133163452, 11056.0
2.0691661834716797, 11056.0
2.0864779949188232, 11056.0
2.1034018993377686, 11056.0
2.1205270290374756, 11056.0
2.13783597946167, 11056.0
2.155954122543335, 11056.0
2.1731441020965576, 11056.0
2.1906890869140625, 11056.0
2.2080559730529785, 11056.0
2.2262461185455322, 11056.0
2.2434940338134766, 11056.0
2.2607641220092773, 11056.0
2.2789759635925293, 11056.0
2.2976460456848145, 11056.0
2.314908981323242, 11056.0
2.332198143005371, 11056.0
2.3496241569519043, 11056.0
2.367189884185791, 11056.0
2.3848490715026855, 11056.0
2.4035580158233643, 11056.0
2.420768976211548, 11056.0
2.43892502784729, 11056.0
2.4585862159729004, 11056.0
2.4846389293670654, 11056.0
2.517117977142334, 11056.0
2.534615993499756, 11056.0
2.552351951599121, 11056.0
2.5719799995422363, 11056.0
2.5897772312164307, 11056.0
2.606821060180664, 11056.0
2.6244800090789795, 11056.0
2.6421921253204346, 11056.0
2.659106969833374, 11056.0
2.676521062850952, 11056.0
2.6938459873199463, 11056.0
2.710510015487671, 11056.0
2.72751784324646, 11056.0
2.7442710399627686, 11056.0
2.7608089447021484, 11056.0
2.7777099609375, 11056.0
2.794593095779419, 11056.0
2.8126320838928223, 11056.0
2.831505060195923, 11056.0
2.849226951599121, 11056.0
2.868572950363159, 11056.0
2.886591911315918, 11056.0
2.9042439460754395, 11056.0
2.927523136138916, 11056.0
2.9459598064422607, 11056.0
2.964909076690674, 11056.0
2.9834160804748535, 11056.0
3.003373146057129, 11056.0
3.0224921703338623, 11056.0
3.0416171550750732, 11056.0
3.0646121501922607, 11056.0
3.087463140487671, 11056.0
3.1107919216156006, 11056.0
3.1486661434173584, 11056.0
3.178557872772217, 11056.0
3.2011940479278564, 11056.0
3.2285518646240234, 11056.0
3.2519140243530273, 11056.0
3.291934013366699, 11056.0
3.3197739124298096, 11056.0
3.3437681198120117, 11056.0
3.377932071685791, 11056.0
3.4142119884490967, 11056.0
3.4353301525115967, 11056.0
3.4558961391448975, 11056.0
3.4774420261383057, 11056.0
3.4964120388031006, 11056.0
3.51416015625, 11056.0
3.5314102172851562, 11056.0
3.549743175506592, 11056.0
3.567129135131836, 11056.0
3.588916063308716, 11056.0
3.6091439723968506, 11056.0
3.631124973297119, 11056.0
3.649592161178589, 11056.0
3.667052984237671, 11056.0
3.6852619647979736, 11056.0
3.7024619579315186, 11056.0
