0.009735107421875, 5680.0
0.018146991729736328, 5903.0
0.0265960693359375, 6229.0
0.03509187698364258, 6827.0
0.04369091987609863, 7245.0
0.052358150482177734, 7245.0
0.06108403205871582, 8417.0
0.06989002227783203, 8417.0
0.07869696617126465, 8530.0
0.08754992485046387, 8900.0
0.09645414352416992, 8900.0
0.1054830551147461, 8900.0
0.11443614959716797, 8900.0
0.12348198890686035, 8929.0
0.13286304473876953, 8929.0
0.1420750617980957, 8929.0
0.15137815475463867, 8929.0
0.16068005561828613, 8929.0
0.1699838638305664, 8929.0
0.1793689727783203, 8929.0
0.18873310089111328, 8929.0
0.19805622100830078, 8929.0
0.20735716819763184, 8929.0
0.21656394004821777, 8929.0
0.22580814361572266, 8929.0
0.2350771427154541, 8929.0
0.24434208869934082, 8929.0
0.2535440921783447, 8929.0
0.2629070281982422, 8929.0
0.2723500728607178, 8929.0
0.28177499771118164, 8929.0
0.29140806198120117, 8929.0
0.3010129928588867, 8929.0
0.310589075088501, 8929.0
0.3201930522918701, 8929.0
0.3297851085662842, 8929.0
0.3391551971435547, 8929.0
0.3483700752258301, 8929.0
0.3576061725616455, 8929.0
0.3667891025543213, 8929.0
0.3760099411010742, 8929.0
0.38521909713745117, 8929.0
0.3944511413574219, 8929.0
0.40367889404296875, 8929.0
0.4128890037536621, 8929.0
0.4221029281616211, 8929.0
0.4313509464263916, 8929.0
0.4405648708343506, 8929.0
0.44977498054504395, 8929.0
0.4589860439300537, 8929.0
0.4682281017303467, 8929.0
0.47745704650878906, 8929.0
0.4867100715637207, 8929.0
0.4959690570831299, 8929.0
0.5052719116210938, 8929.0
0.5145289897918701, 8929.0
0.5238051414489746, 8929.0
0.533189058303833, 8929.0
0.5426270961761475, 8929.0
0.5519640445709229, 8929.0
0.5614950656890869, 8929.0
0.5710608959197998, 8929.0
0.5807089805603027, 8929.0
0.5901591777801514, 8929.0
0.5994212627410889, 8929.0
0.608726978302002, 8929.0
0.6181008815765381, 8929.0
0.6275031566619873, 8929.0
0.6366939544677734, 8929.0
0.6457152366638184, 8929.0
0.654771089553833, 8929.0
0.6637880802154541, 8929.0
0.6728241443634033, 8929.0
0.6818668842315674, 8929.0
0.6908960342407227, 8929.0
0.6999139785766602, 8929.0
0.708956241607666, 8929.0
0.7179920673370361, 8929.0
0.7269959449768066, 8929.0
0.7360172271728516, 8929.0
0.7450389862060547, 8929.0
0.7540578842163086, 8929.0
0.7630629539489746, 8929.0
0.772083044052124, 8929.0
0.7811071872711182, 8929.0
0.790153980255127, 8929.0
0.7991909980773926, 8929.0
0.8082301616668701, 8929.0
0.8172409534454346, 8929.0
0.8262720108032227, 8929.0
0.8353791236877441, 8929.0
0.8444268703460693, 8929.0
0.853478193283081, 8929.0
0.8625030517578125, 8929.0
0.8715329170227051, 8929.0
0.8805789947509766, 8929.0
0.8896150588989258, 8929.0
0.8986449241638184, 8929.0
0.9076719284057617, 8929.0
0.916701078414917, 8929.0
0.9257159233093262, 8929.0
0.9347288608551025, 8929.0
0.9437620639801025, 8929.0
0.9527690410614014, 8929.0
0.9618039131164551, 8929.0
0.970815896987915, 8929.0
0.9798378944396973, 8929.0
0.9888350963592529, 8929.0
0.9978621006011963, 8929.0
1.0070691108703613, 8929.0
1.0165290832519531, 8929.0
1.0258548259735107, 8929.0
1.0354411602020264, 8929.0
1.0450539588928223, 8929.0
1.0546600818634033, 8929.0
1.064244031906128, 8929.0
1.0738301277160645, 8929.0
1.0829238891601562, 8929.0
1.0919370651245117, 8929.0
1.1010050773620605, 8929.0
1.1101460456848145, 8929.0
1.1191809177398682, 8929.0
1.1282029151916504, 8929.0
1.137213945388794, 8929.0
1.1462571620941162, 8929.0
1.1552948951721191, 8929.0
1.1643199920654297, 8929.0
1.1733410358428955, 8929.0
1.1824190616607666, 8929.0
1.1915431022644043, 8929.0
1.200571060180664, 8929.0
1.2096199989318848, 8929.0
1.2186479568481445, 8929.0
1.2276630401611328, 8929.0
1.2366690635681152, 8929.0
1.2457101345062256, 8929.0
1.2546770572662354, 8929.0
1.2638120651245117, 8929.0
1.272948980331421, 8929.0
1.2819759845733643, 8929.0
1.290956974029541, 8929.0
1.2999789714813232, 8929.0
1.308962106704712, 8929.0
1.3180201053619385, 8929.0
1.3270151615142822, 8929.0
1.3360249996185303, 8929.0
1.3450379371643066, 8929.0
1.3541538715362549, 8929.0
1.363286018371582, 8929.0
1.3723492622375488, 8929.0
1.381309986114502, 8929.0
1.390333890914917, 8929.0
1.3993442058563232, 8929.0
1.408332109451294, 8929.0
1.4173412322998047, 8929.0
1.4263081550598145, 8929.0
1.4352779388427734, 8929.0
1.4442520141601562, 8929.0
1.4532809257507324, 8929.0
1.4622950553894043, 8929.0
1.4713141918182373, 8929.0
1.4803340435028076, 8929.0
1.4893748760223389, 8929.0
1.4983820915222168, 8929.0
1.5074009895324707, 8929.0
1.5163969993591309, 8929.0
1.525493860244751, 8929.0
1.5345079898834229, 8929.0
1.5436429977416992, 8929.0
1.5530648231506348, 8929.0
1.5624330043792725, 8929.0
1.5716321468353271, 8929.0
1.5808172225952148, 8929.0
1.5900461673736572, 8929.0
1.5993268489837646, 8929.0
1.6086440086364746, 8929.0
1.6178758144378662, 8929.0
1.627166986465454, 8929.0
1.6363801956176758, 8929.0
1.6456592082977295, 8929.0
1.6548631191253662, 8929.0
1.6642460823059082, 8929.0
1.6735870838165283, 8929.0
1.682955026626587, 8929.0
1.6923351287841797, 8929.0
1.7017340660095215, 8929.0
1.711355209350586, 8929.0
1.7221570014953613, 8929.0
1.732280969619751, 8929.0
1.7428600788116455, 8929.0
1.752716064453125, 8929.0
1.7622499465942383, 8929.0
1.7716269493103027, 8929.0
1.7812340259552002, 8929.0
1.7907459735870361, 8929.0
1.800281047821045, 8929.0
1.8097589015960693, 8929.0
1.819375991821289, 8929.0
1.8288381099700928, 8929.0
1.8384900093078613, 8929.0
1.848048210144043, 8929.0
