0.009797096252441406, 1885.0
0.018164873123168945, 1885.0
0.026726961135864258, 1892.0
0.035626888275146484, 1892.0
0.04431891441345215, 1983.0
0.05380082130432129, 1983.0
0.06256985664367676, 2049.0
0.07146883010864258, 2180.0
0.0804300308227539, 2180.0
0.08940005302429199, 2194.0
0.09841704368591309, 2194.0
0.10745096206665039, 2194.0
0.11645674705505371, 2194.0
0.12559795379638672, 2194.0
0.13465213775634766, 2277.0
0.143784761428833, 2277.0
0.15293192863464355, 2277.0
0.16208600997924805, 2295.0
0.17132997512817383, 2296.0
0.18062877655029297, 2296.0
0.19014382362365723, 2296.0
0.1997239589691162, 2296.0
0.2093029022216797, 2296.0
0.2188730239868164, 2296.0
0.22850298881530762, 2296.0
0.23789405822753906, 2296.0
0.24709296226501465, 2297.0
0.2563319206237793, 2297.0
0.2655658721923828, 2297.0
0.2748289108276367, 2297.0
0.28411006927490234, 2297.0
0.29332590103149414, 2297.0
0.30250096321105957, 2297.0
0.3117029666900635, 2297.0
0.32088375091552734, 2297.0
0.33013486862182617, 2297.0
0.3398759365081787, 2297.0
0.34931492805480957, 2297.0
0.35854673385620117, 2297.0
0.3677947521209717, 2297.0
0.3769991397857666, 2297.0
0.38620781898498535, 2297.0
0.39540910720825195, 2297.0
0.4046640396118164, 2297.0
0.41392993927001953, 2297.0
0.4231898784637451, 2297.0
0.4324610233306885, 2297.0
0.44174885749816895, 2297.0
0.4510798454284668, 2297.0
0.46047401428222656, 2297.0
0.46982789039611816, 2297.0
0.4791109561920166, 2297.0
0.488555908203125, 2297.0
0.4978668689727783, 2297.0
0.5070891380310059, 2297.0
0.5163381099700928, 2297.0
0.5257918834686279, 2297.0
0.5351011753082275, 2297.0
0.5441057682037354, 2297.0
0.5531249046325684, 2297.0
0.5621180534362793, 2297.0
0.5711119174957275, 2297.0
0.5801119804382324, 2297.0
0.5891151428222656, 2297.0
0.5981128215789795, 2297.0
0.6071629524230957, 2297.0
0.6161608695983887, 2297.0
0.6251590251922607, 2297.0
0.6341490745544434, 2297.0
0.6431479454040527, 2297.0
0.6521248817443848, 2297.0
0.6611249446868896, 2297.0
0.6701757907867432, 2297.0
0.6792659759521484, 2297.0
0.6883718967437744, 2297.0
0.6974360942840576, 2297.0
0.7065038681030273, 2297.0
0.7155609130859375, 2297.0
0.7246508598327637, 2297.0
0.7337367534637451, 2297.0
0.7428100109100342, 2297.0
0.751882791519165, 2297.0
0.7609970569610596, 2297.0
0.7700798511505127, 2297.0
0.7791469097137451, 2297.0
0.7882311344146729, 2297.0
0.7973239421844482, 2297.0
0.8064010143280029, 2297.0
0.8155801296234131, 2297.0
0.825031042098999, 2297.0
0.8344690799713135, 2297.0
0.8439309597015381, 2297.0
0.853043794631958, 2297.0
0.8620998859405518, 2297.0
0.8711779117584229, 2297.0
0.8802437782287598, 2297.0
0.8893349170684814, 2297.0
0.898392915725708, 2297.0
0.9074509143829346, 2297.0
0.916517972946167, 2297.0
0.9255998134613037, 2297.0
0.9346818923950195, 2297.0
0.9437448978424072, 2297.0
0.952800989151001, 2297.0
0.96185302734375, 2297.0
0.9709160327911377, 2297.0
0.9799830913543701, 2297.0
0.9890649318695068, 2297.0
0.9981379508972168, 2297.0
1.0072228908538818, 2297.0
1.0163140296936035, 2297.0
1.0254499912261963, 2297.0
1.0345189571380615, 2297.0
1.0435900688171387, 2297.0
1.0526528358459473, 2297.0
1.0617420673370361, 2297.0
1.0708048343658447, 2297.0
1.079869031906128, 2297.0
1.0889477729797363, 2297.0
1.0980379581451416, 2297.0
1.1071007251739502, 2297.0
1.1161489486694336, 2297.0
1.1252341270446777, 2297.0
1.1342859268188477, 2297.0
1.1433508396148682, 2297.0
1.1524128913879395, 2297.0
1.1614630222320557, 2297.0
1.1705379486083984, 2297.0
1.1795859336853027, 2297.0
1.1886308193206787, 2297.0
1.1976637840270996, 2297.0
1.2067079544067383, 2297.0
1.2157888412475586, 2297.0
1.224843978881836, 2297.0
1.2338857650756836, 2297.0
1.2430367469787598, 2297.0
1.2520580291748047, 2297.0
1.261178970336914, 2297.0
1.2702410221099854, 2297.0
1.2792718410491943, 2297.0
1.2883238792419434, 2297.0
1.297374963760376, 2297.0
1.3064570426940918, 2297.0
1.3155088424682617, 2297.0
1.3245868682861328, 2297.0
1.333634853363037, 2297.0
1.3430159091949463, 2297.0
1.3522629737854004, 2297.0
1.3615939617156982, 2297.0
1.370750904083252, 2297.0
1.3798210620880127, 2297.0
1.388875961303711, 2297.0
1.3979530334472656, 2297.0
1.4070069789886475, 2297.0
1.4160680770874023, 2297.0
1.42523193359375, 2297.0
1.434290885925293, 2297.0
1.4433341026306152, 2297.0
1.4523990154266357, 2297.0
1.4614439010620117, 2297.0
1.4705021381378174, 2297.0
1.4795749187469482, 2297.0
1.4887547492980957, 2297.0
1.4979298114776611, 2297.0
1.5069899559020996, 2297.0
1.5160911083221436, 2297.0
1.525181770324707, 2297.0
1.534247875213623, 2297.0
1.543341875076294, 2297.0
1.5524070262908936, 2297.0
1.561490774154663, 2297.0
1.5705540180206299, 2297.0
1.5796329975128174, 2297.0
1.5887179374694824, 2297.0
1.5978977680206299, 2297.0
1.607029914855957, 2297.0
1.6161329746246338, 2297.0
1.625520944595337, 2297.0
1.6349759101867676, 2297.0
1.644331932067871, 2297.0
1.6536519527435303, 2297.0
1.6630208492279053, 2297.0
1.6724021434783936, 2297.0
1.6817917823791504, 2297.0
1.6911430358886719, 2297.0
1.7005009651184082, 2297.0
1.7098767757415771, 2297.0
1.7191619873046875, 2297.0
1.72849702835083, 2297.0
1.7378149032592773, 2297.0
1.7471189498901367, 2297.0
1.7564849853515625, 2297.0
1.7659361362457275, 2297.0
1.7753379344940186, 2297.0
1.784848928451538, 2297.0
1.7946338653564453, 2297.0
1.8043079376220703, 2297.0
1.8139560222625732, 2297.0
1.8236510753631592, 2297.0
1.8331799507141113, 2297.0
1.8424780368804932, 2297.0
