0.20378589630126953, 18897.0
0.3515918254852295, 19886.0
0.5003108978271484, 24848.0
0.6495108604431152, 24848.0
0.8013761043548584, 26926.0
0.95188307762146, 29014.0
1.1041359901428223, 32480.0
1.255586862564087, 32480.0
1.4072630405426025, 33456.0
1.5588538646697998, 35760.0
1.710906982421875, 39391.0
1.8630459308624268, 39516.0
2.015803813934326, 41555.0
2.1683337688446045, 41555.0
2.3210439682006836, 42842.0
2.473994016647339, 44160.0
2.626923084259033, 44747.0
2.7819478511810303, 46595.0
2.9355478286743164, 47812.0
3.089507818222046, 49168.0
3.243600845336914, 49870.0
3.3975167274475098, 51191.0
3.5515637397766113, 52552.0
3.7061257362365723, 56193.0
3.8607120513916016, 56193.0
4.015384912490845, 61382.0
4.170325994491577, 61382.0
4.325679779052734, 61382.0
4.48111891746521, 63409.0
4.636803865432739, 63409.0
4.794546842575073, 64378.0
4.950890064239502, 64378.0
5.1079261302948, 65846.0
5.270098924636841, 65846.0
5.430914878845215, 66760.0
5.59221887588501, 73490.0
5.75153112411499, 73726.0
5.909398078918457, 73726.0
6.068595886230469, 76076.0
6.2270097732543945, 76076.0
6.38550877571106, 76076.0
6.544355869293213, 76084.0
6.708315849304199, 76084.0
6.8727240562438965, 78192.0
7.036777973175049, 78221.0
7.19734001159668, 78505.0
7.356631755828857, 78505.0
7.515578985214233, 79435.0
7.674692869186401, 80489.0
7.834160804748535, 80489.0
7.993271827697754, 80653.0
8.1524178981781, 81893.0
8.312203884124756, 83926.0
8.472007989883423, 83926.0
8.631769895553589, 83926.0
8.791225910186768, 86262.0
8.952316999435425, 86262.0
9.111763954162598, 86262.0
9.271246910095215, 86613.0
9.43105173110962, 86613.0
9.590965986251831, 87523.0
9.750366926193237, 87800.0
9.910253763198853, 88376.0
10.070105791091919, 89713.0
10.230146884918213, 90462.0
10.390176773071289, 90462.0
10.550288915634155, 91497.0
10.710772037506104, 91625.0
10.871753931045532, 91874.0
11.033111810684204, 93092.0
11.193763732910156, 93092.0
11.354769945144653, 93092.0
11.515784978866577, 93836.0
11.676581859588623, 93836.0
11.837607860565186, 94720.0
11.998878955841064, 96404.0
12.16021203994751, 96404.0
12.321356773376465, 96404.0
12.482336044311523, 96404.0
12.643861055374146, 96404.0
12.805058717727661, 96404.0
12.968071937561035, 96404.0
13.129740715026855, 96585.0
13.291318893432617, 96585.0
13.452855825424194, 97349.0
13.614061832427979, 97349.0
13.775712013244629, 97349.0
13.937230825424194, 97811.0
14.098994970321655, 97811.0
14.26061487197876, 97811.0
14.422697067260742, 97811.0
14.584194898605347, 98132.0
14.746158838272095, 98132.0
14.907535791397095, 98729.0
15.070742845535278, 98729.0
15.232438087463379, 98729.0
15.394592761993408, 100185.0
15.556509971618652, 100478.0
15.717500925064087, 100478.0
15.87899398803711, 100622.0
16.040085077285767, 100768.0
16.20114779472351, 100768.0
16.36217188835144, 101386.0
16.52313780784607, 101386.0
16.68473982810974, 101386.0
16.847896814346313, 101979.0
17.010568857192993, 102143.0
17.17267894744873, 102143.0
17.33425283432007, 102143.0
17.495842933654785, 102143.0
17.657147884368896, 103019.0
17.818706035614014, 103019.0
17.980506896972656, 103572.0
18.14238691329956, 103572.0
18.304229974746704, 103572.0
18.46603798866272, 103908.0
18.62787103652954, 103908.0
18.78976798057556, 103908.0
18.95171880722046, 103908.0
19.1153826713562, 104176.0
19.277220964431763, 104176.0
19.439048051834106, 104450.0
19.600801706314087, 104450.0
19.762710094451904, 104450.0
19.924665927886963, 104450.0
20.086201906204224, 105270.0
20.24791669845581, 105270.0
20.409302711486816, 105270.0
20.570591926574707, 105270.0
20.732266902923584, 105270.0
20.89392066001892, 105270.0
21.05708909034729, 105270.0
21.218886852264404, 105270.0
21.38028073310852, 105270.0
21.541964769363403, 105270.0
21.703630924224854, 105644.0
21.865076065063477, 105644.0
22.02670907974243, 105644.0
22.18811869621277, 105765.0
22.349466800689697, 105765.0
22.510890007019043, 105765.0
22.67265796661377, 105765.0
22.834512948989868, 106106.0
22.996359825134277, 106106.0
23.159772872924805, 106106.0
23.3216609954834, 106437.0
23.483919858932495, 106437.0
23.646358013153076, 106437.0
23.80842089653015, 106437.0
23.9703049659729, 106853.0
24.132714986801147, 106855.0
24.294694900512695, 106886.0
24.45661687850952, 106886.0
24.618849754333496, 106886.0
24.780842065811157, 106886.0
24.942917823791504, 106902.0
25.106406927108765, 107127.0
25.272284984588623, 107127.0
25.436907052993774, 107127.0
25.601276874542236, 107127.0
25.765559911727905, 107135.0
25.929966926574707, 107418.0
26.09437894821167, 107418.0
26.25873374938965, 107418.0
26.423080921173096, 107418.0
26.58729887008667, 107418.0
26.75155997276306, 107564.0
26.91526985168457, 107564.0
27.078943014144897, 107564.0
27.244415998458862, 107564.0
27.407887935638428, 107564.0
27.571566820144653, 107628.0
27.735107898712158, 107628.0
27.898698091506958, 107628.0
28.062923669815063, 107628.0
28.22691798210144, 107628.0
28.39110779762268, 107628.0
28.554598808288574, 107801.0
28.718805074691772, 107801.0
28.882399082183838, 107801.0
29.045583963394165, 107801.0
29.210779905319214, 107801.0
29.375585794448853, 107801.0
29.541035890579224, 107801.0
29.70679998397827, 107801.0
29.872809886932373, 107812.0
30.03878879547119, 107812.0
30.204567909240723, 107851.0
30.370102882385254, 108021.0
30.536288022994995, 108021.0
30.703109979629517, 108423.0
30.869423866271973, 108423.0
31.035780906677246, 108423.0
31.202818870544434, 108423.0
31.369356870651245, 108423.0
31.53483486175537, 108423.0
31.70070195198059, 108423.0
31.86614680290222, 108423.0
32.0318489074707, 108423.0
32.19727396965027, 108423.0
32.362643003463745, 108423.0
