0.10022997856140137, 7087.0
0.17591595649719238, 7286.0
0.25197601318359375, 7686.0
0.32826972007751465, 7806.0
0.40502190589904785, 8279.0
0.48192906379699707, 8586.0
0.5587320327758789, 8720.0
0.6360988616943359, 9054.0
0.7134878635406494, 9054.0
0.7911548614501953, 9282.0
0.8690187931060791, 9590.0
0.9483499526977539, 9590.0
1.0283679962158203, 9609.0
1.1078588962554932, 9885.0
1.1870698928833008, 10167.0
1.2680408954620361, 10383.0
1.3476498126983643, 10383.0
1.4274718761444092, 10383.0
1.5075218677520752, 10684.0
1.5876407623291016, 10684.0
1.6678638458251953, 10709.0
1.748147964477539, 10836.0
1.828563928604126, 10988.0
1.9089958667755127, 11178.0
1.989670991897583, 11272.0
2.0703487396240234, 11272.0
2.1514298915863037, 11473.0
2.2324869632720947, 11473.0
2.3135528564453125, 11479.0
2.394892692565918, 11679.0
2.476268768310547, 11989.0
2.557795763015747, 11989.0
2.639401912689209, 11989.0
2.7211339473724365, 12181.0
2.803086757659912, 12181.0
2.885035991668701, 12267.0
2.9670889377593994, 12464.0
3.04958176612854, 12464.0
3.132314920425415, 12464.0
3.214646100997925, 12479.0
3.2983579635620117, 12522.0
3.381678819656372, 12522.0
3.4668948650360107, 12767.0
3.5536489486694336, 12814.0
3.63834285736084, 12928.0
3.722930908203125, 12928.0
3.80849289894104, 12936.0
3.8941540718078613, 12936.0
3.977354049682617, 13177.0
4.060207843780518, 13177.0
4.143104076385498, 13252.0
4.226270914077759, 13252.0
4.30928111076355, 13363.0
4.392734050750732, 13363.0
4.476022005081177, 13388.0
4.559321880340576, 13454.0
4.64277982711792, 13454.0
4.72577691078186, 13465.0
4.809064865112305, 13465.0
4.894273042678833, 13465.0
4.9807939529418945, 13465.0
5.06681489944458, 13488.0
5.151908874511719, 13587.0
5.237466812133789, 13587.0
5.324440956115723, 13587.0
5.409156799316406, 13590.0
5.492476940155029, 13678.0
5.575673818588257, 13759.0
5.658124923706055, 13759.0
5.7414069175720215, 13759.0
5.8239240646362305, 13850.0
5.907433032989502, 13850.0
5.99127984046936, 13850.0
6.0756919384002686, 13850.0
6.158387899398804, 13850.0
6.241903781890869, 13880.0
6.324584007263184, 13964.0
6.407083988189697, 14076.0
6.489681005477905, 14076.0
6.573169946670532, 14076.0
6.656752824783325, 14076.0
6.740301847457886, 14076.0
6.823051929473877, 14076.0
6.9064178466796875, 14076.0
6.9892659187316895, 14076.0
7.07168173789978, 14079.0
7.155396938323975, 14079.0
7.237775802612305, 14089.0
7.3210718631744385, 14089.0
7.4050538539886475, 14169.0
7.488449811935425, 14169.0
7.571120977401733, 14169.0
7.653580904006958, 14169.0
7.73691987991333, 14169.0
7.819567918777466, 14169.0
7.902890920639038, 14169.0
7.985615968704224, 14169.0
8.068128108978271, 14169.0
8.15160608291626, 14169.0
8.235039949417114, 14169.0
8.318324089050293, 14169.0
8.40171194076538, 14169.0
8.485008001327515, 14169.0
8.568328857421875, 14169.0
8.651715755462646, 14169.0
8.735020875930786, 14169.0
8.818369150161743, 14169.0
8.900819063186646, 14169.0
8.98407506942749, 14169.0
9.066587924957275, 14169.0
9.149050951004028, 14169.0
9.231590986251831, 14169.0
9.314270973205566, 14169.0
9.396974802017212, 14169.0
9.480863094329834, 14169.0
9.563446044921875, 14169.0
9.645927906036377, 14169.0
9.728464841842651, 14169.0
9.811195850372314, 14169.0
9.89392375946045, 14169.0
9.976619958877563, 14183.0
10.059363842010498, 14183.0
10.142980813980103, 14183.0
10.225724935531616, 14183.0
10.308444023132324, 14183.0
10.391151905059814, 14183.0
10.473805904388428, 14183.0
10.55622410774231, 14183.0
10.638817071914673, 14183.0
10.721395015716553, 14183.0
10.804131746292114, 14189.0
10.886795043945312, 14189.0
10.969192028045654, 14189.0
11.0515878200531, 14189.0
11.13418197631836, 14189.0
11.216469049453735, 14189.0
11.29879093170166, 14189.0
11.381293773651123, 14189.0
11.46511173248291, 14189.0
11.547817945480347, 14189.0
11.630290031433105, 14189.0
11.71289610862732, 14190.0
11.795308113098145, 14190.0
11.877769947052002, 14190.0
11.960216760635376, 14190.0
12.042893886566162, 14190.0
12.12556505203247, 14190.0
12.208317041397095, 14190.0
12.291055917739868, 14190.0
12.373406887054443, 14190.0
12.45590877532959, 14190.0
12.541974782943726, 14190.0
12.625902891159058, 14190.0
12.7095627784729, 14190.0
12.79334568977356, 14190.0
12.877036094665527, 14190.0
12.960408926010132, 14190.0
13.043505907058716, 14190.0
13.126492977142334, 14190.0
13.20950198173523, 14190.0
13.292521953582764, 14190.0
13.375565767288208, 14190.0
13.458452939987183, 14190.0
13.542799949645996, 14190.0
13.62571096420288, 14190.0
13.70845079421997, 14190.0
13.791224956512451, 14190.0
13.874212980270386, 14190.0
13.956955909729004, 14190.0
14.039841890335083, 14190.0
14.12264609336853, 14190.0
14.205442905426025, 14190.0
14.288403034210205, 14190.0
14.371155977249146, 14190.0
14.453957796096802, 14190.0
14.53662395477295, 14190.0
14.619298934936523, 14190.0
14.702117919921875, 14190.0
14.78498387336731, 14190.0
14.867726802825928, 14190.0
14.950530767440796, 14190.0
15.0332670211792, 14190.0
15.116023778915405, 14190.0
15.198795080184937, 14190.0
15.281517744064331, 14190.0
15.364466905593872, 14190.0
15.447293996810913, 14190.0
15.531393766403198, 14190.0
15.614433765411377, 14190.0
15.697337865829468, 14190.0
15.780274868011475, 14190.0
15.86326289176941, 14190.0
15.94612193107605, 14190.0
16.02899694442749, 14190.0
16.111918926239014, 14190.0
16.19484806060791, 14190.0
16.27771496772766, 14190.0
16.360608100891113, 14190.0
16.44343876838684, 14190.0
16.526253938674927, 14190.0
16.609153747558594, 14190.0
