0.5197341442108154, 26236.0
0.8891010284423828, 26486.0
1.2612042427062988, 26593.0
1.6311049461364746, 26956.0
2.0032851696014404, 27370.0
2.374619245529175, 27484.0
2.746469259262085, 27582.0
3.118807077407837, 27892.0
3.4956440925598145, 28045.0
3.878803253173828, 28127.0
4.256049156188965, 28485.0
4.628576040267944, 28508.0
5.013182163238525, 29105.0
5.39720606803894, 29432.0
5.778526306152344, 29656.0
6.15607213973999, 29656.0
6.530962228775024, 29664.0
6.90687108039856, 29691.0
7.283409118652344, 29842.0
7.658899307250977, 30027.0
8.034217357635498, 30289.0
8.413417339324951, 30289.0
8.788218259811401, 30421.0
9.166598081588745, 30612.0
9.542194128036499, 30612.0
9.920737981796265, 30749.0
10.299550294876099, 30786.0
10.690405130386353, 31006.0
11.067018270492554, 31481.0
11.45572304725647, 31481.0
11.844488143920898, 31721.0
12.234784126281738, 31858.0
12.624831914901733, 31858.0
13.0260751247406, 31858.0
13.413193225860596, 31951.0
13.800055980682373, 32056.0
14.191549301147461, 32257.0
14.586030006408691, 32427.0
14.974828004837036, 32427.0
15.36267900466919, 32861.0
15.753038167953491, 32966.0
16.136933088302612, 32966.0
16.521315097808838, 32966.0
16.90407705307007, 32966.0
17.293021202087402, 32976.0
17.67275309562683, 33184.0
18.05509114265442, 33328.0
18.43560814857483, 33819.0
18.81852626800537, 33819.0
19.207523107528687, 33819.0
19.58788514137268, 33932.0
19.971821069717407, 33932.0
20.352911233901978, 33967.0
20.741392135620117, 33967.0
21.143948078155518, 34100.0
21.534521102905273, 34100.0
21.92490816116333, 34100.0
22.315819025039673, 34306.0
22.705156087875366, 34350.0
23.089523315429688, 34400.0
23.473620176315308, 34570.0
23.854873180389404, 34570.0
24.235527276992798, 34832.0
24.621324062347412, 34832.0
25.010570287704468, 34832.0
25.39704704284668, 34849.0
25.786789178848267, 34849.0
26.174028158187866, 34866.0
26.56510901451111, 34978.0
26.956972122192383, 35024.0
27.346394062042236, 35266.0
27.733216047286987, 35266.0
28.121342182159424, 35426.0
28.50783610343933, 35622.0
28.895888090133667, 35622.0
29.281535148620605, 35622.0
29.66971516609192, 35622.0
30.058221101760864, 35622.0
30.44475221633911, 35775.0
30.83297109603882, 35916.0
31.219614267349243, 35916.0
31.605385303497314, 35916.0
31.991494178771973, 36091.0
32.38026809692383, 36223.0
32.767253398895264, 36248.0
33.15322422981262, 36248.0
33.540603160858154, 36248.0
33.92753720283508, 36491.0
34.31621599197388, 36491.0
34.707303285598755, 36491.0
35.094545125961304, 36491.0
35.483402252197266, 36491.0
35.868709087371826, 36491.0
36.254327058792114, 36491.0
36.64305520057678, 36567.0
37.03166627883911, 36630.0
37.418053150177, 36835.0
37.80421805381775, 36835.0
38.19063425064087, 37231.0
38.57689809799194, 37231.0
38.96464514732361, 37231.0
39.35172724723816, 37231.0
39.73679208755493, 37231.0
40.12865614891052, 37231.0
40.52006721496582, 37231.0
40.91474509239197, 37231.0
41.307547092437744, 37231.0
41.70004916191101, 37364.0
42.09061312675476, 37364.0
42.481351137161255, 37430.0
42.8743851184845, 37461.0
43.26786136627197, 37461.0
43.66140627861023, 37461.0
44.05442714691162, 37461.0
44.44633412361145, 37461.0
44.843064069747925, 37618.0
45.234989166259766, 37756.0
45.627281188964844, 37756.0
46.01903009414673, 37756.0
46.41232204437256, 37756.0
46.807212114334106, 37756.0
47.201884269714355, 38046.0
47.59426403045654, 38046.0
47.9863600730896, 38046.0
48.378756046295166, 38046.0
48.77526235580444, 38046.0
49.16742706298828, 38067.0
49.562119245529175, 38067.0
49.95497417449951, 38067.0
50.34741234779358, 38067.0
50.741642236709595, 38067.0
51.136884927749634, 38205.0
51.531097173690796, 38205.0
51.927643060684204, 38205.0
52.324172019958496, 38205.0
52.71921920776367, 38282.0
53.115018367767334, 38409.0
53.511178970336914, 38409.0
53.90756011009216, 38409.0
54.30350613594055, 38409.0
54.69911313056946, 38409.0
55.09648609161377, 38448.0
55.486008167266846, 38448.0
55.88149809837341, 38824.0
56.27131915092468, 38824.0
56.66416001319885, 38824.0
57.05992007255554, 38824.0
57.44900822639465, 38824.0
57.8377583026886, 38824.0
58.22747325897217, 38847.0
58.615915060043335, 38847.0
59.013819217681885, 38847.0
59.406233072280884, 38847.0
59.7989239692688, 38847.0
60.1974880695343, 38884.0
60.59450006484985, 38884.0
60.993531227111816, 38884.0
61.38980507850647, 38884.0
61.78875422477722, 38884.0
62.18141412734985, 38974.0
62.57901215553284, 39091.0
62.9751832485199, 39091.0
63.37268304824829, 39091.0
63.77015423774719, 39091.0
64.16822719573975, 39091.0
64.5668351650238, 39091.0
64.96423006057739, 39091.0
65.36168217658997, 39163.0
65.76119112968445, 39163.0
66.15760517120361, 39163.0
66.54774403572083, 39244.0
66.94225811958313, 39244.0
67.33911323547363, 39244.0
67.73454523086548, 39244.0
68.13053512573242, 39244.0
68.52310132980347, 39244.0
68.91992807388306, 39244.0
69.31811308860779, 39496.0
69.71468424797058, 39496.0
70.11227512359619, 39496.0
70.51067733764648, 39496.0
70.90685510635376, 39496.0
71.3068060874939, 39501.0
71.70481610298157, 39501.0
72.10274410247803, 39501.0
72.50044012069702, 39501.0
72.89635920524597, 39501.0
73.29849219322205, 39501.0
73.69497537612915, 39501.0
74.09187030792236, 39501.0
74.48616027832031, 39501.0
74.88000202178955, 39501.0
75.27651023864746, 39590.0
75.66868305206299, 39590.0
76.06816935539246, 39699.0
76.46187329292297, 39699.0
76.86042523384094, 39699.0
77.26079726219177, 39699.0
77.65901017189026, 39699.0
78.05737709999084, 39699.0
78.4555172920227, 39778.0
