0.00020885467529296875, 945.0
0.0004119873046875, 1904.0
0.0006227493286132812, 2425.0
0.0008249282836914062, 3038.0
0.001026153564453125, 3856.0
0.0012280941009521484, 4895.0
0.0014300346374511719, 5174.0
0.0018351078033447266, 5427.0
0.0022399425506591797, 5708.0
0.0044689178466796875, 5971.0
0.017863988876342773, 6139.0
0.01966381072998047, 6185.0
0.033792972564697266, 6290.0
0.03798198699951172, 6332.0
0.046015024185180664, 6476.0
0.05161094665527344, 6510.0
0.05361795425415039, 6643.0
0.057826995849609375, 6785.0
0.07590794563293457, 6890.0
0.09551596641540527, 6979.0
0.09770607948303223, 7088.0
0.14035511016845703, 7089.0
0.23299312591552734, 7177.0
0.2526228427886963, 7251.0
0.2552220821380615, 7377.0
0.2612149715423584, 7486.0
0.268049955368042, 7574.0
0.2710709571838379, 7647.0
0.2718839645385742, 7756.0
0.27649903297424316, 7776.0
0.291917085647583, 7779.0
0.2973167896270752, 7886.0
0.3214437961578369, 7986.0
0.3338639736175537, 8064.0
0.3360750675201416, 8143.0
0.34087395668029785, 8284.0
0.3674790859222412, 8361.0
0.3694908618927002, 8479.0
0.3770899772644043, 8649.0
0.3772919178009033, 8768.0
0.38369202613830566, 8787.0
0.38649916648864746, 8927.0
0.4013187885284424, 8989.0
0.40671682357788086, 9031.0
0.41073107719421387, 9053.0
0.4121589660644531, 9160.0
0.41276097297668457, 9287.0
0.5608000755310059, 9356.0
0.5694210529327393, 9486.0
0.5812230110168457, 9488.0
0.5852179527282715, 9579.0
0.7777318954467773, 9666.0
0.7813150882720947, 9763.0
0.7845048904418945, 9873.0
0.7873108386993408, 9921.0
0.8032708168029785, 9925.0
0.805474042892456, 10056.0
0.8090839385986328, 10067.0
0.8160629272460938, 10177.0
0.8196790218353271, 10185.0
0.8279118537902832, 10236.0
0.8303239345550537, 10270.0
0.836979866027832, 10302.0
0.8395998477935791, 10345.0
0.8434429168701172, 10414.0
0.8440530300140381, 10417.0
0.8442597389221191, 10583.0
0.8659980297088623, 10590.0
0.8756868839263916, 10690.0
0.8884549140930176, 10868.0
0.9355080127716064, 10871.0
3.557999849319458, 10887.0
3.5722708702087402, 10983.0
7.024769067764282, 11082.0
7.029583930969238, 11187.0
7.179685831069946, 11188.0
8.899215936660767, 11189.0
9.148347854614258, 11242.0
9.149593114852905, 11357.0
9.156532049179077, 11407.0
9.159811019897461, 11536.0
9.161646842956543, 11552.0
9.172655820846558, 11574.0
9.19175100326538, 11686.0
13.264051914215088, 11788.0
