4.7206878662109375e-05, 75.0
8.916854858398438e-05, 508.0
0.00017118453979492188, 969.0
0.0003681182861328125, 1014.0
0.011344194412231445, 1015.0
0.012296199798583984, 1023.0
0.013834238052368164, 1097.0
0.014002323150634766, 1098.0
0.017621278762817383, 1109.0
0.017705202102661133, 1110.0
0.02651214599609375, 1178.0
0.028416156768798828, 1191.0
0.030762195587158203, 1198.0
0.032525062561035156, 1210.0
0.032729148864746094, 1211.0
0.05020332336425781, 1249.0
0.06357121467590332, 1289.0
0.2947421073913574, 1290.0
0.299619197845459, 1311.0
0.2998201847076416, 1367.0
0.3226442337036133, 1382.0
