1.0524017810821533, 61719.0
1.800217628479004, 63094.0
2.539383888244629, 63713.0
3.2793257236480713, 64319.0
4.015106916427612, 65094.0
4.7819788455963135, 66507.0
5.534024953842163, 67109.0
6.2865400314331055, 67513.0
7.050171852111816, 69116.0
7.792953968048096, 69116.0
8.534860849380493, 69609.0
9.279538869857788, 70299.0
10.032506704330444, 70716.0
10.784863948822021, 71388.0
11.535092830657959, 71819.0
12.291882991790771, 72697.0
13.040809869766235, 73710.0
13.799158811569214, 73710.0
14.557008743286133, 74703.0
15.30982494354248, 75393.0
16.06182885169983, 76330.0
16.813719034194946, 76387.0
17.566089868545532, 77006.0
18.316998720169067, 78204.0
19.072091817855835, 78204.0
19.824506044387817, 79306.0
20.575448989868164, 79419.0
21.33087992668152, 79619.0
22.095362901687622, 80008.0
22.85452675819397, 81512.0
23.61274290084839, 81512.0
24.367856740951538, 81753.0
25.12508797645569, 81753.0
25.881719827651978, 82375.0
26.63869285583496, 82817.0
27.404688835144043, 83094.0
28.16769289970398, 84182.0
28.937323808670044, 84182.0
29.703210830688477, 84708.0
30.466734886169434, 85114.0
31.23252773284912, 85769.0
31.996614694595337, 86800.0
32.76198863983154, 86800.0
33.52677583694458, 86908.0
34.29407787322998, 88009.0
35.05850887298584, 88014.0
35.82565188407898, 88517.0
36.59158968925476, 89308.0
37.359665870666504, 89308.0
38.12736678123474, 89342.0
38.89606809616089, 89813.0
39.67552471160889, 90602.0
40.444453716278076, 91676.0
41.22429275512695, 91676.0
41.995887756347656, 92174.0
42.766944885253906, 92573.0
43.53942584991455, 92711.0
44.31082081794739, 92711.0
45.082196950912476, 93779.0
45.85652279853821, 93779.0
46.63966774940491, 93971.0
47.413214921951294, 94218.0
48.18880581855774, 94471.0
48.967917919158936, 94868.0
49.74675488471985, 95612.0
50.5346999168396, 95612.0
51.31246781349182, 96655.0
52.092389822006226, 96815.0
52.878965854644775, 96815.0
53.671875, 97601.0
54.46288204193115, 97601.0
55.251412868499756, 97722.0
56.04322290420532, 97913.0
56.829328775405884, 98896.0
57.61467790603638, 98896.0
58.40723395347595, 99164.0
59.19006085395813, 99164.0
59.978127002716064, 100192.0
60.761515855789185, 100192.0
61.55231976509094, 100415.0
62.34581184387207, 101002.0
63.14552068710327, 102917.0
63.93911600112915, 102917.0
64.7338547706604, 102917.0
65.52763104438782, 102945.0
66.32313275337219, 103203.0
67.11616683006287, 103912.0
67.91303396224976, 103912.0
68.70789289474487, 104509.0
69.50242877006531, 105294.0
70.30499768257141, 105294.0
71.10521483421326, 106008.0
71.90265274047852, 106008.0
72.7009220123291, 107319.0
73.49533486366272, 107319.0
74.29202389717102, 107319.0
75.08363580703735, 107319.0
75.88294792175293, 107458.0
76.68357801437378, 107916.0
77.47541785240173, 107916.0
78.2718448638916, 108302.0
79.0746169090271, 108607.0
79.87170076370239, 108607.0
80.66938591003418, 108607.0
81.47199392318726, 109176.0
82.27516102790833, 109176.0
83.07651877403259, 109176.0
83.87128686904907, 109700.0
84.67434883117676, 109700.0
85.47455406188965, 110008.0
86.28024387359619, 110503.0
87.08044195175171, 110503.0
87.88087391853333, 110709.0
88.68223977088928, 110709.0
89.48455286026001, 110885.0
90.286465883255, 111379.0
91.09220290184021, 111384.0
91.89391994476318, 111513.0
92.70594668388367, 111662.0
93.5153398513794, 112134.0
94.32882285118103, 112134.0
95.13294672966003, 112628.0
95.94290971755981, 112628.0
96.75540399551392, 112881.0
97.56568908691406, 113311.0
98.37725377082825, 113311.0
99.18572211265564, 113311.0
99.99809980392456, 113905.0
100.8085618019104, 113905.0
101.61544275283813, 113905.0
102.41886591911316, 113905.0
103.23147487640381, 114017.0
104.03817892074585, 114017.0
104.8501398563385, 114107.0
105.66074895858765, 114768.0
106.47242903709412, 114768.0
107.28949975967407, 114768.0
108.10292387008667, 114768.0
108.9185688495636, 114768.0
109.72913193702698, 115594.0
110.53786993026733, 115594.0
111.34872174263, 115971.0
112.16053175926208, 115971.0
112.97484278678894, 116511.0
113.78614282608032, 116511.0
114.59458780288696, 116511.0
115.40991187095642, 116511.0
116.22905278205872, 116604.0
117.04206776618958, 116986.0
117.85240387916565, 116986.0
118.66303396224976, 116986.0
119.47369694709778, 116988.0
120.2891309261322, 116988.0
121.10347580909729, 117802.0
121.91699504852295, 117802.0
122.72686195373535, 117802.0
123.54238295555115, 117802.0
124.35104203224182, 118292.0
125.16916704177856, 118595.0
125.98245978355408, 118595.0
126.79985976219177, 118595.0
127.61320185661316, 118647.0
128.4253408908844, 118798.0
129.24237775802612, 118798.0
130.0530607700348, 119483.0
130.8677899837494, 119483.0
131.68794178962708, 119483.0
132.50662970542908, 119581.0
133.32155585289001, 119592.0
134.13438296318054, 120077.0
134.95401787757874, 120077.0
135.7717318534851, 120216.0
136.5881199836731, 120216.0
137.41050171852112, 120216.0
138.22677183151245, 120278.0
139.04660296440125, 120278.0
139.85975980758667, 120309.0
140.66329288482666, 120447.0
141.46786665916443, 120508.0
142.2715356349945, 120712.0
143.07729768753052, 120990.0
143.8879690170288, 121015.0
144.70224404335022, 121015.0
145.5139148235321, 121587.0
146.3250937461853, 122588.0
147.134596824646, 122588.0
147.94621086120605, 122588.0
148.7563498020172, 122588.0
149.5777587890625, 122588.0
150.39408588409424, 123018.0
151.20942378044128, 123018.0
152.0224859714508, 123173.0
152.83752965927124, 123500.0
153.65324997901917, 123800.0
154.476322889328, 123800.0
155.30009579658508, 123800.0
156.12408185005188, 123800.0
156.950838804245, 123800.0
157.7792990207672, 123800.0
158.60794687271118, 124514.0
159.43532586097717, 124514.0
