0.517611026763916, 31605.0
0.8917808532714844, 32290.0
1.272218942642212, 32576.0
1.6455259323120117, 33482.0
2.0200018882751465, 33848.0
2.3931219577789307, 34584.0
2.771502733230591, 35301.0
3.143212080001831, 35867.0
3.5161080360412598, 35867.0
3.890944004058838, 36864.0
4.273820877075195, 36864.0
4.661911725997925, 37479.0
5.040162086486816, 38133.0
5.416287899017334, 38173.0
5.802280902862549, 38497.0
6.194401025772095, 38691.0
6.5849809646606445, 39603.0
6.969122886657715, 39603.0
7.347746849060059, 40945.0
7.726542711257935, 40945.0
8.10706377029419, 40945.0
8.49313473701477, 41496.0
8.880931854248047, 41694.0
9.267107725143433, 42186.0
9.649655103683472, 42186.0
10.037041902542114, 42486.0
10.424057722091675, 43276.0
10.80724573135376, 43276.0
11.195457935333252, 43674.0
11.588823795318604, 43992.0
11.97705602645874, 44303.0
12.367173910140991, 44303.0
12.752343654632568, 45334.0
13.145294904708862, 45334.0
13.531794786453247, 45392.0
13.917880773544312, 45688.0
14.303953886032104, 46349.0
14.691290855407715, 46575.0
15.079920768737793, 46685.0
15.474249839782715, 47273.0
15.867495775222778, 47273.0
16.25556993484497, 47599.0
16.645428895950317, 47721.0
17.04207491874695, 48021.0
17.43207097053528, 48189.0
17.821609020233154, 48898.0
18.21161389350891, 49105.0
18.602537870407104, 49155.0
18.994760990142822, 49694.0
19.386536836624146, 49730.0
19.777897834777832, 50693.0
20.17064595222473, 52198.0
20.56293511390686, 52198.0
20.961302995681763, 52198.0
21.35733675956726, 52198.0
21.7512629032135, 52198.0
22.146299839019775, 52198.0
22.54136300086975, 52301.0
22.937874794006348, 52390.0
23.335084676742554, 52456.0
23.736249923706055, 52483.0
24.131999015808105, 52586.0
24.533560752868652, 52889.0
24.93446183204651, 52889.0
25.33658194541931, 52934.0
25.732810974121094, 52975.0
26.12936782836914, 53188.0
26.530858993530273, 53536.0
26.931463956832886, 53547.0
27.32890486717224, 53805.0
27.730597734451294, 53992.0
28.132221937179565, 54062.0
28.529115915298462, 54062.0
28.925570726394653, 54166.0
29.324497938156128, 54603.0
29.724870920181274, 54621.0
30.12297487258911, 54638.0
30.526676893234253, 54638.0
30.928359985351562, 55044.0
31.32957696914673, 55312.0
31.732624769210815, 55312.0
32.13014078140259, 55312.0
32.53370809555054, 55671.0
32.938082695007324, 55846.0
33.34471297264099, 56138.0
33.75095987319946, 56200.0
34.1532039642334, 56200.0
34.557896852493286, 56267.0
34.95885181427002, 56450.0
35.364581823349, 56776.0
35.76478576660156, 56776.0
36.17086172103882, 56776.0
36.57165002822876, 56892.0
36.972641944885254, 56963.0
37.37719774246216, 57240.0
37.7779541015625, 57299.0
38.18150496482849, 57440.0
38.588074922561646, 57663.0
38.9937207698822, 57970.0
39.40341877937317, 57970.0
39.806143045425415, 58167.0
40.213886976242065, 58200.0
40.62066674232483, 59174.0
41.026527881622314, 59174.0
41.43651485443115, 59174.0
41.84131097793579, 59174.0
42.25096082687378, 59174.0
42.659265995025635, 59174.0
43.06723690032959, 59174.0
43.47320604324341, 59341.0
43.88379788398743, 59486.0
44.29497289657593, 59698.0
44.70424699783325, 59769.0
45.11899280548096, 59894.0
45.52855682373047, 59894.0
45.934489727020264, 59894.0
46.34375882148743, 60275.0
46.75394797325134, 60275.0
47.16403102874756, 60275.0
47.57538986206055, 60680.0
47.98650288581848, 60680.0
48.395190954208374, 60680.0
48.80455183982849, 60680.0
49.21502995491028, 61195.0
49.62504506111145, 61195.0
50.035085678100586, 61195.0
50.44264197349548, 61195.0
50.849721908569336, 61195.0
51.257797956466675, 61694.0
51.66691184043884, 61694.0
52.07417869567871, 61694.0
52.47869682312012, 61694.0
52.88402485847473, 61694.0
53.28877282142639, 61694.0
53.69849872589111, 61753.0
54.10768103599548, 62069.0
54.51363468170166, 62223.0
54.92165684700012, 62223.0
55.33018398284912, 62695.0
55.74043893814087, 62695.0
56.14886689186096, 62695.0
56.55751085281372, 62695.0
56.96643304824829, 62695.0
57.37536883354187, 62695.0
57.783071994781494, 62695.0
58.1894268989563, 62695.0
58.59904384613037, 62726.0
59.01111888885498, 62937.0
59.425071716308594, 62982.0
59.83697271347046, 63002.0
60.253458976745605, 63066.0
60.665926933288574, 63279.0
61.07780575752258, 63279.0
61.50029897689819, 63368.0
61.920572996139526, 63893.0
62.33513593673706, 63893.0
62.74622893333435, 63893.0
63.15767788887024, 63893.0
63.568678855895996, 64102.0
63.980792760849, 64102.0
64.39086484909058, 64102.0
64.80582976341248, 64102.0
65.21604776382446, 64155.0
65.63195967674255, 64155.0
66.04749798774719, 64155.0
66.46224474906921, 64326.0
66.88261675834656, 64401.0
67.29529881477356, 64401.0
67.70454502105713, 64401.0
68.11559700965881, 64401.0
68.52461385726929, 64439.0
68.93339967727661, 64439.0
69.34767007827759, 64538.0
69.76044273376465, 64604.0
70.17623400688171, 64796.0
70.59195971488953, 64796.0
71.00531196594238, 64796.0
71.41653490066528, 65005.0
71.83295392990112, 65399.0
72.24608993530273, 65494.0
72.65992093086243, 65494.0
73.07434391975403, 65494.0
73.48467588424683, 65494.0
73.8999547958374, 65494.0
74.31521368026733, 65494.0
74.7323088645935, 65494.0
75.14570593833923, 65494.0
75.56783485412598, 65494.0
75.98671007156372, 65494.0
76.40181303024292, 65801.0
76.82080388069153, 65801.0
77.23942303657532, 65801.0
77.65952897071838, 65801.0
78.08124589920044, 65801.0
78.50266194343567, 65884.0
78.92427492141724, 65884.0
79.34642887115479, 65923.0
79.76606583595276, 66190.0
80.18775606155396, 66190.0
80.60841989517212, 66190.0
81.0272707939148, 66190.0
