0.0009608268737792969, 874.0
0.0019190311431884766, 1423.0
0.0028619766235351562, 1613.0
0.00380706787109375, 1766.0
0.004750967025756836, 2477.0
0.005750894546508789, 2957.0
0.006723880767822266, 3366.0
0.007671833038330078, 3789.0
0.00861811637878418, 4647.0
0.009568929672241211, 5317.0
0.010514974594116211, 5480.0
0.011468887329101562, 6031.0
0.012430906295776367, 6758.0
0.0133819580078125, 7598.0
0.014330863952636719, 7993.0
0.015278816223144531, 8137.0
0.01622796058654785, 8560.0
0.017177820205688477, 9189.0
0.018133163452148438, 9768.0
0.01908111572265625, 10445.0
0.020048856735229492, 10742.0
0.021005868911743164, 11099.0
0.02195906639099121, 11414.0
0.0229189395904541, 12188.0
0.023877859115600586, 12364.0
0.024838924407958984, 13054.0
0.025789976119995117, 13476.0
0.026741743087768555, 13492.0
0.027693986892700195, 13991.0
0.028651952743530273, 14283.0
0.02960491180419922, 14301.0
0.03057694435119629, 14937.0
0.03155207633972168, 15649.0
0.032544851303100586, 16628.0
0.03351902961730957, 17145.0
0.034509897232055664, 17146.0
0.03548097610473633, 17366.0
0.03645491600036621, 18047.0
0.03743696212768555, 18935.0
0.0384221076965332, 19972.0
0.03938007354736328, 20638.0
0.04033184051513672, 21558.0
0.04127812385559082, 22210.0
0.04222607612609863, 22273.0
0.04316997528076172, 22523.0
0.04412078857421875, 23034.0
0.045068979263305664, 23699.0
0.04601788520812988, 24039.0
0.04697084426879883, 24560.0
0.04977703094482422, 24716.0
0.05072903633117676, 24754.0
0.07123684883117676, 24860.0
0.08240389823913574, 24861.0
0.08614206314086914, 24953.0
0.4225800037384033, 24998.0
0.4796719551086426, 25022.0
0.583096981048584, 25029.0
0.5929601192474365, 25114.0
1.162010908126831, 25179.0
1.2373950481414795, 25196.0
1.4215428829193115, 25248.0
1.4301369190216064, 25309.0
1.437791109085083, 25409.0
1.559790849685669, 25429.0
1.5617108345031738, 25442.0
1.6476459503173828, 25443.0
2.5066871643066406, 25556.0
2.760800838470459, 25641.0
2.7720999717712402, 25649.0
2.9317121505737305, 25721.0
2.9364230632781982, 25873.0
2.9869978427886963, 25926.0
3.0369420051574707, 26212.0
3.052090883255005, 26225.0
3.061486005783081, 26311.0
3.0633769035339355, 26312.0
3.093357801437378, 26367.0
3.1158080101013184, 26375.0
3.2841010093688965, 26439.0
3.3489999771118164, 26548.0
3.3499579429626465, 26549.0
3.358489990234375, 26557.0
3.3706979751586914, 26658.0
3.4446120262145996, 26659.0
3.482252836227417, 26795.0
3.486016035079956, 26951.0
3.59576416015625, 27047.0
3.661247968673706, 27146.0
3.67350697517395, 27148.0
3.6763439178466797, 27159.0
6.815655946731567, 27176.0
6.819620847702026, 27177.0
6.937115907669067, 27189.0
6.990325927734375, 27190.0
7.001153945922852, 27197.0
7.038486003875732, 27252.0
7.048363924026489, 27283.0
7.064095973968506, 27340.0
21.057870864868164, 27382.0
21.09298014640808, 27482.0
21.214881896972656, 27559.0
21.24024796485901, 27589.0
21.255847930908203, 27633.0
40.122159004211426, 27659.0
40.796255111694336, 27695.0
40.79822587966919, 27696.0
40.83327388763428, 27703.0
40.842034101486206, 27704.0
40.85758399963379, 27813.0
40.87411689758301, 27831.0
40.898425817489624, 27868.0
40.93825602531433, 27976.0
41.353251934051514, 28004.0
41.35622692108154, 28005.0
41.41179895401001, 28107.0
41.480119943618774, 28122.0
41.48597192764282, 28123.0
41.489890813827515, 28124.0
41.503543853759766, 28125.0
41.54451012611389, 28206.0
43.44376087188721, 28392.0
43.47067403793335, 28393.0
43.53973889350891, 28394.0
43.71258091926575, 28406.0
43.82961583137512, 28534.0
53.00548481941223, 28550.0
53.01921486854553, 28551.0
53.10930800437927, 28619.0
53.13383412361145, 28715.0
53.28970789909363, 28747.0
53.57069802284241, 28748.0
53.57953500747681, 28834.0
53.79384779930115, 28897.0
53.91276288032532, 28947.0
54.07265281677246, 28954.0
54.08842992782593, 28955.0
54.13367509841919, 28973.0
54.15439701080322, 28985.0
54.6659369468689, 29001.0
54.70415496826172, 29002.0
54.71984004974365, 29033.0
54.987653970718384, 29101.0
54.99747395515442, 29125.0
55.058976888656616, 29141.0
55.07264590263367, 29226.0
55.10682201385498, 29227.0
55.21139097213745, 29306.0
55.24658274650574, 29347.0
55.538049936294556, 29376.0
55.748910903930664, 29442.0
55.86638808250427, 29461.0
55.87420892715454, 29494.0
56.04220795631409, 29500.0
56.104320764541626, 29663.0
56.193608045578, 29669.0
56.238269090652466, 29709.0
56.275120973587036, 29710.0
57.79559302330017, 29778.0
57.82912278175354, 29804.0
57.96913003921509, 29824.0
58.09533190727234, 29834.0
58.13152503967285, 29921.0
58.14014506340027, 29945.0
58.25193691253662, 29948.0
59.8703339099884, 29962.0
60.114956855773926, 29983.0
60.27842593193054, 29997.0
60.39900302886963, 30115.0
60.405718088150024, 30116.0
60.503883838653564, 30270.0
61.103726863861084, 30291.0
61.10566210746765, 30292.0
61.207261085510254, 30302.0
61.27960681915283, 30361.0
61.45018696784973, 30388.0
62.05531883239746, 30417.0
62.132543087005615, 30465.0
62.13734197616577, 30597.0
62.22576904296875, 30702.0
62.32578897476196, 30801.0
62.52899384498596, 30908.0
62.533807039260864, 31028.0
62.57310080528259, 31064.0
62.63135600090027, 31122.0
62.68187713623047, 31123.0
62.78003907203674, 31208.0
64.01265907287598, 31223.0
64.02124190330505, 31254.0
64.06205606460571, 31461.0
64.12537884712219, 31477.0
64.13108396530151, 31478.0
65.63150405883789, 31498.0
66.89375185966492, 31518.0
66.99187397956848, 31549.0
67.52287793159485, 31625.0
67.62723994255066, 31680.0
67.63412690162659, 31771.0
67.64888095855713, 31772.0
67.67668390274048, 31798.0
67.6899209022522, 31808.0
67.69503998756409, 31809.0
68.45501184463501, 31856.0
68.60161280632019, 31868.0
69.09015679359436, 31888.0
69.62402486801147, 31956.0
69.64427995681763, 31974.0
69.688551902771, 31975.0
69.72066593170166, 32020.0
69.87747693061829, 32037.0
69.92471313476562, 32038.0
70.10784387588501, 32104.0
70.8622670173645, 32242.0
70.93523597717285, 32243.0
71.22678685188293, 32257.0
71.2287929058075, 32258.0
71.37049412727356, 32298.0
71.54278111457825, 32299.0
71.80315709114075, 32344.0
71.818030834198, 32357.0
71.97285985946655, 32358.0
72.32164478302002, 32403.0
72.3314700126648, 32404.0
72.7808129787445, 32435.0
73.62813186645508, 32438.0
73.98280000686646, 32449.0
73.98475193977356, 32592.0
74.03805303573608, 32608.0
74.06517314910889, 32694.0
74.55837202072144, 32807.0
74.66862177848816, 32808.0
74.82905983924866, 32809.0
75.27988481521606, 32824.0
75.35444688796997, 32835.0
75.46478796005249, 32860.0
75.60702180862427, 32887.0
75.66887497901917, 32998.0
75.84657287597656, 32999.0
77.2223858833313, 33043.0
78.1547601222992, 33096.0
78.34636878967285, 33097.0
78.58825397491455, 33114.0
79.83199501037598, 33180.0
80.33036398887634, 33184.0
80.51006078720093, 33199.0
81.50438404083252, 33213.0
81.64745688438416, 33214.0
83.24403500556946, 33221.0
83.5309100151062, 33222.0
84.27784895896912, 33321.0
84.96003293991089, 33325.0
85.7520649433136, 33326.0
88.84412503242493, 33342.0
96.56481099128723, 33343.0
98.79447102546692, 33355.0
