0.00041794776916503906, 219.0
0.0008268356323242188, 931.0
0.0012359619140625, 1796.0
0.0016450881958007812, 2262.0
0.002054929733276367, 3179.0
0.002466917037963867, 3911.0
0.0028967857360839844, 4748.0
0.003310680389404297, 4832.0
0.003721952438354492, 4849.0
0.0041348934173583984, 5633.0
0.004550933837890625, 6040.0
0.004962921142578125, 6398.0
0.005372762680053711, 6968.0
0.0057828426361083984, 7513.0
0.006193876266479492, 7960.0
0.0066258907318115234, 8733.0
0.007064104080200195, 8770.0
0.007505893707275391, 8960.0
0.007942914962768555, 9066.0
0.008384943008422852, 9649.0
0.008806943893432617, 10302.0
0.011341094970703125, 10718.0
0.01540994644165039, 11410.0
0.023608922958374023, 12063.0
0.03252887725830078, 12147.0
0.043411970138549805, 12788.0
0.0680079460144043, 12938.0
0.07526803016662598, 13421.0
0.12001204490661621, 13552.0
0.1357579231262207, 13705.0
0.13737082481384277, 13787.0
0.1470329761505127, 14676.0
0.14995884895324707, 14967.0
0.17771387100219727, 15129.0
0.1785290241241455, 15845.0
0.17893767356872559, 16537.0
0.18015694618225098, 16778.0
0.19304180145263672, 17725.0
0.19747686386108398, 18279.0
0.20353484153747559, 18491.0
0.24025177955627441, 18598.0
0.24679803848266602, 19437.0
0.2754380702972412, 20396.0
0.29436373710632324, 20954.0
0.296375036239624, 21840.0
0.29879188537597656, 22714.0
0.30606985092163086, 22772.0
0.31571507453918457, 22799.0
0.39644598960876465, 23282.0
0.400831937789917, 23479.0
0.407634973526001, 23565.0
0.43628382682800293, 23857.0
0.4445829391479492, 23945.0
0.4653470516204834, 24450.0
0.47765088081359863, 25281.0
0.4919097423553467, 25970.0
0.4994239807128906, 26165.0
0.5223908424377441, 26344.0
0.5884578227996826, 26516.0
0.6288597583770752, 26801.0
0.6666207313537598, 27214.0
0.6829040050506592, 27333.0
0.7014498710632324, 27363.0
0.705920934677124, 28185.0
0.7099299430847168, 28673.0
0.7135810852050781, 28904.0
0.7143819332122803, 29333.0
0.7151908874511719, 29986.0
0.7159919738769531, 30510.0
0.7171919345855713, 31358.0
0.7179899215698242, 32100.0
0.7236237525939941, 32358.0
0.8220038414001465, 32587.0
0.8350567817687988, 33236.0
0.875870943069458, 33398.0
0.8908720016479492, 33910.0
0.894446849822998, 34128.0
0.9256658554077148, 34817.0
0.9654219150543213, 35006.0
1.2183878421783447, 35154.0
1.3563458919525146, 35694.0
1.4411568641662598, 36449.0
1.4423611164093018, 37179.0
1.464078664779663, 37858.0
1.4989469051361084, 37944.0
1.5042078495025635, 38079.0
1.5333459377288818, 38938.0
1.763056755065918, 39394.0
1.8279428482055664, 40208.0
1.8471307754516602, 40870.0
1.8611478805541992, 41484.0
1.9298229217529297, 42113.0
1.9382038116455078, 42316.0
1.9386098384857178, 42395.0
1.943037986755371, 42526.0
1.9544239044189453, 43296.0
2.0401268005371094, 43646.0
2.112116813659668, 43807.0
2.2292537689208984, 44546.0
2.2455968856811523, 45427.0
2.2566909790039062, 45841.0
2.262248992919922, 45857.0
2.797661781311035, 46679.0
2.8679609298706055, 46968.0
2.9437029361724854, 47234.0
2.9502079486846924, 47450.0
2.9617369174957275, 47613.0
2.9851698875427246, 47925.0
2.9915220737457275, 48207.0
3.1984148025512695, 48658.0
3.1988227367401123, 48890.0
3.2114768028259277, 49443.0
4.1195409297943115, 49476.0
4.135721921920776, 50237.0
4.136152982711792, 50614.0
4.143398761749268, 51022.0
4.164474725723267, 51101.0
4.173949956893921, 51782.0
4.177280902862549, 52677.0
4.188386917114258, 52700.0
4.203146934509277, 52895.0
4.273752927780151, 53313.0
4.281139850616455, 54013.0
4.2831947803497314, 54141.0
4.293053865432739, 54798.0
4.29716682434082, 54827.0
4.3207688331604, 54986.0
4.326530933380127, 55126.0
5.448882818222046, 55555.0
5.457329750061035, 56051.0
5.461974859237671, 56060.0
5.47636079788208, 56506.0
5.478012800216675, 56746.0
5.478430986404419, 57120.0
5.48090386390686, 57202.0
5.498257875442505, 57932.0
8.867687940597534, 58047.0
8.868497848510742, 58700.0
12.191044092178345, 59330.0
12.206548929214478, 59884.0
12.22802996635437, 59962.0
12.237185955047607, 60479.0
12.239981889724731, 60507.0
12.455374717712402, 60667.0
12.55137300491333, 61080.0
12.561704874038696, 61390.0
12.564095973968506, 62374.0
15.368575811386108, 62616.0
15.421118974685669, 62871.0
15.424340963363647, 63782.0
15.481695890426636, 64221.0
15.485316038131714, 64240.0
15.586766719818115, 64629.0
15.58995509147644, 64704.0
15.59274172782898, 65649.0
16.0123770236969, 66023.0
16.023509979248047, 66053.0
16.069742679595947, 66256.0
16.63268494606018, 66267.0
16.650194883346558, 66861.0
16.717200756072998, 67148.0
17.169700860977173, 67462.0
17.17445397377014, 67553.0
17.204171895980835, 68280.0
17.21132802963257, 69138.0
17.377270936965942, 69194.0
17.472606897354126, 69241.0
17.48174786567688, 69446.0
17.506706953048706, 70446.0
17.52458906173706, 70714.0
17.531721830368042, 71333.0
17.559879779815674, 71707.0
17.563840866088867, 71902.0
17.9931640625, 72014.0
18.050775051116943, 72114.0
18.080744981765747, 72218.0
18.093973875045776, 72228.0
18.21846079826355, 72443.0
18.229750871658325, 72960.0
18.272198915481567, 73915.0
18.3084237575531, 74291.0
18.38620686531067, 74393.0
18.46891188621521, 74522.0
18.480655908584595, 75100.0
18.52231502532959, 75374.0
18.68376588821411, 75413.0
18.862700939178467, 75912.0
18.867321729660034, 76214.0
18.87543797492981, 76893.0
18.929110050201416, 77105.0
18.932612895965576, 77244.0
18.939624786376953, 77313.0
18.953000783920288, 77646.0
19.0085129737854, 78200.0
19.029947757720947, 78461.0
19.038471937179565, 79135.0
19.073190927505493, 79388.0
19.07941198348999, 79834.0
19.188071966171265, 80191.0
19.38473391532898, 80322.0
19.534717798233032, 80539.0
19.574880838394165, 80788.0
19.677804946899414, 81232.0
19.700878858566284, 81508.0
19.71874690055847, 82365.0
19.741727828979492, 82456.0
20.082839965820312, 82502.0
20.09833288192749, 82585.0
20.31073307991028, 82734.0
20.3450767993927, 82945.0
20.542075872421265, 83490.0
21.11460781097412, 84304.0
21.377188682556152, 84470.0
21.403018951416016, 84572.0
21.610132932662964, 84854.0
21.67981791496277, 84938.0
22.423982858657837, 85317.0
23.41453790664673, 85731.0
23.415339946746826, 85852.0
23.500462770462036, 86052.0
23.610915660858154, 86310.0
24.17247200012207, 86763.0
24.537810802459717, 86765.0
25.96660590171814, 86849.0
