0.011533975601196289, 7.0
0.011729240417480469, 10.0
0.011825084686279297, 25.0
0.012011051177978516, 28.0
0.012153148651123047, 31.0
0.012387990951538086, 34.0
0.012530088424682617, 52.0
0.01335906982421875, 81.0
0.015418052673339844, 85.0
0.0157930850982666, 89.0
0.016694068908691406, 91.0
0.01703023910522461, 97.0
0.017698049545288086, 106.0
0.018368005752563477, 110.0
0.020038127899169922, 114.0
0.020893096923828125, 116.0
0.021947145462036133, 138.0
0.02271413803100586, 149.0
0.02409505844116211, 150.0
0.024953126907348633, 152.0
0.02529311180114746, 174.0
0.026262998580932617, 180.0
0.027283191680908203, 201.0
0.028332948684692383, 225.0
0.029827117919921875, 241.0
0.033396244049072266, 254.0
0.03616619110107422, 282.0
0.03894209861755371, 286.0
0.04175829887390137, 295.0
0.04358506202697754, 302.0
0.047415971755981445, 303.0
0.04965806007385254, 310.0
0.056466102600097656, 315.0
0.05815005302429199, 342.0
0.06452703475952148, 356.0
0.0662381649017334, 364.0
0.06834912300109863, 368.0
0.07191109657287598, 379.0
0.08538317680358887, 397.0
0.09188294410705566, 405.0
0.10467910766601562, 439.0
0.10753607749938965, 446.0
0.11102890968322754, 450.0
0.11442708969116211, 462.0
0.12773919105529785, 466.0
0.13087105751037598, 475.0
0.13358402252197266, 516.0
0.1392230987548828, 536.0
0.1431732177734375, 562.0
0.1553041934967041, 650.0
0.16296696662902832, 673.0
0.16903328895568848, 711.0
0.17618417739868164, 724.0
0.1846179962158203, 729.0
0.19404006004333496, 735.0
0.20545101165771484, 794.0
0.21967196464538574, 804.0
0.22663593292236328, 811.0
0.24014616012573242, 838.0
0.24907803535461426, 857.0
0.2579481601715088, 858.0
0.2646610736846924, 873.0
0.2700841426849365, 893.0
0.2776639461517334, 912.0
0.30127525329589844, 919.0
0.3182981014251709, 923.0
0.3392171859741211, 928.0
0.3694000244140625, 933.0
0.39620208740234375, 962.0
0.40876102447509766, 987.0
0.41736698150634766, 1013.0
0.42666101455688477, 1034.0
0.4355661869049072, 1047.0
0.4512171745300293, 1065.0
0.46798205375671387, 1084.0
0.47843194007873535, 1113.0
0.5011310577392578, 1138.0
0.5064849853515625, 1160.0
0.5550389289855957, 1220.0
0.576592206954956, 1224.0
0.5904791355133057, 1228.0
0.6085162162780762, 1263.0
0.6135921478271484, 1285.0
0.6193599700927734, 1289.0
0.6353919506072998, 1341.0
0.6498229503631592, 1342.0
0.6619260311126709, 1370.0
0.6829140186309814, 1376.0
0.6997511386871338, 1377.0
0.7152760028839111, 1426.0
0.726182222366333, 1430.0
0.7311983108520508, 1456.0
0.7381761074066162, 1499.0
0.748237133026123, 1537.0
0.7801809310913086, 1541.0
0.7929031848907471, 1550.0
0.8004899024963379, 1567.0
0.8081362247467041, 1602.0
0.8213660717010498, 1604.0
0.8300368785858154, 1612.0
0.8919939994812012, 1636.0
0.9005451202392578, 1659.0
0.9386742115020752, 1681.0
0.9762270450592041, 1689.0
1.0068490505218506, 1718.0
1.0262770652770996, 1724.0
1.049407958984375, 1728.0
1.0979421138763428, 1729.0
1.1066029071807861, 1764.0
1.1247379779815674, 1768.0
1.1385142803192139, 1775.0
1.1976969242095947, 1779.0
1.2217371463775635, 1847.0
1.233109951019287, 1851.0
1.2450230121612549, 1859.0
1.2681269645690918, 1918.0
1.2790441513061523, 1922.0
1.301995038986206, 1936.0
1.3109760284423828, 1967.0
1.3176109790802002, 1968.0
1.3290741443634033, 1976.0
1.3408832550048828, 1992.0
1.3572499752044678, 1995.0
1.3777682781219482, 2040.0
1.3899741172790527, 2057.0
1.405928134918213, 2081.0
1.427793264389038, 2110.0
1.4374608993530273, 2111.0
1.448838233947754, 2148.0
1.4498181343078613, 2153.0
1.4869191646575928, 2162.0
1.4958581924438477, 2207.0
1.5117881298065186, 2234.0
1.5211079120635986, 2315.0
1.536931037902832, 2324.0
1.5676159858703613, 2334.0
1.5866942405700684, 2370.0
1.600389003753662, 2381.0
1.6120250225067139, 2478.0
1.613908052444458, 2489.0
1.6235451698303223, 2498.0
1.6389522552490234, 2556.0
1.6518352031707764, 2564.0
1.6639771461486816, 2580.0
1.6748731136322021, 2588.0
1.6881442070007324, 2646.0
1.7019009590148926, 2677.0
1.7123990058898926, 2701.0
1.7368083000183105, 2735.0
1.7561850547790527, 2778.0
1.8214571475982666, 2779.0
1.83235502243042, 2792.0
1.8429501056671143, 2800.0
1.8526830673217773, 2858.0
1.8625471591949463, 2882.0
1.8938679695129395, 2912.0
1.9041080474853516, 2933.0
1.9174730777740479, 2937.0
1.9452641010284424, 2945.0
1.9639840126037598, 2988.0
1.9714291095733643, 2989.0
1.9952590465545654, 3046.0
2.0048859119415283, 3089.0
2.0189292430877686, 3098.0
2.028538227081299, 3141.0
2.0483062267303467, 3150.0
2.0663561820983887, 3226.0
2.0701701641082764, 3235.0
2.091707229614258, 3287.0
2.1049692630767822, 3296.0
2.13521409034729, 3338.0
2.1478068828582764, 3346.0
2.177061080932617, 3353.0
2.2028310298919678, 3417.0
2.217564105987549, 3469.0
2.2281432151794434, 3492.0
2.2779619693756104, 3568.0
2.287935972213745, 3620.0
2.3046913146972656, 3657.0
2.3149821758270264, 3680.0
2.333566904067993, 3719.0
2.369760036468506, 3720.0
2.37974214553833, 3798.0
2.3897762298583984, 3850.0
2.4009761810302734, 3859.0
2.4182472229003906, 3916.0
2.456078052520752, 3980.0
2.4677340984344482, 4047.0
2.479581117630005, 4066.0
2.497642993927002, 4072.0
2.5139710903167725, 4079.0
2.531538248062134, 4194.0
2.5365922451019287, 4254.0
2.5523922443389893, 4264.0
2.5640931129455566, 4271.0
2.577683925628662, 4280.0
2.589907169342041, 4320.0
2.601278305053711, 4327.0
2.619126081466675, 4384.0
2.6422109603881836, 4457.0
2.6518499851226807, 4500.0
2.665364980697632, 4581.0
2.676851272583008, 4679.0
2.6779701709747314, 4711.0
2.7129111289978027, 4730.0
2.724229097366333, 4737.0
2.737666130065918, 4769.0
2.8090221881866455, 4809.0
2.8197131156921387, 4955.0
2.8345541954040527, 4988.0
2.8451380729675293, 4995.0
2.8573710918426514, 5028.0
2.9046552181243896, 5074.0
2.9220430850982666, 5078.0
2.9327402114868164, 5224.0
2.9499502182006836, 5270.0
2.961993932723999, 5336.0
2.9732022285461426, 5434.0
2.984276056289673, 5466.0
2.9973130226135254, 5471.0
3.0086750984191895, 5503.0
3.0296640396118164, 5562.0
3.0302791595458984, 5594.0
3.0420773029327393, 5605.0
3.0637879371643066, 5623.0
3.0756499767303467, 5656.0
3.1010091304779053, 5661.0
3.12186598777771, 5769.0
3.1330020427703857, 5817.0
3.144852876663208, 5857.0
3.1555111408233643, 5889.0
3.1677780151367188, 5902.0
3.1844871044158936, 5931.0
3.1952590942382812, 5963.0
3.2099251747131348, 6017.0
3.230933904647827, 6019.0
3.2429730892181396, 6059.0
3.2536470890045166, 6091.0
3.2844619750976562, 6120.0
3.2952382564544678, 6229.0
3.32715106010437, 6337.0
3.341369152069092, 6465.0
3.3456733226776123, 6487.0
3.3564422130584717, 6585.0
3.3730580806732178, 6622.0
3.4016950130462646, 6668.0
3.4032812118530273, 6697.0
3.4049110412597656, 6705.0
3.417518138885498, 6751.0
3.4323370456695557, 6781.0
3.444303035736084, 6785.0
3.4565470218658447, 6825.0
3.466963291168213, 6857.0
3.479454278945923, 6879.0
3.496286153793335, 6894.0
3.5176749229431152, 6957.0
3.54195499420166, 6999.0
3.552428960800171, 7031.0
3.5667409896850586, 7035.0
3.5778400897979736, 7075.0
3.5894482135772705, 7083.0
3.6016621589660645, 7159.0
3.6250202655792236, 7188.0
3.646182060241699, 7192.0
3.6623148918151855, 7237.0
3.675065040588379, 7276.0
3.7059922218322754, 7342.0
3.7073700428009033, 7350.0
3.7176711559295654, 7382.0
3.733905076980591, 7394.0
3.7717108726501465, 7532.0
3.771807909011841, 7564.0
3.7824931144714355, 7662.0
3.788137912750244, 7676.0
3.800222158432007, 7684.0
3.822174310684204, 7713.0
3.8421990871429443, 7740.0
3.855567216873169, 7831.0
3.871458053588867, 7860.0
3.882714033126831, 7868.0
3.9021990299224854, 7897.0
3.9176931381225586, 7960.0
3.930647134780884, 7994.0
3.9423470497131348, 8034.0
3.965874195098877, 8064.0
3.976379156112671, 8162.0
3.9964420795440674, 8184.0
4.016103267669678, 8331.0
4.017903089523315, 8368.0
4.038462162017822, 8440.0
4.050119161605835, 8480.0
4.068742036819458, 8662.0
4.085886240005493, 8817.0
4.103014230728149, 8900.0
4.118246078491211, 8929.0
4.142654895782471, 8972.0
4.143779993057251, 9012.0
4.171407222747803, 9049.0
4.183617115020752, 9081.0
4.200988054275513, 9094.0
4.226088285446167, 9137.0
4.23771595954895, 9177.0
4.266829967498779, 9214.0
4.279369115829468, 9246.0
4.295594930648804, 9249.0
4.322292327880859, 9292.0
4.3344480991363525, 9332.0
4.365666151046753, 9369.0
4.378516912460327, 9401.0
4.3978002071380615, 9427.0
4.424406051635742, 9444.0
4.437495946884155, 9538.0
4.457873106002808, 9611.0
4.477698087692261, 9618.0
4.490455150604248, 9712.0
4.505364894866943, 9792.0
4.5054709911346436, 9832.0
4.526275157928467, 9869.0
4.560034990310669, 9936.0
4.573086261749268, 9984.0
4.592647075653076, 10019.0
4.618825912475586, 10091.0
4.632036209106445, 10139.0
4.6748552322387695, 10174.0
4.686858892440796, 10214.0
4.719305992126465, 10251.0
4.731993198394775, 10283.0
4.747959136962891, 10305.0
4.75847315788269, 10345.0
4.772743225097656, 10388.0
4.793195009231567, 10395.0
4.806018114089966, 10403.0
4.818962097167969, 10407.0
4.829468250274658, 10505.0
4.842911958694458, 10639.0
4.855258226394653, 10660.0
4.870710134506226, 10669.0
4.881804943084717, 10677.0
4.90104603767395, 10764.0
4.90369987487793, 10810.0
4.907591104507446, 10824.0
4.918936014175415, 10832.0
4.93852424621582, 10919.0
4.972234010696411, 11005.0
4.990118026733398, 11042.0
5.001981258392334, 11074.0
5.019742250442505, 11081.0
5.039149045944214, 11168.0
5.052746057510376, 11186.0
5.066306114196777, 11198.0
5.07680606842041, 11238.0
