0.05008411407470703, 3028.0
0.08730411529541016, 3143.0
0.12487316131591797, 3143.0
0.1623389720916748, 3309.0
0.19985413551330566, 3309.0
0.23743820190429688, 3309.0
0.27511000633239746, 3309.0
0.31284594535827637, 3316.0
0.3507401943206787, 3690.0
0.38860321044921875, 3690.0
0.4266202449798584, 3782.0
0.46454811096191406, 3782.0
0.502561092376709, 3782.0
0.540647029876709, 3782.0
0.5787889957427979, 3782.0
0.6169161796569824, 3916.0
0.6550791263580322, 3916.0
0.6933450698852539, 3916.0
0.7316689491271973, 3916.0
0.7699801921844482, 3970.0
0.8084170818328857, 3970.0
0.8469791412353516, 4047.0
0.8856239318847656, 4047.0
0.9241130352020264, 4049.0
0.9627120494842529, 4077.0
1.0012261867523193, 4125.0
1.0409510135650635, 4174.0
1.0795791149139404, 4174.0
1.1181530952453613, 4174.0
1.1567552089691162, 4241.0
1.195328950881958, 4241.0
1.233924150466919, 4241.0
1.2726361751556396, 4241.0
1.3113219738006592, 4259.0
1.3503921031951904, 4259.0
1.3893511295318604, 4302.0
1.429271936416626, 4368.0
1.4684362411499023, 4368.0
1.5075209140777588, 4368.0
1.5467040538787842, 4368.0
1.5857861042022705, 4368.0
1.6256120204925537, 4368.0
1.6651370525360107, 4368.0
1.7041890621185303, 4368.0
1.7433702945709229, 4368.0
1.7824041843414307, 4368.0
1.8217451572418213, 4378.0
1.860832929611206, 4378.0
1.900738000869751, 4378.0
1.9403340816497803, 4403.0
1.9796571731567383, 4414.0
2.0189759731292725, 4418.0
2.0585851669311523, 4418.0
2.0981240272521973, 4418.0
2.13753604888916, 4465.0
2.1769580841064453, 4465.0
2.216337203979492, 4488.0
2.2561280727386475, 4488.0
2.295591115951538, 4488.0
2.33516788482666, 4488.0
2.3745930194854736, 4488.0
2.4139931201934814, 4488.0
2.453495979309082, 4488.0
2.4931540489196777, 4488.0
2.5326409339904785, 4488.0
2.572071075439453, 4488.0
2.611697196960449, 4488.0
2.6513619422912598, 4488.0
2.690793991088867, 4488.0
2.73046612739563, 4488.0
2.769834041595459, 4488.0
2.809211015701294, 4517.0
2.848757028579712, 4517.0
2.888045072555542, 4517.0
2.927316188812256, 4517.0
2.966597080230713, 4517.0
3.0058231353759766, 4517.0
3.0459511280059814, 4517.0
3.0859100818634033, 4517.0
3.125188112258911, 4517.0
3.1648430824279785, 4517.0
3.204637050628662, 4517.0
3.2442820072174072, 4517.0
3.2837140560150146, 4517.0
3.3230161666870117, 4517.0
3.3628180027008057, 4517.0
3.402099132537842, 4517.0
3.4415810108184814, 4517.0
3.48098087310791, 4517.0
3.520479202270508, 4517.0
3.5598812103271484, 4517.0
3.5993242263793945, 4519.0
3.6388111114501953, 4519.0
3.679779052734375, 4519.0
3.7191312313079834, 4519.0
3.7586281299591064, 4519.0
3.7979791164398193, 4519.0
3.837472915649414, 4519.0
3.8769121170043945, 4519.0
3.916152000427246, 4519.0
3.9555981159210205, 4519.0
3.9950010776519775, 4519.0
4.034536123275757, 4519.0
4.073929309844971, 4519.0
4.113507986068726, 4519.0
4.153208017349243, 4519.0
4.193036079406738, 4519.0
4.23284125328064, 4519.0
4.272799968719482, 4519.0
4.312632083892822, 4519.0
4.35263991355896, 4519.0
4.3926682472229, 4519.0
4.432817220687866, 4519.0
4.472870111465454, 4519.0
4.5137200355529785, 4519.0
4.554843187332153, 4519.0
4.595624208450317, 4519.0
4.636828184127808, 4519.0
4.678807020187378, 4519.0
4.719388246536255, 4519.0
4.7599921226501465, 4519.0
4.800405979156494, 4519.0
4.841058015823364, 4519.0
4.881799221038818, 4519.0
4.922670125961304, 4519.0
4.963486194610596, 4519.0
5.003547191619873, 4519.0
5.043304204940796, 4519.0
5.08289098739624, 4519.0
5.122486114501953, 4519.0
5.162079095840454, 4519.0
5.201879978179932, 4519.0
5.241590976715088, 4519.0
5.281198024749756, 4519.0
5.320811986923218, 4519.0
5.360558032989502, 4519.0
5.400123119354248, 4519.0
5.439840078353882, 4519.0
5.479456901550293, 4519.0
5.519155263900757, 4519.0
5.558879137039185, 4519.0
5.598408222198486, 4519.0
5.638189077377319, 4519.0
5.678009033203125, 4519.0
5.718651056289673, 4519.0
5.758470058441162, 4519.0
5.797969102859497, 4519.0
5.8377180099487305, 4519.0
5.87736701965332, 4519.0
5.916979074478149, 4519.0
5.956571102142334, 4519.0
5.996045112609863, 4519.0
6.0365049839019775, 4519.0
6.07636022567749, 4519.0
6.115866184234619, 4519.0
6.155362129211426, 4519.0
6.194873094558716, 4519.0
6.234812021255493, 4519.0
6.274282932281494, 4519.0
6.313680171966553, 4519.0
6.353416204452515, 4519.0
6.392909049987793, 4519.0
6.432654142379761, 4519.0
6.47251296043396, 4519.0
6.513092041015625, 4519.0
6.553660154342651, 4519.0
6.594032049179077, 4519.0
6.635249137878418, 4519.0
6.677298069000244, 4519.0
6.71779203414917, 4519.0
6.758410930633545, 4519.0
6.798941135406494, 4519.0
6.839763164520264, 4519.0
6.880775213241577, 4519.0
6.92200493812561, 4519.0
6.963053941726685, 4519.0
7.003190040588379, 4519.0
7.043249130249023, 4519.0
7.083174228668213, 4519.0
7.123171091079712, 4519.0
7.162889242172241, 4519.0
7.2029290199279785, 4519.0
7.242808103561401, 4519.0
7.282613039016724, 4519.0
7.322511196136475, 4519.0
7.362384080886841, 4519.0
7.40201210975647, 4519.0
7.441882133483887, 4519.0
7.481626033782959, 4519.0
7.521878957748413, 4519.0
7.561482906341553, 4519.0
7.60099196434021, 4519.0
7.640897035598755, 4519.0
7.680485010147095, 4519.0
7.7211902141571045, 4519.0
7.761667966842651, 4519.0
7.801131963729858, 4519.0
7.840842247009277, 4519.0
7.880398988723755, 4519.0
7.919997215270996, 4519.0
7.959682941436768, 4519.0
