0.00011301040649414062, 395.0
0.0002200603485107422, 552.0
0.0003268718719482422, 748.0
0.00043392181396484375, 749.0
0.0005409717559814453, 1240.0
0.0006477832794189453, 1644.0
0.0007560253143310547, 1995.0
0.0009679794311523438, 2477.0
0.0010747909545898438, 2478.0
0.00191497802734375, 2545.0
0.002440929412841797, 2642.0
0.08498001098632812, 2674.0
0.09891819953918457, 2710.0
0.10524797439575195, 2771.0
0.1080009937286377, 2784.0
0.11031794548034668, 2801.0
0.11492490768432617, 2864.0
0.11523890495300293, 2905.0
0.11798405647277832, 2961.0
0.27730512619018555, 3012.0
0.2779359817504883, 3013.0
0.28528308868408203, 3062.0
0.3782060146331787, 3130.0
0.3816659450531006, 3132.0
0.5196390151977539, 3230.0
1.4058148860931396, 3320.0
1.4076950550079346, 3375.0
1.7436878681182861, 3471.0
3.674859046936035, 3493.0
3.6781418323516846, 3518.0
3.6808021068573, 3574.0
5.400473117828369, 3603.0
5.406343936920166, 3604.0
5.414557933807373, 3645.0
