0.001010894775390625, 702.0
0.002023935317993164, 1661.0
0.0030379295349121094, 2016.0
0.004106044769287109, 2835.0
0.0051419734954833984, 3095.0
0.006162881851196289, 3466.0
0.007177829742431641, 4004.0
0.0081939697265625, 4953.0
0.009207010269165039, 5372.0
0.010217905044555664, 6317.0
0.011228799819946289, 6836.0
0.012258052825927734, 6882.0
0.013271093368530273, 7320.0
0.014281988143920898, 8096.0
0.015295982360839844, 8649.0
0.01630687713623047, 9683.0
0.01731395721435547, 10165.0
0.018329143524169922, 11171.0
0.019336938858032227, 12154.0
0.020341873168945312, 12264.0
0.0213470458984375, 12467.0
0.02235698699951172, 12517.0
0.02336573600769043, 12832.0
0.02438497543334961, 13150.0
0.025391101837158203, 13889.0
0.026401042938232422, 14099.0
0.028392791748046875, 14485.0
0.02939891815185547, 15333.0
0.03139615058898926, 16064.0
0.032402992248535156, 16974.0
0.03341484069824219, 18048.0
0.03442978858947754, 18101.0
0.03545498847961426, 18524.0
0.03646492958068848, 19359.0
0.03748202323913574, 19907.0
0.03848695755004883, 20305.0
0.03949379920959473, 20841.0
0.040496826171875, 21152.0
0.041506052017211914, 22039.0
0.042510032653808594, 23130.0
0.043515920639038086, 23335.0
0.04452395439147949, 23616.0
0.04553079605102539, 23736.0
0.04654693603515625, 24503.0
0.04755687713623047, 25452.0
0.04957270622253418, 25642.0
0.05158495903015137, 25751.0
0.06454300880432129, 25769.0
0.0665290355682373, 25770.0
0.07340478897094727, 25875.0
0.21808290481567383, 25898.0
0.25087690353393555, 25899.0
0.510267972946167, 25904.0
0.5525188446044922, 25915.0
0.5798368453979492, 25916.0
0.5958929061889648, 25917.0
0.7315959930419922, 25979.0
0.7410390377044678, 26081.0
0.7975537776947021, 26173.0
0.8126280307769775, 26176.0
0.8502998352050781, 26343.0
1.159883975982666, 26364.0
1.1702618598937988, 26365.0
1.6570618152618408, 26399.0
1.6928167343139648, 26485.0
1.7060139179229736, 26509.0
1.752037763595581, 26517.0
1.7764558792114258, 26558.0
1.783992052078247, 26559.0
1.8638479709625244, 26574.0
1.9945857524871826, 26612.0
2.005002975463867, 26731.0
2.256070852279663, 26779.0
2.307525873184204, 26824.0
2.410193920135498, 26891.0
2.4727659225463867, 26898.0
15.584101915359497, 26920.0
16.003314971923828, 26982.0
16.01013708114624, 27071.0
16.18589687347412, 27079.0
16.194576740264893, 27156.0
16.202306032180786, 27166.0
16.205212831497192, 27195.0
16.31647300720215, 27205.0
16.323253870010376, 27297.0
28.76910901069641, 27405.0
28.78835391998291, 27462.0
28.794161796569824, 27463.0
43.91883683204651, 27490.0
43.92363500595093, 27491.0
43.943729877471924, 27502.0
44.0305700302124, 27529.0
44.10969805717468, 27574.0
44.654287815093994, 27727.0
51.06115388870239, 27780.0
51.0795259475708, 27864.0
51.085367918014526, 27976.0
51.68107295036316, 27995.0
51.69556403160095, 27996.0
51.713846921920776, 28032.0
51.72928786277771, 28087.0
51.74470591545105, 28136.0
51.77072477340698, 28151.0
51.85166001319885, 28208.0
51.86417579650879, 28234.0
51.972862005233765, 28313.0
52.00173211097717, 28372.0
52.03739905357361, 28398.0
52.04510998725891, 28404.0
52.11714291572571, 28466.0
52.131590843200684, 28533.0
52.17296290397644, 28622.0
52.38104701042175, 28627.0
52.55529999732971, 28631.0
52.58234786987305, 28636.0
53.29042100906372, 28650.0
53.34596610069275, 28712.0
53.43963384628296, 28806.0
53.49346303939819, 28892.0
53.52323794364929, 28977.0
53.603626012802124, 28985.0
54.76127481460571, 29100.0
54.76983594894409, 29140.0
55.022053956985474, 29241.0
55.036277055740356, 29316.0
55.04387593269348, 29388.0
55.10939693450928, 29409.0
55.11794877052307, 29410.0
55.50412702560425, 29419.0
55.52879309654236, 29506.0
55.565759897232056, 29653.0
55.62170481681824, 29654.0
56.04989695549011, 29708.0
56.06965708732605, 29709.0
56.34317207336426, 29714.0
56.431601762771606, 29787.0
57.08344078063965, 29803.0
57.15604305267334, 29809.0
57.17771005630493, 29810.0
57.183390855789185, 29811.0
57.22291088104248, 29848.0
57.43199801445007, 29861.0
58.65572786331177, 29988.0
58.707375049591064, 30024.0
58.8530490398407, 30103.0
59.04543685913086, 30108.0
59.6113977432251, 30138.0
59.763205766677856, 30146.0
59.98684096336365, 30157.0
60.11179184913635, 30197.0
61.47307109832764, 30245.0
62.28004288673401, 30313.0
62.40056490898132, 30423.0
62.40728282928467, 30424.0
62.481820821762085, 30450.0
62.48468995094299, 30451.0
62.784377098083496, 30549.0
62.822614908218384, 30576.0
62.923940896987915, 30577.0
63.55310392379761, 30733.0
63.61981701850891, 30765.0
63.701026916503906, 30794.0
63.71061182022095, 30795.0
63.71273493766785, 30796.0
63.83919596672058, 30813.0
63.85407209396362, 30814.0
63.862950801849365, 30815.0
63.908283948898315, 30902.0
64.10530185699463, 30915.0
64.38627672195435, 30919.0
64.45058679580688, 30934.0
64.58493375778198, 30988.0
64.60929298400879, 30989.0
64.70271801948547, 31046.0
65.07815074920654, 31080.0
65.1025390625, 31104.0
65.1541838645935, 31126.0
65.57300782203674, 31143.0
65.71726274490356, 31284.0
65.72324776649475, 31287.0
66.61165690422058, 31296.0
66.61752605438232, 31297.0
66.62341976165771, 31344.0
66.71801400184631, 31349.0
66.72290396690369, 31367.0
66.76581597328186, 31406.0
66.9583899974823, 31440.0
67.36452388763428, 31441.0
67.60333895683289, 31531.0
67.78224778175354, 31538.0
67.86062479019165, 31539.0
67.87354278564453, 31551.0
67.97006487846375, 31552.0
68.01171493530273, 31560.0
68.69934678077698, 31561.0
68.72690987586975, 31599.0
68.87234306335449, 31672.0
68.8752989768982, 31688.0
68.87924098968506, 31715.0
68.8959469795227, 31732.0
69.10479688644409, 31771.0
69.15716505050659, 31789.0
69.22311496734619, 31801.0
69.23965287208557, 31802.0
69.5758068561554, 31840.0
70.16027188301086, 31848.0
70.2030200958252, 31921.0
70.64893698692322, 31949.0
70.7420301437378, 31950.0
71.55511498451233, 31951.0
71.69298195838928, 32063.0
71.71242904663086, 32068.0
71.78342199325562, 32180.0
71.93860697746277, 32199.0
72.01069784164429, 32288.0
72.0583348274231, 32289.0
73.19559812545776, 32290.0
73.58839082717896, 32347.0
73.84328603744507, 32413.0
73.84621691703796, 32426.0
74.49841570854187, 32478.0
74.50133299827576, 32479.0
74.52457189559937, 32567.0
74.69212007522583, 32597.0
74.78033399581909, 32649.0
75.04633593559265, 32650.0
75.23002696037292, 32677.0
75.26582193374634, 32678.0
75.49126887321472, 32726.0
76.07771277427673, 32866.0
76.3856828212738, 32867.0
79.46378016471863, 32872.0
79.54026174545288, 32875.0
79.74745392799377, 32876.0
79.84821391105652, 32877.0
80.08847999572754, 32878.0
80.55247902870178, 32880.0
80.64931893348694, 32881.0
81.73447608947754, 32893.0
81.77521896362305, 32894.0
82.8944981098175, 32912.0
83.01621508598328, 32955.0
83.27918696403503, 33050.0
83.64772295951843, 33051.0
83.9391098022461, 33056.0
84.8927800655365, 33070.0
85.19461607933044, 33188.0
85.20621800422668, 33189.0
85.44084405899048, 33190.0
85.68955492973328, 33208.0
85.94325089454651, 33216.0
86.71579480171204, 33217.0
87.26246285438538, 33250.0
87.54386878013611, 33261.0
93.18029999732971, 33263.0
94.24447298049927, 33266.0
94.33357906341553, 33267.0
