4.482269287109375e-05, 382.0
0.00016117095947265625, 602.0
0.00020003318786621094, 650.0
0.00035309791564941406, 856.0
0.00043082237243652344, 944.0
0.0016579627990722656, 956.0
0.05239987373352051, 988.0
0.06033682823181152, 1027.0
0.06283712387084961, 1028.0
0.06287598609924316, 1102.0
0.06360292434692383, 1218.0
0.06379294395446777, 1219.0
0.06497001647949219, 1239.0
0.06527590751647949, 1240.0
0.11351299285888672, 1261.0
0.15993809700012207, 1290.0
0.1614060401916504, 1335.0
0.9486129283905029, 1378.0
1.0548391342163086, 1392.0
1.0554041862487793, 1424.0
1.8409481048583984, 1429.0
1.9563500881195068, 1435.0
2.533090829849243, 1484.0
