0.5202639102935791, 26494.0
0.8890531063079834, 26969.0
1.2615070343017578, 27002.0
1.637017011642456, 27132.0
2.0118980407714844, 27284.0
2.3880460262298584, 27807.0
2.762578248977661, 28177.0
3.137092113494873, 28177.0
3.5209929943084717, 28177.0
3.9129700660705566, 28527.0
4.287821054458618, 28652.0
4.665618896484375, 28969.0
5.052886009216309, 29402.0
5.430453062057495, 29402.0
5.808472156524658, 29587.0
6.185553073883057, 29587.0
6.56466817855835, 29706.0
6.9407758712768555, 29900.0
7.317121982574463, 29984.0
7.6962080001831055, 30119.0
8.075134038925171, 30251.0
8.455420970916748, 30458.0
8.83398699760437, 30482.0
9.211664199829102, 30996.0
9.59071683883667, 31321.0
9.96947193145752, 31321.0
10.348239183425903, 31321.0
10.727659940719604, 31321.0
11.105216026306152, 31321.0
11.479961156845093, 31547.0
11.856815099716187, 31676.0
12.236161947250366, 31676.0
12.61661696434021, 31881.0
12.995678901672363, 32256.0
13.375645160675049, 32256.0
13.75634503364563, 32256.0
14.135488986968994, 32304.0
14.516719102859497, 32512.0
14.897752046585083, 32600.0
15.278599977493286, 32625.0
15.658404111862183, 32625.0
16.038929224014282, 32707.0
16.4198739528656, 32963.0
16.800205945968628, 32963.0
17.180010080337524, 33096.0
17.561265230178833, 33121.0
17.94217324256897, 33213.0
18.32440710067749, 33426.0
18.70872211456299, 33426.0
19.09099006652832, 33506.0
19.473644971847534, 33506.0
19.85219097137451, 33611.0
20.23549509048462, 33626.0
20.620178937911987, 33887.0
21.003732919692993, 33887.0
21.38719606399536, 34041.0
21.770751953125, 34041.0
22.154495000839233, 34071.0
22.54330587387085, 34411.0
22.929148197174072, 34411.0
23.312490940093994, 34411.0
23.706815004348755, 34414.0
24.092851877212524, 34513.0
24.476686000823975, 34556.0
24.87527298927307, 34648.0
25.26177716255188, 34731.0
25.644541025161743, 34731.0
26.029633045196533, 34731.0
26.4128680229187, 34817.0
26.80000400543213, 34945.0
27.18430519104004, 34945.0
27.56405806541443, 35128.0
27.9458429813385, 35128.0
28.330147981643677, 35128.0
28.715699911117554, 35128.0
29.099984169006348, 35209.0
29.485826015472412, 35213.0
29.873130083084106, 35443.0
30.26506209373474, 35509.0
30.653199195861816, 35509.0
31.058684825897217, 35574.0
31.44282102584839, 35675.0
31.828628063201904, 35701.0
32.2140588760376, 35701.0
32.59912705421448, 35778.0
32.983006954193115, 35778.0
33.37170720100403, 35778.0
33.762610912323, 35896.0
34.152276039123535, 36019.0
34.54189896583557, 36036.0
34.93570518493652, 36114.0
35.32565188407898, 36114.0
35.7162082195282, 36164.0
36.10025215148926, 36651.0
36.49256110191345, 36651.0
36.889647006988525, 36651.0
37.27780199050903, 36651.0
37.667186975479126, 36774.0
38.05040884017944, 36774.0
38.43978214263916, 36774.0
38.855273962020874, 36858.0
39.25316309928894, 36858.0
39.6465368270874, 36858.0
40.03751182556152, 36858.0
40.423097133636475, 37036.0
40.81236910820007, 37036.0
41.20300102233887, 37152.0
41.59056997299194, 37152.0
41.979345083236694, 37152.0
42.369145154953, 37269.0
42.7544310092926, 37269.0
43.14479303359985, 37269.0
43.540118932724, 37269.0
43.92946720123291, 37595.0
44.31895709037781, 37595.0
44.71265411376953, 37595.0
45.10338306427002, 37595.0
45.49814701080322, 37595.0
45.89226222038269, 37699.0
46.291274070739746, 37699.0
46.684552907943726, 37699.0
47.11172819137573, 37699.0
47.507575035095215, 37788.0
47.916731119155884, 38016.0
48.30689191818237, 38016.0
48.705509185791016, 38016.0
49.099586963653564, 38016.0
49.492733001708984, 38016.0
49.881442070007324, 38016.0
50.26986789703369, 38016.0
50.66134715080261, 38016.0
51.05138897895813, 38259.0
51.44003915786743, 38259.0
51.83285093307495, 38259.0
52.231117963790894, 38315.0
52.62476992607117, 38315.0
53.033851146698, 38315.0
53.428544998168945, 38315.0
53.822027921676636, 38315.0
54.2213990688324, 38345.0
54.61957025527954, 38424.0
55.02751398086548, 38485.0
55.44051003456116, 38485.0
55.841437101364136, 38499.0
56.246565103530884, 38522.0
56.6475510597229, 38977.0
57.04536700248718, 38977.0
57.43799114227295, 38977.0
57.83209204673767, 38977.0
58.22510004043579, 38977.0
58.617568016052246, 38977.0
59.009377002716064, 38977.0
59.40269899368286, 38977.0
59.79393196105957, 38977.0
60.18576407432556, 39037.0
60.584136962890625, 39037.0
60.98062205314636, 39108.0
61.383689880371094, 39108.0
61.78546619415283, 39153.0
62.18417000770569, 39182.0
62.58756494522095, 39182.0
62.984169006347656, 39182.0
63.38744592666626, 39463.0
63.78776216506958, 39463.0
64.17828607559204, 39463.0
64.574627161026, 39463.0
64.96496987342834, 39620.0
65.36207890510559, 39620.0
65.7553961277008, 39620.0
66.14885401725769, 39620.0
66.54271507263184, 39712.0
66.94020104408264, 39712.0
67.33347821235657, 39723.0
67.72935700416565, 39723.0
68.12463617324829, 39723.0
68.523854970932, 39723.0
68.92228603363037, 39723.0
69.32036185264587, 39723.0
69.71547222137451, 39723.0
70.10679817199707, 39723.0
70.50047206878662, 39856.0
70.89527487754822, 39856.0
71.29136204719543, 39856.0
71.68601298332214, 39867.0
72.08389019966125, 39867.0
72.48150610923767, 39867.0
72.87892603874207, 39882.0
73.2739109992981, 39917.0
73.67065119743347, 39917.0
74.06724905967712, 40009.0
74.46265697479248, 40009.0
74.8565309047699, 40009.0
75.25011610984802, 40009.0
75.64712119102478, 40009.0
76.04177713394165, 40018.0
76.4385142326355, 40018.0
76.83199501037598, 40042.0
77.22805714607239, 40207.0
77.62698101997375, 40207.0
78.02160501480103, 40338.0
78.41890907287598, 40338.0
