0.009649991989135742, 5866.0
0.018202781677246094, 6783.0
0.02679610252380371, 6783.0
0.0353999137878418, 6839.0
0.04411602020263672, 6839.0
0.053045034408569336, 7569.0
0.06198287010192871, 7932.0
0.07107305526733398, 8586.0
0.08015894889831543, 8599.0
0.08910393714904785, 8599.0
0.09810781478881836, 8745.0
0.10714912414550781, 8756.0
0.11612176895141602, 8897.0
0.12513995170593262, 8897.0
0.13418078422546387, 8990.0
0.14324307441711426, 8990.0
0.15235686302185059, 8990.0
0.16144108772277832, 8990.0
0.1705470085144043, 8990.0
0.1797008514404297, 8990.0
0.18883991241455078, 8990.0
0.19804072380065918, 8990.0
0.2073068618774414, 8990.0
0.21637392044067383, 8990.0
0.2256488800048828, 8990.0
0.23533010482788086, 8990.0
0.24513792991638184, 8990.0
0.25485682487487793, 8990.0
0.26408886909484863, 8990.0
0.2733008861541748, 8990.0
0.2824099063873291, 8990.0
0.2914917469024658, 8990.0
0.30064892768859863, 8990.0
0.30986976623535156, 8990.0
0.3189849853515625, 8990.0
0.32810187339782715, 8990.0
0.33725476264953613, 8990.0
0.34642696380615234, 8990.0
0.35555195808410645, 8990.0
0.36464786529541016, 8990.0
0.37375473976135254, 8990.0
0.3828699588775635, 8990.0
0.3919799327850342, 8990.0
0.4011058807373047, 8990.0
0.4102139472961426, 8990.0
0.41938090324401855, 8990.0
0.4285268783569336, 8990.0
0.4376208782196045, 8990.0
0.44671201705932617, 8990.0
0.4557938575744629, 8990.0
0.4649019241333008, 8990.0
0.47397875785827637, 8990.0
0.4830820560455322, 8990.0
0.4921867847442627, 8990.0
0.5012800693511963, 8990.0
0.5103707313537598, 8990.0
0.5194697380065918, 8990.0
0.5285468101501465, 8990.0
0.5376157760620117, 8990.0
0.5466759204864502, 8990.0
0.5557808876037598, 8990.0
0.5648808479309082, 8990.0
0.5739707946777344, 8990.0
0.5830938816070557, 8990.0
0.5921547412872314, 8990.0
0.6014668941497803, 8990.0
0.6108207702636719, 8990.0
0.6201610565185547, 8990.0
0.6293418407440186, 8990.0
0.6384799480438232, 8990.0
0.6476538181304932, 8990.0
0.6568148136138916, 8990.0
0.6660139560699463, 8990.0
0.6751270294189453, 8990.0
0.6843221187591553, 8990.0
0.6937930583953857, 8990.0
0.7031278610229492, 8990.0
0.7127537727355957, 8990.0
0.7220869064331055, 8990.0
0.7311968803405762, 8990.0
0.7402918338775635, 8990.0
0.7493569850921631, 8990.0
0.758436918258667, 8990.0
0.7674789428710938, 8990.0
0.7765519618988037, 8990.0
0.7856597900390625, 8990.0
0.7947227954864502, 8990.0
0.8037817478179932, 8990.0
0.8128609657287598, 8990.0
0.8219530582427979, 8990.0
0.8310179710388184, 8990.0
0.8401598930358887, 8990.0
0.8492069244384766, 8990.0
0.8582677841186523, 8990.0
0.8673288822174072, 8990.0
0.8763909339904785, 8990.0
0.88547682762146, 8990.0
0.8945798873901367, 8990.0
0.9036538600921631, 8990.0
0.9127480983734131, 8990.0
0.9218029975891113, 8990.0
0.9308679103851318, 8990.0
0.9399340152740479, 8990.0
0.9489920139312744, 8990.0
0.958040714263916, 8990.0
0.9671227931976318, 8990.0
0.9761857986450195, 8990.0
0.9852328300476074, 8990.0
0.99428391456604, 8990.0
1.0033400058746338, 8990.0
1.012394905090332, 8990.0
1.0214729309082031, 8990.0
1.0305180549621582, 8990.0
1.0395658016204834, 8990.0
1.048630952835083, 8990.0
1.057697057723999, 8990.0
1.0667448043823242, 8990.0
1.0757949352264404, 8990.0
1.0848388671875, 8990.0
1.0938999652862549, 8990.0
1.1029679775238037, 8990.0
1.1120288372039795, 8990.0
1.1214101314544678, 8990.0
1.130685806274414, 8990.0
1.139995813369751, 8990.0
1.1498908996582031, 8990.0
1.1595330238342285, 8990.0
1.1691689491271973, 8990.0
1.178786039352417, 8990.0
1.1883909702301025, 8990.0
1.1980218887329102, 8990.0
1.2076199054718018, 8990.0
1.2172598838806152, 8990.0
1.2268848419189453, 8990.0
1.2365100383758545, 8990.0
1.2460858821868896, 8990.0
1.2556719779968262, 8990.0
1.2652769088745117, 8990.0
1.2747867107391357, 8990.0
1.2840230464935303, 8990.0
1.293323040008545, 8990.0
1.3026318550109863, 8990.0
1.3118820190429688, 8990.0
1.3212158679962158, 8990.0
1.330718994140625, 8990.0
1.3401269912719727, 8990.0
1.3497679233551025, 8990.0
1.3593988418579102, 8990.0
1.3690478801727295, 8990.0
1.3787078857421875, 8990.0
1.3883209228515625, 8990.0
1.3976728916168213, 8990.0
1.4069478511810303, 8990.0
1.4162108898162842, 8990.0
1.4254820346832275, 8990.0
1.43473482131958, 8990.0
1.4439947605133057, 8990.0
1.4532279968261719, 8990.0
1.4624998569488525, 8990.0
1.471755027770996, 8990.0
1.4810497760772705, 8990.0
1.4904420375823975, 8990.0
1.4997198581695557, 8990.0
1.508984088897705, 8990.0
1.5182437896728516, 8990.0
1.5274827480316162, 8990.0
1.5367448329925537, 8990.0
1.5460078716278076, 8990.0
1.5552849769592285, 8990.0
1.564626932144165, 8990.0
1.5740199089050293, 8990.0
1.5833919048309326, 8990.0
1.5926856994628906, 8990.0
1.6021308898925781, 8990.0
1.611496925354004, 8990.0
1.620957851409912, 8990.0
1.6303937435150146, 8990.0
1.6397418975830078, 8990.0
1.6492810249328613, 8990.0
1.6587650775909424, 8990.0
1.668152093887329, 8990.0
1.677515983581543, 8990.0
1.6870510578155518, 8990.0
1.6963818073272705, 8990.0
1.7059950828552246, 8990.0
1.715682029724121, 8990.0
1.7249338626861572, 8990.0
1.7339987754821777, 8990.0
1.7430520057678223, 8990.0
1.7521207332611084, 8990.0
1.761193037033081, 8990.0
1.7702510356903076, 8990.0
1.779350996017456, 8990.0
1.7884800434112549, 8990.0
1.797597885131836, 8990.0
1.8066508769989014, 8990.0
1.8157219886779785, 8990.0
1.8247878551483154, 8990.0
1.8338627815246582, 8990.0
1.842925786972046, 8990.0
1.8520009517669678, 8990.0
