0.00021314620971679688, 243.0
0.0004291534423828125, 498.0
0.000637054443359375, 932.0
0.0008451938629150391, 1941.0
0.0010519027709960938, 2368.0
0.001260995864868164, 3278.0
0.0014710426330566406, 4084.0
0.0016782283782958984, 4848.0
0.0020911693572998047, 5065.0
0.013676166534423828, 5132.0
0.022742033004760742, 5133.0
0.0284879207611084, 5172.0
0.039629220962524414, 5203.0
0.04004406929016113, 5272.0
0.04210305213928223, 5367.0
0.0794670581817627, 5526.0
0.08464908599853516, 5583.0
0.08651018142700195, 5636.0
0.09494709968566895, 5726.0
1.1521689891815186, 5796.0
1.153196096420288, 5872.0
1.3942790031433105, 5878.0
1.399632215499878, 5935.0
1.4006710052490234, 5936.0
1.4130239486694336, 5964.0
1.414491891860962, 6076.0
1.4559810161590576, 6139.0
3.9504051208496094, 6199.0
10.006532192230225, 6307.0
10.010684967041016, 6349.0
10.474867105484009, 6358.0
10.475067853927612, 6359.0
10.68042802810669, 6375.0
10.700953245162964, 6415.0
11.206721067428589, 6426.0
11.81777310371399, 6456.0
11.855404138565063, 6487.0
12.371628999710083, 6544.0
12.389776229858398, 6657.0
12.415206909179688, 6658.0
12.423667907714844, 6701.0
12.472935914993286, 6714.0
12.549544095993042, 6715.0
12.68237590789795, 6748.0
12.70131802558899, 6788.0
12.850728988647461, 6799.0
13.191186904907227, 6814.0
13.198101043701172, 6883.0
13.20240592956543, 6884.0
13.220340967178345, 6885.0
13.269914150238037, 6938.0
13.373586893081665, 6976.0
13.630590915679932, 7018.0
13.645172119140625, 7019.0
13.687782049179077, 7076.0
14.012688159942627, 7101.0
14.273926973342896, 7146.0
14.322678089141846, 7222.0
15.35683798789978, 7230.0
15.73045301437378, 7253.0
17.490917205810547, 7264.0
