0.05012392997741699, 3147.0
0.08720612525939941, 3166.0
0.12458491325378418, 3375.0
0.16189908981323242, 3375.0
0.19929099082946777, 3375.0
0.23686695098876953, 3375.0
0.2745199203491211, 3423.0
0.31223011016845703, 3453.0
0.3500180244445801, 3599.0
0.3879358768463135, 3611.0
0.42593812942504883, 3678.0
0.46389198303222656, 3713.0
0.5018670558929443, 3834.0
0.5400409698486328, 3878.0
0.5781228542327881, 3878.0
0.6162979602813721, 3878.0
0.65444016456604, 3970.0
0.6926651000976562, 4017.0
0.73099684715271, 4017.0
0.7694311141967773, 4017.0
0.8076541423797607, 4017.0
0.8461439609527588, 4026.0
0.8862059116363525, 4044.0
0.9245941638946533, 4048.0
0.9646520614624023, 4067.0
1.0048141479492188, 4067.0
1.0445940494537354, 4167.0
1.0836420059204102, 4167.0
1.1224491596221924, 4178.0
1.1612908840179443, 4178.0
1.2001898288726807, 4178.0
1.2390341758728027, 4178.0
1.2779619693756104, 4193.0
1.3168251514434814, 4193.0
1.3558549880981445, 4193.0
1.3948190212249756, 4203.0
1.4337131977081299, 4205.0
1.4728760719299316, 4307.0
1.5130789279937744, 4322.0
1.5535190105438232, 4322.0
1.5938589572906494, 4322.0
1.6339590549468994, 4322.0
1.6739449501037598, 4322.0
1.7138159275054932, 4322.0
1.7535018920898438, 4322.0
1.7934141159057617, 4322.0
1.8333549499511719, 4328.0
1.8734161853790283, 4348.0
1.913558006286621, 4348.0
1.9533791542053223, 4362.0
1.9929389953613281, 4362.0
2.032244920730591, 4362.0
2.0714590549468994, 4362.0
2.1139090061187744, 4362.0
2.1536519527435303, 4362.0
2.193892002105713, 4362.0
2.2344679832458496, 4362.0
2.2756409645080566, 4362.0
2.316516160964966, 4362.0
2.357351064682007, 4362.0
2.3969719409942627, 4362.0
2.4379990100860596, 4362.0
2.479645252227783, 4362.0
2.5204148292541504, 4362.0
2.5616300106048584, 4362.0
2.6017329692840576, 4362.0
2.6412241458892822, 4362.0
2.680696964263916, 4362.0
2.7199130058288574, 4362.0
2.7591631412506104, 4362.0
2.7983860969543457, 4362.0
2.837528944015503, 4362.0
2.8768601417541504, 4362.0
2.9174299240112305, 4362.0
2.957219123840332, 4362.0
2.996920108795166, 4362.0
3.0363712310791016, 4369.0
3.0762431621551514, 4369.0
3.115821123123169, 4369.0
3.1554648876190186, 4369.0
3.195164203643799, 4369.0
3.2358200550079346, 4369.0
3.2797141075134277, 4369.0
3.322498083114624, 4369.0
3.3641231060028076, 4369.0
3.405517101287842, 4369.0
3.4488492012023926, 4369.0
3.4894540309906006, 4369.0
3.5298449993133545, 4369.0
3.57024884223938, 4369.0
3.610654830932617, 4369.0
3.6515281200408936, 4369.0
3.693145990371704, 4369.0
3.734488010406494, 4369.0
3.7752010822296143, 4369.0
3.8149540424346924, 4369.0
3.855020046234131, 4369.0
3.8947410583496094, 4369.0
3.934730052947998, 4369.0
3.9815468788146973, 4369.0
4.0211100578308105, 4369.0
4.060992002487183, 4369.0
4.100413084030151, 4369.0
4.1398680210113525, 4369.0
4.17923903465271, 4369.0
4.218888998031616, 4369.0
4.258767127990723, 4369.0
4.298291921615601, 4369.0
4.337924003601074, 4369.0
4.377495050430298, 4369.0
4.4173359870910645, 4369.0
4.458097219467163, 4369.0
4.498566150665283, 4369.0
4.540006160736084, 4369.0
4.582162141799927, 4369.0
4.624644041061401, 4369.0
4.666712045669556, 4369.0
4.709120988845825, 4369.0
4.7532799243927, 4369.0
4.795133829116821, 4369.0
4.836199045181274, 4369.0
4.878590822219849, 4369.0
4.920859098434448, 4369.0
4.9676079750061035, 4369.0
5.010499000549316, 4369.0
5.053174018859863, 4369.0
5.098099946975708, 4369.0
5.1405110359191895, 4369.0
5.182184219360352, 4369.0
5.223559141159058, 4369.0
5.2646870613098145, 4372.0
5.30511212348938, 4372.0
5.345219135284424, 4372.0
5.385144948959351, 4372.0
5.425055027008057, 4372.0
5.464680910110474, 4372.0
5.504019260406494, 4372.0
5.5434181690216064, 4372.0
5.5833351612091064, 4372.0
5.6242170333862305, 4372.0
5.664566993713379, 4372.0
5.704392194747925, 4372.0
5.74422812461853, 4372.0
5.78360915184021, 4372.0
5.82285213470459, 4373.0
5.862494945526123, 4373.0
5.901653051376343, 4373.0
5.941167116165161, 4373.0
5.980826139450073, 4373.0
6.020606994628906, 4373.0
6.060748100280762, 4373.0
6.100326061248779, 4373.0
6.139644145965576, 4373.0
6.179624080657959, 4373.0
6.218994855880737, 4373.0
6.258581876754761, 4373.0
6.2980639934539795, 4374.0
6.337371110916138, 4374.0
6.3769330978393555, 4374.0
6.416370868682861, 4374.0
6.455876111984253, 4374.0
6.4960339069366455, 4374.0
6.535753965377808, 4374.0
6.575896978378296, 4374.0
6.615443229675293, 4374.0
6.654956102371216, 4374.0
6.697065830230713, 4374.0
6.736922025680542, 4374.0
6.776443004608154, 4375.0
6.816089153289795, 4375.0
6.855552911758423, 4375.0
6.894973039627075, 4375.0
6.934338092803955, 4375.0
6.974272966384888, 4375.0
7.014864206314087, 4375.0
7.054136037826538, 4375.0
7.0934388637542725, 4375.0
7.132628917694092, 4375.0
7.172065019607544, 4375.0
7.211357116699219, 4375.0
7.2507429122924805, 4375.0
7.290373086929321, 4375.0
7.329664945602417, 4375.0
7.368924140930176, 4375.0
7.408288955688477, 4375.0
7.447808027267456, 4375.0
7.487356185913086, 4375.0
7.526953935623169, 4375.0
7.566345930099487, 4375.0
7.605715990066528, 4375.0
7.645195007324219, 4375.0
7.6845738887786865, 4375.0
7.723850965499878, 4375.0
7.76327109336853, 4375.0
7.802561044692993, 4375.0
7.84182596206665, 4375.0
7.881273031234741, 4375.0
7.920574903488159, 4375.0
7.959794044494629, 4375.0
7.9997029304504395, 4375.0
8.039009094238281, 4375.0
