0.009799003601074219, 6285.0
0.018294811248779297, 6285.0
0.02669692039489746, 6285.0
0.03520703315734863, 6685.0
0.04383707046508789, 7621.0
0.052474021911621094, 8142.0
0.061177968978881836, 8142.0
0.07008695602416992, 8216.0
0.07927107810974121, 8362.0
0.08844995498657227, 8842.0
0.09780287742614746, 8940.0
0.10682201385498047, 9147.0
0.11626195907592773, 9147.0
0.12526988983154297, 9147.0
0.13428282737731934, 9147.0
0.14332294464111328, 9147.0
0.15237689018249512, 9147.0
0.1614389419555664, 9147.0
0.1706240177154541, 9147.0
0.1797027587890625, 9147.0
0.18875885009765625, 9147.0
0.19779491424560547, 9147.0
0.20681309700012207, 9147.0
0.21601176261901855, 9147.0
0.2252638339996338, 9147.0
0.23447203636169434, 9147.0
0.24417591094970703, 9147.0
0.25373077392578125, 9147.0
0.2631220817565918, 9147.0
0.2727828025817871, 9147.0
0.2823669910430908, 9147.0
0.29178404808044434, 9147.0
0.301163911819458, 9147.0
0.3104379177093506, 9147.0
0.31976890563964844, 9147.0
0.32899999618530273, 9147.0
0.33829474449157715, 9147.0
0.34749293327331543, 9147.0
0.35681581497192383, 9147.0
0.3659789562225342, 9147.0
0.37525486946105957, 9147.0
0.38493895530700684, 9147.0
0.39464783668518066, 9147.0
0.40449070930480957, 9147.0
0.41385984420776367, 9147.0
0.4232001304626465, 9147.0
0.4324760437011719, 9147.0
0.44190096855163574, 9147.0
0.451153039932251, 9147.0
0.4605400562286377, 9147.0
0.4698917865753174, 9147.0
0.4792368412017822, 9147.0
0.4886207580566406, 9147.0
0.49792909622192383, 9147.0
0.5072219371795654, 9147.0
0.5165109634399414, 9147.0
0.5259099006652832, 9147.0
0.5351688861846924, 9147.0
0.5445420742034912, 9147.0
0.5538589954376221, 9147.0
0.5631330013275146, 9147.0
0.5724267959594727, 9147.0
0.581744909286499, 9147.0
0.5910348892211914, 9147.0
0.6002819538116455, 9147.0
0.6095409393310547, 9147.0
0.6187388896942139, 9147.0
0.6280248165130615, 9147.0
0.6372270584106445, 9147.0
0.6464080810546875, 9147.0
0.6556589603424072, 9147.0
0.6647698879241943, 9147.0
0.674015998840332, 9147.0
0.6830909252166748, 9147.0
0.6923658847808838, 9147.0
0.7016379833221436, 9147.0
0.7109320163726807, 9147.0
0.7201900482177734, 9147.0
0.7294919490814209, 9147.0
0.7388238906860352, 9147.0
0.7479441165924072, 9147.0
0.7571108341217041, 9147.0
0.7662308216094971, 9147.0
0.7753801345825195, 9147.0
0.784470796585083, 9147.0
0.7935459613800049, 9147.0
0.8026549816131592, 9147.0
0.8117499351501465, 9147.0
0.8208448886871338, 9147.0
0.8299510478973389, 9147.0
0.8390688896179199, 9147.0
0.8481729030609131, 9147.0
0.8572819232940674, 9147.0
0.8664319515228271, 9147.0
0.8755359649658203, 9147.0
0.8851840496063232, 9147.0
0.8949189186096191, 9147.0
0.9044580459594727, 9147.0
0.9137248992919922, 9147.0
0.9228780269622803, 9147.0
0.9320268630981445, 9147.0
0.9412519931793213, 9147.0
0.9504368305206299, 9147.0
0.959587812423706, 9147.0
0.9687318801879883, 9147.0
0.9778530597686768, 9147.0
0.9869740009307861, 9147.0
0.9961040019989014, 9147.0
1.0052030086517334, 9147.0
1.0143239498138428, 9147.0
1.023446798324585, 9147.0
1.0325579643249512, 9147.0
1.0416758060455322, 9147.0
1.0508010387420654, 9147.0
1.0599570274353027, 9147.0
1.0690839290618896, 9147.0
1.0782299041748047, 9147.0
1.087364912033081, 9147.0
1.0964748859405518, 9147.0
1.1056039333343506, 9147.0
1.1148059368133545, 9147.0
1.1241729259490967, 9147.0
1.1333048343658447, 9147.0
1.1424179077148438, 9147.0
1.151540994644165, 9147.0
1.1606481075286865, 9147.0
1.1697568893432617, 9147.0
1.1788740158081055, 9147.0
1.1879849433898926, 9147.0
1.197160005569458, 9147.0
1.2063660621643066, 9147.0
1.2154769897460938, 9147.0
1.2248139381408691, 9147.0
1.234264850616455, 9147.0
1.2435619831085205, 9147.0
1.2528610229492188, 9147.0
1.2621469497680664, 9147.0
1.2715117931365967, 9147.0
1.2808427810668945, 9147.0
1.2901718616485596, 9147.0
1.2994799613952637, 9147.0
1.3087940216064453, 9147.0
1.318101167678833, 9147.0
1.3273937702178955, 9147.0
1.3367300033569336, 9147.0
1.3460109233856201, 9147.0
1.355320930480957, 9147.0
1.364691972732544, 9147.0
1.37406587600708, 9147.0
1.3837828636169434, 9147.0
1.3934519290924072, 9147.0
1.4030978679656982, 9147.0
1.4127318859100342, 9147.0
1.4223880767822266, 9147.0
1.4317388534545898, 9147.0
1.440992832183838, 9147.0
1.4502720832824707, 9147.0
1.4595248699188232, 9147.0
1.4687838554382324, 9147.0
1.4780769348144531, 9147.0
1.4873549938201904, 9147.0
1.4966270923614502, 9147.0
1.5058870315551758, 9147.0
1.5151419639587402, 9147.0
1.5243940353393555, 9147.0
1.5336639881134033, 9147.0
1.542923927307129, 9147.0
1.5521838665008545, 9147.0
1.5614159107208252, 9147.0
1.5706830024719238, 9147.0
1.579974889755249, 9147.0
1.5893211364746094, 9147.0
1.5986487865447998, 9147.0
1.6080200672149658, 9147.0
1.6173419952392578, 9147.0
1.6267170906066895, 9147.0
1.6360399723052979, 9147.0
1.64540696144104, 9147.0
1.6548588275909424, 9147.0
1.6642298698425293, 9147.0
1.6736609935760498, 9147.0
1.6831908226013184, 9147.0
1.6925830841064453, 9147.0
1.7019529342651367, 9147.0
1.7113418579101562, 9147.0
1.7208447456359863, 9147.0
1.7302720546722412, 9147.0
1.7393920421600342, 9147.0
1.7484958171844482, 9147.0
1.7575788497924805, 9147.0
1.766671895980835, 9147.0
1.775752067565918, 9147.0
1.7848320007324219, 9147.0
1.7938919067382812, 9147.0
1.80299711227417, 9147.0
1.8120667934417725, 9147.0
1.8211500644683838, 9147.0
1.8302569389343262, 9147.0
1.8393380641937256, 9147.0
1.848426103591919, 9147.0
1.8575189113616943, 9147.0
