1.056743860244751, 62941.0
1.8016619682312012, 69946.0
2.554046869277954, 76309.0
3.3016698360443115, 84464.0
4.07210898399353, 87227.0
4.8177490234375, 88462.0
5.590693712234497, 92144.0
6.35359001159668, 95313.0
7.101408958435059, 97233.0
7.848084926605225, 101630.0
8.599515914916992, 107127.0
9.347543001174927, 114907.0
10.100615739822388, 114907.0
10.897433757781982, 117787.0
11.681352853775024, 119032.0
12.437850713729858, 121251.0
13.200965881347656, 129610.0
13.957765817642212, 133087.0
14.716578722000122, 133981.0
15.483672857284546, 138619.0
16.24859070777893, 146246.0
17.011974811553955, 146623.0
17.765690803527832, 148671.0
18.52941584587097, 152160.0
19.303009033203125, 154743.0
20.07351589202881, 159210.0
20.847892999649048, 159210.0
21.615508794784546, 159470.0
22.394874811172485, 168706.0
23.167791843414307, 168769.0
23.97204875946045, 179107.0
24.74107074737549, 179107.0
25.515676736831665, 179107.0
26.306074857711792, 179469.0
27.073115825653076, 181340.0
27.83804178237915, 184000.0
28.607359886169434, 194263.0
29.381258964538574, 194263.0
30.149739027023315, 196410.0
30.93766188621521, 197183.0
31.707170724868774, 200159.0
32.48042178153992, 203940.0
33.24656796455383, 205068.0
34.01361298561096, 205068.0
34.77648591995239, 208766.0
35.54223990440369, 208766.0
36.31178379058838, 213652.0
37.088061809539795, 214779.0
37.85790181159973, 216952.0
38.64947986602783, 222450.0
39.43811893463135, 231092.0
40.204208850860596, 231092.0
40.982526779174805, 231092.0
41.75661277770996, 231092.0
42.53187394142151, 231092.0
43.309263706207275, 234676.0
44.083154916763306, 234676.0
44.86872601509094, 235809.0
45.645240783691406, 238579.0
46.41813397407532, 239539.0
47.197688817977905, 244622.0
47.97873377799988, 244622.0
48.75528883934021, 247101.0
49.53454780578613, 249420.0
50.3139808177948, 249420.0
51.100711822509766, 250450.0
51.87370586395264, 251026.0
52.65931487083435, 251633.0
53.451200008392334, 255000.0
54.24341297149658, 262271.0
55.03317594528198, 264595.0
55.820276975631714, 269041.0
56.61968994140625, 269041.0
57.4055597782135, 269041.0
58.19473576545715, 282511.0
58.97987198829651, 282511.0
59.75957489013672, 282511.0
60.53656768798828, 282511.0
61.3229398727417, 282511.0
62.10457491874695, 282511.0
62.88909697532654, 283174.0
63.67247986793518, 283174.0
64.45627188682556, 283174.0
65.24559092521667, 283463.0
66.03259682655334, 288751.0
66.81883072853088, 288751.0
67.60774683952332, 294734.0
68.39703583717346, 294734.0
69.19505882263184, 294734.0
69.97950792312622, 300137.0
70.76954793930054, 300137.0
71.55558586120605, 303380.0
72.34979677200317, 303380.0
73.14552783966064, 303380.0
73.93639779090881, 305557.0
74.7308599948883, 307382.0
75.53905582427979, 308795.0
76.32845067977905, 311678.0
77.13921093940735, 311678.0
77.93495583534241, 312008.0
78.74116492271423, 312008.0
79.53654766082764, 314467.0
80.32245302200317, 314467.0
81.11230373382568, 315031.0
81.90383005142212, 315259.0
82.69437575340271, 318094.0
83.49039793014526, 318094.0
84.28036093711853, 318094.0
85.07479882240295, 318299.0
85.87106394767761, 322870.0
86.66556286811829, 322870.0
87.46328687667847, 322870.0
88.25736594200134, 323412.0
89.0499017238617, 325450.0
89.84712791442871, 325545.0
90.64271998405457, 328789.0
91.44818568229675, 328789.0
92.25331401824951, 329568.0
93.04989695549011, 329568.0
93.84731698036194, 336486.0
94.64037561416626, 336486.0
95.44281387329102, 337887.0
96.23539090156555, 337887.0
97.03140568733215, 337887.0
97.83523464202881, 342467.0
98.63073205947876, 342467.0
99.43108487129211, 342467.0
100.23912382125854, 347234.0
101.03879499435425, 354334.0
101.83803796768188, 354334.0
102.63987994194031, 354334.0
103.44062781333923, 354334.0
104.24637985229492, 354334.0
105.04131293296814, 354334.0
105.8471736907959, 354334.0
106.64199876785278, 354334.0
107.44625782966614, 354334.0
108.2532069683075, 354510.0
109.07455372810364, 355845.0
109.88702583312988, 360059.0
110.695387840271, 360101.0
111.50557589530945, 363706.0
112.31320285797119, 363706.0
113.14862585067749, 365656.0
113.9545967578888, 365656.0
114.75358271598816, 365656.0
115.55121994018555, 365656.0
116.3564727306366, 365656.0
117.15476489067078, 365656.0
117.9591429233551, 365656.0
118.7594587802887, 367776.0
119.55901002883911, 367776.0
120.36543107032776, 367776.0
121.1762900352478, 370917.0
122.01413679122925, 370917.0
122.83699989318848, 370995.0
123.65505981445312, 370995.0
124.47512602806091, 372643.0
125.28327178955078, 374065.0
126.08979678153992, 374065.0
126.90316081047058, 374065.0
127.716148853302, 374065.0
128.5438437461853, 374065.0
129.35963487625122, 375724.0
130.19125890731812, 377202.0
131.00062489509583, 377202.0
131.80864262580872, 378099.0
132.62398386001587, 380051.0
133.43113088607788, 382580.0
134.24484777450562, 382580.0
135.05758595466614, 382580.0
135.86469769477844, 382580.0
136.68021988868713, 383906.0
137.49127388000488, 383906.0
138.30422282218933, 383969.0
139.11142086982727, 383969.0
139.92014002799988, 389423.0
140.73066186904907, 389423.0
141.54088187217712, 389423.0
142.34924387931824, 389423.0
143.1729679107666, 389555.0
143.99931168556213, 389555.0
144.82078576087952, 389555.0
145.6312358379364, 393279.0
146.43991708755493, 393279.0
147.24479484558105, 393279.0
148.05331587791443, 393636.0
148.86465096473694, 393636.0
149.67749881744385, 393636.0
150.4972789287567, 393717.0
151.3032248020172, 393717.0
152.11075091362, 393821.0
152.92383790016174, 394561.0
153.72884392738342, 394561.0
154.54426908493042, 396297.0
155.34676885604858, 396901.0
156.15668082237244, 396901.0
156.95887994766235, 396901.0
157.7868688106537, 397526.0
158.59869694709778, 401991.0
159.41667771339417, 401991.0
