0.01974201202392578, 6498.0
0.03585195541381836, 7181.0
0.05165505409240723, 7712.0
0.06731200218200684, 8390.0
0.08315706253051758, 8390.0
0.09909701347351074, 8736.0
0.11507701873779297, 8991.0
0.1312100887298584, 9285.0
0.14738893508911133, 10518.0
0.16363000869750977, 10518.0
0.17990684509277344, 10518.0
0.1962289810180664, 10994.0
0.21255898475646973, 10994.0
0.22892403602600098, 10994.0
0.24529290199279785, 10994.0
0.26170992851257324, 10994.0
0.2781209945678711, 10994.0
0.2945680618286133, 10994.0
0.3109610080718994, 10994.0
0.32747507095336914, 11016.0
0.34404492378234863, 11016.0
0.3607478141784668, 11016.0
0.3774909973144531, 11016.0
0.39397096633911133, 11016.0
0.4104499816894531, 11016.0
0.4284398555755615, 11056.0
0.44648098945617676, 11056.0
0.4632568359375, 11056.0
0.48013901710510254, 11056.0
0.49700307846069336, 11056.0
0.5140581130981445, 11056.0
0.5310728549957275, 11056.0
0.5484938621520996, 11056.0
0.5657398700714111, 11056.0
0.5827560424804688, 11056.0
0.5999960899353027, 11056.0
0.617156982421875, 11056.0
0.6345880031585693, 11056.0
0.651824951171875, 11056.0
0.6693809032440186, 11056.0
0.6866672039031982, 11056.0
0.704089879989624, 11056.0
0.7211599349975586, 11056.0
0.7391510009765625, 11056.0
0.7565038204193115, 11056.0
0.7736248970031738, 11056.0
0.7907159328460693, 11056.0
0.8080000877380371, 11056.0
0.825955867767334, 11056.0
0.8434979915618896, 11056.0
0.8608360290527344, 11056.0
0.8780231475830078, 11056.0
0.895751953125, 11056.0
0.9126958847045898, 11056.0
0.9301128387451172, 11056.0
0.9474031925201416, 11056.0
0.9645421504974365, 11056.0
0.9816951751708984, 11056.0
0.9987471103668213, 11056.0
1.0157220363616943, 11056.0
1.0326271057128906, 11056.0
1.0524671077728271, 11056.0
1.0703799724578857, 11056.0
1.0888149738311768, 11056.0
1.1061971187591553, 11056.0
1.1232349872589111, 11056.0
1.140481948852539, 11056.0
1.1574680805206299, 11056.0
1.1743741035461426, 11056.0
1.1914782524108887, 11056.0
1.208893060684204, 11056.0
1.2264420986175537, 11056.0
1.2437598705291748, 11056.0
1.260740041732788, 11056.0
1.2776200771331787, 11056.0
1.2945020198822021, 11056.0
1.3113830089569092, 11056.0
1.3282577991485596, 11056.0
1.3451101779937744, 11056.0
1.3619699478149414, 11056.0
1.3788480758666992, 11056.0
1.3957180976867676, 11056.0
1.4125919342041016, 11056.0
1.4297869205474854, 11056.0
1.446890115737915, 11056.0
1.4639649391174316, 11056.0
1.481194019317627, 11056.0
1.4982848167419434, 11056.0
1.5153980255126953, 11056.0
1.532654047012329, 11056.0
1.5499842166900635, 11056.0
1.5673182010650635, 11056.0
1.5841341018676758, 11056.0
1.6005489826202393, 11056.0
1.6170058250427246, 11056.0
1.6334500312805176, 11056.0
1.650130033493042, 11056.0
1.6673660278320312, 11056.0
1.684438943862915, 11056.0
1.701512098312378, 11056.0
1.7183818817138672, 11056.0
1.7356109619140625, 11056.0
1.7526428699493408, 11056.0
1.7695550918579102, 11056.0
1.7863500118255615, 11056.0
1.8032169342041016, 11056.0
1.820052146911621, 11056.0
1.836893081665039, 11056.0
1.8537161350250244, 11056.0
1.8708760738372803, 11056.0
1.887718915939331, 11056.0
1.9043300151824951, 11056.0
1.9215178489685059, 11056.0
1.9389841556549072, 11056.0
1.956054925918579, 11056.0
1.9730069637298584, 11056.0
1.9899470806121826, 11056.0
2.0066871643066406, 11056.0
2.023393154144287, 11056.0
2.040382146835327, 11056.0
2.0571770668029785, 11056.0
2.0739400386810303, 11056.0
2.090488910675049, 11056.0
2.1069600582122803, 11056.0
2.1234829425811768, 11056.0
2.139981985092163, 11056.0
2.156499147415161, 11056.0
2.173011064529419, 11056.0
2.1895298957824707, 11056.0
2.2063472270965576, 11056.0
2.2228708267211914, 11056.0
2.2393391132354736, 11056.0
2.2560741901397705, 11056.0
2.273919105529785, 11056.0
2.291031837463379, 11056.0
2.3081140518188477, 11056.0
2.3249399662017822, 11056.0
2.3420169353485107, 11056.0
2.359037160873413, 11056.0
2.376042127609253, 11056.0
2.3931422233581543, 11056.0
2.4104180335998535, 11056.0
2.4274368286132812, 11056.0
2.4447288513183594, 11056.0
2.4618661403656006, 11056.0
2.4789230823516846, 11056.0
2.4962220191955566, 11056.0
2.513201951980591, 11056.0
2.531489849090576, 11056.0
2.5488579273223877, 11056.0
2.566138982772827, 11056.0
2.583361864089966, 11056.0
2.6001369953155518, 11056.0
2.6171019077301025, 11056.0
2.6340019702911377, 11056.0
2.6510050296783447, 11056.0
2.667926073074341, 11056.0
2.6849849224090576, 11056.0
2.7021000385284424, 11056.0
2.719336986541748, 11056.0
2.7366809844970703, 11056.0
2.753690004348755, 11056.0
2.77066707611084, 11056.0
2.787493944168091, 11056.0
2.8043768405914307, 11056.0
2.821526050567627, 11056.0
2.8387207984924316, 11056.0
2.855668067932129, 11056.0
2.872476100921631, 11056.0
2.8895068168640137, 11056.0
2.906251907348633, 11056.0
2.923081159591675, 11056.0
2.9398460388183594, 11056.0
2.9565541744232178, 11056.0
2.9733970165252686, 11056.0
2.990206003189087, 11056.0
3.007126808166504, 11056.0
3.0240731239318848, 11056.0
3.041019916534424, 11056.0
3.0582501888275146, 11056.0
3.0751030445098877, 11056.0
3.092092990875244, 11056.0
3.109092950820923, 11056.0
3.1265501976013184, 11056.0
3.1441071033477783, 11056.0
3.1616179943084717, 11056.0
3.1784920692443848, 11056.0
3.195340871810913, 11056.0
3.2121529579162598, 11056.0
3.228977918624878, 11056.0
3.245727062225342, 11056.0
3.2626259326934814, 11056.0
3.279428005218506, 11056.0
3.2963180541992188, 11056.0
3.3131120204925537, 11056.0
3.330397129058838, 11056.0
3.347346067428589, 11056.0
3.364377975463867, 11056.0
3.3812928199768066, 11056.0
3.398615837097168, 11056.0
3.4158549308776855, 11056.0
