0.10320281982421875, 11519.0
0.18024706840515137, 14265.0
0.25829195976257324, 16063.0
0.3371899127960205, 17042.0
0.4169590473175049, 17634.0
0.49468183517456055, 19093.0
0.5737299919128418, 21476.0
0.6526050567626953, 21782.0
0.7320489883422852, 22212.0
0.8145349025726318, 24422.0
0.89363694190979, 24460.0
0.9724619388580322, 29379.0
1.0515599250793457, 29379.0
1.1295278072357178, 30192.0
1.207658052444458, 30830.0
1.2866618633270264, 34381.0
1.3689360618591309, 34381.0
1.4499940872192383, 34582.0
1.5321578979492188, 34789.0
1.6163201332092285, 34965.0
1.7001309394836426, 35514.0
1.7831649780273438, 37377.0
1.8666918277740479, 40044.0
1.9517738819122314, 40044.0
2.0370309352874756, 40289.0
2.1217548847198486, 40289.0
2.205197811126709, 40677.0
2.288425922393799, 41391.0
2.373178005218506, 42235.0
2.4566757678985596, 42580.0
2.539759874343872, 42672.0
2.6230669021606445, 42672.0
2.705472946166992, 43121.0
2.788564920425415, 43343.0
2.871155023574829, 43697.0
2.9541640281677246, 44577.0
3.038322925567627, 44585.0
3.1212430000305176, 45531.0
3.2056620121002197, 46270.0
3.2916059494018555, 46270.0
3.3798930644989014, 47357.0
3.465380907058716, 47548.0
3.549345016479492, 47548.0
3.6322619915008545, 47548.0
3.716726064682007, 47623.0
3.8016269207000732, 48035.0
3.8832859992980957, 48232.0
3.964840888977051, 48642.0
4.048290014266968, 48658.0
4.1320600509643555, 49687.0
4.226261138916016, 49687.0
4.311645030975342, 49687.0
4.395918846130371, 49965.0
4.4796271324157715, 50122.0
4.561858892440796, 50442.0
4.646696090698242, 50540.0
4.738644123077393, 50857.0
4.83082389831543, 51128.0
4.917612791061401, 52012.0
5.004204034805298, 52012.0
5.090739965438843, 52012.0
5.17724084854126, 52012.0
5.263942003250122, 52012.0
5.352965831756592, 52012.0
5.441850900650024, 52012.0
5.528501987457275, 52012.0
5.618457794189453, 52105.0
5.7051191329956055, 52358.0
5.8110129833221436, 52615.0
5.900118112564087, 52615.0
5.985795974731445, 52615.0
6.071825981140137, 52615.0
6.155981063842773, 52615.0
6.2392258644104, 52615.0
6.32283091545105, 52660.0
6.407022953033447, 52712.0
6.492671012878418, 52819.0
6.57719612121582, 52996.0
6.660275936126709, 53117.0
6.74306583404541, 53117.0
6.825623035430908, 53330.0
6.908144950866699, 53330.0
6.990785121917725, 53330.0
7.074176073074341, 53330.0
7.158982992172241, 53330.0
7.243682146072388, 53330.0
7.327823877334595, 53330.0
7.4124438762664795, 53330.0
7.497503042221069, 53330.0
7.584685802459717, 53455.0
7.669388055801392, 53455.0
7.7547447681427, 53455.0
7.844434022903442, 53455.0
7.9299211502075195, 53455.0
8.014266014099121, 53455.0
8.099053859710693, 53617.0
8.183840990066528, 53617.0
8.26599407196045, 53617.0
8.347989082336426, 53617.0
8.429994106292725, 53617.0
8.511866807937622, 53617.0
8.594624042510986, 53617.0
8.677608013153076, 53617.0
8.765346050262451, 53617.0
8.850691795349121, 53617.0
8.934154033660889, 53617.0
9.01760220527649, 53617.0
9.101276874542236, 53617.0
9.186950922012329, 53617.0
9.273185014724731, 53617.0
9.358494997024536, 53617.0
9.444208860397339, 53634.0
9.530370950698853, 53634.0
9.617166996002197, 53634.0
9.703747987747192, 53644.0
9.790462970733643, 53644.0
9.87808108329773, 53644.0
9.962617874145508, 53644.0
10.047140836715698, 53745.0
10.132558822631836, 53745.0
10.217047929763794, 53745.0
10.300290822982788, 53745.0
10.388993978500366, 53745.0
10.472807884216309, 53745.0
10.555802822113037, 53745.0
10.639518022537231, 53745.0
10.72517204284668, 53745.0
10.813003063201904, 53745.0
10.896654844284058, 53748.0
10.980875968933105, 53748.0
11.065524101257324, 53748.0
11.154167175292969, 53748.0
11.236166000366211, 53748.0
11.318634033203125, 53876.0
11.40074872970581, 53876.0
11.48205280303955, 53876.0
11.563276052474976, 53876.0
11.645730972290039, 53876.0
11.730978965759277, 53876.0
11.816800117492676, 53876.0
11.900809049606323, 53876.0
11.985383033752441, 53876.0
12.069559812545776, 53876.0
12.156929969787598, 53876.0
12.242599964141846, 53876.0
12.327367067337036, 53876.0
12.41119384765625, 53876.0
12.494518041610718, 53876.0
12.577775955200195, 53876.0
12.660728931427002, 53876.0
12.74390196800232, 53876.0
12.82693099975586, 53876.0
12.911456108093262, 53876.0
12.997962951660156, 53876.0
13.083308935165405, 53876.0
13.168631792068481, 53876.0
13.253854990005493, 53876.0
13.33920693397522, 53876.0
13.42507290840149, 53876.0
13.510987997055054, 53876.0
13.59699296951294, 53876.0
13.691948890686035, 53876.0
13.777724981307983, 53876.0
13.863935947418213, 53876.0
13.95263385772705, 53876.0
14.049015760421753, 53876.0
14.13503909111023, 53876.0
14.221451997756958, 53876.0
14.308128118515015, 53876.0
14.394400119781494, 53876.0
14.481575012207031, 53876.0
14.56761884689331, 53876.0
14.652742862701416, 53876.0
14.737128973007202, 53876.0
14.822894811630249, 53876.0
14.908798933029175, 53876.0
14.99209976196289, 53876.0
15.07534384727478, 53876.0
15.159872055053711, 53876.0
15.243977069854736, 53876.0
15.327934980392456, 53876.0
15.412405014038086, 53876.0
15.496279954910278, 53876.0
15.580227851867676, 53876.0
15.664300918579102, 53876.0
15.748768091201782, 53876.0
15.836148977279663, 53876.0
15.920355796813965, 53876.0
16.005457878112793, 53876.0
16.08975601196289, 53876.0
16.172688961029053, 53876.0
16.257112979888916, 53876.0
16.34077286720276, 53876.0
16.426613092422485, 53876.0
16.510085821151733, 53876.0
16.593120098114014, 53876.0
16.676057815551758, 53876.0
16.75887393951416, 53876.0
16.841710805892944, 53876.0
16.924554109573364, 53876.0
17.007287740707397, 53876.0
