0.010041952133178711, 1889.0
0.0189359188079834, 1889.0
0.027937889099121094, 1989.0
0.038298845291137695, 1989.0
0.04694104194641113, 2185.0
0.05565190315246582, 2185.0
0.06445693969726562, 2185.0
0.07324695587158203, 2185.0
0.08201980590820312, 2185.0
0.0908498764038086, 2185.0
0.09971094131469727, 2185.0
0.10858988761901855, 2193.0
0.11751508712768555, 2193.0
0.12651395797729492, 2193.0
0.13551115989685059, 2193.0
0.14465904235839844, 2266.0
0.15371918678283691, 2266.0
0.16281986236572266, 2266.0
0.17186594009399414, 2266.0
0.18090295791625977, 2266.0
0.18999290466308594, 2266.0
0.1990511417388916, 2266.0
0.20813298225402832, 2266.0
0.21724295616149902, 2266.0
0.2263779640197754, 2266.0
0.23546886444091797, 2266.0
0.24461913108825684, 2266.0
0.2537219524383545, 2289.0
0.26283979415893555, 2289.0
0.271975040435791, 2289.0
0.28113794326782227, 2289.0
0.29029107093811035, 2289.0
0.29941797256469727, 2289.0
0.30852580070495605, 2289.0
0.3176541328430176, 2289.0
0.3267810344696045, 2289.0
0.33591198921203613, 2289.0
0.34526491165161133, 2289.0
0.35459208488464355, 2289.0
0.3637208938598633, 2289.0
0.3728630542755127, 2289.0
0.3819899559020996, 2289.0
0.3911440372467041, 2295.0
0.4002797603607178, 2295.0
0.40941810607910156, 2295.0
0.4185469150543213, 2295.0
0.42779994010925293, 2295.0
0.4369480609893799, 2295.0
0.4462311267852783, 2295.0
0.4557788372039795, 2295.0
0.4651310443878174, 2295.0
0.4744987487792969, 2295.0
0.4839167594909668, 2295.0
0.49337196350097656, 2295.0
0.5028491020202637, 2295.0
0.5122928619384766, 2295.0
0.5216929912567139, 2295.0
0.5310940742492676, 2295.0
0.5404419898986816, 2295.0
0.5497360229492188, 2295.0
0.5591030120849609, 2295.0
0.5685219764709473, 2295.0
0.5778698921203613, 2295.0
0.5873820781707764, 2295.0
0.5970120429992676, 2295.0
0.606705904006958, 2295.0
0.6165099143981934, 2295.0
0.6262788772583008, 2295.0
0.6361291408538818, 2295.0
0.6459589004516602, 2295.0
0.655703067779541, 2295.0
0.6655681133270264, 2295.0
0.6755509376525879, 2295.0
0.6850588321685791, 2295.0
0.6944808959960938, 2295.0
0.7038829326629639, 2295.0
0.7132790088653564, 2295.0
0.7226638793945312, 2295.0
0.7320280075073242, 2295.0
0.7414019107818604, 2295.0
0.7507688999176025, 2295.0
0.7601668834686279, 2295.0
0.7695579528808594, 2296.0
0.7789509296417236, 2296.0
0.7883238792419434, 2296.0
0.7977180480957031, 2296.0
0.8071517944335938, 2296.0
0.8166439533233643, 2296.0
0.8261468410491943, 2296.0
0.8355820178985596, 2296.0
0.8450438976287842, 2296.0
0.8545749187469482, 2296.0
0.8640708923339844, 2296.0
0.8736710548400879, 2296.0
0.8832688331604004, 2296.0
0.8928661346435547, 2296.0
0.9025638103485107, 2296.0
0.912329912185669, 2296.0
0.9218339920043945, 2296.0
0.9313869476318359, 2296.0
0.9410278797149658, 2296.0
0.9506628513336182, 2296.0
0.9599597454071045, 2296.0
0.9691741466522217, 2296.0
0.9784049987792969, 2296.0
0.9876527786254883, 2296.0
0.9968950748443604, 2296.0
1.0061259269714355, 2296.0
1.015362024307251, 2296.0
1.0245928764343262, 2296.0
1.033827781677246, 2296.0
1.043071985244751, 2296.0
1.052323818206787, 2296.0
1.0615828037261963, 2296.0
1.0708329677581787, 2296.0
1.080077886581421, 2296.0
1.08933687210083, 2296.0
1.098567008972168, 2296.0
1.107785940170288, 2296.0
1.1170098781585693, 2296.0
1.126249074935913, 2296.0
1.1354680061340332, 2296.0
1.1447150707244873, 2296.0
1.1539537906646729, 2296.0
1.1631979942321777, 2296.0
1.1724298000335693, 2296.0
1.1816480159759521, 2296.0
1.190903902053833, 2296.0
1.2001099586486816, 2296.0
1.2100260257720947, 2296.0
1.2199020385742188, 2296.0
1.2296531200408936, 2296.0
1.239245891571045, 2296.0
1.248567819595337, 2296.0
1.2578699588775635, 2296.0
1.2671749591827393, 2296.0
1.2764489650726318, 2296.0
1.2859179973602295, 2296.0
1.2955069541931152, 2296.0
1.3050549030303955, 2296.0
1.3146560192108154, 2296.0
1.3239598274230957, 2296.0
1.333272933959961, 2296.0
1.342526912689209, 2296.0
1.3517839908599854, 2296.0
1.3610970973968506, 2296.0
1.370326042175293, 2296.0
1.3794569969177246, 2296.0
1.3886468410491943, 2296.0
1.3978009223937988, 2296.0
1.406937837600708, 2296.0
1.4160759449005127, 2296.0
1.4252128601074219, 2296.0
1.4344069957733154, 2296.0
1.4436450004577637, 2296.0
1.4528257846832275, 2296.0
1.4621148109436035, 2296.0
1.4714179039001465, 2296.0
1.480578899383545, 2296.0
1.4897339344024658, 2296.0
1.49891996383667, 2296.0
1.5080819129943848, 2296.0
1.5172159671783447, 2296.0
1.5263659954071045, 2296.0
1.5355820655822754, 2296.0
1.5447440147399902, 2296.0
1.5538790225982666, 2296.0
1.5630958080291748, 2296.0
1.5722570419311523, 2296.0
1.5814249515533447, 2296.0
1.5906398296356201, 2296.0
1.5998189449310303, 2296.0
1.608973741531372, 2296.0
1.6181929111480713, 2296.0
1.6273748874664307, 2296.0
1.6365549564361572, 2296.0
1.6457140445709229, 2296.0
1.6548748016357422, 2296.0
1.664031982421875, 2296.0
1.6732280254364014, 2296.0
1.6823759078979492, 2296.0
1.691565752029419, 2296.0
1.700727939605713, 2296.0
1.7098660469055176, 2296.0
1.7190229892730713, 2296.0
1.728193998336792, 2296.0
1.7373120784759521, 2296.0
1.7464311122894287, 2296.0
1.7555649280548096, 2296.0
1.7646989822387695, 2296.0
1.7738080024719238, 2296.0
1.7829241752624512, 2296.0
1.7920429706573486, 2296.0
1.8011598587036133, 2296.0
1.8102848529815674, 2296.0
1.8194141387939453, 2296.0
1.828514814376831, 2296.0
1.8376128673553467, 2296.0
1.8469159603118896, 2296.0
1.8561711311340332, 2296.0
1.8652868270874023, 2296.0
