0.019620895385742188, 2082.0
0.035260915756225586, 2288.0
0.051136016845703125, 2288.0
0.06704592704772949, 2288.0
0.08318972587585449, 2288.0
0.09934186935424805, 2288.0
0.11556291580200195, 2358.0
0.13180971145629883, 2496.0
0.14827585220336914, 2496.0
0.16481471061706543, 2496.0
0.1816568374633789, 2497.0
0.19829297065734863, 2565.0
0.21495771408081055, 2597.0
0.23169159889221191, 2597.0
0.2486257553100586, 2597.0
0.26531362533569336, 2693.0
0.28235387802124023, 2695.0
0.29882287979125977, 2695.0
0.3151249885559082, 2695.0
0.33145880699157715, 2695.0
0.34787464141845703, 2695.0
0.3642728328704834, 2695.0
0.38064074516296387, 2695.0
0.3970499038696289, 2695.0
0.4136199951171875, 2695.0
0.4301309585571289, 2695.0
0.44661879539489746, 2695.0
0.46304893493652344, 2695.0
0.47948288917541504, 2695.0
0.49625277519226074, 2695.0
0.5145168304443359, 2695.0
0.5325949192047119, 2695.0
0.5503637790679932, 2695.0
0.5674047470092773, 2695.0
0.5847365856170654, 2695.0
0.6017777919769287, 2695.0
0.618809700012207, 2695.0
0.6357407569885254, 2695.0
0.6526947021484375, 2695.0
0.6695938110351562, 2695.0
0.686654806137085, 2695.0
0.7036306858062744, 2695.0
0.7205507755279541, 2695.0
0.7375178337097168, 2695.0
0.7544267177581787, 2695.0
0.7714078426361084, 2695.0
0.788200855255127, 2695.0
0.805046796798706, 2695.0
0.8218576908111572, 2695.0
0.8387026786804199, 2695.0
0.855482816696167, 2695.0
0.8722567558288574, 2695.0
0.8887097835540771, 2695.0
0.9052736759185791, 2695.0
0.9217789173126221, 2695.0
0.9383468627929688, 2695.0
0.9548139572143555, 2695.0
0.9713196754455566, 2695.0
0.9877657890319824, 2695.0
1.0042147636413574, 2695.0
1.0211637020111084, 2695.0
1.038374900817871, 2695.0
1.0550436973571777, 2695.0
1.0716028213500977, 2695.0
1.0882329940795898, 2695.0
1.104792833328247, 2695.0
1.1213188171386719, 2695.0
1.1378629207611084, 2695.0
1.1543257236480713, 2695.0
1.1708478927612305, 2695.0
1.1872918605804443, 2695.0
1.2037429809570312, 2695.0
1.2202277183532715, 2695.0
1.236691951751709, 2695.0
1.2531819343566895, 2695.0
1.2696318626403809, 2695.0
1.2860617637634277, 2695.0
1.3025357723236084, 2695.0
1.3189849853515625, 2695.0
1.3354558944702148, 2695.0
1.3518726825714111, 2695.0
1.3683488368988037, 2695.0
1.3847858905792236, 2695.0
1.40132474899292, 2695.0
1.4177815914154053, 2695.0
1.434349775314331, 2695.0
1.4508287906646729, 2695.0
1.4673538208007812, 2695.0
1.4838857650756836, 2695.0
1.500816822052002, 2695.0
1.5177028179168701, 2695.0
1.5344657897949219, 2695.0
1.5509707927703857, 2695.0
1.5674498081207275, 2695.0
1.5839297771453857, 2695.0
1.6003966331481934, 2695.0
1.616830825805664, 2695.0
1.6332488059997559, 2695.0
1.6499247550964355, 2695.0
1.6664268970489502, 2695.0
1.682950735092163, 2695.0
1.6994187831878662, 2695.0
1.7158746719360352, 2695.0
1.73236083984375, 2695.0
1.7489879131317139, 2695.0
1.7659547328948975, 2695.0
1.7827956676483154, 2695.0
1.7998158931732178, 2695.0
1.816734790802002, 2695.0
1.833594799041748, 2695.0
1.8504016399383545, 2695.0
1.8672337532043457, 2695.0
1.884150743484497, 2695.0
1.901214838027954, 2695.0
1.9188098907470703, 2695.0
1.936344861984253, 2695.0
1.953622817993164, 2695.0
1.9704277515411377, 2695.0
1.9871859550476074, 2695.0
2.003978729248047, 2695.0
2.020758628845215, 2695.0
2.037597894668579, 2695.0
2.0544419288635254, 2695.0
2.0711770057678223, 2695.0
2.0879297256469727, 2695.0
2.1047098636627197, 2695.0
2.121614694595337, 2695.0
2.13861083984375, 2695.0
2.1555888652801514, 2695.0
2.172562837600708, 2695.0
2.189647912979126, 2695.0
2.206779718399048, 2695.0
2.2237749099731445, 2695.0
2.2408127784729004, 2695.0
2.257605791091919, 2695.0
2.2740516662597656, 2695.0
2.290433645248413, 2695.0
2.3069558143615723, 2695.0
2.3235957622528076, 2695.0
2.340017795562744, 2695.0
2.3564906120300293, 2695.0
2.373011827468872, 2695.0
2.3894877433776855, 2695.0
2.405935764312744, 2695.0
2.422395944595337, 2695.0
2.4388387203216553, 2695.0
2.455272912979126, 2695.0
2.4716928005218506, 2695.0
2.488140821456909, 2695.0
2.5051426887512207, 2695.0
2.5220067501068115, 2695.0
2.538416862487793, 2695.0
2.55486798286438, 2695.0
2.5713396072387695, 2695.0
2.588254928588867, 2695.0
2.60526967048645, 2695.0
2.621814727783203, 2695.0
2.638272762298584, 2695.0
2.654721736907959, 2695.0
2.6711807250976562, 2695.0
2.6876678466796875, 2695.0
2.7041406631469727, 2695.0
2.7206218242645264, 2695.0
2.7370729446411133, 2695.0
2.7535817623138428, 2695.0
2.770005702972412, 2695.0
2.786433696746826, 2695.0
2.80289363861084, 2695.0
2.8193259239196777, 2695.0
2.8358027935028076, 2695.0
2.852219820022583, 2695.0
2.868666887283325, 2695.0
2.885098934173584, 2695.0
2.9015696048736572, 2695.0
2.91802978515625, 2695.0
2.9345128536224365, 2695.0
2.950941801071167, 2695.0
2.967414617538452, 2695.0
2.9838478565216064, 2695.0
3.000332832336426, 2695.0
3.0167458057403564, 2695.0
3.0332088470458984, 2695.0
3.0497827529907227, 2695.0
3.0672428607940674, 2695.0
3.084223985671997, 2695.0
3.1006827354431152, 2695.0
3.1171798706054688, 2695.0
3.1336238384246826, 2695.0
3.1500778198242188, 2695.0
3.1665427684783936, 2695.0
3.1829657554626465, 2695.0
3.19942569732666, 2695.0
3.215871810913086, 2695.0
3.232334852218628, 2695.0
3.2487878799438477, 2695.0
3.2652528285980225, 2695.0
3.281709671020508, 2695.0
3.298121929168701, 2695.0
3.314560651779175, 2695.0
3.33101487159729, 2695.0
3.347418785095215, 2695.0
