0.20333099365234375, 10927.0
0.35313916206359863, 11062.0
0.5038430690765381, 11103.0
0.6544241905212402, 11178.0
0.8050191402435303, 11366.0
0.9558131694793701, 11570.0
1.1079761981964111, 11720.0
1.2593321800231934, 11745.0
1.4107320308685303, 11953.0
1.5652379989624023, 11968.0
1.7182841300964355, 12152.0
1.8702640533447266, 12198.0
2.0224151611328125, 12362.0
2.1747801303863525, 12555.0
2.32711124420166, 12574.0
2.4794023036956787, 12778.0
2.6320271492004395, 12879.0
2.7844772338867188, 12879.0
2.937113046646118, 13012.0
3.0899441242218018, 13016.0
3.2426061630249023, 13069.0
3.3956363201141357, 13304.0
3.5492451190948486, 13334.0
3.703151226043701, 13394.0
3.8637261390686035, 13487.0
4.020932197570801, 13487.0
4.179473161697388, 13638.0
4.335995197296143, 13638.0
4.491603136062622, 13814.0
4.647391319274902, 13885.0
4.802977085113525, 14023.0
4.958430290222168, 14362.0
5.113936185836792, 14362.0
5.274357080459595, 14362.0
5.434567213058472, 14362.0
5.594628095626831, 14362.0
5.752289056777954, 14412.0
5.909663200378418, 14412.0
6.06685733795166, 14438.0
6.222952127456665, 14457.0
6.378992080688477, 14457.0
6.536600112915039, 14553.0
6.693007230758667, 14699.0
6.849157094955444, 14699.0
7.005620241165161, 14748.0
7.161770343780518, 14748.0
7.318114995956421, 14848.0
7.474478006362915, 14848.0
7.631120204925537, 15102.0
7.7876222133636475, 15102.0
7.9453113079071045, 15102.0
8.101617097854614, 15129.0
8.258166074752808, 15161.0
8.414709091186523, 15215.0
8.571171045303345, 15215.0
8.727817296981812, 15215.0
8.884399175643921, 15221.0
9.041053295135498, 15238.0
9.198014259338379, 15492.0
9.354852199554443, 15492.0
9.51180911064148, 15492.0
9.668905258178711, 15492.0
9.826386213302612, 15492.0
9.98496413230896, 15492.0
10.142429113388062, 15492.0
10.299610137939453, 15493.0
10.45694899559021, 15493.0
10.612458229064941, 15639.0
10.768068075180054, 15639.0
10.9235200881958, 15795.0
11.079115152359009, 15795.0
11.234740972518921, 15940.0
11.390357255935669, 15940.0
11.545847177505493, 15993.0
11.701874256134033, 16016.0
11.861017227172852, 16016.0
12.019358158111572, 16016.0
12.176170349121094, 16069.0
12.33302116394043, 16069.0
12.489877223968506, 16069.0
12.646714210510254, 16136.0
12.804205179214478, 16136.0
12.961233139038086, 16195.0
13.118207216262817, 16247.0
13.275098085403442, 16387.0
13.432486295700073, 16387.0
13.589834928512573, 16387.0
13.747271299362183, 16387.0
13.904666185379028, 16405.0
14.062293291091919, 16442.0
14.219009160995483, 16442.0
14.376748085021973, 16442.0
14.533858060836792, 16442.0
14.691558122634888, 16442.0
14.848977088928223, 16442.0
15.005967140197754, 16442.0
15.163670063018799, 16492.0
15.322986364364624, 16492.0
15.48133134841919, 16513.0
15.63944697380066, 16513.0
15.797170162200928, 16513.0
15.95553708076477, 16513.0
16.113019227981567, 16513.0
16.272358179092407, 16638.0
16.430373191833496, 16638.0
16.587831020355225, 16638.0
16.74616813659668, 16638.0
16.903443336486816, 16638.0
17.06066107749939, 16648.0
17.218039989471436, 16648.0
17.375352144241333, 16678.0
17.53285312652588, 16678.0
17.694505214691162, 16678.0
17.852463245391846, 16678.0
18.011354207992554, 16678.0
18.168920040130615, 16678.0
18.326112031936646, 16698.0
18.48335313796997, 16698.0
18.640605211257935, 16751.0
18.797895193099976, 16751.0
18.954851150512695, 16751.0
19.111809968948364, 16845.0
19.269880056381226, 16845.0
19.428174018859863, 16845.0
19.586233139038086, 16845.0
19.74423599243164, 16845.0
19.902868270874023, 16845.0
20.062658071517944, 16845.0
20.220686197280884, 16845.0
20.378557205200195, 16845.0
20.537559032440186, 16845.0
20.695637941360474, 16845.0
20.85326623916626, 16845.0
21.010946035385132, 16845.0
21.169103145599365, 16863.0
21.327537298202515, 16904.0
21.484625101089478, 16904.0
21.641597270965576, 16904.0
21.7990882396698, 16904.0
21.956053256988525, 16919.0
22.114830017089844, 16919.0
22.27275514602661, 16928.0
22.43272113800049, 16983.0
22.59071111679077, 16983.0
22.74877429008484, 16983.0
22.906641244888306, 16995.0
23.064427137374878, 16995.0
23.222355127334595, 16995.0
23.380568027496338, 16995.0
23.538442373275757, 17030.0
23.69702911376953, 17101.0
23.854886293411255, 17124.0
24.012667179107666, 17124.0
24.178836345672607, 17124.0
24.337061166763306, 17124.0
24.494821071624756, 17191.0
24.652384042739868, 17191.0
24.81032919883728, 17191.0
24.96797204017639, 17191.0
25.12579607963562, 17191.0
25.28381896018982, 17191.0
25.441567182540894, 17192.0
25.59930920600891, 17194.0
25.75700306892395, 17194.0
25.914835214614868, 17194.0
26.072635173797607, 17224.0
26.23214101791382, 17226.0
26.390003204345703, 17226.0
26.547872066497803, 17226.0
26.706310272216797, 17226.0
26.863927125930786, 17226.0
27.021565198898315, 17226.0
27.180142164230347, 17226.0
27.337929248809814, 17226.0
27.495806217193604, 17226.0
27.653518199920654, 17270.0
27.811217069625854, 17270.0
27.969436168670654, 17270.0
28.12729525566101, 17270.0
28.28888511657715, 17270.0
28.44837713241577, 17270.0
28.607360124588013, 17270.0
28.766542196273804, 17270.0
28.925830125808716, 17270.0
29.08556628227234, 17270.0
29.24487805366516, 17270.0
29.40403914451599, 17270.0
29.564000129699707, 17270.0
29.723482131958008, 17270.0
29.882383108139038, 17270.0
30.04174304008484, 17270.0
30.2018620967865, 17270.0
30.360472202301025, 17270.0
30.528449058532715, 17271.0
30.6877281665802, 17271.0
30.84625816345215, 17288.0
31.004719018936157, 17288.0
31.163066148757935, 17288.0
31.322190046310425, 17288.0
31.481406211853027, 17288.0
31.640090227127075, 17288.0
