0.0004169940948486328, 651.0
0.0008382797241210938, 869.0
0.0012590885162353516, 1285.0
0.0016741752624511719, 2280.0
0.002086162567138672, 2396.0
0.002512216567993164, 3365.0
0.002929210662841797, 3374.0
0.0033452510833740234, 3431.0
0.003759145736694336, 3436.0
0.004173994064331055, 3739.0
0.004586935043334961, 4605.0
0.005000114440917969, 5437.0
0.005422115325927734, 6120.0
0.005836009979248047, 6566.0
0.0062770843505859375, 7445.0
0.0067250728607177734, 7922.0
0.007154226303100586, 8266.0
0.0075681209564208984, 8986.0
0.008010149002075195, 9625.0
0.008435249328613281, 10461.0
0.008854150772094727, 10908.0
0.00926828384399414, 11380.0
0.00968313217163086, 11595.0
0.01050424575805664, 12042.0
0.02069711685180664, 12087.0
0.022324323654174805, 12728.0
0.0679171085357666, 13213.0
0.0792992115020752, 13742.0
0.1385972499847412, 14301.0
0.18092727661132812, 15077.0
0.18134808540344238, 15310.0
0.18421220779418945, 15951.0
0.18828320503234863, 16651.0
0.24358701705932617, 17110.0
0.251326322555542, 17487.0
0.2741281986236572, 18170.0
0.3413050174713135, 19069.0
0.3707711696624756, 19574.0
0.3748033046722412, 20399.0
0.3852970600128174, 20794.0
0.38732314109802246, 20826.0
0.38773226737976074, 20841.0
0.42412424087524414, 21302.0
0.42493629455566406, 21311.0
0.42534494400024414, 21393.0
0.4334251880645752, 22119.0
0.43671226501464844, 22432.0
0.450031042098999, 23339.0
0.47772216796875, 23896.0
0.5017991065979004, 24232.0
0.521536111831665, 24512.0
0.5331530570983887, 25061.0
0.5511972904205322, 25831.0
0.5592281818389893, 26520.0
0.5877590179443359, 26590.0
0.5897881984710693, 27577.0
0.6138663291931152, 27936.0
0.7545709609985352, 27945.0
0.7549862861633301, 28845.0
0.762641191482544, 29089.0
0.7630782127380371, 29862.0
0.764775276184082, 30569.0
0.7683331966400146, 30671.0
0.7704911231994629, 30878.0
0.7953031063079834, 31521.0
0.8421542644500732, 31935.0
0.8947932720184326, 32029.0
0.9075031280517578, 32395.0
0.9126520156860352, 32615.0
0.9142410755157471, 33126.0
0.9230010509490967, 33761.0
0.9246230125427246, 34003.0
1.0200450420379639, 34052.0
1.108506202697754, 34372.0
1.1339142322540283, 35025.0
1.1391921043395996, 35570.0
1.1998612880706787, 35749.0
1.2118971347808838, 36405.0
1.2262492179870605, 36724.0
1.2634100914001465, 37225.0
1.4025201797485352, 37683.0
1.4212563037872314, 38003.0
1.451519250869751, 38189.0
1.4519221782684326, 39101.0
1.4527292251586914, 39601.0
1.4567031860351562, 40078.0
1.4634590148925781, 40298.0
1.5487060546875, 41009.0
2.173596143722534, 41038.0
2.1842479705810547, 41808.0
2.798652172088623, 41923.0
2.9351882934570312, 42199.0
2.9523613452911377, 42717.0
2.976492166519165, 42831.0
2.987973213195801, 42958.0
2.990072011947632, 43578.0
3.0156500339508057, 43803.0
3.141545295715332, 44597.0
3.149358034133911, 44636.0
3.150928258895874, 45348.0
3.5694713592529297, 45502.0
3.5753531455993652, 45621.0
3.5827739238739014, 46523.0
3.5944881439208984, 46816.0
3.6124353408813477, 47171.0
3.6212263107299805, 47179.0
3.625915050506592, 47197.0
3.668203115463257, 47764.0
3.6689929962158203, 47861.0
3.6905341148376465, 48310.0
3.7235991954803467, 49123.0
3.723999261856079, 49268.0
3.7534992694854736, 49482.0
3.7585651874542236, 49736.0
3.791935920715332, 50219.0
3.8804819583892822, 50732.0
3.8882200717926025, 50887.0
3.893644094467163, 51178.0
3.9204142093658447, 51981.0
3.9383511543273926, 51993.0
4.053275108337402, 52538.0
4.334702014923096, 52864.0
4.341843128204346, 53513.0
4.418966054916382, 54292.0
4.579905033111572, 54481.0
4.594333171844482, 54870.0
4.594738245010376, 55511.0
4.595132112503052, 56223.0
5.515956163406372, 56648.0
5.531097173690796, 56965.0
5.64412522315979, 57000.0
5.749591112136841, 57044.0
6.131251335144043, 57301.0
6.132871150970459, 57895.0
6.136152029037476, 58105.0
6.139391183853149, 58816.0
6.143523216247559, 58986.0
6.1468729972839355, 59556.0
6.18230128288269, 59770.0
12.012309312820435, 60175.0
12.015908002853394, 60259.0
12.042678117752075, 61029.0
12.065020084381104, 61433.0
12.154312133789062, 61551.0
12.160722255706787, 61699.0
12.169543266296387, 61885.0
12.17315125465393, 61915.0
12.173956155776978, 62868.0
12.189104080200195, 62925.0
12.221524238586426, 63190.0
12.24242615699768, 63220.0
12.24922800064087, 63790.0
12.254033088684082, 64649.0
12.786079168319702, 64916.0
13.725621223449707, 65035.0
13.729986190795898, 65137.0
13.771254062652588, 65340.0
14.32892632484436, 65517.0
14.330515146255493, 66127.0
14.335706233978271, 66681.0
14.342103004455566, 66819.0
14.34250521659851, 67610.0
14.437438249588013, 67757.0
14.55339527130127, 68149.0
14.56249213218689, 69007.0
14.57357120513916, 69204.0
14.583846092224121, 69940.0
14.591367244720459, 70670.0
14.603204011917114, 71211.0
15.061398029327393, 71240.0
15.076403141021729, 71621.0
15.082739114761353, 72403.0
15.14980411529541, 72685.0
15.220118999481201, 73155.0
15.945438146591187, 73781.0
15.949790239334106, 74570.0
15.978654146194458, 74982.0
16.003960132598877, 75177.0
16.032827138900757, 76099.0
16.041521072387695, 76302.0
16.044279098510742, 76307.0
16.103904962539673, 76316.0
16.14180827140808, 76359.0
16.305504322052002, 76427.0
16.319711208343506, 76834.0
16.32368016242981, 77066.0
16.857628107070923, 77387.0
16.860796213150024, 77606.0
16.90108323097229, 77747.0
16.920122146606445, 78130.0
16.92091417312622, 78713.0
16.934348106384277, 79624.0
16.96794104576111, 79939.0
17.127495288848877, 79981.0
17.144516229629517, 80000.0
17.15084719657898, 80303.0
17.16351819038391, 80551.0
17.18880820274353, 80941.0
17.204992055892944, 81161.0
17.27084517478943, 81832.0
17.272476196289062, 82160.0
17.57831120491028, 82476.0
17.606536149978638, 82656.0
17.608975172042847, 82801.0
17.62835192680359, 83712.0
17.770822286605835, 83867.0
17.90516710281372, 84017.0
18.023350954055786, 84421.0
18.066851139068604, 84642.0
18.78922700881958, 84716.0
18.830881118774414, 85111.0
18.84290623664856, 85329.0
19.07355308532715, 85497.0
19.16151714324951, 85520.0
19.707410097122192, 85937.0
19.75371217727661, 86152.0
19.77366805076599, 86876.0
19.780047178268433, 87274.0
19.815186262130737, 87493.0
19.8787739276886, 87577.0
20.025681257247925, 87602.0
20.177855253219604, 87742.0
20.19014024734497, 87937.0
20.417086124420166, 88046.0
20.52681803703308, 88155.0
20.5624942779541, 88401.0
20.69195795059204, 89318.0
20.852272272109985, 89393.0
21.2746160030365, 89712.0
21.35397720336914, 89876.0
21.428967237472534, 90335.0
21.439531087875366, 90437.0
21.526931285858154, 90860.0
21.548078060150146, 91306.0
21.587103366851807, 91875.0
22.316538095474243, 91957.0
22.91708731651306, 92775.0
23.045472383499146, 92859.0
23.521523237228394, 93611.0
23.796102285385132, 93684.0
23.817397356033325, 94002.0
24.53651213645935, 94541.0
24.910720109939575, 94669.0
25.000551223754883, 95104.0
25.0174720287323, 95279.0
25.12330412864685, 95474.0
