0.0019769668579101562, 364.0
0.003912925720214844, 671.0
0.005852937698364258, 1199.0
0.0077669620513916016, 2010.0
0.009690999984741211, 2804.0
0.011634111404418945, 3101.0
0.013560056686401367, 3248.0
0.015478849411010742, 4018.0
0.01738905906677246, 5048.0
0.01929497718811035, 5300.0
0.021209001541137695, 5375.0
0.02312493324279785, 5817.0
0.025049924850463867, 6619.0
0.02696394920349121, 7034.0
0.02887582778930664, 7921.0
0.03078293800354004, 8377.0
0.032713890075683594, 8643.0
0.03463292121887207, 9560.0
0.03655195236206055, 10363.0
0.03846597671508789, 11227.0
0.04038691520690918, 11912.0
0.042294979095458984, 12872.0
0.04420804977416992, 13421.0
0.04613900184631348, 14183.0
0.04804491996765137, 14944.0
0.049971818923950195, 15041.0
0.05188179016113281, 15042.0
0.053801774978637695, 15845.0
0.05572390556335449, 16674.0
0.05763983726501465, 17310.0
0.059580087661743164, 17434.0
0.06149792671203613, 17705.0
0.06342482566833496, 18340.0
0.06536388397216797, 19008.0
0.06728601455688477, 19123.0
0.06919693946838379, 19858.0
0.07111287117004395, 20457.0
0.07302999496459961, 21382.0
0.07494688034057617, 22233.0
0.07687687873840332, 22788.0
0.07879996299743652, 23131.0
0.08071279525756836, 23486.0
0.0826258659362793, 23806.0
0.08454704284667969, 24643.0
0.0864570140838623, 25543.0
0.0883638858795166, 25544.0
0.09028792381286621, 26101.0
0.09220290184020996, 27082.0
0.09412193298339844, 27242.0
0.09602975845336914, 27717.0
0.09793496131896973, 27872.0
0.09987282752990723, 28254.0
0.10178709030151367, 28645.0
0.10371184349060059, 28736.0
0.10567498207092285, 29575.0
0.1075890064239502, 29611.0
0.10951995849609375, 29768.0
0.11142897605895996, 30424.0
0.11333298683166504, 31320.0
0.1152338981628418, 32150.0
0.11714601516723633, 32438.0
0.11906290054321289, 32649.0
0.12095880508422852, 33283.0
0.12285590171813965, 33372.0
0.12476491928100586, 33695.0
0.12666583061218262, 34141.0
0.12856698036193848, 34563.0
0.13046503067016602, 35300.0
0.13239693641662598, 36075.0
0.13429999351501465, 36966.0
0.13620400428771973, 37522.0
0.13811898231506348, 38363.0
0.14002084732055664, 38392.0
0.14193081855773926, 38483.0
0.14384198188781738, 39428.0
0.14580178260803223, 39512.0
0.14771604537963867, 39652.0
0.14962100982666016, 39991.0
0.15152788162231445, 40876.0
0.1534419059753418, 41321.0
0.15535402297973633, 41336.0
0.15726780891418457, 41947.0
0.15917086601257324, 42548.0
0.16107583045959473, 42784.0
0.16298198699951172, 43756.0
0.16491103172302246, 44094.0
0.166823148727417, 44249.0
0.1687459945678711, 44868.0
0.1706547737121582, 45456.0
0.17255806922912598, 46502.0
0.17447495460510254, 46650.0
0.17638492584228516, 46864.0
0.17828798294067383, 47692.0
0.1802048683166504, 47867.0
0.1821119785308838, 48459.0
0.18401694297790527, 48927.0
0.18591094017028809, 49806.0
0.18967700004577637, 49882.0
0.19530987739562988, 49990.0
0.20844507217407227, 50200.0
0.23651599884033203, 50320.0
0.24214696884155273, 50321.0
0.37673497200012207, 50322.0
0.38655710220336914, 50413.0
0.4251060485839844, 50504.0
1.0379948616027832, 50548.0
1.4368298053741455, 50583.0
1.5270299911499023, 50682.0
1.7957379817962646, 50742.0
1.8107149600982666, 50788.0
2.101677894592285, 50817.0
3.15857195854187, 50879.0
3.223324775695801, 50893.0
3.249236822128296, 50894.0
3.2880938053131104, 51012.0
3.5029730796813965, 51042.0
3.593607187271118, 51108.0
3.6604299545288086, 51112.0
3.9679908752441406, 51158.0
4.143321990966797, 51170.0
4.172537088394165, 51196.0
4.219913959503174, 51362.0
4.227506160736084, 51449.0
4.618571996688843, 51457.0
4.655194997787476, 51504.0
4.679015874862671, 51525.0
4.722877740859985, 51556.0
4.9167468547821045, 51580.0
5.755445957183838, 51605.0
5.75947904586792, 51606.0
5.775544881820679, 51799.0
5.9922709465026855, 51804.0
6.038333177566528, 51857.0
7.183752775192261, 51902.0
7.199376106262207, 51935.0
7.2555670738220215, 51969.0
7.381083965301514, 52105.0
22.323896884918213, 52108.0
22.335071802139282, 52109.0
22.336966037750244, 52125.0
22.52427577972412, 52269.0
22.681859970092773, 52344.0
22.704133987426758, 52438.0
22.724550008773804, 52492.0
23.933607816696167, 52564.0
24.267634868621826, 52623.0
24.319636821746826, 52659.0
26.589672803878784, 52665.0
27.849266052246094, 52669.0
30.431643962860107, 52681.0
30.4412579536438, 52748.0
30.66000986099243, 52827.0
31.397135019302368, 52851.0
36.143548011779785, 52857.0
36.22681903839111, 52865.0
36.240097999572754, 52866.0
36.24391007423401, 52867.0
36.302552938461304, 52868.0
36.510843992233276, 52970.0
36.64905595779419, 52981.0
37.73901891708374, 53047.0
37.7447509765625, 53114.0
37.835593938827515, 53197.0
37.873465061187744, 53204.0
37.88484191894531, 53258.0
37.96435809135437, 53323.0
37.99656391143799, 53447.0
38.01171398162842, 53634.0
38.14229607582092, 53680.0
38.17451786994934, 53758.0
38.18399500846863, 53840.0
38.32410478591919, 53935.0
38.348711013793945, 53936.0
38.83681797981262, 53974.0
39.052807092666626, 54059.0
39.081231117248535, 54090.0
39.45610785484314, 54110.0
39.59848499298096, 54127.0
39.930201053619385, 54128.0
39.95107293128967, 54130.0
39.96437096595764, 54217.0
40.24065804481506, 54291.0
40.32580494880676, 54363.0
40.43548107147217, 54398.0
40.76348900794983, 54489.0
41.02449893951416, 54523.0
41.06741285324097, 54613.0
41.13638114929199, 54699.0
41.241990089416504, 54769.0
41.40249681472778, 54813.0
41.488537073135376, 54870.0
41.51008987426758, 54871.0
41.58429408073425, 55013.0
41.638930797576904, 55091.0
41.64676904678345, 55092.0
41.6624059677124, 55251.0
41.69563579559326, 55275.0
41.855581760406494, 55313.0
41.98949193954468, 55407.0
42.11728501319885, 55427.0
42.22373294830322, 55495.0
42.372642040252686, 55529.0
42.45777201652527, 55551.0
43.398847818374634, 55626.0
43.524308919906616, 55656.0
43.55717396736145, 55753.0
62.039146900177, 55782.0
62.075156927108765, 55783.0
62.59774613380432, 55791.0
62.62432408332825, 55792.0
62.929157972335815, 55897.0
62.96889901161194, 55960.0
63.14305591583252, 56058.0
64.20805287361145, 56095.0
64.4941668510437, 56118.0
64.5093789100647, 56140.0
64.68372797966003, 56208.0
64.71596503257751, 56225.0
66.20871686935425, 56231.0
66.23335695266724, 56270.0
66.23905992507935, 56426.0
66.292151927948, 56507.0
66.33564591407776, 56510.0
73.74059891700745, 56633.0
75.80932092666626, 56650.0
75.8958740234375, 56683.0
76.30671882629395, 56774.0
76.31790399551392, 56775.0
76.40744113922119, 56868.0
76.50450396537781, 56888.0
76.96722197532654, 56942.0
77.3831160068512, 57014.0
77.39247512817383, 57022.0
77.45965313911438, 57086.0
77.48020696640015, 57171.0
77.49143195152283, 57172.0
77.51385688781738, 57293.0
79.26741909980774, 57307.0
79.48018288612366, 57315.0
79.48397302627563, 57418.0
79.49704480171204, 57437.0
79.57909798622131, 57492.0
79.6089551448822, 57545.0
79.6594090461731, 57684.0
79.70048785209656, 57692.0
79.75276207923889, 57705.0
79.79947996139526, 57754.0
79.83519506454468, 57787.0
79.8846230506897, 57885.0
80.00657081604004, 57895.0
80.01783108711243, 57986.0
80.08134913444519, 58011.0
80.1261579990387, 58030.0
80.14298295974731, 58031.0
80.16738295555115, 58032.0
80.18607783317566, 58114.0
80.89936184883118, 58198.0
81.29520297050476, 58276.0
81.35683798789978, 58359.0
83.82644391059875, 58441.0
83.83582210540771, 58449.0
83.85830187797546, 58572.0
83.8956949710846, 58662.0
84.04816794395447, 58734.0
84.17517900466919, 58774.0
85.26360273361206, 58780.0
85.63711881637573, 58951.0
85.73427486419678, 58963.0
85.84076404571533, 59013.0
85.90239715576172, 59021.0
114.70397901535034, 59022.0
115.04228901863098, 59030.0
115.10352611541748, 59135.0
115.13221502304077, 59136.0
115.56806588172913, 59163.0
115.59295201301575, 59204.0
115.60637092590332, 59210.0
115.90067386627197, 59320.0
115.93895101547241, 59321.0
115.96765303611755, 59388.0
116.02889108657837, 59440.0
116.08625888824463, 59462.0
116.10349202156067, 59486.0
116.3632538318634, 59549.0
116.3862419128418, 59575.0
116.39772987365723, 59597.0
116.41303896903992, 59681.0
116.67768096923828, 59702.0
116.97008609771729, 59783.0
117.1249029636383, 59827.0
117.78046202659607, 59881.0
117.79775786399841, 59989.0
117.8973548412323, 60016.0
118.05224108695984, 60017.0
118.36944508552551, 60104.0
118.41150879859924, 60122.0
118.44407105445862, 60123.0
118.64593195915222, 60188.0
118.72226977348328, 60262.0
118.7780830860138, 60267.0
118.8296070098877, 60268.0
119.86487793922424, 60295.0
119.88987898826599, 60296.0
120.02434492111206, 60362.0
120.11663293838501, 60363.0
122.01733589172363, 60454.0
122.09980297088623, 60597.0
122.37967610359192, 60672.0
122.4011869430542, 60673.0
122.67576789855957, 60674.0
122.68182277679443, 60765.0
122.80966186523438, 60863.0
122.81554698944092, 60864.0
122.91676998138428, 60897.0
123.12434387207031, 60977.0
123.18382596969604, 60978.0
123.53880381584167, 61039.0
123.94800782203674, 61113.0
124.39414381980896, 61161.0
124.49618983268738, 61162.0
125.11392712593079, 61202.0
125.57163095474243, 61239.0
125.60985684394836, 61279.0
125.67705702781677, 61280.0
125.74074697494507, 61390.0
125.77170705795288, 61449.0
125.98957896232605, 61498.0
126.12953805923462, 61582.0
126.36062407493591, 61632.0
126.45326209068298, 61755.0
126.54964280128479, 61822.0
126.55149006843567, 61823.0
126.82899713516235, 61836.0
127.18931698799133, 61956.0
127.30223083496094, 61978.0
127.7829098701477, 62068.0
127.89381194114685, 62077.0
128.1501967906952, 62160.0
128.25373196601868, 62187.0
128.34636902809143, 62188.0
128.39905500411987, 62199.0
128.7589511871338, 62320.0
129.17287707328796, 62327.0
129.3025929927826, 62328.0
129.5584728717804, 62415.0
130.0863869190216, 62454.0
130.1260039806366, 62529.0
130.18911719322205, 62530.0
130.27923488616943, 62531.0
130.44693398475647, 62635.0
130.7379970550537, 62666.0
130.84267592430115, 62748.0
130.93354988098145, 62835.0
131.15890192985535, 62840.0
131.2326798439026, 62874.0
131.25605487823486, 62875.0
131.37304592132568, 62876.0
131.6498990058899, 62952.0
131.7235918045044, 62953.0
131.88550686836243, 62963.0
132.2497889995575, 62992.0
132.37082600593567, 63009.0
132.40469193458557, 63010.0
133.0815567970276, 63019.0
133.09739685058594, 63045.0
133.2456018924713, 63093.0
134.61174297332764, 63193.0
134.8168408870697, 63198.0
134.83248710632324, 63245.0
134.96524691581726, 63246.0
135.01134204864502, 63247.0
135.02735304832458, 63248.0
135.0590260028839, 63249.0
135.36772894859314, 63250.0
135.97278881072998, 63315.0
138.71148800849915, 63389.0
141.54980301856995, 63415.0
141.6175332069397, 63421.0
141.67362880706787, 63493.0
141.99879789352417, 63546.0
142.13098311424255, 63640.0
142.29949498176575, 63696.0
142.34548902511597, 63697.0
142.9595808982849, 63820.0
143.405042886734, 63821.0
144.05303597450256, 63950.0
144.13460898399353, 63951.0
144.26161098480225, 63952.0
147.42314195632935, 63982.0
147.74255204200745, 64009.0
148.01816487312317, 64039.0
148.0659487247467, 64074.0
148.19788789749146, 64075.0
148.22277903556824, 64142.0
149.42564797401428, 64195.0
149.543447971344, 64234.0
150.44159412384033, 64235.0
150.72713685035706, 64303.0
150.74078106880188, 64304.0
153.13843083381653, 64380.0
153.53339195251465, 64381.0
153.63135719299316, 64406.0
153.98885798454285, 64407.0
154.5021629333496, 64478.0
155.3782618045807, 64486.0
155.44548392295837, 64555.0
155.8023238182068, 64617.0
156.36589574813843, 64620.0
156.67276191711426, 64630.0
156.82234477996826, 64631.0
157.22931694984436, 64727.0
157.32904696464539, 64798.0
158.38648581504822, 64832.0
158.8457989692688, 64904.0
158.89190196990967, 64905.0
159.86850595474243, 64929.0
160.08981084823608, 64930.0
161.7210841178894, 65052.0
161.934072971344, 65098.0
162.82242488861084, 65205.0
162.92272782325745, 65206.0
166.68530297279358, 65217.0
170.79352688789368, 65307.0
171.44359016418457, 65308.0
172.25458812713623, 65309.0
173.95974397659302, 65392.0
174.12255001068115, 65393.0
175.80380487442017, 65410.0
176.07404780387878, 65481.0
176.15751099586487, 65482.0
177.09711408615112, 65510.0
177.78163695335388, 65635.0
178.84889888763428, 65695.0
179.25514483451843, 65738.0
179.27995586395264, 65739.0
179.79454612731934, 65740.0
181.47372698783875, 65828.0
181.96043491363525, 65944.0
183.45760297775269, 65945.0
184.2757921218872, 65963.0
189.99201083183289, 66016.0
191.1476390361786, 66017.0
193.58966088294983, 66018.0
