0.0010039806365966797, 413.0
0.002007007598876953, 553.0
0.0030388832092285156, 854.0
0.004065036773681641, 1723.0
0.005090951919555664, 1918.0
0.006100893020629883, 1974.0
0.007113933563232422, 2231.0
0.008124828338623047, 3060.0
0.009137868881225586, 3917.0
0.010145902633666992, 4205.0
0.01116490364074707, 4925.0
0.012183904647827148, 5250.0
0.013190746307373047, 6244.0
0.01419687271118164, 7054.0
0.01520395278930664, 7813.0
0.016214847564697266, 8597.0
0.017222881317138672, 8956.0
0.018243074417114258, 9409.0
0.019253015518188477, 10175.0
0.02026200294494629, 10488.0
0.021271944046020508, 11384.0
0.02228093147277832, 12013.0
0.02329111099243164, 12373.0
0.02429485321044922, 12948.0
0.025311946868896484, 13854.0
0.026320695877075195, 14240.0
0.027325868606567383, 15000.0
0.028335094451904297, 15595.0
0.02935481071472168, 16397.0
0.030375957489013672, 17051.0
0.0313878059387207, 17906.0
0.0323948860168457, 18291.0
0.03340315818786621, 18985.0
0.034425973892211914, 19719.0
0.03543496131896973, 20268.0
0.03644585609436035, 20539.0
0.0374598503112793, 21384.0
0.038487911224365234, 22101.0
0.03950095176696777, 22522.0
0.0405118465423584, 22814.0
0.041517019271850586, 23446.0
0.04252481460571289, 23898.0
0.0435328483581543, 24003.0
0.04454970359802246, 24940.0
0.04555392265319824, 25167.0
0.04655790328979492, 25956.0
0.04756975173950195, 26752.0
0.04857587814331055, 27464.0
0.04958796501159668, 27524.0
0.050589799880981445, 28323.0
0.05159902572631836, 28359.0
0.05260491371154785, 28444.0
0.05857491493225098, 29062.0
0.08526492118835449, 29645.0
0.09811973571777344, 30276.0
0.11294984817504883, 31135.0
0.13173484802246094, 31403.0
0.1573350429534912, 32155.0
0.16721773147583008, 32796.0
0.17313671112060547, 32852.0
0.1741328239440918, 33749.0
0.18004798889160156, 34625.0
0.19674277305603027, 34634.0
0.30315375328063965, 34937.0
0.3041510581970215, 35757.0
0.33954286575317383, 36162.0
0.3778719902038574, 36803.0
0.45688486099243164, 37546.0
0.4579470157623291, 38102.0
0.46197080612182617, 38350.0
0.46705102920532227, 38492.0
0.4800758361816406, 38629.0
0.48107004165649414, 38820.0
0.484997034072876, 39002.0
0.49571800231933594, 39479.0
0.503546953201294, 40269.0
0.5338129997253418, 40875.0
0.5796480178833008, 40945.0
0.6400549411773682, 41212.0
0.6546909809112549, 41492.0
0.6732027530670166, 41657.0
0.703420877456665, 42350.0
0.7257969379425049, 42869.0
0.731658935546875, 43263.0
0.7385199069976807, 43280.0
0.7424278259277344, 43942.0
0.747316837310791, 44083.0
0.8299679756164551, 44183.0
0.849416971206665, 44647.0
0.8552727699279785, 45295.0
0.8582038879394531, 46143.0
0.8766970634460449, 46471.0
0.8825657367706299, 46637.0
0.8835587501525879, 47158.0
0.8903951644897461, 47874.0
0.8923671245574951, 48785.0
0.8943347930908203, 48806.0
0.9002590179443359, 49791.0
0.9051599502563477, 50465.0
1.179196834564209, 50635.0
1.236731767654419, 50723.0
1.2387897968292236, 51507.0
1.2450459003448486, 52330.0
1.2716877460479736, 52898.0
1.273766040802002, 53241.0
1.2799959182739258, 53619.0
1.3349390029907227, 53799.0
1.335927963256836, 54371.0
1.342832088470459, 54980.0
1.5662660598754883, 55590.0
1.5691919326782227, 55716.0
1.7653758525848389, 56202.0
1.7770490646362305, 56532.0
1.7799859046936035, 56813.0
1.844115972518921, 56867.0
1.8780899047851562, 57851.0
1.8868129253387451, 58149.0
1.8907251358032227, 58449.0
1.8946139812469482, 58500.0
1.9014530181884766, 58927.0
1.9423017501831055, 59595.0
2.184818744659424, 59621.0
2.1915900707244873, 59651.0
2.198352098464966, 60134.0
2.2108728885650635, 60393.0
2.218595027923584, 60542.0
2.2339658737182617, 61253.0
2.3485050201416016, 61774.0
2.4197628498077393, 62462.0
2.4265220165252686, 63205.0
2.431364059448242, 63272.0
2.4352340698242188, 63640.0
2.4362130165100098, 63893.0
2.4420039653778076, 63981.0
2.44684100151062, 64201.0
2.6393520832061768, 64491.0
2.751558780670166, 65070.0
2.8725790977478027, 65482.0
2.88027286529541, 66389.0
2.9100217819213867, 66418.0
2.925410032272339, 67013.0
2.9455928802490234, 67675.0
2.9465808868408203, 68070.0
2.975339889526367, 69056.0
2.9820520877838135, 69842.0
3.0281357765197754, 69960.0
3.059854030609131, 70669.0
3.0714290142059326, 71470.0
3.0724029541015625, 71821.0
3.090674877166748, 72145.0
3.116576910018921, 72844.0
3.30855393409729, 72877.0
3.4353299140930176, 73419.0
3.496783971786499, 74330.0
3.5121190547943115, 74602.0
3.515009880065918, 75203.0
3.515994071960449, 75257.0
3.5169870853424072, 75319.0
3.519886016845703, 76158.0
4.254522085189819, 76308.0
4.333220958709717, 77254.0
4.347046852111816, 77622.0
4.387813091278076, 78117.0
4.650631904602051, 78643.0
4.654486894607544, 78911.0
4.656433820724487, 79262.0
4.857276916503906, 79632.0
4.881498098373413, 79840.0
4.899780988693237, 80259.0
5.083700895309448, 80716.0
5.09623908996582, 81473.0
5.140485763549805, 81524.0
5.149174928665161, 82095.0
5.169378995895386, 82381.0
5.1915199756622314, 82945.0
5.206907749176025, 83187.0
5.242939710617065, 83767.0
5.2689337730407715, 83910.0
5.307389974594116, 84299.0
5.321823835372925, 84464.0
5.389024972915649, 84723.0
5.393863916397095, 85363.0
5.420598983764648, 85455.0
5.423473834991455, 85941.0
5.590047836303711, 86160.0
5.597881078720093, 86791.0
5.605684995651245, 86896.0
5.628192901611328, 87128.0
5.630321741104126, 87282.0
5.6333959102630615, 87338.0
6.13798189163208, 87512.0
6.151379823684692, 88411.0
6.259289979934692, 88569.0
6.268826007843018, 88697.0
6.302172899246216, 89371.0
6.323152780532837, 89916.0
6.414822816848755, 90089.0
6.494991064071655, 90947.0
6.6556479930877686, 91478.0
6.66049599647522, 92202.0
6.750324964523315, 92230.0
6.755138874053955, 93042.0
6.761932849884033, 93996.0
6.776306867599487, 94128.0
6.81261682510376, 94254.0
6.846956014633179, 94391.0
6.883128881454468, 94887.0
6.889807939529419, 95381.0
6.908923149108887, 95801.0
7.1705639362335205, 96106.0
7.210701942443848, 96361.0
7.303617000579834, 96532.0
7.35519003868103, 96915.0
7.3647520542144775, 97041.0
7.411589860916138, 97604.0
7.414485931396484, 98150.0
7.442230939865112, 98833.0
7.47761082649231, 98951.0
7.4785850048065186, 99468.0
7.485297918319702, 99663.0
7.570311784744263, 99844.0
7.617134094238281, 100095.0
7.674503803253174, 100575.0
7.692698001861572, 100663.0
7.708020925521851, 101002.0
7.740557909011841, 101102.0
7.774039030075073, 101611.0
8.037681818008423, 101661.0
8.331738948822021, 101725.0
8.335557699203491, 102575.0
8.336520910263062, 102938.0
8.937186002731323, 103017.0
8.943835735321045, 103500.0
9.4581298828125, 103528.0
10.074399948120117, 104069.0
10.152334928512573, 104199.0
10.165873765945435, 104311.0
10.167817831039429, 105154.0
10.170740842819214, 106051.0
10.187102794647217, 106078.0
10.20735502243042, 106363.0
10.316227912902832, 107091.0
11.783013105392456, 107494.0
11.887939929962158, 107950.0
11.8937828540802, 108498.0
11.91029691696167, 109479.0
11.926798105239868, 109712.0
13.237268924713135, 110005.0
13.811150074005127, 110261.0
13.912458896636963, 110562.0
13.979703903198242, 111038.0
13.986339092254639, 111769.0
13.993933916091919, 112333.0
14.136784791946411, 112656.0
14.173732995986938, 112809.0
14.22485089302063, 113457.0
14.247600078582764, 113780.0
14.264646768569946, 114046.0
14.284539699554443, 114206.0
14.51154613494873, 114594.0
15.394638061523438, 114905.0
15.40814208984375, 115900.0
15.418755054473877, 116053.0
15.519829988479614, 116855.0
15.628211975097656, 117378.0
15.638773918151855, 118292.0
16.134235858917236, 118384.0
16.140967845916748, 118559.0
16.156304121017456, 118680.0
16.176432847976685, 119131.0
16.989197969436646, 119200.0
16.99511694908142, 119682.0
16.99613881111145, 120108.0
17.002087831497192, 121095.0
17.464648962020874, 121571.0
17.608170986175537, 121873.0
19.524471044540405, 122071.0
19.56863498687744, 122225.0
19.946455001831055, 122259.0
20.026957035064697, 122378.0
20.20806074142456, 122690.0
20.232131958007812, 123279.0
20.255195140838623, 123901.0
20.298317909240723, 123937.0
20.352056980133057, 124730.0
20.425885915756226, 125186.0
20.426859855651855, 125884.0
22.032018899917603, 126473.0
22.037753105163574, 126474.0
22.09685707092285, 126729.0
22.116915941238403, 127027.0
22.15411400794983, 127050.0
22.164610862731934, 127360.0
22.830426931381226, 127427.0
24.069867849349976, 127529.0
24.07940697669983, 128414.0
24.08228087425232, 128611.0
24.100441932678223, 129085.0
24.11958599090576, 129329.0
24.145412921905518, 129801.0
24.149282932281494, 129887.0
24.150264024734497, 130563.0
24.201942920684814, 130806.0
24.235419034957886, 130910.0
24.240197896957397, 131261.0
24.288904905319214, 131408.0
24.290831089019775, 131511.0
24.291797876358032, 132201.0
24.33185601234436, 132890.0
24.347124814987183, 133771.0
24.367214918136597, 134003.0
24.384382963180542, 134632.0
24.444477796554565, 135066.0
24.46074390411377, 136052.0
24.469353914260864, 136983.0
24.485569953918457, 137756.0
24.488452911376953, 138064.0
24.489425897598267, 138750.0
24.490395069122314, 139083.0
24.54377007484436, 139898.0
31.828274965286255, 140322.0
31.842824935913086, 140590.0
31.901843786239624, 140742.0
31.904757976531982, 141623.0
31.92995810508728, 142192.0
31.954190969467163, 142416.0
32.11771273612976, 142891.0
32.130345821380615, 143218.0
32.15362596511841, 143895.0
33.877739906311035, 144125.0
33.88543391227722, 144436.0
33.96229910850525, 144812.0
33.96710801124573, 145646.0
34.53978490829468, 145664.0
34.57131385803223, 146053.0
34.84630084037781, 146122.0
34.85807991027832, 146149.0
34.91507887840271, 146993.0
35.01610803604126, 147325.0
35.290050983428955, 147533.0
35.30685305595398, 147742.0
35.3734917640686, 148094.0
35.4127459526062, 148408.0
36.19209909439087, 148598.0
36.2107367515564, 149346.0
36.333191871643066, 149796.0
36.59409976005554, 150263.0
36.69679403305054, 150296.0
36.75583291053772, 150329.0
36.77037477493286, 150352.0
36.782959938049316, 151028.0
36.84101700782776, 151032.0
37.063557147979736, 151353.0
37.08678483963013, 152002.0
37.30603289604187, 152267.0
37.32829475402832, 152396.0
37.42986798286438, 152548.0
37.50920295715332, 152717.0
37.5981228351593, 152884.0
37.60881185531616, 152904.0
37.699933767318726, 153042.0
37.712538957595825, 153329.0
37.732895851135254, 153977.0
37.799670934677124, 154496.0
38.24553990364075, 154934.0
38.28523802757263, 155146.0
38.38574004173279, 155524.0
38.53753185272217, 155861.0
38.54625201225281, 156589.0
38.59944701194763, 157288.0
38.62852096557617, 157372.0
38.651750802993774, 158081.0
38.675973892211914, 158938.0
38.72156882286072, 159662.0
38.72546887397766, 159750.0
38.75951409339905, 159857.0
38.92231488227844, 160054.0
38.96490478515625, 160285.0
38.98818612098694, 160674.0
39.00272989273071, 161433.0
39.015344858169556, 162189.0
39.36823391914368, 162524.0
40.22917294502258, 163249.0
40.25342583656311, 163543.0
40.2573139667511, 164196.0
40.26313281059265, 164233.0
40.42786884307861, 164428.0
40.64785599708557, 164512.0
40.66629505157471, 164781.0
40.705105781555176, 164930.0
40.748759031295776, 165232.0
40.95253896713257, 165820.0
40.962262868881226, 166102.0
40.98650598526001, 166938.0
40.9894278049469, 167755.0
41.43737006187439, 168173.0
41.444180965423584, 168897.0
41.50987696647644, 169303.0
41.888768911361694, 169583.0
41.97429800033569, 169647.0
41.978158950805664, 170005.0
42.22146391868591, 170514.0
42.23012971878052, 170625.0
42.484046936035156, 171068.0
42.58122205734253, 171457.0
42.590858936309814, 172438.0
42.6004798412323, 172823.0
42.79380702972412, 173585.0
42.86107897758484, 173784.0
43.040053844451904, 173807.0
43.052565813064575, 174426.0
43.076639890670776, 174461.0
43.18520188331604, 174581.0
43.34830093383789, 174706.0
43.44562602043152, 174962.0
43.91521692276001, 175846.0
44.06722402572632, 176181.0
44.09324312210083, 176467.0
44.14517402648926, 176488.0
44.26067304611206, 176529.0
44.28859996795654, 177222.0
44.30113506317139, 177387.0
44.477477073669434, 177442.0
44.891597032547, 177690.0
45.23498487472534, 177994.0
45.45614981651306, 178331.0
45.52544569969177, 178393.0
45.56408905982971, 178739.0
45.60768675804138, 178812.0
45.81430387496948, 178957.0
45.84498190879822, 179581.0
45.86474585533142, 179615.0
45.888497829437256, 179857.0
45.96651101112366, 180551.0
46.66675281524658, 181046.0
46.68052792549133, 181846.0
46.993013858795166, 182411.0
47.147228956222534, 182941.0
47.176311016082764, 183285.0
47.19961380958557, 183349.0
47.298383951187134, 183612.0
47.35583996772766, 183757.0
47.4527268409729, 183982.0
47.512558937072754, 184081.0
47.68867611885071, 184734.0
47.83930683135986, 185211.0
47.85521984100342, 185806.0
48.06801509857178, 185889.0
48.12510681152344, 186443.0
48.31164193153381, 186465.0
48.4384548664093, 186588.0
48.4542179107666, 187099.0
48.5189847946167, 187294.0
48.73784685134888, 187463.0
48.99819493293762, 187680.0
49.00409698486328, 188170.0
49.09378385543823, 188491.0
49.39838695526123, 189132.0
49.555229902267456, 189866.0
49.55623483657837, 190048.0
49.57093691825867, 190679.0
49.698275089263916, 191427.0
49.71688795089722, 191768.0
49.757054805755615, 192234.0
49.78356599807739, 192632.0
50.546634912490845, 192757.0
50.791383028030396, 192948.0
50.97948098182678, 192951.0
51.215739727020264, 193870.0
51.23824691772461, 194321.0
51.577040910720825, 194676.0
51.587984800338745, 195431.0
51.76955986022949, 196176.0
51.770565032958984, 196661.0
51.80026292800903, 196955.0
52.620611906051636, 197641.0
52.65426993370056, 198162.0
53.76064682006836, 198382.0
53.91567587852478, 198616.0
55.83519506454468, 198667.0
56.13239908218384, 198719.0
56.15436577796936, 198803.0
56.46104907989502, 198854.0
56.55565595626831, 199482.0
56.65959286689758, 199605.0
57.03345084190369, 200260.0
57.94590473175049, 201082.0
57.979731798172, 201489.0
58.17001175880432, 201524.0
59.097577810287476, 202043.0
60.17787480354309, 202064.0
60.42754292488098, 202635.0
60.5790319442749, 202830.0
60.64764380455017, 203592.0
60.65451097488403, 204523.0
60.6995267868042, 204692.0
63.205251932144165, 204695.0
63.294214725494385, 204812.0
63.68734788894653, 205021.0
64.95870900154114, 205585.0
65.27833580970764, 206496.0
65.62293291091919, 207079.0
66.87668991088867, 207160.0
