0.0019979476928710938, 876.0
0.003944873809814453, 1755.0
0.005869865417480469, 2640.0
0.007799863815307617, 3337.0
0.009725809097290039, 3732.0
0.011657953262329102, 4417.0
0.01357889175415039, 5125.0
0.015497922897338867, 5983.0
0.017415761947631836, 6715.0
0.019330978393554688, 7287.0
0.02125096321105957, 7766.0
0.023187875747680664, 8530.0
0.025122880935668945, 9016.0
0.027046680450439453, 9676.0
0.028967857360839844, 10187.0
0.030884742736816406, 10702.0
0.0328068733215332, 11468.0
0.03472781181335449, 11841.0
0.03664398193359375, 12409.0
0.038594961166381836, 13022.0
0.04052281379699707, 13551.0
0.042439937591552734, 14553.0
0.044371843338012695, 14933.0
0.04629778861999512, 15459.0
0.04820585250854492, 16026.0
0.05012392997741699, 16331.0
0.052043914794921875, 16877.0
0.05395770072937012, 16987.0
0.05587196350097656, 17996.0
0.057779788970947266, 18325.0
0.05969977378845215, 18636.0
0.06160569190979004, 19099.0
0.06352090835571289, 19955.0
0.0654439926147461, 21012.0
0.06735587120056152, 21716.0
0.06926488876342773, 22276.0
0.07117366790771484, 23075.0
0.07309103012084961, 24035.0
0.07500696182250977, 24167.0
0.0769188404083252, 24629.0
0.0788419246673584, 25257.0
0.08075380325317383, 25935.0
0.08266282081604004, 26455.0
0.08456897735595703, 26675.0
0.08647799491882324, 27683.0
0.08838868141174316, 28613.0
0.09031176567077637, 29321.0
0.0922248363494873, 30289.0
0.09413695335388184, 30939.0
0.09604978561401367, 31324.0
0.09795284271240234, 31440.0
0.09985685348510742, 32058.0
0.10176992416381836, 32501.0
0.10369992256164551, 32851.0
0.10560083389282227, 33543.0
0.10750365257263184, 33817.0
0.10941386222839355, 34884.0
0.11133980751037598, 35288.0
0.11324882507324219, 35627.0
0.11516284942626953, 36102.0
0.11707687377929688, 36622.0
0.1189877986907959, 37459.0
0.12088179588317871, 37854.0
0.12279295921325684, 38293.0
0.12469077110290527, 38499.0
0.12659978866577148, 39283.0
0.12849974632263184, 40244.0
0.13041186332702637, 40646.0
0.1323099136352539, 40870.0
0.13420891761779785, 41807.0
0.13611483573913574, 42030.0
0.13802003860473633, 43109.0
0.13992786407470703, 44122.0
0.14184069633483887, 45001.0
0.14377188682556152, 45617.0
0.14568495750427246, 46533.0
0.1475980281829834, 46976.0
0.14951586723327637, 47700.0
0.15141987800598145, 48700.0
0.1533207893371582, 49639.0
0.1552278995513916, 50477.0
0.1571357250213623, 50686.0
0.1590430736541748, 51639.0
0.16094470024108887, 52020.0
0.162841796875, 52764.0
0.16474485397338867, 53141.0
0.16665172576904297, 53331.0
0.16855478286743164, 53995.0
0.17046689987182617, 54446.0
0.17236876487731934, 55127.0
0.1742708683013916, 55917.0
0.17618083953857422, 56757.0
0.17808294296264648, 57003.0
0.17998576164245605, 57662.0
0.1819019317626953, 58562.0
0.18381285667419434, 59074.0
0.21189188957214355, 59189.0
0.26238489151000977, 59298.0
0.36888790130615234, 59417.0
0.43807196617126465, 59749.0
0.45681095123291016, 59916.0
0.46622467041015625, 60074.0
0.5155119895935059, 60207.0
0.5758318901062012, 60308.0
0.8222818374633789, 60410.0
0.9339759349822998, 60492.0
0.972510814666748, 60582.0
0.9898397922515869, 60718.0
1.2964420318603516, 60815.0
1.3435640335083008, 60976.0
1.3955929279327393, 61116.0
1.5044729709625244, 61179.0
1.5105338096618652, 61384.0
1.5205848217010498, 61512.0
1.6238420009613037, 61575.0
1.7787907123565674, 61717.0
2.0854718685150146, 61759.0
2.100558042526245, 61913.0
2.1682968139648438, 62018.0
2.7024686336517334, 62116.0
2.901762008666992, 62216.0
3.0127720832824707, 62317.0
3.0786616802215576, 62328.0
3.0899758338928223, 62501.0
3.095655918121338, 62605.0
3.2160377502441406, 62681.0
3.291285991668701, 62808.0
3.3493270874023438, 62918.0
3.4160358905792236, 63019.0
3.5208518505096436, 63131.0
3.5286457538604736, 63287.0
3.5403339862823486, 63415.0
3.583160877227783, 63516.0
3.92443585395813, 63676.0
3.936405897140503, 63783.0
4.213464021682739, 63887.0
4.280927896499634, 63890.0
4.283013820648193, 64077.0
4.345911979675293, 64186.0
4.347912788391113, 64307.0
4.397179841995239, 64412.0
4.5759758949279785, 64451.0
4.595791816711426, 64557.0
4.64485502243042, 64707.0
4.648823976516724, 64812.0
4.693709850311279, 64813.0
4.861585855484009, 64866.0
4.924516677856445, 64986.0
4.964563846588135, 65029.0
4.979869842529297, 65193.0
5.046478986740112, 65268.0
5.052210807800293, 65422.0
5.054144859313965, 65776.0
5.103561878204346, 65897.0
5.12257981300354, 66012.0
5.402897834777832, 66044.0
5.414341688156128, 66183.0
5.4469828605651855, 66285.0
5.539524078369141, 66385.0
5.628567934036255, 66507.0
5.663357734680176, 66574.0
5.676889657974243, 66675.0
5.7097718715667725, 66791.0
5.797970771789551, 66906.0
5.94412899017334, 66919.0
6.147478818893433, 66995.0
6.179219961166382, 67117.0
6.49908185005188, 67217.0
6.645039796829224, 67313.0
6.8598339557647705, 67434.0
6.94045090675354, 67571.0
6.969305753707886, 67618.0
7.264493942260742, 67718.0
7.274367809295654, 67913.0
7.791064023971558, 67950.0
7.792994022369385, 68113.0
7.810058832168579, 68229.0
7.823336839675903, 68372.0
7.889662742614746, 68483.0
7.971127033233643, 68571.0
7.982492923736572, 68806.0
8.016639947891235, 68962.0
8.018566846847534, 69107.0
8.033736944198608, 69213.0
8.266304969787598, 69269.0
8.313922882080078, 69408.0
8.43312406539917, 69619.0
8.651399850845337, 69686.0
8.75343370437622, 69789.0
8.815891742706299, 69919.0
9.285404920578003, 69988.0
9.375696897506714, 70114.0
9.559032917022705, 70215.0
9.642200946807861, 70405.0
9.776773691177368, 70406.0
10.025149822235107, 70516.0
11.026732921600342, 70600.0
11.045352935791016, 70716.0
11.244740009307861, 70804.0
11.30995488166809, 70834.0
11.347216844558716, 70980.0
11.3528470993042, 71196.0
11.622697830200195, 71210.0
11.947257041931152, 71215.0
12.072136878967285, 71266.0
12.105530023574829, 71412.0
12.178035736083984, 71505.0
12.192943811416626, 71616.0
12.343146800994873, 71740.0
12.352454900741577, 71875.0
12.437073707580566, 71886.0
12.592821836471558, 71889.0
12.709775686264038, 72015.0
12.852733850479126, 72108.0
12.99755573272705, 72117.0
13.196122646331787, 72209.0
13.290889978408813, 72364.0
13.307651042938232, 72404.0
13.34109377861023, 72512.0
13.576112747192383, 72518.0
13.600254774093628, 72596.0
13.696862936019897, 72611.0
13.86744499206543, 72612.0
14.153385877609253, 72674.0
14.1608407497406, 72803.0
14.238757848739624, 72898.0
14.275897979736328, 72917.0
14.344582796096802, 73096.0
14.511811971664429, 73201.0
14.53969407081604, 73307.0
14.68991994857788, 73418.0
14.749363899230957, 73508.0
14.821724891662598, 73615.0
14.897910833358765, 73679.0
14.933228015899658, 73783.0
14.946285009384155, 73886.0
15.102210998535156, 73918.0
15.219172716140747, 74006.0
15.24330997467041, 74111.0
15.36378788948059, 74115.0
15.513516902923584, 74203.0
15.53578782081604, 74350.0
15.5376718044281, 74457.0
15.674254894256592, 74619.0
16.76717185974121, 74711.0
17.520983934402466, 74800.0
17.554391860961914, 74834.0
17.582213878631592, 74989.0
17.71862483024597, 75018.0
18.514431953430176, 75019.0
18.841135025024414, 75066.0
18.922839879989624, 75151.0
18.94702386856079, 75318.0
19.24357795715332, 75494.0
19.251038789749146, 75598.0
19.38068175315857, 75667.0
19.427112817764282, 75788.0
19.577590942382812, 75794.0
19.598002910614014, 75902.0
19.734519958496094, 76015.0
19.87889575958252, 76070.0
19.895615816116333, 76184.0
20.044357776641846, 76213.0
20.137028694152832, 76383.0
20.33704900741577, 76433.0
20.34079670906067, 76615.0
20.36494207382202, 76707.0
20.383524656295776, 76724.0
20.442811727523804, 76965.0
20.48180389404297, 77114.0
20.57450795173645, 77242.0
20.59126591682434, 77394.0
20.622784852981567, 77564.0
20.639521837234497, 77717.0
20.713610887527466, 77818.0
20.83394503593445, 77901.0
20.889539003372192, 78018.0
20.961690664291382, 78115.0
21.102330684661865, 78117.0
21.498470783233643, 78210.0
21.60036587715149, 78255.0
21.64666175842285, 78413.0
21.80329990386963, 78505.0
21.94051194190979, 78585.0
21.947962045669556, 78713.0
22.057726860046387, 78768.0
22.12602186203003, 78917.0
22.32317090034485, 78918.0
22.734713077545166, 78936.0
22.740607976913452, 79062.0
22.824336767196655, 79167.0
22.84963870048523, 79188.0
22.89640974998474, 79221.0
22.923646926879883, 79418.0
23.327635765075684, 79465.0
23.629442930221558, 79608.0
23.956676721572876, 79701.0
24.05778193473816, 79813.0
24.21983289718628, 79918.0
24.647226095199585, 80016.0
24.78846287727356, 80127.0
24.85330080986023, 80148.0
24.902869939804077, 80160.0
24.920048713684082, 80264.0
25.011507749557495, 80401.0
25.093441009521484, 80503.0
25.207794904708862, 80511.0
25.244059801101685, 80590.0
25.24600887298584, 80737.0
25.37180471420288, 80805.0
25.51470685005188, 80890.0
25.51666283607483, 81010.0
25.657732009887695, 81104.0
25.68630599975586, 81180.0
25.68824291229248, 81396.0
25.728349924087524, 81557.0
25.730287075042725, 81883.0
25.87821674346924, 81991.0
25.93931794166565, 82119.0
26.14513397216797, 82209.0
26.31298565864563, 82360.0
28.442771911621094, 82367.0
28.474868774414062, 82507.0
29.539978981018066, 82513.0
29.5588698387146, 82528.0
29.606011867523193, 82566.0
30.057318687438965, 82617.0
30.477521896362305, 82688.0
30.48132085800171, 82805.0
30.622628688812256, 82806.0
30.80749797821045, 82816.0
31.53357481956482, 82935.0
31.565637826919556, 82996.0
31.59767484664917, 83103.0
31.718265056610107, 83319.0
33.01424288749695, 83428.0
33.01615881919861, 83614.0
33.17289996147156, 83669.0
33.182342767715454, 83692.0
33.218244791030884, 83811.0
33.537123918533325, 83815.0
34.95098900794983, 83912.0
35.00756502151489, 83919.0
35.082653760910034, 83994.0
35.10706090927124, 84110.0
35.2561469078064, 84212.0
35.538960695266724, 84254.0
35.59857988357544, 84405.0
36.17065072059631, 84414.0
36.291197776794434, 84416.0
36.33692479133606, 84441.0
36.36618900299072, 84616.0
36.36805081367493, 84718.0
36.5215368270874, 84807.0
36.582058906555176, 84885.0
36.65554666519165, 84916.0
36.88577079772949, 84951.0
36.88945388793945, 85064.0
36.893136739730835, 85166.0
36.89501094818115, 85396.0
36.90966486930847, 85486.0
36.99742889404297, 85514.0
37.00840783119202, 85517.0
37.27850699424744, 85550.0
37.51247572898865, 85615.0
37.647619009017944, 85644.0
37.7159378528595, 85791.0
37.83477973937988, 85838.0
37.874966859817505, 85846.0
37.8896119594574, 85864.0
37.97001886367798, 85980.0
37.98285102844238, 86001.0
38.022451877593994, 86105.0
38.052207708358765, 86293.0
38.21518683433533, 86399.0
38.28096890449524, 86512.0
38.62941098213196, 86531.0
38.655006885528564, 86673.0
38.680574893951416, 86787.0
38.80276083946228, 86910.0
39.15476870536804, 86952.0
39.16208481788635, 87056.0
39.211304903030396, 87159.0
39.33528280258179, 87209.0
39.37725782394409, 87293.0
39.5104079246521, 87365.0
39.74148869514465, 87418.0
40.940271854400635, 87516.0
41.50149083137512, 87598.0
41.58907675743103, 87692.0
41.68407702445984, 87715.0
42.537256956100464, 87717.0
43.06412696838379, 87919.0
43.0719039440155, 88117.0
43.2715220451355, 88118.0
43.29288697242737, 88209.0
43.721306800842285, 88214.0
43.885618925094604, 88274.0
44.0896418094635, 88282.0
44.182307958602905, 88305.0
45.19198989868164, 88418.0
45.28532290458679, 88501.0
45.43120884895325, 88512.0
45.43318796157837, 88616.0
45.43516778945923, 88719.0
45.5750629901886, 88801.0
45.633410930633545, 88917.0
45.765724897384644, 89019.0
45.824110984802246, 89164.0
45.89002084732056, 89288.0
46.05145001411438, 89361.0
46.07050585746765, 89497.0
46.14855599403381, 89581.0
46.255987882614136, 89589.0
46.506653785705566, 89596.0
46.614378929138184, 89702.0
46.79769492149353, 89796.0
46.8092987537384, 89904.0
46.94817566871643, 89978.0
46.95399188995361, 90118.0
47.0929958820343, 90213.0
47.12012195587158, 90332.0
47.12403082847595, 90438.0
47.12599277496338, 90586.0
47.1453697681427, 90589.0
47.363072872161865, 90670.0
47.43631982803345, 90776.0
47.46337389945984, 90814.0
47.47305989265442, 90917.0
47.66963195800781, 91001.0
48.034456968307495, 91118.0
48.092400789260864, 91184.0
48.098235845565796, 91307.0
48.102137088775635, 91411.0
48.291985750198364, 91506.0
48.352457761764526, 91517.0
48.88533282279968, 91560.0
48.89101004600525, 91695.0
49.27861189842224, 91818.0
50.566096782684326, 91865.0
50.57540488243103, 91977.0
50.60699105262756, 92094.0
50.64043688774109, 92210.0
50.788402795791626, 92289.0
50.831135988235474, 92413.0
50.920042991638184, 92469.0
50.946022748947144, 92574.0
51.088679790496826, 92575.0
51.28321671485901, 92596.0
51.37776303291321, 92612.0
53.37659001350403, 92705.0
53.60000777244568, 92757.0
53.62404489517212, 92819.0
53.83634877204895, 92850.0
53.862241983413696, 92949.0
54.01390290260315, 92972.0
54.073577880859375, 92984.0
54.142130851745605, 93074.0
54.15702295303345, 93217.0
54.20521688461304, 93340.0
54.23853588104248, 93499.0
54.28662872314453, 93615.0
54.552834033966064, 93770.0
54.58806395530701, 93886.0
54.822131872177124, 93888.0
54.85181379318237, 94007.0
56.25024199485779, 94116.0
61.11938500404358, 94119.0
61.55743479728699, 94236.0
61.56878590583801, 94413.0
61.75362992286682, 94496.0
61.81021785736084, 94610.0
61.91588282585144, 94718.0
63.13575077056885, 94789.0
63.80573487281799, 94809.0
64.1936628818512, 94814.0
64.2126817703247, 94947.0
64.2164978981018, 95111.0
64.28095889091492, 95147.0
64.41908288002014, 95177.0
64.51217889785767, 95278.0
64.57236194610596, 95380.0
64.7163758277893, 95414.0
70.56464982032776, 95504.0
70.76253199577332, 95608.0
70.78163886070251, 95617.0
71.88573694229126, 95704.0
71.93736696243286, 95751.0
71.95076775550842, 95823.0
71.96797895431519, 95916.0
72.58215975761414, 95982.0
72.76908588409424, 95988.0
72.85314083099365, 96086.0
72.96404767036438, 96117.0
73.445467710495, 96186.0
73.47611284255981, 96213.0
73.86432480812073, 96290.0
74.05774092674255, 96373.0
74.32283997535706, 96493.0
74.46356987953186, 96516.0
76.02644991874695, 96608.0
76.07947993278503, 96701.0
76.13441586494446, 96815.0
76.7079017162323, 96874.0
76.89713788032532, 96899.0
80.26924777030945, 96911.0
80.28614282608032, 97019.0
80.65276789665222, 97093.0
80.76310586929321, 97117.0
82.28349375724792, 97119.0
82.32489895820618, 97191.0
82.3465929031372, 97319.0
82.51171684265137, 97413.0
82.57841181755066, 97506.0
83.02884292602539, 97619.0
83.36356496810913, 97656.0
83.37314891815186, 97819.0
83.56737995147705, 97876.0
83.68349695205688, 97889.0
83.7044768333435, 97892.0
83.74261784553528, 98013.0
83.82063674926758, 98088.0
84.94970083236694, 98119.0
86.28230285644531, 98179.0
86.33966374397278, 98212.0
86.61584997177124, 98298.0
86.7287847995758, 98408.0
87.39165377616882, 98493.0
87.5178689956665, 98510.0
87.54675674438477, 98540.0
87.5756950378418, 98595.0
87.66209387779236, 98715.0
103.08209776878357, 98807.0
103.15333080291748, 98890.0
103.19831395149231, 99011.0
104.58396100997925, 99018.0
105.61423468589783, 99108.0
105.78756976127625, 99209.0
114.38828372955322, 99217.0
114.90261387825012, 99278.0
115.0556628704071, 99393.0
115.0731418132782, 99515.0
116.10939168930054, 99519.0
117.04241585731506, 99571.0
117.06557106971741, 99695.0
118.12404179573059, 99805.0
118.2076427936554, 99906.0
119.47010684013367, 99910.0
119.80192303657532, 99911.0
123.03518486022949, 99915.0
126.23176074028015, 100010.0
126.58561992645264, 100110.0
128.01530289649963, 100216.0
128.08396005630493, 100317.0
132.26404190063477, 100419.0
