0.00011277198791503906, 153.0
0.00022077560424804688, 888.0
0.0003287792205810547, 1289.0
0.00043582916259765625, 1826.0
0.0005438327789306641, 2504.0
0.0006508827209472656, 3110.0
0.0008668899536132812, 3176.0
0.0011887550354003906, 3699.0
0.002368927001953125, 3909.0
0.0030059814453125, 4035.0
0.004302024841308594, 4759.0
0.005593061447143555, 5069.0
0.006880044937133789, 5475.0
0.008852958679199219, 5955.0
0.00906991958618164, 6681.0
0.014019012451171875, 6788.0
0.030252933502197266, 6869.0
0.03817582130432129, 7051.0
0.039090871810913086, 7815.0
0.04095888137817383, 8726.0
0.04207897186279297, 8921.0
0.04639291763305664, 8941.0
0.04670000076293945, 9872.0
0.046807050704956055, 10728.0
0.05601692199707031, 11519.0
0.06155800819396973, 11520.0
0.06166195869445801, 12290.0
0.0643167495727539, 12780.0
0.06850981712341309, 13343.0
0.06871485710144043, 13912.0
0.06902074813842773, 13943.0
0.07250690460205078, 14550.0
0.07567095756530762, 14601.0
0.07802796363830566, 14686.0
0.08272576332092285, 14737.0
0.0829308032989502, 15403.0
0.08334088325500488, 15685.0
0.08672881126403809, 16217.0
0.09812593460083008, 16407.0
0.3828089237213135, 16691.0
0.6506097316741943, 16859.0
0.6613938808441162, 16893.0
0.6812636852264404, 17036.0
0.6822798252105713, 17947.0
0.688612699508667, 18036.0
0.6910388469696045, 18047.0
0.716721773147583, 18369.0
1.4368879795074463, 19034.0
1.439518928527832, 19632.0
2.030566930770874, 19714.0
2.030914068222046, 20046.0
2.03122878074646, 20256.0
2.0391428470611572, 20542.0
2.0422439575195312, 20999.0
2.0426650047302246, 21308.0
2.979463815689087, 21438.0
2.9810829162597656, 21720.0
2.9898228645324707, 21965.0
2.9966399669647217, 21998.0
4.328946828842163, 22033.0
4.340806722640991, 22488.0
4.3707709312438965, 22533.0
4.3820037841796875, 22607.0
4.392591714859009, 22622.0
4.393597841262817, 23289.0
4.39600682258606, 23973.0
4.40281081199646, 24085.0
4.403608083724976, 24094.0
4.404706954956055, 24116.0
4.415989875793457, 24218.0
4.486864805221558, 24481.0
4.508537769317627, 24613.0
4.509957790374756, 25367.0
4.854715824127197, 25395.0
4.854933977127075, 25801.0
4.858667850494385, 25929.0
5.7796409130096436, 26043.0
5.7996180057525635, 26171.0
