4.696846008300781e-05, 222.0
8.893013000488281e-05, 1181.0
0.0013709068298339844, 1288.0
0.002650022506713867, 1406.0
0.003010988235473633, 1587.0
0.008295059204101562, 1657.0
0.013419151306152344, 1805.0
0.013458967208862305, 1948.0
0.026713848114013672, 1982.0
0.030884981155395508, 2035.0
0.03219413757324219, 2164.0
0.0338289737701416, 2176.0
0.132127046585083, 2279.0
0.2638580799102783, 2282.0
0.2641739845275879, 2297.0
0.4981660842895508, 2387.0
0.7712588310241699, 2389.0
0.8072099685668945, 2391.0
0.8092608451843262, 2492.0
1.995617151260376, 2495.0
