169.84661889076233, 731.0
169.84662890434265, 668.0
169.84662985801697, 740.0
169.84663105010986, 998.0
169.8466329574585, 987.0
169.8466339111328, 427.0
169.84663820266724, 904.0
169.84663915634155, 694.0
169.8466398715973, 722.0
169.8466408252716, 835.0
169.84664297103882, 859.0
169.84664797782898, 846.0
169.84664916992188, 359.0
169.84665083885193, 343.0
169.84665203094482, 540.0
169.84665298461914, 828.0
169.8466601371765, 582.0
169.84666180610657, 780.0
169.84666299819946, 707.0
169.84666395187378, 707.0
169.8466649055481, 368.0
169.8466670513153, 460.0
169.84666800498962, 991.0
169.84666919708252, 114.0
169.84667491912842, 211.0
169.84667706489563, 965.0
169.84667801856995, 949.0
169.84668016433716, 687.0
169.84668111801147, 184.0
169.8466820716858, 663.0
169.84668707847595, 635.0
169.84669589996338, 666.0
169.84670400619507, 742.0
169.84670495986938, 232.0
169.8467059135437, 325.0
169.84670686721802, 995.0
169.8467080593109, 792.0
169.84670901298523, 967.0
169.8467137813568, 339.0
169.8467149734497, 386.0
169.84672117233276, 182.0
169.84672212600708, 657.0
169.8467230796814, 539.0
169.84672808647156, 673.0
169.84672904014587, 542.0
169.8467299938202, 876.0
169.8467309474945, 531.0
169.8467321395874, 549.0
169.84673309326172, 921.0
169.84673595428467, 994.0
169.84673690795898, 439.0
169.8467378616333, 788.0
169.84674215316772, 909.0
169.8467469215393, 856.0
169.84674787521362, 501.0
169.84674906730652, 376.0
169.84675002098083, 371.0
169.84675407409668, 511.0
169.8467562198639, 791.0
169.84676003456116, 609.0
169.846764087677, 495.0
169.84676504135132, 874.0
169.84676599502563, 863.0
169.84676790237427, 961.0
169.8467981815338, 398.0
169.84680104255676, 944.0
169.84680700302124, 509.0
169.84680819511414, 976.0
169.84680914878845, 633.0
169.84681010246277, 406.0
169.8468108177185, 807.0
169.8468120098114, 697.0
169.84681296348572, 747.0
169.84681391716003, 624.0
169.84681510925293, 520.0
169.84681606292725, 316.0
169.84682607650757, 242.0
169.84683394432068, 780.0
169.846834897995, 961.0
169.8468360900879, 400.0
169.8468370437622, 626.0
169.84683799743652, 514.0
169.84683918952942, 941.0
169.84684300422668, 960.0
169.846843957901, 836.0
169.84684491157532, 220.0
169.84684586524963, 660.0
169.84684705734253, 881.0
169.84684801101685, 404.0
169.84684896469116, 360.0
169.84685111045837, 417.0
169.8468520641327, 759.0
169.84685397148132, 956.0
169.84685802459717, 874.0
169.8468611240387, 609.0
169.846862077713, 882.0
169.84686398506165, 598.0
169.84686493873596, 834.0
169.84686493873596, 898.0
169.84686708450317, 803.0
169.8468680381775, 102.0
169.8468689918518, 914.0
169.84687304496765, 608.0
169.84687423706055, 416.0
169.8468759059906, 564.0
169.84687995910645, 899.0
169.84688115119934, 412.0
169.84688210487366, 863.0
169.84689211845398, 947.0
169.8468940258026, 632.0
169.8468952178955, 665.0
169.84689903259277, 479.0
169.8468999862671, 933.0
169.8469009399414, 266.0
169.8469021320343, 312.0
169.84690308570862, 709.0
169.84690403938293, 679.0
169.8469090461731, 973.0
169.84691309928894, 582.0
169.8469169139862, 844.0
169.84691786766052, 668.0
169.84692096710205, 794.0
169.84692192077637, 676.0
169.84692311286926, 978.0
169.8469250202179, 749.0
169.8469262123108, 283.0
169.8469271659851, 944.0
169.84692788124084, 866.0
169.84693598747253, 833.0
169.84694004058838, 946.0
169.846941947937, 590.0
169.84694600105286, 591.0
169.84694719314575, 659.0
169.84695291519165, 666.0
169.84695410728455, 760.0
169.84695506095886, 640.0
169.84695601463318, 427.0
169.84695720672607, 903.0
169.8469581604004, 703.0
169.8469591140747, 837.0
169.84695982933044, 389.0
169.84696102142334, 329.0
169.84696197509766, 195.0
169.84696292877197, 572.0
169.8469638824463, 768.0
169.84696507453918, 876.0
169.84696984291077, 994.0
169.84697079658508, 332.0
169.84697198867798, 692.0
169.8469729423523, 768.0
169.8469738960266, 34.0
169.8469750881195, 789.0
169.84697914123535, 532.0
169.84698009490967, 335.0
169.8469808101654, 971.0
169.8469820022583, 397.0
169.84698390960693, 740.0
169.84698796272278, 953.0
169.84698915481567, 824.0
169.84699010849, 509.0
169.8469910621643, 435.0
169.84699487686157, 624.0
169.846999168396, 992.0
169.8470001220703, 909.0
169.84700107574463, 292.0
169.84700202941895, 779.0
169.84700298309326, 683.0
169.84700393676758, 286.0
169.8470060825348, 524.0
169.84701013565063, 601.0
169.84701108932495, 727.0
169.84701299667358, 701.0
169.8470139503479, 596.0
169.84701800346375, 599.0
169.84701895713806, 832.0
169.84702014923096, 621.0
169.8470220565796, 854.0
169.84702324867249, 798.0
169.84702396392822, 891.0
169.84702491760254, 333.0
169.84702897071838, 879.0
169.8470311164856, 532.0
169.84703397750854, 983.0
169.84703493118286, 392.0
169.84703588485718, 556.0
169.84703707695007, 572.0
169.8470389842987, 658.0
169.84703993797302, 874.0
169.84704113006592, 660.0
169.84704494476318, 556.0
169.8470458984375, 816.0
169.84704685211182, 912.0
169.84705114364624, 753.0
169.84705519676208, 811.0
169.84705591201782, 443.0
169.84705686569214, 811.0
169.84705805778503, 351.0
169.84705901145935, 629.0
169.84705996513367, 608.0
169.84706091880798, 896.0
169.84706616401672, 912.0
169.84706687927246, 774.0
169.84706783294678, 812.0
169.84706902503967, 960.0
169.84707617759705, 650.0
169.84707689285278, 473.0
169.84707903862, 355.0
169.84708309173584, 555.0
169.84708404541016, 807.0
169.84709405899048, 726.0
169.8470950126648, 897.0
169.84709882736206, 771.0
169.84710097312927, 571.0
169.84710311889648, 638.0
169.84710311889648, 772.0
169.84710717201233, 974.0
169.84710812568665, 863.0
169.84710884094238, 454.0
169.8471119403839, 805.0
169.84711408615112, 179.0
169.84711503982544, 597.0
169.84712100028992, 620.0
169.84712290763855, 344.0
169.8471269607544, 434.0
169.84713196754456, 756.0
169.84713292121887, 929.0
169.8471338748932, 662.0
169.84713697433472, 617.0
169.8471381664276, 986.0
169.84714007377625, 980.0
169.84714078903198, 739.0
169.84714198112488, 763.0
169.8471450805664, 854.0
169.84715008735657, 736.0
169.84715104103088, 753.0
169.8471519947052, 435.0
169.84715604782104, 253.0
169.8471601009369, 945.0
169.84716296195984, 684.0
169.84716486930847, 377.0
169.84716606140137, 647.0
169.84716606140137, 170.0
169.84716701507568, 817.0
169.84716796875, 764.0
169.8471691608429, 998.0
169.8471701145172, 774.0
169.84717202186584, 675.0
169.84717297554016, 330.0
169.84717392921448, 393.0
169.8471748828888, 126.0
169.8471760749817, 520.0
169.847177028656, 672.0
169.84717798233032, 586.0
169.84717893600464, 911.0
169.84718012809753, 912.0
169.84718489646912, 587.0
169.84718585014343, 405.0
169.84718704223633, 302.0
169.84718799591064, 784.0
169.8471930027008, 897.0
169.8471941947937, 796.0
169.84719896316528, 780.0
169.84720492362976, 969.0
169.84720587730408, 275.0
169.8472068309784, 712.0
169.84720993041992, 835.0
169.84721112251282, 252.0
169.84721207618713, 692.0
169.8472158908844, 791.0
169.84721684455872, 630.0
169.8472180366516, 328.0
169.84722113609314, 812.0
169.84722208976746, 832.0
169.84722304344177, 966.0
169.84722995758057, 713.0
169.84723091125488, 647.0
169.84723210334778, 358.0
169.8472330570221, 400.0
169.8472340106964, 550.0
169.8472352027893, 800.0
169.84723615646362, 352.0
169.84723687171936, 580.0
169.84723782539368, 698.0
169.84723901748657, 826.0
169.8472409248352, 610.0
169.8472421169281, 950.0
169.84724307060242, 739.0
169.84724307060242, 128.0
169.84724402427673, 710.0
169.84724497795105, 352.0
169.84724617004395, 567.0
169.84724712371826, 913.0
169.847247838974, 646.0
169.8472490310669, 674.0
169.8472499847412, 939.0
169.84725093841553, 584.0
169.84725713729858, 881.0
169.8472580909729, 847.0
169.84725880622864, 621.0
169.84725999832153, 35.0
169.84726095199585, 903.0
169.84726810455322, 685.0
169.84726881980896, 325.0
169.84727096557617, 432.0
169.8472719192505, 760.0
169.8472728729248, 363.0
169.84727716445923, 638.0
169.84727811813354, 800.0
169.8472809791565, 940.0
169.8472819328308, 368.0
169.84728288650513, 910.0
169.84728598594666, 829.0
169.84728813171387, 605.0
169.84729194641113, 949.0
169.84729504585266, 425.0
169.84729599952698, 199.0
169.84730100631714, 843.0
169.84730696678162, 917.0
169.8473081588745, 218.0
169.84731197357178, 418.0
169.8473150730133, 409.0
169.84731602668762, 886.0
169.84731698036194, 914.0
169.84732007980347, 642.0
169.84732103347778, 734.0
169.84732222557068, 641.0
169.84732294082642, 941.0
169.84732389450073, 420.0
169.84732604026794, 840.0
169.84732794761658, 524.0
169.84732794761658, 908.0
169.847332239151, 686.0
169.84733700752258, 942.0
169.8473379611969, 330.0
169.8473391532898, 236.0
169.8473401069641, 708.0
169.84734106063843, 607.0
169.84734201431274, 702.0
169.84734320640564, 912.0
169.84734392166138, 704.0
169.8473448753357, 851.0
169.8473460674286, 737.0
169.84734797477722, 986.0
169.84734797477722, 757.0
169.84735012054443, 971.0
169.84735012054443, 473.0
169.84735202789307, 880.0
169.84735321998596, 669.0
169.8473539352417, 485.0
169.84735488891602, 165.0
169.84735584259033, 398.0
169.84735703468323, 845.0
169.84735798835754, 700.0
169.84735894203186, 107.0
169.84736013412476, 713.0
169.84736108779907, 802.0
169.8473620414734, 383.0
169.84736585617065, 927.0
169.84736800193787, 750.0
169.84736895561218, 756.0
169.8473699092865, 809.0
169.8473711013794, 939.0
169.8473720550537, 721.0
169.84737992286682, 561.0
169.84738111495972, 803.0
169.84738206863403, 523.0
169.84738302230835, 514.0
169.84738683700562, 495.0
169.8473880290985, 678.0
169.84738898277283, 619.0
169.84738993644714, 938.0
169.84739089012146, 622.0
169.84739208221436, 724.0
169.84739303588867, 153.0
169.847393989563, 929.0
169.84739518165588, 634.0
169.8473961353302, 986.0
169.84739685058594, 919.0
169.84739780426025, 537.0
169.84739899635315, 570.0
169.84739995002747, 965.0
169.84740090370178, 582.0
169.84740209579468, 598.0
169.847403049469, 21.0
169.84740781784058, 872.0
169.84740900993347, 599.0
169.8474099636078, 632.0
169.84741306304932, 457.0
169.84741497039795, 904.0
169.84741711616516, 810.0
169.84741711616516, 771.0
169.8474178314209, 900.0
169.8474190235138, 418.0
169.84742093086243, 601.0
169.84742188453674, 442.0
169.84742307662964, 992.0
169.84742403030396, 950.0
169.84742498397827, 594.0
169.84742617607117, 995.0
169.84742999076843, 574.0
169.84743189811707, 850.0
169.84743309020996, 993.0
169.84743404388428, 426.0
169.8474349975586, 395.0
169.8474359512329, 844.0
169.84744000434875, 871.0
169.84744095802307, 603.0
169.8474419116974, 771.0
169.8474428653717, 784.0
169.84744501113892, 987.0
169.84744596481323, 711.0
169.84745025634766, 987.0
169.8474509716034, 920.0
169.84745287895203, 218.0
169.84745287895203, 859.0
169.84745502471924, 859.0
169.84745502471924, 894.0
169.84745597839355, 372.0
169.84745717048645, 560.0
169.84746193885803, 619.0
169.84746289253235, 844.0
169.84746408462524, 129.0
169.84746503829956, 258.0
169.8474669456482, 975.0
169.84747123718262, 224.0
169.84747195243835, 958.0
169.84747290611267, 868.0
169.847473859787, 488.0
169.84747505187988, 859.0
169.8474760055542, 856.0
169.84747695922852, 984.0
169.84747910499573, 778.0
169.847482919693, 732.0
169.8474850654602, 720.0
169.84748601913452, 673.0
169.84748697280884, 848.0
169.84749102592468, 542.0
169.84749221801758, 752.0
169.84749293327332, 654.0
169.84749388694763, 840.0
169.84749484062195, 807.0
169.84749603271484, 137.0
169.84749698638916, 685.0
169.84749794006348, 886.0
169.84749913215637, 814.0
169.8475000858307, 653.0
169.847501039505, 578.0
169.84750199317932, 943.0
169.84750318527222, 516.0
169.84750390052795, 442.0
169.84750485420227, 480.0
169.84750604629517, 468.0
169.84750699996948, 647.0
169.8475079536438, 458.0
169.84750890731812, 777.0
169.847510099411, 947.0
169.84751105308533, 564.0
169.84751200675964, 953.0
169.84751319885254, 915.0
169.8475148677826, 735.0
169.8475148677826, 730.0
169.8475158214569, 939.0
169.8475170135498, 783.0
169.84751796722412, 640.0
169.84751892089844, 890.0
169.84752011299133, 866.0
169.84752106666565, 513.0
169.84752202033997, 843.0
169.84752583503723, 435.0
169.84752798080444, 503.0
169.84752893447876, 517.0
169.84753012657166, 931.0
169.8475341796875, 705.0
169.84753584861755, 614.0
169.84753799438477, 616.0
169.84753894805908, 670.0
169.84753894805908, 429.0
169.8475399017334, 363.0
169.8475420475006, 660.0
169.84754300117493, 283.0
169.84754419326782, 391.0
169.84754514694214, 867.0
169.84754514694214, 667.0
169.8475468158722, 551.0
169.84755110740662, 799.0
169.84755206108093, 124.0
169.84755611419678, 942.0
169.8475580215454, 125.0
169.84755897521973, 931.0
169.84756088256836, 641.0
169.84756207466125, 992.0
169.84756302833557, 294.0
169.8475639820099, 477.0
169.84756517410278, 942.0
169.8475661277771, 508.0
169.84756708145142, 848.0
169.84756779670715, 495.0
169.84756898880005, 425.0
169.84756994247437, 653.0
169.84757089614868, 942.0
169.84757208824158, 643.0
169.8475730419159, 617.0
169.8475739955902, 391.0
169.8475751876831, 811.0
169.84757614135742, 961.0
169.84757709503174, 893.0
169.84757804870605, 923.0
169.84757900238037, 840.0
169.8475799560547, 738.0
169.847580909729, 547.0
169.8475821018219, 976.0
169.84758305549622, 666.0
169.84758400917053, 755.0
169.84758496284485, 788.0
169.84758877754211, 952.0
169.847589969635, 506.0
169.84759187698364, 448.0
169.84759306907654, 747.0
169.84759402275085, 972.0
169.84759497642517, 381.0
169.84759616851807, 702.0
169.84759712219238, 367.0
169.84760189056396, 186.0
169.84760308265686, 187.0
169.84760403633118, 982.0
169.8476049900055, 608.0
169.8476059436798, 421.0
169.8476071357727, 802.0
169.8476119041443, 488.0
169.8476128578186, 457.0
169.8476140499115, 221.0
169.84761500358582, 841.0
169.84761595726013, 464.0
169.84761714935303, 256.0
169.84761810302734, 737.0
169.84761905670166, 931.0
169.84762001037598, 209.0
169.8476219177246, 307.0
169.8476219177246, 907.0
169.84762406349182, 633.0
169.84762501716614, 763.0
169.84762597084045, 747.0
169.84762692451477, 358.0
169.84762811660767, 521.0
169.84762907028198, 228.0
169.8476300239563, 262.0
169.8476312160492, 689.0
169.84763193130493, 774.0
169.84763288497925, 774.0
169.84763383865356, 874.0
169.84763503074646, 680.0
169.84763598442078, 448.0
169.84764003753662, 634.0
169.84764122962952, 918.0
169.84764504432678, 886.0
169.84764695167542, 939.0
169.8476481437683, 84.0
169.84764909744263, 253.0
169.84765005111694, 709.0
169.84765100479126, 321.0
169.84765219688416, 610.0
169.8476529121399, 647.0
169.8476538658142, 545.0
169.8476550579071, 853.0
169.84765601158142, 959.0
169.84765696525574, 446.0
169.84765791893005, 481.0
169.8476631641388, 502.0
169.84766387939453, 728.0
169.84766483306885, 347.0
169.84766602516174, 625.0
169.84766697883606, 717.0
169.84766793251038, 970.0
169.84766912460327, 975.0
169.8476700782776, 817.0
169.8476710319519, 676.0
169.84767198562622, 767.0
169.84767603874207, 679.0
169.84767699241638, 931.0
169.8476779460907, 753.0
169.84767889976501, 845.0
169.8476800918579, 943.0
169.84768104553223, 583.0
169.84768199920654, 219.0
169.84768319129944, 681.0
169.84768795967102, 902.0
169.84769105911255, 810.0
169.84769201278687, 906.0
169.84769320487976, 888.0
169.84769415855408, 389.0
169.8476951122284, 930.0
169.84769988059998, 860.0
169.84769988059998, 810.0
169.8477029800415, 942.0
169.8477041721344, 568.0
169.84770512580872, 569.0
169.84770607948303, 874.0
169.84770607948303, 742.0
169.84770679473877, 515.0
169.84770798683167, 706.0
169.84770894050598, 940.0
169.84771299362183, 886.0
169.84771418571472, 947.0
169.84771513938904, 272.0
169.84771513938904, 816.0
169.84771609306335, 896.0
169.8477168083191, 352.0
169.847718000412, 1000.0
169.8477189540863, 412.0
169.84771990776062, 453.0
169.84772109985352, 473.0
169.84772610664368, 615.0
169.847727060318, 715.0
169.8477280139923, 838.0
169.8477280139923, 659.0
169.84773087501526, 481.0
169.84773087501526, 221.0
169.84773206710815, 684.0
169.84773302078247, 565.0
169.8477339744568, 929.0
169.84773516654968, 836.0
169.84773516654968, 782.0
169.847736120224, 702.0
169.84773707389832, 910.0
169.84773778915405, 476.0
169.84773898124695, 664.0
169.84773898124695, 838.0
169.84773993492126, 718.0
169.89250206947327, 911.0
169.8925051689148, 170.0
169.89250683784485, 832.0
169.89250898361206, 363.0
169.89250993728638, 897.0
169.8925108909607, 684.0
169.89251899719238, 649.0
169.8925199508667, 872.0
169.89252090454102, 766.0
169.8925220966339, 789.0
169.89252400398254, 857.0
169.89252710342407, 773.0
169.89254879951477, 796.0
169.89254999160767, 888.0
169.89255094528198, 826.0
169.8925540447235, 517.0
169.89255595207214, 954.0
169.89255714416504, 957.0
169.89255905151367, 777.0
169.892560005188, 987.0
169.8925609588623, 694.0
169.89256286621094, 981.0
169.89256405830383, 585.0
169.89256501197815, 543.0
169.89256596565247, 451.0
169.89256715774536, 641.0
169.89256811141968, 715.0
169.89257192611694, 868.0
169.89257287979126, 608.0
169.89257502555847, 975.0
169.89257907867432, 732.0
169.89258098602295, 905.0
169.89258193969727, 563.0
169.89258289337158, 674.0
169.89258408546448, 724.0
169.8925850391388, 555.0
169.8925859928131, 886.0
169.89258694648743, 836.0
169.89258909225464, 713.0
169.89259004592896, 730.0
169.89259123802185, 655.0
169.89259386062622, 839.0
169.89259386062622, 816.0
169.89259505271912, 553.0
169.89259910583496, 922.0
169.8926019668579, 871.0
169.89260387420654, 663.0
169.89260506629944, 961.0
169.89260601997375, 618.0
169.8926079273224, 834.0
169.89260911941528, 548.0
169.8926122188568, 945.0
169.89261388778687, 84.0
169.89261603355408, 675.0
169.8926179409027, 197.0
169.8926191329956, 930.0
169.89262008666992, 226.0
169.89262104034424, 962.0
169.89262199401855, 482.0
169.89262199401855, 771.0
169.8926239013672, 974.0
169.8926248550415, 516.0
169.8926260471344, 961.0
169.8926260471344, 847.0
169.89262700080872, 234.0
169.89262890815735, 790.0
169.89263010025024, 835.0
169.89263105392456, 389.0
169.89263200759888, 543.0
169.8926341533661, 938.0
169.89263582229614, 765.0
169.89263701438904, 92.0
169.89264011383057, 615.0
169.89264011383057, 985.0
169.89264106750488, 988.0
169.8926420211792, 592.0
169.8926432132721, 875.0
169.8926441669464, 792.0
169.89264488220215, 634.0
169.89264583587646, 984.0
169.89264702796936, 889.0
169.89264798164368, 546.0
169.892648935318, 686.0
169.8926510810852, 983.0
169.89265298843384, 757.0
169.89265990257263, 898.0
169.89266300201416, 783.0
169.8926658630371, 206.0
169.89266896247864, 762.0
169.89267301559448, 984.0
169.89269304275513, 282.0
169.8926980495453, 286.0
169.89270091056824, 644.0
169.8927071094513, 770.0
169.89272594451904, 954.0
169.89272904396057, 295.0
169.89273285865784, 997.0
169.89273715019226, 783.0
169.89275193214417, 524.0
169.89275598526, 874.0
169.89276504516602, 537.0
169.89278602600098, 959.0
169.89279103279114, 730.0
169.89279317855835, 195.0
169.892813205719, 469.0
169.89281582832336, 590.0
169.8928210735321, 513.0
169.89282512664795, 557.0
169.89284801483154, 631.0
169.89285397529602, 884.0
169.89285707473755, 815.0
169.89287614822388, 694.0
169.8928792476654, 218.0
169.89288306236267, 829.0
169.89288711547852, 705.0
169.89290595054626, 944.0
169.8929090499878, 634.0
169.89291286468506, 662.0
169.89291501045227, 957.0
169.89291906356812, 911.0
169.89293789863586, 746.0
169.8929421901703, 598.0
169.89294481277466, 51.0
169.8929479122162, 715.0
169.8929648399353, 820.0
169.89297008514404, 825.0
169.89297318458557, 774.0
169.89297795295715, 986.0
169.89297890663147, 789.0
169.89297890663147, 536.0
169.892982006073, 858.0
169.892982006073, 886.0
169.8929841518402, 906.0
169.89298510551453, 911.0
169.89298582077026, 690.0
169.89298701286316, 998.0
169.89298796653748, 770.0
169.8929889202118, 968.0
169.8929898738861, 972.0
169.892991065979, 979.0
169.89299201965332, 947.0
169.89299607276917, 955.0
169.8929967880249, 584.0
169.8929979801178, 990.0
169.89299893379211, 925.0
169.89299893379211, 267.0
169.89299988746643, 483.0
169.89300107955933, 899.0
169.89300203323364, 987.0
169.89300417900085, 285.0
169.89300513267517, 651.0
169.8930060863495, 770.0
169.8930070400238, 712.0
169.89300799369812, 238.0
169.89300894737244, 642.0
169.89300990104675, 562.0
169.89301109313965, 490.0
169.89301204681396, 905.0
169.89301204681396, 748.0
169.89301300048828, 583.0
169.8930139541626, 760.0
169.8930151462555, 859.0
169.8930160999298, 607.0
169.89301705360413, 876.0
169.89301824569702, 791.0
169.89301896095276, 631.0
169.8930208683014, 500.0
169.8930230140686, 521.0
169.89302396774292, 743.0
169.89302706718445, 888.0
169.89302897453308, 699.0
169.8930308818817, 720.0
169.89303302764893, 963.0
169.89303612709045, 374.0
169.8930380344391, 504.0
169.89304089546204, 899.0
169.89304304122925, 519.0
169.89304494857788, 781.0
169.89304900169373, 850.0
169.89305090904236, 287.0
169.89305305480957, 914.0
169.8930540084839, 648.0
169.89305591583252, 495.0
169.89305710792542, 169.0
169.89305901527405, 683.0
169.89306092262268, 689.0
169.8930628299713, 885.0
169.8930640220642, 583.0
169.89306712150574, 196.0
169.89306902885437, 784.0
169.89307188987732, 627.0
169.89307498931885, 678.0
169.89307713508606, 678.0
169.8930790424347, 919.0
169.89309000968933, 536.0
169.89309287071228, 268.0
169.8930959701538, 274.0
169.89309811592102, 298.0
169.89310002326965, 338.0
169.89310216903687, 686.0
169.89310383796692, 720.0
169.89310503005981, 734.0
169.89310789108276, 378.0
169.89311003684998, 397.0
169.8931121826172, 497.0
169.89311385154724, 509.0
169.89311480522156, 554.0
169.89311695098877, 641.0
169.8931200504303, 649.0
169.8931221961975, 651.0
169.89312410354614, 970.0
169.89313101768494, 978.0
