5.1021575927734375e-05, 94.0
0.00017905235290527344, 659.0
0.00026297569274902344, 1228.0
0.0004298686981201172, 1438.0
0.0009381771087646484, 1844.0
0.0010251998901367188, 1961.0
0.0011091232299804688, 2404.0
0.0015599727630615234, 2954.0
0.0060617923736572266, 3050.0
0.0075190067291259766, 3057.0
0.00828409194946289, 3899.0
0.00836491584777832, 4690.0
0.00848698616027832, 4781.0
0.008890867233276367, 5090.0
0.009293794631958008, 5287.0
0.012613058090209961, 5805.0
0.017489910125732422, 6166.0
0.017531871795654297, 6807.0
0.019815921783447266, 6835.0
0.020554065704345703, 6926.0
0.04486203193664551, 7216.0
0.07813787460327148, 7344.0
0.0845799446105957, 8141.0
0.08566689491271973, 8408.0
0.5567581653594971, 8575.0
0.558093786239624, 8858.0
0.5596320629119873, 8949.0
1.312765121459961, 9394.0
1.326436996459961, 9897.0
1.632370948791504, 10159.0
1.6333110332489014, 10616.0
1.9092910289764404, 10742.0
1.9269309043884277, 11007.0
2.215999126434326, 11110.0
