2.6941299438476562e-05, 800.0
5.0067901611328125e-05, 1257.0
7.104873657226562e-05, 1481.0
0.0005681514739990234, 2122.0
0.0008461475372314453, 2913.0
0.001474142074584961, 3005.0
0.0015769004821777344, 3638.0
0.0015981197357177734, 4438.0
0.0016179084777832031, 5162.0
0.0016388893127441406, 5760.0
0.009953022003173828, 6181.0
0.031225204467773438, 6395.0
0.038546085357666016, 6768.0
0.052906036376953125, 6833.0
0.08225512504577637, 7039.0
0.16693401336669922, 7045.0
0.16707515716552734, 7530.0
0.46118712425231934, 7539.0
0.5056960582733154, 7633.0
0.506188154220581, 8246.0
0.7731080055236816, 8459.0
1.0209321975708008, 8544.0
