0.04943680763244629, 8424.0
0.08787393569946289, 9919.0
0.12550997734069824, 12830.0
0.16350889205932617, 12960.0
0.20177602767944336, 14879.0
0.24020075798034668, 14879.0
0.2786998748779297, 15496.0
0.31748390197753906, 17320.0
0.3559389114379883, 17458.0
0.3948378562927246, 17636.0
0.43342089653015137, 18218.0
0.4721379280090332, 19126.0
0.511408805847168, 20893.0
0.55082106590271, 20893.0
0.5902199745178223, 22085.0
0.6296608448028564, 22085.0
0.6690728664398193, 22085.0
0.708237886428833, 22378.0
0.7475779056549072, 23236.0
0.7868530750274658, 23540.0
0.8261899948120117, 24395.0
0.8681609630584717, 25598.0
0.908789873123169, 25598.0
0.9494419097900391, 25598.0
0.9909639358520508, 25598.0
1.032808780670166, 25598.0
1.073261022567749, 26237.0
1.1141819953918457, 26237.0
1.1556367874145508, 26783.0
1.1966991424560547, 26783.0
1.2380647659301758, 26972.0
1.280763864517212, 27005.0
1.322235107421875, 27388.0
1.3651049137115479, 27388.0
1.4112098217010498, 27421.0
1.4533710479736328, 27854.0
1.495776891708374, 27854.0
1.538557767868042, 27944.0
1.581300973892212, 27944.0
1.6234169006347656, 28011.0
1.6647379398345947, 28118.0
1.7061898708343506, 28118.0
1.747668981552124, 28129.0
1.7886357307434082, 28129.0
1.8300199508666992, 28284.0
1.8717308044433594, 28284.0
1.9130239486694336, 28376.0
1.9542808532714844, 28376.0
1.9960150718688965, 28376.0
2.0376040935516357, 28376.0
2.079535961151123, 28376.0
2.1215579509735107, 28376.0
2.1631059646606445, 28376.0
2.2218029499053955, 28376.0
2.2721829414367676, 28376.0
2.3150241374969482, 28502.0
2.359196901321411, 28502.0
2.4025399684906006, 28502.0
2.4470088481903076, 28502.0
2.4954569339752197, 28502.0
2.538815975189209, 28502.0
2.5858547687530518, 28502.0
2.629154920578003, 28502.0
2.675139904022217, 28502.0
2.718726873397827, 28502.0
2.766110897064209, 28502.0
2.808628797531128, 28502.0
2.852944850921631, 28502.0
2.898474931716919, 28502.0
2.9413700103759766, 28502.0
2.9828779697418213, 28502.0
3.0249388217926025, 28502.0
3.0667638778686523, 28502.0
3.1075828075408936, 28502.0
3.148315906524658, 28502.0
3.189056873321533, 28502.0
3.2297468185424805, 28561.0
3.2705838680267334, 28561.0
3.311244010925293, 28561.0
3.3519599437713623, 28561.0
3.392669916152954, 28561.0
3.4332809448242188, 28561.0
3.473928928375244, 28561.0
3.5145909786224365, 28561.0
3.5552659034729004, 28561.0
3.5960590839385986, 28561.0
3.6366240978240967, 28561.0
3.677140951156616, 28561.0
3.7176859378814697, 28561.0
3.7582221031188965, 28561.0
3.798691987991333, 28561.0
3.839195728302002, 28561.0
3.8803818225860596, 28561.0
3.9210848808288574, 28561.0
3.9630188941955566, 28561.0
4.005089998245239, 28561.0
4.0467939376831055, 28561.0
4.0881829261779785, 28561.0
4.130960702896118, 28561.0
4.172532796859741, 28561.0
4.213947772979736, 28561.0
4.2550740242004395, 28561.0
4.296165704727173, 28561.0
4.337862014770508, 28561.0
4.3787829875946045, 28561.0
4.419903993606567, 28561.0
4.463514089584351, 28561.0
4.509512901306152, 28561.0
4.554654836654663, 28561.0
4.63118577003479, 28561.0
4.67695689201355, 28561.0
4.739934921264648, 28561.0
4.799256086349487, 28561.0
4.849210023880005, 28561.0
4.902331113815308, 28561.0
4.963052034378052, 28561.0
5.0166099071502686, 28561.0
5.061596870422363, 28561.0
5.106523036956787, 28561.0
5.1516969203948975, 28561.0
5.198911905288696, 28561.0
5.241659879684448, 28561.0
5.284527063369751, 28561.0
5.327134847640991, 28561.0
5.3791069984436035, 28561.0
5.426054000854492, 28561.0
5.4705650806427, 28561.0
5.513331890106201, 28561.0
5.554523706436157, 28561.0
5.596251010894775, 28561.0
5.637446165084839, 28561.0
5.678343772888184, 28561.0
5.71968674659729, 28561.0
5.760837078094482, 28561.0
5.801872730255127, 28561.0
5.843921899795532, 28561.0
5.887741804122925, 28561.0
5.928691864013672, 28561.0
5.969887971878052, 28561.0
6.0121238231658936, 28561.0
6.054708957672119, 28561.0
6.096721887588501, 28561.0
6.1383140087127686, 28561.0
6.179811000823975, 28561.0
6.221462965011597, 28561.0
6.262800693511963, 28561.0
6.304304122924805, 28561.0
6.345305919647217, 28561.0
6.386337041854858, 28561.0
6.4273247718811035, 28561.0
6.468327760696411, 28561.0
6.509211778640747, 28561.0
6.550256729125977, 28561.0
6.5914318561553955, 28561.0
6.632489919662476, 28561.0
6.674677848815918, 28561.0
6.7168848514556885, 28561.0
6.759210824966431, 28561.0
6.801233768463135, 28561.0
6.850772857666016, 28561.0
6.894476890563965, 28561.0
6.93831992149353, 28561.0
6.980962038040161, 28561.0
7.023147821426392, 28561.0
7.065496921539307, 28561.0
7.108911037445068, 28561.0
7.152451038360596, 28561.0
7.196048736572266, 28561.0
7.239531993865967, 28561.0
7.2812159061431885, 28561.0
7.3222129344940186, 28561.0
7.3632659912109375, 28561.0
7.404187917709351, 28561.0
7.44508695602417, 28561.0
7.4863317012786865, 28561.0
7.527399778366089, 28561.0
7.56836199760437, 28561.0
7.6096251010894775, 28561.0
7.650306940078735, 28561.0
7.690898895263672, 28561.0
7.731749057769775, 28561.0
7.772379159927368, 28561.0
7.813019752502441, 28561.0
7.855077743530273, 28561.0
7.896086931228638, 28561.0
7.936736822128296, 28561.0
7.977467775344849, 28561.0
8.018184900283813, 28561.0
8.058886051177979, 28561.0
8.099539756774902, 28561.0
8.140243768692017, 28561.0
8.180886030197144, 28561.0
8.22170376777649, 28561.0
8.2622389793396, 28561.0
8.302857875823975, 28561.0
8.343576908111572, 28561.0
8.384706020355225, 28561.0
8.427846908569336, 28561.0
8.47056794166565, 28561.0
8.513022899627686, 28561.0
8.555386066436768, 28561.0
