0.00960993766784668, 5360.0
0.018216848373413086, 5733.0
0.026712894439697266, 6366.0
0.03541398048400879, 6861.0
0.044081926345825195, 7468.0
0.05271291732788086, 7570.0
0.06131577491760254, 7683.0
0.06998300552368164, 8077.0
0.07866692543029785, 8359.0
0.08743882179260254, 8359.0
0.09627294540405273, 8661.0
0.10508394241333008, 8788.0
0.11392092704772949, 8990.0
0.12276887893676758, 8990.0
0.13156795501708984, 8990.0
0.14042091369628906, 8990.0
0.1492769718170166, 9147.0
0.15816783905029297, 9147.0
0.1670677661895752, 9147.0
0.1760098934173584, 9147.0
0.18495392799377441, 9147.0
0.19385194778442383, 9147.0
0.20274591445922852, 9147.0
0.21164178848266602, 9147.0
0.22057604789733887, 9147.0
0.22980570793151855, 9147.0
0.23884797096252441, 9147.0
0.2478477954864502, 9147.0
0.25682592391967773, 9147.0
0.2657449245452881, 9147.0
0.27466869354248047, 9147.0
0.28359508514404297, 9147.0
0.2925539016723633, 9147.0
0.3014669418334961, 9147.0
0.31038999557495117, 9147.0
0.3193018436431885, 9147.0
0.3282439708709717, 9147.0
0.33717894554138184, 9147.0
0.3461298942565918, 9147.0
0.35503172874450684, 9147.0
0.36396193504333496, 9147.0
0.3728609085083008, 9147.0
0.3817610740661621, 9147.0
0.39069080352783203, 9147.0
0.3996107578277588, 9147.0
0.40859293937683105, 9147.0
0.41747188568115234, 9147.0
0.426372766494751, 9147.0
0.4352588653564453, 9147.0
0.44417881965637207, 9147.0
0.45310282707214355, 9147.0
0.4620039463043213, 9147.0
0.47092294692993164, 9147.0
0.47983694076538086, 9147.0
0.4887118339538574, 9147.0
0.49763989448547363, 9147.0
0.5065069198608398, 9147.0
0.5153710842132568, 9147.0
0.5242738723754883, 9147.0
0.5331857204437256, 9147.0
0.5420799255371094, 9147.0
0.5509939193725586, 9147.0
0.5598709583282471, 9147.0
0.568760871887207, 9147.0
0.5776729583740234, 9147.0
0.5865628719329834, 9147.0
0.5954549312591553, 9147.0
0.6047449111938477, 9147.0
0.6140480041503906, 9147.0
0.6230578422546387, 9147.0
0.6321008205413818, 9147.0
0.641068696975708, 9147.0
0.650054931640625, 9147.0
0.6590588092803955, 9147.0
0.6680998802185059, 9147.0
0.6770670413970947, 9147.0
0.6860699653625488, 9147.0
0.6950609683990479, 9147.0
0.7040379047393799, 9147.0
0.713007926940918, 9147.0
0.7220728397369385, 9147.0
0.7310609817504883, 9147.0
0.7400548458099365, 9147.0
0.7489709854125977, 9147.0
0.7579028606414795, 9147.0
0.7668099403381348, 9147.0
0.7757248878479004, 9147.0
0.7846930027008057, 9147.0
0.7935938835144043, 9147.0
0.8024978637695312, 9147.0
0.8113789558410645, 9147.0
0.8203198909759521, 9147.0
0.8292269706726074, 9147.0
0.838144063949585, 9147.0
0.8470799922943115, 9147.0
0.8559889793395996, 9147.0
0.864893913269043, 9147.0
0.8737678527832031, 9147.0
0.882667064666748, 9147.0
0.8915688991546631, 9147.0
0.9004600048065186, 9147.0
0.9093797206878662, 9147.0
0.9183008670806885, 9147.0
0.9279429912567139, 9147.0
0.9368069171905518, 9147.0
0.9457049369812012, 9147.0
0.9545798301696777, 9147.0
0.9635238647460938, 9147.0
0.9724218845367432, 9147.0
0.9813258647918701, 9147.0
0.9902160167694092, 9147.0
0.9990899562835693, 9147.0
1.0079939365386963, 9147.0
1.0168867111206055, 9147.0
1.0257279872894287, 9147.0
1.0346388816833496, 9147.0
1.0435428619384766, 9147.0
1.0524606704711914, 9147.0
1.0613210201263428, 9147.0
1.070213794708252, 9147.0
1.0790977478027344, 9147.0
1.0879738330841064, 9147.0
1.0968430042266846, 9147.0
1.1057329177856445, 9147.0
1.114893913269043, 9147.0
1.1239638328552246, 9147.0
1.1330146789550781, 9147.0
1.1423349380493164, 9147.0
1.1517770290374756, 9147.0
1.161336898803711, 9147.0
1.1705148220062256, 9147.0
1.1796119213104248, 9147.0
1.1887187957763672, 9147.0
1.1978328227996826, 9147.0
1.2069058418273926, 9147.0
1.215972900390625, 9147.0
1.2250299453735352, 9147.0
1.2341229915618896, 9147.0
1.2432198524475098, 9147.0
1.2522797584533691, 9147.0
1.2613708972930908, 9147.0
1.2704558372497559, 9147.0
1.2795090675354004, 9147.0
1.288532018661499, 9147.0
1.2976000308990479, 9147.0
1.3066439628601074, 9147.0
1.3156518936157227, 9147.0
1.3247277736663818, 9147.0
1.3338048458099365, 9147.0
1.3428659439086914, 9147.0
1.351957082748413, 9147.0
1.361025094985962, 9147.0
1.370131015777588, 9147.0
1.3791627883911133, 9147.0
1.3882198333740234, 9147.0
1.3972938060760498, 9147.0
1.4063220024108887, 9147.0
1.4153249263763428, 9147.0
1.424360990524292, 9147.0
1.4334468841552734, 9147.0
1.442478895187378, 9147.0
1.451509952545166, 9147.0
1.4605488777160645, 9147.0
1.4696309566497803, 9147.0
1.4787189960479736, 9147.0
1.4877676963806152, 9147.0
1.4968388080596924, 9147.0
1.5059068202972412, 9147.0
1.5149528980255127, 9147.0
1.5239880084991455, 9147.0
1.5330266952514648, 9147.0
1.5420708656311035, 9147.0
1.5511229038238525, 9147.0
1.5601820945739746, 9147.0
1.5692617893218994, 9147.0
1.5783419609069824, 9147.0
1.5874168872833252, 9147.0
1.5964469909667969, 9147.0
1.6054978370666504, 9147.0
1.614537000656128, 9147.0
1.6235437393188477, 9147.0
1.6325979232788086, 9147.0
1.6416127681732178, 9147.0
1.6506438255310059, 9147.0
1.6597068309783936, 9147.0
1.6687560081481934, 9147.0
1.677825689315796, 9147.0
1.6868727207183838, 9147.0
1.6959078311920166, 9147.0
1.704878807067871, 9147.0
1.7138917446136475, 9147.0
1.7228717803955078, 9147.0
1.7318589687347412, 9147.0
1.7408289909362793, 9147.0
1.7498388290405273, 9147.0
1.7588627338409424, 9147.0
1.7679197788238525, 9147.0
1.7769417762756348, 9147.0
1.7858970165252686, 9147.0
1.7949256896972656, 9147.0
1.803968906402588, 9147.0
