0.04851198196411133, 4215.0
0.08636689186096191, 4215.0
0.12434887886047363, 4351.0
0.16247916221618652, 4787.0
0.2007758617401123, 4815.0
0.2392871379852295, 4815.0
0.2787199020385742, 5008.0
0.3179938793182373, 5247.0
0.35694003105163574, 5708.0
0.395982027053833, 5708.0
0.4351820945739746, 5708.0
0.4744288921356201, 5708.0
0.5138471126556396, 5800.0
0.5533139705657959, 5800.0
0.5929830074310303, 5807.0
0.6326861381530762, 6005.0
0.6724998950958252, 6005.0
0.7123570442199707, 6005.0
0.7522270679473877, 6088.0
0.7920041084289551, 6171.0
0.8327000141143799, 6230.0
0.8729710578918457, 6328.0
0.9131929874420166, 6328.0
0.9533569812774658, 6476.0
0.9935059547424316, 6476.0
1.034595012664795, 6514.0
1.0753531455993652, 6514.0
1.1157410144805908, 6576.0
1.1559300422668457, 6613.0
1.1963660717010498, 6687.0
1.2370030879974365, 6687.0
1.2775650024414062, 6716.0
1.3180558681488037, 6716.0
1.3586440086364746, 6814.0
1.3991549015045166, 6814.0
1.4396159648895264, 6814.0
1.4801888465881348, 6814.0
1.5207128524780273, 6814.0
1.5613949298858643, 6814.0
1.6021759510040283, 6814.0
1.64286208152771, 6814.0
1.6835730075836182, 6814.0
1.7242889404296875, 6815.0
1.7651140689849854, 6898.0
1.8058288097381592, 6898.0
1.8465831279754639, 6898.0
1.8873541355133057, 6912.0
1.927954912185669, 6916.0
1.9686470031738281, 6916.0
2.0095319747924805, 6916.0
2.0502779483795166, 6916.0
2.090999126434326, 6916.0
2.1318230628967285, 6916.0
2.1726458072662354, 6916.0
2.2134578227996826, 6916.0
2.2542037963867188, 6916.0
2.294940948486328, 6916.0
2.3380908966064453, 6916.0
2.3796329498291016, 6916.0
2.4209001064300537, 6916.0
2.4620978832244873, 6916.0
2.503293037414551, 6916.0
2.544517993927002, 6916.0
2.5857160091400146, 6916.0
2.6268389225006104, 6916.0
2.668045997619629, 6916.0
2.709242820739746, 6916.0
2.750488042831421, 6916.0
2.791670083999634, 6916.0
2.8328850269317627, 6916.0
2.874061107635498, 6916.0
2.9153709411621094, 6916.0
2.956533908843994, 6916.0
2.9977548122406006, 6916.0
3.038944959640503, 6916.0
3.080397129058838, 6916.0
3.1215710639953613, 6916.0
3.162820816040039, 6916.0
3.2047300338745117, 6916.0
3.2470920085906982, 6916.0
3.2893261909484863, 6916.0
3.33161997795105, 6916.0
3.3752219676971436, 6916.0
3.4178829193115234, 6916.0
3.4598679542541504, 6916.0
3.501818895339966, 6916.0
3.543706178665161, 6916.0
3.585981845855713, 6916.0
3.6286368370056152, 6916.0
3.671221971511841, 6916.0
3.713198184967041, 6916.0
3.7542760372161865, 6916.0
3.7953338623046875, 6916.0
3.8364510536193848, 6916.0
3.8775758743286133, 6916.0
3.9186530113220215, 6916.0
3.959695816040039, 6916.0
4.000777959823608, 6916.0
4.041791915893555, 6916.0
4.082900047302246, 6916.0
4.123986005783081, 6916.0
4.165004014968872, 6916.0
4.206123113632202, 6916.0
4.247251987457275, 6916.0
4.288339853286743, 6916.0
4.3294830322265625, 6916.0
4.3718650341033936, 6916.0
4.413010835647583, 6916.0
4.454026937484741, 6916.0
4.4951560497283936, 6916.0
4.536205053329468, 6916.0
4.577689170837402, 6916.0
4.619919061660767, 6916.0
4.662170171737671, 6916.0
4.704389810562134, 6916.0
4.747034072875977, 6916.0
4.790696859359741, 6916.0
4.8333728313446045, 6916.0
4.876460075378418, 6916.0
4.91851806640625, 6916.0
4.960708856582642, 6916.0
5.003114938735962, 6916.0
5.045870065689087, 6917.0
5.088840007781982, 6917.0
5.1303229331970215, 6917.0
5.171364068984985, 6917.0
5.212759971618652, 6917.0
5.253847122192383, 6917.0
5.294903993606567, 6917.0
5.336051940917969, 6917.0
5.377119064331055, 6917.0
5.418193817138672, 6917.0
5.459275960922241, 6917.0
5.500339031219482, 6917.0
5.541510820388794, 6917.0
5.582565784454346, 6917.0
5.62366795539856, 6917.0
5.66477108001709, 6917.0
5.705875873565674, 6917.0
5.74698281288147, 6917.0
5.78814697265625, 6917.0
5.829466819763184, 6917.0
5.8703858852386475, 6917.0
5.911499977111816, 6917.0
5.952665090560913, 6917.0
5.993802070617676, 6917.0
6.035489082336426, 6917.0
6.077203035354614, 6917.0
6.118428945541382, 6917.0
6.159552097320557, 6917.0
6.200704097747803, 6917.0
6.241781949996948, 6917.0
6.282863140106201, 6917.0
6.323955059051514, 6917.0
6.364928960800171, 6917.0
6.407986879348755, 6917.0
6.449466228485107, 6917.0
6.490622043609619, 6917.0
6.531386137008667, 6917.0
6.572582960128784, 6917.0
6.613426923751831, 6917.0
6.654553174972534, 6917.0
6.695359945297241, 6917.0
6.736590147018433, 6917.0
6.777707099914551, 6917.0
6.82000994682312, 6917.0
6.8619489669799805, 6917.0
6.904258966445923, 6917.0
6.946030139923096, 6917.0
6.987238883972168, 6917.0
7.028137922286987, 6917.0
7.06886100769043, 6917.0
7.110023021697998, 6917.0
7.151099920272827, 6917.0
7.192284822463989, 6917.0
7.23310112953186, 6917.0
7.274330139160156, 6917.0
7.315119028091431, 6917.0
7.356349945068359, 6917.0
7.397150993347168, 6917.0
7.438010931015015, 6917.0
7.479275941848755, 6917.0
7.520431756973267, 6917.0
7.561583042144775, 6917.0
7.602345943450928, 6917.0
7.643218994140625, 6917.0
7.683972120285034, 6917.0
7.724684000015259, 6917.0
7.765316963195801, 6917.0
7.806007146835327, 6917.0
7.846685886383057, 6917.0
7.887354135513306, 6917.0
7.928481101989746, 6917.0
7.969631910324097, 6917.0
8.010352849960327, 6917.0
8.051029920578003, 6917.0
8.091763019561768, 6917.0
8.132457971572876, 6917.0
8.173449039459229, 6917.0
8.21415901184082, 6917.0
8.255330085754395, 6917.0
