0.10022401809692383, 7090.0
0.17670607566833496, 7481.0
0.25211215019226074, 7630.0
0.3278470039367676, 7907.0
0.40372395515441895, 8287.0
0.480147123336792, 8306.0
0.5567278861999512, 8390.0
0.6336359977722168, 8662.0
0.7108860015869141, 9010.0
0.7877748012542725, 9073.0
0.8653650283813477, 9373.0
0.9433708190917969, 9785.0
1.0226268768310547, 9785.0
1.1014671325683594, 9785.0
1.1791598796844482, 10126.0
1.2576360702514648, 10379.0
1.3362970352172852, 10379.0
1.4152259826660156, 10570.0
1.493602991104126, 10570.0
1.572465181350708, 11062.0
1.6511430740356445, 11062.0
1.730402946472168, 11068.0
1.809417963027954, 11165.0
1.888524055480957, 11365.0
1.9683160781860352, 11460.0
2.047769069671631, 11566.0
2.1277310848236084, 11625.0
2.2076900005340576, 11769.0
2.287835121154785, 11787.0
2.3681981563568115, 12079.0
2.44878888130188, 12141.0
2.5294060707092285, 12187.0
2.6100521087646484, 12223.0
2.6908490657806396, 12487.0
2.771430015563965, 12822.0
2.852458953857422, 12822.0
2.933326005935669, 12822.0
3.017317056655884, 12822.0
3.1009480953216553, 12883.0
3.1860649585723877, 12883.0
3.2695810794830322, 12883.0
3.353456974029541, 12883.0
3.43829607963562, 12982.0
3.5221030712127686, 12984.0
3.603800058364868, 13044.0
3.6857190132141113, 13056.0
3.7677669525146484, 13173.0
3.849803924560547, 13173.0
3.9317212104797363, 13179.0
4.013790845870972, 13223.0
4.09580397605896, 13311.0
4.17793083190918, 13351.0
4.26045298576355, 13386.0
4.343271017074585, 13453.0
4.4264891147613525, 13516.0
4.508955001831055, 13516.0
4.591969966888428, 13543.0
4.676655054092407, 13543.0
4.762892961502075, 13572.0
4.846879005432129, 13674.0
4.931087970733643, 13755.0
5.017099857330322, 13779.0
5.10207200050354, 13786.0
5.184654951095581, 13786.0
5.2672119140625, 13872.0
5.350640058517456, 13872.0
5.43366003036499, 13986.0
5.516363859176636, 13986.0
5.59912896156311, 13986.0
5.6817262172698975, 13986.0
5.764492988586426, 13986.0
5.847002029418945, 13988.0
5.929714202880859, 13990.0
6.012775182723999, 13990.0
6.096424102783203, 13990.0
6.179296016693115, 13990.0
6.262067079544067, 13990.0
6.344773054122925, 13990.0
6.427551984786987, 13990.0
6.5103020668029785, 13990.0
6.593011140823364, 14069.0
6.675718069076538, 14069.0
6.758424997329712, 14089.0
6.841075897216797, 14089.0
6.923730134963989, 14089.0
7.0062031745910645, 14089.0
7.091203927993774, 14090.0
7.174684047698975, 14090.0
7.25772500038147, 14169.0
7.340724945068359, 14169.0
7.423655033111572, 14169.0
7.506637096405029, 14169.0
7.589663982391357, 14169.0
7.672698020935059, 14169.0
7.75544810295105, 14169.0
7.838202953338623, 14169.0
7.921283960342407, 14169.0
8.004416942596436, 14188.0
8.087363958358765, 14188.0
8.170438051223755, 14188.0
8.253299236297607, 14188.0
8.336180925369263, 14188.0
8.41925597190857, 14188.0
8.502135992050171, 14188.0
8.584916114807129, 14188.0
8.667742013931274, 14188.0
8.75050687789917, 14188.0
8.833302021026611, 14188.0
8.916506052017212, 14188.0
8.999153137207031, 14190.0
9.082565069198608, 14190.0
9.16635799407959, 14190.0
9.24902606010437, 14190.0
9.33170199394226, 14190.0
9.414427995681763, 14190.0
9.497061014175415, 14190.0
9.5802321434021, 14190.0
9.66291093826294, 14190.0
9.745961904525757, 14190.0
9.828714847564697, 14190.0
9.911993026733398, 14190.0
9.994702100753784, 14190.0
10.077937126159668, 14190.0
10.160614013671875, 14190.0
10.243299007415771, 14190.0
10.326457023620605, 14190.0
10.409947156906128, 14190.0
10.493232011795044, 14190.0
10.576021909713745, 14190.0
10.658815860748291, 14190.0
10.742707014083862, 14190.0
10.825453996658325, 14190.0
10.908462047576904, 14190.0
10.99213194847107, 14190.0
11.075799942016602, 14190.0
11.160819053649902, 14190.0
11.244674921035767, 14190.0
11.328304052352905, 14190.0
11.411754846572876, 14190.0
11.496165990829468, 14190.0
11.579677104949951, 14190.0
11.66327691078186, 14190.0
11.74669623374939, 14190.0
11.830082893371582, 14190.0
11.913960218429565, 14190.0
11.997460842132568, 14190.0
12.08132815361023, 14190.0
12.16477108001709, 14190.0
12.248212814331055, 14190.0
12.332119941711426, 14190.0
12.415913105010986, 14190.0
12.499441146850586, 14190.0
12.583482027053833, 14190.0
12.667181968688965, 14190.0
12.75083589553833, 14190.0
12.834688901901245, 14190.0
12.918342113494873, 14190.0
13.002421855926514, 14190.0
13.087078094482422, 14190.0
13.172250032424927, 14190.0
13.256571054458618, 14190.0
13.340365886688232, 14190.0
13.42448091506958, 14190.0
13.508231163024902, 14190.0
13.592442035675049, 14190.0
13.676131010055542, 14190.0
13.760361194610596, 14190.0
13.844034910202026, 14190.0
13.928400993347168, 14190.0
14.012012958526611, 14190.0
14.095988988876343, 14190.0
14.179872035980225, 14190.0
14.263540983200073, 14190.0
14.347676038742065, 14190.0
14.432131052017212, 14190.0
14.516254901885986, 14190.0
14.599957942962646, 14190.0
14.684094190597534, 14190.0
14.768013954162598, 14190.0
14.853663921356201, 14190.0
14.939551830291748, 14190.0
15.023316144943237, 14190.0
15.10709810256958, 14190.0
15.190725088119507, 14190.0
15.275775909423828, 14190.0
15.359169006347656, 14190.0
15.442257165908813, 14190.0
15.525431871414185, 14190.0
15.608334064483643, 14190.0
15.691566944122314, 14190.0
15.77476692199707, 14190.0
15.857764959335327, 14190.0
15.940733194351196, 14190.0
16.023956060409546, 14190.0
16.107353925704956, 14190.0
16.190337896347046, 14190.0
16.273910999298096, 14190.0
16.357205867767334, 14190.0
16.44035506248474, 14190.0
16.52350401878357, 14190.0
16.606537103652954, 14190.0
