0.00021386146545410156, 764.0
0.0004229545593261719, 1723.0
0.0006299018859863281, 2807.0
0.0008368492126464844, 3876.0
0.0010561943054199219, 4232.0
0.0012698173522949219, 4861.0
0.0014810562133789062, 5636.0
0.009785890579223633, 5766.0
0.013270854949951172, 5866.0
0.019407033920288086, 5986.0
0.04868006706237793, 6041.0
0.04991292953491211, 6165.0
0.05032515525817871, 6317.0
0.05155587196350098, 6446.0
0.06430697441101074, 6549.0
0.07766890525817871, 6662.0
0.08545708656311035, 6783.0
0.10618877410888672, 6886.0
0.12714409828186035, 6890.0
0.15781307220458984, 6957.0
0.16724491119384766, 7098.0
0.16992497444152832, 7117.0
0.17013907432556152, 7261.0
0.17384791374206543, 7266.0
0.17650794982910156, 7369.0
0.18432998657226562, 7545.0
0.18969202041625977, 7562.0
0.19625091552734375, 7606.0
0.20137310028076172, 7640.0
0.2126450538635254, 7676.0
0.23152589797973633, 7685.0
0.26821374893188477, 7767.0
0.2882678508758545, 7870.0
0.2921628952026367, 7978.0
0.2978799343109131, 8058.0
0.31097888946533203, 8088.0
0.32143402099609375, 8095.0
0.32164788246154785, 8228.0
0.346696138381958, 8242.0
0.34833693504333496, 8437.0
0.34895801544189453, 8540.0
0.35943102836608887, 8682.0
0.5210130214691162, 8863.0
0.5228838920593262, 8876.0
0.6442351341247559, 8975.0
0.6487419605255127, 9090.0
0.6610708236694336, 9182.0
0.7071771621704102, 9183.0
0.8047640323638916, 9246.0
0.8129980564117432, 9362.0
0.8177280426025391, 9366.0
0.8197751045227051, 9481.0
1.0637850761413574, 9551.0
1.0654380321502686, 9571.0
1.0801708698272705, 9573.0
1.1711320877075195, 9646.0
1.224128007888794, 9653.0
1.2294890880584717, 9690.0
1.3036980628967285, 9729.0
1.3041110038757324, 9870.0
1.324681043624878, 9940.0
1.3386619091033936, 10077.0
1.3512301445007324, 10082.0
1.365429162979126, 10181.0
1.372831106185913, 10229.0
1.3734500408172607, 10371.0
1.417515754699707, 10389.0
2.035645008087158, 10451.0
2.04012393951416, 10587.0
2.0855021476745605, 10591.0
3.863874912261963, 10627.0
3.875501871109009, 10645.0
4.430402994155884, 10683.0
4.439455986022949, 10788.0
4.491927862167358, 10872.0
4.599591016769409, 10885.0
5.612894058227539, 10886.0
6.034208059310913, 10988.0
6.038985967636108, 11076.0
6.961544036865234, 11090.0
8.16687297821045, 11142.0
8.167856931686401, 11252.0
8.204723119735718, 11288.0
8.224669933319092, 11368.0
8.294242858886719, 11477.0
10.81834888458252, 11486.0
10.84736180305481, 11490.0
10.87025499343872, 11508.0
10.87417984008789, 11668.0
10.884186029434204, 11690.0
11.66764497756958, 11789.0
