0.00021600723266601562, 116.0
0.00042891502380371094, 331.0
0.0006420612335205078, 817.0
0.0008540153503417969, 853.0
0.0010669231414794922, 1012.0
0.0012810230255126953, 1279.0
0.0014939308166503906, 1837.0
0.0017080307006835938, 2066.0
0.001920938491821289, 2999.0
0.0021369457244873047, 3016.0
0.0023500919342041016, 3554.0
0.002772808074951172, 4324.0
0.003403902053833008, 4436.0
0.009462833404541016, 4562.0
0.012113809585571289, 5131.0
0.016722917556762695, 5558.0
0.019855022430419922, 6503.0
0.04970598220825195, 6853.0
0.05033397674560547, 7085.0
0.05075502395629883, 7337.0
0.0515899658203125, 7998.0
0.05180191993713379, 8705.0
0.05434274673461914, 8771.0
0.0547640323638916, 9497.0
0.05497908592224121, 10251.0
0.058959007263183594, 10583.0
0.07317972183227539, 10616.0
0.07843804359436035, 10815.0
0.08011698722839355, 11106.0
0.08854389190673828, 11638.0
0.09001398086547852, 12180.0
0.09064292907714844, 12745.0
0.0937809944152832, 13041.0
0.09608888626098633, 13122.0
0.10117602348327637, 13862.0
0.11813902854919434, 14310.0
0.12023401260375977, 14528.0
0.12128615379333496, 14830.0
0.12692904472351074, 15621.0
0.1271519660949707, 15903.0
0.1363539695739746, 16474.0
0.15688014030456543, 17062.0
0.15813183784484863, 17221.0
0.16924476623535156, 17502.0
0.1705029010772705, 18373.0
0.17238688468933105, 18420.0
0.17510294914245605, 18791.0
0.18098092079162598, 19331.0
0.18661808967590332, 20168.0
0.24465513229370117, 20172.0
0.36789703369140625, 21023.0
0.36811113357543945, 21764.0
0.3790750503540039, 21959.0
0.3908820152282715, 22252.0
0.3912990093231201, 23132.0
0.4142897129058838, 23443.0
0.4153289794921875, 24298.0
0.4155387878417969, 24744.0
0.41864490509033203, 24997.0
0.4318709373474121, 25225.0
0.48427700996398926, 25229.0
0.48924994468688965, 26100.0
0.49028801918029785, 26848.0
0.862900972366333, 27101.0
0.9482769966125488, 27183.0
0.9886577129364014, 27424.0
1.00071382522583, 27524.0
1.4773759841918945, 27643.0
1.4951810836791992, 28121.0
1.5264570713043213, 28410.0
1.5270850658416748, 28663.0
1.6560769081115723, 28812.0
1.6569149494171143, 29132.0
1.6575400829315186, 29648.0
1.6579580307006836, 30217.0
1.6594719886779785, 30331.0
1.662297010421753, 30519.0
1.6629359722137451, 30744.0
1.6675188541412354, 31079.0
1.6724247932434082, 31621.0
5.955833911895752, 31729.0
5.962865829467773, 31753.0
6.735919952392578, 31826.0
6.739980936050415, 32299.0
6.7655699253082275, 32528.0
6.767804861068726, 33195.0
6.776362895965576, 33297.0
6.822520017623901, 33799.0
6.838770866394043, 34751.0
6.847898006439209, 34960.0
6.849318742752075, 35626.0
6.8568198680877686, 35691.0
6.8980090618133545, 35694.0
6.907341003417969, 36314.0
7.139174938201904, 36478.0
7.1406378746032715, 37314.0
7.1487038135528564, 37760.0
9.118388891220093, 38273.0
9.131103992462158, 38599.0
9.136337041854858, 38626.0
9.143946886062622, 39402.0
9.151798009872437, 39825.0
9.173379898071289, 40271.0
9.187278985977173, 40649.0
9.187886953353882, 41112.0
9.210822820663452, 41742.0
9.25272798538208, 41858.0
9.757865905761719, 41978.0
9.7737557888031, 42708.0
10.539430141448975, 42986.0
10.618493795394897, 43934.0
10.684077024459839, 44001.0
10.738370895385742, 44386.0
10.760803937911987, 44421.0
10.885981798171997, 44435.0
10.924109935760498, 44586.0
10.928525924682617, 44821.0
11.050742864608765, 45047.0
11.056328773498535, 45268.0
11.107756853103638, 45309.0
11.174819946289062, 45814.0
11.243008852005005, 45908.0
11.247610092163086, 46458.0
11.278687000274658, 46676.0
11.286687850952148, 46778.0
12.091799974441528, 47064.0
12.236171960830688, 47154.0
