0.009857177734375, 1350.0
0.0183260440826416, 1350.0
0.0267179012298584, 1350.0
0.03535175323486328, 1350.0
0.043821096420288086, 1350.0
0.05230903625488281, 1350.0
0.06083202362060547, 1359.0
0.06946802139282227, 1359.0
0.07809209823608398, 1359.0
0.08672380447387695, 1359.0
0.0954430103302002, 1360.0
0.10410284996032715, 1438.0
0.11287093162536621, 1438.0
0.12155389785766602, 1438.0
0.1302180290222168, 1438.0
0.1388261318206787, 1438.0
0.1474599838256836, 1438.0
0.15604591369628906, 1438.0
0.16483211517333984, 1438.0
0.17355704307556152, 1438.0
0.18204402923583984, 1438.0
0.19049501419067383, 1438.0
0.19899606704711914, 1438.0
0.20747709274291992, 1438.0
0.2159738540649414, 1438.0
0.22449111938476562, 1438.0
0.23340916633605957, 1438.0
0.24228882789611816, 1438.0
0.2522759437561035, 1438.0
0.26174402236938477, 1438.0
0.27079105377197266, 1438.0
0.2794797420501709, 1438.0
0.2880871295928955, 1438.0
0.2966327667236328, 1438.0
0.3051929473876953, 1438.0
0.31374502182006836, 1438.0
0.32230496406555176, 1438.0
0.3308250904083252, 1438.0
0.3393440246582031, 1438.0
0.34871506690979004, 1438.0
0.3584110736846924, 1438.0
0.367840051651001, 1438.0
0.3769989013671875, 1438.0
0.3857259750366211, 1438.0
0.39437294006347656, 1438.0
0.4029567241668701, 1438.0
0.41162919998168945, 1438.0
0.42023682594299316, 1438.0
0.4287989139556885, 1438.0
0.43735289573669434, 1438.0
0.44593214988708496, 1438.0
0.4545118808746338, 1438.0
0.46309900283813477, 1438.0
0.4717109203338623, 1438.0
0.48027896881103516, 1438.0
0.4888279438018799, 1438.0
0.4973640441894531, 1438.0
0.5059118270874023, 1438.0
0.514448881149292, 1438.0
0.5230040550231934, 1438.0
0.5315630435943604, 1438.0
0.5401060581207275, 1438.0
0.548659086227417, 1438.0
0.5572049617767334, 1438.0
0.5657360553741455, 1438.0
0.5742549896240234, 1438.0
0.5827698707580566, 1438.0
0.5913290977478027, 1438.0
0.5998809337615967, 1438.0
0.6084198951721191, 1438.0
0.6169679164886475, 1438.0
0.6254959106445312, 1438.0
0.6340110301971436, 1438.0
0.642549991607666, 1438.0
0.6511528491973877, 1438.0
0.6597068309783936, 1438.0
0.6682298183441162, 1438.0
0.6767868995666504, 1438.0
0.685366153717041, 1438.0
0.693917989730835, 1438.0
0.7024819850921631, 1438.0
0.7110199928283691, 1438.0
0.719566822052002, 1438.0
0.7281019687652588, 1438.0
0.7366311550140381, 1438.0
0.7452170848846436, 1438.0
0.7537999153137207, 1438.0
0.7623708248138428, 1438.0
0.7709169387817383, 1438.0
0.7794771194458008, 1438.0
0.7880368232727051, 1438.0
0.796576976776123, 1438.0
0.8051600456237793, 1438.0
0.8137140274047852, 1438.0
0.8222529888153076, 1438.0
0.8307969570159912, 1438.0
0.8393747806549072, 1438.0
0.8479008674621582, 1438.0
0.8564369678497314, 1438.0
0.8649590015411377, 1438.0
0.8734910488128662, 1438.0
0.8820290565490723, 1438.0
0.8906509876251221, 1438.0
0.8992080688476562, 1438.0
0.9077577590942383, 1438.0
0.9163200855255127, 1438.0
0.9248650074005127, 1438.0
0.9334380626678467, 1438.0
0.9420061111450195, 1438.0
0.950563907623291, 1438.0
0.9590988159179688, 1438.0
0.9676671028137207, 1438.0
0.9762289524078369, 1438.0
0.9848058223724365, 1438.0
0.9934048652648926, 1438.0
1.0019731521606445, 1438.0
1.0105648040771484, 1438.0
1.0191240310668945, 1438.0
1.027712106704712, 1438.0
1.036283016204834, 1438.0
1.0448319911956787, 1438.0
1.0534300804138184, 1438.0
1.0619971752166748, 1438.0
1.0705721378326416, 1438.0
1.0791559219360352, 1438.0
1.0877299308776855, 1438.0
1.09629487991333, 1438.0
1.1048879623413086, 1438.0
1.113454818725586, 1438.0
1.1220519542694092, 1438.0
1.130605936050415, 1438.0
1.139171838760376, 1438.0
1.1477808952331543, 1438.0
1.1564748287200928, 1438.0
1.1653969287872314, 1438.0
1.174285888671875, 1438.0
1.1832458972930908, 1438.0
1.1919708251953125, 1438.0
1.2007880210876465, 1438.0
1.2093651294708252, 1438.0
1.2179100513458252, 1438.0
1.2267258167266846, 1438.0
1.235501766204834, 1438.0
1.244311809539795, 1438.0
1.253114938735962, 1438.0
1.261810064315796, 1438.0
1.2704029083251953, 1438.0
1.2789998054504395, 1438.0
1.287626028060913, 1438.0
1.2962150573730469, 1438.0
1.3048079013824463, 1438.0
1.313387155532837, 1438.0
1.3219459056854248, 1438.0
1.3305108547210693, 1438.0
1.3390510082244873, 1438.0
1.3476219177246094, 1438.0
1.3562078475952148, 1438.0
1.3647639751434326, 1438.0
1.3733069896697998, 1438.0
1.3818588256835938, 1438.0
1.3904378414154053, 1438.0
1.3989770412445068, 1438.0
1.4075119495391846, 1438.0
1.416043996810913, 1438.0
1.4245998859405518, 1438.0
1.433161973953247, 1438.0
1.441694974899292, 1438.0
1.450240135192871, 1438.0
1.4587888717651367, 1438.0
1.4673130512237549, 1438.0
1.4758639335632324, 1438.0
1.4844911098480225, 1438.0
1.4930598735809326, 1438.0
1.5016498565673828, 1438.0
1.5106079578399658, 1438.0
1.5193390846252441, 1438.0
1.528074026107788, 1438.0
1.5368220806121826, 1438.0
1.5455880165100098, 1438.0
1.5543828010559082, 1438.0
1.5631508827209473, 1438.0
1.5719261169433594, 1438.0
1.5806999206542969, 1438.0
1.5894489288330078, 1438.0
1.598175048828125, 1438.0
1.6068658828735352, 1438.0
1.615644931793213, 1438.0
1.6244008541107178, 1438.0
1.6331090927124023, 1438.0
1.6419010162353516, 1438.0
1.6507329940795898, 1438.0
1.6596109867095947, 1438.0
1.6686649322509766, 1438.0
1.677778959274292, 1438.0
1.6868460178375244, 1438.0
1.695896863937378, 1438.0
1.7049448490142822, 1438.0
1.7138798236846924, 1438.0
1.722602128982544, 1438.0
1.731313943862915, 1438.0
1.7400269508361816, 1438.0
