1.0584299564361572, 61919.0
1.8149349689483643, 63316.0
2.5571539402008057, 63712.0
3.302454948425293, 64403.0
4.04784083366394, 65409.0
4.808006763458252, 66104.0
5.5584118366241455, 66717.0
6.323739051818848, 67112.0
7.069134950637817, 67917.0
7.823214054107666, 68615.0
8.568037033081055, 69103.0
9.325865983963013, 70106.0
10.072250843048096, 71011.0
10.829839944839478, 72695.0
11.585283994674683, 72695.0
12.341351747512817, 73158.0
13.100059032440186, 73502.0
13.857221841812134, 73606.0
14.615216732025146, 74812.0
15.377105712890625, 74988.0
16.144884824752808, 76081.0
16.911646842956543, 76411.0
17.673268795013428, 76715.0
18.432596921920776, 77044.0
19.196593761444092, 77316.0
19.96363091468811, 78015.0
20.73203182220459, 78417.0
21.500164031982422, 79038.0
22.266540050506592, 80116.0
23.026516914367676, 81311.0
23.787389755249023, 82018.0
24.547669887542725, 82087.0
25.32040500640869, 82663.0
26.09244203567505, 84190.0
26.86726188659668, 84190.0
27.640891790390015, 84311.0
28.40264081954956, 84488.0
29.172656059265137, 84988.0
29.94677495956421, 85118.0
30.718825817108154, 85303.0
31.49509286880493, 86380.0
32.2708158493042, 87108.0
33.04771089553833, 87108.0
33.823493003845215, 87108.0
34.600794076919556, 87491.0
35.37548899650574, 87996.0
36.1507089138031, 88922.0
36.92767000198364, 88922.0
37.705299854278564, 89294.0
38.48005390167236, 89695.0
39.25920581817627, 90084.0
40.036972999572754, 91100.0
40.81333589553833, 91617.0
41.582714796066284, 91617.0
42.350536823272705, 91997.0
43.118013858795166, 92153.0
43.88609600067139, 92153.0
44.65371108055115, 92153.0
45.42159986495972, 92519.0
46.20611786842346, 93390.0
46.98977875709534, 93977.0
47.77643895149231, 94209.0
48.562670946121216, 94209.0
49.35389995574951, 95517.0
50.146514892578125, 95517.0
50.935274839401245, 95753.0
51.729532957077026, 95753.0
52.51945185661316, 95813.0
53.3115508556366, 97585.0
54.10276508331299, 97585.0
54.891865968704224, 98305.0
55.682640075683594, 98305.0
56.475934982299805, 98753.0
57.26621890068054, 99015.0
58.057151794433594, 99015.0
58.84680795669556, 99903.0
59.643112897872925, 99903.0
60.439873933792114, 100056.0
61.2358078956604, 100056.0
62.02412486076355, 101101.0
62.81060981750488, 101101.0
63.59712505340576, 101101.0
64.3839590549469, 101404.0
65.1808729171753, 101488.0
65.98437976837158, 101809.0
66.78315496444702, 102394.0
67.58279490470886, 102888.0
68.39419484138489, 102888.0
69.19592905044556, 102901.0
69.99573588371277, 103416.0
70.78573894500732, 104367.0
71.57484579086304, 104678.0
72.36615800857544, 104678.0
73.16129779815674, 105498.0
73.95811080932617, 105498.0
74.75187873840332, 105498.0
75.55107283592224, 105498.0
76.3502938747406, 105884.0
77.14939212799072, 106110.0
77.94837689399719, 106110.0
78.74971270561218, 106483.0
79.54064774513245, 106483.0
80.34013390541077, 107175.0
81.14065790176392, 107175.0
81.9444169998169, 107364.0
82.75243902206421, 107882.0
83.55884099006653, 108414.0
84.35729098320007, 108414.0
85.15445709228516, 108677.0
85.96348881721497, 108677.0
86.77290272712708, 108733.0
87.58249688148499, 109009.0
88.39296293258667, 109204.0
89.20392394065857, 110519.0
90.01385998725891, 110519.0
90.81169772148132, 110519.0
91.61911177635193, 110519.0
92.42424297332764, 110616.0
93.23862981796265, 110974.0
94.03747081756592, 111697.0
94.84776186943054, 111697.0
95.65482687950134, 111782.0
96.46100282669067, 112246.0
97.2698290348053, 112295.0
98.08045792579651, 112295.0
98.88783693313599, 112295.0
99.70177602767944, 112660.0
100.51101303100586, 112811.0
101.32145404815674, 114186.0
102.13097095489502, 114186.0
102.93496894836426, 114186.0
103.75061392784119, 114186.0
104.56886076927185, 114691.0
105.38395380973816, 114902.0
106.19502210617065, 114902.0
107.00937581062317, 115081.0
107.8072099685669, 115081.0
108.61605882644653, 115318.0
109.41728496551514, 115368.0
110.23132109642029, 115659.0
111.04515385627747, 115807.0
111.86130499839783, 115807.0
112.6813178062439, 115807.0
113.50362396240234, 115897.0
114.31248784065247, 116010.0
115.1323230266571, 116186.0
115.94871091842651, 116507.0
116.76797389984131, 116891.0
117.58920001983643, 117203.0
118.40894794464111, 117465.0
119.23133373260498, 117465.0
120.04423689842224, 117465.0
120.8524968624115, 117591.0
121.65952587127686, 117908.0
122.47394895553589, 118687.0
123.29902482032776, 118687.0
124.12583994865417, 118687.0
124.95191073417664, 119390.0
125.77998685836792, 119390.0
126.59816074371338, 119390.0
127.4186179637909, 119390.0
128.24107480049133, 119390.0
129.06188797950745, 119390.0
129.88401794433594, 119690.0
130.69446969032288, 119690.0
131.51103401184082, 119690.0
132.32123494148254, 119690.0
133.14119482040405, 119690.0
133.95282292366028, 119800.0
134.76325392723083, 119971.0
135.58470797538757, 120110.0
136.40647912025452, 120640.0
137.22797679901123, 120640.0
138.05030179023743, 120640.0
138.87287282943726, 120640.0
139.70003509521484, 120640.0
140.5239679813385, 121038.0
141.3504388332367, 121038.0
142.1757779121399, 121038.0
142.99880599975586, 121378.0
143.82211780548096, 121404.0
144.6457657814026, 121404.0
145.46046209335327, 121404.0
146.28473281860352, 121404.0
147.10410284996033, 121929.0
147.9222137928009, 122001.0
148.74072003364563, 122286.0
149.55694580078125, 122286.0
150.36959886550903, 122306.0
151.18642783164978, 122708.0
152.0069990158081, 122708.0
152.82194089889526, 122708.0
153.63485193252563, 122773.0
154.44696807861328, 122773.0
155.2539927959442, 122773.0
156.06814098358154, 123219.0
156.87798595428467, 123219.0
157.6896939277649, 123415.0
158.5168559551239, 123415.0
159.33736181259155, 123455.0
160.1633059978485, 123455.0
