0.04969382286071777, 8660.0
0.08856391906738281, 8660.0
0.12784576416015625, 10537.0
0.18271374702453613, 11887.0
0.22125482559204102, 12462.0
0.2598578929901123, 14009.0
0.29925084114074707, 14670.0
0.3383009433746338, 16174.0
0.37717199325561523, 18096.0
0.4161951541900635, 18096.0
0.4553520679473877, 18096.0
0.49454379081726074, 19305.0
0.5338358879089355, 19305.0
0.5738399028778076, 19636.0
0.6143307685852051, 21150.0
0.654109001159668, 21150.0
0.6937699317932129, 21447.0
0.7335400581359863, 21447.0
0.7732758522033691, 21804.0
0.8131668567657471, 22771.0
0.8530209064483643, 23076.0
0.8925309181213379, 23130.0
0.9320769309997559, 23787.0
0.9717869758605957, 24022.0
1.011733055114746, 24518.0
1.0521888732910156, 25164.0
1.0918519496917725, 25164.0
1.1315200328826904, 25164.0
1.1712899208068848, 25904.0
1.2110569477081299, 25904.0
1.2508621215820312, 26385.0
1.2914187908172607, 26465.0
1.3313179016113281, 26465.0
1.3713767528533936, 26647.0
1.4113469123840332, 26716.0
1.4514098167419434, 26867.0
1.4914281368255615, 26932.0
1.531580924987793, 27630.0
1.5720939636230469, 27630.0
1.6122591495513916, 27681.0
1.6524739265441895, 27681.0
1.6927108764648438, 27945.0
1.7329089641571045, 27982.0
1.7731389999389648, 28134.0
1.8133690357208252, 28134.0
1.853585958480835, 28134.0
1.8938097953796387, 28134.0
1.9341168403625488, 28445.0
1.9744229316711426, 28445.0
2.0147879123687744, 28492.0
2.0551438331604004, 28492.0
2.095407724380493, 28492.0
2.1357359886169434, 28492.0
2.176095962524414, 28648.0
2.216515064239502, 28648.0
2.2568509578704834, 28648.0
2.297208070755005, 28648.0
2.337631940841675, 28648.0
2.3780601024627686, 28648.0
2.4184699058532715, 28648.0
2.4587440490722656, 28700.0
2.499269962310791, 28700.0
2.5396108627319336, 28700.0
2.579993724822998, 28700.0
2.6212668418884277, 28700.0
2.6621389389038086, 28700.0
2.7025508880615234, 28700.0
2.742945909500122, 28700.0
2.783474922180176, 28700.0
2.823901891708374, 28700.0
2.864377737045288, 28700.0
2.9047138690948486, 28700.0
2.9451169967651367, 28700.0
2.9855659008026123, 28700.0
3.0259199142456055, 28700.0
3.066862106323242, 28700.0
3.108185052871704, 28700.0
3.149832010269165, 28700.0
3.1910359859466553, 28700.0
3.233633041381836, 28700.0
3.275632858276367, 28700.0
3.3170909881591797, 28700.0
3.358139753341675, 28700.0
3.3992650508880615, 28700.0
3.4406509399414062, 28700.0
3.4821619987487793, 28700.0
3.5239810943603516, 28700.0
3.5654258728027344, 28700.0
3.6057989597320557, 28700.0
3.6461548805236816, 28700.0
3.6866328716278076, 28700.0
3.7270121574401855, 28700.0
3.767321825027466, 28700.0
3.8077540397644043, 28740.0
3.848170042037964, 28740.0
3.888516902923584, 28740.0
3.9288530349731445, 28740.0
3.969031810760498, 28740.0
4.009366989135742, 28740.0
4.049710035324097, 28740.0
4.090129852294922, 28740.0
4.130506992340088, 28740.0
4.17090106010437, 28740.0
4.211193084716797, 28740.0
4.2514729499816895, 28740.0
4.292407989501953, 28740.0
4.333125829696655, 28740.0
4.373558044433594, 28740.0
4.413862943649292, 28740.0
4.454384803771973, 28740.0
4.494678020477295, 28740.0
4.5350799560546875, 28740.0
4.575413942337036, 28740.0
4.615697860717773, 28740.0
4.657131910324097, 28740.0
4.697670936584473, 28740.0
4.738720893859863, 28740.0
4.779993057250977, 28740.0
4.821260929107666, 28740.0
4.862594127655029, 28740.0
4.905195951461792, 28740.0
4.946867942810059, 28740.0
4.987943887710571, 28740.0
5.029004096984863, 28740.0
5.070425748825073, 28740.0
5.111874103546143, 28740.0
5.153464078903198, 28740.0
5.195199966430664, 28740.0
5.236388921737671, 28740.0
5.276793718338013, 28740.0
5.31716513633728, 28740.0
5.3574419021606445, 28740.0
5.397665023803711, 28740.0
5.437907934188843, 28740.0
5.478132009506226, 28740.0
5.518491983413696, 28740.0
5.5587477684021, 28740.0
5.598992824554443, 28740.0
5.6392529010772705, 28740.0
5.6794350147247314, 28740.0
5.719628095626831, 28740.0
5.759916067123413, 28740.0
5.80019998550415, 28740.0
5.840523958206177, 28740.0
5.880695104598999, 28740.0
5.920836925506592, 28740.0
5.961053848266602, 28740.0
6.0012359619140625, 28740.0
6.042465925216675, 28740.0
6.082690000534058, 28740.0
6.1228249073028564, 28740.0
6.163042068481445, 28740.0
6.203337907791138, 28740.0
6.243535757064819, 28740.0
6.284157991409302, 28740.0
6.324970006942749, 28740.0
6.3653669357299805, 28740.0
6.405637741088867, 28740.0
6.445900917053223, 28740.0
6.486119985580444, 28740.0
6.526387929916382, 28740.0
6.566605091094971, 28740.0
6.60680079460144, 28740.0
6.646976947784424, 28740.0
6.688115835189819, 28740.0
6.728848934173584, 28740.0
6.769115924835205, 28740.0
6.809314966201782, 28740.0
6.849603891372681, 28740.0
6.889876842498779, 28740.0
6.93010401725769, 28740.0
6.970360040664673, 28740.0
7.010617733001709, 28740.0
7.0508599281311035, 28740.0
7.0911688804626465, 28740.0
7.131402015686035, 28740.0
7.171621799468994, 28740.0
7.211843013763428, 28740.0
7.252408027648926, 28740.0
7.292635917663574, 28740.0
7.332864046096802, 28740.0
7.373172044754028, 28740.0
7.413370847702026, 28740.0
7.453640937805176, 28740.0
7.493863821029663, 28740.0
7.5341408252716064, 28740.0
7.574363946914673, 28740.0
7.61461877822876, 28740.0
7.654897928237915, 28740.0
7.6951799392700195, 28740.0
7.735377788543701, 28740.0
7.776751756668091, 28740.0
7.817724943161011, 28740.0
7.85861611366272, 28740.0
7.899949073791504, 28740.0
7.940668821334839, 28740.0
7.981303930282593, 28740.0
8.023000955581665, 28740.0
8.064936876296997, 28740.0
8.107131958007812, 28740.0
8.149358749389648, 28740.0
