0.10155582427978516, 5721.0
0.1762080192565918, 5753.0
0.25127100944519043, 5993.0
0.3258521556854248, 5993.0
0.40120697021484375, 6164.0
0.4769001007080078, 6185.0
0.5525310039520264, 6465.0
0.6285510063171387, 6546.0
0.7066349983215332, 6546.0
0.7853591442108154, 6604.0
0.8630938529968262, 6753.0
0.9409151077270508, 6771.0
1.0176661014556885, 6943.0
1.094547986984253, 6943.0
1.170809030532837, 6943.0
1.2479121685028076, 7031.0
1.3243381977081299, 7112.0
1.4007840156555176, 7112.0
1.4784131050109863, 7227.0
1.5560779571533203, 7227.0
1.6338069438934326, 7529.0
1.7107770442962646, 7609.0
1.788595199584961, 7609.0
1.866452932357788, 7609.0
1.9442830085754395, 7682.0
2.0224061012268066, 7682.0
2.100733995437622, 7682.0
2.1789050102233887, 7777.0
2.256072998046875, 7896.0
2.3332459926605225, 7896.0
2.4103000164031982, 7896.0
2.488232135772705, 7896.0
2.566312074661255, 8017.0
2.6444032192230225, 8017.0
2.7233681678771973, 8055.0
2.8009090423583984, 8055.0
2.879128932952881, 8236.0
2.957523822784424, 8236.0
3.0359389781951904, 8236.0
3.114169120788574, 8259.0
3.1925151348114014, 8259.0
3.2701621055603027, 8259.0
3.3501479625701904, 8313.0
3.4323229789733887, 8371.0
3.5124149322509766, 8371.0
3.5919511318206787, 8371.0
3.672861099243164, 8401.0
3.754227876663208, 8403.0
3.834258794784546, 8403.0
3.9130611419677734, 8472.0
3.9925448894500732, 8472.0
4.073122978210449, 8484.0
4.155182123184204, 8492.0
4.236199140548706, 8492.0
4.323645114898682, 8568.0
4.405256032943726, 8568.0
4.487730026245117, 8568.0
4.569508075714111, 8568.0
4.650655031204224, 8606.0
4.73287296295166, 8606.0
4.812955141067505, 8669.0
4.892749071121216, 8669.0
4.974859952926636, 8669.0
5.054885149002075, 8669.0
5.134767055511475, 8669.0
5.214631080627441, 8680.0
5.296868085861206, 8680.0
5.378291130065918, 8710.0
5.461656093597412, 8739.0
5.5433409214019775, 8739.0
5.624685049057007, 8739.0
5.721147060394287, 8745.0
5.802753925323486, 8753.0
5.883518934249878, 8753.0
5.967267036437988, 8755.0
6.048228025436401, 8755.0
6.12807297706604, 8755.0
6.207730054855347, 8755.0
6.287832021713257, 8755.0
6.368389129638672, 8755.0
6.448299884796143, 8755.0
6.5282979011535645, 8755.0
6.608232021331787, 8755.0
6.6880810260772705, 8781.0
6.768454074859619, 8781.0
6.847504138946533, 8781.0
6.927494049072266, 8781.0
7.008002042770386, 8781.0
7.087742805480957, 8795.0
7.167431116104126, 8814.0
7.247219085693359, 8820.0
7.326889991760254, 8820.0
7.406107187271118, 8820.0
7.4861040115356445, 8820.0
7.566033124923706, 8820.0
7.646039009094238, 8821.0
7.725914001464844, 8821.0
7.806202173233032, 8821.0
7.8853631019592285, 8821.0
7.965287208557129, 8821.0
8.0453941822052, 8845.0
8.12454104423523, 8845.0
8.205694913864136, 8845.0
8.285305976867676, 8845.0
8.364220142364502, 8845.0
8.443104982376099, 8845.0
8.522232055664062, 8845.0
8.601160049438477, 8845.0
8.680179119110107, 8845.0
8.759357929229736, 8845.0
8.83947205543518, 8845.0
8.918349981307983, 8845.0
8.99741792678833, 8845.0
9.077362060546875, 8845.0
9.156445980072021, 8845.0
9.236313104629517, 8845.0
9.315260171890259, 8845.0
9.395092964172363, 8845.0
9.474173784255981, 8845.0
9.554005861282349, 8845.0
9.632951021194458, 8845.0
9.712748050689697, 8845.0
9.791646957397461, 8845.0
9.87139081954956, 8845.0
9.950377941131592, 8845.0
10.030245065689087, 8845.0
10.109235048294067, 8845.0
10.189117908477783, 8845.0
10.268922090530396, 8845.0
10.348716020584106, 8845.0
10.427619934082031, 8845.0
10.507545948028564, 8845.0
10.58646297454834, 8845.0
10.665549993515015, 8845.0
10.74451494216919, 8845.0
10.824810028076172, 8845.0
10.903695106506348, 8845.0
10.982451915740967, 8845.0
11.060985088348389, 8845.0
11.140523910522461, 8845.0
11.219026803970337, 8845.0
11.297654867172241, 8845.0
11.37623906135559, 8845.0
11.455137014389038, 8845.0
11.53395700454712, 8845.0
11.612576961517334, 8845.0
11.691047191619873, 8845.0
11.76956582069397, 8845.0
11.848349809646606, 8845.0
11.927374124526978, 8845.0
12.005903959274292, 8845.0
12.084573030471802, 8845.0
12.163080930709839, 8845.0
12.241565227508545, 8845.0
12.32005500793457, 8845.0
12.398503065109253, 8845.0
12.47777509689331, 8845.0
12.556808948516846, 8845.0
12.635267972946167, 8845.0
12.71465802192688, 8845.0
12.793085098266602, 8845.0
12.873844861984253, 8845.0
12.952369213104248, 8845.0
13.031390905380249, 8845.0
13.109800815582275, 8845.0
13.188961029052734, 8845.0
13.267277002334595, 8845.0
13.347325086593628, 8845.0
13.427649021148682, 8845.0
13.506408214569092, 8845.0
13.585173845291138, 8845.0
13.664015054702759, 8845.0
13.743762016296387, 8845.0
13.823102951049805, 8845.0
13.902546882629395, 8845.0
13.981205940246582, 8845.0
14.060519218444824, 8845.0
14.139201879501343, 8845.0
14.218610048294067, 8845.0
14.297245025634766, 8845.0
14.375792026519775, 8845.0
14.454421997070312, 8845.0
14.532871007919312, 8845.0
14.611449956893921, 8845.0
14.689903974533081, 8845.0
14.768562078475952, 8845.0
14.84717607498169, 8845.0
14.927219867706299, 8845.0
15.00580096244812, 8845.0
15.084555864334106, 8845.0
15.163933038711548, 8845.0
15.242603063583374, 8845.0
15.321229934692383, 8845.0
15.399873971939087, 8845.0
15.478417158126831, 8845.0
15.557744026184082, 8845.0
15.636238098144531, 8845.0
15.714728832244873, 8845.0
15.793144941329956, 8845.0
15.872376918792725, 8845.0
15.950753927230835, 8845.0
