0.009949207305908203, 1892.0
0.018404006958007812, 1892.0
0.02686619758605957, 1939.0
0.03536725044250488, 1964.0
0.04389214515686035, 1984.0
0.052462100982666016, 2021.0
0.06109309196472168, 2021.0
0.06981706619262695, 2151.0
0.07853102684020996, 2151.0
0.08728694915771484, 2151.0
0.0960700511932373, 2151.0
0.1049032211303711, 2166.0
0.11375212669372559, 2180.0
0.12264418601989746, 2180.0
0.13155698776245117, 2195.0
0.14051508903503418, 2197.0
0.1495370864868164, 2279.0
0.15856099128723145, 2279.0
0.16754913330078125, 2279.0
0.17655706405639648, 2279.0
0.18554306030273438, 2279.0
0.19459199905395508, 2290.0
0.20368194580078125, 2294.0
0.21277785301208496, 2294.0
0.2219071388244629, 2294.0
0.23103094100952148, 2294.0
0.24016213417053223, 2294.0
0.24930191040039062, 2294.0
0.2584218978881836, 2297.0
0.2675492763519287, 2297.0
0.27669215202331543, 2297.0
0.2857961654663086, 2297.0
0.2949340343475342, 2297.0
0.30404019355773926, 2297.0
0.31312990188598633, 2297.0
0.3222510814666748, 2297.0
0.3313441276550293, 2297.0
0.3404369354248047, 2297.0
0.34954118728637695, 2297.0
0.3586459159851074, 2297.0
0.36775708198547363, 2297.0
0.3768351078033447, 2297.0
0.38593292236328125, 2297.0
0.3950541019439697, 2297.0
0.4041562080383301, 2297.0
0.41331028938293457, 2297.0
0.4224209785461426, 2297.0
0.4315309524536133, 2297.0
0.4406592845916748, 2297.0
0.44975996017456055, 2297.0
0.458873987197876, 2297.0
0.4679579734802246, 2297.0
0.47705912590026855, 2297.0
0.4861621856689453, 2297.0
0.49526214599609375, 2297.0
0.5043601989746094, 2297.0
0.5134601593017578, 2297.0
0.5225629806518555, 2297.0
0.5316252708435059, 2297.0
0.540701150894165, 2297.0
0.5497560501098633, 2297.0
0.5588440895080566, 2297.0
0.5678970813751221, 2297.0
0.5769619941711426, 2297.0
0.5860199928283691, 2297.0
0.5951089859008789, 2297.0
0.6041920185089111, 2297.0
0.6132490634918213, 2297.0
0.6223552227020264, 2297.0
0.6314239501953125, 2297.0
0.6404931545257568, 2297.0
0.6495561599731445, 2297.0
0.658627986907959, 2297.0
0.6677002906799316, 2297.0
0.6767480373382568, 2297.0
0.6858232021331787, 2297.0
0.6948831081390381, 2297.0
0.7039480209350586, 2297.0
0.7130138874053955, 2297.0
0.7221221923828125, 2297.0
0.7311830520629883, 2297.0
0.7402448654174805, 2297.0
0.7493071556091309, 2297.0
0.7583532333374023, 2297.0
0.7674250602722168, 2297.0
0.7764782905578613, 2297.0
0.7855463027954102, 2297.0
0.7945940494537354, 2297.0
0.8036561012268066, 2297.0
0.8127269744873047, 2297.0
0.8217830657958984, 2297.0
0.8309171199798584, 2297.0
0.8400321006774902, 2297.0
0.8491339683532715, 2297.0
0.8582272529602051, 2297.0
0.8673231601715088, 2297.0
0.8764011859893799, 2297.0
0.8854591846466064, 2297.0
0.8945310115814209, 2297.0
0.9035971164703369, 2297.0
0.9126541614532471, 2297.0
0.9217162132263184, 2297.0
0.9307889938354492, 2297.0
0.939838171005249, 2297.0
0.9489140510559082, 2297.0
0.9586160182952881, 2297.0
0.9680821895599365, 2297.0
0.9772651195526123, 2297.0
0.986321210861206, 2297.0
0.9953651428222656, 2297.0
1.004411220550537, 2297.0
1.0136561393737793, 2297.0
1.0232601165771484, 2297.0
1.033297061920166, 2297.0
1.04264497756958, 2297.0
1.0517029762268066, 2297.0
1.0607972145080566, 2297.0
1.069838047027588, 2297.0
1.078890085220337, 2297.0
1.0879871845245361, 2297.0
1.097038984298706, 2297.0
1.106119155883789, 2297.0
1.1151831150054932, 2297.0
1.1243541240692139, 2297.0
1.1337499618530273, 2297.0
1.1431431770324707, 2297.0
1.1526219844818115, 2297.0
1.1617519855499268, 2297.0
1.1708440780639648, 2297.0
1.1799249649047852, 2297.0
1.189013957977295, 2297.0
1.19805908203125, 2297.0
1.2071678638458252, 2297.0
1.2162179946899414, 2297.0
1.2252819538116455, 2297.0
1.2343332767486572, 2297.0
1.2434122562408447, 2297.0
1.25246000289917, 2297.0
1.261538028717041, 2297.0
1.2705919742584229, 2297.0
1.2796368598937988, 2297.0
1.2886950969696045, 2297.0
1.29774808883667, 2297.0
1.306797981262207, 2297.0
1.315859079360962, 2297.0
1.3249242305755615, 2297.0
1.3339712619781494, 2297.0
1.343015193939209, 2297.0
1.352079153060913, 2297.0
1.361130952835083, 2297.0
1.3701841831207275, 2297.0
1.3792428970336914, 2297.0
1.3883299827575684, 2297.0
1.3973841667175293, 2297.0
1.4064202308654785, 2297.0
1.4154610633850098, 2297.0
1.4244980812072754, 2297.0
1.4335501194000244, 2297.0
1.442612886428833, 2297.0
1.4516761302947998, 2297.0
1.4607532024383545, 2297.0
1.469804048538208, 2297.0
1.4788472652435303, 2297.0
1.4878981113433838, 2297.0
1.4969289302825928, 2297.0
1.5059831142425537, 2297.0
1.5150072574615479, 2297.0
1.5240790843963623, 2297.0
1.5331501960754395, 2297.0
1.5422182083129883, 2297.0
1.551274061203003, 2297.0
1.5603420734405518, 2297.0
1.5694150924682617, 2297.0
1.578444004058838, 2297.0
1.5874972343444824, 2297.0
1.5965511798858643, 2297.0
1.6056060791015625, 2297.0
1.6146879196166992, 2297.0
1.6237401962280273, 2297.0
1.632775068283081, 2297.0
1.6418280601501465, 2297.0
1.650857925415039, 2297.0
1.659900188446045, 2297.0
1.668982982635498, 2297.0
1.6780352592468262, 2297.0
1.6870651245117188, 2297.0
1.6960959434509277, 2297.0
1.70513916015625, 2297.0
1.714184284210205, 2297.0
1.7232661247253418, 2297.0
1.732330083847046, 2297.0
1.7414381504058838, 2297.0
1.7505121231079102, 2297.0
1.7595760822296143, 2297.0
1.7686400413513184, 2297.0
1.7776801586151123, 2297.0
1.7867090702056885, 2297.0
1.7957661151885986, 2297.0
1.8048229217529297, 2297.0
1.8138401508331299, 2297.0
1.8229291439056396, 2297.0
