0.5275590419769287, 26273.0
0.9011580944061279, 26750.0
1.2734041213989258, 27154.0
1.648632287979126, 27154.0
2.022881031036377, 27301.0
2.3934710025787354, 27480.0
2.7662510871887207, 27921.0
3.1386771202087402, 28090.0
3.5132622718811035, 28342.0
3.8876419067382812, 28603.0
4.273971080780029, 28603.0
4.6535539627075195, 28603.0
5.033318996429443, 28603.0
5.409809112548828, 28818.0
5.798307180404663, 28927.0
6.1765100955963135, 29286.0
6.549510955810547, 29444.0
6.921464204788208, 29444.0
7.297414064407349, 29688.0
7.673970937728882, 29688.0
8.050731182098389, 29906.0
8.427091121673584, 30348.0
8.8037691116333, 30348.0
9.18031907081604, 30348.0
9.558768033981323, 30394.0
9.935781955718994, 30617.0
10.309288024902344, 30639.0
10.686028242111206, 31047.0
11.063709020614624, 31047.0
11.440344095230103, 31173.0
11.819966077804565, 31371.0
12.198010921478271, 31371.0
12.576549053192139, 31860.0
12.955089092254639, 31860.0
13.334156036376953, 32258.0
13.715152025222778, 32258.0
14.095571041107178, 32258.0
14.475343227386475, 32336.0
14.855517148971558, 32367.0
15.235936164855957, 32367.0
15.613501071929932, 32367.0
15.994924068450928, 32646.0
16.37428903579712, 32806.0
16.754690170288086, 32851.0
17.13538098335266, 33021.0
17.51555109024048, 33154.0
17.897636890411377, 33229.0
18.27811312675476, 33229.0
18.658504962921143, 33437.0
19.03978705406189, 33437.0
19.420793294906616, 33437.0
19.799817085266113, 33521.0
20.177278995513916, 33541.0
20.558945178985596, 33541.0
20.936321020126343, 33758.0
21.318486213684082, 33758.0
21.70120096206665, 34011.0
22.085536003112793, 34011.0
22.46808099746704, 34017.0
22.847836017608643, 34070.0
23.22993016242981, 34070.0
23.61230492591858, 34268.0
23.995940923690796, 34268.0
24.379441022872925, 34399.0
24.763264179229736, 34399.0
25.145068168640137, 34619.0
25.526970148086548, 34619.0
25.90908718109131, 34619.0
26.29177498817444, 34730.0
26.67378306388855, 34730.0
27.057969093322754, 34760.0
27.438740015029907, 34921.0
27.82444405555725, 34985.0
28.20819902420044, 34993.0
28.58888006210327, 34993.0
28.969537019729614, 35191.0
29.353572130203247, 35410.0
29.734180212020874, 35464.0
30.11845111846924, 35581.0
30.50501298904419, 35581.0
30.891480207443237, 35626.0
31.276134967803955, 35696.0
31.68558120727539, 35891.0
32.078973054885864, 35891.0
32.46495509147644, 35959.0
32.84719395637512, 35959.0
33.230854988098145, 35959.0
33.61404609680176, 35959.0
33.99942111968994, 35959.0
34.38688325881958, 36158.0
34.778676986694336, 36158.0
35.17165398597717, 36158.0
35.55939221382141, 36163.0
35.9471869468689, 36367.0
36.33725595474243, 36367.0
36.72484612464905, 36367.0
37.115588903427124, 36437.0
37.501224994659424, 36437.0
37.890373945236206, 36525.0
38.28181004524231, 36525.0
38.66693711280823, 36574.0
39.05609107017517, 36615.0
39.44517993927002, 36615.0
39.82913017272949, 36615.0
40.214632987976074, 36639.0
40.604077100753784, 37003.0
40.993947982788086, 37160.0
41.38336110115051, 37160.0
41.7686071395874, 37160.0
42.15529108047485, 37160.0
42.54043126106262, 37160.0
42.92549514770508, 37160.0
43.31545090675354, 37669.0
43.70529532432556, 37669.0
44.09230017662048, 37669.0
44.48269510269165, 37669.0
44.871700048446655, 37669.0
45.26210427284241, 37669.0
45.65202808380127, 37669.0
46.04176425933838, 37669.0
46.434497117996216, 37669.0
46.82562589645386, 37669.0
47.216392040252686, 37669.0
47.60235404968262, 37669.0
47.99292707443237, 37669.0
48.385318994522095, 37692.0
48.776084184646606, 37692.0
49.166842222213745, 37731.0
49.55301308631897, 37731.0
49.938724994659424, 37769.0
50.33202791213989, 37769.0
50.723236083984375, 37975.0
51.10932731628418, 37975.0
51.49542713165283, 37975.0
51.88142395019531, 37975.0
52.274949073791504, 38272.0
52.661442041397095, 38272.0
53.05292820930481, 38272.0
53.44422197341919, 38272.0
53.83072590827942, 38272.0
54.217628955841064, 38272.0
54.60644006729126, 38272.0
54.9985671043396, 38311.0
55.39042520523071, 38311.0
55.77731895446777, 38311.0
56.164387226104736, 38311.0
56.55302095413208, 38311.0
56.94658589363098, 38464.0
57.344083070755005, 38506.0
57.737509965896606, 38506.0
58.129658222198486, 38506.0
58.523598194122314, 38506.0
58.91620206832886, 38677.0
59.30690002441406, 38677.0
59.70298719406128, 38677.0
60.096657037734985, 38677.0
60.487056016922, 38677.0
60.88307309150696, 38739.0
61.27780795097351, 38739.0
61.673482179641724, 38739.0
62.06778597831726, 38739.0
62.46344995498657, 38957.0
62.857414960861206, 38957.0
63.2479681968689, 38957.0
63.63846206665039, 38957.0
64.02858710289001, 38957.0
64.42482614517212, 38957.0
64.81463098526001, 38989.0
65.20438718795776, 39025.0
65.59836411476135, 39157.0
65.99145913124084, 39364.0
66.38475918769836, 39364.0
66.78140187263489, 39364.0
67.1721920967102, 39508.0
67.56719398498535, 39508.0
67.96177220344543, 39508.0
68.3566222190857, 39508.0
68.74965000152588, 39508.0
69.14096426963806, 39508.0
69.53187322616577, 39508.0
69.9225800037384, 39508.0
70.31701612472534, 39508.0
70.71384310722351, 39508.0
71.11507105827332, 39825.0
71.51133918762207, 39825.0
71.90261197090149, 39825.0
72.29862213134766, 39825.0
72.69210195541382, 39825.0
73.08412194252014, 39825.0
73.47950387001038, 39825.0
73.87414002418518, 39825.0
74.26984190940857, 39825.0
74.66272902488708, 39825.0
75.05884027481079, 39926.0
75.4545259475708, 39926.0
75.8459861278534, 39926.0
76.2416672706604, 39926.0
76.63872122764587, 39926.0
77.03119492530823, 39926.0
77.42771911621094, 39926.0
77.82006406784058, 39982.0
