0.0020122528076171875, 366.0
0.004004001617431641, 812.0
0.005978107452392578, 1892.0
0.007964134216308594, 2712.0
0.009981155395507812, 3589.0
0.011921167373657227, 4500.0
0.013863086700439453, 5218.0
0.01581406593322754, 6125.0
0.017750978469848633, 6458.0
0.019686222076416016, 6794.0
0.021624088287353516, 7891.0
0.023562908172607422, 8489.0
0.025500059127807617, 9479.0
0.02743697166442871, 10333.0
0.029407978057861328, 10683.0
0.03134012222290039, 11406.0
0.03328728675842285, 11539.0
0.03520989418029785, 12099.0
0.037139177322387695, 13011.0
0.03906702995300293, 13569.0
0.04099297523498535, 14080.0
0.04292702674865723, 14836.0
0.044857025146484375, 15551.0
0.046803951263427734, 16175.0
0.04873490333557129, 17030.0
0.05066418647766113, 17538.0
0.05258321762084961, 18510.0
0.05452108383178711, 18647.0
0.05645895004272461, 19661.0
0.058422088623046875, 20096.0
0.0603482723236084, 21090.0
0.06226921081542969, 21469.0
0.06420707702636719, 21794.0
0.0661320686340332, 22480.0
0.06807112693786621, 23395.0
0.06999611854553223, 23672.0
0.07192206382751465, 23909.0
0.07384920120239258, 24654.0
0.07577228546142578, 25360.0
0.07770109176635742, 25906.0
0.07963418960571289, 26127.0
0.08156800270080566, 26742.0
0.08349609375, 27279.0
0.08542203903198242, 27440.0
0.08735203742980957, 27814.0
0.0892782211303711, 28061.0
0.09120512008666992, 28250.0
0.09313416481018066, 28737.0
0.09506916999816895, 29725.0
0.09698820114135742, 30603.0
0.09894108772277832, 30825.0
0.10087013244628906, 31037.0
0.10279607772827148, 32091.0
0.10473108291625977, 32636.0
0.10667109489440918, 33073.0
0.10859203338623047, 33448.0
0.11051321029663086, 34472.0
0.11244797706604004, 35261.0
0.11438202857971191, 35604.0
0.11630892753601074, 36202.0
0.1182401180267334, 36660.0
0.12017512321472168, 37130.0
0.12210702896118164, 37497.0
0.12403202056884766, 37725.0
0.125960111618042, 38155.0
0.12788605690002441, 39168.0
0.12981200218200684, 39758.0
0.1317451000213623, 40304.0
0.1336822509765625, 41403.0
0.1356039047241211, 42349.0
0.13751602172851562, 43287.0
0.13943696022033691, 44346.0
0.14136600494384766, 44678.0
0.14335298538208008, 45603.0
0.14908695220947266, 46365.0
0.1510162353515625, 46681.0
0.15294909477233887, 47388.0
0.1548750400543213, 47625.0
0.1567990779876709, 47851.0
0.15872907638549805, 48439.0
0.16067814826965332, 48567.0
0.1626119613647461, 49387.0
0.16454124450683594, 50384.0
0.16647124290466309, 51020.0
0.1683969497680664, 51951.0
0.1703341007232666, 52936.0
0.17226600646972656, 53280.0
0.1741960048675537, 53748.0
0.1761331558227539, 54424.0
0.17806792259216309, 55493.0
0.18001008033752441, 56443.0
0.1819441318511963, 57227.0
0.18387293815612793, 57813.0
0.18580412864685059, 58865.0
0.2217881679534912, 59008.0
0.2540159225463867, 59110.0
0.6172981262207031, 59217.0
1.3391480445861816, 59502.0
1.4202589988708496, 59607.0
1.4334912300109863, 59708.0
1.4448111057281494, 59816.0
1.7560539245605469, 59933.0
1.761702060699463, 60045.0
1.7710492610931396, 60266.0
1.774813175201416, 60410.0
1.8028101921081543, 60419.0
1.9205470085144043, 60571.0
1.9524033069610596, 60692.0
1.982262134552002, 60819.0
2.1242830753326416, 60925.0
2.1317732334136963, 61076.0
2.1691529750823975, 61131.0
2.184110164642334, 61304.0
2.2736871242523193, 61439.0
2.2811830043792725, 61478.0
2.284947156906128, 61661.0
2.32598614692688, 61788.0
2.42342209815979, 61819.0
2.4365549087524414, 61903.0
2.4496612548828125, 62006.0
2.6286280155181885, 62039.0
2.6436243057250977, 62158.0
2.7130379676818848, 62383.0
2.8196840286254883, 62422.0
2.8534069061279297, 62509.0
3.0385231971740723, 62598.0
3.0497851371765137, 62710.0
3.1059560775756836, 62811.0
3.219982147216797, 62883.0
3.23684024810791, 63032.0
3.251819133758545, 63141.0
3.2555739879608154, 63313.0
3.345376968383789, 63400.0
3.390162229537964, 63511.0
3.444478988647461, 63614.0
3.6186769008636475, 63670.0
3.6299099922180176, 63795.0
3.713876962661743, 63979.0
3.7176270484924316, 64097.0
3.801361083984375, 64201.0
3.8347299098968506, 64248.0
3.8384740352630615, 64366.0
3.873671293258667, 64477.0
3.9296810626983643, 64619.0
4.17867112159729, 64684.0
4.187992095947266, 64747.0
4.197328090667725, 64903.0
4.225130081176758, 64952.0
4.251168966293335, 65097.0
4.310734033584595, 65206.0
4.318315029144287, 65315.0
4.550291299819946, 65403.0
4.6054651737213135, 65571.0
4.609716892242432, 65679.0
4.6486382484436035, 65707.0
4.768466234207153, 65781.0
4.810590982437134, 65899.0
4.9880969524383545, 65911.0
5.059595108032227, 66019.0
5.170454978942871, 66133.0
5.197102069854736, 66160.0
5.199043035507202, 66319.0
5.277203321456909, 66372.0
5.3513572216033936, 66491.0
5.441096305847168, 66605.0
5.500355005264282, 66711.0
5.868115186691284, 66813.0
5.936317205429077, 66938.0
5.953879117965698, 67078.0
5.983145236968994, 67192.0
5.998806953430176, 67315.0
6.022426128387451, 67331.0
6.067976951599121, 67481.0
6.143954277038574, 67591.0
6.1890881061553955, 67704.0
6.292855978012085, 67741.0
6.304332971572876, 67866.0
6.321790933609009, 67993.0
6.5278472900390625, 68008.0
6.558398246765137, 68112.0
6.615682125091553, 68214.0
6.780691862106323, 68309.0
6.8292951583862305, 68415.0
7.264646053314209, 68586.0
7.281949281692505, 68694.0
7.504366159439087, 68761.0
7.569555997848511, 68810.0
7.590580940246582, 68927.0
7.6020872592926025, 69061.0
7.61355996131897, 69204.0
7.896174192428589, 69307.0
7.951876163482666, 69456.0
7.999610185623169, 69588.0
8.374757051467896, 69606.0
8.407124042510986, 69711.0
8.490853071212769, 69814.0
8.55554723739624, 69880.0
8.563194036483765, 69983.0
8.58984112739563, 70092.0
8.77455997467041, 70114.0
8.828838109970093, 70206.0
8.861876010894775, 70311.0
8.90647006034851, 70518.0
9.018511056900024, 70765.0
9.020477294921875, 70881.0
9.037847995758057, 70998.0
9.099513053894043, 71117.0
9.19202709197998, 71168.0
9.226750135421753, 71284.0
9.314582109451294, 71314.0
9.429096221923828, 71452.0
9.46296215057373, 71614.0
9.724094867706299, 71684.0
9.728047132492065, 71788.0
9.79665994644165, 71915.0
9.927864074707031, 72017.0
10.002211093902588, 72118.0
10.055006265640259, 72170.0
10.103897094726562, 72314.0
10.287557125091553, 72316.0
10.47387409210205, 72354.0
10.49880313873291, 72494.0
10.514220952987671, 72597.0
10.521937131881714, 72698.0
10.560329914093018, 72813.0
11.198002099990845, 72891.0
11.224941968917847, 72998.0
11.232635259628296, 73100.0
11.238420963287354, 73204.0
11.441658020019531, 73318.0
11.502998113632202, 73395.0
11.692174196243286, 73482.0
11.7017240524292, 73679.0
11.726540088653564, 73689.0
11.787667989730835, 73792.0
11.919230937957764, 73902.0
11.97069787979126, 73910.0
11.978397130966187, 74106.0
12.062335968017578, 74200.0
12.125331163406372, 74314.0
12.159668922424316, 74332.0
12.171124935150146, 74439.0
12.178797006607056, 74555.0
12.230292081832886, 74719.0
12.703044176101685, 74764.0
12.733551025390625, 74969.0
12.789588928222656, 75077.0
12.8092360496521, 75188.0
12.895431280136108, 75286.0
12.95215892791748, 75311.0
12.993069171905518, 75446.0
12.99505090713501, 75604.0
13.170110940933228, 75615.0
13.183686256408691, 75739.0
13.204941034317017, 75844.0
13.245629072189331, 75892.0
13.268863916397095, 76008.0
13.31338119506836, 76103.0
13.373352289199829, 76236.0
13.384988069534302, 76390.0
13.400497198104858, 76495.0
13.412135124206543, 76596.0
13.431477069854736, 76613.0
13.676321029663086, 76615.0
13.695456981658936, 76739.0
13.72036600112915, 76853.0
13.760503053665161, 76861.0
13.777726173400879, 77001.0
13.869545221328735, 77224.0
13.873430013656616, 77361.0
13.92128300666809, 77406.0
14.087810039520264, 77474.0
14.172019958496094, 77617.0
14.481996059417725, 77709.0
14.564279079437256, 77723.0
14.566229104995728, 77831.0
14.579653024673462, 77951.0
14.707539319992065, 78097.0
14.730385065078735, 78216.0
14.9686279296875, 78263.0
14.974457025527954, 78275.0
14.987972021102905, 78438.0
15.028479099273682, 78482.0
15.101453065872192, 78596.0
15.128158330917358, 78613.0
15.177677154541016, 78615.0
15.29573917388916, 78701.0
15.320489883422852, 78828.0
15.324335098266602, 78983.0
15.343411922454834, 78992.0
16.14837121963501, 79082.0
16.242913007736206, 79128.0
16.248627185821533, 79250.0
16.254342079162598, 79369.0
16.28473424911499, 79379.0
16.298052072525024, 79401.0
16.31873106956482, 79576.0
16.371297121047974, 79682.0
16.403250217437744, 79818.0
18.32052206993103, 79908.0
18.522037982940674, 79970.0
18.578902006149292, 79980.0
18.600964069366455, 80081.0
18.685343980789185, 80106.0
18.806502103805542, 80207.0
18.939806938171387, 80242.0
18.949059009552002, 80417.0
19.084609031677246, 80435.0
19.106653213500977, 80549.0
19.123175144195557, 80686.0
19.15617299079895, 80777.0
19.258563995361328, 80899.0
19.304136276245117, 81007.0
19.338839054107666, 81113.0
19.47909116744995, 81200.0
19.524692058563232, 81303.0
19.626822233200073, 81393.0
19.694136142730713, 81480.0
19.732376098632812, 81488.0
19.923617124557495, 81506.0
20.023821115493774, 81596.0
20.256055116653442, 81619.0
20.401243209838867, 81621.0
20.40673518180847, 81764.0
20.42129397392273, 81908.0
20.437642097473145, 81958.0
20.443115949630737, 82108.0
20.528541088104248, 82125.0
20.559444904327393, 82302.0
20.574027061462402, 82314.0
20.5795419216156, 82417.0
21.341068983078003, 82503.0
21.36996603012085, 82612.0
21.443023204803467, 82700.0
21.512060165405273, 82807.0
21.56187915802002, 82877.0
21.619333028793335, 83011.0
21.684403896331787, 83116.0
22.405336141586304, 83215.0
22.45664620399475, 83297.0
24.718579292297363, 83308.0
24.741749048233032, 83323.0
24.764901161193848, 83391.0
24.89590811729431, 83392.0
24.917147159576416, 83493.0
25.45799493789673, 83581.0
25.465882062911987, 83691.0
25.50125002861023, 83863.0
25.505208015441895, 83995.0
25.55826210975647, 84109.0
25.61128330230713, 84114.0
25.831812143325806, 84219.0
25.880352020263672, 84262.0
25.96800208091736, 84295.0
26.067144870758057, 84297.0
26.718011140823364, 84308.0
26.90130090713501, 84410.0
27.29083514213562, 84550.0
27.29280996322632, 84678.0
27.310290098190308, 84844.0
27.32773494720459, 85010.0
29.037923097610474, 85112.0
29.21792507171631, 85175.0
29.229780912399292, 85200.0
29.47233819961548, 85209.0
29.593518018722534, 85508.0
29.605102062225342, 85617.0
29.682225227355957, 85663.0
29.765011310577393, 85719.0
30.026932954788208, 85882.0
30.036530256271362, 85984.0
30.042304039001465, 86133.0
30.126579999923706, 86136.0
30.128523111343384, 86294.0
30.161043167114258, 86440.0
30.191752910614014, 86571.0
30.193703174591064, 86681.0
30.230030059814453, 86682.0
30.848668098449707, 86703.0
30.89455008506775, 86819.0
31.39573311805725, 86854.0
31.41731095314026, 86867.0
31.431062936782837, 87093.0
31.43500804901123, 87196.0
31.68895721435547, 87293.0
31.732009887695312, 87417.0
31.76517128944397, 87418.0
31.851108074188232, 87616.0
32.42022395133972, 87714.0
32.43572402000427, 87818.0
32.6987509727478, 87923.0
32.70452308654785, 88105.0
32.82871699333191, 88181.0
32.851686239242554, 88182.0
32.89564633369446, 88311.0
33.74052023887634, 88319.0
34.18468403816223, 88355.0
34.23792314529419, 88460.0
34.25505518913269, 88600.0
34.28542709350586, 88607.0
34.405118227005005, 88708.0
34.48483920097351, 88817.0
34.72205114364624, 88873.0
34.81172823905945, 88991.0
34.81743311882019, 89105.0
35.09996509552002, 89111.0
35.15879797935486, 89194.0
35.19761610031128, 89283.0
35.389760971069336, 89419.0
35.425854206085205, 89478.0
35.48084020614624, 89592.0
35.492231130599976, 89700.0
35.70830321311951, 89817.0
35.77460193634033, 89883.0
35.806792974472046, 89967.0
35.842751026153564, 90046.0
35.86359715461731, 90217.0
36.179733991622925, 90306.0
36.257407903671265, 90312.0
36.287771224975586, 90372.0
36.30490589141846, 90487.0
36.42062211036682, 90611.0
36.71218204498291, 90695.0
36.785845041275024, 90704.0
36.846261978149414, 90815.0
37.65699911117554, 90816.0
38.61642813682556, 90885.0
38.718374252319336, 90980.0
38.73541712760925, 91310.0
38.84483194351196, 91367.0
38.87127614021301, 91497.0
38.88639831542969, 91617.0
38.94865107536316, 91618.0
38.99776005744934, 91719.0
39.48119115829468, 91724.0
39.49424409866333, 91878.0
39.57066321372986, 91933.0
39.58749008178711, 92109.0
46.90482211112976, 92217.0
47.336143016815186, 92319.0
47.52624726295471, 92422.0
47.56389617919922, 92556.0
47.741042137145996, 92616.0
49.577353954315186, 92653.0
49.65858721733093, 92670.0
49.72618222236633, 92778.0
49.76863718032837, 92790.0
49.80912923812866, 92806.0
50.394262075424194, 92918.0
50.7617609500885, 92985.0
50.81886315345764, 93118.0
51.007286071777344, 93135.0
51.03207302093506, 93317.0
51.10622787475586, 93402.0
51.17319107055664, 93496.0
51.54638910293579, 93582.0
51.58356022834778, 93586.0
51.603158950805664, 93702.0
51.661906242370605, 93817.0
51.86521816253662, 94004.0
51.91612696647644, 94110.0
52.054224252700806, 94174.0
53.37288498878479, 94313.0
53.44597601890564, 94387.0
53.470988035202026, 94415.0
53.47294521331787, 94547.0
53.48645806312561, 94695.0
53.618613958358765, 94798.0
54.00358009338379, 94814.0
54.01702904701233, 94917.0
55.42861008644104, 95006.0
55.54763412475586, 95063.0
55.555225133895874, 95179.0
55.57090616226196, 95295.0
55.8527250289917, 95408.0
55.90562295913696, 95442.0
62.41121315956116, 95511.0
62.57034516334534, 95611.0
62.655513048172, 95708.0
62.79105997085571, 95779.0
62.87969207763672, 95812.0
62.99985909461975, 95864.0
63.120002031326294, 95898.0
63.24181294441223, 95965.0
63.38579702377319, 96109.0
63.40797710418701, 96170.0
63.51511311531067, 96277.0
64.279226064682, 96381.0
64.28854012489319, 96390.0
64.4695200920105, 96413.0
64.6376531124115, 96505.0
64.6654121875763, 96513.0
64.9331591129303, 96612.0
65.0440502166748, 96745.0
65.06810116767883, 96873.0
65.09030389785767, 96999.0
65.1365020275116, 97013.0
72.29717206954956, 97062.0
72.29912209510803, 97168.0
72.36239099502563, 97212.0
72.50807023048401, 97315.0
72.5636579990387, 97415.0
72.79951095581055, 97499.0
72.83791422843933, 97510.0
72.96980619430542, 97697.0
73.8851990699768, 97802.0
74.01162219047546, 97816.0
74.02316522598267, 97976.0
74.14416408538818, 98085.0
74.16145825386047, 98213.0
74.37782907485962, 98312.0
74.5887041091919, 98409.0
74.68441605567932, 98511.0
74.74952507019043, 98517.0
75.4205391407013, 98609.0
75.6475281715393, 98613.0
75.79450011253357, 98690.0
75.94996500015259, 98814.0
76.10412693023682, 98910.0
76.18821024894714, 98995.0
76.19587516784668, 99112.0
76.53613209724426, 99198.0
76.69102096557617, 99241.0
76.7235541343689, 99267.0
76.75989699363708, 99366.0
76.82680916786194, 99389.0
77.03909707069397, 99502.0
77.12077617645264, 99608.0
77.1412410736084, 99615.0
78.18915915489197, 99718.0
82.89298510551453, 99739.0
82.90082907676697, 99751.0
82.93788695335388, 99886.0
82.97688317298889, 99975.0
83.05678510665894, 99992.0
83.33718919754028, 100000.0
83.5108630657196, 100111.0
83.56349730491638, 100119.0
83.69420623779297, 100197.0
83.94334101676941, 100212.0
84.06117820739746, 100226.0
84.10820126533508, 100271.0
84.13202929496765, 100361.0
84.13593220710754, 100517.0
91.81203603744507, 100611.0
91.85468912124634, 100643.0
91.88766312599182, 100793.0
91.9031810760498, 100909.0
92.20119595527649, 101016.0
92.35071897506714, 101097.0
92.36059522628784, 101199.0
92.74744319915771, 101313.0
92.97665619850159, 101318.0
96.05798006057739, 101328.0
96.07709527015686, 101348.0
96.1018340587616, 101487.0
96.11708998680115, 101596.0
97.02447319030762, 101713.0
97.13222408294678, 101718.0
99.17219400405884, 101816.0
100.28400206565857, 101910.0
100.3385682106018, 101912.0
103.04289603233337, 102003.0
103.1482560634613, 102112.0
103.2045030593872, 102213.0
103.24991822242737, 102250.0
103.26631593704224, 102368.0
103.36812114715576, 102495.0
103.42988109588623, 102497.0
103.50065302848816, 102510.0
106.45671010017395, 102515.0
106.71639108657837, 102580.0
106.82816815376282, 102604.0
107.00592923164368, 102706.0
107.18172812461853, 102716.0
107.30265426635742, 102776.0
107.56113004684448, 102803.0
107.57583403587341, 102906.0
107.66026711463928, 103011.0
110.41658306121826, 103054.0
110.43567514419556, 103166.0
110.58795428276062, 103192.0
110.69370102882385, 103315.0
110.9580180644989, 103383.0
111.0683319568634, 103389.0
112.01713991165161, 103417.0
112.38923525810242, 103516.0
113.63515996932983, 103617.0
114.44570422172546, 103719.0
118.15894389152527, 103804.0
118.31525301933289, 103911.0
118.34563207626343, 104012.0
119.68517804145813, 104116.0
120.57724523544312, 104208.0
120.98734617233276, 104319.0
124.74636101722717, 104416.0
126.47948002815247, 104518.0
134.68118119239807, 104619.0
