0.001008749008178711, 242.0
0.0020148754119873047, 248.0
0.003041982650756836, 845.0
0.004129886627197266, 1048.0
0.00524592399597168, 1185.0
0.00630497932434082, 1807.0
0.007391929626464844, 2442.0
0.008458852767944336, 2646.0
0.009475946426391602, 3580.0
0.010568857192993164, 3993.0
0.011665821075439453, 4611.0
0.012688159942626953, 4879.0
0.013693809509277344, 5814.0
0.014724016189575195, 6198.0
0.015748977661132812, 7025.0
0.01676201820373535, 7251.0
0.017778873443603516, 8139.0
0.018817901611328125, 9128.0
0.019948959350585938, 9664.0
0.020976781845092773, 10539.0
0.02199077606201172, 11112.0
0.023009061813354492, 11469.0
0.02402186393737793, 11989.0
0.025033950805664062, 12784.0
0.026059865951538086, 13349.0
0.027081966400146484, 14180.0
0.028100967407226562, 14829.0
0.029141902923583984, 15675.0
0.030160188674926758, 15852.0
0.031202077865600586, 15961.0
0.032206058502197266, 16651.0
0.03321194648742676, 17354.0
0.034230947494506836, 17572.0
0.03522992134094238, 17854.0
0.036257028579711914, 18650.0
0.03726005554199219, 18764.0
0.0382688045501709, 19653.0
0.03927183151245117, 20029.0
0.04030108451843262, 20254.0
0.04129981994628906, 20398.0
0.04231381416320801, 20428.0
0.04332113265991211, 20927.0
0.04432511329650879, 21103.0
0.04534292221069336, 21162.0
0.0463559627532959, 21822.0
0.047357797622680664, 22354.0
0.04837203025817871, 22822.0
0.05036306381225586, 23081.0
0.05630898475646973, 23480.0
0.06028890609741211, 23550.0
0.07411813735961914, 23575.0
0.07611393928527832, 23757.0
0.0938107967376709, 24087.0
0.13706207275390625, 24215.0
0.14293503761291504, 24250.0
0.1860668659210205, 24683.0
0.19489502906799316, 25171.0
0.2987959384918213, 25639.0
0.31134796142578125, 26118.0
0.31522512435913086, 26999.0
0.3344130516052246, 27074.0
0.37010788917541504, 27664.0
0.45461606979370117, 28455.0
0.48523902893066406, 28536.0
0.4900329113006592, 29130.0
0.5494530200958252, 29922.0
0.5925638675689697, 30351.0
0.5964019298553467, 30600.0
0.60024094581604, 30601.0
0.6649689674377441, 30615.0
0.6749169826507568, 30964.0
0.6769039630889893, 31584.0
0.6887538433074951, 32148.0
0.7589828968048096, 32796.0
0.8517580032348633, 32998.0
0.8537569046020508, 33904.0
0.8735949993133545, 34815.0
0.902972936630249, 35332.0
0.9372568130493164, 35898.0
0.9480187892913818, 36584.0
0.9939560890197754, 36749.0
0.9949491024017334, 36973.0
1.0119328498840332, 36976.0
1.057487964630127, 37131.0
1.061398983001709, 38085.0
1.075118064880371, 38597.0
1.0771009922027588, 38777.0
1.0790610313415527, 39334.0
1.0858519077301025, 40329.0
1.1032719612121582, 41290.0
1.104259967803955, 42054.0
1.139159917831421, 42127.0
1.1483290195465088, 42264.0
1.1693849563598633, 42847.0
1.2069098949432373, 43722.0
1.2079029083251953, 44163.0
1.2138469219207764, 44302.0
1.2472670078277588, 44426.0
1.2624149322509766, 45158.0
1.3052430152893066, 45363.0
1.3121600151062012, 45389.0
1.3701539039611816, 45440.0
1.4626517295837402, 45829.0
1.9087719917297363, 45845.0
1.920619010925293, 46345.0
1.9657459259033203, 46945.0
1.9833331108093262, 47488.0
1.9882259368896484, 47566.0
1.9921369552612305, 48003.0
2.0106711387634277, 48820.0
2.030207872390747, 48926.0
2.0360591411590576, 49575.0
2.037045955657959, 50226.0
2.0829508304595947, 50422.0
2.0986528396606445, 50506.0
2.1278090476989746, 50996.0
2.1558759212493896, 51125.0
2.216705083847046, 51336.0
2.2215569019317627, 51515.0
2.306633949279785, 51749.0
2.3317418098449707, 51897.0
2.3588409423828125, 52180.0
2.3939099311828613, 53068.0
2.4868688583374023, 53171.0
2.5111639499664307, 53617.0
2.5517680644989014, 53619.0
2.6243109703063965, 53939.0
2.658133029937744, 54144.0
2.6591200828552246, 55062.0
2.6900458335876465, 55499.0
2.840167760848999, 56066.0
2.853590965270996, 56379.0
2.978234052658081, 56877.0
3.0288970470428467, 56926.0
3.0489749908447266, 57728.0
3.0547449588775635, 58190.0
3.062425136566162, 58831.0
3.1740541458129883, 59669.0
3.1912848949432373, 59774.0
3.1960790157318115, 59783.0
3.24770188331604, 60050.0
3.254422903060913, 60596.0
3.2687339782714844, 60791.0
3.351879835128784, 61153.0
3.386507034301758, 61435.0
3.389385938644409, 61614.0
3.3941729068756104, 61893.0
3.416192054748535, 62536.0
3.4477739334106445, 62949.0
3.47550106048584, 63206.0
3.5050580501556396, 63574.0
3.5556139945983887, 64002.0
3.5594370365142822, 64500.0
3.5803890228271484, 64972.0
3.582310914993286, 65675.0
3.5832808017730713, 66407.0
3.5918760299682617, 67394.0
3.7578511238098145, 68293.0
3.764533042907715, 68871.0
3.7683699131011963, 69269.0
3.7741119861602783, 70155.0
3.8327019214630127, 70518.0
3.835568904876709, 71194.0
3.869175910949707, 71450.0
3.8720619678497314, 72149.0
3.881610870361328, 73080.0
3.9179069995880127, 73739.0
3.994278907775879, 74628.0
4.136916875839233, 74828.0
4.145570993423462, 75540.0
4.186973810195923, 76516.0
4.204614162445068, 77450.0
4.208552837371826, 77512.0
4.215418100357056, 78170.0
4.250560998916626, 79071.0
4.2554638385772705, 79238.0
4.307644844055176, 79553.0
4.310683012008667, 80508.0
4.351078033447266, 80673.0
4.5144219398498535, 81126.0
4.52025294303894, 81331.0
4.523207902908325, 81793.0
4.527120113372803, 82161.0
4.529113054275513, 83000.0
4.5330259799957275, 83028.0
4.5370190143585205, 83678.0
4.699202060699463, 83968.0
4.702064752578735, 84143.0
4.706843852996826, 84923.0
4.80012583732605, 84944.0
4.813436985015869, 85651.0
4.838690996170044, 86029.0
4.895083904266357, 86508.0
4.9283671379089355, 87053.0
4.937178134918213, 87694.0
4.98512601852417, 87998.0
4.9927659034729, 88744.0
4.997542858123779, 88806.0
5.0013837814331055, 89475.0
5.053781986236572, 89856.0
5.1024229526519775, 90074.0
5.11480188369751, 90503.0
5.206151962280273, 90792.0
5.299371957778931, 90876.0
5.431148052215576, 90881.0
6.146477937698364, 91403.0
6.177572965621948, 91589.0
6.219666957855225, 91686.0
6.221698999404907, 91872.0
6.224759101867676, 92672.0
6.25025200843811, 93313.0
6.279497861862183, 93796.0
6.28541898727417, 94684.0
6.671884059906006, 95230.0
6.702196836471558, 95784.0
7.662014961242676, 95973.0
7.7361578941345215, 96578.0
7.842103958129883, 96719.0
7.852719068527222, 97503.0
7.9272119998931885, 97833.0
7.952295780181885, 98365.0
8.06809115409851, 98559.0
9.657747983932495, 99103.0
9.681447982788086, 99578.0
9.6893630027771, 99876.0
9.847367763519287, 99973.0
9.866370916366577, 100003.0
9.887199878692627, 100616.0
9.903037786483765, 101398.0
9.939598083496094, 102144.0
9.945528984069824, 102525.0
10.256841897964478, 102631.0
10.442662000656128, 102792.0
10.468443870544434, 103122.0
11.090929746627808, 103817.0
11.106765985488892, 104210.0
11.675769090652466, 104247.0
11.762799978256226, 104972.0
11.7796311378479, 105452.0
11.798462867736816, 105519.0
11.805409908294678, 106040.0
12.169787168502808, 106065.0
12.179692029953003, 106585.0
12.199464797973633, 106903.0
12.215297937393188, 107084.0
12.230135917663574, 107294.0
12.239042043685913, 107420.0
12.58269214630127, 107603.0
12.772608995437622, 107616.0
12.785265922546387, 107977.0
12.7881920337677, 108065.0
12.860848188400269, 108541.0
13.994210004806519, 109203.0
13.996156930923462, 109356.0
14.044521808624268, 110097.0
14.04551076889038, 110105.0
14.19811201095581, 110449.0
14.271293878555298, 111036.0
14.283797025680542, 111700.0
14.296326160430908, 112413.0
15.563307046890259, 112629.0
15.592198848724365, 112765.0
15.594149112701416, 112775.0
15.63655710220337, 113419.0
15.647156953811646, 113983.0
15.679903030395508, 114536.0
15.682807922363281, 114591.0
15.845510005950928, 114715.0
16.545023918151855, 114915.0
17.1478168964386, 115282.0
17.168059825897217, 116239.0
17.17868208885193, 116241.0
17.182548999786377, 116420.0
17.19026780128479, 116909.0
17.19220805168152, 117307.0
17.194159030914307, 118249.0
17.356923818588257, 118727.0
17.402395009994507, 119146.0
17.409164905548096, 119170.0
18.580277919769287, 119358.0
18.581260919570923, 119959.0
18.64003610610962, 120621.0
18.798064947128296, 120676.0
18.80290389060974, 121660.0
18.91109800338745, 121909.0
18.913054943084717, 122795.0
21.05711007118225, 123218.0
21.134488105773926, 123574.0
21.156655073165894, 124248.0
21.237689971923828, 124305.0
21.262742042541504, 124782.0
21.268550157546997, 125463.0
21.542500019073486, 125579.0
21.68316888809204, 125794.0
21.750662803649902, 125799.0
21.765148878097534, 125816.0
21.80857276916504, 126545.0
22.435609102249146, 127331.0
22.43755006790161, 128230.0
22.499243021011353, 128911.0
22.73362708091736, 129257.0
22.882299184799194, 129370.0
23.19633984565735, 129573.0
24.348400115966797, 129955.0
24.36690092086792, 129957.0
24.385289907455444, 130592.0
24.468323945999146, 130608.0
25.075403928756714, 130713.0
25.077342987060547, 130739.0
25.087971925735474, 130744.0
25.107290029525757, 131079.0
25.1285240650177, 131102.0
25.1314480304718, 131861.0
25.150733947753906, 131896.0
25.18514609336853, 132034.0
25.362180948257446, 132065.0
25.38080596923828, 132503.0
25.382755994796753, 132840.0
25.414674997329712, 133542.0
25.442820072174072, 133936.0
25.46119999885559, 134170.0
25.615833044052124, 134637.0
25.63520097732544, 134640.0
25.886993885040283, 134678.0
25.95614004135132, 135231.0
25.961883783340454, 135894.0
26.021058082580566, 136453.0
26.037330865859985, 136916.0
26.066898822784424, 137784.0
26.087033987045288, 138425.0
26.09947395324707, 138747.0
26.189197063446045, 138755.0
26.21116590499878, 139358.0
26.220732927322388, 140303.0
26.221708059310913, 141250.0
26.26471495628357, 142030.0
26.271408796310425, 142167.0
26.32393789291382, 142466.0
26.59590196609497, 142807.0
26.607348918914795, 142882.0
26.6512188911438, 143162.0
26.676018953323364, 143437.0
26.73801279067993, 143643.0
27.200317859649658, 144216.0
27.264060974121094, 144379.0
27.272987127304077, 144384.0
27.28580403327942, 145158.0
27.300554990768433, 146137.0
27.32917094230652, 146158.0
27.795625925064087, 146467.0
27.812243938446045, 147217.0
27.828898906707764, 147409.0
27.98540997505188, 147470.0
27.99423313140869, 148029.0
28.031348943710327, 148058.0
28.033321857452393, 148759.0
28.060701847076416, 149210.0
28.074427843093872, 149263.0
28.099859952926636, 149879.0
28.10765314102173, 150325.0
28.174011945724487, 151047.0
28.234395742416382, 151542.0
28.43659496307373, 152418.0
28.465476036071777, 153133.0
28.47605299949646, 153572.0
28.48374605178833, 154279.0
36.195317029953, 154339.0
36.209927797317505, 154401.0
36.21091985702515, 154784.0
36.21482586860657, 155738.0
36.21776795387268, 156600.0
36.22555494308472, 156609.0
36.24695801734924, 156735.0
36.28782105445862, 156995.0
36.30826282501221, 157009.0
36.316100120544434, 157642.0
36.31903696060181, 157899.0
36.322953939437866, 158297.0
36.48485708236694, 158831.0
36.49950408935547, 159441.0
36.500494956970215, 159457.0
36.51412081718445, 160399.0
36.52482986450195, 160933.0
36.65473699569702, 160949.0
36.95189714431763, 161080.0
39.197911977767944, 161262.0
39.22479796409607, 161952.0
39.55501317977905, 162034.0
39.58208203315735, 162085.0
39.91097688674927, 162315.0
39.93616509437561, 162484.0
40.01154088973999, 162546.0
40.036712884902954, 163023.0
40.05702590942383, 163725.0
40.06767511367798, 163787.0
40.32508683204651, 163953.0
40.3500759601593, 163974.0
40.36359906196594, 164072.0
40.90313792228699, 164403.0
40.922390937805176, 164413.0
40.933992862701416, 164830.0
41.15237903594971, 164960.0
41.16586899757385, 165484.0
41.263941049575806, 166397.0
41.62992787361145, 166425.0
41.82690787315369, 167019.0
41.919506788253784, 167217.0
42.36050295829773, 168041.0
42.37510704994202, 168844.0
42.380897998809814, 169732.0
42.389606952667236, 170618.0
42.422317028045654, 170686.0
42.665321826934814, 171327.0
43.57322096824646, 171750.0
43.990562915802, 172276.0
44.016977071762085, 172351.0
44.17027807235718, 172756.0
44.35507798194885, 172799.0
45.188761949539185, 173330.0
45.27198100090027, 173785.0
45.30897879600525, 173889.0
45.415562868118286, 174326.0
45.421382904052734, 174447.0
45.43015909194946, 175088.0
45.441821813583374, 175217.0
45.5149188041687, 175772.0
45.58476996421814, 176030.0
45.609062910079956, 176716.0
45.84878587722778, 177104.0
45.95888686180115, 177188.0
45.98800611495972, 177358.0
46.04818296432495, 177379.0
46.128705978393555, 178186.0
46.190694093704224, 178594.0
46.22457194328308, 179051.0
46.266263008117676, 179241.0
46.28950595855713, 180211.0
46.51865911483765, 180686.0
46.52642297744751, 180826.0
46.59616780281067, 180840.0
46.69206690788269, 180993.0
46.70562505722046, 181402.0
46.70660996437073, 181966.0
47.05679988861084, 182176.0
47.07326412200928, 182459.0
47.17203497886658, 182645.0
47.1778678894043, 182798.0
47.50777792930603, 183111.0
47.9984130859375, 183680.0
48.02205991744995, 183962.0
48.087120056152344, 184170.0
48.15314292907715, 184362.0
48.26933693885803, 185273.0
48.35887312889099, 185978.0
48.875707149505615, 186207.0
48.949915170669556, 186775.0
49.211230993270874, 186900.0
49.473275899887085, 187819.0
50.07554507255554, 188097.0
50.13906717300415, 188944.0
50.16984009742737, 188947.0
50.35157489776611, 189335.0
50.533724784851074, 189620.0
50.55975079536438, 189743.0
50.95048809051514, 190049.0
51.31668305397034, 190598.0
51.348466873168945, 190896.0
51.42977499961853, 191213.0
51.44042110443115, 191845.0
52.08366680145264, 192120.0
52.27171993255615, 192787.0
52.285130977630615, 192854.0
52.344329833984375, 192881.0
52.38085079193115, 193536.0
52.500380754470825, 194515.0
52.54622006416321, 194733.0
52.629257917404175, 195048.0
52.6435980796814, 195053.0
52.777621030807495, 195451.0
53.010305881500244, 195842.0
53.04088997840881, 196110.0
53.47688388824463, 196236.0
53.55810880661011, 197072.0
53.68708300590515, 197247.0
53.72944617271423, 197814.0
53.81699991226196, 198775.0
53.95898103713989, 199358.0
54.572057008743286, 199499.0
54.67899203300476, 199583.0
54.87616991996765, 200254.0
54.88197898864746, 200383.0
54.94942593574524, 200386.0
55.13696885108948, 201111.0
55.31102895736694, 201332.0
55.976240158081055, 201574.0
55.97723388671875, 201957.0
56.0385479927063, 202175.0
56.348851919174194, 202308.0
56.62972092628479, 202719.0
56.64527988433838, 203196.0
57.27085590362549, 203419.0
57.436134815216064, 203988.0
57.69387698173523, 204551.0
57.94155216217041, 204704.0
57.94348216056824, 204929.0
57.952128887176514, 205026.0
58.05510187149048, 205309.0
58.0727059841156, 206167.0
58.44477701187134, 206176.0
58.81467580795288, 206257.0
59.82145595550537, 206293.0
60.246766090393066, 206847.0
67.16850090026855, 207196.0
67.52440094947815, 207967.0
67.55023789405823, 208018.0
70.1031699180603, 208899.0
71.45496892929077, 209053.0
71.8210301399231, 209643.0
77.02567505836487, 209664.0
