0.000209808349609375, 416.0
0.0004279613494873047, 910.0
0.0006368160247802734, 1788.0
0.0008509159088134766, 1870.0
0.0010669231414794922, 2595.0
0.0012888908386230469, 2684.0
0.0015099048614501953, 3004.0
0.0017170906066894531, 3579.0
0.0019268989562988281, 4228.0
0.002537965774536133, 5087.0
0.026259899139404297, 5460.0
0.02672100067138672, 5853.0
0.027332067489624023, 6444.0
0.04886293411254883, 7099.0
0.0553438663482666, 7434.0
0.06101512908935547, 7536.0
0.06365108489990234, 8335.0
0.06653690338134766, 8576.0
0.0706028938293457, 9076.0
0.0762939453125, 9689.0
0.08016109466552734, 9735.0
0.08179497718811035, 10483.0
0.08527302742004395, 10765.0
0.08933401107788086, 10767.0
0.08954000473022461, 11196.0
0.0919959545135498, 11391.0
0.11238408088684082, 11938.0
0.12328290939331055, 12729.0
0.1257009506225586, 12831.0
0.16118288040161133, 13097.0
0.16503596305847168, 13666.0
0.17212486267089844, 13733.0
0.17393779754638672, 14731.0
0.22049999237060547, 15031.0
0.22384309768676758, 15779.0
0.22926092147827148, 16577.0
0.23290300369262695, 17023.0
0.23798894882202148, 17604.0
0.23960185050964355, 18535.0
0.24023985862731934, 19326.0
0.24104976654052734, 19769.0
0.2412569522857666, 19890.0
0.24371600151062012, 20577.0
0.25347399711608887, 20583.0
0.2625851631164551, 20855.0
0.26480889320373535, 21209.0
0.2674398422241211, 22097.0
0.3014960289001465, 22238.0
0.3017008304595947, 23236.0
0.3035149574279785, 23469.0
0.3043248653411865, 23891.0
0.3131539821624756, 24411.0
0.4364309310913086, 24979.0
0.44344186782836914, 25100.0
0.4442479610443115, 25749.0
0.4703691005706787, 25840.0
0.7396190166473389, 25997.0
0.7410390377044678, 26534.0
0.8125619888305664, 27022.0
0.8143727779388428, 27272.0
0.8254878520965576, 27807.0
0.8263359069824219, 27901.0
1.7936508655548096, 27905.0
1.8050498962402344, 27914.0
1.8052589893341064, 28425.0
1.8083620071411133, 28551.0
1.8295528888702393, 28798.0
1.8597419261932373, 29467.0
3.281444787979126, 29476.0
3.2931740283966064, 29674.0
3.296478033065796, 30131.0
3.299156904220581, 31020.0
3.303502082824707, 31122.0
3.3076729774475098, 31455.0
3.3082900047302246, 31953.0
3.3101470470428467, 32911.0
4.396281003952026, 33367.0
6.045145034790039, 33528.0
6.073249101638794, 34214.0
6.077020883560181, 35001.0
6.085597991943359, 35029.0
6.088101863861084, 35891.0
8.236840009689331, 36614.0
8.242079973220825, 36835.0
8.258004903793335, 37080.0
8.258209943771362, 37746.0
8.263645887374878, 38075.0
8.279608011245728, 38098.0
8.280817985534668, 38219.0
9.317417860031128, 38515.0
9.338568925857544, 38983.0
9.343433856964111, 39039.0
9.347676992416382, 39165.0
9.351917028427124, 39383.0
9.396276950836182, 39590.0
9.42927598953247, 39755.0
9.769445896148682, 40259.0
9.79961085319519, 40392.0
9.814424991607666, 40869.0
9.831918001174927, 41186.0
9.856564998626709, 41934.0
9.89565110206604, 42042.0
9.933949947357178, 42380.0
9.934756755828857, 42775.0
10.027951002120972, 43287.0
10.144207954406738, 43730.0
10.595951795578003, 43804.0
10.605064868927002, 44167.0
10.632849931716919, 44241.0
10.647803783416748, 44367.0
10.716077089309692, 44495.0
10.849421977996826, 44729.0
10.934904098510742, 45023.0
11.054106950759888, 45216.0
11.086495876312256, 45291.0
11.265109062194824, 45299.0
11.34412693977356, 45304.0
11.369882822036743, 45331.0
11.592200994491577, 45333.0
11.746252059936523, 45410.0
11.808835983276367, 45451.0
11.86505913734436, 45553.0
12.932853937149048, 45651.0
13.03427004814148, 45662.0
13.69849181175232, 45726.0
