0.5185930728912354, 31605.0
0.8908870220184326, 32003.0
1.2587220668792725, 33101.0
1.6334118843078613, 33751.0
2.000901937484741, 33869.0
2.375380039215088, 34699.0
2.7438199520111084, 35092.0
3.1142969131469727, 36068.0
3.491629123687744, 36207.0
3.8664021492004395, 36602.0
4.243149757385254, 36800.0
4.63241982460022, 38072.0
5.016363143920898, 38273.0
5.394654989242554, 38843.0
5.776037931442261, 38954.0
6.170921087265015, 39280.0
6.5504961013793945, 40205.0
6.932034969329834, 40205.0
7.312006950378418, 40388.0
7.69468092918396, 40871.0
8.076321125030518, 41363.0
8.45715594291687, 42184.0
8.840033054351807, 42367.0
9.221791982650757, 42599.0
9.602726936340332, 42789.0
9.98453402519226, 43074.0
10.36644196510315, 43804.0
10.754881143569946, 44522.0
11.142815113067627, 44898.0
11.530893087387085, 44898.0
11.920600891113281, 44903.0
12.310406923294067, 45180.0
12.700392007827759, 45642.0
13.091431856155396, 45642.0
13.481159925460815, 46053.0
13.871134042739868, 46802.0
14.263487100601196, 46893.0
14.654306173324585, 47325.0
15.041068077087402, 47378.0
15.43667197227478, 47999.0
15.83262014389038, 47999.0
16.2277090549469, 48029.0
16.622925758361816, 49612.0
17.01672887802124, 49645.0
17.407544136047363, 49645.0
17.796366930007935, 49645.0
18.185508966445923, 49645.0
18.575232982635498, 49882.0
18.965789079666138, 50001.0
19.3614239692688, 50785.0
19.75929594039917, 50785.0
20.15702795982361, 50785.0
20.554623126983643, 50788.0
20.95298480987549, 51081.0
21.352120876312256, 51497.0
21.745959043502808, 51497.0
22.13957691192627, 51497.0
22.533341884613037, 52104.0
22.931648015975952, 52104.0
23.336013793945312, 52271.0
23.733006954193115, 52499.0
24.129621982574463, 53156.0
24.525890827178955, 53439.0
24.922691822052002, 53439.0
25.321165084838867, 53439.0
25.719653844833374, 53455.0
26.121189832687378, 53631.0
26.518913984298706, 53963.0
26.916533946990967, 53963.0
27.321848154067993, 54300.0
27.720471143722534, 54381.0
28.118883848190308, 54887.0
28.517982959747314, 55281.0
28.92171287536621, 55281.0
29.322952032089233, 55281.0
29.723181009292603, 55292.0
30.125643014907837, 55578.0
30.530296087265015, 55785.0
30.92941904067993, 56047.0
31.32931685447693, 56047.0
31.73775005340576, 56386.0
32.143296003341675, 56386.0
32.54958486557007, 56391.0
32.953458070755005, 56697.0
33.352962017059326, 56870.0
33.76265811920166, 57221.0
34.1639449596405, 57225.0
34.570659160614014, 57225.0
34.97762203216553, 57899.0
35.38033485412598, 58204.0
35.78950309753418, 58204.0
36.197295904159546, 58281.0
36.60080099105835, 58787.0
37.01093506813049, 58787.0
37.42125916481018, 58787.0
37.831992864608765, 58791.0
38.23749613761902, 58904.0
38.64086604118347, 58904.0
39.0435950756073, 59017.0
39.44474816322327, 59017.0
39.85090899467468, 59401.0
40.26112389564514, 59791.0
40.6714141368866, 59791.0
41.08093595504761, 59791.0
41.49130702018738, 59791.0
41.89750003814697, 60581.0
42.30368113517761, 60581.0
42.70874285697937, 60690.0
43.115143060684204, 60690.0
43.52095603942871, 60690.0
43.928804874420166, 61102.0
44.339523792266846, 61186.0
44.74706315994263, 61186.0
45.157958984375, 61186.0
45.56984996795654, 61203.0
45.977306842803955, 61457.0
46.39067506790161, 61457.0
46.80325794219971, 61695.0
47.21064877510071, 61797.0
47.624876976013184, 62200.0
48.03926610946655, 62200.0
48.45065903663635, 62205.0
48.86406207084656, 62205.0
49.27643799781799, 62480.0
49.68798112869263, 62480.0
50.10202598571777, 62585.0
50.50917410850525, 62585.0
50.91678810119629, 62838.0
51.32520389556885, 62838.0
51.73741793632507, 63181.0
52.151345014572144, 63233.0
52.5623459815979, 63504.0
52.973073959350586, 63504.0
53.383971214294434, 63628.0
53.7951340675354, 63795.0
54.202138900756836, 63795.0
54.61351990699768, 63795.0
55.02515006065369, 63795.0
55.43665599822998, 63804.0
55.849717140197754, 63988.0
56.26417803764343, 64135.0
56.67143702507019, 64135.0
57.07990503311157, 64183.0
57.48754000663757, 64455.0
57.89738082885742, 64455.0
58.30974102020264, 64455.0
58.721901178359985, 64455.0
59.13339185714722, 64694.0
59.545175075531006, 64694.0
59.95792317390442, 65000.0
60.37077879905701, 65000.0
60.78420400619507, 65000.0
61.2027690410614, 65000.0
61.62013602256775, 65000.0
62.03452014923096, 65090.0
62.44997191429138, 65090.0
62.86302900314331, 65091.0
63.28024888038635, 65398.0
63.697709798812866, 65398.0
64.11724090576172, 65458.0
64.53099393844604, 65458.0
64.94453191757202, 65458.0
65.35777115821838, 65510.0
65.77660083770752, 65579.0
66.1961510181427, 65579.0
66.61549806594849, 65579.0
67.03093695640564, 65579.0
67.44627690315247, 65663.0
67.86258316040039, 65699.0
68.28039407730103, 66001.0
68.69536280632019, 66001.0
69.11115193367004, 66060.0
69.52792286872864, 66060.0
69.9398889541626, 66060.0
70.35395312309265, 66092.0
70.76491594314575, 66092.0
71.18226408958435, 66092.0
71.59740591049194, 66128.0
72.01459407806396, 66217.0
72.43619585037231, 66389.0
72.85026478767395, 66389.0
73.26389002799988, 66390.0
73.67813396453857, 66390.0
74.09282493591309, 66390.0
74.5097758769989, 66595.0
74.92413711547852, 66595.0
75.33796501159668, 66762.0
75.75241184234619, 66798.0
76.1675488948822, 66798.0
76.5889208316803, 66798.0
77.00281095504761, 66798.0
77.42299294471741, 66798.0
77.84387397766113, 66798.0
78.25956678390503, 66989.0
78.67335891723633, 66989.0
79.08670282363892, 66989.0
79.50269293785095, 67123.0
79.92123198509216, 67123.0
80.33911776542664, 67123.0
80.75720715522766, 67404.0
81.1756980419159, 67404.0
