0.00021505355834960938, 328.0
0.0004291534423828125, 1033.0
0.0006411075592041016, 1451.0
0.0008530616760253906, 1642.0
0.0010690689086914062, 2528.0
0.0012810230255126953, 3068.0
0.0014941692352294922, 3634.0
0.0017080307006835938, 4217.0
0.0019211769104003906, 4893.0
0.010167121887207031, 4973.0
0.011219024658203125, 5008.0
0.02590799331665039, 5077.0
0.030103206634521484, 5078.0
0.03136014938354492, 5202.0
0.03451395034790039, 5222.0
0.0366060733795166, 5298.0
0.0384981632232666, 5365.0
0.09312701225280762, 5418.0
0.09749507904052734, 5472.0
0.18591904640197754, 5497.0
0.5934569835662842, 5538.0
0.9944360256195068, 5575.0
1.0071461200714111, 5646.0
1.0302770137786865, 5721.0
1.0483310222625732, 5730.0
1.1014950275421143, 5813.0
1.1091229915618896, 5853.0
1.1155211925506592, 5868.0
1.1565830707550049, 5907.0
1.1609230041503906, 5959.0
1.1623618602752686, 6017.0
1.4939520359039307, 6047.0
1.4992830753326416, 6066.0
1.5027680397033691, 6078.0
1.5068690776824951, 6079.0
1.6391971111297607, 6106.0
3.8317301273345947, 6132.0
4.051714181900024, 6139.0
4.052728891372681, 6206.0
4.0780229568481445, 6248.0
9.464667081832886, 6289.0
9.68191909790039, 6342.0
9.705710887908936, 6366.0
9.717000961303711, 6497.0
12.00334119796753, 6502.0
12.00838303565979, 6578.0
12.055107831954956, 6645.0
12.080452919006348, 6717.0
12.082475185394287, 6718.0
12.878973960876465, 6721.0
12.889976978302002, 6722.0
13.002087116241455, 6741.0
13.094021081924438, 6763.0
13.125391960144043, 6820.0
13.132616996765137, 6863.0
13.206296920776367, 6873.0
13.222200870513916, 6897.0
13.25974988937378, 6963.0
14.000761985778809, 7039.0
14.059963941574097, 7062.0
14.65058422088623, 7154.0
14.715651988983154, 7155.0
14.759835004806519, 7178.0
14.946088075637817, 7190.0
14.953166961669922, 7191.0
14.957581043243408, 7192.0
17.183801889419556, 7221.0
