0.010025978088378906, 1287.0
0.01844310760498047, 1287.0
0.026854276657104492, 1287.0
0.03514695167541504, 1287.0
0.04362797737121582, 1287.0
0.051972150802612305, 1308.0
0.06064891815185547, 1342.0
0.06906294822692871, 1342.0
0.07769298553466797, 1359.0
0.08610010147094727, 1359.0
0.09470009803771973, 1359.0
0.10311508178710938, 1359.0
0.11161303520202637, 1360.0
0.12002110481262207, 1360.0
0.12846994400024414, 1360.0
0.13682007789611816, 1388.0
0.14537811279296875, 1388.0
0.15380311012268066, 1411.0
0.16239690780639648, 1411.0
0.17092108726501465, 1411.0
0.1795961856842041, 1411.0
0.18812012672424316, 1411.0
0.19681406021118164, 1412.0
0.20538592338562012, 1456.0
0.2141110897064209, 1487.0
0.22270798683166504, 1487.0
0.23142504692077637, 1487.0
0.24005985260009766, 1487.0
0.24875211715698242, 1487.0
0.25742483139038086, 1487.0
0.2661921977996826, 1487.0
0.27499914169311523, 1487.0
0.2837960720062256, 1487.0
0.2926509380340576, 1487.0
0.30150508880615234, 1487.0
0.3103921413421631, 1487.0
0.31905508041381836, 1487.0
0.3279271125793457, 1487.0
0.33664512634277344, 1487.0
0.34546709060668945, 1487.0
0.3541991710662842, 1487.0
0.3631019592285156, 1487.0
0.371812105178833, 1487.0
0.3805849552154541, 1487.0
0.3893759250640869, 1487.0
0.39826297760009766, 1487.0
0.4070260524749756, 1487.0
0.4158000946044922, 1487.0
0.4245419502258301, 1487.0
0.433258056640625, 1487.0
0.4420008659362793, 1487.0
0.45076704025268555, 1487.0
0.4594590663909912, 1487.0
0.46817994117736816, 1487.0
0.4770948886871338, 1487.0
0.4858241081237793, 1487.0
0.4946141242980957, 1487.0
0.503352165222168, 1487.0
0.5121181011199951, 1487.0
0.5208661556243896, 1487.0
0.5295970439910889, 1487.0
0.5383920669555664, 1487.0
0.5471858978271484, 1487.0
0.5559659004211426, 1487.0
0.5647540092468262, 1487.0
0.573620080947876, 1487.0
0.5824489593505859, 1487.0
0.5912661552429199, 1487.0
0.600059986114502, 1487.0
0.6088500022888184, 1487.0
0.6176252365112305, 1487.0
0.6263959407806396, 1487.0
0.6351869106292725, 1487.0
0.6439580917358398, 1487.0
0.6527559757232666, 1487.0
0.6615259647369385, 1487.0
0.670353889465332, 1487.0
0.6791732311248779, 1487.0
0.6879370212554932, 1487.0
0.6967549324035645, 1487.0
0.7055280208587646, 1487.0
0.714306116104126, 1487.0
0.723114013671875, 1487.0
0.7319259643554688, 1487.0
0.7407181262969971, 1487.0
0.749488115310669, 1487.0
0.7582859992980957, 1487.0
0.76708984375, 1487.0
0.7758631706237793, 1487.0
0.7846279144287109, 1487.0
0.7934122085571289, 1487.0
0.8021900653839111, 1487.0
0.8109719753265381, 1487.0
0.8197450637817383, 1487.0
0.8285181522369385, 1487.0
0.837327241897583, 1487.0
0.8460969924926758, 1487.0
0.854882001876831, 1487.0
0.8636500835418701, 1487.0
0.872420072555542, 1487.0
0.8812270164489746, 1487.0
0.8899991512298584, 1487.0
0.8988020420074463, 1487.0
0.9075870513916016, 1487.0
0.9163708686828613, 1487.0
0.9251489639282227, 1487.0
0.9339451789855957, 1487.0
0.9427001476287842, 1487.0
0.9514832496643066, 1487.0
0.960259199142456, 1487.0
0.969019889831543, 1487.0
0.9778120517730713, 1487.0
0.9866089820861816, 1487.0
0.9954891204833984, 1487.0
1.004331111907959, 1487.0
1.0132560729980469, 1487.0
1.022123098373413, 1487.0
1.030951976776123, 1487.0
1.0397429466247559, 1487.0
1.0485188961029053, 1487.0
1.0572679042816162, 1487.0
1.0660102367401123, 1487.0
1.0747690200805664, 1487.0
1.083536148071289, 1487.0
1.092336893081665, 1487.0
1.1011199951171875, 1487.0
1.1098871231079102, 1487.0
1.118657112121582, 1487.0
1.1274151802062988, 1487.0
1.136216163635254, 1487.0
1.145003080368042, 1487.0
1.1537630558013916, 1487.0
1.1625049114227295, 1487.0
1.171339988708496, 1487.0
1.180225133895874, 1487.0
1.1889972686767578, 1487.0
1.1977741718292236, 1487.0
1.2065670490264893, 1487.0
1.2153542041778564, 1487.0
1.2241311073303223, 1487.0
1.2329001426696777, 1487.0
1.2416870594024658, 1487.0
1.2506260871887207, 1487.0
1.259364128112793, 1487.0
1.268125057220459, 1487.0
1.2771270275115967, 1487.0
1.2859530448913574, 1487.0
1.294783115386963, 1487.0
1.3038721084594727, 1487.0
1.313086986541748, 1487.0
1.322331190109253, 1487.0
1.331139087677002, 1487.0
1.3399438858032227, 1487.0
1.3488481044769287, 1487.0
1.3576431274414062, 1487.0
1.3664278984069824, 1487.0
1.3751931190490723, 1487.0
1.383991003036499, 1487.0
1.3927412033081055, 1487.0
1.4015061855316162, 1487.0
1.4102871417999268, 1487.0
1.419050931930542, 1487.0
1.4278380870819092, 1487.0
1.4367461204528809, 1487.0
1.4456079006195068, 1487.0
1.4543750286102295, 1487.0
1.4631359577178955, 1487.0
1.4719009399414062, 1487.0
1.4806640148162842, 1487.0
1.4894249439239502, 1487.0
1.4981980323791504, 1487.0
1.5069680213928223, 1487.0
1.5157198905944824, 1487.0
1.5246961116790771, 1487.0
1.533508062362671, 1487.0
1.5423450469970703, 1487.0
1.5510990619659424, 1487.0
1.5598959922790527, 1487.0
1.5686500072479248, 1487.0
1.5780112743377686, 1487.0
1.5872719287872314, 1487.0
1.596229076385498, 1487.0
1.6051340103149414, 1487.0
1.6139440536499023, 1487.0
1.6226601600646973, 1487.0
1.6314082145690918, 1487.0
1.6401731967926025, 1487.0
1.648926019668579, 1487.0
1.6576809883117676, 1487.0
1.666445016860962, 1487.0
1.675201177597046, 1487.0
1.683967113494873, 1487.0
1.692845106124878, 1487.0
1.7016141414642334, 1487.0
1.7103700637817383, 1487.0
1.7194859981536865, 1487.0
1.728543996810913, 1487.0
1.7375988960266113, 1487.0
1.7466299533843994, 1487.0
1.7556569576263428, 1487.0
1.7646751403808594, 1487.0
