0.5329902172088623, 26208.0
0.9155771732330322, 26716.0
1.2871510982513428, 26716.0
1.657783031463623, 27034.0
2.0258021354675293, 27208.0
2.3994193077087402, 27320.0
2.785029172897339, 27641.0
3.1791090965270996, 27913.0
3.5585222244262695, 28110.0
3.934575080871582, 28730.0
4.316177129745483, 28730.0
4.691347360610962, 29145.0
5.0686352252960205, 29145.0
5.4560933113098145, 29145.0
5.834453105926514, 29393.0
6.216149091720581, 29393.0
6.610758304595947, 29838.0
7.0146002769470215, 30221.0
7.398131370544434, 30384.0
7.787154197692871, 30511.0
8.177422285079956, 30876.0
8.562633991241455, 30939.0
8.942256212234497, 30939.0
9.32010531425476, 31071.0
9.70535397529602, 31071.0
10.083624362945557, 31071.0
10.457085371017456, 31072.0
10.832805156707764, 31281.0
11.209435224533081, 31450.0
11.591894149780273, 31583.0
11.972809314727783, 31588.0
12.35668134689331, 31611.0
12.736171007156372, 31992.0
13.114321231842041, 31992.0
13.490178108215332, 31992.0
13.880314111709595, 32339.0
14.265161991119385, 32339.0
14.641425132751465, 32339.0
15.019678354263306, 32339.0
15.396444320678711, 32520.0
15.772286415100098, 32520.0
16.152671098709106, 32708.0
16.535892248153687, 32899.0
16.918941259384155, 33133.0
17.30073618888855, 33133.0
17.681575298309326, 33135.0
18.062928199768066, 33291.0
18.43990921974182, 33319.0
18.81735324859619, 33435.0
19.197163105010986, 33458.0
19.575427055358887, 33461.0
19.95298719406128, 33479.0
20.33067536354065, 33970.0
20.714059114456177, 33970.0
21.094845294952393, 34054.0
21.477978229522705, 34054.0
21.85893726348877, 34054.0
22.239549160003662, 34063.0
22.618674278259277, 34302.0
23.004137992858887, 34302.0
23.387980222702026, 34621.0
23.769323110580444, 34902.0
24.153131008148193, 34902.0
24.532748222351074, 34902.0
24.911785364151, 34902.0
25.29717516899109, 34902.0
25.67642331123352, 34902.0
26.05602216720581, 34902.0
26.44014835357666, 34952.0
26.823155403137207, 35147.0
27.205445289611816, 35187.0
27.588186264038086, 35187.0
27.973291158676147, 35233.0
28.356276988983154, 35233.0
28.739468097686768, 35560.0
29.12413740158081, 35560.0
29.511845111846924, 35598.0
29.89626717567444, 35680.0
30.283704042434692, 35680.0
30.668236017227173, 35694.0
31.05867910385132, 35694.0
31.444502115249634, 36143.0
31.83373522758484, 36143.0
32.22075009346008, 36143.0
32.60867929458618, 36143.0
32.99441409111023, 36159.0
33.38431215286255, 36159.0
33.76990103721619, 36159.0
34.15727615356445, 36395.0
34.545706033706665, 36395.0
34.93324518203735, 36395.0
35.3229501247406, 36668.0
35.71042203903198, 36668.0
36.09963130950928, 36668.0
36.484496116638184, 36668.0
36.87097716331482, 36762.0
37.26121926307678, 36762.0
37.648871183395386, 36762.0
38.033501386642456, 37140.0
38.42170429229736, 37140.0
38.80852031707764, 37140.0
39.195863246917725, 37140.0
39.58174800872803, 37318.0
39.9700882434845, 37318.0
40.35450720787048, 37318.0
40.73910307884216, 37318.0
41.12350416183472, 37318.0
41.510852098464966, 37318.0
41.90400409698486, 37318.0
42.29111337661743, 37346.0
42.677624225616455, 37473.0
43.06699800491333, 37501.0
43.456218242645264, 37501.0
43.84151816368103, 37625.0
44.2272572517395, 37625.0
44.616137981414795, 37810.0
45.00234007835388, 37810.0
45.389501333236694, 37810.0
45.77561020851135, 38023.0
46.16399621963501, 38023.0
46.55279898643494, 38023.0
46.938682317733765, 38023.0
47.32738924026489, 38023.0
47.71476936340332, 38071.0
48.1026611328125, 38071.0
48.490023374557495, 38402.0
48.88078212738037, 38402.0
49.271544218063354, 38402.0
49.66097116470337, 38495.0
50.04900312423706, 38495.0
50.43767237663269, 38495.0
50.83339715003967, 38495.0
51.221368074417114, 38503.0
51.61089611053467, 38503.0
51.998263120651245, 38503.0
52.38905334472656, 38503.0
52.776638984680176, 38741.0
53.166675329208374, 38741.0
53.55610132217407, 38839.0
53.948009967803955, 38839.0
54.336504220962524, 38839.0
54.72448205947876, 38839.0
55.11304235458374, 38839.0
55.507123947143555, 38839.0
55.89634823799133, 38839.0
56.28385519981384, 38839.0
56.67156624794006, 38952.0
57.05957818031311, 38952.0
57.45148015022278, 38952.0
57.84271216392517, 38952.0
58.23822617530823, 38952.0
58.62715697288513, 38952.0
59.01554012298584, 39182.0
59.405495166778564, 39182.0
59.80037522315979, 39308.0
60.19018316268921, 39312.0
60.58283019065857, 39312.0
60.971765995025635, 39312.0
61.3608512878418, 39312.0
61.752002239227295, 39312.0
62.14108324050903, 39312.0
62.532719135284424, 39362.0
62.92255616188049, 39362.0
63.31172823905945, 39362.0
63.702444076538086, 39362.0
64.09141135215759, 39362.0
64.48026919364929, 39362.0
64.87504005432129, 39362.0
65.26406025886536, 39362.0
65.65478610992432, 39370.0
66.04436206817627, 39370.0
66.43373227119446, 39529.0
66.82883930206299, 39529.0
67.22198224067688, 39529.0
67.61484122276306, 39583.0
68.00917506217957, 39583.0
68.4027681350708, 39583.0
68.79218316078186, 39665.0
69.18170619010925, 39665.0
69.57408308982849, 39665.0
69.9680712223053, 39665.0
70.35728120803833, 39665.0
70.75039529800415, 39720.0
71.14333009719849, 39720.0
71.53765606880188, 39798.0
71.92970705032349, 39798.0
72.31994533538818, 39798.0
72.71483707427979, 39798.0
73.10653519630432, 39798.0
73.50582242012024, 39798.0
73.8981020450592, 39919.0
74.29233002662659, 39919.0
74.68318724632263, 39919.0
75.07339811325073, 39919.0
75.46710300445557, 40206.0
75.86267328262329, 40206.0
76.25937628746033, 40206.0
76.65153312683105, 40206.0
77.04131412506104, 40206.0
77.43681716918945, 40206.0
77.83286499977112, 40206.0
