2.574920654296875e-05, 35.0
4.887580871582031e-05, 75.0
6.985664367675781e-05, 269.0
9.083747863769531e-05, 479.0
0.00019359588623046875, 639.0
0.0004596710205078125, 646.0
0.0005009174346923828, 743.0
0.0005629062652587891, 788.0
0.0016257762908935547, 857.0
0.0018548965454101562, 933.0
0.0019369125366210938, 959.0
0.0021219253540039062, 960.0
0.00325775146484375, 981.0
0.0039539337158203125, 999.0
0.004361867904663086, 1000.0
0.008682966232299805, 1119.0
0.009645700454711914, 1157.0
0.009788751602172852, 1217.0
0.010402679443359375, 1278.0
0.06270694732666016, 1288.0
0.06331801414489746, 1340.0
0.5870277881622314, 1391.0
0.5872209072113037, 1513.0
