0.5222330093383789, 37128.0
0.894956111907959, 40030.0
1.2652599811553955, 43535.0
1.6382441520690918, 44138.0
2.027198076248169, 48896.0
2.4024529457092285, 52989.0
2.778549909591675, 58840.0
3.152343988418579, 59833.0
3.543889045715332, 64191.0
3.934136152267456, 68609.0
4.313097953796387, 68914.0
4.699188232421875, 71971.0
5.088234186172485, 79940.0
5.468602180480957, 82181.0
5.844473123550415, 85658.0
6.220200061798096, 85658.0
6.597927093505859, 87666.0
6.97304105758667, 87666.0
7.350656032562256, 93452.0
7.732386112213135, 94392.0
8.109907150268555, 94392.0
8.486711978912354, 97042.0
8.864717960357666, 97296.0
9.244004011154175, 100258.0
9.624238967895508, 101537.0
10.004343032836914, 106551.0
10.384505987167358, 107392.0
10.76377010345459, 107392.0
11.144694089889526, 108754.0
11.526747226715088, 110144.0
11.90837812423706, 114323.0
12.289505004882812, 114909.0
12.670850992202759, 119163.0
13.052468299865723, 119163.0
13.438882112503052, 119163.0
13.821707010269165, 126036.0
14.205037117004395, 126036.0
14.588253259658813, 126036.0
14.971242904663086, 130142.0
15.359368085861206, 130679.0
15.744635105133057, 131265.0
16.128056049346924, 132905.0
16.51468515396118, 132905.0
16.9060640335083, 134493.0
17.29077124595642, 134493.0
17.68142604827881, 135851.0
18.075054168701172, 136936.0
18.4684841632843, 139022.0
18.8564350605011, 140350.0
19.244479179382324, 142795.0
19.638060092926025, 143515.0
20.03457498550415, 147369.0
20.42667508125305, 150413.0
20.814237117767334, 153591.0
21.2065372467041, 153591.0
21.603015184402466, 153953.0
21.99820303916931, 153953.0
22.38815402984619, 155616.0
22.782600164413452, 157035.0
23.172638177871704, 157035.0
23.563810110092163, 158371.0
23.96000623703003, 159744.0
24.35098695755005, 161096.0
24.74227499961853, 161096.0
25.13335919380188, 163694.0
25.524455070495605, 163694.0
25.924888134002686, 164522.0
26.321352243423462, 166085.0
26.71871304512024, 167867.0
27.11447310447693, 168488.0
27.51131010055542, 169351.0
27.90725803375244, 169524.0
28.30828309059143, 169524.0
28.70749831199646, 171562.0
29.105090141296387, 174840.0
29.50218105316162, 174840.0
29.901880025863647, 176048.0
30.299593210220337, 176048.0
30.698734998703003, 176048.0
31.096866130828857, 176048.0
31.495193004608154, 180927.0
31.894208908081055, 180927.0
32.292840242385864, 180927.0
32.69138312339783, 181984.0
33.090031147003174, 181984.0
33.487802028656006, 181984.0
33.893089056015015, 183056.0
34.29305100440979, 184267.0
34.69063115119934, 184267.0
35.09083414077759, 188217.0
35.49238109588623, 189628.0
35.89592504501343, 189710.0
36.295490026474, 191596.0
36.69736123085022, 191596.0
37.097919940948486, 193779.0
37.49776601791382, 193779.0
37.90026521682739, 193779.0
38.30467128753662, 194219.0
38.70692491531372, 194910.0
39.10906410217285, 198312.0
39.5130889415741, 198312.0
39.917665004730225, 198312.0
40.316787242889404, 198312.0
40.719008922576904, 198751.0
41.115358114242554, 199253.0
41.51132798194885, 199253.0
41.91489100456238, 199710.0
42.31911325454712, 200797.0
42.72360706329346, 204023.0
43.12563109397888, 204078.0
43.537514209747314, 204078.0
43.94306015968323, 204128.0
44.34895992279053, 204128.0
44.750466108322144, 204128.0
45.15458822250366, 204170.0
45.557865142822266, 205063.0
45.96396803855896, 207120.0
46.36828112602234, 207301.0
46.7742178440094, 210115.0
47.1834511756897, 210115.0
47.587966203689575, 210115.0
47.99749398231506, 210115.0
48.40859794616699, 212294.0
48.812167167663574, 213645.0
49.2229061126709, 213645.0
49.660897970199585, 213645.0
50.07035517692566, 213645.0
50.47882008552551, 213645.0
50.90630221366882, 213645.0
51.31338119506836, 215622.0
51.73924398422241, 217274.0
52.164069175720215, 218074.0
52.58492612838745, 218074.0
53.0114312171936, 218074.0
53.42750811576843, 218088.0
53.84745001792908, 219407.0
54.256240129470825, 219407.0
54.664828062057495, 219627.0
55.071691036224365, 219651.0
55.480633020401, 221376.0
55.89769911766052, 221376.0
56.318387269973755, 221376.0
56.7290940284729, 221376.0
57.14582109451294, 221555.0
57.55613994598389, 222321.0
57.96579122543335, 222321.0
58.37647199630737, 223305.0
58.796590089797974, 223864.0
59.221039056777954, 224140.0
59.63051891326904, 224140.0
60.04227805137634, 225264.0
60.45298910140991, 225265.0
60.86596918106079, 225265.0
61.27864694595337, 226072.0
61.69568610191345, 226677.0
62.10778212547302, 226677.0
62.52220606803894, 226717.0
62.93458914756775, 226717.0
63.34256601333618, 226717.0
63.749831199645996, 227933.0
64.1605339050293, 228168.0
64.57014799118042, 228168.0
64.98694610595703, 228168.0
65.40052127838135, 228317.0
65.81304597854614, 229094.0
66.22277498245239, 229532.0
66.63237285614014, 230644.0
67.04106116294861, 230644.0
67.45029497146606, 231304.0
67.85788202285767, 231372.0
68.27076697349548, 231372.0
68.68053388595581, 231372.0
69.09036302566528, 231372.0
69.50235104560852, 231731.0
69.91203022003174, 231731.0
70.31986093521118, 231731.0
70.72901701927185, 233428.0
71.13747024536133, 234219.0
71.54789304733276, 234857.0
71.96350407600403, 234857.0
72.37248826026917, 234857.0
72.78267312049866, 234857.0
73.1907250881195, 235000.0
73.60131812095642, 235000.0
74.01044702529907, 235221.0
74.42830729484558, 235517.0
74.84416007995605, 237234.0
75.26389813423157, 237234.0
75.6873550415039, 237234.0
76.10243391990662, 237234.0
76.51482009887695, 237234.0
76.92382717132568, 237234.0
77.34060311317444, 237234.0
77.75454998016357, 238263.0
78.168466091156, 238263.0
78.57797718048096, 238790.0
78.98658514022827, 238790.0
79.39420104026794, 238790.0
79.8035261631012, 238790.0
80.21383213996887, 239413.0
80.6234679222107, 239413.0
