0.000982046127319336, 576.0
0.001970052719116211, 642.0
0.002950906753540039, 1194.0
0.0039958953857421875, 1371.0
0.005079984664916992, 1822.0
0.0060749053955078125, 2001.0
0.0070438385009765625, 2900.0
0.00801706314086914, 3216.0
0.008991003036499023, 4075.0
0.009959936141967773, 4556.0
0.010927915573120117, 4738.0
0.011919021606445312, 5472.0
0.012964963912963867, 5533.0
0.013962984085083008, 6070.0
0.014929056167602539, 6198.0
0.01590895652770996, 6645.0
0.01687312126159668, 6680.0
0.017843008041381836, 7318.0
0.018815040588378906, 8305.0
0.019778966903686523, 8600.0
0.020778179168701172, 9589.0
0.021748065948486328, 10513.0
0.022715091705322266, 11041.0
0.023684978485107422, 11846.0
0.024652957916259766, 11914.0
0.02561807632446289, 12050.0
0.026586055755615234, 12684.0
0.027554988861083984, 12770.0
0.028522014617919922, 13158.0
0.029526948928833008, 13903.0
0.030497074127197266, 14142.0
0.031478166580200195, 14730.0
0.03244805335998535, 15071.0
0.03341817855834961, 15874.0
0.03438401222229004, 16277.0
0.03535795211791992, 16543.0
0.03635215759277344, 16692.0
0.03738093376159668, 17322.0
0.03839588165283203, 17797.0
0.03937196731567383, 18647.0
0.04034113883972168, 18679.0
0.04131007194519043, 19648.0
0.04229307174682617, 19760.0
0.04327201843261719, 20204.0
0.04425406455993652, 20930.0
0.045226097106933594, 21181.0
0.046195030212402344, 21778.0
0.0471649169921875, 22129.0
0.04814600944519043, 22348.0
0.04911303520202637, 23163.0
0.05007600784301758, 24047.0
0.051048994064331055, 24566.0
0.05201292037963867, 24805.0
0.05963397026062012, 24844.0
0.06060194969177246, 25569.0
0.07011604309082031, 26556.0
0.10805702209472656, 26986.0
0.13168907165527344, 27971.0
0.1582319736480713, 28847.0
0.1705617904663086, 29071.0
0.213303804397583, 29174.0
0.29364800453186035, 29755.0
0.2955658435821533, 30665.0
0.29842400550842285, 31234.0
0.30521297454833984, 31375.0
0.31566905975341797, 32024.0
0.33750414848327637, 32640.0
0.4964759349822998, 32811.0
0.4974391460418701, 33452.0
0.49935388565063477, 33750.0
0.5458190441131592, 33876.0
0.9672799110412598, 34652.0
0.9701590538024902, 34749.0
0.9799048900604248, 34815.0
0.9809517860412598, 35147.0
0.9819788932800293, 35480.0
1.2331480979919434, 36167.0
1.239866018295288, 37081.0
1.2484660148620605, 37783.0
1.2781457901000977, 37909.0
1.2801051139831543, 38622.0
1.3199939727783203, 39179.0
1.3611979484558105, 39235.0
1.362226963043213, 39291.0
1.3651039600372314, 39943.0
1.4101059436798096, 40073.0
1.4139699935913086, 40651.0
1.4848411083221436, 41014.0
1.532701015472412, 41756.0
1.5461020469665527, 42488.0
1.574657917022705, 42680.0
1.5784659385681152, 43444.0
1.5889689922332764, 44350.0
1.6004278659820557, 44359.0
1.7301819324493408, 44643.0
1.737835168838501, 45313.0
1.7903950214385986, 45895.0
1.9344401359558105, 46627.0
1.9638159275054932, 46960.0
1.9780700206756592, 47545.0
1.9827909469604492, 48315.0
2.028326988220215, 48554.0
2.031179189682007, 48984.0
2.42154598236084, 49584.0
2.4432060718536377, 50263.0
2.4469919204711914, 50976.0
2.4959349632263184, 50982.0
2.528876781463623, 51841.0
2.6173369884490967, 52010.0
2.803630828857422, 52530.0
2.87539005279541, 52621.0
2.8791699409484863, 53479.0
2.882017135620117, 53821.0
2.9177749156951904, 54378.0
3.0111260414123535, 55038.0
3.0802500247955322, 55310.0
3.0970020294189453, 55468.0
3.1284170150756836, 56198.0
3.138253927230835, 57152.0
3.142219066619873, 57936.0
3.143218994140625, 58354.0
3.356868028640747, 58384.0
3.403993844985962, 58737.0
3.4641711711883545, 59333.0
3.4701058864593506, 59995.0
3.5171830654144287, 60012.0
3.61442494392395, 60701.0
3.6682169437408447, 60792.0
3.6701860427856445, 61694.0
3.6799349784851074, 62368.0
3.7875421047210693, 62568.0
5.015523910522461, 62942.0
5.200932025909424, 63266.0
5.258012056350708, 63501.0
5.300053119659424, 63650.0
5.306192874908447, 64448.0
5.398101091384888, 64844.0
5.399118900299072, 65126.0
5.467005968093872, 65689.0
5.4819769859313965, 65732.0
5.484992027282715, 65965.0
5.501174211502075, 66333.0
5.601522922515869, 66348.0
5.604601860046387, 67088.0
5.700613021850586, 67544.0
5.705647945404053, 67791.0
5.708786964416504, 68232.0
5.720633029937744, 68249.0
5.758213043212891, 68254.0
5.769105911254883, 68412.0
6.008399963378906, 68675.0
6.020481824874878, 68842.0
6.028573989868164, 69730.0
6.120836019515991, 70143.0
6.1568920612335205, 70827.0
6.198919057846069, 70830.0
6.220249891281128, 70851.0
6.2960779666900635, 71563.0
6.369050025939941, 71613.0
6.370099067687988, 72406.0
6.385918140411377, 73317.0
6.4140870571136475, 73484.0
6.428705930709839, 73540.0
6.532347917556763, 73680.0
6.581056118011475, 73705.0
6.699965000152588, 73735.0
6.767723083496094, 73958.0
6.832381010055542, 74179.0
6.8343260288238525, 74438.0
6.837260961532593, 74511.0
6.845995903015137, 75075.0
6.848919868469238, 75728.0
6.863690137863159, 76318.0
6.8878700733184814, 76607.0
6.896649122238159, 77007.0
6.90543007850647, 77275.0
6.933695077896118, 78236.0
6.949321031570435, 79133.0
6.953216791152954, 79774.0
7.026145935058594, 79846.0
7.053269147872925, 80404.0
7.06401801109314, 80877.0
7.0679121017456055, 81788.0
7.419891119003296, 82554.0
7.891474008560181, 83097.0
7.90221905708313, 83418.0
7.9080810546875, 83569.0
8.149461030960083, 83616.0
8.201401948928833, 83665.0
8.283174991607666, 83850.0
8.304701089859009, 84706.0
8.311491966247559, 84987.0
8.338715076446533, 85193.0
8.603782892227173, 85255.0
8.610553979873657, 85818.0
8.61447787284851, 86694.0
8.635699033737183, 87383.0
8.753736019134521, 87466.0
8.775984048843384, 88260.0
8.782824993133545, 89090.0
8.788643836975098, 89678.0
8.798318862915039, 90635.0
8.826560020446777, 90812.0
8.829478979110718, 90871.0
8.830461978912354, 91686.0
8.832422018051147, 92385.0
8.877835988998413, 93267.0
8.899111032485962, 93876.0
9.652945041656494, 94141.0
9.653931856155396, 94158.0
9.672335863113403, 94957.0
9.723870992660522, 94971.0
9.808343887329102, 95073.0
9.817057132720947, 95590.0
9.874900102615356, 96505.0
9.972365856170654, 96665.0
9.98892092704773, 97249.0
10.01714015007019, 97253.0
10.040304899215698, 97777.0
10.461201906204224, 98070.0
10.502582788467407, 98325.0
10.506456851959229, 98934.0
10.53154993057251, 99087.0
10.712395191192627, 99742.0
10.720118045806885, 100040.0
10.721100807189941, 100161.0
10.752110004425049, 101080.0
11.361341953277588, 101808.0
11.443456888198853, 102550.0
11.456318140029907, 103509.0
11.606941938400269, 103897.0
11.607950925827026, 104765.0
11.616751909255981, 105689.0
11.63533902168274, 106246.0
11.999681949615479, 106876.0
12.009516954421997, 107002.0
12.025154829025269, 107502.0
12.09913682937622, 107803.0
12.112782001495361, 108133.0
12.119621992111206, 108861.0
12.13618278503418, 109307.0
12.707427024841309, 109325.0
12.749754905700684, 109714.0
12.851311922073364, 110059.0
12.857122898101807, 110819.0
12.936316013336182, 111223.0
12.944086074829102, 111514.0
12.959488868713379, 111939.0
12.993170976638794, 112846.0
12.994148015975952, 113737.0
12.998043060302734, 114473.0
13.002902030944824, 114911.0
13.058060884475708, 115046.0
13.064806938171387, 115591.0
13.069665908813477, 116193.0
13.120025873184204, 116381.0
13.183647155761719, 117146.0
13.184619188308716, 117263.0
13.1856050491333, 117745.0
14.053822994232178, 117802.0
14.10648798942566, 117827.0
14.156333923339844, 118169.0
15.546180963516235, 118449.0
15.549072027206421, 119252.0
18.899852991104126, 119402.0
18.905603885650635, 120313.0
18.917118072509766, 120321.0
18.964001178741455, 120589.0
19.001626014709473, 120943.0
19.00738215446472, 121862.0
19.65167498588562, 122350.0
19.653661012649536, 123008.0
19.715285062789917, 123173.0
19.738099098205566, 123735.0
19.772894144058228, 124168.0
19.777867078781128, 124271.0
19.786777019500732, 124480.0
19.818619966506958, 124751.0
19.830575942993164, 125399.0
19.90016794204712, 125620.0
20.19288396835327, 125636.0
20.201680898666382, 125686.0
20.24169611930847, 126408.0
20.25150489807129, 127236.0
20.259335041046143, 127699.0
20.262278079986572, 128241.0
20.263269901275635, 128545.0
20.264262914657593, 128580.0
20.266223907470703, 129494.0
20.511476039886475, 129547.0
20.529953956604004, 130386.0
20.560126066207886, 130994.0
20.570847034454346, 131955.0
20.571836948394775, 132241.0
20.580598831176758, 132713.0
20.58743405342102, 133572.0
20.630362033843994, 133799.0
20.678065061569214, 134108.0
25.486690998077393, 134114.0
25.49246597290039, 134168.0
25.552967071533203, 135056.0
25.566431045532227, 135412.0
25.69230079650879, 135816.0
25.70001482963562, 136098.0
25.706773042678833, 136528.0
25.721224069595337, 136570.0
25.73944616317749, 136952.0
26.614032983779907, 136993.0
26.615970849990845, 137634.0
26.621742010116577, 138166.0
26.627516984939575, 138336.0
26.63518190383911, 138954.0
26.645738124847412, 139076.0
26.69084405899048, 139532.0
26.760862112045288, 140086.0
26.88993501663208, 140172.0
26.90709686279297, 140207.0
27.12720799446106, 140728.0
27.179122924804688, 140930.0
27.369398832321167, 141392.0
27.396338939666748, 141724.0
27.409827947616577, 141821.0
27.453566074371338, 141977.0
27.491171836853027, 142388.0
27.51707100868225, 142713.0
27.524757146835327, 142759.0
27.533411979675293, 143236.0
27.582396030426025, 143394.0
28.236034870147705, 143719.0
28.277323961257935, 144240.0
28.29078698158264, 144926.0
28.3265860080719, 145311.0
28.381518840789795, 145324.0
28.42004108428955, 146000.0
28.51507806777954, 146530.0
28.549670934677124, 146673.0
28.60433292388916, 147045.0
28.637974977493286, 147814.0
28.868200063705444, 148026.0
28.885524034500122, 148315.0
28.889387130737305, 148533.0
28.89709997177124, 149488.0
28.926991939544678, 149579.0
28.9289391040802, 149648.0
28.9299259185791, 149770.0
28.950080156326294, 150032.0
28.961621046066284, 150195.0
29.26590919494629, 150365.0
29.298471927642822, 151238.0
29.60620403289795, 151280.0
29.655816078186035, 151333.0
29.65879511833191, 151654.0
29.688353061676025, 151734.0
29.698238134384155, 152163.0
29.724842071533203, 152532.0
29.725844144821167, 152824.0
29.782028913497925, 153507.0
29.787917852401733, 153822.0
29.793859004974365, 154432.0
29.927122116088867, 154743.0
29.931067943572998, 155287.0
29.984019994735718, 155356.0
29.98794412612915, 155961.0
30.72742199897766, 156233.0
30.741004943847656, 157144.0
30.74296998977661, 157205.0
30.759443998336792, 157831.0
31.633328914642334, 158160.0
31.646900177001953, 158227.0
31.653679847717285, 158861.0
31.960795879364014, 159330.0
32.454670906066895, 159406.0
32.469598054885864, 160073.0
32.49051809310913, 160667.0
32.582911014556885, 161064.0
32.64426398277283, 161950.0
32.67188382148743, 162441.0
32.68171000480652, 163010.0
32.68762993812561, 163568.0
32.7053918838501, 164482.0
32.76919198036194, 164951.0
32.91340398788452, 165704.0
32.91829800605774, 165716.0
33.281875133514404, 166181.0
33.29559803009033, 166621.0
33.312413930892944, 166750.0
33.58801794052124, 166868.0
34.61088180541992, 167498.0
35.07837700843811, 167532.0
35.110251903533936, 168529.0
37.006223917007446, 168864.0
37.20899701118469, 169288.0
37.257673025131226, 169771.0
37.31339979171753, 170245.0
37.35826110839844, 171009.0
37.365097999572754, 171201.0
37.46064591407776, 171291.0
37.480138063430786, 171791.0
39.4831759929657, 171884.0
39.48515486717224, 172284.0
39.52104902267456, 172502.0
39.650009870529175, 172690.0
39.6864070892334, 173447.0
40.359798192977905, 173532.0
40.38413977622986, 174199.0
40.418277978897095, 174756.0
40.44060492515564, 174865.0
40.46100306510925, 175015.0
40.46491289138794, 175926.0
40.46881914138794, 176551.0
40.69102501869202, 177202.0
40.96332502365112, 177796.0
40.98940300941467, 178444.0
40.999078035354614, 178514.0
41.01554012298584, 179227.0
41.02523612976074, 179744.0
41.173099756240845, 179939.0
41.21954584121704, 179990.0
41.26300287246704, 180137.0
41.6019721031189, 180160.0
41.653026819229126, 180728.0
41.67132902145386, 180973.0
41.682003021240234, 181035.0
41.80520510673523, 181189.0
41.812029123306274, 182119.0
41.839118003845215, 182181.0
41.93104791641235, 182240.0
42.00687384605408, 182311.0
42.10637092590332, 182315.0
42.12739014625549, 183235.0
42.13409113883972, 183319.0
42.137934923172, 184274.0
47.053349018096924, 184376.0
47.0677809715271, 184460.0
47.12937784194946, 185342.0
47.173675775527954, 185735.0
47.36211895942688, 185887.0
47.46161913871765, 186066.0
47.50457787513733, 186762.0
47.52263307571411, 187247.0
47.66604995727539, 187526.0
47.67746686935425, 187553.0
47.7126190662384, 188179.0
47.73445415496826, 188679.0
47.74882793426514, 189304.0
47.76591396331787, 190096.0
47.985515117645264, 190101.0
48.52993178367615, 190354.0
48.60244703292847, 190600.0
48.6917290687561, 190611.0
48.77251696586609, 191252.0
48.814574003219604, 191484.0
48.97891688346863, 191658.0
49.009109020233154, 191795.0
49.01298689842224, 191879.0
49.028465032577515, 192424.0
49.12395405769348, 192692.0
49.184107065200806, 192695.0
49.259658098220825, 193057.0
49.365580797195435, 193747.0
49.64707803726196, 193857.0
50.00224280357361, 194064.0
50.05999803543091, 194702.0
50.264322996139526, 195142.0
50.347432136535645, 195177.0
50.64973592758179, 195448.0
50.91701579093933, 195544.0
50.91894507408142, 195865.0
51.06853008270264, 196111.0
51.176705837249756, 197070.0
51.24394392967224, 197494.0
51.86532998085022, 197760.0
51.877931118011475, 197810.0
52.12431001663208, 198010.0
52.24836587905884, 198182.0
52.25538110733032, 198187.0
52.55539894104004, 198208.0
52.58066201210022, 198710.0
52.60295009613037, 199085.0
53.35226392745972, 199631.0
53.87419891357422, 199798.0
54.29661297798157, 200175.0
54.32664394378662, 200903.0
54.34747290611267, 201466.0
54.486385107040405, 202130.0
54.92764496803284, 202866.0
55.19781494140625, 202901.0
59.55142903327942, 203280.0
59.703859090805054, 203283.0
60.21289300918579, 203409.0
60.82243585586548, 203600.0
60.89676880836487, 203603.0
61.423367977142334, 203654.0
61.945261001586914, 203823.0
