0.019326210021972656, 1331.0
0.035511016845703125, 1331.0
0.05149412155151367, 1331.0
0.06706094741821289, 1333.0
0.08271217346191406, 1333.0
0.09847021102905273, 1346.0
0.1142263412475586, 1375.0
0.12997817993164062, 1412.0
0.1457681655883789, 1427.0
0.16161322593688965, 1500.0
0.17755413055419922, 1500.0
0.19344711303710938, 1500.0
0.20962309837341309, 1503.0
0.2265002727508545, 1536.0
0.24312615394592285, 1536.0
0.25951719284057617, 1536.0
0.2760622501373291, 1574.0
0.2923572063446045, 1574.0
0.3087899684906006, 1575.0
0.32480716705322266, 1576.0
0.34060120582580566, 1576.0
0.3564469814300537, 1576.0
0.37232017517089844, 1576.0
0.3881499767303467, 1576.0
0.40389013290405273, 1576.0
0.41963911056518555, 1576.0
0.43537211418151855, 1576.0
0.45105934143066406, 1576.0
0.4668159484863281, 1576.0
0.48252010345458984, 1576.0
0.4982180595397949, 1576.0
0.5139110088348389, 1576.0
0.5296270847320557, 1576.0
0.5453503131866455, 1576.0
0.5610702037811279, 1576.0
0.5767800807952881, 1576.0
0.5925421714782715, 1576.0
0.6086499691009521, 1576.0
0.6251571178436279, 1576.0
0.6410970687866211, 1576.0
0.6568739414215088, 1576.0
0.6726231575012207, 1576.0
0.688392162322998, 1576.0
0.704132080078125, 1576.0
0.7200582027435303, 1576.0
0.73580002784729, 1576.0
0.7515392303466797, 1576.0
0.7672293186187744, 1576.0
0.7829511165618896, 1576.0
0.7986781597137451, 1576.0
0.8143842220306396, 1576.0
0.8301723003387451, 1576.0
0.8460400104522705, 1576.0
0.8616712093353271, 1576.0
0.8773941993713379, 1576.0
0.8930432796478271, 1576.0
0.9087221622467041, 1576.0
0.9243361949920654, 1576.0
0.9401662349700928, 1576.0
0.9558851718902588, 1576.0
0.9721322059631348, 1576.0
0.988091230392456, 1576.0
1.0042481422424316, 1576.0
1.0203111171722412, 1576.0
1.0364432334899902, 1576.0
1.0523719787597656, 1576.0
1.0685081481933594, 1576.0
1.084489107131958, 1576.0
1.1006240844726562, 1576.0
1.1170811653137207, 1576.0
1.133758306503296, 1576.0
1.1504671573638916, 1576.0
1.1669111251831055, 1576.0
1.1828479766845703, 1576.0
1.1988921165466309, 1576.0
1.2151103019714355, 1576.0
1.2311370372772217, 1576.0
1.2470791339874268, 1576.0
1.2631721496582031, 1576.0
1.2791380882263184, 1576.0
1.295159101486206, 1576.0
1.3112401962280273, 1576.0
1.32741117477417, 1576.0
1.3438241481781006, 1576.0
1.3601672649383545, 1576.0
1.376439094543457, 1576.0
1.3928141593933105, 1576.0
1.4091510772705078, 1576.0
1.4256970882415771, 1576.0
1.442129135131836, 1576.0
1.4586513042449951, 1576.0
1.4744923114776611, 1576.0
1.490239143371582, 1576.0
1.5059611797332764, 1576.0
1.5217092037200928, 1576.0
1.537410020828247, 1576.0
1.5531651973724365, 1576.0
1.5689170360565186, 1576.0
1.584671974182129, 1576.0
1.6004102230072021, 1576.0
1.6161351203918457, 1576.0
1.6318702697753906, 1576.0
1.647569179534912, 1576.0
1.6633021831512451, 1576.0
1.6790542602539062, 1576.0
1.6947550773620605, 1576.0
1.7104723453521729, 1576.0
1.7261743545532227, 1576.0
1.7418501377105713, 1576.0
1.7575900554656982, 1576.0
1.773292064666748, 1576.0
1.7890009880065918, 1576.0
1.8049330711364746, 1576.0
1.820707082748413, 1576.0
1.8364360332489014, 1576.0
1.8521320819854736, 1576.0
1.8678929805755615, 1576.0
1.883582353591919, 1576.0
1.8992440700531006, 1576.0
1.9150071144104004, 1576.0
1.9307351112365723, 1576.0
1.9464430809020996, 1576.0
1.962184190750122, 1576.0
1.9778811931610107, 1576.0
1.9935381412506104, 1576.0
2.009207010269165, 1576.0
2.025002956390381, 1576.0
2.0407543182373047, 1576.0
2.0565240383148193, 1576.0
2.0721800327301025, 1576.0
2.0878772735595703, 1576.0
2.1035830974578857, 1576.0
2.1192851066589355, 1576.0
2.1351470947265625, 1576.0
2.1508750915527344, 1576.0
2.1665940284729004, 1576.0
2.182312250137329, 1576.0
2.1979620456695557, 1576.0
2.214053153991699, 1576.0
2.2300400733947754, 1576.0
2.245755195617676, 1576.0
2.2614471912384033, 1576.0
2.27710223197937, 1576.0
2.2928221225738525, 1576.0
2.308507204055786, 1576.0
2.324334144592285, 1576.0
2.3400681018829346, 1576.0
2.3557472229003906, 1576.0
2.371579170227051, 1576.0
2.3874101638793945, 1576.0
2.403104066848755, 1576.0
2.4187803268432617, 1576.0
2.43449330329895, 1576.0
2.4501900672912598, 1576.0
2.4662251472473145, 1576.0
2.4828901290893555, 1576.0
2.4996562004089355, 1576.0
2.5159502029418945, 1576.0
2.5321850776672363, 1576.0
2.548318386077881, 1576.0
2.564420223236084, 1576.0
2.580601215362549, 1576.0
2.596735954284668, 1576.0
2.6129672527313232, 1576.0
2.629756212234497, 1576.0
2.6464991569519043, 1576.0
2.663267135620117, 1576.0
2.680119037628174, 1576.0
2.696230173110962, 1576.0
2.712313175201416, 1576.0
2.728414297103882, 1576.0
2.744478225708008, 1576.0
2.760552167892456, 1576.0
2.776613235473633, 1576.0
2.792710304260254, 1576.0
2.8087453842163086, 1576.0
2.824831962585449, 1576.0
2.8409910202026367, 1576.0
2.8571043014526367, 1576.0
2.873440980911255, 1576.0
2.889759063720703, 1576.0
2.906142234802246, 1576.0
2.9225683212280273, 1576.0
2.93888521194458, 1576.0
2.955310106277466, 1576.0
2.9720821380615234, 1576.0
2.9882161617279053, 1576.0
3.003939151763916, 1576.0
3.019679069519043, 1576.0
3.035396099090576, 1576.0
3.0511271953582764, 1576.0
3.066906213760376, 1576.0
3.0826072692871094, 1576.0
3.098316192626953, 1576.0
3.114535331726074, 1576.0
3.131495237350464, 1576.0
3.147618055343628, 1576.0
3.163382053375244, 1576.0
3.179159164428711, 1576.0
3.1948931217193604, 1576.0
3.211151123046875, 1576.0
