0.0004100799560546875, 485.0
0.0008120536804199219, 800.0
0.0012149810791015625, 1167.0
0.0016150474548339844, 1268.0
0.0020170211791992188, 1592.0
0.0024187564849853516, 2256.0
0.0028221607208251953, 3058.0
0.003222942352294922, 4057.0
0.0036230087280273438, 4177.0
0.004024982452392578, 4974.0
0.004426002502441406, 5799.0
0.004837989807128906, 6873.0
0.005238056182861328, 7275.0
0.005646944046020508, 8257.0
0.006047964096069336, 8462.0
0.006464958190917969, 9496.0
0.006897926330566406, 9767.0
0.007311105728149414, 9884.0
0.007719755172729492, 10971.0
0.008147954940795898, 11341.0
0.009351015090942383, 11543.0
0.009752988815307617, 11903.0
0.013728857040405273, 12048.0
0.016893863677978516, 12195.0
0.01928400993347168, 12296.0
0.037882089614868164, 12376.0
0.04501008987426758, 12484.0
0.05451703071594238, 12594.0
0.056532859802246094, 12711.0
0.06010794639587402, 12819.0
0.06897187232971191, 12890.0
0.0722038745880127, 13025.0
0.08343100547790527, 13144.0
0.08819198608398438, 13270.0
0.09139204025268555, 13389.0
0.1105198860168457, 13510.0
0.1335139274597168, 13589.0
0.1465761661529541, 13705.0
0.2286088466644287, 13813.0
0.28437185287475586, 13925.0
0.2847740650177002, 14102.0
0.3074040412902832, 14205.0
0.315335750579834, 14311.0
0.3252899646759033, 14414.0
0.3332099914550781, 14432.0
0.337568998336792, 14480.0
0.3557701110839844, 14600.0
0.39064788818359375, 14622.0
0.3953897953033447, 14772.0
0.4005250930786133, 14914.0
0.4139540195465088, 14947.0
0.4182760715484619, 14955.0
0.4371790885925293, 15104.0
0.47014689445495605, 15169.0
0.4846460819244385, 15205.0
0.5630340576171875, 15298.0
0.5933511257171631, 15301.0
0.6019980907440186, 15315.0
0.671302080154419, 15416.0
0.7107141017913818, 15516.0
0.7292399406433105, 15603.0
0.7552900314331055, 15816.0
0.7935400009155273, 15852.0
0.794727087020874, 15990.0
0.8006460666656494, 16109.0
0.8061738014221191, 16115.0
0.813269853591919, 16190.0
0.8360779285430908, 16211.0
0.8408050537109375, 16306.0
0.8605458736419678, 16411.0
0.868643045425415, 16514.0
1.0595440864562988, 16707.0
1.0724589824676514, 16760.0
1.0732500553131104, 16873.0
1.0862178802490234, 17008.0
1.1004300117492676, 17081.0
1.1228749752044678, 17085.0
1.126429796218872, 17195.0
1.1488549709320068, 17304.0
1.1512658596038818, 17319.0
1.2412960529327393, 17433.0
1.253115177154541, 17478.0
1.2546958923339844, 17619.0
1.383599042892456, 17642.0
1.4415810108184814, 17702.0
1.4745910167694092, 17789.0
1.4758241176605225, 17934.0
1.4786789417266846, 18095.0
1.4799180030822754, 18211.0
1.4957938194274902, 18316.0
1.896409034729004, 18407.0
1.9125518798828125, 18486.0
1.9574368000030518, 18562.0
1.9590671062469482, 18671.0
1.9594788551330566, 18799.0
1.9724678993225098, 18816.0
3.4839649200439453, 18908.0
3.7396368980407715, 18914.0
3.755280017852783, 18941.0
3.7576828002929688, 19127.0
3.7648561000823975, 19219.0
3.812678098678589, 19317.0
3.9252750873565674, 19403.0
3.9296770095825195, 19516.0
4.023212909698486, 19563.0
4.035737037658691, 19605.0
4.11899995803833, 19717.0
4.139446020126343, 19804.0
4.1426990032196045, 19805.0
4.163099050521851, 19919.0
4.913912057876587, 20069.0
4.915118932723999, 20172.0
5.541916847229004, 20215.0
5.7660980224609375, 20319.0
5.837815999984741, 20373.0
5.846012115478516, 20514.0
5.867203950881958, 20610.0
5.893115997314453, 20698.0
5.911375045776367, 20796.0
6.048452138900757, 20797.0
6.057435035705566, 20902.0
8.080395936965942, 20977.0
8.08318305015564, 21103.0
8.09945297241211, 21118.0
8.130744934082031, 21211.0
8.139110088348389, 21215.0
8.417558908462524, 21217.0
8.488571166992188, 21315.0
8.517216920852661, 21372.0
8.525943040847778, 21496.0
8.572622060775757, 21587.0
8.64598798751831, 21591.0
8.668231964111328, 21712.0
8.728471040725708, 21785.0
8.745121002197266, 21859.0
11.656092882156372, 21913.0
16.61350703239441, 22010.0
16.663002014160156, 22014.0
16.7228000164032, 22072.0
16.75479292869568, 22094.0
16.808187007904053, 22166.0
16.822659015655518, 22265.0
16.838305950164795, 22297.0
16.84325385093689, 22413.0
23.097187995910645, 22415.0
23.134963989257812, 22516.0
25.008975982666016, 22517.0
25.043751001358032, 22592.0
25.421838998794556, 22694.0
25.478132009506226, 22812.0
26.08809208869934, 22915.0
27.64177703857422, 23016.0
