0.00021195411682128906, 627.0
0.0004200935363769531, 1467.0
0.0006279945373535156, 2158.0
0.0008339881896972656, 3160.0
0.0010418891906738281, 3828.0
0.001249074935913086, 4841.0
0.0014562606811523438, 5279.0
0.0016629695892333984, 5709.0
0.0026869773864746094, 5890.0
0.015239953994750977, 5942.0
0.015867948532104492, 6051.0
0.018934965133666992, 6170.0
0.02548813819885254, 6290.0
0.034713029861450195, 6316.0
0.03492093086242676, 6476.0
0.036566972732543945, 6579.0
0.045577049255371094, 6678.0
0.061009883880615234, 6787.0
0.06535506248474121, 6990.0
0.07930803298950195, 7090.0
0.09172916412353516, 7177.0
0.09500598907470703, 7241.0
0.10760807991027832, 7378.0
0.1460740566253662, 7389.0
0.15161705017089844, 7469.0
0.1801290512084961, 7561.0
0.18033504486083984, 7687.0
0.18766307830810547, 7790.0
0.19578814506530762, 7911.0
0.19741201400756836, 7976.0
0.21886992454528809, 8052.0
0.22069406509399414, 8181.0
0.23632216453552246, 8195.0
0.24017691612243652, 8347.0
0.24767208099365234, 8463.0
0.25273609161376953, 8579.0
0.25965213775634766, 8733.0
0.2661170959472656, 8741.0
0.26693105697631836, 8890.0
0.29506516456604004, 8965.0
0.31070685386657715, 8973.0
0.31823015213012695, 9031.0
0.31884002685546875, 9174.0
0.32169127464294434, 9267.0
0.4203519821166992, 9271.0
0.44484615325927734, 9369.0
0.4456660747528076, 9474.0
0.4595639705657959, 9531.0
0.4766080379486084, 9582.0
0.48435497283935547, 9583.0
0.4930579662322998, 9661.0
0.4948921203613281, 9765.0
0.49652099609375, 9800.0
0.698552131652832, 9885.0
0.706279993057251, 9990.0
0.7198951244354248, 10083.0
0.7320740222930908, 10172.0
0.7416751384735107, 10185.0
0.7445220947265625, 10289.0
0.7833840847015381, 10290.0
0.8904492855072021, 10386.0
1.2101900577545166, 10457.0
1.212188959121704, 10562.0
1.2706360816955566, 10602.0
1.2730228900909424, 10783.0
1.3410849571228027, 10872.0
1.3484621047973633, 10879.0
1.369844913482666, 10889.0
1.4456260204315186, 10984.0
1.4510221481323242, 11077.0
9.537211179733276, 11083.0
9.577831029891968, 11172.0
9.578658103942871, 11189.0
11.683131217956543, 11278.0
13.14821720123291, 11286.0
