0.20145487785339355, 13419.0
0.35128092765808105, 13601.0
0.5019221305847168, 13804.0
0.6524958610534668, 14105.0
0.8050930500030518, 14812.0
0.9566652774810791, 14998.0
1.109429121017456, 15213.0
1.262671947479248, 15785.0
1.4150621891021729, 15828.0
1.5677330493927002, 16012.0
1.7208609580993652, 16307.0
1.8743541240692139, 17009.0
2.0280580520629883, 17303.0
2.1823220252990723, 17303.0
2.3365840911865234, 17551.0
2.4913201332092285, 18193.0
2.6463370323181152, 18193.0
2.8018510341644287, 18193.0
2.9588890075683594, 18316.0
3.115063190460205, 18850.0
3.271275043487549, 19002.0
3.427830219268799, 19271.0
3.5844061374664307, 19299.0
3.741269111633301, 19485.0
3.8984920978546143, 19775.0
4.056092023849487, 20181.0
4.214032888412476, 20306.0
4.37398099899292, 20406.0
4.538383960723877, 20713.0
4.700865030288696, 21014.0
4.865302085876465, 21014.0
5.02495002746582, 21014.0
5.185634136199951, 21295.0
5.345350027084351, 21295.0
5.505084037780762, 21607.0
5.665354013442993, 21985.0
5.82573127746582, 21985.0
5.9872190952301025, 22002.0
6.155323028564453, 22002.0
6.321264982223511, 22194.0
6.488107204437256, 22194.0
6.650428056716919, 22418.0
6.813009023666382, 22418.0
6.977429151535034, 22689.0
7.141114950180054, 22725.0
7.306225061416626, 22725.0
7.47064995765686, 23037.0
7.634415864944458, 23037.0
7.7982261180877686, 23037.0
7.962025165557861, 23274.0
8.125652074813843, 23514.0
8.28964614868164, 23685.0
8.453815221786499, 24409.0
8.618522882461548, 24409.0
8.7830171585083, 24413.0
8.949239253997803, 24413.0
9.114191055297852, 24413.0
9.278671979904175, 24535.0
9.443557024002075, 24795.0
9.60843300819397, 24795.0
9.773509979248047, 24795.0
9.938662052154541, 24817.0
10.103886127471924, 24863.0
10.269289016723633, 25029.0
10.434895038604736, 25029.0
10.600664138793945, 25029.0
10.766477108001709, 25075.0
10.93227505683899, 25075.0
11.100209951400757, 25310.0
11.266701221466064, 25310.0
11.432807922363281, 25362.0
11.598711252212524, 25505.0
11.764833211898804, 25505.0
11.931025981903076, 25604.0
12.0972900390625, 25695.0
12.263774156570435, 25701.0
12.430468082427979, 25758.0
12.597043991088867, 25911.0
12.763710021972656, 25914.0
12.930464029312134, 25914.0
13.099220037460327, 25914.0
13.266567945480347, 26135.0
13.433762073516846, 26135.0
13.601518154144287, 26292.0
13.769412279129028, 26292.0
13.937376022338867, 26292.0
14.105342149734497, 26518.0
14.273303031921387, 26518.0
14.441437005996704, 26518.0
14.609292030334473, 26542.0
14.777310132980347, 26598.0
14.945409059524536, 26598.0
15.113079071044922, 26692.0
15.280561923980713, 26873.0
15.44886302947998, 26873.0
15.617194175720215, 26873.0
15.785520076751709, 27001.0
15.95366096496582, 27107.0
16.121830940246582, 27107.0
16.29006814956665, 27107.0
16.45824122428894, 27107.0
16.626821041107178, 27107.0
16.795557975769043, 27119.0
16.964121103286743, 27119.0
17.13447093963623, 27254.0
17.30300807952881, 27254.0
17.473247051239014, 27254.0
17.641669988632202, 27254.0
17.80997109413147, 27313.0
17.978461980819702, 27313.0
18.14702296257019, 27313.0
18.315733194351196, 27313.0
18.484365224838257, 27313.0
18.652851104736328, 27313.0
18.821316957473755, 27401.0
18.99006700515747, 27401.0
19.160076141357422, 27410.0
19.329023122787476, 27507.0
19.497753143310547, 27514.0
19.667001962661743, 27514.0
19.835962057113647, 27514.0
20.004393100738525, 27514.0
20.17356014251709, 27594.0
20.3419029712677, 27613.0
20.511454105377197, 27679.0
20.680655002593994, 27679.0
20.849523067474365, 27679.0
21.01872706413269, 27679.0
21.189804077148438, 27679.0
21.360482215881348, 27679.0
21.530202865600586, 27719.0
21.699278831481934, 27817.0
21.868571043014526, 27898.0
22.038223028182983, 27898.0
22.207590103149414, 27898.0
22.376750946044922, 27898.0
22.54493498802185, 27898.0
22.714773178100586, 27898.0
22.884599208831787, 27898.0
23.054287910461426, 27898.0
23.226310968399048, 27898.0
23.396652221679688, 27898.0
23.564839124679565, 27898.0
23.732973098754883, 27898.0
23.90046215057373, 27918.0
24.06842017173767, 27918.0
24.236967086791992, 27918.0
24.40528702735901, 27918.0
24.57353711128235, 27918.0
24.741572856903076, 27918.0
24.909152030944824, 27918.0
25.077046155929565, 27918.0
25.246001958847046, 27992.0
25.414457082748413, 28004.0
25.58295202255249, 28004.0
25.751448154449463, 28004.0
25.919937133789062, 28004.0
26.087741136550903, 28004.0
26.256464958190918, 28004.0
26.424960136413574, 28004.0
26.593475103378296, 28004.0
26.761264085769653, 28004.0
26.929898023605347, 28116.0
27.098307132720947, 28116.0
27.266754150390625, 28116.0
27.43736505508423, 28116.0
27.606146097183228, 28116.0
27.77426314353943, 28116.0
27.94266414642334, 28183.0
28.111046075820923, 28183.0
28.279911994934082, 28183.0
28.44822406768799, 28189.0
28.61699104309082, 28189.0
28.7854220867157, 28198.0
28.95436406135559, 28211.0
29.122690200805664, 28211.0
29.291513204574585, 28211.0
29.462263107299805, 28211.0
29.630879163742065, 28216.0
29.799664974212646, 28216.0
29.96855401992798, 28216.0
30.137458086013794, 28370.0
30.306267976760864, 28370.0
30.476269245147705, 28370.0
30.645158052444458, 28370.0
30.814011096954346, 28370.0
30.982567071914673, 28370.0
31.15041494369507, 28370.0
31.318417072296143, 28370.0
31.48835587501526, 28370.0
31.656316995620728, 28370.0
31.824368953704834, 28414.0
31.99268889427185, 28414.0
32.1606228351593, 28414.0
32.32860708236694, 28419.0
32.49743914604187, 28419.0
32.66582202911377, 28419.0
32.83394002914429, 28419.0
33.002310037612915, 28419.0
33.170571088790894, 28419.0
33.338578939437866, 28419.0
