5.3882598876953125e-05, 594.0
9.894371032714844e-05, 1127.0
0.0031409263610839844, 1292.0
0.009450912475585938, 1409.0
0.011200904846191406, 1461.0
0.012348175048828125, 1495.0
0.01570916175842285, 1580.0
0.01789689064025879, 1689.0
0.030006885528564453, 1716.0
0.031069040298461914, 1825.0
0.03162693977355957, 1840.0
0.032588958740234375, 1879.0
0.033107757568359375, 1884.0
0.035832881927490234, 1892.0
0.03603196144104004, 2057.0
0.03627204895019531, 2064.0
0.040966033935546875, 2075.0
0.0469059944152832, 2080.0
0.05042099952697754, 2156.0
0.05308890342712402, 2193.0
0.08715581893920898, 2276.0
0.1400291919708252, 2278.0
0.14257597923278809, 2284.0
0.14574193954467773, 2355.0
0.18166399002075195, 2392.0
0.42037296295166016, 2474.0
0.42102599143981934, 2486.0
0.4220609664916992, 2587.0
