0.00010991096496582031, 291.0
0.00021910667419433594, 501.0
0.0003249645233154297, 728.0
0.00043010711669921875, 1555.0
0.0005350112915039062, 2001.0
0.0007441043853759766, 2025.0
0.005674839019775391, 2154.0
0.00577998161315918, 2945.0
0.006601810455322266, 3788.0
0.008432149887084961, 4740.0
0.009778022766113281, 4817.0
0.016481876373291016, 5427.0
0.02058696746826172, 5572.0
0.024363994598388672, 6233.0
0.029716968536376953, 6731.0
0.031301021575927734, 7137.0
0.07149004936218262, 7210.0
0.07808613777160645, 7481.0
0.09011006355285645, 7603.0
0.09032011032104492, 7716.0
0.09147095680236816, 7941.0
0.09503602981567383, 8711.0
0.10197997093200684, 9443.0
0.10457801818847656, 9655.0
0.10468292236328125, 9755.0
0.10630106925964355, 10501.0
0.10682511329650879, 11070.0
0.10797309875488281, 11315.0
0.10818099975585938, 11743.0
0.11346101760864258, 12100.0
0.11356401443481445, 12171.0
0.11399221420288086, 13102.0
0.1150510311126709, 13384.0
0.1158750057220459, 13579.0
0.11618494987487793, 14025.0
0.1184530258178711, 14956.0
0.12546181678771973, 15206.0
0.12949609756469727, 15978.0
0.13847708702087402, 15988.0
0.13919997215270996, 16279.0
0.24118280410766602, 16323.0
0.28630495071411133, 16552.0
0.3232889175415039, 17192.0
1.3890621662139893, 17331.0
1.416322946548462, 17394.0
1.4192860126495361, 17721.0
1.4739999771118164, 17833.0
2.323395013809204, 18286.0
2.338163137435913, 18762.0
2.340235948562622, 19239.0
2.341276168823242, 19341.0
4.033875942230225, 19605.0
4.034912824630737, 19618.0
4.036679029464722, 20259.0
4.038449048995972, 20425.0
4.038553953170776, 20507.0
4.047442197799683, 20886.0
4.069438934326172, 21133.0
4.074899196624756, 21259.0
4.099833965301514, 21546.0
4.101286172866821, 21678.0
4.101392030715942, 22287.0
4.105138063430786, 22394.0
4.536042928695679, 22458.0
4.65536093711853, 22516.0
4.65897798538208, 23184.0
4.682608127593994, 23495.0
4.7071919441223145, 23564.0
4.713741064071655, 23720.0
4.9626548290252686, 24131.0
5.110167980194092, 24399.0
5.140564918518066, 24457.0
5.147349834442139, 24802.0
5.147783041000366, 25055.0
5.148632049560547, 25337.0
5.181601047515869, 25482.0
5.213536977767944, 25646.0
5.927027225494385, 25687.0
5.9450531005859375, 25789.0
6.007132053375244, 25887.0
6.027061939239502, 25897.0
6.103415012359619, 25978.0
6.115912199020386, 26076.0
