0.002022981643676758, 993.0
0.003985881805419922, 1743.0
0.005914926528930664, 2023.0
0.007879018783569336, 2542.0
0.00977015495300293, 3113.0
0.011684894561767578, 3858.0
0.0136871337890625, 4134.0
0.01562190055847168, 4784.0
0.01756596565246582, 4864.0
0.01949906349182129, 5463.0
0.021480083465576172, 6175.0
0.02340102195739746, 6487.0
0.025309085845947266, 7099.0
0.027206897735595703, 7968.0
0.02920985221862793, 8437.0
0.031204938888549805, 8969.0
0.03309226036071777, 9647.0
0.034982919692993164, 9897.0
0.03687000274658203, 10052.0
0.03874993324279785, 10558.0
0.04063010215759277, 11165.0
0.04250192642211914, 12042.0
0.044389963150024414, 12392.0
0.046276092529296875, 12547.0
0.04815793037414551, 12974.0
0.050028085708618164, 13599.0
0.05189800262451172, 14460.0
0.05379009246826172, 15315.0
0.05565690994262695, 15596.0
0.057540178298950195, 16335.0
0.05944705009460449, 16881.0
0.061326026916503906, 17215.0
0.06318998336791992, 17931.0
0.06507301330566406, 18689.0
0.06694817543029785, 19407.0
0.06882524490356445, 20325.0
0.07069206237792969, 20549.0
0.07257390022277832, 21333.0
0.07447004318237305, 21795.0
0.07635092735290527, 22459.0
0.07823014259338379, 23398.0
0.08010292053222656, 23814.0
0.08197903633117676, 23841.0
0.08385586738586426, 24109.0
0.08577704429626465, 24212.0
0.08774399757385254, 24229.0
0.08965301513671875, 24866.0
0.09156107902526855, 25052.0
0.0935060977935791, 25680.0
0.09553217887878418, 25717.0
0.09751701354980469, 26524.0
0.09945917129516602, 27248.0
0.10140299797058105, 28203.0
0.10330605506896973, 28217.0
0.10527396202087402, 29156.0
0.10719490051269531, 29705.0
0.10911798477172852, 29768.0
0.1111459732055664, 30451.0
0.11312103271484375, 30461.0
0.11499595642089844, 31374.0
0.11685800552368164, 31961.0
0.11873793601989746, 32924.0
0.12062287330627441, 33898.0
0.12249088287353516, 34025.0
0.12437605857849121, 34865.0
0.1262531280517578, 34866.0
0.12812590599060059, 35172.0
0.12999415397644043, 35971.0
0.13185405731201172, 36381.0
0.13372802734375, 36451.0
0.13559412956237793, 37232.0
0.1374669075012207, 37915.0
0.13933897018432617, 38894.0
0.1412050724029541, 39457.0
0.14306902885437012, 39722.0
0.1449909210205078, 40065.0
0.14686107635498047, 41036.0
0.14873409271240234, 41703.0
0.15060901641845703, 41724.0
0.1524801254272461, 42372.0
0.15435385704040527, 43287.0
0.1562199592590332, 43735.0
0.15808415412902832, 44640.0
0.15995287895202637, 45011.0
0.16182208061218262, 45165.0
0.16370701789855957, 45943.0
0.16557693481445312, 46790.0
0.16744709014892578, 47093.0
0.16932296752929688, 47770.0
0.17118287086486816, 48254.0
0.1730480194091797, 48761.0
0.17493724822998047, 48822.0
0.1768178939819336, 49192.0
0.17868590354919434, 49396.0
0.180556058883667, 50348.0
0.18242216110229492, 50726.0
0.18429303169250488, 51596.0
0.18616509437561035, 52513.0
0.1880350112915039, 52829.0
0.1899120807647705, 53301.0
0.19361591339111328, 53626.0
0.19731402397155762, 54326.0
0.21015501022338867, 55001.0
0.22362017631530762, 55222.0
0.25694704055786133, 55905.0
0.27348780632019043, 56537.0
0.2753620147705078, 57121.0
0.2919340133666992, 58020.0
0.3012092113494873, 58682.0
0.44624805450439453, 59023.0
0.4609520435333252, 59035.0
0.5725040435791016, 59082.0
0.8567910194396973, 59404.0
1.038672924041748, 60315.0
1.1533961296081543, 60320.0
1.163172960281372, 60378.0
1.1729412078857422, 60837.0
1.174928903579712, 60891.0
1.186617136001587, 61196.0
1.1886169910430908, 61287.0
1.2261741161346436, 61625.0
1.2322208881378174, 62144.0
1.2342050075531006, 62525.0
1.331416130065918, 62765.0
1.3729820251464844, 62873.0
1.4614181518554688, 63856.0
1.4789080619812012, 64353.0
1.5956501960754395, 65120.0
1.597681999206543, 65806.0
1.5996580123901367, 65808.0
1.7166621685028076, 66427.0
2.227205991744995, 66656.0
2.240818977355957, 67263.0
2.6286680698394775, 67549.0
2.6401009559631348, 68521.0
2.643928050994873, 69193.0
2.680016040802002, 69425.0
2.7123358249664307, 69446.0
2.7863821983337402, 70039.0
2.871793031692505, 70291.0
3.0064151287078857, 71261.0
3.357518196105957, 71947.0
3.861829996109009, 72221.0
4.411988973617554, 72478.0
5.095119953155518, 72557.0
5.149878978729248, 72718.0
5.193334102630615, 72832.0
5.2027788162231445, 73198.0
5.21412205696106, 74120.0
5.28948712348938, 74185.0
5.370457172393799, 74342.0
5.61648416519165, 74644.0
5.639217853546143, 75246.0
5.650694847106934, 75935.0
5.665838956832886, 76811.0
5.66966986656189, 77496.0
5.826541185379028, 78022.0
6.1299121379852295, 78979.0
6.466065883636475, 79077.0
6.481713056564331, 79952.0
6.571239948272705, 79955.0
6.681390047073364, 80230.0
6.73779296875, 81019.0
6.7785820960998535, 81802.0
6.796114921569824, 81846.0
6.860326051712036, 81876.0
6.875869989395142, 82659.0
7.266321897506714, 83584.0
7.2951130867004395, 84126.0
7.302783012390137, 84184.0
7.333271026611328, 84531.0
7.47222900390625, 84740.0
7.485581159591675, 85500.0
7.814949989318848, 85611.0
7.816899061203003, 85932.0
7.851274013519287, 86160.0
7.860833168029785, 86279.0
7.874217987060547, 86432.0
7.925721883773804, 86504.0
7.937160015106201, 87333.0
7.950502872467041, 87806.0
7.967664003372192, 88711.0
8.009604215621948, 89303.0
8.042030096054077, 90149.0
8.059213161468506, 90963.0
8.213635206222534, 90995.0
8.228904962539673, 91237.0
8.26836109161377, 91984.0
8.367645025253296, 92265.0
8.377388000488281, 92448.0
8.476730823516846, 93116.0
8.53396987915039, 93976.0
8.750685930252075, 94387.0
8.773474216461182, 94496.0
9.01032304763794, 95216.0
9.375448226928711, 95752.0
9.549458980560303, 95808.0
9.562724113464355, 96247.0
9.57602310180664, 96584.0
9.848079204559326, 96987.0
9.8538818359375, 97484.0
9.863522052764893, 98299.0
9.869308948516846, 98854.0
9.923107147216797, 99297.0
9.96527099609375, 99467.0
10.084338903427124, 99556.0
10.10552716255188, 99830.0
10.120934009552002, 100550.0
10.126781940460205, 101073.0
10.794623136520386, 101509.0
10.802404880523682, 102291.0
10.948918104171753, 103210.0
11.242201089859009, 103242.0
11.328597068786621, 103518.0
11.332470178604126, 104162.0
11.344046831130981, 104492.0
11.34600305557251, 104944.0
11.35180401802063, 105000.0
11.374881029129028, 105723.0
11.376832962036133, 106688.0
11.37877893447876, 106818.0
11.396078824996948, 107101.0
11.41145396232605, 107301.0
11.424898147583008, 107574.0
11.426850080490112, 108365.0
11.44034194946289, 109261.0
11.448137044906616, 109850.0
11.570966005325317, 110007.0
11.595911026000977, 111004.0
11.919553995132446, 111819.0
11.921516180038452, 111823.0
11.969519853591919, 112421.0
12.00791883468628, 112696.0
12.052586078643799, 113194.0
12.081310987472534, 113834.0
12.209418058395386, 114348.0
12.356827974319458, 114586.0
12.417920112609863, 115069.0
12.429749965667725, 115973.0
12.480921983718872, 116259.0
12.520533084869385, 116392.0
12.522527933120728, 117224.0
12.546319246292114, 117828.0
12.585581064224243, 117835.0
12.58757996559143, 118634.0
12.595481872558594, 119381.0
12.64654016494751, 119795.0
12.652452230453491, 120749.0
12.65444803237915, 121242.0
12.660369873046875, 121926.0
12.666433095932007, 122668.0
12.935602903366089, 123040.0
12.939531087875366, 123423.0
12.94151496887207, 123969.0
12.947409868240356, 124699.0
13.009807825088501, 125342.0
13.01568603515625, 125402.0
13.037169933319092, 125589.0
13.045001029968262, 125706.0
13.158881187438965, 125885.0
13.39342999458313, 126492.0
14.141062021255493, 126564.0
14.269519090652466, 126678.0
14.27922511100769, 127182.0
14.405250072479248, 127197.0
14.411033868789673, 128023.0
14.482141017913818, 128293.0
14.486043930053711, 129289.0
14.48800802230835, 130142.0
14.493798971176147, 130428.0
14.55516505241394, 130478.0
14.59351396560669, 130980.0
14.649126052856445, 131377.0
14.802608966827393, 131817.0
14.998099088668823, 132047.0
15.000058889389038, 132598.0
15.025053977966309, 132619.0
15.030853033065796, 132816.0
15.56535005569458, 133151.0
15.61891508102417, 133375.0
15.634273052215576, 134088.0
15.79323124885559, 134353.0
15.810500144958496, 134710.0
15.829677104949951, 134846.0
15.833539009094238, 135144.0
15.845091104507446, 135625.0
17.091646909713745, 136257.0
17.11854600906372, 137145.0
17.17800998687744, 137842.0
17.365827083587646, 138227.0
17.429036140441895, 138789.0
17.45201802253723, 139076.0
17.503735065460205, 139349.0
17.513334035873413, 140296.0
17.549742937088013, 140332.0
17.653177976608276, 140433.0
17.702888011932373, 140885.0
17.76409411430359, 141590.0
18.00314712524414, 142117.0
18.288279056549072, 142504.0
18.36290407180786, 142557.0
18.84097409248352, 142821.0
18.94451904296875, 143037.0
18.965636253356934, 143685.0
18.996273040771484, 144075.0
19.315984964370728, 144195.0
19.361711978912354, 144313.0
19.371280908584595, 144923.0
19.548553943634033, 145186.0
19.56192898750305, 145368.0
19.57722806930542, 146034.0
19.607683181762695, 146760.0
19.609623193740845, 147438.0
19.611568927764893, 148199.0
19.630645990371704, 148344.0
19.643999099731445, 148958.0
19.685964107513428, 149548.0
20.299808979034424, 149865.0
20.89474320411682, 150001.0
21.09594202041626, 150263.0
21.16795015335083, 150610.0
21.830283164978027, 151124.0
21.841988801956177, 151902.0
21.85170578956604, 152457.0
21.973598957061768, 153042.0
22.07515001296997, 153642.0
22.719340085983276, 154296.0
22.77040410041809, 154804.0
22.817495107650757, 155510.0
22.83129596710205, 156041.0
22.98245096206665, 156373.0
22.986423015594482, 156461.0
22.98842191696167, 156748.0
22.99434804916382, 157183.0
22.998306035995483, 157706.0
23.01603603363037, 158249.0
23.045469045639038, 158458.0
23.27458691596985, 158559.0
23.27657198905945, 158777.0
23.282483100891113, 159012.0
23.298192977905273, 159684.0
23.317693948745728, 159881.0
23.414427995681763, 160259.0
23.45869493484497, 160391.0
23.464522123336792, 160769.0
23.466474056243896, 161487.0
23.46843123435974, 162297.0
23.551024913787842, 162854.0
23.558733224868774, 163823.0
23.80267596244812, 164148.0
23.814246892929077, 164429.0
23.940989017486572, 164557.0
23.996726989746094, 165172.0
24.01405119895935, 165286.0
24.069764137268066, 165376.0
24.07363796234131, 165521.0
24.085186004638672, 165914.0
24.1044180393219, 166068.0
24.11596703529358, 166864.0
24.12177014350891, 167029.0
24.836158990859985, 167326.0
24.897326946258545, 167480.0
25.06588387489319, 167881.0
25.09463620185852, 168249.0
25.261252880096436, 168851.0
25.280418157577515, 169498.0
25.339702129364014, 170149.0
25.44300389289856, 170494.0
25.762498140335083, 170546.0
25.764446020126343, 171102.0
25.77214002609253, 171988.0
25.787482976913452, 172463.0
25.972935914993286, 172561.0
26.026585817337036, 173445.0
26.23539400100708, 173738.0
26.273714065551758, 174387.0
26.445900201797485, 174601.0
26.497571229934692, 175430.0
26.52634286880493, 175656.0
26.576138973236084, 176345.0
26.59605312347412, 176396.0
26.785104990005493, 176875.0
26.789066076278687, 176950.0
26.800868034362793, 177942.0
26.81466293334961, 178889.0
26.86579203605652, 179030.0
26.90111994743347, 179097.0
27.19317603111267, 179266.0
27.21281909942627, 179790.0
27.46992588043213, 180069.0
27.47780418395996, 180843.0
27.652178049087524, 181017.0
27.6541850566864, 181377.0
27.860519886016846, 181770.0
27.87809705734253, 181955.0
28.000790119171143, 182056.0
28.123455047607422, 182251.0
28.135136127471924, 182869.0
28.139055967330933, 183764.0
28.14296293258667, 184702.0
28.162425994873047, 185229.0
28.206836938858032, 186040.0
28.228018045425415, 186477.0
28.28382396697998, 186763.0
28.362743139266968, 187189.0
28.37047004699707, 187675.0
28.414479970932007, 187794.0
28.42407202720642, 188020.0
28.648975133895874, 188043.0
28.66817808151245, 188552.0
30.08922505378723, 188871.0
30.13293218612671, 189453.0
30.227929830551147, 189582.0
30.23366403579712, 189595.0
30.235610008239746, 190152.0
31.25336503982544, 190315.0
31.260956048965454, 191030.0
31.59360408782959, 191631.0
31.618202924728394, 192427.0
31.627686023712158, 192930.0
31.686322927474976, 193713.0
31.722246885299683, 193914.0
31.984852075576782, 194026.0
32.25118112564087, 194129.0
33.084614992141724, 194633.0
33.113051891326904, 195576.0
33.137667179107666, 195719.0
33.458863973617554, 196392.0
33.568416118621826, 196842.0
33.61760425567627, 197623.0
33.81410312652588, 198212.0
33.8878071308136, 198317.0
33.90296196937561, 198759.0
33.9124538898468, 199744.0
34.17525005340576, 200154.0
34.18096590042114, 200475.0
34.1942400932312, 200777.0
34.60450792312622, 200884.0
34.89292001724243, 201286.0
35.147932052612305, 201909.0
35.72253608703613, 202131.0
35.76797699928284, 202672.0
35.88144493103027, 202850.0
36.13300704956055, 203688.0
36.28806209564209, 204197.0
36.29377317428589, 204295.0
36.69635200500488, 204629.0
36.698275089263916, 205196.0
36.70019793510437, 205783.0
36.705902099609375, 206595.0
36.77415084838867, 207344.0
36.78612208366394, 208312.0
36.847201108932495, 208793.0
36.93609094619751, 209144.0
36.95504117012024, 209435.0
37.00616502761841, 209983.0
37.23908305168152, 210007.0
37.256000995635986, 210777.0
37.29360485076904, 210914.0
37.550782918930054, 211325.0
37.94524908065796, 211452.0
38.02788305282593, 211954.0
38.04293513298035, 212134.0
38.05236196517944, 213073.0
38.123764991760254, 213458.0
38.13505506515503, 213493.0
38.180087089538574, 213660.0
38.253345012664795, 213863.0
38.42419791221619, 214308.0
38.43174505233765, 214350.0
38.794135093688965, 215058.0
38.919382095336914, 215551.0
39.045313119888306, 216421.0
39.19369697570801, 216580.0
39.199365854263306, 217442.0
39.20880317687988, 217985.0
39.218233823776245, 218686.0
39.55268692970276, 219065.0
39.56586003303528, 219630.0
39.59031414985657, 220360.0
39.594104051589966, 221123.0
39.69555616378784, 221341.0
39.69933795928955, 222325.0
39.94915199279785, 223097.0
39.95859694480896, 223239.0
40.016930103302, 223488.0
40.060189962387085, 224167.0
40.11470913887024, 224527.0
40.154191970825195, 225221.0
40.34781289100647, 225244.0
40.942026138305664, 225533.0
40.94593596458435, 225636.0
41.572242975234985, 226541.0
41.604442834854126, 226865.0
41.60828185081482, 227554.0
41.6272509098053, 227954.0
41.740822076797485, 228448.0
41.76171016693115, 229009.0
41.763638973236084, 229612.0
41.79207992553711, 229750.0
41.79969787597656, 230357.0
42.000370025634766, 230835.0
42.01933217048645, 230909.0
42.053426027297974, 231085.0
42.068608045578, 231323.0
42.19550895690918, 231744.0
42.96839189529419, 231882.0
43.02520990371704, 232601.0
43.03847908973694, 232683.0
43.04040598869324, 232775.0
43.27555799484253, 233352.0
43.277462005615234, 233770.0
49.506141901016235, 234006.0
49.582133054733276, 234354.0
49.68811392784119, 234689.0
49.714569091796875, 234849.0
49.78252291679382, 235363.0
49.807114124298096, 235395.0
49.982659101486206, 235758.0
50.12990403175354, 235789.0
50.55639982223511, 236086.0
51.02631092071533, 236157.0
51.03984308242798, 237139.0
51.18549609184265, 237148.0
51.239943981170654, 237917.0
51.260579109191895, 238467.0
51.61863088607788, 238665.0
51.652432918548584, 238972.0
51.6842839717865, 239819.0
51.81060194969177, 240248.0
51.87633299827576, 240378.0
52.007863998413086, 241052.0
52.01952409744263, 241390.0
52.0582070350647, 241812.0
52.06794095039368, 242794.0
52.075721979141235, 243141.0
52.09509205818176, 243739.0
52.154927015304565, 244526.0
52.43419289588928, 245245.0
52.43807792663574, 245728.0
52.48429799079895, 245998.0
52.49778509140015, 246387.0
52.52088403701782, 246771.0
52.62852621078491, 246901.0
52.679986000061035, 247232.0
52.702821016311646, 247831.0
52.88369703292847, 248047.0
52.88563513755798, 248916.0
52.891366958618164, 249863.0
52.96730709075928, 250342.0
53.06405305862427, 250393.0
53.244590044021606, 250626.0
53.246607065200806, 250807.0
53.262553215026855, 250965.0
53.27268409729004, 251354.0
55.60359716415405, 251748.0
55.61897802352905, 252145.0
55.62670016288757, 252366.0
55.64014911651611, 252703.0
55.65726399421692, 252777.0
55.953644037246704, 252895.0
55.97837018966675, 253193.0
56.308900117874146, 253280.0
56.31844687461853, 253911.0
56.3393669128418, 254132.0
56.44778919219971, 254136.0
56.49531006813049, 254733.0
56.50103712081909, 255549.0
56.899866819381714, 255631.0
56.90561318397522, 256592.0
56.93412399291992, 257278.0
56.95690298080444, 257319.0
56.99107503890991, 257834.0
57.002509117126465, 258031.0
57.01014304161072, 258899.0
57.11088490486145, 259250.0
58.768945932388306, 259309.0
58.87995910644531, 259450.0
59.01943898200989, 259689.0
59.23609709739685, 260150.0
59.27206087112427, 260579.0
59.35900402069092, 260583.0
59.381736040115356, 260864.0
59.64443302154541, 261140.0
59.663378953933716, 261616.0
60.34378695487976, 261815.0
60.79376792907715, 261879.0
62.25980281829834, 262329.0
62.39517593383789, 262398.0
62.40680503845215, 262921.0
62.48714303970337, 263224.0
62.51763606071472, 263530.0
62.6166729927063, 263621.0
62.643327951431274, 263972.0
62.64715003967285, 264288.0
62.65285515785217, 265063.0
62.654776096343994, 265066.0
62.694555044174194, 266053.0
62.724859952926636, 266526.0
65.57321000099182, 266905.0
65.5984799861908, 267199.0
65.86128115653992, 267837.0
65.90552186965942, 268055.0
65.90748405456543, 268315.0
65.91902494430542, 268568.0
66.66100406646729, 268980.0
66.7257890701294, 269038.0
66.80975389480591, 269306.0
66.8195469379425, 270289.0
69.06946301460266, 270877.0
69.1147210597992, 270936.0
69.29386901855469, 270941.0
69.30334496498108, 271687.0
69.52705001831055, 271749.0
69.79563403129578, 271982.0
69.80348610877991, 272144.0
70.00842189788818, 272296.0
70.01041603088379, 272810.0
71.69608902931213, 273020.0
71.71368288993835, 273867.0
71.99781894683838, 273869.0
72.24112486839294, 273947.0
72.30338311195374, 274222.0
72.30927395820618, 274388.0
72.31514406204224, 275369.0
72.32101607322693, 275495.0
72.43790698051453, 275757.0
72.78817796707153, 276263.0
72.82132196426392, 276538.0
72.82525706291199, 276756.0
72.94790196418762, 276915.0
72.96531796455383, 277477.0
72.98078393936157, 278276.0
73.11588406562805, 278634.0
73.21780896186829, 279081.0
73.26756405830383, 279507.0
73.3324830532074, 280033.0
73.37262892723083, 280354.0
73.37458109855652, 280834.0
73.42052698135376, 281219.0
73.45951223373413, 281986.0
73.71220397949219, 282862.0
73.84422087669373, 283197.0
74.18252897262573, 283577.0
74.52676510810852, 283674.0
74.53645586967468, 284060.0
74.60541009902954, 284131.0
74.66090393066406, 284219.0
74.74709296226501, 284947.0
74.94953608512878, 285166.0
75.02409410476685, 286144.0
75.08712983131409, 286191.0
75.4239182472229, 286843.0
75.50710701942444, 287616.0
75.53947186470032, 287666.0
75.71052384376526, 287903.0
75.815012216568, 288278.0
75.83021593093872, 288600.0
75.91951012611389, 289040.0
76.97803902626038, 289434.0
77.13037109375, 289908.0
78.05046701431274, 290011.0
78.5239429473877, 290186.0
79.18718791007996, 290200.0
79.2822048664093, 290837.0
79.32783222198486, 291181.0
79.34306502342224, 292079.0
79.43623614311218, 292607.0
79.61610913276672, 293506.0
79.65412616729736, 293963.0
80.02481198310852, 294684.0
80.2585940361023, 295228.0
80.32884502410889, 295363.0
80.41061305999756, 295375.0
80.84762716293335, 295943.0
82.00637102127075, 296519.0
82.06930422782898, 296900.0
82.11695909500122, 297482.0
83.05247497558594, 297905.0
83.12875509262085, 298204.0
83.34977006912231, 298854.0
83.47550797462463, 299107.0
84.41826581954956, 299389.0
84.50833702087402, 299512.0
84.56274104118347, 299563.0
84.74627995491028, 300157.0
84.76502299308777, 300408.0
86.00496912002563, 300917.0
86.15643811225891, 300939.0
86.20508122444153, 301482.0
86.2275960445404, 301518.0
86.24447202682495, 302216.0
86.32873702049255, 302934.0
86.36808705329895, 302968.0
86.47850608825684, 303623.0
86.50476002693176, 304064.0
86.80605101585388, 304173.0
86.85658812522888, 305123.0
86.89404702186584, 305618.0
86.94079303741455, 305621.0
87.05494713783264, 306204.0
87.1428611278534, 306692.0
87.2681610584259, 307227.0
87.29437208175659, 307744.0
87.40099501609802, 308351.0
87.55262589454651, 308902.0
88.36038517951965, 309273.0
88.57666683197021, 309777.0
88.67510724067688, 310041.0
88.6955509185791, 310213.0
88.85706305503845, 310341.0
88.88310194015503, 310841.0
88.89983892440796, 311059.0
88.9685571193695, 311332.0
88.98161482810974, 311915.0
89.06522512435913, 312359.0
89.18221712112427, 312993.0
89.22863698005676, 313275.0
89.27513599395752, 313329.0
89.57979488372803, 314214.0
89.80591201782227, 315038.0
90.06050682067871, 315665.0
90.19613599777222, 315886.0
90.34110498428345, 316325.0
90.56679821014404, 316615.0
90.61660122871399, 317209.0
90.81205987930298, 317640.0
90.90984606742859, 318258.0
90.93015885353088, 318777.0
91.06107592582703, 319055.0
91.0629460811615, 319846.0
91.09986209869385, 320178.0
91.10911107063293, 320364.0
91.14786505699158, 320486.0
91.16447496414185, 320816.0
91.31756496429443, 321171.0
91.36732816696167, 321395.0
91.89745688438416, 321816.0
91.97679114341736, 322580.0
91.99711012840271, 322908.0
92.01190209388733, 323170.0
92.61481094360352, 323383.0
92.9098482131958, 323434.0
93.0297360420227, 323518.0
94.61498594284058, 323711.0
94.66838502883911, 323748.0
94.67792892456055, 324108.0
94.70835304260254, 324276.0
94.75777316093445, 324361.0
95.28207492828369, 325171.0
95.3445520401001, 325222.0
95.41280102729797, 325275.0
95.45064496994019, 325462.0
95.48283815383911, 326161.0
95.48854899406433, 326873.0
95.50371313095093, 327731.0
95.51129603385925, 327950.0
95.55292201042175, 328186.0
95.55485606193542, 329173.0
95.61160802841187, 329728.0
96.21790504455566, 329822.0
96.25388383865356, 330611.0
96.3295669555664, 330963.0
96.88166809082031, 331123.0
96.89908504486084, 331237.0
97.1062560081482, 331563.0
97.20641684532166, 332550.0
98.13089895248413, 332767.0
98.52924394607544, 333196.0
98.75948810577393, 333233.0
98.76329493522644, 333262.0
99.04438996315002, 333631.0
99.25583219528198, 333916.0
99.50129199028015, 334448.0
99.65615606307983, 334879.0
100.36987018585205, 334882.0
100.43658018112183, 335568.0
100.47090315818787, 335751.0
100.48614811897278, 335839.0
100.51095986366272, 336541.0
102.02587604522705, 336908.0
102.27574300765991, 337252.0
102.2776370048523, 338192.0
102.66900706291199, 338213.0
102.8982081413269, 338268.0
102.91687512397766, 338805.0
102.96722412109375, 338855.0
103.00450420379639, 339138.0
103.0064058303833, 339424.0
103.19645690917969, 339521.0
103.21325707435608, 339532.0
103.28217101097107, 340183.0
103.28592991828918, 340945.0
103.33819389343262, 341765.0
103.58228206634521, 341798.0
105.24020004272461, 342458.0
105.58448314666748, 343326.0
105.70314908027649, 344117.0
105.83070111274719, 344175.0
107.42966413497925, 344980.0
107.91595101356506, 345598.0
108.39657092094421, 346190.0
108.59385514259338, 347095.0
108.69593501091003, 347248.0
108.72865319252014, 347863.0
108.78646206855774, 348060.0
109.10213708877563, 348398.0
109.41012001037598, 348567.0
110.09769082069397, 349199.0
110.16371417045593, 349923.0
111.3120629787445, 350606.0
111.62794303894043, 350785.0
111.66933417320251, 350860.0
111.77648115158081, 351100.0
111.85176396369934, 351105.0
115.11021208763123, 351556.0
116.25869488716125, 352341.0
117.09749102592468, 352536.0
118.8169379234314, 353054.0
118.82448315620422, 353113.0
119.33619403839111, 353283.0
120.85129404067993, 353365.0
121.21733784675598, 353416.0
124.14761304855347, 353530.0
125.46810007095337, 354086.0
125.47941994667053, 354498.0
125.5451250076294, 354707.0
126.11220502853394, 354933.0
126.8386070728302, 355626.0
126.85538506507874, 356268.0
129.4582850933075, 356784.0
133.1273648738861, 357009.0
133.12931203842163, 357570.0
133.1483609676361, 357903.0
138.53208708763123, 358010.0
139.4119291305542, 358045.0
157.90572023391724, 358096.0
