2.5987625122070312e-05, 58.0
4.792213439941406e-05, 958.0
0.00022482872009277344, 959.0
0.0019791126251220703, 976.0
0.002057790756225586, 1021.0
0.0021758079528808594, 1022.0
0.006735086441040039, 1058.0
0.013867855072021484, 1120.0
0.023874998092651367, 1121.0
0.05110001564025879, 1127.0
0.05144000053405762, 1205.0
0.0850667953491211, 1207.0
0.13005900382995605, 1260.0
0.24820804595947266, 1292.0
0.2869727611541748, 1296.0
0.28707289695739746, 1297.0
0.29670190811157227, 1366.0
0.8061296939849854, 1396.0
0.8063068389892578, 1397.0
1.1614468097686768, 1403.0
