0.019634246826171875, 5692.0
0.03607797622680664, 6064.0
0.05208611488342285, 6231.0
0.06782698631286621, 7060.0
0.08630800247192383, 7364.0
0.1024160385131836, 8998.0
0.11839604377746582, 8998.0
0.13445091247558594, 9261.0
0.1529550552368164, 9929.0
0.16962599754333496, 9929.0
0.1866931915283203, 10089.0
0.20345711708068848, 10554.0
0.2201220989227295, 10744.0
0.23670005798339844, 10744.0
0.25318002700805664, 10744.0
0.27006006240844727, 10744.0
0.28691720962524414, 10944.0
0.3036050796508789, 10944.0
0.32024216651916504, 10944.0
0.3370790481567383, 10944.0
0.353640079498291, 10944.0
0.3701622486114502, 10944.0
0.38697314262390137, 10944.0
0.40355920791625977, 10944.0
0.41999316215515137, 10944.0
0.43648505210876465, 10944.0
0.45279502868652344, 10944.0
0.4694840908050537, 10944.0
0.48621201515197754, 10944.0
0.5027811527252197, 11031.0
0.5195670127868652, 11045.0
0.5362601280212402, 11045.0
0.5529310703277588, 11045.0
0.5695569515228271, 11045.0
0.5862340927124023, 11045.0
0.602898120880127, 11045.0
0.6195080280303955, 11045.0
0.636232852935791, 11045.0
0.6529719829559326, 11045.0
0.6694068908691406, 11045.0
0.6859922409057617, 11045.0
0.7031779289245605, 11045.0
0.7197110652923584, 11045.0
0.7363660335540771, 11045.0
0.752938985824585, 11045.0
0.7695260047912598, 11045.0
0.7874491214752197, 11045.0
0.805117130279541, 11045.0
0.8219599723815918, 11045.0
0.8386569023132324, 11045.0
0.8557150363922119, 11045.0
0.8727481365203857, 11045.0
0.8893129825592041, 11045.0
0.9058501720428467, 11045.0
0.9224410057067871, 11045.0
0.9390320777893066, 11045.0
0.9556541442871094, 11045.0
0.9721601009368896, 11045.0
0.9886739253997803, 11045.0
1.0051021575927734, 11045.0
1.021554946899414, 11045.0
1.0384299755096436, 11045.0
1.0556330680847168, 11045.0
1.072667121887207, 11045.0
1.089170217514038, 11045.0
1.1056339740753174, 11045.0
1.1221230030059814, 11045.0
1.1385760307312012, 11045.0
1.1550509929656982, 11045.0
1.1714951992034912, 11045.0
1.1879322528839111, 11045.0
1.2043702602386475, 11045.0
1.2209641933441162, 11045.0
1.2375280857086182, 11045.0
1.2544829845428467, 11045.0
1.2713871002197266, 11045.0
1.2878310680389404, 11045.0
1.3053920269012451, 11045.0
1.3222670555114746, 11045.0
1.3392372131347656, 11045.0
1.3562071323394775, 11045.0
1.3731601238250732, 11056.0
1.3901171684265137, 11056.0
1.4070079326629639, 11056.0
1.4238519668579102, 11056.0
1.4409070014953613, 11056.0
1.458590030670166, 11056.0
1.476067066192627, 11056.0
1.4935369491577148, 11056.0
1.5103752613067627, 11056.0
1.5271689891815186, 11056.0
1.5439741611480713, 11056.0
1.5607380867004395, 11056.0
1.5787830352783203, 11056.0
1.606208086013794, 11056.0
1.6239080429077148, 11056.0
1.6422960758209229, 11056.0
1.6603031158447266, 11056.0
1.67911696434021, 11056.0
1.6969280242919922, 11056.0
1.714169979095459, 11056.0
1.7319281101226807, 11056.0
1.7524020671844482, 11056.0
1.7743239402770996, 11056.0
1.794219970703125, 11056.0
1.8199920654296875, 11056.0
1.8508930206298828, 11056.0
1.8786020278930664, 11056.0
1.8972551822662354, 11056.0
1.915297031402588, 11056.0
1.9330532550811768, 11056.0
1.9502909183502197, 11056.0
1.96803617477417, 11056.0
1.986171007156372, 11056.0
2.0037360191345215, 11056.0
2.0210890769958496, 11056.0
2.04036021232605, 11056.0
2.0585241317749023, 11056.0
2.075740098953247, 11056.0
2.0937981605529785, 11056.0
2.112091064453125, 11056.0
2.130424976348877, 11056.0
2.150516986846924, 11056.0
2.1695239543914795, 11056.0
2.1883060932159424, 11056.0
2.206537961959839, 11056.0
2.2293381690979004, 11056.0
2.251037836074829, 11056.0
2.2720160484313965, 11056.0
2.297299861907959, 11056.0
2.3274810314178467, 11056.0
2.367213010787964, 11056.0
2.391644239425659, 11056.0
2.412169933319092, 11056.0
2.4352188110351562, 11056.0
2.4546611309051514, 11056.0
2.4756760597229004, 11056.0
2.493778944015503, 11056.0
2.511186122894287, 11056.0
2.5297160148620605, 11056.0
2.54864501953125, 11056.0
2.5660400390625, 11056.0
2.583505153656006, 11056.0
2.6010100841522217, 11056.0
2.619516134262085, 11056.0
2.637032985687256, 11056.0
2.6561460494995117, 11056.0
2.674206018447876, 11056.0
2.691390037536621, 11056.0
2.709043025970459, 11056.0
2.7275471687316895, 11056.0
2.755014181137085, 11056.0
2.779313087463379, 11056.0
2.7974908351898193, 11056.0
2.819031000137329, 11056.0
2.8369340896606445, 11056.0
2.854517936706543, 11056.0
2.8732640743255615, 11056.0
2.891103982925415, 11056.0
2.909313917160034, 11056.0
2.940916061401367, 11056.0
2.958466053009033, 11056.0
2.9761741161346436, 11056.0
2.9934849739074707, 11056.0
3.01086688041687, 11056.0
3.0312671661376953, 11056.0
3.0489141941070557, 11056.0
3.0660500526428223, 11056.0
3.0832481384277344, 11056.0
3.1002960205078125, 11056.0
3.117790937423706, 11056.0
3.1363189220428467, 11056.0
3.1557109355926514, 11056.0
3.176434278488159, 11056.0
3.195384979248047, 11056.0
3.212785243988037, 11056.0
3.2304282188415527, 11056.0
3.248926877975464, 11056.0
3.2686781883239746, 11056.0
3.287126064300537, 11056.0
3.3090381622314453, 11056.0
3.326931953430176, 11056.0
3.3441920280456543, 11056.0
3.3612890243530273, 11056.0
3.3785431385040283, 11056.0
3.3954200744628906, 11056.0
3.4126639366149902, 11056.0
3.429676055908203, 11056.0
3.447322130203247, 11056.0
3.464280128479004, 11056.0
3.4827351570129395, 11056.0
3.499953031539917, 11056.0
3.516930103302002, 11056.0
3.5336601734161377, 11056.0
3.5505900382995605, 11056.0
3.5675911903381348, 11056.0
3.5842108726501465, 11056.0
3.601053237915039, 11056.0
3.618155002593994, 11056.0
3.635193109512329, 11056.0
3.652937889099121, 11056.0
