1.0490260124206543, 67199.0
1.796424150466919, 69487.0
2.5506751537323, 72242.0
3.2925221920013428, 76364.0
4.041438341140747, 86962.0
4.7965240478515625, 93474.0
5.543917179107666, 93474.0
6.310341119766235, 101319.0
7.051388263702393, 101319.0
7.7908642292022705, 105220.0
8.529451131820679, 108094.0
9.270889282226562, 110198.0
10.011896133422852, 121488.0
10.752965211868286, 124950.0
11.497159242630005, 133101.0
12.239708185195923, 141984.0
12.991998195648193, 142577.0
13.73695993423462, 144590.0
14.493494033813477, 145397.0
15.252634048461914, 148927.0
15.999590158462524, 149821.0
16.745131015777588, 150957.0
17.49207901954651, 153702.0
18.23845410346985, 156866.0
18.985320329666138, 159684.0
19.746860027313232, 160922.0
20.495299100875854, 168713.0
21.242861032485962, 169668.0
21.992494106292725, 170979.0
22.74093723297119, 172460.0
23.491767168045044, 173801.0
24.245697021484375, 173915.0
24.99985933303833, 179127.0
25.755046129226685, 184509.0
26.516016244888306, 184509.0
27.27261734008789, 189225.0
28.037724256515503, 190519.0
28.794207334518433, 191606.0
29.551749229431152, 193687.0
30.320513010025024, 199504.0
31.078360080718994, 199504.0
31.837531089782715, 200814.0
32.60524916648865, 201905.0
33.362537145614624, 204476.0
34.12150716781616, 208040.0
34.879531145095825, 211064.0
35.63648200035095, 211064.0
36.39531111717224, 213296.0
37.16707515716553, 213919.0
37.92785406112671, 218008.0
38.686992168426514, 218008.0
39.4489312171936, 219042.0
40.22461009025574, 219042.0
40.99283313751221, 222742.0
41.75352334976196, 225942.0
42.52456498146057, 229750.0
43.29649019241333, 229750.0
44.07361197471619, 233911.0
44.84059691429138, 234836.0
45.617401123046875, 236295.0
46.386120319366455, 238924.0
47.15552520751953, 239682.0
47.92865514755249, 242345.0
48.70992827415466, 243751.0
49.4835000038147, 243751.0
50.25938034057617, 250420.0
51.02736830711365, 257129.0
51.804423093795776, 257129.0
52.57567000389099, 257129.0
53.34651708602905, 257129.0
54.11724019050598, 257129.0
54.901660203933716, 262436.0
55.684152126312256, 262436.0
56.460944175720215, 263278.0
57.246578216552734, 264422.0
58.024330377578735, 264422.0
58.81325817108154, 264422.0
59.612104177474976, 270782.0
60.393887996673584, 270782.0
61.18118214607239, 273370.0
61.96544003486633, 273370.0
62.7640860080719, 273370.0
63.551464319229126, 273370.0
64.3408191204071, 273475.0
65.12796902656555, 273817.0
65.91041302680969, 277312.0
66.70304203033447, 278161.0
67.47960805892944, 278161.0
68.2578182220459, 278241.0
69.03289532661438, 284187.0
69.81725001335144, 284590.0
70.60730910301208, 285833.0
71.39437913894653, 285833.0
72.18259024620056, 288406.0
72.9635922908783, 288406.0
73.74825024604797, 289731.0
74.53813123703003, 292833.0
75.32919216156006, 297104.0
76.12541723251343, 297104.0
76.90689706802368, 299545.0
77.69649624824524, 299545.0
78.48881196975708, 299938.0
79.27625012397766, 299938.0
80.05405306816101, 308051.0
80.84632110595703, 309921.0
81.63400435447693, 309921.0
82.43849802017212, 309921.0
83.23844122886658, 310924.0
84.02969312667847, 313721.0
84.8251531124115, 318328.0
85.62110614776611, 318328.0
86.40646123886108, 318328.0
87.20967602729797, 318328.0
88.00627827644348, 318328.0
88.80399107933044, 322080.0
89.5872540473938, 322456.0
90.37088012695312, 322456.0
91.16821122169495, 322456.0
91.95197892189026, 326222.0
92.74772620201111, 327830.0
93.53534317016602, 327830.0
94.33376407623291, 329016.0
95.13614010810852, 329016.0
95.9358720779419, 330356.0
96.73736214637756, 332317.0
97.53466701507568, 334084.0
98.33209609985352, 336302.0
99.12483406066895, 336302.0
99.91488218307495, 336302.0
100.7033941745758, 337647.0
101.5057430267334, 340729.0
102.29809713363647, 340729.0
103.09482312202454, 340729.0
103.8830840587616, 345861.0
104.68266415596008, 345861.0
105.48298525810242, 345861.0
106.27274227142334, 349996.0
107.07855010032654, 350154.0
107.88266801834106, 352083.0
108.67566013336182, 352083.0
109.46852922439575, 352166.0
110.26111626625061, 352166.0
111.05912017822266, 358015.0
111.84812426567078, 358015.0
112.6362202167511, 359551.0
113.42640709877014, 359551.0
114.22693014144897, 361163.0
115.0294189453125, 361163.0
115.83649921417236, 361163.0
116.64227032661438, 362584.0
117.45357513427734, 363094.0
118.2606360912323, 365921.0
119.07672715187073, 365921.0
119.88838410377502, 365921.0
120.69808316230774, 366572.0
121.50889015197754, 371795.0
122.31410932540894, 375949.0
123.12162709236145, 375949.0
123.92588305473328, 375949.0
124.72913312911987, 375949.0
125.53443312644958, 375949.0
126.32960629463196, 375949.0
127.1253731250763, 375949.0
127.93409419059753, 375949.0
128.7290322780609, 375949.0
129.53809213638306, 379064.0
130.3452730178833, 380015.0
131.1527600288391, 380015.0
131.96630120277405, 381138.0
132.778795003891, 381943.0
133.59120202064514, 382479.0
134.40148615837097, 384354.0
135.2092161178589, 386238.0
136.02243614196777, 386238.0
136.83253026008606, 386238.0
137.64338302612305, 386881.0
138.4552502632141, 387690.0
139.26286101341248, 387690.0
140.07549118995667, 394734.0
140.8874111175537, 394734.0
141.70062112808228, 394734.0
142.50078511238098, 394734.0
143.30040431022644, 395098.0
144.10465502738953, 395098.0
144.90691709518433, 395098.0
145.71062922477722, 396947.0
146.51345419883728, 396947.0
147.31488823890686, 396947.0
148.12479829788208, 396947.0
148.926429271698, 398357.0
149.72792220115662, 400289.0
150.52962398529053, 400289.0
151.33789730072021, 400663.0
152.14462423324585, 400663.0
152.95166015625, 400663.0
153.7626690864563, 401156.0
154.5850522518158, 405992.0
155.40591716766357, 405992.0
156.2230372428894, 405992.0
157.04714012145996, 405992.0
157.86362528800964, 405992.0
