0.0020580291748046875, 752.0
0.004223823547363281, 1152.0
0.006288766860961914, 1763.0
0.008404016494750977, 2726.0
0.010432958602905273, 2754.0
0.01244497299194336, 2798.0
0.014557838439941406, 3093.0
0.016576051712036133, 3125.0
0.018584012985229492, 3814.0
0.020637989044189453, 4023.0
0.02271103858947754, 4730.0
0.024776935577392578, 5006.0
0.026864051818847656, 5502.0
0.02887892723083496, 6119.0
0.030881881713867188, 7057.0
0.03290295600891113, 7533.0
0.03490495681762695, 7674.0
0.03692293167114258, 7746.0
0.038934946060180664, 8583.0
0.04093313217163086, 9262.0
0.04294705390930176, 10126.0
0.044946908950805664, 11004.0
0.046946048736572266, 11356.0
0.04894685745239258, 11565.0
0.050948143005371094, 11869.0
0.05294370651245117, 11905.0
0.05496072769165039, 12507.0
0.05694890022277832, 12896.0
0.0589597225189209, 13072.0
0.06096506118774414, 13331.0
0.06297993659973145, 13770.0
0.06498503684997559, 14262.0
0.06697702407836914, 15232.0
0.06897306442260742, 15305.0
0.07096695899963379, 15611.0
0.0729529857635498, 16152.0
0.07494497299194336, 16274.0
0.07694482803344727, 16899.0
0.07892990112304688, 17140.0
0.0809168815612793, 17723.0
0.08291387557983398, 17994.0
0.08490586280822754, 18943.0
0.0868978500366211, 19914.0
0.0889127254486084, 20531.0
0.0908958911895752, 20810.0
0.09288287162780762, 21756.0
0.09487199783325195, 21785.0
0.09685802459716797, 22128.0
0.09883689880371094, 22478.0
0.10082888603210449, 23344.0
0.10281181335449219, 23464.0
0.1047978401184082, 24234.0
0.10677194595336914, 24407.0
0.10875487327575684, 25048.0
0.11072087287902832, 25193.0
0.11269879341125488, 25288.0
0.11466598510742188, 26216.0
0.11665678024291992, 26656.0
0.1186380386352539, 26813.0
0.12060093879699707, 27673.0
0.1226339340209961, 28668.0
0.12461376190185547, 29385.0
0.12658190727233887, 29434.0
0.12855792045593262, 29885.0
0.13053202629089355, 29980.0
0.13250398635864258, 30126.0
0.1344740390777588, 30437.0
0.13644790649414062, 31307.0
0.13841605186462402, 31562.0
0.1403818130493164, 32144.0
0.14236092567443848, 32974.0
0.14432787895202637, 33787.0
0.14629602432250977, 33808.0
0.14826583862304688, 34317.0
0.1502377986907959, 34971.0
0.1522071361541748, 35862.0
0.15417790412902832, 36729.0
0.15616202354431152, 37088.0
0.15813088417053223, 37852.0
0.16010117530822754, 37900.0
0.1620638370513916, 38070.0
0.164031982421875, 38130.0
0.1660017967224121, 38693.0
0.16797995567321777, 39573.0
0.16994094848632812, 39646.0
0.17190194129943848, 39769.0
0.17385292053222656, 40752.0
0.17580485343933105, 41618.0
0.177778959274292, 41998.0
0.1797330379486084, 42283.0
0.1817018985748291, 42750.0
0.1836538314819336, 43274.0
0.1856088638305664, 43321.0
0.18756508827209473, 44154.0
0.18951988220214844, 44702.0
0.19147801399230957, 45562.0
0.19342899322509766, 45981.0
0.19539713859558105, 46384.0
0.19735193252563477, 46874.0
0.19930601119995117, 46950.0
0.2012619972229004, 47440.0
0.2403559684753418, 47935.0
0.2655799388885498, 48288.0
0.2809908390045166, 48622.0
0.2964327335357666, 49533.0
0.3003251552581787, 50303.0
0.30228710174560547, 50578.0
0.421367883682251, 50987.0
0.44638991355895996, 51898.0
0.49817895889282227, 51915.0
0.5098159313201904, 52768.0
0.5137710571289062, 53725.0
0.5177710056304932, 54672.0
0.6615250110626221, 55558.0
1.8043549060821533, 55765.0
1.8062949180603027, 55880.0
2.0455448627471924, 56600.0
2.0531818866729736, 57195.0
2.055121898651123, 58169.0
2.076014995574951, 58522.0
2.2032759189605713, 59059.0
2.2090139389038086, 59644.0
2.262669086456299, 60364.0
2.3704988956451416, 60366.0
2.3743059635162354, 61075.0
2.444180965423584, 61790.0
2.9130659103393555, 62068.0
2.918653964996338, 62330.0
3.201608896255493, 62810.0
3.2164621353149414, 62932.0
3.260830879211426, 63261.0
3.2664120197296143, 63269.0
3.3034720420837402, 63877.0
3.510687828063965, 64538.0
3.547693967819214, 65118.0
3.5532867908477783, 65860.0
3.55517315864563, 66466.0
3.5700080394744873, 66545.0
3.634816884994507, 66730.0
3.6570680141448975, 67172.0
3.734786033630371, 67473.0
3.7385311126708984, 67575.0
3.7441048622131348, 68146.0
3.7792789936065674, 68180.0
3.864428997039795, 68231.0
3.9071249961853027, 68558.0
3.9108898639678955, 69543.0
3.914625883102417, 70103.0
3.933187961578369, 70730.0
3.936922073364258, 70735.0
3.9684090614318848, 71552.0
4.027640104293823, 71731.0
4.046190977096558, 72678.0
4.055480003356934, 72905.0
4.062912940979004, 73023.0
4.07591700553894, 73976.0
4.2116029262542725, 74750.0
4.381985902786255, 75265.0
4.3838770389556885, 75623.0
4.389480829238892, 75876.0
4.409834861755371, 76340.0
4.4117209911346436, 76723.0
4.480268955230713, 77183.0
4.680072784423828, 78045.0
4.682064771652222, 78654.0
4.730600833892822, 79060.0
4.9075047969818115, 79741.0
4.922650098800659, 80609.0
5.352839946746826, 80927.0
5.41936993598938, 80978.0
5.452606916427612, 81455.0
5.4618589878082275, 82144.0
5.498753070831299, 82651.0
5.504333019256592, 82702.0
5.626082897186279, 83448.0
5.987662076950073, 83920.0
6.051321029663086, 84523.0
6.105331897735596, 84814.0
6.583462953567505, 85268.0
6.589164972305298, 85668.0
6.6561760902404785, 86222.0
6.671357870101929, 86391.0
6.886800765991211, 87071.0
6.888675928115845, 87189.0
6.9421727657318115, 87294.0
6.960614919662476, 88178.0
6.986468076705933, 88678.0
7.048282146453857, 89075.0
7.1128318309783936, 89313.0
7.400216102600098, 89565.0
7.402091979980469, 89592.0
7.407664060592651, 90473.0
7.500385999679565, 91104.0
7.694095849990845, 91880.0
8.434937953948975, 92334.0
8.532900094985962, 92364.0
8.536637783050537, 92747.0
8.538514852523804, 92914.0
8.595761775970459, 93470.0
8.612396001815796, 94235.0
8.781770944595337, 94655.0
8.785576820373535, 95211.0
8.817055940628052, 95434.0
8.831840991973877, 95590.0
8.835548877716064, 96383.0
8.999733924865723, 96446.0
9.031089782714844, 96795.0
9.03296685218811, 96814.0
9.044037103652954, 96943.0
9.084628820419312, 97121.0
9.130750894546509, 97572.0
9.311311721801758, 97875.0
9.36108112335205, 98396.0
9.392421007156372, 98524.0
9.397990942001343, 98882.0
9.444298028945923, 99358.0
9.451706886291504, 100169.0
9.462798118591309, 100561.0
9.495942831039429, 101295.0
9.615684986114502, 101302.0
9.654381036758423, 101311.0
9.658110857009888, 101762.0
9.659997940063477, 102518.0
9.709764003753662, 102582.0
9.785309791564941, 102876.0
9.884829998016357, 102975.0
9.90514087677002, 103488.0
9.932798862457275, 103936.0
9.934680938720703, 104872.0
9.943907976150513, 105243.0
9.956849813461304, 105538.0
9.969842910766602, 105683.0
9.982789754867554, 105896.0
10.052855014801025, 105899.0
10.082356929779053, 106160.0
10.084235906600952, 106536.0
10.121082782745361, 107005.0
10.353173017501831, 107194.0
10.3771231174469, 107997.0
10.404904842376709, 108583.0
10.408638954162598, 109221.0
10.430797100067139, 109615.0
10.476879835128784, 109862.0
10.487957954406738, 109914.0
10.513754844665527, 110533.0
10.61686897277832, 110970.0
10.688975095748901, 111200.0
10.741532802581787, 111851.0
11.041131019592285, 111902.0
11.123877763748169, 112468.0
11.231494903564453, 113072.0
11.233443021774292, 113555.0
11.719852924346924, 113559.0
11.798604965209961, 113600.0
12.103610754013062, 113990.0
12.105561017990112, 114153.0
12.420339822769165, 114175.0
12.49664306640625, 114804.0
12.50804591178894, 115570.0
12.57066798210144, 115740.0
12.612345933914185, 116324.0
12.644634008407593, 116528.0
12.646564960479736, 117414.0
12.656080722808838, 118248.0
12.707266092300415, 118874.0
12.716784000396729, 118959.0
12.71880292892456, 119672.0
12.744853019714355, 120558.0
12.779226779937744, 121501.0
12.78689980506897, 121944.0
12.790745973587036, 122794.0
12.811743021011353, 123449.0
12.990943908691406, 123830.0
13.143497943878174, 123887.0
13.267496824264526, 124244.0
13.345723867416382, 124781.0
13.416266918182373, 125165.0
13.43531584739685, 126003.0
13.450562953948975, 126586.0
13.676815032958984, 126688.0
13.705253839492798, 126757.0
13.712857007980347, 127380.0
13.716670989990234, 127817.0
13.731821060180664, 128477.0
13.75265097618103, 129445.0
16.295021057128906, 129987.0
16.300649881362915, 130367.0
16.384370803833008, 130488.0
16.40115976333618, 131182.0
16.434701919555664, 131598.0
16.4478120803833, 132469.0
16.466439962387085, 133467.0
16.777143001556396, 134382.0
16.925201892852783, 135192.0
17.151768922805786, 135352.0
17.159192085266113, 136258.0
17.503759145736694, 136571.0
17.516687154769897, 136948.0
17.53147292137146, 137718.0
17.564762830734253, 138118.0
17.56665015220642, 138681.0
17.605434894561768, 138960.0
17.640558004379272, 139737.0
17.797253131866455, 140245.0
17.821249961853027, 141134.0
17.83234405517578, 141864.0
17.88969588279724, 142135.0
18.08542799949646, 142797.0
18.109455823898315, 143654.0
18.12615180015564, 144169.0
18.131727695465088, 144206.0
18.135461807250977, 144348.0
19.305696964263916, 144481.0
19.594969987869263, 144555.0
19.598833799362183, 145147.0
19.621775150299072, 145189.0
19.65041494369507, 145514.0
19.715237140655518, 145568.0
19.947244882583618, 145774.0
19.94923686981201, 146006.0
20.04538583755493, 146268.0
20.11415195465088, 146689.0
20.11614990234375, 147572.0
20.151482105255127, 147580.0
20.537636041641235, 147869.0
20.5396249294281, 148775.0
20.608092784881592, 149594.0
20.6688129901886, 149947.0
20.674717903137207, 150772.0
20.903210878372192, 151035.0
20.913121938705444, 151906.0
21.042972803115845, 151928.0
21.07438588142395, 152142.0
21.07835578918457, 152666.0
21.08624505996704, 153350.0
21.162675857543945, 153362.0
21.618238925933838, 153707.0
21.744786977767944, 153911.0
21.77742314338684, 154585.0
21.974533796310425, 154643.0
22.016361951828003, 155053.0
22.158883094787598, 155896.0
22.168423891067505, 156134.0
22.200820922851562, 156201.0
22.64580988883972, 156903.0
22.79401707649231, 157788.0
22.847373962402344, 157898.0
22.84930992126465, 158077.0
23.434558868408203, 158092.0
23.442309141159058, 158899.0
23.517481803894043, 159842.0
23.63321590423584, 160017.0
23.640978813171387, 160901.0
23.664155960083008, 161321.0
23.693115949630737, 161439.0
23.825665950775146, 161673.0
23.95833706855774, 162172.0
24.569031953811646, 162380.0
24.570982933044434, 163014.0
24.66692090034485, 163136.0
24.682342767715454, 163242.0
24.69007396697998, 163590.0
24.69587779045105, 163826.0
24.751526832580566, 164780.0
24.759240865707397, 165052.0
24.770781993865967, 165718.0
24.772735834121704, 165856.0
24.780449867248535, 166014.0
24.872750997543335, 166299.0
24.90924096107483, 166312.0
24.943795919418335, 166946.0
24.94575786590576, 167616.0
25.021952867507935, 168148.0
25.033512830734253, 168649.0
25.070029973983765, 168815.0
25.10653591156006, 169298.0
25.11428189277649, 169493.0
25.200682878494263, 169577.0
25.258266925811768, 169741.0
25.271745920181274, 170196.0
25.29676103591919, 171138.0
25.894551992416382, 171384.0
25.974716901779175, 171433.0
25.978508949279785, 172013.0
25.991711854934692, 172488.0
26.00302481651306, 172539.0
26.00681495666504, 172964.0
26.07254195213318, 172988.0
26.076344966888428, 173701.0
26.145920991897583, 174133.0
26.20800495147705, 174683.0
26.251240968704224, 174908.0
27.615930795669556, 175230.0
27.64213800430298, 175497.0
27.655229806900024, 175637.0
28.013672828674316, 175838.0
28.02305793762207, 175888.0
28.19107985496521, 176081.0
28.207926034927368, 177069.0
28.21915888786316, 177966.0
28.224808931350708, 178299.0
28.284623861312866, 178464.0
28.38736891746521, 178782.0
28.391145944595337, 178922.0
28.492027759552002, 179614.0
29.727131843566895, 179840.0
29.785002946853638, 180461.0
29.83362102508545, 180553.0
29.863507986068726, 180820.0
30.281743049621582, 181007.0
30.883397817611694, 181844.0
30.943031072616577, 182218.0
31.281736850738525, 182806.0
31.37872576713562, 182909.0
31.44952082633972, 183045.0
31.527765035629272, 183058.0
31.557601928710938, 184043.0
31.57426881790161, 184758.0
31.670114994049072, 185098.0
31.679352045059204, 185100.0
31.714405059814453, 185112.0
31.773452043533325, 185365.0
32.00196695327759, 185568.0
32.016769886016846, 185931.0
32.70804286003113, 186199.0
32.72465515136719, 186715.0
32.73944592475891, 187553.0
32.93110799789429, 187981.0
33.09511089324951, 188262.0
33.5494167804718, 188520.0
33.55496597290039, 189200.0
33.5697500705719, 189507.0
33.57530903816223, 189607.0
33.586390018463135, 189825.0
33.617774963378906, 190417.0
33.993924140930176, 190518.0
34.02162504196167, 191295.0
34.17839694023132, 191564.0
34.222678899765015, 191806.0
34.261435747146606, 191817.0
34.94194674491882, 192518.0
35.1040461063385, 193081.0
35.12803506851196, 193292.0
35.160452127456665, 193731.0
35.24350881576538, 193888.0
35.263837814331055, 194041.0
35.45191502571106, 194900.0
35.57537889480591, 195013.0
37.9213707447052, 195272.0
37.96967601776123, 195735.0
38.006364822387695, 195969.0
38.017969846725464, 196194.0
38.05829191207886, 196196.0
38.53813195228577, 196228.0
38.5513961315155, 197061.0
40.230957984924316, 197109.0
40.234813928604126, 197477.0
40.589011907577515, 197513.0
40.643949031829834, 197628.0
40.6496639251709, 198070.0
41.23230481147766, 198218.0
41.814444065093994, 198245.0
41.98468089103699, 199039.0
41.98660182952881, 199594.0
42.08502793312073, 200039.0
42.102131843566895, 200543.0
42.21984505653381, 200912.0
42.32043385505676, 201389.0
42.326151847839355, 202205.0
42.3469717502594, 202659.0
42.37346792221069, 203391.0
42.3753867149353, 204075.0
42.38865399360657, 204523.0
42.403841972351074, 204676.0
43.147987842559814, 204960.0
43.29185199737549, 205496.0
43.394208908081055, 205928.0
44.35562992095947, 205957.0
44.38891887664795, 206478.0
44.44625782966614, 207252.0
44.80358600616455, 207279.0
44.844308853149414, 207489.0
45.45270609855652, 207652.0
45.46571898460388, 208565.0
45.475001096725464, 208932.0
45.49356389045715, 209266.0
45.5102379322052, 210252.0
46.46300792694092, 210400.0
46.46668195724487, 211197.0
46.46852087974548, 212094.0
46.6041898727417, 212298.0
46.64031481742859, 212305.0
46.671042919158936, 212758.0
46.689111948013306, 213558.0
46.7162549495697, 214555.0
46.86601686477661, 214743.0
46.8732647895813, 215341.0
47.430022954940796, 215377.0
47.61049485206604, 216124.0
47.747533082962036, 216687.0
47.76201796531677, 216884.0
47.88822913169861, 217551.0
47.960463762283325, 217704.0
47.99122595787048, 217785.0
48.119568824768066, 217856.0
48.13943696022034, 218010.0
48.942922830581665, 218061.0
49.06226897239685, 218137.0
49.07132005691528, 218319.0
49.074970722198486, 219206.0
49.10749387741089, 219825.0
49.10934090614319, 220452.0
49.26461315155029, 220595.0
49.26646590232849, 221257.0
49.2683048248291, 222014.0
49.27918100357056, 222751.0
49.29903483390808, 223463.0
49.30448889732361, 224424.0
49.53135895729065, 224551.0
49.53320288658142, 225027.0
50.16589379310608, 225284.0
50.17489504814148, 225287.0
51.44823598861694, 225386.0
51.531574964523315, 225653.0
51.53877091407776, 225983.0
51.64985013008118, 226507.0
51.66422486305237, 227148.0
51.7860951423645, 227446.0
51.820188760757446, 227522.0
51.823808908462524, 228420.0
52.00495004653931, 228766.0
52.34568500518799, 229552.0
52.41027593612671, 229778.0
52.559157848358154, 229974.0
52.81924510002136, 230444.0
53.04517984390259, 230513.0
53.0954008102417, 230887.0
53.11158609390259, 230988.0
58.39919471740723, 231344.0
58.44212770462036, 231761.0
58.445761919021606, 232590.0
58.52440094947815, 232602.0
58.57093811035156, 232620.0
58.59242296218872, 233613.0
58.653260946273804, 233633.0
58.73199677467346, 234311.0
58.84645700454712, 234512.0
59.01107978820801, 235225.0
59.17548584938049, 235272.0
59.19160294532776, 236224.0
59.49193596839905, 236371.0
59.671875, 236410.0
60.03348779678345, 237281.0
60.052613735198975, 237393.0
60.06220006942749, 237771.0
60.11765384674072, 238287.0
60.161576986312866, 239145.0
60.21312093734741, 239860.0
60.24755096435547, 239863.0
60.31627702713013, 240472.0
60.32397389411926, 241175.0
60.335461139678955, 242170.0
60.35841774940491, 242818.0
60.388946771621704, 243020.0
60.42712187767029, 243371.0
60.88637089729309, 243564.0
60.93380880355835, 243597.0
60.954736948013306, 243788.0
60.95667600631714, 243818.0
60.96050977706909, 244011.0
61.008013010025024, 244530.0
61.083991050720215, 244631.0
61.2243549823761, 244637.0
61.23765707015991, 244974.0
61.28895902633667, 245557.0
61.36866497993469, 246363.0
61.416167974472046, 246500.0
61.433302879333496, 246882.0
61.43713998794556, 247528.0
61.52822709083557, 247959.0
61.5301570892334, 248639.0
61.54346704483032, 248680.0
61.59660887718201, 248859.0
61.60233283042908, 249512.0
61.72508001327515, 249757.0
61.727017879486084, 250335.0
64.14640402793884, 250558.0
64.4281439781189, 251007.0
64.69423484802246, 251154.0
64.87677097320557, 251683.0
64.99513792991638, 252021.0
64.99711585044861, 252254.0
65.02624893188477, 252796.0
65.05737686157227, 253708.0
65.07681202888489, 254225.0
66.23723602294922, 254268.0
66.260586977005, 254973.0
66.74598693847656, 255297.0
67.10806798934937, 255699.0
67.1253719329834, 256609.0
67.36342597007751, 256907.0
67.93854689598083, 257226.0
67.99235081672668, 257464.0
67.99622392654419, 258098.0
68.25538301467896, 258373.0
68.25733876228333, 258514.0
68.36452603340149, 258738.0
68.41989493370056, 259202.0
68.89145684242249, 259386.0
68.90287208557129, 259393.0
68.95795702934265, 260071.0
68.99590992927551, 261002.0
69.02625679969788, 261609.0
69.03576803207397, 262599.0
69.05099391937256, 262785.0
69.217946767807, 263251.0
69.34875273704529, 264039.0
69.38302493095398, 264118.0
69.43630480766296, 264716.0
69.44772505760193, 264824.0
69.52168393135071, 265033.0
69.58077001571655, 265753.0
69.6453309059143, 265930.0
69.70590901374817, 266058.0
69.7173171043396, 266978.0
69.94215893745422, 267197.0
69.94599175453186, 267391.0
69.95927596092224, 268389.0
70.38589191436768, 268797.0
70.38782000541687, 269736.0
70.40300703048706, 270209.0
70.66837882995605, 270500.0
70.69117999076843, 270637.0
70.98707699775696, 271060.0
71.15387487411499, 271325.0
71.17852592468262, 271359.0
71.18424010276794, 272341.0
71.20509886741638, 272887.0
71.26387000083923, 273399.0
71.30366396903992, 273521.0
71.62217092514038, 274230.0
71.72266006469727, 274730.0
71.83401584625244, 275306.0
71.92217588424683, 275992.0
71.95139694213867, 276180.0
71.97869205474854, 276338.0
72.27005577087402, 276431.0
72.54572701454163, 276864.0
72.67030811309814, 277019.0
72.9343490600586, 277439.0
72.94563603401184, 277865.0
72.96440005302429, 278463.0
72.98317003250122, 279447.0
73.17261791229248, 279946.0
73.21939873695374, 280071.0
73.2325348854065, 280118.0
73.7842128276825, 280712.0
73.83840298652649, 281420.0
73.91447710990906, 282049.0
73.92383694648743, 282954.0
73.93881011009216, 283523.0
74.63431906700134, 283760.0
74.6380729675293, 284477.0
74.64367890357971, 285094.0
74.71792674064636, 285139.0
74.7996118068695, 285846.0
74.87205195426941, 286449.0
74.88878989219666, 287044.0
74.98707294464111, 287955.0
75.15410685539246, 288845.0
75.22105598449707, 289333.0
75.32690978050232, 289466.0
75.33622980117798, 290159.0
75.3715488910675, 290190.0
75.4940459728241, 290329.0
75.50710701942444, 290411.0
75.52385783195496, 290564.0
75.53686499595642, 290879.0
75.5887839794159, 291242.0
75.83382487297058, 291467.0
75.84497594833374, 291925.0
75.84873390197754, 292403.0
75.91301083564758, 292668.0
76.63870310783386, 292773.0
76.78547978401184, 292887.0
76.9033739566803, 293429.0
76.93005108833313, 294192.0
76.98683285713196, 294301.0
77.00199294090271, 294455.0
77.45202994346619, 294542.0
77.76574897766113, 294891.0
77.78466773033142, 295863.0
78.35800004005432, 295922.0
79.31256294250488, 295976.0
79.50273394584656, 296332.0
80.0304057598114, 296689.0
80.09104299545288, 297103.0
80.17491793632507, 297921.0
80.95956087112427, 298413.0
80.97869896888733, 298594.0
81.06650805473328, 298883.0
81.1791160106659, 299412.0
81.26299905776978, 299575.0
81.71994590759277, 299871.0
82.68758082389832, 300713.0
83.01242280006409, 301011.0
83.01998996734619, 301745.0
83.1255190372467, 301931.0
83.14061784744263, 302096.0
83.15007901191711, 302482.0
84.31621980667114, 302749.0
84.45980286598206, 303384.0
84.75815081596375, 303942.0
84.80668783187866, 304830.0
85.80546689033508, 305318.0
85.82608294487, 305916.0
85.86897993087769, 306165.0
85.88393187522888, 307118.0
86.31808590888977, 307667.0
86.32185387611389, 307901.0
86.57364201545715, 308509.0
86.66312193870544, 308877.0
86.67435216903687, 309004.0
86.79361510276794, 309741.0
87.03224086761475, 310014.0
87.06398415565491, 310604.0
87.14786195755005, 311176.0
87.15720796585083, 311977.0
87.2022020816803, 312611.0
87.20785689353943, 313202.0
87.28066992759705, 313547.0
87.48783683776855, 314299.0
87.5232949256897, 314724.0
87.88705396652222, 315210.0
87.89828300476074, 315639.0
87.90018892288208, 316127.0
88.03085899353027, 316130.0
88.09239792823792, 316341.0
88.38201689720154, 316479.0
88.50746178627014, 316639.0
88.66620993614197, 317273.0
88.67799997329712, 317459.0
88.71127605438232, 318076.0
88.75246596336365, 318774.0
88.90329694747925, 319317.0
89.4533019065857, 319586.0
89.91525888442993, 319904.0
90.12621593475342, 320582.0
90.14718008041382, 320603.0
90.51539707183838, 320983.0
90.52326488494873, 321662.0
90.52720594406128, 321690.0
90.69450497627258, 322341.0
90.86357975006104, 322974.0
90.88303208351135, 323349.0
91.21293210983276, 323579.0
91.74819493293762, 323984.0
91.8563859462738, 324474.0
91.88735485076904, 325137.0
91.95437097549438, 325244.0
92.58453869819641, 325478.0
92.67611002922058, 325602.0
92.89946699142456, 325951.0
92.97009515762329, 325956.0
93.07706689834595, 326060.0
93.09809899330139, 326851.0
93.45697689056396, 327359.0
93.50283694267273, 327692.0
93.51815485954285, 327796.0
94.25265789031982, 328482.0
94.71361589431763, 328607.0
95.41045594215393, 328750.0
95.43706488609314, 328874.0
96.05419397354126, 329206.0
96.40387892723083, 329290.0
96.4981689453125, 329628.0
96.7881019115448, 329753.0
96.98979187011719, 329783.0
97.11799502372742, 330366.0
97.42168378829956, 330740.0
97.5726249217987, 331289.0
97.58396792411804, 331530.0
97.62544393539429, 331716.0
97.64430379867554, 332151.0
98.01316499710083, 333130.0
98.24845385551453, 333911.0
99.22365689277649, 334121.0
99.35754799842834, 335020.0
99.76990699768066, 335348.0
100.59658479690552, 335424.0
100.61607694625854, 336362.0
100.62972497940063, 337073.0
101.2624077796936, 337270.0
102.10873484611511, 337973.0
102.98178791999817, 337983.0
104.59195685386658, 338199.0
105.59494972229004, 338491.0
106.29412984848022, 339122.0
106.99145793914795, 339891.0
107.00132298469543, 339950.0
107.98194980621338, 340103.0
108.42439198493958, 340139.0
108.56854391098022, 340366.0
109.35133004188538, 340909.0
110.06850290298462, 341271.0
110.1604630947113, 341715.0
110.26970386505127, 341936.0
110.41331195831299, 342622.0
111.50232076644897, 343021.0
111.56997799873352, 343158.0
111.65116786956787, 343687.0
111.68403100967407, 344005.0
111.68599605560303, 344694.0
113.1422667503357, 344932.0
113.85982894897461, 345244.0
114.08838701248169, 345602.0
117.0250518321991, 346138.0
118.03555393218994, 346521.0
122.1285970211029, 347298.0
129.55597591400146, 347335.0
130.606782913208, 347656.0
132.62241506576538, 348560.0
132.91167092323303, 348563.0
134.18774390220642, 348732.0
137.51482892036438, 349007.0
137.9192328453064, 349560.0
138.40014386177063, 350465.0
141.42442107200623, 350497.0
142.2905421257019, 350581.0
