0.20889496803283691, 10824.0
0.3569619655609131, 10989.0
0.5053620338439941, 11085.0
0.6535689830780029, 11259.0
0.8018429279327393, 11397.0
0.9516088962554932, 11478.0
1.1016218662261963, 11726.0
1.2505340576171875, 11844.0
1.4020230770111084, 12270.0
1.552644968032837, 12291.0
1.702233076095581, 12291.0
1.8517789840698242, 12291.0
2.001616954803467, 12441.0
2.1522867679595947, 12746.0
2.3024768829345703, 12746.0
2.45381498336792, 12916.0
2.6050238609313965, 12916.0
2.755828857421875, 13071.0
2.9069747924804688, 13288.0
3.058830976486206, 13288.0
3.2104389667510986, 13288.0
3.373756170272827, 13398.0
3.5322210788726807, 13570.0
3.688978910446167, 13629.0
3.8450679779052734, 13807.0
3.998250961303711, 13807.0
4.150545120239258, 13953.0
4.302835941314697, 13983.0
4.456196069717407, 13983.0
4.608432054519653, 14033.0
4.764878034591675, 14094.0
4.929188966751099, 14105.0
5.086852073669434, 14444.0
5.2437779903411865, 14444.0
5.396524906158447, 14444.0
5.551310062408447, 14495.0
5.7043890953063965, 14516.0
5.857209920883179, 14753.0
6.010623931884766, 14753.0
6.1646130084991455, 14789.0
6.317684888839722, 14858.0
6.470826864242554, 14858.0
6.624061822891235, 15152.0
6.77780294418335, 15152.0
6.93112587928772, 15152.0
7.084913969039917, 15152.0
7.238615036010742, 15188.0
7.392552852630615, 15211.0
7.548089981079102, 15242.0
7.70183801651001, 15282.0
7.855406999588013, 15291.0
8.008933067321777, 15291.0
8.163596868515015, 15372.0
8.317741870880127, 15482.0
8.471788883209229, 15482.0
8.62587308883667, 15506.0
8.779930114746094, 15534.0
8.93370008468628, 15739.0
9.08765983581543, 15739.0
9.241909980773926, 15739.0
9.395892858505249, 15761.0
9.550065994262695, 15761.0
9.705657005310059, 15795.0
9.859799861907959, 15810.0
10.013890981674194, 15860.0
10.1681067943573, 15881.0
10.322653770446777, 15982.0
10.476958990097046, 15982.0
10.631133794784546, 16010.0
10.785433053970337, 16010.0
10.939602136611938, 16059.0
11.093875885009766, 16117.0
11.248394966125488, 16131.0
11.402849912643433, 16185.0
11.557718992233276, 16185.0
11.71396803855896, 16185.0
11.868738889694214, 16185.0
12.023571968078613, 16212.0
12.178193092346191, 16310.0
12.332403898239136, 16310.0
12.48649787902832, 16310.0
12.640538930892944, 16345.0
12.794681072235107, 16345.0
12.948975086212158, 16394.0
13.103156805038452, 16397.0
13.257116079330444, 16397.0
13.411325931549072, 16397.0
13.566529989242554, 16448.0
13.722594022750854, 16448.0
13.877082109451294, 16579.0
14.031353950500488, 16579.0
14.185571908950806, 16579.0
14.339895009994507, 16579.0
14.49498701095581, 16579.0
14.650094985961914, 16581.0
14.804530143737793, 16581.0
14.959005117416382, 16581.0
15.113630771636963, 16614.0
15.268210172653198, 16614.0
15.422663927078247, 16614.0
15.577254056930542, 16614.0
15.734323978424072, 16614.0
15.890778064727783, 16614.0
16.046870946884155, 16614.0
16.202706813812256, 16614.0
16.358426094055176, 16614.0
16.514086961746216, 16662.0
16.670047998428345, 16662.0
16.825763940811157, 16662.0
16.981642961502075, 16671.0
17.13751792907715, 16671.0
17.293609857559204, 16735.0
17.44971990585327, 16735.0
17.60588002204895, 16735.0
17.7633318901062, 16735.0
17.919742822647095, 16735.0
18.07547688484192, 16735.0
18.231426000595093, 16735.0
18.38729214668274, 16735.0
18.543006896972656, 16753.0
18.69901204109192, 16753.0
18.85495901107788, 16776.0
19.010662078857422, 16810.0
19.1665358543396, 16821.0
19.322566032409668, 16821.0
19.478585958480835, 16821.0
19.634493827819824, 16821.0
19.792021989822388, 16821.0
19.94816780090332, 16821.0
20.104329824447632, 16821.0
20.261255741119385, 16834.0
20.417526960372925, 16834.0
20.573596000671387, 16855.0
20.730506896972656, 16855.0
20.887274980545044, 16855.0
21.04329800605774, 16865.0
21.20009994506836, 16939.0
21.36091685295105, 16939.0
21.51769495010376, 16939.0
21.67439293861389, 16939.0
21.83250594139099, 16939.0
21.989495992660522, 16942.0
22.146909952163696, 16942.0
22.304064989089966, 16993.0
22.46096706390381, 17055.0
22.617881059646606, 17055.0
22.775150060653687, 17055.0
22.932097911834717, 17055.0
23.089384078979492, 17055.0
23.24729299545288, 17055.0
23.404815912246704, 17055.0
23.562579870224, 17101.0
23.720168828964233, 17101.0
23.879682064056396, 17101.0
24.03737998008728, 17101.0
24.19528579711914, 17101.0
24.35625696182251, 17101.0
24.514747142791748, 17111.0
24.672492027282715, 17111.0
24.830358028411865, 17111.0
24.988455057144165, 17111.0
25.147202014923096, 17111.0
25.30555486679077, 17111.0
25.463852882385254, 17111.0
25.62229895591736, 17111.0
25.780489921569824, 17111.0
25.940202951431274, 17111.0
26.099323987960815, 17111.0
26.257794857025146, 17111.0
26.41619300842285, 17111.0
26.57515001296997, 17121.0
26.732810974121094, 17129.0
26.890364170074463, 17129.0
27.04824209213257, 17142.0
27.206490993499756, 17142.0
27.36426591873169, 17142.0
27.52166175842285, 17142.0
27.68020486831665, 17162.0
27.83810806274414, 17162.0
27.99859595298767, 17162.0
28.1578631401062, 17162.0
28.31653594970703, 17170.0
28.475523948669434, 17170.0
28.63433003425598, 17198.0
28.79848599433899, 17198.0
28.957853078842163, 17198.0
29.116724967956543, 17198.0
29.275514125823975, 17198.0
29.433502912521362, 17198.0
29.592802047729492, 17198.0
29.752815008163452, 17198.0
29.912230968475342, 17199.0
30.071056127548218, 17224.0
30.228426933288574, 17224.0
30.385617971420288, 17224.0
30.54271697998047, 17224.0
30.699876070022583, 17224.0
30.857213735580444, 17261.0
31.015662908554077, 17314.0
31.174565076828003, 17314.0
31.33239483833313, 17314.0
