0.009894847869873047, 1792.0
0.018428802490234375, 1794.0
0.026894092559814453, 1994.0
0.03539776802062988, 1994.0
0.04400491714477539, 2008.0
0.05284404754638672, 2096.0
0.06159782409667969, 2096.0
0.07030892372131348, 2096.0
0.07912182807922363, 2154.0
0.0879209041595459, 2154.0
0.0967719554901123, 2283.0
0.1057288646697998, 2283.0
0.11467385292053223, 2283.0
0.12363290786743164, 2295.0
0.13260197639465332, 2295.0
0.14159512519836426, 2295.0
0.15059185028076172, 2295.0
0.15961480140686035, 2295.0
0.16863584518432617, 2296.0
0.1776869297027588, 2296.0
0.1867659091949463, 2296.0
0.19587302207946777, 2296.0
0.20500993728637695, 2296.0
0.21415400505065918, 2296.0
0.2233109474182129, 2296.0
0.23244690895080566, 2296.0
0.24161982536315918, 2296.0
0.2507438659667969, 2296.0
0.25992584228515625, 2296.0
0.2690889835357666, 2296.0
0.27823591232299805, 2296.0
0.2873809337615967, 2296.0
0.2965269088745117, 2296.0
0.30567383766174316, 2296.0
0.31493091583251953, 2296.0
0.3240540027618408, 2296.0
0.33319592475891113, 2296.0
0.3424508571624756, 2296.0
0.35158491134643555, 2296.0
0.3607449531555176, 2296.0
0.3699009418487549, 2296.0
0.37910914421081543, 2296.0
0.388247013092041, 2296.0
0.39739108085632324, 2296.0
0.40654683113098145, 2296.0
0.41571807861328125, 2296.0
0.42488598823547363, 2296.0
0.4340369701385498, 2296.0
0.4432098865509033, 2296.0
0.45243096351623535, 2296.0
0.4619178771972656, 2296.0
0.471405029296875, 2296.0
0.48093295097351074, 2296.0
0.4901108741760254, 2296.0
0.4992527961730957, 2296.0
0.5083839893341064, 2296.0
0.5175149440765381, 2296.0
0.526669979095459, 2296.0
0.5359208583831787, 2296.0
0.5452070236206055, 2296.0
0.5543749332427979, 2296.0
0.563539981842041, 2296.0
0.5726728439331055, 2296.0
0.581779956817627, 2296.0
0.5909209251403809, 2296.0
0.6000869274139404, 2296.0
0.6092259883880615, 2296.0
0.6183638572692871, 2296.0
0.6275298595428467, 2296.0
0.6366608142852783, 2296.0
0.6458408832550049, 2296.0
0.6549649238586426, 2296.0
0.6640801429748535, 2296.0
0.6732268333435059, 2296.0
0.6823630332946777, 2296.0
0.6914989948272705, 2296.0
0.7006220817565918, 2296.0
0.7097749710083008, 2296.0
0.7189018726348877, 2296.0
0.7280550003051758, 2296.0
0.7371768951416016, 2296.0
0.7463269233703613, 2296.0
0.7554519176483154, 2296.0
0.7645838260650635, 2296.0
0.7737159729003906, 2296.0
0.7829029560089111, 2296.0
0.792050838470459, 2296.0
0.8012001514434814, 2296.0
0.8103950023651123, 2296.0
0.8195278644561768, 2296.0
0.8286929130554199, 2296.0
0.8378207683563232, 2296.0
0.8469717502593994, 2296.0
0.8561310768127441, 2296.0
0.8652768135070801, 2296.0
0.8743999004364014, 2296.0
0.8835809230804443, 2296.0
0.8927347660064697, 2296.0
0.9018490314483643, 2296.0
0.9109921455383301, 2296.0
0.920133113861084, 2296.0
0.9292619228363037, 2296.0
0.9383869171142578, 2296.0
0.9475698471069336, 2296.0
0.9566798210144043, 2296.0
0.9658527374267578, 2296.0
0.9749448299407959, 2296.0
0.9843318462371826, 2296.0
0.9935100078582764, 2296.0
1.0027899742126465, 2296.0
1.0118887424468994, 2296.0
1.021049976348877, 2296.0
1.0302350521087646, 2296.0
1.0393640995025635, 2296.0
1.048501968383789, 2296.0
1.0580778121948242, 2296.0
1.0677728652954102, 2296.0
1.0772159099578857, 2296.0
1.0866191387176514, 2296.0
1.09574294090271, 2296.0
1.104914903640747, 2296.0
1.1140508651733398, 2296.0
1.1231698989868164, 2296.0
1.1322460174560547, 2296.0
1.141385793685913, 2296.0
1.1504979133605957, 2296.0
1.1596288681030273, 2296.0
1.168781042098999, 2296.0
1.1779098510742188, 2296.0
1.186992883682251, 2296.0
1.196354866027832, 2296.0
1.2054529190063477, 2296.0
1.2145798206329346, 2296.0
1.2236919403076172, 2296.0
1.2328360080718994, 2296.0
1.2419729232788086, 2296.0
1.251079797744751, 2296.0
1.2601897716522217, 2296.0
1.269373893737793, 2296.0
1.278486967086792, 2296.0
1.2875969409942627, 2296.0
1.2967798709869385, 2296.0
1.3058948516845703, 2296.0
1.3150429725646973, 2296.0
1.3245229721069336, 2296.0
1.3339059352874756, 2296.0
1.343195915222168, 2296.0
1.3524730205535889, 2296.0
1.3618450164794922, 2296.0
1.3712518215179443, 2296.0
1.3806147575378418, 2296.0
1.3899650573730469, 2296.0
1.3993148803710938, 2296.0
1.4086661338806152, 2296.0
1.4180269241333008, 2296.0
1.42734694480896, 2296.0
1.4366559982299805, 2296.0
1.4460358619689941, 2296.0
1.4553709030151367, 2296.0
1.464771032333374, 2296.0
1.4741809368133545, 2296.0
1.4840099811553955, 2296.0
1.4937279224395752, 2296.0
1.503462791442871, 2296.0
1.5131900310516357, 2296.0
1.5229120254516602, 2296.0
1.532310962677002, 2296.0
1.5416529178619385, 2296.0
1.5510048866271973, 2296.0
1.5603768825531006, 2296.0
1.5697479248046875, 2296.0
1.5791258811950684, 2296.0
1.5884840488433838, 2296.0
1.5978538990020752, 2296.0
1.6072187423706055, 2296.0
1.6165738105773926, 2296.0
1.6259360313415527, 2296.0
1.6353189945220947, 2296.0
1.6446619033813477, 2296.0
1.6540489196777344, 2296.0
1.6634058952331543, 2296.0
1.6727688312530518, 2296.0
1.6821889877319336, 2296.0
1.691654920578003, 2296.0
1.7011151313781738, 2296.0
1.7105090618133545, 2296.0
1.719980001449585, 2296.0
1.7294678688049316, 2296.0
1.7389607429504395, 2296.0
1.748553991317749, 2296.0
1.7580897808074951, 2296.0
1.7676467895507812, 2296.0
1.777383804321289, 2296.0
1.7869069576263428, 2296.0
1.796360969543457, 2296.0
1.8058218955993652, 2296.0
1.815406084060669, 2296.0
1.8249728679656982, 2296.0
1.8343427181243896, 2296.0
1.8435509204864502, 2296.0
1.8527710437774658, 2296.0
