0.050434112548828125, 4017.0
0.08824896812438965, 4190.0
0.12592315673828125, 4274.0
0.16415619850158691, 4596.0
0.20259618759155273, 4822.0
0.24115514755249023, 4877.0
0.2798590660095215, 5086.0
0.3187901973724365, 5098.0
0.35738611221313477, 5397.0
0.3961670398712158, 5397.0
0.4350261688232422, 5588.0
0.4738931655883789, 5611.0
0.5128769874572754, 5686.0
0.55214524269104, 5686.0
0.591306209564209, 5704.0
0.6306331157684326, 5990.0
0.6701281070709229, 5997.0
0.7109229564666748, 6106.0
0.7508373260498047, 6109.0
0.7907109260559082, 6110.0
0.8307161331176758, 6208.0
0.8708572387695312, 6245.0
0.9110572338104248, 6305.0
0.9513061046600342, 6506.0
0.9916031360626221, 6506.0
1.0319359302520752, 6506.0
1.072235107421875, 6506.0
1.1126010417938232, 6582.0
1.1530139446258545, 6598.0
1.1934211254119873, 6700.0
1.233971118927002, 6700.0
1.2744941711425781, 6703.0
1.3150250911712646, 6703.0
1.3556289672851562, 6703.0
1.396225929260254, 6703.0
1.4368400573730469, 6781.0
1.4775400161743164, 6804.0
1.5182750225067139, 6812.0
1.5590460300445557, 6816.0
1.599839210510254, 6816.0
1.6406230926513672, 6816.0
1.6815242767333984, 6912.0
1.7224149703979492, 6912.0
1.7633161544799805, 6916.0
1.804232120513916, 6916.0
1.845168113708496, 6916.0
1.8860609531402588, 6916.0
1.9290122985839844, 6916.0
1.9705300331115723, 6917.0
2.011784076690674, 6917.0
2.05304217338562, 6917.0
2.094287157058716, 6917.0
2.1355419158935547, 7016.0
2.1768691539764404, 7016.0
2.2181973457336426, 7016.0
2.2595949172973633, 7016.0
2.3009960651397705, 7016.0
2.3423900604248047, 7016.0
2.3837711811065674, 7016.0
2.42514705657959, 7016.0
2.4664320945739746, 7016.0
2.5077221393585205, 7016.0
2.5490243434906006, 7016.0
2.5903191566467285, 7016.0
2.6316089630126953, 7016.0
2.6728920936584473, 7016.0
2.7142162322998047, 7016.0
2.7555501461029053, 7016.0
2.7975940704345703, 7016.0
2.8394789695739746, 7016.0
2.8810911178588867, 7016.0
2.922619104385376, 7016.0
2.9640491008758545, 7016.0
3.0054240226745605, 7016.0
3.046905994415283, 7016.0
3.0881900787353516, 7016.0
3.1294760704040527, 7016.0
3.1707611083984375, 7016.0
3.2120301723480225, 7016.0
3.2540032863616943, 7016.0
3.296333074569702, 7016.0
3.33882212638855, 7016.0
3.3813302516937256, 7016.0
3.425002336502075, 7016.0
3.467879056930542, 7016.0
3.5100700855255127, 7016.0
3.5521702766418457, 7016.0
3.594398260116577, 7016.0
3.6368889808654785, 7016.0
3.6796112060546875, 7016.0
3.722194194793701, 7016.0
3.7643282413482666, 7016.0
3.805617094039917, 7016.0
3.8467750549316406, 7016.0
3.8880631923675537, 7016.0
3.9292430877685547, 7016.0
3.9723691940307617, 7016.0
4.013552188873291, 7016.0
4.054827928543091, 7016.0
4.095904350280762, 7016.0
4.136929988861084, 7016.0
4.177898168563843, 7016.0
4.218903064727783, 7016.0
4.259933233261108, 7016.0
4.300894260406494, 7016.0
4.342026948928833, 7016.0
4.383170127868652, 7016.0
4.424210071563721, 7016.0
4.4651429653167725, 7016.0
4.506156921386719, 7016.0
4.547150135040283, 7016.0
4.588119983673096, 7016.0
4.6290600299835205, 7016.0
4.6703941822052, 7016.0
4.7120020389556885, 7016.0
4.752964019775391, 7016.0
4.793906211853027, 7016.0
4.8349480628967285, 7016.0
4.876552104949951, 7016.0
4.917740106582642, 7016.0
4.959914922714233, 7016.0
5.0020530223846436, 7016.0
5.044070243835449, 7016.0
5.086863040924072, 7016.0
5.129913091659546, 7016.0
5.171627998352051, 7016.0
5.2133190631866455, 7016.0
5.2553510665893555, 7016.0
5.297467231750488, 7016.0
5.339637279510498, 7016.0
5.382148027420044, 7016.0
5.424726963043213, 7016.0
5.468266248703003, 7016.0
5.509361028671265, 7016.0
5.550377130508423, 7016.0
5.5913801193237305, 7016.0
5.632469892501831, 7016.0
5.6737189292907715, 7016.0
5.714776039123535, 7016.0
5.756010293960571, 7016.0
5.797008037567139, 7016.0
5.837984323501587, 7016.0
5.878974199295044, 7016.0
5.919925928115845, 7016.0
5.960931062698364, 7016.0
6.002870082855225, 7016.0
6.044405937194824, 7016.0
6.085299253463745, 7016.0
6.12623405456543, 7016.0
6.167253255844116, 7016.0
6.208194017410278, 7016.0
6.249186992645264, 7016.0
6.29023003578186, 7016.0
6.331180095672607, 7016.0
6.372243165969849, 7016.0
6.4131691455841064, 7016.0
6.4541239738464355, 7016.0
6.495089054107666, 7016.0
6.53606390953064, 7016.0
6.5769431591033936, 7016.0
6.617907285690308, 7016.0
6.658903121948242, 7016.0
6.699838161468506, 7016.0
6.740837097167969, 7016.0
6.781829118728638, 7016.0
6.822668075561523, 7016.0
6.863569021224976, 7016.0
6.904493093490601, 7016.0
6.945341110229492, 7016.0
6.986257076263428, 7016.0
7.027247190475464, 7016.0
7.068130970001221, 7016.0
7.109133958816528, 7016.0
7.150080919265747, 7016.0
7.1912500858306885, 7016.0
7.232166051864624, 7016.0
7.273115158081055, 7016.0
7.313942909240723, 7016.0
7.354819059371948, 7016.0
7.3957202434539795, 7016.0
7.436591148376465, 7016.0
7.477957010269165, 7016.0
7.519027233123779, 7016.0
7.559826135635376, 7016.0
7.600748062133789, 7016.0
7.641561985015869, 7016.0
7.682631254196167, 7016.0
7.723587989807129, 7016.0
7.764565944671631, 7016.0
7.805485963821411, 7016.0
7.846783876419067, 7017.0
7.888231039047241, 7017.0
7.929189205169678, 7017.0
7.970015287399292, 7017.0
8.010903120040894, 7017.0
8.053025007247925, 7017.0
8.093972206115723, 7017.0
8.134826183319092, 7017.0
8.175641059875488, 7017.0
8.216560125350952, 7017.0
8.257546186447144, 7017.0
