0.019186019897460938, 1889.0
0.03530097007751465, 1889.0
0.05112624168395996, 2095.0
0.06674599647521973, 2095.0
0.0823659896850586, 2258.0
0.09813308715820312, 2258.0
0.11388397216796875, 2258.0
0.12962102890014648, 2271.0
0.1454920768737793, 2386.0
0.161391019821167, 2397.0
0.17740511894226074, 2496.0
0.19341802597045898, 2546.0
0.20947694778442383, 2553.0
0.22571086883544922, 2553.0
0.24183297157287598, 2591.0
0.2579312324523926, 2591.0
0.2740628719329834, 2591.0
0.290233850479126, 2593.0
0.30657291412353516, 2597.0
0.3231508731842041, 2597.0
0.33939218521118164, 2597.0
0.35570383071899414, 2597.0
0.3719949722290039, 2597.0
0.3882589340209961, 2597.0
0.40453100204467773, 2597.0
0.42079806327819824, 2597.0
0.4370698928833008, 2597.0
0.45336103439331055, 2597.0
0.4696071147918701, 2597.0
0.4859659671783447, 2597.0
0.5022389888763428, 2597.0
0.5190999507904053, 2597.0
0.5357348918914795, 2597.0
0.5524230003356934, 2597.0
0.5691421031951904, 2597.0
0.5858280658721924, 2597.0
0.6024668216705322, 2597.0
0.6190800666809082, 2597.0
0.6357600688934326, 2597.0
0.6524460315704346, 2597.0
0.6696360111236572, 2597.0
0.6869330406188965, 2597.0
0.7042160034179688, 2597.0
0.7211811542510986, 2597.0
0.7377629280090332, 2597.0
0.754345178604126, 2597.0
0.7709579467773438, 2597.0
0.7875328063964844, 2597.0
0.8040962219238281, 2597.0
0.8206450939178467, 2597.0
0.8372249603271484, 2597.0
0.8537991046905518, 2597.0
0.8704390525817871, 2597.0
0.8871419429779053, 2597.0
0.9038949012756348, 2597.0
0.920661211013794, 2597.0
0.937493085861206, 2597.0
0.9543068408966064, 2597.0
0.9712979793548584, 2597.0
0.9879908561706543, 2597.0
1.004931926727295, 2597.0
1.0214838981628418, 2597.0
1.0377600193023682, 2597.0
1.0540189743041992, 2597.0
1.07027006149292, 2597.0
1.0864830017089844, 2597.0
1.1027350425720215, 2597.0
1.1190190315246582, 2597.0
1.135246992111206, 2597.0
1.1521251201629639, 2597.0
1.168632984161377, 2597.0
1.1849181652069092, 2597.0
1.2011358737945557, 2597.0
1.2174029350280762, 2597.0
1.2336740493774414, 2597.0
1.249952793121338, 2597.0
1.2661619186401367, 2597.0
1.2823681831359863, 2597.0
1.2986021041870117, 2597.0
1.3148839473724365, 2597.0
1.331176996231079, 2597.0
1.3474609851837158, 2597.0
1.3636720180511475, 2597.0
1.3799231052398682, 2597.0
1.3961269855499268, 2597.0
1.412369966506958, 2597.0
1.4285929203033447, 2597.0
1.4448399543762207, 2597.0
1.4610850811004639, 2597.0
1.4773139953613281, 2597.0
1.493589162826538, 2597.0
1.5098719596862793, 2597.0
1.5260870456695557, 2597.0
1.5423529148101807, 2597.0
1.558547019958496, 2597.0
1.5747990608215332, 2597.0
1.5909960269927979, 2597.0
1.6072421073913574, 2597.0
1.62347412109375, 2597.0
1.6397027969360352, 2597.0
1.6559240818023682, 2597.0
1.672111988067627, 2597.0
1.6883318424224854, 2597.0
1.7045800685882568, 2597.0
1.72084379196167, 2597.0
1.7370641231536865, 2597.0
1.7539269924163818, 2597.0
1.7707421779632568, 2597.0
1.7869999408721924, 2597.0
1.8032112121582031, 2597.0
1.8194589614868164, 2597.0
1.8356680870056152, 2597.0
1.8519361019134521, 2597.0
1.8681390285491943, 2597.0
1.8843820095062256, 2597.0
1.9006779193878174, 2597.0
1.9168851375579834, 2597.0
1.933039903640747, 2597.0
1.949281930923462, 2597.0
1.965451955795288, 2597.0
1.981661081314087, 2597.0
1.9978489875793457, 2597.0
2.014106035232544, 2597.0
2.0302622318267822, 2597.0
2.0464470386505127, 2597.0
2.0626001358032227, 2597.0
2.0788052082061768, 2597.0
2.0949690341949463, 2597.0
2.1111907958984375, 2597.0
2.1273579597473145, 2597.0
2.143770933151245, 2597.0
2.160322904586792, 2597.0
2.1768548488616943, 2597.0
2.193067789077759, 2597.0
2.209268093109131, 2597.0
2.2254481315612793, 2597.0
2.2415881156921387, 2597.0
2.257760763168335, 2597.0
2.2739851474761963, 2597.0
2.290123224258423, 2597.0
2.306381940841675, 2597.0
2.3225159645080566, 2597.0
2.3387291431427, 2597.0
2.354868173599243, 2597.0
2.3710570335388184, 2597.0
2.3871688842773438, 2597.0
2.403414011001587, 2597.0
2.419572114944458, 2597.0
2.435744047164917, 2597.0
2.451914072036743, 2597.0
2.4680988788604736, 2597.0
2.484316110610962, 2597.0
2.5006208419799805, 2597.0
2.5171008110046387, 2597.0
2.533290147781372, 2597.0
2.54949688911438, 2597.0
2.565670967102051, 2597.0
2.581965923309326, 2597.0
2.5982460975646973, 2597.0
2.61446213722229, 2597.0
2.6306629180908203, 2597.0
2.6468491554260254, 2597.0
2.663141965866089, 2597.0
2.6793391704559326, 2597.0
2.695535898208618, 2597.0
2.711760997772217, 2597.0
2.7279529571533203, 2597.0
2.7441811561584473, 2597.0
2.7603600025177, 2597.0
2.7765278816223145, 2597.0
2.792732000350952, 2597.0
2.808912992477417, 2597.0
2.8254969120025635, 2597.0
2.8418169021606445, 2597.0
2.8581762313842773, 2597.0
2.8748960494995117, 2597.0
2.8914971351623535, 2597.0
2.9081549644470215, 2597.0
2.9248158931732178, 2597.0
2.9414291381835938, 2597.0
2.958017110824585, 2597.0
2.9747190475463867, 2597.0
2.9913129806518555, 2597.0
3.00803804397583, 2597.0
3.0252251625061035, 2597.0
3.0424258708953857, 2597.0
3.059636116027832, 2597.0
3.076289176940918, 2597.0
3.0928468704223633, 2597.0
3.109384059906006, 2597.0
3.1258809566497803, 2597.0
3.142491102218628, 2597.0
3.1590230464935303, 2597.0
3.1755809783935547, 2597.0
3.1921298503875732, 2597.0
3.2086639404296875, 2597.0
3.225302219390869, 2597.0
3.2419328689575195, 2597.0
3.2586300373077393, 2597.0
3.275402069091797, 2597.0
3.2922189235687256, 2597.0
