0.0009758472442626953, 593.0
0.001953125, 896.0
0.0029249191284179688, 1537.0
0.003950834274291992, 1767.0
0.00492405891418457, 2556.0
0.005913972854614258, 3230.0
0.00689387321472168, 3506.0
0.007864952087402344, 3827.0
0.00883793830871582, 4699.0
0.00980997085571289, 5141.0
0.010777950286865234, 5635.0
0.01174783706665039, 5807.0
0.012716054916381836, 6613.0
0.013684988021850586, 7394.0
0.014673948287963867, 8225.0
0.015646934509277344, 8518.0
0.0166170597076416, 9324.0
0.017586946487426758, 10175.0
0.018558979034423828, 10368.0
0.019531965255737305, 10884.0
0.02051377296447754, 11293.0
0.02148580551147461, 11908.0
0.02245783805847168, 12261.0
0.02342987060546875, 12552.0
0.02440190315246582, 12785.0
0.025372028350830078, 12786.0
0.02634286880493164, 13099.0
0.02731490135192871, 13711.0
0.02828502655029297, 13901.0
0.02925896644592285, 14941.0
0.030230045318603516, 15158.0
0.031201839447021484, 15591.0
0.03217482566833496, 15937.0
0.03316211700439453, 16086.0
0.0341341495513916, 16347.0
0.035104990005493164, 16950.0
0.03607606887817383, 17025.0
0.0370488166809082, 17959.0
0.03801989555358887, 18392.0
0.038992881774902344, 18930.0
0.03996610641479492, 19105.0
0.040936946868896484, 19885.0
0.04190802574157715, 19886.0
0.04289698600769043, 19887.0
0.04388093948364258, 20579.0
0.04485297203063965, 21509.0
0.045828819274902344, 22324.0
0.04681396484375, 22791.0
0.04970097541809082, 23298.0
0.0506749153137207, 23299.0
0.05164694786071777, 23545.0
0.05261707305908203, 23546.0
0.05359196662902832, 23913.0
0.05456399917602539, 24113.0
0.056485891342163086, 24487.0
0.06032896041870117, 24543.0
0.09165596961975098, 24633.0
0.12857389450073242, 24683.0
0.7513909339904785, 24711.0
0.7703249454498291, 24780.0
0.771287202835083, 24781.0
0.8449990749359131, 24863.0
0.9187929630279541, 24925.0
1.050266981124878, 24954.0
4.938493013381958, 25059.0
5.017198801040649, 25088.0
5.081279993057251, 25126.0
5.146375894546509, 25264.0
5.165318012237549, 25339.0
5.170055866241455, 25357.0
5.172897100448608, 25615.0
5.284237861633301, 25625.0
5.333220958709717, 25648.0
5.349263906478882, 25649.0
5.733904838562012, 25656.0
5.747359991073608, 25657.0
6.876862049102783, 25741.0
6.931358098983765, 25747.0
6.953566074371338, 25777.0
6.969289064407349, 25868.0
6.9997639656066895, 25938.0
7.0044097900390625, 25972.0
7.007200002670288, 25988.0
7.017390966415405, 26072.0
7.051995038986206, 26108.0
7.070874929428101, 26164.0
7.159073829650879, 26193.0
7.1803038120269775, 26268.0
8.366049766540527, 26341.0
8.41413402557373, 26430.0
9.645688772201538, 26465.0
9.690018892288208, 26568.0
9.693733930587769, 26569.0
9.744642972946167, 26617.0
9.809264898300171, 26721.0
9.814822912216187, 26729.0
9.825021028518677, 26730.0
9.85366678237915, 26774.0
9.861982107162476, 26819.0
9.902656078338623, 26943.0
22.710455894470215, 26991.0
22.765950918197632, 27011.0
22.797065019607544, 27103.0
22.80873703956604, 27218.0
22.82040786743164, 27244.0
23.14844298362732, 27347.0
23.37806487083435, 27468.0
23.539005994796753, 27505.0
23.54677987098694, 27506.0
23.842003107070923, 27540.0
23.956156015396118, 27622.0
25.942634105682373, 27673.0
25.973427057266235, 27681.0
25.975369930267334, 27725.0
26.01194715499878, 27781.0
26.104187965393066, 27872.0
26.221725940704346, 27921.0
26.252620935440063, 28003.0
32.566449880599976, 28020.0
49.092270851135254, 28046.0
49.115471839904785, 28095.0
49.12318301200867, 28131.0
49.1722629070282, 28166.0
49.18385601043701, 28171.0
49.21856188774109, 28172.0
49.603824853897095, 28212.0
49.89523100852966, 28267.0
49.93772602081299, 28405.0
49.94644594192505, 28406.0
49.95127511024475, 28431.0
50.088979959487915, 28462.0
51.198379039764404, 28484.0
51.42610692977905, 28521.0
51.43477201461792, 28606.0
51.43960785865784, 28617.0
51.94255590438843, 28634.0
53.92865204811096, 28643.0
54.03766894340515, 28733.0
54.49589204788208, 28775.0
54.79425382614136, 28805.0
54.823105812072754, 28843.0
54.8567681312561, 28872.0
54.947508096694946, 29012.0
55.69375801086426, 29065.0
55.70519399642944, 29173.0
55.79796004295349, 29186.0
55.800841093063354, 29187.0
56.199707984924316, 29256.0
56.59218788146973, 29304.0
56.62543177604675, 29325.0
57.752025842666626, 29329.0
57.91286301612854, 29461.0
59.85469913482666, 29504.0
60.03633093833923, 29505.0
60.466230154037476, 29561.0
60.488407135009766, 29575.0
61.159682750701904, 29607.0
61.2776358127594, 29629.0
61.691861152648926, 29636.0
61.76924800872803, 29781.0
61.774040937423706, 29782.0
61.81032395362854, 29783.0
61.85141205787659, 29786.0
61.861026763916016, 29787.0
61.87062191963196, 29793.0
61.872565031051636, 29803.0
61.88404297828674, 29841.0
61.91169500350952, 29859.0
61.99410104751587, 29890.0
62.00363802909851, 29917.0
62.07695007324219, 30003.0
62.9724440574646, 30008.0
63.03537583351135, 30104.0
63.0871000289917, 30172.0
63.260931968688965, 30323.0
63.33976674079895, 30336.0
63.35071015357971, 30539.0
63.375338077545166, 30540.0
63.691323041915894, 30541.0
63.910520792007446, 30689.0
64.17574572563171, 30712.0
64.32577586174011, 30783.0
64.36715292930603, 30795.0
64.46486592292786, 30880.0
64.4687991142273, 31013.0
64.84338903427124, 31094.0
65.04096102714539, 31105.0
65.1067578792572, 31259.0
65.4680290222168, 31318.0
65.6356418132782, 31386.0
65.67172694206238, 31387.0
65.73245906829834, 31433.0
65.76817488670349, 31440.0
66.07928085327148, 31456.0
66.84529900550842, 31482.0
67.00456190109253, 31483.0
68.4669578075409, 31593.0
68.5324809551239, 31629.0
69.63646006584167, 31658.0
69.64433288574219, 31659.0
69.74241209030151, 31700.0
69.83554601669312, 31723.0
69.93047785758972, 31724.0
70.04567003250122, 31732.0
70.41310691833496, 31789.0
70.67127990722656, 31825.0
70.80953001976013, 31830.0
70.95466494560242, 31924.0
71.64736104011536, 31930.0
72.27760696411133, 31932.0
72.49648809432983, 31957.0
74.11950016021729, 31964.0
74.79682898521423, 32084.0
74.86832594871521, 32085.0
75.03217482566833, 32086.0
75.65391182899475, 32105.0
75.98269701004028, 32143.0
75.98952198028564, 32144.0
76.66956186294556, 32152.0
77.60252809524536, 32243.0
77.64132595062256, 32261.0
77.75782108306885, 32296.0
78.06328105926514, 32311.0
78.12835311889648, 32402.0
78.47255682945251, 32403.0
79.27790594100952, 32404.0
79.73365998268127, 32405.0
80.41578102111816, 32432.0
80.77491092681885, 32433.0
81.66545295715332, 32434.0
83.48797082901001, 32435.0
84.38633894920349, 32445.0
86.38134503364563, 32463.0
86.4367938041687, 32464.0
86.48248600959778, 32465.0
86.5466079711914, 32466.0
87.0196270942688, 32473.0
87.36422204971313, 32529.0
90.31258606910706, 32614.0
90.38700604438782, 32615.0
90.54955387115479, 32616.0
90.64845705032349, 32653.0
90.78945803642273, 32659.0
91.88625597953796, 32670.0
96.7943229675293, 32671.0
