0.00020933151245117188, 783.0
0.0004391670227050781, 839.0
0.0007190704345703125, 1220.0
0.0009191036224365234, 1377.0
0.0011191368103027344, 1649.0
0.0013210773468017578, 2007.0
0.0015230178833007812, 2838.0
0.0017249584197998047, 2862.0
0.0019540786743164062, 3323.0
0.0022192001342773438, 3978.0
0.0024230480194091797, 4327.0
0.002824068069458008, 4759.0
0.003831148147583008, 4962.0
0.004871368408203125, 4989.0
0.007088184356689453, 5084.0
0.008700132369995117, 5085.0
0.08148813247680664, 5128.0
0.12595605850219727, 5193.0
0.16248130798339844, 5202.0
0.18817424774169922, 5258.0
0.18897628784179688, 5259.0
0.1913621425628662, 5407.0
0.1941521167755127, 5482.0
0.1973581314086914, 5634.0
0.20453929901123047, 5638.0
0.20634007453918457, 5683.0
0.21192717552185059, 5858.0
1.373345136642456, 5895.0
1.3756070137023926, 5900.0
3.804791212081909, 5932.0
3.8070080280303955, 5988.0
6.7715981006622314, 6052.0
6.781362056732178, 6095.0
7.510802984237671, 6151.0
7.939488172531128, 6276.0
7.942759037017822, 6330.0
7.944828271865845, 6381.0
7.952580213546753, 6414.0
7.95278525352478, 6455.0
7.960103988647461, 6482.0
7.964604139328003, 6587.0
8.010492324829102, 6597.0
11.590460300445557, 6611.0
11.708200931549072, 6631.0
11.708415985107422, 6632.0
11.71068811416626, 6732.0
11.71938419342041, 6864.0
11.720621109008789, 6904.0
11.819000244140625, 6913.0
11.82064414024353, 6914.0
11.941308975219727, 7010.0
12.009701251983643, 7068.0
12.128522157669067, 7129.0
12.163132905960083, 7151.0
12.199778079986572, 7231.0
14.34672212600708, 7291.0
14.36430311203003, 7292.0
14.489380121231079, 7385.0
14.527408123016357, 7386.0
14.776186227798462, 7401.0
14.93874716758728, 7469.0
15.018091201782227, 7484.0
15.024338960647583, 7485.0
15.026154041290283, 7486.0
15.121880054473877, 7529.0
15.197854995727539, 7530.0
15.904804229736328, 7531.0
16.035651206970215, 7534.0
16.123273134231567, 7574.0
17.520896196365356, 7651.0
