0.20427584648132324, 13817.0
0.35556793212890625, 13817.0
0.5066318511962891, 14113.0
0.6578481197357178, 14618.0
0.8096950054168701, 14618.0
0.9626569747924805, 15454.0
1.115818977355957, 15454.0
1.2682850360870361, 15572.0
1.4210128784179688, 15935.0
1.5743098258972168, 16115.0
1.727741003036499, 16266.0
1.8815569877624512, 16759.0
2.0355441570281982, 16858.0
2.1920111179351807, 17203.0
2.3469598293304443, 17424.0
2.5023727416992188, 17600.0
2.6580679416656494, 17893.0
2.812598943710327, 18152.0
2.968644142150879, 18154.0
3.125049114227295, 18770.0
3.281710147857666, 19142.0
3.4385428428649902, 19142.0
3.59537410736084, 19303.0
3.7527518272399902, 19981.0
3.910277843475342, 20009.0
4.069569110870361, 20009.0
4.235594987869263, 20109.0
4.399098873138428, 20373.0
4.5644659996032715, 20607.0
4.724978923797607, 20607.0
4.886980772018433, 20861.0
5.048057794570923, 21411.0
5.209059000015259, 21411.0
5.370045900344849, 21502.0
5.5314719676971436, 21502.0
5.693665981292725, 21608.0
5.859730005264282, 21714.0
6.026893138885498, 22101.0
6.195500135421753, 22101.0
6.358886003494263, 22428.0
6.521405935287476, 22511.0
6.683971166610718, 22511.0
6.848958969116211, 22511.0
7.016708135604858, 22703.0
7.179684162139893, 22905.0
7.342813014984131, 22905.0
7.505867958068848, 23169.0
7.669072866439819, 23229.0
7.832535028457642, 23670.0
7.996105909347534, 23929.0
8.159678936004639, 24359.0
8.325814962387085, 24359.0
8.49021291732788, 24456.0
8.654481887817383, 24456.0
8.819019079208374, 24456.0
8.98379397392273, 24718.0
9.149097919464111, 24902.0
9.314308881759644, 24902.0
9.478543758392334, 25113.0
9.644098043441772, 25119.0
9.80970287322998, 25119.0
9.974350929260254, 25207.0
10.140421867370605, 25570.0
10.308084964752197, 25570.0
10.472391843795776, 25570.0
10.63814401626587, 25570.0
10.803831100463867, 25570.0
10.970012903213501, 25619.0
11.136011123657227, 25619.0
11.3020601272583, 25619.0
11.468331098556519, 25719.0
11.638375997543335, 25719.0
11.804452896118164, 25983.0
11.969364881515503, 25983.0
12.134217977523804, 26099.0
12.303161859512329, 26110.0
12.468465805053711, 26314.0
12.633686065673828, 26314.0
12.798749923706055, 26505.0
12.963913917541504, 26505.0
13.129111051559448, 26505.0
13.294162034988403, 26619.0
13.460780143737793, 26619.0
13.626426935195923, 26619.0
13.793969869613647, 26713.0
13.960048913955688, 26885.0
14.12746286392212, 26885.0
14.295174837112427, 26976.0
14.462846040725708, 26976.0
14.630172967910767, 26987.0
14.796334981918335, 26987.0
14.962129831314087, 27014.0
15.128093004226685, 27014.0
15.295716762542725, 27014.0
15.463523149490356, 27132.0
15.631187915802002, 27132.0
15.798866987228394, 27132.0
15.966486930847168, 27269.0
16.134387016296387, 27401.0
16.30232810974121, 27402.0
16.471830129623413, 27402.0
16.639896154403687, 27402.0
16.807915925979614, 27494.0
16.97608709335327, 27494.0
17.1440749168396, 27494.0
17.312132120132446, 27494.0
17.480244874954224, 27494.0
17.64830493927002, 27494.0
17.816415071487427, 27518.0
17.98354983329773, 27715.0
18.151652097702026, 27715.0
18.3197340965271, 27715.0
18.49027991294861, 27715.0
18.657921075820923, 27715.0
18.826879024505615, 27816.0
18.994510889053345, 27816.0
19.1621150970459, 27816.0
19.331010103225708, 27816.0
19.500030040740967, 27816.0
19.669042825698853, 27816.0
19.83774209022522, 27902.0
20.004939079284668, 27902.0
20.173630952835083, 27902.0
20.342206954956055, 27902.0
20.512022972106934, 27902.0
20.682041883468628, 27902.0
20.850178956985474, 27902.0
21.019983768463135, 27902.0
21.189871072769165, 27981.0
21.359561920166016, 27981.0
21.527976036071777, 27981.0
21.69802188873291, 27981.0
21.866218090057373, 27981.0
22.035791873931885, 27981.0
22.204004049301147, 27981.0
22.37441396713257, 28104.0
22.54637908935547, 28104.0
22.717323064804077, 28104.0
22.88590908050537, 28104.0
23.056815147399902, 28104.0
23.227545738220215, 28104.0
23.398077964782715, 28104.0
23.56873607635498, 28104.0
23.73725390434265, 28104.0
23.907735109329224, 28104.0
24.078117847442627, 28104.0
24.248154878616333, 28104.0
24.418081045150757, 28173.0
24.58977484703064, 28173.0
24.759767055511475, 28173.0
24.930158138275146, 28173.0
25.100196838378906, 28191.0
25.270206928253174, 28191.0
25.440398931503296, 28304.0
25.610395908355713, 28304.0
25.780430793762207, 28304.0
25.950616121292114, 28304.0
26.120890855789185, 28304.0
26.290852069854736, 28304.0
26.46104407310486, 28304.0
26.63256597518921, 28315.0
26.802578926086426, 28416.0
26.972747087478638, 28416.0
27.142982959747314, 28416.0
27.313263177871704, 28416.0
27.48347496986389, 28416.0
27.653561115264893, 28416.0
27.82175302505493, 28416.0
27.99163794517517, 28416.0
28.161636114120483, 28416.0
28.331862926483154, 28416.0
28.499984979629517, 28416.0
28.672436952590942, 28416.0
28.84396195411682, 28416.0
29.01510977745056, 28416.0
29.184295892715454, 28418.0
29.353358030319214, 28480.0
29.524341106414795, 28480.0
29.695482969284058, 28480.0
29.866611003875732, 28480.0
30.0377459526062, 28480.0
30.209061861038208, 28480.0
30.380067110061646, 28480.0
30.55094599723816, 28480.0
30.72333002090454, 28502.0
30.89440417289734, 28503.0
31.06544303894043, 28503.0
31.236449003219604, 28509.0
31.407624006271362, 28509.0
31.578475952148438, 28509.0
31.74937915802002, 28592.0
31.920104026794434, 28592.0
32.09087681770325, 28592.0
32.261476039886475, 28598.0
32.43199110031128, 28598.0
32.602630853652954, 28598.0
32.77569007873535, 28612.0
32.94654393196106, 28612.0
33.116981983184814, 28612.0
33.28739404678345, 28612.0
33.457667112350464, 28612.0
