0.00010514259338378906, 734.0
0.00020813941955566406, 1808.0
0.0004100799560546875, 2618.0
0.0006110668182373047, 2672.0
0.0007131099700927734, 2673.0
0.15443992614746094, 2794.0
0.24786901473999023, 2800.0
0.2486732006072998, 2873.0
0.2581961154937744, 2982.0
0.25950002670288086, 3030.0
0.2601039409637451, 3104.0
0.2655351161956787, 3105.0
0.27570629119873047, 3225.0
0.7697250843048096, 3228.0
0.7838611602783203, 3319.0
0.7844600677490234, 3360.0
0.785865068435669, 3385.0
0.7865691184997559, 3612.0
6.712102890014648, 3638.0
6.712804079055786, 3679.0
6.788715124130249, 3682.0
6.836271286010742, 3683.0
6.843126058578491, 3684.0
7.128950119018555, 3706.0
7.149873971939087, 3707.0
7.611794948577881, 3767.0
