0.00010800361633300781, 584.0
0.0002110004425048828, 683.0
0.00031185150146484375, 1115.0
0.00041294097900390625, 1312.0
0.0005140304565429688, 1664.0
0.0006158351898193359, 2028.0
0.0007169246673583984, 2358.0
0.0011219978332519531, 2515.0
0.0031249523162841797, 2527.0
0.005238056182861328, 2528.0
0.029848814010620117, 2562.0
0.036212921142578125, 2575.0
0.11750984191894531, 2581.0
0.1294858455657959, 2658.0
0.1296858787536621, 2659.0
0.16412591934204102, 2763.0
0.17612385749816895, 2821.0
0.17742276191711426, 2822.0
0.18621182441711426, 2842.0
0.2808229923248291, 2861.0
0.2850308418273926, 2941.0
0.28842973709106445, 2995.0
0.29035282135009766, 3095.0
0.2926638126373291, 3209.0
0.3169069290161133, 3217.0
0.31700992584228516, 3218.0
0.3174128532409668, 3266.0
2.125478744506836, 3273.0
2.1284186840057373, 3305.0
2.129126787185669, 3324.0
2.132997751235962, 3331.0
2.135941743850708, 3406.0
5.634281873703003, 3432.0
5.635936975479126, 3433.0
5.768780946731567, 3435.0
5.785410642623901, 3436.0
5.841231822967529, 3438.0
5.843826770782471, 3572.0
5.850955963134766, 3638.0
5.861738920211792, 3700.0
5.861843824386597, 3756.0
6.716994762420654, 3819.0
7.215494871139526, 3837.0
7.230786085128784, 3838.0
7.701658725738525, 3854.0
7.763652801513672, 3948.0
7.810343980789185, 3949.0
8.375229835510254, 3959.0
