4.601478576660156e-05, 456.0
0.00012803077697753906, 804.0
0.00032901763916015625, 1207.0
0.00040984153747558594, 1377.0
0.0010030269622802734, 1433.0
0.0021059513092041016, 1472.0
0.00469207763671875, 1589.0
0.006136178970336914, 1615.0
0.006342887878417969, 1787.0
0.006676912307739258, 1930.0
0.00680088996887207, 1934.0
0.006966114044189453, 1940.0
0.021667003631591797, 1986.0
0.0224149227142334, 2121.0
0.024185895919799805, 2175.0
0.02735590934753418, 2179.0
0.029587984085083008, 2288.0
0.1370849609375, 2291.0
0.1909351348876953, 2378.0
0.19270706176757812, 2387.0
0.6964149475097656, 2391.0
1.0986790657043457, 2392.0
1.8057739734649658, 2410.0
1.972369909286499, 2466.0
1.9830348491668701, 2472.0
