0.0004150867462158203, 217.0
0.0008308887481689453, 743.0
0.0012481212615966797, 1546.0
0.0016651153564453125, 1936.0
0.0020830631256103516, 2571.0
0.002499103546142578, 3092.0
0.002917051315307617, 3330.0
0.0033330917358398438, 3878.0
0.0037500858306884766, 4304.0
0.004178285598754883, 4608.0
0.0045931339263916016, 5605.0
0.005031108856201172, 6503.0
0.005473136901855469, 6930.0
0.005888938903808594, 7632.0
0.006311893463134766, 8133.0
0.006751060485839844, 8440.0
0.007169008255004883, 8753.0
0.008394002914428711, 9192.0
0.008807897567749023, 10236.0
0.009221076965332031, 10488.0
0.009633064270019531, 11194.0
0.010045051574707031, 11790.0
0.011269092559814453, 12014.0
0.01289510726928711, 12115.0
0.0161590576171875, 12273.0
0.016571044921875, 12418.0
0.02390289306640625, 12630.0
0.02919292449951172, 12755.0
0.03043198585510254, 12874.0
0.03165912628173828, 13017.0
0.04509425163269043, 13165.0
0.08981823921203613, 13282.0
0.0918741226196289, 13389.0
0.09760904312133789, 13507.0
0.13893914222717285, 13611.0
0.16939210891723633, 13684.0
0.18974685668945312, 13781.0
0.19220709800720215, 13963.0
0.21341514587402344, 14071.0
0.21953821182250977, 14199.0
0.2297370433807373, 14205.0
0.24123811721801758, 14308.0
0.2518041133880615, 14398.0
0.25913405418395996, 14413.0
0.27864909172058105, 14431.0
0.28394007682800293, 14595.0
0.2884202003479004, 14611.0
0.30144715309143066, 14736.0
0.3031039237976074, 14854.0
0.3239150047302246, 14900.0
0.38146305084228516, 14907.0
0.3843262195587158, 15026.0
0.3884100914001465, 15197.0
0.39333510398864746, 15285.0
0.4015660285949707, 15403.0
0.442385196685791, 15406.0
0.459636926651001, 15468.0
0.5035171508789062, 15517.0
0.604079008102417, 15717.0
0.6061129570007324, 15718.0
0.6688010692596436, 15815.0
0.6908919811248779, 15984.0
0.6937141418457031, 16117.0
0.7142179012298584, 16158.0
0.716223955154419, 16279.0
0.7286200523376465, 16390.0
0.7373490333557129, 16493.0
0.7448921203613281, 16617.0
0.8615460395812988, 16661.0
0.8651220798492432, 16719.0
0.8981561660766602, 16819.0
0.9499692916870117, 16911.0
0.9717721939086914, 16979.0
0.9725720882415771, 17110.0
0.9852731227874756, 17319.0
1.4981319904327393, 17347.0
1.5005030632019043, 17489.0
1.5600042343139648, 17511.0
1.5706491470336914, 17597.0
1.5970633029937744, 17717.0
1.656130075454712, 17808.0
1.6861591339111328, 17810.0
1.7181661128997803, 17922.0
1.7209341526031494, 18055.0
1.7363030910491943, 18190.0
1.7382760047912598, 18194.0
1.7386901378631592, 18297.0
1.7682511806488037, 18372.0
1.7745451927185059, 18379.0
1.780864953994751, 18391.0
1.8521599769592285, 18415.0
1.8659751415252686, 18469.0
1.8754591941833496, 18608.0
1.8861050605773926, 18614.0
1.9031081199645996, 18779.0
1.92085599899292, 18840.0
1.9283831119537354, 18957.0
1.935148000717163, 19065.0
2.0068581104278564, 19115.0
2.1055140495300293, 19117.0
2.1390719413757324, 19202.0
2.192021131515503, 19229.0
2.558922052383423, 19318.0
2.576921224594116, 19387.0
2.5871500968933105, 19445.0
2.6002449989318848, 19565.0
2.602302074432373, 19707.0
2.659921169281006, 19730.0
2.6697561740875244, 19860.0
2.676269054412842, 19861.0
2.7064530849456787, 19919.0
2.715435028076172, 19950.0
2.722783088684082, 20002.0
2.7406880855560303, 20100.0
2.754514217376709, 20243.0
2.768332004547119, 20310.0
3.7508039474487305, 20316.0
3.76261305809021, 20328.0
3.768315076828003, 20418.0
3.777724266052246, 20430.0
3.780996084213257, 20609.0
4.376214027404785, 20697.0
4.399477005004883, 20796.0
4.41644811630249, 20819.0
7.180474042892456, 20894.0
7.281060218811035, 20929.0
7.282658100128174, 20958.0
7.300908088684082, 20971.0
7.3235180377960205, 21117.0
13.834506034851074, 21201.0
13.851221084594727, 21223.0
13.879503011703491, 21304.0
13.90347695350647, 21316.0
20.671577215194702, 21404.0
20.755120038986206, 21494.0
21.05340600013733, 21511.0
22.25363826751709, 21602.0
22.285769939422607, 21605.0
22.297041177749634, 21708.0
22.31635808944702, 21783.0
22.319169998168945, 21898.0
22.366230010986328, 22012.0
23.67646312713623, 22106.0
23.70950698852539, 22215.0
23.886375904083252, 22311.0
23.957510232925415, 22385.0
24.006405115127563, 22388.0
24.04103922843933, 22398.0
24.091607093811035, 22514.0
24.712720155715942, 22555.0
24.714712142944336, 22663.0
24.7206871509552, 22766.0
24.725853204727173, 22902.0
24.781124114990234, 23015.0
25.119548082351685, 23017.0
26.699228286743164, 23116.0
26.89157509803772, 23216.0
27.9071102142334, 23219.0
