0.00021004676818847656, 760.0
0.00041675567626953125, 1832.0
0.0006198883056640625, 2592.0
0.0008227825164794922, 3649.0
0.0010290145874023438, 4229.0
0.0012340545654296875, 4387.0
0.0014407634735107422, 5014.0
0.0020461082458496094, 5413.0
0.0024509429931640625, 5607.0
0.0026559829711914062, 5979.0
0.018059968948364258, 6055.0
0.021152019500732422, 6169.0
0.02939605712890625, 6259.0
0.030205965042114258, 6380.0
0.03201103210449219, 6432.0
0.04326796531677246, 6551.0
0.04549384117126465, 6627.0
0.04830503463745117, 6755.0
0.048909902572631836, 6929.0
0.05092310905456543, 7048.0
0.06281781196594238, 7159.0
0.07152295112609863, 7266.0
0.08757209777832031, 7374.0
0.08839583396911621, 7481.0
0.09692716598510742, 7647.0
0.15494298934936523, 7753.0
0.15555500984191895, 7869.0
0.27378296852111816, 7885.0
0.2851529121398926, 7981.0
0.3716151714324951, 8088.0
0.3965330123901367, 8098.0
0.398561954498291, 8158.0
0.4096510410308838, 8270.0
0.4106910228729248, 8464.0
0.4137430191040039, 8574.0
0.4141530990600586, 8677.0
0.41576695442199707, 8722.0
0.41698217391967773, 8832.0
0.41980719566345215, 8937.0
0.42041516304016113, 8981.0
0.4420020580291748, 8985.0
0.5243101119995117, 8990.0
0.526731014251709, 8991.0
0.5340139865875244, 9181.0
0.5392868518829346, 9195.0
0.5437719821929932, 9321.0
0.5561349391937256, 9363.0
0.5598289966583252, 9479.0
0.569343090057373, 9598.0
0.5695488452911377, 9723.0
0.5717730522155762, 9848.0
0.5764169692993164, 9983.0
0.5875301361083984, 10088.0
0.7767798900604248, 10190.0
0.9115281105041504, 10284.0
0.9707181453704834, 10367.0
0.978065013885498, 10379.0
1.2999169826507568, 10514.0
1.3005290031433105, 10642.0
1.4190280437469482, 10685.0
1.438910961151123, 10713.0
1.4393250942230225, 10874.0
1.501168966293335, 10884.0
3.543670892715454, 10887.0
3.6054270267486572, 10888.0
6.033408164978027, 10942.0
6.17008900642395, 10966.0
6.180762052536011, 11003.0
6.1833391189575195, 11166.0
6.193819046020508, 11187.0
10.479841947555542, 11190.0
10.559827089309692, 11254.0
10.562083005905151, 11384.0
10.581341981887817, 11386.0
10.803381204605103, 11388.0
10.905992031097412, 11475.0
