0.010153055191040039, 1797.0
0.019103050231933594, 1888.0
0.027740001678466797, 1888.0
0.0367131233215332, 1973.0
0.045760154724121094, 2077.0
0.05482196807861328, 2129.0
0.06396222114562988, 2129.0
0.07314801216125488, 2129.0
0.08224606513977051, 2194.0
0.0911722183227539, 2287.0
0.1002492904663086, 2287.0
0.10927796363830566, 2287.0
0.11834025382995605, 2287.0
0.12743806838989258, 2287.0
0.13658905029296875, 2297.0
0.14575815200805664, 2297.0
0.15494203567504883, 2297.0
0.1641559600830078, 2297.0
0.17343592643737793, 2297.0
0.1826801300048828, 2297.0
0.1919538974761963, 2297.0
0.20120501518249512, 2297.0
0.21050715446472168, 2297.0
0.21976804733276367, 2297.0
0.22902727127075195, 2297.0
0.2383439540863037, 2297.0
0.24771618843078613, 2297.0
0.2571070194244385, 2297.0
0.26646924018859863, 2297.0
0.275928258895874, 2297.0
0.28560805320739746, 2297.0
0.29525303840637207, 2297.0
0.3048672676086426, 2297.0
0.3143942356109619, 2297.0
0.32396697998046875, 2297.0
0.3333861827850342, 2297.0
0.3429381847381592, 2297.0
0.35248804092407227, 2297.0
0.36200928688049316, 2297.0
0.3714020252227783, 2297.0
0.380918025970459, 2297.0
0.39017820358276367, 2297.0
0.3992650508880615, 2297.0
0.4083561897277832, 2297.0
0.4174191951751709, 2297.0
0.4265129566192627, 2297.0
0.4355809688568115, 2297.0
0.4446589946746826, 2297.0
0.4537019729614258, 2297.0
0.46274805068969727, 2297.0
0.4718132019042969, 2297.0
0.4808461666107178, 2297.0
0.4898991584777832, 2297.0
0.4989480972290039, 2297.0
0.5080032348632812, 2297.0
0.5170402526855469, 2297.0
0.5260851383209229, 2297.0
0.5351471900939941, 2297.0
0.5442280769348145, 2297.0
0.5532741546630859, 2297.0
0.562309980392456, 2297.0
0.5713720321655273, 2297.0
0.5804080963134766, 2297.0
0.5894410610198975, 2297.0
0.5985071659088135, 2297.0
0.607558012008667, 2297.0
0.616591215133667, 2297.0
0.6256482601165771, 2297.0
0.6347081661224365, 2297.0
0.6437971591949463, 2297.0
0.6528379917144775, 2297.0
0.6618759632110596, 2297.0
0.6709461212158203, 2297.0
0.6800200939178467, 2297.0
0.6890759468078613, 2297.0
0.6981310844421387, 2297.0
0.7072041034698486, 2297.0
0.7162520885467529, 2297.0
0.7252800464630127, 2297.0
0.7343392372131348, 2297.0
0.7434160709381104, 2297.0
0.752479076385498, 2297.0
0.7615270614624023, 2297.0
0.7705752849578857, 2297.0
0.7796401977539062, 2297.0
0.7886910438537598, 2297.0
0.7977569103240967, 2297.0
0.806826114654541, 2297.0
0.8158690929412842, 2297.0
0.8249220848083496, 2297.0
0.833956241607666, 2297.0
0.8430020809173584, 2297.0
0.8520760536193848, 2297.0
0.8611268997192383, 2297.0
0.8701670169830322, 2297.0
0.8792300224304199, 2297.0
0.8882739543914795, 2297.0
0.897331953048706, 2297.0
0.9063670635223389, 2297.0
0.9154119491577148, 2297.0
0.9249658584594727, 2297.0
0.9343459606170654, 2297.0
0.9435012340545654, 2297.0
0.9527430534362793, 2297.0
0.9628171920776367, 2297.0
0.9725050926208496, 2297.0
0.9817972183227539, 2297.0
0.9908781051635742, 2297.0
0.9999492168426514, 2297.0
1.00901198387146, 2297.0
1.0180962085723877, 2297.0
1.027137041091919, 2297.0
1.036196231842041, 2297.0
1.0453178882598877, 2297.0
1.0547893047332764, 2297.0
1.0638511180877686, 2297.0
1.0729281902313232, 2297.0
1.0819849967956543, 2297.0
1.091034173965454, 2297.0
1.1001060009002686, 2297.0
1.1091980934143066, 2297.0
1.1182489395141602, 2297.0
1.12729811668396, 2297.0
1.1363580226898193, 2297.0
1.1454651355743408, 2297.0
1.1546950340270996, 2297.0
1.1638541221618652, 2297.0
1.1729381084442139, 2297.0
1.182075023651123, 2297.0
1.1911849975585938, 2297.0
1.200249195098877, 2297.0
1.2093250751495361, 2297.0
1.2183849811553955, 2297.0
1.2274360656738281, 2297.0
1.236475944519043, 2297.0
1.245516061782837, 2297.0
1.2545669078826904, 2297.0
1.2635891437530518, 2297.0
1.2727181911468506, 2297.0
1.2817752361297607, 2297.0
1.2908501625061035, 2297.0
1.2998988628387451, 2297.0
1.3089711666107178, 2297.0
1.3181140422821045, 2297.0
1.3271749019622803, 2297.0
1.336219072341919, 2297.0
1.3455700874328613, 2297.0
1.3559072017669678, 2297.0
1.3661551475524902, 2297.0
1.3758831024169922, 2297.0
1.385573148727417, 2297.0
1.3952851295471191, 2297.0
1.404999017715454, 2297.0
1.41469407081604, 2297.0
1.424408197402954, 2297.0
1.4341580867767334, 2297.0
1.4438941478729248, 2297.0
1.4536709785461426, 2297.0
1.4633941650390625, 2297.0
1.4731431007385254, 2297.0
1.482767105102539, 2297.0
1.4921221733093262, 2297.0
1.5015811920166016, 2297.0
1.5110971927642822, 2297.0
1.5205812454223633, 2297.0
1.5304059982299805, 2297.0
1.5401580333709717, 2297.0
1.5499489307403564, 2297.0
1.559689998626709, 2297.0
1.5694773197174072, 2297.0
1.5790002346038818, 2297.0
1.5884029865264893, 2297.0
1.5977489948272705, 2297.0
1.607146978378296, 2297.0
1.6165289878845215, 2297.0
1.6259210109710693, 2297.0
1.635303020477295, 2297.0
1.6446752548217773, 2297.0
1.654029130935669, 2297.0
1.6634020805358887, 2297.0
1.6727759838104248, 2297.0
1.6821770668029785, 2297.0
1.6915578842163086, 2297.0
1.7009122371673584, 2297.0
1.7102842330932617, 2297.0
1.719655990600586, 2297.0
1.729060173034668, 2297.0
1.7384910583496094, 2297.0
1.7479360103607178, 2297.0
1.7573719024658203, 2297.0
1.7667920589447021, 2297.0
1.7762680053710938, 2297.0
1.7857751846313477, 2297.0
1.7952420711517334, 2297.0
1.8047711849212646, 2297.0
1.814237117767334, 2297.0
1.8238790035247803, 2297.0
1.8334081172943115, 2297.0
1.842853307723999, 2297.0
1.8522541522979736, 2297.0
1.8618462085723877, 2297.0
