0.20360112190246582, 18906.0
0.35179638862609863, 21526.0
0.5009472370147705, 21593.0
0.652029275894165, 23775.0
0.8034801483154297, 25451.0
0.9563782215118408, 27843.0
1.1094913482666016, 28599.0
1.2623021602630615, 32205.0
1.4153530597686768, 32205.0
1.5665273666381836, 34278.0
1.7178502082824707, 35157.0
1.8716800212860107, 39571.0
2.0236761569976807, 39571.0
2.177834987640381, 41412.0
2.332163095474243, 45830.0
2.48688006401062, 45830.0
2.6418192386627197, 45830.0
2.796739101409912, 47916.0
2.9537031650543213, 47916.0
3.1094510555267334, 48587.0
3.2653863430023193, 49508.0
3.4218239784240723, 54060.0
3.5783791542053223, 55274.0
3.7337594032287598, 55274.0
3.8891642093658447, 55353.0
4.046512126922607, 56447.0
4.20401930809021, 56616.0
4.362118244171143, 58084.0
4.518187046051025, 64159.0
4.6748573780059814, 64511.0
4.834214210510254, 64511.0
4.9947593212127686, 64511.0
5.153513193130493, 66698.0
5.316133260726929, 67531.0
5.47871208190918, 67946.0
5.6396143436431885, 68615.0
5.796837091445923, 69763.0
5.954413175582886, 69878.0
6.113244295120239, 71610.0
6.274108171463013, 71610.0
6.435649156570435, 75784.0
6.596044063568115, 75784.0
6.76120924949646, 77567.0
6.925724267959595, 78226.0
7.0920960903167725, 78226.0
7.251978158950806, 78365.0
7.413158178329468, 79052.0
7.576792240142822, 79052.0
7.738349199295044, 79052.0
7.8978962898254395, 79052.0
8.059223175048828, 79846.0
8.221103191375732, 80539.0
8.383748054504395, 81337.0
8.545724153518677, 81337.0
8.707601308822632, 82059.0
8.868906259536743, 82059.0
9.031822204589844, 82365.0
9.192454099655151, 86714.0
9.352762222290039, 86714.0
9.514684200286865, 86714.0
9.677295207977295, 86714.0
9.837815046310425, 86714.0
10.000559091567993, 86714.0
10.163156270980835, 87184.0
10.325393199920654, 87254.0
10.487778186798096, 87254.0
10.65040922164917, 87461.0
10.811245203018188, 88776.0
10.972164154052734, 88776.0
11.134834289550781, 89351.0
11.29615306854248, 89435.0
11.46135425567627, 90460.0
11.623867273330688, 90460.0
11.785094261169434, 90460.0
11.948212385177612, 90460.0
12.111429214477539, 90679.0
12.274768114089966, 92052.0
12.43655514717102, 92535.0
12.60003924369812, 93951.0
12.761605262756348, 93951.0
12.92344617843628, 93951.0
13.086701154708862, 93951.0
13.250693082809448, 93951.0
13.41425108909607, 93951.0
13.578264236450195, 93951.0
13.740336179733276, 93951.0
13.902100324630737, 93951.0
14.065899133682251, 94764.0
14.229437351226807, 94764.0
14.393115282058716, 95287.0
14.55632209777832, 96189.0
14.71981430053711, 96189.0
14.881627082824707, 96189.0
15.044672012329102, 97018.0
15.208684206008911, 97018.0
15.37312626838684, 97018.0
15.537412166595459, 97018.0
15.701541185379028, 97660.0
15.865934133529663, 98093.0
16.03015923500061, 98093.0
16.194823265075684, 98590.0
16.358100175857544, 98590.0
16.523648977279663, 99297.0
16.689951181411743, 100280.0
16.85705804824829, 100280.0
17.02385425567627, 100280.0
17.19239115715027, 100280.0
17.359419107437134, 100676.0
17.526883125305176, 100676.0
17.693838119506836, 100676.0
17.860809326171875, 101040.0
18.027974128723145, 101398.0
18.194993257522583, 101398.0
18.36268424987793, 101398.0
18.5299551486969, 101630.0
18.697439193725586, 101722.0
18.864727020263672, 101784.0
19.031997203826904, 101912.0
19.200011014938354, 101912.0
19.365822315216064, 102132.0
19.53029227256775, 102315.0
19.69603729248047, 103285.0
19.861971378326416, 103285.0
20.027706146240234, 103285.0
20.19328212738037, 103285.0
20.358720064163208, 104086.0
20.52421236038208, 104086.0
20.68985915184021, 104086.0
20.855252981185913, 104548.0
21.0207302570343, 104548.0
21.18670916557312, 104548.0
21.353382110595703, 104548.0
21.519248247146606, 104548.0
21.68478512763977, 105204.0
21.84989619255066, 105204.0
22.01523518562317, 105204.0
22.18059229850769, 105227.0
22.345879077911377, 106015.0
22.511547088623047, 106015.0
22.675522089004517, 106015.0
22.840866088867188, 106015.0
23.00630235671997, 106015.0
23.17200517654419, 106015.0
23.338990211486816, 106015.0
23.504425287246704, 106015.0
23.669782161712646, 106514.0
23.835228204727173, 106514.0
24.000502109527588, 106514.0
24.166088342666626, 106514.0
24.33139729499817, 106514.0
24.4969482421875, 106514.0
24.66274929046631, 106514.0
24.82858633995056, 106514.0
24.994028091430664, 106881.0
25.159377098083496, 106881.0
25.325180292129517, 106881.0
25.490848064422607, 106881.0
25.65504217147827, 106982.0
25.821091175079346, 106982.0
25.986804962158203, 106982.0
26.15207600593567, 106982.0
26.31771421432495, 106982.0
26.48171329498291, 106982.0
26.64727234840393, 106983.0
26.812756299972534, 107002.0
26.976449012756348, 107159.0
27.14208221435547, 107159.0
27.309312105178833, 107159.0
27.47568917274475, 107159.0
27.64164400100708, 107159.0
27.8060781955719, 107251.0
27.97190809249878, 107893.0
28.137648105621338, 107893.0
28.303568124771118, 107893.0
28.4693922996521, 107893.0
28.635297060012817, 107893.0
28.801298141479492, 107893.0
28.967135190963745, 107893.0
29.13273525238037, 107893.0
29.29856514930725, 107893.0
29.46644616127014, 107893.0
29.63265109062195, 107893.0
29.79732036590576, 107893.0
29.966963291168213, 107893.0
30.139419317245483, 107893.0
30.308398246765137, 108145.0
30.48700523376465, 108145.0
30.65708327293396, 108145.0
30.824745178222656, 108227.0
30.9916033744812, 108227.0
31.15852999687195, 108227.0
31.325342178344727, 108273.0
31.493728160858154, 108273.0
31.66035032272339, 108273.0
31.84769320487976, 108273.0
32.02637314796448, 108273.0
32.20269227027893, 108282.0
32.37319612503052, 108653.0
32.54220223426819, 108653.0
32.71282935142517, 108653.0
32.88480520248413, 108653.0
