0.00010824203491210938, 750.0
0.00021314620971679688, 863.0
0.0003170967102050781, 1469.0
0.0004191398620605469, 1772.0
0.0015370845794677734, 2314.0
0.002347230911254883, 3312.0
0.0045740604400634766, 3565.0
0.0059931278228759766, 4147.0
0.0061991214752197266, 5036.0
0.008432149887084961, 5136.0
0.013221263885498047, 5856.0
0.016231298446655273, 6789.0
0.056342124938964844, 6924.0
0.05904102325439453, 6995.0
0.059243202209472656, 7220.0
0.06264209747314453, 7920.0
0.06707000732421875, 8077.0
0.06937623023986816, 8272.0
0.07058119773864746, 9226.0
0.07078719139099121, 9354.0
0.08810710906982422, 9458.0
0.0891122817993164, 9529.0
0.08931422233581543, 10418.0
0.09112811088562012, 10649.0
0.09324431419372559, 11592.0
0.09364914894104004, 12503.0
0.09405326843261719, 13273.0
0.11543726921081543, 14035.0
0.12109017372131348, 14126.0
0.6153302192687988, 14185.0
0.6159570217132568, 14229.0
0.6163761615753174, 14930.0
0.6224491596221924, 15176.0
0.628615140914917, 15773.0
0.6295533180236816, 16128.0
0.6296572685241699, 16281.0
0.6422710418701172, 16295.0
0.6450152397155762, 16705.0
0.6533091068267822, 16712.0
0.6713883876800537, 17047.0
1.768343210220337, 17562.0
2.2820911407470703, 17610.0
2.290872097015381, 17887.0
3.3543691635131836, 17896.0
3.3595950603485107, 17963.0
3.364727258682251, 18206.0
3.3655459880828857, 18636.0
3.366678237915039, 19406.0
3.557384967803955, 19961.0
3.7865653038024902, 20430.0
3.7950689792633057, 20977.0
3.8000199794769287, 21394.0
4.574905157089233, 21899.0
4.57819128036499, 22389.0
4.585867166519165, 22594.0
4.641061305999756, 22725.0
4.645671367645264, 22851.0
4.652625322341919, 23789.0
4.655291318893433, 23857.0
4.664116144180298, 23956.0
4.718753099441528, 24091.0
4.729367256164551, 24633.0
5.255488157272339, 24859.0
5.274348258972168, 24984.0
5.281020164489746, 25639.0
5.326184034347534, 25741.0
5.381680250167847, 25776.0
5.413308382034302, 26070.0
5.419564247131348, 26512.0
5.428289175033569, 26958.0
5.430980205535889, 27087.0
