0.00041294097900390625, 152.0
0.0008230209350585938, 886.0
0.0012271404266357422, 1809.0
0.0016319751739501953, 2370.0
0.0020360946655273438, 3030.0
0.003245830535888672, 3566.0
0.0036499500274658203, 4035.0
0.0040569305419921875, 4181.0
0.004467964172363281, 4679.0
0.004873991012573242, 5143.0
0.005285024642944336, 6137.0
0.005689859390258789, 6336.0
0.006094932556152344, 6591.0
0.006518125534057617, 7243.0
0.006951093673706055, 7741.0
0.007379055023193359, 8311.0
0.007784128189086914, 9081.0
0.008188962936401367, 9845.0
0.010591983795166016, 9911.0
0.050316810607910156, 9952.0
0.05628705024719238, 9974.0
0.06584715843200684, 9975.0
0.22191691398620605, 10031.0
0.3437490463256836, 10045.0
0.4157741069793701, 10104.0
0.4432380199432373, 10124.0
0.4516010284423828, 10218.0
0.4528160095214844, 10219.0
0.46126389503479004, 10228.0
0.4664468765258789, 10239.0
0.5034420490264893, 10287.0
0.5126171112060547, 10492.0
0.5185990333557129, 10568.0
0.5604369640350342, 10587.0
0.5680100917816162, 10635.0
0.6817729473114014, 10673.0
0.6913008689880371, 10674.0
0.7449500560760498, 10782.0
0.7556440830230713, 10836.0
0.7594699859619141, 10874.0
0.7628629207611084, 10969.0
1.1362011432647705, 10999.0
1.1573560237884521, 11060.0
1.1717519760131836, 11061.0
1.1745409965515137, 11062.0
1.9850449562072754, 11093.0
2.043195962905884, 11122.0
3.0566821098327637, 11134.0
3.0606491565704346, 11203.0
3.064220905303955, 11216.0
3.0666141510009766, 11355.0
3.0773329734802246, 11492.0
3.084084987640381, 11545.0
3.663037061691284, 11546.0
3.7266030311584473, 11547.0
3.743811845779419, 11595.0
3.7502448558807373, 11620.0
5.99485182762146, 11717.0
13.912913084030151, 11820.0
18.91803503036499, 11922.0
18.91843318939209, 11923.0
19.061293840408325, 11947.0
19.07111406326294, 12042.0
19.071906805038452, 12043.0
19.089936017990112, 12132.0
19.136213064193726, 12139.0
19.36093020439148, 12208.0
19.58664107322693, 12230.0
19.588610887527466, 12231.0
19.5917489528656, 12298.0
19.594110012054443, 12318.0
19.596856832504272, 12495.0
19.603920936584473, 12496.0
19.64228320121765, 12508.0
20.14005208015442, 12542.0
20.178120136260986, 12572.0
20.64793610572815, 12697.0
21.201196908950806, 12712.0
21.229893922805786, 12817.0
21.260921955108643, 12839.0
21.264854192733765, 12900.0
21.295090913772583, 12921.0
21.359076023101807, 13013.0
21.363787174224854, 13014.0
21.366156816482544, 13043.0
21.47050189971924, 13056.0
21.480731964111328, 13067.0
21.52165198326111, 13089.0
21.528334856033325, 13135.0
21.537362098693848, 13136.0
21.625131130218506, 13180.0
21.665570974349976, 13192.0
24.518373012542725, 13215.0
24.63615894317627, 13274.0
24.661990880966187, 13314.0
24.682284832000732, 13389.0
25.272143840789795, 13394.0
26.023595094680786, 13485.0
26.358806133270264, 13532.0
26.67403507232666, 13576.0
26.743712186813354, 13577.0
26.83213186264038, 13598.0
26.836044788360596, 13599.0
26.96318507194519, 13660.0
26.96788477897644, 13664.0
26.980089902877808, 13707.0
27.18391513824463, 13764.0
27.19056797027588, 13765.0
27.25992202758789, 13887.0
27.261122941970825, 13896.0
27.900969982147217, 13943.0
27.923300981521606, 13975.0
27.968201160430908, 14004.0
28.01632809638977, 14021.0
28.077921152114868, 14061.0
28.441100120544434, 14078.0
28.49654197692871, 14138.0
29.350956201553345, 14139.0
29.411514043807983, 14258.0
29.456568956375122, 14301.0
29.54906988143921, 14312.0
29.853949069976807, 14335.0
29.875615119934082, 14336.0
29.93447208404541, 14369.0
31.43788504600525, 14378.0
31.462887048721313, 14379.0
31.76686692237854, 14442.0
31.7829110622406, 14443.0
31.78493022918701, 14444.0
32.03015685081482, 14445.0
32.56573510169983, 14446.0
32.59458804130554, 14447.0
39.288055181503296, 14455.0
39.720338106155396, 14456.0
