0.00203704833984375, 473.0
0.004118204116821289, 995.0
0.006133079528808594, 1486.0
0.008141040802001953, 1570.0
0.010142326354980469, 2413.0
0.012146234512329102, 2594.0
0.014161109924316406, 2695.0
0.016170978546142578, 3444.0
0.018169164657592773, 4095.0
0.02018117904663086, 4103.0
0.022182226181030273, 4531.0
0.024197101593017578, 4853.0
0.0261991024017334, 5050.0
0.028194189071655273, 5875.0
0.0302121639251709, 6813.0
0.0322113037109375, 7804.0
0.034223079681396484, 8524.0
0.036237239837646484, 8738.0
0.03823423385620117, 9231.0
0.04022812843322754, 9480.0
0.0422210693359375, 10246.0
0.044216156005859375, 11253.0
0.04622220993041992, 12116.0
0.04821610450744629, 12117.0
0.05021214485168457, 12338.0
0.05219912528991699, 13202.0
0.05420422554016113, 13611.0
0.05620718002319336, 13969.0
0.05822110176086426, 14346.0
0.06024813652038574, 14530.0
0.06223893165588379, 15131.0
0.06422615051269531, 15662.0
0.06623721122741699, 15663.0
0.06823015213012695, 16588.0
0.07021617889404297, 17087.0
0.07222509384155273, 17223.0
0.07422018051147461, 17677.0
0.07621932029724121, 18129.0
0.0782172679901123, 18282.0
0.08020615577697754, 18798.0
0.08220124244689941, 19205.0
0.08419513702392578, 20074.0
0.08620214462280273, 21101.0
0.08821606636047363, 21791.0
0.09021520614624023, 22358.0
0.09221029281616211, 22455.0
0.09420108795166016, 22909.0
0.09620308876037598, 23528.0
0.09821224212646484, 23923.0
0.10020613670349121, 24733.0
0.10221529006958008, 25541.0
0.10422015190124512, 25653.0
0.10621428489685059, 25720.0
0.10820722579956055, 26247.0
0.11019110679626465, 26338.0
0.11218833923339844, 26466.0
0.11418533325195312, 26971.0
0.11617732048034668, 27383.0
0.11816620826721191, 27524.0
0.12016940116882324, 28351.0
0.12216496467590332, 28857.0
0.12416720390319824, 29334.0
0.12616610527038574, 29772.0
0.12815523147583008, 30056.0
0.13014912605285645, 30921.0
0.13216018676757812, 31043.0
0.13417816162109375, 31950.0
0.13618731498718262, 32726.0
0.1381833553314209, 32880.0
0.14017200469970703, 33298.0
0.14216113090515137, 34015.0
0.14414525032043457, 34418.0
0.14621210098266602, 34583.0
0.14820027351379395, 35576.0
0.15020418167114258, 35853.0
0.15220022201538086, 35995.0
0.15421628952026367, 36449.0
0.15623927116394043, 36634.0
0.1582493782043457, 36811.0
0.1602480411529541, 37011.0
0.16225814819335938, 37612.0
0.16426539421081543, 37870.0
0.16626620292663574, 38270.0
0.1682600975036621, 39215.0
0.17224431037902832, 39350.0
0.1742253303527832, 39990.0
0.1762251853942871, 40196.0
0.17821812629699707, 40670.0
0.1802060604095459, 40769.0
0.18218708038330078, 40887.0
0.1841752529144287, 41494.0
0.18616414070129395, 41665.0
0.18816208839416504, 42211.0
0.19015717506408691, 42487.0
0.19213533401489258, 42710.0
0.19411730766296387, 42799.0
0.19609808921813965, 42815.0
0.1980910301208496, 42936.0
0.20006918907165527, 42977.0
0.20208215713500977, 43250.0
0.20406818389892578, 43954.0
0.20606613159179688, 43955.0
0.2080540657043457, 44202.0
0.21002435684204102, 44698.0
0.21199727058410645, 45236.0
0.21399617195129395, 45237.0
0.21600103378295898, 45360.0
0.21798229217529297, 46072.0
0.21997809410095215, 47016.0
0.22198915481567383, 48031.0
0.2239832878112793, 48303.0
0.2259840965270996, 48544.0
0.22795915603637695, 49056.0
0.2299501895904541, 49088.0
0.23194122314453125, 49510.0
0.2845423221588135, 49528.0
0.28652429580688477, 49529.0
0.2943282127380371, 49552.0
0.29628801345825195, 49587.0
0.5106601715087891, 49667.0
0.5396420955657959, 49758.0
0.7509491443634033, 49786.0
0.938629150390625, 49918.0
0.978513240814209, 50019.0
1.0724360942840576, 50059.0
1.1065683364868164, 50068.0
1.1273891925811768, 50176.0
1.176589012145996, 50310.0
1.6055443286895752, 50330.0
2.4078173637390137, 50346.0
2.4908909797668457, 50384.0
2.506054162979126, 50385.0
2.545788288116455, 50490.0
4.232456207275391, 50513.0
4.244328260421753, 50572.0
5.1438069343566895, 50600.0
5.153297185897827, 50674.0
5.22143816947937, 50675.0
5.374294996261597, 50688.0
5.441174030303955, 50718.0
5.467199087142944, 50748.0
6.003957986831665, 50762.0
6.0691680908203125, 50838.0
6.281883239746094, 50904.0
7.0076282024383545, 50973.0
7.013232231140137, 50976.0
17.147881269454956, 50985.0
17.20410919189453, 50994.0
17.996628999710083, 51054.0
18.04082727432251, 51062.0
18.090723037719727, 51108.0
18.2121741771698, 51226.0
18.21823215484619, 51339.0
18.2223961353302, 51372.0
18.24938130378723, 51383.0
18.297401189804077, 51396.0
19.815077304840088, 51492.0
19.88412117958069, 51572.0
19.930190086364746, 51683.0
20.035710334777832, 51705.0
20.079752206802368, 51706.0
20.091260194778442, 51707.0
20.16033625602722, 51761.0
20.171889305114746, 51762.0
20.810047149658203, 51770.0
20.959200143814087, 51842.0
21.713656187057495, 51896.0
21.912520170211792, 51929.0
21.94696021080017, 51989.0
22.006270170211792, 52047.0
22.010139226913452, 52085.0
22.01783013343811, 52086.0
22.03126621246338, 52154.0
22.048503160476685, 52200.0
22.126827001571655, 52201.0
22.18421721458435, 52293.0
22.280083179473877, 52350.0
26.158611297607422, 52384.0
26.23861026763916, 52493.0
26.904085159301758, 52582.0
27.572290182113647, 52585.0
28.42752718925476, 52587.0
28.4485502243042, 52693.0
28.467665195465088, 52797.0
28.61270022392273, 52798.0
36.34709620475769, 52876.0
36.42232608795166, 52967.0
36.47313404083252, 53028.0
36.857075214385986, 53047.0
36.880335092544556, 53048.0
36.90752720832825, 53127.0
36.9192099571228, 53167.0
36.975444316864014, 53351.0
37.223541021347046, 53475.0
37.23910117149353, 53476.0
37.55534911155701, 53537.0
38.073302030563354, 53586.0
38.153629302978516, 53656.0
41.36362814903259, 53672.0
41.413636207580566, 53735.0
43.513108253479004, 53772.0
43.53866124153137, 53909.0
43.54261231422424, 54040.0
43.58583331108093, 54041.0
43.65236210823059, 54082.0
43.70338201522827, 54083.0
43.81863021850586, 54161.0
43.99287724494934, 54165.0
44.14940905570984, 54248.0
58.54402303695679, 54350.0
58.59195327758789, 54425.0
58.76026225090027, 54440.0
58.99933314323425, 54456.0
59.035810232162476, 54474.0
59.095147132873535, 54564.0
59.145095348358154, 54631.0
59.18531608581543, 54673.0
59.22376608848572, 54691.0
60.79221034049988, 54698.0
60.81142807006836, 54777.0
61.19782018661499, 54827.0
61.320030212402344, 54894.0
61.40657424926758, 55010.0
61.43414235115051, 55022.0
61.44599914550781, 55031.0
63.12887120246887, 55085.0
63.19565534591675, 55172.0
65.28340816497803, 55201.0
65.29681324958801, 55202.0
65.3370361328125, 55258.0
65.33898115158081, 55326.0
65.34856700897217, 55417.0
83.92921018600464, 55459.0
83.94104719161987, 55534.0
84.23912215232849, 55573.0
84.25262999534607, 55574.0
84.41129803657532, 55614.0
84.41908407211304, 55615.0
84.45780920982361, 55681.0
84.5275330543518, 55716.0
84.72734117507935, 55843.0
84.7544641494751, 55961.0
84.77577710151672, 55994.0
84.78737211227417, 55995.0
85.13819622993469, 56109.0
85.14977717399597, 56110.0
85.7697982788086, 56164.0
85.79746413230896, 56165.0
85.86286306381226, 56181.0
86.03338813781738, 56256.0
86.11067700386047, 56257.0
86.23444318771362, 56367.0
86.78118300437927, 56396.0
86.86294722557068, 56425.0
86.91518998146057, 56563.0
93.11803698539734, 56582.0
97.79479217529297, 56587.0
97.85583019256592, 56656.0
100.00875616073608, 56664.0
100.02426600456238, 56806.0
100.21979808807373, 56904.0
100.28761720657349, 56905.0
100.62953114509583, 56947.0
100.6605613231659, 57003.0
100.70317816734314, 57004.0
100.8435411453247, 57205.0
100.92302227020264, 57265.0
101.40915608406067, 57270.0
101.50468015670776, 57312.0
101.52769613265991, 57397.0
101.70276308059692, 57430.0
101.72940111160278, 57506.0
101.81639504432678, 57570.0
101.87458300590515, 57571.0
102.2876341342926, 57602.0
103.41876912117004, 57676.0
103.42262601852417, 57717.0
103.63277816772461, 57734.0
103.64242005348206, 57765.0
103.92362213134766, 57779.0
104.10358810424805, 57793.0
104.1114091873169, 57794.0
104.23380208015442, 57796.0
104.25717234611511, 57901.0
104.27675318717957, 57978.0
104.37239599227905, 58091.0
105.94912099838257, 58098.0
105.97981023788452, 58106.0
106.08187222480774, 58210.0
106.33641719818115, 58322.0
106.39622116088867, 58398.0
106.54964017868042, 58416.0
107.50553703308105, 58528.0
107.76063108444214, 58626.0
108.27994704246521, 58640.0
108.80101609230042, 58658.0
109.36243414878845, 58677.0
109.72100305557251, 58682.0
110.44607901573181, 58731.0
110.5414731502533, 58854.0
110.54920721054077, 58867.0
113.82715797424316, 58884.0
113.87810730934143, 58919.0
115.07543611526489, 58945.0
115.08131313323975, 59101.0
115.41409611701965, 59182.0
115.66318106651306, 59208.0
116.21439909934998, 59244.0
121.61634731292725, 59268.0
121.65479326248169, 59269.0
121.94904398918152, 59329.0
122.2233510017395, 59388.0
122.33595013618469, 59427.0
122.42403411865234, 59453.0
122.61814618110657, 59489.0
122.91711521148682, 59558.0
122.94542622566223, 59606.0
123.19284129142761, 59671.0
123.52495217323303, 59687.0
123.64484524726868, 59749.0
123.78801321983337, 59750.0
124.29818534851074, 59763.0
124.37782311439514, 59789.0
124.48554801940918, 59865.0
124.87707710266113, 59948.0
124.94612407684326, 59965.0
125.14800000190735, 60069.0
125.39685416221619, 60082.0
125.43035697937012, 60166.0
125.46735525131226, 60167.0
125.95722436904907, 60231.0
126.00147199630737, 60305.0
126.0106692314148, 60306.0
126.40422224998474, 60309.0
126.44825029373169, 60310.0
126.50497221946716, 60318.0
128.41329097747803, 60321.0
128.59433603286743, 60413.0
128.64550614356995, 60476.0
129.29925513267517, 60483.0
129.5215802192688, 60512.0
129.53639221191406, 60593.0
129.682923078537, 60610.0
129.70489120483398, 60611.0
129.734295129776, 60661.0
129.9093792438507, 60714.0
130.24383521080017, 60772.0
130.6708791255951, 60856.0
131.82864212989807, 60897.0
131.9335322380066, 60916.0
132.36399006843567, 61037.0
133.35498332977295, 61048.0
133.38817930221558, 61135.0
133.48327326774597, 61163.0
133.76931715011597, 61252.0
133.8949203491211, 61275.0
134.1411850452423, 61276.0
135.7751612663269, 61332.0
136.8919312953949, 61333.0
137.16793704032898, 61380.0
137.2686002254486, 61493.0
137.74787211418152, 61578.0
137.8428921699524, 61617.0
138.3113090991974, 61618.0
138.41805720329285, 61684.0
138.61150908470154, 61814.0
138.93539023399353, 61815.0
139.34870719909668, 61868.0
140.34801506996155, 61895.0
140.65730023384094, 61961.0
141.33006620407104, 62002.0
141.64911103248596, 62013.0
141.75541925430298, 62014.0
141.95106506347656, 62015.0
142.5163550376892, 62031.0
142.56483507156372, 62041.0
143.39237213134766, 62113.0
143.54574513435364, 62114.0
143.56272625923157, 62127.0
143.7211651802063, 62160.0
143.72688722610474, 62161.0
143.7984492778778, 62162.0
143.93896317481995, 62167.0
144.42979097366333, 62214.0
144.57399916648865, 62215.0
144.6809322834015, 62227.0
145.87878131866455, 62228.0
146.17615008354187, 62278.0
146.17812728881836, 62279.0
146.2325723171234, 62280.0
146.27917528152466, 62281.0
146.47599840164185, 62286.0
146.6984932422638, 62287.0
146.77152919769287, 62288.0
148.35920524597168, 62338.0
148.389995098114, 62339.0
148.52038025856018, 62426.0
148.58366918563843, 62444.0
148.62967610359192, 62536.0
148.97556829452515, 62537.0
149.431627035141, 62538.0
150.01307702064514, 62622.0
150.561288356781, 62646.0
150.8473882675171, 62781.0
151.70338606834412, 62923.0
151.71294736862183, 62953.0
152.8680350780487, 62964.0
153.08308815956116, 62965.0
153.79325318336487, 63006.0
154.31436419487, 63007.0
155.44774723052979, 63017.0
155.6015841960907, 63018.0
156.6649730205536, 63077.0
156.75033903121948, 63095.0
157.25893807411194, 63096.0
158.35179209709167, 63114.0
159.32237815856934, 63115.0
159.886821269989, 63158.0
160.17716932296753, 63159.0
161.676509141922, 63202.0
162.6531581878662, 63244.0
162.82948422431946, 63245.0
163.96592211723328, 63246.0
164.13553833961487, 63247.0
164.84203004837036, 63248.0
164.99694418907166, 63264.0
166.07432913780212, 63265.0
170.10325717926025, 63312.0
170.1589391231537, 63313.0
172.75612211227417, 63321.0
173.18012022972107, 63322.0
173.76423406600952, 63356.0
173.79879927635193, 63357.0
174.65213227272034, 63395.0
174.6677212715149, 63396.0
175.19389414787292, 63397.0
175.22888708114624, 63424.0
175.2327971458435, 63425.0
175.9819803237915, 63543.0
177.08702325820923, 63550.0
177.9665551185608, 63567.0
178.39561223983765, 63568.0
179.3453381061554, 63594.0
179.44725728034973, 63595.0
179.62596035003662, 63604.0
180.92061805725098, 63631.0
185.500568151474, 63634.0
185.65115332603455, 63635.0
186.3208429813385, 63653.0
188.2160210609436, 63689.0
188.25114917755127, 63690.0
189.3142273426056, 63736.0
193.98132920265198, 63772.0
194.64144730567932, 63773.0
195.1172001361847, 63782.0
196.4928503036499, 63805.0
196.82618117332458, 63806.0
196.8649091720581, 63867.0
