1.052098035812378, 64636.0
1.7939720153808594, 70166.0
2.5411770343780518, 72866.0
3.288785219192505, 80922.0
4.049690246582031, 82736.0
4.790816068649292, 89718.0
5.55728006362915, 92603.0
6.3065080642700195, 96766.0
7.056750059127808, 104606.0
7.8083250522613525, 108211.0
8.558050155639648, 110505.0
9.30976414680481, 111046.0
10.061077117919922, 112159.0
10.809993028640747, 116781.0
11.56809401512146, 125077.0
12.324207067489624, 132086.0
13.081869125366211, 132086.0
13.83396315574646, 132086.0
14.586407899856567, 140790.0
15.3418550491333, 141543.0
16.103809118270874, 141543.0
16.865487098693848, 144252.0
17.624129056930542, 148568.0
18.384448051452637, 150333.0
19.148180961608887, 160017.0
19.914101123809814, 160017.0
20.67473793029785, 160134.0
21.438894033432007, 165556.0
22.199440240859985, 165556.0
22.964153051376343, 167244.0
23.728936910629272, 172949.0
24.4950749874115, 176262.0
25.252657890319824, 180309.0
26.014076948165894, 180309.0
26.77976107597351, 187433.0
27.570698022842407, 187433.0
28.349052906036377, 190201.0
29.11798596382141, 191403.0
29.88299322128296, 205468.0
30.65688395500183, 205468.0
31.451417207717896, 205468.0
32.23454308509827, 205468.0
33.01583790779114, 207126.0
33.79293417930603, 208823.0
34.566028118133545, 211056.0
35.33272409439087, 214103.0
36.108230113983154, 221715.0
36.89526295661926, 221715.0
37.67014813423157, 222520.0
38.438305139541626, 223660.0
39.215949058532715, 230424.0
39.99554896354675, 230424.0
40.77547001838684, 230424.0
41.55532693862915, 236839.0
42.406814098358154, 241136.0
43.1822190284729, 241136.0
43.98328399658203, 241136.0
44.77062106132507, 248064.0
45.54779314994812, 248064.0
46.32460808753967, 251043.0
47.09917688369751, 251043.0
47.876487016677856, 251043.0
48.65952205657959, 251043.0
49.43954300880432, 254876.0
50.21886897087097, 254877.0
50.99920701980591, 260641.0
51.77575206756592, 264194.0
52.55379295349121, 264194.0
53.3363881111145, 264194.0
54.12000799179077, 266766.0
54.90794110298157, 268333.0
55.703693151474, 270371.0
56.489457845687866, 274843.0
57.28098201751709, 274843.0
58.09081506729126, 275234.0
58.87512493133545, 275234.0
59.66513800621033, 276555.0
60.45042610168457, 280537.0
61.23775911331177, 282252.0
62.021193981170654, 282252.0
62.80471706390381, 284436.0
63.59193801879883, 287534.0
64.37787508964539, 290009.0
65.16842913627625, 291990.0
65.96980094909668, 294151.0
66.76755714416504, 294700.0
67.56202292442322, 297415.0
68.35359406471252, 297415.0
69.15345215797424, 302016.0
69.94512414932251, 302016.0
70.73961591720581, 305203.0
71.54163885116577, 307904.0
72.35410904884338, 307904.0
73.14813899993896, 308220.0
73.93996906280518, 310940.0
74.73063802719116, 314542.0
75.52118015289307, 314542.0
76.31015515327454, 316080.0
77.10399007797241, 316080.0
77.89861607551575, 316080.0
78.69150590896606, 316591.0
79.48562502861023, 316740.0
80.27543807029724, 319771.0
81.0720751285553, 321744.0
81.86802506446838, 321744.0
82.66379117965698, 331944.0
83.45862603187561, 331944.0
84.2462100982666, 331944.0
85.07746505737305, 333289.0
85.86825609207153, 333552.0
86.65379309654236, 333552.0
87.44168615341187, 333552.0
88.22778701782227, 333552.0
89.01535415649414, 333676.0
89.81684923171997, 335841.0
90.61202216148376, 337597.0
91.40999698638916, 337597.0
92.20333003997803, 344295.0
93.00091218948364, 344982.0
93.79229688644409, 345844.0
94.58752298355103, 346210.0
95.39290595054626, 346210.0
96.20607113838196, 346636.0
97.03653597831726, 350473.0
97.83446598052979, 350473.0
98.64108800888062, 350607.0
99.44656300544739, 352355.0
100.2451388835907, 355309.0
101.0426230430603, 355309.0
101.85195899009705, 355309.0
102.65249609947205, 355309.0
103.46383309364319, 355921.0
104.26578307151794, 356591.0
105.06705093383789, 357001.0
105.86885190010071, 357001.0
106.66546607017517, 365560.0
107.46364498138428, 365560.0
108.26364016532898, 365560.0
109.06532406806946, 365601.0
109.8836019039154, 365601.0
110.69049286842346, 368355.0
111.49660205841064, 368355.0
112.3014440536499, 368591.0
113.10833096504211, 368591.0
113.91454529762268, 372477.0
114.71916699409485, 372477.0
115.52154898643494, 372477.0
116.33101201057434, 372880.0
117.13669514656067, 372924.0
117.94776821136475, 377122.0
118.76214027404785, 377448.0
119.58313226699829, 377448.0
120.39131498336792, 381906.0
121.19649410247803, 382459.0
122.00272011756897, 385964.0
122.80770301818848, 385964.0
123.60737729072571, 386228.0
124.4074912071228, 386693.0
125.2065761089325, 390628.0
126.04079508781433, 390628.0
126.8454520702362, 390628.0
127.65574717521667, 390628.0
128.4596438407898, 390628.0
129.29603624343872, 390816.0
130.16197609901428, 392517.0
130.99363708496094, 392517.0
131.79377007484436, 392517.0
132.60119009017944, 392517.0
133.4171211719513, 394221.0
134.23646807670593, 394221.0
135.05044293403625, 394221.0
135.85949420928955, 394221.0
136.6835880279541, 394221.0
137.48710823059082, 394221.0
138.30857801437378, 396190.0
139.12730598449707, 397382.0
139.9312460422516, 398232.0
140.75414204597473, 398232.0
141.58031010627747, 403058.0
142.39235091209412, 403058.0
143.20465803146362, 403058.0
144.00552129745483, 403058.0
144.8256299495697, 403058.0
145.6422131061554, 403297.0
146.47814917564392, 406221.0
147.29937624931335, 406221.0
148.15311908721924, 407130.0
148.98225712776184, 408891.0
149.81766295433044, 412613.0
150.63126301765442, 412613.0
151.4463369846344, 412613.0
152.26115703582764, 412613.0
153.07665300369263, 412613.0
153.89478611946106, 412613.0
154.71737003326416, 412613.0
155.5433530807495, 412613.0
156.35860991477966, 412613.0
157.19796109199524, 412613.0
158.00951504707336, 412867.0
158.81797409057617, 412867.0
159.62537217140198, 419713.0
