0.00010800361633300781, 338.0
0.00021409988403320312, 1218.0
0.0003190040588378906, 1666.0
0.0004239082336425781, 1933.0
0.0007359981536865234, 2157.0
0.0014548301696777344, 2566.0
0.0017628669738769531, 2567.0
0.0034079551696777344, 2568.0
0.007236003875732422, 2569.0
0.11750006675720215, 2652.0
0.12310314178466797, 2859.0
0.12874102592468262, 2886.0
0.13734984397888184, 3044.0
0.16153192520141602, 3052.0
0.30324482917785645, 3105.0
0.3197031021118164, 3136.0
0.4598250389099121, 3140.0
0.46172285079956055, 3150.0
0.48780083656311035, 3170.0
0.9235889911651611, 3174.0
0.9238967895507812, 3269.0
1.5149860382080078, 3353.0
2.6932051181793213, 3411.0
5.290916919708252, 3493.0
5.303282022476196, 3508.0
5.304125070571899, 3509.0
5.307841777801514, 3510.0
5.3171868324279785, 3511.0
5.327584981918335, 3531.0
5.41267204284668, 3537.0
5.969462156295776, 3654.0
5.978990793228149, 3715.0
5.984025001525879, 3772.0
5.991015911102295, 3888.0
7.19235897064209, 3890.0
7.27967381477356, 3955.0
7.350679874420166, 3966.0
7.888405084609985, 3991.0
