0.1004490852355957, 5648.0
0.17535018920898438, 5718.0
0.25180697441101074, 5865.0
0.3266720771789551, 5943.0
0.40166306495666504, 6039.0
0.4768688678741455, 6098.0
0.5524649620056152, 6157.0
0.627967119216919, 6274.0
0.7036287784576416, 6493.0
0.7805919647216797, 6595.0
0.8567240238189697, 6809.0
0.9327991008758545, 6809.0
1.0091259479522705, 6822.0
1.0861029624938965, 6921.0
1.163478136062622, 7011.0
1.2399330139160156, 7039.0
1.3165509700775146, 7101.0
1.3931620121002197, 7285.0
1.470674991607666, 7285.0
1.548370122909546, 7285.0
1.6260900497436523, 7318.0
1.7039599418640137, 7490.0
1.7818529605865479, 7490.0
1.8608360290527344, 7490.0
1.9420177936553955, 7500.0
2.021296977996826, 7529.0
2.100503921508789, 7704.0
2.1788790225982666, 7704.0
2.2579002380371094, 7791.0
2.3389639854431152, 7861.0
2.4171080589294434, 7861.0
2.4956929683685303, 7861.0
2.5742290019989014, 7866.0
2.6528940200805664, 7936.0
2.730949878692627, 7936.0
2.809593915939331, 7995.0
2.889211893081665, 7995.0
2.9686899185180664, 8002.0
3.0472002029418945, 8042.0
3.1263539791107178, 8076.0
3.2052371501922607, 8076.0
3.283837080001831, 8154.0
3.364729881286621, 8154.0
3.4463231563568115, 8197.0
3.528940200805664, 8197.0
3.6094601154327393, 8236.0
3.6897318363189697, 8261.0
3.7708499431610107, 8261.0
3.8566958904266357, 8261.0
3.937242031097412, 8280.0
4.015988111495972, 8280.0
4.0945351123809814, 8324.0
4.1745429039001465, 8324.0
4.253175973892212, 8349.0
4.3332860469818115, 8375.0
4.4122819900512695, 8395.0
4.490910053253174, 8532.0
4.569707155227661, 8532.0
4.648748874664307, 8532.0
4.7282140254974365, 8532.0
4.809083938598633, 8532.0
4.891617059707642, 8532.0
4.972556114196777, 8532.0
5.053175210952759, 8532.0
5.13446307182312, 8584.0
5.215713977813721, 8584.0
5.295058012008667, 8584.0
5.374518156051636, 8584.0
5.453892946243286, 8584.0
5.533329963684082, 8584.0
5.6124560832977295, 8584.0
5.69177508354187, 8592.0
5.770709991455078, 8592.0
5.849751949310303, 8592.0
5.929012060165405, 8592.0
6.007822036743164, 8592.0
6.088108777999878, 8614.0
6.168787002563477, 8614.0
6.252454042434692, 8614.0
6.335376024246216, 8614.0
6.415585994720459, 8751.0
6.495059967041016, 8756.0
6.5745930671691895, 8756.0
6.65394401550293, 8767.0
6.7332329750061035, 8767.0
6.812644004821777, 8767.0
6.892148971557617, 8767.0
6.971333026885986, 8769.0
7.050465822219849, 8769.0
7.129662036895752, 8769.0
7.208988904953003, 8769.0
7.288588047027588, 8769.0
7.36788010597229, 8769.0
7.446824073791504, 8813.0
7.526750087738037, 8813.0
7.606492042541504, 8813.0
7.6857922077178955, 8825.0
7.7648138999938965, 8825.0
7.8439319133758545, 8825.0
7.923081159591675, 8825.0
8.002164125442505, 8825.0
8.081239938735962, 8865.0
8.160340070724487, 8865.0
8.24685287475586, 8865.0
8.327000856399536, 8865.0
8.40833592414856, 8865.0
8.48859715461731, 8865.0
8.567736864089966, 8865.0
8.646687030792236, 8865.0
8.725771188735962, 8865.0
8.804987907409668, 8865.0
8.884278059005737, 8865.0
8.963606119155884, 8865.0
9.043035984039307, 8865.0
9.122666120529175, 8865.0
9.202179908752441, 8865.0
9.281635999679565, 8865.0
9.361284017562866, 8865.0
9.44062089920044, 8865.0
9.519870042800903, 8865.0
9.598939895629883, 8865.0
9.678153991699219, 8865.0
9.758343935012817, 8865.0
9.84079384803772, 8865.0
9.920459032058716, 8865.0
9.999840021133423, 8865.0
10.079379081726074, 8865.0
10.158663988113403, 8865.0
10.23795485496521, 8865.0
10.31744909286499, 8865.0
10.398152112960815, 8865.0
10.480116128921509, 8865.0
10.560429811477661, 8876.0
10.64103102684021, 8876.0
10.722913026809692, 8876.0
10.804426193237305, 8876.0
10.885824203491211, 8876.0
10.967219114303589, 8876.0
11.048022985458374, 8876.0
11.127661943435669, 8876.0
11.207237005233765, 8876.0
11.286910057067871, 8876.0
11.366211891174316, 8876.0
11.44870400428772, 8876.0
11.5295090675354, 8876.0
11.614061832427979, 8876.0
11.695948123931885, 8876.0
11.776936054229736, 8876.0
11.857800006866455, 8876.0
11.938328981399536, 8876.0
12.018342971801758, 8876.0
12.09777283668518, 8876.0
12.17770004272461, 8876.0
12.25773811340332, 8876.0
12.337813138961792, 8876.0
12.417943954467773, 8893.0
12.499259948730469, 8893.0
12.57903504371643, 8893.0
12.658996105194092, 8893.0
12.741282939910889, 8893.0
12.821351051330566, 8893.0
12.901142835617065, 8893.0
12.981797933578491, 8893.0
13.06151795387268, 8893.0
13.141217231750488, 8893.0
13.220728874206543, 8893.0
13.300391912460327, 8893.0
13.379948139190674, 8893.0
13.459877014160156, 8893.0
13.539369106292725, 8893.0
13.618802070617676, 8893.0
13.698199987411499, 8893.0
13.777683019638062, 8893.0
13.857450008392334, 8893.0
13.936860084533691, 8893.0
14.016454935073853, 8893.0
14.095963954925537, 8893.0
14.183803081512451, 8893.0
14.264135122299194, 8893.0
14.34372591972351, 8893.0
14.42287802696228, 8893.0
14.503952980041504, 8893.0
14.583820104598999, 8893.0
14.663684844970703, 8893.0
14.743636131286621, 8893.0
14.82342791557312, 8893.0
14.903338193893433, 8893.0
14.98299503326416, 8893.0
15.062917947769165, 8893.0
15.1424720287323, 8893.0
15.222360849380493, 8893.0
15.302004098892212, 8893.0
15.381870985031128, 8893.0
15.461481094360352, 8893.0
15.54135799407959, 8893.0
15.623948812484741, 8893.0
15.704576015472412, 8893.0
15.784385204315186, 8893.0
15.864367961883545, 8893.0
15.944841146469116, 8893.0
16.031352996826172, 8893.0
