0.0021538734436035156, 899.0
0.0041790008544921875, 1846.0
0.0062940120697021484, 2710.0
0.008328914642333984, 3533.0
0.010338068008422852, 3733.0
0.012366771697998047, 3896.0
0.014393806457519531, 3913.0
0.01641082763671875, 4404.0
0.018444061279296875, 4810.0
0.020465850830078125, 4894.0
0.022513866424560547, 5164.0
0.024525165557861328, 5865.0
0.0265350341796875, 6265.0
0.028543949127197266, 6435.0
0.030617952346801758, 7064.0
0.03264498710632324, 7403.0
0.034651994705200195, 7716.0
0.03666377067565918, 8326.0
0.03866696357727051, 9194.0
0.04067397117614746, 9965.0
0.042694807052612305, 10501.0
0.04468512535095215, 10748.0
0.046705007553100586, 11689.0
0.048712968826293945, 12072.0
0.0507049560546875, 12318.0
0.05270671844482422, 12880.0
0.05475783348083496, 13607.0
0.05678105354309082, 14074.0
0.05889391899108887, 15032.0
0.061109066009521484, 15057.0
0.06317687034606934, 15616.0
0.06524896621704102, 16450.0
0.06724190711975098, 16539.0
0.0692298412322998, 16722.0
0.07122683525085449, 16943.0
0.07322382926940918, 17046.0
0.07521581649780273, 17641.0
0.07722187042236328, 18375.0
0.07921385765075684, 18582.0
0.08121490478515625, 18625.0
0.08323478698730469, 18828.0
0.08524298667907715, 19429.0
0.08723902702331543, 19747.0
0.08923697471618652, 20431.0
0.09125208854675293, 20806.0
0.09323978424072266, 20977.0
0.09524393081665039, 21567.0
0.0972440242767334, 21887.0
0.09923577308654785, 22563.0
0.10122799873352051, 23183.0
0.1032400131225586, 23844.0
0.1052248477935791, 24470.0
0.10723400115966797, 24907.0
0.10921883583068848, 25160.0
0.11120104789733887, 26046.0
0.11319494247436523, 26651.0
0.1152348518371582, 27556.0
0.11730480194091797, 28290.0
0.11936211585998535, 28554.0
0.12143993377685547, 28821.0
0.12347292900085449, 29440.0
0.1254878044128418, 29741.0
0.12754392623901367, 30548.0
0.1296849250793457, 30999.0
0.1318039894104004, 31507.0
0.13384509086608887, 32276.0
0.13592886924743652, 33240.0
0.13798785209655762, 33751.0
0.14006614685058594, 34561.0
0.14208197593688965, 35219.0
0.1441788673400879, 36128.0
0.14632892608642578, 36469.0
0.14832687377929688, 36858.0
0.15033698081970215, 37644.0
0.15235590934753418, 38432.0
0.15435194969177246, 38963.0
0.15632987022399902, 39196.0
0.15831398963928223, 39576.0
0.16030597686767578, 40348.0
0.16229891777038574, 40393.0
0.16430282592773438, 41033.0
0.16629600524902344, 41485.0
0.16828298568725586, 42321.0
0.17026209831237793, 42724.0
0.17225193977355957, 42929.0
0.17423272132873535, 43013.0
0.1762378215789795, 43952.0
0.1782228946685791, 44322.0
0.1802370548248291, 45016.0
0.1822190284729004, 45889.0
0.18420004844665527, 46647.0
0.1861870288848877, 46822.0
0.1881847381591797, 47000.0
0.1979961395263672, 47316.0
0.22000479698181152, 47359.0
0.2784860134124756, 47629.0
0.31359171867370605, 48313.0
0.3253328800201416, 49147.0
0.9019689559936523, 49249.0
0.9578619003295898, 49706.0
0.9845728874206543, 49947.0
0.9865128993988037, 50137.0
0.9941871166229248, 50263.0
1.0350961685180664, 50428.0
1.0636298656463623, 51385.0
1.3029577732086182, 52133.0
1.4588139057159424, 52687.0
3.165802001953125, 53488.0
3.252393960952759, 53714.0
3.348496913909912, 54001.0
3.3504199981689453, 54962.0
3.3560779094696045, 55694.0
3.3636181354522705, 56376.0
3.4238390922546387, 57192.0
3.438873767852783, 57234.0
3.4727590084075928, 57390.0
3.4766008853912354, 58024.0
3.5818817615509033, 58714.0
3.598829746246338, 58773.0
3.6101057529449463, 58949.0
3.6741268634796143, 59912.0
3.734360933303833, 60133.0
3.7701587677001953, 60511.0
4.1439948081970215, 61191.0
4.1983160972595215, 61384.0
4.262430906295776, 61607.0
4.268278121948242, 61942.0
4.2721967697143555, 62785.0
4.276103973388672, 63394.0
4.495078802108765, 64042.0
4.735895156860352, 64189.0
4.765054941177368, 64519.0
4.780630111694336, 65430.0
5.010406970977783, 65751.0
5.0240137577056885, 66260.0
5.041583776473999, 66987.0
5.045474052429199, 67620.0
5.0474770069122314, 68554.0
5.0532920360565186, 69344.0
5.076555967330933, 69712.0
5.109471082687378, 70482.0
5.6383068561553955, 70959.0
5.664892911911011, 71356.0
5.703833818435669, 71892.0
5.782906770706177, 72742.0
5.850045919418335, 73084.0
5.8786890506744385, 73827.0
6.043141841888428, 74045.0
6.186396837234497, 74105.0
6.2293078899383545, 74322.0
6.239733934402466, 74844.0
6.681721925735474, 74875.0
6.731945037841797, 75194.0
6.749334096908569, 75954.0
6.778291940689087, 76407.0
6.780252933502197, 76459.0
6.789945840835571, 77179.0
6.811233043670654, 77482.0
6.815128803253174, 77998.0
6.90575385093689, 78488.0
7.151693820953369, 79115.0
7.237785816192627, 79150.0
7.9381890296936035, 79237.0
7.943847894668579, 80026.0
8.018946886062622, 80235.0
8.026498794555664, 80609.0
8.10345983505249, 80627.0
8.335598945617676, 80657.0
8.526797771453857, 81298.0
9.201303958892822, 81325.0
9.20508599281311, 82214.0
9.20699691772461, 82783.0
9.214532852172852, 83150.0
9.24079704284668, 83897.0
9.242707967758179, 84583.0
9.248398780822754, 84913.0
9.488158941268921, 85347.0
9.497590065002441, 85446.0
9.574471950531006, 85521.0
9.679555892944336, 85548.0
9.86716914176941, 85675.0
9.869081974029541, 86541.0
9.870991945266724, 87078.0
9.880428075790405, 87475.0
9.886094808578491, 88210.0
9.888011932373047, 88818.0
9.889925956726074, 89473.0
9.944311141967773, 90460.0
10.11692190170288, 91121.0
10.120730876922607, 91131.0
10.122639894485474, 91436.0
10.126487016677856, 91949.0
10.130267858505249, 92930.0
10.137817859649658, 93762.0
10.147230863571167, 94437.0
10.173543930053711, 94957.0
10.211039066314697, 95124.0
10.24105978012085, 95895.0
10.286678075790405, 95911.0
10.976699829101562, 96076.0
11.05551290512085, 96289.0
11.078069925308228, 96574.0
11.079991817474365, 96599.0
11.089390754699707, 97519.0
11.123163938522339, 97522.0
11.156962156295776, 97851.0
11.560119152069092, 98028.0
11.565783977508545, 98114.0
11.597710847854614, 98705.0
11.60337495803833, 98810.0
11.977090835571289, 99120.0
12.409877061843872, 99386.0
12.423066854476929, 100347.0
12.434370756149292, 100558.0
12.560134887695312, 100810.0
12.714205026626587, 101471.0
12.731181144714355, 101953.0
12.924479961395264, 102126.0
12.975213766098022, 102718.0
13.0315101146698, 103610.0
13.039047002792358, 104220.0
13.052204132080078, 105150.0
13.080435991287231, 105279.0
13.084219932556152, 105561.0
13.183790922164917, 105815.0
13.200737953186035, 105869.0
13.228879928588867, 106652.0
13.232666969299316, 107325.0
13.28905987739563, 107471.0
13.298486948013306, 108032.0
13.320997953414917, 108400.0
13.446756839752197, 108501.0
13.480523109436035, 108953.0
13.491796970367432, 109685.0
13.55939793586731, 109737.0
13.572551012039185, 110299.0
13.598866939544678, 110836.0
13.625160932540894, 111783.0
13.715133905410767, 111934.0
13.717047929763794, 112921.0
13.718955039978027, 113264.0
13.722744941711426, 113846.0
13.72653079032898, 114022.0
13.756535053253174, 114025.0
13.886074781417847, 114927.0
13.893613815307617, 115099.0
14.314247846603394, 115103.0
14.37155795097351, 115893.0
14.469249963760376, 116476.0
14.531364917755127, 116900.0
14.55518388748169, 117897.0
14.785410165786743, 118202.0
14.807399988174438, 118885.0
14.849463701248169, 119012.0
14.891490936279297, 119542.0
14.909826755523682, 119900.0
14.988261938095093, 120159.0
15.063169956207275, 120577.0
15.083303928375244, 121161.0
15.085157871246338, 121386.0
15.170951843261719, 121641.0
15.328080892562866, 121929.0
15.35732889175415, 122379.0
15.406829833984375, 122775.0
15.58020305633545, 123367.0
15.609421730041504, 124153.0
15.622222900390625, 125024.0
15.624104976654053, 125602.0
15.746294975280762, 126249.0
15.748171091079712, 127132.0
15.750049114227295, 127194.0
15.757376909255981, 128176.0
15.812232971191406, 128274.0
15.83968210220337, 128747.0
15.86176586151123, 128872.0
15.952111959457397, 129206.0
15.97799301147461, 129923.0
15.97987413406372, 130323.0
16.20212984085083, 130835.0
16.275573015213013, 131477.0
16.288420915603638, 131743.0
16.29579186439514, 132546.0
16.312285900115967, 133237.0
16.337955951690674, 134148.0
16.517863988876343, 134383.0
16.888893842697144, 134714.0
17.34326982498169, 134716.0
17.41761803627014, 134818.0
17.552759885787964, 135213.0
17.70740580558777, 135524.0
17.70939588546753, 136410.0
17.711372137069702, 137093.0
17.726982831954956, 137384.0
17.89876103401184, 137601.0
17.91821599006653, 138349.0
17.92990803718567, 138982.0
17.937720775604248, 139314.0
17.953300952911377, 139809.0
17.962997913360596, 140727.0
18.111809968948364, 141156.0
18.129229068756104, 141834.0
18.148486852645874, 142649.0
18.16009283065796, 143497.0
18.171716928482056, 143634.0
18.18722414970398, 143750.0
18.189201831817627, 144413.0
18.239203929901123, 144961.0
18.24691891670227, 145858.0
18.258538007736206, 146754.0
18.266306161880493, 147308.0
18.27211284637451, 147522.0
18.27793002128601, 147849.0
18.33571195602417, 148623.0
18.360710859298706, 148894.0
18.36458396911621, 148992.0
18.416353940963745, 149263.0
18.432220935821533, 149702.0
18.943177938461304, 149914.0
18.95280385017395, 150334.0
18.985356092453003, 150538.0
18.996885061264038, 150956.0
19.016100883483887, 150993.0
19.07164692878723, 151225.0
19.087012767791748, 152215.0
19.110076904296875, 152787.0
19.169402837753296, 153311.0
19.28980302810669, 153818.0
19.297462940216064, 153839.0
19.29939579963684, 154209.0
19.356765031814575, 154769.0
19.38534188270569, 154875.0
19.41578698158264, 155118.0
19.419636964797974, 155495.0
19.473106861114502, 155708.0
20.073457956314087, 155950.0
20.130722761154175, 156103.0
20.14603900909424, 156929.0
20.348196983337402, 157004.0
20.469275951385498, 157019.0
20.506273984909058, 157099.0
20.678393840789795, 157350.0
20.69940495491028, 157575.0
20.821675062179565, 157720.0
20.875139951705933, 158327.0
20.87898898124695, 158536.0
20.880928993225098, 158949.0
20.89995813369751, 159098.0
20.919050931930542, 159320.0
20.928576946258545, 159993.0
20.930519104003906, 160678.0
21.691012859344482, 160743.0
21.704365015029907, 160904.0
21.755733966827393, 161122.0
21.765300035476685, 161519.0
21.813135862350464, 162404.0
22.47478675842285, 162831.0
22.502068996429443, 163469.0
22.548152923583984, 164258.0
22.55008578300476, 164738.0
22.59749984741211, 164764.0
22.71940302848816, 164915.0
22.83942985534668, 165244.0
22.968547821044922, 165363.0
23.084813117980957, 165834.0
23.088653087615967, 166513.0
23.109643936157227, 167273.0
23.14969801902771, 167842.0
23.161114931106567, 168136.0
23.25431990623474, 168280.0
24.18471097946167, 168408.0
24.188544988632202, 168469.0
24.693098068237305, 169245.0
24.71398687362671, 169607.0
24.71591877937317, 169817.0
25.27239990234375, 169959.0
25.75275707244873, 170485.0
25.7717387676239, 170982.0
25.99016499519348, 171268.0
26.02817678451538, 171295.0
26.0433931350708, 171925.0
26.047231912612915, 171979.0
26.100488901138306, 172267.0
26.138648748397827, 172272.0
26.146281003952026, 172425.0
26.16151189804077, 172906.0
26.19187903404236, 173850.0
26.22051191329956, 174045.0
28.307888984680176, 174127.0
28.391748905181885, 174280.0
28.39557194709778, 174283.0
28.479171752929688, 174924.0
28.55346369743347, 175242.0
28.880677938461304, 175304.0
28.8939950466156, 175308.0
29.00022292137146, 175649.0
29.040239810943604, 176440.0
29.047894954681396, 176993.0
29.23058295249939, 177219.0
29.48475193977356, 177895.0
29.56828999519348, 178042.0
29.5986430644989, 178494.0
29.617634773254395, 179011.0
29.812855005264282, 179436.0
30.472830057144165, 179817.0
31.49542999267578, 180026.0
31.597588062286377, 180267.0
31.60900092124939, 180318.0
31.675292015075684, 181133.0
31.798229932785034, 181347.0
31.85692286491394, 181437.0
31.862627744674683, 182312.0
31.891166925430298, 182605.0
32.03112292289734, 182753.0
32.04627203941345, 183664.0
32.09543991088867, 183711.0
32.62205481529236, 183789.0
32.65445303916931, 184777.0
32.660521030426025, 185477.0
32.712661027908325, 186207.0
32.830299854278564, 186545.0
32.83224296569824, 186619.0
32.8398380279541, 187138.0
32.90424394607544, 187150.0
32.97063493728638, 187332.0
33.01088213920593, 187941.0
33.03181481361389, 188189.0
33.04886984825134, 188373.0
33.05462193489075, 188469.0
33.060359954833984, 189002.0
33.598387002944946, 189003.0
33.6154351234436, 189556.0
33.65322804450989, 189837.0
33.66845083236694, 190601.0
34.10609316825867, 191148.0
34.172364950180054, 191334.0
34.23867702484131, 192011.0
34.346542835235596, 192132.0
34.36356997489929, 192945.0
34.839380979537964, 193474.0
35.019646883010864, 193955.0
35.04055094718933, 194073.0
35.046278953552246, 194323.0
35.513699769973755, 194396.0
35.54403781890869, 195240.0
35.57432293891907, 196145.0
35.578136920928955, 196535.0
35.65187406539917, 196991.0
35.729536056518555, 197801.0
35.74469304084778, 198029.0
35.775004863739014, 198759.0
35.82430291175842, 198927.0
35.835697889328, 199510.0
35.84140706062317, 200018.0
35.86225390434265, 200238.0
35.936063051223755, 200701.0
35.93798780441284, 201587.0
35.94561576843262, 201641.0
35.95323085784912, 202609.0
35.95516395568848, 203152.0
36.099098920822144, 203293.0
36.10860300064087, 203310.0
36.19012188911438, 203376.0
36.226109981536865, 203591.0
36.26215410232544, 203715.0
36.26408886909485, 204427.0
36.28685903549194, 204790.0
36.290679693222046, 205024.0
36.61246991157532, 205302.0
36.64285087585449, 206295.0
36.671266078948975, 206604.0
36.67696213722229, 206942.0
36.68646001815796, 207270.0
36.70352792739868, 207646.0
37.276447057724, 208314.0
39.78236174583435, 208907.0
39.80386686325073, 209140.0
39.805853843688965, 209824.0
39.821534872055054, 209981.0
39.90163588523865, 210647.0
39.9642288684845, 211558.0
39.99561405181885, 211674.0
40.027040004730225, 211895.0
40.058374881744385, 212878.0
40.44538497924805, 213088.0
40.64148497581482, 213581.0
40.65896511077881, 214425.0
41.3419988155365, 214719.0
41.56641888618469, 214757.0
41.70631408691406, 215007.0
41.77512502670288, 215284.0
41.897526025772095, 215632.0
41.92828583717346, 215714.0
41.93240404129028, 216673.0
42.56025195121765, 217121.0
42.569973945617676, 217781.0
42.57966494560242, 218223.0
42.597134828567505, 218394.0
42.63779902458191, 219088.0
42.690024852752686, 219229.0
42.693931102752686, 219643.0
42.72673296928406, 220039.0
42.7286958694458, 220812.0
42.749900102615356, 220961.0
42.76537609100342, 221171.0
42.813684940338135, 221954.0
42.82362079620361, 221975.0
42.88063287734985, 222132.0
42.88260507583618, 223054.0
42.90970182418823, 223110.0
42.92907190322876, 223875.0
43.01402807235718, 223972.0
43.039108753204346, 224527.0
43.07960081100464, 225067.0
43.18756675720215, 225114.0
43.218167781829834, 225758.0
43.37650203704834, 226090.0
43.670628786087036, 226474.0
43.72977590560913, 227327.0
43.792717933654785, 227993.0
46.05562973022461, 228015.0
46.22237277030945, 228590.0
46.32480216026306, 228895.0
46.33991098403931, 229672.0
49.95983386039734, 230082.0
49.969290018081665, 230618.0
50.04281187057495, 231202.0
50.05791902542114, 231488.0
50.11637091636658, 231752.0
50.25403690338135, 232273.0
50.32955288887024, 232333.0
50.489863872528076, 232433.0
50.576517820358276, 232997.0
50.68203401565552, 233209.0
50.69527888298035, 233715.0
50.70286703109741, 234568.0
50.70855498313904, 235056.0
50.72180199623108, 235454.0
51.09043312072754, 236017.0
53.72561311721802, 236215.0
53.94753694534302, 236871.0
54.004075050354004, 237284.0
54.007874727249146, 238127.0
54.00978899002075, 238416.0
54.01358103752136, 238626.0
54.03243088722229, 238954.0
54.22833800315857, 239665.0
54.3112359046936, 240203.0
54.339515924453735, 240866.0
55.13737607002258, 240986.0
55.18445181846619, 241900.0
55.216487884521484, 242618.0
55.254191875457764, 242721.0
55.26548886299133, 243597.0
55.679420948028564, 244258.0
55.823622941970825, 244706.0
55.829270124435425, 245036.0
55.83118176460266, 245819.0
55.853644132614136, 246403.0
55.99043297767639, 246657.0
57.82674789428711, 246674.0
57.87731695175171, 247297.0
57.879234075546265, 247494.0
57.954200744628906, 248021.0
57.974807024002075, 248241.0
58.504770040512085, 249122.0
58.56845283508301, 249443.0
58.57223296165466, 249473.0
58.57974410057068, 250280.0
58.72562003135681, 250968.0
58.76490092277527, 251137.0
58.79301571846008, 251154.0
58.80803894996643, 251350.0
58.82679605484009, 251958.0
58.98245191574097, 252135.0
58.986238956451416, 253023.0
59.06675410270691, 253587.0
59.06866788864136, 254144.0
59.09551692008972, 254762.0
59.63178491592407, 255341.0
59.95403790473938, 255514.0
60.014039039611816, 256046.0
60.023459911346436, 256383.0
60.0890109539032, 256879.0
60.09842300415039, 257314.0
60.94323492050171, 257323.0
61.01998805999756, 257457.0
62.401102781295776, 257815.0
62.48539710044861, 257973.0
62.798080921173096, 258188.0
62.826210021972656, 258506.0
63.08096480369568, 258934.0
63.10536503791809, 259204.0
65.3305070400238, 259222.0
65.34364295005798, 259654.0
65.40166783332825, 259992.0
65.44664287567139, 260240.0
65.96941685676575, 260317.0
66.08752202987671, 260777.0
67.06791090965271, 261026.0
67.08649802207947, 261143.0
67.08838081359863, 261194.0
67.11251783370972, 261872.0
67.86791491508484, 261902.0
67.92623686790466, 262191.0
68.0913028717041, 262863.0
68.09717893600464, 263861.0
68.19428205490112, 264360.0
68.2001359462738, 264992.0
68.20989084243774, 265013.0
68.22931790351868, 265088.0
68.30510592460632, 265364.0
68.3342399597168, 265761.0
68.36724400520325, 266091.0
68.60635900497437, 266493.0
68.70253491401672, 267319.0
68.79872989654541, 267450.0
68.81800985336304, 268081.0
68.95081186294556, 268253.0
69.1103298664093, 268563.0
69.6913948059082, 268614.0
69.72594094276428, 268688.0
69.86799693107605, 269387.0
69.92187690734863, 269647.0
69.96410703659058, 269828.0
69.96605491638184, 270304.0
69.9890968799591, 270500.0
70.02940797805786, 270659.0
70.04093480110168, 271351.0
70.04480600357056, 271769.0
70.06017684936523, 271987.0
70.13700795173645, 272114.0
70.14475989341736, 272284.0
70.19849991798401, 272900.0
70.92386484146118, 273080.0
70.97961592674255, 273714.0
71.01608490943909, 274187.0
71.23096895217896, 274887.0
72.11783695220947, 275134.0
72.12930297851562, 275561.0
72.17507791519165, 276034.0
72.2265899181366, 276085.0
72.26854300498962, 276990.0
72.41160607337952, 277183.0
74.50686478614807, 277512.0
74.53742384910583, 277586.0
74.55270671844482, 278008.0
74.60229992866516, 278050.0
74.61186194419861, 278812.0
74.6557559967041, 279101.0
74.72056603431702, 279368.0
74.76824188232422, 279478.0
74.77208495140076, 279970.0
74.77782607078552, 280520.0
75.07906007766724, 280981.0
75.10771989822388, 281871.0
75.1477599143982, 282201.0
75.28680992126465, 282211.0
75.31543397903442, 282631.0
75.35382509231567, 282869.0
75.45425295829773, 283102.0
75.50767207145691, 283149.0
75.51916599273682, 283903.0
75.62411093711853, 284450.0
75.63556981086731, 284806.0
75.68902611732483, 284807.0
75.69479203224182, 285546.0
75.7920880317688, 286109.0
75.8473470211029, 286160.0
75.8931610584259, 286629.0
75.90082001686096, 287515.0
75.95231175422668, 287737.0
75.99049282073975, 287778.0
76.27074575424194, 288043.0
76.30703806877136, 288226.0
76.3204197883606, 288405.0
76.40053606033325, 288923.0
76.41392683982849, 289098.0
76.73803496360779, 289355.0
76.84673380851746, 289459.0
76.8657968044281, 290094.0
76.88107395172119, 290252.0
76.91734504699707, 290300.0
77.01278901100159, 290705.0
77.1767828464508, 291342.0
77.43148899078369, 292031.0
77.6671130657196, 292219.0
77.73964500427246, 292378.0
77.98318386077881, 292548.0
78.09384083747864, 293301.0
78.14052200317383, 293328.0
78.36595892906189, 293371.0
78.40872597694397, 294218.0
78.41652202606201, 295014.0
78.63174200057983, 295165.0
79.35896873474121, 295515.0
79.48465991020203, 295927.0
79.50440287590027, 296265.0
79.61064505577087, 296288.0
79.6382200717926, 297238.0
79.80734276771545, 297877.0
79.96828699111938, 298586.0
80.05579805374146, 298633.0
80.10050892829895, 298871.0
80.76626992225647, 299645.0
80.82775402069092, 299700.0
80.8969349861145, 300233.0
80.91617488861084, 300998.0
80.99487686157227, 301521.0
81.02947902679443, 301681.0
81.03335499763489, 302340.0
81.0525689125061, 302341.0
81.08139705657959, 302577.0
81.64683794975281, 302795.0
81.78697299957275, 303351.0
81.89063096046448, 303603.0
82.16497373580933, 304079.0
82.22831106185913, 304225.0
82.26673889160156, 304578.0
82.5890760421753, 305495.0
82.59870910644531, 305536.0
82.61216902732849, 306021.0
82.63713788986206, 306575.0
82.64871716499329, 307209.0
82.98448896408081, 307872.0
83.2891960144043, 307997.0
83.39084792137146, 308009.0
83.62214684486389, 308199.0
84.29084801673889, 308448.0
84.83131504058838, 309120.0
85.33747577667236, 309127.0
85.37585377693176, 309421.0
85.42377591133118, 309608.0
85.7035961151123, 309886.0
85.82453393936157, 310422.0
85.8799159526825, 311142.0
86.17157983779907, 311768.0
86.22692108154297, 311913.0
86.33764505386353, 312197.0
86.66018414497375, 312993.0
86.85483193397522, 313367.0
87.45961594581604, 313484.0
87.76467204093933, 313875.0
88.0566918849945, 314825.0
88.08723211288452, 315744.0
88.1806960105896, 315837.0
88.18835473060608, 316002.0
88.205570936203, 316633.0
88.20942687988281, 317130.0
88.61189675331116, 317592.0
88.62718796730042, 317717.0
88.62914490699768, 318691.0
88.94016599655151, 318809.0
89.10429286956787, 318906.0
89.15203404426575, 319270.0
89.15588784217834, 319588.0
89.16548085212708, 319859.0
89.20750594139099, 320065.0
89.2533209323883, 320360.0
89.27626395225525, 321174.0
89.3468370437622, 321539.0
89.6190857887268, 321651.0
89.744961977005, 322146.0
89.8366048336029, 322688.0
89.95497298240662, 322929.0
90.03896403312683, 323419.0
90.04470992088318, 323935.0
90.1363639831543, 324756.0
90.14594793319702, 325209.0
90.2548668384552, 325245.0
90.45170211791992, 325469.0
90.66173601150513, 326052.0
90.8660638332367, 326856.0
90.89856195449829, 327255.0
91.03795194625854, 327960.0
91.11053276062012, 328591.0
91.24610090255737, 329246.0
91.25954699516296, 329966.0
91.4218077659607, 330145.0
91.61855173110962, 330383.0
91.6519570350647, 330779.0
92.81367611885071, 331186.0
94.64045906066895, 331230.0
94.81215286254883, 331713.0
95.30151081085205, 332431.0
95.3361668586731, 332540.0
95.53587412834167, 332848.0
95.72955083847046, 332879.0
95.78738307952881, 333462.0
95.89140582084656, 333491.0
96.94219398498535, 333509.0
97.46102690696716, 333629.0
97.60133981704712, 334045.0
97.68227791786194, 334313.0
97.71720600128174, 335073.0
98.20838189125061, 335411.0
98.34695100784302, 335639.0
98.44892287254333, 335926.0
98.5681619644165, 336278.0
98.62394690513611, 336313.0
98.62974691390991, 336895.0
98.6355767250061, 337114.0
99.06039500236511, 337650.0
99.19887280464172, 337921.0
99.35460686683655, 338753.0
99.73370385169983, 339227.0
99.78879380226135, 339712.0
99.93291974067688, 340552.0
100.46326875686646, 340807.0
100.47675585746765, 341483.0
100.48259091377258, 341581.0
100.56529688835144, 342309.0
102.52001309394836, 342670.0
102.74124073982239, 343207.0
103.20698189735413, 343275.0
103.24422097206116, 343700.0
103.25601005554199, 343942.0
103.45543885231018, 344399.0
104.0396568775177, 344433.0
104.45470595359802, 344615.0
105.83488988876343, 344728.0
105.87583804130554, 344923.0
106.1420328617096, 345056.0
106.21951007843018, 345302.0
107.4386351108551, 345587.0
107.60684299468994, 345804.0
108.12695407867432, 346385.0
108.18744087219238, 346525.0
109.18224382400513, 347327.0
110.85732674598694, 347543.0
110.88815593719482, 348353.0
111.13351702690125, 348574.0
112.40639901161194, 348682.0
113.64617705345154, 348689.0
113.72677493095398, 348858.0
114.28759789466858, 349084.0
117.03336977958679, 349487.0
118.53742599487305, 350298.0
118.64790987968445, 350883.0
118.85548186302185, 351158.0
119.6318211555481, 351642.0
119.94824194908142, 352477.0
121.186607837677, 352832.0
121.5616557598114, 352916.0
122.327810049057, 352919.0
123.19950699806213, 352935.0
123.46212887763977, 353426.0
123.46406984329224, 353604.0
123.52877283096313, 353804.0
124.56643104553223, 354696.0
125.06708002090454, 355256.0
126.57336497306824, 356014.0
127.02164196968079, 356030.0
134.03938579559326, 356533.0
134.0761637687683, 356560.0
134.37674283981323, 356757.0
138.69214010238647, 357553.0
139.22335004806519, 357931.0
139.68121099472046, 358167.0
142.72740507125854, 358268.0
145.295245885849, 358302.0
169.35639595985413, 358383.0
