0.0019299983978271484, 682.0
0.0038299560546875, 752.0
0.0056989192962646484, 1382.0
0.007576942443847656, 1592.0
0.009450912475585938, 2031.0
0.011311054229736328, 2410.0
0.013160943984985352, 3312.0
0.015023946762084961, 3878.0
0.016901731491088867, 4169.0
0.018764972686767578, 4984.0
0.020625829696655273, 5785.0
0.022487878799438477, 6646.0
0.02435302734375, 6820.0
0.026217937469482422, 7718.0
0.028095006942749023, 8346.0
0.029974937438964844, 8735.0
0.031855106353759766, 8983.0
0.033728837966918945, 9152.0
0.03559279441833496, 9528.0
0.037455081939697266, 10013.0
0.03930497169494629, 10186.0
0.04116201400756836, 10365.0
0.04304099082946777, 10418.0
0.04490208625793457, 11102.0
0.046759843826293945, 12044.0
0.04862785339355469, 13003.0
0.0504910945892334, 13934.0
0.05234503746032715, 14692.0
0.054203033447265625, 15263.0
0.05606985092163086, 15771.0
0.05794882774353027, 16141.0
0.05983591079711914, 16978.0
0.06171894073486328, 17237.0
0.06359696388244629, 17720.0
0.06547093391418457, 18055.0
0.06733107566833496, 18464.0
0.06920194625854492, 19094.0
0.07107305526733398, 19978.0
0.07294487953186035, 20914.0
0.07481908798217773, 21129.0
0.0766749382019043, 21857.0
0.07853198051452637, 22116.0
0.0803828239440918, 22889.0
0.08224201202392578, 23879.0
0.08410000801086426, 24760.0
0.08596396446228027, 25084.0
0.08783793449401855, 25284.0
0.08970499038696289, 26198.0
0.0915679931640625, 26610.0
0.0934288501739502, 26882.0
0.09533214569091797, 27812.0
0.09720897674560547, 28558.0
0.0990598201751709, 29487.0
0.10094189643859863, 29818.0
0.10280799865722656, 30292.0
0.10466504096984863, 30884.0
0.1065211296081543, 31241.0
0.10839080810546875, 32045.0
0.11025500297546387, 32100.0
0.11211276054382324, 32287.0
0.11397910118103027, 32808.0
0.11583781242370605, 33157.0
0.11771106719970703, 33627.0
0.11957383155822754, 34224.0
0.12144994735717773, 34595.0
0.12332582473754883, 35146.0
0.12518978118896484, 35199.0
0.1270589828491211, 35428.0
0.1289510726928711, 35558.0
0.13081693649291992, 35991.0
0.1326749324798584, 36700.0
0.134537935256958, 37507.0
0.1363999843597412, 38240.0
0.1382608413696289, 38845.0
0.1401357650756836, 39425.0
0.1420137882232666, 39519.0
0.14388489723205566, 39725.0
0.14581704139709473, 40394.0
0.14768099784851074, 41129.0
0.14953994750976562, 41461.0
0.15139985084533691, 42404.0
0.1532750129699707, 42885.0
0.15514588356018066, 43494.0
0.15700984001159668, 43932.0
0.15888500213623047, 44207.0
0.1607370376586914, 44235.0
0.16445088386535645, 44615.0
0.1663217544555664, 44901.0
0.1681809425354004, 45070.0
0.1700420379638672, 45341.0
0.1719069480895996, 46216.0
0.17377781867980957, 47018.0
0.17564010620117188, 47261.0
0.17751383781433105, 48189.0
0.1793818473815918, 48526.0
0.18124008178710938, 48711.0
0.1831049919128418, 49341.0
0.18496084213256836, 49939.0
0.18681907653808594, 50038.0
0.18868184089660645, 50881.0
0.1905357837677002, 50941.0
0.19240689277648926, 51681.0
0.20157313346862793, 52095.0
0.2619309425354004, 52599.0
0.3788869380950928, 52778.0
0.43560791015625, 53473.0
0.43747496604919434, 54112.0
0.4466381072998047, 54338.0
0.4959449768066406, 54763.0
0.4996359348297119, 55100.0
0.5070159435272217, 55662.0
0.5162510871887207, 56547.0
0.5784749984741211, 56744.0
0.5931260585784912, 57594.0
0.6334588527679443, 58148.0
0.6828598976135254, 58506.0
0.853503942489624, 58537.0
0.8791301250457764, 58572.0
0.8956179618835449, 58839.0
1.0016350746154785, 59217.0
1.03187894821167, 59268.0
1.5108578205108643, 59730.0
1.5456089973449707, 59965.0
1.547471046447754, 60259.0
1.55662202835083, 60712.0
1.6520049571990967, 60843.0
1.6612169742584229, 61814.0
1.6667819023132324, 62304.0
1.6741418838500977, 62887.0
1.6905980110168457, 62938.0
1.6997828483581543, 63116.0
1.732745885848999, 63723.0
1.7915797233581543, 64135.0
1.8135180473327637, 64795.0
1.8591248989105225, 65478.0
1.9104340076446533, 65785.0
1.9287168979644775, 66479.0
1.9414949417114258, 66706.0
2.0530407428741455, 66832.0
2.263256072998047, 67089.0
2.266939878463745, 67419.0
2.3128340244293213, 67863.0
2.316549062728882, 68626.0
2.320280075073242, 68735.0
2.331393003463745, 69524.0
2.42671799659729, 69790.0
2.591549873352051, 70432.0
2.6483659744262695, 70452.0
2.6557209491729736, 71354.0
2.672247886657715, 72299.0
3.2936277389526367, 72778.0
3.322981119155884, 73625.0
3.37424898147583, 74252.0
3.4326608180999756, 74626.0
3.536875009536743, 74715.0
3.5442099571228027, 75323.0
3.7117390632629395, 75964.0
3.8257949352264404, 76053.0
3.827781915664673, 76482.0
3.8735649585723877, 77229.0
3.915436029434204, 77600.0
3.9362690448760986, 78581.0
3.9770190715789795, 79024.0
3.9809887409210205, 79652.0
4.006035804748535, 79926.0
4.026732921600342, 80070.0
4.0286478996276855, 80963.0
4.030565023422241, 81559.0
4.06427001953125, 82351.0
4.115357875823975, 82450.0
4.139711856842041, 82525.0
4.186471939086914, 83291.0
4.72393274307251, 84087.0
4.7317070960998535, 84612.0
4.741822957992554, 85519.0
4.755810022354126, 85797.0
4.765852928161621, 86633.0
4.806340932846069, 86717.0
4.846369028091431, 86738.0
4.850237846374512, 87414.0
4.944411039352417, 87555.0
4.957843780517578, 88400.0
5.083760023117065, 88672.0
5.334064722061157, 88752.0
5.505404949188232, 88840.0
5.513356924057007, 89252.0
5.572244882583618, 89814.0
5.5799360275268555, 89861.0
5.606889963150024, 90217.0
5.61655592918396, 91148.0
5.8222997188568115, 91398.0
5.897576808929443, 92257.0
5.947813987731934, 92288.0
5.95170783996582, 93168.0
5.963390827178955, 93848.0
5.99989914894104, 94396.0
6.073577880859375, 94640.0
6.29305100440979, 95197.0
6.360534906387329, 95242.0
6.38364577293396, 95435.0
6.387542009353638, 96140.0
6.405010938644409, 97063.0
6.4508960247039795, 98050.0
6.554459810256958, 98720.0
6.621960878372192, 99053.0
6.652795791625977, 99806.0
6.783730983734131, 100174.0
6.787585020065308, 101152.0
6.899539947509766, 101233.0
6.907230854034424, 101842.0
6.941622018814087, 102066.0
6.977979898452759, 102246.0
7.000910997390747, 102318.0
7.029860973358154, 102521.0
7.068141937255859, 102834.0
7.081692934036255, 103549.0
7.137146949768066, 104029.0
7.4357709884643555, 104108.0
7.437759876251221, 104730.0
7.474418878555298, 104886.0
7.566251993179321, 105600.0
7.568213939666748, 105677.0
7.589355945587158, 106308.0
7.597063779830933, 106679.0
7.6410911083221436, 107578.0
7.670072078704834, 107969.0
7.712509870529175, 108390.0
8.195326805114746, 108572.0
8.247301816940308, 108628.0
8.69446587562561, 108785.0
8.707969903945923, 108884.0
8.711835861206055, 109454.0
8.719583988189697, 110322.0
8.736884832382202, 111309.0
8.750353813171387, 112262.0
8.917001962661743, 112505.0
8.919023990631104, 112772.0
9.01328992843628, 113155.0
9.115236043930054, 113761.0
9.142700910568237, 114526.0
9.146677017211914, 114563.0
9.160496711730957, 115032.0
9.180208921432495, 115296.0
9.184202909469604, 115924.0
9.297584056854248, 116658.0
9.550570964813232, 117002.0
9.5623459815979, 117596.0
9.582010984420776, 117864.0
9.611709833145142, 118634.0
9.74142575263977, 118898.0
9.793570041656494, 118957.0
9.79555606842041, 119498.0
9.79953408241272, 120384.0
9.805470943450928, 121023.0
10.254398822784424, 121230.0
10.35132384300232, 121998.0
10.372579097747803, 122904.0
10.66352891921997, 123177.0
10.665474891662598, 123183.0
10.6751389503479, 123897.0
10.677093029022217, 124773.0
10.684869050979614, 124815.0
10.800051927566528, 124940.0
10.811596870422363, 125790.0
10.832712888717651, 125840.0
10.873044967651367, 125969.0
10.901803016662598, 126711.0
10.947275876998901, 126907.0
11.094942808151245, 127321.0
11.096904993057251, 127968.0
11.100765943527222, 128659.0
11.12185287475586, 129155.0
11.123824119567871, 129335.0
11.141183853149414, 129611.0
11.175683975219727, 130485.0
11.289308786392212, 131098.0
11.356611013412476, 131144.0
11.412233829498291, 131481.0
11.435304880142212, 132123.0
11.439164876937866, 132998.0
11.443031072616577, 133735.0
11.448819875717163, 133953.0
11.489134073257446, 134864.0
11.52181077003479, 135202.0
11.68385100364685, 135306.0
11.716063976287842, 135411.0
11.734972953796387, 136185.0
11.78398585319519, 136411.0
11.924201965332031, 137129.0
11.986516952514648, 137568.0
11.990309000015259, 137815.0
12.003534078598022, 138432.0
12.020569086074829, 138925.0
12.035646915435791, 139112.0
12.220414876937866, 139774.0
12.282555103302002, 140557.0
12.448351860046387, 140874.0
12.470932006835938, 141408.0
12.47473692893982, 142393.0
12.50684380531311, 143110.0
13.09635305404663, 143447.0
13.141516923904419, 143700.0
13.20937705039978, 144462.0
13.232002019882202, 144560.0
13.697154998779297, 144639.0
13.704720735549927, 144867.0
13.714210033416748, 145824.0
13.840956926345825, 145917.0
13.852275848388672, 146788.0
13.893723726272583, 147254.0
14.149467945098877, 147576.0
14.18523907661438, 148304.0
14.883469104766846, 148707.0
14.887279033660889, 149418.0
14.980003118515015, 149603.0
15.190899848937988, 150089.0
15.225733041763306, 150441.0
17.178075790405273, 151048.0
17.18575692176819, 151316.0
17.197247982025146, 152247.0
17.241184949874878, 152585.0
17.24503183364868, 153235.0
17.286936044692993, 153396.0
17.2945818901062, 153449.0
17.347779035568237, 153895.0
17.43678092956543, 154249.0
17.463361978530884, 155135.0
17.497429847717285, 155718.0
21.72889804840088, 156385.0
21.73082685470581, 157162.0
21.81253981590271, 157509.0
21.903848886489868, 157800.0
21.98172378540039, 158021.0
22.334635019302368, 158053.0
22.365095853805542, 158082.0
22.367021083831787, 158400.0
22.391772747039795, 158924.0
22.515561819076538, 159629.0
22.517498016357422, 160337.0
22.821507930755615, 160817.0
22.82533288002014, 161565.0
22.838677883148193, 162437.0
22.852004051208496, 162545.0
22.855862855911255, 162555.0
22.96192193031311, 162787.0
23.30066204071045, 162948.0
23.553330898284912, 163215.0
23.55529284477234, 163548.0
23.568606853485107, 164263.0
24.92257785797119, 164895.0
25.02132487297058, 165759.0
25.02325701713562, 166751.0
25.029015064239502, 166848.0
25.108684062957764, 167034.0
25.154447078704834, 167259.0
25.336294174194336, 167733.0
25.340142011642456, 167808.0
25.365049123764038, 167899.0
25.37457513809204, 168080.0
25.418279886245728, 168147.0
25.50214910507202, 168600.0
25.521288871765137, 169374.0
25.56309700012207, 169594.0
26.01861596107483, 169975.0
26.02054500579834, 170758.0
26.02247381210327, 171342.0
26.0282039642334, 171512.0
26.03205394744873, 171665.0
26.096544981002808, 171708.0
26.485229969024658, 171927.0
26.531078815460205, 172518.0
26.65702795982361, 173493.0
26.729192972183228, 173578.0
26.778851985931396, 174307.0
26.794092893600464, 174526.0
26.820713996887207, 174587.0
26.85319709777832, 175123.0
27.7792809009552, 175177.0
27.78123688697815, 175520.0
28.341583967208862, 175734.0
28.396597862243652, 176544.0
28.41557812690735, 176620.0
28.428868055343628, 177535.0
28.4535129070282, 177753.0
28.657947778701782, 178467.0
28.680672883987427, 179093.0
28.686374187469482, 180000.0
28.78844380378723, 180882.0
28.797945976257324, 181768.0
28.879326820373535, 181948.0
28.888813972473145, 182564.0
28.894535779953003, 182932.0
29.375903844833374, 183090.0
29.38729691505432, 183525.0
29.52949094772339, 184062.0
29.67519497871399, 184277.0
30.16703510284424, 184324.0
30.371689796447754, 184397.0
30.41161584854126, 184700.0
30.445765018463135, 185541.0
30.468528032302856, 186460.0
30.472347736358643, 187135.0
30.55940294265747, 187574.0
30.601315021514893, 187821.0
30.607056856155396, 188294.0
30.648715019226074, 189065.0
30.662022829055786, 189538.0
30.6639621257782, 189896.0
30.694314002990723, 189917.0
30.891368865966797, 190169.0
30.98056173324585, 190630.0
31.067853927612305, 191045.0
31.07166886329651, 191589.0
31.15506100654602, 191634.0
31.19487690925598, 192213.0
31.215760707855225, 192864.0
31.272817850112915, 193524.0
31.768408060073853, 193740.0
31.83875799179077, 193759.0
31.864041805267334, 193969.0
31.867955923080444, 194786.0
31.869927883148193, 195088.0
31.965072870254517, 195165.0
32.521904945373535, 195302.0
32.79820489883423, 195335.0
32.97085905075073, 195376.0
33.29040002822876, 195448.0
33.315428018569946, 196150.0
33.35851216316223, 196213.0
33.36659789085388, 196242.0
33.4146831035614, 196260.0
33.526108741760254, 196776.0
33.66430902481079, 196824.0
34.069283962249756, 196932.0
36.41305589675903, 197092.0
36.435847759246826, 197859.0
36.46629810333252, 198104.0
36.55365490913391, 198858.0
36.58602285385132, 199142.0
36.59370493888855, 199858.0
36.88296699523926, 199899.0
37.035845041275024, 200633.0
37.058650970458984, 201156.0
37.081472873687744, 201222.0
37.10434603691101, 201224.0
37.12336611747742, 201514.0
37.61381387710571, 201559.0
37.721965074539185, 201903.0
37.806065797805786, 202766.0
37.821260929107666, 202927.0
37.84785199165344, 203436.0
37.901012897491455, 203850.0
38.116262912750244, 203959.0
38.11821699142456, 204245.0
38.18532180786133, 204882.0
38.250244140625, 204999.0
38.267345905303955, 205640.0
38.282597064971924, 205938.0
38.45187592506409, 206155.0
38.64042282104492, 206675.0
38.69602704048157, 206767.0
38.777575969696045, 207386.0
38.84022903442383, 207618.0
38.89905309677124, 207821.0
38.902904987335205, 208595.0
39.45965886116028, 208660.0
39.465774059295654, 208871.0
39.527297019958496, 208927.0
39.54841589927673, 209096.0
39.61157488822937, 209470.0
39.6365180015564, 210381.0
39.638465881347656, 210408.0
39.64424705505371, 211016.0
39.834320068359375, 211804.0
39.8515100479126, 212152.0
39.859187841415405, 212985.0
39.87256908416748, 213947.0
39.97729206085205, 214181.0
39.986875772476196, 214649.0
40.05589699745178, 214919.0
40.413991928100586, 215076.0
40.4274480342865, 215674.0
40.47350096702576, 216619.0
40.50228190422058, 217446.0
40.58659887313843, 217665.0
40.61347985267639, 217731.0
40.63062810897827, 218713.0
40.911853075027466, 218953.0
40.92143511772156, 219852.0
41.032158851623535, 219990.0
41.0379319190979, 220391.0
41.09583592414856, 220600.0
41.11674690246582, 221390.0
41.169764041900635, 221398.0
41.18497896194458, 222214.0
41.18690490722656, 222756.0
41.19640016555786, 223048.0
41.211591958999634, 223110.0
41.32724189758301, 223498.0
41.374661922454834, 223668.0
42.15264296531677, 223876.0
42.4328727722168, 223927.0
42.43479800224304, 224084.0
42.44052815437317, 224305.0
42.45003795623779, 224468.0
42.51829385757446, 224577.0
42.59596371650696, 224701.0
42.72666096687317, 225589.0
42.76647686958313, 225681.0
43.135538816452026, 225786.0
43.141273021698, 225799.0
43.14697289466858, 226492.0
44.57756686210632, 226656.0
44.695789098739624, 226788.0
44.72867298126221, 227026.0
44.74420881271362, 227519.0
44.75586986541748, 228104.0
44.759779930114746, 228323.0
44.76753783226013, 228517.0
44.97350811958313, 228575.0
44.98313283920288, 229385.0
45.180602073669434, 229476.0
45.257080078125, 229517.0
45.25903677940369, 230000.0
45.26864409446716, 230660.0
46.7336859703064, 231281.0
46.770089864730835, 232086.0
46.775846004486084, 232196.0
46.785505056381226, 232806.0
46.80852699279785, 233540.0
46.82772493362427, 234030.0
46.87181091308594, 234325.0
47.78002095222473, 234527.0
47.864200830459595, 234832.0
47.89478397369385, 235064.0
47.90820288658142, 235874.0
48.214396953582764, 235988.0
48.26033687591553, 236284.0
48.27756690979004, 236348.0
48.28143787384033, 237199.0
48.2872109413147, 237318.0
48.38853979110718, 237902.0
48.78126096725464, 237930.0
48.806121826171875, 238456.0
48.842444896698, 238682.0
48.923399925231934, 238924.0
48.94825005531311, 239121.0
48.952099084854126, 239630.0
49.036125898361206, 239880.0
49.03807997703552, 240770.0
49.289467096328735, 241162.0
49.29728579521179, 242036.0
51.01212787628174, 242179.0
51.034765005111694, 243090.0
51.03669190406799, 243948.0
51.74475908279419, 244635.0
52.45973801612854, 245273.0
52.49706482887268, 245648.0
52.5284788608551, 245877.0
52.712652921676636, 246615.0
52.73015284538269, 247226.0
52.73407697677612, 247743.0
52.82552790641785, 247797.0
52.85265779495239, 248474.0
52.92042279243469, 249076.0
52.92818784713745, 249822.0
52.97846293449402, 250135.0
53.02861475944519, 250507.0
53.05570197105408, 250655.0
53.11734390258789, 251402.0
53.119322061538696, 252028.0
53.13093972206116, 252153.0
53.14062476158142, 253095.0
53.1637909412384, 253768.0
53.21016788482666, 254533.0
53.219834089279175, 254543.0
53.233402967453, 254840.0
54.190388917922974, 255193.0
54.19428086280823, 255597.0
55.47557282447815, 256045.0
55.49295783042908, 256607.0
55.49878692626953, 256680.0
55.74528408050537, 256808.0
55.83746886253357, 257125.0
55.849063873291016, 257483.0
55.85102415084839, 257680.0
55.85493993759155, 258587.0
55.86461687088013, 258866.0
56.00914192199707, 259146.0
56.06514883041382, 259916.0
56.52409911155701, 260341.0
56.68204379081726, 260457.0
56.743728160858154, 260464.0
56.78035497665405, 261248.0
56.83052897453308, 261372.0
56.89809608459473, 261569.0
56.91741490364075, 261661.0
57.702353954315186, 261672.0
57.91557812690735, 262288.0
57.921446084976196, 262308.0
57.92920994758606, 262688.0
57.960150957107544, 262959.0
58.03732705116272, 263556.0
58.08557105064392, 264127.0
58.137696981430054, 264712.0
58.16090178489685, 265076.0
58.39837694168091, 265401.0
58.404195070266724, 265799.0
58.406170129776, 266450.0
58.50844883918762, 267364.0
58.68981385231018, 267390.0
58.730334997177124, 267939.0
58.75343990325928, 268277.0
58.83041000366211, 268988.0
59.038641929626465, 269134.0
59.28302311897278, 269308.0
61.508877992630005, 269913.0
61.58172392845154, 269983.0
61.606672048568726, 270242.0
61.70468497276306, 270931.0
61.791106939315796, 271225.0
61.81807518005371, 271645.0
61.833476066589355, 272210.0
62.02069401741028, 272367.0
62.19331884384155, 272893.0
62.27377796173096, 273001.0
62.32279706001282, 273945.0
62.33264780044556, 274579.0
62.562329053878784, 275363.0
62.64651799201965, 275556.0
62.6485071182251, 276157.0
62.67188811302185, 276931.0
62.78858995437622, 277543.0
62.79251980781555, 278073.0
62.79645800590515, 278532.0
62.878124952316284, 279155.0
62.930660009384155, 279729.0
63.46362376213074, 279874.0
63.4791898727417, 280214.0
63.52004599571228, 280841.0
63.5979208946228, 280859.0
63.76521277427673, 281174.0
63.771183013916016, 281627.0
63.78892493247986, 282179.0
64.06010293960571, 282507.0
64.07569694519043, 282938.0
64.11069416999817, 283391.0
64.12626600265503, 283693.0
64.21571087837219, 283717.0
64.26043009757996, 284050.0
64.33423590660095, 284478.0
64.378977060318, 285248.0
64.47816586494446, 285342.0
64.49956202507019, 285525.0
64.50932598114014, 285696.0
64.52294707298279, 285744.0
64.548269033432, 286648.0
65.52969789505005, 286868.0
65.54697179794312, 287521.0
65.65064191818237, 287727.0
65.6564359664917, 288218.0
66.09171986579895, 288240.0
66.19318699836731, 288621.0
66.35555505752563, 288825.0
66.62677192687988, 289148.0
66.66883993148804, 289432.0
66.71078300476074, 289978.0
66.8328959941864, 290081.0
66.88635277748108, 290713.0
66.90551900863647, 290729.0
66.91892194747925, 291517.0
66.93229985237122, 291670.0
67.03348994255066, 292400.0
67.68876004219055, 292602.0
68.03913807868958, 292641.0
73.01024103164673, 292872.0
73.10450100898743, 292960.0
73.11800384521484, 293031.0
73.12571787834167, 293409.0
73.17962288856506, 293665.0
73.45280408859253, 293679.0
73.48356699943542, 294426.0
73.57586717605591, 295373.0
73.65861988067627, 295682.0
73.66057801246643, 295733.0
73.68749594688416, 295831.0
73.89687395095825, 295840.0
73.89884305000305, 296353.0
74.09099888801575, 296780.0
74.81806087493896, 296988.0
75.09096503257751, 297375.0
75.12554907798767, 297990.0
75.26585602760315, 298161.0
75.2812910079956, 298928.0
75.29094696044922, 299524.0
75.34084987640381, 300443.0
75.42742896080017, 300919.0
75.81737279891968, 301503.0
75.82320189476013, 302361.0
76.33879494667053, 302463.0
76.37903594970703, 302484.0
76.69657707214355, 302613.0
76.98166489601135, 302681.0
77.07526588439941, 303631.0
77.26634907722473, 303659.0
77.26830697059631, 304645.0
77.32758593559265, 305135.0
77.56247997283936, 305247.0
77.69063091278076, 305885.0
78.50643181800842, 306752.0
78.55619978904724, 306765.0
78.56390905380249, 307548.0
78.67116689682007, 307883.0
78.81417107582092, 308861.0
78.9130117893219, 309020.0
79.20029592514038, 309704.0
80.2110869884491, 309863.0
80.21306014060974, 310652.0
80.29977703094482, 311468.0
80.80755496025085, 311726.0
80.83041310310364, 312238.0
81.38970685005188, 312918.0
81.53051590919495, 312943.0
81.54956889152527, 312953.0
81.60666394233704, 313261.0
81.7227418422699, 313301.0
81.73037314414978, 313693.0
82.07488775253296, 314121.0
82.14515709877014, 314405.0
82.18512988090515, 314660.0
84.60600686073303, 314959.0
84.61781597137451, 315691.0
84.91853308677673, 315858.0
84.92448592185974, 315875.0
85.1954448223114, 316005.0
85.21708393096924, 316707.0
85.33284711837769, 317070.0
85.63031387329102, 317136.0
86.24339890480042, 317556.0
86.25886487960815, 317735.0
86.56487393379211, 317924.0
86.61701798439026, 318262.0
87.47511196136475, 318984.0
87.49444389343262, 319786.0
87.50990104675293, 320443.0
87.60640788078308, 320469.0
87.67772793769836, 320928.0
87.72987198829651, 321146.0
87.7337589263916, 321894.0
88.20636105537415, 322626.0
88.21990489959717, 323397.0
88.47386908531189, 323563.0
88.53079295158386, 324100.0
89.4477927684784, 324120.0
89.5993447303772, 324833.0
90.47598695755005, 325209.0
90.65855574607849, 325801.0
90.86322498321533, 325970.0
91.06539392471313, 326004.0
91.24591898918152, 326128.0
91.4284029006958, 326552.0
91.55333089828491, 326929.0
92.43602299690247, 326959.0
92.45208191871643, 327061.0
92.45412087440491, 327064.0
92.5397379398346, 327516.0
92.64122581481934, 327734.0
92.80726504325867, 328509.0
92.81620502471924, 329325.0
92.81802201271057, 329959.0
93.32791185379028, 330155.0
93.83144903182983, 330763.0
93.84043383598328, 331554.0
93.91553092002869, 332259.0
94.02115297317505, 332301.0
94.06598806381226, 332694.0
94.7424168586731, 333408.0
95.07526707649231, 333475.0
95.08890008926392, 334012.0
95.12006092071533, 334724.0
95.18616008758545, 335200.0
95.32087016105652, 335604.0
97.31497287750244, 336001.0
97.40942096710205, 336088.0
97.44412899017334, 336729.0
97.68870091438293, 337355.0
97.8158950805664, 337589.0
98.11448287963867, 338519.0
98.12414574623108, 338555.0
98.20704197883606, 338941.0
98.25711989402771, 339025.0
98.59777307510376, 339211.0
99.01706790924072, 339715.0
99.52914190292358, 340000.0
99.58700680732727, 340944.0
99.71703004837036, 340998.0
99.75192904472351, 341301.0
99.77508187294006, 341392.0
99.79050993919373, 341660.0
100.023521900177, 342099.0
100.24485802650452, 342213.0
101.07797694206238, 342864.0
101.67853474617004, 343050.0
102.8272020816803, 343095.0
102.90204310417175, 343348.0
103.13675999641418, 343586.0
103.21532487869263, 343763.0
104.14682388305664, 343805.0
104.40008187294006, 344605.0
104.99385595321655, 345151.0
105.01166415214539, 345536.0
105.07685899734497, 345701.0
106.8560209274292, 346582.0
107.03682708740234, 346849.0
107.40158295631409, 347532.0
107.97468090057373, 347539.0
108.23417592048645, 348197.0
109.08228087425232, 348571.0
109.35634708404541, 348598.0
109.73840308189392, 348661.0
112.29111790657043, 348918.0
112.46056795120239, 349772.0
112.50667595863342, 350592.0
112.58920788764954, 350946.0
112.71402597427368, 351875.0
113.14325284957886, 352021.0
113.42637896537781, 352713.0
113.65030813217163, 352874.0
114.33835005760193, 352936.0
115.36965799331665, 352970.0
115.84285688400269, 353244.0
116.33449292182922, 353964.0
117.50782203674316, 354593.0
117.57275199890137, 355336.0
117.82283210754395, 355461.0
118.74517488479614, 355808.0
120.79909896850586, 356596.0
120.82238411903381, 356670.0
121.34818983078003, 356706.0
122.95213985443115, 356757.0
124.71121978759766, 356760.0
125.60350489616394, 356980.0
125.60728001594543, 357371.0
127.42389488220215, 357490.0
128.35705399513245, 358210.0
130.05988192558289, 358406.0
131.78406810760498, 358482.0
132.42047572135925, 358965.0
134.2900788784027, 359248.0
135.6952669620514, 359417.0
139.24860906600952, 359619.0
140.47361612319946, 360309.0
140.71388006210327, 360344.0
