2.7894973754882812e-05, 720.0
7.295608520507812e-05, 1444.0
0.00024008750915527344, 2170.0
0.00074005126953125, 2961.0
0.0008437633514404297, 2998.0
0.001116037368774414, 3929.0
0.0022301673889160156, 4153.0
0.002251148223876953, 5027.0
0.00821995735168457, 5478.0
0.008503913879394531, 6195.0
0.008612871170043945, 6376.0
0.016353845596313477, 6898.0
0.31177306175231934, 6946.0
0.31998181343078613, 7123.0
0.320098876953125, 7423.0
0.5234818458557129, 7585.0
0.523975133895874, 7644.0
0.5659148693084717, 7774.0
0.6433141231536865, 7992.0
0.9492068290710449, 8026.0
0.9552950859069824, 8237.0
0.9564170837402344, 8661.0
0.9739229679107666, 8693.0
0.9841518402099609, 8929.0
