0.0002090930938720703, 488.0
0.0004119873046875, 1311.0
0.0006139278411865234, 2132.0
0.0008149147033691406, 2792.0
0.001016855239868164, 3556.0
0.0012218952178955078, 4092.0
0.0020198822021484375, 4894.0
0.002223968505859375, 5855.0
0.028454065322875977, 5874.0
0.030467987060546875, 5882.0
0.03245806694030762, 5909.0
0.033453941345214844, 6745.0
0.03547406196594238, 7324.0
0.037261962890625, 7973.0
0.03949713706970215, 8627.0
0.04134106636047363, 9073.0
0.04194903373718262, 9643.0
0.04895281791687012, 10435.0
0.06229686737060547, 10776.0
0.09389305114746094, 11358.0
0.10565400123596191, 11743.0
0.10885214805603027, 12034.0
0.11639690399169922, 12572.0
0.11699604988098145, 13342.0
0.12056303024291992, 13426.0
0.12619805335998535, 14282.0
0.17520904541015625, 14670.0
0.17640900611877441, 15288.0
0.17681121826171875, 15927.0
0.1834111213684082, 16277.0
0.1891779899597168, 16723.0
0.3165321350097656, 16956.0
0.31693387031555176, 17053.0
0.3173370361328125, 17416.0
0.3258938789367676, 17781.0
0.33629393577575684, 18146.0
0.3468739986419678, 18153.0
0.34886884689331055, 19012.0
0.3622291088104248, 19013.0
0.3736238479614258, 19162.0
0.4074099063873291, 19404.0
0.5308260917663574, 19421.0
0.5342340469360352, 19448.0
0.5525979995727539, 19488.0
0.5558159351348877, 20137.0
0.563809871673584, 20566.0
0.7284560203552246, 20571.0
0.7296569347381592, 20986.0
0.7354898452758789, 21228.0
0.7406611442565918, 21728.0
0.7460670471191406, 22635.0
0.8485081195831299, 23213.0
0.8620929718017578, 23509.0
0.8655109405517578, 24175.0
0.865915060043335, 24899.0
0.8708879947662354, 25243.0
0.8716890811920166, 25689.0
0.87288498878479, 25870.0
0.8788769245147705, 26519.0
0.9186818599700928, 26790.0
0.9202771186828613, 27201.0
3.099926233291626, 27509.0
3.1013247966766357, 28237.0
3.1571319103240967, 28293.0
3.1602489948272705, 28456.0
3.177673101425171, 28522.0
3.1786999702453613, 28675.0
3.1791088581085205, 28698.0
3.197835922241211, 29116.0
3.198451042175293, 29841.0
3.199683904647827, 30582.0
3.284550905227661, 30848.0
3.288153886795044, 31067.0
4.843221187591553, 31198.0
4.854643106460571, 31219.0
4.8592469692230225, 31640.0
4.8603479862213135, 31859.0
4.869575023651123, 32400.0
4.9872589111328125, 32974.0
7.735378980636597, 33136.0
7.776776075363159, 33443.0
7.777608156204224, 33675.0
7.779268980026245, 34137.0
7.784659147262573, 34161.0
7.823417901992798, 34384.0
7.828831195831299, 34486.0
7.830495119094849, 34622.0
7.830704927444458, 34924.0
7.833402872085571, 35201.0
7.834456920623779, 35224.0
7.8390538692474365, 35626.0
7.8407251834869385, 36396.0
7.853449106216431, 36604.0
7.855531215667725, 36609.0
7.859286069869995, 36680.0
7.945163011550903, 36922.0
7.946838140487671, 37013.0
7.952038049697876, 37286.0
7.952466011047363, 37365.0
7.978460073471069, 37616.0
8.030132055282593, 37854.0
8.060621976852417, 38223.0
8.17529296875, 38484.0
8.199930906295776, 38862.0
8.222259044647217, 39176.0
8.22431492805481, 39247.0
8.237915992736816, 39880.0
8.266113996505737, 40371.0
8.276598930358887, 40566.0
8.294909954071045, 41023.0
8.299628019332886, 41050.0
9.318934917449951, 41120.0
9.329833030700684, 41328.0
9.344044923782349, 41791.0
9.355403184890747, 41793.0
9.389650106430054, 42015.0
9.392538070678711, 42252.0
9.412859916687012, 42378.0
9.417146921157837, 42669.0
9.465178966522217, 43176.0
9.465590000152588, 43258.0
9.65253210067749, 43374.0
9.667452096939087, 44263.0
9.684446096420288, 44907.0
9.719238996505737, 45260.0
10.069590091705322, 45434.0
10.591434001922607, 45820.0
10.610496044158936, 45822.0
10.666924953460693, 45857.0
10.697263956069946, 45884.0
10.765174150466919, 46385.0
10.789658069610596, 46519.0
10.806673049926758, 46841.0
10.827739953994751, 46992.0
10.831790924072266, 47113.0
11.1581552028656, 47163.0
12.62311315536499, 47401.0
12.63739800453186, 47643.0
12.712069988250732, 47703.0
