0.01992011070251465, 7410.0
0.03639483451843262, 7410.0
0.05223798751831055, 7776.0
0.06816601753234863, 7986.0
0.08406805992126465, 7986.0
0.10004496574401855, 8559.0
0.11597299575805664, 9743.0
0.13202595710754395, 9743.0
0.14859890937805176, 9827.0
0.1650090217590332, 9827.0
0.18146300315856934, 9827.0
0.19787883758544922, 10184.0
0.21430492401123047, 10589.0
0.23069095611572266, 10623.0
0.24722814559936523, 11016.0
0.26367712020874023, 11045.0
0.28017091751098633, 11045.0
0.2967820167541504, 11045.0
0.31348085403442383, 11056.0
0.33004212379455566, 11056.0
0.34654879570007324, 11056.0
0.3629779815673828, 11056.0
0.3801250457763672, 11056.0
0.39692091941833496, 11056.0
0.4138641357421875, 11056.0
0.43079209327697754, 11056.0
0.4477391242980957, 11056.0
0.4646289348602295, 11056.0
0.4815099239349365, 11056.0
0.4983651638031006, 11056.0
0.5157260894775391, 11056.0
0.5331737995147705, 11056.0
0.5506610870361328, 11056.0
0.5675759315490723, 11056.0
0.5842971801757812, 11056.0
0.6010270118713379, 11056.0
0.6177499294281006, 11056.0
0.6350481510162354, 11056.0
0.6522600650787354, 11056.0
0.669086217880249, 11056.0
0.685837984085083, 11056.0
0.7026050090789795, 11056.0
0.7193529605865479, 11056.0
0.73624587059021, 11056.0
0.7531909942626953, 11056.0
0.7700991630554199, 11056.0
0.7869851589202881, 11056.0
0.803908109664917, 11056.0
0.8210458755493164, 11056.0
0.8382570743560791, 11056.0
0.8555600643157959, 11056.0
0.873140811920166, 11056.0
0.8904328346252441, 11056.0
0.9071409702301025, 11056.0
0.923818826675415, 11056.0
0.9404168128967285, 11056.0
0.95684814453125, 11056.0
0.973228931427002, 11056.0
0.9895820617675781, 11056.0
1.0060079097747803, 11056.0
1.0223579406738281, 11056.0
1.038707971572876, 11056.0
1.0551090240478516, 11056.0
1.0714759826660156, 11056.0
1.0878629684448242, 11056.0
1.1042799949645996, 11056.0
1.1207399368286133, 11056.0
1.1371188163757324, 11056.0
1.153468132019043, 11056.0
1.169896125793457, 11056.0
1.1862659454345703, 11056.0
1.2035319805145264, 11056.0
1.2205638885498047, 11056.0
1.2370200157165527, 11056.0
1.2534289360046387, 11056.0
1.269826889038086, 11056.0
1.2862470149993896, 11056.0
1.30256986618042, 11056.0
1.3189411163330078, 11056.0
1.3353371620178223, 11056.0
1.3516719341278076, 11056.0
1.367976188659668, 11056.0
1.385118007659912, 11056.0
1.4017829895019531, 11056.0
1.4182229042053223, 11056.0
1.4346790313720703, 11056.0
1.451174020767212, 11056.0
1.4675779342651367, 11056.0
1.4839699268341064, 11056.0
1.5003390312194824, 11056.0
1.516723871231079, 11056.0
1.533505916595459, 11056.0
1.550196886062622, 11056.0
1.5666589736938477, 11056.0
1.5832009315490723, 11056.0
1.5996031761169434, 11056.0
1.6160130500793457, 11056.0
1.6324079036712646, 11056.0
1.64878511428833, 11056.0
1.6651670932769775, 11056.0
1.6815359592437744, 11056.0
1.6978940963745117, 11056.0
1.7142508029937744, 11056.0
1.730638027191162, 11056.0
1.7470388412475586, 11056.0
1.7634060382843018, 11056.0
1.7797980308532715, 11056.0
1.7961790561676025, 11056.0
1.812574863433838, 11056.0
1.8289399147033691, 11056.0
1.8452961444854736, 11056.0
1.8616681098937988, 11056.0
1.8780429363250732, 11056.0
1.894392967224121, 11056.0
1.9107379913330078, 11056.0
1.9270949363708496, 11056.0
1.9434809684753418, 11056.0
1.9602909088134766, 11056.0
1.9767389297485352, 11056.0
1.9933547973632812, 11056.0
2.010004997253418, 11056.0
2.0264999866485596, 11056.0
2.042978048324585, 11056.0
2.0594239234924316, 11056.0
2.0758590698242188, 11056.0
2.092302083969116, 11056.0
2.108741044998169, 11056.0
2.1251060962677, 11056.0
2.141502857208252, 11056.0
2.157927989959717, 11056.0
2.174278974533081, 11056.0
2.190643072128296, 11056.0
2.2070319652557373, 11056.0
2.22342586517334, 11056.0
2.23982310295105, 11056.0
2.256248950958252, 11056.0
2.2726387977600098, 11056.0
2.2890470027923584, 11056.0
2.3054418563842773, 11056.0
2.321854829788208, 11056.0
2.3382480144500732, 11056.0
2.354580879211426, 11056.0
2.3709349632263184, 11056.0
2.3872737884521484, 11056.0
2.4035849571228027, 11056.0
2.4199090003967285, 11056.0
2.4362101554870605, 11056.0
2.4525458812713623, 11056.0
2.4688620567321777, 11056.0
2.4851980209350586, 11056.0
2.501588821411133, 11056.0
2.5178658962249756, 11056.0
2.5341978073120117, 11056.0
2.5505220890045166, 11056.0
2.566889762878418, 11056.0
2.583165168762207, 11056.0
2.599943161010742, 11056.0
2.616806983947754, 11056.0
2.633104085922241, 11056.0
2.649580955505371, 11056.0
2.666109085083008, 11056.0
2.6824381351470947, 11056.0
2.698729991912842, 11056.0
2.7150509357452393, 11056.0
2.731369972229004, 11056.0
2.747684955596924, 11056.0
2.7640838623046875, 11056.0
2.7808711528778076, 11056.0
2.7975409030914307, 11056.0
2.8142309188842773, 11056.0
2.8310470581054688, 11056.0
2.8477890491485596, 11056.0
2.864489793777466, 11056.0
2.8812057971954346, 11056.0
2.8979361057281494, 11056.0
2.914655923843384, 11056.0
2.931823968887329, 11056.0
2.9491958618164062, 11056.0
2.9665639400482178, 11056.0
2.9835078716278076, 11056.0
3.0001518726348877, 11056.0
3.0167908668518066, 11056.0
3.033395767211914, 11056.0
3.0500600337982178, 11056.0
3.0666890144348145, 11056.0
3.0833141803741455, 11056.0
3.099937915802002, 11056.0
3.116607904434204, 11056.0
3.133270025253296, 11056.0
3.1501400470733643, 11056.0
3.167396068572998, 11056.0
3.1849770545959473, 11056.0
3.2026119232177734, 11056.0
3.2208449840545654, 11056.0
3.2385151386260986, 11056.0
3.2561750411987305, 11056.0
3.273303985595703, 11056.0
3.2907848358154297, 11056.0
3.307262897491455, 11056.0
3.3242969512939453, 11056.0
3.341651201248169, 11056.0
