0.049108028411865234, 3091.0
0.0863499641418457, 3091.0
0.12407207489013672, 3192.0
0.16184115409851074, 3192.0
0.1996910572052002, 3369.0
0.23762297630310059, 3369.0
0.2756221294403076, 3443.0
0.3137211799621582, 3482.0
0.3519890308380127, 3618.0
0.3901801109313965, 3735.0
0.42844104766845703, 3871.0
0.4663431644439697, 3906.0
0.504694938659668, 3906.0
0.5431499481201172, 3962.0
0.5815658569335938, 3962.0
0.6200339794158936, 3962.0
0.658621072769165, 3988.0
0.6972661018371582, 4042.0
0.7358591556549072, 4075.0
0.7745661735534668, 4185.0
0.8133640289306641, 4185.0
0.8527569770812988, 4185.0
0.8914921283721924, 4248.0
0.9302740097045898, 4248.0
0.9691390991210938, 4248.0
1.0081260204315186, 4248.0
1.0497040748596191, 4248.0
1.0889270305633545, 4248.0
1.1281180381774902, 4248.0
1.167402982711792, 4248.0
1.2063050270080566, 4248.0
1.245617151260376, 4248.0
1.2849090099334717, 4316.0
1.3243508338928223, 4316.0
1.363692045211792, 4316.0
1.4030482769012451, 4316.0
1.4424149990081787, 4316.0
1.4817781448364258, 4316.0
1.5210859775543213, 4316.0
1.560439109802246, 4316.0
1.599822998046875, 4316.0
1.639106035232544, 4333.0
1.6784191131591797, 4347.0
1.7178330421447754, 4347.0
1.7572970390319824, 4357.0
1.796766996383667, 4389.0
1.8362929821014404, 4389.0
1.8759500980377197, 4389.0
1.915565013885498, 4401.0
1.9551489353179932, 4413.0
1.9947240352630615, 4413.0
2.034403085708618, 4413.0
2.0739550590515137, 4413.0
2.113516092300415, 4413.0
2.1530730724334717, 4413.0
2.1923789978027344, 4413.0
2.231595039367676, 4413.0
2.2707459926605225, 4413.0
2.3097710609436035, 4413.0
2.3489060401916504, 4413.0
2.388123035430908, 4413.0
2.427666187286377, 4413.0
2.467118978500366, 4413.0
2.509021043777466, 4413.0
2.548737049102783, 4413.0
2.588635206222534, 4413.0
2.628520965576172, 4413.0
2.668462038040161, 4413.0
2.7081990242004395, 4466.0
2.747758150100708, 4466.0
2.786953926086426, 4466.0
2.826205253601074, 4516.0
2.8655059337615967, 4516.0
2.905064105987549, 4516.0
2.9447410106658936, 4516.0
2.9844970703125, 4516.0
3.0242202281951904, 4516.0
3.0646870136260986, 4516.0
3.1050119400024414, 4516.0
3.144852876663208, 4516.0
3.184662103652954, 4516.0
3.224600076675415, 4516.0
3.2645139694213867, 4516.0
3.3048722743988037, 4516.0
3.3456990718841553, 4516.0
3.386584997177124, 4516.0
3.4273619651794434, 4516.0
3.4693081378936768, 4516.0
3.510918140411377, 4516.0
3.5514070987701416, 4516.0
3.5918891429901123, 4516.0
3.6324121952056885, 4516.0
3.673058032989502, 4516.0
3.713939905166626, 4516.0
3.7548840045928955, 4516.0
3.795880079269409, 4516.0
3.835782051086426, 4516.0
3.875420093536377, 4516.0
3.9151721000671387, 4516.0
3.9549200534820557, 4516.0
3.9946842193603516, 4516.0
4.034428119659424, 4516.0
4.0740721225738525, 4516.0
4.113892078399658, 4516.0
4.153481960296631, 4516.0
4.19318699836731, 4516.0
4.232960939407349, 4516.0
4.272599935531616, 4516.0
4.312299966812134, 4516.0
4.351969957351685, 4516.0
4.391636848449707, 4516.0
4.431293964385986, 4516.0
4.47092604637146, 4516.0
4.510513067245483, 4516.0
4.550122022628784, 4516.0
4.589810132980347, 4516.0
4.62949013710022, 4516.0
4.66929817199707, 4516.0
4.70890998840332, 4516.0
4.748631954193115, 4516.0
4.788386106491089, 4516.0
4.8282670974731445, 4516.0
4.868788003921509, 4516.0
4.908468961715698, 4516.0
4.9481682777404785, 4516.0
4.987987995147705, 4516.0
5.027859210968018, 4516.0
5.067254066467285, 4516.0
5.108793020248413, 4516.0
5.149322032928467, 4516.0
5.189901113510132, 4516.0
5.23067307472229, 4516.0
5.272767066955566, 4516.0
5.3138532638549805, 4518.0
5.354319095611572, 4518.0
5.394804000854492, 4518.0
5.435280084609985, 4518.0
5.476061105728149, 4518.0
5.517003059387207, 4518.0
5.557806015014648, 4518.0
5.598503112792969, 4518.0
5.638044118881226, 4518.0
5.677654981613159, 4518.0
5.717038154602051, 4518.0
5.756345987319946, 4518.0
5.795891284942627, 4518.0
5.835667848587036, 4518.0
5.876009941101074, 4518.0
5.915346145629883, 4518.0
5.954870939254761, 4518.0
5.994101047515869, 4518.0
6.034438133239746, 4518.0
6.07411003112793, 4518.0
6.1135499477386475, 4518.0
6.1529340744018555, 4518.0
6.192550182342529, 4518.0
6.231925010681152, 4518.0
6.2716991901397705, 4518.0
6.311070919036865, 4518.0
6.351056098937988, 4518.0
6.392775058746338, 4518.0
6.434225082397461, 4518.0
6.4742701053619385, 4518.0
6.513510227203369, 4518.0
6.5528528690338135, 4518.0
6.592220067977905, 4518.0
6.631454229354858, 4518.0
6.670790195465088, 4518.0
6.710328102111816, 4518.0
6.749685049057007, 4518.0
6.788849115371704, 4518.0
6.828029155731201, 4518.0
6.867292165756226, 4518.0
6.906520128250122, 4518.0
6.945700168609619, 4518.0
6.9848549365997314, 4518.0
7.024015188217163, 4518.0
7.063331127166748, 4518.0
7.1025390625, 4518.0
7.143615961074829, 4518.0
7.1831910610198975, 4518.0
7.222607135772705, 4518.0
7.26215124130249, 4518.0
7.301765203475952, 4518.0
7.341243028640747, 4518.0
7.380820035934448, 4518.0
7.420403242111206, 4518.0
7.460135221481323, 4518.0
7.499613046646118, 4518.0
7.539263010025024, 4518.0
7.578588247299194, 4518.0
7.6182990074157715, 4518.0
7.657626152038574, 4518.0
7.696928977966309, 4518.0
7.736370086669922, 4518.0
7.775635242462158, 4518.0
7.814839124679565, 4518.0
7.854351997375488, 4518.0
7.893680095672607, 4518.0
7.933398008346558, 4518.0
7.97323203086853, 4518.0
