0.00042319297790527344, 248.0
0.0008330345153808594, 337.0
0.0012421607971191406, 388.0
0.0016503334045410156, 469.0
0.0020580291748046875, 1334.0
0.0024650096893310547, 1442.0
0.0028731822967529297, 1779.0
0.003282308578491211, 2032.0
0.003688335418701172, 2083.0
0.004096031188964844, 2326.0
0.004508256912231445, 2798.0
0.004950046539306641, 3241.0
0.00538325309753418, 4025.0
0.005793094635009766, 4134.0
0.0062062740325927734, 5065.0
0.0066432952880859375, 5855.0
0.007063150405883789, 6738.0
0.007479190826416016, 7072.0
0.007892370223999023, 7726.0
0.00830221176147461, 8067.0
0.010737180709838867, 8867.0
0.0259552001953125, 9421.0
0.029990196228027344, 10110.0
0.03320717811584473, 10898.0
0.09983110427856445, 10958.0
0.10103821754455566, 11290.0
0.10303735733032227, 11610.0
0.10622715950012207, 11877.0
0.10985612869262695, 11904.0
0.1992201805114746, 11988.0
0.20883512496948242, 12188.0
0.21605134010314941, 12671.0
0.216461181640625, 12811.0
0.2172701358795166, 13613.0
0.21807622909545898, 14401.0
0.2192821502685547, 15307.0
0.21968817710876465, 16014.0
0.2277212142944336, 16330.0
0.23052620887756348, 16790.0
0.2365250587463379, 17008.0
0.46739721298217773, 17503.0
0.5006601810455322, 17577.0
0.501063346862793, 18465.0
0.5208570957183838, 18676.0
0.5446372032165527, 18871.0
0.5486311912536621, 19379.0
0.5490360260009766, 19888.0
0.5502340793609619, 20541.0
0.5581521987915039, 20643.0
0.5628993511199951, 21502.0
0.5815281867980957, 21687.0
0.6037571430206299, 21710.0
0.6121053695678711, 22669.0
0.6366791725158691, 23179.0
0.6370820999145508, 24083.0
0.6434669494628906, 24520.0
0.6442821025848389, 25122.0
0.648280143737793, 25961.0
0.6558351516723633, 26743.0
0.6610062122344971, 27047.0
0.6673681735992432, 27688.0
0.6773331165313721, 28479.0
0.6825151443481445, 28917.0
0.683319091796875, 29753.0
0.6920711994171143, 30523.0
0.6928713321685791, 30539.0
0.7008392810821533, 30951.0
0.7020480632781982, 31693.0
0.7024521827697754, 32009.0
0.7171311378479004, 32094.0
0.7227132320404053, 32608.0
0.7243201732635498, 32822.0
0.7247233390808105, 33043.0
0.7883613109588623, 33727.0
0.7891762256622314, 33818.0
0.7923712730407715, 33950.0
0.797943115234375, 34353.0
0.803124189376831, 34455.0
0.8059241771697998, 34581.0
0.8865783214569092, 35341.0
0.9599132537841797, 35717.0
0.9631321430206299, 35760.0
0.9703011512756348, 36645.0
0.9837832450866699, 37099.0
1.0381932258605957, 37113.0
1.056807279586792, 37380.0
1.0899052619934082, 37621.0
1.1004302501678467, 37863.0
1.1145381927490234, 38033.0
1.1293871402740479, 38716.0
1.157569169998169, 39647.0
1.1700701713562012, 40300.0
1.1721069812774658, 40777.0
1.2207002639770508, 41183.0
1.2247321605682373, 41737.0
1.287917137145996, 41870.0
1.3052191734313965, 42640.0
1.5262401103973389, 42788.0
1.5286672115325928, 42925.0
1.5596542358398438, 43654.0
1.5761642456054688, 43868.0
1.5793781280517578, 44150.0
1.5826122760772705, 44707.0
1.5882842540740967, 45102.0
1.7153279781341553, 45546.0
1.7193481922149658, 45570.0
1.719757080078125, 45683.0
1.726180076599121, 45686.0
1.7282233238220215, 46657.0
1.7326912879943848, 47564.0
1.7745063304901123, 48365.0
3.7044341564178467, 48731.0
3.721757173538208, 48894.0
3.7237422466278076, 49560.0
3.7249372005462646, 49750.0
3.746706247329712, 50563.0
3.7537920475006104, 51252.0
3.8454949855804443, 51502.0
5.528304100036621, 51560.0
5.5315163135528564, 51806.0
5.563021183013916, 52123.0
5.565064191818237, 52741.0
5.5777342319488525, 53206.0
5.656748056411743, 53329.0
5.667311191558838, 53786.0
5.680912256240845, 54209.0
5.6915061473846436, 54508.0
5.699535131454468, 54942.0
5.7058820724487305, 55780.0
5.719753980636597, 56638.0
6.210015296936035, 56775.0
6.238641262054443, 57089.0
6.249561071395874, 57412.0
6.250349044799805, 57504.0
6.296331167221069, 57716.0
6.363511085510254, 58042.0
6.365866184234619, 58401.0
6.369007110595703, 58529.0
6.378038167953491, 58724.0
6.46668815612793, 58865.0
6.531356334686279, 58902.0
6.546703100204468, 59036.0
6.551023244857788, 59967.0
6.556523084640503, 60105.0
6.613687038421631, 60203.0
6.615647315979004, 60485.0
6.7088072299957275, 61293.0
12.16781735420227, 61514.0
13.103765964508057, 61783.0
13.139517307281494, 62625.0
13.147416114807129, 63252.0
13.326024293899536, 63860.0
13.343827247619629, 64539.0
13.356842994689941, 65034.0
13.362403154373169, 65445.0
13.442322254180908, 65793.0
13.729701280593872, 66105.0
13.745039224624634, 66151.0
13.78605318069458, 66345.0
13.801457166671753, 66699.0
13.817997217178345, 66828.0
13.821935176849365, 67605.0
14.182001113891602, 68216.0
14.214973211288452, 68268.0
14.233216047286987, 68909.0
14.288250207901001, 68968.0
14.310808181762695, 69066.0
14.311607122421265, 69070.0
14.314386129379272, 69789.0
14.324246168136597, 70082.0
14.326630115509033, 70296.0
14.333718061447144, 70791.0
14.342772245407104, 71133.0
14.351816177368164, 71284.0
14.364416122436523, 71942.0
14.4149010181427, 72144.0
14.595279216766357, 72415.0
14.631305932998657, 72882.0
14.637278318405151, 72883.0
14.649506092071533, 73243.0
14.662952184677124, 73917.0
16.883512020111084, 74152.0
16.9284930229187, 74522.0
16.95137095451355, 74746.0
17.29051423072815, 75023.0
17.339155197143555, 75612.0
17.411526203155518, 75926.0
17.43923306465149, 76429.0
17.445128202438354, 77024.0
17.448260068893433, 77297.0
17.481978178024292, 77732.0
17.49256920814514, 78249.0
17.532950162887573, 78467.0
17.54862117767334, 79342.0
17.58121418952942, 79911.0
17.677133083343506, 79971.0
17.93636131286621, 80045.0
17.99401617050171, 80306.0
18.068580150604248, 80627.0
18.13553023338318, 80991.0
18.322503328323364, 81058.0
18.422781229019165, 81183.0
18.456478357315063, 81309.0
18.46084237098694, 81551.0
18.526320219039917, 81949.0
19.12791419029236, 82139.0
19.169044971466064, 82780.0
19.171014308929443, 82807.0
19.176106214523315, 83379.0
19.200842142105103, 83672.0
19.21618103981018, 84078.0
19.279267072677612, 84618.0
19.282008171081543, 85012.0
19.470874071121216, 85729.0
19.502276182174683, 85857.0
19.53638505935669, 86081.0
19.704916954040527, 86479.0
19.757155179977417, 86496.0
19.90448832511902, 87031.0
19.912744283676147, 87282.0
20.224254369735718, 87941.0
20.330933094024658, 88461.0
20.35682511329651, 88677.0
20.35802698135376, 88803.0
20.362751245498657, 89423.0
20.483310222625732, 89838.0
20.52452826499939, 90139.0
20.52571702003479, 90230.0
20.528074026107788, 90314.0
20.84628200531006, 90322.0
21.11063027381897, 90402.0
21.176979303359985, 90476.0
21.279935359954834, 90604.0
21.28427219390869, 90765.0
21.32318615913391, 91383.0
21.355006217956543, 92342.0
21.84141731262207, 92553.0
21.88891315460205, 92729.0
22.36171817779541, 93489.0
22.362513303756714, 93713.0
22.656255960464478, 93905.0
22.660592079162598, 93987.0
22.925478219985962, 94071.0
23.314635038375854, 94320.0
27.219678163528442, 94338.0
28.27573299407959, 95162.0
28.284343004226685, 95189.0
28.526463270187378, 95273.0
28.870259284973145, 95675.0
