0.0009779930114746094, 400.0
0.0019538402557373047, 476.0
0.002937793731689453, 545.0
0.0039141178131103516, 1153.0
0.004919767379760742, 1889.0
0.005899906158447266, 2381.0
0.00689697265625, 2590.0
0.007867813110351562, 3170.0
0.00884103775024414, 3511.0
0.00980997085571289, 3653.0
0.010792016983032227, 4420.0
0.011768817901611328, 5029.0
0.012742996215820312, 5974.0
0.013721942901611328, 6062.0
0.014691829681396484, 6808.0
0.015663862228393555, 7615.0
0.01663994789123535, 8385.0
0.017612934112548828, 8470.0
0.018594741821289062, 8654.0
0.01957106590270996, 8974.0
0.020550966262817383, 9682.0
0.021524906158447266, 10584.0
0.022497892379760742, 10704.0
0.023482799530029297, 11150.0
0.02445697784423828, 12091.0
0.025450944900512695, 12725.0
0.02642989158630371, 13596.0
0.02740478515625, 14459.0
0.028386831283569336, 15029.0
0.029359817504882812, 15278.0
0.030334949493408203, 16300.0
0.03130602836608887, 16591.0
0.03227877616882324, 16820.0
0.03325605392456055, 17689.0
0.034230709075927734, 17709.0
0.03521585464477539, 18169.0
0.03622794151306152, 18957.0
0.03721189498901367, 19523.0
0.03818774223327637, 20456.0
0.03916597366333008, 21036.0
0.040152788162231445, 21037.0
0.04112887382507324, 21289.0
0.04210376739501953, 21671.0
0.04308199882507324, 22402.0
0.04405999183654785, 23337.0
0.04503297805786133, 23830.0
0.046015024185180664, 24431.0
0.046988725662231445, 24461.0
0.06616497039794922, 24522.0
0.0853269100189209, 24523.0
0.1369469165802002, 24529.0
0.1712038516998291, 24602.0
0.17981600761413574, 24603.0
0.18078398704528809, 24604.0
1.082432746887207, 24620.0
1.1244168281555176, 24736.0
1.1361229419708252, 24737.0
1.1448338031768799, 24755.0
1.167280912399292, 24778.0
1.1702179908752441, 24869.0
1.1751108169555664, 24870.0
1.2063298225402832, 24871.0
1.2228538990020752, 24872.0
1.8319518566131592, 24888.0
1.8397457599639893, 24945.0
1.8649187088012695, 24946.0
1.8948888778686523, 24947.0
2.076448678970337, 24966.0
2.143167018890381, 25033.0
2.1739559173583984, 25041.0
2.904782772064209, 25047.0
2.94895601272583, 25048.0
3.7801589965820312, 25052.0
3.9231340885162354, 25132.0
3.9292469024658203, 25240.0
4.25864577293396, 25251.0
4.3129518032073975, 25325.0
4.462471961975098, 25348.0
4.476357936859131, 25360.0
4.506062984466553, 25361.0
4.679511785507202, 25429.0
4.734806776046753, 25430.0
4.8017799854278564, 25435.0
4.810726881027222, 25461.0
4.812725067138672, 25462.0
4.886750936508179, 25465.0
5.145993947982788, 25480.0
5.190400123596191, 25547.0
5.217072010040283, 25595.0
5.251573085784912, 25653.0
5.307847023010254, 25695.0
5.308854103088379, 25696.0
5.619044780731201, 25710.0
5.652262926101685, 25743.0
5.65529990196228, 25818.0
5.917552947998047, 25910.0
5.94318699836731, 26003.0
6.1641857624053955, 26006.0
6.29150390625, 26029.0
6.432268857955933, 26041.0
6.448789834976196, 26211.0
6.725706100463867, 26310.0
6.773087024688721, 26391.0
6.7759950160980225, 26451.0
6.795341730117798, 26483.0
6.8639891147613525, 26520.0
6.948232889175415, 26558.0
6.996273994445801, 26592.0
7.112441778182983, 26595.0
7.120283842086792, 26659.0
7.131894111633301, 26727.0
7.13681173324585, 26818.0
7.166913747787476, 26886.0
7.281252861022949, 26904.0
7.356216907501221, 27029.0
7.426982879638672, 27093.0
7.437556982040405, 27094.0
7.453836917877197, 27125.0
7.494042873382568, 27376.0
7.495028972625732, 27416.0
7.7535130977630615, 27431.0
7.786912679672241, 27439.0
7.789789915084839, 27440.0
8.093356847763062, 27461.0
8.12774395942688, 27472.0
8.140161752700806, 27515.0
8.168792963027954, 27530.0
8.193657875061035, 27621.0
8.216588735580444, 27633.0
8.241440057754517, 27647.0
8.254843950271606, 27648.0
8.297815799713135, 27742.0
8.811499834060669, 27744.0
8.82822299003601, 27813.0
8.91576600074768, 27821.0
9.157379865646362, 27916.0
9.177917957305908, 27917.0
9.194557905197144, 28002.0
9.222892761230469, 28032.0
9.23170781135559, 28107.0
9.606095790863037, 28192.0
9.608069896697998, 28315.0
9.746783018112183, 28324.0
41.687256813049316, 28362.0
42.78397989273071, 28367.0
42.84421491622925, 28394.0
42.86044192314148, 28542.0
44.08815908432007, 28546.0
44.11682486534119, 28566.0
44.168452978134155, 28567.0
44.20758676528931, 28574.0
44.312654972076416, 28646.0
47.291555881500244, 28696.0
47.390270948410034, 28705.0
47.93345904350281, 28755.0
48.05575513839722, 28861.0
48.07838582992554, 28937.0
48.08216190338135, 28952.0
48.14795398712158, 28965.0
48.14891076087952, 29153.0
49.12778878211975, 29179.0
49.20670485496521, 29186.0
49.30070090293884, 29217.0
49.32705092430115, 29320.0
49.36746692657471, 29339.0
49.42667293548584, 29368.0
51.13861680030823, 29503.0
51.22460699081421, 29534.0
51.23225402832031, 29535.0
51.26471495628357, 29592.0
51.339749813079834, 29689.0
51.3558406829834, 29690.0
51.45934176445007, 29741.0
53.03891372680664, 29752.0
53.1473548412323, 29796.0
53.16534471511841, 29797.0
53.171046018600464, 29798.0
53.6126708984375, 29860.0
53.62583780288696, 29929.0
53.632412910461426, 29940.0
60.584903955459595, 29979.0
60.6318838596344, 29987.0
60.659647941589355, 30033.0
60.73811483383179, 30034.0
60.78696894645691, 30044.0
60.83373808860779, 30101.0
60.93940591812134, 30102.0
60.981263875961304, 30112.0
61.009692907333374, 30148.0
61.128746032714844, 30192.0
61.17419505119324, 30242.0
61.195886850357056, 30282.0
61.29678297042847, 30405.0
61.3711519241333, 30551.0
61.649879932403564, 30686.0
61.66404676437378, 30798.0
61.666905879974365, 30799.0
61.682031869888306, 30800.0
61.876747131347656, 30931.0
61.88903880119324, 30932.0
63.28406572341919, 30941.0
63.48159384727478, 30954.0
63.90405797958374, 30982.0
63.908798933029175, 30983.0
64.05259394645691, 31034.0
64.22261691093445, 31044.0
64.26796388626099, 31112.0
64.2961790561676, 31113.0
64.54872393608093, 31193.0
64.63657402992249, 31329.0
64.7977249622345, 31330.0
64.86160182952881, 31408.0
64.90385103225708, 31495.0
64.92829489707947, 31496.0
65.1974139213562, 31569.0
65.2535388469696, 31579.0
65.28064393997192, 31586.0
66.87402486801147, 31593.0
67.54457879066467, 31595.0
67.54927086830139, 31622.0
67.55960083007812, 31668.0
67.56242799758911, 31721.0
67.63737392425537, 31807.0
67.67110204696655, 31808.0
67.76933407783508, 31875.0
67.79569387435913, 31876.0
67.8187620639801, 31877.0
68.5306749343872, 31885.0
69.07171392440796, 31934.0
69.10364389419556, 32025.0
69.51893901824951, 32028.0
69.52552580833435, 32029.0
69.59779191017151, 32134.0
70.29600787162781, 32200.0
70.60495686531067, 32207.0
70.73827481269836, 32233.0
70.76647090911865, 32237.0
70.94585680961609, 32242.0
71.55446672439575, 32277.0
71.98978090286255, 32301.0
72.51625299453735, 32309.0
72.69206690788269, 32362.0
72.71749091148376, 32363.0
72.75512290000916, 32364.0
73.88578009605408, 32400.0
75.34272909164429, 32406.0
75.54748487472534, 32407.0
75.86387801170349, 32408.0
75.91554093360901, 32472.0
76.04760980606079, 32473.0
76.1725058555603, 32534.0
76.22705006599426, 32556.0
76.36711001396179, 32646.0
76.98162889480591, 32672.0
76.98352289199829, 32673.0
77.91224408149719, 32682.0
77.99759697914124, 32683.0
78.0375189781189, 32756.0
78.0904290676117, 32763.0
78.16225171089172, 32886.0
79.87631583213806, 32987.0
80.08516097068787, 32988.0
82.07036972045898, 33045.0
82.12246084213257, 33046.0
82.28068590164185, 33047.0
82.9191267490387, 33054.0
83.41420078277588, 33055.0
84.07201886177063, 33113.0
84.15006279945374, 33114.0
84.20124387741089, 33115.0
87.30748295783997, 33170.0
87.33431673049927, 33189.0
87.91776585578918, 33190.0
88.36327290534973, 33191.0
89.39733004570007, 33192.0
90.47203493118286, 33193.0
90.76894903182983, 33209.0
90.77979397773743, 33210.0
92.07067084312439, 33216.0
93.40166306495667, 33217.0
93.59295082092285, 33233.0
94.08374881744385, 33306.0
94.22184205055237, 33314.0
95.49804091453552, 33376.0
95.88372373580933, 33377.0
98.45771884918213, 33380.0
