0.10156011581420898, 5737.0
0.17679095268249512, 5737.0
0.2521970272064209, 5778.0
0.3278050422668457, 5990.0
0.4035501480102539, 6185.0
0.47931909561157227, 6185.0
0.5550699234008789, 6185.0
0.6309370994567871, 6242.0
0.7068841457366943, 6777.0
0.7829701900482178, 6777.0
0.8591029644012451, 6853.0
0.9352490901947021, 6853.0
1.0124289989471436, 6896.0
1.0921719074249268, 6896.0
1.1694550514221191, 7167.0
1.2477202415466309, 7167.0
1.3253250122070312, 7476.0
1.4032549858093262, 7476.0
1.4809739589691162, 7478.0
1.5588819980621338, 7499.0
1.6368629932403564, 7499.0
1.7147879600524902, 7527.0
1.7929980754852295, 7527.0
1.8715391159057617, 7699.0
1.9501359462738037, 7699.0
2.0287961959838867, 7699.0
2.1075470447540283, 7833.0
2.186302900314331, 7872.0
2.2651560306549072, 7872.0
2.3437540531158447, 7956.0
2.4222381114959717, 7956.0
2.5008418560028076, 8005.0
2.5794029235839844, 8005.0
2.6582891941070557, 8005.0
2.7371840476989746, 8030.0
2.816105842590332, 8238.0
2.895246982574463, 8238.0
2.974210023880005, 8238.0
3.053457021713257, 8238.0
3.132650852203369, 8242.0
3.2141458988189697, 8285.0
3.2970540523529053, 8285.0
3.379112958908081, 8331.0
3.460179090499878, 8331.0
3.5416109561920166, 8331.0
3.6238350868225098, 8350.0
3.7049829959869385, 8350.0
3.784701108932495, 8381.0
3.8643670082092285, 8532.0
3.943897008895874, 8532.0
4.024350166320801, 8532.0
4.104610919952393, 8532.0
4.18458104133606, 8532.0
4.264583110809326, 8532.0
4.344388961791992, 8532.0
4.424000978469849, 8558.0
4.503816843032837, 8558.0
4.583978891372681, 8558.0
4.663872957229614, 8558.0
4.745596170425415, 8588.0
4.827769041061401, 8588.0
4.910995960235596, 8588.0
4.992549180984497, 8588.0
5.073791980743408, 8588.0
5.155232906341553, 8625.0
5.2367448806762695, 8625.0
5.31705117225647, 8625.0
5.397160053253174, 8649.0
5.476869106292725, 8649.0
5.556041955947876, 8649.0
5.635770082473755, 8664.0
5.7157979011535645, 8671.0
5.7957680225372314, 8695.0
5.87588095664978, 8696.0
5.955817937850952, 8696.0
6.03800106048584, 8696.0
6.1181700229644775, 8773.0
6.198110103607178, 8773.0
6.278048992156982, 8773.0
6.357816934585571, 8773.0
6.437448263168335, 8773.0
6.5173890590667725, 8773.0
6.5975341796875, 8773.0
6.677695035934448, 8773.0
6.7567830085754395, 8773.0
6.836941957473755, 8773.0
6.917290925979614, 8773.0
6.997297048568726, 8773.0
7.078249931335449, 8796.0
7.158588171005249, 8796.0
7.239307880401611, 8826.0
7.319469928741455, 8826.0
7.401122093200684, 8826.0
7.480317831039429, 8826.0
7.560319900512695, 8826.0
7.6395440101623535, 8826.0
7.719560146331787, 8826.0
7.798530101776123, 8826.0
7.878543138504028, 8826.0
7.958376884460449, 8826.0
8.038472890853882, 8826.0
8.11866307258606, 8826.0
8.198904991149902, 8826.0
8.279080867767334, 8826.0
8.359472036361694, 8832.0
8.439779043197632, 8832.0
8.520385026931763, 8872.0
8.600547075271606, 8872.0
8.681146144866943, 8872.0
8.76155686378479, 8872.0
8.842227220535278, 8895.0
8.92268419265747, 8895.0
9.003271102905273, 8895.0
9.083714008331299, 8895.0
9.164035081863403, 8895.0
9.244399070739746, 8895.0
9.324908971786499, 8895.0
9.406492233276367, 8895.0
9.486962080001831, 8895.0
9.567140102386475, 8895.0
9.647583961486816, 8895.0
9.728018045425415, 8895.0
9.808377981185913, 8895.0
9.887830018997192, 8895.0
9.968132019042969, 8895.0
10.04761004447937, 8895.0
10.12810492515564, 8895.0
10.207656145095825, 8895.0
10.288092136383057, 8896.0
10.36736512184143, 8896.0
10.447618007659912, 8896.0
10.526811122894287, 8896.0
10.605988025665283, 8896.0
10.685229063034058, 8896.0
10.76535701751709, 8896.0
10.844508171081543, 8896.0
10.92475414276123, 8896.0
11.00399899482727, 8896.0
11.084561109542847, 8896.0
11.16382098197937, 8896.0
11.243902921676636, 8896.0
11.323866128921509, 8896.0
11.404469013214111, 8907.0
11.485522031784058, 8907.0
11.56598711013794, 8907.0
11.645704984664917, 8907.0
11.726489067077637, 8907.0
11.807231903076172, 8907.0
11.888199090957642, 8907.0
11.970680952072144, 8907.0
12.05337381362915, 8907.0
12.13473105430603, 8907.0
12.216001987457275, 8907.0
12.297111988067627, 8907.0
12.378214120864868, 8907.0
12.459187984466553, 8907.0
12.540211200714111, 8907.0
12.620936870574951, 8907.0
12.70147705078125, 8907.0
12.782554149627686, 8907.0
12.863601207733154, 8907.0
12.94366192817688, 8907.0
13.024636030197144, 8907.0
13.104700088500977, 8907.0
13.185633897781372, 8907.0
13.265791893005371, 8907.0
13.346842050552368, 8907.0
13.42682409286499, 8907.0
13.509078979492188, 8907.0
13.588896036148071, 8907.0
13.669454097747803, 8907.0
13.749152898788452, 8907.0
13.829726934432983, 8907.0
13.90936803817749, 8907.0
13.990105152130127, 8907.0
14.069665908813477, 8907.0
14.15012812614441, 8907.0
14.229838132858276, 8907.0
14.310245037078857, 8907.0
14.389732122421265, 8907.0
14.470185995101929, 8907.0
14.549559116363525, 8907.0
14.629960060119629, 8907.0
14.709388017654419, 8907.0
14.789713144302368, 8907.0
14.869132041931152, 8907.0
14.949368953704834, 8907.0
15.029678106307983, 8907.0
15.109866857528687, 8907.0
15.190035104751587, 8907.0
15.270358085632324, 8907.0
15.35050106048584, 8907.0
15.429777145385742, 8907.0
15.51073408126831, 8907.0
15.590672016143799, 8907.0
15.67591905593872, 8907.0
15.756033897399902, 8907.0
15.835538148880005, 8907.0
15.915873050689697, 8907.0
15.99512004852295, 8907.0
16.07562017440796, 8907.0
