0.018896102905273438, 5355.0
0.03425097465515137, 5400.0
0.049592018127441406, 6300.0
0.06504321098327637, 6793.0
0.08096909523010254, 8844.0
0.09664607048034668, 8844.0
0.11239218711853027, 9468.0
0.1281909942626953, 9816.0
0.14426803588867188, 9852.0
0.16030097007751465, 10185.0
0.17630791664123535, 10616.0
0.19239401817321777, 10682.0
0.20851612091064453, 10682.0
0.22466397285461426, 10737.0
0.24089312553405762, 11183.0
0.2571370601654053, 11183.0
0.2733931541442871, 11183.0
0.289661169052124, 11183.0
0.30594611167907715, 11183.0
0.32221102714538574, 11183.0
0.3384990692138672, 11183.0
0.3547801971435547, 11183.0
0.37106919288635254, 11183.0
0.38736915588378906, 11183.0
0.4037811756134033, 11183.0
0.4201791286468506, 11183.0
0.43715715408325195, 11183.0
0.4539830684661865, 11183.0
0.47086215019226074, 11183.0
0.487835168838501, 11183.0
0.5047290325164795, 11223.0
0.5216310024261475, 11223.0
0.538517951965332, 11223.0
0.5553960800170898, 11223.0
0.5724489688873291, 11223.0
0.5898349285125732, 11223.0
0.6073751449584961, 11223.0
0.6249170303344727, 11223.0
0.6420199871063232, 11223.0
0.6588809490203857, 11223.0
0.6757638454437256, 11223.0
0.6926178932189941, 11223.0
0.7094309329986572, 11223.0
0.7262730598449707, 11223.0
0.7431721687316895, 11223.0
0.7600100040435791, 11223.0
0.7768621444702148, 11223.0
0.7937781810760498, 11223.0
0.8108930587768555, 11223.0
0.8281300067901611, 11223.0
0.845332145690918, 11223.0
0.8623011112213135, 11223.0
0.8794140815734863, 11223.0
0.8966891765594482, 11223.0
0.9140520095825195, 11223.0
0.9311821460723877, 11223.0
0.947742223739624, 11223.0
0.9641289710998535, 11223.0
0.9806129932403564, 11223.0
0.9969909191131592, 11223.0
1.01347017288208, 11223.0
1.029839038848877, 11223.0
1.046342134475708, 11223.0
1.0627150535583496, 11223.0
1.0791778564453125, 11223.0
1.095546007156372, 11223.0
1.111908197402954, 11223.0
1.128265142440796, 11223.0
1.1447169780731201, 11223.0
1.1612122058868408, 11223.0
1.1775810718536377, 11223.0
1.1939520835876465, 11223.0
1.2103819847106934, 11223.0
1.2267611026763916, 11223.0
1.2431581020355225, 11223.0
1.259545087814331, 11223.0
1.2758960723876953, 11223.0
1.2922680377960205, 11223.0
1.3087570667266846, 11223.0
1.3251402378082275, 11223.0
1.3415501117706299, 11223.0
1.3579721450805664, 11223.0
1.37437105178833, 11223.0
1.3907370567321777, 11223.0
1.407128095626831, 11223.0
1.4235241413116455, 11223.0
1.439885139465332, 11223.0
1.4563071727752686, 11223.0
1.4732751846313477, 11223.0
1.4901812076568604, 11223.0
1.5066280364990234, 11223.0
1.5230040550231934, 11223.0
1.5394151210784912, 11223.0
1.5558111667633057, 11223.0
1.572169303894043, 11223.0
1.5885260105133057, 11223.0
1.6048822402954102, 11223.0
1.6212670803070068, 11223.0
1.6376502513885498, 11223.0
1.6540069580078125, 11223.0
1.6703860759735107, 11223.0
1.686737060546875, 11223.0
1.7030911445617676, 11223.0
1.7194581031799316, 11223.0
1.7358219623565674, 11223.0
1.7521660327911377, 11223.0
1.768537998199463, 11223.0
1.7849042415618896, 11223.0
1.801255226135254, 11223.0
1.8176381587982178, 11223.0
1.834285020828247, 11223.0
1.8506832122802734, 11223.0
1.8670389652252197, 11223.0
1.8833892345428467, 11223.0
1.8997559547424316, 11223.0
1.9160943031311035, 11223.0
1.9324522018432617, 11223.0
1.9488110542297363, 11223.0
1.965165138244629, 11223.0
1.9815220832824707, 11223.0
1.997908115386963, 11223.0
2.0142860412597656, 11223.0
2.0306479930877686, 11223.0
2.0470340251922607, 11223.0
2.063404083251953, 11223.0
2.0797390937805176, 11223.0
2.0960800647735596, 11223.0
2.112412214279175, 11223.0
2.12873911857605, 11223.0
2.145094156265259, 11223.0
2.1614441871643066, 11223.0
2.1778011322021484, 11223.0
2.1941580772399902, 11223.0
2.2104990482330322, 11223.0
2.2268521785736084, 11223.0
2.2432010173797607, 11223.0
2.2595760822296143, 11223.0
2.2759289741516113, 11223.0
2.2922799587249756, 11223.0
2.3086390495300293, 11223.0
2.3249990940093994, 11223.0
2.341348171234131, 11223.0
2.357680082321167, 11223.0
2.374033212661743, 11223.0
2.3904011249542236, 11223.0
2.40673828125, 11223.0
2.4230902194976807, 11223.0
2.4394431114196777, 11223.0
2.455824136734009, 11223.0
2.472212314605713, 11223.0
2.4885470867156982, 11223.0
2.5049641132354736, 11223.0
2.5213780403137207, 11223.0
2.537738084793091, 11223.0
2.554176092147827, 11223.0
2.570539951324463, 11223.0
2.5871829986572266, 11223.0
2.6036031246185303, 11223.0
2.6199731826782227, 11223.0
2.6363370418548584, 11223.0
2.652649164199829, 11223.0
2.6690971851348877, 11223.0
2.6854660511016846, 11223.0
2.701914072036743, 11223.0
2.7182960510253906, 11223.0
2.734628200531006, 11223.0
2.7510881423950195, 11223.0
2.767461061477661, 11223.0
2.7839369773864746, 11223.0
2.800342082977295, 11223.0
2.8167872428894043, 11223.0
2.8331711292266846, 11223.0
2.849716901779175, 11223.0
2.866442918777466, 11223.0
2.8833770751953125, 11223.0
2.9001710414886475, 11223.0
2.9170610904693604, 11223.0
2.9340920448303223, 11223.0
2.9509952068328857, 11223.0
2.9678173065185547, 11223.0
2.9854493141174316, 11223.0
3.0035560131073, 11223.0
3.020454168319702, 11223.0
3.037961959838867, 11223.0
3.0554280281066895, 11223.0
3.072956085205078, 11223.0
3.0900990962982178, 11223.0
3.106806993484497, 11223.0
3.1236252784729004, 11223.0
3.140376091003418, 11223.0
3.1571052074432373, 11223.0
3.1737992763519287, 11223.0
3.1904890537261963, 11223.0
3.2071778774261475, 11223.0
3.2238781452178955, 11223.0
3.240690231323242, 11223.0
3.257512092590332, 11223.0
3.2744109630584717, 11223.0
3.291290044784546, 11223.0
3.3081462383270264, 11223.0
3.325089931488037, 11223.0
