0.0009908676147460938, 227.0
0.0019788742065429688, 778.0
0.002961874008178711, 1158.0
0.0040128231048583984, 1598.0
0.005036830902099609, 2045.0
0.0060427188873291016, 2900.0
0.007029056549072266, 3331.0
0.008023738861083984, 3633.0
0.00900578498840332, 3870.0
0.009991884231567383, 4036.0
0.010972976684570312, 4250.0
0.011980772018432617, 4860.0
0.012964725494384766, 5944.0
0.013955831527709961, 6242.0
0.014937877655029297, 6625.0
0.015921831130981445, 6805.0
0.016907691955566406, 7629.0
0.017895936965942383, 7960.0
0.01887798309326172, 8909.0
0.019864797592163086, 9596.0
0.02086186408996582, 10185.0
0.02184295654296875, 10694.0
0.02282881736755371, 11092.0
0.02381277084350586, 11424.0
0.024798870086669922, 12093.0
0.025780916213989258, 12464.0
0.02676987648010254, 13028.0
0.027757883071899414, 13560.0
0.028740882873535156, 14295.0
0.029730796813964844, 14802.0
0.030716896057128906, 15290.0
0.031707763671875, 16004.0
0.03269481658935547, 16170.0
0.03368878364562988, 16302.0
0.03467273712158203, 16850.0
0.035659074783325195, 17157.0
0.036644935607910156, 17943.0
0.03763270378112793, 18094.0
0.03861570358276367, 18820.0
0.039604902267456055, 18969.0
0.04059171676635742, 19094.0
0.041586875915527344, 19854.0
0.042575836181640625, 20043.0
0.04356193542480469, 20256.0
0.04454684257507324, 20402.0
0.045552968978881836, 21021.0
0.04654693603515625, 21404.0
0.04754161834716797, 22030.0
0.048526763916015625, 22812.0
0.04951286315917969, 23544.0
0.050499677658081055, 23972.0
0.05149388313293457, 24168.0
0.0524747371673584, 24615.0
0.053459882736206055, 25205.0
0.05444192886352539, 25653.0
0.05542469024658203, 26289.0
0.056410789489746094, 26588.0
0.05740070343017578, 27261.0
0.05838489532470703, 27718.0
0.059370994567871094, 28532.0
0.06037402153015137, 28912.0
0.06136178970336914, 29535.0
0.06237483024597168, 30050.0
0.0633547306060791, 30196.0
0.06434488296508789, 30852.0
0.07596874237060547, 31393.0
0.07890486717224121, 31502.0
0.0963447093963623, 31547.0
0.10024094581604004, 31675.0
0.10899591445922852, 31776.0
0.11869072914123535, 31877.0
0.12450098991394043, 31984.0
0.1896648406982422, 32089.0
0.2427978515625, 32202.0
0.29686784744262695, 32261.0
0.3111088275909424, 32396.0
0.35098981857299805, 32498.0
0.6964209079742432, 32602.0
0.8928639888763428, 32671.0
0.9735047817230225, 32719.0
0.9744677543640137, 32922.0
0.9991888999938965, 33038.0
1.056182622909546, 33072.0
1.078028678894043, 33304.0
1.1663906574249268, 33402.0
1.3592498302459717, 33485.0
1.376358985900879, 33554.0
1.3849060535430908, 33663.0
1.4086799621582031, 33769.0
1.456265926361084, 33854.0
1.4686107635498047, 33963.0
1.4838018417358398, 34071.0
1.506551742553711, 34197.0
1.5446147918701172, 34258.0
1.6265778541564941, 34366.0
1.6275758743286133, 34478.0
1.6324779987335205, 34492.0
1.7645337581634521, 34587.0
1.789017915725708, 34664.0
1.834913730621338, 34799.0
1.9238557815551758, 34845.0
1.954197883605957, 34988.0
2.174363851547241, 35072.0
2.19099497795105, 35182.0
2.21256685256958, 35357.0
2.2586028575897217, 35403.0
2.319863796234131, 35512.0
2.3247318267822266, 35653.0
2.334441900253296, 35761.0
2.372384786605835, 35901.0
2.47151780128479, 35905.0
2.6318018436431885, 35961.0
2.665750026702881, 36081.0
2.7112998962402344, 36167.0
2.742349863052368, 36305.0
2.811283826828003, 36383.0
2.8365848064422607, 36401.0
2.882509708404541, 36467.0
2.88447904586792, 36581.0
2.904917001724243, 36690.0
3.0621750354766846, 36789.0
3.243759870529175, 36839.0
3.267822742462158, 37004.0
3.353646755218506, 37044.0
3.4295759201049805, 37103.0
3.4603447914123535, 37104.0
3.549729824066162, 37192.0
3.6211090087890625, 37274.0
3.6538288593292236, 37401.0
3.7403976917266846, 37489.0
3.858893871307373, 37491.0
3.93192982673645, 37590.0
3.940591812133789, 37606.0
3.947350025177002, 37804.0
3.959847927093506, 37892.0
3.9964067935943604, 37986.0
4.025219678878784, 38090.0
4.071335792541504, 38153.0
4.07807993888855, 38281.0
4.081043004989624, 38397.0
4.128121852874756, 38479.0
4.1444690227508545, 38560.0
4.156022787094116, 38705.0
4.337937831878662, 38798.0
4.435257911682129, 38803.0
4.527134895324707, 38910.0
4.528158903121948, 39065.0
4.530213832855225, 39181.0
4.545727968215942, 39258.0
4.5740580558776855, 39593.0
4.692644834518433, 39689.0
4.762738943099976, 39776.0
4.763765811920166, 39967.0
4.779808759689331, 39985.0
4.79181981086731, 40092.0
4.875197887420654, 40197.0
5.126608848571777, 40203.0
5.191359996795654, 40247.0
5.201190948486328, 40387.0
5.263936758041382, 40412.0
5.267870903015137, 40571.0
5.281625747680664, 40678.0
5.305145740509033, 40679.0
5.412071943283081, 40701.0
5.504249811172485, 40801.0
5.537552833557129, 40879.0
5.673907995223999, 40987.0
5.710235834121704, 41098.0
5.813216686248779, 41158.0
5.874929904937744, 41272.0
5.903384685516357, 41390.0
5.922107934951782, 41492.0
6.238708019256592, 41594.0
6.255736827850342, 41703.0
6.3188958168029785, 41875.0
6.329004764556885, 41883.0
6.366326808929443, 41951.0
6.369372844696045, 42092.0
6.430884838104248, 42200.0
6.4994728565216064, 42267.0
6.509299993515015, 42374.0
6.52898383140564, 42464.0
6.815130949020386, 42468.0
6.836509943008423, 42531.0
6.870636701583862, 42670.0
6.880401849746704, 42797.0
6.926170825958252, 42888.0
6.948546886444092, 42892.0
6.9495368003845215, 43002.0
6.997236967086792, 43022.0
6.998222827911377, 43237.0
7.0176568031311035, 43246.0
7.071135997772217, 43368.0
7.08284592628479, 43498.0
7.263183832168579, 43503.0
7.277761697769165, 43518.0
7.281670808792114, 43653.0
7.284605979919434, 43804.0
7.9483678340911865, 43805.0
8.040075063705444, 43855.0
8.070381879806519, 43970.0
8.148313760757446, 44035.0
8.17744779586792, 44147.0
8.194775819778442, 44193.0
8.243643760681152, 44285.0
8.257076978683472, 44292.0
8.266637802124023, 44402.0
8.275262832641602, 44504.0
8.310658693313599, 44519.0
8.317398071289062, 44704.0
8.333737850189209, 44817.0
8.377863883972168, 44841.0
8.390304803848267, 45001.0
8.405598878860474, 45096.0
8.519815921783447, 45195.0
8.547627687454224, 45270.0
8.629974842071533, 45385.0
8.704002857208252, 45498.0
8.880067825317383, 45561.0
8.891574621200562, 45603.0
8.978777885437012, 45604.0
9.637853860855103, 45686.0
9.675103902816772, 45707.0
9.677979946136475, 45825.0
9.69859266281128, 45842.0
9.74523377418518, 45988.0
9.821422815322876, 46084.0
9.886176824569702, 46198.0
9.980576753616333, 46203.0
10.014885902404785, 46324.0
10.047296047210693, 46333.0
10.062551736831665, 46497.0
10.137088060379028, 46502.0
10.817683935165405, 46571.0
11.038773775100708, 46574.0
11.043583869934082, 46675.0
11.063620805740356, 46699.0
11.242440938949585, 46805.0
11.477276802062988, 46869.0
11.566702842712402, 46898.0
11.630589962005615, 46965.0
11.649707078933716, 47094.0
11.757476806640625, 47102.0
11.760363817214966, 47205.0
12.56566572189331, 47290.0
12.579885721206665, 47361.0
12.596012830734253, 47495.0
13.034842729568481, 47593.0
14.607281923294067, 47766.0
14.612224817276001, 47871.0
14.629901885986328, 47961.0
14.719658851623535, 47982.0
14.835497856140137, 48005.0
14.934407949447632, 48085.0
15.174394845962524, 48092.0
15.190922975540161, 48202.0
15.305091857910156, 48256.0
15.396304845809937, 48335.0
15.409840822219849, 48455.0
15.44378399848938, 48466.0
15.488386869430542, 48480.0
15.540608644485474, 48567.0
15.621445894241333, 48570.0
15.622440814971924, 48672.0
15.652257680892944, 48735.0
15.704227685928345, 48884.0
15.83639669418335, 49000.0
15.915488719940186, 49055.0
15.919456720352173, 49171.0
15.942200899124146, 49292.0
16.237870693206787, 49400.0
16.694517612457275, 49498.0
17.49283194541931, 49585.0
17.517244815826416, 49592.0
18.696150064468384, 49671.0
18.829798936843872, 49703.0
19.127883672714233, 49796.0
19.170592784881592, 49824.0
19.184358835220337, 49843.0
19.201865911483765, 49850.0
19.236833810806274, 49907.0
19.287330865859985, 49918.0
19.316395044326782, 50027.0
19.34059190750122, 50033.0
19.35123372077942, 50157.0
19.35704779624939, 50198.0
19.391968727111816, 50290.0
19.54814577102661, 50305.0
27.06361675262451, 50363.0
27.06555485725403, 50498.0
29.425723791122437, 50571.0
29.522353887557983, 50686.0
29.53975200653076, 50805.0
33.452061891555786, 50848.0
33.506306886672974, 50878.0
33.511833906173706, 50991.0
33.74036478996277, 50995.0
33.769858837127686, 51050.0
33.770792961120605, 51182.0
33.81854486465454, 51193.0
33.866283655166626, 51278.0
33.9378457069397, 51346.0
33.94981098175049, 51386.0
33.977463722229004, 51405.0
38.12973070144653, 51490.0
38.578784704208374, 51590.0
38.61949181556702, 51704.0
38.836901903152466, 51790.0
38.969788789749146, 51905.0
39.01314997673035, 51989.0
39.01702880859375, 51994.0
39.02380967140198, 52143.0
39.182451009750366, 52144.0
39.19210982322693, 52255.0
39.22974371910095, 52370.0
39.24039673805237, 52398.0
39.300036907196045, 52475.0
39.88331866264343, 52501.0
39.91788697242737, 52588.0
39.976449728012085, 52695.0
40.134856939315796, 52840.0
40.30349802970886, 52879.0
42.15138101577759, 52902.0
42.225322008132935, 52904.0
43.74669790267944, 52905.0
43.93297100067139, 52978.0
43.93593072891235, 53141.0
43.95742177963257, 53255.0
43.97398567199707, 53404.0
44.01393675804138, 53500.0
44.10167574882507, 53529.0
44.102664947509766, 53698.0
44.22462177276611, 53797.0
44.261728048324585, 53802.0
44.32223391532898, 53899.0
48.26164793968201, 53979.0
48.28094983100891, 54082.0
48.46390676498413, 54201.0
48.50915575027466, 54304.0
48.60522389411926, 54381.0
48.66775178909302, 54388.0
48.757139921188354, 54504.0
48.82821774482727, 54505.0
52.156914949417114, 54586.0
52.17045187950134, 54648.0
52.20815587043762, 54786.0
52.243083000183105, 54902.0
52.53876781463623, 55005.0
53.56031799316406, 55090.0
53.77464485168457, 55096.0
54.192954778671265, 55200.0
54.352935791015625, 55300.0
55.417423725128174, 55305.0
58.061980962753296, 55360.0
58.100929737091064, 55405.0
59.16635084152222, 55495.0
59.31709885597229, 55501.0
59.54474973678589, 55503.0
60.405900716781616, 55602.0
60.46931195259094, 55604.0
60.966601848602295, 55698.0
61.190672874450684, 55700.0
61.656070947647095, 55802.0
61.73100185394287, 55803.0
61.748310804367065, 55805.0
62.4966459274292, 55897.0
62.74411487579346, 56001.0
63.49554181098938, 56104.0
68.44269680976868, 56204.0
73.92481994628906, 56305.0
