0.00039887428283691406, 554.0
0.0007948875427246094, 1584.0
0.001194000244140625, 2358.0
0.0015859603881835938, 2841.0
0.0019788742065429688, 3552.0
0.0023729801177978516, 3713.0
0.0027647018432617188, 4462.0
0.003156900405883789, 4581.0
0.0035500526428222656, 5196.0
0.003942012786865234, 6231.0
0.0043337345123291016, 6480.0
0.004725933074951172, 6817.0
0.0051190853118896484, 7336.0
0.0055119991302490234, 7481.0
0.005905866622924805, 8440.0
0.00629878044128418, 8678.0
0.0067348480224609375, 9770.0
0.007134914398193359, 10751.0
0.007921934127807617, 11608.0
0.010663032531738281, 11752.0
0.011826038360595703, 11887.0
0.02771472930908203, 12001.0
0.05208396911621094, 12174.0
0.06374692916870117, 12287.0
0.09391903877258301, 12404.0
0.14524483680725098, 12513.0
0.15919899940490723, 12616.0
0.17265582084655762, 12643.0
0.1757640838623047, 12907.0
0.19016098976135254, 13008.0
0.20032787322998047, 13083.0
0.20657682418823242, 13101.0
0.208143949508667, 13210.0
0.25391292572021484, 13263.0
0.2589907646179199, 13370.0
0.27414774894714355, 13487.0
0.28267908096313477, 13504.0
0.29395294189453125, 13533.0
0.29434704780578613, 13643.0
0.30832791328430176, 13763.0
0.31028103828430176, 13899.0
0.31415510177612305, 13932.0
0.3169081211090088, 14041.0
0.33362698554992676, 14163.0
0.3383030891418457, 14306.0
0.34218692779541016, 14345.0
0.35419607162475586, 14515.0
0.3775150775909424, 14566.0
0.4088478088378906, 14695.0
0.42472386360168457, 14819.0
0.45760583877563477, 14848.0
0.45799994468688965, 14967.0
0.4653618335723877, 15016.0
0.5547699928283691, 15117.0
0.5647318363189697, 15215.0
0.6798288822174072, 15318.0
0.762610912322998, 15413.0
0.8390038013458252, 15469.0
0.863684892654419, 15617.0
0.8763349056243896, 15806.0
0.8885948657989502, 15858.0
0.8897500038146973, 16174.0
0.9013068675994873, 16318.0
1.0925331115722656, 16408.0
1.2322797775268555, 16439.0
1.238393783569336, 16572.0
1.2483201026916504, 16675.0
1.2536699771881104, 16802.0
1.257497787475586, 16912.0
1.27616286277771, 16931.0
1.2792189121246338, 17090.0
1.298337697982788, 17152.0
1.304481029510498, 17187.0
1.3156177997589111, 17286.0
1.3167698383331299, 17389.0
1.3462820053100586, 17390.0
1.3634769916534424, 17401.0
1.3799388408660889, 17433.0
1.3853037357330322, 17566.0
1.3895089626312256, 17710.0
1.401033878326416, 17715.0
1.4506287574768066, 17838.0
1.456338882446289, 17975.0
1.4772770404815674, 17992.0
1.4902229309082031, 18106.0
1.5180699825286865, 18114.0
1.5184557437896729, 18278.0
1.5371358394622803, 18300.0
1.5428590774536133, 18431.0
1.5485990047454834, 18546.0
1.5501320362091064, 18710.0
1.5550968647003174, 18896.0
1.5646789073944092, 19018.0
1.5708138942718506, 19084.0
1.5992310047149658, 19212.0
1.6138198375701904, 19317.0
1.633713960647583, 19412.0
1.6565358638763428, 19415.0
1.8187458515167236, 19515.0
1.8474829196929932, 19612.0
1.9609007835388184, 19702.0
1.9647419452667236, 19710.0
2.0222511291503906, 19803.0
2.0352699756622314, 19908.0
2.0368149280548096, 20018.0
2.350362777709961, 20071.0
2.355738878250122, 20187.0
4.993618011474609, 20315.0
5.003270864486694, 20399.0
5.009799957275391, 20506.0
5.089940071105957, 20512.0
7.577453851699829, 20598.0
7.600396156311035, 20697.0
8.00055193901062, 20707.0
8.00177788734436, 20905.0
8.486225843429565, 20912.0
8.586194038391113, 20914.0
8.646607875823975, 20998.0
11.522220849990845, 21115.0
12.737688779830933, 21213.0
15.077430963516235, 21301.0
15.091577768325806, 21414.0
15.447274923324585, 21416.0
16.024268865585327, 21449.0
16.02742099761963, 21513.0
20.546658754348755, 21515.0
21.550967931747437, 21585.0
21.66402792930603, 21596.0
21.68769383430481, 21609.0
23.257370948791504, 21618.0
23.29519295692444, 21654.0
23.29796290397644, 21818.0
23.473469972610474, 22007.0
23.597665071487427, 22107.0
23.65445899963379, 22204.0
23.66901993751526, 22209.0
24.008575916290283, 22290.0
24.00936770439148, 22415.0
24.05689287185669, 22491.0
24.065510988235474, 22498.0
24.06957697868347, 22607.0
24.207127809524536, 22716.0
24.542329788208008, 22805.0
24.604156017303467, 22809.0
24.835232973098755, 22812.0
25.465174674987793, 22914.0
25.99196982383728, 23019.0
26.150819778442383, 23117.0
