0.5220141410827637, 26296.0
0.8904271125793457, 26390.0
1.267542839050293, 26719.0
1.6428089141845703, 27591.0
2.018765926361084, 27776.0
2.3973019123077393, 27776.0
2.7836320400238037, 28054.0
3.161684036254883, 28054.0
3.5409069061279297, 28490.0
3.9267330169677734, 28577.0
4.317831039428711, 28687.0
4.702096939086914, 28912.0
5.090307950973511, 29004.0
5.483245849609375, 29330.0
5.869404077529907, 29379.0
6.258991003036499, 29640.0
6.642958879470825, 29640.0
7.022718191146851, 29883.0
7.4035539627075195, 29883.0
7.783781051635742, 30065.0
8.16636610031128, 30065.0
8.55082106590271, 30206.0
8.933396816253662, 30338.0
9.315869092941284, 30457.0
9.697713136672974, 30660.0
10.079871892929077, 30864.0
10.464407920837402, 31046.0
10.849921941757202, 31103.0
11.23337697982788, 31265.0
11.616882085800171, 31354.0
12.000335931777954, 31563.0
12.38388705253601, 31563.0
12.768919944763184, 31673.0
13.152239084243774, 31817.0
13.53541898727417, 31817.0
13.918682098388672, 32011.0
14.298337936401367, 32451.0
14.68415880203247, 32451.0
15.073644876480103, 32551.0
15.467025995254517, 32644.0
15.855206966400146, 32900.0
16.24141001701355, 32900.0
16.629019021987915, 32900.0
17.015241861343384, 32905.0
17.40149211883545, 33033.0
17.783201932907104, 33033.0
18.16988515853882, 33136.0
18.558937072753906, 33372.0
18.945285081863403, 33372.0
19.32795000076294, 33596.0
19.71452498435974, 33596.0
20.101645946502686, 33784.0
20.483969926834106, 33886.0
20.87302803993225, 33999.0
21.26085591316223, 34041.0
21.64883589744568, 34041.0
22.036417961120605, 34244.0
22.42476201057434, 34297.0
22.81452989578247, 34297.0
23.198083877563477, 34551.0
23.586498975753784, 34643.0
23.969233989715576, 34643.0
24.357367038726807, 34643.0
24.746992111206055, 34652.0
25.135501861572266, 34765.0
25.523324012756348, 34765.0
25.911504983901978, 34835.0
26.298331022262573, 35161.0
26.68531608581543, 35441.0
27.0748131275177, 35441.0
27.45889186859131, 35441.0
27.84827995300293, 35607.0
28.239008903503418, 35607.0
28.628374814987183, 35607.0
29.01461911201477, 35607.0
29.399302005767822, 35930.0
29.78828001022339, 36041.0
30.177000999450684, 36041.0
30.566580772399902, 36041.0
30.957812786102295, 36055.0
31.347491025924683, 36055.0
31.73750591278076, 36055.0
32.12768507003784, 36055.0
32.517995834350586, 36055.0
32.91001892089844, 36055.0
33.30038380622864, 36124.0
33.68540692329407, 36173.0
34.070327043533325, 36389.0
34.457111835479736, 36389.0
34.84907293319702, 36473.0
35.23959803581238, 36499.0
35.63045907020569, 36502.0
36.02092885971069, 36631.0
36.41286015510559, 36724.0
36.800403118133545, 36726.0
37.186949014663696, 36835.0
37.5786919593811, 36835.0
37.970077991485596, 36925.0
38.364842891693115, 37015.0
38.756523847579956, 37015.0
39.15008807182312, 37015.0
39.53774309158325, 37142.0
39.930654764175415, 37142.0
40.32383704185486, 37167.0
40.71163606643677, 37366.0
41.104995012283325, 37366.0
41.49754786491394, 37366.0
41.89029097557068, 37366.0
42.28449201583862, 37436.0
42.67997407913208, 37474.0
43.06597399711609, 37474.0
43.45032000541687, 37665.0
43.834431886672974, 37812.0
44.21856093406677, 37812.0
44.60195302963257, 37812.0
44.98656702041626, 37812.0
45.36989402770996, 37812.0
45.754496812820435, 37812.0
46.14490580558777, 37812.0
46.53581190109253, 37812.0
46.92674899101257, 37812.0
47.318012952804565, 37930.0
47.708410024642944, 37930.0
48.09751796722412, 38113.0
48.48675084114075, 38113.0
48.87546896934509, 38147.0
49.26617479324341, 38147.0
49.654541969299316, 38290.0
50.048166036605835, 38436.0
50.4369261264801, 38436.0
50.825835943222046, 38436.0
51.221764087677, 38436.0
51.61576318740845, 38436.0
52.0045747756958, 38456.0
52.398093938827515, 38540.0
52.786563873291016, 38786.0
53.18216896057129, 38786.0
53.57139182090759, 38786.0
53.960608959198, 38786.0
54.35568714141846, 38786.0
54.74579691886902, 38786.0
55.141342878341675, 38786.0
55.53908181190491, 38900.0
55.93425488471985, 38900.0
56.323485136032104, 38900.0
56.713083028793335, 38900.0
57.10192918777466, 39171.0
57.493141889572144, 39171.0
57.88402700424194, 39171.0
58.275136947631836, 39171.0
58.67018985748291, 39171.0
59.066471099853516, 39171.0
59.459924936294556, 39197.0
59.85160684585571, 39197.0
60.244975090026855, 39197.0
60.64252996444702, 39197.0
61.03793501853943, 39197.0
61.43225407600403, 39197.0
61.828901052474976, 39197.0
62.22696590423584, 39197.0
62.623815059661865, 39389.0
63.01563787460327, 39457.0
63.413240909576416, 39457.0
63.80933499336243, 39457.0
64.20080089569092, 39457.0
64.59242105484009, 39457.0
64.98625302314758, 39728.0
65.38336706161499, 39728.0
65.77534985542297, 39778.0
66.16838502883911, 39778.0
66.56258606910706, 39778.0
66.9542179107666, 39778.0
67.34736800193787, 39778.0
67.7394449710846, 39778.0
68.13062596321106, 39778.0
68.52149200439453, 39778.0
68.91234588623047, 39836.0
69.30395007133484, 39836.0
69.6963529586792, 39836.0
70.08834290504456, 39836.0
70.47931504249573, 39836.0
70.87272214889526, 39836.0
71.26476502418518, 39839.0
71.66111087799072, 39839.0
72.05497789382935, 39839.0
72.44677686691284, 39917.0
72.8432240486145, 39962.0
73.23514294624329, 39962.0
73.62845087051392, 39962.0
74.0203959941864, 40144.0
74.41210699081421, 40144.0
74.80364680290222, 40144.0
75.19582295417786, 40144.0
75.58826994895935, 40144.0
75.97905993461609, 40144.0
76.37059020996094, 40144.0
76.76238822937012, 40144.0
77.15369892120361, 40144.0
77.54708909988403, 40144.0
77.9377830028534, 40144.0
78.32889318466187, 40243.0
