0.00010609626770019531, 949.0
0.00020813941955566406, 1557.0
0.00030994415283203125, 1863.0
0.0004100799560546875, 2816.0
0.0008060932159423828, 2946.0
0.0018000602722167969, 3055.0
0.004076957702636719, 3165.0
0.005461931228637695, 3317.0
0.011383056640625, 3514.0
0.028135061264038086, 3615.0
0.036932945251464844, 3704.0
0.045255184173583984, 3889.0
0.047738075256347656, 4006.0
0.05750703811645508, 4008.0
0.06475400924682617, 4011.0
0.06781888008117676, 4074.0
0.07131314277648926, 4268.0
0.07550621032714844, 4385.0
0.07959699630737305, 4390.0
0.08207297325134277, 4493.0
0.09944319725036621, 4536.0
0.10172510147094727, 4664.0
0.10401701927185059, 4671.0
0.15757107734680176, 4715.0
0.16914916038513184, 4748.0
0.16945099830627441, 4900.0
0.17094016075134277, 5017.0
0.26934099197387695, 5116.0
0.29044008255004883, 5205.0
0.45882320404052734, 5212.0
0.46250414848327637, 5288.0
0.6599810123443604, 5305.0
0.661081075668335, 5380.0
1.0082569122314453, 5517.0
1.0142250061035156, 5574.0
1.3564770221710205, 5609.0
1.901663064956665, 5617.0
3.31559419631958, 5699.0
3.32423996925354, 5701.0
5.490818023681641, 5711.0
5.570035219192505, 5805.0
5.58286190032959, 5844.0
5.583065032958984, 5954.0
5.588511943817139, 6106.0
