0.010129928588867188, 1858.0
0.018718957901000977, 1858.0
0.027456045150756836, 1879.0
0.03623700141906738, 1889.0
0.045068979263305664, 1889.0
0.05389595031738281, 1941.0
0.06276702880859375, 1984.0
0.07165884971618652, 2046.0
0.08063507080078125, 2092.0
0.08960676193237305, 2162.0
0.09853696823120117, 2162.0
0.10752511024475098, 2179.0
0.11658477783203125, 2184.0
0.1259157657623291, 2281.0
0.1353929042816162, 2281.0
0.1448349952697754, 2281.0
0.15437102317810059, 2281.0
0.16390705108642578, 2295.0
0.17329978942871094, 2295.0
0.1824808120727539, 2295.0
0.19173598289489746, 2295.0
0.20105481147766113, 2295.0
0.21030902862548828, 2295.0
0.21954989433288574, 2295.0
0.22881197929382324, 2295.0
0.23807406425476074, 2295.0
0.24737882614135742, 2295.0
0.25665783882141113, 2295.0
0.26593494415283203, 2295.0
0.27519989013671875, 2295.0
0.2844851016998291, 2295.0
0.2937510013580322, 2295.0
0.30309486389160156, 2295.0
0.31310200691223145, 2295.0
0.32279086112976074, 2295.0
0.33254504203796387, 2295.0
0.34230709075927734, 2295.0
0.3522610664367676, 2295.0
0.3618197441101074, 2295.0
0.37122201919555664, 2295.0
0.3806178569793701, 2295.0
0.3900918960571289, 2295.0
0.3995189666748047, 2295.0
0.40886402130126953, 2295.0
0.41822004318237305, 2295.0
0.4276618957519531, 2295.0
0.4370739459991455, 2295.0
0.4465060234069824, 2295.0
0.4561190605163574, 2295.0
0.4655449390411377, 2295.0
0.4749438762664795, 2295.0
0.4842839241027832, 2295.0
0.4936659336090088, 2295.0
0.5031311511993408, 2295.0
0.5126559734344482, 2295.0
0.521888017654419, 2295.0
0.5310468673706055, 2295.0
0.5401620864868164, 2295.0
0.5492630004882812, 2295.0
0.5583820343017578, 2295.0
0.5675058364868164, 2295.0
0.5766110420227051, 2295.0
0.5857458114624023, 2295.0
0.594876766204834, 2295.0
0.6039841175079346, 2295.0
0.6130831241607666, 2295.0
0.6221868991851807, 2295.0
0.6312928199768066, 2295.0
0.6403958797454834, 2295.0
0.6495180130004883, 2295.0
0.6586489677429199, 2295.0
0.6677639484405518, 2295.0
0.6768708229064941, 2295.0
0.6859729290008545, 2295.0
0.6950860023498535, 2295.0
0.7041740417480469, 2295.0
0.713263988494873, 2295.0
0.722376823425293, 2295.0
0.7314968109130859, 2295.0
0.7406468391418457, 2295.0
0.7497520446777344, 2295.0
0.7588419914245605, 2295.0
0.7679500579833984, 2295.0
0.7770998477935791, 2295.0
0.786175012588501, 2295.0
0.7952709197998047, 2295.0
0.8043990135192871, 2295.0
0.8136508464813232, 2295.0
0.8229727745056152, 2295.0
0.8321728706359863, 2295.0
0.8412668704986572, 2295.0
0.8503680229187012, 2295.0
0.859483003616333, 2295.0
0.8685939311981201, 2295.0
0.8777220249176025, 2295.0
0.8868389129638672, 2295.0
0.8959248065948486, 2295.0
0.905083179473877, 2295.0
0.9142928123474121, 2295.0
0.9235320091247559, 2295.0
0.9326539039611816, 2295.0
0.9417710304260254, 2295.0
0.9509260654449463, 2295.0
0.9600827693939209, 2295.0
0.9692018032073975, 2295.0
0.9783449172973633, 2295.0
0.9874458312988281, 2295.0
0.9965319633483887, 2295.0
1.0057358741760254, 2295.0
1.0148918628692627, 2295.0
1.0240161418914795, 2295.0
1.0331079959869385, 2295.0
1.0422351360321045, 2295.0
1.0513420104980469, 2295.0
1.0604360103607178, 2295.0
1.0695459842681885, 2295.0
1.0786480903625488, 2295.0
1.0877690315246582, 2295.0
1.0968749523162842, 2295.0
1.1059648990631104, 2295.0
1.115048885345459, 2295.0
1.1241340637207031, 2295.0
1.133228063583374, 2295.0
1.1423149108886719, 2295.0
1.1514358520507812, 2295.0
1.1606698036193848, 2295.0
1.169787883758545, 2295.0
1.1789219379425049, 2295.0
1.1884629726409912, 2295.0
1.1977388858795166, 2295.0
1.2070000171661377, 2295.0
1.2163150310516357, 2295.0
1.2257020473480225, 2295.0
1.2350249290466309, 2295.0
1.2443487644195557, 2295.0
1.2536799907684326, 2295.0
1.2629849910736084, 2295.0
1.2722489833831787, 2295.0
1.2815239429473877, 2295.0
1.29079008102417, 2295.0
1.300239086151123, 2295.0
1.309607982635498, 2295.0
1.3192989826202393, 2295.0
1.3289988040924072, 2295.0
1.3386938571929932, 2295.0
1.3486518859863281, 2295.0
1.3583619594573975, 2295.0
1.3678240776062012, 2295.0
1.377126932144165, 2295.0
1.386479139328003, 2295.0
1.3957738876342773, 2295.0
1.4051029682159424, 2295.0
1.4143610000610352, 2295.0
1.4236600399017334, 2295.0
1.4329440593719482, 2295.0
1.4422037601470947, 2295.0
1.451491117477417, 2295.0
1.460763931274414, 2295.0
1.470062017440796, 2295.0
1.479369878768921, 2295.0
1.4886279106140137, 2295.0
1.4979257583618164, 2295.0
1.507201910018921, 2295.0
1.5164568424224854, 2295.0
1.5257761478424072, 2295.0
1.5350749492645264, 2295.0
1.5443949699401855, 2295.0
1.5537819862365723, 2295.0
1.5633258819580078, 2295.0
1.5730228424072266, 2295.0
1.5826518535614014, 2295.0
1.592254877090454, 2295.0
1.601606845855713, 2295.0
1.6109709739685059, 2295.0
1.6203198432922363, 2295.0
1.629638910293579, 2295.0
1.6390810012817383, 2295.0
1.648590087890625, 2295.0
1.6581449508666992, 2295.0
1.667590856552124, 2295.0
1.677109956741333, 2295.0
1.686521053314209, 2295.0
1.6955718994140625, 2295.0
1.7046608924865723, 2295.0
1.7137019634246826, 2295.0
1.7228059768676758, 2295.0
1.731856107711792, 2295.0
1.7408947944641113, 2295.0
1.749932050704956, 2295.0
1.759056806564331, 2295.0
1.768117904663086, 2295.0
1.7771871089935303, 2295.0
1.7862389087677002, 2295.0
1.795285940170288, 2295.0
1.8043220043182373, 2295.0
1.8133659362792969, 2295.0
1.8224167823791504, 2295.0
1.8314549922943115, 2295.0
1.8405230045318604, 2295.0
1.8495709896087646, 2295.0
1.8586130142211914, 2295.0
