1.0589208602905273, 62219.0
1.80739164352417, 63012.0
2.5526278018951416, 64890.0
3.300947904586792, 64890.0
4.047832727432251, 65804.0
4.8103907108306885, 66117.0
5.5750908851623535, 66417.0
6.345783710479736, 67309.0
7.106602668762207, 67675.0
7.856226682662964, 69093.0
8.606995820999146, 70001.0
9.354054927825928, 70003.0
10.112287759780884, 70685.0
10.872581720352173, 71206.0
11.636578798294067, 72218.0
12.401759624481201, 73714.0
13.165180921554565, 73714.0
13.927253723144531, 74607.0
14.685942649841309, 74607.0
15.435959815979004, 75395.0
16.199296712875366, 75589.0
16.960707664489746, 76404.0
17.729045629501343, 76700.0
18.500857830047607, 77307.0
19.26979088783264, 77619.0
20.043399810791016, 78478.0
20.82542896270752, 79274.0
21.602587699890137, 80015.0
22.381029844284058, 81096.0
23.162924766540527, 81096.0
23.936715602874756, 81802.0
24.714866876602173, 82594.0
25.4931857585907, 82696.0
26.27241563796997, 82696.0
27.04432773590088, 83714.0
27.82460594177246, 84616.0
28.60390567779541, 85084.0
29.367875814437866, 85602.0
30.151704788208008, 85602.0
30.92856192588806, 85602.0
31.707128763198853, 85909.0
32.483155965805054, 86874.0
33.25984477996826, 87108.0
34.02248668670654, 87108.0
34.79438900947571, 87108.0
35.57584261894226, 88213.0
36.355912923812866, 88315.0
37.136032581329346, 89475.0
37.913466691970825, 89475.0
38.68870973587036, 89616.0
39.46476483345032, 90600.0
40.23953580856323, 90799.0
41.00455379486084, 91002.0
41.78560996055603, 91113.0
42.56618595123291, 91716.0
43.35235261917114, 92890.0
44.13715577125549, 92905.0
44.91966485977173, 94067.0
45.707138776779175, 94704.0
46.49659967422485, 94704.0
47.287911891937256, 94704.0
48.0779128074646, 94704.0
48.86759281158447, 95611.0
49.6566367149353, 95611.0
50.44908380508423, 95785.0
51.23876976966858, 96604.0
52.03449869155884, 96907.0
52.81691861152649, 96907.0
53.61034178733826, 97363.0
54.406882762908936, 98192.0
55.20525574684143, 98192.0
56.0057258605957, 98286.0
56.802833795547485, 99092.0
57.6035578250885, 99309.0
58.40141487121582, 99309.0
59.202555894851685, 99717.0
59.995739698410034, 100103.0
60.79280066490173, 100295.0
61.587589740753174, 100771.0
62.38769888877869, 101575.0
63.18133878707886, 101575.0
63.98659682273865, 102407.0
64.78516674041748, 102407.0
65.58219289779663, 103077.0
66.38791179656982, 103077.0
67.18904495239258, 103416.0
67.99323272705078, 103416.0
68.79510569572449, 103416.0
69.59940481185913, 103606.0
70.39705276489258, 104403.0
71.19790577888489, 104403.0
71.99341368675232, 104605.0
72.7950987815857, 104618.0
73.59063982963562, 105260.0
74.3918068408966, 105487.0
75.19190669059753, 105575.0
75.99866676330566, 106567.0
76.80363583564758, 106567.0
77.60668063163757, 106784.0
78.41659593582153, 106784.0
79.22088766098022, 107115.0
80.02860689163208, 107998.0
80.82956576347351, 108007.0
81.63481068611145, 108007.0
82.44474864006042, 108561.0
83.24332284927368, 108561.0
84.0471818447113, 108561.0
84.85241079330444, 108975.0
85.66280388832092, 108975.0
86.4668276309967, 109278.0
87.27791690826416, 110002.0
88.08881163597107, 110002.0
88.89476776123047, 110186.0
89.70360565185547, 110489.0
90.50939774513245, 110489.0
91.32105278968811, 111353.0
92.13020062446594, 112116.0
92.93619871139526, 112116.0
93.74211359024048, 112116.0
94.54203486442566, 112379.0
95.34836673736572, 112379.0
96.1547327041626, 112818.0
96.96095585823059, 112818.0
97.76685285568237, 112997.0
98.57601571083069, 113177.0
99.39031982421875, 113692.0
100.20186495780945, 113692.0
101.02394080162048, 113692.0
101.85078072547913, 113692.0
102.65293574333191, 114089.0
103.45870471000671, 114089.0
104.26962685585022, 114089.0
105.08239889144897, 114307.0
105.89521265029907, 114307.0
106.69908475875854, 114742.0
107.52546095848083, 115105.0
108.34456396102905, 115105.0
109.17057991027832, 115105.0
109.99490094184875, 115112.0
110.82048058509827, 115616.0
111.63556265830994, 115616.0
112.45758366584778, 115913.0
113.27325677871704, 116201.0
114.08715486526489, 116201.0
114.90890288352966, 116201.0
115.7341377735138, 116226.0
116.55341386795044, 117314.0
117.37835693359375, 117314.0
118.19415092468262, 117314.0
119.01970171928406, 117314.0
119.83360171318054, 117314.0
120.64786887168884, 117607.0
121.4647958278656, 117790.0
122.28505396842957, 117790.0
123.10303997993469, 118497.0
123.91896486282349, 118497.0
124.74084258079529, 118497.0
125.56515979766846, 118717.0
126.38354682922363, 119108.0
127.20811772346497, 119108.0
128.02819871902466, 119129.0
128.8508858680725, 119129.0
129.67388081550598, 119390.0
130.49443364143372, 119390.0
131.32048273086548, 119390.0
132.14517879486084, 119476.0
132.97107362747192, 119476.0
133.79194593429565, 120298.0
134.61149072647095, 120298.0
135.4385118484497, 120395.0
136.2635087966919, 120395.0
137.08807396888733, 120395.0
137.90804266929626, 120395.0
138.72867465019226, 120395.0
139.5480887889862, 120514.0
140.36842584609985, 120514.0
141.18348288536072, 120514.0
142.00261282920837, 120514.0
142.8217966556549, 120702.0
143.63440585136414, 121006.0
144.4545087814331, 121006.0
145.2754247188568, 121006.0
146.09298872947693, 121802.0
146.91802978515625, 121802.0
147.74777579307556, 121802.0
148.57581782341003, 121802.0
149.40172958374023, 121802.0
150.23230695724487, 121874.0
151.0586986541748, 121907.0
151.88723278045654, 121953.0
152.71250176429749, 122205.0
153.5398006439209, 122205.0
154.37018489837646, 123195.0
155.19829869270325, 123195.0
156.02831172943115, 123195.0
156.85611081123352, 123195.0
157.68639993667603, 123195.0
158.5149838924408, 123195.0
159.32409477233887, 123195.0
160.13468480110168, 123195.0
160.9535527229309, 123195.0
