0.002052783966064453, 281.0
0.00415492057800293, 962.0
0.006234884262084961, 1858.0
0.00833582878112793, 2379.0
0.010387897491455078, 2909.0
0.012431859970092773, 3120.0
0.014477729797363281, 3153.0
0.016527891159057617, 3255.0
0.01858377456665039, 3365.0
0.02063584327697754, 3384.0
0.022691965103149414, 3435.0
0.024707794189453125, 4155.0
0.028424978256225586, 4492.0
0.03150296211242676, 4940.0
0.03353404998779297, 5028.0
0.03555583953857422, 5802.0
0.03760170936584473, 6341.0
0.03961491584777832, 6732.0
0.04163694381713867, 7101.0
0.04364800453186035, 7227.0
0.04565882682800293, 7255.0
0.04767179489135742, 7403.0
0.049681901931762695, 8085.0
0.05168485641479492, 8891.0
0.05369091033935547, 9018.0
0.055722951889038086, 9711.0
0.05774092674255371, 10046.0
0.059745073318481445, 10286.0
0.0617518424987793, 10583.0
0.06375789642333984, 11122.0
0.06576108932495117, 11972.0
0.06777286529541016, 12719.0
0.06977581977844238, 13149.0
0.0717771053314209, 13591.0
0.07378482818603516, 13598.0
0.0757908821105957, 14316.0
0.07779097557067871, 14589.0
0.07984185218811035, 15469.0
0.08185672760009766, 15709.0
0.0838627815246582, 16055.0
0.08586788177490234, 17009.0
0.08786988258361816, 17827.0
0.08987283706665039, 17882.0
0.09193992614746094, 18281.0
0.09394693374633789, 18961.0
0.09596800804138184, 19069.0
0.09798192977905273, 19264.0
0.09998393058776855, 19545.0
0.10198569297790527, 20372.0
0.1039879322052002, 21048.0
0.10599780082702637, 21262.0
0.10801172256469727, 22215.0
0.11001300811767578, 22985.0
0.11201095581054688, 23885.0
0.11401987075805664, 24484.0
0.11601996421813965, 25034.0
0.11801791191101074, 25300.0
0.12001991271972656, 25399.0
0.12201714515686035, 26167.0
0.12400484085083008, 26531.0
0.12600493431091309, 27329.0
0.12799596786499023, 27594.0
0.12998580932617188, 27983.0
0.13197588920593262, 28959.0
0.13397693634033203, 29011.0
0.13596892356872559, 29866.0
0.13795995712280273, 30113.0
0.13994979858398438, 31031.0
0.14194488525390625, 31419.0
0.1439378261566162, 31639.0
0.1459500789642334, 31971.0
0.14793705940246582, 32087.0
0.14998984336853027, 32758.0
0.15205788612365723, 33588.0
0.15408992767333984, 34394.0
0.15611886978149414, 34804.0
0.15819883346557617, 35379.0
0.16041302680969238, 36008.0
0.16251802444458008, 36327.0
0.16461586952209473, 36871.0
0.16665387153625488, 37451.0
0.16875696182250977, 37672.0
0.1708228588104248, 38517.0
0.1728658676147461, 38554.0
0.17507314682006836, 39206.0
0.17722702026367188, 39849.0
0.1792149543762207, 40359.0
0.18514490127563477, 40386.0
0.18713092803955078, 41347.0
0.18911170959472656, 41907.0
0.19109392166137695, 42617.0
0.19307708740234375, 42762.0
0.19506192207336426, 43699.0
0.19704985618591309, 43769.0
0.19904184341430664, 44028.0
0.20102691650390625, 44249.0
0.20300984382629395, 45205.0
0.20499277114868164, 45797.0
0.20698285102844238, 46334.0
0.20897388458251953, 46601.0
0.2109529972076416, 47019.0
0.21301579475402832, 47451.0
0.21512603759765625, 47981.0
0.21721982955932617, 48680.0
0.21924304962158203, 49549.0
0.22124385833740234, 49798.0
0.22336292266845703, 50438.0
0.2254018783569336, 50532.0
0.2273869514465332, 51184.0
0.2293720245361328, 51446.0
0.2313518524169922, 51475.0
0.23335886001586914, 51726.0
0.23533177375793457, 52319.0
0.23732590675354004, 52434.0
0.23930788040161133, 52815.0
0.24133777618408203, 53023.0
0.24914288520812988, 53345.0
0.260800838470459, 53392.0
0.27817773818969727, 53527.0
0.2820608615875244, 54007.0
0.29168105125427246, 54666.0
0.4941730499267578, 55296.0
0.593256950378418, 55839.0
0.6168389320373535, 55937.0
0.6285979747772217, 56879.0
0.6442139148712158, 57831.0
0.6500129699707031, 58464.0
0.6617250442504883, 58756.0
0.6637229919433594, 59527.0
0.7485048770904541, 60125.0
0.8019468784332275, 60640.0
0.8683888912200928, 61548.0
0.9460818767547607, 61939.0
0.9821979999542236, 62384.0
1.0073738098144531, 62498.0
1.0132339000701904, 63182.0
1.0288848876953125, 63719.0
1.0308139324188232, 64337.0
1.0422289371490479, 64782.0
1.0498430728912354, 64783.0
1.1314048767089844, 65655.0
1.1948707103729248, 65988.0
1.2140748500823975, 66907.0
1.2198500633239746, 67225.0
1.221790075302124, 67282.0
1.2237858772277832, 68094.0
1.3581788539886475, 68735.0
1.6357319355010986, 68931.0
1.7393159866333008, 69442.0
1.7412948608398438, 69555.0
2.063532829284668, 69829.0
2.0730459690093994, 70620.0
2.1624679565429688, 71111.0
2.1644129753112793, 71485.0
2.1701419353485107, 71767.0
2.2050578594207764, 72556.0
2.207082986831665, 73501.0
2.2130870819091797, 74155.0
2.2151639461517334, 75030.0
2.2399239540100098, 75735.0
2.3063719272613525, 75988.0
2.5226669311523438, 76068.0
3.4635567665100098, 76345.0
3.47112774848938, 77244.0
3.529536008834839, 78115.0
3.5333456993103027, 78619.0
3.557922840118408, 78670.0
3.6637368202209473, 78831.0
3.7694509029388428, 79548.0
3.8262548446655273, 80462.0
3.9924538135528564, 80693.0
4.09998893737793, 80900.0
4.1453399658203125, 81172.0
4.256135940551758, 82019.0
4.309045076370239, 82165.0
4.320696830749512, 82335.0
4.34415078163147, 82865.0
4.425328969955444, 83132.0
4.472959995269775, 83183.0
4.510325908660889, 83234.0
4.890621900558472, 83314.0
4.898191928863525, 84181.0
4.90011191368103, 84597.0
4.930327892303467, 85094.0
5.045414924621582, 85116.0
5.176913022994995, 85700.0
5.210858106613159, 86558.0
5.784569978713989, 86945.0
5.788623809814453, 87625.0
5.792733907699585, 88102.0
5.802703857421875, 88588.0
5.808746099472046, 88985.0
5.810701847076416, 89795.0
5.814611911773682, 90314.0
5.824289083480835, 90923.0
5.855169773101807, 91004.0
5.866750955581665, 91439.0
6.06071400642395, 91547.0
6.064630031585693, 92144.0
6.088000059127808, 92318.0
6.270192861557007, 92359.0
6.354964971542358, 92364.0
6.665632009506226, 92561.0
6.860544681549072, 92566.0
6.890763759613037, 92602.0
6.913426876068115, 92771.0
7.045496940612793, 92829.0
7.096412897109985, 93599.0
7.1454548835754395, 94467.0
7.189163684844971, 94976.0
7.230790853500366, 95738.0
7.368535757064819, 95994.0
7.542137861251831, 96642.0
8.145778894424438, 97023.0
8.926081895828247, 97112.0
8.937352895736694, 97893.0
8.952330112457275, 98567.0
9.090498924255371, 98836.0
9.139092922210693, 99437.0
9.204716920852661, 100227.0
9.253324747085571, 100565.0
9.270184993743896, 101218.0
9.27768874168396, 101859.0
9.281474828720093, 101982.0
9.292725086212158, 102310.0
9.328301906585693, 102451.0
9.361960887908936, 102535.0
9.375074863433838, 103184.0
9.46290898323059, 103240.0
9.509653091430664, 103867.0
9.558366060256958, 104165.0
9.655770778656006, 105090.0
10.06694483757019, 105361.0
10.07820987701416, 106171.0
10.08757996559143, 106499.0
10.098832845687866, 107120.0
10.100736856460571, 107584.0
10.127015829086304, 108130.0
10.168344736099243, 109055.0
10.289489984512329, 109274.0
10.353818893432617, 109863.0
10.514434814453125, 110491.0
10.782551765441895, 110907.0
10.936965942382812, 111428.0
11.171396970748901, 111501.0
11.335724830627441, 111898.0
11.418324947357178, 112092.0
11.462528705596924, 112941.0
11.470254898071289, 113133.0
11.483638763427734, 114103.0
11.497169971466064, 114617.0
11.50101900100708, 114645.0
11.554053783416748, 114791.0
11.559783935546875, 115694.0
11.56170392036438, 116599.0
11.574944972991943, 116805.0
11.616467952728271, 117126.0
11.756469964981079, 117355.0
11.765942096710205, 117660.0
12.009495735168457, 117844.0
12.049121141433716, 118368.0
12.052923917770386, 119307.0
12.204088926315308, 120054.0
12.207888841629028, 120434.0
12.243765115737915, 120916.0
12.320986986160278, 121092.0
12.324788093566895, 122006.0
12.341785907745361, 122077.0
12.34558892250061, 123003.0
12.353184938430786, 123005.0
12.648550987243652, 123396.0
12.659992933273315, 123614.0
12.72630500793457, 123726.0
12.7338707447052, 124462.0
12.737676858901978, 124935.0
12.752765893936157, 124956.0
12.76601505279541, 125194.0
12.854682922363281, 125848.0
12.922646045684814, 126305.0
13.020595073699951, 126368.0
13.030056953430176, 126429.0
13.045162916183472, 127264.0
13.048967838287354, 127269.0
13.060328960418701, 127694.0
13.067906856536865, 128520.0
13.07926082611084, 129015.0
13.084938049316406, 129210.0
13.105748891830444, 129817.0
13.30765700340271, 130013.0
13.320870876312256, 130250.0
13.322788953781128, 131169.0
13.330359935760498, 131859.0
13.379334926605225, 131906.0
13.394432067871094, 132592.0
13.40388798713684, 133161.0
13.477381944656372, 133987.0
13.479305028915405, 134031.0
13.492521047592163, 134731.0
13.582939863204956, 135024.0
13.596142768859863, 135749.0
13.6055908203125, 136605.0
13.607517957687378, 137403.0
13.613224029541016, 137810.0
13.653005838394165, 138131.0
13.697119951248169, 138311.0
13.765028953552246, 139070.0
13.770713806152344, 139824.0
13.778297901153564, 140045.0
13.836774826049805, 140382.0
13.872582912445068, 141255.0
13.880139112472534, 141584.0
14.027130842208862, 142209.0
14.130807876586914, 142636.0
14.13649582862854, 142914.0
14.13841700553894, 143460.0
14.140331029891968, 144062.0
14.146020889282227, 144397.0
14.153743982315063, 145295.0
14.165110111236572, 145467.0
14.174607992172241, 145838.0
14.18971300125122, 146783.0
14.234959840774536, 146844.0
14.51702880859375, 147061.0
14.650856018066406, 147439.0
14.752914905548096, 148017.0
14.781259775161743, 148213.0
14.96035885810852, 148654.0
15.037570714950562, 148683.0
15.220194816589355, 149532.0
15.276651859283447, 149826.0
15.35007381439209, 150076.0
15.365189790725708, 150080.0
15.589156866073608, 150132.0
15.740165948867798, 150331.0
15.743965864181519, 150890.0
15.843646049499512, 151454.0
15.853086948394775, 151544.0
15.866273880004883, 151837.0
15.86819577217102, 152325.0
15.894574880599976, 152815.0
15.937776803970337, 152958.0
15.96220088005066, 153258.0
15.996041059494019, 153925.0
15.997954845428467, 153950.0
16.011128902435303, 154463.0
16.016793966293335, 155406.0
16.06397294998169, 155459.0
16.144879817962646, 155968.0
16.186479806900024, 156132.0
16.218479871749878, 156720.0
16.316267013549805, 157283.0
16.361413955688477, 157449.0
16.397165775299072, 157499.0
16.651509046554565, 157515.0
16.694865942001343, 157908.0
16.735715866088867, 158597.0
16.86187195777893, 159386.0
16.98025894165039, 159703.0
17.83880877494812, 159912.0
17.842678785324097, 160102.0
17.931068897247314, 160822.0
18.023321866989136, 161318.0
18.111779928207397, 161586.0
18.54689383506775, 161636.0
18.58067488670349, 161830.0
18.595741987228394, 162125.0
18.69491696357727, 162545.0
18.73210597038269, 162786.0
18.78940987586975, 163281.0
18.836973905563354, 163315.0
18.842512845993042, 164083.0
19.09883975982666, 164528.0
19.410444736480713, 164647.0
19.82638907432556, 164857.0
19.841077089309692, 165491.0
19.967283010482788, 166178.0
20.00934410095215, 166375.0
20.11186194419861, 166451.0
20.12652587890625, 167221.0
20.155797004699707, 167369.0
20.183499097824097, 167891.0
20.205468893051147, 168859.0
20.461493968963623, 169461.0
20.49626874923706, 170029.0
20.550784826278687, 170167.0
20.63871693611145, 170614.0
20.673789024353027, 171040.0
20.70131778717041, 171752.0
20.703176021575928, 172386.0
20.7361478805542, 173001.0
20.882569074630737, 173280.0
20.884434938430786, 173624.0
20.889955759048462, 174198.0
21.728865146636963, 174275.0
21.943114042282104, 174976.0
22.004786014556885, 175711.0
22.033857822418213, 176203.0
22.035701990127563, 176940.0
22.055722951889038, 177447.0
22.06664204597473, 177985.0
22.246295928955078, 178544.0
22.253585815429688, 178685.0
22.311595678329468, 178831.0
24.074017763137817, 179026.0
24.449214935302734, 179577.0
24.46672797203064, 180465.0
24.51336669921875, 180731.0
24.52311396598816, 180899.0
24.544502019882202, 181437.0
24.552309036254883, 181826.0
24.577579021453857, 182077.0
24.627383708953857, 183038.0
24.71321201324463, 183269.0
24.71519899368286, 184060.0
24.74051785469055, 184117.0
24.75027585029602, 185035.0
24.763900995254517, 185652.0
24.787243127822876, 186226.0
24.90370488166809, 186364.0
24.981188774108887, 186898.0
24.98705291748047, 187760.0
25.031787872314453, 188750.0
25.14988088607788, 189459.0
25.15963387489319, 190151.0
25.177238702774048, 190198.0
25.26243782043457, 190226.0
25.268301725387573, 190813.0
25.30507802963257, 191373.0
25.31092095375061, 192361.0
25.326430082321167, 192882.0
25.47928786277771, 193795.0
25.533496856689453, 194093.0
25.684725046157837, 194266.0
26.160576105117798, 194666.0
26.166399002075195, 195470.0
26.187479734420776, 195914.0
26.198955059051514, 196096.0
26.286820888519287, 196264.0
26.359396934509277, 196725.0
26.799339771270752, 197155.0
27.221363067626953, 197458.0
27.524545907974243, 197797.0
27.534108877182007, 197947.0
27.53985905647278, 198176.0
27.551321983337402, 198936.0
27.558993816375732, 199345.0
27.805230855941772, 199814.0
27.82623600959778, 199929.0
27.828174829483032, 200149.0
27.83012104034424, 200609.0
27.88540482521057, 200627.0
27.8892560005188, 200960.0
27.965455770492554, 201302.0
31.296080827713013, 202039.0
32.48413395881653, 202278.0
32.52409386634827, 202789.0
32.52793502807617, 202954.0
32.53936696052551, 203769.0
32.590709924697876, 204226.0
32.83801507949829, 204515.0
33.08539605140686, 205339.0
33.102555990219116, 206300.0
33.11781406402588, 206404.0
35.625256061553955, 206460.0
36.32547211647034, 206666.0
36.373806953430176, 206892.0
36.49164867401123, 207042.0
36.56314778327942, 207121.0
36.58246397972107, 207697.0
36.59789490699768, 208476.0
36.64213299751282, 209438.0
36.80205488204956, 209565.0
36.84044790267944, 209735.0
36.8898549079895, 210553.0
36.90171694755554, 211285.0
36.966606855392456, 211913.0
36.97057890892029, 212419.0
37.38796281814575, 212751.0
37.39389705657959, 213413.0
37.409642934799194, 213703.0
37.480371952056885, 214319.0
37.54904294013977, 214557.0
37.568684816360474, 215495.0
37.592270851135254, 215907.0
37.5962278842926, 216532.0
37.63749289512634, 216663.0
37.68298888206482, 217227.0
37.76754903793335, 217233.0
38.61865592002869, 217280.0
38.64951491355896, 217316.0
38.703683853149414, 218212.0
38.74041771888733, 218466.0
38.753957986831665, 218500.0
38.788678884506226, 219163.0
38.922122955322266, 219382.0
39.069659948349, 219785.0
39.09105587005615, 220595.0
39.19200086593628, 221013.0
39.195897817611694, 221931.0
39.72810506820679, 222271.0
39.79110407829285, 222660.0
40.19176197052002, 223307.0
40.231788873672485, 223359.0
40.32132697105408, 223846.0
40.43339490890503, 224209.0
40.44103407859802, 225193.0
40.44297385215759, 225735.0
40.45253300666809, 225785.0
40.930696964263916, 225857.0
40.947444915771484, 225888.0
42.15417790412903, 226043.0
42.19522213935852, 226503.0
42.19711995124817, 226570.0
42.204569816589355, 227043.0
42.293731927871704, 227929.0
43.407150745391846, 228234.0
43.48242688179016, 228459.0
43.56738996505737, 228782.0
43.57899880409241, 228940.0
44.26132106781006, 229254.0
44.26715302467346, 230009.0
44.346343994140625, 230743.0
44.56362199783325, 230930.0
44.57517695426941, 231451.0
44.93165183067322, 231518.0
45.05545711517334, 231909.0
45.08181571960449, 232084.0
45.41127681732178, 232377.0
45.41695189476013, 233316.0
45.51466083526611, 233477.0
45.537253856658936, 234388.0
45.53917193412781, 234979.0
45.58051800727844, 235464.0
47.25272488594055, 235888.0
47.26645588874817, 236501.0
47.29201292991638, 237064.0
47.7572717666626, 237168.0
47.76706385612488, 237812.0
47.82167410850525, 238365.0
47.89381003379822, 238618.0
47.94843888282776, 239302.0
48.018616914749146, 239459.0
48.07905292510986, 239693.0
48.23708486557007, 239889.0
48.981266021728516, 240226.0
49.52826189994812, 240631.0
49.53803873062134, 241472.0
49.567378997802734, 242079.0
50.46137595176697, 242173.0
52.04558086395264, 242254.0
52.047502756118774, 242463.0
52.16671085357666, 242752.0
52.50452470779419, 242800.0
52.5083327293396, 243520.0
52.52162003517151, 244285.0
52.58957386016846, 244696.0
52.70497679710388, 245042.0
52.7144410610199, 245180.0
52.888412952423096, 245725.0
52.899789810180664, 246432.0
53.039716958999634, 246461.0
53.06247091293335, 246800.0
53.1756911277771, 247162.0
53.313724994659424, 247505.0
53.48542809486389, 248091.0
56.43126392364502, 248441.0
56.63036894798279, 248830.0
56.71098494529724, 249264.0
56.71675181388855, 249984.0
57.04928994178772, 250170.0
57.066521883010864, 250416.0
57.2287540435791, 251091.0
57.26893091201782, 251463.0
58.9017128944397, 251593.0
58.972487926483154, 252285.0
59.00688290596008, 252323.0
59.15964698791504, 252615.0
59.211358070373535, 252986.0
59.244592905044556, 253091.0
59.26819205284119, 253659.0
59.40674591064453, 253905.0
59.4087438583374, 254750.0
59.60280203819275, 255052.0
59.65198802947998, 255864.0
59.656067848205566, 256598.0
59.9637348651886, 257173.0
60.033671855926514, 257672.0
60.12436389923096, 257824.0
60.170697927474976, 257882.0
60.251553773880005, 257935.0
60.28428602218628, 258046.0
60.28816795349121, 258920.0
60.29205083847046, 259631.0
60.30937385559082, 260320.0
61.65361189842224, 260487.0
61.669214963912964, 261190.0
61.68273377418518, 261478.0
61.68852210044861, 261530.0
62.172621726989746, 261694.0
62.32576274871826, 261998.0
62.348737716674805, 262264.0
62.392812728881836, 262797.0
62.40050196647644, 263351.0
62.41584396362305, 263746.0
62.551676988601685, 263934.0
62.80641007423401, 264116.0
62.9941189289093, 264545.0
63.74812078475952, 264594.0
63.813217878341675, 264983.0
63.97403693199158, 265239.0
64.06402373313904, 265709.0
64.0697979927063, 266392.0
64.19639587402344, 266458.0
64.23282885551453, 266511.0
64.48986506462097, 267313.0
64.5225088596344, 267665.0
64.57805895805359, 268150.0
64.97540879249573, 268360.0
65.38649988174438, 269021.0
65.43176102638245, 269226.0
65.47888493537903, 269982.0
65.70777678489685, 270187.0
66.04271602630615, 270215.0
66.05253291130066, 270874.0
66.13276791572571, 271286.0
66.28546476364136, 271627.0
66.31879782676697, 272038.0
66.35991978645325, 272199.0
66.58791303634644, 272473.0
66.7318549156189, 272936.0
66.75108098983765, 273288.0
66.75305199623108, 273966.0
66.93148970603943, 274137.0
66.94492292404175, 274622.0
66.97757601737976, 275249.0
67.73831987380981, 275337.0
67.97442102432251, 275406.0
68.00762701034546, 275991.0
68.16935992240906, 276438.0
68.30783176422119, 276566.0
68.51715683937073, 276950.0
68.66264200210571, 277081.0
68.66842985153198, 277715.0
68.72780179977417, 277798.0
68.76802587509155, 277938.0
68.81781673431396, 278428.0
68.88493275642395, 278842.0
69.07407188415527, 279110.0
69.20856595039368, 279111.0
69.22567987442017, 279277.0
69.57035279273987, 279320.0
69.5837299823761, 279829.0
69.6217360496521, 280116.0
69.62936687469482, 280598.0
69.63888692855835, 281330.0
69.78118395805359, 281831.0
69.79069805145264, 282473.0
69.79451990127563, 282535.0
72.01773190498352, 282549.0
72.12301087379456, 282717.0
72.15420198440552, 283363.0
72.1659688949585, 284159.0
72.33932185173035, 284906.0
72.39381790161133, 285004.0
72.4463939666748, 285444.0
72.50870394706726, 285563.0
72.60397982597351, 285753.0
72.60986971855164, 286127.0
72.61966896057129, 286857.0
72.63137793540955, 287767.0
72.66061091423035, 288185.0
73.819571018219, 288326.0
73.96579885482788, 288861.0
73.98145484924316, 288880.0
74.01661586761475, 288890.0
74.02053880691528, 289110.0
74.08686590194702, 289491.0
74.13949298858643, 290099.0
74.27827477455139, 290207.0
74.289883852005, 290444.0
74.29956483840942, 290836.0
74.3361988067627, 291214.0
74.38442707061768, 291259.0
74.39215588569641, 291285.0
74.41912198066711, 291557.0
74.46924495697021, 292009.0
74.47504377365112, 292786.0
74.5020580291748, 293244.0
74.55409693717957, 293739.0
74.63507199287415, 294299.0
74.69105005264282, 294520.0
75.07007598876953, 294882.0
75.19072484970093, 294987.0
75.61098194122314, 295153.0
75.77242183685303, 295690.0
75.79757809638977, 295980.0
75.84604978561401, 296242.0
75.87899494171143, 296985.0
75.88096785545349, 297419.0
75.88682389259338, 298325.0
75.97392702102661, 298625.0
76.00299096107483, 299096.0
76.70404386520386, 299097.0
76.73497891426086, 300017.0
76.8817811012268, 300149.0
76.92812180519104, 300306.0
76.99377393722534, 301030.0
77.05365490913391, 301306.0
77.26796197891235, 301525.0
77.85297894477844, 302114.0
78.06958293914795, 302265.0
78.15324592590332, 302279.0
78.22473406791687, 302670.0
78.51765775680542, 303108.0
78.60734295845032, 303330.0
78.60928392410278, 303554.0
78.69710087776184, 303932.0
78.76387691497803, 304646.0
78.80206394195557, 305106.0
78.83838701248169, 305801.0
78.84797072410583, 306402.0
79.64667177200317, 306657.0
79.64863181114197, 306908.0
79.70394778251648, 307330.0
79.80693292617798, 307775.0
79.85652995109558, 308549.0
79.95951795578003, 309329.0
79.98435592651367, 309659.0
80.10439491271973, 310500.0
80.16731095314026, 310712.0
80.1787977218628, 311343.0
80.18075704574585, 312024.0
80.19032096862793, 312421.0
81.28898096084595, 312812.0
81.98897886276245, 313350.0
82.17569589614868, 313689.0
82.24619698524475, 314067.0
82.2691080570221, 314413.0
82.43104481697083, 314559.0
82.46727204322815, 315169.0
82.86735796928406, 315174.0
83.08083891868591, 315300.0
83.28092503547668, 315379.0
83.32669186592102, 315890.0
83.45429301261902, 315947.0
83.58575582504272, 316122.0
84.84767007827759, 316580.0
84.94752597808838, 316687.0
85.0140438079834, 317670.0
85.30809688568115, 317971.0
85.55706977844238, 318064.0
85.64296293258667, 318193.0
85.83027577400208, 318535.0
85.90013790130615, 319423.0
85.9564528465271, 319499.0
85.96039581298828, 319533.0
85.97012591362, 320079.0
86.01478981971741, 320182.0
86.06521773338318, 320378.0
86.09820914268494, 320620.0
86.50276684761047, 320650.0
86.68289184570312, 320847.0
86.85914993286133, 321268.0
86.87081980705261, 321986.0
88.15294694900513, 322040.0
88.24191904067993, 322225.0
88.29810786247253, 322936.0
88.31363892555237, 323587.0
88.6099259853363, 324393.0
88.89645075798035, 325071.0
89.01067280769348, 326049.0
89.0900719165802, 326305.0
89.26433897018433, 326786.0
89.44244480133057, 327439.0
90.4220860004425, 327600.0
90.47251892089844, 327691.0
90.51318573951721, 327734.0
90.53649091720581, 327958.0
90.53845691680908, 328494.0
90.85040783882141, 329056.0
90.91036081314087, 329562.0
91.07675814628601, 330299.0
91.24507284164429, 330455.0
91.27029490470886, 330460.0
91.31287670135498, 330533.0
91.85984086990356, 330681.0
91.88314199447632, 330874.0
91.88700699806213, 331044.0
92.93212699890137, 331120.0
93.13372087478638, 331651.0
93.17249584197998, 331738.0
93.37906002998352, 332289.0
93.71638083457947, 332297.0
93.75698494911194, 332723.0
94.16165685653687, 333277.0
94.25063490867615, 334196.0
94.81913590431213, 334416.0
95.09920072555542, 334653.0
95.70965886116028, 334855.0
95.75830888748169, 334959.0
95.96662306785583, 335480.0
96.16097283363342, 335970.0
96.88530206680298, 336404.0
97.34636282920837, 336630.0
97.37520170211792, 337591.0
97.64540982246399, 338213.0
98.21110892295837, 338565.0
98.41564178466797, 339289.0
98.79844093322754, 339553.0
99.2172417640686, 340439.0
99.22303175926208, 341023.0
99.63437604904175, 341499.0
99.72246289253235, 341647.0
100.86667490005493, 341881.0
101.1747977733612, 342078.0
101.36351799964905, 342293.0
103.09076595306396, 342422.0
103.10784387588501, 342834.0
103.97218108177185, 342918.0
104.34799790382385, 343379.0
104.54075288772583, 343444.0
104.58040189743042, 343639.0
105.18911290168762, 344217.0
105.45179605484009, 344240.0
105.57293891906738, 344466.0
105.69784688949585, 344698.0
105.70736384391785, 345133.0
105.77371096611023, 345788.0
106.3707537651062, 346713.0
106.68692779541016, 347066.0
106.70409083366394, 347497.0
106.7420449256897, 348005.0
107.14906406402588, 348553.0
107.15855479240417, 348752.0
107.637051820755, 348808.0
107.80930685997009, 349339.0
107.83772087097168, 349398.0
108.09152173995972, 349779.0
109.24036192893982, 349937.0
109.39158582687378, 350040.0
109.48262190818787, 350168.0
109.63000202178955, 351039.0
110.6034460067749, 351307.0
110.68642687797546, 351808.0
111.01877403259277, 351811.0
112.05757808685303, 352029.0
114.00944900512695, 352542.0
114.10770106315613, 353180.0
114.11159086227417, 353234.0
114.11934804916382, 354091.0
114.12709188461304, 355085.0
114.1348488330841, 355538.0
114.28247880935669, 355882.0
114.52907395362854, 355978.0
115.02675580978394, 356570.0
115.08824872970581, 356988.0
115.36521887779236, 356991.0
115.51711797714233, 357349.0
115.80349397659302, 357989.0
115.85350394248962, 358118.0
116.72037196159363, 358385.0
117.19524478912354, 358523.0
117.30287909507751, 358912.0
117.38357591629028, 359235.0
117.40090608596802, 360210.0
121.13497996330261, 360829.0
123.04951977729797, 360880.0
124.19003796577454, 361505.0
127.08713889122009, 361508.0
127.19755291938782, 361793.0
128.01720690727234, 361910.0
130.40748500823975, 362554.0
130.4170069694519, 362947.0
130.62130093574524, 363515.0
130.6881070137024, 364445.0
131.7462658882141, 364615.0
150.35905599594116, 365001.0
150.58031797409058, 365183.0
150.65138578414917, 365304.0
150.7225878238678, 365542.0
153.61728692054749, 366500.0
164.37067484855652, 366897.0
