0.00098419189453125, 999.0
0.001955747604370117, 1471.0
0.0029268264770507812, 1752.0
0.0039370059967041016, 1858.0
0.005026102066040039, 2484.0
0.006147861480712891, 3309.0
0.00712895393371582, 4036.0
0.00810384750366211, 4899.0
0.009083986282348633, 5559.0
0.010063886642456055, 6311.0
0.011081933975219727, 6338.0
0.012077093124389648, 7191.0
0.01305699348449707, 8071.0
0.014035940170288086, 8406.0
0.015012979507446289, 8667.0
0.015990018844604492, 8812.0
0.016972064971923828, 9566.0
0.01797795295715332, 10361.0
0.018954038619995117, 10614.0
0.019955873489379883, 11038.0
0.020951032638549805, 11552.0
0.021932125091552734, 12411.0
0.02291107177734375, 13103.0
0.023901939392089844, 13553.0
0.02489185333251953, 13899.0
0.025877952575683594, 14654.0
0.026855945587158203, 15642.0
0.027835845947265625, 16474.0
0.02881479263305664, 16511.0
0.02979302406311035, 17222.0
0.03079390525817871, 17239.0
0.03177499771118164, 17695.0
0.032753944396972656, 18007.0
0.03373599052429199, 18858.0
0.03471803665161133, 19634.0
0.035700082778930664, 19926.0
0.03667902946472168, 20608.0
0.03765988349914551, 20820.0
0.03863978385925293, 21706.0
0.039618730545043945, 22188.0
0.04060006141662598, 22562.0
0.04158186912536621, 23514.0
0.04257392883300781, 24303.0
0.04355311393737793, 24834.0
0.0445399284362793, 25831.0
0.04552292823791504, 26254.0
0.046501874923706055, 26821.0
0.047482967376708984, 26977.0
0.04846501350402832, 27930.0
0.04944205284118652, 28804.0
0.05234193801879883, 28870.0
0.06484794616699219, 29153.0
0.11210989952087402, 29281.0
0.1269991397857666, 30072.0
0.335906982421875, 30123.0
0.5617830753326416, 30600.0
0.5706450939178467, 31117.0
0.5971159934997559, 31487.0
0.6168279647827148, 31686.0
0.6279177665710449, 32306.0
0.6482079029083252, 32408.0
0.7107689380645752, 32629.0
0.7375149726867676, 33212.0
0.7641217708587646, 33215.0
0.795490026473999, 33886.0
0.7964859008789062, 34139.0
0.798447847366333, 35125.0
0.8072500228881836, 35400.0
0.8501849174499512, 36112.0
1.1053121089935303, 36308.0
1.1072490215301514, 36791.0
1.1400339603424072, 37086.0
1.1429898738861084, 37354.0
1.1564419269561768, 38273.0
1.1661467552185059, 38827.0
1.2490770816802979, 39100.0
1.2578160762786865, 39870.0
1.273310899734497, 40081.0
1.331299066543579, 40617.0
1.3554189205169678, 41291.0
1.4461150169372559, 41649.0
1.535740852355957, 41659.0
1.536712884902954, 42544.0
1.6744859218597412, 43481.0
1.6964831352233887, 43796.0
1.7080678939819336, 43919.0
1.726254940032959, 43946.0
1.8079309463500977, 44128.0
1.864760160446167, 44143.0
1.8831470012664795, 45095.0
1.9744009971618652, 45889.0
1.987813949584961, 46685.0
2.075985908508301, 47268.0
2.0817410945892334, 47382.0
2.0827178955078125, 48058.0
2.0837209224700928, 48750.0
2.0933361053466797, 48803.0
2.1306650638580322, 49021.0
2.185218095779419, 49057.0
2.1909680366516113, 49113.0
2.2101268768310547, 49471.0
2.350745916366577, 49689.0
2.4185380935668945, 50148.0
2.4195101261138916, 50537.0
2.7414557933807373, 50540.0
2.7462449073791504, 50663.0
2.796877145767212, 51353.0
2.891576051712036, 51715.0
2.932644844055176, 51987.0
2.9992899894714355, 52140.0
3.0520830154418945, 52552.0
3.0559380054473877, 53069.0
3.0626697540283203, 53371.0
3.0781807899475098, 53739.0
3.08298397064209, 54197.0
3.089761972427368, 54779.0
3.0994338989257812, 54934.0
3.294419050216675, 55065.0
3.6771228313446045, 55199.0
3.686182975769043, 55723.0
3.694133996963501, 55897.0
3.695129871368408, 56023.0
3.700162887573242, 56205.0
3.7600138187408447, 56503.0
3.8118112087249756, 56908.0
3.812802791595459, 56917.0
3.824552059173584, 56952.0
3.962283134460449, 57084.0
3.9864189624786377, 57899.0
4.060373067855835, 58094.0
4.069983959197998, 58744.0
4.364743947982788, 58995.0
4.38860297203064, 59909.0
4.391564130783081, 60289.0
4.426917791366577, 60473.0
4.430869102478027, 61232.0
4.433830976486206, 61305.0
4.435813903808594, 62145.0
4.46242094039917, 62912.0
4.506809949874878, 63276.0
4.548137903213501, 63962.0
4.555026054382324, 64076.0
4.556034088134766, 64804.0
4.572793960571289, 64886.0
4.590667009353638, 64920.0
4.662312984466553, 65318.0
4.716437101364136, 65969.0
4.769903898239136, 66523.0
4.794467210769653, 66663.0
4.807296991348267, 67116.0
4.823997974395752, 67671.0
4.947707891464233, 67846.0
4.95065712928772, 68079.0
4.956552028656006, 68359.0
4.95957088470459, 69279.0
4.964718818664551, 69492.0
5.05004096031189, 69585.0
5.071180105209351, 69948.0
5.078327178955078, 70948.0
5.149724960327148, 71700.0
5.184998989105225, 72197.0
5.191102981567383, 72780.0
5.237257957458496, 73401.0
5.262354850769043, 73858.0
5.277431011199951, 74402.0
5.286480903625488, 75065.0
5.460836887359619, 75215.0
5.473965883255005, 75999.0
5.533101797103882, 76679.0
5.5341010093688965, 76900.0
5.686551094055176, 77653.0
6.047361135482788, 77894.0
6.0809478759765625, 77931.0
6.205627918243408, 78665.0
6.210563898086548, 79042.0
6.2115678787231445, 79559.0
6.219434022903442, 79940.0
6.254765033721924, 80667.0
6.500930070877075, 81046.0
6.871139764785767, 81191.0
6.945804119110107, 81713.0
7.0873939990997314, 82375.0
7.0935609340667725, 83187.0
7.232300043106079, 83210.0
7.328782796859741, 83325.0
7.346902132034302, 83446.0
7.350933074951172, 83624.0
7.351985931396484, 84188.0
7.385202884674072, 84715.0
7.386214971542358, 85614.0
7.414392948150635, 86308.0
7.444746017456055, 87235.0
7.461400747299194, 87270.0
7.694568872451782, 87648.0
7.7433180809021, 88192.0
7.763589859008789, 88741.0
7.788644790649414, 89037.0
7.905238151550293, 89253.0
7.921668767929077, 89708.0
7.9264960289001465, 90059.0
7.982469797134399, 90680.0
8.016268014907837, 90860.0
8.022057056427002, 91746.0
8.04326605796814, 92432.0
8.046184062957764, 92435.0
8.06356692314148, 93192.0
8.065508842468262, 93817.0
8.113069772720337, 93847.0
8.12369680404663, 94523.0
8.140177965164185, 94632.0
8.141164064407349, 94640.0
8.14311408996582, 95138.0
8.144094944000244, 95162.0
8.232722997665405, 95349.0
8.238533973693848, 95998.0
8.465955018997192, 96491.0
8.471779108047485, 96531.0
8.474680185317993, 97390.0
8.49013090133667, 98351.0
10.389793157577515, 98400.0
10.399390935897827, 98730.0
10.416682958602905, 99269.0
10.820478916168213, 99358.0
10.832941770553589, 99583.0
10.842520952224731, 100480.0
10.848289966583252, 101188.0
10.889489889144897, 101609.0
10.907634019851685, 102430.0
10.923891067504883, 102553.0
10.925814151763916, 103097.0
10.926789999008179, 103592.0
10.99619197845459, 103800.0
11.004796028137207, 104093.0
11.005765914916992, 105012.0
11.324140071868896, 105516.0
11.360338926315308, 105619.0
11.365122079849243, 105874.0
11.368002891540527, 106128.0
11.760118961334229, 106680.0
12.34106707572937, 106820.0
12.349868059158325, 107344.0
12.366496086120605, 107901.0
12.368468046188354, 108693.0
12.955482959747314, 108735.0
12.957456827163696, 109397.0
12.961374044418335, 109896.0
12.977988958358765, 110439.0
13.291015863418579, 111375.0
13.303515911102295, 111658.0
13.358304977416992, 112163.0
13.384275913238525, 112768.0
13.450584173202515, 113416.0
13.582252025604248, 113960.0
13.58614706993103, 114872.0
13.612112998962402, 115202.0
13.63615107536316, 115397.0
13.742693901062012, 115427.0
13.753299951553345, 116045.0
13.781164169311523, 116649.0
13.786011934280396, 117343.0
13.826366901397705, 117784.0
13.836935997009277, 118754.0
13.852312803268433, 119548.0
13.888856172561646, 119808.0
14.08023190498352, 119916.0
14.169656753540039, 120053.0
14.33786392211914, 120112.0
14.609854936599731, 120828.0
14.637744903564453, 120923.0
14.677186012268066, 121813.0
14.69448184967041, 122657.0
14.695458173751831, 123189.0
14.696439027786255, 123399.0
14.713716983795166, 123955.0
14.82995891571045, 124119.0
14.943298101425171, 124352.0
14.952960968017578, 124577.0
14.974117994308472, 125180.0
15.080020904541016, 125294.0
15.282181978225708, 125518.0
15.365912199020386, 125947.0
15.415485858917236, 126156.0
19.742168188095093, 126196.0
20.563162803649902, 126887.0
20.997941970825195, 127285.0
21.168503999710083, 127435.0
21.196882009506226, 127513.0
21.20161199569702, 128225.0
21.222445011138916, 128341.0
21.25273895263672, 128528.0
21.25748896598816, 128556.0
21.27169895172119, 128754.0
21.274653911590576, 129717.0
21.27659797668457, 130105.0
21.279502868652344, 130207.0
21.281513929367065, 130402.0
21.287678003311157, 130493.0
21.39202904701233, 131169.0
21.48237180709839, 131264.0
21.94754695892334, 131515.0
21.959882974624634, 131992.0
22.030061960220337, 132173.0
22.0462007522583, 132742.0
22.910689115524292, 132999.0
22.950501918792725, 133204.0
22.98558282852173, 133208.0
23.027369022369385, 133760.0
23.5276198387146, 133891.0
23.580421924591064, 134248.0
23.59635591506958, 134938.0
23.60034203529358, 134989.0
23.68276309967041, 135759.0
24.454017162322998, 135883.0
24.455024003982544, 136559.0
24.670073986053467, 136845.0
24.86449384689331, 137162.0
24.873255014419556, 137744.0
24.94125485420227, 137912.0
24.95582604408264, 138207.0
25.083309173583984, 138219.0
25.174746990203857, 138542.0
25.25824213027954, 139040.0
25.305855989456177, 139205.0
25.311688899993896, 139762.0
25.93066096305847, 140247.0
25.960049867630005, 140465.0
26.052993059158325, 140838.0
26.05881977081299, 141592.0
26.3110089302063, 141790.0
26.311996936798096, 142498.0
26.344960927963257, 142814.0
26.367277145385742, 143435.0
26.370196104049683, 143560.0
26.37505578994751, 144400.0
28.290444135665894, 144541.0
28.41790008544922, 144542.0
28.47742009162903, 144990.0
28.558820962905884, 145004.0
28.569487810134888, 145592.0
28.820067167282104, 145729.0
28.897431135177612, 145816.0
28.90034794807434, 146456.0
29.319509983062744, 146561.0
29.39106798171997, 146566.0
29.396883964538574, 146832.0
29.397868156433105, 147463.0
29.605144023895264, 147623.0
29.70635199546814, 147701.0
29.915345907211304, 147787.0
29.92329978942871, 148473.0
29.930255889892578, 148878.0
30.082093000411987, 149150.0
31.22788405418396, 149199.0
31.269856929779053, 149657.0
31.33798098564148, 150158.0
31.342849016189575, 150350.0
31.39339804649353, 150499.0
33.54903292655945, 150829.0
36.214000940322876, 150867.0
36.2603600025177, 150967.0
36.272937059402466, 151150.0
36.34346604347229, 151475.0
36.361862897872925, 151766.0
36.41987991333008, 151823.0
36.4469850063324, 151944.0
36.49629497528076, 152731.0
36.52240490913391, 153728.0
36.58925914764404, 154168.0
36.597009897232056, 155026.0
37.113539934158325, 155204.0
37.2052481174469, 155424.0
37.35437893867493, 155595.0
37.36113095283508, 156244.0
37.53792214393616, 156647.0
37.58147096633911, 156709.0
37.58849906921387, 156729.0
37.689399003982544, 156988.0
37.813368797302246, 157081.0
37.822015047073364, 157915.0
37.82298994064331, 158415.0
37.82684898376465, 158928.0
37.89023494720459, 159230.0
37.920047998428345, 159541.0
38.00168800354004, 160205.0
38.053592920303345, 160326.0
38.68029594421387, 160820.0
38.719685792922974, 161297.0
39.20320796966553, 161893.0
39.3017098903656, 162287.0
39.47107696533203, 162925.0
39.515161991119385, 163313.0
39.51709008216858, 163588.0
39.54873609542847, 163642.0
39.5564169883728, 163826.0
39.61320614814758, 164299.0
39.65383982658386, 165158.0
39.675678968429565, 165631.0
39.812230825424194, 165758.0
39.823132038116455, 166363.0
39.828112840652466, 166949.0
39.829118967056274, 167334.0
39.88251709938049, 167919.0
39.89834904670715, 168077.0
39.963621854782104, 168389.0
39.98938989639282, 169181.0
40.07155418395996, 169852.0
40.091590881347656, 170229.0
40.10057997703552, 170599.0
41.67800712585449, 170732.0
41.68287491798401, 171464.0
41.765891790390015, 171854.0
41.79006791114807, 172198.0
42.1550509929657, 172399.0
42.21200704574585, 173073.0
42.826276779174805, 173117.0
42.93143081665039, 173622.0
43.758893728256226, 173977.0
43.7724187374115, 174608.0
43.95828580856323, 175087.0
43.961211919784546, 175998.0
43.96508502960205, 176499.0
44.162912130355835, 176504.0
44.27748990058899, 177253.0
44.28423881530762, 177346.0
44.45099401473999, 178227.0
44.73243999481201, 178813.0
44.76616883277893, 179257.0
44.796988010406494, 179641.0
44.805720806121826, 179971.0
44.85198187828064, 179988.0
45.00993490219116, 180218.0
45.01865601539612, 180512.0
45.038936138153076, 181033.0
45.08050203323364, 181431.0
45.09308195114136, 181655.0
45.13453698158264, 181987.0
45.17219400405884, 182116.0
45.19150185585022, 182959.0
45.268709897994995, 183513.0
45.62312388420105, 183568.0
45.648284912109375, 184340.0
45.76059293746948, 184665.0
45.89128613471985, 185207.0
45.92285180091858, 185867.0
45.945586919784546, 186551.0
46.313974142074585, 187212.0
46.730915784835815, 187223.0
46.98575496673584, 187467.0
47.01983904838562, 187794.0
47.10384202003479, 187923.0
47.16135787963867, 187932.0
47.22956395149231, 188141.0
47.25199007987976, 188539.0
47.348527908325195, 188780.0
47.389408111572266, 188810.0
47.49940896034241, 189193.0
47.50136709213257, 189834.0
47.64965605735779, 189949.0
47.686686992645264, 190170.0
47.77170491218567, 190406.0
47.83070397377014, 190821.0
47.95456886291504, 191195.0
48.003082036972046, 191544.0
48.018946170806885, 192027.0
48.129201889038086, 192197.0
48.21040487289429, 192480.0
48.345805168151855, 193063.0
49.16081380844116, 193250.0
49.23625183105469, 193544.0
49.64094114303589, 193604.0
49.86578893661499, 194270.0
50.58837890625, 194282.0
50.841787815093994, 195159.0
51.39782094955444, 195330.0
51.94666910171509, 195619.0
51.96406412124634, 195624.0
52.559853076934814, 196169.0
52.5685818195343, 196219.0
52.59290814399719, 197141.0
52.61128878593445, 197316.0
52.653881788253784, 197679.0
53.027891874313354, 197786.0
53.069413900375366, 198343.0
53.31726789474487, 198682.0
53.329848766326904, 199133.0
53.43041396141052, 199138.0
53.4449098110199, 199359.0
53.48164105415344, 199577.0
53.816691875457764, 199640.0
54.07119703292847, 199707.0
54.14016795158386, 199926.0
54.327751874923706, 199947.0
54.376099824905396, 200031.0
54.80850791931152, 200208.0
55.48169183731079, 200402.0
55.57609701156616, 200736.0
55.875181913375854, 200910.0
56.2898371219635, 201010.0
56.32448196411133, 201523.0
58.676127910614014, 201957.0
59.05273795127869, 202278.0
60.60849690437317, 202367.0
64.264897108078, 202874.0
64.86514782905579, 202909.0
69.31647491455078, 202939.0
72.97588586807251, 202942.0
85.10621190071106, 202990.0
