0.10137820243835449, 7190.0
0.1767749786376953, 7488.0
0.2532060146331787, 7617.0
0.32911109924316406, 7939.0
0.40535998344421387, 7990.0
0.4816770553588867, 8290.0
0.558264970779419, 8471.0
0.6359031200408936, 8983.0
0.7147421836853027, 9081.0
0.7926769256591797, 9081.0
0.8703579902648926, 9287.0
0.9482278823852539, 9461.0
1.0269670486450195, 9500.0
1.105964183807373, 9948.0
1.1849050521850586, 10225.0
1.2637269496917725, 10355.0
1.3426649570465088, 10473.0
1.4217438697814941, 10473.0
1.5009589195251465, 10561.0
1.5804507732391357, 10778.0
1.6602530479431152, 10778.0
1.7401659488677979, 11316.0
1.820206880569458, 11316.0
1.9002909660339355, 11316.0
1.9803829193115234, 11407.0
2.0608468055725098, 11471.0
2.1414499282836914, 11566.0
2.2221388816833496, 11604.0
2.3031198978424072, 11928.0
2.383929967880249, 11967.0
2.4648380279541016, 12149.0
2.545668840408325, 12149.0
2.6265580654144287, 12149.0
2.7095189094543457, 12378.0
2.79082989692688, 12378.0
2.8721821308135986, 12378.0
2.9540419578552246, 12488.0
3.035828113555908, 12488.0
3.1175360679626465, 12679.0
3.1992290019989014, 12679.0
3.2821500301361084, 12679.0
3.3664209842681885, 12779.0
3.4521329402923584, 12948.0
3.535989999771118, 12948.0
3.6197080612182617, 12948.0
3.7041261196136475, 12948.0
3.7883269786834717, 13080.0
3.8700170516967773, 13080.0
3.952440023422241, 13164.0
4.034791946411133, 13164.0
4.116948127746582, 13164.0
4.19930100440979, 13164.0
4.281609058380127, 13164.0
4.364289999008179, 13172.0
4.446638822555542, 13188.0
4.52946400642395, 13290.0
4.61173677444458, 13326.0
4.694827079772949, 13383.0
4.780738830566406, 13390.0
4.867509126663208, 13482.0
4.952161073684692, 13482.0
5.03653621673584, 13482.0
5.121869802474976, 13482.0
5.206655025482178, 13499.0
5.289858818054199, 13575.0
5.372711896896362, 13588.0
5.455496072769165, 13588.0
5.538439989089966, 13640.0
5.621455907821655, 13640.0
5.70444393157959, 13640.0
5.787698984146118, 13770.0
5.870602130889893, 13770.0
5.953681945800781, 13770.0
6.0372700691223145, 13770.0
6.120944023132324, 13778.0
6.204013824462891, 13887.0
6.286916971206665, 13887.0
6.369915962219238, 13887.0
6.4529008865356445, 13887.0
6.5359110832214355, 13887.0
6.6191160678863525, 13887.0
6.702225923538208, 13887.0
6.786602973937988, 13887.0
6.869788885116577, 13887.0
6.952866792678833, 13890.0
7.036022186279297, 13890.0
7.11934494972229, 13890.0
7.202193975448608, 13988.0
7.285397052764893, 13988.0
7.368551969528198, 13988.0
7.451722145080566, 13988.0
7.534924030303955, 13988.0
7.618038177490234, 13988.0
7.7012059688568115, 13988.0
7.7843568325042725, 13988.0
7.867698907852173, 13988.0
7.9509100914001465, 13988.0
8.034082889556885, 13988.0
8.117396116256714, 13988.0
8.200853109359741, 13988.0
8.284460067749023, 13988.0
8.367995977401733, 14081.0
8.451734066009521, 14081.0
8.535377979278564, 14081.0
8.619128227233887, 14089.0
8.702808856964111, 14089.0
8.787317991256714, 14089.0
8.872555017471313, 14089.0
8.956737995147705, 14089.0
9.040741920471191, 14089.0
9.124758005142212, 14090.0
9.20877194404602, 14090.0
9.292712926864624, 14090.0
9.376813173294067, 14090.0
9.460962772369385, 14090.0
9.545040845870972, 14090.0
9.629122972488403, 14090.0
9.713135004043579, 14090.0
9.797384023666382, 14090.0
9.881529808044434, 14090.0
9.965805768966675, 14090.0
10.049066066741943, 14090.0
10.132328987121582, 14090.0
10.215697050094604, 14090.0
10.299081087112427, 14090.0
10.382559061050415, 14090.0
10.465935945510864, 14090.0
10.549285888671875, 14090.0
10.63261079788208, 14090.0
10.715750932693481, 14090.0
10.799040079116821, 14090.0
10.88404107093811, 14090.0
10.967506885528564, 14090.0
11.051728963851929, 14090.0
11.135212182998657, 14090.0
11.218410968780518, 14090.0
11.30152702331543, 14090.0
11.384858846664429, 14090.0
11.468158960342407, 14090.0
11.55130410194397, 14090.0
11.634596824645996, 14090.0
11.717759132385254, 14090.0
11.800904035568237, 14090.0
11.884101867675781, 14090.0
11.96738600730896, 14090.0
12.050677061080933, 14090.0
12.133944988250732, 14090.0
12.217186212539673, 14090.0
12.300498008728027, 14090.0
12.383677005767822, 14090.0
12.466921091079712, 14090.0
12.549950122833252, 14090.0
12.633136987686157, 14090.0
12.716315031051636, 14090.0
12.799499034881592, 14090.0
12.883999109268188, 14090.0
12.967339992523193, 14090.0
13.0504629611969, 14090.0
13.133778095245361, 14090.0
13.217006921768188, 14090.0
13.300266027450562, 14090.0
13.383455038070679, 14090.0
13.466572999954224, 14090.0
13.549771070480347, 14090.0
13.632886171340942, 14090.0
13.717037200927734, 14090.0
13.80124807357788, 14090.0
13.885401010513306, 14090.0
13.968889951705933, 14090.0
14.052939176559448, 14090.0
14.137089014053345, 14090.0
14.221349000930786, 14090.0
14.305439949035645, 14090.0
14.389709949493408, 14090.0
14.473984003067017, 14090.0
14.558078050613403, 14090.0
14.642348051071167, 14090.0
14.726582050323486, 14090.0
14.81066608428955, 14090.0
14.894901990890503, 14090.0
14.981261968612671, 14090.0
15.070534944534302, 14090.0
15.156028032302856, 14090.0
15.241377115249634, 14090.0
15.326743841171265, 14090.0
15.412015914916992, 14090.0
15.49719500541687, 14090.0
15.58253002166748, 14090.0
15.66775107383728, 14090.0
15.752856969833374, 14090.0
15.838037014007568, 14090.0
15.923131942749023, 14090.0
16.008189916610718, 14090.0
16.093305826187134, 14090.0
16.178343057632446, 14090.0
16.263394117355347, 14090.0
16.3480122089386, 14090.0
16.43258285522461, 14090.0
16.517236948013306, 14090.0
16.6013240814209, 14090.0
16.68637704849243, 14090.0
