4.601478576660156e-05, 682.0
0.00012612342834472656, 1028.0
0.0010929107666015625, 1819.0
0.0035200119018554688, 2474.0
0.003559112548828125, 2532.0
0.003598928451538086, 3256.0
0.004182100296020508, 3805.0
0.012979984283447266, 4152.0
0.013019084930419922, 4305.0
0.013180017471313477, 5031.0
0.018386125564575195, 5105.0
0.02177906036376953, 5234.0
0.02526712417602539, 5563.0
0.029478073120117188, 5571.0
0.03184008598327637, 5977.0
0.0843040943145752, 6001.0
0.089263916015625, 6041.0
0.08930587768554688, 6800.0
0.09023284912109375, 7570.0
0.09122395515441895, 7839.0
0.09620213508605957, 7906.0
0.09636211395263672, 8137.0
0.25730204582214355, 8350.0
0.9553360939025879, 8370.0
0.9564089775085449, 8384.0
1.1165480613708496, 8457.0
1.7630510330200195, 8480.0
1.7658441066741943, 8667.0
1.7693688869476318, 8931.0
1.7719719409942627, 9388.0
1.7768380641937256, 9570.0
1.7894890308380127, 9716.0
2.381787061691284, 10025.0
