0.050971269607543945, 8518.0
0.08872294425964355, 10467.0
0.1268470287322998, 12280.0
0.16480612754821777, 12426.0
0.20292925834655762, 12866.0
0.2411510944366455, 14634.0
0.2792520523071289, 15368.0
0.31745409965515137, 15479.0
0.3575019836425781, 17113.0
0.39822816848754883, 17574.0
0.4393351078033447, 18599.0
0.4802711009979248, 18711.0
0.5210840702056885, 19256.0
0.5612201690673828, 20557.0
0.6025371551513672, 20980.0
0.6437032222747803, 20980.0
0.6848411560058594, 21438.0
0.7252321243286133, 22000.0
0.7670230865478516, 22023.0
0.808725118637085, 22925.0
0.8499760627746582, 22925.0
0.8906309604644775, 23797.0
0.9312152862548828, 24006.0
0.9716260433197021, 24006.0
1.0122501850128174, 24181.0
1.0533270835876465, 25508.0
1.0937049388885498, 25508.0
1.1342012882232666, 25508.0
1.1747479438781738, 25516.0
1.2153081893920898, 25516.0
1.2557830810546875, 25855.0
1.2963590621948242, 26612.0
1.3369700908660889, 26612.0
1.3775670528411865, 26612.0
1.4197719097137451, 26612.0
1.4622101783752441, 26910.0
1.5052969455718994, 26920.0
1.547607183456421, 27416.0
1.5898942947387695, 27475.0
1.6329360008239746, 28073.0
1.6743659973144531, 28073.0
1.716583013534546, 28073.0
1.7597911357879639, 28073.0
1.8033061027526855, 28073.0
1.8466839790344238, 28073.0
1.8890111446380615, 28355.0
1.9304120540618896, 28532.0
1.9746692180633545, 28532.0
2.0186502933502197, 28532.0
2.062124013900757, 28532.0
2.105426073074341, 28532.0
2.1498801708221436, 28532.0
2.1930651664733887, 28532.0
2.2362639904022217, 28649.0
2.2787442207336426, 28649.0
2.320199966430664, 28649.0
2.361453056335449, 28649.0
2.404736042022705, 28677.0
2.446094274520874, 28677.0
2.487276077270508, 28677.0
2.5283870697021484, 28708.0
2.5694761276245117, 28708.0
2.6121411323547363, 28708.0
2.6541922092437744, 28708.0
2.6954081058502197, 28708.0
2.7370331287384033, 28708.0
2.778245210647583, 28834.0
2.8197550773620605, 28834.0
2.8608551025390625, 28834.0
2.901902198791504, 28834.0
2.943129062652588, 28834.0
2.984037160873413, 28834.0
3.0249431133270264, 28834.0
3.0660030841827393, 28834.0
3.1069912910461426, 28834.0
3.148128032684326, 28834.0
3.1902360916137695, 28834.0
3.2323851585388184, 28834.0
3.274339199066162, 28834.0
3.3169381618499756, 28834.0
3.359919309616089, 28834.0
3.4015181064605713, 28834.0
3.4431841373443604, 28834.0
3.4863991737365723, 28834.0
3.5307390689849854, 28834.0
3.5748932361602783, 28834.0
3.6202151775360107, 28834.0
3.675088882446289, 28834.0
3.7171521186828613, 28834.0
3.7586801052093506, 28834.0
3.800063133239746, 28834.0
3.8412652015686035, 28834.0
3.8823611736297607, 28834.0
3.9234602451324463, 28834.0
3.965083122253418, 28834.0
4.006128311157227, 28834.0
4.047184944152832, 28834.0
4.088170051574707, 28834.0
4.130953073501587, 28834.0
4.174113035202026, 28834.0
4.217375993728638, 28834.0
4.260512113571167, 28834.0
4.303429126739502, 28834.0
4.34622597694397, 28834.0
4.38913631439209, 28834.0
4.433678150177002, 28834.0
4.476337909698486, 28834.0
4.519669055938721, 28834.0
4.561970949172974, 28834.0
4.604240894317627, 28834.0
4.646128177642822, 28834.0
4.688174247741699, 28834.0
4.730359077453613, 28834.0
4.773382902145386, 28834.0
4.818345069885254, 28834.0
4.862126111984253, 28834.0
4.906022310256958, 28834.0
4.94930100440979, 28834.0
4.992785930633545, 28834.0
5.034773111343384, 28834.0
5.076105117797852, 28834.0
5.117114305496216, 28834.0
5.158332109451294, 28834.0
5.1991870403289795, 28834.0
5.240041971206665, 28834.0
5.281182050704956, 28834.0
5.321962118148804, 28834.0
5.362776041030884, 28834.0
5.403566122055054, 28834.0
5.4446611404418945, 28834.0
5.485590219497681, 28834.0
5.526449918746948, 28834.0
5.567276239395142, 28834.0
5.608027935028076, 28834.0
5.6486921310424805, 28834.0
5.689446926116943, 28834.0
5.73018217086792, 28834.0
5.771131277084351, 28834.0
5.812041997909546, 28834.0
5.8528361320495605, 28834.0
5.893545150756836, 28834.0
5.934268951416016, 28834.0
5.9750401973724365, 28834.0
6.0161261558532715, 28834.0
6.057477235794067, 28834.0
6.098191261291504, 28834.0
6.138914108276367, 28834.0
6.1796770095825195, 28834.0
6.2227699756622314, 28834.0
6.265823125839233, 28834.0
6.30860710144043, 28834.0
6.351503133773804, 28834.0
6.3932952880859375, 28834.0
6.435896158218384, 28834.0
6.483810186386108, 28834.0
6.52497410774231, 28834.0
6.565957307815552, 28834.0
6.606887102127075, 28834.0
6.647775173187256, 28834.0
6.688679933547974, 28834.0
6.729541301727295, 28834.0
6.770452976226807, 28834.0
6.811432123184204, 28834.0
6.852283954620361, 28834.0
6.893074035644531, 28834.0
6.935428142547607, 28834.0
6.97631311416626, 28834.0
7.017174005508423, 28834.0
7.058073282241821, 28834.0
7.098948240280151, 28834.0
7.141035079956055, 28834.0
7.184190034866333, 28834.0
7.2272210121154785, 28834.0
7.269129037857056, 28834.0
7.310599088668823, 28834.0
7.351616144180298, 28834.0
7.392894983291626, 28834.0
7.433850288391113, 28834.0
7.474788188934326, 28834.0
7.516433000564575, 28834.0
7.559579133987427, 28834.0
7.6027991771698, 28834.0
7.645698070526123, 28834.0
7.688425064086914, 28834.0
7.730656147003174, 28834.0
7.772701025009155, 28834.0
7.813899040222168, 28834.0
7.85492730140686, 28834.0
7.89580225944519, 28834.0
7.936631202697754, 28834.0
7.977516174316406, 28834.0
8.01828932762146, 28834.0
8.059077262878418, 28834.0
8.09985899925232, 28834.0
8.140558242797852, 28834.0
8.181294202804565, 28834.0
8.223924160003662, 28834.0
8.267098188400269, 28834.0
8.310235261917114, 28834.0
8.353141069412231, 28834.0
8.395328044891357, 28834.0
