0.10265707969665527, 11658.0
0.1796278953552246, 13171.0
0.25726890563964844, 15457.0
0.3349611759185791, 15537.0
0.4143331050872803, 19480.0
0.4922149181365967, 19480.0
0.570716142654419, 20554.0
0.6489121913909912, 21504.0
0.7289772033691406, 22399.0
0.8064320087432861, 24569.0
0.8840129375457764, 25029.0
0.9639570713043213, 25629.0
1.0437610149383545, 25629.0
1.1238629817962646, 27234.0
1.2035539150238037, 28019.0
1.2823591232299805, 28786.0
1.369861125946045, 31676.0
1.4490389823913574, 31676.0
1.5277330875396729, 33920.0
1.606415033340454, 33945.0
1.6851398944854736, 35461.0
1.7640419006347656, 36479.0
1.8445229530334473, 36705.0
1.9259860515594482, 37532.0
2.008636236190796, 37737.0
2.0913519859313965, 38128.0
2.1755619049072266, 41119.0
2.2570340633392334, 41119.0
2.3398630619049072, 41392.0
2.4219279289245605, 41392.0
2.5061628818511963, 41392.0
2.590097188949585, 41544.0
2.6729259490966797, 41954.0
2.75541615486145, 42307.0
2.837156057357788, 43477.0
2.919275999069214, 43813.0
3.0047640800476074, 44266.0
3.0912270545959473, 44985.0
3.177720069885254, 46329.0
3.2616419792175293, 46329.0
3.3472490310668945, 46329.0
3.432162046432495, 46722.0
3.519850015640259, 47754.0
3.612260103225708, 48314.0
3.697585105895996, 48314.0
3.7792282104492188, 48314.0
3.8638720512390137, 48314.0
3.948892116546631, 48463.0
4.0343239307403564, 48919.0
4.118301868438721, 49283.0
4.200348854064941, 49283.0
4.281982898712158, 49283.0
4.364275932312012, 49482.0
4.449885845184326, 50248.0
4.536455154418945, 50248.0
4.623598098754883, 50439.0
4.708666086196899, 50814.0
4.792198181152344, 50814.0
4.875680923461914, 50814.0
4.959060907363892, 50814.0
5.043346166610718, 50814.0
5.124647855758667, 50955.0
5.206876993179321, 51015.0
5.293767929077148, 51108.0
5.380977153778076, 51477.0
5.4651288986206055, 51477.0
5.546730041503906, 51523.0
5.627815246582031, 51523.0
5.7120912075042725, 51704.0
5.798120021820068, 51704.0
5.8834228515625, 51752.0
5.968870162963867, 51915.0
6.051047086715698, 51925.0
6.133061170578003, 51925.0
6.214272975921631, 52237.0
6.295573949813843, 52237.0
6.376722812652588, 52352.0
6.459580183029175, 52352.0
6.540722131729126, 52352.0
6.622837066650391, 52459.0
6.704317092895508, 52459.0
6.785574197769165, 52459.0
6.866962194442749, 52797.0
6.9489781856536865, 52797.0
7.031054973602295, 52797.0
7.113195896148682, 53042.0
7.1944849491119385, 53042.0
7.276710033416748, 53042.0
7.3593950271606445, 53042.0
7.4406352043151855, 53042.0
7.521681070327759, 53042.0
7.602910041809082, 53110.0
7.686120986938477, 53110.0
7.771754026412964, 53110.0
7.858724117279053, 53110.0
7.942751884460449, 53110.0
8.028138875961304, 53198.0
8.111063957214355, 53198.0
8.19425106048584, 53394.0
8.276304006576538, 53394.0
8.36017394065857, 53468.0
8.446184873580933, 53468.0
8.528872966766357, 53468.0
8.610454082489014, 53468.0
8.6923508644104, 53468.0
8.77628207206726, 53727.0
8.86221694946289, 53727.0
8.948274850845337, 53727.0
9.03299617767334, 53727.0
9.119273900985718, 53727.0
9.204385042190552, 53727.0
9.288094997406006, 53727.0
9.374044179916382, 53727.0
9.456665992736816, 53727.0
9.53867220878601, 53727.0
9.620743989944458, 53727.0
9.706385135650635, 53727.0
9.791783094406128, 53727.0
9.875277042388916, 53813.0
9.95703125, 53813.0
10.038763046264648, 53939.0
10.123077154159546, 53939.0
10.2063570022583, 53939.0
10.288220167160034, 53939.0
10.370476961135864, 53964.0
10.452676057815552, 53964.0
10.535990953445435, 53964.0
10.617805004119873, 53964.0
10.699434995651245, 53964.0
10.780892133712769, 53964.0
10.862523078918457, 53964.0
10.944273233413696, 53964.0
11.025890111923218, 53964.0
11.113819122314453, 53964.0
11.195918083190918, 53964.0
11.27783489227295, 53964.0
11.35957407951355, 53964.0
11.441343069076538, 53964.0
11.525959253311157, 53964.0
11.609819173812866, 53964.0
11.692999839782715, 53964.0
11.776904821395874, 53964.0
11.86092209815979, 53964.0
11.945358991622925, 53964.0
12.029574155807495, 53964.0
12.113860130310059, 53964.0
12.198015928268433, 53964.0
12.28796911239624, 53964.0
12.371753931045532, 53964.0
12.454650163650513, 53964.0
12.537959098815918, 53964.0
12.621040105819702, 53964.0
12.706729888916016, 53964.0
12.790570974349976, 53964.0
12.874634981155396, 53964.0
12.960628986358643, 53964.0
13.042350053787231, 53964.0
13.125628232955933, 53964.0
13.210706233978271, 53964.0
13.294951915740967, 53964.0
13.379776954650879, 53964.0
13.464294195175171, 53964.0
13.548978090286255, 53964.0
13.634281873703003, 53964.0
13.719455003738403, 53964.0
13.803911924362183, 53964.0
13.887826919555664, 53964.0
13.972012042999268, 53964.0
14.056620121002197, 53964.0
14.147118091583252, 53964.0
14.230599164962769, 53964.0
14.314626932144165, 53964.0
14.397393226623535, 53964.0
14.479856014251709, 53964.0
14.563668966293335, 53964.0
14.646053075790405, 53964.0
14.730183124542236, 53964.0
14.812917947769165, 53964.0
14.895953178405762, 53964.0
14.978493213653564, 53964.0
15.074321031570435, 53964.0
15.16578984260559, 53964.0
15.252762079238892, 53964.0
15.339300155639648, 53964.0
15.428270101547241, 53964.0
15.539679050445557, 53964.0
15.634727954864502, 53964.0
15.722372055053711, 53964.0
15.810920000076294, 53964.0
15.901560068130493, 53964.0
16.01578998565674, 53964.0
16.125657081604004, 53964.0
16.215835094451904, 53964.0
16.30303716659546, 53964.0
16.392004013061523, 53964.0
16.4774010181427, 53964.0
16.562576055526733, 53964.0
16.648483991622925, 53964.0
16.733596086502075, 53964.0
16.81834316253662, 53964.0
16.902754068374634, 53964.0
