1.0523810386657715, 61843.0
1.7982110977172852, 66497.0
2.5424039363861084, 71652.0
3.2824602127075195, 81215.0
4.042429208755493, 84878.0
4.782127141952515, 89162.0
5.543437957763672, 90319.0
6.28693699836731, 99514.0
7.034282922744751, 99514.0
7.792250156402588, 101556.0
8.537857055664062, 111727.0
9.280754089355469, 111727.0
10.025354862213135, 113071.0
10.766217947006226, 116535.0
11.518129110336304, 126550.0
12.260514974594116, 126550.0
13.003634214401245, 126550.0
13.745037078857422, 129871.0
14.48863410949707, 130548.0
15.233672857284546, 133984.0
15.983486890792847, 139120.0
16.729477167129517, 139120.0
17.485601902008057, 141426.0
18.230228900909424, 149880.0
18.97565007209778, 149880.0
19.71987819671631, 149880.0
20.464071035385132, 162773.0
21.211522102355957, 174988.0
21.970355987548828, 174988.0
22.730040073394775, 174988.0
23.47900104522705, 174988.0
24.22517490386963, 177543.0
24.972023010253906, 178298.0
25.724251985549927, 180846.0
26.473742961883545, 182791.0
27.23360300064087, 182791.0
27.983114004135132, 186341.0
28.74479103088379, 186341.0
29.509668111801147, 188804.0
30.271543979644775, 193474.0
31.03204917907715, 193474.0
31.786415100097656, 196672.0
32.53778290748596, 198031.0
33.29305696487427, 199466.0
34.04753923416138, 203126.0
34.81330394744873, 205700.0
35.56840205192566, 208518.0
36.321857929229736, 209356.0
37.079344034194946, 213378.0
37.83511304855347, 214165.0
38.59050893783569, 218916.0
39.346970081329346, 221849.0
40.10264015197754, 223149.0
40.860312938690186, 224064.0
41.619401931762695, 227590.0
42.37715196609497, 228543.0
43.13491082191467, 233909.0
43.89328718185425, 237882.0
44.66465997695923, 237882.0
45.43112015724182, 241322.0
46.190176010131836, 242299.0
46.950031995773315, 243277.0
47.71159386634827, 244017.0
48.471442222595215, 244971.0
49.23191690444946, 255262.0
49.993523836135864, 255262.0
50.75476408004761, 255262.0
51.51757001876831, 259604.0
52.27996110916138, 263283.0
53.042181968688965, 263283.0
53.8062539100647, 263604.0
54.58096981048584, 265886.0
55.34784722328186, 265886.0
56.11898589134216, 266829.0
56.88796305656433, 267690.0
57.659148931503296, 273956.0
58.42932605743408, 273956.0
59.20025992393494, 276438.0
59.972368001937866, 276438.0
60.744121074676514, 276438.0
61.52478790283203, 278017.0
62.31473088264465, 278017.0
63.099292039871216, 280392.0
63.89891195297241, 280762.0
64.69428396224976, 281112.0
65.49204611778259, 281112.0
66.28947186470032, 282974.0
67.08640313148499, 284311.0
67.88088321685791, 286434.0
68.67481803894043, 288257.0
69.46480917930603, 291026.0
70.25776195526123, 291454.0
71.05180406570435, 302430.0
71.83689498901367, 302430.0
72.6189820766449, 306108.0
73.41308212280273, 307895.0
74.19443011283875, 310525.0
74.9733669757843, 310525.0
75.75436210632324, 310899.0
76.54060792922974, 313128.0
77.33813810348511, 314343.0
78.12331008911133, 316265.0
78.92009806632996, 317484.0
79.7129819393158, 318206.0
80.49778699874878, 319677.0
81.28087115287781, 319677.0
82.06247282028198, 322918.0
82.84212493896484, 322918.0
83.62306499481201, 323402.0
84.40799307823181, 323695.0
85.20198917388916, 323983.0
85.997554063797, 324550.0
86.80095505714417, 329833.0
87.6058919429779, 330671.0
88.39612317085266, 331119.0
89.18363213539124, 333100.0
89.98045206069946, 333100.0
90.76866292953491, 335904.0
91.55523920059204, 339921.0
92.34282422065735, 345430.0
93.13764905929565, 345430.0
93.93266606330872, 345430.0
94.71917295455933, 345537.0
95.51451992988586, 345537.0
96.30839204788208, 345537.0
97.1007559299469, 346564.0
97.89307522773743, 347732.0
98.68696212768555, 347732.0
99.48875689506531, 347732.0
100.29263615608215, 350258.0
101.09218096733093, 350258.0
101.89233613014221, 350258.0
102.68464612960815, 350269.0
103.47461795806885, 354841.0
104.26778411865234, 354841.0
105.06967902183533, 354852.0
105.86820816993713, 356237.0
106.65881490707397, 357725.0
107.461256980896, 360913.0
108.26430106163025, 360913.0
109.0604920387268, 360966.0
109.8615210056305, 361733.0
110.66557621955872, 363247.0
111.45567417144775, 365412.0
112.24733400344849, 365412.0
113.04434084892273, 365412.0
113.84158611297607, 365412.0
114.64072585105896, 368192.0
115.44896197319031, 368192.0
116.26178908348083, 368192.0
117.07661604881287, 368731.0
117.88691401481628, 368868.0
118.6952691078186, 368868.0
119.50736498832703, 369245.0
120.3085470199585, 372885.0
121.11908292770386, 373881.0
121.91932415962219, 373881.0
122.72557997703552, 376275.0
123.54015707969666, 376275.0
124.3519639968872, 377411.0
125.17120718955994, 377411.0
125.99094223976135, 377411.0
126.80243921279907, 377600.0
127.60604691505432, 384604.0
128.41572904586792, 384604.0
129.223956823349, 385972.0
130.03129482269287, 385972.0
130.83716702461243, 387236.0
131.64856696128845, 393580.0
132.4624638557434, 393580.0
133.276593208313, 393580.0
134.0772168636322, 393580.0
134.87969303131104, 393580.0
135.6907320022583, 393580.0
136.5005748271942, 393580.0
137.3105309009552, 393580.0
138.11725687980652, 393580.0
138.9160680770874, 393580.0
139.73006296157837, 393580.0
140.54818081855774, 393580.0
141.3631730079651, 393655.0
142.17177319526672, 393655.0
142.96809220314026, 396580.0
143.77053904533386, 396580.0
144.57838106155396, 396816.0
145.3922381401062, 396816.0
146.1998541355133, 399766.0
147.00817704200745, 399766.0
147.82365727424622, 399766.0
148.63880896568298, 400712.0
149.43915796279907, 400957.0
150.24605798721313, 401774.0
151.04808902740479, 403288.0
151.85979199409485, 403288.0
152.66900086402893, 404329.0
153.47375512123108, 408928.0
154.28300786018372, 408928.0
155.10119104385376, 408928.0
155.93149399757385, 408928.0
156.74599695205688, 408928.0
157.56937909126282, 411464.0
