0.0009720325469970703, 456.0
0.0019431114196777344, 1254.0
0.0029129981994628906, 1764.0
0.003939151763916016, 2248.0
0.00491023063659668, 3064.0
0.005897998809814453, 3824.0
0.0068721771240234375, 4440.0
0.007842063903808594, 4880.0
0.008809089660644531, 5071.0
0.009777307510375977, 5974.0
0.010755062103271484, 6477.0
0.011728286743164062, 7021.0
0.012722253799438477, 7466.0
0.013709068298339844, 7697.0
0.014704227447509766, 8085.0
0.01568317413330078, 8828.0
0.016692161560058594, 9547.0
0.01770329475402832, 9974.0
0.018695354461669922, 10317.0
0.019678115844726562, 10491.0
0.020672082901000977, 11300.0
0.02163410186767578, 11626.0
0.022599220275878906, 12006.0
0.023565053939819336, 12624.0
0.024532079696655273, 12736.0
0.025495052337646484, 13477.0
0.026458263397216797, 13747.0
0.02742910385131836, 13816.0
0.028390169143676758, 14353.0
0.029351234436035156, 15060.0
0.03031301498413086, 15810.0
0.03127408027648926, 16356.0
0.0322422981262207, 16761.0
0.03320717811584473, 17258.0
0.03417229652404785, 17971.0
0.03513813018798828, 18875.0
0.03609824180603027, 18980.0
0.03707718849182129, 19484.0
0.038056373596191406, 20110.0
0.03902006149291992, 20618.0
0.03998422622680664, 20985.0
0.04094409942626953, 21300.0
0.04190802574157715, 21793.0
0.04287838935852051, 21942.0
0.043908119201660156, 22310.0
0.04488825798034668, 22390.0
0.04587435722351074, 23468.0
0.04685330390930176, 23469.0
0.04783511161804199, 23829.0
0.04882407188415527, 24518.0
0.05079507827758789, 25051.0
0.0617983341217041, 25056.0
0.06377601623535156, 25057.0
0.09908413887023926, 25065.0
0.1113901138305664, 25135.0
0.15862417221069336, 25177.0
0.16428709030151367, 25233.0
0.2171940803527832, 25250.0
0.2606081962585449, 25290.0
0.6169641017913818, 25303.0
0.6179320812225342, 25351.0
1.4649391174316406, 25400.0
1.581022024154663, 25404.0
1.5819792747497559, 25405.0
1.6204040050506592, 25441.0
1.900681972503662, 25453.0
1.9222352504730225, 25476.0
1.927901268005371, 25551.0
1.935408115386963, 25552.0
1.9821922779083252, 25574.0
8.827548265457153, 25694.0
8.835232019424438, 25720.0
8.836205244064331, 25800.0
8.888988256454468, 25898.0
8.910054206848145, 25908.0
8.915840148925781, 25909.0
8.932189226150513, 25965.0
8.938905239105225, 26006.0
8.969651937484741, 26112.0
9.009016036987305, 26113.0
9.047412157058716, 26150.0
9.149912118911743, 26225.0
9.183504104614258, 26226.0
9.257319211959839, 26273.0
9.258295059204102, 26274.0
9.480546236038208, 26363.0
9.92237114906311, 26371.0
9.924297094345093, 26462.0
10.197620153427124, 26480.0
10.21666407585144, 26486.0
10.223341226577759, 26487.0
10.255702018737793, 26604.0
10.266443014144897, 26605.0
10.387243032455444, 26646.0
10.45675539970398, 26712.0
14.009111166000366, 26718.0
15.792065143585205, 26755.0
15.899103164672852, 26824.0
16.04232621192932, 26890.0
16.127027988433838, 26913.0
16.253493070602417, 27005.0
16.274891138076782, 27009.0
16.305107355117798, 27010.0
16.39333200454712, 27070.0
16.64591121673584, 27110.0
17.340111255645752, 27136.0
17.355716228485107, 27185.0
22.752638339996338, 27210.0
22.757657289505005, 27260.0
23.611765146255493, 27301.0
23.62735915184021, 27377.0
23.657629251480103, 27429.0
23.704427003860474, 27448.0
24.42799735069275, 27468.0
24.45819115638733, 27517.0
24.478657007217407, 27645.0
30.248650074005127, 27658.0
30.268985271453857, 27682.0
30.326139211654663, 27685.0
30.579089164733887, 27717.0
30.68704104423523, 27721.0
30.701582193374634, 27722.0
30.759766101837158, 27794.0
30.766547203063965, 27894.0
30.7762610912323, 27895.0
49.69802904129028, 27982.0
49.71255612373352, 27997.0
49.75315713882446, 27998.0
50.87574124336243, 28067.0
51.00770711898804, 28152.0
51.14877915382385, 28201.0
51.44181036949158, 28219.0
51.913761138916016, 28262.0
51.92229723930359, 28263.0
51.92892909049988, 28264.0
51.953492164611816, 28265.0
51.96208310127258, 28295.0
51.968794107437134, 28319.0
52.02122211456299, 28342.0
52.07477402687073, 28445.0
52.10832118988037, 28458.0
52.59373712539673, 28476.0
52.61297416687012, 28520.0
52.644463300704956, 28581.0
52.65400218963623, 28645.0
52.660728216171265, 28737.0
52.71121001243591, 28769.0
52.71600103378296, 28776.0
52.86535716056824, 28814.0
53.479894161224365, 28837.0
53.5287652015686, 28838.0
53.59207034111023, 28956.0
53.64678716659546, 28982.0
53.67939305305481, 29103.0
53.71584630012512, 29186.0
53.76928734779358, 29234.0
53.80474328994751, 29260.0
53.814306020736694, 29262.0
53.8305721282959, 29263.0
53.91577434539795, 29391.0
53.92629933357239, 29392.0
55.33937120437622, 29470.0
55.34516406059265, 29471.0
55.41021704673767, 29531.0
55.82412910461426, 29533.0
55.9212532043457, 29597.0
56.28178310394287, 29644.0
56.39183807373047, 29651.0
56.40511226654053, 29671.0
56.43173408508301, 29688.0
56.449756145477295, 29689.0
56.70470118522644, 29714.0
56.75772023200989, 29857.0
56.79943299293518, 29881.0
57.69653034210205, 29953.0
58.8533091545105, 29955.0
59.037904262542725, 29977.0
59.17984223365784, 29990.0
59.22825336456299, 30039.0
59.69605612754822, 30124.0
59.7893922328949, 30197.0
59.795058250427246, 30235.0
59.81391716003418, 30262.0
59.81488013267517, 30295.0
59.86474132537842, 30379.0
59.88639736175537, 30380.0
59.98428797721863, 30494.0
60.25016236305237, 30576.0
60.2874550819397, 30690.0
60.31981325149536, 30702.0
60.590296268463135, 30705.0
60.886306047439575, 30850.0
60.92632818222046, 30906.0
60.95589303970337, 30914.0
60.96056509017944, 30921.0
62.32245421409607, 31000.0
62.342963218688965, 31085.0
62.40628218650818, 31086.0
63.66303634643555, 31190.0
63.937583208084106, 31223.0
64.02803206443787, 31224.0
64.06342506408691, 31345.0
64.103431224823, 31356.0
64.11842203140259, 31357.0
64.13423800468445, 31358.0
64.2381842136383, 31392.0
64.35078620910645, 31410.0
64.40663313865662, 31411.0
64.7038881778717, 31457.0
64.7299473285675, 31458.0
64.74487018585205, 31499.0
64.84155535697937, 31520.0
64.9023551940918, 31521.0
64.95445132255554, 31522.0
65.2374153137207, 31537.0
65.27305126190186, 31574.0
65.28085517883301, 31575.0
65.3283851146698, 31576.0
66.18609523773193, 31661.0
67.8663592338562, 31770.0
69.20877814292908, 31905.0
69.68936324119568, 31971.0
69.72719717025757, 31976.0
69.78619813919067, 32000.0
69.86967396736145, 32032.0
70.77928519248962, 32052.0
70.85755109786987, 32068.0
71.01018500328064, 32069.0
72.63564801216125, 32178.0
72.73771905899048, 32223.0
72.80955696105957, 32266.0
72.96805715560913, 32276.0
73.41328001022339, 32353.0
73.69997811317444, 32361.0
73.76744318008423, 32492.0
73.84389400482178, 32586.0
73.9877302646637, 32587.0
75.25527024269104, 32615.0
77.57324695587158, 32683.0
77.76279306411743, 32684.0
77.99089932441711, 32699.0
79.1135003566742, 32700.0
80.10886311531067, 32718.0
80.61227798461914, 32837.0
80.75230312347412, 32918.0
80.78585910797119, 33030.0
81.18971014022827, 33118.0
81.84027433395386, 33119.0
81.8644962310791, 33120.0
82.5226423740387, 33179.0
83.41280102729797, 33191.0
83.43220400810242, 33217.0
83.83185625076294, 33218.0
84.03032922744751, 33219.0
84.1127769947052, 33220.0
95.88444900512695, 33267.0
97.47816324234009, 33284.0
98.67054104804993, 33294.0
98.74969816207886, 33295.0
