4.601478576660156e-05, 286.0
0.001325845718383789, 641.0
0.0013661384582519531, 1479.0
0.0014050006866455078, 1605.0
0.0015230178833007812, 2048.0
0.002068042755126953, 2979.0
0.003735065460205078, 3736.0
0.00699925422668457, 3934.0
0.010363101959228516, 4391.0
0.012608051300048828, 5182.0
0.023654937744140625, 5238.0
0.029108047485351562, 6017.0
0.03059220314025879, 6165.0
0.031607866287231445, 6478.0
0.03231096267700195, 7202.0
0.03799104690551758, 7511.0
0.07964801788330078, 7588.0
0.10292911529541016, 7710.0
0.10359907150268555, 8480.0
0.6696469783782959, 9021.0
0.9645941257476807, 9459.0
0.967771053314209, 9559.0
1.4687161445617676, 9733.0
1.4714908599853516, 9935.0
1.617375135421753, 10039.0
1.9056971073150635, 10210.0
2.0251429080963135, 10279.0
