0.04934501647949219, 10440.0
0.09317517280578613, 10584.0
0.13274717330932617, 11369.0
0.17098593711853027, 11922.0
0.20926499366760254, 14617.0
0.2477271556854248, 15611.0
0.28636813163757324, 15611.0
0.32514524459838867, 16366.0
0.364044189453125, 16604.0
0.40334415435791016, 17525.0
0.44252705574035645, 17674.0
0.48173022270202637, 18757.0
0.5210380554199219, 19274.0
0.5604119300842285, 20517.0
0.5998880863189697, 21303.0
0.6394500732421875, 22404.0
0.6791291236877441, 23783.0
0.7189121246337891, 23783.0
0.7609641551971436, 23783.0
0.8030531406402588, 23783.0
0.8449621200561523, 24235.0
0.8875489234924316, 24235.0
0.9292991161346436, 24266.0
0.9700350761413574, 24764.0
1.0111980438232422, 25724.0
1.0532538890838623, 25724.0
1.0951099395751953, 25767.0
1.135824203491211, 25767.0
1.1763789653778076, 25897.0
1.2169151306152344, 26015.0
1.257493019104004, 26641.0
1.2981090545654297, 27098.0
1.3387069702148438, 27234.0
1.3821260929107666, 27260.0
1.426042079925537, 27565.0
1.4697511196136475, 27887.0
1.5127758979797363, 27887.0
1.5545742511749268, 27887.0
1.595858097076416, 27887.0
1.6368870735168457, 27887.0
1.6781210899353027, 28025.0
1.7192730903625488, 28082.0
1.7604660987854004, 28082.0
1.8016200065612793, 28102.0
1.84279203414917, 28102.0
1.8840150833129883, 28195.0
1.924954891204834, 28221.0
1.9664781093597412, 28230.0
2.0076911449432373, 28230.0
2.0495822429656982, 28230.0
2.093017101287842, 28230.0
2.1370010375976562, 28230.0
2.18061900138855, 28230.0
2.223676919937134, 28230.0
2.265219211578369, 28230.0
2.3067142963409424, 28502.0
2.348160982131958, 28502.0
2.391576051712036, 28502.0
2.4343600273132324, 28502.0
2.476861000061035, 28502.0
2.5204110145568848, 28502.0
2.5644350051879883, 28502.0
2.61930513381958, 28502.0
2.663623094558716, 28502.0
2.7069919109344482, 28502.0
2.750192880630493, 28502.0
2.7926321029663086, 28502.0
2.8343889713287354, 28502.0
2.8773770332336426, 28502.0
2.920413017272949, 28502.0
2.964766025543213, 28502.0
3.010352849960327, 28502.0
3.057924270629883, 28502.0
3.1026041507720947, 28502.0
3.1461901664733887, 28502.0
3.1890931129455566, 28502.0
3.231746196746826, 28502.0
3.274383068084717, 28502.0
3.317178249359131, 28502.0
3.3598170280456543, 28502.0
3.401348114013672, 28502.0
3.443356990814209, 28502.0
3.4855151176452637, 28502.0
3.528059959411621, 28502.0
3.570474147796631, 28502.0
3.6132631301879883, 28502.0
3.6556379795074463, 28502.0
3.697667121887207, 28502.0
3.7399842739105225, 28502.0
3.7823381423950195, 28502.0
3.8242409229278564, 28502.0
3.867753028869629, 28502.0
3.9116899967193604, 28502.0
3.9552042484283447, 28502.0
3.998624086380005, 28502.0
4.04115104675293, 28502.0
4.083019018173218, 28502.0
4.12445330619812, 28502.0
4.166277170181274, 28502.0
4.2083580493927, 28502.0
4.249593257904053, 28502.0
4.290693998336792, 28502.0
4.331741094589233, 28502.0
4.3731420040130615, 28502.0
4.41504693031311, 28502.0
4.456070899963379, 28502.0
4.4973461627960205, 28502.0
4.538343906402588, 28502.0
4.579650163650513, 28502.0
4.621291160583496, 28502.0
4.666200160980225, 28502.0
4.7111639976501465, 28502.0
4.755653142929077, 28502.0
4.79993200302124, 28502.0
4.845072269439697, 28502.0
4.888111114501953, 28502.0
4.936838865280151, 28502.0
4.979502201080322, 28502.0
5.021886110305786, 28502.0
5.0642828941345215, 28502.0
5.106740951538086, 28502.0
5.149381875991821, 28502.0
5.1908180713653564, 28502.0
5.2319440841674805, 28502.0
5.273066997528076, 28502.0
5.314162969589233, 28502.0
5.355290174484253, 28502.0
5.396459102630615, 28502.0
5.437525033950806, 28502.0
5.47851300239563, 28502.0
5.5195231437683105, 28502.0
5.560579061508179, 28502.0
5.60125207901001, 28502.0
5.642244100570679, 28502.0
5.682868003845215, 28502.0
5.723828077316284, 28502.0
5.764484167098999, 28502.0
5.805495023727417, 28502.0
5.846085071563721, 28502.0
5.887005090713501, 28502.0
5.927673101425171, 28502.0
5.968689918518066, 28502.0
6.009249210357666, 28502.0
6.0501720905303955, 28502.0
6.09089207649231, 28502.0
6.131846904754639, 28502.0
6.172666072845459, 28502.0
6.215392112731934, 28502.0
6.25701904296875, 28502.0
6.29836106300354, 28502.0
6.339235067367554, 28502.0
6.381111145019531, 28502.0
6.422565221786499, 28502.0
6.463857889175415, 28502.0
6.504786968231201, 28502.0
6.545722961425781, 28502.0
6.586913108825684, 28502.0
6.627996921539307, 28502.0
6.669095039367676, 28502.0
6.709805011749268, 28502.0
6.75084114074707, 28502.0
6.791517972946167, 28502.0
6.832661151885986, 28502.0
6.873409032821655, 28502.0
6.914463996887207, 28502.0
6.955091953277588, 28502.0
6.996164083480835, 28502.0
7.036849021911621, 28502.0
7.077919006347656, 28502.0
7.11860990524292, 28502.0
7.1596760749816895, 28502.0
7.200676202774048, 28502.0
7.241818189620972, 28502.0
7.282463073730469, 28502.0
7.323523044586182, 28502.0
7.364165306091309, 28502.0
7.405269145965576, 28502.0
7.445957899093628, 28502.0
7.487030029296875, 28502.0
7.527706861495972, 28502.0
7.568787097930908, 28502.0
7.609455108642578, 28502.0
7.650554180145264, 28502.0
7.691256046295166, 28502.0
7.733893871307373, 28502.0
7.777400016784668, 28502.0
7.820622205734253, 28502.0
7.863781929016113, 28502.0
7.906399965286255, 28502.0
7.948096036911011, 28502.0
7.98928689956665, 28502.0
8.030372142791748, 28502.0
8.071460247039795, 28502.0
8.112529039382935, 28502.0
8.153477907180786, 28502.0
8.194813966751099, 28502.0
8.236238241195679, 28502.0
8.27794623374939, 28502.0
8.319122076034546, 28502.0
8.360023021697998, 28502.0
8.400721073150635, 28502.0
