0.0009999275207519531, 372.0
0.001995086669921875, 543.0
0.003008127212524414, 1455.0
0.004060029983520508, 2242.0
0.005095005035400391, 2417.0
0.006093740463256836, 3033.0
0.007092952728271484, 3336.0
0.008098125457763672, 3898.0
0.009094953536987305, 3971.0
0.010097980499267578, 4335.0
0.011098861694335938, 4450.0
0.01209712028503418, 4696.0
0.013098955154418945, 4799.0
0.014095783233642578, 5345.0
0.015093088150024414, 5429.0
0.016093015670776367, 6325.0
0.017105817794799805, 6999.0
0.01810479164123535, 7797.0
0.019125938415527344, 8245.0
0.020127058029174805, 9077.0
0.021142005920410156, 9386.0
0.02214193344116211, 9533.0
0.02313995361328125, 10032.0
0.024141788482666016, 10048.0
0.02513885498046875, 10463.0
0.026134967803955078, 10621.0
0.02713298797607422, 10751.0
0.0281369686126709, 11674.0
0.029132843017578125, 12471.0
0.03014397621154785, 13428.0
0.031139850616455078, 14261.0
0.03213906288146973, 14855.0
0.03313493728637695, 15820.0
0.034132957458496094, 16478.0
0.03513193130493164, 17118.0
0.0361328125, 17673.0
0.037129878997802734, 18536.0
0.03813791275024414, 18560.0
0.03913593292236328, 19337.0
0.040135860443115234, 20296.0
0.04113578796386719, 21090.0
0.042135000228881836, 21151.0
0.04314398765563965, 21202.0
0.04414701461791992, 21710.0
0.045146942138671875, 22549.0
0.04615592956542969, 22985.0
0.04715609550476074, 23196.0
0.048161983489990234, 24158.0
0.049164772033691406, 24649.0
0.05016779899597168, 25009.0
0.05115485191345215, 25044.0
0.05215287208557129, 25534.0
0.0541229248046875, 26491.0
0.06870102882385254, 27081.0
0.10628199577331543, 28000.0
0.11016511917114258, 28651.0
0.11789178848266602, 29273.0
0.1313788890838623, 29412.0
0.15442895889282227, 30268.0
0.1744070053100586, 30652.0
0.18677878379821777, 31434.0
0.2647209167480469, 31647.0
0.26853203773498535, 31930.0
0.3343210220336914, 32076.0
0.35059094429016113, 32824.0
0.3583049774169922, 33821.0
0.521481990814209, 34042.0
0.5474288463592529, 34216.0
0.5541799068450928, 34529.0
0.5750851631164551, 34651.0
0.648460865020752, 34936.0
0.6542301177978516, 35196.0
0.6580548286437988, 35882.0
0.7159988880157471, 36169.0
0.729301929473877, 36379.0
0.8759801387786865, 36545.0
0.930203914642334, 37110.0
0.9645109176635742, 37311.0
1.1389639377593994, 37567.0
1.192185878753662, 37814.0
1.1959948539733887, 38240.0
1.2637367248535156, 38501.0
1.2694668769836426, 38666.0
1.271393060684204, 39608.0
1.278090000152588, 40510.0
1.3152730464935303, 40776.0
1.3162379264831543, 41425.0
1.341109037399292, 41808.0
1.4333930015563965, 42245.0
1.475043773651123, 42351.0
1.5013980865478516, 43256.0
1.5937559604644775, 43535.0
1.6369171142578125, 43868.0
1.653648853302002, 44088.0
1.6634879112243652, 44800.0
1.7330687046051025, 45261.0
1.7340648174285889, 45871.0
1.7370119094848633, 46441.0
1.75673508644104, 46457.0
1.8263609409332275, 46739.0
1.9279308319091797, 46892.0
1.9414739608764648, 46898.0
1.9443740844726562, 47165.0
1.9491610527038574, 47326.0
1.9539539813995361, 47373.0
1.9644417762756348, 47604.0
1.9673140048980713, 48158.0
2.002626895904541, 48723.0
2.0606648921966553, 49075.0
2.1411430835723877, 49251.0
2.1734459400177, 49629.0
2.2672877311706543, 50161.0
2.298656940460205, 50250.0
2.3119919300079346, 50805.0
2.380599021911621, 51468.0
2.38634991645813, 51788.0
2.3920767307281494, 52193.0
2.3930368423461914, 52840.0
2.5512640476226807, 52939.0
2.590214967727661, 52951.0
2.592132806777954, 53802.0
2.593096971511841, 54484.0
2.617766857147217, 54950.0
2.6244328022003174, 55889.0
2.763841152191162, 56362.0
2.827340841293335, 56367.0
2.8635478019714355, 56716.0
2.9744367599487305, 56756.0
3.0162408351898193, 56998.0
3.1629278659820557, 57098.0
3.1761889457702637, 57129.0
3.314980983734131, 57653.0
3.321676015853882, 57755.0
3.391010046005249, 58292.0
3.3995630741119385, 58721.0
3.4223570823669434, 58849.0
3.445172071456909, 59734.0
3.4746198654174805, 60525.0
3.994466781616211, 60542.0
4.051504850387573, 61158.0
4.063883066177368, 61488.0
4.0762879848480225, 62293.0
4.094405889511108, 62863.0
4.095378875732422, 63555.0
4.101099967956543, 64204.0
4.118237018585205, 64223.0
4.145961046218872, 64368.0
4.176445960998535, 64543.0
4.288171052932739, 64896.0
4.400014877319336, 65023.0
4.401980876922607, 65420.0
4.434101104736328, 65549.0
4.440927028656006, 66506.0
4.737601041793823, 66728.0
4.883362770080566, 67296.0
4.886224985122681, 67466.0
4.908028841018677, 67491.0
4.908988952636719, 67916.0
4.956215858459473, 68099.0
5.133112907409668, 68212.0
5.156779050827026, 68412.0
5.1633830070495605, 68630.0
5.16435694694519, 69385.0
5.166263103485107, 69705.0
5.173836708068848, 70038.0
5.17479681968689, 70829.0
5.203161954879761, 71025.0
5.40774393081665, 71238.0
5.412491083145142, 71543.0
5.4749720096588135, 71620.0
5.543787002563477, 71940.0
5.636542081832886, 72738.0
5.648190975189209, 72990.0
5.650158882141113, 73890.0
5.654054880142212, 74890.0
5.6569788455963135, 75543.0
5.680279016494751, 75906.0
5.710362911224365, 76039.0
5.715234756469727, 77018.0
5.746284008026123, 77680.0
6.103641748428345, 77874.0
6.107586145401001, 78325.0
6.108584880828857, 78609.0
6.203989028930664, 78687.0
6.311822891235352, 78819.0
6.524984836578369, 78855.0
6.553252935409546, 79345.0
6.585076093673706, 79986.0
6.594482898712158, 80617.0
6.6216208934783936, 80775.0
6.633870840072632, 81211.0
6.634835958480835, 81485.0
6.640446901321411, 82290.0
6.661068916320801, 82661.0
6.819602012634277, 82942.0
6.847319841384888, 83571.0
6.85011100769043, 83840.0
6.859373092651367, 84468.0
6.876002788543701, 85157.0
6.900019884109497, 85699.0
6.9129509925842285, 85908.0
6.924971103668213, 86465.0
6.930562734603882, 86973.0
7.006150960922241, 87314.0
7.066241025924683, 87840.0
7.069024085998535, 88424.0
7.070882797241211, 88841.0
7.1261560916900635, 88940.0
7.184314966201782, 89032.0
7.188013792037964, 89691.0
7.487459897994995, 89736.0
7.518009901046753, 90624.0
7.572879791259766, 91153.0
8.573538780212402, 91351.0
8.58716607093811, 91404.0
8.590098857879639, 91518.0
8.623180150985718, 92176.0
8.63393497467041, 92571.0
8.65047287940979, 93547.0
8.718638896942139, 93592.0
8.730338096618652, 94012.0
8.731321811676025, 94679.0
8.73230791091919, 95636.0
8.886595964431763, 95796.0
8.887575149536133, 96644.0
8.903895139694214, 96828.0
9.035070896148682, 97644.0
9.105945825576782, 97971.0
9.13277292251587, 98522.0
9.459462881088257, 98653.0
9.572490930557251, 98769.0
9.575382947921753, 99628.0
9.695631980895996, 99720.0
9.747411012649536, 100018.0
9.774194955825806, 100800.0
9.794297933578491, 101449.0
9.821100950241089, 101487.0
9.828758955001831, 102042.0
9.968381881713867, 102485.0
10.086342811584473, 102918.0
10.150548934936523, 103034.0
10.187939882278442, 103884.0
10.234949827194214, 103986.0
10.247418880462646, 104144.0
10.332909107208252, 104281.0
10.333881855010986, 104465.0
10.388525009155273, 105379.0
10.406766891479492, 105440.0
10.409651041030884, 106329.0
10.5629141330719, 107214.0
10.57922887802124, 107323.0
10.584022998809814, 108286.0
10.615774869918823, 109016.0
11.463155031204224, 109060.0
11.478530883789062, 109828.0
11.49001693725586, 110673.0
11.52541995048523, 111117.0
11.528341054916382, 112031.0
11.636621952056885, 112599.0
11.640470027923584, 113186.0
11.6443190574646, 113612.0
11.645374059677124, 114402.0
11.651276111602783, 115031.0
11.67324709892273, 115394.0
11.771850109100342, 115423.0
12.796990871429443, 115587.0
12.93281102180481, 115793.0
12.948457956314087, 115863.0
12.951405763626099, 116260.0
13.222701072692871, 116584.0
13.229588031768799, 117354.0
13.24133586883545, 117875.0
15.359369039535522, 118445.0
15.379397869110107, 118536.0
15.407922983169556, 119072.0
15.523391962051392, 119357.0
15.56226897239685, 119433.0
15.571757078170776, 119610.0
16.897855043411255, 119913.0
16.906425952911377, 120868.0
16.920646905899048, 121348.0
17.00422501564026, 121535.0
17.038401126861572, 121542.0
17.0677969455719, 121770.0
17.06972074508667, 122042.0
17.07068705558777, 122112.0
20.93796396255493, 122742.0
21.15709686279297, 122815.0
21.197850942611694, 122989.0
22.692936897277832, 123449.0
22.722354888916016, 123545.0
22.74416494369507, 123672.0
22.74797296524048, 123930.0
22.82946491241455, 124335.0
23.29529881477356, 124974.0
23.54755687713623, 125000.0
23.62346386909485, 125555.0
23.655730962753296, 125848.0
23.8935067653656, 126053.0
23.91317892074585, 126263.0
23.948282957077026, 126369.0
23.971032857894897, 126903.0
23.992899894714355, 127650.0
24.07450294494629, 128002.0
24.081151962280273, 128333.0
24.09067177772522, 128664.0
24.942139863967896, 129311.0
24.986788988113403, 129553.0
24.98965096473694, 129734.0
25.218169927597046, 130088.0
25.366209983825684, 130591.0
25.37286615371704, 131064.0
25.415712118148804, 131080.0
25.891923904418945, 131334.0
25.95771598815918, 131995.0
26.176034927368164, 132600.0
26.192811965942383, 133284.0
26.451554775238037, 133404.0
26.473140954971313, 133701.0
26.4760959148407, 134447.0
26.50440502166748, 134556.0
26.5073459148407, 135346.0
26.52393078804016, 135515.0
26.531749963760376, 135742.0
26.53856897354126, 135774.0
26.577621936798096, 136573.0
26.591287851333618, 137447.0
27.509572982788086, 137481.0
28.134981870651245, 137818.0
28.13699197769165, 138749.0
29.011281967163086, 138844.0
30.887298822402954, 138940.0
30.89224886894226, 138961.0
30.930839776992798, 139413.0
30.936833143234253, 140324.0
30.989278078079224, 140345.0
31.075170040130615, 140420.0
31.12556791305542, 140438.0
32.084664821624756, 140808.0
33.31908106803894, 140963.0
33.81036186218262, 141131.0
33.91027212142944, 141359.0
33.95134496688843, 141880.0
33.98953986167908, 142528.0
34.07869601249695, 142873.0
34.20307779312134, 142878.0
34.300856828689575, 143444.0
34.313583850860596, 144294.0
34.48844909667969, 144314.0
34.561408042907715, 144761.0
34.5847909450531, 145434.0
34.5926079750061, 146337.0
34.64220905303955, 146862.0
34.73177886009216, 147499.0
34.75415396690369, 148179.0
34.782392740249634, 148219.0
34.824339866638184, 148476.0
34.82533097267151, 149217.0
34.83022904396057, 149875.0
34.831218957901, 150873.0
35.00501298904419, 151436.0
35.03223991394043, 152166.0
35.19097399711609, 152990.0
35.25782084465027, 153144.0
35.2631471157074, 153334.0
35.408442974090576, 153472.0
35.4308660030365, 153696.0
35.43950891494751, 153715.0
35.52646994590759, 153825.0
35.66869783401489, 154160.0
35.67576193809509, 154473.0
36.468214988708496, 154585.0
36.489490032196045, 155214.0
36.504005908966064, 155687.0
36.56479287147522, 156027.0
36.695387840270996, 156486.0
36.698302030563354, 157398.0
36.7002489566803, 158257.0
37.07048201560974, 158956.0
37.07629895210266, 159258.0
37.347267866134644, 159324.0
37.35589575767517, 159533.0
37.37116289138794, 159936.0
37.41426110267639, 160731.0
37.75760006904602, 160965.0
37.84405994415283, 161276.0
37.958000898361206, 161498.0
37.983704805374146, 161678.0
38.1310920715332, 161974.0
38.15483283996582, 162647.0
38.27787184715271, 162685.0
38.43298101425171, 163141.0
38.44113898277283, 163912.0
38.452150106430054, 164198.0
38.458133935928345, 164251.0
38.68359994888306, 164298.0
38.853631019592285, 164830.0
38.93030095100403, 165216.0
38.94233202934265, 165857.0
39.19450807571411, 165864.0
39.42247200012207, 166722.0
39.509974002838135, 167167.0
39.659918785095215, 167385.0
39.70581579208374, 167513.0
39.73883390426636, 168002.0
39.747756004333496, 168838.0
39.7787070274353, 169056.0
40.248852014541626, 169172.0
40.26125383377075, 169384.0
40.28990602493286, 170284.0
40.30305886268616, 170914.0
40.449246883392334, 171018.0
40.59676194190979, 171417.0
40.669196128845215, 171598.0
40.71161985397339, 171667.0
40.71753978729248, 171801.0
40.71953010559082, 172732.0
40.780853033065796, 172939.0
40.78581881523132, 173060.0
40.82733702659607, 173107.0
40.87604594230652, 173245.0
40.93204092979431, 173357.0
40.991021156311035, 173513.0
40.99618697166443, 174077.0
41.21817183494568, 174226.0
41.24490690231323, 175208.0
41.29116702079773, 176018.0
41.382570028305054, 176954.0
41.617496728897095, 177842.0
42.36358189582825, 178169.0
42.46764588356018, 179027.0
42.562023878097534, 179877.0
42.74680304527283, 180020.0
43.14899778366089, 180429.0
43.16181516647339, 180502.0
43.18057608604431, 181286.0
43.22395396232605, 181720.0
43.349668979644775, 181725.0
45.08192205429077, 181732.0
45.11660289764404, 182386.0
45.18171811103821, 183037.0
45.66109013557434, 183305.0
45.68608283996582, 184131.0
45.805837869644165, 184134.0
46.27869892120361, 184945.0
46.345762729644775, 185253.0
46.39090371131897, 185674.0
46.39300799369812, 186596.0
46.662842988967896, 186762.0
46.715927839279175, 186980.0
46.79840803146362, 187277.0
47.02409601211548, 187368.0
47.45223593711853, 187547.0
47.553804874420166, 188504.0
47.58339309692383, 189198.0
48.141448974609375, 189351.0
49.33762788772583, 189614.0
49.353204011917114, 189998.0
49.35940408706665, 190441.0
49.42259097099304, 190772.0
49.466696977615356, 190925.0
49.600443840026855, 191276.0
50.11763787269592, 191574.0
50.45896601676941, 191812.0
50.473347902297974, 191938.0
50.567184925079346, 192232.0
50.76131796836853, 192588.0
50.82078695297241, 192630.0
50.82872200012207, 192988.0
51.07736396789551, 193209.0
51.20089507102966, 194026.0
51.28264284133911, 194146.0
51.2895188331604, 194173.0
51.40340781211853, 194352.0
51.48798108100891, 194920.0
51.49478793144226, 195397.0
51.669479846954346, 195566.0
51.68005394935608, 196149.0
51.81483793258667, 196159.0
51.83590793609619, 196749.0
51.88409495353699, 196770.0
52.34136080741882, 197354.0
52.54955077171326, 198052.0
52.751752853393555, 198749.0
53.529340982437134, 199025.0
53.92033290863037, 199369.0
54.11068081855774, 199496.0
54.53770995140076, 199547.0
54.91549801826477, 199746.0
54.921602725982666, 199774.0
55.26854681968689, 199786.0
55.39360594749451, 199821.0
55.58801579475403, 200505.0
56.3872971534729, 200611.0
56.657084941864014, 200775.0
56.68101692199707, 201659.0
57.43557405471802, 201829.0
57.44336795806885, 202668.0
57.64559292793274, 203225.0
57.733863830566406, 203353.0
59.137032985687256, 203522.0
60.915310859680176, 204154.0
61.70465278625488, 204946.0
65.69844675064087, 204958.0
66.37101292610168, 205205.0
66.86374497413635, 205492.0
71.22929787635803, 205975.0
72.03955793380737, 205980.0
74.3658459186554, 206031.0
80.51508688926697, 206061.0
80.67147970199585, 206082.0
