0.5201799869537354, 26180.0
0.8945217132568359, 26698.0
1.2666728496551514, 26698.0
1.635448694229126, 27125.0
2.005415916442871, 27356.0
2.376948833465576, 27513.0
2.7469067573547363, 27579.0
3.123631715774536, 28370.0
3.499255657196045, 28370.0
3.887356996536255, 28565.0
4.270641803741455, 28663.0
4.651873826980591, 28712.0
5.048088788986206, 28968.0
5.448513746261597, 29172.0
5.833593845367432, 29322.0
6.215247869491577, 29449.0
6.590656042098999, 29640.0
6.967633962631226, 29711.0
7.345685005187988, 30038.0
7.71880578994751, 30038.0
8.09736680984497, 30096.0
8.47082781791687, 30579.0
8.844205856323242, 30579.0
9.219467639923096, 30579.0
9.599792957305908, 30924.0
9.980445861816406, 31196.0
10.35895299911499, 31196.0
10.741073846817017, 31273.0
11.117381811141968, 31477.0
11.500075817108154, 31477.0
11.881500959396362, 31477.0
12.262858867645264, 31514.0
12.647619724273682, 31810.0
13.026691675186157, 32170.0
13.40871286392212, 32170.0
13.79119062423706, 32178.0
14.172930717468262, 32192.0
14.552560806274414, 32313.0
14.935532808303833, 32421.0
15.320193767547607, 32612.0
15.70060682296753, 32814.0
16.08234190940857, 32814.0
16.463146686553955, 32862.0
16.846145629882812, 33335.0
17.225473642349243, 33335.0
17.608689785003662, 33335.0
17.991670846939087, 33335.0
18.381892919540405, 33610.0
18.768331050872803, 33645.0
19.151253700256348, 33753.0
19.53600287437439, 33789.0
19.920716762542725, 33789.0
20.30383801460266, 33904.0
20.687187910079956, 34150.0
21.07348084449768, 34150.0
21.470862865447998, 34248.0
21.861243963241577, 34302.0
22.247071981430054, 34351.0
22.63265085220337, 34351.0
23.020380973815918, 34500.0
23.407156944274902, 34500.0
23.79473066329956, 34500.0
24.18264079093933, 34718.0
24.573049783706665, 34718.0
24.961885929107666, 35005.0
25.34978175163269, 35005.0
25.736862897872925, 35005.0
26.124400854110718, 35082.0
26.508662700653076, 35170.0
26.89618682861328, 35170.0
27.281861782073975, 35200.0
27.667824745178223, 35417.0
28.05250573158264, 35417.0
28.440849781036377, 35417.0
28.826149940490723, 35417.0
29.211800813674927, 35417.0
29.599414825439453, 35493.0
29.98866105079651, 35803.0
30.377530813217163, 35803.0
30.76326084136963, 35803.0
31.152053594589233, 36043.0
31.54013180732727, 36043.0
31.9271297454834, 36043.0
32.31431484222412, 36043.0
32.7031888961792, 36087.0
33.089603900909424, 36383.0
33.482754707336426, 36383.0
33.86959266662598, 36383.0
34.259384870529175, 36383.0
34.64526581764221, 36723.0
35.03643870353699, 36723.0
35.423295974731445, 36838.0
35.81027364730835, 36838.0
36.19999074935913, 36994.0
36.58945679664612, 36994.0
36.980891942977905, 36999.0
37.37498092651367, 36999.0
37.76738476753235, 36999.0
38.16010594367981, 36999.0
38.55210590362549, 36999.0
38.943238973617554, 37268.0
39.33400774002075, 37268.0
39.72811985015869, 37268.0
40.119651794433594, 37268.0
40.51272773742676, 37268.0
40.906527042388916, 37268.0
41.297597885131836, 37337.0
41.69243597984314, 37337.0
42.08768367767334, 37400.0
42.48373985290527, 37449.0
42.876298904418945, 37528.0
43.2705397605896, 37528.0
43.663514852523804, 37528.0
44.05555486679077, 37528.0
44.449347734451294, 37582.0
44.84366273880005, 37582.0
45.23824071884155, 37624.0
45.6323037147522, 37624.0
46.04700493812561, 37624.0
46.44399070739746, 37636.0
46.83398079872131, 37792.0
47.226024866104126, 37846.0
47.62644672393799, 37846.0
48.027185916900635, 37846.0
48.43491983413696, 37935.0
48.83197474479675, 37935.0
49.226043939590454, 38116.0
49.62653684616089, 38116.0
50.0256986618042, 38116.0
50.435925006866455, 38152.0
50.837732791900635, 38152.0
51.24101185798645, 38152.0
51.64233875274658, 38197.0
52.036638021469116, 38261.0
52.435534715652466, 38271.0
52.8412606716156, 38271.0
53.23528575897217, 38271.0
53.62799787521362, 38469.0
54.06185984611511, 38469.0
54.52634596824646, 38471.0
54.96522665023804, 38471.0
55.48619294166565, 38569.0
55.919999837875366, 38569.0
56.322325706481934, 38569.0
56.721338748931885, 38569.0
57.11963987350464, 38569.0
57.51553273200989, 38569.0
57.91170787811279, 38595.0
58.308581829071045, 38611.0
58.70536971092224, 38802.0
59.101446866989136, 38802.0
59.49785280227661, 38802.0
59.89592671394348, 38834.0
60.2939510345459, 38834.0
60.685720682144165, 38834.0
61.0852837562561, 38906.0
61.48297882080078, 38906.0
61.879021883010864, 38906.0
62.27994084358215, 39140.0
62.67844581604004, 39140.0
63.102295875549316, 39140.0
63.50186777114868, 39140.0
63.90152883529663, 39140.0
64.29976677894592, 39149.0
64.69390892982483, 39192.0
65.08577084541321, 39192.0
65.48026394844055, 39192.0
65.87455677986145, 39385.0
66.26778078079224, 39385.0
66.66003465652466, 39399.0
67.05475282669067, 39399.0
67.44818091392517, 39399.0
67.83962869644165, 39399.0
68.23333477973938, 39399.0
68.62810969352722, 39399.0
69.02222681045532, 39399.0
69.4152729511261, 39399.0
69.80848383903503, 39399.0
70.20094180107117, 39648.0
70.59232592582703, 39648.0
70.98607063293457, 39648.0
71.37979698181152, 39648.0
71.77102589607239, 39648.0
72.16646099090576, 39648.0
72.56062698364258, 39684.0
72.9520697593689, 39684.0
73.34404277801514, 39684.0
73.73829889297485, 39684.0
74.13430786132812, 39684.0
74.52796387672424, 39684.0
74.92243790626526, 39692.0
75.31687092781067, 39742.0
75.71112990379333, 39742.0
76.1037368774414, 39788.0
76.49758791923523, 39821.0
76.89254784584045, 39821.0
77.28411984443665, 40048.0
77.67541098594666, 40048.0
78.06955289840698, 40048.0
78.46984577178955, 40048.0
78.8660979270935, 40048.0
