2.5033950805664062e-05, 717.0
4.7206878662109375e-05, 1094.0
0.00010704994201660156, 1275.0
0.0005590915679931641, 1561.0
0.0006380081176757812, 1562.0
0.0020830631256103516, 1597.0
0.003020048141479492, 1639.0
0.003058910369873047, 1797.0
0.0038242340087890625, 1838.0
0.004079103469848633, 1856.0
0.007144927978515625, 1891.0
0.015996217727661133, 1896.0
0.03758096694946289, 1932.0
0.04042506217956543, 1943.0
0.043450117111206055, 1958.0
0.04478788375854492, 2035.0
0.0721430778503418, 2071.0
0.0811300277709961, 2073.0
0.08312606811523438, 2094.0
0.09042501449584961, 2179.0
0.3347640037536621, 2191.0
0.4710400104522705, 2197.0
0.6927590370178223, 2267.0
0.6937060356140137, 2291.0
