0.20405006408691406, 10998.0
0.3533902168273926, 11011.0
0.5029482841491699, 11254.0
0.6526238918304443, 11255.0
0.8007669448852539, 11373.0
0.9528319835662842, 11532.0
1.1041631698608398, 11580.0
1.2557141780853271, 11788.0
1.40687894821167, 12159.0
1.5582129955291748, 12159.0
1.7098500728607178, 12310.0
1.8596491813659668, 12310.0
2.0141382217407227, 12565.0
2.166940927505493, 12565.0
2.3216960430145264, 12565.0
2.475893974304199, 12787.0
2.6304688453674316, 12802.0
2.783634901046753, 12819.0
2.937044143676758, 12904.0
3.0891048908233643, 12939.0
3.2411551475524902, 13151.0
3.3941309452056885, 13185.0
3.547642230987549, 13460.0
3.7043001651763916, 13645.0
3.8644931316375732, 13645.0
4.031013250350952, 13645.0
4.192302227020264, 13645.0
4.348880052566528, 13645.0
4.50458025932312, 13908.0
4.660059928894043, 14129.0
4.81502103805542, 14129.0
4.970077037811279, 14129.0
5.128194093704224, 14129.0
5.285222053527832, 14129.0
5.444512128829956, 14312.0
5.606184005737305, 14312.0
5.765283107757568, 14523.0
5.925343036651611, 14523.0
6.083153009414673, 14523.0
6.238095998764038, 14849.0
6.394465208053589, 14849.0
6.55075216293335, 14849.0
6.707827091217041, 14849.0
6.864351987838745, 14849.0
7.021436929702759, 14849.0
7.178530216217041, 14953.0
7.334485054016113, 14996.0
7.490541219711304, 14996.0
7.646675109863281, 14996.0
7.800969123840332, 15049.0
7.957634210586548, 15049.0
8.113770008087158, 15049.0
8.271111965179443, 15252.0
8.430174112319946, 15252.0
8.586639165878296, 15341.0
8.743012189865112, 15435.0
8.899744033813477, 15435.0
9.056255102157593, 15435.0
9.212927103042603, 15519.0
9.369940996170044, 15519.0
9.527285099029541, 15519.0
9.684491157531738, 15611.0
9.84191107749939, 15611.0
9.99763798713684, 15611.0
10.153327941894531, 15638.0
10.310495138168335, 15638.0
10.466658115386963, 15692.0
10.622419118881226, 15692.0
10.778138160705566, 15772.0
10.933857202529907, 15787.0
11.089555025100708, 15787.0
11.245274305343628, 15802.0
11.401189088821411, 15813.0
11.55698013305664, 15845.0
11.712836265563965, 15845.0
11.868458032608032, 15912.0
12.024296998977661, 15952.0
12.180302143096924, 15952.0
12.337286949157715, 15980.0
12.493945121765137, 16131.0
12.649711847305298, 16131.0
12.80562424659729, 16131.0
12.961468935012817, 16131.0
13.117469072341919, 16131.0
13.273492097854614, 16131.0
13.429695129394531, 16131.0
13.58578610420227, 16198.0
13.742042303085327, 16198.0
13.899657964706421, 16198.0
14.056519985198975, 16198.0
14.21263599395752, 16198.0
14.369586944580078, 16198.0
14.526276111602783, 16365.0
14.682191848754883, 16365.0
14.838268041610718, 16365.0
14.99422311782837, 16365.0
15.150119066238403, 16365.0
15.306022882461548, 16365.0
15.461669921875, 16365.0
15.617717981338501, 16365.0
15.773639917373657, 16365.0
15.929701089859009, 16403.0
16.08579111099243, 16403.0
16.24200201034546, 16446.0
16.399039030075073, 16446.0
16.55608606338501, 16446.0
16.712239265441895, 16588.0
16.868530988693237, 16588.0
17.02743101119995, 16588.0
17.184072017669678, 16588.0
17.340816974639893, 16588.0
17.497684955596924, 16588.0
17.654587984085083, 16651.0
17.81169319152832, 16651.0
17.968897104263306, 16651.0
18.125795125961304, 16651.0
18.282774209976196, 16651.0
18.441070079803467, 16651.0
18.598774194717407, 16651.0
18.75586199760437, 16651.0
18.913212060928345, 16651.0
19.07066512107849, 16660.0
19.227859020233154, 16660.0
19.38517713546753, 16660.0
19.542373180389404, 16662.0
19.699590921401978, 16662.0
19.85714316368103, 16662.0
20.016767024993896, 16683.0
20.1738440990448, 16751.0
20.33077621459961, 16751.0
20.48941397666931, 16781.0
20.64706802368164, 16781.0
20.804423093795776, 16831.0
20.96181607246399, 16831.0
21.11904501914978, 16858.0
21.276597023010254, 16858.0
21.43387198448181, 16858.0
21.591058015823364, 16886.0
21.748435020446777, 16886.0
21.905898094177246, 16961.0
22.063544034957886, 16961.0
22.22115206718445, 16967.0
22.378819227218628, 16967.0
22.53806209564209, 17006.0
22.695374250411987, 17006.0
22.852673053741455, 17006.0
23.012294054031372, 17056.0
23.1695659160614, 17065.0
23.326660871505737, 17097.0
23.483854055404663, 17097.0
23.64089298248291, 17097.0
23.798033952713013, 17097.0
23.9553439617157, 17097.0
24.112239122390747, 17132.0
24.26940107345581, 17135.0
24.42655110359192, 17135.0
24.585227012634277, 17135.0
24.742801904678345, 17145.0
24.90021824836731, 17145.0
25.057209253311157, 17164.0
25.214735984802246, 17164.0
25.371896028518677, 17181.0
25.529112100601196, 17181.0
25.68644905090332, 17181.0
25.84373903274536, 17221.0
26.0034761428833, 17221.0
26.160858869552612, 17221.0
26.31806206703186, 17221.0
26.475394010543823, 17282.0
26.637192010879517, 17282.0
26.796539068222046, 17282.0
26.954798221588135, 17282.0
27.112794876098633, 17282.0
27.27235507965088, 17315.0
27.430530071258545, 17315.0
27.5887451171875, 17315.0
27.746934175491333, 17315.0
27.905179023742676, 17315.0
28.063385248184204, 17315.0
28.221575021743774, 17322.0
28.379685878753662, 17340.0
28.53790807723999, 17431.0
28.69785499572754, 17431.0
28.856210947036743, 17431.0
29.01759910583496, 17431.0
29.176164150238037, 17431.0
29.33438801765442, 17431.0
29.492484092712402, 17431.0
29.650811910629272, 17431.0
29.809118032455444, 17431.0
29.967233180999756, 17431.0
30.12536907196045, 17431.0
30.283534049987793, 17431.0
30.44178795814514, 17431.0
30.599950075149536, 17443.0
30.760322093963623, 17443.0
30.91903305053711, 17478.0
31.077450037002563, 17478.0
31.236205101013184, 17478.0
31.39499592781067, 17478.0
31.55365514755249, 17497.0
