0.0009641647338867188, 349.0
0.0019221305847167969, 1278.0
0.002892017364501953, 2208.0
0.003880023956298828, 2900.0
0.004937887191772461, 2995.0
0.005961894989013672, 3776.0
0.006933927536010742, 4530.0
0.007890939712524414, 4846.0
0.008852005004882812, 5244.0
0.009814977645874023, 5407.0
0.010800838470458984, 5633.0
0.011827945709228516, 5831.0
0.012830972671508789, 5871.0
0.013803958892822266, 6201.0
0.014781951904296875, 6583.0
0.015739917755126953, 7020.0
0.016698837280273438, 7809.0
0.017657995223999023, 8385.0
0.018627166748046875, 9101.0
0.019599199295043945, 10101.0
0.020559072494506836, 10276.0
0.021542787551879883, 10892.0
0.022502899169921875, 11083.0
0.02346181869506836, 11686.0
0.024422883987426758, 12480.0
0.025397062301635742, 13308.0
0.026367902755737305, 14271.0
0.02732396125793457, 15226.0
0.02829909324645996, 15273.0
0.02925586700439453, 15947.0
0.030226945877075195, 16376.0
0.031183958053588867, 16379.0
0.03214216232299805, 17105.0
0.033102989196777344, 17903.0
0.03406095504760742, 18236.0
0.03502488136291504, 18542.0
0.03601789474487305, 18654.0
0.03701496124267578, 19240.0
0.037986040115356445, 19437.0
0.038948774337768555, 19964.0
0.03991508483886719, 20927.0
0.04087495803833008, 21725.0
0.04183387756347656, 21726.0
0.04280900955200195, 22568.0
0.04376816749572754, 22803.0
0.21506881713867188, 23179.0
0.28810906410217285, 23190.0
0.35720086097717285, 23601.0
0.37325596809387207, 24146.0
0.4953629970550537, 24307.0
0.5094919204711914, 25249.0
0.5249049663543701, 26123.0
0.5416440963745117, 26688.0
0.5628201961517334, 26987.0
0.5766451358795166, 27926.0
0.587482213973999, 28496.0
0.6306848526000977, 28949.0
0.6506071090698242, 29563.0
0.6882390975952148, 29728.0
0.760807991027832, 30026.0
0.8225209712982178, 30394.0
0.8254280090332031, 30619.0
0.8264057636260986, 30713.0
0.9073200225830078, 31370.0
0.9092669486999512, 31653.0
0.9178948402404785, 32342.0
0.941615104675293, 33002.0
0.949242115020752, 33391.0
0.9654190540313721, 33517.0
0.972088098526001, 34207.0
1.073692798614502, 34583.0
1.514909029006958, 35128.0
1.5644199848175049, 35348.0
1.780729055404663, 35574.0
1.7816829681396484, 36225.0
1.784510850906372, 37167.0
1.7930259704589844, 37650.0
1.8612380027770996, 38041.0
1.9361867904663086, 38083.0
1.9573349952697754, 38252.0
1.9600830078125, 38902.0
1.964709758758545, 39340.0
1.9720919132232666, 40282.0
1.9794518947601318, 40688.0
1.9813098907470703, 41641.0
1.983165979385376, 42157.0
1.9860038757324219, 43136.0
2.0054211616516113, 43776.0
2.008197069168091, 44616.0
2.1732170581817627, 44798.0
2.1842548847198486, 45508.0
2.2574079036712646, 46366.0
2.3232638835906982, 46412.0
2.3269519805908203, 47077.0
2.336148977279663, 47161.0
2.3370821475982666, 47408.0
2.3508360385894775, 48139.0
2.4123830795288086, 48838.0
2.4252238273620605, 49451.0
2.4380548000335693, 49924.0
2.4453868865966797, 50410.0
2.447248935699463, 50955.0
2.4655821323394775, 51582.0
2.466517925262451, 51884.0
2.4985709190368652, 52296.0
2.505911111831665, 52736.0
2.5077669620513916, 53515.0
2.510550022125244, 54235.0
2.5133168697357178, 54361.0
2.52820086479187, 55268.0
2.5319008827209473, 55437.0
2.5702600479125977, 55737.0
2.592988967895508, 55920.0
2.6030771732330322, 56809.0
2.6049320697784424, 57130.0
2.6718459129333496, 57239.0
2.6846940517425537, 57507.0
2.702162981033325, 57523.0
2.7333099842071533, 58327.0
2.7709271907806396, 58917.0
2.779205083847046, 59880.0
2.821463108062744, 60089.0
2.822402000427246, 60800.0
2.8242599964141846, 61163.0
2.8251960277557373, 61561.0
2.9049510955810547, 61751.0
2.9077141284942627, 62018.0
2.9095611572265625, 62236.0
2.9150772094726562, 62303.0
2.91601300239563, 62581.0
2.916949987411499, 63164.0
3.2617640495300293, 63634.0
3.3380489349365234, 64178.0
3.372802972793579, 64892.0
3.3746449947357178, 65890.0
3.49216890335083, 66107.0
3.5022661685943604, 66656.0
3.5391108989715576, 66905.0
3.545616865158081, 67835.0
3.744894027709961, 67865.0
3.7467498779296875, 68323.0
3.7679097652435303, 69221.0
3.7808051109313965, 69557.0
3.857513904571533, 69663.0
3.864910125732422, 69675.0
4.038478136062622, 69818.0
4.078624963760376, 70193.0
4.094937086105347, 70650.0
4.376554012298584, 70675.0
4.4018449783325195, 71087.0
4.411951065063477, 71835.0
4.425157070159912, 72719.0
4.441570043563843, 73372.0
4.457052946090698, 73558.0
4.483724117279053, 73570.0
4.488870859146118, 73821.0
4.507218837738037, 74184.0
4.5226969718933105, 74337.0
4.631173133850098, 74696.0
4.635930061340332, 74893.0
4.697219133377075, 75141.0
4.835578918457031, 75748.0
4.893777847290039, 76549.0
4.8958189487457275, 76960.0
4.945575952529907, 77797.0
4.950595140457153, 78055.0
4.97254204750061, 78554.0
4.978486061096191, 78922.0
4.980472087860107, 79544.0
4.985411167144775, 80185.0
5.001938819885254, 80529.0
5.07541298866272, 80859.0
5.180577993392944, 80932.0
5.189836025238037, 81587.0
5.587261915206909, 81927.0
5.617319822311401, 82318.0
5.631416082382202, 83129.0
5.69501805305481, 83359.0
5.819926977157593, 83676.0
6.187180042266846, 83740.0
6.197566986083984, 84056.0
6.198547840118408, 84533.0
6.199538946151733, 85231.0
6.244463920593262, 85308.0
6.273618936538696, 85869.0
6.375853061676025, 85947.0
6.377683877944946, 86024.0
6.398606061935425, 86930.0
6.402251958847046, 87148.0
6.421365976333618, 87510.0
6.501564979553223, 87837.0
6.507978916168213, 88776.0
6.515355825424194, 89171.0
6.537426948547363, 89756.0
6.53925895690918, 90230.0
6.543849945068359, 90873.0
6.615703105926514, 91172.0
6.768556118011475, 91790.0
6.935317039489746, 92390.0
7.454149007797241, 92421.0
7.4619598388671875, 92777.0
7.46689510345459, 93301.0
7.7173120975494385, 94021.0
7.74236798286438, 94282.0
7.745297908782959, 94291.0
7.766519069671631, 94343.0
7.767493963241577, 94371.0
8.52765703201294, 94656.0
8.619040966033936, 94688.0
8.637322902679443, 94772.0
8.640218019485474, 95093.0
8.641212940216064, 95776.0
8.663470029830933, 96687.0
8.682520151138306, 96737.0
8.703108072280884, 96904.0
8.711759805679321, 97171.0
8.717540740966797, 97783.0
8.753116846084595, 97988.0
9.654510974884033, 98208.0
9.669912099838257, 98638.0
9.689162969589233, 98809.0
9.70262885093689, 98933.0
9.707451820373535, 99477.0
9.912590026855469, 99980.0
9.922219038009644, 100225.0
10.034723043441772, 100605.0
10.121193885803223, 100744.0
10.128865957260132, 101491.0
10.281019926071167, 101508.0
10.327019929885864, 101594.0
10.328003168106079, 102131.0
10.3835129737854, 103088.0
10.734817028045654, 103239.0
10.759606122970581, 103605.0
10.762592077255249, 104162.0
10.934957027435303, 104594.0
10.962577819824219, 104818.0
11.053694009780884, 105199.0
11.20323395729065, 105294.0
11.205205917358398, 105741.0
11.219918012619019, 106071.0
11.223840951919556, 106938.0
11.232731819152832, 107099.0
11.245513916015625, 107573.0
11.677529096603394, 107604.0
12.037658214569092, 107985.0
12.186825037002563, 108288.0
12.203320980072021, 108333.0
12.23717713356018, 108688.0
12.264343023300171, 108965.0
12.426939964294434, 109169.0
12.42793083190918, 109210.0
12.45602297782898, 109561.0
12.509289979934692, 110128.0
12.517225980758667, 110426.0
12.615957021713257, 110796.0
12.631475925445557, 110964.0
12.71182107925415, 111307.0
12.730345010757446, 111354.0
12.760420083999634, 111724.0
12.761399030685425, 112314.0
12.774017095565796, 112479.0
12.79242491722107, 113003.0
12.794374942779541, 113533.0
12.806991815567017, 113659.0
12.81472396850586, 114429.0
12.848681926727295, 115017.0
13.985735893249512, 115437.0
14.0817129611969, 116207.0
14.086561918258667, 116473.0
14.20072603225708, 116509.0
14.284850835800171, 116715.0
14.317798852920532, 117195.0
14.322695016860962, 117861.0
14.327549934387207, 118815.0
14.395357847213745, 119292.0
14.439929008483887, 119810.0
14.440927982330322, 120467.0
14.459290981292725, 120735.0
14.461237907409668, 121506.0
14.465117931365967, 122306.0
14.536163091659546, 122332.0
14.542036056518555, 123161.0
14.856471061706543, 123538.0
18.80744504928589, 123690.0
18.847283840179443, 124009.0
18.851407766342163, 124112.0
18.898359060287476, 124517.0
18.918240070343018, 124764.0
19.16397213935852, 125016.0
19.199462890625, 125039.0
19.218219995498657, 125958.0
19.2468159198761, 126490.0
19.257643938064575, 126494.0
19.29223084449768, 126744.0
19.36028289794922, 126837.0
19.564897060394287, 127034.0
19.59070587158203, 127042.0
19.610394954681396, 127961.0
19.62227201461792, 128504.0
19.631155014038086, 128666.0
19.65091300010681, 129469.0
19.656859874725342, 129528.0
19.681626081466675, 130045.0
20.022979974746704, 130237.0
20.049602031707764, 131029.0
20.08884882926941, 131476.0
20.101568937301636, 131689.0
20.1162428855896, 131774.0
20.169141054153442, 132126.0
20.193700075149536, 132407.0
22.693252086639404, 132696.0
22.83329677581787, 133491.0
23.248887062072754, 133670.0
23.26741099357605, 134123.0
23.277180910110474, 134646.0
23.28011703491211, 135305.0
23.283055067062378, 135548.0
23.478615045547485, 135599.0
23.698559999465942, 136183.0
27.471369981765747, 136844.0
27.864312171936035, 136993.0
27.88738512992859, 137582.0
27.95849084854126, 137592.0
27.96235179901123, 138075.0
27.976778984069824, 138971.0
28.014312028884888, 139371.0
28.021201848983765, 139387.0
28.058738946914673, 139583.0
28.213900089263916, 139653.0
28.235890865325928, 140082.0
28.51028084754944, 140097.0
28.544098138809204, 140948.0
28.74099612236023, 141184.0
28.74292302131653, 141219.0
28.803258895874023, 141308.0
28.80710196495056, 141374.0
28.814791917800903, 141895.0
28.91235089302063, 142009.0
28.91332697868347, 142188.0
28.915261030197144, 142976.0
28.968932151794434, 143688.0
29.064224004745483, 144225.0
29.091971158981323, 144868.0
29.109264850616455, 145257.0
29.355536937713623, 145783.0
29.394974946975708, 145820.0
29.415076971054077, 146377.0
30.43971085548401, 146843.0
30.443555116653442, 146862.0
30.471400022506714, 147283.0
30.480971097946167, 147740.0
30.51215410232544, 148158.0
30.535027980804443, 148272.0
30.549052000045776, 148322.0
30.641093969345093, 148441.0
30.92590093612671, 148584.0
30.94337511062622, 149354.0
31.733009815216064, 149760.0
31.750362157821655, 150660.0
31.77545404434204, 151207.0
31.779337882995605, 151551.0
31.780323028564453, 151721.0
31.78996205329895, 152306.0
33.7368278503418, 152999.0
33.866456031799316, 153009.0
34.118720054626465, 153407.0
34.40316390991211, 153535.0
34.41564702987671, 153632.0
34.41855216026306, 154318.0
34.99217104911804, 154383.0
35.01831078529358, 154947.0
35.03566002845764, 155821.0
35.07423782348633, 156436.0
35.84070801734924, 156578.0
35.97400903701782, 156815.0
36.05141806602478, 157091.0
36.09501600265503, 157326.0
36.119786977767944, 157618.0
36.163463830947876, 158189.0
36.20486307144165, 158457.0
36.43948292732239, 158688.0
36.655550956726074, 159197.0
36.67507004737854, 159382.0
36.67898893356323, 160180.0
36.74830484390259, 160336.0
36.75516486167908, 160646.0
36.77177286148071, 160762.0
36.77374196052551, 161496.0
36.7757089138031, 161530.0
36.82656693458557, 162098.0
36.99782609939575, 162276.0
37.009567975997925, 163126.0
37.178077936172485, 163192.0
37.25978183746338, 163406.0
37.322940826416016, 163530.0
37.413360834121704, 164000.0
37.426053047180176, 164516.0
37.43779397010803, 165477.0
37.609253883361816, 165593.0
37.614137172698975, 166242.0
37.62290620803833, 166344.0
38.297584772109985, 166387.0
38.5099310874939, 166410.0
38.51484298706055, 166508.0
38.53347301483154, 167379.0
38.55185508728027, 167451.0
38.57321286201477, 167729.0
38.59298610687256, 168104.0
38.602717876434326, 168485.0
38.68214511871338, 168987.0
38.72280406951904, 169647.0
38.91298985481262, 170046.0
38.91687297821045, 170905.0
39.08198404312134, 171067.0
39.73607802391052, 171204.0
39.78520703315735, 171566.0
39.834882974624634, 172563.0
40.127686977386475, 172580.0
40.136499881744385, 172794.0
41.615668058395386, 172877.0
41.64161515235901, 172961.0
41.66861891746521, 173469.0
41.67924189567566, 173592.0
41.74988794326782, 173623.0
41.791281938552856, 174537.0
41.792261838912964, 174639.0
41.82015895843506, 175515.0
41.8595929145813, 175721.0
41.91439414024353, 175919.0
41.92305517196655, 176017.0
41.99612903594971, 176571.0
42.13194298744202, 176840.0
42.18008899688721, 177207.0
42.205090045928955, 177447.0
42.209912061691284, 177765.0
42.274375915527344, 178147.0
42.28400993347168, 178195.0
42.311941146850586, 178637.0
44.39359998703003, 178658.0
44.644043922424316, 178726.0
44.64982295036316, 178735.0
44.708390951156616, 179481.0
44.81124186515808, 179672.0
44.92164707183838, 180048.0
45.08638906478882, 180402.0
45.12389898300171, 181077.0
45.12968397140503, 181819.0
45.20469093322754, 182286.0
45.246057987213135, 182307.0
45.37134909629822, 182323.0
45.373284101486206, 183253.0
45.71898794174194, 183691.0
45.76317381858826, 184069.0
45.82365012168884, 184670.0
45.840006828308105, 184754.0
46.03504419326782, 184907.0
46.12643003463745, 185519.0
46.230185985565186, 185901.0
46.25138998031616, 186119.0
46.296496868133545, 186920.0
46.29938983917236, 187503.0
46.32628893852234, 187771.0
46.4405198097229, 188220.0
46.45209193229675, 189022.0
46.51947498321533, 189057.0
46.70301795005798, 189188.0
46.72124791145325, 189583.0
46.85187101364136, 189997.0
47.190104961395264, 190327.0
47.22661995887756, 190817.0
47.32304000854492, 191053.0
47.69974708557129, 191357.0
48.386394023895264, 191779.0
48.47187900543213, 191955.0
48.92624306678772, 192487.0
49.334145069122314, 193421.0
49.471800088882446, 193689.0
49.61907720565796, 193863.0
49.7957980632782, 193866.0
50.04744076728821, 194008.0
50.05333709716797, 194389.0
50.05922293663025, 194874.0
50.260602951049805, 194998.0
50.261603116989136, 195333.0
50.5561900138855, 195662.0
50.5905659198761, 195879.0
50.64643096923828, 195880.0
50.65722608566284, 196133.0
50.88465690612793, 196251.0
51.076061964035034, 196435.0
51.842957973480225, 196923.0
53.19170784950256, 197569.0
53.204339027404785, 198173.0
53.2421498298645, 198243.0
53.39344096183777, 198787.0
53.56144404411316, 198871.0
53.75905799865723, 199834.0
53.89870095252991, 200194.0
54.159825801849365, 200355.0
54.239742040634155, 200501.0
54.29754114151001, 201154.0
54.39104986190796, 201999.0
54.75476408004761, 202297.0
54.871986865997314, 202499.0
55.35065793991089, 202754.0
55.66061496734619, 203302.0
55.719621896743774, 203431.0
57.24979615211487, 203506.0
57.48187279701233, 203685.0
57.54277300834656, 203810.0
57.89463496208191, 203989.0
58.268129110336304, 204065.0
58.86042809486389, 204348.0
60.30222010612488, 204353.0
60.65358114242554, 204599.0
60.65845799446106, 205028.0
62.40464782714844, 205087.0
62.4808189868927, 205534.0
67.56221795082092, 205988.0
70.55101490020752, 205991.0
80.38062000274658, 205993.0
85.94103908538818, 206023.0
87.4032530784607, 206026.0
