0.019359111785888672, 1328.0
0.035147905349731445, 1328.0
0.05166816711425781, 1328.0
0.06739926338195801, 1385.0
0.0837700366973877, 1516.0
0.10006904602050781, 1516.0
0.11634516716003418, 1569.0
0.13203811645507812, 1602.0
0.14789223670959473, 1602.0
0.1636803150177002, 1602.0
0.17946529388427734, 1602.0
0.19529318809509277, 1602.0
0.21113801002502441, 1602.0
0.22699999809265137, 1602.0
0.2428581714630127, 1602.0
0.25875186920166016, 1606.0
0.27495813369750977, 1606.0
0.29150915145874023, 1606.0
0.30765414237976074, 1606.0
0.3237910270690918, 1606.0
0.3399951457977295, 1606.0
0.3562133312225342, 1606.0
0.37262725830078125, 1606.0
0.389362096786499, 1606.0
0.40905117988586426, 1606.0
0.4253971576690674, 1607.0
0.44110727310180664, 1607.0
0.4569110870361328, 1608.0
0.47266602516174316, 1608.0
0.48844218254089355, 1608.0
0.504277229309082, 1608.0
0.5200810432434082, 1608.0
0.5358850955963135, 1608.0
0.5525150299072266, 1608.0
0.5685610771179199, 1608.0
0.5851099491119385, 1608.0
0.6016292572021484, 1608.0
0.6176192760467529, 1608.0
0.6336061954498291, 1608.0
0.6495940685272217, 1608.0
0.6655442714691162, 1608.0
0.6814651489257812, 1608.0
0.6975622177124023, 1608.0
0.7136750221252441, 1608.0
0.7298552989959717, 1608.0
0.7459061145782471, 1608.0
0.7619850635528564, 1608.0
0.778022050857544, 1608.0
0.7940893173217773, 1608.0
0.8101050853729248, 1608.0
0.8261332511901855, 1608.0
0.8421952724456787, 1608.0
0.8582210540771484, 1608.0
0.8742470741271973, 1608.0
0.8902740478515625, 1608.0
0.9063122272491455, 1608.0
0.92234206199646, 1608.0
0.938370943069458, 1608.0
0.9544103145599365, 1608.0
0.9704411029815674, 1608.0
0.9865550994873047, 1608.0
1.0027060508728027, 1608.0
1.0193278789520264, 1608.0
1.0357081890106201, 1608.0
1.0523192882537842, 1608.0
1.0687661170959473, 1608.0
1.0852460861206055, 1608.0
1.1016249656677246, 1608.0
1.1180181503295898, 1608.0
1.1344261169433594, 1608.0
1.1511039733886719, 1608.0
1.1679861545562744, 1608.0
1.1850543022155762, 1608.0
1.2020950317382812, 1608.0
1.218667984008789, 1608.0
1.2350172996520996, 1608.0
1.251391887664795, 1608.0
1.2677321434020996, 1608.0
1.284081220626831, 1608.0
1.3004372119903564, 1608.0
1.3167359828948975, 1608.0
1.3330321311950684, 1608.0
1.3494040966033936, 1608.0
1.3658201694488525, 1608.0
1.3823671340942383, 1608.0
1.3989050388336182, 1608.0
1.4155511856079102, 1608.0
1.4322149753570557, 1608.0
1.4490110874176025, 1608.0
1.465649127960205, 1608.0
1.4821522235870361, 1608.0
1.4988059997558594, 1608.0
1.514997959136963, 1608.0
1.5310251712799072, 1608.0
1.5470690727233887, 1608.0
1.5631122589111328, 1608.0
1.5791220664978027, 1608.0
1.59513521194458, 1608.0
1.611077070236206, 1608.0
1.6270771026611328, 1608.0
1.6430261135101318, 1608.0
1.659081220626831, 1608.0
1.6750750541687012, 1608.0
1.6910932064056396, 1608.0
1.7071161270141602, 1608.0
1.723135232925415, 1608.0
1.739173173904419, 1608.0
1.755218267440796, 1608.0
1.7712171077728271, 1608.0
1.7873051166534424, 1608.0
1.8033552169799805, 1608.0
1.8193340301513672, 1608.0
1.8353111743927002, 1608.0
1.851210117340088, 1608.0
1.8672549724578857, 1608.0
1.8831532001495361, 1608.0
1.89931321144104, 1608.0
1.9154620170593262, 1608.0
1.9314491748809814, 1608.0
1.9473531246185303, 1608.0
1.963386058807373, 1608.0
1.9792711734771729, 1608.0
1.9953389167785645, 1608.0
2.01124906539917, 1608.0
2.0272810459136963, 1608.0
2.0431981086730957, 1608.0
2.059190034866333, 1608.0
2.075122117996216, 1608.0
2.0911343097686768, 1608.0
2.107088088989258, 1608.0
2.1230051517486572, 1608.0
2.138963222503662, 1608.0
2.15565824508667, 1608.0
2.1718802452087402, 1608.0
2.187953233718872, 1608.0
2.2040371894836426, 1608.0
2.2200450897216797, 1608.0
2.2359771728515625, 1608.0
2.2519421577453613, 1608.0
2.2678730487823486, 1608.0
2.2837791442871094, 1608.0
2.299678087234497, 1608.0
2.3155760765075684, 1608.0
2.3314123153686523, 1608.0
2.3472139835357666, 1608.0
2.3630850315093994, 1608.0
2.3789281845092773, 1608.0
2.3953189849853516, 1608.0
2.4115450382232666, 1608.0
2.4277150630950928, 1608.0
2.443801164627075, 1608.0
2.45969295501709, 1608.0
2.475698232650757, 1608.0
2.4916601181030273, 1608.0
2.507676124572754, 1608.0
2.5235331058502197, 1608.0
2.540074110031128, 1608.0
2.5563392639160156, 1608.0
2.5729739665985107, 1608.0
2.5892860889434814, 1608.0
2.6057310104370117, 1608.0
2.6226260662078857, 1608.0
2.6390380859375, 1608.0
2.6552860736846924, 1608.0
2.6714422702789307, 1608.0
2.6875572204589844, 1608.0
2.7036051750183105, 1608.0
2.7196590900421143, 1608.0
2.735706090927124, 1608.0
2.751744031906128, 1608.0
2.7677531242370605, 1608.0
2.783823013305664, 1608.0
2.79994797706604, 1608.0
2.8159260749816895, 1608.0
2.831921100616455, 1608.0
2.8479480743408203, 1608.0
2.86395001411438, 1608.0
2.879957914352417, 1608.0
2.896003007888794, 1608.0
2.9120020866394043, 1608.0
2.928478240966797, 1608.0
2.9445340633392334, 1608.0
2.9605870246887207, 1608.0
2.9765591621398926, 1608.0
2.99247407913208, 1608.0
3.0085201263427734, 1608.0
3.024562120437622, 1608.0
3.0406110286712646, 1608.0
3.0565760135650635, 1608.0
3.0729830265045166, 1608.0
3.0892951488494873, 1608.0
3.1056182384490967, 1608.0
3.1219770908355713, 1608.0
3.1382880210876465, 1608.0
3.1545913219451904, 1608.0
3.1708462238311768, 1608.0
3.1871840953826904, 1608.0
3.2038562297821045, 1608.0
3.2204861640930176, 1608.0
3.237699031829834, 1608.0
3.254817008972168, 1608.0
