0.00020194053649902344, 669.0
0.0003998279571533203, 1100.0
0.0005960464477539062, 1181.0
0.0007927417755126953, 1410.0
0.0009908676147460938, 2253.0
0.0011878013610839844, 2602.0
0.0013849735260009766, 3299.0
0.0015838146209716797, 3956.0
0.0017819404602050781, 4199.0
0.002177000045776367, 4325.0
0.002374887466430664, 4867.0
0.0025718212127685547, 5774.0
0.003156900405883789, 6686.0
0.00432586669921875, 7163.0
0.009773731231689453, 8034.0
0.019871950149536133, 8327.0
0.0208740234375, 8995.0
0.021461963653564453, 9926.0
0.022632837295532227, 10924.0
0.023215770721435547, 11353.0
0.030271053314208984, 12242.0
0.03066277503967285, 13078.0
0.06915998458862305, 13279.0
0.08084988594055176, 14168.0
0.12752485275268555, 14450.0
0.14027881622314453, 14566.0
0.18602395057678223, 14627.0
0.19653081893920898, 15132.0
0.2355179786682129, 15172.0
0.23824787139892578, 15672.0
0.24648404121398926, 15673.0
0.24920988082885742, 15694.0
0.2565798759460449, 15899.0
0.26847290992736816, 16633.0
0.29775166511535645, 17074.0
0.36403775215148926, 17497.0
0.367534875869751, 17596.0
0.3688976764678955, 18187.0
0.36948466300964355, 18469.0
0.37453579902648926, 18711.0
0.37706589698791504, 19122.0
0.37726378440856934, 19598.0
0.3776540756225586, 19992.0
0.3784348964691162, 20080.0
0.37960290908813477, 20756.0
0.38234782218933105, 21710.0
0.3864457607269287, 22167.0
0.39152002334594727, 22852.0
0.39659595489501953, 23062.0
0.42969703674316406, 23092.0
0.43202996253967285, 23097.0
0.45370984077453613, 23603.0
0.4579746723175049, 23884.0
0.46206188201904297, 24305.0
0.4659419059753418, 24607.0
0.46826601028442383, 24725.0
0.4698188304901123, 24837.0
0.5110127925872803, 25146.0
0.5123729705810547, 25341.0
0.5162448883056641, 25525.0
0.531951904296875, 26052.0
0.6384499073028564, 26181.0
0.6403918266296387, 26492.0
0.6417527198791504, 27057.0
0.6530869007110596, 27071.0
0.7704939842224121, 27160.0
0.7769088745117188, 27207.0
0.7815737724304199, 27977.0
1.328476905822754, 28286.0
1.3416969776153564, 28472.0
1.3489179611206055, 28835.0
1.8784258365631104, 29223.0
1.878626823425293, 29947.0
1.8794257640838623, 30463.0
4.016443967819214, 30544.0
4.211163759231567, 30741.0
4.21199893951416, 30869.0
4.217185735702515, 30932.0
4.218017816543579, 31034.0
4.2186408042907715, 31125.0
4.219264984130859, 31981.0
4.219475030899048, 32060.0
5.643399953842163, 32419.0
5.646875858306885, 32524.0
5.83341383934021, 32650.0
5.848208904266357, 33036.0
5.890516996383667, 33338.0
5.891972780227661, 33459.0
5.898192882537842, 33875.0
5.9270148277282715, 33978.0
5.9311606884002686, 34766.0
5.979575872421265, 34912.0
5.985903739929199, 35476.0
7.677496910095215, 35974.0
7.723242998123169, 36294.0
7.737166881561279, 36809.0
7.756201982498169, 37648.0
8.040663719177246, 37755.0
8.041483640670776, 38320.0
8.645529747009277, 38794.0
8.656609773635864, 39244.0
8.682029724121094, 39277.0
8.685451745986938, 39379.0
8.694272994995117, 39701.0
8.70665979385376, 40612.0
8.777700901031494, 41318.0
8.830518007278442, 41564.0
9.86129379272461, 41875.0
9.885472059249878, 42038.0
9.98160171508789, 42447.0
10.016610860824585, 42561.0
10.321033000946045, 42584.0
10.4111008644104, 42606.0
10.433390855789185, 42697.0
10.443624019622803, 43533.0
10.462415933609009, 43561.0
10.465128898620605, 44004.0
10.549066066741943, 44030.0
10.559263944625854, 44600.0
10.592796802520752, 45194.0
10.60257887840271, 46083.0
10.776387691497803, 47002.0
11.101942777633667, 47023.0
11.199013948440552, 47077.0
11.222785711288452, 47119.0
11.335575819015503, 47183.0
11.350674867630005, 47210.0
11.368033647537231, 47303.0
11.44675898551941, 47497.0
11.451501846313477, 48385.0
11.983195781707764, 48455.0
12.053099632263184, 48527.0
12.133542776107788, 48636.0
12.509716033935547, 48960.0
12.956511974334717, 48974.0
13.28507685661316, 49095.0
