0.202714204788208, 10918.0
0.3503551483154297, 11223.0
0.4991779327392578, 11270.0
0.6478090286254883, 11378.0
0.7963011264801025, 12066.0
0.9450039863586426, 12066.0
1.0983240604400635, 12066.0
1.2488272190093994, 12066.0
1.3988080024719238, 12066.0
1.5509302616119385, 12222.0
1.7010669708251953, 12362.0
1.8511722087860107, 12362.0
2.0014290809631348, 12437.0
2.1522622108459473, 12789.0
2.3030519485473633, 12789.0
2.4541051387786865, 12896.0
2.606905221939087, 12896.0
2.7617342472076416, 12896.0
2.91694712638855, 13047.0
3.0686440467834473, 13148.0
3.220371961593628, 13154.0
3.3728692531585693, 13279.0
3.529356002807617, 13279.0
3.7008461952209473, 13327.0
3.872215986251831, 13327.0
4.034086227416992, 13429.0
4.198990106582642, 13549.0
4.356428146362305, 13596.0
4.5182881355285645, 13979.0
4.677991151809692, 13979.0
4.83815598487854, 13979.0
4.998305082321167, 14027.0
5.1581010818481445, 14027.0
5.32774806022644, 14027.0
5.495931148529053, 14071.0
5.661677122116089, 14071.0
5.826519966125488, 14135.0
5.98745322227478, 14153.0
6.147392988204956, 14356.0
6.304307222366333, 14409.0
6.467957019805908, 14409.0
6.622044086456299, 14502.0
6.7757649421691895, 14502.0
6.929172992706299, 14589.0
7.084630012512207, 14589.0
7.240910053253174, 14661.0
7.398308038711548, 14661.0
7.566940069198608, 14896.0
7.72482705116272, 15040.0
7.8803980350494385, 15040.0
8.036112070083618, 15040.0
8.194921970367432, 15069.0
8.349632978439331, 15222.0
8.504503965377808, 15222.0
8.65956711769104, 15222.0
8.814401149749756, 15312.0
8.969624042510986, 15312.0
9.124689102172852, 15312.0
9.279682159423828, 15312.0
9.434870958328247, 15385.0
9.590288162231445, 15419.0
9.74760127067566, 15490.0
9.903577089309692, 15490.0
10.059689998626709, 15506.0
10.21612000465393, 15506.0
10.372426986694336, 15555.0
10.528964042663574, 15595.0
10.685450077056885, 15640.0
10.841446161270142, 15678.0
10.998106241226196, 15791.0
11.154995203018188, 15791.0
11.311923265457153, 15791.0
11.4690580368042, 15791.0
11.626711130142212, 15832.0
11.785460948944092, 15832.0
11.942872047424316, 15991.0
12.100162029266357, 15991.0
12.257441997528076, 15991.0
12.414650201797485, 15991.0
12.572142124176025, 15991.0
12.729396104812622, 16023.0
12.88734221458435, 16065.0
13.04834508895874, 16107.0
13.21274709701538, 16134.0
13.370045185089111, 16139.0
13.527080297470093, 16139.0
13.683869123458862, 16358.0
13.841772079467773, 16358.0
13.998356103897095, 16358.0
14.155158996582031, 16393.0
14.311712980270386, 16393.0
14.468564987182617, 16393.0
14.625389099121094, 16448.0
14.782378911972046, 16478.0
14.93968415260315, 16478.0
15.096797227859497, 16545.0
15.253772974014282, 16565.0
15.41082501411438, 16565.0
15.56818413734436, 16629.0
15.725370168685913, 16654.0
15.883806943893433, 16654.0
16.04079508781433, 16666.0
16.19797706604004, 16697.0
16.355277061462402, 16697.0
16.512473106384277, 16697.0
16.669629096984863, 16795.0
16.826765060424805, 16795.0
16.98429799079895, 16795.0
17.14157509803772, 16795.0
17.298959016799927, 16869.0
17.45621919631958, 16908.0
17.61361002922058, 16908.0
17.7712140083313, 16908.0
17.930780172348022, 16908.0
18.089282035827637, 16908.0
18.247661113739014, 16908.0
18.40592098236084, 16952.0
18.56417727470398, 16952.0
18.72250008583069, 16952.0
18.880900144577026, 16952.0
19.039443969726562, 16957.0
19.19805097579956, 16957.0
19.35668706893921, 16957.0
19.515287160873413, 16957.0
19.673578023910522, 17008.0
19.83246111869812, 17008.0
19.992014169692993, 17008.0
20.15043616294861, 17008.0
20.308977127075195, 17059.0
20.46737504005432, 17059.0
20.625826120376587, 17059.0
20.784281015396118, 17059.0
20.94281315803528, 17059.0
21.101370096206665, 17059.0
21.260075092315674, 17059.0
21.41880512237549, 17074.0
21.577491998672485, 17074.0
21.73587417602539, 17074.0
21.89563012123108, 17074.0
22.054278135299683, 17074.0
22.21275019645691, 17159.0
22.371392011642456, 17159.0
22.529672861099243, 17159.0
22.6881160736084, 17159.0
22.846471071243286, 17159.0
23.007477045059204, 17159.0
23.166771173477173, 17159.0
23.325557947158813, 17159.0
23.484251260757446, 17238.0
23.64470410346985, 17238.0
23.804033994674683, 17238.0
23.964593172073364, 17238.0
24.123691082000732, 17239.0
24.282669067382812, 17239.0
24.44170904159546, 17239.0
24.600831985473633, 17239.0
24.760035037994385, 17239.0
24.918739318847656, 17239.0
25.077353954315186, 17239.0
25.236184120178223, 17239.0
25.39501690864563, 17239.0
25.554253101348877, 17257.0
25.713473081588745, 17276.0
25.872493028640747, 17314.0
26.03299617767334, 17314.0
26.19185996055603, 17314.0
26.350820064544678, 17344.0
26.509807109832764, 17344.0
26.66894006729126, 17344.0
26.82792019844055, 17344.0
26.986821174621582, 17344.0
27.145843267440796, 17344.0
27.304907083511353, 17344.0
27.46379017829895, 17344.0
27.622854232788086, 17344.0
27.782003164291382, 17362.0
27.941006183624268, 17362.0
28.101057052612305, 17362.0
28.259599208831787, 17362.0
28.418107271194458, 17362.0
28.576545000076294, 17380.0
28.73509907722473, 17426.0
28.893829107284546, 17426.0
29.052419185638428, 17426.0
29.211024045944214, 17426.0
29.369630336761475, 17426.0
29.528472185134888, 17426.0
29.687347888946533, 17426.0
29.84603524208069, 17426.0
30.00643014907837, 17426.0
30.16612720489502, 17426.0
30.325241088867188, 17426.0
30.48413610458374, 17426.0
30.64301896095276, 17426.0
30.80188512802124, 17437.0
30.960886001586914, 17460.0
31.119685173034668, 17532.0
31.278569221496582, 17532.0
31.437460899353027, 17532.0
31.59631609916687, 17532.0
31.754863023757935, 17532.0
