0.009424924850463867, 6648.0
0.01780414581298828, 7026.0
0.026643991470336914, 7322.0
0.03521418571472168, 7669.0
0.04367327690124512, 7963.0
0.05224418640136719, 8299.0
0.060813188552856445, 8299.0
0.06942915916442871, 8427.0
0.07807803153991699, 9147.0
0.08682394027709961, 9147.0
0.09555506706237793, 9147.0
0.1043550968170166, 9147.0
0.11310219764709473, 9147.0
0.12189507484436035, 9147.0
0.13071393966674805, 9147.0
0.1395120620727539, 9147.0
0.14834213256835938, 9147.0
0.15722298622131348, 9147.0
0.16608428955078125, 9147.0
0.17498016357421875, 9147.0
0.18380117416381836, 9147.0
0.19266414642333984, 9147.0
0.20152997970581055, 9147.0
0.21043896675109863, 9147.0
0.2193129062652588, 9147.0
0.2284538745880127, 9147.0
0.23749303817749023, 9147.0
0.24640488624572754, 9147.0
0.25533509254455566, 9147.0
0.26422619819641113, 9147.0
0.2731029987335205, 9147.0
0.28200507164001465, 9147.0
0.29088807106018066, 9147.0
0.29978394508361816, 9147.0
0.3086740970611572, 9147.0
0.31752824783325195, 9147.0
0.3264000415802002, 9147.0
0.335252046585083, 9147.0
0.3441181182861328, 9147.0
0.3529679775238037, 9147.0
0.3618650436401367, 9147.0
0.3707091808319092, 9147.0
0.3795349597930908, 9147.0
0.3884251117706299, 9147.0
0.39727115631103516, 9147.0
0.4061250686645508, 9147.0
0.4150080680847168, 9147.0
0.42389607429504395, 9147.0
0.4327812194824219, 9147.0
0.4416191577911377, 9147.0
0.4504680633544922, 9147.0
0.4593219757080078, 9147.0
0.46817898750305176, 9147.0
0.4770200252532959, 9147.0
0.48589301109313965, 9147.0
0.4948000907897949, 9147.0
0.5036580562591553, 9147.0
0.5125269889831543, 9147.0
0.521367073059082, 9147.0
0.5302011966705322, 9147.0
0.5390338897705078, 9147.0
0.5478999614715576, 9147.0
0.5567402839660645, 9147.0
0.5655791759490967, 9147.0
0.5744452476501465, 9147.0
0.5832982063293457, 9147.0
0.5921881198883057, 9147.0
0.601038932800293, 9147.0
0.6098830699920654, 9147.0
0.6187829971313477, 9147.0
0.6276249885559082, 9147.0
0.636458158493042, 9147.0
0.6453311443328857, 9147.0
0.6541690826416016, 9147.0
0.6630432605743408, 9147.0
0.6718642711639404, 9147.0
0.6807050704956055, 9147.0
0.6896030902862549, 9147.0
0.6984531879425049, 9147.0
0.7073101997375488, 9147.0
0.7161741256713867, 9147.0
0.7250199317932129, 9147.0
0.7338829040527344, 9147.0
0.742699146270752, 9147.0
0.7515459060668945, 9147.0
0.7603721618652344, 9147.0
0.7691800594329834, 9147.0
0.7780170440673828, 9147.0
0.7868812084197998, 9147.0
0.7957050800323486, 9147.0
0.804542064666748, 9147.0
0.8133862018585205, 9147.0
0.8222601413726807, 9147.0
0.8310980796813965, 9147.0
0.8399651050567627, 9147.0
0.8488409519195557, 9147.0
0.8577101230621338, 9147.0
0.8665511608123779, 9147.0
0.8754251003265381, 9147.0
0.8842902183532715, 9147.0
0.8935291767120361, 9147.0
0.9027862548828125, 9147.0
0.9120111465454102, 9147.0
0.9209771156311035, 9147.0
0.9298708438873291, 9147.0
0.9387500286102295, 9147.0
0.9476110935211182, 9147.0
0.9564700126647949, 9147.0
0.9653241634368896, 9147.0
0.974174976348877, 9147.0
0.9830300807952881, 9147.0
0.9918339252471924, 9147.0
1.000683069229126, 9147.0
1.0095300674438477, 9147.0
1.0183382034301758, 9147.0
1.027189016342163, 9147.0
1.0361440181732178, 9147.0
1.0450770854949951, 9147.0
1.0539510250091553, 9147.0
1.0628371238708496, 9147.0
1.0716869831085205, 9147.0
1.080557107925415, 9147.0
1.0894250869750977, 9147.0
1.0982952117919922, 9147.0
1.1071701049804688, 9147.0
1.1160070896148682, 9147.0
1.124864101409912, 9147.0
1.1337292194366455, 9147.0
1.1425821781158447, 9147.0
1.1514530181884766, 9147.0
1.1602749824523926, 9147.0
1.1691131591796875, 9147.0
1.1779770851135254, 9147.0
1.1868250370025635, 9147.0
1.1956889629364014, 9147.0
1.2045068740844727, 9147.0
1.213360071182251, 9147.0
1.222196102142334, 9147.0
1.2310550212860107, 9147.0
1.2399029731750488, 9147.0
1.2487282752990723, 9147.0
1.2575750350952148, 9147.0
1.2664289474487305, 9147.0
1.2752330303192139, 9147.0
1.2840991020202637, 9147.0
1.2929449081420898, 9147.0
1.3017621040344238, 9147.0
1.310596227645874, 9147.0
1.3195059299468994, 9147.0
1.3283390998840332, 9147.0
1.3371942043304443, 9147.0
1.346041202545166, 9147.0
1.354862928390503, 9147.0
1.3637111186981201, 9147.0
1.3726129531860352, 9147.0
1.3814420700073242, 9147.0
1.3902990818023682, 9147.0
1.399156093597412, 9147.0
1.4080069065093994, 9147.0
1.4168260097503662, 9147.0
1.4256799221038818, 9147.0
1.4345660209655762, 9147.0
1.4434001445770264, 9147.0
1.4523160457611084, 9147.0
1.461198091506958, 9147.0
1.4700300693511963, 9147.0
1.4788949489593506, 9147.0
1.4877588748931885, 9147.0
1.4966301918029785, 9147.0
1.505497932434082, 9147.0
1.5143721103668213, 9147.0
1.523237943649292, 9147.0
1.5321311950683594, 9147.0
1.5410001277923584, 9147.0
1.5498650074005127, 9147.0
1.5586929321289062, 9147.0
1.5675761699676514, 9147.0
1.5764591693878174, 9147.0
1.5853509902954102, 9147.0
1.5942261219024658, 9147.0
1.6031019687652588, 9147.0
1.611961841583252, 9147.0
1.620833158493042, 9147.0
1.6296629905700684, 9147.0
1.6385469436645508, 9147.0
1.6473989486694336, 9147.0
1.6562650203704834, 9147.0
1.665126085281372, 9147.0
1.674004077911377, 9147.0
1.682832956314087, 9147.0
1.6916959285736084, 9147.0
1.7005600929260254, 9147.0
1.709411859512329, 9147.0
1.7182831764221191, 9147.0
1.7271380424499512, 9147.0
1.7359509468078613, 9147.0
1.7448091506958008, 9147.0
1.7536540031433105, 9147.0
1.7624919414520264, 9147.0
1.771374225616455, 9147.0
1.7802331447601318, 9147.0
