0.009772062301635742, 5608.0
0.018387317657470703, 6259.0
0.027065038681030273, 7050.0
0.035665273666381836, 7203.0
0.04434609413146973, 7203.0
0.0530550479888916, 7802.0
0.06170010566711426, 8150.0
0.0705561637878418, 8347.0
0.07944512367248535, 9147.0
0.0888981819152832, 9147.0
0.09839630126953125, 9147.0
0.10783004760742188, 9147.0
0.11689901351928711, 9147.0
0.12613415718078613, 9147.0
0.13513922691345215, 9147.0
0.14412212371826172, 9147.0
0.15314507484436035, 9147.0
0.16212201118469238, 9147.0
0.1712031364440918, 9147.0
0.18020129203796387, 9147.0
0.1892101764678955, 9147.0
0.19820427894592285, 9147.0
0.20719313621520996, 9147.0
0.21619296073913574, 9147.0
0.22531414031982422, 9147.0
0.23448610305786133, 9147.0
0.24350523948669434, 9147.0
0.2524871826171875, 9147.0
0.2614750862121582, 9147.0
0.27044200897216797, 9147.0
0.2794361114501953, 9147.0
0.28841710090637207, 9147.0
0.297482967376709, 9147.0
0.3064582347869873, 9147.0
0.31543803215026855, 9147.0
0.32439112663269043, 9147.0
0.3333702087402344, 9147.0
0.3427090644836426, 9147.0
0.3519880771636963, 9147.0
0.3610820770263672, 9147.0
0.3701941967010498, 9147.0
0.37924814224243164, 9147.0
0.38833117485046387, 9147.0
0.3973879814147949, 9147.0
0.4064900875091553, 9147.0
0.4155440330505371, 9147.0
0.4246070384979248, 9147.0
0.43397021293640137, 9147.0
0.44324398040771484, 9147.0
0.45244431495666504, 9147.0
0.4616732597351074, 9147.0
0.47103118896484375, 9147.0
0.48029017448425293, 9147.0
0.4895470142364502, 9147.0
0.49878811836242676, 9147.0
0.5080010890960693, 9147.0
0.5172431468963623, 9147.0
0.5265130996704102, 9147.0
0.5357820987701416, 9147.0
0.5450541973114014, 9147.0
0.5544111728668213, 9147.0
0.5636742115020752, 9147.0
0.5730412006378174, 9147.0
0.582618236541748, 9147.0
0.5923480987548828, 9147.0
0.60225510597229, 9147.0
0.6122701168060303, 9147.0
0.6220841407775879, 9147.0
0.6318731307983398, 9147.0
0.6415820121765137, 9147.0
0.6512892246246338, 9147.0
0.6607720851898193, 9147.0
0.670344352722168, 9147.0
0.6797471046447754, 9147.0
0.6890101432800293, 9147.0
0.69846510887146, 9147.0
0.7078802585601807, 9147.0
0.7172951698303223, 9147.0
0.7267980575561523, 9147.0
0.7362029552459717, 9147.0
0.7456700801849365, 9147.0
0.7551512718200684, 9147.0
0.7645611763000488, 9147.0
0.7739791870117188, 9147.0
0.7833583354949951, 9147.0
0.7927260398864746, 9147.0
0.8021161556243896, 9147.0
0.8115062713623047, 9147.0
0.8209693431854248, 9147.0
0.830437183380127, 9147.0
0.8399171829223633, 9147.0
0.8493423461914062, 9147.0
0.8590130805969238, 9147.0
0.8685150146484375, 9147.0
0.8780221939086914, 9147.0
0.8875870704650879, 9147.0
0.8971590995788574, 9147.0
0.9067850112915039, 9147.0
0.9163041114807129, 9147.0
0.9258332252502441, 9147.0
0.9352900981903076, 9147.0
0.944735050201416, 9147.0
0.9543502330780029, 9147.0
0.9640209674835205, 9147.0
0.9733541011810303, 9147.0
0.9826161861419678, 9147.0
0.9918363094329834, 9147.0
1.0011110305786133, 9147.0
1.0103402137756348, 9147.0
1.0195250511169434, 9147.0
1.0287580490112305, 9147.0
1.0379292964935303, 9147.0
1.047116994857788, 9147.0
1.056349277496338, 9147.0
1.0655500888824463, 9147.0
1.074733018875122, 9147.0
1.0840020179748535, 9147.0
1.0932681560516357, 9147.0
1.102492094039917, 9147.0
1.111755132675171, 9147.0
1.1209931373596191, 9147.0
1.130195140838623, 9147.0
1.1393940448760986, 9147.0
1.1486172676086426, 9147.0
1.157853126525879, 9147.0
1.1671431064605713, 9147.0
1.176354169845581, 9147.0
1.1855511665344238, 9147.0
1.1947660446166992, 9147.0
1.2041499614715576, 9147.0
1.21368408203125, 9147.0
1.2232000827789307, 9147.0
1.232841968536377, 9147.0
1.2426691055297852, 9147.0
1.2520310878753662, 9147.0
1.261244297027588, 9147.0
1.2703742980957031, 9147.0
1.2795722484588623, 9147.0
1.2887701988220215, 9147.0
1.297996997833252, 9147.0
1.30733323097229, 9147.0
1.3165912628173828, 9147.0
1.3257391452789307, 9147.0
1.334914207458496, 9147.0
1.344109058380127, 9147.0
1.3533313274383545, 9147.0
1.36250901222229, 9147.0
1.3716671466827393, 9147.0
1.380805253982544, 9147.0
1.3899381160736084, 9147.0
1.399038314819336, 9147.0
1.4081909656524658, 9147.0
1.4173781871795654, 9147.0
1.4263942241668701, 9147.0
1.4355411529541016, 9147.0
1.4447250366210938, 9147.0
1.45387601852417, 9147.0
1.4630510807037354, 9147.0
1.472170114517212, 9147.0
1.4814221858978271, 9147.0
1.4905951023101807, 9147.0
1.4997360706329346, 9147.0
1.508876085281372, 9147.0
1.5180211067199707, 9147.0
1.5272691249847412, 9147.0
1.5364301204681396, 9147.0
1.5455670356750488, 9147.0
1.5547020435333252, 9147.0
1.563859224319458, 9147.0
1.5730092525482178, 9147.0
1.582139253616333, 9147.0
1.591294288635254, 9147.0
1.6004972457885742, 9147.0
1.6096842288970947, 9147.0
1.6188080310821533, 9147.0
1.6279401779174805, 9147.0
1.6370549201965332, 9147.0
1.6461701393127441, 9147.0
1.655273199081421, 9147.0
1.6644392013549805, 9147.0
1.6735930442810059, 9147.0
1.6827311515808105, 9147.0
1.6918861865997314, 9147.0
1.7009992599487305, 9147.0
1.71014404296875, 9147.0
1.7192339897155762, 9147.0
1.7283051013946533, 9147.0
1.737389087677002, 9147.0
1.7465410232543945, 9147.0
1.7556390762329102, 9147.0
1.7647840976715088, 9147.0
1.7742283344268799, 9147.0
1.7845313549041748, 9147.0
1.7953071594238281, 9147.0
1.8079240322113037, 9147.0
1.8177521228790283, 9147.0
1.8275620937347412, 9147.0
1.8375799655914307, 9147.0
1.8502371311187744, 9147.0
1.8615732192993164, 9147.0
1.871697187423706, 9147.0
