0.10062527656555176, 11000.0
0.17564010620117188, 12651.0
0.2508542537689209, 14286.0
0.32613301277160645, 16194.0
0.40167713165283203, 18171.0
0.47748303413391113, 18310.0
0.5533890724182129, 20209.0
0.6289510726928711, 21841.0
0.706017017364502, 22991.0
0.7830541133880615, 24156.0
0.860680341720581, 27365.0
0.9382672309875488, 27365.0
1.0162780284881592, 28018.0
1.0945301055908203, 28349.0
1.1721951961517334, 28844.0
1.250028133392334, 29327.0
1.3281171321868896, 30319.0
1.4057941436767578, 33055.0
1.4842240810394287, 33653.0
1.5628743171691895, 33653.0
1.6412022113800049, 35359.0
1.7200582027435303, 35359.0
1.7988982200622559, 35639.0
1.8774442672729492, 35639.0
1.956024169921875, 37363.0
2.034825325012207, 39167.0
2.114222288131714, 39167.0
2.192995071411133, 40130.0
2.2723422050476074, 40130.0
2.351426124572754, 40130.0
2.430539131164551, 40726.0
2.510207414627075, 43203.0
2.589520215988159, 43203.0
2.6693661212921143, 44104.0
2.748697280883789, 44424.0
2.828421115875244, 44424.0
2.909165143966675, 44581.0
2.9893271923065186, 44581.0
3.069139242172241, 44866.0
3.1496660709381104, 44866.0
3.2295360565185547, 45184.0
3.309596300125122, 45835.0
3.3895621299743652, 45835.0
3.4719982147216797, 46267.0
3.554863214492798, 46267.0
3.638442277908325, 46267.0
3.7204442024230957, 47312.0
3.8027923107147217, 47312.0
3.885380268096924, 47761.0
3.967501163482666, 47765.0
4.047699213027954, 48168.0
4.128375053405762, 49054.0
4.20954704284668, 49641.0
4.290675401687622, 49641.0
4.372012138366699, 49641.0
4.452501058578491, 49752.0
4.533814191818237, 49752.0
4.615585088729858, 50018.0
4.699630260467529, 50107.0
4.781664133071899, 50107.0
4.863392114639282, 50107.0
4.948156356811523, 50107.0
5.035076141357422, 50346.0
5.121729135513306, 50688.0
5.20620322227478, 50743.0
5.290901184082031, 50743.0
5.376147270202637, 50870.0
5.461657285690308, 50991.0
5.544301271438599, 50991.0
5.626838207244873, 51359.0
5.709742069244385, 51359.0
5.7922141551971436, 51359.0
5.87473201751709, 51512.0
5.956772089004517, 51693.0
6.039596080780029, 51793.0
6.122341156005859, 51793.0
6.20461630821228, 51793.0
6.2863993644714355, 51941.0
6.368421316146851, 52583.0
6.450368165969849, 52698.0
6.532333135604858, 52698.0
6.6140711307525635, 52698.0
6.696853160858154, 52698.0
6.77850604057312, 52765.0
6.860051393508911, 52792.0
6.941675186157227, 53123.0
7.025310277938843, 53123.0
7.107000112533569, 53123.0
7.188775300979614, 53123.0
7.2705652713775635, 53123.0
7.352218151092529, 53123.0
7.4346771240234375, 53123.0
7.5176472663879395, 53123.0
7.599459171295166, 53364.0
7.6811723709106445, 53364.0
7.763912200927734, 53541.0
7.845617294311523, 53541.0
7.927114009857178, 53541.0
8.008859157562256, 53541.0
8.09046721458435, 53541.0
8.172226190567017, 53541.0
8.253978252410889, 53541.0
8.336546182632446, 53541.0
8.418475151062012, 53541.0
8.500310182571411, 53541.0
8.582374334335327, 53541.0
8.66536021232605, 53541.0
8.748256206512451, 53541.0
8.830181121826172, 53541.0
8.912049293518066, 53560.0
8.994339227676392, 53560.0
9.077102184295654, 53560.0
9.159747123718262, 53560.0
9.241331338882446, 53560.0
9.323740243911743, 53560.0
9.406094074249268, 53565.0
9.487600326538086, 53565.0
9.569066286087036, 53565.0
9.650748252868652, 53568.0
9.732393264770508, 53568.0
9.81485629081726, 53568.0
9.89633822441101, 53603.0
9.978910207748413, 53603.0
10.060873985290527, 53603.0
10.14254903793335, 53603.0
10.224128007888794, 53603.0
10.305495023727417, 53657.0
10.387778043746948, 53657.0
10.470036268234253, 53657.0
10.55150842666626, 53657.0
10.63365626335144, 53657.0
10.715083122253418, 53657.0
10.796565055847168, 53657.0
10.877986192703247, 53657.0
10.959274291992188, 53657.0
11.042938232421875, 53657.0
11.125315189361572, 53657.0
11.207391262054443, 53657.0
11.290196418762207, 53657.0
11.372135162353516, 53657.0
11.454275131225586, 53657.0
11.53622031211853, 53816.0
11.618242263793945, 53816.0
11.700428247451782, 53816.0
11.783329010009766, 53816.0
11.865384340286255, 53816.0
11.94792914390564, 53816.0
12.030753135681152, 53816.0
12.112620115280151, 53816.0
12.194504261016846, 53816.0
12.27638030052185, 53816.0
12.358258247375488, 53816.0
12.441005229949951, 53816.0
12.522822141647339, 53867.0
12.605535984039307, 53867.0
12.687389373779297, 53867.0
12.770198106765747, 53867.0
12.852144241333008, 53867.0
12.934925079345703, 53867.0
13.01677918434143, 53867.0
13.100813150405884, 53867.0
13.182846307754517, 53867.0
13.265900135040283, 53867.0
13.347783327102661, 53867.0
13.430542230606079, 53867.0
13.512423276901245, 53867.0
13.595095157623291, 53867.0
13.67785906791687, 53867.0
13.760471105575562, 53867.0
13.842149257659912, 53867.0
13.924691200256348, 53867.0
14.006458282470703, 53867.0
14.088168382644653, 53867.0
14.169880151748657, 53867.0
14.252543449401855, 53867.0
14.334425210952759, 53999.0
14.416146278381348, 53999.0
14.497613191604614, 53999.0
14.579059362411499, 53999.0
14.66052508354187, 53999.0
14.742103099822998, 53999.0
14.823609113693237, 53999.0
14.905118227005005, 53999.0
14.986448287963867, 53999.0
15.06777811050415, 53999.0
15.151461124420166, 53999.0
15.234512329101562, 53999.0
15.31626009941101, 53999.0
15.39747405052185, 54039.0
15.478763103485107, 54039.0
15.56009030342102, 54039.0
15.642256259918213, 54039.0
15.723583221435547, 54039.0
15.80538535118103, 54039.0
15.886706352233887, 54039.0
15.968546152114868, 54039.0
16.049952030181885, 54039.0
16.13156819343567, 54039.0
16.21288228034973, 54039.0
16.294100284576416, 54039.0
16.376326322555542, 54039.0
