0.0004069805145263672, 1057.0
0.0008068084716796875, 1702.0
0.0012059211730957031, 2782.0
0.0016026496887207031, 3794.0
0.002003908157348633, 4458.0
0.002403736114501953, 5362.0
0.002805948257446289, 6041.0
0.003209829330444336, 6939.0
0.0036139488220214844, 7633.0
0.004016876220703125, 8587.0
0.004416942596435547, 9088.0
0.004816770553588867, 9487.0
0.005216836929321289, 9746.0
0.0056247711181640625, 10275.0
0.006048917770385742, 10408.0
0.006459712982177734, 10843.0
0.0068929195404052734, 11210.0
0.007690906524658203, 11324.0
0.008113861083984375, 11463.0
0.00971078872680664, 11594.0
0.012076854705810547, 11764.0
0.01604294776916504, 11916.0
0.036257028579711914, 11923.0
0.04179191589355469, 12087.0
0.05405998229980469, 12205.0
0.06438970565795898, 12365.0
0.0691368579864502, 12410.0
0.07705187797546387, 12576.0
0.08221578598022461, 12578.0
0.09534096717834473, 12699.0
0.10560202598571777, 12814.0
0.12489581108093262, 12899.0
0.1296238899230957, 13007.0
0.13669872283935547, 13057.0
0.14104795455932617, 13210.0
0.17735862731933594, 13324.0
0.17933273315429688, 13464.0
0.19156885147094727, 13593.0
0.20141983032226562, 13698.0
0.20221781730651855, 13813.0
0.21013379096984863, 13901.0
0.2124958038330078, 14018.0
0.22510266304016113, 14112.0
0.2838277816772461, 14181.0
0.29452061653137207, 14305.0
0.3134157657623291, 14311.0
0.3177459239959717, 14419.0
0.3523550033569336, 14483.0
0.3801238536834717, 14616.0
0.4481489658355713, 14666.0
0.45844483375549316, 14774.0
0.46174168586730957, 14900.0
0.46544671058654785, 14948.0
0.4662797451019287, 15174.0
0.48273372650146484, 15308.0
0.4934718608856201, 15355.0
0.505011796951294, 15474.0
0.5264239311218262, 15504.0
0.5684206485748291, 15512.0
0.7171046733856201, 15601.0
0.7211976051330566, 15712.0
0.7438318729400635, 15773.0
0.747119665145874, 15905.0
0.7668118476867676, 16015.0
0.7889468669891357, 16017.0
0.8632597923278809, 16110.0
0.894812822341919, 16119.0
0.9652819633483887, 16169.0
0.9832818508148193, 16199.0
0.9849269390106201, 16315.0
1.0037727355957031, 16386.0
1.0074737071990967, 16552.0
1.014293909072876, 16613.0
1.0737767219543457, 16617.0
1.1274197101593018, 16717.0
1.1785848140716553, 16884.0
1.4503858089447021, 17111.0
1.459791660308838, 17171.0
1.46919584274292, 17191.0
1.5672309398651123, 17199.0
1.6905457973480225, 17220.0
1.694227933883667, 17397.0
1.7068827152252197, 17409.0
1.711798906326294, 17510.0
1.7290198802947998, 17532.0
1.736426830291748, 17640.0
1.738074779510498, 17778.0
1.7384898662567139, 18014.0
1.8138537406921387, 18093.0
1.8285548686981201, 18131.0
1.8374638557434082, 18287.0
1.8536670207977295, 18368.0
1.8581187725067139, 18416.0
1.877964973449707, 18487.0
1.9014699459075928, 18580.0
1.9196298122406006, 18690.0
1.9362049102783203, 18808.0
2.8758838176727295, 18891.0
2.878321886062622, 18929.0
2.885190725326538, 19088.0
2.899326801300049, 19211.0
2.9065957069396973, 19214.0
2.9195358753204346, 19283.0
2.921966791152954, 19423.0
2.9231858253479004, 19491.0
2.9467289447784424, 19602.0
2.9754250049591064, 19678.0
4.401737928390503, 19774.0
4.431077718734741, 19775.0
4.472908973693848, 19817.0
4.482944965362549, 19869.0
4.493637800216675, 19919.0
4.777854919433594, 20013.0
4.824429750442505, 20017.0
4.883005857467651, 20070.0
4.892720699310303, 20119.0
4.925856828689575, 20182.0
4.928691864013672, 20285.0
5.208781003952026, 20319.0
5.385921001434326, 20419.0
5.406458854675293, 20462.0
5.420199871063232, 20506.0
6.167345762252808, 20593.0
6.171038866043091, 20702.0
6.205577850341797, 20790.0
6.214580774307251, 20847.0
6.222795009613037, 21013.0
6.227308034896851, 21112.0
6.230214834213257, 21215.0
6.262568950653076, 21302.0
7.233734846115112, 21313.0
7.244366645812988, 21416.0
14.767106056213379, 21485.0
14.768325805664062, 21605.0
14.775914907455444, 21715.0
14.871074914932251, 21716.0
14.906633853912354, 21740.0
14.90982985496521, 21917.0
14.937427759170532, 22018.0
15.023744821548462, 22112.0
25.12911367416382, 22113.0
25.36679983139038, 22119.0
27.406153917312622, 22213.0
28.00515389442444, 22312.0
28.669962882995605, 22418.0
