0.00010609626770019531, 1019.0
0.00021028518676757812, 1934.0
0.0005121231079101562, 2394.0
0.0007140636444091797, 2616.0
0.0013172626495361328, 2988.0
0.0035181045532226562, 3112.0
0.024611234664916992, 3275.0
0.025810956954956055, 3385.0
0.02800726890563965, 3515.0
0.03357815742492676, 3530.0
0.03457522392272949, 3664.0
0.040862083435058594, 3771.0
0.04407024383544922, 3875.0
0.04437112808227539, 4057.0
0.04528307914733887, 4162.0
0.045884132385253906, 4308.0
0.047190189361572266, 4361.0
0.047692060470581055, 4490.0
0.1333601474761963, 4578.0
0.13482904434204102, 4585.0
0.13598322868347168, 4597.0
0.14153122901916504, 4606.0
0.1419520378112793, 4808.0
0.1477200984954834, 4907.0
0.15096402168273926, 4917.0
0.1655731201171875, 4945.0
0.16579723358154297, 5093.0
0.1685192584991455, 5114.0
0.22782635688781738, 5209.0
0.22887301445007324, 5213.0
0.23943495750427246, 5216.0
0.24256324768066406, 5304.0
0.33696413040161133, 5392.0
0.4065060615539551, 5463.0
0.9598331451416016, 5508.0
1.009857177734375, 5607.0
1.0121819972991943, 5617.0
1.2217862606048584, 5704.0
1.2242250442504883, 5807.0
1.228694200515747, 5917.0
