2.7179718017578125e-05, 289.0
7.104873657226562e-05, 613.0
0.0004849433898925781, 1183.0
0.0008549690246582031, 2114.0
0.0014400482177734375, 2838.0
0.0017321109771728516, 2870.0
0.001837015151977539, 3778.0
0.0020678043365478516, 4569.0
0.004788875579833984, 5344.0
0.02231287956237793, 5795.0
0.023799896240234375, 5983.0
0.051753997802734375, 6622.0
0.05177593231201172, 7079.0
0.05190110206604004, 7389.0
0.18508577346801758, 7612.0
0.40532493591308594, 7779.0
0.6523990631103516, 7801.0
0.7512829303741455, 8121.0
0.7515890598297119, 8719.0
1.0921897888183594, 8817.0
