0.00983119010925293, 1892.0
0.018254995346069336, 1907.0
0.02665996551513672, 1907.0
0.035103797912597656, 1916.0
0.0436251163482666, 1945.0
0.05218505859375, 2089.0
0.06080198287963867, 2157.0
0.0695030689239502, 2157.0
0.07825708389282227, 2196.0
0.08702802658081055, 2274.0
0.09582710266113281, 2274.0
0.10465598106384277, 2274.0
0.11372089385986328, 2285.0
0.12264800071716309, 2286.0
0.13167095184326172, 2294.0
0.14065098762512207, 2294.0
0.1496720314025879, 2294.0
0.15879416465759277, 2294.0
0.1678600311279297, 2294.0
0.17691707611083984, 2294.0
0.18602895736694336, 2294.0
0.19514894485473633, 2294.0
0.20429396629333496, 2294.0
0.21342992782592773, 2294.0
0.2225499153137207, 2294.0
0.23171401023864746, 2294.0
0.24105000495910645, 2294.0
0.2501850128173828, 2294.0
0.259289026260376, 2294.0
0.26844000816345215, 2294.0
0.2775890827178955, 2294.0
0.2867569923400879, 2294.0
0.2958948612213135, 2294.0
0.30502796173095703, 2294.0
0.3141820430755615, 2294.0
0.32327890396118164, 2294.0
0.3324551582336426, 2294.0
0.34158992767333984, 2294.0
0.35073018074035645, 2294.0
0.3598470687866211, 2294.0
0.36899709701538086, 2294.0
0.3781280517578125, 2294.0
0.3872649669647217, 2294.0
0.39641785621643066, 2294.0
0.405534029006958, 2294.0
0.41473913192749023, 2294.0
0.4238739013671875, 2294.0
0.4330301284790039, 2294.0
0.44242095947265625, 2294.0
0.45183396339416504, 2294.0
0.46115708351135254, 2294.0
0.47053098678588867, 2294.0
0.47991323471069336, 2294.0
0.4893350601196289, 2294.0
0.49875497817993164, 2294.0
0.5081250667572021, 2294.0
0.5175111293792725, 2294.0
0.5268690586090088, 2294.0
0.5362200736999512, 2294.0
0.5455920696258545, 2294.0
0.5549490451812744, 2294.0
0.5642540454864502, 2294.0
0.5736291408538818, 2294.0
0.5830850601196289, 2294.0
0.5926439762115479, 2294.0
0.6024208068847656, 2294.0
0.6121571063995361, 2294.0
0.6220090389251709, 2294.0
0.6316499710083008, 2294.0
0.6412639617919922, 2294.0
0.6506829261779785, 2294.0
0.6599540710449219, 2294.0
0.6693120002746582, 2294.0
0.6785869598388672, 2294.0
0.6878471374511719, 2294.0
0.6971309185028076, 2294.0
0.7063698768615723, 2294.0
0.7156400680541992, 2295.0
0.7248759269714355, 2295.0
0.7341210842132568, 2295.0
0.7433350086212158, 2295.0
0.7525589466094971, 2295.0
0.7617800235748291, 2295.0
0.7709860801696777, 2295.0
0.7802290916442871, 2295.0
0.7894408702850342, 2295.0
0.7987701892852783, 2295.0
0.8081459999084473, 2295.0
0.8175609111785889, 2295.0
0.8268928527832031, 2295.0
0.8361911773681641, 2295.0
0.8455569744110107, 2295.0
0.8549139499664307, 2295.0
0.8644120693206787, 2295.0
0.8737080097198486, 2295.0
0.8831629753112793, 2295.0
0.8926618099212646, 2295.0
0.9020671844482422, 2295.0
0.9115228652954102, 2295.0
0.9210309982299805, 2295.0
0.9305300712585449, 2295.0
0.9400041103363037, 2295.0
0.9494190216064453, 2295.0
0.9584579467773438, 2295.0
0.9675130844116211, 2295.0
0.9765701293945312, 2295.0
0.985584020614624, 2295.0
0.9945859909057617, 2295.0
1.0036280155181885, 2295.0
1.0126979351043701, 2295.0
1.0217220783233643, 2295.0
1.0307679176330566, 2295.0
1.0397968292236328, 2295.0
1.0488319396972656, 2295.0
1.0578410625457764, 2295.0
1.0668790340423584, 2295.0
1.0758922100067139, 2295.0
1.0848910808563232, 2295.0
1.0939018726348877, 2295.0
1.1029531955718994, 2295.0
1.111955165863037, 2295.0
1.1209750175476074, 2295.0
1.13002610206604, 2295.0
1.1390209197998047, 2295.0
1.1480209827423096, 2295.0
1.157043218612671, 2295.0
1.166059970855713, 2295.0
1.1750471591949463, 2295.0
1.1840789318084717, 2295.0
1.1930739879608154, 2295.0
1.2020561695098877, 2295.0
1.211050033569336, 2295.0
1.220095157623291, 2295.0
1.2290940284729004, 2295.0
1.2381339073181152, 2295.0
1.2473440170288086, 2295.0
1.2563512325286865, 2295.0
1.2653799057006836, 2295.0
1.2743709087371826, 2295.0
1.2833950519561768, 2295.0
1.2924299240112305, 2295.0
1.3014318943023682, 2295.0
1.3104479312896729, 2295.0
1.3194808959960938, 2295.0
1.3285269737243652, 2295.0
1.3375678062438965, 2295.0
1.3467109203338623, 2295.0
1.3558108806610107, 2295.0
1.364867925643921, 2295.0
1.3738889694213867, 2295.0
1.3828890323638916, 2295.0
1.3918979167938232, 2295.0
1.4008979797363281, 2295.0
1.4098889827728271, 2295.0
1.4190700054168701, 2295.0
1.4282169342041016, 2295.0
1.437269926071167, 2295.0
1.446286916732788, 2295.0
1.4553420543670654, 2295.0
1.4643449783325195, 2295.0
1.4733450412750244, 2295.0
1.482367992401123, 2295.0
1.4913740158081055, 2295.0
1.5004298686981201, 2295.0
1.5094470977783203, 2295.0
1.5184779167175293, 2295.0
1.5274860858917236, 2295.0
1.5364949703216553, 2295.0
1.5454981327056885, 2295.0
1.55448317527771, 2295.0
1.5635080337524414, 2295.0
1.572511911392212, 2295.0
1.581510066986084, 2295.0
1.5905070304870605, 2295.0
1.5995450019836426, 2295.0
1.6086199283599854, 2295.0
1.6178278923034668, 2295.0
1.6270780563354492, 2295.0
1.6363091468811035, 2295.0
1.6456670761108398, 2295.0
1.6546709537506104, 2295.0
1.6636710166931152, 2295.0
1.6727440357208252, 2295.0
1.6817409992218018, 2295.0
1.690737009048462, 2295.0
1.699709177017212, 2295.0
1.7087571620941162, 2295.0
1.7177472114562988, 2295.0
1.7267251014709473, 2295.0
1.735732078552246, 2295.0
1.7450180053710938, 2295.0
1.7540981769561768, 2295.0
1.7631101608276367, 2295.0
1.7721331119537354, 2295.0
1.78114914894104, 2295.0
1.7901549339294434, 2295.0
1.7992401123046875, 2295.0
1.8082590103149414, 2295.0
1.8172461986541748, 2295.0
1.8262410163879395, 2295.0
1.835226058959961, 2295.0
