0.04908418655395508, 2961.0
0.08692240715026855, 3065.0
0.1248331069946289, 3065.0
0.1627051830291748, 3183.0
0.20062017440795898, 3220.0
0.23872733116149902, 3319.0
0.27689123153686523, 3419.0
0.315136194229126, 3521.0
0.3535311222076416, 3521.0
0.3918583393096924, 3521.0
0.4302830696105957, 3697.0
0.46876025199890137, 3697.0
0.5067741870880127, 3734.0
0.5448319911956787, 3789.0
0.5828983783721924, 3825.0
0.6210932731628418, 3874.0
0.6593520641326904, 3962.0
0.6976990699768066, 3962.0
0.7360162734985352, 3964.0
0.7742793560028076, 4019.0
0.8125863075256348, 4086.0
0.8509120941162109, 4086.0
0.8893833160400391, 4086.0
0.927800178527832, 4121.0
0.9662742614746094, 4121.0
1.0055711269378662, 4133.0
1.0451931953430176, 4158.0
1.0839040279388428, 4158.0
1.1226191520690918, 4158.0
1.1613082885742188, 4208.0
1.1999061107635498, 4208.0
1.2385363578796387, 4288.0
1.277163028717041, 4288.0
1.3159103393554688, 4345.0
1.3546559810638428, 4345.0
1.3946781158447266, 4345.0
1.4358201026916504, 4345.0
1.4780871868133545, 4345.0
1.5186140537261963, 4345.0
1.559575080871582, 4345.0
1.5996050834655762, 4345.0
1.640320062637329, 4363.0
1.6798503398895264, 4363.0
1.7195672988891602, 4363.0
1.759169101715088, 4363.0
1.7984821796417236, 4363.0
1.8376340866088867, 4363.0
1.876812219619751, 4363.0
1.9159963130950928, 4363.0
1.9551901817321777, 4363.0
1.9944722652435303, 4363.0
2.0342442989349365, 4363.0
2.074831247329712, 4363.0
2.1155641078948975, 4363.0
2.155780076980591, 4363.0
2.1955671310424805, 4363.0
2.2362523078918457, 4364.0
2.2758522033691406, 4364.0
2.3157002925872803, 4364.0
2.3563714027404785, 4364.0
2.3975772857666016, 4364.0
2.438352108001709, 4364.0
2.479522228240967, 4364.0
2.530738353729248, 4364.0
2.573765277862549, 4364.0
2.6135003566741943, 4364.0
2.6540050506591797, 4364.0
2.6946911811828613, 4364.0
2.7358691692352295, 4364.0
2.7765491008758545, 4364.0
2.81693434715271, 4364.0
2.856349229812622, 4364.0
2.8960652351379395, 4364.0
2.935591220855713, 4365.0
2.974992275238037, 4395.0
3.014813184738159, 4395.0
3.054388999938965, 4395.0
3.09466814994812, 4395.0
3.1352744102478027, 4396.0
3.1757113933563232, 4396.0
3.2165651321411133, 4397.0
3.258568286895752, 4397.0
3.2996253967285156, 4397.0
3.340461254119873, 4398.0
3.3813462257385254, 4410.0
3.422105073928833, 4410.0
3.46277117729187, 4410.0
3.5040972232818604, 4410.0
3.54593825340271, 4410.0
3.58742618560791, 4410.0
3.6279332637786865, 4410.0
3.6684372425079346, 4410.0
3.7090401649475098, 4410.0
3.74927020072937, 4410.0
3.789597272872925, 4411.0
3.8298873901367188, 4416.0
3.8701891899108887, 4416.0
3.9106812477111816, 4465.0
3.950798273086548, 4465.0
3.9911060333251953, 4465.0
4.032473087310791, 4465.0
4.072164297103882, 4465.0
4.111797094345093, 4465.0
4.151043176651001, 4465.0
4.190527439117432, 4465.0
4.229848146438599, 4465.0
4.26911997795105, 4465.0
4.308242321014404, 4465.0
4.3478312492370605, 4465.0
4.387198209762573, 4465.0
4.427042245864868, 4465.0
4.466389417648315, 4465.0
4.505773067474365, 4465.0
4.545285224914551, 4465.0
4.584942102432251, 4465.0
4.625357151031494, 4465.0
4.66569709777832, 4465.0
4.706108331680298, 4465.0
4.74666428565979, 4465.0
4.78849720954895, 4465.0
4.828955173492432, 4465.0
4.869027137756348, 4465.0
4.909094333648682, 4465.0
4.949207067489624, 4465.0
4.989533185958862, 4465.0
5.030255317687988, 4465.0
5.071251392364502, 4465.0
5.112820386886597, 4465.0
5.154193162918091, 4465.0
5.193509101867676, 4465.0
5.232880115509033, 4465.0
5.272115230560303, 4465.0
5.311211109161377, 4465.0
5.350292205810547, 4465.0
5.389364242553711, 4465.0
5.4285383224487305, 4465.0
5.467857360839844, 4465.0
5.50710129737854, 4465.0
5.54766321182251, 4465.0
5.587069272994995, 4465.0
5.626403093338013, 4465.0
5.665650367736816, 4465.0
5.704723358154297, 4465.0
5.743991136550903, 4465.0
5.783079147338867, 4465.0
5.822322368621826, 4465.0
5.861349105834961, 4465.0
5.900470018386841, 4465.0
5.9395623207092285, 4465.0
5.978707313537598, 4465.0
6.019085168838501, 4465.0
6.059201002120972, 4465.0
6.09827733039856, 4465.0
6.137502193450928, 4465.0
6.178705215454102, 4465.0
6.218180179595947, 4465.0
6.2573230266571045, 4465.0
6.296523094177246, 4465.0
6.335988998413086, 4465.0
6.375195264816284, 4465.0
6.414664268493652, 4465.0
6.453796148300171, 4465.0
6.492971181869507, 4465.0
6.532070159912109, 4465.0
6.571251392364502, 4465.0
6.610408306121826, 4465.0
6.6496381759643555, 4465.0
6.689074277877808, 4465.0
6.728285312652588, 4465.0
6.767428159713745, 4465.0
6.806662321090698, 4465.0
6.845767259597778, 4465.0
6.884937286376953, 4465.0
6.924015283584595, 4465.0
6.96310019493103, 4465.0
7.002177000045776, 4465.0
7.041414260864258, 4465.0
7.080474138259888, 4465.0
7.119743347167969, 4465.0
7.158855199813843, 4465.0
7.197855234146118, 4465.0
7.236938238143921, 4465.0
7.276075124740601, 4465.0
7.315284252166748, 4465.0
7.354313373565674, 4465.0
7.393531322479248, 4465.0
7.432687282562256, 4465.0
7.471806287765503, 4465.0
7.5108702182769775, 4465.0
7.549978256225586, 4465.0
7.590295076370239, 4465.0
7.62944221496582, 4465.0
7.668738126754761, 4465.0
7.707881212234497, 4465.0
7.746978044509888, 4465.0
7.786174297332764, 4465.0
7.825419187545776, 4465.0
7.864549160003662, 4465.0
7.903713226318359, 4465.0
7.9428510665893555, 4465.0
7.981921195983887, 4465.0
