0.04976081848144531, 8461.0
0.08726191520690918, 10125.0
0.12505888938903809, 10434.0
0.1628870964050293, 11242.0
0.20087695121765137, 11896.0
0.23908710479736328, 13697.0
0.2774379253387451, 13765.0
0.315950870513916, 14906.0
0.3545258045196533, 14906.0
0.39321374893188477, 16020.0
0.4320700168609619, 16187.0
0.4709610939025879, 18581.0
0.510019063949585, 18599.0
0.5491759777069092, 18991.0
0.5883679389953613, 19131.0
0.6275980472564697, 20177.0
0.6676180362701416, 21433.0
0.7070779800415039, 21433.0
0.7465269565582275, 21674.0
0.786038875579834, 22090.0
0.825585126876831, 22090.0
0.8652029037475586, 23114.0
0.9050137996673584, 23114.0
0.9447751045227051, 23875.0
0.9846508502960205, 24903.0
1.024444818496704, 24903.0
1.0643799304962158, 25131.0
1.1042568683624268, 25131.0
1.1441588401794434, 25567.0
1.1841049194335938, 25598.0
1.2241110801696777, 25679.0
1.2645070552825928, 26557.0
1.3070719242095947, 26995.0
1.3491449356079102, 27048.0
1.3920700550079346, 27048.0
1.434701919555664, 27391.0
1.477423906326294, 27567.0
1.5197689533233643, 27725.0
1.5622990131378174, 28026.0
1.604506015777588, 28026.0
1.646967887878418, 28026.0
1.6902320384979248, 28026.0
1.7351679801940918, 28154.0
1.7776899337768555, 28465.0
1.8203837871551514, 28465.0
1.8636231422424316, 28465.0
1.9066848754882812, 28465.0
1.9492039680480957, 28465.0
1.9906747341156006, 28465.0
2.032482862472534, 28465.0
2.0740458965301514, 28465.0
2.1157050132751465, 28465.0
2.1572940349578857, 28519.0
2.198624849319458, 28519.0
2.2399709224700928, 28619.0
2.2813119888305664, 28619.0
2.3223018646240234, 28619.0
2.3637030124664307, 28619.0
2.405075788497925, 28619.0
2.446497917175293, 28619.0
2.4879000186920166, 28619.0
2.5295698642730713, 28619.0
2.57099986076355, 28619.0
2.6123409271240234, 28619.0
2.6536569595336914, 28619.0
2.6951258182525635, 28619.0
2.7381649017333984, 28619.0
2.780302047729492, 28619.0
2.8238539695739746, 28619.0
2.8680460453033447, 28619.0
2.9117319583892822, 28619.0
2.9555490016937256, 28619.0
2.9994678497314453, 28619.0
3.04213285446167, 28619.0
3.0852739810943604, 28619.0
3.136659860610962, 28619.0
3.1792280673980713, 28619.0
3.221928834915161, 28619.0
3.265968084335327, 28619.0
3.310127019882202, 28619.0
3.354825973510742, 28619.0
3.3997418880462646, 28619.0
3.4445197582244873, 28619.0
3.4892539978027344, 28619.0
3.533512830734253, 28619.0
3.576542854309082, 28619.0
3.6192548274993896, 28619.0
3.660712957382202, 28619.0
3.702141761779785, 28619.0
3.7446959018707275, 28619.0
3.786505937576294, 28619.0
3.827954053878784, 28619.0
3.869379997253418, 28619.0
3.9107980728149414, 28619.0
3.9520978927612305, 28619.0
3.993499994277954, 28619.0
4.0348310470581055, 28619.0
4.076445817947388, 28619.0
4.117693901062012, 28619.0
4.158910751342773, 28619.0
4.200196027755737, 28619.0
4.243462085723877, 28619.0
4.287613868713379, 28619.0
4.332690000534058, 28619.0
4.377779960632324, 28619.0
4.422277927398682, 28619.0
4.4652838706970215, 28619.0
4.509573936462402, 28619.0
4.551628828048706, 28619.0
4.593533754348755, 28619.0
4.634975910186768, 28619.0
4.677743911743164, 28619.0
4.7200517654418945, 28619.0
4.763045072555542, 28619.0
4.805920839309692, 28619.0
4.849254131317139, 28619.0
4.892604112625122, 28619.0
4.9363439083099365, 28619.0
4.979214906692505, 28619.0
5.022877931594849, 28619.0
5.065686941146851, 28619.0
5.107891798019409, 28619.0
5.149194955825806, 28619.0
5.190125942230225, 28619.0
5.231149911880493, 28619.0
5.272037029266357, 28619.0
5.312824010848999, 28619.0
5.353862047195435, 28619.0
5.39486289024353, 28619.0
5.435608863830566, 28619.0
5.476671934127808, 28619.0
5.520051956176758, 28619.0
5.562709808349609, 28619.0
5.605374813079834, 28619.0
5.648115873336792, 28619.0
5.691524028778076, 28619.0
5.734040021896362, 28619.0
5.777817010879517, 28619.0
5.8219428062438965, 28619.0
5.865898847579956, 28619.0
5.909246921539307, 28619.0
5.954236030578613, 28619.0
6.008168935775757, 28619.0
6.050849914550781, 28619.0
6.092662811279297, 28619.0
6.135053873062134, 28619.0
6.176912069320679, 28619.0
6.2200281620025635, 28619.0
6.263439893722534, 28619.0
6.307184934616089, 28619.0
6.3502020835876465, 28619.0
6.3936591148376465, 28619.0
6.436505079269409, 28619.0
6.479806900024414, 28619.0
6.522695064544678, 28619.0
6.565264940261841, 28619.0
6.608136892318726, 28619.0
6.652382850646973, 28619.0
6.69515585899353, 28619.0
6.738821029663086, 28619.0
6.7817628383636475, 28619.0
6.82348108291626, 28619.0
6.865067958831787, 28619.0
6.906698942184448, 28619.0
6.947951078414917, 28619.0
6.9900219440460205, 28619.0
7.032883882522583, 28619.0
7.076619863510132, 28619.0
7.119476795196533, 28619.0
7.161435127258301, 28619.0
7.202971935272217, 28619.0
7.244550943374634, 28619.0
7.285521984100342, 28619.0
7.326856851577759, 28619.0
7.367810964584351, 28619.0
7.409138917922974, 28619.0
7.44995903968811, 28619.0
7.491174936294556, 28619.0
7.531995058059692, 28619.0
7.57324481010437, 28619.0
7.61406683921814, 28619.0
7.655322074890137, 28619.0
7.696125745773315, 28619.0
7.737323999404907, 28619.0
7.77825403213501, 28619.0
7.82146692276001, 28619.0
7.862743854522705, 28619.0
7.903822898864746, 28619.0
7.944819927215576, 28619.0
7.985851049423218, 28619.0
8.027090072631836, 28619.0
8.068107843399048, 28619.0
8.109184980392456, 28619.0
8.15024709701538, 28619.0
8.191291093826294, 28619.0
8.23275899887085, 28619.0
8.273874759674072, 28619.0
8.315217018127441, 28619.0
8.356116771697998, 28619.0
8.396946907043457, 28619.0
8.437735080718994, 28619.0
