0.20217680931091309, 10848.0
0.35405397415161133, 11045.0
0.5039148330688477, 11269.0
0.6539239883422852, 11355.0
0.803596019744873, 11447.0
0.9531948566436768, 11453.0
1.1040570735931396, 11523.0
1.255363941192627, 11633.0
1.4052400588989258, 11789.0
1.5562851428985596, 11997.0
1.706226110458374, 12123.0
1.857100009918213, 12142.0
2.008373975753784, 12612.0
2.1590681076049805, 12612.0
2.310525894165039, 12612.0
2.4619197845458984, 12612.0
2.613111972808838, 12711.0
2.765294075012207, 12711.0
2.917512893676758, 12957.0
3.0694267749786377, 12957.0
3.2238409519195557, 13150.0
3.3814139366149902, 13289.0
3.5351247787475586, 13400.0
3.6885979175567627, 13400.0
3.8519599437713623, 13458.0
4.010484933853149, 13458.0
4.176249980926514, 13752.0
4.334233045578003, 13752.0
4.493512868881226, 13813.0
4.651760101318359, 13944.0
4.809869050979614, 13944.0
4.966089963912964, 13994.0
5.120712757110596, 14139.0
5.27622389793396, 14344.0
5.430663824081421, 14364.0
5.587249040603638, 14364.0
5.749190092086792, 14364.0
5.908972978591919, 14364.0
6.071494102478027, 14594.0
6.232043981552124, 14639.0
6.396739959716797, 14644.0
6.554780006408691, 14644.0
6.711542844772339, 14717.0
6.867337942123413, 14728.0
7.024781942367554, 14728.0
7.184117794036865, 14781.0
7.343396902084351, 14910.0
7.502437114715576, 15137.0
7.658847808837891, 15212.0
7.815054893493652, 15212.0
7.971231937408447, 15212.0
8.12747573852539, 15212.0
8.283461093902588, 15212.0
8.463472127914429, 15212.0
8.623780965805054, 15346.0
8.790328979492188, 15346.0
8.951325178146362, 15411.0
9.110568761825562, 15471.0
9.268703937530518, 15471.0
9.425390005111694, 15471.0
9.582517862319946, 15471.0
9.740235805511475, 15471.0
9.899369955062866, 15743.0
10.060525894165039, 15743.0
10.229054927825928, 15743.0
10.390981912612915, 15773.0
10.55516505241394, 15833.0
10.717597723007202, 15839.0
10.879739999771118, 15839.0
11.039934873580933, 15839.0
11.198559999465942, 15839.0
11.362612962722778, 15863.0
11.532904863357544, 15890.0
11.717661142349243, 16068.0
11.876972913742065, 16068.0
12.039510011672974, 16068.0
12.199985980987549, 16068.0
12.360131978988647, 16068.0
12.523048162460327, 16068.0
12.682175874710083, 16068.0
12.840651988983154, 16108.0
13.000138998031616, 16167.0
13.158159017562866, 16167.0
13.320185899734497, 16167.0
13.478321075439453, 16243.0
13.635113954544067, 16243.0
13.792204856872559, 16243.0
13.950181007385254, 16243.0
14.107467889785767, 16243.0
14.26599383354187, 16283.0
14.424594163894653, 16283.0
14.593450784683228, 16290.0
14.752648830413818, 16337.0
14.909661054611206, 16337.0
15.067888021469116, 16337.0
15.226993083953857, 16337.0
15.388269901275635, 16347.0
15.54802393913269, 16432.0
15.706389904022217, 16432.0
15.869277000427246, 16432.0
16.03289484977722, 16432.0
16.198731899261475, 16457.0
16.36220693588257, 16457.0
16.525288105010986, 16457.0
16.693753004074097, 16505.0
16.853895902633667, 16505.0
17.015223026275635, 16505.0
17.175570726394653, 16505.0
17.336184978485107, 16526.0
17.497565031051636, 16531.0
17.65890598297119, 16531.0
17.82203984260559, 16605.0
18.006339073181152, 16605.0
18.168922901153564, 16605.0
18.333228826522827, 16669.0
18.497518062591553, 16669.0
18.662004947662354, 16745.0
18.823816776275635, 16757.0
18.986361980438232, 16789.0
19.14513087272644, 16789.0
19.30374789237976, 16834.0
19.46440601348877, 16834.0
19.624045848846436, 16860.0
19.783746004104614, 16966.0
19.9439959526062, 16966.0
20.107414960861206, 16966.0
20.267489910125732, 16966.0
20.426817893981934, 17002.0
20.58575987815857, 17002.0
20.748840808868408, 17042.0
20.92049813270569, 17089.0
21.08246397972107, 17089.0
21.244035005569458, 17089.0
21.40384292602539, 17089.0
21.56480598449707, 17089.0
21.722994804382324, 17089.0
21.882918119430542, 17092.0
22.04255700111389, 17092.0
22.20204496383667, 17149.0
22.36158299446106, 17213.0
22.519570112228394, 17213.0
22.679429054260254, 17213.0
22.839242935180664, 17213.0
22.998783826828003, 17213.0
23.158413887023926, 17218.0
23.317920923233032, 17218.0
23.47657585144043, 17218.0
23.63763976097107, 17220.0
23.79727792739868, 17222.0
23.955090045928955, 17222.0
24.11459493637085, 17222.0
24.273741006851196, 17222.0
24.431338787078857, 17239.0
24.59084677696228, 17287.0
24.75026297569275, 17287.0
24.909677982330322, 17287.0
25.068914890289307, 17287.0
25.228400945663452, 17287.0
25.387852907180786, 17303.0
25.548521757125854, 17303.0
25.708236932754517, 17303.0
25.867645025253296, 17303.0
26.025686979293823, 17303.0
26.185149908065796, 17393.0
26.344392776489258, 17393.0
26.503570079803467, 17393.0
26.661096811294556, 17393.0
26.82050609588623, 17393.0
26.97966194152832, 17393.0
27.139217138290405, 17393.0
27.298390865325928, 17393.0
27.458051919937134, 17393.0
27.622020959854126, 17409.0
27.784391164779663, 17409.0
27.94850993156433, 17409.0
28.10938000679016, 17409.0
28.26846408843994, 17409.0
28.427502870559692, 17409.0
28.588136911392212, 17409.0
28.749467134475708, 17409.0
28.91043186187744, 17409.0
29.07205080986023, 17442.0
29.230997800827026, 17442.0
29.39061188697815, 17442.0
29.550078868865967, 17442.0
29.713305950164795, 17442.0
29.87402582168579, 17442.0
30.034711837768555, 17442.0
30.19571089744568, 17451.0
30.35637593269348, 17451.0
30.515214920043945, 17451.0
30.673792839050293, 17451.0
30.83453893661499, 17451.0
30.995492935180664, 17451.0
31.155666828155518, 17452.0
31.31639289855957, 17490.0
31.47658896446228, 17493.0
31.63850212097168, 17493.0
31.799026012420654, 17493.0
31.957541942596436, 17493.0
32.11600708961487, 17493.0
