0.0020227432250976562, 744.0
0.004086971282958984, 1103.0
0.0060977935791015625, 1542.0
0.008107900619506836, 1993.0
0.010116815567016602, 2118.0
0.01212000846862793, 2741.0
0.014133930206298828, 3241.0
0.0161588191986084, 3683.0
0.018177032470703125, 4345.0
0.02017998695373535, 5229.0
0.02221083641052246, 5373.0
0.0242159366607666, 6000.0
0.026231765747070312, 7022.0
0.02823495864868164, 7183.0
0.030249834060668945, 8187.0
0.03225278854370117, 8819.0
0.034253835678100586, 9483.0
0.03626084327697754, 9592.0
0.038266897201538086, 10662.0
0.04027581214904785, 11257.0
0.042279958724975586, 12049.0
0.04428577423095703, 12446.0
0.046293020248413086, 12856.0
0.04828906059265137, 13625.0
0.05031585693359375, 13940.0
0.05233287811279297, 14826.0
0.054341793060302734, 15061.0
0.0563509464263916, 15717.0
0.058400869369506836, 15845.0
0.06040382385253906, 16054.0
0.0624079704284668, 16491.0
0.06441497802734375, 17333.0
0.06642794609069824, 17871.0
0.06842803955078125, 18758.0
0.07042980194091797, 19405.0
0.07242798805236816, 19932.0
0.07442188262939453, 20938.0
0.07642889022827148, 21915.0
0.07843685150146484, 22252.0
0.08044576644897461, 22412.0
0.0824587345123291, 23358.0
0.08446788787841797, 24367.0
0.08646869659423828, 24998.0
0.0884699821472168, 25306.0
0.09046673774719238, 26131.0
0.09247899055480957, 26302.0
0.09447765350341797, 26854.0
0.09649300575256348, 27732.0
0.09849071502685547, 28075.0
0.10049200057983398, 28982.0
0.10249185562133789, 29366.0
0.10449790954589844, 29827.0
0.10648989677429199, 29990.0
0.10848283767700195, 30988.0
0.11046671867370605, 31137.0
0.11245179176330566, 31314.0
0.11444282531738281, 31848.0
0.11644792556762695, 32233.0
0.11845183372497559, 32714.0
0.12043905258178711, 32989.0
0.12241983413696289, 33819.0
0.1244058609008789, 34428.0
0.1264028549194336, 35266.0
0.1283888816833496, 36151.0
0.1303858757019043, 37034.0
0.1323697566986084, 37893.0
0.13435888290405273, 38663.0
0.1363518238067627, 39582.0
0.1383380889892578, 40308.0
0.14032196998596191, 41018.0
0.14231395721435547, 41959.0
0.14437198638916016, 42673.0
0.1463608741760254, 42871.0
0.1483478546142578, 43715.0
0.15035796165466309, 44414.0
0.15235185623168945, 45079.0
0.1543416976928711, 45694.0
0.15634465217590332, 45939.0
0.1583418846130371, 46266.0
0.16033577919006348, 47157.0
0.1623249053955078, 48214.0
0.16431093215942383, 49292.0
0.16629672050476074, 49936.0
0.16829490661621094, 50770.0
0.17029190063476562, 51080.0
0.17227888107299805, 51424.0
0.1742856502532959, 52175.0
0.17629480361938477, 52706.0
0.17829680442810059, 53206.0
0.18028783798217773, 53952.0
0.1822948455810547, 54542.0
0.18431997299194336, 54781.0
0.186309814453125, 55286.0
0.18829894065856934, 56205.0
0.19030094146728516, 57294.0
0.19229888916015625, 58176.0
0.1942887306213379, 58352.0
0.1962900161743164, 58679.0
0.20022869110107422, 58859.0
0.20415878295898438, 59050.0
0.21200776100158691, 59548.0
0.22961878776550293, 59731.0
0.2609519958496094, 59781.0
0.31988978385925293, 59976.0
0.41488003730773926, 60105.0
0.5882139205932617, 60210.0
0.6957859992980957, 60376.0
0.779437780380249, 60510.0
0.8885917663574219, 60651.0
0.9171128273010254, 60797.0
0.9285449981689453, 61003.0
0.9362068176269531, 61117.0
0.9419429302215576, 61240.0
0.9648258686065674, 61410.0
1.038329839706421, 61443.0
1.0497877597808838, 61587.0
1.1239957809448242, 61667.0
1.146785020828247, 61773.0
1.259706735610962, 61880.0
1.2715866565704346, 62018.0
1.391122817993164, 62104.0
1.414691686630249, 62209.0
1.4225637912750244, 62328.0
1.4834067821502686, 62517.0
1.557755947113037, 62596.0
1.6672697067260742, 62652.0
1.692687749862671, 62810.0
1.806074857711792, 62916.0
1.813915729522705, 63017.0
1.908531904220581, 63114.0
1.9856467247009277, 63201.0
2.036486864089966, 63313.0
2.1282708644866943, 63502.0
2.149761915206909, 63618.0
2.159553050994873, 63714.0
2.458516836166382, 63839.0
2.464406967163086, 63981.0
2.4741859436035156, 64100.0
2.722221851348877, 64217.0
2.8668007850646973, 64319.0
3.1695408821105957, 64426.0
3.1929757595062256, 64533.0
3.2125039100646973, 64708.0
3.243783950805664, 64713.0
3.4127249717712402, 64816.0
3.910634994506836, 64918.0
4.179872035980225, 64993.0
4.277205944061279, 65060.0
4.279226779937744, 65211.0
4.316752910614014, 65313.0
4.640434980392456, 65416.0
4.681910991668701, 65496.0
4.7453529834747314, 65531.0
4.7513368129730225, 65614.0
4.753355979919434, 65730.0
4.786695957183838, 65887.0
4.7924699783325195, 66033.0
4.805924892425537, 66155.0
4.827065706253052, 66259.0
4.846270799636841, 66301.0
4.884706020355225, 66416.0
4.97495698928833, 66498.0
5.134183883666992, 66584.0
5.1380627155303955, 66690.0
5.207170009613037, 66710.0
5.257035970687866, 66781.0
5.330040693283081, 66816.0
5.387871980667114, 66917.0
5.794837951660156, 66994.0
5.8027119636535645, 67103.0
5.88306188583374, 67219.0
5.932132720947266, 67229.0
5.936097860336304, 67334.0
6.00090479850769, 67398.0
6.5199339389801025, 67515.0
6.643167972564697, 67686.0
6.654542684555054, 67688.0
6.658338785171509, 67800.0
6.928120851516724, 67872.0
6.98210883140564, 67937.0
7.081727981567383, 68109.0
7.2562267780303955, 68116.0
7.39298677444458, 68213.0
7.407793760299683, 68317.0
7.7423176765441895, 68333.0
7.758953809738159, 68459.0
7.762693881988525, 68586.0
7.788580894470215, 68705.0
7.803363800048828, 68815.0
8.156730890274048, 68819.0
8.265919923782349, 68894.0
8.347269773483276, 69049.0
8.380084991455078, 69199.0
8.459227800369263, 69280.0
8.507479906082153, 69394.0
9.075162887573242, 69415.0
9.252534866333008, 69589.0
9.477417945861816, 69718.0
9.599443912506104, 69719.0
10.017614841461182, 69783.0
10.156107902526855, 69790.0
10.282509088516235, 69964.0
10.338590860366821, 70187.0
10.346333980560303, 70314.0
10.598775625228882, 70405.0
10.618119955062866, 70551.0
10.627810001373291, 70673.0
10.649028778076172, 70823.0
10.650994777679443, 70938.0
10.69918179512024, 71082.0
10.733914852142334, 71200.0
10.774432897567749, 71316.0
10.934401988983154, 71403.0
10.953707933425903, 71513.0
10.990350723266602, 71616.0
11.076969861984253, 71671.0
11.129019737243652, 71786.0
11.190384864807129, 71811.0
11.31896686553955, 71852.0
11.320920705795288, 72010.0
11.472319841384888, 72117.0
11.483834743499756, 72218.0
11.769665956497192, 72308.0
11.804134845733643, 72414.0
12.07260274887085, 72488.0
12.090950727462769, 72583.0
12.170225858688354, 72612.0
12.184329986572266, 72798.0
12.351099729537964, 72882.0
12.355041980743408, 73019.0
12.417387008666992, 73108.0
12.479099750518799, 73210.0
12.550348997116089, 73244.0
12.58504867553711, 73298.0
12.746701717376709, 73409.0
12.980174779891968, 73515.0
13.056288003921509, 73517.0
13.088666915893555, 73657.0
13.136298894882202, 73678.0
13.172386646270752, 73802.0
13.246420860290527, 73904.0
13.301589012145996, 73911.0
13.396674633026123, 74008.0
13.645371913909912, 74093.0
13.6530020236969, 74210.0
13.964223861694336, 74318.0
14.068589687347412, 74319.0
14.195673704147339, 74375.0
14.248812913894653, 74393.0
14.27833867073059, 74498.0
14.382524967193604, 74607.0
14.390405893325806, 74712.0
14.54952597618103, 74801.0
14.584901809692383, 74916.0
14.86949872970581, 74923.0
14.88717269897461, 75086.0
15.095739841461182, 75088.0
15.174779891967773, 75201.0
15.211420774459839, 75347.0
15.238451957702637, 75487.0
15.253933668136597, 75599.0
15.255889892578125, 75709.0
15.452713966369629, 75807.0
15.456589698791504, 75908.0
15.886476039886475, 75910.0
16.274481773376465, 75911.0
16.278132915496826, 75917.0
16.62628197669983, 76014.0
17.002659797668457, 76116.0
17.04898190498352, 76316.0
17.917762756347656, 76405.0
17.923144817352295, 76518.0
18.040942668914795, 76618.0
18.12662982940674, 76696.0
18.133815050125122, 76846.0
18.16414165496826, 76947.0
18.198240041732788, 77064.0
18.24661087989807, 77196.0
18.322561979293823, 77218.0
18.737410068511963, 77264.0
18.752888679504395, 77413.0
18.99794101715088, 77488.0
19.02088189125061, 77498.0
19.131560802459717, 77613.0
19.186882734298706, 77689.0
19.21935796737671, 77819.0
19.943935871124268, 77915.0
20.053685903549194, 78034.0
20.055607080459595, 78148.0
20.061325788497925, 78182.0
20.085960865020752, 78315.0
20.242055892944336, 78451.0
20.29592776298523, 78565.0
20.584796905517578, 78702.0
20.747392892837524, 78716.0
21.22387981414795, 78911.0
21.258508920669556, 79018.0
21.32573175430298, 79050.0
21.333443880081177, 79065.0
21.350749969482422, 79198.0
21.54449486732483, 79299.0
22.08622694015503, 79314.0
22.13217306137085, 79413.0
22.33200192451477, 79417.0
22.691503763198853, 79497.0
22.716331005096436, 79551.0
22.722087860107422, 79717.0
22.77758002281189, 79790.0
22.91818904876709, 79885.0
22.97901487350464, 79915.0
23.08522391319275, 79975.0
23.130871772766113, 80100.0
23.235259771347046, 80197.0
23.330199003219604, 80206.0
23.377631902694702, 80292.0
23.51257872581482, 80306.0
24.244555950164795, 80406.0
24.32321786880493, 80490.0
24.343759775161743, 80591.0
24.39874577522278, 80708.0
24.528109073638916, 80710.0
24.637665033340454, 80811.0
24.866482973098755, 80919.0
24.97131085395813, 81044.0
24.979132890701294, 81180.0
25.047162771224976, 81290.0
25.132102727890015, 81451.0
25.13989496231079, 81471.0
25.168848752975464, 81586.0
25.238102912902832, 81613.0
25.71509885787964, 81688.0
25.755719900131226, 81809.0
25.78860592842102, 81844.0
25.8078830242157, 81990.0
25.929200887680054, 81997.0
26.027387857437134, 82071.0
26.042870044708252, 82113.0
26.221540689468384, 82211.0
26.292998790740967, 82221.0
26.317991971969604, 82487.0
26.325727939605713, 82598.0
26.34118390083313, 82718.0
26.386643886566162, 82812.0
26.415504932403564, 82922.0
26.43859887123108, 82991.0
26.469406843185425, 83059.0
26.475228786468506, 83276.0
26.557898998260498, 83416.0
27.376444816589355, 83459.0
27.420357704162598, 83614.0
27.686185836791992, 83694.0
27.776025772094727, 83714.0
27.89639401435852, 83716.0
27.97279691696167, 83751.0
28.04533886909485, 83860.0
28.286175966262817, 83946.0
28.29767870903015, 84062.0
28.303457975387573, 84174.0
28.34552764892578, 84239.0
28.397580862045288, 84367.0
28.425112009048462, 84511.0
28.614694833755493, 84614.0
28.706374883651733, 84710.0
28.71024990081787, 84813.0
28.72370481491089, 84827.0
28.748694896697998, 84856.0
28.76409077644348, 84941.0
28.766052722930908, 85101.0
28.854100942611694, 85256.0
28.919174909591675, 85289.0
28.942165851593018, 85407.0
28.951764822006226, 85472.0
29.010977029800415, 85595.0
29.0319926738739, 85711.0
29.064460039138794, 85832.0
29.083608865737915, 86016.0
29.125646829605103, 86117.0
30.882439851760864, 86148.0
30.89789581298828, 86252.0
30.90563988685608, 86394.0
30.9404239654541, 86504.0
31.05621600151062, 86614.0
31.193302869796753, 86716.0
31.303470849990845, 86811.0
31.345967769622803, 86812.0
31.359508991241455, 86917.0
31.42713189125061, 87016.0
31.67120885848999, 87037.0
31.682726860046387, 87156.0
32.14298892021179, 87185.0
32.16783094406128, 87311.0
32.312946796417236, 87415.0
32.658031702041626, 87464.0
32.69909977912903, 87482.0
32.77944278717041, 87569.0
32.90418100357056, 87704.0
32.96786689758301, 87811.0
33.41047286987305, 87817.0
34.769221782684326, 87824.0
34.80349779129028, 87894.0
34.99919676780701, 87991.0
35.1060528755188, 88007.0
35.75181174278259, 88019.0
35.808862924575806, 88102.0
35.94364380836487, 88240.0
35.94937586784363, 88371.0
35.985527753829956, 88418.0
38.39972496032715, 88488.0
38.47273588180542, 88612.0
38.865633964538574, 88679.0
38.916563987731934, 88866.0
39.0039279460907, 89002.0
39.12203073501587, 89179.0
39.42583084106445, 89215.0
43.385143756866455, 89302.0
43.45345997810364, 89389.0
43.47056484222412, 89404.0
43.57692003250122, 89407.0
43.62437582015991, 89414.0
43.63390493392944, 89458.0
43.707849979400635, 89576.0
43.70978403091431, 89707.0
47.40519595146179, 89713.0
50.74349904060364, 89810.0
52.07499074935913, 89857.0
52.09592604637146, 89972.0
52.17211079597473, 90018.0
52.87321376800537, 90065.0
52.87523078918457, 90186.0
53.06526184082031, 90272.0
53.13504672050476, 90509.0
53.19508385658264, 90579.0
53.206788778305054, 90750.0
53.237902879714966, 90762.0
53.266998052597046, 90907.0
53.3290319442749, 90916.0
53.8238799571991, 90960.0
53.833499908447266, 91108.0
53.84118294715881, 91209.0
54.465001821517944, 91316.0
54.5856077671051, 91408.0
54.604798793792725, 91418.0
54.800084829330444, 91491.0
54.86899185180664, 91524.0
54.90660285949707, 91534.0
54.93061280250549, 91706.0
54.98775768280029, 91813.0
55.46454668045044, 91915.0
55.487732887268066, 92018.0
59.16080093383789, 92095.0
59.41428995132446, 92099.0
59.451422929763794, 92101.0
59.537024974823, 92108.0
59.78115463256836, 92141.0
59.787012815475464, 92302.0
59.92217683792114, 92392.0
60.01694583892822, 92485.0
60.30871391296387, 92512.0
60.34933686256409, 92518.0
60.56902503967285, 92618.0
61.195183753967285, 92717.0
61.68420100212097, 92817.0
62.368589639663696, 92902.0
62.3857216835022, 93014.0
64.28441286087036, 93100.0
64.36765575408936, 93151.0
64.39038801193237, 93246.0
64.47176194190979, 93364.0
64.71737790107727, 93512.0
64.75336694717407, 93597.0
65.05235981941223, 93608.0
65.18991374969482, 93682.0
65.2113127708435, 93737.0
65.25790596008301, 93757.0
65.33761477470398, 93908.0
65.3512487411499, 93916.0
65.82952499389648, 93998.0
67.65124201774597, 94010.0
67.93710780143738, 94119.0
74.23810577392578, 94199.0
74.41664099693298, 94216.0
74.63968086242676, 94272.0
74.66199493408203, 94406.0
74.7605528831482, 94409.0
74.80155181884766, 94415.0
74.82397389411926, 94515.0
76.58994674682617, 94618.0
76.59582376480103, 94719.0
78.3910129070282, 94807.0
78.56933283805847, 94848.0
78.6162519454956, 94989.0
78.97174882888794, 95098.0
79.2834119796753, 95099.0
79.40274095535278, 95166.0
79.40665602684021, 95281.0
79.59598994255066, 95319.0
80.36139178276062, 95383.0
80.49969983100891, 95395.0
80.50547575950623, 95498.0
80.73216891288757, 95503.0
80.8148238658905, 95508.0
81.68009495735168, 95595.0
81.79068994522095, 95609.0
82.12586903572083, 95715.0
82.20133972167969, 95798.0
82.51459789276123, 95914.0
82.86256384849548, 95996.0
84.91761779785156, 96012.0
85.12141180038452, 96112.0
85.12720680236816, 96216.0
85.24062991142273, 96284.0
85.41168475151062, 96367.0
85.4635717868805, 96507.0
85.74384093284607, 96513.0
85.84181499481201, 96605.0
85.99530792236328, 96645.0
86.01453375816345, 96811.0
86.29083895683289, 96895.0
86.46555685997009, 96905.0
86.55006384849548, 96978.0
86.63248896598816, 96981.0
86.69935584068298, 97006.0
87.1672010421753, 97019.0
87.6285228729248, 97113.0
92.57261085510254, 97133.0
92.580326795578, 97297.0
92.61090588569641, 97398.0
92.76941180229187, 97478.0
92.88797903060913, 97493.0
93.48029375076294, 97615.0
94.6374237537384, 97709.0
94.76258778572083, 97713.0
94.8194727897644, 97818.0
94.84986901283264, 97890.0
94.87263989448547, 98013.0
94.97701501846313, 98092.0
95.91770386695862, 98118.0
95.98140692710876, 98251.0
96.00849199295044, 98370.0
96.2362117767334, 98486.0
96.2767539024353, 98608.0
97.44717788696289, 98611.0
97.47991704940796, 98718.0
100.38453674316406, 98762.0
100.38847589492798, 98885.0
100.39825582504272, 99003.0
100.45878767967224, 99074.0
100.6538758277893, 99113.0
101.9949357509613, 99114.0
102.16091179847717, 99207.0
102.29558300971985, 99308.0
102.98719096183777, 99310.0
104.1756649017334, 99412.0
104.4416298866272, 99513.0
105.15621566772461, 99519.0
106.62617182731628, 99588.0
106.9798309803009, 99675.0
106.99901008605957, 99802.0
107.58996891975403, 99883.0
107.63579392433167, 99899.0
107.94894576072693, 100001.0
108.18884992599487, 100106.0
108.51521682739258, 100109.0
108.72359085083008, 100112.0
109.38738298416138, 100213.0
109.5395839214325, 100216.0
110.36583709716797, 100268.0
110.40441584587097, 100396.0
110.51245784759521, 100416.0
113.73020482063293, 100419.0
116.64470982551575, 100514.0
118.36588883399963, 100617.0
120.16832089424133, 100708.0
120.770822763443, 100809.0
121.36070990562439, 100813.0
121.67547583580017, 100919.0
124.64389395713806, 101015.0
132.97469282150269, 101088.0
132.98034000396729, 101204.0
133.06620168685913, 101319.0
