0.10129094123840332, 5748.0
0.17656588554382324, 5926.0
0.25197386741638184, 6251.0
0.32745790481567383, 6347.0
0.4033029079437256, 6495.0
0.4791438579559326, 6629.0
0.5549428462982178, 6629.0
0.6309409141540527, 6629.0
0.707521915435791, 6651.0
0.7839128971099854, 6670.0
0.8603940010070801, 6670.0
0.9371697902679443, 6809.0
1.0162527561187744, 6849.0
1.094101905822754, 6849.0
1.1708850860595703, 6883.0
1.2477197647094727, 6907.0
1.3246409893035889, 7042.0
1.4015469551086426, 7145.0
1.4785950183868408, 7417.0
1.5557689666748047, 7417.0
1.6330130100250244, 7417.0
1.7102489471435547, 7417.0
1.7881929874420166, 7417.0
1.866015911102295, 7489.0
1.943791151046753, 7489.0
2.0219550132751465, 7489.0
2.101181983947754, 7512.0
2.180814027786255, 7563.0
2.2620458602905273, 7698.0
2.342020034790039, 7698.0
2.423362970352173, 7698.0
2.5041589736938477, 7715.0
2.5845189094543457, 7736.0
2.6650547981262207, 7868.0
2.74448299407959, 7883.0
2.8243048191070557, 7975.0
2.903641939163208, 7998.0
2.9845328330993652, 8013.0
3.0651350021362305, 8013.0
3.1445491313934326, 8047.0
3.224411725997925, 8047.0
3.3063547611236572, 8047.0
3.389418840408325, 8187.0
3.4723761081695557, 8200.0
3.553941011428833, 8284.0
3.635467052459717, 8284.0
3.7175629138946533, 8308.0
3.7991299629211426, 8308.0
3.877593994140625, 8322.0
3.9586308002471924, 8322.0
4.038172960281372, 8364.0
4.116843938827515, 8364.0
4.1961658000946045, 8418.0
4.27529501914978, 8418.0
4.353770017623901, 8540.0
4.433176040649414, 8540.0
4.512882947921753, 8540.0
4.592180967330933, 8540.0
4.673466920852661, 8540.0
4.755118131637573, 8540.0
4.837721109390259, 8540.0
4.918848037719727, 8540.0
5.000327825546265, 8550.0
5.082953929901123, 8560.0
5.1638288497924805, 8583.0
5.243687868118286, 8583.0
5.323307991027832, 8583.0
5.402848958969116, 8590.0
5.4824278354644775, 8590.0
5.561179876327515, 8590.0
5.64074182510376, 8623.0
5.719941139221191, 8623.0
5.799239873886108, 8623.0
5.878269910812378, 8623.0
5.957502841949463, 8623.0
6.038096904754639, 8623.0
6.117408037185669, 8623.0
6.196594953536987, 8623.0
6.2757649421691895, 8623.0
6.354917764663696, 8623.0
6.434003829956055, 8651.0
6.513171911239624, 8651.0
6.591935873031616, 8651.0
6.671259880065918, 8703.0
6.750676870346069, 8703.0
6.829959869384766, 8703.0
6.909202814102173, 8713.0
6.988518953323364, 8713.0
7.06936502456665, 8713.0
7.148938894271851, 8713.0
7.2281410694122314, 8721.0
7.307374000549316, 8721.0
7.386581897735596, 8721.0
7.4658589363098145, 8721.0
7.54508113861084, 8721.0
7.624247074127197, 8721.0
7.703226089477539, 8721.0
7.782495975494385, 8721.0
7.861324071884155, 8721.0
7.940258026123047, 8721.0
8.019204139709473, 8721.0
8.098592042922974, 8721.0
8.177551031112671, 8725.0
8.256050825119019, 8725.0
8.335034847259521, 8750.0
8.41427993774414, 8765.0
8.49324893951416, 8765.0
8.571877002716064, 8770.0
8.651250839233398, 8770.0
8.73055100440979, 8770.0
8.810009002685547, 8770.0
8.889585971832275, 8794.0
8.969045877456665, 8794.0
9.047465801239014, 8826.0
9.127460956573486, 8826.0
9.206143856048584, 8826.0
9.285814046859741, 8826.0
9.365549087524414, 8826.0
9.445194005966187, 8826.0
9.524006843566895, 8826.0
9.603554964065552, 8826.0
9.683068752288818, 8826.0
9.761501789093018, 8826.0
9.83989691734314, 8834.0
9.91927695274353, 8834.0
9.998810768127441, 8834.0
10.077122926712036, 8834.0
10.156691789627075, 8834.0
10.23519778251648, 8834.0
10.314523935317993, 8834.0
10.392818927764893, 8834.0
10.472210884094238, 8834.0
10.550595045089722, 8834.0
10.629942893981934, 8834.0
10.708423852920532, 8834.0
10.787658929824829, 8834.0
10.865883827209473, 8834.0
10.946333885192871, 8834.0
11.025627851486206, 8834.0
11.10497784614563, 8834.0
11.185379981994629, 8834.0
11.265363931655884, 8834.0
11.344541788101196, 8834.0
11.424556016921997, 8834.0
11.503572940826416, 8834.0
11.585192918777466, 8834.0
11.664125919342041, 8834.0
11.744170904159546, 8834.0
11.823164939880371, 8834.0
11.903141021728516, 8834.0
11.982338905334473, 8834.0
12.062231063842773, 8834.0
12.141311883926392, 8834.0
12.221364974975586, 8834.0
12.300626993179321, 8834.0
12.38244080543518, 8834.0
12.464056968688965, 8834.0
12.544317960739136, 8834.0
12.623481035232544, 8834.0
12.703390836715698, 8834.0
12.783408880233765, 8834.0
12.86343502998352, 8834.0
12.943173170089722, 8834.0
13.023229837417603, 8834.0
13.102339029312134, 8834.0
13.183681011199951, 8834.0
13.26337194442749, 8834.0
13.343439102172852, 8834.0
13.423479080200195, 8834.0
13.503360986709595, 8834.0
13.582367897033691, 8834.0
13.662375926971436, 8834.0
13.741862773895264, 8834.0
13.821541786193848, 8834.0
13.900120973587036, 8834.0
13.979773998260498, 8834.0
14.058433055877686, 8834.0
14.138145923614502, 8834.0
14.21714186668396, 8834.0
14.296978950500488, 8834.0
14.375860929489136, 8834.0
14.455659866333008, 8834.0
14.534368991851807, 8834.0
14.61425495147705, 8834.0
14.692960023880005, 8834.0
14.772512912750244, 8834.0
14.85120677947998, 8834.0
14.930903911590576, 8834.0
15.00954294204712, 8834.0
15.089112997055054, 8834.0
15.16794490814209, 8834.0
15.248763799667358, 8834.0
15.327248811721802, 8834.0
15.406844854354858, 8834.0
15.485502004623413, 8834.0
15.565104722976685, 8834.0
15.64385986328125, 8834.0
15.723408937454224, 8834.0
15.802057981491089, 8834.0
15.881680727005005, 8834.0
15.960293054580688, 8834.0
