0.002093791961669922, 883.0
0.004099845886230469, 1329.0
0.006108760833740234, 1653.0
0.008125782012939453, 2453.0
0.010136842727661133, 3121.0
0.012138843536376953, 3451.0
0.014143943786621094, 4193.0
0.01614689826965332, 5174.0
0.018153905868530273, 5744.0
0.020157814025878906, 6017.0
0.022166728973388672, 6489.0
0.024171829223632812, 6613.0
0.026170730590820312, 7615.0
0.02816176414489746, 7717.0
0.030159711837768555, 8172.0
0.032158851623535156, 8352.0
0.034166812896728516, 9004.0
0.03616690635681152, 9294.0
0.03816390037536621, 9379.0
0.040161848068237305, 9555.0
0.042160749435424805, 10226.0
0.04416179656982422, 10916.0
0.04615974426269531, 10957.0
0.048172712326049805, 11092.0
0.05017280578613281, 12020.0
0.05220675468444824, 12544.0
0.05422186851501465, 13194.0
0.05622673034667969, 13435.0
0.05825471878051758, 13943.0
0.060269832611083984, 14604.0
0.06227469444274902, 14762.0
0.06426596641540527, 15196.0
0.06625676155090332, 16020.0
0.06824779510498047, 16611.0
0.07024168968200684, 16638.0
0.0722348690032959, 17124.0
0.07423996925354004, 17475.0
0.07623577117919922, 17866.0
0.07822585105895996, 18041.0
0.08022093772888184, 18245.0
0.08221578598022461, 18617.0
0.08420872688293457, 18782.0
0.08621478080749512, 18859.0
0.08820581436157227, 19737.0
0.09019875526428223, 19842.0
0.0921926498413086, 20452.0
0.09418177604675293, 21078.0
0.0961759090423584, 21379.0
0.10014796257019043, 21704.0
0.10213994979858398, 22628.0
0.10414385795593262, 23554.0
0.10613298416137695, 24103.0
0.10812187194824219, 24874.0
0.1101078987121582, 25191.0
0.11209297180175781, 25930.0
0.11409282684326172, 26916.0
0.11608195304870605, 27888.0
0.11806082725524902, 28174.0
0.1200399398803711, 28675.0
0.12201189994812012, 28702.0
0.12400484085083008, 29389.0
0.125993013381958, 30122.0
0.12796497344970703, 30424.0
0.12994670867919922, 30641.0
0.13192081451416016, 31095.0
0.1338949203491211, 31133.0
0.13587379455566406, 31498.0
0.13785195350646973, 31953.0
0.13984107971191406, 32487.0
0.14181780815124512, 32547.0
0.1438579559326172, 33017.0
0.14584684371948242, 33585.0
0.14783787727355957, 33672.0
0.14983582496643066, 33696.0
0.15183067321777344, 33949.0
0.15381574630737305, 34051.0
0.15579986572265625, 34191.0
0.15778589248657227, 34208.0
0.15976595878601074, 34264.0
0.16174578666687012, 35014.0
0.16372203826904297, 35142.0
0.16571784019470215, 35828.0
0.16770482063293457, 35912.0
0.16968679428100586, 36627.0
0.17167067527770996, 36831.0
0.17365288734436035, 37378.0
0.17564082145690918, 37552.0
0.17763090133666992, 38026.0
0.17962074279785156, 39057.0
0.18160676956176758, 39680.0
0.1836097240447998, 40038.0
0.18560004234313965, 40237.0
0.18758487701416016, 40357.0
0.18956685066223145, 40862.0
0.1915597915649414, 41753.0
0.1935439109802246, 42366.0
0.19553685188293457, 42882.0
0.19753193855285645, 43704.0
0.19951891899108887, 44518.0
0.20150399208068848, 45310.0
0.20349383354187012, 45590.0
0.205488920211792, 46180.0
0.207474946975708, 46847.0
0.2094569206237793, 47732.0
0.21143674850463867, 48533.0
0.21341896057128906, 48534.0
0.21539998054504395, 48662.0
0.21740984916687012, 49471.0
0.22719693183898926, 49653.0
0.2370009422302246, 49815.0
0.23897886276245117, 49816.0
0.2974526882171631, 49863.0
0.33858466148376465, 49864.0
0.36005473136901855, 49865.0
1.1610958576202393, 49945.0
1.3261737823486328, 50019.0
2.116703987121582, 50103.0
2.135924816131592, 50136.0
2.187767744064331, 50236.0
2.1935927867889404, 50305.0
2.270390748977661, 50378.0
2.780336856842041, 50386.0
2.9263360500335693, 50473.0
3.0287928581237793, 50528.0
3.0307257175445557, 50619.0
3.4338178634643555, 50778.0
3.4357388019561768, 50779.0
3.443286657333374, 50902.0
3.450831890106201, 51029.0
3.4940009117126465, 51035.0
3.531531810760498, 51036.0
3.5334417819976807, 51126.0
3.6106088161468506, 51225.0
3.6376547813415527, 51294.0
3.670193910598755, 51358.0
4.0156569480896, 51384.0
4.099210023880005, 51431.0
4.533574819564819, 51479.0
4.726061820983887, 51570.0
4.79702091217041, 51584.0
4.825799942016602, 51624.0
5.352082967758179, 51675.0
5.383693695068359, 51844.0
5.3895978927612305, 51845.0
5.644816875457764, 51881.0
5.884927988052368, 51892.0
5.990519762039185, 52010.0
6.426894903182983, 52089.0
6.471858978271484, 52114.0
6.5092668533325195, 52120.0
6.556058883666992, 52151.0
7.019535779953003, 52226.0
7.0326619148254395, 52286.0
7.400075674057007, 52358.0
7.411378860473633, 52375.0
7.415147066116333, 52459.0
7.452602863311768, 52522.0
8.949617862701416, 52584.0
9.507232666015625, 52590.0
10.034603834152222, 52608.0
10.064027786254883, 52624.0
10.066027641296387, 52726.0
10.264818906784058, 52731.0
10.286263704299927, 52732.0
10.346822738647461, 52733.0
10.354650735855103, 52786.0
11.12865686416626, 52803.0
11.13248896598816, 52853.0
11.138254880905151, 52861.0
11.3815598487854, 52984.0
11.404425859451294, 52985.0
15.76966667175293, 53031.0
15.775394678115845, 53089.0
19.179407835006714, 53119.0
19.216917037963867, 53136.0
19.497068643569946, 53193.0
19.6419997215271, 53194.0
19.808470010757446, 53239.0
19.81973099708557, 53240.0
19.95179581642151, 53285.0
19.97110891342163, 53333.0
19.99229073524475, 53373.0
20.03458881378174, 53486.0
20.05769395828247, 53540.0
20.067354917526245, 53551.0
20.36310076713562, 53554.0
20.378492832183838, 53585.0
20.422371864318848, 53684.0
20.85453701019287, 53750.0
20.943169832229614, 53761.0
20.98684287071228, 53762.0
21.037848711013794, 53831.0
21.25571584701538, 53889.0
25.997591733932495, 53890.0
26.18904399871826, 53933.0
26.252442836761475, 54007.0
26.65579390525818, 54039.0
26.757990837097168, 54165.0
26.9455349445343, 54253.0
27.042224884033203, 54261.0
27.43615984916687, 54357.0
27.630544900894165, 54397.0
27.802281856536865, 54452.0
27.852251768112183, 54587.0
28.593867778778076, 54679.0
28.660813808441162, 54763.0
34.676352977752686, 54780.0
34.73504376411438, 54814.0
34.75467872619629, 54822.0
35.004534006118774, 54827.0
35.01433277130127, 54921.0
35.13104796409607, 55052.0
54.092134952545166, 55062.0
54.12636590003967, 55083.0
54.21007800102234, 55173.0
54.22158694267273, 55304.0
75.98692774772644, 55337.0
76.12735390663147, 55373.0
76.16983485221863, 55407.0
76.50701689720154, 55520.0
76.58598494529724, 55556.0
76.68041276931763, 55575.0
76.68238067626953, 55609.0
76.7578477859497, 55641.0
77.06772685050964, 55686.0
77.21026277542114, 55691.0
77.30456876754761, 55715.0
77.36792278289795, 55735.0
79.47290873527527, 55779.0
79.52850103378296, 55832.0
79.54578471183777, 55833.0
79.62645387649536, 55838.0
79.62840676307678, 55845.0
79.67067980766296, 55863.0
79.71674871444702, 55924.0
79.75706696510315, 55934.0
92.31959080696106, 55988.0
99.30917978286743, 56122.0
99.35345268249512, 56123.0
99.44551301002502, 56176.0
99.47836971282959, 56177.0
99.55202674865723, 56301.0
99.61586475372314, 56316.0
100.03088879585266, 56343.0
100.04826974868774, 56397.0
100.07333874702454, 56445.0
100.13705492019653, 56460.0
100.24886679649353, 56647.0
102.24180579185486, 56791.0
102.85546588897705, 56845.0
103.68545985221863, 56962.0
103.70518088340759, 57048.0
103.83699083328247, 57133.0
103.87653398513794, 57161.0
103.94306778907776, 57317.0
104.01349782943726, 57382.0
104.05031991004944, 57486.0
104.07742071151733, 57503.0
104.09876775741577, 57599.0
104.640460729599, 57624.0
104.74113583564758, 57631.0
104.81080770492554, 57770.0
105.00240588188171, 57790.0
105.1397156715393, 57852.0
105.25179982185364, 57938.0
105.38904094696045, 57989.0
105.468270778656, 57990.0
105.78305578231812, 58044.0
113.9953978061676, 58066.0
114.0762677192688, 58067.0
114.18675994873047, 58196.0
114.74236869812012, 58248.0
114.76404094696045, 58359.0
114.88410878181458, 58412.0
114.94116377830505, 58450.0
115.21302676200867, 58547.0
115.27475476264954, 58650.0
115.42316889762878, 58678.0
115.4502489566803, 58717.0
115.77738976478577, 58835.0
115.90243983268738, 58878.0
118.8590316772461, 58884.0
118.88956189155579, 58896.0
119.07458472251892, 58897.0
119.37962079048157, 58974.0
119.39107990264893, 58975.0
119.85083389282227, 59069.0
120.15805983543396, 59076.0
120.55682897567749, 59123.0
120.94123077392578, 59191.0
121.16883778572083, 59248.0
121.27784490585327, 59268.0
121.34364700317383, 59412.0
121.35867285728455, 59470.0
122.66999888420105, 59510.0
122.93028688430786, 59569.0
123.06504774093628, 59658.0
123.24844884872437, 59767.0
123.45467281341553, 59840.0
123.60067772865295, 59851.0
123.63270401954651, 59852.0
123.67605090141296, 59853.0
123.77741074562073, 59871.0
123.8037760257721, 59906.0
124.10221791267395, 59927.0
124.69986271858215, 60010.0
124.8022837638855, 60011.0
124.87747263908386, 60053.0
124.96384692192078, 60054.0
125.148118019104, 60069.0
125.24425482749939, 60153.0
125.80023384094238, 60174.0
126.10152387619019, 60258.0
126.13037371635437, 60380.0
128.03402876853943, 60389.0
128.39512085914612, 60480.0
128.5775728225708, 60497.0
128.58354091644287, 60498.0
128.64034271240234, 60563.0
128.77905988693237, 60571.0
128.88830590248108, 60668.0
128.94099879264832, 60676.0
129.06032490730286, 60698.0
129.17941403388977, 60753.0
129.20088291168213, 60837.0
129.2535879611969, 60838.0
129.43962693214417, 60849.0
129.44944286346436, 60850.0
129.93574786186218, 60897.0
130.29865980148315, 60923.0
130.35356879234314, 61008.0
130.75179171562195, 61009.0
132.15948581695557, 61099.0
132.16936087608337, 61152.0
133.73239970207214, 61236.0
134.03740191459656, 61324.0
134.23940467834473, 61418.0
134.68273091316223, 61537.0
135.39308786392212, 61592.0
136.43232679367065, 61603.0
136.4653639793396, 61604.0
136.89339971542358, 61702.0
136.9839539527893, 61814.0
138.20519495010376, 61826.0
138.3609127998352, 61827.0
139.38189888000488, 61898.0
139.43963861465454, 61899.0
140.57990097999573, 61981.0
141.23478984832764, 61994.0
142.16066884994507, 62103.0
142.17223191261292, 62202.0
142.32018280029297, 62256.0
142.38878178596497, 62274.0
142.4790699481964, 62315.0
142.90741991996765, 62392.0
142.95192503929138, 62405.0
143.46655988693237, 62427.0
143.71714091300964, 62514.0
143.72671175003052, 62544.0
144.5397927761078, 62627.0
144.81552386283875, 62628.0
145.06415271759033, 62702.0
146.41805171966553, 62768.0
146.73756790161133, 62859.0
146.75658774375916, 62860.0
146.7585208415985, 62861.0
147.0624599456787, 62943.0
147.30373287200928, 62952.0
147.6344268321991, 62953.0
148.3659427165985, 62970.0
148.5155336856842, 62971.0
148.87917590141296, 62972.0
149.01130294799805, 62973.0
149.1156187057495, 62974.0
149.26967787742615, 62984.0
149.30288887023926, 63000.0
149.68129682540894, 63079.0
153.54342198371887, 63198.0
153.586110830307, 63199.0
153.6211006641388, 63200.0
154.1487958431244, 63220.0
154.57889485359192, 63221.0
155.1358299255371, 63304.0
155.40039777755737, 63317.0
156.7606818675995, 63318.0
157.18000483512878, 63327.0
157.30020570755005, 63402.0
157.4977867603302, 63403.0
157.6316318511963, 63404.0
157.9299898147583, 63476.0
158.06514382362366, 63545.0
160.35652089118958, 63592.0
160.4028868675232, 63593.0
160.63133072853088, 63594.0
161.60308289527893, 63625.0
162.6076557636261, 63630.0
163.5983488559723, 63656.0
164.50636172294617, 63657.0
164.60844898223877, 63658.0
164.79027676582336, 63682.0
165.34213876724243, 63711.0
165.47673296928406, 63763.0
167.49658966064453, 63793.0
168.0712468624115, 63837.0
168.10012292861938, 63960.0
168.62145376205444, 63989.0
168.70064783096313, 64048.0
169.18601775169373, 64124.0
169.6168236732483, 64125.0
170.2400839328766, 64126.0
170.66496586799622, 64132.0
172.60637187957764, 64214.0
172.75147080421448, 64215.0
174.1521589756012, 64220.0
174.70243096351624, 64221.0
175.35138273239136, 64242.0
175.7087218761444, 64342.0
177.1487898826599, 64374.0
177.27437281608582, 64443.0
178.2258586883545, 64444.0
178.23358798027039, 64445.0
178.34877967834473, 64446.0
179.16415691375732, 64484.0
179.28333973884583, 64485.0
179.45229578018188, 64486.0
180.91546177864075, 64491.0
181.77744889259338, 64509.0
182.73164796829224, 64520.0
184.75106692314148, 64615.0
187.10206079483032, 64689.0
187.28538703918457, 64690.0
189.1762068271637, 64691.0
189.27101802825928, 64692.0
191.00645089149475, 64693.0
192.19730472564697, 64764.0
192.49184107780457, 64765.0
194.08769273757935, 64766.0
194.09539890289307, 64767.0
196.15693473815918, 64768.0
196.60368585586548, 64769.0
197.9499499797821, 64813.0
