0.0002129077911376953, 33.0
0.0004258155822753906, 360.0
0.0006377696990966797, 454.0
0.0008490085601806641, 873.0
0.0010600090026855469, 1211.0
0.001271963119506836, 1574.0
0.001481771469116211, 1723.0
0.0016927719116210938, 1899.0
0.0019040107727050781, 2027.0
0.0021140575408935547, 2323.0
0.0023238658905029297, 2404.0
0.003365039825439453, 3116.0
0.0039899349212646484, 3337.0
0.005027055740356445, 3685.0
0.009840965270996094, 4128.0
0.011707067489624023, 4381.0
0.017895936965942383, 4479.0
0.018310070037841797, 5216.0
0.018948078155517578, 5318.0
0.019819021224975586, 5821.0
0.021691083908081055, 6819.0
0.03750276565551758, 6863.0
0.03873181343078613, 7839.0
0.04141688346862793, 8239.0
0.041625022888183594, 9039.0
0.04183793067932129, 9223.0
0.054570913314819336, 10018.0
0.054779052734375, 10685.0
0.0574650764465332, 10797.0
0.05992579460144043, 10976.0
0.06074690818786621, 11865.0
0.09348177909851074, 12268.0
0.10011696815490723, 13016.0
0.10441994667053223, 13211.0
0.1163177490234375, 14107.0
0.12885689735412598, 14209.0
0.12926983833312988, 14237.0
0.16547608375549316, 14848.0
0.16929292678833008, 15628.0
0.16950488090515137, 16524.0
0.17607808113098145, 16654.0
0.17732906341552734, 17490.0
0.20583701133728027, 17794.0
0.22208595275878906, 17922.0
0.22230911254882812, 18571.0
0.2244410514831543, 19341.0
0.2280418872833252, 20111.0
0.23528480529785156, 20525.0
0.23569893836975098, 20631.0
0.24474000930786133, 21249.0
0.24515295028686523, 21502.0
0.33090877532958984, 21751.0
0.3315250873565674, 22349.0
0.33235907554626465, 22591.0
0.3346250057220459, 22667.0
0.3513970375061035, 23117.0
0.35567784309387207, 23843.0
0.3615410327911377, 23862.0
0.363156795501709, 24404.0
0.3694119453430176, 24425.0
0.37082886695861816, 24617.0
0.3804938793182373, 25234.0
0.39988183975219727, 25336.0
0.4230477809906006, 25361.0
0.4590749740600586, 25444.0
0.4613821506500244, 26155.0
0.4693129062652588, 26390.0
0.46973395347595215, 27039.0
0.4705777168273926, 27539.0
0.4782869815826416, 27792.0
0.47954487800598145, 28699.0
0.4805879592895508, 29558.0
0.49016499519348145, 30462.0
0.49183082580566406, 30793.0
0.4932887554168701, 31426.0
5.3061699867248535, 31676.0
5.307651042938232, 32456.0
5.320148944854736, 33104.0
6.859266042709351, 33802.0
6.861949920654297, 34634.0
6.862159013748169, 35225.0
6.863599061965942, 35823.0
6.865467071533203, 35830.0
6.906523942947388, 36230.0
6.941289901733398, 36578.0
6.943140029907227, 36860.0
6.956286907196045, 36986.0
6.980839014053345, 37025.0
6.990544080734253, 37069.0
7.007627964019775, 37393.0
7.01605486869812, 38212.0
7.018526792526245, 38712.0
7.021417856216431, 38954.0
7.028832912445068, 38996.0
7.030474901199341, 39001.0
7.040175914764404, 39245.0
9.233248949050903, 39455.0
9.250428915023804, 39581.0
9.297470808029175, 39677.0
9.314632892608643, 39756.0
9.31526494026184, 40038.0
9.368342876434326, 40244.0
9.37970495223999, 41094.0
9.386935949325562, 41540.0
9.394586086273193, 41666.0
10.079653978347778, 41798.0
10.134711980819702, 42040.0
10.526839017868042, 42155.0
10.542344808578491, 42235.0
10.54396677017212, 42453.0
10.549244165420532, 42761.0
10.560725927352905, 43273.0
10.688799858093262, 43720.0
11.431719779968262, 43769.0
11.50128698348999, 43870.0
11.525628805160522, 44310.0
11.56154990196228, 44700.0
11.570218801498413, 44918.0
11.623631000518799, 44942.0
12.079188823699951, 45052.0
12.111493110656738, 45154.0
12.25727391242981, 45267.0
12.272142887115479, 45395.0
