0.10294604301452637, 7088.0
0.17753028869628906, 7323.0
0.2525601387023926, 7687.0
0.32792019844055176, 7937.0
0.4034302234649658, 8129.0
0.47968101501464844, 8661.0
0.5556931495666504, 8733.0
0.6321799755096436, 8969.0
0.708834171295166, 9148.0
0.7855432033538818, 9288.0
0.8624162673950195, 9372.0
0.9394612312316895, 9448.0
1.0169651508331299, 9643.0
1.0953049659729004, 10032.0
1.172856092453003, 10189.0
1.250582218170166, 10216.0
1.3285303115844727, 10280.0
1.406752109527588, 10587.0
1.4871671199798584, 10615.0
1.5664222240447998, 10834.0
1.645775318145752, 11184.0
1.7253172397613525, 11261.0
1.8048851490020752, 11386.0
1.8847532272338867, 11386.0
1.964663028717041, 11386.0
2.044595241546631, 11536.0
2.124737024307251, 11758.0
2.20501708984375, 11758.0
2.2853941917419434, 11788.0
2.3659961223602295, 11878.0
2.4467451572418213, 11912.0
2.527635335922241, 12086.0
2.60864520072937, 12166.0
2.6897621154785156, 12384.0
2.7706141471862793, 12880.0
2.8520331382751465, 12880.0
2.9333651065826416, 12880.0
3.0149362087249756, 12880.0
3.0964431762695312, 12880.0
3.17846417427063, 12880.0
3.2617621421813965, 12880.0
3.346022129058838, 13053.0
3.43129825592041, 13085.0
3.516040325164795, 13273.0
3.6001782417297363, 13273.0
3.6854143142700195, 13273.0
3.7726001739501953, 13276.0
3.8560972213745117, 13276.0
3.9383130073547363, 13361.0
4.0206451416015625, 13367.0
4.102781295776367, 13368.0
4.185086965560913, 13377.0
4.267348051071167, 13377.0
4.350548982620239, 13383.0
4.433781147003174, 13486.0
4.518608331680298, 13488.0
4.602142333984375, 13488.0
4.68571925163269, 13547.0
4.768990993499756, 13547.0
4.852327346801758, 13578.0
4.938139200210571, 13578.0
5.025269031524658, 13581.0
5.110615253448486, 13581.0
5.195976972579956, 13581.0
5.282162189483643, 13581.0
5.3679022789001465, 13671.0
5.451258182525635, 13685.0
5.535710334777832, 13685.0
5.619485378265381, 13685.0
5.702009201049805, 13761.0
5.7845072746276855, 13761.0
5.866964101791382, 13761.0
5.949443101882935, 13761.0
6.032287120819092, 13770.0
6.11533522605896, 13770.0
6.197800397872925, 13790.0
6.280335187911987, 13790.0
6.3628411293029785, 13790.0
6.445209264755249, 13790.0
6.528577089309692, 13790.0
6.610983371734619, 13790.0
6.693457365036011, 13876.0
6.776010036468506, 13880.0
6.858334302902222, 13880.0
6.940670967102051, 13886.0
7.022935152053833, 13886.0
7.105265140533447, 13890.0
7.187678337097168, 13890.0
7.270188093185425, 13890.0
7.352593183517456, 13987.0
7.435342073440552, 13987.0
7.517766237258911, 13988.0
7.601524114608765, 13988.0
7.684098243713379, 13988.0
7.766613006591797, 13988.0
7.8489930629730225, 13989.0
7.93134331703186, 13989.0
8.01373815536499, 13989.0
8.096360206604004, 13989.0
8.178917169570923, 13989.0
8.261474132537842, 13990.0
8.344279050827026, 13990.0
8.426815032958984, 14060.0
8.509265184402466, 14060.0
8.59171724319458, 14062.0
8.6742422580719, 14075.0
8.756731271743774, 14075.0
8.839361190795898, 14075.0
8.92181134223938, 14075.0
9.0040762424469, 14075.0
9.086286067962646, 14075.0
9.168666124343872, 14090.0
9.250892162322998, 14090.0
9.333158254623413, 14090.0
9.415359020233154, 14175.0
9.49756121635437, 14175.0
9.579907178878784, 14185.0
9.663569211959839, 14185.0
9.745793104171753, 14185.0
9.828108072280884, 14188.0
9.910524368286133, 14188.0
9.992931127548218, 14188.0
10.075273036956787, 14188.0
10.15764832496643, 14188.0
10.240089178085327, 14188.0
10.322545289993286, 14188.0
10.404973268508911, 14188.0
10.487484216690063, 14190.0
10.569924116134644, 14190.0
10.652573347091675, 14190.0
10.735274076461792, 14190.0
10.817710161209106, 14190.0
10.900427103042603, 14190.0
10.982998132705688, 14190.0
11.065553188323975, 14190.0
11.1481351852417, 14190.0
11.230706214904785, 14190.0
11.31318712234497, 14190.0
11.39574933052063, 14190.0
11.47822117805481, 14190.0
11.560838222503662, 14190.0
11.643702030181885, 14190.0
11.727614402770996, 14190.0
11.810124158859253, 14190.0
11.892672061920166, 14190.0
11.975531101226807, 14190.0
12.058006048202515, 14190.0
12.140822172164917, 14190.0
12.223458051681519, 14190.0
12.305920124053955, 14190.0
12.388533115386963, 14190.0
12.471038341522217, 14190.0
12.553570032119751, 14190.0
12.636090278625488, 14190.0
12.718624114990234, 14190.0
12.80099630355835, 14190.0
12.883413076400757, 14190.0
12.966026067733765, 14190.0
13.048603296279907, 14190.0
13.131182193756104, 14190.0
13.213677167892456, 14190.0
13.296288013458252, 14190.0
13.378799200057983, 14190.0
13.461411237716675, 14190.0
13.543806314468384, 14190.0
13.626501321792603, 14190.0
13.71034026145935, 14190.0
13.792976140975952, 14190.0
13.87551212310791, 14190.0
13.95798134803772, 14190.0
14.040504217147827, 14190.0
14.123034238815308, 14190.0
14.205545425415039, 14190.0
14.288034200668335, 14190.0
14.370594263076782, 14190.0
14.45308518409729, 14190.0
14.535707235336304, 14190.0
14.618134021759033, 14190.0
14.700640201568604, 14190.0
14.783142328262329, 14190.0
14.86555528640747, 14190.0
14.948118209838867, 14190.0
15.030578374862671, 14190.0
15.113101243972778, 14190.0
15.195609092712402, 14190.0
15.278096199035645, 14190.0
15.360586166381836, 14190.0
15.442992210388184, 14190.0
15.525465250015259, 14190.0
15.607905149459839, 14190.0
15.690529108047485, 14190.0
15.77455735206604, 14190.0
15.857121229171753, 14190.0
15.939610242843628, 14190.0
16.022114038467407, 14190.0
16.10455322265625, 14190.0
16.187076091766357, 14190.0
16.269601106643677, 14190.0
16.352265119552612, 14190.0
16.434807062149048, 14190.0
16.51733708381653, 14190.0
