0.019714832305908203, 2093.0
0.03534126281738281, 2093.0
0.051064252853393555, 2093.0
0.06684398651123047, 2283.0
0.08271384239196777, 2295.0
0.09870195388793945, 2295.0
0.11478996276855469, 2308.0
0.13091111183166504, 2356.0
0.14713311195373535, 2384.0
0.16340303421020508, 2474.0
0.17983388900756836, 2492.0
0.19632387161254883, 2492.0
0.21284699440002441, 2582.0
0.2294769287109375, 2582.0
0.2462019920349121, 2582.0
0.262984037399292, 2582.0
0.2802388668060303, 2591.0
0.297497034072876, 2596.0
0.3147091865539551, 2596.0
0.3319220542907715, 2596.0
0.34909915924072266, 2596.0
0.3663311004638672, 2662.0
0.3834080696105957, 2662.0
0.4002859592437744, 2695.0
0.41655707359313965, 2695.0
0.4329249858856201, 2695.0
0.4492511749267578, 2696.0
0.46558594703674316, 2696.0
0.48189592361450195, 2696.0
0.49822187423706055, 2696.0
0.5145280361175537, 2696.0
0.5308740139007568, 2696.0
0.5471861362457275, 2696.0
0.5644381046295166, 2696.0
0.5809841156005859, 2696.0
0.5973310470581055, 2696.0
0.6136741638183594, 2696.0
0.6300630569458008, 2696.0
0.6463890075683594, 2696.0
0.6627030372619629, 2696.0
0.6790270805358887, 2696.0
0.6953730583190918, 2696.0
0.7117409706115723, 2696.0
0.7280600070953369, 2696.0
0.7444400787353516, 2696.0
0.7607710361480713, 2696.0
0.7771389484405518, 2696.0
0.7934880256652832, 2696.0
0.8098351955413818, 2696.0
0.826242208480835, 2696.0
0.8425569534301758, 2696.0
0.8589251041412354, 2696.0
0.8752419948577881, 2696.0
0.8915870189666748, 2696.0
0.9079172611236572, 2696.0
0.9242188930511475, 2696.0
0.9405488967895508, 2696.0
0.9568641185760498, 2696.0
0.973146915435791, 2696.0
0.9895110130310059, 2696.0
1.0058250427246094, 2696.0
1.0222020149230957, 2696.0
1.0385360717773438, 2696.0
1.0548739433288574, 2696.0
1.0713350772857666, 2696.0
1.0876829624176025, 2696.0
1.1039979457855225, 2696.0
1.1203689575195312, 2696.0
1.1366980075836182, 2696.0
1.1530210971832275, 2696.0
1.1693909168243408, 2696.0
1.1857750415802002, 2696.0
1.2021489143371582, 2696.0
1.218451976776123, 2696.0
1.2348430156707764, 2696.0
1.2516849040985107, 2696.0
1.2684600353240967, 2696.0
1.2860281467437744, 2696.0
1.3027479648590088, 2696.0
1.3192470073699951, 2696.0
1.3358118534088135, 2696.0
1.3524980545043945, 2696.0
1.3695571422576904, 2696.0
1.3864002227783203, 2696.0
1.4034841060638428, 2696.0
1.4203720092773438, 2696.0
1.437319040298462, 2696.0
1.454167127609253, 2696.0
1.4710371494293213, 2696.0
1.4879319667816162, 2696.0
1.5049901008605957, 2696.0
1.5226199626922607, 2696.0
1.5401208400726318, 2696.0
1.557615041732788, 2696.0
1.5744340419769287, 2696.0
1.591264009475708, 2696.0
1.6081161499023438, 2696.0
1.6249170303344727, 2696.0
1.6417748928070068, 2696.0
1.658647060394287, 2696.0
1.6754541397094727, 2696.0
1.6922690868377686, 2696.0
1.7091212272644043, 2696.0
1.7260360717773438, 2696.0
1.7429180145263672, 2696.0
1.759922981262207, 2696.0
1.7769291400909424, 2696.0
1.7941021919250488, 2696.0
1.8112640380859375, 2696.0
1.8285799026489258, 2696.0
1.8457050323486328, 2696.0
1.8626201152801514, 2696.0
1.879094123840332, 2696.0
1.8954870700836182, 2696.0
1.9119529724121094, 2696.0
1.9283349514007568, 2696.0
1.9447851181030273, 2696.0
1.9611680507659912, 2696.0
1.9775969982147217, 2696.0
1.993941068649292, 2696.0
2.010378122329712, 2696.0
2.0267679691314697, 2696.0
2.043220043182373, 2696.0
2.059598922729492, 2696.0
2.0760579109191895, 2696.0
2.092424154281616, 2696.0
2.1088809967041016, 2696.0
2.1252551078796387, 2696.0
2.1416232585906982, 2696.0
2.157978057861328, 2696.0
2.1744301319122314, 2696.0
2.1908891201019287, 2696.0
2.2072930335998535, 2696.0
2.22373628616333, 2696.0
2.240171194076538, 2696.0
2.256537914276123, 2696.0
2.2730000019073486, 2696.0
2.2893688678741455, 2696.0
2.3057689666748047, 2696.0
2.322176218032837, 2696.0
2.338606834411621, 2696.0
2.354964017868042, 2696.0
2.371363878250122, 2696.0
2.387766122817993, 2696.0
2.4041621685028076, 2696.0
2.4206202030181885, 2696.0
2.437037229537964, 2696.0
2.4534621238708496, 2696.0
2.4698781967163086, 2696.0
2.4862589836120605, 2696.0
2.5026462078094482, 2696.0
2.5190212726593018, 2696.0
2.535459280014038, 2696.0
2.5521130561828613, 2696.0
2.5685970783233643, 2696.0
2.584995985031128, 2696.0
2.6014389991760254, 2696.0
2.6178460121154785, 2696.0
2.634296178817749, 2696.0
2.650994062423706, 2696.0
2.667886972427368, 2696.0
2.6846249103546143, 2696.0
2.7011568546295166, 2696.0
2.7175838947296143, 2696.0
2.734103202819824, 2696.0
2.750584125518799, 2696.0
2.7670860290527344, 2696.0
2.783628225326538, 2696.0
2.8001291751861572, 2696.0
2.8165578842163086, 2696.0
2.83304500579834, 2696.0
2.8494961261749268, 2696.0
2.866029977798462, 2696.0
2.8824970722198486, 2696.0
2.8989739418029785, 2696.0
2.915424108505249, 2696.0
2.9318830966949463, 2696.0
2.9483420848846436, 2696.0
2.9647960662841797, 2696.0
2.9814670085906982, 2696.0
2.9978981018066406, 2696.0
3.0143051147460938, 2696.0
3.030745029449463, 2696.0
3.047187089920044, 2696.0
3.0636119842529297, 2696.0
3.080049991607666, 2696.0
3.09649395942688, 2696.0
3.112908124923706, 2696.0
3.129328966140747, 2696.0
3.1457810401916504, 2696.0
3.162384033203125, 2696.0
3.178812026977539, 2696.0
3.195394992828369, 2696.0
3.2118330001831055, 2696.0
3.228236198425293, 2696.0
3.245126962661743, 2696.0
3.261580228805542, 2696.0
3.2780611515045166, 2696.0
3.294464111328125, 2696.0
3.3117499351501465, 2696.0
3.3288350105285645, 2696.0
