0.04880714416503906, 4199.0
0.08608412742614746, 4199.0
0.12369012832641602, 4315.0
0.16144919395446777, 4724.0
0.20101284980773926, 4762.0
0.23921823501586914, 4933.0
0.277630090713501, 5000.0
0.31618595123291016, 5000.0
0.35492491722106934, 5213.0
0.39380812644958496, 5284.0
0.4327230453491211, 5378.0
0.4716970920562744, 5501.0
0.5108480453491211, 5647.0
0.5500650405883789, 5875.0
0.5901200771331787, 5875.0
0.6297299861907959, 5875.0
0.6695311069488525, 6015.0
0.7093720436096191, 6015.0
0.7493019104003906, 6165.0
0.7892940044403076, 6165.0
0.8293001651763916, 6172.0
0.8694441318511963, 6172.0
0.9096300601959229, 6210.0
0.9499151706695557, 6414.0
0.9901940822601318, 6476.0
1.0304689407348633, 6476.0
1.070909023284912, 6476.0
1.1113040447235107, 6614.0
1.1517260074615479, 6614.0
1.192155122756958, 6614.0
1.2327909469604492, 6614.0
1.2733659744262695, 6614.0
1.3139400482177734, 6614.0
1.3545629978179932, 6615.0
1.3952181339263916, 6693.0
1.4359772205352783, 6704.0
1.4767160415649414, 6707.0
1.5175089836120605, 6791.0
1.5583860874176025, 6808.0
1.6000211238861084, 6808.0
1.6408801078796387, 6812.0
1.6818721294403076, 6812.0
1.722722053527832, 6812.0
1.7636699676513672, 6917.0
1.804678201675415, 6917.0
1.8455872535705566, 6917.0
1.8866510391235352, 6917.0
1.9276478290557861, 6917.0
1.9684970378875732, 6917.0
2.0093181133270264, 6917.0
2.050250291824341, 7010.0
2.091078996658325, 7017.0
2.132024049758911, 7017.0
2.1729772090911865, 7017.0
2.2147181034088135, 7017.0
2.2568979263305664, 7017.0
2.298086166381836, 7017.0
2.3392951488494873, 7017.0
2.3804399967193604, 7017.0
2.4215431213378906, 7017.0
2.4626920223236084, 7017.0
2.503906011581421, 7017.0
2.545121908187866, 7017.0
2.5864460468292236, 7017.0
2.627661943435669, 7017.0
2.6688742637634277, 7017.0
2.7102718353271484, 7017.0
2.751599073410034, 7017.0
2.7933969497680664, 7017.0
2.835196018218994, 7017.0
2.8764472007751465, 7017.0
2.917555093765259, 7017.0
2.958782196044922, 7017.0
2.9998931884765625, 7017.0
3.041379928588867, 7017.0
3.082530975341797, 7017.0
3.1236960887908936, 7017.0
3.165969133377075, 7017.0
3.2082290649414062, 7017.0
3.2503390312194824, 7017.0
3.293186902999878, 7017.0
3.3364100456237793, 7017.0
3.3784279823303223, 7017.0
3.4204330444335938, 7017.0
3.462376117706299, 7017.0
3.5044350624084473, 7017.0
3.546844005584717, 7017.0
3.5893921852111816, 7017.0
3.6320009231567383, 7017.0
3.6731419563293457, 7017.0
3.714207887649536, 7017.0
3.755368232727051, 7017.0
3.7965190410614014, 7017.0
3.837570905685425, 7017.0
3.878666877746582, 7017.0
3.919874906539917, 7017.0
3.9609971046447754, 7017.0
4.002105951309204, 7017.0
4.043224096298218, 7017.0
4.084300994873047, 7017.0
4.125437021255493, 7017.0
4.166600227355957, 7017.0
4.207798004150391, 7017.0
4.249144077301025, 7017.0
4.291771173477173, 7017.0
4.332924127578735, 7017.0
4.373952865600586, 7017.0
4.415081262588501, 7017.0
4.456200122833252, 7017.0
4.497274160385132, 7017.0
4.538334131240845, 7017.0
4.580075979232788, 7017.0
4.621705055236816, 7017.0
4.662783145904541, 7017.0
4.703809022903442, 7017.0
4.7448410987854, 7017.0
4.785894155502319, 7017.0
4.827036142349243, 7017.0
4.868004083633423, 7017.0
4.909130096435547, 7017.0
4.950111150741577, 7017.0
4.9912638664245605, 7017.0
5.032238006591797, 7017.0
5.073343276977539, 7017.0
5.1143999099731445, 7017.0
5.155779123306274, 7017.0
5.1967620849609375, 7017.0
5.237886190414429, 7017.0
5.278878211975098, 7017.0
5.320042133331299, 7017.0
5.361196041107178, 7017.0
5.402179002761841, 7017.0
5.4432151317596436, 7017.0
5.484763145446777, 7017.0
5.5259082317352295, 7017.0
5.567327260971069, 7017.0
5.609189987182617, 7017.0
5.651230096817017, 7017.0
5.693642854690552, 7017.0
5.735713958740234, 7017.0
5.778916120529175, 7017.0
5.821846008300781, 7017.0
5.863860845565796, 7017.0
5.905736207962036, 7017.0
5.947757005691528, 7017.0
5.990344047546387, 7017.0
6.032799243927002, 7017.0
6.075366020202637, 7017.0
6.117687940597534, 7017.0
6.159001111984253, 7017.0
6.200071096420288, 7017.0
6.241105079650879, 7017.0
6.282417058944702, 7017.0
6.325397253036499, 7017.0
6.366507053375244, 7017.0
6.4078209400177, 7017.0
6.448958158493042, 7017.0
6.490163087844849, 7017.0
6.531349182128906, 7017.0
6.572939872741699, 7017.0
6.614602088928223, 7017.0
6.655609130859375, 7017.0
6.696635007858276, 7017.0
6.737749099731445, 7017.0
6.778754949569702, 7017.0
6.8198230266571045, 7017.0
6.861093044281006, 7017.0
6.902022123336792, 7017.0
6.943017244338989, 7017.0
6.983928918838501, 7017.0
7.024850130081177, 7017.0
7.065804958343506, 7017.0
7.106644153594971, 7017.0
7.147626876831055, 7017.0
7.188646078109741, 7017.0
7.229544162750244, 7017.0
7.27051305770874, 7017.0
7.311506032943726, 7017.0
7.352414131164551, 7017.0
7.393305063247681, 7017.0
7.434335231781006, 7017.0
7.475168943405151, 7017.0
7.516087055206299, 7017.0
7.557142019271851, 7017.0
7.5981831550598145, 7017.0
7.6392621994018555, 7017.0
7.680286169052124, 7017.0
7.721180200576782, 7017.0
7.762136936187744, 7017.0
7.803109169006348, 7017.0
7.844018220901489, 7017.0
7.885028123855591, 7017.0
7.925990104675293, 7017.0
7.966913938522339, 7017.0
8.007811069488525, 7017.0
8.048861026763916, 7017.0
8.089695930480957, 7017.0
8.130573034286499, 7017.0
8.171586990356445, 7017.0
8.212458848953247, 7017.0
8.253506898880005, 7017.0
