6.558804988861084, 24.0
6.558807134628296, 267.0
6.558809041976929, 294.0
6.558811187744141, 271.0
6.5588133335113525, 293.0
6.55881404876709, 281.0
6.558815002441406, 257.0
6.558815956115723, 282.0
6.558817148208618, 275.0
6.558818101882935, 265.0
6.558819055557251, 170.0
6.5588202476501465, 261.0
6.558821201324463, 270.0
6.558822154998779, 298.0
6.558822154998779, 38.0
6.558823347091675, 228.0
6.5588250160217285, 312.0
6.558825969696045, 222.0
6.55882716178894, 280.0
6.558828115463257, 107.0
6.558829069137573, 288.0
6.558830261230469, 231.0
6.558831214904785, 130.0
6.558832168579102, 230.0
6.558833122253418, 112.0
6.5588343143463135, 173.0
6.558841228485107, 117.0
6.558841228485107, 181.0
6.558842182159424, 106.0
6.55884313583374, 220.0
6.558844327926636, 255.0
6.558845281600952, 224.0
6.5588462352752686, 194.0
6.558846950531006, 159.0
6.558848142623901, 179.0
6.558849096298218, 218.0
6.558850049972534, 157.0
6.55885124206543, 207.0
6.55885124206543, 188.0
6.5588531494140625, 226.0
6.558854103088379, 142.0
6.558855295181274, 76.0
6.558856248855591, 235.0
6.558856964111328, 53.0
6.558858156204224, 153.0
6.55885910987854, 218.0
6.5588600635528564, 249.0
6.558861017227173, 230.0
6.558862209320068, 149.0
6.558863162994385, 187.0
6.558863162994385, 212.0
6.558864116668701, 214.0
6.558866262435913, 150.0
6.558866262435913, 113.0
6.558867931365967, 122.0
6.558867931365967, 207.0
6.558869123458862, 143.0
6.558870077133179, 181.0
6.558871030807495, 133.0
6.558872222900391, 144.0
6.558873176574707, 101.0
6.558874130249023, 163.0
6.558874130249023, 117.0
6.55887508392334, 193.0
6.558880090713501, 193.0
6.558881044387817, 140.0
6.558881998062134, 152.0
6.558881998062134, 168.0
6.558883190155029, 178.0
6.558884143829346, 186.0
6.558885097503662, 168.0
6.558886289596558, 190.0
6.558887243270874, 133.0
6.558887243270874, 148.0
6.55888819694519, 126.0
6.558888912200928, 183.0
6.558893203735352, 112.0
6.558894157409668, 71.0
6.558894157409668, 91.0
6.558895111083984, 120.0
6.55889630317688, 82.0
6.558897256851196, 141.0
6.558898210525513, 172.0
6.558899164199829, 124.0
6.558899164199829, 128.0
6.5589001178741455, 41.0
6.5589001178741455, 155.0
6.558901071548462, 34.0
6.558902025222778, 61.0
6.558903217315674, 133.0
6.558908224105835, 90.0
6.558909177780151, 135.0
6.558909177780151, 156.0
6.558911085128784, 80.0
6.558912038803101, 95.0
6.558912038803101, 119.0
6.558912992477417, 113.0
6.5589141845703125, 120.0
6.558915138244629, 143.0
6.558916091918945, 139.0
6.558917284011841, 123.0
6.558917284011841, 128.0
6.558918237686157, 76.0
6.558919191360474, 94.0
6.55892014503479, 120.0
6.5589210987091064, 18.0
6.5589210987091064, 105.0
6.558922052383423, 57.0
6.558924198150635, 54.0
6.558925151824951, 59.0
6.558926105499268, 67.0
6.558926105499268, 69.0
6.558927059173584, 17.0
6.5589282512664795, 29.0
6.558929204940796, 40.0
