0.0002110004425048828, 120.0
0.0004191398620605469, 679.0
0.0006241798400878906, 1744.0
0.0008330345153808594, 2701.0
0.0010380744934082031, 2853.0
0.0012431144714355469, 3618.0
0.0014488697052001953, 4597.0
0.0016601085662841797, 4819.0
0.001867055892944336, 5028.0
0.0020742416381835938, 5378.0
0.0022792816162109375, 5915.0
0.0047130584716796875, 6063.0
0.006176948547363281, 6245.0
0.007828950881958008, 6388.0
0.06165504455566406, 6486.0
0.07631611824035645, 6588.0
0.08672523498535156, 6776.0
0.0926351547241211, 6879.0
0.17968010902404785, 7188.0
0.2307751178741455, 7251.0
0.23219823837280273, 7468.0
0.23586606979370117, 7628.0
0.2383129596710205, 7780.0
0.24831008911132812, 7888.0
0.285595178604126, 7942.0
0.28928208351135254, 8051.0
0.29544591903686523, 8187.0
0.35259485244750977, 8260.0
0.3652338981628418, 8277.0
0.3715529441833496, 8282.0
0.38912510871887207, 8371.0
0.3921999931335449, 8474.0
0.3964869976043701, 8481.0
0.43549013137817383, 8489.0
0.4456791877746582, 8626.0
0.44913196563720703, 8736.0
0.4507570266723633, 8852.0
0.472606897354126, 8869.0
0.47688817977905273, 8909.0
0.4813659191131592, 9089.0
0.49767017364501953, 9190.0
0.5425300598144531, 9287.0
0.5621540546417236, 9288.0
0.5756258964538574, 9344.0
0.5866942405700684, 9463.0
0.5993931293487549, 9565.0
0.6835660934448242, 9655.0
0.696418046951294, 9758.0
0.6992709636688232, 9772.0
0.7096419334411621, 9870.0
0.7226400375366211, 9889.0
0.7360320091247559, 9987.0
0.9709451198577881, 10073.0
1.0386009216308594, 10083.0
1.0394401550292969, 10290.0
1.5290632247924805, 10384.0
1.670090913772583, 10428.0
1.673233985900879, 10559.0
1.692674160003662, 10571.0
1.7089788913726807, 10574.0
1.7293100357055664, 10640.0
1.7608351707458496, 10779.0
1.9510021209716797, 10788.0
1.9631311893463135, 10884.0
1.966284990310669, 10985.0
1.9808180332183838, 11038.0
1.9847970008850098, 11061.0
2.0406980514526367, 11127.0
2.046761989593506, 11235.0
2.0646541118621826, 11256.0
2.0877020359039307, 11261.0
7.668309926986694, 11286.0
7.716192960739136, 11378.0
7.736871242523193, 11390.0
