1.0581698417663574, 51615.0
1.8065698146820068, 52139.0
2.5460689067840576, 52955.0
3.2891108989715576, 53386.0
4.048782110214233, 53386.0
4.7961320877075195, 53863.0
5.547163724899292, 54454.0
6.3138298988342285, 54454.0
7.0589869022369385, 54454.0
7.804503917694092, 55069.0
8.546024799346924, 55113.0
9.289350748062134, 55720.0
10.03104305267334, 55777.0
10.774070024490356, 56062.0
11.518986940383911, 56171.0
12.263648986816406, 56718.0
13.010279893875122, 57061.0
13.758995771408081, 57073.0
14.506294012069702, 57755.0
15.257287740707397, 57779.0
16.006685972213745, 57779.0
16.75736379623413, 58250.0
17.51114010810852, 58417.0
18.26440978050232, 58432.0
19.01752281188965, 58983.0
19.768006801605225, 58983.0
20.519661903381348, 59113.0
21.274230003356934, 59271.0
22.027318954467773, 59409.0
22.782329082489014, 59409.0
23.53877878189087, 59580.0
24.293829917907715, 59993.0
25.0487699508667, 59993.0
25.80691885948181, 59993.0
26.554029941558838, 60256.0
27.310237884521484, 60332.0
28.064505100250244, 60749.0
28.811774969100952, 60828.0
29.558098793029785, 61048.0
30.303441762924194, 61104.0
31.04778289794922, 61668.0
31.794302940368652, 61668.0
32.54039978981018, 61844.0
33.287038803100586, 61844.0
34.04643392562866, 62035.0
34.79802393913269, 62400.0
35.55791187286377, 62410.0
36.31696105003357, 62878.0
37.06344389915466, 62878.0
37.82405710220337, 62878.0
38.58318591117859, 63302.0
39.34301471710205, 63302.0
40.10810375213623, 63302.0
40.85967469215393, 63302.0
41.628079891204834, 63503.0
42.39553475379944, 63666.0
43.156179904937744, 63666.0
43.91183376312256, 63666.0
44.677390813827515, 63796.0
45.430930852890015, 63929.0
46.18683695793152, 64063.0
46.95166087150574, 64063.0
47.71141767501831, 64063.0
48.469646692276, 64727.0
49.23633289337158, 64727.0
49.99904203414917, 64727.0
50.753154039382935, 64783.0
51.515668869018555, 64788.0
52.27748990058899, 64788.0
53.030925035476685, 64955.0
53.79276490211487, 65565.0
54.54859685897827, 65565.0
55.3107488155365, 65565.0
56.068519830703735, 65565.0
56.82540988922119, 65565.0
57.589560985565186, 65565.0
58.35061502456665, 65943.0
59.107048988342285, 65943.0
59.86574578285217, 65943.0
60.62849187850952, 65943.0
61.38666796684265, 65943.0
62.15069794654846, 66120.0
62.90935182571411, 66383.0
63.6713080406189, 66383.0
64.44157195091248, 66961.0
65.20544791221619, 66961.0
65.97604990005493, 66961.0
66.7400918006897, 67076.0
67.50350284576416, 67076.0
68.26941800117493, 67076.0
69.03483009338379, 67096.0
69.80121803283691, 67096.0
70.56891798973083, 67270.0
71.33522391319275, 67271.0
72.09751868247986, 67271.0
72.85918092727661, 67391.0
73.62636089324951, 67616.0
74.3981020450592, 67616.0
75.16861271858215, 67770.0
75.93317079544067, 67770.0
76.6995599269867, 67987.0
77.46443176269531, 67987.0
78.23433184623718, 67987.0
79.00592684745789, 68147.0
79.77111601829529, 68297.0
80.54637789726257, 68297.0
81.32038879394531, 68660.0
82.09455299377441, 68660.0
82.8632698059082, 68660.0
83.63119101524353, 68787.0
84.40523076057434, 68787.0
85.17868685722351, 68787.0
85.95038199424744, 68997.0
86.72527575492859, 68997.0
87.49185991287231, 69048.0
88.25831174850464, 69048.0
89.02155065536499, 69048.0
89.78335690498352, 69222.0
90.5461938381195, 69222.0
91.31497383117676, 69222.0
92.07911276817322, 69222.0
92.84501767158508, 69222.0
93.60891699790955, 69222.0
94.37489986419678, 69222.0
95.13863968849182, 69222.0
95.90292096138, 69222.0
96.66826176643372, 69222.0
97.432363986969, 69233.0
98.19682288169861, 69449.0
98.96443009376526, 69678.0
99.73074078559875, 69678.0
100.49753785133362, 69825.0
101.27068495750427, 70099.0
102.05011487007141, 70099.0
102.82545685768127, 70187.0
103.5993447303772, 70187.0
104.37287378311157, 70187.0
105.14934492111206, 70187.0
105.92390298843384, 70227.0
106.70047307014465, 70500.0
107.47659277915955, 70513.0
108.25011396408081, 70513.0
109.03030800819397, 70513.0
109.8047308921814, 70513.0
110.58224892616272, 70910.0
111.36378693580627, 70910.0
112.13805985450745, 70910.0
112.91508197784424, 70936.0
113.69196677207947, 70936.0
114.46778392791748, 70936.0
115.25177478790283, 70936.0
116.0276689529419, 70936.0
116.80798983573914, 70936.0
117.5848000049591, 70980.0
118.36269998550415, 70980.0
119.14630603790283, 70980.0
119.92700171470642, 70980.0
120.7037627696991, 71048.0
121.48216795921326, 71124.0
122.25442290306091, 71124.0
123.02354192733765, 71269.0
123.79238986968994, 71321.0
124.56454586982727, 71321.0
125.3371958732605, 71332.0
126.11503386497498, 71713.0
126.88854598999023, 71713.0
127.66938996315002, 71713.0
128.45077776908875, 71713.0
129.2277979850769, 71809.0
129.9975028038025, 71809.0
130.7699477672577, 71809.0
131.54008293151855, 71809.0
132.3094198703766, 71809.0
133.08253383636475, 72086.0
133.86308598518372, 72086.0
134.63848280906677, 72086.0
135.4197039604187, 72086.0
136.2048487663269, 72086.0
137.00477004051208, 72159.0
137.78479290008545, 72159.0
138.56732273101807, 72159.0
139.35106086730957, 72159.0
140.12697076797485, 72159.0
140.90463995933533, 72530.0
141.68358087539673, 72584.0
142.46394395828247, 72584.0
143.24858784675598, 72584.0
144.03982996940613, 72584.0
144.81476974487305, 72646.0
145.5921437740326, 72646.0
146.36977791786194, 72646.0
147.1537868976593, 72646.0
147.92725086212158, 72646.0
148.71065497398376, 72942.0
149.49662280082703, 72998.0
150.27938508987427, 73169.0
151.05589389801025, 73169.0
151.84013986587524, 73169.0
152.62189269065857, 73169.0
153.40480995178223, 73169.0
154.19128489494324, 73169.0
