1.065762996673584, 63459.0
1.8194780349731445, 68047.0
2.571769952774048, 74961.0
3.340533971786499, 84718.0
4.114367961883545, 92011.0
4.879519939422607, 92894.0
5.652940034866333, 94561.0
6.40938401222229, 98169.0
7.1648108959198, 100632.0
7.92619514465332, 104378.0
8.683748006820679, 107728.0
9.438138008117676, 111788.0
10.190497875213623, 112780.0
10.95038104057312, 116205.0
11.726398944854736, 122034.0
12.47687315940857, 122812.0
13.231742143630981, 125285.0
13.992022037506104, 129476.0
14.750761032104492, 141176.0
15.510735034942627, 144587.0
16.26955509185791, 144587.0
17.026488065719604, 144587.0
17.7865629196167, 148934.0
18.55604600906372, 157013.0
19.31714391708374, 160541.0
20.090705156326294, 165320.0
20.85971713066101, 165320.0
21.63389801979065, 166114.0
22.400379180908203, 169184.0
23.16946005821228, 172035.0
23.93625807762146, 178288.0
24.70148015022278, 183969.0
25.47364115715027, 183969.0
26.25247812271118, 190692.0
27.026784896850586, 191578.0
27.801024913787842, 193153.0
28.577857971191406, 197365.0
29.352078914642334, 197365.0
30.12956404685974, 199138.0
30.906962156295776, 201783.0
31.68504810333252, 206102.0
32.46968913078308, 207315.0
33.24545097351074, 214268.0
34.019657135009766, 216344.0
34.79368305206299, 220165.0
35.568536043167114, 220165.0
36.34431505203247, 223225.0
37.10704207420349, 223777.0
37.883402824401855, 227245.0
38.657273054122925, 227736.0
39.419572830200195, 228048.0
40.197027921676636, 229620.0
40.972224950790405, 234418.0
41.73662710189819, 234418.0
42.501692056655884, 239684.0
43.26989793777466, 239684.0
44.0391788482666, 242926.0
44.80716514587402, 242926.0
45.59267807006836, 244729.0
46.364633083343506, 244729.0
47.13868522644043, 251224.0
47.92215323448181, 256222.0
48.69428610801697, 256469.0
49.46575403213501, 257634.0
50.2385950088501, 258342.0
51.0206880569458, 260045.0
51.79204702377319, 260045.0
52.571611166000366, 265664.0
53.34427523612976, 265664.0
54.128990173339844, 265664.0
54.90761208534241, 268639.0
55.696869134902954, 268639.0
56.47638010978699, 272723.0
57.26290202140808, 272723.0
58.05758810043335, 272782.0
58.858726978302, 275664.0
59.63785409927368, 275664.0
60.42543888092041, 277708.0
61.200286865234375, 278280.0
61.98478603363037, 284279.0
62.763375997543335, 284279.0
63.55394506454468, 285587.0
64.33936405181885, 287925.0
65.13438701629639, 288167.0
65.9237642288208, 291716.0
66.70240902900696, 291716.0
67.48962807655334, 291995.0
68.27237391471863, 296973.0
69.06728792190552, 296973.0
69.91218709945679, 296973.0
70.71214294433594, 302868.0
71.5155508518219, 302868.0
72.33943700790405, 306466.0
73.17576384544373, 306466.0
73.98256301879883, 306618.0
74.7914810180664, 306618.0
75.58127808570862, 308504.0
76.37946891784668, 309837.0
77.19801807403564, 309837.0
78.02394795417786, 309837.0
78.86640906333923, 310674.0
79.68986201286316, 311309.0
80.48539519309998, 311645.0
81.30471396446228, 313267.0
82.11270213127136, 316423.0
82.95669388771057, 316423.0
83.8857798576355, 317750.0
84.73038101196289, 319290.0
85.54389905929565, 320626.0
86.34606719017029, 320626.0
87.14634895324707, 321737.0
87.94609594345093, 323545.0
88.75010800361633, 329527.0
89.55540299415588, 330047.0
90.35795021057129, 332712.0
91.18623089790344, 332796.0
92.02214002609253, 335222.0
92.81799101829529, 335222.0
93.61724090576172, 336717.0
94.42291188240051, 338039.0
95.23642683029175, 342034.0
96.18936014175415, 342034.0
97.10803198814392, 342034.0
97.9169020652771, 342034.0
98.71738696098328, 342034.0
99.51620125770569, 345804.0
100.32062602043152, 347726.0
101.13756895065308, 347726.0
101.94512987136841, 347726.0
102.7517249584198, 350092.0
103.56743597984314, 350092.0
104.3885428905487, 350601.0
105.23720383644104, 353331.0
106.0577940940857, 353331.0
106.89857292175293, 356429.0
107.74455690383911, 357697.0
108.5743260383606, 358596.0
109.42248201370239, 358596.0
110.24596285820007, 361883.0
111.05592799186707, 361883.0
111.85660409927368, 361883.0
112.67366909980774, 362389.0
113.48287987709045, 365389.0
114.28954887390137, 367577.0
115.09274196624756, 367577.0
115.93625807762146, 367577.0
116.75080490112305, 367577.0
117.55441808700562, 369938.0
118.35552906990051, 370073.0
119.15876197814941, 373256.0
119.96551895141602, 373256.0
120.76669192314148, 373256.0
121.5718560218811, 373461.0
122.37100887298584, 373461.0
123.16894102096558, 373573.0
123.97275686264038, 377467.0
124.77677202224731, 382742.0
125.58168005943298, 382742.0
126.38888001441956, 382742.0
127.19117093086243, 382742.0
127.99287796020508, 382742.0
128.7932357788086, 382742.0
129.59864497184753, 382742.0
130.41939902305603, 382773.0
131.2335169315338, 384254.0
132.03817582130432, 385186.0
132.84206199645996, 389712.0
133.6878719329834, 389712.0
134.4959101676941, 389712.0
135.3048050403595, 389712.0
136.11412596702576, 393372.0
136.92317509651184, 393372.0
137.73206114768982, 393372.0
138.55356407165527, 393372.0
139.3666501045227, 394807.0
140.17391300201416, 394807.0
140.97957491874695, 397304.0
141.78687715530396, 397304.0
142.59797406196594, 397623.0
143.43888902664185, 397623.0
144.2505431175232, 399618.0
145.05770802497864, 399618.0
145.87415385246277, 401649.0
146.74773001670837, 401649.0
147.57382798194885, 401649.0
148.39834094047546, 401649.0
149.20998120307922, 403326.0
150.03879499435425, 403326.0
150.86825585365295, 406367.0
151.6965410709381, 406367.0
152.51245617866516, 406697.0
153.324383020401, 406697.0
154.13179302215576, 406697.0
154.93703389167786, 406697.0
155.7705659866333, 412820.0
156.6125249862671, 412820.0
157.43832802772522, 413593.0
158.26985788345337, 413593.0
159.0909559726715, 413593.0
159.92726588249207, 413593.0
160.81839203834534, 413593.0
