0.00040030479431152344, 130.0
0.0008132457733154297, 426.0
0.00121307373046875, 1065.0
0.001615285873413086, 1418.0
0.0020160675048828125, 1709.0
0.002412080764770508, 2299.0
0.002808094024658203, 2699.0
0.0032150745391845703, 3086.0
0.003611326217651367, 4033.0
0.004015207290649414, 4673.0
0.004414081573486328, 5041.0
0.00481104850769043, 5465.0
0.00521397590637207, 5939.0
0.005609989166259766, 5940.0
0.006010293960571289, 6730.0
0.0064182281494140625, 7689.0
0.0068700313568115234, 7820.0
0.0073010921478271484, 8579.0
0.007747173309326172, 9033.0
0.008177995681762695, 9712.0
0.008611202239990234, 10560.0
0.009010076522827148, 11034.0
0.00941014289855957, 11466.0
0.009814023971557617, 12091.0
0.010220050811767578, 13029.0
0.010616064071655273, 13858.0
0.011013269424438477, 13868.0
0.018975019454956055, 14216.0
0.027659177780151367, 14770.0
0.07062029838562012, 15131.0
0.14649009704589844, 15780.0
0.15047907829284668, 16084.0
0.16340208053588867, 16875.0
0.1735670566558838, 17151.0
0.1739640235900879, 17178.0
0.18802833557128906, 17555.0
0.2052001953125, 17840.0
0.21027302742004395, 18050.0
0.21262526512145996, 18889.0
0.2174839973449707, 18893.0
0.22517013549804688, 19752.0
0.24596929550170898, 20368.0
0.24949407577514648, 20459.0
0.26123809814453125, 20648.0
0.262423038482666, 21446.0
0.31270313262939453, 21941.0
0.3174409866333008, 21996.0
0.339306116104126, 22233.0
0.36533212661743164, 22439.0
0.39201831817626953, 23170.0
0.407336950302124, 23819.0
0.43990302085876465, 24213.0
0.4442141056060791, 24339.0
0.44696497917175293, 25061.0
0.46524500846862793, 25808.0
0.5099310874938965, 25826.0
0.5103302001953125, 26467.0
0.5119121074676514, 26609.0
0.5284180641174316, 27593.0
0.5350940227508545, 27695.0
0.5555610656738281, 27851.0
0.5907809734344482, 27896.0
0.5955252647399902, 28128.0
0.6026260852813721, 28473.0
0.6034231185913086, 28557.0
0.626899003982544, 28980.0
0.631622314453125, 29266.0
0.6347870826721191, 29461.0
0.6624400615692139, 30110.0
0.6714551448822021, 30201.0
0.6735002994537354, 30820.0
0.6739110946655273, 31818.0
0.683704137802124, 32336.0
0.6905002593994141, 32930.0
0.7107532024383545, 32986.0
0.7371041774749756, 33758.0
0.7542243003845215, 33913.0
0.7546701431274414, 34117.0
0.7563750743865967, 34199.0
0.7631931304931641, 34689.0
0.7656912803649902, 34931.0
0.7730860710144043, 35223.0
0.7738990783691406, 35476.0
0.8286871910095215, 35990.0
0.8394150733947754, 36239.0
0.8406260013580322, 36913.0
0.9022262096405029, 37020.0
0.9074480533599854, 37712.0
0.9114530086517334, 38285.0
0.9298951625823975, 38427.0
0.9575459957122803, 38881.0
1.037100076675415, 38947.0
1.0391230583190918, 38983.0
1.0492212772369385, 39092.0
1.056070327758789, 39260.0
1.1810760498046875, 39279.0
1.1851921081542969, 39538.0
1.1860551834106445, 39997.0
1.1869161128997803, 40845.0
1.2056190967559814, 41348.0
1.211306095123291, 41530.0
1.356943130493164, 42015.0
1.3643760681152344, 42445.0
1.3647971153259277, 42792.0
1.445749044418335, 43327.0
1.4623103141784668, 43717.0
1.4718270301818848, 44360.0
1.4750699996948242, 45084.0
1.5224730968475342, 45332.0
1.5228862762451172, 45507.0
1.5232930183410645, 46156.0
1.536161184310913, 46279.0
1.5365722179412842, 47004.0
1.5471601486206055, 47420.0
1.6564340591430664, 47543.0
1.6568431854248047, 47579.0
1.8683640956878662, 48234.0
1.8711743354797363, 48410.0
1.9486589431762695, 48971.0
1.9854719638824463, 49030.0
1.9863321781158447, 50017.0
2.1396560668945312, 50707.0
2.1400749683380127, 51223.0
2.2912120819091797, 51270.0
2.908128023147583, 51825.0
2.912616014480591, 51999.0
2.9179201126098633, 52429.0
2.9215900897979736, 52457.0
2.9505181312561035, 52813.0
2.9935550689697266, 53496.0
3.0077550411224365, 53738.0
3.709475040435791, 53788.0
3.778383255004883, 54256.0
4.75750207901001, 54540.0
6.996565103530884, 54570.0
7.046832323074341, 54847.0
7.7172980308532715, 55322.0
7.734451055526733, 55864.0
7.738880157470703, 56271.0
7.741246938705444, 56415.0
7.743602991104126, 56935.0
7.821254253387451, 57068.0
7.823214054107666, 58036.0
7.824404954910278, 58827.0
7.835381984710693, 59014.0
10.496093034744263, 59082.0
10.582674264907837, 59246.0
11.062963008880615, 59518.0
11.06337833404541, 60075.0
11.069451093673706, 60268.0
11.094458103179932, 60285.0
11.096482038497925, 60575.0
11.109409093856812, 60799.0
11.364498138427734, 60815.0
11.367728233337402, 60906.0
13.167257070541382, 60981.0
13.20747709274292, 61052.0
13.214192152023315, 61584.0
13.25326418876648, 61733.0
13.257221221923828, 61908.0
13.258411169052124, 62224.0
13.266340255737305, 62615.0
13.381710052490234, 63005.0
13.646589040756226, 63158.0
13.650943994522095, 63411.0
13.688488960266113, 63765.0
13.689677238464355, 63848.0
13.69086217880249, 64043.0
13.691265106201172, 64688.0
13.701107025146484, 65216.0
13.736962080001831, 65331.0
13.822251081466675, 65535.0
13.85549521446228, 65904.0
13.86696720123291, 66415.0
13.876067161560059, 66550.0
13.883215188980103, 67389.0
13.88597822189331, 67526.0
13.890330076217651, 67929.0
13.92464017868042, 68087.0
13.929778099060059, 68657.0
13.932562351226807, 69297.0
13.95270299911499, 69895.0
16.07095193862915, 70142.0
16.082402229309082, 70738.0
16.085968255996704, 71224.0
16.157045125961304, 71735.0
16.194924116134644, 72016.0
16.203613996505737, 72627.0
16.221777200698853, 73169.0
17.609377145767212, 73249.0
17.61532211303711, 73760.0
17.916091203689575, 73855.0
17.933101177215576, 74075.0
18.00313115119934, 74270.0
18.100598096847534, 74814.0
18.189165115356445, 75113.0
18.202566146850586, 75901.0
18.206122159957886, 76703.0
18.259457111358643, 76921.0
18.294677019119263, 77005.0
18.3954119682312, 77348.0
18.421138286590576, 77362.0
18.428255081176758, 77474.0
18.77487802505493, 77852.0
18.8045072555542, 77983.0
18.93210005760193, 78111.0
19.284906148910522, 78196.0
19.421314239501953, 78327.0
19.50192904472351, 78429.0
19.64648699760437, 79220.0
19.724509954452515, 79597.0
19.7880802154541, 79614.0
19.795995235443115, 80020.0
19.8125901222229, 80584.0
19.959672212600708, 80927.0
19.960072994232178, 81243.0
19.961655139923096, 82186.0
20.060846090316772, 82460.0
20.227965116500854, 82538.0
20.251305103302002, 82715.0
20.388074159622192, 83107.0
20.44860005378723, 83157.0
20.51025629043579, 83512.0
20.56592321395874, 83627.0
20.927772283554077, 83756.0
20.94829225540161, 84199.0
20.960918188095093, 84394.0
20.969613075256348, 84614.0
21.387900352478027, 84928.0
21.406970262527466, 85210.0
23.563911199569702, 85806.0
23.59869122505188, 85932.0
26.50868511199951, 86221.0
26.6526882648468, 86230.0
27.212317943572998, 86442.0
