0.20401716232299805, 10893.0
0.3544621467590332, 11088.0
0.5054810047149658, 11138.0
0.6578209400177002, 11388.0
0.8088791370391846, 11548.0
0.9629089832305908, 11789.0
1.1171703338623047, 11943.0
1.26865816116333, 12123.0
1.421416997909546, 12328.0
1.5739099979400635, 12460.0
1.7282261848449707, 12472.0
1.8824000358581543, 12472.0
2.037520170211792, 12538.0
2.1938843727111816, 12676.0
2.3505661487579346, 12740.0
2.5051681995391846, 12852.0
2.664746046066284, 12880.0
2.843808174133301, 13032.0
3.001758098602295, 13075.0
3.1591272354125977, 13353.0
3.3200061321258545, 13526.0
3.4863333702087402, 13562.0
3.660219192504883, 13562.0
3.8268091678619385, 13562.0
4.0043792724609375, 13650.0
4.162006139755249, 13751.0
4.317910194396973, 13751.0
4.476751089096069, 13791.0
4.634406328201294, 13826.0
4.791833162307739, 13991.0
4.949651002883911, 13992.0
5.1166462898254395, 14137.0
5.275399923324585, 14333.0
5.434473037719727, 14386.0
5.590020179748535, 14429.0
5.745758056640625, 14485.0
5.901036024093628, 14542.0
6.058243274688721, 14665.0
6.213841199874878, 14672.0
6.369218111038208, 14672.0
6.524640083312988, 14672.0
6.681321144104004, 14696.0
6.838033199310303, 14852.0
6.993763208389282, 14852.0
7.149251222610474, 14997.0
7.305228233337402, 14997.0
7.463663101196289, 15038.0
7.6214611530303955, 15038.0
7.780797958374023, 15182.0
7.940606117248535, 15182.0
8.098526000976562, 15182.0
8.254967212677002, 15350.0
8.414104223251343, 15350.0
8.57116436958313, 15403.0
8.727821111679077, 15403.0
8.886695146560669, 15403.0
9.043559312820435, 15477.0
9.19845724105835, 15477.0
9.354820251464844, 15477.0
9.509729146957397, 15477.0
9.664355278015137, 15477.0
9.821064949035645, 15531.0
9.978398084640503, 15540.0
10.134027004241943, 15843.0
10.291885137557983, 15843.0
10.448882341384888, 15843.0
10.60909128189087, 15843.0
10.770437240600586, 15866.0
10.926644086837769, 15866.0
11.083125114440918, 15866.0
11.243280172348022, 15872.0
11.40189528465271, 15872.0
11.563915014266968, 15872.0
11.72270917892456, 15884.0
11.882735252380371, 15884.0
12.044090270996094, 15897.0
12.203016996383667, 16011.0
12.359070062637329, 16011.0
12.51799726486206, 16021.0
12.676908016204834, 16021.0
12.840603351593018, 16034.0
12.998906135559082, 16034.0
13.157050132751465, 16117.0
13.314953088760376, 16322.0
13.470815181732178, 16322.0
13.626766204833984, 16322.0
13.782938241958618, 16330.0
13.938983917236328, 16330.0
14.095218181610107, 16330.0
14.2519690990448, 16330.0
14.408685207366943, 16385.0
14.565362215042114, 16385.0
14.721869230270386, 16430.0
14.883491277694702, 16430.0
15.039442300796509, 16430.0
15.195438146591187, 16446.0
15.351234197616577, 16498.0
15.506712198257446, 16498.0
15.662492275238037, 16531.0
15.818154096603394, 16531.0
15.974264144897461, 16531.0
16.129624128341675, 16542.0
16.284817218780518, 16542.0
16.439999103546143, 16542.0
16.59535527229309, 16565.0
16.75088906288147, 16627.0
16.9078950881958, 16627.0
17.063218355178833, 16627.0
17.218658208847046, 16627.0
17.374191284179688, 16627.0
17.532005310058594, 16627.0
17.689873218536377, 16686.0
17.84670901298523, 16686.0
18.004164218902588, 16719.0
18.161136150360107, 16719.0
18.31821608543396, 16719.0
18.475120306015015, 16719.0
18.633074283599854, 16825.0
18.790573120117188, 16825.0
18.9495952129364, 16825.0
19.106640338897705, 16852.0
19.26377296447754, 16852.0
19.42067313194275, 16852.0
19.57760524749756, 16852.0
19.734541177749634, 16852.0
19.891616106033325, 16944.0
20.048392057418823, 16944.0
20.205350160598755, 16944.0
20.362619161605835, 16944.0
20.520398139953613, 16949.0
20.683584213256836, 16949.0
20.842015981674194, 16949.0
21.000928163528442, 16954.0
21.158274173736572, 16957.0
21.315169095993042, 16999.0
21.47223925590515, 16999.0
21.62886619567871, 16999.0
21.785410165786743, 16999.0
21.941845178604126, 16999.0
22.09851908683777, 16999.0
22.255051136016846, 16999.0
22.411945104599, 16999.0
22.568520069122314, 17053.0
22.725191354751587, 17053.0
22.882543087005615, 17053.0
23.041848182678223, 17224.0
23.198530197143555, 17224.0
23.356300115585327, 17224.0
23.51476526260376, 17224.0
23.672758102416992, 17224.0
23.830231189727783, 17224.0
23.987998008728027, 17224.0
24.145479917526245, 17224.0
24.302850246429443, 17224.0
24.461573123931885, 17224.0
24.619547128677368, 17224.0
24.777250051498413, 17224.0
24.93466019630432, 17224.0
25.094696044921875, 17224.0
25.255634307861328, 17224.0
25.413799285888672, 17224.0
25.571805953979492, 17301.0
25.72972536087036, 17301.0
25.887622356414795, 17301.0
26.04552912712097, 17301.0
26.2034592628479, 17319.0
26.361647129058838, 17319.0
26.51946234703064, 17319.0
26.6772141456604, 17319.0
26.8350830078125, 17319.0
26.993333101272583, 17319.0
27.153090238571167, 17319.0
27.311541080474854, 17319.0
27.473154067993164, 17319.0
27.63134002685547, 17319.0
27.789308309555054, 17319.0
27.947449207305908, 17319.0
28.105749130249023, 17319.0
28.263611316680908, 17319.0
28.42127227783203, 17319.0
28.57892107963562, 17319.0
28.73699712753296, 17319.0
28.894739151000977, 17324.0
29.052346229553223, 17338.0
29.211234092712402, 17386.0
29.369012117385864, 17386.0
29.52674102783203, 17386.0
29.684304237365723, 17386.0
29.841885089874268, 17386.0
29.999866247177124, 17386.0
30.160344123840332, 17386.0
30.31841731071472, 17386.0
30.47630524635315, 17387.0
30.634282112121582, 17387.0
30.793496131896973, 17387.0
30.951484203338623, 17387.0
31.111932277679443, 17387.0
31.270813941955566, 17387.0
31.432108163833618, 17387.0
31.59079623222351, 17399.0
31.74884819984436, 17411.0
