0.0019419193267822266, 370.0
0.0038459300994873047, 1137.0
0.005743980407714844, 1481.0
0.007632017135620117, 1757.0
0.00952291488647461, 2588.0
0.01140284538269043, 3140.0
0.013282060623168945, 3373.0
0.01516413688659668, 3536.0
0.01703786849975586, 4457.0
0.018930912017822266, 5542.0
0.02081608772277832, 5678.0
0.02269887924194336, 6193.0
0.0245821475982666, 7187.0
0.026471853256225586, 7327.0
0.028357982635498047, 7876.0
0.030232906341552734, 8821.0
0.03212404251098633, 9797.0
0.03400897979736328, 10071.0
0.03588700294494629, 10867.0
0.03777289390563965, 11394.0
0.03967690467834473, 11705.0
0.04156208038330078, 12167.0
0.04343581199645996, 12655.0
0.04532504081726074, 13038.0
0.04721498489379883, 13382.0
0.04910087585449219, 14350.0
0.050991058349609375, 14505.0
0.05287599563598633, 15522.0
0.054750919342041016, 16246.0
0.05665087699890137, 16729.0
0.05859804153442383, 17774.0
0.06049299240112305, 17914.0
0.062374114990234375, 18172.0
0.0642547607421875, 18409.0
0.06613802909851074, 18836.0
0.0680239200592041, 19278.0
0.06990408897399902, 20252.0
0.07179689407348633, 20958.0
0.07369112968444824, 21411.0
0.07558012008666992, 21910.0
0.0774688720703125, 22649.0
0.0793619155883789, 23206.0
0.0812520980834961, 24268.0
0.08313798904418945, 24526.0
0.08503293991088867, 24712.0
0.08692288398742676, 25638.0
0.08880996704101562, 26605.0
0.09069585800170898, 26708.0
0.09259796142578125, 26813.0
0.09446191787719727, 27526.0
0.09632682800292969, 28254.0
0.0982058048248291, 28601.0
0.10008001327514648, 28899.0
0.10196971893310547, 29434.0
0.10384774208068848, 29700.0
0.10573792457580566, 29987.0
0.10761094093322754, 30814.0
0.10949182510375977, 31562.0
0.11137199401855469, 32226.0
0.11324691772460938, 32986.0
0.11511802673339844, 34000.0
0.11699390411376953, 34903.0
0.11889982223510742, 35788.0
0.12078309059143066, 36846.0
0.12265276908874512, 37383.0
0.1245269775390625, 37999.0
0.12641096115112305, 38646.0
0.12828683853149414, 39591.0
0.1301589012145996, 39842.0
0.1320340633392334, 40807.0
0.1338958740234375, 41116.0
0.13576388359069824, 41754.0
0.13764595985412598, 42337.0
0.13951992988586426, 42723.0
0.14139389991760254, 42972.0
0.1433577537536621, 43593.0
0.14522385597229004, 43698.0
0.14709091186523438, 44761.0
0.1489567756652832, 45208.0
0.15083098411560059, 45963.0
0.15269708633422852, 46088.0
0.15456604957580566, 46613.0
0.15643095970153809, 46786.0
0.15830707550048828, 47473.0
0.16017603874206543, 47780.0
0.16203904151916504, 48476.0
0.16391491889953613, 49217.0
0.16578888893127441, 49976.0
0.16766095161437988, 50357.0
0.1695258617401123, 51352.0
0.17691802978515625, 51366.0
0.17879104614257812, 51940.0
0.1806640625, 52440.0
0.182542085647583, 53335.0
0.18440699577331543, 54067.0
0.18627405166625977, 55036.0
0.18814301490783691, 55354.0
0.19002795219421387, 55581.0
0.19191598892211914, 56322.0
0.19379281997680664, 56977.0
0.19565677642822266, 57080.0
0.197523832321167, 57456.0
0.19940590858459473, 58241.0
0.20127606391906738, 59298.0
0.20316195487976074, 59448.0
0.20503497123718262, 59883.0
0.21610379219055176, 60255.0
0.21981310844421387, 60387.0
0.256742000579834, 60516.0
0.4059319496154785, 60618.0
0.516934871673584, 60663.0
0.578726053237915, 60814.0
0.660283088684082, 60898.0
0.687626838684082, 61001.0
0.7109780311584473, 61115.0
1.1362369060516357, 61185.0
1.1439568996429443, 61402.0
1.1861889362335205, 61610.0
1.2284939289093018, 61675.0
1.2476699352264404, 61863.0
1.2764079570770264, 62015.0
1.3299789428710938, 62116.0
1.345315933227539, 62177.0
1.377979040145874, 62297.0
1.454571008682251, 62398.0
1.481705904006958, 62500.0
1.6741938591003418, 62609.0
1.7645509243011475, 62713.0
1.88419508934021, 62806.0
1.9544150829315186, 62912.0
2.0378129482269287, 63011.0
2.0511510372161865, 63170.0
2.058779001235962, 63279.0
2.1156997680664062, 63395.0
2.20704984664917, 63457.0
2.2127718925476074, 63599.0
2.246893882751465, 63623.0
2.307574987411499, 63747.0
2.3759078979492188, 63886.0
2.4138479232788086, 63920.0
2.4365999698638916, 64113.0
2.4745290279388428, 64265.0
2.49920392036438, 64388.0
2.514404058456421, 64549.0
2.606199026107788, 64698.0
2.6755387783050537, 64815.0
2.6850709915161133, 64918.0
2.6965138912200928, 65012.0
2.937086820602417, 65049.0
3.020413875579834, 65168.0
3.1114227771759033, 65219.0
3.28944993019104, 65284.0
3.365224838256836, 65403.0
3.4182498455047607, 65519.0
3.711962938308716, 65618.0
3.963880777359009, 65702.0
4.274272918701172, 65801.0
4.34607195854187, 65915.0
4.826277017593384, 66018.0
5.245555877685547, 66063.0
5.263124942779541, 66226.0
5.290430784225464, 66256.0
5.400178909301758, 66344.0
5.402137994766235, 66456.0
5.404113054275513, 66559.0
5.407996892929077, 66675.0
5.442626953125, 66789.0
5.542608022689819, 66890.0
5.5854268074035645, 67006.0
5.597514867782593, 67080.0
5.632705926895142, 67108.0
5.813809156417847, 67132.0
5.827359914779663, 67314.0
5.976290941238403, 67438.0
6.006453990936279, 67539.0
6.033585071563721, 67685.0
6.195753812789917, 67804.0
6.239850997924805, 67909.0
6.257946968078613, 68014.0
6.502948999404907, 68038.0
6.565194845199585, 68143.0
6.573009729385376, 68309.0
6.652842998504639, 68413.0
6.7307140827178955, 68517.0
7.238188028335571, 68525.0
7.257353782653809, 68627.0
7.268924713134766, 68815.0
7.461803913116455, 68884.0
7.577456951141357, 68914.0
7.8901097774505615, 69019.0
8.131823062896729, 69100.0
8.240540027618408, 69208.0
8.356185913085938, 69317.0
8.580924034118652, 69419.0
8.628231763839722, 69505.0
8.632043838500977, 69685.0
8.660581111907959, 69695.0
8.685276746749878, 69780.0
8.786520957946777, 69910.0
9.97367000579834, 70018.0
10.023830890655518, 70100.0
10.19852900505066, 70212.0
10.275032043457031, 70305.0
10.421905040740967, 70413.0
10.77627682685852, 70418.0
10.793086767196655, 70502.0
10.90889286994934, 70630.0
10.955534934997559, 70755.0
10.95743203163147, 70899.0
11.088109016418457, 71117.0
11.106719970703125, 71276.0
11.149713039398193, 71395.0
11.175857782363892, 71514.0
11.198248863220215, 71618.0
11.22441577911377, 71777.0
11.302848815917969, 71901.0
11.373448848724365, 71909.0
11.555706977844238, 72105.0
11.689940929412842, 72119.0
11.736398935317993, 72207.0
11.898162841796875, 72218.0
12.099870920181274, 72303.0
12.170541048049927, 72313.0
12.20774793624878, 72489.0
12.228317737579346, 72591.0
12.248854875564575, 72714.0
12.437075853347778, 72715.0
12.482820987701416, 72718.0
12.494200944900513, 72929.0
12.53574275970459, 73009.0
12.669649839401245, 73101.0
12.771999835968018, 73125.0
12.803308963775635, 73307.0
12.88026213645935, 73347.0
12.897933006286621, 73519.0
13.096894979476929, 73583.0
13.14930510520935, 73705.0
13.401803970336914, 73752.0
13.403759956359863, 73893.0
13.495943784713745, 74016.0
13.534270763397217, 74096.0
13.635844945907593, 74216.0
13.974116086959839, 74307.0
14.052435874938965, 74417.0
14.193783044815063, 74429.0
14.211055994033813, 74661.0
14.235919952392578, 74738.0
14.243623733520508, 74852.0
14.31035590171814, 74877.0
14.409575939178467, 74880.0
14.411513090133667, 75014.0
14.459053993225098, 75161.0
14.489491939544678, 75305.0
14.593938827514648, 75388.0
14.616729974746704, 75410.0
14.618664741516113, 75603.0
14.711848974227905, 75671.0
14.719465970993042, 75815.0
14.890102863311768, 75910.0
14.909272909164429, 76015.0
15.31446385383606, 76027.0
15.327812910079956, 76204.0
15.354418754577637, 76314.0
15.468271017074585, 76481.0
15.487353086471558, 76583.0
15.529293060302734, 76673.0
15.556031942367554, 76707.0
15.567451000213623, 76810.0
15.590317964553833, 76971.0
15.613181829452515, 77015.0
15.736830949783325, 77101.0
15.960938930511475, 77109.0
16.010409832000732, 77118.0
16.534355878829956, 77217.0
16.55910587310791, 77318.0
16.694150924682617, 77326.0
16.69987201690674, 77496.0
16.84807014465332, 77652.0
16.879225969314575, 77813.0
17.07562804222107, 77910.0
17.140214920043945, 77921.0
17.185281991958618, 77979.0
17.187275886535645, 78084.0
17.298961877822876, 78209.0
17.334218978881836, 78284.0
17.451538801193237, 78319.0
17.5572988986969, 78523.0
17.57100796699524, 78712.0
17.82142186164856, 78715.0
17.860579013824463, 78839.0
17.882133960723877, 78905.0
17.890004873275757, 79048.0
17.901757955551147, 79154.0
17.9507098197937, 79257.0
18.030983924865723, 79308.0
18.17234706878662, 79514.0
18.215569019317627, 79616.0
18.346786975860596, 79695.0
18.44668483734131, 79900.0
18.793477058410645, 79914.0
18.858204126358032, 79932.0
18.895495891571045, 80042.0
18.913522958755493, 80169.0
18.923994064331055, 80276.0
18.93622899055481, 80381.0
19.004872798919678, 80495.0
19.057895183563232, 80504.0
19.30712103843689, 80578.0
19.34249210357666, 80714.0
19.585604906082153, 80815.0
19.685560941696167, 80912.0
19.81496286392212, 80915.0
19.867971897125244, 80996.0
19.90133810043335, 81041.0
19.920966148376465, 81191.0
19.954283952713013, 81213.0
19.962151765823364, 81388.0
20.024846076965332, 81512.0
20.08356809616089, 81613.0
20.103047847747803, 81615.0
20.1322979927063, 81692.0
20.144011974334717, 81819.0
20.289901971817017, 81910.0
20.4221248626709, 81916.0
20.92913293838501, 81991.0
20.956522941589355, 82094.0
21.07809591293335, 82162.0
21.11261510848999, 82281.0
21.11842393875122, 82396.0
21.181705951690674, 82404.0
21.191340923309326, 82406.0
21.384747982025146, 82460.0
21.3886239528656, 82596.0
21.407889127731323, 82719.0
21.8243088722229, 82808.0
21.94065284729004, 82910.0
21.967396020889282, 82983.0
22.028503894805908, 83116.0
22.143973112106323, 83157.0
22.155486822128296, 83159.0
22.168848037719727, 83443.0
22.17457890510559, 83576.0
22.216513872146606, 83679.0
22.27188992500305, 83772.0
22.618513822555542, 83826.0
23.45657992362976, 83900.0
23.694034814834595, 83907.0
23.747215032577515, 84010.0
23.80043888092041, 84118.0
23.891949892044067, 84171.0
23.97001600265503, 84262.0
24.000422954559326, 84307.0
24.35748791694641, 84410.0
24.537240028381348, 84492.0
24.638020038604736, 84599.0
24.697075843811035, 84728.0
24.702831983566284, 84866.0
24.744659900665283, 84917.0
24.75607180595398, 85072.0
24.813061952590942, 85205.0
25.934364080429077, 85213.0
26.322473764419556, 85305.0
26.370508909225464, 85410.0
26.405158042907715, 85598.0
26.4881329536438, 85619.0
26.590407848358154, 85649.0
26.62888789176941, 85804.0
26.761616945266724, 85909.0
26.80388593673706, 86001.0
27.050920963287354, 86155.0
27.070740938186646, 86177.0
27.251868724822998, 86317.0
27.325196981430054, 86393.0
27.468239068984985, 86406.0
27.54291605949402, 86510.0
27.766406059265137, 86617.0
28.010096073150635, 86712.0
28.571824073791504, 86718.0
28.606251001358032, 86895.0
28.646398782730103, 86958.0
28.669359922409058, 87116.0
29.872337818145752, 87206.0
30.089521884918213, 87211.0
30.933533906936646, 87318.0
30.958318948745728, 87433.0
30.967878103256226, 87583.0
30.985033988952637, 87699.0
31.082140922546387, 87811.0
31.245850086212158, 87862.0
31.263062000274658, 87989.0
31.372692823410034, 88004.0
32.708351850509644, 88087.0
32.723653078079224, 88110.0
33.00200390815735, 88120.0
33.02302694320679, 88185.0
33.1071138381958, 88205.0
33.323983907699585, 88319.0
33.42640399932861, 88413.0
33.55960011482239, 88514.0
33.851141929626465, 88697.0
34.00553798675537, 88760.0
34.04932975769043, 88896.0
34.09510016441345, 88973.0
34.152352809906006, 89084.0
34.22673201560974, 89206.0
34.3396430015564, 89299.0
34.389036893844604, 89313.0
34.45210099220276, 89416.0
34.72867703437805, 89479.0
34.76978611946106, 89570.0
34.81474590301514, 89661.0
34.84393787384033, 89691.0
34.925272941589355, 89710.0
34.99671483039856, 89895.0
35.07217979431152, 89953.0
35.10698199272156, 90090.0
35.29607796669006, 90107.0
35.66320991516113, 90116.0
36.18191885948181, 90286.0
36.18969488143921, 90417.0
36.361104011535645, 90590.0
36.37850999832153, 90704.0
36.47893691062927, 90710.0
36.53872299194336, 90818.0
36.767534017562866, 90918.0
36.90975594520569, 90998.0
37.117522954940796, 91095.0
37.27696084976196, 91202.0
37.51346707344055, 91211.0
37.63723683357239, 91215.0
37.979121923446655, 91264.0
38.0159227848053, 91440.0
38.01788902282715, 91565.0
38.05271911621094, 91675.0
38.058542013168335, 91789.0
38.1184298992157, 91804.0
38.12806487083435, 92017.0
38.73724889755249, 92044.0
38.86212182044983, 92078.0
39.00916290283203, 92183.0
39.088499784469604, 92203.0
39.15172076225281, 92310.0
39.22309184074402, 92356.0
39.238860845565796, 92377.0
39.336666107177734, 92415.0
39.466251850128174, 92504.0
39.65194010734558, 92516.0
39.65980887413025, 92619.0
39.71092081069946, 92775.0
39.76603102684021, 92851.0
39.76803493499756, 92992.0
39.797539949417114, 93103.0
39.83307099342346, 93107.0
39.95338582992554, 93163.0
40.01862287521362, 93204.0
40.04034399986267, 93408.0
40.10739994049072, 93510.0
40.368536949157715, 93589.0
40.3999137878418, 93625.0
40.46213388442993, 93773.0
40.55901789665222, 93893.0
40.56100296974182, 94002.0
40.64405703544617, 94137.0
40.70007276535034, 94313.0
40.89466905593872, 94314.0
40.93125891685486, 94395.0
40.96022391319275, 94497.0
41.002840995788574, 94611.0
41.2465398311615, 94711.0
41.3868887424469, 94814.0
42.22022080421448, 94816.0
42.50920391082764, 94868.0
42.53037691116333, 95011.0
42.73188281059265, 95118.0
42.77230405807495, 95140.0
42.783868074417114, 95281.0
42.96004915237427, 95373.0
42.9658317565918, 95496.0
45.924389123916626, 95557.0
45.96009278297424, 95710.0
47.38797998428345, 95711.0
47.447733879089355, 95770.0
47.45172691345215, 95907.0
47.52478885650635, 95915.0
48.50041198730469, 95990.0
48.50970697402954, 96030.0
48.526413917541504, 96131.0
48.62640404701233, 96152.0
48.665416955947876, 96406.0
48.75440001487732, 96471.0
48.76738977432251, 96714.0
48.95058608055115, 96802.0
49.074705839157104, 96883.0
49.085859060287476, 97000.0
49.189642906188965, 97011.0
51.5189368724823, 97081.0
51.53690195083618, 97187.0
51.58095407485962, 97302.0
52.426554918289185, 97312.0
52.457831144332886, 97413.0
53.13591384887695, 97475.0
53.18629503250122, 97611.0
53.21730089187622, 97619.0
53.436163902282715, 97699.0
53.482653856277466, 97804.0
53.67451596260071, 97909.0
56.12873888015747, 97986.0
57.77579212188721, 98011.0
58.20803499221802, 98018.0
58.56545400619507, 98091.0
58.59813690185547, 98128.0
58.69792890548706, 98277.0
58.717203855514526, 98398.0
58.937915086746216, 98404.0
58.9629590511322, 98410.0
58.964924812316895, 98511.0
59.23931384086609, 98613.0
59.41795802116394, 98637.0
59.43144178390503, 98742.0
59.48522210121155, 98899.0
60.91142392158508, 98947.0
60.93454194068909, 99019.0
61.11523795127869, 99063.0
61.126808881759644, 99198.0
61.24213910102844, 99218.0
61.27483797073364, 99301.0
61.28639602661133, 99430.0
61.3652069568634, 99512.0
61.38446593284607, 99518.0
61.50889587402344, 99674.0
61.552907943725586, 99801.0
61.55869507789612, 99807.0
61.625651836395264, 99888.0
61.63907814025879, 99973.0
61.65250873565674, 100005.0
62.049602031707764, 100015.0
62.19313287734985, 100119.0
66.6029999256134, 100156.0
66.69467377662659, 100269.0
66.72142791748047, 100382.0
66.78056287765503, 100506.0
67.00722885131836, 100606.0
67.28549385070801, 100645.0
67.31218981742859, 100668.0
67.40937685966492, 100799.0
67.48368978500366, 100901.0
67.55233192443848, 100974.0
69.32624197006226, 100995.0
69.51446294784546, 100996.0
69.5970549583435, 101103.0
69.63935995101929, 101214.0
69.70283198356628, 101277.0
69.95489501953125, 101382.0
69.97404885292053, 101496.0
70.06582689285278, 101605.0
86.72043490409851, 101606.0
86.93581414222717, 101711.0
87.48166084289551, 101793.0
87.50776791572571, 101912.0
90.11366605758667, 102007.0
90.15449905395508, 102011.0
90.17865991592407, 102115.0
90.22695803642273, 102164.0
90.24558997154236, 102171.0
90.3916289806366, 102282.0
90.49171805381775, 102316.0
91.3877260684967, 102400.0
91.53604793548584, 102507.0
91.64239978790283, 102559.0
91.64792585372925, 102692.0
91.9100329875946, 102806.0
91.94860887527466, 102909.0
92.21452212333679, 102916.0
94.93628787994385, 103013.0
94.97806882858276, 103083.0
95.00352692604065, 103201.0
95.06168794631958, 103302.0
95.13251399993896, 103412.0
95.77001786231995, 103479.0
95.93446707725525, 103488.0
95.97630405426025, 103607.0
96.1886420249939, 103717.0
96.6200270652771, 103794.0
96.7598090171814, 103809.0
96.76710605621338, 103819.0
118.12829089164734, 103915.0
124.02285099029541, 103917.0
125.54663801193237, 104018.0
126.1539318561554, 104119.0
127.81427812576294, 104207.0
128.59068489074707, 104308.0
128.62029790878296, 104418.0
130.3878698348999, 104519.0
139.6464159488678, 104618.0
147.14604306221008, 104719.0
