4.506111145019531e-05, 338.0
0.0001232624053955078, 548.0
0.0002372264862060547, 1118.0
0.00027489662170410156, 1687.0
0.0003509521484375, 2328.0
0.00038909912109375, 3202.0
0.00046515464782714844, 3708.0
0.0012149810791015625, 4639.0
0.0013661384582519531, 4820.0
0.002340078353881836, 5306.0
0.016148090362548828, 5590.0
0.016412019729614258, 6047.0
0.01753711700439453, 6115.0
0.017894268035888672, 7004.0
0.021798133850097656, 7011.0
0.02476811408996582, 7233.0
0.03729510307312012, 7339.0
0.06051826477050781, 7386.0
0.06242012977600098, 7536.0
0.0635840892791748, 7645.0
0.06377410888671875, 7823.0
0.16254210472106934, 8022.0
0.1635892391204834, 8319.0
0.16366910934448242, 8725.0
1.0450470447540283, 8834.0
1.3166561126708984, 9096.0
1.3178071975708008, 9155.0
1.6132922172546387, 9245.0
1.6179962158203125, 9354.0
1.6275222301483154, 9944.0
1.631519079208374, 10248.0
1.9023280143737793, 10427.0
1.9598960876464844, 10478.0
