0.009918928146362305, 1301.0
0.01831793785095215, 1301.0
0.026678800582885742, 1301.0
0.03494882583618164, 1301.0
0.04318499565124512, 1301.0
0.051455020904541016, 1301.0
0.05979299545288086, 1373.0
0.06803679466247559, 1373.0
0.07632279396057129, 1375.0
0.08461809158325195, 1375.0
0.09299087524414062, 1376.0
0.10140490531921387, 1420.0
0.1098167896270752, 1420.0
0.11845588684082031, 1420.0
0.12706995010375977, 1420.0
0.13554000854492188, 1420.0
0.14399480819702148, 1442.0
0.15248990058898926, 1442.0
0.16093802452087402, 1465.0
0.1693730354309082, 1496.0
0.17783880233764648, 1496.0
0.1863398551940918, 1496.0
0.1947767734527588, 1496.0
0.20335793495178223, 1496.0
0.21197295188903809, 1496.0
0.22046899795532227, 1496.0
0.2289438247680664, 1496.0
0.23744487762451172, 1496.0
0.24593281745910645, 1497.0
0.2545490264892578, 1497.0
0.26312780380249023, 1497.0
0.2716097831726074, 1497.0
0.2801029682159424, 1497.0
0.2886040210723877, 1497.0
0.29719090461730957, 1497.0
0.30594682693481445, 1497.0
0.31461095809936523, 1497.0
0.323167085647583, 1497.0
0.331737756729126, 1497.0
0.3403310775756836, 1497.0
0.34888386726379395, 1497.0
0.35745787620544434, 1497.0
0.3660409450531006, 1497.0
0.37462878227233887, 1497.0
0.38318586349487305, 1497.0
0.39181971549987793, 1497.0
0.40036582946777344, 1497.0
0.40895891189575195, 1497.0
0.41751790046691895, 1497.0
0.4261178970336914, 1497.0
0.4346959590911865, 1497.0
0.4432828426361084, 1497.0
0.45184993743896484, 1497.0
0.46041297912597656, 1497.0
0.4689607620239258, 1497.0
0.4775707721710205, 1497.0
0.48619604110717773, 1497.0
0.4947478771209717, 1497.0
0.5033040046691895, 1497.0
0.5118680000305176, 1497.0
0.5204579830169678, 1497.0
0.5290029048919678, 1497.0
0.5375890731811523, 1497.0
0.5461440086364746, 1497.0
0.5547049045562744, 1497.0
0.5632579326629639, 1497.0
0.571840763092041, 1497.0
0.580394983291626, 1497.0
0.5889339447021484, 1497.0
0.5974869728088379, 1497.0
0.606069803237915, 1497.0
0.6146047115325928, 1497.0
0.6231949329376221, 1497.0
0.6317577362060547, 1497.0
0.6403348445892334, 1497.0
0.6489288806915283, 1497.0
0.6575367450714111, 1497.0
0.6660959720611572, 1497.0
0.6746697425842285, 1497.0
0.6832280158996582, 1497.0
0.6918158531188965, 1497.0
0.7003629207611084, 1497.0
0.7088987827301025, 1497.0
0.7174689769744873, 1497.0
0.7260549068450928, 1497.0
0.7346019744873047, 1497.0
0.7431790828704834, 1497.0
0.7517719268798828, 1497.0
0.760321855545044, 1497.0
0.7688987255096436, 1497.0
0.777479887008667, 1497.0
0.7860438823699951, 1497.0
0.7945947647094727, 1497.0
0.8031587600708008, 1497.0
0.8116989135742188, 1497.0
0.8202719688415527, 1497.0
0.8288500308990479, 1497.0
0.8374559879302979, 1497.0
0.8460519313812256, 1497.0
0.854651927947998, 1497.0
0.863196849822998, 1497.0
0.8717830181121826, 1497.0
0.8803720474243164, 1497.0
0.8889658451080322, 1497.0
0.8975329399108887, 1497.0
0.9060847759246826, 1497.0
0.9146449565887451, 1497.0
0.923245906829834, 1497.0
0.9317829608917236, 1497.0
0.9403579235076904, 1497.0
0.9489297866821289, 1497.0
0.957489013671875, 1497.0
0.9660398960113525, 1497.0
0.9746110439300537, 1497.0
0.9831759929656982, 1497.0
0.991926908493042, 1497.0
1.0009160041809082, 1497.0
1.0101878643035889, 1497.0
1.0193569660186768, 1497.0
1.0283868312835693, 1497.0
1.0370409488677979, 1497.0
1.0456418991088867, 1497.0
1.054222822189331, 1497.0
1.062795877456665, 1497.0
1.071342945098877, 1497.0
1.0799009799957275, 1497.0
1.0884497165679932, 1497.0
1.097005844116211, 1497.0
1.105579137802124, 1497.0
1.114149808883667, 1497.0
1.1227219104766846, 1497.0
1.131295919418335, 1497.0
1.1398937702178955, 1497.0
1.1484339237213135, 1497.0
1.1569957733154297, 1497.0
1.1655519008636475, 1497.0
1.174165964126587, 1497.0
1.1827139854431152, 1497.0
1.1912751197814941, 1497.0
1.1998107433319092, 1497.0
1.2083609104156494, 1497.0
1.2169179916381836, 1497.0
1.2254829406738281, 1497.0
1.234022855758667, 1497.0
1.2425439357757568, 1497.0
1.2510919570922852, 1497.0
1.2596700191497803, 1497.0
1.2682218551635742, 1497.0
1.2767858505249023, 1497.0
1.285355806350708, 1497.0
1.2938950061798096, 1497.0
1.3029048442840576, 1497.0
1.311776876449585, 1497.0
1.3203489780426025, 1497.0
1.3288750648498535, 1497.0
1.3374109268188477, 1497.0
1.3459370136260986, 1497.0
1.354482889175415, 1497.0
1.363001823425293, 1497.0
1.3715448379516602, 1497.0
1.380073070526123, 1497.0
1.388603925704956, 1497.0
1.3971469402313232, 1497.0
1.4056520462036133, 1497.0
1.4141976833343506, 1497.0
1.4227447509765625, 1497.0
1.4312729835510254, 1497.0
1.4398107528686523, 1497.0
1.4483568668365479, 1497.0
1.456913948059082, 1497.0
1.4654669761657715, 1497.0
1.4739909172058105, 1497.0
1.4825339317321777, 1497.0
1.4910659790039062, 1497.0
1.4995830059051514, 1497.0
1.5081517696380615, 1497.0
1.5167057514190674, 1497.0
1.5252230167388916, 1497.0
1.5337398052215576, 1497.0
1.5422708988189697, 1497.0
1.5507919788360596, 1497.0
1.5593369007110596, 1497.0
1.5678527355194092, 1497.0
1.5763747692108154, 1497.0
1.5848968029022217, 1497.0
1.5934197902679443, 1497.0
1.601944923400879, 1497.0
1.6106650829315186, 1497.0
1.6193599700927734, 1497.0
1.6279850006103516, 1497.0
1.6365649700164795, 1497.0
1.645176887512207, 1497.0
1.6537590026855469, 1497.0
1.6624619960784912, 1497.0
1.671069860458374, 1497.0
1.6796739101409912, 1497.0
1.6882760524749756, 1497.0
1.696887731552124, 1497.0
1.7054967880249023, 1497.0
1.714108943939209, 1497.0
1.7228548526763916, 1497.0
