1.051224946975708, 51631.0
1.79917311668396, 52233.0
2.53540301322937, 52273.0
3.2680838108062744, 52436.0
4.001810789108276, 52986.0
4.758134841918945, 53385.0
5.506468057632446, 53385.0
6.276901006698608, 53739.0
7.030919075012207, 54360.0
7.768623113632202, 54411.0
8.518194198608398, 54495.0
9.256286859512329, 54716.0
9.99537992477417, 54985.0
10.733956098556519, 55236.0
11.481575727462769, 55860.0
12.219036102294922, 55860.0
12.959100723266602, 56025.0
13.69712495803833, 56513.0
14.437540054321289, 56513.0
15.176363945007324, 56870.0
15.91979694366455, 56870.0
16.66163396835327, 57308.0
17.410775899887085, 57356.0
18.160199880599976, 57490.0
18.911979913711548, 58275.0
19.66242504119873, 58601.0
20.40416717529297, 58601.0
21.148963928222656, 58697.0
21.892287969589233, 59160.0
22.637380123138428, 59160.0
23.380703926086426, 59461.0
24.125478982925415, 59461.0
24.871094942092896, 59670.0
25.6229350566864, 59706.0
26.37653088569641, 60309.0
27.13351011276245, 60343.0
27.892040967941284, 60343.0
28.6419780254364, 60459.0
29.388070106506348, 60925.0
30.13304591178894, 60943.0
30.89023780822754, 61180.0
31.64493203163147, 61612.0
32.3908851146698, 61612.0
33.13915205001831, 61612.0
33.89531588554382, 61612.0
34.64602208137512, 61821.0
35.396061182022095, 62157.0
36.14406490325928, 62441.0
36.89355492591858, 62441.0
37.6406569480896, 62485.0
38.38665199279785, 62541.0
39.13435196876526, 62541.0
39.88068604469299, 63045.0
40.6379177570343, 63120.0
41.398271799087524, 63867.0
42.14623689651489, 63867.0
42.89486885070801, 63867.0
43.64243507385254, 63867.0
44.39045286178589, 63867.0
45.15153980255127, 63867.0
45.90568280220032, 63867.0
46.65931415557861, 64048.0
47.4138081073761, 64503.0
48.166581869125366, 64503.0
48.92997908592224, 64503.0
49.69406199455261, 64838.0
50.454978942871094, 64838.0
51.218047857284546, 64838.0
51.98124313354492, 65070.0
52.7358980178833, 65527.0
53.50197696685791, 65527.0
54.26548504829407, 65527.0
55.03021502494812, 65527.0
55.796494007110596, 65611.0
56.56174683570862, 65787.0
57.33087515830994, 65787.0
58.099148988723755, 65787.0
58.865139961242676, 65787.0
59.633004903793335, 65787.0
60.39675998687744, 66027.0
61.16133189201355, 66051.0
61.91934776306152, 66051.0
62.68660092353821, 66395.0
63.456210136413574, 66395.0
64.22406077384949, 66395.0
64.99359607696533, 66395.0
65.76682376861572, 66395.0
66.52620315551758, 66395.0
67.28363418579102, 66395.0
68.05578804016113, 66395.0
68.82539796829224, 66848.0
69.59632611274719, 66848.0
70.36740708351135, 66848.0
71.13685607910156, 66848.0
71.90819096565247, 66848.0
72.67557501792908, 66848.0
73.44653105735779, 66858.0
74.21351385116577, 66906.0
74.9831280708313, 67001.0
75.75446486473083, 67219.0
76.52409791946411, 67219.0
77.2984070777893, 67219.0
78.07502508163452, 67404.0
78.84731316566467, 67813.0
79.62145495414734, 67813.0
80.39302277565002, 67813.0
81.16575980186462, 67813.0
81.93859696388245, 68178.0
82.70896601676941, 68178.0
83.48005294799805, 68178.0
84.25800800323486, 68184.0
85.0329577922821, 68218.0
85.80996704101562, 68353.0
86.58593511581421, 68360.0
87.35858392715454, 68360.0
88.13355898857117, 68554.0
88.90856218338013, 68724.0
89.68431615829468, 68724.0
90.4632339477539, 68764.0
91.23830103874207, 68764.0
92.01660895347595, 68764.0
92.79469513893127, 68864.0
93.57013297080994, 69049.0
94.34470891952515, 69049.0
95.11691904067993, 69094.0
95.89221811294556, 69344.0
96.66406798362732, 69491.0
97.43758797645569, 69491.0
98.21218919754028, 69600.0
98.98376107215881, 69625.0
99.75748896598816, 69625.0
100.53245997428894, 70225.0
101.30436086654663, 70225.0
102.07790207862854, 70225.0
102.85179686546326, 70225.0
103.62335777282715, 70225.0
104.40009379386902, 70225.0
105.17396593093872, 70225.0
105.94607615470886, 70225.0
106.7203860282898, 70225.0
107.49311089515686, 70263.0
108.2672529220581, 70263.0
109.04445886611938, 70418.0
109.81911706924438, 70724.0
110.59842920303345, 70724.0
111.3655309677124, 70724.0
112.14381575584412, 70724.0
112.92430400848389, 70724.0
113.70294117927551, 70724.0
114.48590993881226, 70724.0
115.26273798942566, 71066.0
116.03900504112244, 71322.0
116.81647396087646, 71322.0
117.59565591812134, 71322.0
118.37484407424927, 71438.0
119.15227007865906, 71438.0
119.92007493972778, 71438.0
120.69776606559753, 71438.0
121.47286701202393, 71532.0
122.24374604225159, 71532.0
123.02043199539185, 71532.0
123.81627106666565, 71532.0
124.61597681045532, 71532.0
125.39700388908386, 71539.0
126.17588901519775, 71961.0
126.95030999183655, 71961.0
127.72204089164734, 71961.0
128.49457716941833, 71961.0
129.2626280784607, 71961.0
130.0448920726776, 71961.0
130.82511615753174, 71961.0
131.59377598762512, 71961.0
132.37577319145203, 72015.0
133.15374994277954, 72015.0
133.93530702590942, 72015.0
134.70320510864258, 72058.0
135.48078393936157, 72083.0
136.25695514678955, 72168.0
137.0269329547882, 72168.0
137.8032648563385, 72236.0
138.580424785614, 72236.0
139.3535029888153, 72248.0
140.11885786056519, 72388.0
140.8866868019104, 72634.0
141.66269993782043, 72634.0
142.43810081481934, 72655.0
143.2059829235077, 72655.0
143.97461795806885, 72839.0
144.74181199073792, 72839.0
145.51758790016174, 72839.0
146.28813791275024, 72839.0
147.07096219062805, 72839.0
147.85059905052185, 73046.0
148.62898707389832, 73144.0
149.4118378162384, 73300.0
150.18033814430237, 73300.0
150.95214414596558, 73300.0
151.7210328578949, 73300.0
152.48973679542542, 73300.0
153.27231693267822, 73316.0
154.05500197410583, 73316.0
