0.02039623260498047, 5993.0
0.0370631217956543, 6327.0
0.053086042404174805, 7089.0
0.0691080093383789, 7122.0
0.08565211296081543, 7979.0
0.10204291343688965, 8822.0
0.11838126182556152, 8845.0
0.134674072265625, 9344.0
0.15098094940185547, 9549.0
0.16763019561767578, 9898.0
0.18421196937561035, 10490.0
0.2006821632385254, 10490.0
0.21722817420959473, 10947.0
0.23372125625610352, 11016.0
0.25040221214294434, 11031.0
0.2671959400177002, 11031.0
0.2841029167175293, 11227.0
0.300875186920166, 11227.0
0.31728124618530273, 11227.0
0.33371925354003906, 11227.0
0.3501901626586914, 11227.0
0.3666510581970215, 11227.0
0.3830878734588623, 11227.0
0.3995332717895508, 11227.0
0.41602325439453125, 11227.0
0.43248915672302246, 11227.0
0.44896793365478516, 11227.0
0.465425968170166, 11227.0
0.48197197914123535, 11227.0
0.49838805198669434, 11227.0
0.5152809619903564, 11227.0
0.5319321155548096, 11227.0
0.5487561225891113, 11227.0
0.5655460357666016, 11227.0
0.5834660530090332, 11227.0
0.6003992557525635, 11227.0
0.6175220012664795, 11227.0
0.6342952251434326, 11227.0
0.6509220600128174, 11227.0
0.667572021484375, 11227.0
0.684075117111206, 11227.0
0.7006978988647461, 11227.0
0.7171752452850342, 11238.0
0.7340340614318848, 11238.0
0.750495195388794, 11238.0
0.7670011520385742, 11238.0
0.783466100692749, 11238.0
0.7999660968780518, 11238.0
0.8164811134338379, 11238.0
0.8330881595611572, 11238.0
0.8497879505157471, 11238.0
0.8666391372680664, 11238.0
0.8837482929229736, 11238.0
0.9023501873016357, 11238.0
0.9203400611877441, 11238.0
0.9385430812835693, 11238.0
0.9562342166900635, 11238.0
0.9734821319580078, 11238.0
0.9907431602478027, 11238.0
1.007972240447998, 11238.0
1.0250561237335205, 11238.0
1.042309045791626, 11238.0
1.059880018234253, 11238.0
1.077486276626587, 11238.0
1.0951640605926514, 11238.0
1.1122121810913086, 11238.0
1.1290740966796875, 11238.0
1.145921230316162, 11238.0
1.1627552509307861, 11238.0
1.179617166519165, 11238.0
1.1965141296386719, 11238.0
1.2133800983428955, 11238.0
1.2302601337432861, 11238.0
1.2471401691436768, 11238.0
1.2641010284423828, 11238.0
1.2812280654907227, 11238.0
1.2983410358428955, 11238.0
1.3154850006103516, 11238.0
1.332611083984375, 11238.0
1.3496699333190918, 11238.0
1.3670310974121094, 11238.0
1.3843250274658203, 11238.0
1.401566982269287, 11238.0
1.4181709289550781, 11238.0
1.4346520900726318, 11238.0
1.4511640071868896, 11238.0
1.4676802158355713, 11238.0
1.4841969013214111, 11238.0
1.5006871223449707, 11238.0
1.5174431800842285, 11238.0
1.5342111587524414, 11238.0
1.5507490634918213, 11238.0
1.5673449039459229, 11238.0
1.5839083194732666, 11238.0
1.6004092693328857, 11238.0
1.6170272827148438, 11238.0
1.6335949897766113, 11238.0
1.6501471996307373, 11238.0
1.666672945022583, 11238.0
1.6832079887390137, 11238.0
1.6996922492980957, 11238.0
1.7161850929260254, 11238.0
1.732654094696045, 11238.0
1.7491352558135986, 11238.0
1.7656002044677734, 11238.0
1.7820510864257812, 11238.0
1.7985460758209229, 11238.0
1.8150169849395752, 11238.0
1.8314871788024902, 11238.0
1.8479571342468262, 11238.0
1.8643851280212402, 11238.0
1.8807811737060547, 11238.0
1.897264003753662, 11238.0
1.9136762619018555, 11238.0
1.9304683208465576, 11238.0
1.9469761848449707, 11238.0
1.9634912014007568, 11238.0
1.9799530506134033, 11238.0
1.9963719844818115, 11238.0
2.012801170349121, 11238.0
2.0292391777038574, 11238.0
2.0458602905273438, 11238.0
2.062376022338867, 11238.0
2.0788180828094482, 11238.0
2.0952682495117188, 11238.0
2.1117162704467773, 11238.0
2.128422975540161, 11238.0
2.1453490257263184, 11238.0
2.1623950004577637, 11238.0
2.1788439750671387, 11238.0
2.196115016937256, 11238.0
2.2125542163848877, 11238.0
2.2290000915527344, 11238.0
2.2453501224517822, 11238.0
2.2617743015289307, 11238.0
2.2782530784606934, 11238.0
2.2946770191192627, 11238.0
2.3111419677734375, 11238.0
2.327540159225464, 11238.0
2.343985080718994, 11238.0
2.3604540824890137, 11238.0
2.3769381046295166, 11238.0
2.3933892250061035, 11238.0
2.409912109375, 11238.0
2.426337242126465, 11238.0
2.442796230316162, 11238.0
2.4593732357025146, 11238.0
2.475752115249634, 11238.0
2.4921669960021973, 11238.0
2.5085599422454834, 11238.0
2.5250000953674316, 11238.0
2.541363000869751, 11238.0
2.5577712059020996, 11238.0
2.574195146560669, 11238.0
2.5906052589416504, 11238.0
2.6069440841674805, 11238.0
2.623342275619507, 11238.0
2.6396870613098145, 11238.0
2.6561391353607178, 11238.0
2.6724841594696045, 11238.0
2.688868999481201, 11238.0
2.7053871154785156, 11238.0
2.722060203552246, 11238.0
2.738878011703491, 11238.0
2.7555761337280273, 11238.0
2.77239727973938, 11238.0
2.789154052734375, 11238.0
2.805908203125, 11238.0
2.822615146636963, 11238.0
2.8392841815948486, 11238.0
2.8559629917144775, 11238.0
2.8727681636810303, 11238.0
2.8899381160736084, 11238.0
2.9072940349578857, 11238.0
2.9246389865875244, 11238.0
2.9421231746673584, 11238.0
2.959439992904663, 11238.0
2.976090908050537, 11238.0
2.992698907852173, 11238.0
3.009348154067993, 11238.0
3.025966167449951, 11238.0
3.0426430702209473, 11238.0
3.0592401027679443, 11238.0
3.0758790969848633, 11238.0
3.0925519466400146, 11238.0
3.1094741821289062, 11238.0
3.126185178756714, 11238.0
3.1429390907287598, 11238.0
3.1597819328308105, 11238.0
3.176798105239868, 11238.0
3.1938090324401855, 11238.0
3.210692882537842, 11238.0
3.228955030441284, 11238.0
3.246354103088379, 11238.0
3.2630650997161865, 11238.0
3.279956102371216, 11238.0
3.296542167663574, 11238.0
3.3129968643188477, 11238.0
3.329444169998169, 11238.0
3.3458282947540283, 11238.0
3.3622841835021973, 11238.0
