3.1948089599609375e-05, 700.0
5.507469177246094e-05, 1187.0
0.0001201629638671875, 1692.0
0.00016307830810546875, 2290.0
0.00018405914306640625, 3221.0
0.00020623207092285156, 3622.0
0.00031113624572753906, 3680.0
0.0004391670227050781, 3978.0
0.0019741058349609375, 4168.0
0.0032472610473632812, 4189.0
0.003638029098510742, 4658.0
0.004007101058959961, 4970.0
0.004029273986816406, 5371.0
0.008316278457641602, 5533.0
0.008952140808105469, 5618.0
0.009675979614257812, 6070.0
0.0200192928314209, 6097.0
0.046236276626586914, 6466.0
0.04691505432128906, 6562.0
0.04743218421936035, 7286.0
0.16423511505126953, 7813.0
0.31436729431152344, 7916.0
0.3902261257171631, 8125.0
0.7070751190185547, 8504.0
0.9578113555908203, 8661.0
