0.00011014938354492188, 406.0
0.00021600723266601562, 754.0
0.00032520294189453125, 1178.0
0.00043320655822753906, 1721.0
0.0005371570587158203, 1964.0
0.0006420612335205078, 2804.0
0.0009520053863525391, 2909.0
0.0010569095611572266, 3057.0
0.0011610984802246094, 3394.0
0.0014710426330566406, 3504.0
0.0031180381774902344, 3613.0
0.013735055923461914, 3712.0
0.01414799690246582, 3910.0
0.0194852352142334, 4010.0
0.019590139389038086, 4203.0
0.022392988204956055, 4248.0
0.02352309226989746, 4271.0
0.024145126342773438, 4399.0
0.02777409553527832, 4508.0
0.04501008987426758, 4609.0
0.050665855407714844, 4713.0
0.08629012107849121, 4730.0
0.08670306205749512, 4896.0
0.0960092544555664, 4979.0
0.0968329906463623, 5084.0
0.10112214088439941, 5110.0
0.10215401649475098, 5129.0
0.10359501838684082, 5238.0
0.10370087623596191, 5401.0
0.25820302963256836, 5484.0
0.2633960247039795, 5499.0
0.2685701847076416, 5606.0
0.598013162612915, 5668.0
0.6236240863800049, 5683.0
1.3140850067138672, 5686.0
2.0157711505889893, 5716.0
2.706637144088745, 5804.0
3.240147829055786, 5843.0
3.242316961288452, 5953.0
3.2436749935150146, 6101.0
