0.0020711421966552734, 489.0
0.0041120052337646484, 1212.0
0.006167888641357422, 1943.0
0.00821995735168457, 2777.0
0.010174036026000977, 3705.0
0.012259960174560547, 4531.0
0.014209985733032227, 4553.0
0.016153812408447266, 5178.0
0.01822686195373535, 5682.0
0.02025604248046875, 6124.0
0.022255897521972656, 6391.0
0.02429795265197754, 6718.0
0.02628302574157715, 7231.0
0.028241872787475586, 8224.0
0.030184030532836914, 8936.0
0.03216099739074707, 9094.0
0.034094810485839844, 9196.0
0.03604578971862793, 9674.0
0.03799295425415039, 10343.0
0.03994894027709961, 10762.0
0.0418848991394043, 11381.0
0.043831825256347656, 11531.0
0.04576683044433594, 11809.0
0.04770374298095703, 12349.0
0.049653053283691406, 13325.0
0.051603078842163086, 14172.0
0.053555965423583984, 14596.0
0.055490732192993164, 15474.0
0.05747103691101074, 16147.0
0.05942511558532715, 17063.0
0.06136894226074219, 17165.0
0.06330704689025879, 17697.0
0.06526994705200195, 17816.0
0.06720900535583496, 18501.0
0.06916308403015137, 19439.0
0.07110881805419922, 19488.0
0.07304716110229492, 20338.0
0.0749809741973877, 20513.0
0.0769190788269043, 21046.0
0.07887482643127441, 21904.0
0.08080601692199707, 22209.0
0.08278393745422363, 22449.0
0.08471894264221191, 23043.0
0.08665609359741211, 23252.0
0.08860087394714355, 23355.0
0.0905301570892334, 23633.0
0.09247493743896484, 24534.0
0.09441494941711426, 25075.0
0.09635305404663086, 25245.0
0.09828400611877441, 25955.0
0.10021495819091797, 26382.0
0.10215401649475098, 26698.0
0.1041109561920166, 27449.0
0.10603976249694824, 28056.0
0.10796594619750977, 29047.0
0.10989809036254883, 29879.0
0.11182808876037598, 30826.0
0.11376094818115234, 30830.0
0.11568379402160645, 31489.0
0.11763310432434082, 32260.0
0.11955904960632324, 32364.0
0.12148189544677734, 32479.0
0.12342405319213867, 33013.0
0.12534880638122559, 33347.0
0.12727594375610352, 34259.0
0.12920880317687988, 35112.0
0.1311488151550293, 35300.0
0.13309192657470703, 36279.0
0.1350259780883789, 37229.0
0.13695478439331055, 37378.0
0.13888788223266602, 38342.0
0.14081907272338867, 38885.0
0.14278602600097656, 39221.0
0.14475178718566895, 39766.0
0.14668893814086914, 40618.0
0.14862298965454102, 41061.0
0.15055012702941895, 41476.0
0.1524820327758789, 41833.0
0.15441203117370605, 42085.0
0.1563420295715332, 42573.0
0.15827584266662598, 42652.0
0.16021084785461426, 43632.0
0.16214299201965332, 44566.0
0.16407084465026855, 44997.0
0.16600775718688965, 45203.0
0.1679370403289795, 45806.0
0.16986799240112305, 46185.0
0.17180800437927246, 46359.0
0.17373085021972656, 46781.0
0.17566275596618652, 47149.0
0.1775970458984375, 47901.0
0.17952895164489746, 48356.0
0.18146800994873047, 48527.0
0.18341684341430664, 49140.0
0.1853489875793457, 49846.0
0.18728399276733398, 50347.0
0.1892240047454834, 51333.0
0.1911628246307373, 51737.0
0.19309186935424805, 52071.0
0.19501495361328125, 52944.0
0.2045269012451172, 53729.0
0.432905912399292, 54568.0
0.47386598587036133, 55473.0
0.47779417037963867, 55927.0
0.5185909271240234, 56841.0
0.5476560592651367, 57267.0
0.5669279098510742, 58205.0
0.7175371646881104, 58575.0
0.735170841217041, 59023.0
0.760504961013794, 59374.0
0.7624478340148926, 59790.0
0.7761809825897217, 60656.0
0.7781209945678711, 61329.0
1.003345012664795, 61571.0
1.0366809368133545, 62319.0
1.063309907913208, 63316.0
1.105102777481079, 63386.0
1.5136818885803223, 63548.0
1.539113998413086, 63676.0
1.6190547943115234, 64185.0
2.055567979812622, 64691.0
2.0576159954071045, 65186.0
2.0928308963775635, 65310.0
2.098737955093384, 65980.0
2.1124298572540283, 66399.0
2.133943796157837, 67182.0
2.1749351024627686, 67544.0
2.1963961124420166, 67749.0
2.235414981842041, 68178.0
2.3088488578796387, 68900.0
2.3899331092834473, 69353.0
2.4536778926849365, 69822.0
2.4595110416412354, 70387.0
2.4966869354248047, 70747.0
2.5045177936553955, 71725.0
2.5837059020996094, 71745.0
2.5876171588897705, 72059.0
2.674178123474121, 72108.0
2.6799778938293457, 72174.0
2.6857988834381104, 72931.0
2.9981038570404053, 73015.0
3.0019519329071045, 73036.0
3.141324043273926, 73388.0
3.1547091007232666, 73492.0
3.1852829456329346, 73881.0
3.2537128925323486, 74269.0
3.2689859867095947, 74771.0
3.3070788383483887, 74941.0
3.3109288215637207, 75731.0
3.3185360431671143, 76589.0
3.3695900440216064, 76782.0
3.371526002883911, 76825.0
3.379122018814087, 77426.0
3.4207980632781982, 77497.0
3.513619899749756, 78014.0
3.5420680046081543, 78288.0
3.547775983810425, 78651.0
4.173020839691162, 79293.0
4.483569860458374, 79788.0
4.4914140701293945, 80426.0
4.503185987472534, 80858.0
4.5643908977508545, 81125.0
4.893963098526001, 81303.0
4.995132923126221, 81504.0
5.35645604133606, 81544.0
5.444969892501831, 82083.0
5.446906805038452, 82863.0
5.508333921432495, 83539.0
5.514142036437988, 84008.0
5.525766849517822, 84338.0
5.662712812423706, 85312.0
5.825122117996216, 86020.0
6.38717794418335, 86463.0
6.410378932952881, 86933.0
6.446923017501831, 87235.0
6.448879957199097, 87473.0
6.462383985519409, 87802.0
6.502978086471558, 88266.0
6.558819770812988, 88914.0
6.578134059906006, 89237.0
6.6303770542144775, 89987.0
6.777180910110474, 90268.0
6.782916784286499, 91085.0
6.826734781265259, 91726.0
6.971455097198486, 92154.0
6.9810309410095215, 93033.0
6.982979774475098, 93327.0
7.2308030128479, 93750.0
7.265109062194824, 94461.0
7.286111116409302, 94497.0
7.301423788070679, 95408.0
7.3623528480529785, 96293.0
7.42527174949646, 96638.0
7.448145866394043, 96852.0
7.482520818710327, 97759.0
7.513041973114014, 98339.0
7.659790754318237, 98875.0
7.679074764251709, 99580.0
7.698218107223511, 100227.0
7.721096992492676, 100531.0
7.980774879455566, 100685.0
8.357196807861328, 101334.0
8.419167041778564, 101988.0
8.421146869659424, 102029.0
8.428935050964355, 102578.0
8.450280904769897, 102872.0
8.471564769744873, 102896.0
8.487107753753662, 102916.0
8.512261867523193, 103648.0
8.554980993270874, 103866.0
8.587890863418579, 104650.0
8.844645977020264, 104930.0
8.869632959365845, 105697.0
8.886920928955078, 106163.0
8.927325963973999, 106288.0
8.965769052505493, 106472.0
8.971575021743774, 106642.0
8.992719888687134, 107385.0
9.0503249168396, 108276.0
9.401732921600342, 108671.0
9.480436086654663, 109414.0
9.852544069290161, 110005.0
9.854503870010376, 110834.0
9.99055004119873, 111623.0
10.034349918365479, 112243.0
10.125382900238037, 113005.0
10.193124771118164, 113131.0
10.289873838424683, 113851.0
10.293681859970093, 114739.0
10.639598846435547, 114998.0
10.664187908172607, 115996.0
10.737473964691162, 116058.0
11.057086944580078, 116166.0
11.297505140304565, 116532.0
11.419677019119263, 116698.0
11.509870767593384, 117129.0
11.55494999885559, 117213.0
11.588759899139404, 117485.0
11.72589898109436, 117530.0
11.769045114517212, 118516.0
11.949114799499512, 119250.0
12.01101803779602, 119577.0
12.050441980361938, 120389.0
12.074880123138428, 121223.0
12.491759777069092, 122128.0
12.50347089767456, 122792.0
12.505466938018799, 123094.0
12.517260074615479, 123432.0
12.527055978775024, 123810.0
12.564119100570679, 124797.0
12.575867891311646, 125780.0
12.605165004730225, 126433.0
12.950599908828735, 127028.0
13.03476881980896, 127802.0
13.282679080963135, 127892.0
13.653068780899048, 128240.0
13.723731994628906, 128646.0
13.725677728652954, 128835.0
13.781100988388062, 129034.0
13.834703922271729, 129811.0
13.861417055130005, 129933.0
13.882420063018799, 130567.0
13.999587774276733, 130815.0
14.009164094924927, 131808.0
14.03393292427063, 132235.0
14.163246870040894, 132706.0
14.257471084594727, 132823.0
14.354124069213867, 133584.0
14.451592922210693, 134182.0
14.540571928024292, 134233.0
14.556066751480103, 134884.0
14.596664905548096, 134993.0
14.673918962478638, 135458.0
14.67588496208191, 135502.0
14.695208072662354, 135770.0
14.890326976776123, 135923.0
15.188761949539185, 136018.0
15.269068002700806, 136130.0
15.908109903335571, 136300.0
15.913866996765137, 136470.0
15.969178915023804, 136572.0
15.988282918930054, 136678.0
15.990233898162842, 137094.0
16.228584051132202, 137171.0
16.230525970458984, 137451.0
16.24392294883728, 137467.0
16.779011964797974, 137720.0
16.9760799407959, 138053.0
17.247299909591675, 138262.0
17.294899940490723, 138570.0
17.317770957946777, 138606.0
17.473623037338257, 138654.0
17.475555896759033, 138956.0
17.587780952453613, 138973.0
17.6106538772583, 139455.0
17.65059208869934, 139844.0
17.675348043441772, 140395.0
17.79697585105896, 140766.0
17.981124877929688, 140810.0
18.09304976463318, 140940.0
18.237292051315308, 141011.0
18.273361921310425, 141026.0
18.305699825286865, 141090.0
18.334775924682617, 141403.0
18.379053831100464, 141951.0
18.39621090888977, 142042.0
18.409512996673584, 142044.0
18.43041205406189, 142613.0
18.438031911849976, 143262.0
18.601495027542114, 143399.0
18.90767478942871, 143733.0
19.101594924926758, 144461.0
19.164344787597656, 144631.0
19.213799953460693, 144989.0
19.725879907608032, 145643.0
19.731599807739258, 146300.0
19.9196560382843, 146619.0
19.950127840042114, 147505.0
20.72455406188965, 147704.0
21.055632829666138, 148444.0
21.14425301551819, 149403.0
21.181478023529053, 149576.0
21.29310894012451, 150199.0
21.302937984466553, 151104.0
21.414594173431396, 151425.0
21.580933809280396, 151531.0
21.582918882369995, 152460.0
21.58491587638855, 153223.0
21.586906909942627, 153570.0
21.624109745025635, 153634.0
22.00398015975952, 153713.0
22.005971908569336, 154331.0
22.04282283782959, 154915.0
22.064191102981567, 155122.0
22.276142835617065, 155219.0
22.37500286102295, 155755.0
22.59819197654724, 156235.0
22.679604053497314, 156673.0
22.69126796722412, 157353.0
22.70485210418701, 158108.0
22.859856843948364, 158266.0
22.937094926834106, 158694.0
22.968004941940308, 159093.0
23.05093789100647, 159575.0
24.225711822509766, 159750.0
24.250935077667236, 160167.0
24.50092601776123, 160469.0
24.514451026916504, 161088.0
24.63659977912903, 161251.0
24.796887159347534, 161562.0
24.80264186859131, 162398.0
24.953454971313477, 162475.0
24.997347831726074, 163014.0
25.06991171836853, 163231.0
25.411700963974, 163369.0
25.482380867004395, 163468.0
25.484333753585815, 163493.0
25.511122941970825, 164063.0
25.514971017837524, 164245.0
25.87208604812622, 164426.0
25.90653395652771, 164610.0
25.910383939743042, 164633.0
26.05553388595581, 164822.0
26.070823907852173, 165612.0
26.223634004592896, 166395.0
26.26761507987976, 166442.0
26.43748903274536, 166783.0
26.495728969573975, 167066.0
26.77912712097168, 167191.0
26.800601959228516, 168152.0
26.820098161697388, 168264.0
27.33159875869751, 168758.0
27.333581924438477, 168804.0
27.42961597442627, 169490.0
27.539849996566772, 169705.0
27.541834115982056, 169911.0
27.55159616470337, 169920.0
27.55552101135254, 170523.0
27.567258834838867, 170544.0
27.60812997817993, 171501.0
27.619816064834595, 171655.0
27.6276638507843, 172620.0
27.652992963790894, 172841.0
29.2919659614563, 173184.0
29.3301420211792, 173226.0
29.343536853790283, 174094.0
29.4560489654541, 174688.0
29.515188932418823, 174742.0
29.53048300743103, 175012.0
29.545740842819214, 175090.0
29.547684907913208, 176087.0
29.57440686225891, 177084.0
29.9517879486084, 177281.0
29.978538990020752, 177929.0
29.995718002319336, 178350.0
30.045259952545166, 178432.0
30.07957410812378, 178913.0
30.144407033920288, 179709.0
30.426528930664062, 179946.0
30.472233057022095, 180177.0
30.498955965042114, 180356.0
30.50472402572632, 180475.0
30.70816397666931, 180677.0
30.71201801300049, 181551.0
30.738775730133057, 182180.0
30.74456787109375, 182638.0
30.763686895370483, 183186.0
30.82099485397339, 183323.0
30.86870002746582, 183668.0
30.895431995391846, 184540.0
30.924084901809692, 184638.0
30.94317603111267, 184640.0
31.013722896575928, 184912.0
31.309111833572388, 185805.0
31.507221937179565, 186035.0
31.528218984603882, 186397.0
31.69604778289795, 186412.0
31.71708083152771, 186576.0
31.73236393928528, 186656.0
31.764758110046387, 187346.0
31.76860499382019, 187511.0
31.823904991149902, 188081.0
32.55259084701538, 188244.0
32.56405782699585, 188372.0
32.56790494918823, 188869.0
32.58901000022888, 188919.0
32.82664775848389, 189064.0
32.84388589859009, 189201.0
32.874446868896484, 189721.0
32.887826919555664, 190647.0
32.889774799346924, 190760.0
32.94511699676514, 191595.0
32.94896101951599, 191980.0
33.10538983345032, 192209.0
33.15122103691101, 192393.0
33.18178105354309, 192901.0
33.90106797218323, 193038.0
34.011744022369385, 193099.0
34.13191604614258, 193922.0
34.257784843444824, 194258.0
34.30930209159851, 194596.0
34.33225607872009, 194916.0
34.3685839176178, 195160.0
34.378161907196045, 196031.0
34.600417137145996, 196171.0
34.72380089759827, 196801.0
34.892701864242554, 197216.0
35.65649890899658, 197442.0
35.7244610786438, 197484.0
35.74237585067749, 198422.0
35.83012676239014, 198744.0
36.40265488624573, 199232.0
36.445602893829346, 199583.0
36.724371910095215, 199614.0
36.74718499183655, 199672.0
36.82681083679199, 199906.0
36.828805923461914, 200576.0
36.88163089752197, 200796.0
36.883622884750366, 201052.0
36.885623931884766, 201735.0
36.93063187599182, 201800.0
37.07320499420166, 201905.0
37.13581085205078, 202406.0
37.202173948287964, 202609.0
37.21977496147156, 203518.0
37.24324679374695, 204404.0
37.31945610046387, 205166.0
37.37021017074585, 205377.0
37.3721969127655, 205923.0
37.37418508529663, 206870.0
37.39566707611084, 207704.0
37.62814807891846, 207749.0
37.680866956710815, 208652.0
37.708194732666016, 208669.0
37.95979905128479, 209303.0
38.020211935043335, 209306.0
39.09338593482971, 209388.0
39.124449014663696, 209816.0
39.15553593635559, 209980.0
39.15921902656555, 210396.0
39.18852210044861, 210458.0
39.199520111083984, 211346.0
39.234209060668945, 211787.0
39.27630281448364, 212192.0
39.28366494178772, 212511.0
39.480802059173584, 212634.0
39.62735295295715, 212745.0
41.725188970565796, 212909.0
41.730684995651245, 213484.0
42.219024896621704, 213992.0
42.242729902267456, 214639.0
42.36670684814453, 215292.0
42.36856508255005, 216203.0
42.74653387069702, 216387.0
42.89743113517761, 216493.0
43.0984148979187, 216534.0
43.14050889015198, 217003.0
43.41431784629822, 217187.0
43.43623614311218, 217509.0
43.5110809803009, 218279.0
43.58408498764038, 219000.0
43.69720697402954, 219311.0
43.888936042785645, 219363.0
44.07595705986023, 219750.0
44.095982789993286, 220303.0
44.16314196586609, 220428.0
44.221174001693726, 220493.0
44.22665095329285, 221289.0
44.26114106178284, 221399.0
44.36631989479065, 221446.0
44.54773497581482, 222199.0
44.55320715904236, 222743.0
44.58769702911377, 223385.0
44.91632008552551, 223486.0
45.59188413619995, 223965.0
46.71622085571289, 224119.0
46.73454189300537, 224808.0
46.855228900909424, 224846.0
47.57331681251526, 224850.0
47.64866495132446, 224934.0
47.721901178359985, 225311.0
47.74865794181824, 225727.0
47.945894956588745, 226070.0
48.2668559551239, 226557.0
48.283599853515625, 227033.0
48.59585094451904, 227284.0
48.63665199279785, 227949.0
48.70345187187195, 228003.0
48.79989790916443, 228300.0
48.97423601150513, 228497.0
48.995858907699585, 228993.0
48.99785304069519, 229048.0
48.99985098838806, 229701.0
49.098175048828125, 229899.0
49.104087829589844, 230211.0
49.12572693824768, 230286.0
49.312175989151, 230926.0
49.375009059906006, 231079.0
49.3947389125824, 231735.0
49.40066695213318, 231904.0
49.41246700286865, 232790.0
49.41838192939758, 233626.0
49.49486684799194, 234243.0
49.604633808135986, 234322.0
49.616644859313965, 234787.0
49.65997791290283, 235785.0
49.817137002944946, 236299.0
49.81913995742798, 236818.0
50.31679010391235, 237427.0
50.34937810897827, 237790.0
50.4125919342041, 237864.0
50.41454482078552, 238214.0
50.43373703956604, 238489.0
50.45104098320007, 238531.0
50.49708294868469, 238758.0
50.53352999687195, 238968.0
50.581462144851685, 239481.0
50.612141847610474, 239832.0
50.66009879112244, 239900.0
50.66395974159241, 240005.0
50.767539978027344, 240050.0
50.77715992927551, 240325.0
51.77369403839111, 240676.0
52.382712841033936, 241201.0
52.69400095939636, 241204.0
52.71677494049072, 241934.0
52.72060179710388, 242066.0
52.85515284538269, 242386.0
53.28546690940857, 242418.0
53.313961029052734, 243028.0
53.35755705833435, 243419.0
53.41248893737793, 243714.0
53.414422035217285, 243856.0
53.418251037597656, 244101.0
53.50200295448303, 244896.0
53.53047513961792, 244947.0
53.54000282287598, 245028.0
53.71447992324829, 245752.0
54.5840368270874, 245824.0
55.33675193786621, 245846.0
55.36183786392212, 246137.0
55.666210889816284, 246554.0
55.85105299949646, 246887.0
55.86262893676758, 247661.0
56.00712990760803, 248023.0
56.01487588882446, 248981.0
56.045727014541626, 249402.0
56.37532997131348, 249664.0
56.654577016830444, 249859.0
57.67545199394226, 250104.0
57.73712491989136, 250731.0
57.82770371437073, 250744.0
57.83159303665161, 250779.0
57.95493674278259, 251596.0
58.001208782196045, 251968.0
58.035959005355835, 252334.0
58.49027109146118, 252361.0
59.14067196846008, 252946.0
59.333072900772095, 253110.0
59.447354793548584, 253399.0
59.52104306221008, 253425.0
59.65013885498047, 253734.0
59.91236901283264, 253855.0
59.972261905670166, 254355.0
60.06676197052002, 254518.0
60.23234701156616, 254621.0
60.23814511299133, 254807.0
60.41707992553711, 254818.0
60.44403314590454, 254899.0
60.478679895401, 255282.0
60.48643493652344, 255684.0
60.49031686782837, 256416.0
60.540385007858276, 256862.0
60.61349296569824, 257183.0
60.707759857177734, 257566.0
60.921562910079956, 257986.0
60.95431399345398, 258338.0
60.99288773536682, 258786.0
61.0679988861084, 258977.0
62.93326807022095, 259182.0
62.9695839881897, 259203.0
63.02495193481445, 260091.0
63.06314992904663, 260164.0
64.14780497550964, 260258.0
64.14977288246155, 260833.0
64.34343671798706, 261434.0
64.55057001113892, 262370.0
64.76179003715515, 262790.0
65.88814687728882, 262945.0
67.20721888542175, 263003.0
67.31226086616516, 263440.0
67.449697971344, 263786.0
67.46542692184448, 264295.0
67.5303099155426, 264488.0
67.53426480293274, 264654.0
67.64036512374878, 264925.0
67.65807890892029, 265909.0
68.22521185874939, 265999.0
68.44660091400146, 266230.0
68.46603083610535, 267013.0
68.47967910766602, 267233.0
68.66409087181091, 268219.0
69.10048794746399, 268735.0
69.11389088630676, 268790.0
69.13874006271362, 269198.0
69.29871797561646, 269867.0
69.3008189201355, 270319.0
69.8016529083252, 270614.0
69.95845890045166, 271035.0
69.9663360118866, 271996.0
70.0505838394165, 272158.0
70.2425811290741, 272208.0
70.70086693763733, 272305.0
70.88075280189514, 272761.0
70.90818309783936, 273699.0
71.06266975402832, 274015.0
71.0704870223999, 274388.0
71.11108589172363, 274768.0
71.19036197662354, 275388.0
71.27171397209167, 275540.0
71.32464385032654, 275613.0
71.39665007591248, 276092.0
71.43422603607178, 276560.0
73.56469202041626, 276752.0
73.71843194961548, 277410.0
73.7971498966217, 278020.0
73.91032981872559, 278169.0
73.9122838973999, 278411.0
74.0101158618927, 279310.0
74.01207494735718, 280240.0
74.63711094856262, 280243.0
74.84669017791748, 280747.0
74.85059404373169, 281374.0
74.94278883934021, 281398.0
74.94858384132385, 281757.0
74.9659378528595, 281830.0
75.05619597434998, 281965.0
75.58978986740112, 282013.0
75.62995409965515, 282062.0
75.67767190933228, 282671.0
75.88190388679504, 283033.0
75.93730592727661, 283058.0
75.98312878608704, 283443.0
75.99651789665222, 283514.0
76.00227308273315, 284187.0
76.2445809841156, 284845.0
76.30946898460388, 284945.0
76.35527610778809, 285543.0
76.4373939037323, 285606.0
76.5176100730896, 286373.0
77.21037483215332, 286487.0
77.33063507080078, 286841.0
77.50585985183716, 286896.0
77.54598093032837, 287673.0
77.98679184913635, 288042.0
77.99449801445007, 288179.0
78.16235089302063, 288582.0
78.32439708709717, 288990.0
78.3415949344635, 289908.0
78.37401986122131, 290734.0
79.57221984863281, 291137.0
79.59775185585022, 291481.0
79.62136888504028, 292310.0
79.81527185440063, 292814.0
79.98373579978943, 292982.0
80.10873293876648, 293233.0
80.11261081695557, 293563.0
80.23671698570251, 293906.0
80.2386679649353, 294781.0
80.59549808502197, 294857.0
80.59744381904602, 295603.0
80.60882592201233, 295809.0
81.43217301368713, 296246.0
81.5681779384613, 296405.0
81.58399391174316, 296948.0
81.59388589859009, 297705.0
81.65504384040833, 297735.0
81.89169597625732, 297772.0
82.09944295883179, 298428.0
82.75809478759766, 298605.0
82.83721995353699, 299405.0
83.07423281669617, 299471.0
83.11857485771179, 299515.0
83.3007960319519, 300187.0
83.43518686294556, 300249.0
83.46779084205627, 300253.0
84.7639389038086, 300424.0
84.77152395248413, 300475.0
84.84524607658386, 301180.0
85.31890678405762, 301407.0
85.34351181983948, 302021.0
85.35867691040039, 302999.0
85.37759113311768, 303910.0
85.411612033844, 304262.0
86.365975856781, 304571.0
86.5252149105072, 305026.0
86.65508794784546, 305203.0
86.71136379241943, 305249.0
86.77145385742188, 305281.0
86.84911799430847, 305505.0
87.03156900405884, 305788.0
87.03936195373535, 306386.0
87.36509394645691, 306768.0
87.39616584777832, 307166.0
87.74108290672302, 307452.0
87.80692100524902, 308146.0
87.95808696746826, 308379.0
87.96780300140381, 309321.0
88.10730814933777, 310126.0
88.16730189323425, 310255.0
88.18088698387146, 310618.0
88.69342994689941, 311156.0
89.3110179901123, 311462.0
89.47474598884583, 311879.0
89.61363101005554, 312622.0
90.98509192466736, 313197.0
91.3723840713501, 313303.0
91.3876280784607, 313416.0
91.49021792411804, 313450.0
91.56995415687561, 313690.0
92.31307291984558, 314105.0
92.37215685844421, 314112.0
92.82136988639832, 314646.0
93.35541796684265, 314826.0
93.36114692687988, 315251.0
93.37826585769653, 315293.0
94.1616358757019, 316035.0
94.19576597213745, 316055.0
94.20528292655945, 316894.0
94.89538311958313, 317342.0
94.95021891593933, 317522.0
94.96347904205322, 318224.0
95.03718686103821, 318908.0
96.71117806434631, 319049.0
96.96240997314453, 319544.0
97.4282329082489, 320371.0
98.02563405036926, 320885.0
98.34981799125671, 321669.0
98.44346404075623, 321703.0
98.62478995323181, 322540.0
98.83099699020386, 322709.0
99.32543182373047, 323042.0
99.69038009643555, 323857.0
99.90365600585938, 324518.0
100.63758707046509, 325222.0
100.67191982269287, 325611.0
101.04174590110779, 325616.0
101.17325186729431, 325740.0
101.19995403289795, 326276.0
102.12483787536621, 326327.0
102.22360706329346, 326613.0
102.32191491127014, 326810.0
102.37675189971924, 326975.0
103.2746889591217, 327458.0
105.38265705108643, 328092.0
105.65877890586853, 328318.0
106.13346576690674, 328321.0
106.83218097686768, 328409.0
106.85364103317261, 328677.0
107.09700679779053, 329215.0
107.18069791793823, 329356.0
107.21578192710876, 329386.0
107.26838397979736, 329786.0
107.35603904724121, 330186.0
107.63234686851501, 330740.0
107.7133560180664, 331347.0
108.764004945755, 331945.0
109.56650400161743, 332631.0
111.24349808692932, 333301.0
111.2953588962555, 333365.0
111.32032108306885, 333756.0
112.85974884033203, 334037.0
112.88308691978455, 334219.0
112.96279978752136, 334327.0
113.13815593719482, 334580.0
113.17322301864624, 335093.0
113.24526810646057, 335359.0
113.33481693267822, 335426.0
114.68241095542908, 336181.0
116.2533278465271, 336899.0
116.86589002609253, 337194.0
120.36971807479858, 338159.0
122.63694596290588, 338403.0
122.7055230140686, 339173.0
124.46236491203308, 339265.0
127.54348707199097, 339779.0
127.76390409469604, 339905.0
127.95962285995483, 339995.0
129.7910759449005, 340474.0
133.0262520313263, 340650.0
133.43977808952332, 341166.0
134.47013783454895, 341187.0
141.07014989852905, 341418.0
142.9198019504547, 342032.0
144.9355080127716, 342357.0
144.95521688461304, 343197.0
145.03402090072632, 343963.0
145.03997087478638, 343968.0
145.1578278541565, 344070.0
149.29706811904907, 344293.0
152.1953091621399, 344307.0
