0.018851041793823242, 1366.0
0.03398394584655762, 1366.0
0.04905390739440918, 1366.0
0.06415295600891113, 1394.0
0.07933688163757324, 1394.0
0.09455204010009766, 1394.0
0.10972476005554199, 1410.0
0.12550091743469238, 1410.0
0.14106988906860352, 1422.0
0.15676307678222656, 1464.0
0.17250871658325195, 1472.0
0.18827009201049805, 1472.0
0.20395898818969727, 1474.0
0.21977806091308594, 1475.0
0.2354578971862793, 1509.0
0.25116991996765137, 1509.0
0.2669699192047119, 1510.0
0.2833709716796875, 1580.0
0.2997269630432129, 1580.0
0.3160970211029053, 1580.0
0.33188295364379883, 1580.0
0.34766292572021484, 1580.0
0.3634169101715088, 1580.0
0.3791658878326416, 1580.0
0.39490294456481934, 1580.0
0.41062378883361816, 1580.0
0.4263498783111572, 1580.0
0.442108154296875, 1580.0
0.4579198360443115, 1580.0
0.4737529754638672, 1580.0
0.4897799491882324, 1580.0
0.5056920051574707, 1580.0
0.5215778350830078, 1580.0
0.5375218391418457, 1580.0
0.553584098815918, 1580.0
0.569633960723877, 1580.0
0.5855751037597656, 1580.0
0.6016249656677246, 1580.0
0.6175909042358398, 1580.0
0.6330490112304688, 1580.0
0.6484987735748291, 1580.0
0.6639809608459473, 1580.0
0.6794490814208984, 1580.0
0.694922924041748, 1580.0
0.7103679180145264, 1580.0
0.7264699935913086, 1580.0
0.7420239448547363, 1580.0
0.7574520111083984, 1580.0
0.7729020118713379, 1580.0
0.7884788513183594, 1580.0
0.8039159774780273, 1580.0
0.8193671703338623, 1580.0
0.8347980976104736, 1580.0
0.8502697944641113, 1580.0
0.8657219409942627, 1580.0
0.881148099899292, 1580.0
0.896561861038208, 1580.0
0.911970853805542, 1580.0
0.9273920059204102, 1580.0
0.9428608417510986, 1580.0
0.9583690166473389, 1580.0
0.9740121364593506, 1580.0
0.989495038986206, 1580.0
1.0049598217010498, 1580.0
1.020423173904419, 1580.0
1.0359899997711182, 1580.0
1.0514228343963623, 1580.0
1.066957950592041, 1580.0
1.0824029445648193, 1580.0
1.0978569984436035, 1580.0
1.113327980041504, 1580.0
1.1288838386535645, 1580.0
1.144352912902832, 1580.0
1.159850835800171, 1580.0
1.1753098964691162, 1580.0
1.1907539367675781, 1580.0
1.2062697410583496, 1580.0
1.2219030857086182, 1580.0
1.2374379634857178, 1580.0
1.2529120445251465, 1580.0
1.2683351039886475, 1580.0
1.2838740348815918, 1580.0
1.2993550300598145, 1580.0
1.3152570724487305, 1580.0
1.3310489654541016, 1580.0
1.346902847290039, 1580.0
1.3627638816833496, 1580.0
1.3786389827728271, 1580.0
1.3944768905639648, 1580.0
1.410310983657837, 1580.0
1.4261739253997803, 1580.0
1.4421849250793457, 1580.0
1.4581737518310547, 1580.0
1.4745588302612305, 1580.0
1.4909601211547852, 1580.0
1.5074520111083984, 1580.0
1.5234637260437012, 1580.0
1.5392539501190186, 1580.0
1.5550570487976074, 1580.0
1.57082200050354, 1580.0
1.586637020111084, 1580.0
1.6024079322814941, 1580.0
1.6181838512420654, 1580.0
1.6339609622955322, 1580.0
1.6497600078582764, 1580.0
1.6655349731445312, 1580.0
1.6814539432525635, 1580.0
1.697490930557251, 1580.0
1.7134900093078613, 1580.0
1.7301609516143799, 1580.0
1.7467880249023438, 1580.0
1.7630698680877686, 1580.0
1.7794439792633057, 1580.0
1.7958581447601318, 1580.0
1.8120839595794678, 1580.0
1.8279337882995605, 1580.0
1.8435370922088623, 1580.0
1.8591558933258057, 1580.0
1.8747198581695557, 1580.0
1.8903090953826904, 1580.0
1.9059057235717773, 1580.0
1.9214749336242676, 1580.0
1.937047004699707, 1580.0
1.9525837898254395, 1580.0
1.9681289196014404, 1580.0
1.9839439392089844, 1580.0
2.0001869201660156, 1580.0
2.0161430835723877, 1580.0
2.0317208766937256, 1580.0
2.0473220348358154, 1580.0
2.06286883354187, 1580.0
2.0784029960632324, 1580.0
2.093939781188965, 1580.0
2.1097469329833984, 1580.0
2.1253490447998047, 1580.0
2.1408870220184326, 1580.0
2.1564419269561768, 1580.0
2.1719977855682373, 1580.0
2.18758487701416, 1580.0
2.203178882598877, 1580.0
2.2187187671661377, 1580.0
2.2343227863311768, 1580.0
2.2498979568481445, 1580.0
2.2654459476470947, 1580.0
2.280988931655884, 1580.0
2.296543836593628, 1580.0
2.312086820602417, 1580.0
2.3277130126953125, 1580.0
2.3432679176330566, 1580.0
2.358833074569702, 1580.0
2.374444007873535, 1580.0
2.389970064163208, 1580.0
2.4055027961730957, 1580.0
2.4210548400878906, 1580.0
2.4365880489349365, 1580.0
2.452420949935913, 1580.0
2.468479871749878, 1580.0
2.4847910404205322, 1580.0
2.5003440380096436, 1580.0
2.515929937362671, 1580.0
2.5314929485321045, 1580.0
2.547075033187866, 1580.0
2.5626420974731445, 1580.0
2.578188896179199, 1580.0
2.5937340259552, 1580.0
2.609276056289673, 1580.0
2.6248629093170166, 1580.0
2.640511989593506, 1580.0
2.6560699939727783, 1580.0
2.671643018722534, 1580.0
2.6872060298919678, 1580.0
2.7027440071105957, 1580.0
2.7187819480895996, 1580.0
2.7343997955322266, 1580.0
2.7500340938568115, 1580.0
2.7656188011169434, 1580.0
2.781214952468872, 1580.0
2.7967641353607178, 1580.0
2.8123199939727783, 1580.0
2.8278629779815674, 1580.0
2.843416929244995, 1580.0
2.8589589595794678, 1580.0
2.8745689392089844, 1580.0
2.89011812210083, 1580.0
2.9056880474090576, 1580.0
2.9212889671325684, 1580.0
2.936863899230957, 1580.0
2.952425956726074, 1580.0
2.9680638313293457, 1580.0
2.983675956726074, 1580.0
2.9997317790985107, 1580.0
3.0156290531158447, 1580.0
3.031592845916748, 1580.0
3.047642946243286, 1580.0
3.0636188983917236, 1580.0
3.0795278549194336, 1580.0
3.0954830646514893, 1580.0
3.11139178276062, 1580.0
3.127347946166992, 1580.0
3.1433908939361572, 1580.0
3.1600239276885986, 1580.0
