0.049034833908081055, 9411.0
0.08653879165649414, 11382.0
0.12434697151184082, 11382.0
0.16231584548950195, 11681.0
0.20039772987365723, 13208.0
0.23869800567626953, 14036.0
0.27707386016845703, 14036.0
0.315565824508667, 15471.0
0.35419178009033203, 16657.0
0.3929288387298584, 17598.0
0.431743860244751, 17598.0
0.47063469886779785, 18458.0
0.5096666812896729, 18458.0
0.548792839050293, 18973.0
0.5887188911437988, 19869.0
0.63028883934021, 19907.0
0.6720049381256104, 20872.0
0.7138397693634033, 21195.0
0.7556498050689697, 23418.0
0.7974169254302979, 23418.0
0.8378629684448242, 23418.0
0.8778660297393799, 23418.0
0.9177799224853516, 24194.0
0.9577066898345947, 24194.0
0.9987709522247314, 24651.0
1.0398967266082764, 25353.0
1.0800857543945312, 25890.0
1.1214709281921387, 25945.0
1.1637437343597412, 25945.0
1.2062616348266602, 26273.0
1.2484166622161865, 26273.0
1.2908878326416016, 26390.0
1.332690954208374, 26519.0
1.3736746311187744, 27009.0
1.4144787788391113, 27009.0
1.4551818370819092, 27069.0
1.4958748817443848, 27069.0
1.5364768505096436, 27567.0
1.5774197578430176, 27567.0
1.619520664215088, 27567.0
1.6622517108917236, 27940.0
1.7053699493408203, 27940.0
1.748100757598877, 27940.0
1.7907848358154297, 28091.0
1.8332879543304443, 28176.0
1.876004934310913, 28176.0
1.9175889492034912, 28176.0
1.9623277187347412, 28191.0
2.0036098957061768, 28191.0
2.0451018810272217, 28397.0
2.088085651397705, 28397.0
2.1316208839416504, 28397.0
2.17478084564209, 28397.0
2.218287944793701, 28397.0
2.2615058422088623, 28397.0
2.3046658039093018, 28397.0
2.346937894821167, 28521.0
2.388469696044922, 28521.0
2.429841995239258, 28521.0
2.4710516929626465, 28521.0
2.5120809078216553, 28521.0
2.5531058311462402, 28521.0
2.594113826751709, 28521.0
2.635284900665283, 28521.0
2.6783607006073, 28521.0
2.721259832382202, 28521.0
2.764147996902466, 28521.0
2.8066928386688232, 28521.0
2.849411725997925, 28521.0
2.890967845916748, 28521.0
2.9322879314422607, 28521.0
2.973132848739624, 28521.0
3.0148417949676514, 28521.0
3.0564768314361572, 28521.0
3.100202798843384, 28521.0
3.1434199810028076, 28521.0
3.187579870223999, 28521.0
3.231142997741699, 28521.0
3.2742178440093994, 28521.0
3.3163068294525146, 28521.0
3.357686758041382, 28521.0
3.398890733718872, 28521.0
3.439650774002075, 28521.0
3.4806437492370605, 28521.0
3.5210578441619873, 28521.0
3.561943769454956, 28521.0
3.6022517681121826, 28521.0
3.6429338455200195, 28521.0
3.6832950115203857, 28521.0
3.7239737510681152, 28521.0
3.765619993209839, 28521.0
3.8086416721343994, 28521.0
3.851313829421997, 28521.0
3.894059658050537, 28521.0
3.938483953475952, 28521.0
3.9815139770507812, 28521.0
4.023472785949707, 28521.0
4.06546688079834, 28521.0
4.107397794723511, 28521.0
4.149504661560059, 28521.0
4.192134857177734, 28521.0
4.234626770019531, 28521.0
4.276987791061401, 28521.0
4.318242788314819, 28521.0
4.35943078994751, 28521.0
4.400583982467651, 28521.0
4.441691875457764, 28521.0
4.48255181312561, 28521.0
4.5233869552612305, 28521.0
4.564250946044922, 28521.0
4.605007886886597, 28521.0
4.645899772644043, 28521.0
4.68693470954895, 28521.0
4.72931981086731, 28521.0
4.772504806518555, 28521.0
4.815627813339233, 28521.0
4.859008073806763, 28521.0
4.901566982269287, 28521.0
4.9450318813323975, 28521.0
4.988996744155884, 28521.0
5.0327067375183105, 28521.0
5.075738906860352, 28521.0
5.129384994506836, 28521.0
5.171412944793701, 28521.0
5.212843656539917, 28521.0
5.255032777786255, 28521.0
5.296816825866699, 28521.0
5.338627815246582, 28521.0
5.38097071647644, 28521.0
5.424437761306763, 28521.0
5.466331958770752, 28521.0
5.508191823959351, 28521.0
5.549977779388428, 28521.0
5.591882705688477, 28521.0
5.633688926696777, 28521.0
5.6760337352752686, 28521.0
5.718242883682251, 28521.0
5.75927472114563, 28521.0
5.800295829772949, 28521.0
5.8412439823150635, 28521.0
5.8818628787994385, 28521.0
5.922443866729736, 28521.0
5.9643049240112305, 28521.0
6.005037784576416, 28521.0
6.0465779304504395, 28521.0
6.0874738693237305, 28521.0
6.1282639503479, 28521.0
6.168939828872681, 28521.0
6.209302663803101, 28521.0
6.250005722045898, 28521.0
6.290371894836426, 28521.0
6.330780982971191, 28521.0
6.371505975723267, 28521.0
6.411870956420898, 28521.0
6.452293872833252, 28521.0
6.493039846420288, 28521.0
6.5333168506622314, 28521.0
6.573715925216675, 28521.0
6.614048719406128, 28521.0
6.654383897781372, 28521.0
6.6947338581085205, 28521.0
6.735395908355713, 28521.0
6.7757227420806885, 28521.0
6.816352844238281, 28521.0
6.856666803359985, 28521.0
6.896854877471924, 28521.0
6.937205791473389, 28521.0
6.978071689605713, 28521.0
7.018956661224365, 28521.0
7.059228897094727, 28521.0
7.099597692489624, 28521.0
7.139867782592773, 28521.0
7.180522680282593, 28521.0
7.221132755279541, 28521.0
7.261343002319336, 28521.0
7.301585912704468, 28521.0
7.341778993606567, 28521.0
7.382339715957642, 28521.0
7.42260479927063, 28521.0
7.46300482749939, 28521.0
7.503158807754517, 28521.0
7.5433759689331055, 28521.0
7.5835888385772705, 28521.0
7.6238627433776855, 28521.0
7.664050817489624, 28521.0
7.704241991043091, 28521.0
7.744419813156128, 28521.0
7.784709930419922, 28521.0
7.824946880340576, 28521.0
7.865522861480713, 28521.0
7.905746936798096, 28521.0
7.945925951004028, 28521.0
7.987099885940552, 28521.0
8.0277419090271, 28521.0
8.06797170639038, 28521.0
8.108189821243286, 28521.0
8.148781776428223, 28521.0
8.188952922821045, 28521.0
8.229143857955933, 28521.0
8.269320011138916, 28521.0
8.309477806091309, 28521.0
