0.20294594764709473, 10781.0
0.3533949851989746, 10963.0
0.5028131008148193, 11046.0
0.6523969173431396, 11304.0
0.8044698238372803, 11841.0
0.9570977687835693, 11841.0
1.109480857849121, 11841.0
1.2605738639831543, 11914.0
1.4119470119476318, 12087.0
1.563169002532959, 12147.0
1.7147619724273682, 12300.0
1.8677921295166016, 12423.0
2.021878957748413, 12627.0
2.1757090091705322, 12784.0
2.3285348415374756, 12784.0
2.482477903366089, 13048.0
2.6351380348205566, 13048.0
2.7876429557800293, 13347.0
2.9427380561828613, 13347.0
3.096656084060669, 13347.0
3.249760866165161, 13347.0
3.405988931655884, 13383.0
3.5747129917144775, 13640.0
3.7337048053741455, 13640.0
3.902984142303467, 14055.0
4.060114145278931, 14055.0
4.21718692779541, 14055.0
4.373868942260742, 14055.0
4.530558824539185, 14055.0
4.685279846191406, 14055.0
4.8435609340667725, 14105.0
5.00308084487915, 14480.0
5.161661148071289, 14480.0
5.324316024780273, 14480.0
5.483656883239746, 14480.0
5.644851922988892, 14480.0
5.805701017379761, 14681.0
5.968131065368652, 14681.0
6.129117012023926, 14783.0
6.286932945251465, 14783.0
6.44411301612854, 14792.0
6.601331949234009, 14792.0
6.7585461139678955, 14792.0
6.9159767627716064, 14840.0
7.0745909214019775, 14933.0
7.230319976806641, 14933.0
7.387912034988403, 14968.0
7.550572872161865, 14968.0
7.714000940322876, 15002.0
7.873510122299194, 15020.0
8.03334903717041, 15172.0
8.193892002105713, 15232.0
8.352869987487793, 15360.0
8.510159015655518, 15426.0
8.666297912597656, 15495.0
8.82429313659668, 15495.0
8.981842041015625, 15495.0
9.139944791793823, 15517.0
9.29822301864624, 15530.0
9.455037117004395, 15530.0
9.613118171691895, 15542.0
9.771367073059082, 15623.0
9.92929983139038, 15623.0
10.086211919784546, 15627.0
10.244513988494873, 15870.0
10.402853965759277, 15870.0
10.559553861618042, 15870.0
10.715937852859497, 15870.0
10.872251987457275, 15870.0
11.031982898712158, 15870.0
11.188976049423218, 15870.0
11.346144914627075, 15925.0
11.504501819610596, 16220.0
11.66160798072815, 16220.0
11.818707942962646, 16220.0
11.978209972381592, 16220.0
12.140082120895386, 16220.0
12.298396110534668, 16220.0
12.45819091796875, 16220.0
12.616624116897583, 16220.0
12.778122901916504, 16220.0
12.937885761260986, 16237.0
13.098510980606079, 16237.0
13.256388902664185, 16237.0
13.417127132415771, 16237.0
13.57735800743103, 16237.0
13.738439083099365, 16258.0
13.899135828018188, 16258.0
14.058145999908447, 16366.0
14.217518091201782, 16379.0
14.378450155258179, 16379.0
14.539029836654663, 16382.0
14.698259115219116, 16427.0
14.857770919799805, 16427.0
15.01830792427063, 16467.0
15.179628849029541, 16467.0
15.339479923248291, 16475.0
15.499433994293213, 16475.0
15.65887713432312, 16475.0
15.819058179855347, 16512.0
15.979639053344727, 16573.0
16.143567085266113, 16684.0
16.303290128707886, 16749.0
16.463623046875, 16749.0
16.624845027923584, 16749.0
16.78555989265442, 16749.0
16.94623303413391, 16757.0
17.1091570854187, 16861.0
17.272450923919678, 16861.0
17.434441804885864, 16861.0
17.595027923583984, 16885.0
17.755518198013306, 16897.0
17.915875911712646, 16910.0
18.07629680633545, 16941.0
18.236907958984375, 16941.0
18.396970987319946, 16996.0
18.557302951812744, 16996.0
18.717495918273926, 16996.0
18.878026962280273, 16996.0
19.03846788406372, 16996.0
19.200320959091187, 16996.0
19.36225700378418, 16996.0
19.522100925445557, 16996.0
19.682366847991943, 17014.0
19.843127965927124, 17079.0
20.003296852111816, 17079.0
20.16325283050537, 17079.0
20.322686910629272, 17079.0
20.48181176185608, 17079.0
20.641310930252075, 17079.0
20.801118850708008, 17079.0
20.9617760181427, 17079.0
21.123615980148315, 17130.0
21.286902904510498, 17130.0
21.449018001556396, 17131.0
21.608153104782104, 17131.0
21.76775288581848, 17131.0
21.92698097229004, 17176.0
22.087553024291992, 17176.0
22.2479510307312, 17176.0
22.415169954299927, 17236.0
22.57461380958557, 17236.0
22.734286069869995, 17249.0
22.89305591583252, 17259.0
23.05236506462097, 17259.0
23.213388919830322, 17259.0
23.373638153076172, 17259.0
23.534690856933594, 17259.0
23.695101022720337, 17259.0
23.860073804855347, 17259.0
24.02084708213806, 17259.0
24.18128204345703, 17259.0
24.341593027114868, 17283.0
24.502293825149536, 17283.0
24.662769079208374, 17283.0
24.82320809364319, 17283.0
24.983750104904175, 17283.0
25.14454483985901, 17283.0
25.307029962539673, 17283.0
25.46949291229248, 17283.0
25.63062810897827, 17283.0
25.791095972061157, 17283.0
25.951207160949707, 17284.0
26.110924005508423, 17315.0
26.270835876464844, 17315.0
26.431344032287598, 17344.0
26.59208106994629, 17344.0
26.751420974731445, 17344.0
26.910706996917725, 17344.0
27.07116198539734, 17344.0
27.23197293281555, 17344.0
27.39558219909668, 17344.0
27.555717945098877, 17344.0
27.71737003326416, 17344.0
27.877290964126587, 17344.0
28.0378680229187, 17344.0
28.198985815048218, 17344.0
28.358948945999146, 17350.0
28.521980047225952, 17350.0
28.6828510761261, 17350.0
28.84325385093689, 17350.0
29.003055095672607, 17350.0
29.1635639667511, 17362.0
29.32512402534485, 17362.0
29.485326051712036, 17362.0
29.646087169647217, 17362.0
29.813410997390747, 17362.0
29.973387956619263, 17362.0
30.13310718536377, 17362.0
30.292916774749756, 17362.0
30.453037977218628, 17362.0
30.613324880599976, 17362.0
30.773508071899414, 17362.0
30.933959007263184, 17362.0
31.094069957733154, 17362.0
31.2535138130188, 17362.0
31.413788080215454, 17362.0
31.574378967285156, 17366.0
31.739816904067993, 17366.0
31.903456926345825, 17366.0
32.063805103302, 17366.0
