0.00039386749267578125, 929.0
0.0007827281951904297, 1877.0
0.0011739730834960938, 2170.0
0.0015690326690673828, 3039.0
0.0019600391387939453, 4000.0
0.0023479461669921875, 4657.0
0.00273895263671875, 5378.0
0.0031270980834960938, 6256.0
0.003515958786010742, 6655.0
0.0039060115814208984, 7587.0
0.004297971725463867, 8409.0
0.004686832427978516, 9134.0
0.0050928592681884766, 9466.0
0.005505084991455078, 9813.0
0.005918025970458984, 10761.0
0.00632786750793457, 10821.0
0.006769895553588867, 11529.0
0.007176876068115234, 12010.0
0.007610797882080078, 12724.0
0.00803995132446289, 13033.0
0.01111292839050293, 13904.0
0.014572858810424805, 14564.0
0.029567956924438477, 14802.0
0.05096697807312012, 14864.0
0.05554676055908203, 15108.0
0.05631899833679199, 16106.0
0.07743692398071289, 16122.0
0.07973885536193848, 16961.0
0.0839529037475586, 17506.0
0.08434104919433594, 18276.0
0.0923619270324707, 19187.0
0.10920596122741699, 19275.0
0.11418700218200684, 19916.0
0.1421518325805664, 20161.0
0.20047378540039062, 20356.0
0.22305798530578613, 20668.0
0.22643589973449707, 20962.0
0.22725510597229004, 21669.0
0.22808289527893066, 22628.0
0.2729048728942871, 22769.0
0.29932689666748047, 23398.0
0.2997410297393799, 23549.0
0.30137085914611816, 23695.0
0.30504608154296875, 23725.0
0.3058748245239258, 23957.0
0.31928491592407227, 24511.0
0.32863688468933105, 25256.0
0.3290529251098633, 26094.0
0.3314948081970215, 26196.0
0.3991968631744385, 26385.0
0.40529489517211914, 27231.0
0.4113469123840332, 27237.0
0.4133729934692383, 28205.0
0.41825389862060547, 28236.0
0.4210798740386963, 28854.0
0.42632508277893066, 29712.0
0.44777989387512207, 30108.0
0.5520520210266113, 30740.0
0.5568687915802002, 30824.0
0.5624940395355225, 30915.0
0.5971889495849609, 31038.0
0.5988149642944336, 31657.0
0.9334189891815186, 32465.0
1.0589599609375, 33136.0
1.063025951385498, 33192.0
1.0662949085235596, 33709.0
1.1588280200958252, 33927.0
1.1762287616729736, 33946.0
1.1859588623046875, 34033.0
1.1902859210968018, 34456.0
1.1916379928588867, 35403.0
1.1991028785705566, 36259.0
1.2328109741210938, 36719.0
1.2357168197631836, 37510.0
1.245919942855835, 38335.0
1.2507798671722412, 38452.0
1.2561049461364746, 39164.0
1.2919607162475586, 39375.0
1.299849033355713, 39594.0
1.6206657886505127, 39701.0
1.621870756149292, 40660.0
1.6348280906677246, 40664.0
1.6364448070526123, 41280.0
1.6449007987976074, 41452.0
1.6521270275115967, 42339.0
1.6529290676116943, 42554.0
1.656116008758545, 43123.0
2.7038488388061523, 43319.0
2.706707000732422, 43490.0
2.707486867904663, 43806.0
2.7117598056793213, 44605.0
2.7424027919769287, 45047.0
2.867671012878418, 45323.0
2.8684568405151367, 45636.0
2.8959028720855713, 45783.0
3.050913095474243, 46304.0
3.0691280364990234, 46597.0
3.174793004989624, 46779.0
3.2058138847351074, 47392.0
3.221092939376831, 48065.0
3.2214858531951904, 48560.0
3.2222659587860107, 49514.0
3.2250030040740967, 50350.0
3.2265830039978027, 51092.0
3.2308380603790283, 51299.0
5.749672889709473, 51721.0
5.755085706710815, 52237.0
5.757948875427246, 52495.0
5.767035961151123, 52717.0
5.772359848022461, 53487.0
5.784742832183838, 54474.0
5.788028955459595, 55090.0
5.797467947006226, 55285.0
5.8069748878479, 55321.0
5.807816982269287, 55418.0
5.818526029586792, 55994.0
5.853600978851318, 56029.0
6.246830940246582, 56221.0
6.28646993637085, 56779.0
11.023766040802002, 56883.0
11.035787105560303, 57336.0
11.046473026275635, 57392.0
11.120627880096436, 57579.0
11.12338376045227, 58056.0
11.12929105758667, 58487.0
11.136443853378296, 59016.0
11.140380859375, 59341.0
11.151473999023438, 60247.0
11.164069890975952, 60338.0
11.164870977401733, 60858.0
11.168422937393188, 61477.0
11.25916600227356, 61828.0
11.262035846710205, 62517.0
11.276334762573242, 62585.0
11.279733896255493, 62900.0
11.28858494758606, 63548.0
11.298007726669312, 64502.0
11.3125319480896, 65143.0
11.387945890426636, 65189.0
11.399370908737183, 65383.0
11.40661096572876, 66067.0
11.431668996810913, 66160.0
11.460004806518555, 67048.0
11.471786975860596, 67243.0
11.49344277381897, 67305.0
11.652477025985718, 67394.0
11.658812999725342, 67453.0
11.802873849868774, 67647.0
11.805636882781982, 68077.0
11.825433731079102, 68597.0
11.836068868637085, 69057.0
11.843955039978027, 69139.0
11.849463701248169, 69708.0
14.884328842163086, 70361.0
15.276678800582886, 70636.0
15.283453941345215, 70877.0
15.295899868011475, 71426.0
15.302276849746704, 71621.0
15.309051990509033, 71916.0
15.33512282371521, 72000.0
15.359356880187988, 72662.0
15.365761041641235, 72937.0
15.374463081359863, 73718.0
18.066581964492798, 73944.0
18.09043574333191, 74421.0
18.13254404067993, 74461.0
18.13777494430542, 75161.0
18.195124864578247, 75855.0
18.240272998809814, 76151.0
18.360716819763184, 76731.0
18.36112904548645, 77426.0
18.443355798721313, 77696.0
18.469033002853394, 77996.0
18.478364944458008, 78884.0
18.612759113311768, 79020.0
18.625918865203857, 79415.0
18.626322984695435, 79634.0
18.852885961532593, 79725.0
18.8834707736969, 79904.0
18.9196298122406, 80071.0
18.928770780563354, 80286.0
18.9323468208313, 80649.0
18.940286874771118, 80833.0
18.984402894973755, 80993.0
19.08604907989502, 81000.0
19.137664079666138, 81084.0
19.15675973892212, 81210.0
19.160338878631592, 81504.0
19.169862985610962, 81719.0
19.32406187057495, 81734.0
19.35420274734497, 82117.0
19.366883754730225, 83117.0
19.76272678375244, 83123.0
19.9367938041687, 83332.0
19.98547101020813, 84186.0
20.117388010025024, 84320.0
20.126808881759644, 84966.0
20.17701292037964, 85057.0
20.18525791168213, 85339.0
20.880125999450684, 85495.0
21.09051489830017, 85902.0
21.153754949569702, 86395.0
21.25266194343567, 86521.0
21.4905207157135, 86839.0
21.57729697227478, 86967.0
21.744301795959473, 87076.0
21.775388956069946, 87355.0
25.224740743637085, 87532.0
25.470741033554077, 87541.0
26.86379909515381, 87682.0
27.089112758636475, 88403.0
