0.0009667873382568359, 582.0
0.0019278526306152344, 863.0
0.002887725830078125, 1145.0
0.0038928985595703125, 2019.0
0.004869699478149414, 2228.0
0.005867958068847656, 2428.0
0.006845951080322266, 3384.0
0.007802724838256836, 4115.0
0.008758783340454102, 4841.0
0.009717941284179688, 5323.0
0.010672807693481445, 5324.0
0.011633872985839844, 5621.0
0.012589693069458008, 5706.0
0.013545751571655273, 6485.0
0.014503717422485352, 6820.0
0.015457630157470703, 7741.0
0.01641392707824707, 7827.0
0.017372846603393555, 8626.0
0.018323898315429688, 8729.0
0.019285917282104492, 9511.0
0.02024388313293457, 9905.0
0.021200895309448242, 10695.0
0.022159814834594727, 11292.0
0.023117780685424805, 12035.0
0.024078845977783203, 12135.0
0.025065898895263672, 12343.0
0.026035785675048828, 12367.0
0.026991844177246094, 13047.0
0.027946949005126953, 13137.0
0.028902769088745117, 14025.0
0.029863834381103516, 14158.0
0.030820846557617188, 14622.0
0.03178286552429199, 14623.0
0.03274965286254883, 15273.0
0.03371286392211914, 15933.0
0.03467082977294922, 16801.0
0.03562474250793457, 17485.0
0.03657698631286621, 18359.0
0.03753376007080078, 19168.0
0.03848862648010254, 19414.0
0.0394439697265625, 20034.0
0.040407657623291016, 20449.0
0.041365861892700195, 20479.0
0.042328834533691406, 20707.0
0.04330587387084961, 21563.0
0.04429483413696289, 21835.0
0.045270681381225586, 22587.0
0.04627871513366699, 23589.0
0.04726076126098633, 24303.0
0.078338623046875, 24472.0
0.13295674324035645, 24537.0
0.18201065063476562, 24554.0
0.21683788299560547, 24647.0
0.2422637939453125, 24648.0
0.2516448497772217, 24649.0
0.2797727584838867, 24650.0
0.36316800117492676, 24743.0
0.4334735870361328, 24779.0
0.464519739151001, 24889.0
0.4692108631134033, 24890.0
0.5898847579956055, 24891.0
0.690079927444458, 24938.0
0.6910288333892822, 25032.0
0.7703368663787842, 25062.0
0.9057197570800781, 25179.0
3.0346386432647705, 25284.0
3.0940167903900146, 25287.0
3.175250768661499, 25327.0
3.2202229499816895, 25328.0
3.629601001739502, 25332.0
4.113640785217285, 25368.0
4.167050838470459, 25369.0
4.188065767288208, 25404.0
4.339351654052734, 25410.0
4.349366664886475, 25471.0
4.40121865272522, 25587.0
12.018180847167969, 25630.0
12.019189834594727, 25714.0
12.031028985977173, 25841.0
12.185574769973755, 25932.0
12.203301668167114, 25976.0
12.226930856704712, 25977.0
12.550704717636108, 25994.0
12.585822820663452, 26048.0
12.593639850616455, 26049.0
12.629794597625732, 26151.0
12.653406858444214, 26162.0
12.678942918777466, 26206.0
12.76078486442566, 26237.0
12.815382719039917, 26258.0
12.816369771957397, 26259.0
12.855363607406616, 26424.0
12.860248804092407, 26435.0
12.927634716033936, 26451.0
12.936439752578735, 26592.0
13.020298957824707, 26623.0
15.031543731689453, 26719.0
15.0344078540802, 26787.0
15.101012945175171, 26927.0
15.118080854415894, 26973.0
15.167240858078003, 26974.0
15.169161796569824, 27015.0
15.196668863296509, 27084.0
41.55799984931946, 27115.0
41.980098724365234, 27278.0
41.99842357635498, 27283.0
42.01579689979553, 27294.0
42.06199765205383, 27353.0
42.08126163482666, 27356.0
50.365421772003174, 27428.0
50.37449598312378, 27429.0
50.390318632125854, 27500.0
50.39513969421387, 27554.0
50.44587063789368, 27614.0
50.56259870529175, 27705.0
50.61242389678955, 27783.0
50.670854806900024, 27784.0
50.6756706237793, 27979.0
50.879557847976685, 27980.0
50.89390683174133, 28108.0
50.96850085258484, 28127.0
50.97621464729309, 28140.0
50.98865580558777, 28186.0
51.03719878196716, 28209.0
51.04579472541809, 28239.0
52.72565579414368, 28283.0
53.0740647315979, 28366.0
53.788147926330566, 28398.0
53.873135805130005, 28476.0
54.01546788215637, 28522.0
54.07089686393738, 28598.0
54.222675800323486, 28655.0
54.25513768196106, 28674.0
54.27517080307007, 28681.0
54.28092694282532, 28728.0
57.8294358253479, 28738.0
58.69571566581726, 28767.0
58.70064997673035, 28858.0
58.75575494766235, 28892.0
58.761682748794556, 28893.0
58.784345626831055, 28984.0
58.88389277458191, 29022.0
58.905529737472534, 29135.0
58.93015766143799, 29166.0
60.1462287902832, 29195.0
60.166892766952515, 29307.0
60.29765558242798, 29314.0
60.71084690093994, 29341.0
60.718716859817505, 29351.0
60.90920972824097, 29423.0
60.96685266494751, 29424.0
61.00295090675354, 29438.0
61.049803733825684, 29439.0
61.06743288040161, 29440.0
61.299903869628906, 29484.0
61.417972803115845, 29613.0
61.751046895980835, 29642.0
61.99826264381409, 29678.0
62.32739782333374, 29689.0
62.33710479736328, 29827.0
62.47581076622009, 29863.0
62.52237582206726, 29878.0
62.53210759162903, 29902.0
62.58448672294617, 29943.0
62.84890389442444, 29944.0
62.87025189399719, 29970.0
63.58795166015625, 29971.0
63.87982773780823, 30047.0
63.88179564476013, 30048.0
63.939937591552734, 30049.0
64.16403079032898, 30099.0
64.2507016658783, 30149.0
64.39744877815247, 30228.0
64.42061972618103, 30246.0
64.60298871994019, 30319.0
65.01737761497498, 30385.0
65.12557888031006, 30475.0
65.1428747177124, 30476.0
66.04534983634949, 30491.0
66.05495882034302, 30497.0
66.0741229057312, 30552.0
66.086594581604, 30592.0
66.1440498828888, 30603.0
66.1871337890625, 30611.0
67.72526788711548, 30742.0
67.80887985229492, 30761.0
67.86430883407593, 30828.0
68.58454179763794, 30903.0
68.5883948802948, 30904.0
68.89048981666565, 30974.0
68.97700190544128, 30989.0
69.00492072105408, 31016.0
69.02995991706848, 31028.0
69.72516083717346, 31070.0
70.02203798294067, 31137.0
70.04893589019775, 31250.0
70.08925676345825, 31363.0
70.39203667640686, 31399.0
70.47266674041748, 31449.0
70.53420901298523, 31466.0
71.389084815979, 31474.0
71.39296770095825, 31496.0
71.76083779335022, 31548.0
71.84605693817139, 31549.0
72.24361872673035, 31557.0
72.39836978912354, 31563.0
72.63943076133728, 31564.0
72.65477967262268, 31565.0
72.73653173446655, 31607.0
72.76730179786682, 31608.0
73.19009566307068, 31645.0
73.24820566177368, 31646.0
73.28448581695557, 31776.0
73.36948776245117, 31884.0
73.37140560150146, 31885.0
73.97735977172852, 31886.0
74.66274094581604, 31971.0
74.7179319858551, 31972.0
74.86392378807068, 32046.0
74.87960863113403, 32056.0
75.22877383232117, 32057.0
75.68898582458496, 32058.0
75.69773077964783, 32181.0
77.62540173530579, 32182.0
77.9498119354248, 32195.0
78.53060579299927, 32252.0
78.53933072090149, 32253.0
78.54416584968567, 32254.0
79.24889183044434, 32302.0
79.9428699016571, 32377.0
80.7689437866211, 32378.0
81.05749988555908, 32402.0
82.21728587150574, 32429.0
82.41787576675415, 32430.0
82.96630072593689, 32452.0
83.06808662414551, 32453.0
83.09907984733582, 32454.0
85.0175428390503, 32463.0
86.04504179954529, 32464.0
86.15818858146667, 32465.0
86.21574783325195, 32466.0
90.05985164642334, 32473.0
90.1438217163086, 32474.0
91.55652189254761, 32546.0
93.00307774543762, 32547.0
94.04141283035278, 32548.0
94.12276196479797, 32549.0
94.3245759010315, 32550.0
94.78684067726135, 32551.0
