1.0540728569030762, 65598.0
1.8016557693481445, 68915.0
2.541677951812744, 71901.0
3.290104866027832, 75959.0
4.057113885879517, 81187.0
4.802567005157471, 83791.0
5.558171987533569, 92645.0
6.297817945480347, 95588.0
7.0481390953063965, 101024.0
7.8023669719696045, 106989.0
8.553194046020508, 111916.0
9.303688049316406, 116593.0
10.047652959823608, 116662.0
10.78886890411377, 119595.0
11.530263900756836, 125271.0
12.272273063659668, 125392.0
13.019409894943237, 126868.0
13.768868923187256, 135792.0
14.51861310005188, 135931.0
15.266899108886719, 141994.0
16.014847993850708, 145243.0
16.771711111068726, 145243.0
17.519831895828247, 146961.0
18.274333000183105, 153361.0
19.02368187904358, 156405.0
19.77294898033142, 160671.0
20.528938055038452, 161506.0
21.288117170333862, 162181.0
22.051750898361206, 165174.0
22.805222988128662, 169093.0
23.567600965499878, 170817.0
24.33897614479065, 172885.0
25.09419083595276, 174995.0
25.849432945251465, 180945.0
26.60648512840271, 184601.0
27.368530988693237, 186170.0
28.12981104850769, 190997.0
28.889328002929688, 191595.0
29.657254934310913, 192060.0
30.428956031799316, 197205.0
31.191215991973877, 202736.0
31.958006143569946, 203894.0
32.7364399433136, 208424.0
33.506300926208496, 212607.0
34.277071952819824, 212607.0
35.03777503967285, 221284.0
35.80797100067139, 221284.0
36.58664298057556, 222203.0
37.35005712509155, 224767.0
38.133667945861816, 229037.0
38.92837691307068, 229037.0
39.69859218597412, 229037.0
40.471786975860596, 231112.0
41.24591898918152, 231319.0
42.0220890045166, 234460.0
42.80194282531738, 234460.0
43.57923603057861, 238722.0
44.35644292831421, 238938.0
45.12791585922241, 240078.0
45.9027259349823, 244026.0
46.68598294258118, 244026.0
47.46875977516174, 246273.0
48.24960398674011, 246273.0
49.03221893310547, 246774.0
49.814738035202026, 252018.0
50.61276292800903, 255597.0
51.40951895713806, 257279.0
52.20814085006714, 258443.0
53.01698112487793, 259342.0
53.85701298713684, 263143.0
54.67699384689331, 264094.0
55.47811484336853, 268261.0
56.27290201187134, 269712.0
57.075034856796265, 271262.0
57.8628089427948, 275601.0
58.64864110946655, 275601.0
59.447245836257935, 275601.0
60.232568979263306, 276180.0
61.00982689857483, 276180.0
61.79529309272766, 282081.0
62.59101605415344, 283361.0
63.383543968200684, 288606.0
64.20474982261658, 288606.0
64.99331498146057, 288606.0
65.77989792823792, 290778.0
66.56733703613281, 290778.0
67.35919904708862, 295266.0
68.1540310382843, 295772.0
68.94625687599182, 298775.0
69.73615598678589, 298775.0
70.51785206794739, 298775.0
71.29927682876587, 301376.0
72.07878589630127, 305853.0
72.88705587387085, 305853.0
73.67080092430115, 305853.0
74.45233702659607, 305853.0
75.23909497261047, 310658.0
76.02447605133057, 310658.0
76.8191750049591, 314312.0
77.60551404953003, 314312.0
78.38921999931335, 314312.0
79.18010878562927, 322617.0
79.97424602508545, 322617.0
80.76365399360657, 322617.0
81.55537486076355, 322617.0
82.34128189086914, 322617.0
83.13776898384094, 322617.0
83.94151997566223, 322931.0
84.74551892280579, 322931.0
85.54597902297974, 322931.0
86.34719014167786, 324364.0
87.14720106124878, 326350.0
87.93854093551636, 327626.0
88.72941303253174, 331182.0
89.52103781700134, 334391.0
90.31947183609009, 336798.0
91.11627697944641, 336798.0
91.91530084609985, 336798.0
92.71316313743591, 339670.0
93.51339983940125, 339670.0
94.3180251121521, 339670.0
95.11930990219116, 339670.0
95.92668390274048, 340994.0
96.72762989997864, 342048.0
97.53120803833008, 344316.0
98.3330750465393, 344316.0
99.12960505485535, 344316.0
99.97134399414062, 351309.0
100.83333683013916, 356331.0
101.62917685508728, 357208.0
102.41943693161011, 357208.0
103.22505617141724, 357727.0
104.0201051235199, 357727.0
104.8229751586914, 359736.0
105.62526607513428, 359736.0
106.42967510223389, 359969.0
107.23183393478394, 363536.0
108.0345950126648, 363536.0
108.82670712471008, 364072.0
109.63148283958435, 364072.0
110.43169903755188, 364072.0
111.23915410041809, 365417.0
112.04517316818237, 365417.0
112.85092210769653, 367654.0
113.65937995910645, 369878.0
114.46458506584167, 369878.0
115.2687680721283, 371502.0
116.08014702796936, 371502.0
116.88709211349487, 371858.0
117.69935703277588, 372018.0
118.50479078292847, 377970.0
119.31201195716858, 377970.0
120.11966490745544, 379003.0
120.92869400978088, 379003.0
121.73882102966309, 379003.0
122.54563808441162, 380864.0
123.35495781898499, 380864.0
124.16946482658386, 381297.0
124.98064398765564, 381541.0
125.79418087005615, 386941.0
126.60213494300842, 386941.0
127.41816091537476, 386941.0
128.22694396972656, 387725.0
129.0348560810089, 387725.0
129.85287189483643, 387725.0
130.66674280166626, 389566.0
131.47749996185303, 392824.0
132.28297901153564, 392888.0
133.0946340560913, 392888.0
133.91542196273804, 394410.0
134.72391986846924, 394410.0
135.53217005729675, 394410.0
136.34223294258118, 394410.0
137.15517592430115, 399169.0
137.96869206428528, 399169.0
138.77640676498413, 399169.0
139.61259984970093, 399169.0
140.45748209953308, 399169.0
141.29823899269104, 399169.0
142.14097595214844, 399858.0
142.98846077919006, 399858.0
143.8301498889923, 401593.0
144.67780303955078, 401617.0
145.5214819908142, 404651.0
146.36671090126038, 404651.0
147.2174379825592, 404651.0
148.0614070892334, 404651.0
148.9062979221344, 404651.0
149.75546884536743, 404651.0
150.6006190776825, 406424.0
151.4440050125122, 406424.0
152.2887499332428, 408444.0
153.13198494911194, 408444.0
153.97448992729187, 408444.0
154.8054699897766, 408444.0
155.61989402770996, 408444.0
156.42933011054993, 408444.0
157.23736095428467, 408444.0
158.04273009300232, 408693.0
158.84958696365356, 408880.0
159.6553599834442, 410096.0
