0.0992279052734375, 11364.0
0.17405486106872559, 12940.0
0.24930405616760254, 14758.0
0.32507896423339844, 14758.0
0.40147995948791504, 16708.0
0.4779648780822754, 21337.0
0.5547208786010742, 22546.0
0.6325900554656982, 23494.0
0.709852933883667, 23494.0
0.7873678207397461, 23494.0
0.8653049468994141, 25018.0
0.9431948661804199, 25018.0
1.0218889713287354, 25207.0
1.1010358333587646, 27475.0
1.179114818572998, 27575.0
1.2578258514404297, 28413.0
1.3364968299865723, 28790.0
1.4155597686767578, 29872.0
1.4947779178619385, 30551.0
1.574002742767334, 32092.0
1.6539058685302734, 33759.0
1.7354600429534912, 34235.0
1.8150839805603027, 35701.0
1.8946919441223145, 35701.0
1.9738869667053223, 35701.0
2.0532279014587402, 38323.0
2.13262677192688, 38848.0
2.211920738220215, 39995.0
2.291595935821533, 39995.0
2.3713629245758057, 41179.0
2.4512901306152344, 42916.0
2.531214952468872, 42916.0
2.611036777496338, 42916.0
2.6912150382995605, 43026.0
2.771347999572754, 43486.0
2.851653814315796, 43926.0
2.9321060180664062, 43926.0
3.0162198543548584, 44040.0
3.0993337631225586, 45548.0
3.1801319122314453, 45548.0
3.261157751083374, 45548.0
3.3435120582580566, 46115.0
3.4271929264068604, 46902.0
3.5120010375976562, 47095.0
3.5947299003601074, 47095.0
3.677659749984741, 48075.0
3.762856960296631, 48075.0
3.8465137481689453, 48075.0
3.927748680114746, 48845.0
4.008912801742554, 48845.0
4.09027886390686, 48852.0
4.171510934829712, 48883.0
4.252760887145996, 48970.0
4.333688020706177, 49378.0
4.4152350425720215, 49617.0
4.496340990066528, 49617.0
4.577801942825317, 49617.0
4.660318851470947, 50740.0
4.742309093475342, 50740.0
4.8242506980896, 50740.0
4.9094579219818115, 50740.0
4.996664047241211, 51083.0
5.082387924194336, 51083.0
5.166022777557373, 51160.0
5.249948740005493, 51226.0
5.335164785385132, 51766.0
5.41865086555481, 51766.0
5.501284122467041, 51766.0
5.585062742233276, 51828.0
5.66910195350647, 52212.0
5.752959966659546, 52212.0
5.838932991027832, 52212.0
5.922997951507568, 52212.0
6.006959676742554, 52212.0
6.092481851577759, 52212.0
6.176409959793091, 52261.0
6.2608819007873535, 52261.0
6.3449389934539795, 52479.0
6.428999900817871, 52479.0
6.513473987579346, 52649.0
6.5979838371276855, 52649.0
6.683237791061401, 52649.0
6.7679197788238525, 52649.0
6.852040767669678, 52649.0
6.936913728713989, 52727.0
7.021565914154053, 52727.0
7.106223106384277, 52727.0
7.190802812576294, 52727.0
7.275206804275513, 52790.0
7.35979700088501, 52817.0
7.444821834564209, 52817.0
7.529385805130005, 52817.0
7.614105939865112, 52817.0
7.698261976242065, 52817.0
7.782845973968506, 52870.0
7.868306875228882, 52870.0
7.952269077301025, 52870.0
8.036869764328003, 52870.0
8.121509075164795, 53088.0
8.206156015396118, 53088.0
8.290251970291138, 53088.0
8.37485384941101, 53088.0
8.459644794464111, 53088.0
8.544147968292236, 53088.0
8.628678798675537, 53088.0
8.713032960891724, 53088.0
8.797536849975586, 53139.0
8.882046937942505, 53139.0
8.96657681465149, 53139.0
9.051185846328735, 53139.0
9.13578486442566, 53139.0
9.2202627658844, 53139.0
9.304967880249023, 53139.0
9.389274835586548, 53139.0
9.473857879638672, 53200.0
9.5585298538208, 53200.0
9.642890930175781, 53200.0
9.72757887840271, 53233.0
9.812224864959717, 53233.0
9.898225784301758, 53233.0
9.982887744903564, 53252.0
10.067759037017822, 53252.0
10.151992082595825, 53252.0
10.236626863479614, 53252.0
10.321317911148071, 53252.0
10.406038999557495, 53252.0
10.490850925445557, 53252.0
10.575408697128296, 53252.0
10.660136938095093, 53252.0
10.74488377571106, 53418.0
10.829485893249512, 53418.0
10.91429090499878, 53418.0
10.999191045761108, 53418.0
11.084016799926758, 53418.0
11.168904781341553, 53418.0
11.253612995147705, 53418.0
11.338438749313354, 53418.0
11.42291784286499, 53418.0
11.50791072845459, 53418.0
11.592886924743652, 53418.0
11.677487850189209, 53418.0
11.761833906173706, 53418.0
11.84667682647705, 53418.0
11.931104898452759, 53418.0
12.013640880584717, 53418.0
12.096806764602661, 53418.0
12.18002200126648, 53541.0
12.263115882873535, 53541.0
12.34612774848938, 53541.0
12.428265810012817, 53541.0
12.511082887649536, 53541.0
12.594125032424927, 53541.0
12.676985025405884, 53669.0
12.759731769561768, 53669.0
12.84238886833191, 53669.0
12.924952030181885, 53669.0
13.007660865783691, 53669.0
13.090289831161499, 53669.0
13.172812938690186, 53669.0
13.255109786987305, 53669.0
13.337637901306152, 53669.0
13.419908046722412, 53669.0
13.502449750900269, 53669.0
13.584972858428955, 53669.0
13.667508840560913, 53669.0
13.750037908554077, 53669.0
13.832753896713257, 53669.0
13.91589093208313, 53669.0
13.999351978302002, 53669.0
14.082843780517578, 53669.0
14.170885801315308, 53669.0
14.253757953643799, 53669.0
14.336503028869629, 53669.0
14.419228792190552, 53669.0
14.501677989959717, 53669.0
14.584161043167114, 53669.0
14.666597127914429, 53669.0
14.74904489517212, 53669.0
14.831573963165283, 53669.0
14.914065837860107, 53669.0
14.996410846710205, 53669.0
15.078902959823608, 53669.0
15.161488771438599, 53669.0
15.243907928466797, 53669.0
15.326284885406494, 53669.0
15.408670902252197, 53669.0
15.491163730621338, 53891.0
15.57388687133789, 53891.0
15.656575918197632, 53891.0
15.738991022109985, 53891.0
15.821087837219238, 53891.0
15.904001951217651, 53891.0
15.987663745880127, 53891.0
16.07030177116394, 53891.0
16.152118921279907, 53891.0
16.23496699333191, 53891.0
16.317466020584106, 53891.0
16.400064945220947, 53891.0
16.48246192932129, 53891.0
16.564960956573486, 53891.0
16.646629810333252, 53891.0
