0.10169386863708496, 12501.0
0.17675185203552246, 13849.0
0.25189781188964844, 14910.0
0.3267698287963867, 17795.0
0.40252089500427246, 17795.0
0.4783329963684082, 18529.0
0.5537350177764893, 19723.0
0.6299500465393066, 21209.0
0.706488847732544, 22501.0
0.7830531597137451, 25040.0
0.8598217964172363, 25040.0
0.9368000030517578, 25932.0
1.0151958465576172, 25932.0
1.0929038524627686, 26643.0
1.170154094696045, 28415.0
1.2475059032440186, 29639.0
1.3257100582122803, 29639.0
1.4041600227355957, 32317.0
1.4819369316101074, 32317.0
1.5597479343414307, 32317.0
1.6377170085906982, 32843.0
1.7157261371612549, 33646.0
1.793881893157959, 34091.0
1.8720929622650146, 34559.0
1.9500868320465088, 35678.0
2.028536081314087, 35912.0
2.1070327758789062, 36956.0
2.1856257915496826, 37485.0
2.2642669677734375, 39333.0
2.3430099487304688, 40919.0
2.4219541549682617, 41778.0
2.5009279251098633, 41778.0
2.5799617767333984, 41778.0
2.659060001373291, 41778.0
2.7383029460906982, 41778.0
2.8175601959228516, 41832.0
2.896528959274292, 43069.0
2.975996971130371, 43069.0
3.0554208755493164, 43732.0
3.134911060333252, 44061.0
3.2147531509399414, 44255.0
3.2944140434265137, 44443.0
3.375504970550537, 44551.0
3.4551899433135986, 45571.0
3.535024881362915, 45656.0
3.6156198978424072, 46582.0
3.6977310180664062, 47276.0
3.7825469970703125, 47475.0
3.8653619289398193, 47475.0
3.948173999786377, 47475.0
4.031219005584717, 47557.0
4.115082025527954, 47557.0
4.196429014205933, 47557.0
4.277666091918945, 47598.0
4.358866930007935, 48387.0
4.439777135848999, 48387.0
4.5211169719696045, 48686.0
4.602601051330566, 48686.0
4.683868885040283, 49302.0
4.764820098876953, 49302.0
4.845678806304932, 49302.0
4.926974058151245, 49539.0
5.009680986404419, 49800.0
5.091292858123779, 49800.0
5.172801971435547, 50705.0
5.254381895065308, 50705.0
5.337512016296387, 50705.0
5.423440933227539, 50705.0
5.510025978088379, 50705.0
5.594501972198486, 50705.0
5.678692817687988, 51111.0
5.763467073440552, 51111.0
5.847404956817627, 51111.0
5.930039167404175, 51111.0
6.01360297203064, 51329.0
6.097409963607788, 51441.0
6.180462837219238, 51441.0
6.263544082641602, 51441.0
6.346768856048584, 51441.0
6.429937839508057, 51506.0
6.513027906417847, 51506.0
6.596085071563721, 51843.0
6.679101943969727, 51843.0
6.761779069900513, 51843.0
6.844441890716553, 51843.0
6.927093029022217, 51843.0
7.011033773422241, 51843.0
7.09411883354187, 51843.0
7.176684141159058, 51843.0
7.259727954864502, 51848.0
7.342358112335205, 52207.0
7.425854921340942, 52207.0
7.508929014205933, 52207.0
7.5914528369903564, 52207.0
7.674077987670898, 52207.0
7.756723880767822, 52618.0
7.839756965637207, 52618.0
7.923079013824463, 52618.0
8.00630784034729, 52726.0
8.089598894119263, 52726.0
8.172675132751465, 52726.0
8.25536584854126, 52726.0
8.338096857070923, 52882.0
8.421288013458252, 52882.0
8.504463911056519, 53264.0
8.587265968322754, 53264.0
8.670086860656738, 53264.0
8.7533540725708, 53264.0
8.83665680885315, 53423.0
8.919469833374023, 53423.0
9.002707958221436, 53423.0
9.086196899414062, 53423.0
9.169496774673462, 53423.0
9.25279688835144, 53423.0
9.335538864135742, 53423.0
9.418287992477417, 53423.0
9.50293517112732, 53423.0
9.586328744888306, 53423.0
9.66968297958374, 53423.0
9.752429723739624, 53423.0
9.835685968399048, 53429.0
9.918416976928711, 53555.0
10.002005100250244, 53555.0
10.084670066833496, 53555.0
10.167557954788208, 53555.0
10.250802040100098, 53555.0
10.334104776382446, 53555.0
10.417328834533691, 53555.0
10.50011396408081, 53607.0
10.582916975021362, 53607.0
10.666607856750488, 53607.0
10.749397039413452, 53607.0
10.83273196220398, 53630.0
10.916115999221802, 53630.0
10.999030113220215, 53645.0
11.082484006881714, 53645.0
11.165945768356323, 53658.0
11.248955011367798, 53658.0
11.33265209197998, 53658.0
11.416316986083984, 53658.0
11.501422882080078, 53658.0
11.585022926330566, 53668.0
11.668519973754883, 53668.0
11.751547813415527, 53668.0
11.834975957870483, 53668.0
11.918554782867432, 53668.0
12.001895904541016, 53668.0
12.085227012634277, 53668.0
12.168661117553711, 53853.0
12.252163171768188, 53853.0
12.335513830184937, 53853.0
12.418941974639893, 53853.0
12.502565860748291, 53853.0
12.586158752441406, 53853.0
12.669634103775024, 53853.0
12.753201961517334, 53853.0
12.836909055709839, 53853.0
12.919992923736572, 53853.0
13.002742052078247, 53853.0
13.085570096969604, 53853.0
13.168238878250122, 53853.0
13.25115704536438, 53853.0
13.333526134490967, 53853.0
13.415912866592407, 53853.0
13.498255968093872, 53853.0
13.582106828689575, 53853.0
13.664376735687256, 53853.0
13.746654033660889, 53853.0
13.828984022140503, 53853.0
13.911112070083618, 53853.0
13.993197917938232, 53853.0
14.075314044952393, 53853.0
14.157227039337158, 53853.0
14.239236831665039, 53853.0
14.321262836456299, 54002.0
14.403288841247559, 54002.0
14.485239028930664, 54002.0
14.5673348903656, 54002.0
14.649357080459595, 54002.0
14.731342792510986, 54002.0
14.81343698501587, 54002.0
14.896206855773926, 54002.0
14.978944063186646, 54002.0
15.061798810958862, 54002.0
15.144532918930054, 54002.0
15.22741413116455, 54002.0
15.309795141220093, 54002.0
15.392194032669067, 54002.0
15.474588871002197, 54002.0
15.558509826660156, 54002.0
15.641581773757935, 54002.0
15.724266052246094, 54002.0
15.807066917419434, 54002.0
15.889867067337036, 54002.0
15.972768068313599, 54002.0
16.05544877052307, 54002.0
16.138272047042847, 54002.0
16.22090196609497, 54002.0
16.303608894348145, 54002.0
16.38639998435974, 54002.0
16.46906590461731, 54002.0
