0.0004189014434814453, 340.0
0.0008327960968017578, 986.0
0.0012469291687011719, 1353.0
0.0016620159149169922, 2323.0
0.0020837783813476562, 2681.0
0.002501964569091797, 3396.0
0.0029189586639404297, 3397.0
0.0033359527587890625, 4225.0
0.003755807876586914, 4461.0
0.004184722900390625, 4966.0
0.004602909088134766, 5723.0
0.0050199031829833984, 6485.0
0.005440711975097656, 7086.0
0.005897998809814453, 8063.0
0.006332874298095703, 8533.0
0.006751060485839844, 9297.0
0.007172822952270508, 9957.0
0.007608890533447266, 10083.0
0.009672880172729492, 10224.0
0.010505914688110352, 10225.0
0.0556638240814209, 10226.0
0.12503790855407715, 10229.0
0.13771772384643555, 10401.0
0.22029590606689453, 10443.0
0.3152179718017578, 10488.0
0.5213117599487305, 10516.0
0.5298397541046143, 10527.0
0.6454038619995117, 10562.0
0.6570959091186523, 10631.0
0.6744070053100586, 10735.0
0.7622296810150146, 10835.0
0.7662649154663086, 10853.0
0.7944238185882568, 11015.0
0.7960398197174072, 11056.0
0.803717851638794, 11073.0
0.8125720024108887, 11173.0
1.0543749332427979, 11181.0
1.083456039428711, 11214.0
1.0942118167877197, 11308.0
1.1212408542633057, 11327.0
2.084476947784424, 11328.0
2.168020009994507, 11339.0
2.2463529109954834, 11374.0
2.261715888977051, 11406.0
2.850245952606201, 11419.0
2.8813610076904297, 11505.0
2.882582902908325, 11589.0
2.895502805709839, 11604.0
2.8987369537353516, 11724.0
2.9107818603515625, 11851.0
2.9898970127105713, 11925.0
4.598123788833618, 11999.0
4.60706090927124, 12160.0
4.619872808456421, 12161.0
4.640906810760498, 12224.0
24.505842924118042, 12346.0
24.59090280532837, 12363.0
24.663636922836304, 12432.0
24.68212103843689, 12433.0
24.718323945999146, 12456.0
24.747532844543457, 12476.0
24.758745908737183, 12560.0
24.8295156955719, 12586.0
24.845078706741333, 12587.0
24.845484733581543, 12588.0
24.859076976776123, 12606.0
24.892550945281982, 12635.0
24.898542881011963, 12636.0
24.936399936676025, 12652.0
24.98427391052246, 12714.0
25.067604064941406, 12715.0
25.496782779693604, 12832.0
25.530240774154663, 12845.0
25.560486793518066, 12936.0
25.6502468585968, 12966.0
25.665754795074463, 13020.0
25.72310185432434, 13081.0
25.780897855758667, 13085.0
26.679704904556274, 13146.0
26.817529916763306, 13186.0
26.95847773551941, 13201.0
27.22434377670288, 13288.0
27.814079999923706, 13303.0
28.016121864318848, 13319.0
28.06544280052185, 13321.0
28.1015408039093, 13339.0
28.10952877998352, 13368.0
28.15964698791504, 13434.0
28.17254400253296, 13446.0
28.662056922912598, 13458.0
28.66662573814392, 13459.0
29.51467490196228, 13475.0
29.63549494743347, 13650.0
30.0706787109375, 13652.0
31.27886700630188, 13669.0
31.931880950927734, 13718.0
32.36514377593994, 13746.0
33.03846096992493, 13767.0
33.20881986618042, 13811.0
33.66497492790222, 13812.0
34.243812799453735, 13852.0
34.78645896911621, 13853.0
