0.00012087821960449219, 570.0
0.00023698806762695312, 1403.0
0.0003497600555419922, 2063.0
0.0004620552062988281, 2277.0
0.0034637451171875, 3001.0
0.006086111068725586, 3478.0
0.016067981719970703, 3604.0
0.019743919372558594, 3706.0
0.025861024856567383, 3901.0
0.030746936798095703, 4465.0
0.0383458137512207, 4634.0
0.0396420955657959, 4916.0
0.04393577575683594, 5044.0
0.04504799842834473, 5716.0
0.046716928482055664, 6575.0
0.06111407279968262, 6891.0
0.061541080474853516, 7271.0
0.06175494194030762, 7808.0
0.07093596458435059, 7940.0
0.08391284942626953, 8253.0
0.0868978500366211, 8724.0
0.09358000755310059, 8906.0
0.0936880111694336, 9102.0
0.10020971298217773, 9289.0
0.10265111923217773, 10220.0
0.10328888893127441, 10481.0
0.10382890701293945, 11148.0
0.10406279563903809, 11301.0
0.10416984558105469, 12190.0
0.1042790412902832, 12415.0
0.1063227653503418, 13185.0
0.24058270454406738, 13608.0
0.2516319751739502, 13698.0
0.2527017593383789, 14104.0
0.25465893745422363, 14352.0
0.2653648853302002, 14409.0
0.26558494567871094, 15320.0
0.2685518264770508, 15942.0
0.2706789970397949, 16028.0
0.4073047637939453, 16249.0
0.4084959030151367, 16444.0
1.6412749290466309, 16483.0
1.7016010284423828, 16883.0
1.7099649906158447, 17084.0
2.3971450328826904, 17281.0
2.411498785018921, 17478.0
2.8309407234191895, 17764.0
2.836505889892578, 18615.0
2.839380979537964, 19179.0
2.8447747230529785, 19478.0
2.8452987670898438, 20409.0
4.3660500049591064, 20445.0
4.376514911651611, 20581.0
4.3814308643341064, 21221.0
4.55133581161499, 21394.0
4.561378002166748, 22029.0
4.693243026733398, 22688.0
4.693553924560547, 22970.0
4.697655916213989, 23266.0
5.102886915206909, 23376.0
5.482987880706787, 23389.0
5.490367889404297, 23864.0
5.609710931777954, 23953.0
5.631518840789795, 24148.0
5.678096055984497, 24276.0
6.24906587600708, 24500.0
6.520123720169067, 24651.0
