0.049530029296875, 3054.0
0.08696889877319336, 3173.0
0.1245567798614502, 3295.0
0.16208386421203613, 3295.0
0.19965100288391113, 3295.0
0.23725509643554688, 3414.0
0.27497291564941406, 3414.0
0.31269311904907227, 3455.0
0.3504951000213623, 3551.0
0.3882780075073242, 3551.0
0.42621803283691406, 3551.0
0.4642789363861084, 3616.0
0.5040349960327148, 3775.0
0.5422811508178711, 3775.0
0.5806300640106201, 3809.0
0.618988037109375, 3896.0
0.6574709415435791, 3896.0
0.6959471702575684, 3906.0
0.7344551086425781, 3918.0
0.7730681896209717, 4077.0
0.8117120265960693, 4077.0
0.8513228893280029, 4077.0
0.8900570869445801, 4082.0
0.9287161827087402, 4134.0
0.9679031372070312, 4151.0
1.0068471431732178, 4151.0
1.0465528964996338, 4155.0
1.085230827331543, 4303.0
1.123857021331787, 4303.0
1.1626319885253906, 4303.0
1.2013678550720215, 4303.0
1.240048885345459, 4303.0
1.2788381576538086, 4303.0
1.317601203918457, 4303.0
1.3563930988311768, 4303.0
1.3952038288116455, 4303.0
1.4340670108795166, 4303.0
1.47294282913208, 4303.0
1.5117928981781006, 4303.0
1.5506350994110107, 4322.0
1.5899322032928467, 4322.0
1.6290109157562256, 4322.0
1.668097972869873, 4322.0
1.7069787979125977, 4322.0
1.7459537982940674, 4322.0
1.7848808765411377, 4322.0
1.8238811492919922, 4323.0
1.8628671169281006, 4323.0
1.9017839431762695, 4323.0
1.9408040046691895, 4323.0
1.9797608852386475, 4323.0
2.0187668800354004, 4323.0
2.0577428340911865, 4323.0
2.0966930389404297, 4323.0
2.135730028152466, 4323.0
2.174708127975464, 4323.0
2.2137138843536377, 4323.0
2.252810001373291, 4323.0
2.291901111602783, 4323.0
2.3309450149536133, 4323.0
2.370002031326294, 4323.0
2.409101963043213, 4323.0
2.448172092437744, 4323.0
2.48724102973938, 4323.0
2.5274770259857178, 4323.0
2.5665879249572754, 4323.0
2.605674982070923, 4323.0
2.6446008682250977, 4323.0
2.683669090270996, 4323.0
2.7226529121398926, 4323.0
2.761655807495117, 4323.0
2.8006370067596436, 4323.0
2.83976411819458, 4323.0
2.8790879249572754, 4323.0
2.9181020259857178, 4323.0
2.9571380615234375, 4323.0
2.996134042739868, 4323.0
3.0351650714874268, 4323.0
3.074193000793457, 4323.0
3.1132020950317383, 4323.0
3.1522440910339355, 4323.0
3.1914100646972656, 4323.0
3.2312910556793213, 4323.0
3.2713088989257812, 4323.0
3.3112940788269043, 4323.0
3.3513059616088867, 4323.0
3.3928909301757812, 4323.0
3.4335598945617676, 4323.0
3.473452091217041, 4323.0
3.5133798122406006, 4323.0
3.5533220767974854, 4323.0
3.5935449600219727, 4323.0
3.633877992630005, 4323.0
3.6743781566619873, 4323.0
3.7147631645202637, 4323.0
3.7538881301879883, 4323.0
3.7930030822753906, 4323.0
3.832152843475342, 4323.0
3.871279001235962, 4323.0
3.9103949069976807, 4323.0
3.949566125869751, 4323.0
3.988708972930908, 4323.0
4.027745962142944, 4323.0
4.066926002502441, 4323.0
4.106061935424805, 4323.0
4.145121097564697, 4323.0
4.184133052825928, 4323.0
4.223262071609497, 4323.0
4.262349843978882, 4323.0
4.301577091217041, 4323.0
4.340847969055176, 4323.0
4.380086183547974, 4323.0
4.419275999069214, 4323.0
4.4584641456604, 4323.0
4.497596979141235, 4323.0
4.536801815032959, 4323.0
4.577022075653076, 4323.0
4.6161558628082275, 4323.0
4.655288934707642, 4323.0
4.6951680183410645, 4323.0
4.7354090213775635, 4323.0
4.7754600048065186, 4323.0
4.815585136413574, 4323.0
4.857213973999023, 4323.0
4.897737979888916, 4323.0
4.937669038772583, 4323.0
4.977627992630005, 4323.0
5.017558813095093, 4323.0
5.057682037353516, 4323.0
5.098124980926514, 4323.0
5.138991832733154, 4323.0
5.180510997772217, 4323.0
5.2219531536102295, 4323.0
5.263247013092041, 4323.0
5.303138971328735, 4323.0
5.342192888259888, 4323.0
5.381396055221558, 4323.0
5.420609951019287, 4323.0
5.459729909896851, 4323.0
5.498814105987549, 4323.0
5.537786960601807, 4323.0
5.576886177062988, 4323.0
5.615936040878296, 4323.0
5.655077934265137, 4323.0
5.694048166275024, 4323.0
5.73297119140625, 4323.0
5.771943092346191, 4323.0
5.810863971710205, 4323.0
5.850113153457642, 4323.0
5.889089107513428, 4323.0
5.928012132644653, 4323.0
5.966887950897217, 4323.0
6.005858898162842, 4323.0
6.045782804489136, 4323.0
6.084676027297974, 4323.0
6.123615026473999, 4323.0
6.16251802444458, 4323.0
6.201531887054443, 4323.0
6.240427017211914, 4323.0
6.279287099838257, 4323.0
6.3183019161224365, 4323.0
6.357177972793579, 4323.0
6.396077871322632, 4323.0
6.4349610805511475, 4323.0
6.473819971084595, 4323.0
6.512790203094482, 4325.0
6.551677942276001, 4325.0
6.592227935791016, 4325.0
6.631644010543823, 4325.0
6.670796871185303, 4326.0
6.709979057312012, 4326.0
6.749196767807007, 4326.0
6.788435935974121, 4326.0
6.827660083770752, 4326.0
6.866887092590332, 4326.0
6.90604305267334, 4326.0
6.945244073867798, 4326.0
6.9843339920043945, 4326.0
7.023500919342041, 4326.0
7.062664985656738, 4326.0
7.101890802383423, 4326.0
7.140979051589966, 4326.0
7.1801369190216064, 4326.0
7.219357013702393, 4326.0
7.258551836013794, 4326.0
7.297692060470581, 4326.0
7.336806058883667, 4326.0
7.375991106033325, 4326.0
7.415195941925049, 4326.0
7.454292058944702, 4326.0
7.493438005447388, 4326.0
7.532516956329346, 4326.0
7.571613073348999, 4326.0
7.610717058181763, 4326.0
7.649827003479004, 4326.0
7.688949108123779, 4326.0
7.727993011474609, 4326.0
7.767040014266968, 4326.0
7.806121110916138, 4326.0
7.845260858535767, 4326.0
7.884321928024292, 4326.0
