0.018872737884521484, 1353.0
0.03403067588806152, 1353.0
0.0491948127746582, 1353.0
0.06441187858581543, 1426.0
0.07960176467895508, 1426.0
0.09487581253051758, 1426.0
0.11007285118103027, 1447.0
0.12549400329589844, 1447.0
0.1408388614654541, 1447.0
0.15624499320983887, 1542.0
0.1716468334197998, 1542.0
0.18712592124938965, 1565.0
0.20251965522766113, 1565.0
0.21792197227478027, 1565.0
0.23337292671203613, 1565.0
0.24889278411865234, 1565.0
0.26430797576904297, 1565.0
0.2797517776489258, 1565.0
0.2952127456665039, 1565.0
0.31072378158569336, 1565.0
0.32625794410705566, 1565.0
0.341825008392334, 1565.0
0.35748982429504395, 1565.0
0.37307167053222656, 1565.0
0.388657808303833, 1565.0
0.40425705909729004, 1565.0
0.41983485221862793, 1565.0
0.43538475036621094, 1565.0
0.4512927532196045, 1565.0
0.466876745223999, 1565.0
0.4825148582458496, 1565.0
0.49817705154418945, 1565.0
0.513969898223877, 1565.0
0.5295348167419434, 1565.0
0.5451529026031494, 1565.0
0.560797929763794, 1565.0
0.5767889022827148, 1565.0
0.5934178829193115, 1565.0
0.6100428104400635, 1565.0
0.6266129016876221, 1565.0
0.6431736946105957, 1565.0
0.6597738265991211, 1565.0
0.6762778759002686, 1565.0
0.6925108432769775, 1565.0
0.7085878849029541, 1565.0
0.7246227264404297, 1565.0
0.7406289577484131, 1565.0
0.7566728591918945, 1565.0
0.772629976272583, 1565.0
0.7886548042297363, 1565.0
0.8047487735748291, 1565.0
0.8211147785186768, 1565.0
0.8377537727355957, 1565.0
0.8543508052825928, 1565.0
0.8707177639007568, 1565.0
0.8866708278656006, 1565.0
0.9026007652282715, 1565.0
0.9185328483581543, 1565.0
0.9344167709350586, 1565.0
0.9506118297576904, 1565.0
0.9666659832000732, 1565.0
0.9827048778533936, 1565.0
0.9991848468780518, 1565.0
1.0156159400939941, 1565.0
1.0316798686981201, 1565.0
1.047818899154663, 1565.0
1.0639379024505615, 1565.0
1.0801188945770264, 1565.0
1.0965638160705566, 1565.0
1.1127607822418213, 1565.0
1.1292688846588135, 1565.0
1.1458256244659424, 1565.0
1.1623239517211914, 1565.0
1.1786818504333496, 1565.0
1.194523811340332, 1565.0
1.2102677822113037, 1565.0
1.2259409427642822, 1565.0
1.2416009902954102, 1565.0
1.2572076320648193, 1565.0
1.2733018398284912, 1565.0
1.2890686988830566, 1565.0
1.304724931716919, 1565.0
1.3204176425933838, 1565.0
1.3361096382141113, 1565.0
1.3518147468566895, 1565.0
1.3675079345703125, 1565.0
1.3831899166107178, 1565.0
1.3988900184631348, 1565.0
1.414538860321045, 1565.0
1.4302079677581787, 1565.0
1.4458889961242676, 1565.0
1.461629867553711, 1565.0
1.4779777526855469, 1565.0
1.494349718093872, 1565.0
1.5100898742675781, 1565.0
1.5257599353790283, 1565.0
1.541402816772461, 1565.0
1.5571248531341553, 1565.0
1.572814702987671, 1565.0
1.5885019302368164, 1565.0
1.604247808456421, 1565.0
1.6199119091033936, 1565.0
1.635572910308838, 1565.0
1.6512408256530762, 1565.0
1.6669397354125977, 1565.0
1.682628870010376, 1565.0
1.6982948780059814, 1565.0
1.7139778137207031, 1565.0
1.7296528816223145, 1565.0
1.7453460693359375, 1565.0
1.7610187530517578, 1565.0
1.7767276763916016, 1565.0
1.7924308776855469, 1565.0
1.808135747909546, 1565.0
1.8237979412078857, 1565.0
1.8395047187805176, 1565.0
1.8552167415618896, 1565.0
1.8708808422088623, 1565.0
1.8865268230438232, 1565.0
1.90218186378479, 1565.0
1.9178407192230225, 1565.0
1.9334988594055176, 1565.0
1.9491357803344727, 1565.0
1.9648146629333496, 1565.0
1.9804699420928955, 1565.0
1.9963200092315674, 1565.0
2.01203989982605, 1565.0
2.027707815170288, 1565.0
2.043388843536377, 1565.0
2.059041738510132, 1565.0
2.074694871902466, 1565.0
2.0904078483581543, 1565.0
2.106052875518799, 1565.0
2.1216869354248047, 1565.0
2.1373298168182373, 1565.0
2.1530039310455322, 1565.0
2.1686577796936035, 1565.0
2.1843369007110596, 1565.0
2.200002670288086, 1565.0
2.215740919113159, 1565.0
2.2313947677612305, 1565.0
2.2470409870147705, 1565.0
2.262709856033325, 1565.0
2.2783706188201904, 1565.0
2.2940196990966797, 1565.0
2.3096656799316406, 1565.0
2.325312852859497, 1565.0
2.34098482131958, 1565.0
2.356691837310791, 1565.0
2.3723247051239014, 1565.0
2.3879690170288086, 1565.0
2.4036717414855957, 1565.0
2.419426679611206, 1565.0
2.4351248741149902, 1565.0
2.45082688331604, 1565.0
2.4665029048919678, 1565.0
2.482219934463501, 1565.0
2.4979028701782227, 1565.0
2.5135788917541504, 1565.0
2.529240846633911, 1565.0
2.5448896884918213, 1565.0
2.5605247020721436, 1565.0
2.576201915740967, 1565.0
2.5918729305267334, 1565.0
2.6075167655944824, 1565.0
2.6232218742370605, 1565.0
2.638885736465454, 1565.0
2.6546130180358887, 1565.0
2.6702778339385986, 1565.0
2.6859447956085205, 1565.0
2.7015700340270996, 1565.0
2.717888832092285, 1565.0
2.734473943710327, 1565.0
2.7502777576446533, 1565.0
2.765936851501465, 1565.0
2.7816877365112305, 1565.0
2.7973408699035645, 1565.0
2.813014030456543, 1565.0
2.828697681427002, 1565.0
2.844381809234619, 1565.0
2.860215663909912, 1565.0
2.8758468627929688, 1565.0
2.8914878368377686, 1565.0
2.9071617126464844, 1565.0
2.9228060245513916, 1565.0
2.9384357929229736, 1565.0
2.954119920730591, 1565.0
2.9697468280792236, 1565.0
2.98538875579834, 1580.0
3.0010018348693848, 1580.0
3.0170249938964844, 1580.0
3.0327088832855225, 1580.0
3.048348903656006, 1580.0
3.06404185295105, 1580.0
3.0796728134155273, 1580.0
3.095294952392578, 1581.0
3.1109988689422607, 1581.0
3.1267199516296387, 1581.0
3.1426639556884766, 1581.0
3.1588027477264404, 1581.0
3.174928903579712, 1581.0
