0.0004119873046875, 431.0
0.0008189678192138672, 1348.0
0.0012238025665283203, 1623.0
0.0016341209411621094, 2106.0
0.0020427703857421875, 2940.0
0.0024471282958984375, 3363.0
0.0028519630432128906, 3569.0
0.003259897232055664, 3946.0
0.0036649703979492188, 3982.0
0.004075050354003906, 4844.0
0.0044841766357421875, 4997.0
0.004895925521850586, 5206.0
0.005304098129272461, 5928.0
0.005708932876586914, 6875.0
0.006114006042480469, 7128.0
0.006544828414916992, 7910.0
0.0069828033447265625, 8641.0
0.007395029067993164, 9454.0
0.008634090423583984, 9773.0
0.022288799285888672, 9774.0
0.03608083724975586, 9843.0
0.07343196868896484, 9844.0
0.10486507415771484, 9913.0
0.11203885078430176, 9914.0
0.11958193778991699, 9915.0
0.13471198081970215, 10048.0
0.14306092262268066, 10049.0
0.7925310134887695, 10119.0
0.8001110553741455, 10120.0
0.9350728988647461, 10136.0
0.9558558464050293, 10170.0
0.9796428680419922, 10271.0
0.985220193862915, 10309.0
1.0034849643707275, 10310.0
1.016930103302002, 10547.0
1.4838550090789795, 10583.0
1.4874329566955566, 10618.0
1.5181388854980469, 10688.0
1.7300479412078857, 10723.0
1.7316479682922363, 10724.0
1.7396211624145508, 10831.0
1.7404229640960693, 10970.0
1.8757209777832031, 10973.0
1.8959500789642334, 10983.0
1.8987340927124023, 11048.0
1.9015300273895264, 11224.0
2.1379709243774414, 11270.0
2.3632419109344482, 11329.0
2.443214178085327, 11352.0
2.4471731185913086, 11416.0
2.456684112548828, 11526.0
2.4637999534606934, 11652.0
15.585029125213623, 11724.0
15.60208797454834, 11742.0
16.722687005996704, 11784.0
20.52175998687744, 11827.0
20.63896083831787, 11852.0
20.81098699569702, 11908.0
21.019625902175903, 11951.0
21.08737301826477, 12047.0
21.08976411819458, 12137.0
21.784178972244263, 12234.0
21.784976959228516, 12373.0
21.79373598098755, 12440.0
21.813159942626953, 12442.0
21.870840072631836, 12560.0
21.87323808670044, 12584.0
21.874831199645996, 12585.0
23.18287491798401, 12591.0
23.210270881652832, 12703.0
23.48998498916626, 12756.0
23.51571798324585, 12765.0
23.598756074905396, 12778.0
23.641180992126465, 12815.0
23.659400939941406, 12890.0
23.682329177856445, 12961.0
23.692646980285645, 13056.0
23.762936115264893, 13149.0
23.774876832962036, 13150.0
23.782809019088745, 13278.0
23.78838300704956, 13295.0
23.841560125350952, 13331.0
23.898650884628296, 13373.0
24.120126962661743, 13448.0
24.134788036346436, 13588.0
24.135591983795166, 13589.0
24.17629909515381, 13593.0
25.33620309829712, 13643.0
25.33660888671875, 13696.0
25.707842111587524, 13735.0
25.79379892349243, 13770.0
25.961785078048706, 13806.0
25.99584984779358, 13857.0
26.21033811569214, 13892.0
26.216831922531128, 13995.0
26.219691038131714, 13996.0
26.25172781944275, 14071.0
26.254567861557007, 14072.0
26.49604892730713, 14091.0
26.545907974243164, 14183.0
26.61180591583252, 14251.0
27.132186889648438, 14288.0
27.149032831192017, 14306.0
27.220977783203125, 14385.0
27.84440302848816, 14394.0
27.84878396987915, 14395.0
29.13285803794861, 14399.0
29.57333993911743, 14476.0
29.58647918701172, 14599.0
29.693578958511353, 14618.0
29.6939799785614, 14630.0
29.69957184791565, 14631.0
29.78155016899109, 14632.0
30.629052877426147, 14716.0
30.891464948654175, 14728.0
30.908926963806152, 14745.0
30.956218957901, 14746.0
30.976917028427124, 14747.0
31.11768078804016, 14758.0
31.52427101135254, 14771.0
32.4111750125885, 14779.0
32.484246015548706, 14780.0
34.06471085548401, 14802.0
34.18758988380432, 14803.0
34.22707796096802, 14805.0
36.75669813156128, 14900.0
37.186318159103394, 14901.0
37.28799104690552, 14902.0
38.50439095497131, 14910.0
38.95728302001953, 14911.0
39.21197199821472, 14912.0
