0.00202178955078125, 246.0
0.004089832305908203, 454.0
0.0061187744140625, 1307.0
0.008127927780151367, 2006.0
0.010144948959350586, 2733.0
0.012157917022705078, 3163.0
0.014170646667480469, 3851.0
0.016182899475097656, 4170.0
0.018182754516601562, 4175.0
0.020184755325317383, 4350.0
0.02218484878540039, 5305.0
0.024194002151489258, 5591.0
0.026196956634521484, 5722.0
0.028198719024658203, 6723.0
0.030189037322998047, 7677.0
0.03219294548034668, 8397.0
0.034188032150268555, 8708.0
0.03619194030761719, 8968.0
0.038197994232177734, 9326.0
0.04019570350646973, 9874.0
0.042215824127197266, 10557.0
0.04421091079711914, 10712.0
0.04620790481567383, 10947.0
0.048201799392700195, 11763.0
0.05020880699157715, 12400.0
0.05219578742980957, 12705.0
0.054199934005737305, 13259.0
0.05619978904724121, 13810.0
0.05823087692260742, 14510.0
0.060248613357543945, 14739.0
0.06225085258483887, 15132.0
0.0642397403717041, 15434.0
0.06623482704162598, 16289.0
0.06822705268859863, 16601.0
0.07021784782409668, 17008.0
0.07225179672241211, 17955.0
0.0742499828338623, 18531.0
0.07625174522399902, 19075.0
0.07825684547424316, 19213.0
0.08025383949279785, 20107.0
0.08224081993103027, 20830.0
0.08423876762390137, 20831.0
0.08623671531677246, 20995.0
0.0882258415222168, 21966.0
0.09022688865661621, 22333.0
0.09221696853637695, 23242.0
0.09421086311340332, 23744.0
0.09620285034179688, 24604.0
0.09819698333740234, 25376.0
0.10019302368164062, 25926.0
0.10219788551330566, 26804.0
0.10419988632202148, 26829.0
0.10622000694274902, 27013.0
0.1082148551940918, 27654.0
0.11022090911865234, 28729.0
0.1122128963470459, 29505.0
0.1141958236694336, 30436.0
0.11618971824645996, 31435.0
0.11817598342895508, 32361.0
0.12016677856445312, 32883.0
0.12215971946716309, 33206.0
0.12414193153381348, 33468.0
0.1261277198791504, 34303.0
0.12812280654907227, 34721.0
0.13010573387145996, 35225.0
0.13208985328674316, 35722.0
0.13407468795776367, 36250.0
0.13605499267578125, 36581.0
0.13807368278503418, 36851.0
0.1400737762451172, 37650.0
0.14205384254455566, 38646.0
0.14410781860351562, 39602.0
0.14609980583190918, 39675.0
0.14807701110839844, 39789.0
0.1500568389892578, 40234.0
0.1520378589630127, 40924.0
0.1540389060974121, 41703.0
0.1560368537902832, 42227.0
0.15803003311157227, 43037.0
0.1600019931793213, 43395.0
0.1619887351989746, 43409.0
0.16396594047546387, 43542.0
0.16594290733337402, 43857.0
0.16792082786560059, 44660.0
0.1698918342590332, 45600.0
0.17187786102294922, 46553.0
0.17387080192565918, 47377.0
0.17585468292236328, 48060.0
0.17782974243164062, 48405.0
0.17983293533325195, 48590.0
0.1818099021911621, 49339.0
0.18378686904907227, 49676.0
0.18578886985778809, 49677.0
0.18776798248291016, 50330.0
0.19363188743591309, 50813.0
0.19754791259765625, 50939.0
1.4902069568634033, 50966.0
1.7233798503875732, 50967.0
1.7386927604675293, 51006.0
1.937708854675293, 51018.0
2.2100648880004883, 51076.0
2.542841672897339, 51083.0
5.090429782867432, 51108.0
5.159859895706177, 51191.0
5.180482864379883, 51345.0
5.186152935028076, 51386.0
5.242340803146362, 51462.0
5.6402387619018555, 51472.0
5.664188861846924, 51539.0
5.758561849594116, 51648.0
5.779209852218628, 51649.0
6.063333749771118, 51710.0
6.486525774002075, 51757.0
6.6044769287109375, 51758.0
6.614120960235596, 51843.0
6.756140947341919, 51870.0
6.783037900924683, 51961.0
7.124913692474365, 51963.0
7.153796672821045, 52018.0
7.180713891983032, 52155.0
7.275604963302612, 52182.0
7.378880977630615, 52304.0
7.62163782119751, 52377.0
7.6254799365997314, 52495.0
7.788333892822266, 52500.0
7.7902867794036865, 52562.0
7.81106972694397, 52660.0
7.865971803665161, 52716.0
8.41718602180481, 52730.0
8.534621715545654, 52766.0
8.797783851623535, 52813.0
13.976009845733643, 52820.0
14.348998785018921, 52847.0
14.595578670501709, 52850.0
14.823339939117432, 52852.0
14.840320825576782, 52853.0
18.236857652664185, 52915.0
18.66508388519287, 52926.0
18.95937991142273, 52944.0
19.055440664291382, 52967.0
22.42061686515808, 52999.0
24.073580980300903, 53126.0
24.203919649124146, 53127.0
24.31386685371399, 53152.0
24.339939832687378, 53185.0
24.345569849014282, 53195.0
24.349334001541138, 53203.0
24.81291890144348, 53257.0
24.943251848220825, 53266.0
24.99163579940796, 53284.0
25.056802988052368, 53332.0
27.741423845291138, 53340.0
27.7842218875885, 53349.0
27.918100833892822, 53491.0
28.30666995048523, 53571.0
28.41996479034424, 53598.0
28.7252516746521, 53650.0
29.186133861541748, 53681.0
29.219640970230103, 53698.0
29.221540689468384, 53836.0
29.377678632736206, 53892.0
29.43527388572693, 53895.0
29.515142679214478, 53896.0
30.722155809402466, 53928.0
30.74260663986206, 54015.0
30.837288856506348, 54039.0
30.86704182624817, 54086.0
30.887552976608276, 54138.0
30.906144857406616, 54154.0
42.244760036468506, 54179.0
42.29760789871216, 54229.0
42.31460785865784, 54268.0
42.63929080963135, 54286.0
42.814897775650024, 54297.0
42.85834884643555, 54308.0
43.37209892272949, 54388.0
43.385318756103516, 54389.0
43.53031873703003, 54418.0
43.976322889328, 54594.0
44.00747585296631, 54697.0
46.385934829711914, 54784.0
46.3918399810791, 54800.0
46.46792697906494, 54886.0
46.48547387123108, 54949.0
46.49332594871521, 54971.0
46.596428871154785, 55047.0
46.79472780227661, 55090.0
46.79669976234436, 55136.0
47.48638677597046, 55137.0
47.51133179664612, 55281.0
47.5363028049469, 55434.0
47.65328788757324, 55440.0
47.68019199371338, 55441.0
48.01399874687195, 55503.0
48.07820677757263, 55513.0
48.15740990638733, 55570.0
48.16511583328247, 55571.0
48.72904086112976, 55591.0
48.82675290107727, 55723.0
48.861265897750854, 55724.0
86.11164593696594, 55827.0
86.14424681663513, 55857.0
86.1576817035675, 55870.0
86.18069076538086, 55932.0
86.20755076408386, 55933.0
86.23438382148743, 55944.0
86.92747473716736, 55951.0
87.04999685287476, 55971.0
87.08834195137024, 55974.0
87.14389872550964, 55986.0
87.51145577430725, 56060.0
87.60527777671814, 56071.0
87.62443685531616, 56127.0
87.66466283798218, 56186.0
87.78137373924255, 56188.0
88.49688291549683, 56212.0
88.8067798614502, 56250.0
88.80872964859009, 56327.0
88.82806491851807, 56362.0
88.90556478500366, 56366.0
88.92856478691101, 56408.0
89.34769678115845, 56431.0
89.69794082641602, 56535.0
89.74577474594116, 56575.0
89.85491180419922, 56643.0
89.96412897109985, 56710.0
89.97372388839722, 56783.0
90.4849636554718, 56864.0
91.45377397537231, 56938.0
91.49983477592468, 57017.0
91.62446689605713, 57023.0
94.11480379104614, 57245.0
94.15919995307922, 57405.0
94.1900908946991, 57465.0
94.65889406204224, 57481.0
94.70133590698242, 57482.0
94.90411281585693, 57602.0
94.98636889457703, 57604.0
95.02329277992249, 57658.0
95.23192691802979, 57684.0
95.33630275726318, 57786.0
95.56575775146484, 57862.0
103.11690902709961, 57865.0
103.34920883178711, 58009.0
109.00133180618286, 58043.0
109.03010201454163, 58044.0
109.05689477920532, 58114.0
109.0588448047638, 58199.0
110.95959973335266, 58200.0
111.00921487808228, 58237.0
111.1619598865509, 58238.0
111.19331574440002, 58248.0
111.40947484970093, 58370.0
111.41147589683533, 58460.0
111.435054063797, 58461.0
111.82672381401062, 58483.0
111.83837580680847, 58586.0
111.86548399925232, 58662.0
112.0681529045105, 58744.0
116.96351480484009, 58757.0
117.51025891304016, 58769.0
117.59441566467285, 58770.0
117.75089573860168, 58866.0
120.8611466884613, 58886.0
120.87852573394775, 58953.0
121.2210648059845, 59048.0
122.01055574417114, 59060.0
122.02622485160828, 59086.0
122.15137887001038, 59122.0
122.18073582649231, 59123.0
123.40473175048828, 59177.0
123.44885396957397, 59210.0
123.62432980537415, 59267.0
123.94644975662231, 59360.0
123.96567487716675, 59447.0
124.19580483436584, 59539.0
124.28021883964539, 59636.0
124.50299072265625, 59694.0
124.68143773078918, 59706.0
125.20663070678711, 59735.0
125.50608587265015, 59770.0
125.65983295440674, 59771.0
125.66367292404175, 59793.0
125.82884764671326, 59832.0
126.23334980010986, 59931.0
126.58189105987549, 59979.0
126.72095084190369, 59980.0
126.79599785804749, 60065.0
126.83263087272644, 60164.0
126.9646110534668, 60170.0
127.1329619884491, 60186.0
127.32698583602905, 60281.0
128.27567195892334, 60331.0
128.32777786254883, 60370.0
128.7971429824829, 60371.0
128.9674916267395, 60398.0
129.1413450241089, 60399.0
129.39258885383606, 60406.0
132.47966885566711, 60454.0
132.68411493301392, 60455.0
132.73422002792358, 60456.0
132.97116899490356, 60489.0
133.31951689720154, 60622.0
133.38692593574524, 60744.0
133.58347177505493, 60833.0
133.63165473937988, 60871.0
133.73710680007935, 60916.0
135.19710779190063, 60969.0
135.36430883407593, 60970.0
135.66757702827454, 61008.0
136.4642379283905, 61075.0
136.57959699630737, 61076.0
136.72185277938843, 61077.0
137.01208066940308, 61129.0
137.03908777236938, 61130.0
137.29472875595093, 61184.0
137.45064973831177, 61257.0
137.5429527759552, 61325.0
138.0246126651764, 61359.0
138.60239100456238, 61385.0
139.440673828125, 61471.0
139.5982949733734, 61495.0
139.61370372772217, 61496.0
142.61772894859314, 61589.0
142.66939187049866, 61606.0
142.749746799469, 61701.0
143.20734477043152, 61702.0
143.7065978050232, 61767.0
143.88257884979248, 61821.0
145.2697458267212, 61865.0
145.8064796924591, 61872.0
146.3144257068634, 61956.0
147.34018301963806, 62045.0
147.98003673553467, 62122.0
148.0346097946167, 62205.0
148.1362338066101, 62267.0
150.47353792190552, 62319.0
150.5196180343628, 62320.0
150.7593846321106, 62474.0
151.762836933136, 62490.0
152.2023048400879, 62574.0
152.22017288208008, 62575.0
152.64188480377197, 62576.0
153.26625990867615, 62577.0
153.3087968826294, 62578.0
153.6375379562378, 62670.0
154.13337182998657, 62689.0
154.18176078796387, 62773.0
162.07840299606323, 62775.0
162.28830790519714, 62801.0
162.6751527786255, 62802.0
164.09801483154297, 62943.0
164.9563729763031, 62944.0
165.79635977745056, 63067.0
166.18640875816345, 63068.0
167.46343684196472, 63125.0
167.53458404541016, 63126.0
167.80900382995605, 63127.0
167.8820469379425, 63166.0
167.96654200553894, 63167.0
171.21068286895752, 63168.0
171.4997696876526, 63179.0
171.5305998325348, 63258.0
171.89068794250488, 63347.0
172.04288291931152, 63348.0
172.28164196014404, 63416.0
172.57148385047913, 63417.0
175.35813188552856, 63422.0
178.79808688163757, 63511.0
179.39720177650452, 63565.0
180.17348289489746, 63633.0
180.63674187660217, 63634.0
181.0566098690033, 63644.0
185.3523199558258, 63708.0
185.42229080200195, 63719.0
185.65765690803528, 63720.0
187.32187175750732, 63721.0
187.91394686698914, 63733.0
188.10155487060547, 63734.0
188.88357877731323, 63742.0
189.69682383537292, 63743.0
189.7083456516266, 63744.0
