0.13490509986877441, 14601.0
0.21361994743347168, 15525.0
0.29377198219299316, 15525.0
0.3736889362335205, 17213.0
0.45289182662963867, 17761.0
0.5403037071228027, 17835.0
0.6203968524932861, 19274.0
0.6993138790130615, 20898.0
0.7780449390411377, 22938.0
0.8556389808654785, 24853.0
0.9329147338867188, 25270.0
1.0105547904968262, 26726.0
1.0896689891815186, 28213.0
1.167367935180664, 28375.0
1.2453207969665527, 29845.0
1.3238599300384521, 29845.0
1.402338981628418, 30406.0
1.4821288585662842, 32368.0
1.5637507438659668, 32807.0
1.6440308094024658, 33415.0
1.7234528064727783, 34268.0
1.8026459217071533, 34816.0
1.881854772567749, 34816.0
1.960479974746704, 36040.0
2.040079116821289, 38474.0
2.122457981109619, 38474.0
2.204411745071411, 38474.0
2.2861199378967285, 38720.0
2.366856813430786, 39667.0
2.448072910308838, 39667.0
2.5291037559509277, 39741.0
2.6120638847351074, 40120.0
2.6926519870758057, 41281.0
2.7721199989318848, 42266.0
2.8517088890075684, 42266.0
2.931298017501831, 43491.0
3.0109827518463135, 43491.0
3.0943610668182373, 43491.0
3.175442934036255, 43918.0
3.2587697505950928, 45619.0
3.3445608615875244, 45619.0
3.4322617053985596, 45619.0
3.517148733139038, 45619.0
3.60361385345459, 45619.0
3.6885387897491455, 46350.0
3.7740039825439453, 46771.0
3.858660936355591, 46926.0
3.942983865737915, 47572.0
4.0274128913879395, 47572.0
4.113187074661255, 48152.0
4.197582960128784, 48152.0
4.2817699909210205, 48895.0
4.366085767745972, 48895.0
4.45064377784729, 50062.0
4.53467583656311, 50062.0
4.61855411529541, 50062.0
4.705834865570068, 50062.0
4.7906458377838135, 50338.0
4.8799049854278564, 50417.0
4.968100070953369, 50771.0
5.0620667934417725, 51091.0
5.150369882583618, 51091.0
5.240095853805542, 51091.0
5.329044818878174, 51091.0
5.415631055831909, 51220.0
5.500963926315308, 51781.0
5.585287809371948, 51781.0
5.6713011264801025, 51781.0
5.753398895263672, 51781.0
5.8350958824157715, 51781.0
5.916996002197266, 51834.0
5.998766899108887, 52069.0
6.082683801651001, 52069.0
6.1642889976501465, 52069.0
6.24596095085144, 52069.0
6.327553987503052, 52069.0
6.411805868148804, 52382.0
6.494334936141968, 52382.0
6.576603889465332, 52548.0
6.664164066314697, 52548.0
6.750005006790161, 52548.0
6.833945989608765, 52548.0
6.915878772735596, 52654.0
7.000351905822754, 53095.0
7.087409734725952, 53095.0
7.1713221073150635, 53095.0
7.253699064254761, 53095.0
7.336758852005005, 53203.0
7.4349799156188965, 53250.0
7.519664764404297, 53250.0
7.6022047996521, 53250.0
7.685413122177124, 53250.0
7.771283864974976, 53250.0
7.856640815734863, 53250.0
7.941719055175781, 53250.0
8.027137041091919, 53250.0
8.113029718399048, 53565.0
8.196270942687988, 53565.0
8.278266668319702, 53565.0
8.361771821975708, 53565.0
8.447402954101562, 53565.0
8.53283405303955, 53565.0
8.61693000793457, 53565.0
8.704393863677979, 53565.0
8.787852048873901, 53565.0
8.869953870773315, 53565.0
8.952343940734863, 53565.0
9.038821697235107, 53565.0
9.137101888656616, 53565.0
9.223005771636963, 53565.0
9.309183835983276, 53565.0
9.39211106300354, 53565.0
9.474299907684326, 53565.0
9.556066989898682, 53565.0
9.637621879577637, 53565.0
9.71918797492981, 53565.0
9.800750017166138, 53565.0
9.885648727416992, 53565.0
9.970170736312866, 53565.0
10.055952787399292, 53565.0
10.140468835830688, 53565.0
10.225580930709839, 53565.0
10.311459064483643, 53565.0
10.39630389213562, 53565.0
10.48136591911316, 53565.0
10.565732955932617, 53565.0
10.651027917861938, 53565.0
10.747476816177368, 53565.0
10.833562850952148, 53565.0
10.918718814849854, 53565.0
11.002521991729736, 53565.0
11.085884809494019, 53565.0
11.169926881790161, 53565.0
11.252362966537476, 53565.0
11.33687686920166, 53581.0
11.421296119689941, 53581.0
11.504645109176636, 53581.0
11.587941884994507, 53581.0
11.672472953796387, 53581.0
11.75757884979248, 53581.0
11.84323787689209, 53581.0
11.944305896759033, 53581.0
12.029829025268555, 53581.0
12.115652084350586, 53581.0
12.20150899887085, 53581.0
12.286669969558716, 53581.0
12.370682716369629, 53581.0
12.452555894851685, 53581.0
12.534435987472534, 53581.0
12.6163010597229, 53581.0
12.698062896728516, 53581.0
12.782642841339111, 53581.0
12.866286039352417, 53581.0
12.948999881744385, 53581.0
13.0330491065979, 53620.0
13.115073919296265, 53620.0
13.197935104370117, 53620.0
13.287235975265503, 53620.0
13.370925903320312, 53620.0
13.45264196395874, 53620.0
13.534195899963379, 53620.0
13.615756034851074, 53620.0
13.699254989624023, 53623.0
13.782678842544556, 53623.0
13.865952968597412, 53623.0
13.949063777923584, 53623.0
14.03523874282837, 53623.0
14.11922287940979, 53623.0
14.202569961547852, 53623.0
14.286381006240845, 53623.0
14.369340896606445, 53623.0
14.451639890670776, 53623.0
14.53351378440857, 53623.0
14.618138790130615, 53623.0
14.701411962509155, 53623.0
14.784734964370728, 53623.0
14.875909090042114, 53623.0
14.963825941085815, 53623.0
15.052883863449097, 53623.0
15.141228914260864, 53652.0
15.226490020751953, 53652.0
15.31213092803955, 53652.0
15.398916959762573, 53652.0
15.493397951126099, 53662.0
15.579962015151978, 53662.0
15.663700819015503, 53662.0
15.746832847595215, 53662.0
15.828786849975586, 53780.0
15.913912057876587, 53780.0
15.996549844741821, 53780.0
16.082480907440186, 53780.0
16.16465997695923, 53780.0
16.24747371673584, 53780.0
16.33022403717041, 53780.0
16.413063764572144, 53780.0
16.4974467754364, 53780.0
16.582627058029175, 53780.0
16.666292905807495, 53788.0
16.749595880508423, 53788.0
16.83314609527588, 53788.0
16.91739797592163, 53788.0
