0.5188839435577393, 31605.0
0.8883111476898193, 32101.0
1.2644031047821045, 33178.0
1.636733055114746, 33301.0
2.0109808444976807, 33880.0
2.3858048915863037, 34083.0
2.760676860809326, 34573.0
3.135521173477173, 35505.0
3.514615774154663, 35780.0
3.8868608474731445, 35892.0
4.270244836807251, 36486.0
4.660635948181152, 36695.0
5.040030002593994, 37302.0
5.423674821853638, 37498.0
5.804771900177002, 37926.0
6.19376015663147, 38782.0
6.579190015792847, 38986.0
6.961113929748535, 39804.0
7.3483710289001465, 39892.0
7.7300848960876465, 40529.0
8.113138914108276, 40615.0
8.498830795288086, 41153.0
8.88262414932251, 41468.0
9.265907049179077, 42384.0
9.651329755783081, 42805.0
10.037791013717651, 43286.0
10.423398971557617, 43372.0
10.809499025344849, 43692.0
11.195521116256714, 44100.0
11.584347009658813, 44490.0
11.971326112747192, 44490.0
12.354964017868042, 45105.0
12.742161989212036, 45105.0
13.130168914794922, 45931.0
13.521152973175049, 46080.0
13.911072015762329, 46278.0
14.302046060562134, 46773.0
14.693328857421875, 46773.0
15.084653854370117, 47279.0
15.478468894958496, 47399.0
15.871392965316772, 47843.0
16.263890027999878, 48601.0
16.65721297264099, 48601.0
17.045730113983154, 48601.0
17.435511112213135, 48800.0
17.82571506500244, 48989.0
18.214656114578247, 49090.0
18.604562997817993, 50159.0
18.99458599090576, 50159.0
19.385260820388794, 50159.0
19.778284072875977, 50484.0
20.17150902748108, 50596.0
20.56463098526001, 50704.0
20.9584641456604, 51084.0
21.351152896881104, 51219.0
21.74716591835022, 51492.0
22.14168095588684, 51630.0
22.535152912139893, 51630.0
22.93018102645874, 52183.0
23.32529377937317, 53003.0
23.722491979599, 53003.0
24.117042064666748, 53003.0
24.512439012527466, 53477.0
24.90812087059021, 53477.0
25.30439782142639, 53477.0
25.702183961868286, 53477.0
26.098450899124146, 53925.0
26.498465061187744, 53925.0
26.896776914596558, 54231.0
27.29420804977417, 54336.0
27.692866802215576, 54336.0
28.090049743652344, 54431.0
28.491878986358643, 55160.0
28.890190839767456, 55160.0
29.28805685043335, 56004.0
29.68673276901245, 56004.0
30.0878689289093, 56004.0
30.48650097846985, 56004.0
30.889058828353882, 56004.0
31.288695096969604, 56086.0
31.688534021377563, 56086.0
32.09111309051514, 56178.0
32.49036192893982, 56450.0
32.889423847198486, 57206.0
33.289594888687134, 57206.0
33.68953514099121, 57261.0
34.09058594703674, 57261.0
34.491920948028564, 57558.0
34.89179706573486, 58002.0
35.29304003715515, 58002.0
35.694344997406006, 58103.0
36.09889793395996, 58103.0
36.502071142196655, 58233.0
36.90582609176636, 58479.0
37.30905604362488, 58765.0
37.7119619846344, 58765.0
38.115671157836914, 58765.0
38.51785087585449, 58995.0
38.91992402076721, 59481.0
39.321884870529175, 59481.0
39.72489404678345, 59662.0
40.12973999977112, 59662.0
40.5321569442749, 59693.0
40.93605399131775, 59703.0
41.34047794342041, 59703.0
41.744699001312256, 59884.0
42.14863300323486, 59884.0
42.55223989486694, 59996.0
42.9556519985199, 60017.0
43.35886192321777, 60417.0
43.76268196105957, 60430.0
44.16766595840454, 60689.0
44.57083606719971, 61191.0
44.974798917770386, 61191.0
45.378835916519165, 61480.0
45.7836480140686, 61497.0
46.1899299621582, 61780.0
46.59417390823364, 62390.0
46.99832606315613, 62390.0
47.40298819541931, 62390.0
47.808417081832886, 62390.0
48.219752073287964, 62390.0
48.63096499443054, 62390.0
49.0421199798584, 62390.0
49.45369791984558, 62390.0
49.86553883552551, 62688.0
50.27957892417908, 62688.0
50.69151592254639, 62778.0
51.1034791469574, 62778.0
51.514957904815674, 62778.0
51.926071882247925, 63257.0
52.33875107765198, 63257.0
52.748525857925415, 63257.0
53.15853691101074, 63257.0
53.56823396682739, 63604.0
53.97822594642639, 63604.0
54.38979196548462, 63604.0
54.80004096031189, 63604.0
55.21005702018738, 63689.0
55.62010717391968, 63689.0
56.03013801574707, 63689.0
56.441659927368164, 63701.0
56.855631828308105, 63872.0
57.269444942474365, 63872.0
57.68049693107605, 64290.0
58.094679832458496, 64290.0
58.505650997161865, 64290.0
58.91704297065735, 64290.0
59.32827711105347, 64290.0
59.73826789855957, 64290.0
60.14981198310852, 64290.0
60.56314706802368, 64290.0
60.973421812057495, 64290.0
61.384079933166504, 64482.0
61.79761481285095, 64482.0
62.2106409072876, 64689.0
62.62298393249512, 64689.0
63.03322196006775, 64753.0
63.44418382644653, 64778.0
63.85444402694702, 64778.0
64.26446795463562, 64785.0
64.6785728931427, 64886.0
65.09246492385864, 64890.0
65.50268197059631, 64988.0
65.91237497329712, 65111.0
66.32198882102966, 65111.0
66.73324298858643, 65374.0
67.1444239616394, 65374.0
67.55749297142029, 65418.0
67.96547889709473, 65854.0
68.3737199306488, 66050.0
68.7882649898529, 66050.0
69.20053696632385, 66050.0
69.6109631061554, 66050.0
70.01676487922668, 66050.0
70.42313885688782, 66050.0
70.83101201057434, 66102.0
71.23640298843384, 66102.0
71.64494705200195, 66102.0
72.05246186256409, 66275.0
72.46114802360535, 66275.0
72.87789392471313, 66275.0
73.29598689079285, 66275.0
73.71364402770996, 66275.0
74.13090586662292, 66398.0
74.54620289802551, 66398.0
74.96551609039307, 66398.0
75.38269281387329, 66398.0
75.80087614059448, 66398.0
76.2191219329834, 66750.0
76.63891100883484, 66750.0
77.05716300010681, 66750.0
77.47574782371521, 66750.0
77.89032292366028, 66750.0
78.30874490737915, 66750.0
78.72921514511108, 66750.0
79.14931583404541, 66750.0
79.56469106674194, 67090.0
79.98480010032654, 67090.0
80.40437293052673, 67090.0
80.82618308067322, 67090.0
