0.0010180473327636719, 572.0
0.002032756805419922, 1336.0
0.003078937530517578, 1533.0
0.004129886627197266, 2136.0
0.005181789398193359, 2885.0
0.006204843521118164, 2886.0
0.007215976715087891, 3192.0
0.008230924606323242, 3482.0
0.009248018264770508, 4509.0
0.010260820388793945, 5368.0
0.011270761489868164, 5425.0
0.012285947799682617, 6341.0
0.013299942016601562, 7356.0
0.014314889907836914, 8368.0
0.01532888412475586, 8834.0
0.01633596420288086, 9038.0
0.017347097396850586, 9158.0
0.01836681365966797, 10088.0
0.01939082145690918, 10535.0
0.020401716232299805, 10536.0
0.02141880989074707, 11240.0
0.022438764572143555, 11502.0
0.023451805114746094, 12445.0
0.02446579933166504, 13229.0
0.025475025177001953, 14160.0
0.026485919952392578, 14423.0
0.027496814727783203, 15051.0
0.028512001037597656, 16102.0
0.029521942138671875, 16670.0
0.030534744262695312, 17628.0
0.03154778480529785, 17983.0
0.032570838928222656, 18688.0
0.03358197212219238, 19226.0
0.034596920013427734, 19761.0
0.03560900688171387, 20720.0
0.03661680221557617, 20721.0
0.03764486312866211, 21274.0
0.03866386413574219, 21607.0
0.03967404365539551, 22623.0
0.04168295860290527, 22723.0
0.04269576072692871, 23154.0
0.043704986572265625, 24172.0
0.04471397399902344, 24897.0
0.04573488235473633, 25276.0
0.057663917541503906, 25479.0
0.06166791915893555, 25584.0
0.09145689010620117, 25585.0
0.13915371894836426, 25602.0
0.944303035736084, 25673.0
0.9676311016082764, 25764.0
1.0246288776397705, 25788.0
1.0717737674713135, 25814.0
1.0872161388397217, 25847.0
1.0903809070587158, 25869.0
1.275176763534546, 25964.0
1.2810931205749512, 25965.0
1.3212459087371826, 25977.0
1.3477199077606201, 25996.0
1.4017138481140137, 26038.0
1.4115288257598877, 26045.0
1.451070785522461, 26165.0
1.4726738929748535, 26263.0
1.491323709487915, 26285.0
1.7394490242004395, 26298.0
1.8022561073303223, 26299.0
1.809157133102417, 26300.0
7.424276828765869, 26393.0
7.501600027084351, 26449.0
7.604215860366821, 26508.0
7.74389910697937, 26517.0
7.775274991989136, 26557.0
7.847822904586792, 26728.0
7.910494804382324, 26802.0
9.468302011489868, 26810.0
9.597455978393555, 26843.0
9.636589050292969, 26916.0
9.741025924682617, 26943.0
9.759073972702026, 26985.0
9.770544052124023, 26993.0
9.831557035446167, 27063.0
10.135694026947021, 27097.0
10.844770908355713, 27122.0
10.890400886535645, 27154.0
10.904667854309082, 27248.0
10.909438848495483, 27249.0
10.914195775985718, 27250.0
10.946491718292236, 27361.0
10.98065996170044, 27399.0
12.152028799057007, 27401.0
12.155858755111694, 27655.0
12.172956943511963, 27670.0
30.918928146362305, 27683.0
30.94450092315674, 27747.0
50.93438482284546, 27818.0
51.060173988342285, 27847.0
51.081655979156494, 27892.0
51.11868691444397, 27896.0
51.143027782440186, 28025.0
51.69370698928833, 28042.0
51.70864295959473, 28043.0
51.84628486633301, 28131.0
51.87249779701233, 28180.0
52.093737840652466, 28210.0
52.094725131988525, 28211.0
52.73720073699951, 28215.0
52.82968091964722, 28301.0
52.88401794433594, 28405.0
52.96025586128235, 28413.0
52.964080810546875, 28414.0
53.116464138031006, 28444.0
53.147939920425415, 28473.0
53.185083866119385, 28492.0
53.39615988731384, 28508.0
53.4576518535614, 28625.0
53.47054982185364, 28725.0
53.968668937683105, 28786.0
54.00133395195007, 28820.0
54.077072858810425, 28871.0
54.16206884384155, 28886.0
54.1974458694458, 28977.0
54.330246925354004, 29014.0
54.35266399383545, 29033.0
54.44439196586609, 29122.0
54.46794009208679, 29132.0
54.47088003158569, 29146.0
55.262075901031494, 29150.0
55.33219385147095, 29196.0
55.38900399208069, 29214.0
61.706939935684204, 29258.0
61.784236907958984, 29264.0
61.82399797439575, 29300.0
62.096614837646484, 29352.0
62.15221810340881, 29391.0
62.177748918533325, 29392.0
62.2993369102478, 29401.0
62.30782675743103, 29428.0
62.35484313964844, 29562.0
62.541141986846924, 29606.0
62.542115926742554, 29607.0
62.70836281776428, 29756.0
63.20450711250305, 29839.0
63.23343515396118, 29840.0
63.373236894607544, 29890.0
63.44315695762634, 29921.0
64.07331871986389, 29979.0
64.08075594902039, 29985.0
64.1253809928894, 30032.0
64.2115409374237, 30078.0
64.29865789413452, 30125.0
64.37952780723572, 30199.0
64.70858001708984, 30314.0
65.24958300590515, 30411.0
65.45701503753662, 30423.0
65.55487489700317, 30504.0
65.6140968799591, 30538.0
65.6336817741394, 30545.0
65.6916139125824, 30546.0
65.75521087646484, 30586.0
65.81782388687134, 30602.0
66.12740993499756, 30653.0
66.15345001220703, 30696.0
66.36942195892334, 30741.0
66.38348579406738, 30742.0
67.01527190208435, 30833.0
67.59211373329163, 30840.0
67.70768308639526, 30841.0
67.70966696739197, 30842.0
67.71463704109192, 30869.0
67.85410189628601, 30886.0
71.50469279289246, 30935.0
71.94160509109497, 30974.0
72.51445603370667, 31022.0
72.76639294624329, 31059.0
73.51852893829346, 31065.0
74.35113477706909, 31092.0
74.55226278305054, 31147.0
74.63472986221313, 31216.0
74.81404781341553, 31287.0
74.87242388725281, 31288.0
75.18389701843262, 31355.0
75.343190908432, 31356.0
75.40815591812134, 31357.0
75.88247489929199, 31455.0
75.89691209793091, 31456.0
76.31392002105713, 31468.0
76.39637279510498, 31469.0
76.66897392272949, 31591.0
77.25275111198425, 31619.0
77.29218792915344, 31680.0
78.00005197525024, 31687.0
78.15258383750916, 31688.0
78.54155993461609, 31690.0
78.59641003608704, 31691.0
78.81530594825745, 31705.0
78.92021179199219, 31732.0
79.1594820022583, 31733.0
79.35329794883728, 31734.0
80.05750298500061, 31801.0
80.07616782188416, 31805.0
80.52079510688782, 31857.0
80.53456997871399, 31883.0
81.16386985778809, 31884.0
82.25305581092834, 31885.0
82.8857889175415, 32025.0
82.89451694488525, 32097.0
83.64647388458252, 32106.0
84.26322388648987, 32210.0
84.35371375083923, 32215.0
84.4029688835144, 32325.0
84.85970497131348, 32341.0
84.86263585090637, 32342.0
85.60259079933167, 32343.0
86.61925983428955, 32347.0
86.93580985069275, 32348.0
86.95504570007324, 32349.0
87.1630609035492, 32350.0
89.085777759552, 32353.0
89.97334909439087, 32360.0
89.97626113891602, 32361.0
92.12594294548035, 32362.0
93.21236395835876, 32408.0
93.22498989105225, 32409.0
