1.055870771408081, 61619.0
1.7948417663574219, 62301.0
2.5375559329986572, 63503.0
3.281266927719116, 64618.0
4.025516986846924, 65095.0
4.793127775192261, 65913.0
5.558940887451172, 66598.0
6.316371917724609, 68314.0
7.077051877975464, 68314.0
7.820026874542236, 69118.0
8.564586877822876, 69697.0
9.306416749954224, 71178.0
10.047788858413696, 71403.0
10.79071307182312, 72145.0
11.54063081741333, 73810.0
12.285698890686035, 73810.0
13.031133890151978, 73818.0
13.776047706604004, 74393.0
14.526827812194824, 74866.0
15.27707290649414, 76014.0
16.02604579925537, 76014.0
16.77825689315796, 76973.0
17.529027938842773, 76973.0
18.291467905044556, 77608.0
19.056560754776, 78366.0
19.820713996887207, 78366.0
20.585813999176025, 79812.0
21.342899799346924, 79812.0
22.101104736328125, 80312.0
22.872588872909546, 81119.0
23.63022780418396, 81119.0
24.390486001968384, 81311.0
25.15167474746704, 82315.0
25.92161774635315, 82818.0
26.683685779571533, 82818.0
27.445024013519287, 83214.0
28.20532488822937, 84512.0
28.979169845581055, 84512.0
29.74213695526123, 84719.0
30.505555868148804, 85717.0
31.27077603340149, 86175.0
32.034533739089966, 86580.0
32.801042795181274, 86919.0
33.576414823532104, 87015.0
34.344135761260986, 87818.0
35.11162781715393, 88892.0
35.879411935806274, 88912.0
36.648292779922485, 89490.0
37.418816804885864, 89490.0
38.197999715805054, 89603.0
39.006566762924194, 90401.0
39.777709007263184, 91508.0
40.55488467216492, 91508.0
41.32684779167175, 91812.0
42.1046347618103, 92613.0
42.92508268356323, 92885.0
43.71213984489441, 93101.0
44.50044369697571, 93809.0
45.28874087333679, 93809.0
46.07681393623352, 95214.0
46.8547887802124, 95214.0
47.6327338218689, 95488.0
48.41966986656189, 95488.0
49.20177388191223, 95902.0
49.991572856903076, 95919.0
50.78009486198425, 95919.0
51.57156491279602, 96192.0
52.35142278671265, 96382.0
53.144927978515625, 96597.0
53.93767690658569, 96701.0
54.72024893760681, 97180.0
55.501221895217896, 97415.0
56.287508964538574, 97785.0
57.07518196105957, 98199.0
57.876168966293335, 98390.0
58.660677671432495, 99092.0
59.44372773170471, 99092.0
60.22535490989685, 99381.0
61.00598502159119, 100121.0
61.79171180725098, 100697.0
62.574872970581055, 100697.0
63.36035394668579, 100697.0
64.15520000457764, 100718.0
64.94280982017517, 100718.0
65.72962188720703, 101194.0
66.52647590637207, 102009.0
67.31441569328308, 102262.0
68.10437488555908, 102497.0
68.89472389221191, 103094.0
69.68523597717285, 104182.0
70.47372102737427, 104182.0
71.26189589500427, 104990.0
72.06064486503601, 104990.0
72.86166501045227, 104990.0
73.66136074066162, 104990.0
74.45075988769531, 105390.0
75.2396068572998, 105390.0
76.030033826828, 106010.0
76.8163948059082, 106010.0
77.61466693878174, 106010.0
78.41447186470032, 106913.0
79.21394085884094, 106913.0
80.01803779602051, 107498.0
80.8172767162323, 107498.0
81.62108087539673, 107498.0
82.4206907749176, 107498.0
83.22409081459045, 108112.0
84.02620267868042, 108112.0
84.82128977775574, 108112.0
85.62348484992981, 108300.0
86.42454695701599, 108300.0
87.22725176811218, 108441.0
88.02007699012756, 108595.0
88.81098580360413, 109101.0
89.60142779350281, 109194.0
90.40083384513855, 109380.0
91.19921684265137, 109856.0
92.01341795921326, 110190.0
92.8246238231659, 110190.0
93.634850025177, 110190.0
94.43737077713013, 110405.0
95.23468279838562, 110405.0
96.03346300125122, 110505.0
96.83072876930237, 110618.0
97.6272120475769, 110697.0
98.42793393135071, 110971.0
99.2256407737732, 111501.0
100.0232937335968, 111501.0
100.8226580619812, 112014.0
101.62249374389648, 112111.0
102.43353176116943, 112111.0
103.23885679244995, 112483.0
104.04097294807434, 112483.0
104.84412789344788, 112483.0
105.64580988883972, 112615.0
106.4508159160614, 112615.0
107.26271486282349, 113213.0
108.07490682601929, 113213.0
108.90686678886414, 113301.0
109.72295808792114, 113319.0
110.54305505752563, 113814.0
111.35146689414978, 113814.0
112.16825890541077, 114770.0
112.98281168937683, 114770.0
113.79611372947693, 114870.0
114.61435270309448, 115389.0
115.4298768043518, 115692.0
116.24692702293396, 116408.0
117.0612280368805, 116408.0
117.87898898124695, 116408.0
118.69650197029114, 116408.0
119.50924777984619, 116408.0
120.32456088066101, 116614.0
121.14081573486328, 116614.0
121.94986081123352, 116614.0
122.76544308662415, 116783.0
123.58248686790466, 116793.0
124.39890384674072, 116882.0
125.20919704437256, 117453.0
126.02262377738953, 117453.0
126.84358501434326, 117453.0
127.66760182380676, 117507.0
128.49324107170105, 118006.0
129.31383967399597, 118006.0
130.13359189033508, 118511.0
130.95682978630066, 118542.0
131.7785520553589, 118585.0
132.59843683242798, 118585.0
133.42295479774475, 118609.0
134.24275398254395, 119008.0
135.05978274345398, 119008.0
135.88280177116394, 119152.0
136.69933676719666, 119408.0
137.51843667030334, 119723.0
138.3396337032318, 120107.0
139.15903091430664, 120107.0
139.97567987442017, 120108.0
140.79363489151, 120108.0
141.61197471618652, 120108.0
142.43052792549133, 120311.0
143.24375081062317, 120804.0
144.06161975860596, 120804.0
144.88442182540894, 120804.0
145.70653367042542, 120804.0
146.52863693237305, 120804.0
147.36190676689148, 121082.0
148.18516182899475, 121174.0
149.01250386238098, 121416.0
149.84522700309753, 121706.0
150.67347598075867, 122305.0
151.50005984306335, 122305.0
152.32457280158997, 122305.0
153.15389275550842, 122305.0
153.97967386245728, 122305.0
154.8047158718109, 123102.0
155.63018679618835, 123102.0
156.45583367347717, 123102.0
157.28261399269104, 123102.0
158.108051776886, 123102.0
158.93502473831177, 123102.0
159.7588188648224, 123249.0
