0.0009961128234863281, 408.0
0.001992940902709961, 1244.0
0.0030252933502197266, 1584.0
0.00406193733215332, 2044.0
0.0050868988037109375, 2559.0
0.006091117858886719, 3310.0
0.007091999053955078, 3587.0
0.008097171783447266, 4109.0
0.009109973907470703, 4451.0
0.010108232498168945, 5064.0
0.011108160018920898, 5570.0
0.01211690902709961, 6583.0
0.013124227523803711, 6996.0
0.01412510871887207, 7242.0
0.015124082565307617, 8181.0
0.01612710952758789, 8323.0
0.017124176025390625, 9300.0
0.01813030242919922, 10361.0
0.019134044647216797, 10681.0
0.02013707160949707, 11115.0
0.02113509178161621, 11867.0
0.022137165069580078, 12343.0
0.02314591407775879, 13284.0
0.02414703369140625, 13730.0
0.025151968002319336, 14758.0
0.02615499496459961, 15813.0
0.02715325355529785, 16161.0
0.02815103530883789, 16349.0
0.0291593074798584, 16500.0
0.030158042907714844, 16921.0
0.031187057495117188, 17319.0
0.03218507766723633, 18257.0
0.03318619728088379, 18853.0
0.034188032150268555, 19888.0
0.03519105911254883, 20909.0
0.03620505332946777, 21307.0
0.03720402717590332, 22144.0
0.038208961486816406, 23125.0
0.03921103477478027, 24187.0
0.04021096229553223, 24308.0
0.04120802879333496, 24732.0
0.0422060489654541, 25292.0
0.04320216178894043, 25573.0
0.04419827461242676, 25722.0
0.04521298408508301, 26238.0
0.04621601104736328, 26607.0
0.04721522331237793, 27573.0
0.04821515083312988, 28060.0
0.049226999282836914, 28717.0
0.05022907257080078, 28844.0
0.051229000091552734, 29900.0
0.14398598670959473, 30195.0
0.1488790512084961, 30302.0
0.22010326385498047, 30414.0
0.22109317779541016, 30534.0
0.22305893898010254, 30648.0
0.22697210311889648, 30798.0
0.24553489685058594, 30902.0
0.3389749526977539, 30913.0
0.3525409698486328, 31040.0
0.37775206565856934, 31157.0
0.38360023498535156, 31266.0
0.3913741111755371, 31404.0
0.5506420135498047, 31503.0
0.8228542804718018, 31593.0
0.8286700248718262, 31697.0
0.8460249900817871, 31744.0
0.8489260673522949, 31900.0
0.8796920776367188, 32001.0
0.896043062210083, 32002.0
1.047508955001831, 32159.0
1.0612711906433105, 32279.0
1.1544392108917236, 32511.0
1.1632959842681885, 32669.0
1.179872989654541, 32794.0
1.207231044769287, 32896.0
1.3460102081298828, 33038.0
1.3499560356140137, 33204.0
1.690535306930542, 33279.0
1.7296051979064941, 33392.0
1.8183670043945312, 33497.0
1.8301901817321777, 33649.0
1.8469340801239014, 33795.0
1.8764359951019287, 33897.0
1.9018940925598145, 33986.0
1.9342589378356934, 34197.0
1.9992871284484863, 34302.0
2.18700909614563, 34305.0
2.209460973739624, 34320.0
2.2192182540893555, 34494.0
2.3234941959381104, 34496.0
2.3800151348114014, 34683.0
2.40055513381958, 34792.0
2.415163278579712, 34895.0
2.510637044906616, 34905.0
2.6509790420532227, 34974.0
2.6753220558166504, 35054.0
2.6811792850494385, 35098.0
2.807209014892578, 35158.0
2.8403141498565674, 35265.0
2.8432602882385254, 35405.0
2.9177911281585693, 35444.0
2.925579071044922, 35589.0
2.9314000606536865, 35694.0
2.984805107116699, 35731.0
2.9857919216156006, 35882.0
2.9925811290740967, 35995.0
3.1992340087890625, 36095.0
3.206005096435547, 36205.0
3.326962947845459, 36283.0
3.341304063796997, 36393.0
3.3679990768432617, 36403.0
3.3928780555725098, 36504.0
3.4692180156707764, 36581.0
3.474012851715088, 36604.0
3.5044541358947754, 36695.0
3.5560951232910156, 36763.0
3.5751450061798096, 36873.0
3.7178239822387695, 36989.0
3.771872043609619, 36993.0
3.772834062576294, 37123.0
3.8006110191345215, 37281.0
3.8920462131500244, 37327.0
3.9015910625457764, 37407.0
3.903510093688965, 37558.0
3.922569990158081, 37697.0
4.012859106063843, 37890.0
4.048050880432129, 37941.0
4.0576491355896, 38090.0
4.084851026535034, 38206.0
4.088850975036621, 38311.0
4.089851140975952, 38598.0
4.261778116226196, 38698.0
4.289163112640381, 38716.0
4.3046159744262695, 38848.0
4.314320087432861, 38898.0
4.3771162033081055, 38997.0
4.385786056518555, 39055.0
4.422364950180054, 39160.0
4.438716173171997, 39263.0
4.4473700523376465, 39377.0
4.497611999511719, 39484.0
4.51200008392334, 39545.0
4.520709037780762, 39678.0
4.540244102478027, 39688.0
4.597203969955444, 39761.0
4.603157043457031, 39889.0
4.648837089538574, 40000.0
4.694967031478882, 40298.0
4.735525131225586, 40357.0
4.747833013534546, 40570.0
4.761961936950684, 40612.0
4.766709089279175, 40784.0
4.9043920040130615, 40803.0
5.084892272949219, 40900.0
5.148823022842407, 40945.0
5.161049127578735, 41105.0
5.183573961257935, 41167.0
5.236145257949829, 41389.0
5.254947185516357, 41447.0
5.315033197402954, 41484.0
5.344223976135254, 41486.0
5.3555262088775635, 41638.0
5.393279075622559, 41705.0
5.609039068222046, 41755.0
5.615066051483154, 41790.0
5.638154983520508, 41793.0
5.690000057220459, 41897.0
5.7786900997161865, 41968.0
5.86333703994751, 42097.0
5.9119181632995605, 42195.0
5.944943189620972, 42300.0
6.042989015579224, 42340.0
6.068645238876343, 42471.0
6.075527906417847, 42590.0
6.127795934677124, 42757.0
6.1346659660339355, 42881.0
6.249607086181641, 42905.0
6.334151983261108, 42992.0
6.383291244506836, 43100.0
6.390222072601318, 43298.0
6.4197070598602295, 43324.0
6.426707983016968, 43478.0
6.695949077606201, 43486.0
6.828413009643555, 43591.0
6.859597206115723, 43668.0
6.961452007293701, 43680.0
7.030584096908569, 43783.0
7.165970325469971, 43896.0
7.266271114349365, 43905.0
7.292090177536011, 43947.0
7.298781871795654, 43968.0
7.315029144287109, 44071.0
7.338890075683594, 44198.0
7.681923151016235, 44296.0
7.703922986984253, 44384.0
7.715392112731934, 44505.0
7.771640062332153, 44603.0
7.982840061187744, 44680.0
8.001017093658447, 44805.0
8.062301874160767, 44883.0
8.077527046203613, 44997.0
8.131829977035522, 45104.0
8.195089101791382, 45295.0
8.24883508682251, 45359.0
8.26301908493042, 45390.0
8.291331052780151, 45395.0
8.472754955291748, 45404.0
8.499198913574219, 45431.0
8.549127101898193, 45484.0
8.715830087661743, 45601.0
9.539575099945068, 45687.0
9.550883054733276, 45873.0
9.560349941253662, 45982.0
9.563192129135132, 46094.0
9.614054203033447, 46102.0
9.737722158432007, 46188.0
9.852728128433228, 46189.0
9.860316276550293, 46252.0
9.867865085601807, 46403.0
9.943687915802002, 46502.0
9.981523036956787, 46576.0
10.000371932983398, 46680.0
10.020175218582153, 46690.0
10.032459020614624, 46800.0
10.08429217338562, 46876.0
10.137125253677368, 46878.0
10.172006130218506, 46947.0
10.192739009857178, 46959.0
10.197482109069824, 47078.0
10.198441982269287, 47193.0
10.244601011276245, 47249.0
10.247446060180664, 47404.0
11.099091053009033, 47487.0
11.151937007904053, 47592.0
11.261436939239502, 47593.0
11.29534912109375, 47595.0
11.320855140686035, 47651.0
11.340687036514282, 47755.0
11.398205041885376, 47812.0
11.401997089385986, 47834.0
11.440674066543579, 47930.0
11.453917026519775, 47972.0
11.484110116958618, 48101.0
11.488872051239014, 48202.0
11.535197019577026, 48237.0
11.750118255615234, 48272.0
11.776562929153442, 48396.0
11.797359228134155, 48484.0
11.848337173461914, 48600.0
11.904952049255371, 48601.0
11.99097228050232, 48619.0
11.994986057281494, 48740.0
12.003878116607666, 48763.0
12.033576011657715, 48870.0
12.133954048156738, 48903.0
12.187065124511719, 48942.0
12.397244215011597, 48991.0
16.883769035339355, 49004.0
16.9125759601593, 49101.0
18.76748013496399, 49199.0
18.831510066986084, 49237.0
18.870259046554565, 49387.0
18.964295148849487, 49484.0
19.06215500831604, 49660.0
19.083500146865845, 49787.0
19.0883572101593, 49902.0
19.392813205718994, 49983.0
19.55670404434204, 50014.0
19.602307081222534, 50058.0
19.62751317024231, 50097.0
19.677017211914062, 50116.0
19.68772315979004, 50152.0
19.69161605834961, 50303.0
22.30816102027893, 50478.0
22.410572052001953, 50580.0
22.460801124572754, 50692.0
22.461804151535034, 50795.0
25.629923105239868, 50856.0
25.695216178894043, 50895.0
30.400978326797485, 50896.0
30.475473165512085, 51004.0
30.59483003616333, 51102.0
30.862035989761353, 51188.0
31.019718170166016, 51260.0
31.04743504524231, 51294.0
31.089420080184937, 51298.0
38.47128129005432, 51302.0
38.4891631603241, 51348.0
38.56840395927429, 51362.0
38.57338905334473, 51463.0
38.57439684867859, 51576.0
38.629547119140625, 51689.0
50.2358660697937, 51787.0
50.241451025009155, 51889.0
51.36468815803528, 51899.0
51.40449404716492, 52003.0
52.405710220336914, 52090.0
52.44807291030884, 52193.0
52.67916488647461, 52275.0
52.71252107620239, 52385.0
52.717419147491455, 52401.0
52.98861908912659, 52498.0
53.0705132484436, 52503.0
53.15140509605408, 52582.0
53.16706895828247, 52696.0
53.45232892036438, 52798.0
53.79477310180664, 52877.0
53.93102693557739, 52900.0
54.17574501037598, 52978.0
54.35053586959839, 52993.0
55.172362089157104, 52999.0
55.623740911483765, 53003.0
55.888137102127075, 53085.0
56.037489891052246, 53093.0
56.23158502578735, 53200.0
56.49028205871582, 53261.0
56.50120210647583, 53376.0
56.594069957733154, 53401.0
56.7752902507782, 53477.0
56.81408905982971, 53598.0
60.57314109802246, 53601.0
61.03291916847229, 53636.0
61.04274892807007, 53800.0
62.085538148880005, 53803.0
62.31634998321533, 53900.0
62.663854122161865, 54001.0
62.951443910598755, 54104.0
67.81477808952332, 54203.0
