0.00010704994201660156, 522.0
0.000209808349609375, 1311.0
0.00031304359436035156, 1431.0
0.00041604042053222656, 1797.0
0.000518798828125, 2669.0
0.000823974609375, 3006.0
0.0027539730072021484, 3149.0
0.004968881607055664, 3309.0
0.01748490333557129, 3388.0
0.01778888702392578, 3420.0
0.018594026565551758, 3583.0
0.018896818161010742, 3714.0
0.030716896057128906, 3730.0
0.031839847564697266, 3795.0
0.03224492073059082, 3898.0
0.03234696388244629, 4068.0
0.03355693817138672, 4225.0
0.03658103942871094, 4397.0
0.04277300834655762, 4475.0
0.04511404037475586, 4537.0
0.04867887496948242, 4647.0
0.05002093315124512, 4673.0
0.0501248836517334, 4916.0
0.053154945373535156, 5014.0
0.059773921966552734, 5060.0
0.06222796440124512, 5169.0
0.06832098960876465, 5268.0
0.20747900009155273, 5309.0
0.21639180183410645, 5373.0
0.2215437889099121, 5509.0
0.4322528839111328, 5602.0
0.5744879245758057, 5617.0
2.7263309955596924, 5656.0
2.7265379428863525, 5814.0
2.727775812149048, 5909.0
3.435576915740967, 5917.0
3.603095054626465, 5945.0
3.6102981567382812, 6001.0
5.19917106628418, 6014.0
5.222940921783447, 6016.0
5.702549934387207, 6097.0
6.452495098114014, 6107.0
6.462821960449219, 6115.0
6.563947916030884, 6117.0
6.835813999176025, 6217.0
