0.5297501087188721, 37197.0
0.8985159397125244, 37667.0
1.2752678394317627, 43713.0
1.6429860591888428, 46277.0
2.0123589038848877, 48741.0
2.3987820148468018, 50686.0
2.7783498764038086, 51528.0
3.157242774963379, 56962.0
3.5376977920532227, 62229.0
3.918365001678467, 63309.0
4.3091840744018555, 68218.0
4.688807964324951, 73171.0
5.067452907562256, 73171.0
5.457195043563843, 74130.0
5.846551895141602, 75904.0
6.229659795761108, 79276.0
6.607393026351929, 82864.0
6.987314939498901, 86327.0
7.36423397064209, 86398.0
7.747084856033325, 90059.0
8.12787675857544, 91051.0
8.509235858917236, 94486.0
8.893297910690308, 95379.0
9.275015830993652, 98081.0
9.680718898773193, 98081.0
10.078694820404053, 103191.0
10.468665838241577, 103191.0
10.864353895187378, 103955.0
11.24906301498413, 108240.0
11.65786075592041, 110218.0
12.059886932373047, 112988.0
12.457974672317505, 112988.0
12.869626998901367, 114115.0
13.266887903213501, 121713.0
13.666671991348267, 121713.0
14.070003986358643, 123440.0
14.46285080909729, 123440.0
14.852174758911133, 123440.0
15.247363805770874, 128587.0
15.642430067062378, 130239.0
16.04069209098816, 131059.0
16.44294571876526, 132685.0
16.84298300743103, 133703.0
17.242626905441284, 136022.0
17.6508150100708, 144551.0
18.048240900039673, 144551.0
18.459712028503418, 144551.0
18.86677575111389, 144551.0
19.263218879699707, 144551.0
19.66719698905945, 145117.0
20.06730890274048, 145117.0
20.463561058044434, 146469.0
20.85665798187256, 147691.0
21.249114990234375, 149167.0
21.644458055496216, 151244.0
22.037155866622925, 155237.0
22.439640760421753, 155237.0
22.847189903259277, 161172.0
23.24307894706726, 161172.0
23.63707184791565, 161172.0
24.0524160861969, 161172.0
24.448863983154297, 161612.0
24.853678941726685, 162882.0
25.253525972366333, 164782.0
25.645763874053955, 166263.0
26.03923487663269, 166263.0
26.435255765914917, 168521.0
26.832870960235596, 169414.0
27.253485918045044, 169464.0
27.6589777469635, 170048.0
28.06309986114502, 173570.0
28.464969873428345, 176854.0
28.866180896759033, 177577.0
29.265774965286255, 177577.0
29.6643967628479, 177577.0
30.063244819641113, 180945.0
30.464010000228882, 180945.0
30.875711917877197, 182390.0
31.285133838653564, 182390.0
31.688840866088867, 182829.0
32.091773986816406, 186096.0
32.49960780143738, 186096.0
32.90364980697632, 186224.0
33.30417275428772, 191398.0
33.706887006759644, 191398.0
34.10845589637756, 191398.0
34.50872087478638, 191398.0
34.90775990486145, 191398.0
35.3128547668457, 191398.0
35.71243977546692, 191398.0
36.11415195465088, 191640.0
36.51634192466736, 194787.0
36.92146277427673, 194787.0
37.32455086708069, 195165.0
37.7248330116272, 197039.0
38.12534499168396, 197039.0
38.52522087097168, 197039.0
38.92611885070801, 197039.0
39.33041000366211, 197181.0
39.73214602470398, 199498.0
40.13388705253601, 200631.0
40.5368378162384, 200631.0
40.942631006240845, 207499.0
41.34056997299194, 207499.0
41.74479079246521, 207499.0
42.14786887168884, 207499.0
42.5478138923645, 207499.0
42.95090985298157, 209297.0
43.35405707359314, 209297.0
43.75620675086975, 209297.0
44.16124391555786, 209297.0
44.56382393836975, 209297.0
44.96826982498169, 209297.0
45.373427867889404, 210189.0
45.77756905555725, 211552.0
46.18147587776184, 211552.0
46.58494997024536, 212314.0
46.98997092247009, 213163.0
47.39393591880798, 213294.0
47.79612588882446, 213294.0
48.203356981277466, 213587.0
48.609681844711304, 215616.0
49.01411581039429, 215748.0
49.42316794395447, 215748.0
49.83158779144287, 215748.0
50.237364053726196, 215748.0
50.64178276062012, 217419.0
51.05096507072449, 218880.0
51.465104818344116, 219232.0
51.872156858444214, 219232.0
52.2762770652771, 219431.0
52.68420481681824, 219431.0
53.09154200553894, 219431.0
53.49426007270813, 219431.0
53.8953070640564, 220472.0
54.296655893325806, 221191.0
54.701804876327515, 221375.0
55.1058189868927, 221375.0
55.51443576812744, 222099.0
55.92140984535217, 222099.0
56.32753109931946, 222305.0
56.73265790939331, 223045.0
57.141769886016846, 223745.0
57.5563588142395, 225484.0
57.96668481826782, 225484.0
58.37318682670593, 225484.0
58.79024600982666, 225484.0
59.1965548992157, 225484.0
59.60309982299805, 225484.0
60.0127158164978, 225996.0
60.43267297744751, 225996.0
60.844090938568115, 228028.0
61.256479024887085, 228028.0
61.66641283035278, 228028.0
62.07395100593567, 228028.0
62.48135685920715, 228028.0
62.88740086555481, 228451.0
63.29412794113159, 230992.0
63.70558190345764, 230992.0
64.11567807197571, 230992.0
64.52310991287231, 230992.0
64.93392992019653, 230992.0
65.34252691268921, 230992.0
65.74884104728699, 231697.0
66.1630048751831, 231811.0
66.57279586791992, 231811.0
66.98214411735535, 231811.0
67.39174294471741, 231811.0
67.79980802536011, 232798.0
68.20589089393616, 234602.0
68.61579298973083, 234602.0
69.02491283416748, 234602.0
69.43538689613342, 234602.0
69.8479917049408, 234602.0
70.25953006744385, 234602.0
70.66956973075867, 234602.0
71.0836250782013, 234820.0
71.49656081199646, 235420.0
71.90659689903259, 236433.0
72.31308078765869, 236433.0
72.72252082824707, 236615.0
73.13406181335449, 236615.0
73.55451083183289, 236615.0
73.96704173088074, 236653.0
74.37610292434692, 236821.0
74.78688788414001, 236821.0
75.19507098197937, 236979.0
75.60884404182434, 236979.0
76.0189597606659, 237571.0
76.42904686927795, 237616.0
76.83804607391357, 239379.0
77.24712085723877, 239379.0
77.658282995224, 239379.0
78.06703805923462, 239379.0
78.47577786445618, 239379.0
78.8853759765625, 241096.0
79.29777383804321, 242650.0
79.7095079421997, 242650.0
80.11884093284607, 242650.0
80.52964472770691, 242650.0
80.94103503227234, 242650.0
