0.00040221214294433594, 795.0
0.0007963180541992188, 950.0
0.0011882781982421875, 1961.0
0.0015790462493896484, 2512.0
0.0019741058349609375, 3366.0
0.0023660659790039062, 3367.0
0.0027570724487304688, 4079.0
0.0031480789184570312, 4439.0
0.003542184829711914, 4659.0
0.003939151763916016, 5546.0
0.004330158233642578, 6125.0
0.0047261714935302734, 6560.0
0.005120038986206055, 6890.0
0.00551605224609375, 7559.0
0.005911111831665039, 7901.0
0.0063092708587646484, 8423.0
0.006747245788574219, 8769.0
0.007146120071411133, 8853.0
0.007544040679931641, 8984.0
0.00793910026550293, 9250.0
0.009140968322753906, 9774.0
0.01457834243774414, 9955.0
0.01614212989807129, 9993.0
0.027825117111206055, 10117.0
0.03249311447143555, 10118.0
0.06637215614318848, 10172.0
0.12549400329589844, 10190.0
0.17147231101989746, 10251.0
0.22280025482177734, 10316.0
0.22707009315490723, 10479.0
0.6928000450134277, 10517.0
0.7056882381439209, 10528.0
0.7340850830078125, 10560.0
0.7352581024169922, 10680.0
0.7383811473846436, 10734.0
0.7457630634307861, 10861.0
0.7461581230163574, 10879.0
1.3334321975708008, 10891.0
2.015674114227295, 11002.0
2.079461097717285, 11074.0
2.3374199867248535, 11166.0
2.3402152061462402, 11244.0
2.3566362857818604, 11245.0
2.3627450466156006, 11254.0
2.4452710151672363, 11255.0
2.452444314956665, 11256.0
2.462811231613159, 11323.0
2.4711999893188477, 11381.0
2.916356086730957, 11417.0
2.927814245223999, 11470.0
2.935317039489746, 11526.0
2.949146270751953, 11680.0
8.405970335006714, 11715.0
17.163666248321533, 11778.0
17.247225046157837, 11801.0
17.29288125038147, 11823.0
17.35930323600769, 11884.0
17.451824188232422, 11904.0
17.458060026168823, 11971.0
17.464350938796997, 12093.0
17.483155965805054, 12105.0
17.756622076034546, 12221.0
19.04302716255188, 12242.0
19.214259386062622, 12340.0
19.218055248260498, 12455.0
21.816304206848145, 12456.0
21.85026717185974, 12457.0
25.243747234344482, 12500.0
25.254074096679688, 12671.0
25.637595176696777, 12737.0
25.765356063842773, 12856.0
25.8330020904541, 12882.0
25.905163049697876, 12908.0
26.170497179031372, 12934.0
26.190778255462646, 13010.0
26.214262008666992, 13028.0
26.22142004966736, 13068.0
26.717313051223755, 13175.0
26.90535616874695, 13178.0
27.210560083389282, 13249.0
27.259674072265625, 13308.0
27.300438165664673, 13313.0
27.33646011352539, 13314.0
27.534627199172974, 13364.0
27.584463119506836, 13421.0
27.733078002929688, 13483.0
27.8788480758667, 13484.0
27.904627323150635, 13485.0
28.02283525466919, 13587.0
28.281502962112427, 13590.0
28.32131814956665, 13608.0
28.336844205856323, 13625.0
28.58261203765869, 13676.0
28.621124267578125, 13682.0
28.84783911705017, 13720.0
28.931555032730103, 13721.0
28.935537099838257, 13750.0
28.94746494293213, 13768.0
28.998411178588867, 13825.0
29.51708221435547, 13936.0
29.67242121696472, 13953.0
29.973273038864136, 14073.0
30.17897129058838, 14090.0
32.09271717071533, 14099.0
32.25330710411072, 14100.0
33.584946155548096, 14101.0
33.892125368118286, 14102.0
33.934104204177856, 14104.0
34.806204319000244, 14144.0
36.56278610229492, 14152.0
