0.00010514259338378906, 220.0
0.00020599365234375, 831.0
0.00031185150146484375, 1200.0
0.00041294097900390625, 2146.0
0.0006108283996582031, 2290.0
0.002477884292602539, 2489.0
0.0031719207763671875, 2490.0
0.004745006561279297, 2531.0
0.005140066146850586, 2532.0
0.007116079330444336, 2599.0
0.02928018569946289, 2733.0
0.03273820877075195, 2779.0
0.032839059829711914, 2780.0
0.06360888481140137, 2800.0
0.06400489807128906, 2923.0
0.06697392463684082, 3071.0
0.07321310043334961, 3086.0
0.2596700191497803, 3144.0
0.839501142501831, 3217.0
1.7631068229675293, 3238.0
1.8208808898925781, 3282.0
2.767896890640259, 3505.0
2.7682089805603027, 3572.0
4.044712066650391, 3633.0
4.045007944107056, 3634.0
7.647287130355835, 3662.0
7.651310920715332, 3663.0
7.941679000854492, 3672.0
8.428910970687866, 3673.0
