1.0547280311584473, 52030.0
1.8053710460662842, 52030.0
2.552406072616577, 52653.0
3.2968151569366455, 52910.0
4.0450520515441895, 53343.0
4.8105669021606445, 53778.0
5.563424110412598, 53778.0
6.320396184921265, 54133.0
7.079303026199341, 54667.0
7.813612222671509, 54830.0
8.547168016433716, 55474.0
9.294429063796997, 55474.0
10.043237924575806, 55846.0
10.777384996414185, 56149.0
11.512877225875854, 56149.0
12.267357110977173, 56631.0
13.00405216217041, 56631.0
13.742393970489502, 56722.0
14.480679988861084, 56795.0
15.236651182174683, 57149.0
15.979645013809204, 57204.0
16.718821048736572, 57455.0
17.457349061965942, 57939.0
18.197288990020752, 57939.0
18.935795068740845, 58634.0
19.689751148223877, 58634.0
20.431226015090942, 58634.0
21.17172408103943, 58758.0
21.934307098388672, 58901.0
22.691739082336426, 58901.0
23.446007251739502, 58971.0
24.20502519607544, 59266.0
24.963683128356934, 59553.0
25.70800495147705, 59662.0
26.45434808731079, 59662.0
27.214296102523804, 59691.0
27.973090171813965, 60281.0
28.72911810874939, 60597.0
29.478015184402466, 60703.0
30.22777819633484, 61109.0
30.98766803741455, 61109.0
31.749900102615356, 61111.0
32.50085210800171, 61679.0
33.26494216918945, 61679.0
34.02655816078186, 61679.0
34.78457713127136, 61691.0
35.54457092285156, 61812.0
36.29208207130432, 61812.0
37.05552005767822, 62298.0
37.80380606651306, 62493.0
38.553359031677246, 62493.0
39.31660509109497, 62493.0
40.06560206413269, 62530.0
40.81447410583496, 62958.0
41.57623505592346, 63059.0
42.33883309364319, 63128.0
43.08884620666504, 63128.0
43.83692812919617, 63168.0
44.587198972702026, 63233.0
45.33639407157898, 63412.0
46.09532403945923, 63412.0
46.84966516494751, 63547.0
47.611473083496094, 63547.0
48.36024308204651, 63655.0
49.122299909591675, 63747.0
49.87857222557068, 64046.0
50.63937425613403, 64143.0
51.39931392669678, 64245.0
52.16092109680176, 64245.0
52.923645973205566, 64500.0
53.677282094955444, 64500.0
54.441797971725464, 64663.0
55.19425415992737, 64710.0
55.960960149765015, 64710.0
56.72185206413269, 64778.0
57.48254108428955, 64811.0
58.25162601470947, 65066.0
59.02337312698364, 65085.0
59.778154134750366, 65287.0
60.542354106903076, 65287.0
61.30871820449829, 66026.0
62.078368186950684, 66026.0
62.84532117843628, 66026.0
63.61040496826172, 66026.0
64.3749930858612, 66026.0
65.14146113395691, 66046.0
65.8958249092102, 66154.0
66.66659307479858, 66300.0
67.4319372177124, 66300.0
68.20569825172424, 66300.0
68.98023819923401, 66321.0
69.7463481426239, 66376.0
70.51173901557922, 66632.0
71.28425407409668, 66654.0
72.05335211753845, 66678.0
72.8287661075592, 66843.0
73.60085010528564, 67342.0
74.37812519073486, 67342.0
75.1520881652832, 67342.0
75.92316198348999, 67342.0
76.69374394416809, 67842.0
77.4624080657959, 67842.0
78.23185420036316, 67842.0
79.00033020973206, 67842.0
79.77010416984558, 67842.0
80.54180216789246, 67842.0
81.31543922424316, 68092.0
82.09209823608398, 68092.0
82.86797595024109, 68092.0
83.64088106155396, 68092.0
84.4012291431427, 68092.0
85.17078304290771, 68340.0
85.94090294837952, 68480.0
86.7105700969696, 68831.0
87.48510694503784, 68831.0
88.26183295249939, 68831.0
89.03981494903564, 68831.0
89.81614208221436, 68831.0
90.58099913597107, 68831.0
91.34682607650757, 68831.0
92.10974407196045, 69064.0
92.8726122379303, 69064.0
93.6370940208435, 69064.0
94.41446828842163, 69064.0
95.19480609893799, 69446.0
95.97261905670166, 69446.0
96.74815607070923, 69446.0
97.52703499794006, 69573.0
98.29891204833984, 69655.0
99.07677602767944, 70061.0
99.85598111152649, 70061.0
100.63376808166504, 70061.0
101.40790510177612, 70061.0
102.1802818775177, 70061.0
102.95248103141785, 70061.0
103.72512221336365, 70251.0
104.50088405609131, 70251.0
105.27396202087402, 70341.0
106.05455017089844, 70341.0
106.83035802841187, 70494.0
107.60709524154663, 70716.0
108.37518906593323, 70716.0
109.15225505828857, 70716.0
109.93144822120667, 70716.0
110.69679498672485, 70716.0
111.47146415710449, 70716.0
112.24799704551697, 70756.0
113.01331901550293, 70945.0
113.77733421325684, 71041.0
114.54066586494446, 71041.0
115.30313515663147, 71059.0
116.07750606536865, 71075.0
116.84730505943298, 71145.0
117.62289595603943, 71145.0
118.39671301841736, 71145.0
119.17179608345032, 71276.0
119.95590829849243, 71465.0
120.7364411354065, 71465.0
121.5181291103363, 71465.0
122.28995108604431, 71588.0
123.07265019416809, 71588.0
123.85439920425415, 71939.0
124.63201117515564, 71939.0
125.40814113616943, 71939.0
126.17750716209412, 72178.0
126.95220422744751, 72178.0
127.7276611328125, 72178.0
128.50053715705872, 72178.0
129.27806210517883, 72211.0
130.06097316741943, 72211.0
130.83789229393005, 72877.0
131.60579419136047, 72877.0
132.38444185256958, 72877.0
133.15871024131775, 72931.0
133.93608808517456, 72931.0
134.7132110595703, 72931.0
135.49086594581604, 72931.0
136.268296957016, 72931.0
137.04031014442444, 72931.0
137.81720614433289, 72931.0
138.59880709648132, 72931.0
139.37535500526428, 72931.0
140.15894317626953, 73211.0
140.93472599983215, 73211.0
141.71387028694153, 73232.0
142.4956021308899, 73232.0
143.274395942688, 73232.0
144.05085229873657, 73232.0
144.82600498199463, 73232.0
145.59896302223206, 73232.0
146.3743109703064, 73292.0
147.1561312675476, 73292.0
147.93510723114014, 73292.0
148.72118711471558, 73444.0
149.49912405014038, 73444.0
150.2809019088745, 73444.0
151.0577471256256, 73444.0
151.8339159488678, 73444.0
152.61615228652954, 73467.0
153.39633893966675, 73467.0
154.17827200889587, 73529.0
