0.002094745635986328, 516.0
0.004096031188964844, 787.0
0.006117820739746094, 1206.0
0.008141040802001953, 1983.0
0.01014089584350586, 2748.0
0.012151956558227539, 3247.0
0.014154911041259766, 4035.0
0.01616692543029785, 4284.0
0.01817798614501953, 4435.0
0.02019786834716797, 5143.0
0.02220010757446289, 5392.0
0.024204015731811523, 6323.0
0.02621006965637207, 6696.0
0.028206825256347656, 6819.0
0.030217885971069336, 7488.0
0.03222513198852539, 8264.0
0.03423476219177246, 8819.0
0.03625297546386719, 9395.0
0.038266897201538086, 9903.0
0.040274858474731445, 10451.0
0.04228496551513672, 11093.0
0.044287919998168945, 11249.0
0.04630303382873535, 11322.0
0.048310041427612305, 11323.0
0.05030989646911621, 11799.0
0.05427885055541992, 12286.0
0.05629706382751465, 12664.0
0.05829882621765137, 12872.0
0.06033205986022949, 13543.0
0.062332868576049805, 13907.0
0.0643320083618164, 14912.0
0.06633400917053223, 15703.0
0.06833314895629883, 16729.0
0.0703287124633789, 17394.0
0.07235479354858398, 18216.0
0.0743570327758789, 18922.0
0.0763559341430664, 19925.0
0.07835602760314941, 20033.0
0.08035683631896973, 20322.0
0.08235812187194824, 20655.0
0.08436298370361328, 21062.0
0.08637690544128418, 21550.0
0.08837389945983887, 21649.0
0.09037184715270996, 21749.0
0.09236693382263184, 22681.0
0.09436297416687012, 23245.0
0.09636092185974121, 23731.0
0.09836077690124512, 24376.0
0.1003730297088623, 24554.0
0.10237288475036621, 24883.0
0.10438680648803711, 25081.0
0.10637497901916504, 25290.0
0.10836982727050781, 25731.0
0.11035585403442383, 25878.0
0.11235404014587402, 26455.0
0.11434602737426758, 26976.0
0.1163320541381836, 27373.0
0.11831402778625488, 28385.0
0.12029790878295898, 28386.0
0.12229299545288086, 28759.0
0.12427496910095215, 28969.0
0.12628412246704102, 28970.0
0.12826991081237793, 29734.0
0.13025903701782227, 30551.0
0.13225293159484863, 30818.0
0.13424110412597656, 31697.0
0.1362287998199463, 31968.0
0.13826489448547363, 32640.0
0.14025092124938965, 32810.0
0.1422269344329834, 33495.0
0.14428496360778809, 34110.0
0.14627575874328613, 35018.0
0.14826178550720215, 35884.0
0.150252103805542, 36354.0
0.15224194526672363, 37049.0
0.15421605110168457, 37281.0
0.156203031539917, 38163.0
0.15818500518798828, 38772.0
0.16016793251037598, 39236.0
0.16215300559997559, 39702.0
0.16414999961853027, 40378.0
0.1661388874053955, 41017.0
0.16812705993652344, 41939.0
0.17011308670043945, 42574.0
0.1721038818359375, 42725.0
0.17409205436706543, 43220.0
0.17607593536376953, 44182.0
0.178070068359375, 44457.0
0.18005681037902832, 45437.0
0.18203973770141602, 45842.0
0.18402385711669922, 46164.0
0.18602609634399414, 46373.0
0.18801212310791016, 47155.0
0.18999791145324707, 47926.0
0.19199204444885254, 48933.0
0.19398093223571777, 49062.0
0.19598007202148438, 49097.0
0.19797682762145996, 49929.0
0.20591187477111816, 50076.0
0.2118549346923828, 50077.0
0.23544096946716309, 50153.0
0.32360100746154785, 50167.0
2.9857239723205566, 50201.0
3.6077771186828613, 50214.0
3.6653780937194824, 50249.0
3.86523175239563, 50265.0
3.8872897624969482, 50266.0
3.898948907852173, 50267.0
4.097783088684082, 50295.0
4.1230669021606445, 50345.0
4.191601991653442, 50357.0
4.323770761489868, 50414.0
4.382017135620117, 50416.0
4.393620014190674, 50469.0
4.42223596572876, 50587.0
4.458407878875732, 50654.0
4.502123117446899, 50714.0
4.61328387260437, 50735.0
4.700326919555664, 50791.0
4.861778020858765, 50792.0
5.0207250118255615, 50828.0
5.049806833267212, 50854.0
5.257572889328003, 50894.0
5.277323007583618, 50997.0
6.787858009338379, 51042.0
6.941805124282837, 51219.0
6.949457883834839, 51327.0
6.9665610790252686, 51328.0
8.184496879577637, 51352.0
8.838831901550293, 51389.0
9.340929985046387, 51488.0
9.36799693107605, 51589.0
9.445212841033936, 51618.0
10.226573705673218, 51626.0
10.699760913848877, 51647.0
10.717652082443237, 51672.0
10.754251956939697, 51691.0
10.999472856521606, 51744.0
11.286627769470215, 51855.0
12.20252799987793, 51919.0
18.885921955108643, 51954.0
18.95507788658142, 51960.0
18.970870971679688, 52047.0
20.029071807861328, 52048.0
20.715117931365967, 52142.0
21.156480073928833, 52156.0
21.162247896194458, 52195.0
21.277309894561768, 52249.0
21.398210048675537, 52279.0
21.404006958007812, 52316.0
21.40595579147339, 52450.0
22.884156942367554, 52453.0
22.957578897476196, 52454.0
23.544391870498657, 52525.0
23.729336738586426, 52592.0
24.485756874084473, 52617.0
24.602060079574585, 52667.0
24.857553958892822, 52680.0
24.86534881591797, 52681.0
24.878931999206543, 52816.0
25.55591082572937, 52897.0
25.707735776901245, 52899.0
41.96147584915161, 52969.0
41.997710943222046, 52994.0
42.02256989479065, 53010.0
42.13020706176758, 53108.0
42.971275091171265, 53120.0
42.98467397689819, 53143.0
43.00379300117493, 53178.0
43.057557106018066, 53179.0
43.147412061691284, 53344.0
43.149353981018066, 53345.0
43.21444392204285, 53385.0
43.27563500404358, 53386.0
43.3120219707489, 53463.0
43.518330812454224, 53513.0
43.74426603317261, 53562.0
51.916587114334106, 53565.0
51.92910599708557, 53566.0
52.094748973846436, 53616.0
52.16253089904785, 53690.0
54.33729386329651, 53694.0
54.34435486793518, 53814.0
54.89641284942627, 53821.0
55.061988830566406, 53950.0
55.107763051986694, 54003.0
56.402941942214966, 54118.0
56.43813610076904, 54366.0
56.9989378452301, 54413.0
58.339266777038574, 54435.0
64.3368399143219, 54639.0
64.39600205421448, 54640.0
64.63619470596313, 54669.0
64.8229730129242, 54733.0
64.8935010433197, 54803.0
64.89543199539185, 54862.0
71.87207794189453, 54935.0
71.94638800621033, 55018.0
72.00419998168945, 55068.0
72.04047274589539, 55183.0
72.08056974411011, 55207.0
72.39612483978271, 55293.0
72.50871872901917, 55300.0
72.52566885948181, 55382.0
72.56134390830994, 55384.0
72.57261395454407, 55416.0
72.61958885192871, 55493.0
72.67584204673767, 55572.0
73.29669785499573, 55579.0
73.70669078826904, 55631.0
91.08752989768982, 55643.0
91.10095691680908, 55644.0
91.12006783485413, 55645.0
91.21169996261597, 55656.0
100.5601737499237, 55688.0
100.6740779876709, 55716.0
100.74357891082764, 55850.0
100.77450609207153, 55917.0
100.9658088684082, 55921.0
101.0155200958252, 55971.0
101.03845405578613, 55972.0
101.04422688484192, 56126.0
101.24475979804993, 56238.0
101.40124583244324, 56239.0
101.42225003242493, 56240.0
102.75981998443604, 56307.0
102.78017902374268, 56368.0
102.79127717018127, 56446.0
104.1831579208374, 56566.0
104.24762606620789, 56655.0
104.33035278320312, 56712.0
104.36895489692688, 56729.0
104.50504612922668, 56733.0
104.7756700515747, 56770.0
104.79720091819763, 56780.0
107.92450881004333, 56781.0
107.95855498313904, 56797.0
108.00402212142944, 56798.0
108.09860301017761, 56909.0
108.151526927948, 57017.0
108.21777296066284, 57018.0
108.4994649887085, 57139.0
108.66876912117004, 57140.0
109.06529474258423, 57167.0
109.18810176849365, 57238.0
109.2920880317688, 57292.0
109.73805689811707, 57326.0
109.77396512031555, 57417.0
115.12745094299316, 57478.0
115.13298988342285, 57519.0
115.3179919719696, 57600.0
115.43072700500488, 57698.0
115.52323985099792, 57720.0
115.83491396903992, 57751.0
115.85997891426086, 57844.0
115.9316418170929, 57950.0
116.03913807868958, 57951.0
116.39475798606873, 58035.0
116.58221697807312, 58070.0
116.6903178691864, 58128.0
116.97794699668884, 58204.0
119.09120988845825, 58292.0
119.61810684204102, 58341.0
119.8364269733429, 58408.0
119.92841291427612, 58438.0
119.95196175575256, 58497.0
120.2567949295044, 58578.0
120.39575409889221, 58589.0
120.95904994010925, 58634.0
120.99435591697693, 58635.0
121.08243584632874, 58708.0
121.25036597251892, 58823.0
121.37344193458557, 58976.0
121.42034983634949, 58977.0
121.5082859992981, 58996.0
122.49837183952332, 59006.0
122.53715395927429, 59062.0
122.59923195838928, 59083.0
125.63872003555298, 59215.0
125.82176494598389, 59302.0
125.86729979515076, 59328.0
126.06998491287231, 59382.0
126.43549489974976, 59383.0
126.50743985176086, 59384.0
127.23681092262268, 59466.0
127.41388893127441, 59467.0
127.45910406112671, 59544.0
127.82766699790955, 59575.0
127.85588312149048, 59576.0
127.88597679138184, 59661.0
127.92924380302429, 59753.0
128.04597997665405, 59754.0
128.14399695396423, 59855.0
128.48262095451355, 59867.0
129.1222279071808, 59952.0
129.16280889511108, 59977.0
129.17055106163025, 59978.0
129.43554592132568, 60008.0
129.45080876350403, 60052.0
129.69572186470032, 60053.0
130.13190603256226, 60058.0
130.2279019355774, 60085.0
130.4177360534668, 60122.0
130.570317029953, 60223.0
130.73825097084045, 60335.0
130.84380912780762, 60414.0
131.06724405288696, 60496.0
131.25088787078857, 60624.0
131.75955414772034, 60637.0
131.81474089622498, 60650.0
132.02725791931152, 60775.0
132.43507480621338, 60776.0
133.1704080104828, 60858.0
133.42637014389038, 60859.0
133.44579887390137, 60860.0
133.70504784584045, 60880.0
133.9448049068451, 60932.0
134.42237377166748, 60979.0
135.42673301696777, 61005.0
135.78159093856812, 61030.0
135.87562704086304, 61087.0
136.43290090560913, 61111.0
137.55629014968872, 61187.0
139.30558013916016, 61216.0
139.53664898872375, 61340.0
140.04034900665283, 61341.0
140.7903528213501, 61430.0
140.8037497997284, 61492.0
141.863538980484, 61550.0
141.93375897407532, 61551.0
142.3388819694519, 61672.0
142.48117303848267, 61740.0
142.72662091255188, 61741.0
144.10081887245178, 61893.0
144.25564908981323, 61921.0
145.26329398155212, 61936.0
145.63180494308472, 62006.0
145.65897297859192, 62094.0
145.77292895317078, 62167.0
146.06446170806885, 62168.0
146.24197602272034, 62177.0
146.27087783813477, 62178.0
146.30357885360718, 62179.0
146.71452689170837, 62302.0
146.85667896270752, 62401.0
146.98919892311096, 62477.0
147.00264883041382, 62478.0
147.206228017807, 62495.0
147.6680760383606, 62597.0
147.86838388442993, 62603.0
148.3709671497345, 62684.0
148.51340293884277, 62694.0
148.5924060344696, 62802.0
149.100821018219, 62817.0
149.94723796844482, 62818.0
152.60363388061523, 62849.0
153.1100468635559, 62921.0
157.70576786994934, 62953.0
158.1554560661316, 62971.0
158.36203908920288, 62972.0
159.19699478149414, 63073.0
160.2257399559021, 63074.0
160.35959601402283, 63123.0
160.8929009437561, 63137.0
161.32800483703613, 63146.0
161.4979338645935, 63170.0
163.84307885169983, 63181.0
163.90411186218262, 63220.0
164.93400812149048, 63221.0
164.9798321723938, 63222.0
165.47649312019348, 63297.0
166.08098888397217, 63389.0
168.08122181892395, 63399.0
168.19185781478882, 63400.0
168.20526790618896, 63401.0
168.5104739665985, 63472.0
169.60224103927612, 63473.0
169.86566185951233, 63497.0
170.6482858657837, 63524.0
171.27664589881897, 63525.0
172.46983289718628, 63530.0
174.0550217628479, 63531.0
175.42135286331177, 63563.0
175.5447838306427, 63564.0
177.6614809036255, 63580.0
180.14270997047424, 63581.0
181.8036060333252, 63586.0
181.90669012069702, 63587.0
182.9760341644287, 63588.0
183.65909576416016, 63608.0
195.38678884506226, 63609.0
