4.7206878662109375e-05, 1043.0
0.0010030269622802734, 1167.0
0.0012431144714355469, 1276.0
0.00535130500793457, 1419.0
0.005628108978271484, 1589.0
0.02673506736755371, 1674.0
0.031510114669799805, 1690.0
0.0328981876373291, 1695.0
0.04380321502685547, 1766.0
0.04427909851074219, 1895.0
0.04558610916137695, 1929.0
0.04582619667053223, 1958.0
0.049027204513549805, 1973.0
0.04996824264526367, 1996.0
0.060884952545166016, 2050.0
0.06435918807983398, 2183.0
0.06682610511779785, 2279.0
0.22230195999145508, 2293.0
0.4145469665527344, 2296.0
0.4331851005554199, 2297.0
0.43616724014282227, 2380.0
0.4367070198059082, 2396.0
2.367842197418213, 2482.0
2.3720741271972656, 2494.0
2.5241799354553223, 2587.0
2.5817909240722656, 2588.0
2.597820281982422, 2592.0
