0.0020051002502441406, 825.0
0.004165172576904297, 1144.0
0.006347179412841797, 1418.0
0.008489131927490234, 1732.0
0.010638236999511719, 2167.0
0.012789011001586914, 2722.0
0.01492619514465332, 3390.0
0.01706719398498535, 4026.0
0.019201040267944336, 4384.0
0.021342039108276367, 4998.0
0.023490190505981445, 5295.0
0.025578022003173828, 5697.0
0.027697324752807617, 6771.0
0.029822111129760742, 7339.0
0.031948089599609375, 8167.0
0.03398418426513672, 9002.0
0.03598904609680176, 9646.0
0.037989139556884766, 9895.0
0.04000115394592285, 10606.0
0.04201912879943848, 11079.0
0.044016122817993164, 11354.0
0.046012163162231445, 12296.0
0.04803729057312012, 12823.0
0.050040245056152344, 13007.0
0.052036285400390625, 13815.0
0.05404233932495117, 14039.0
0.05604720115661621, 14459.0
0.05804109573364258, 14661.0
0.06006217002868652, 14812.0
0.06205320358276367, 15251.0
0.06404709815979004, 15473.0
0.06604719161987305, 15649.0
0.06803417205810547, 16311.0
0.07002496719360352, 16516.0
0.07202720642089844, 16517.0
0.0740201473236084, 16943.0
0.07600808143615723, 17078.0
0.07799911499023438, 17693.0
0.07998919486999512, 18229.0
0.08201813697814941, 19036.0
0.08408498764038086, 19468.0
0.0861361026763916, 19752.0
0.08817410469055176, 20010.0
0.09023022651672363, 20933.0
0.0924072265625, 21373.0
0.09455013275146484, 21704.0
0.09660220146179199, 22163.0
0.09866714477539062, 22436.0
0.1007540225982666, 23118.0
0.1028292179107666, 23432.0
0.10486030578613281, 24332.0
0.10698413848876953, 24481.0
0.10919928550720215, 25257.0
0.1112360954284668, 25546.0
0.11322331428527832, 26101.0
0.11520004272460938, 27127.0
0.11720418930053711, 27635.0
0.11919713020324707, 28200.0
0.12118816375732422, 28925.0
0.12317419052124023, 29300.0
0.12515521049499512, 29726.0
0.1271371841430664, 29806.0
0.12911701202392578, 30111.0
0.13109517097473145, 30158.0
0.13310003280639648, 30493.0
0.13509607315063477, 31391.0
0.1370711326599121, 31703.0
0.13905811309814453, 32196.0
0.14103913307189941, 32240.0
0.1430370807647705, 32879.0
0.14505410194396973, 33437.0
0.1470353603363037, 33512.0
0.14900994300842285, 34500.0
0.15098905563354492, 34988.0
0.15296626091003418, 35380.0
0.15494036674499512, 35781.0
0.15691328048706055, 36348.0
0.15889525413513184, 36911.0
0.16089510917663574, 37813.0
0.1628732681274414, 38479.0
0.16488313674926758, 39266.0
0.16688013076782227, 40171.0
0.16888213157653809, 41204.0
0.17088103294372559, 42068.0
0.17288923263549805, 42199.0
0.17489123344421387, 42334.0
0.17690134048461914, 42723.0
0.17890524864196777, 42998.0
0.18089723587036133, 42999.0
0.18288898468017578, 43485.0
0.18683409690856934, 43696.0
0.1888141632080078, 44292.0
0.19080519676208496, 44668.0
0.19278526306152344, 45053.0
0.19476103782653809, 45179.0
0.1967451572418213, 45755.0
0.19873428344726562, 46114.0
0.20072317123413086, 46809.0
0.20271015167236328, 46965.0
0.20468521118164062, 47635.0
0.20668911933898926, 47872.0
0.208665132522583, 48288.0
0.21068024635314941, 48634.0
0.21265721321105957, 48962.0
0.21464920043945312, 49871.0
0.2205042839050293, 50207.0
0.2224881649017334, 50208.0
0.23220205307006836, 50438.0
6.036164283752441, 50448.0
6.0520851612091064, 50456.0
6.353739023208618, 50491.0
6.379139184951782, 50492.0
6.412355184555054, 50618.0
6.426023960113525, 50689.0
6.451577186584473, 50760.0
6.6115782260894775, 50848.0
6.8021581172943115, 50875.0
7.019426107406616, 50914.0
7.159788131713867, 50968.0
7.186865329742432, 50991.0
7.219725131988525, 50992.0
8.50002121925354, 51058.0
8.620305299758911, 51122.0
8.68524718284607, 51217.0
8.70815896987915, 51325.0
8.71776008605957, 51345.0
8.72929310798645, 51346.0
8.775193214416504, 51410.0
8.78858232498169, 51478.0
8.819039106369019, 51479.0
8.874492168426514, 51519.0
8.893547058105469, 51574.0
8.899279117584229, 51575.0
8.946852207183838, 51631.0
9.150082111358643, 51664.0
9.157691240310669, 51720.0
16.952640056610107, 51754.0
17.05259394645691, 51794.0
18.197997093200684, 51811.0
18.305285215377808, 51817.0
18.367472171783447, 51818.0
18.541788339614868, 51857.0
19.123651266098022, 51864.0
19.155646085739136, 51904.0
20.80207920074463, 52049.0
21.671359062194824, 52102.0
21.68296504020691, 52156.0
21.827051162719727, 52294.0
21.936180114746094, 52297.0
21.991894006729126, 52366.0
22.095602989196777, 52473.0
22.154998064041138, 52616.0
22.38751530647278, 52690.0
22.399116039276123, 52712.0
22.464405059814453, 52811.0
22.818865299224854, 52875.0
22.839996337890625, 52949.0
22.99677801132202, 52957.0
23.00065803527832, 52958.0
23.644479990005493, 52989.0
23.650259017944336, 53059.0
24.295438289642334, 53071.0
24.356223106384277, 53131.0
24.36575412750244, 53208.0
24.433780193328857, 53292.0
24.452765941619873, 53307.0
24.505763292312622, 53353.0
36.55859112739563, 53391.0
36.727519035339355, 53410.0
37.12617611885071, 53433.0
37.14725613594055, 53434.0
37.185630083084106, 53468.0
37.23542809486389, 53572.0
37.46782612800598, 53674.0
37.4755163192749, 53675.0
37.50812602043152, 53723.0
37.70715117454529, 53744.0
37.751466035842896, 53755.0
37.8069851398468, 53756.0
38.525917053222656, 53829.0
38.907220125198364, 53843.0
38.94646096229553, 53889.0
38.99201011657715, 53987.0
39.07244324684143, 54027.0
39.158642053604126, 54104.0
39.30157518386841, 54173.0
39.37214016914368, 54252.0
39.389846086502075, 54312.0
39.397709131240845, 54313.0
39.485857248306274, 54327.0
40.02230095863342, 54471.0
41.069589138031006, 54557.0
41.12681221961975, 54621.0
41.128828287124634, 54671.0
41.16436004638672, 54672.0
41.30005216598511, 54731.0
41.62252497673035, 54753.0
41.6537983417511, 54884.0
42.55685615539551, 54895.0
42.651222229003906, 54896.0
42.87476205825806, 54953.0
42.87886309623718, 54954.0
43.29355025291443, 54988.0
52.329413175582886, 55019.0
52.344858169555664, 55106.0
52.43336820602417, 55108.0
52.49112033843994, 55109.0
52.97989106178284, 55213.0
53.173585176467896, 55220.0
53.208184242248535, 55251.0
53.356276988983154, 55364.0
53.385186195373535, 55457.0
53.4063560962677, 55532.0
53.47749209403992, 55541.0
54.91134810447693, 55592.0
54.913307189941406, 55671.0
55.003698110580444, 55707.0
55.15988731384277, 55753.0
55.230711221694946, 55773.0
55.24059224128723, 55849.0
55.248536109924316, 55916.0
55.28392195701599, 55922.0
55.3976891040802, 55951.0
55.503480195999146, 56055.0
55.50938701629639, 56223.0
56.147985219955444, 56265.0
56.188096046447754, 56266.0
56.190038204193115, 56329.0
56.218690156936646, 56455.0
56.31409525871277, 56512.0
56.47048306465149, 56572.0
64.63004326820374, 56627.0
64.63196325302124, 56677.0
64.82548213005066, 56757.0
64.85370326042175, 56847.0
64.91947913169861, 56848.0
65.01899218559265, 56868.0
100.21940732002258, 56904.0
100.30962896347046, 56905.0
100.38794803619385, 56921.0
100.95688128471375, 56946.0
100.98619604110718, 57070.0
101.52034521102905, 57101.0
101.90956902503967, 57124.0
101.97153997421265, 57158.0
102.13182806968689, 57205.0
102.17248797416687, 57206.0
102.24609899520874, 57237.0
102.88410806655884, 57296.0
103.11887431144714, 57362.0
103.25831198692322, 57388.0
103.83058834075928, 57420.0
103.9309151172638, 57484.0
104.1157751083374, 57570.0
104.11772918701172, 57655.0
104.26013922691345, 57689.0
105.2098331451416, 57727.0
105.31508111953735, 57728.0
105.49681615829468, 57746.0
105.51405715942383, 57771.0
105.52749228477478, 57772.0
105.55052018165588, 57773.0
105.67871713638306, 57812.0
105.86048316955566, 57901.0
106.02521014213562, 57968.0
106.04055714607239, 58069.0
106.364511013031, 58095.0
106.4079020023346, 58187.0
106.48054313659668, 58214.0
106.61963605880737, 58270.0
106.64120125770569, 58378.0
106.79494524002075, 58390.0
107.1484432220459, 58417.0
107.20785522460938, 58485.0
107.23090410232544, 58584.0
111.18696618080139, 58605.0
111.29820513725281, 58627.0
111.53218221664429, 58692.0
112.11281633377075, 58707.0
112.17715406417847, 58708.0
112.29527711868286, 58738.0
114.2467691898346, 58752.0
114.34544515609741, 58773.0
114.41705417633057, 58774.0
114.47285318374634, 58789.0
114.57661604881287, 58792.0
114.57857513427734, 58873.0
114.9821560382843, 58874.0
114.99374008178711, 58920.0
115.65183210372925, 58961.0
115.67682218551636, 58993.0
115.83989715576172, 59044.0
115.93976306915283, 59118.0
116.05876517295837, 59290.0
117.15579414367676, 59319.0
117.24771213531494, 59374.0
117.31278610229492, 59421.0
119.52364706993103, 59425.0
119.71204113960266, 59498.0
119.83566117286682, 59529.0
119.85856103897095, 59530.0
119.94228625297546, 59531.0
120.03926110267639, 59614.0
120.44609904289246, 59615.0
120.85973715782166, 59624.0
120.91051912307739, 59630.0
121.4574921131134, 59664.0
121.71298098564148, 59696.0
121.77532601356506, 59702.0
121.82975220680237, 59833.0
121.85891199111938, 59834.0
122.07860112190247, 59835.0
123.78534817695618, 59875.0
123.80283403396606, 59876.0
123.98494529724121, 59877.0
124.22716021537781, 59878.0
124.61263704299927, 59891.0
124.72894525527954, 59892.0
125.23757696151733, 60002.0
126.65868711471558, 60003.0
126.9511411190033, 60032.0
126.95504808425903, 60033.0
127.34430527687073, 60055.0
127.35593032836914, 60150.0
127.40823316574097, 60151.0
127.42958211898804, 60152.0
128.5629162788391, 60225.0
128.92375016212463, 60244.0
128.93739914894104, 60375.0
129.10275101661682, 60407.0
129.12612509727478, 60503.0
129.16504621505737, 60504.0
129.21371507644653, 60575.0
129.36388993263245, 60576.0
129.66033005714417, 60599.0
129.72205710411072, 60639.0
129.81842303276062, 60688.0
129.9166190624237, 60744.0
129.96281599998474, 60754.0
130.1669602394104, 60760.0
131.09296703338623, 60838.0
131.62279295921326, 60847.0
131.82290315628052, 60938.0
132.61524319648743, 60953.0
132.87535429000854, 61001.0
132.92086029052734, 61002.0
133.05688309669495, 61025.0
133.11411213874817, 61148.0
137.65476417541504, 61190.0
138.13836216926575, 61237.0
138.42628407478333, 61328.0
139.1548092365265, 61347.0
140.24871706962585, 61367.0
140.86212015151978, 61372.0
141.13107013702393, 61426.0
141.1427080631256, 61427.0
141.79473614692688, 61475.0
142.1579041481018, 61586.0
143.1817271709442, 61587.0
143.3776831626892, 61674.0
143.89233112335205, 61720.0
145.28755617141724, 61731.0
145.56325006484985, 61790.0
146.10516929626465, 61791.0
146.20114827156067, 61792.0
146.29506731033325, 61793.0
146.48649716377258, 61798.0
146.49230217933655, 61807.0
146.81078815460205, 61930.0
146.98445916175842, 61957.0
146.9923610687256, 61958.0
147.26161217689514, 61959.0
147.45810508728027, 62048.0
148.57952213287354, 62119.0
149.79398727416992, 62177.0
150.44179511070251, 62178.0
151.53548908233643, 62179.0
152.13005709648132, 62249.0
152.67793726921082, 62348.0
153.77405428886414, 62356.0
153.78171014785767, 62367.0
154.200266122818, 62431.0
155.59073996543884, 62523.0
155.746924161911, 62604.0
156.7130000591278, 62605.0
157.4097921848297, 62606.0
158.4721701145172, 62621.0
159.02281498908997, 62703.0
159.25909423828125, 62704.0
159.8025541305542, 62730.0
159.92274713516235, 62844.0
161.68270611763, 62850.0
163.84652018547058, 62987.0
166.14005517959595, 62993.0
166.2171232700348, 62994.0
166.78317523002625, 63033.0
168.47783136367798, 63089.0
169.11305928230286, 63097.0
169.32918524742126, 63129.0
169.47422814369202, 63130.0
169.75496125221252, 63131.0
170.8571970462799, 63168.0
170.90577006340027, 63169.0
172.56215715408325, 63201.0
172.73113703727722, 63202.0
173.93093299865723, 63203.0
174.77408003807068, 63204.0
174.9519009590149, 63205.0
175.00350427627563, 63229.0
175.11058831214905, 63230.0
178.71126103401184, 63235.0
178.78000807762146, 63236.0
179.0436930656433, 63237.0
179.3058660030365, 63238.0
179.37101817131042, 63239.0
179.42456817626953, 63240.0
181.96114420890808, 63241.0
181.98600721359253, 63270.0
185.5377471446991, 63299.0
186.00464415550232, 63375.0
188.15970611572266, 63376.0
189.29224705696106, 63462.0
189.38545727729797, 63463.0
189.45512294769287, 63486.0
189.90832018852234, 63487.0
191.72260928153992, 63578.0
191.79537415504456, 63638.0
192.1463692188263, 63639.0
196.08726930618286, 63640.0
196.6397352218628, 63690.0
197.4022662639618, 63691.0
197.6068332195282, 63692.0
