41.99159502983093, 564.0
41.991600036621094, 917.0
41.991602182388306, 544.0
41.99160599708557, 275.0
41.991607904434204, 869.0
41.9916090965271, 837.0
41.99161195755005, 998.0
41.99161386489868, 618.0
41.99161696434021, 668.0
41.991617918014526, 740.0
41.99161887168884, 722.0
41.99162197113037, 859.0
41.99162316322327, 846.0
41.991623878479004, 343.0
41.99162578582764, 707.0
41.99162793159485, 211.0
41.99163198471069, 965.0
41.991636991500854, 949.0
41.99163889884949, 184.0
41.991639852523804, 663.0
41.991641998291016, 635.0
41.99164295196533, 666.0
41.99164414405823, 742.0
41.991645097732544, 232.0
41.99164795875549, 325.0
41.99165105819702, 967.0
41.99165201187134, 339.0
41.991652965545654, 542.0
41.99165415763855, 876.0
41.991655111312866, 531.0
41.9916558265686, 549.0
41.991657972335815, 439.0
41.99165987968445, 788.0
41.99166202545166, 501.0
41.99166393280029, 511.0
41.99166512489319, 791.0
41.991666078567505, 609.0
41.99166679382324, 495.0
41.991668939590454, 961.0
41.99166989326477, 944.0
41.991673946380615, 976.0
41.991673946380615, 633.0
41.99167513847351, 406.0
41.991676807403564, 697.0
41.99167776107788, 520.0
41.991678953170776, 316.0
41.99169087409973, 242.0
41.99169182777405, 626.0
41.99169301986694, 960.0
41.99169397354126, 220.0
41.991694927215576, 660.0
41.99169611930847, 404.0
41.99169993400574, 759.0
41.99170184135437, 956.0
41.991703033447266, 874.0
41.991706132888794, 609.0
41.99170708656311, 882.0
41.99170804023743, 598.0
41.99170994758606, 834.0
41.991710901260376, 102.0
41.991710901260376, 914.0
41.99171185493469, 564.0
41.99171304702759, 632.0
41.991714000701904, 933.0
41.99173188209534, 266.0
41.99173402786255, 709.0
41.99173593521118, 973.0
41.991738080978394, 844.0
41.99173903465271, 676.0
41.991739988327026, 978.0
41.99174094200134, 283.0
41.99174380302429, 866.0
41.991745948791504, 591.0
41.991748094558716, 659.0
41.99175000190735, 666.0
41.99175190925598, 640.0
41.991759061813354, 903.0
41.99176001548767, 703.0
41.99176096916199, 195.0
41.99176287651062, 572.0
41.99176478385925, 876.0
41.991766929626465, 332.0
41.99176788330078, 789.0
41.99176907539368, 532.0
41.99177002906799, 971.0
41.991772174835205, 740.0
41.99177312850952, 824.0
41.99177384376526, 624.0
41.99177694320679, 992.0
41.9917778968811, 909.0
41.99178099632263, 779.0
41.99178194999695, 683.0
41.991783142089844, 286.0
41.99178385734558, 524.0
41.9917848110199, 601.0
41.99178695678711, 701.0
41.991787910461426, 832.0
41.99178886413574, 798.0
41.99179005622864, 891.0
41.991791009902954, 333.0
41.99179196357727, 532.0
41.991793155670166, 556.0
41.99179410934448, 658.0
41.99179697036743, 816.0
41.99179697036743, 443.0
41.99180006980896, 811.0
41.991801023483276, 351.0
41.99180197715759, 629.0
41.99180483818054, 896.0
41.99180793762207, 912.0
41.99180889129639, 812.0
41.9918098449707, 650.0
41.9918110370636, 726.0
41.99181294441223, 897.0
41.99181413650513, 771.0
41.99181580543518, 571.0
41.99181890487671, 638.0
41.991819858551025, 454.0
41.99182105064392, 179.0
41.99182105064392, 620.0
41.99182200431824, 344.0
41.991822957992554, 434.0
41.991825103759766, 756.0
41.991825103759766, 929.0
41.99182677268982, 617.0
41.99182677268982, 986.0
41.99182891845703, 854.0
41.99182891845703, 253.0
41.991830825805664, 945.0
41.991832971572876, 377.0
41.99183392524719, 647.0
41.99183511734009, 170.0
41.991836071014404, 764.0
41.99183702468872, 675.0
41.99183773994446, 126.0
41.99183893203735, 911.0
41.99183988571167, 912.0
41.991840839385986, 587.0
41.99184203147888, 405.0
41.9918429851532, 784.0
41.991843938827515, 897.0
41.99184513092041, 712.0
41.99184608459473, 692.0
41.991848945617676, 713.0
41.99184989929199, 358.0
41.99185085296631, 800.0
41.991852045059204, 580.0
41.99185299873352, 610.0
41.99185395240784, 950.0
41.99185490608215, 128.0
41.991857051849365, 646.0
41.99185800552368, 674.0
41.991858959198, 939.0
41.99186086654663, 584.0
41.99186301231384, 881.0
41.99186611175537, 621.0
41.99186611175537, 35.0
41.99186873435974, 800.0
41.99187088012695, 368.0
41.99187183380127, 605.0
41.991873025894165, 425.0
41.9918749332428, 917.0
41.991875886917114, 218.0
41.991878032684326, 914.0
41.99187994003296, 734.0
41.991880893707275, 641.0
41.99188280105591, 840.0
41.99188494682312, 908.0
41.99188709259033, 686.0
41.991888999938965, 330.0
41.991891860961914, 708.0
41.99189281463623, 702.0
41.991897106170654, 704.0
41.99189901351929, 851.0
41.9919011592865, 986.0
41.99190282821655, 473.0
41.991904973983765, 880.0
41.9919068813324, 485.0
41.99190902709961, 165.0
41.99191117286682, 398.0
41.99191379547119, 700.0
41.99191498756409, 756.0
41.99191689491272, 721.0
41.99191904067993, 561.0
41.99192214012146, 803.0
41.99192500114441, 495.0
41.991925954818726, 938.0
41.99192786216736, 622.0
41.99193000793457, 153.0
41.99193096160889, 929.0
41.99193286895752, 634.0
41.991936922073364, 919.0
41.99193787574768, 570.0
41.99194002151489, 582.0
41.991942167282104, 21.0
41.99194383621216, 457.0
41.99194598197937, 904.0
41.991947889328, 810.0
41.991947889328, 900.0
41.991950035095215, 418.0
41.99195194244385, 594.0
41.99195313453674, 995.0
41.9919548034668, 850.0
41.99195694923401, 426.0
41.991957902908325, 395.0
41.99196004867554, 603.0
41.99196410179138, 784.0
41.9919650554657, 987.0
41.991965770721436, 711.0
41.99196791648865, 987.0
41.991968870162964, 920.0
41.991971015930176, 218.0
41.991974115371704, 859.0
41.99197697639465, 894.0
41.991978883743286, 619.0
41.9919810295105, 844.0
41.99198293685913, 129.0
41.99198508262634, 258.0
41.9919867515564, 975.0
41.99198889732361, 224.0
41.99199199676514, 868.0
41.99199390411377, 859.0
41.991997957229614, 856.0
41.99199891090393, 984.0
41.99200201034546, 732.0
41.99200391769409, 848.0
41.992006063461304, 542.0
41.99200892448425, 752.0
41.992010831832886, 840.0
41.9920129776001, 653.0
41.992016077041626, 578.0
41.99201798439026, 458.0
41.99201989173889, 947.0
41.9920220375061, 564.0
41.99202489852905, 939.0
41.992027044296265, 640.0
41.99202919006348, 513.0
41.992029905319214, 843.0
41.99203181266785, 517.0
41.99203395843506, 931.0
41.99203610420227, 614.0
41.9920380115509, 616.0
41.99203896522522, 670.0
41.992039918899536, 429.0
41.99204087257385, 363.0
41.99204182624817, 660.0
41.992043018341064, 283.0
41.99204397201538, 391.0
41.99204707145691, 867.0
41.992048025131226, 667.0
41.99204897880554, 799.0
41.99205017089844, 942.0
41.99205279350281, 931.0
41.9920539855957, 641.0
41.99205493927002, 294.0
41.992055892944336, 477.0
41.99205803871155, 495.0
41.992058992385864, 425.0
41.9920608997345, 653.0
41.9920608997345, 942.0
41.99206185340881, 643.0
41.992063999176025, 961.0
41.99206590652466, 840.0
41.992066860198975, 547.0
41.9920699596405, 976.0
41.9920699596405, 666.0
41.9920711517334, 755.0
41.992071866989136, 788.0
41.99207377433777, 952.0
41.992074966430664, 747.0
41.9920768737793, 381.0
41.9920768737793, 802.0
41.99207806587219, 256.0
41.99207806587219, 209.0
41.992079973220825, 907.0
41.99208116531372, 358.0
41.992082834243774, 84.0
41.99208378791809, 321.0
41.992084980010986, 545.0
41.9920859336853, 959.0
41.992088079452515, 446.0
41.992088079452515, 728.0
41.99208998680115, 625.0
41.992090940475464, 970.0
41.99209213256836, 817.0
41.992093086242676, 676.0
41.99209499359131, 931.0
41.992095947265625, 753.0
41.99209904670715, 845.0
41.99210000038147, 943.0
41.99210000038147, 902.0
41.992100954055786, 906.0
41.992103099823, 888.0
41.992103815078735, 389.0
41.99210596084595, 930.0
41.992106914520264, 810.0
41.992109060287476, 942.0
41.99211001396179, 569.0
41.992111921310425, 352.0
41.99211311340332, 1000.0
41.992114782333374, 412.0
41.99211597442627, 473.0
41.99211597442627, 221.0
41.992116928100586, 565.0
41.9921178817749, 836.0
41.9921178817749, 782.0
41.99211883544922, 702.0
41.992120027542114, 838.0
41.99212193489075, 911.0
41.99212312698364, 363.0
41.99212312698364, 897.0
41.992124795913696, 684.0
41.992124795913696, 649.0
41.99212574958801, 789.0
41.99212694168091, 796.0
41.992127895355225, 888.0
41.992127895355225, 826.0
41.99212884902954, 517.0
41.99213004112244, 954.0
41.99213099479675, 987.0
41.99213194847107, 981.0
41.99213194847107, 585.0
41.992133140563965, 451.0
41.99213409423828, 641.0
41.9921350479126, 868.0
41.9921350479126, 674.0
41.992135763168335, 724.0
41.99213695526123, 555.0
41.99213790893555, 886.0
41.99213790893555, 836.0
41.99213886260986, 713.0
41.99214005470276, 839.0
41.992141008377075, 922.0
41.99214291572571, 871.0
41.9921441078186, 663.0
41.9921441078186, 618.0
41.99214506149292, 834.0
41.992146015167236, 84.0
41.992146730422974, 771.0
41.99214792251587, 961.0
41.99214792251587, 790.0
41.992148876190186, 543.0
41.9921498298645, 985.0
41.9921510219574, 792.0
41.992151975631714, 889.0
41.99215292930603, 757.0
41.992154121398926, 984.0
41.992154121398926, 282.0
41.992156982421875, 770.0
41.99215793609619, 954.0
41.99215793609619, 997.0
41.992159843444824, 524.0
41.99216103553772, 874.0
41.992161989212036, 959.0
41.99216294288635, 730.0
41.99216389656067, 195.0
41.992165088653564, 590.0
41.99216604232788, 557.0
41.9921669960022, 884.0
41.992167949676514, 815.0
41.992167949676514, 694.0
41.99216890335083, 218.0
41.99216985702515, 705.0
41.99217081069946, 662.0
41.99217081069946, 957.0
41.99217200279236, 911.0
41.992172956466675, 746.0
41.992172956466675, 51.0
41.99217391014099, 986.0
41.99217700958252, 858.0
41.99217700958252, 911.0
41.99217891693115, 690.0
41.99217891693115, 998.0
41.99217987060547, 770.0
41.992180824279785, 979.0
41.99218201637268, 955.0
41.99218392372131, 584.0
41.99218487739563, 483.0
41.99218487739563, 899.0
41.992186069488525, 770.0
41.99218702316284, 712.0
41.99218797683716, 490.0
41.99218797683716, 905.0
41.992188930511475, 748.0
41.99218988418579, 859.0
41.99219083786011, 876.0
41.99219083786011, 791.0
41.992191791534424, 631.0
41.99219298362732, 500.0
41.992193937301636, 521.0
41.992193937301636, 888.0
41.99219489097595, 699.0
41.99219608306885, 963.0
41.992197036743164, 850.0
41.99219799041748, 914.0
41.99219799041748, 648.0
41.992199182510376, 169.0
41.992199182510376, 689.0
41.99219989776611, 885.0
41.99220085144043, 583.0
41.99220085144043, 784.0
41.99220299720764, 919.0
41.992204904556274, 268.0
41.992204904556274, 298.0
41.99220609664917, 686.0
41.992207050323486, 378.0
41.9922080039978, 554.0
41.9922080039978, 641.0
41.99220895767212, 649.0
41.992210149765015, 651.0
