0.01883077621459961, 6634.0
0.034004926681518555, 6634.0
0.04935884475708008, 7715.0
0.06494808197021484, 7931.0
0.08045506477355957, 8800.0
0.0960080623626709, 8800.0
0.11158299446105957, 9161.0
0.12737584114074707, 9774.0
0.14320802688598633, 10073.0
0.1590108871459961, 10073.0
0.1748809814453125, 10574.0
0.19098997116088867, 10574.0
0.2074599266052246, 10574.0
0.22347092628479004, 10574.0
0.23948383331298828, 10574.0
0.25565505027770996, 10635.0
0.27177882194519043, 10635.0
0.2888059616088867, 10899.0
0.30579304695129395, 10899.0
0.3220329284667969, 10899.0
0.33835697174072266, 10899.0
0.35463404655456543, 10899.0
0.3708629608154297, 10899.0
0.38706421852111816, 10899.0
0.40323305130004883, 10899.0
0.41953587532043457, 11056.0
0.4362809658050537, 11056.0
0.4532279968261719, 11056.0
0.47818708419799805, 11056.0
0.4968700408935547, 11056.0
0.513434886932373, 11056.0
0.5299170017242432, 11056.0
0.5463829040527344, 11056.0
0.562920093536377, 11056.0
0.5794150829315186, 11056.0
0.5959439277648926, 11056.0
0.6125960350036621, 11056.0
0.6294209957122803, 11056.0
0.64615797996521, 11056.0
0.6635448932647705, 11056.0
0.6803200244903564, 11056.0
0.6971688270568848, 11056.0
0.7138760089874268, 11056.0
0.7305319309234619, 11056.0
0.7472431659698486, 11056.0
0.7640910148620605, 11056.0
0.7815239429473877, 11056.0
0.7988669872283936, 11056.0
0.8160698413848877, 11056.0
0.8327040672302246, 11056.0
0.849311113357544, 11056.0
0.8658719062805176, 11056.0
0.8824248313903809, 11056.0
0.8989989757537842, 11056.0
0.9156150817871094, 11056.0
0.9321730136871338, 11056.0
0.948807954788208, 11056.0
0.9653890132904053, 11056.0
0.982093095779419, 11056.0
0.9988181591033936, 11056.0
1.0155458450317383, 11056.0
1.0323419570922852, 11056.0
1.0491740703582764, 11056.0
1.0660240650177002, 11056.0
1.0828540325164795, 11056.0
1.0995228290557861, 11056.0
1.1163709163665771, 11056.0
1.132565975189209, 11056.0
1.148745059967041, 11056.0
1.1649730205535889, 11056.0
1.181169033050537, 11056.0
1.197580099105835, 11056.0
1.2138099670410156, 11056.0
1.2300360202789307, 11056.0
1.2462217807769775, 11056.0
1.262394905090332, 11056.0
1.278581142425537, 11056.0
1.294795036315918, 11056.0
1.311032772064209, 11056.0
1.3272080421447754, 11056.0
1.3433809280395508, 11056.0
1.3598217964172363, 11056.0
1.3761699199676514, 11056.0
1.3926069736480713, 11056.0
1.408930778503418, 11056.0
1.4251699447631836, 11056.0
1.4413750171661377, 11056.0
1.4575860500335693, 11056.0
1.4738268852233887, 11056.0
1.4901928901672363, 11056.0
1.5068600177764893, 11056.0
1.523237943649292, 11056.0
1.5395851135253906, 11056.0
1.555968999862671, 11056.0
1.572350025177002, 11056.0
1.5887360572814941, 11056.0
1.6051490306854248, 11056.0
1.621777057647705, 11056.0
1.638200044631958, 11056.0
1.6551828384399414, 11056.0
1.6719958782196045, 11056.0
1.688506841659546, 11056.0
1.7052948474884033, 11056.0
1.721682071685791, 11056.0
1.7384240627288818, 11056.0
1.755228042602539, 11056.0
1.7718191146850586, 11056.0
1.7881629467010498, 11056.0
1.804481029510498, 11056.0
1.8208060264587402, 11056.0
1.837095022201538, 11056.0
1.8534910678863525, 11056.0
1.8697521686553955, 11056.0
1.886063814163208, 11056.0
1.9023408889770508, 11056.0
1.9186370372772217, 11056.0
1.9349210262298584, 11056.0
1.9511330127716064, 11056.0
1.9673900604248047, 11056.0
1.9836750030517578, 11056.0
1.9999349117279053, 11056.0
2.0164501667022705, 11056.0
2.0327160358428955, 11056.0
2.0490241050720215, 11056.0
2.0653140544891357, 11056.0
2.0816378593444824, 11056.0
2.097913980484009, 11056.0
2.114150047302246, 11056.0
2.1304068565368652, 11056.0
2.14662504196167, 11056.0
2.162829875946045, 11056.0
2.1795120239257812, 11056.0
2.1966469287872314, 11056.0
2.213721990585327, 11056.0
2.230767011642456, 11056.0
2.247206926345825, 11056.0
2.269223928451538, 11056.0
2.2879638671875, 11056.0
2.3045358657836914, 11056.0
2.321810007095337, 11056.0
2.3390378952026367, 11056.0
2.355595111846924, 11056.0
2.372183084487915, 11056.0
2.3888039588928223, 11056.0
2.4051709175109863, 11056.0
2.4215619564056396, 11056.0
2.4379332065582275, 11056.0
2.45432186126709, 11056.0
2.470716953277588, 11056.0
2.4871718883514404, 11056.0
2.5038721561431885, 11056.0
2.5202388763427734, 11056.0
2.5366768836975098, 11056.0
2.553323984146118, 11056.0
2.570319890975952, 11056.0
2.5870370864868164, 11056.0
2.6040189266204834, 11056.0
2.6209700107574463, 11056.0
2.6417319774627686, 11056.0
2.65999174118042, 11056.0
2.6773488521575928, 11056.0
2.6946098804473877, 11056.0
2.7117319107055664, 11056.0
2.7294349670410156, 11056.0
2.7475669384002686, 11056.0
2.7650530338287354, 11056.0
2.7819700241088867, 11056.0
2.798707962036133, 11056.0
2.815498113632202, 11056.0
2.8321948051452637, 11056.0
2.8499269485473633, 11056.0
2.8671419620513916, 11056.0
2.8847570419311523, 11056.0
2.90213680267334, 11056.0
2.9195189476013184, 11056.0
2.9369258880615234, 11056.0
2.9549131393432617, 11056.0
2.9726099967956543, 11056.0
2.990116834640503, 11056.0
3.007714033126831, 11056.0
3.025425910949707, 11056.0
3.043170213699341, 11056.0
3.0604958534240723, 11056.0
3.0775959491729736, 11056.0
3.0950469970703125, 11056.0
3.1116390228271484, 11056.0
3.1282958984375, 11056.0
3.1450560092926025, 11056.0
3.1616311073303223, 11056.0
3.1781258583068848, 11056.0
3.195510149002075, 11056.0
3.212817907333374, 11056.0
3.2297470569610596, 11056.0
3.246401071548462, 11056.0
3.263000965118408, 11056.0
3.2795300483703613, 11056.0
3.2959609031677246, 11056.0
3.312269926071167, 11056.0
3.3285930156707764, 11056.0
3.3449721336364746, 11056.0
3.361299991607666, 11056.0
