0.00021123886108398438, 895.0
0.0004169940948486328, 1778.0
0.0006229877471923828, 2607.0
0.0008299350738525391, 3513.0
0.0010340213775634766, 4175.0
0.0012390613555908203, 5040.0
0.025600910186767578, 5056.0
0.14085602760314941, 5112.0
0.15129709243774414, 5143.0
0.15580415725708008, 5185.0
0.16434001922607422, 5204.0
0.16921019554138184, 5258.0
0.21963214874267578, 5280.0
0.2533390522003174, 5334.0
0.25821685791015625, 5335.0
0.26375699043273926, 5363.0
0.2764248847961426, 5402.0
0.2770390510559082, 5443.0
0.2776520252227783, 5462.0
0.2863740921020508, 5572.0
0.28738927841186523, 5700.0
0.3057401180267334, 5789.0
0.8079469203948975, 5825.0
0.8149099349975586, 5853.0
0.8171629905700684, 5854.0
1.803523063659668, 5934.0
1.8188121318817139, 5995.0
1.8340201377868652, 6011.0
1.8371050357818604, 6150.0
1.8410310745239258, 6200.0
1.8473970890045166, 6210.0
8.768866062164307, 6232.0
8.79266905784607, 6259.0
8.796555042266846, 6265.0
8.832765102386475, 6280.0
8.83838415145874, 6286.0
8.855639934539795, 6329.0
8.857569932937622, 6369.0
8.878866195678711, 6373.0
8.881387948989868, 6492.0
8.940432071685791, 6534.0
8.986340045928955, 6543.0
9.000313997268677, 6647.0
9.002072095870972, 6648.0
9.125036001205444, 6657.0
9.128132104873657, 6774.0
9.470324039459229, 6817.0
12.677278995513916, 6846.0
12.703181028366089, 6901.0
13.265899896621704, 6903.0
13.506294012069702, 7011.0
13.730206966400146, 7110.0
13.786365270614624, 7111.0
13.895222902297974, 7122.0
14.046890020370483, 7133.0
14.371746063232422, 7188.0
14.580369234085083, 7211.0
17.885875940322876, 7212.0
19.222573041915894, 7223.0
