0.5208723545074463, 32205.0
0.8943259716033936, 32793.0
1.2695322036743164, 32872.0
1.6473920345306396, 33400.0
2.0260751247406006, 34190.0
2.4014673233032227, 35347.0
2.7794711589813232, 35347.0
3.157440185546875, 35403.0
3.532515048980713, 36267.0
3.913546085357666, 36694.0
4.304420232772827, 37170.0
4.688392162322998, 37475.0
5.069966077804565, 38556.0
5.450807094573975, 38556.0
5.845286130905151, 39899.0
6.236148357391357, 39899.0
6.623633146286011, 40094.0
7.006897211074829, 40201.0
7.392228126525879, 40294.0
7.7745521068573, 41193.0
8.161695003509521, 41232.0
8.544612169265747, 42286.0
8.930804967880249, 42286.0
9.317109107971191, 42576.0
9.70543122291565, 42884.0
10.090482234954834, 43486.0
10.473422050476074, 43486.0
10.862889289855957, 43500.0
11.2558012008667, 43972.0
11.644206047058105, 43972.0
12.029427289962769, 45204.0
12.42023515701294, 45204.0
12.809957265853882, 45204.0
13.196751117706299, 45941.0
13.58804726600647, 46274.0
13.978168249130249, 46274.0
14.368204116821289, 46274.0
14.758564233779907, 46476.0
15.150095224380493, 47054.0
15.544437170028687, 47102.0
15.939655303955078, 47591.0
16.33760714530945, 47761.0
16.73546814918518, 49005.0
17.13399910926819, 49005.0
17.529844999313354, 49005.0
17.925188064575195, 49267.0
18.317928314208984, 49678.0
18.71604609489441, 49678.0
19.112412214279175, 49892.0
19.511582374572754, 50484.0
19.912715196609497, 50698.0
20.30992102622986, 51567.0
20.708056211471558, 51567.0
21.108176231384277, 51567.0
21.508151054382324, 51567.0
21.908827304840088, 51927.0
22.309138298034668, 52404.0
22.712284326553345, 52404.0
23.109254121780396, 52527.0
23.514585256576538, 53796.0
23.91355538368225, 53796.0
24.315046310424805, 53796.0
24.71922731399536, 53959.0
25.119796991348267, 53959.0
25.526406288146973, 54535.0
25.92406725883484, 55229.0
26.323543071746826, 55229.0
26.728245973587036, 55523.0
27.132561206817627, 55523.0
27.539736032485962, 55523.0
27.938358068466187, 55571.0
28.340028285980225, 55575.0
28.739885091781616, 55798.0
29.146640300750732, 56004.0
29.54940414428711, 56004.0
29.954328060150146, 56281.0
30.359851121902466, 56796.0
30.76733422279358, 56796.0
31.1715829372406, 56796.0
31.578014373779297, 56983.0
31.986634969711304, 57142.0
32.390979051589966, 57142.0
32.80091905593872, 57142.0
33.21079611778259, 57437.0
33.61940622329712, 57752.0
34.02880311012268, 57799.0
34.436859130859375, 57799.0
34.846035957336426, 58623.0
35.25222134590149, 58623.0
35.661134243011475, 58623.0
36.06928610801697, 58805.0
36.47736120223999, 58936.0
36.89081597328186, 59068.0
37.30094528198242, 59068.0
37.70846629142761, 59089.0
38.11676216125488, 59408.0
38.527406215667725, 59408.0
38.94076323509216, 59408.0
39.34660506248474, 59433.0
39.7619571685791, 59433.0
40.172707080841064, 59687.0
40.58490800857544, 59752.0
40.99408936500549, 59756.0
41.40054130554199, 60068.0
41.811718225479126, 60098.0
42.219831228256226, 60301.0
42.63099908828735, 60856.0
43.042330265045166, 60856.0
43.457006216049194, 60856.0
43.87367916107178, 60856.0
44.28554010391235, 60918.0
44.6960232257843, 61140.0
45.107739210128784, 61247.0
45.51874113082886, 61247.0
45.93071722984314, 61247.0
46.343987226486206, 61312.0
46.75613808631897, 61322.0
47.16455030441284, 61322.0
47.57667422294617, 61501.0
47.98944306373596, 61501.0
48.4027042388916, 61552.0
48.81661629676819, 61745.0
49.22782111167908, 61745.0
49.64212512969971, 61745.0
50.05704712867737, 61764.0
50.46796703338623, 61805.0
50.87608814239502, 61869.0
51.284526109695435, 61990.0
51.693939208984375, 62376.0
52.10372519493103, 62376.0
52.512946367263794, 62532.0
52.92642307281494, 62532.0
53.340843200683594, 62882.0
53.75159406661987, 63086.0
54.16334915161133, 63272.0
54.57494401931763, 63289.0
54.98550605773926, 63289.0
55.39884901046753, 63289.0
55.80798101425171, 63289.0
56.220582246780396, 63289.0
56.63485312461853, 63395.0
57.04831314086914, 63395.0
57.4598662853241, 63696.0
57.86965823173523, 63696.0
58.28379797935486, 63793.0
58.69924211502075, 63793.0
59.111581325531006, 63903.0
59.524935245513916, 63904.0
59.93649506568909, 63904.0
60.354682207107544, 64300.0
60.77178716659546, 64300.0
61.184784173965454, 64300.0
61.59743118286133, 64300.0
62.010051250457764, 64300.0
62.42440605163574, 64379.0
62.84410119056702, 64379.0
63.26148509979248, 64379.0
63.67886424064636, 64418.0
64.09739422798157, 64490.0
64.51318717002869, 64558.0
64.92829632759094, 64695.0
65.34522533416748, 64885.0
65.75904822349548, 65081.0
66.18084025382996, 65081.0
66.60027432441711, 65250.0
67.02006030082703, 65250.0
67.43954110145569, 65578.0
67.85803699493408, 65578.0
68.27790427207947, 65578.0
68.69578814506531, 65578.0
69.11409711837769, 65736.0
69.53252506256104, 65736.0
69.95076131820679, 65736.0
70.36979818344116, 65736.0
70.78490614891052, 65736.0
71.19980311393738, 65786.0
71.61864399909973, 65786.0
72.03634834289551, 65795.0
72.4532573223114, 65795.0
72.8739640712738, 65900.0
73.29238510131836, 65900.0
73.71096920967102, 65900.0
74.13117122650146, 66003.0
74.55075716972351, 66003.0
74.96990013122559, 66070.0
75.3895332813263, 66082.0
75.8074061870575, 66432.0
76.22731709480286, 66432.0
76.64927625656128, 66432.0
77.06906318664551, 66432.0
77.48882031440735, 66432.0
77.90935134887695, 66481.0
78.33143711090088, 66481.0
78.75305604934692, 66481.0
79.17310214042664, 66585.0
79.59247207641602, 66585.0
80.01162123680115, 66585.0
80.4295551776886, 66885.0
80.84968614578247, 66885.0
81.27067518234253, 66885.0
81.69132208824158, 66928.0
