0.2056572437286377, 13217.0
0.3556680679321289, 13663.0
0.5068471431732178, 13884.0
0.6580181121826172, 14017.0
0.8095870018005371, 14628.0
0.9616169929504395, 14869.0
1.1147961616516113, 15189.0
1.2671561241149902, 15615.0
1.4196901321411133, 15788.0
1.572632074356079, 16205.0
1.7272021770477295, 16215.0
1.881066083908081, 17099.0
2.036140203475952, 17099.0
2.1911230087280273, 17196.0
2.345602035522461, 17628.0
2.500822067260742, 17712.0
2.656196117401123, 18051.0
2.812021017074585, 18332.0
2.9680261611938477, 19096.0
3.1240251064300537, 19096.0
3.280557155609131, 19096.0
3.4370923042297363, 19317.0
3.5942699909210205, 19442.0
3.7516722679138184, 19615.0
3.909137010574341, 20108.0
4.067530155181885, 20108.0
4.226516008377075, 20118.0
4.384602308273315, 20387.0
4.543290138244629, 20411.0
4.702352285385132, 20468.0
4.861382961273193, 21079.0
5.024599075317383, 21169.0
5.189155101776123, 21387.0
5.35258412361145, 21602.0
5.514847993850708, 21602.0
5.674306154251099, 21782.0
5.834266185760498, 21782.0
5.994377136230469, 22205.0
6.158347129821777, 22205.0
6.322657108306885, 22205.0
6.491521120071411, 22497.0
6.658194065093994, 22497.0
6.826000928878784, 22701.0
6.9893410205841064, 22701.0
7.152658939361572, 22758.0
7.3160741329193115, 22758.0
7.479915142059326, 23184.0
7.6439759731292725, 23184.0
7.807981252670288, 23253.0
7.972253084182739, 23832.0
8.136611223220825, 23832.0
8.30344295501709, 23832.0
8.467411041259766, 23958.0
8.631223201751709, 24304.0
8.795505046844482, 24304.0
8.9599130153656, 24304.0
9.12399411201477, 24304.0
9.288462162017822, 24614.0
9.453180074691772, 24917.0
9.618000984191895, 24917.0
9.782937288284302, 24917.0
9.947928190231323, 24917.0
10.113204002380371, 24917.0
10.279745101928711, 24985.0
10.44536304473877, 24985.0
10.611166000366211, 24985.0
10.776886224746704, 25304.0
10.942543268203735, 25304.0
11.10838508605957, 25304.0
11.274384260177612, 25327.0
11.440506219863892, 25377.0
11.606559991836548, 25397.0
11.774949312210083, 25614.0
11.941648960113525, 25657.0
12.10805892944336, 25772.0
12.276314973831177, 25772.0
12.44280195236206, 25772.0
12.609489917755127, 25990.0
12.77631425857544, 26198.0
12.94316816329956, 26198.0
13.109843015670776, 26198.0
13.2765052318573, 26439.0
13.443256139755249, 26439.0
13.610258102416992, 26439.0
13.777327299118042, 26518.0
13.944282293319702, 26518.0
14.111402034759521, 26518.0
14.280102014541626, 26580.0
14.448819160461426, 26606.0
14.617264032363892, 26606.0
14.785637140274048, 26675.0
14.953880071640015, 26675.0
15.122581005096436, 26675.0
15.29097032546997, 26717.0
15.459599256515503, 26717.0
15.628108024597168, 26718.0
15.796420097351074, 26811.0
15.964542150497437, 26811.0
16.132939100265503, 26811.0
16.30188012123108, 26904.0
16.470893144607544, 26904.0
16.63936710357666, 27096.0
16.807809114456177, 27096.0
16.976125955581665, 27096.0
17.144346952438354, 27096.0
17.312692165374756, 27096.0
17.481086015701294, 27190.0
17.649347066879272, 27190.0
17.81760597229004, 27193.0
17.986010313034058, 27193.0
18.154524087905884, 27193.0
18.3235342502594, 27211.0
18.493871212005615, 27211.0
18.662918090820312, 27211.0
18.832781076431274, 27215.0
19.00182318687439, 27409.0
19.170663118362427, 27409.0
19.33972716331482, 27409.0
19.508652210235596, 27418.0
19.677374124526978, 27446.0
19.846169233322144, 27446.0
20.01457905769348, 27494.0
20.183258295059204, 27509.0
20.351851224899292, 27509.0
20.523468017578125, 27601.0
20.693632125854492, 27601.0
20.863034963607788, 27602.0
21.032772302627563, 27602.0
21.202612161636353, 27602.0
21.37169313430786, 27706.0
21.541402101516724, 27782.0
21.709618091583252, 27782.0
21.878212213516235, 27782.0
22.04615092277527, 27782.0
22.214707136154175, 27782.0
22.38342523574829, 27906.0
22.555439233779907, 27906.0
22.72542715072632, 27906.0
22.895342111587524, 27906.0
23.065546989440918, 27906.0
23.235430002212524, 27906.0
23.40597105026245, 27906.0
23.576497077941895, 27909.0
23.747084140777588, 28002.0
23.917657136917114, 28002.0
24.08805203437805, 28002.0
24.258658170700073, 28002.0
24.42914319038391, 28002.0
24.60146999359131, 28002.0
24.77223300933838, 28002.0
24.943068027496338, 28018.0
25.113808155059814, 28018.0
25.284480094909668, 28101.0
25.454385995864868, 28101.0
25.62479591369629, 28153.0
25.79521632194519, 28153.0
25.965444087982178, 28153.0
26.136018991470337, 28153.0
26.30581307411194, 28153.0
26.475706100463867, 28153.0
26.64848518371582, 28153.0
26.819209098815918, 28153.0
26.98936915397644, 28153.0
27.159368991851807, 28153.0
27.329232931137085, 28174.0
27.499158143997192, 28174.0
27.669294118881226, 28258.0
27.83918023109436, 28258.0
28.009424924850464, 28258.0
28.179469108581543, 28393.0
28.34923028945923, 28393.0
28.518460988998413, 28393.0
28.68957209587097, 28393.0
28.85950803756714, 28393.0
29.02931523323059, 28393.0
29.198851108551025, 28393.0
29.368709325790405, 28393.0
29.538422107696533, 28393.0
29.708383083343506, 28419.0
29.87826895713806, 28419.0
30.04777193069458, 28419.0
30.2174232006073, 28419.0
30.387397289276123, 28419.0
30.557268142700195, 28419.0
30.728516101837158, 28419.0
30.898503065109253, 28419.0
31.068449020385742, 28419.0
31.238476037979126, 28419.0
31.408040046691895, 28419.0
31.577519178390503, 28419.0
31.74700903892517, 28419.0
31.917264223098755, 28419.0
32.08744812011719, 28419.0
32.25711798667908, 28419.0
32.42679405212402, 28419.0
32.5971519947052, 28419.0
32.76959800720215, 28419.0
32.94077491760254, 28419.0
33.11168122291565, 28419.0
33.28252816200256, 28419.0
33.453089237213135, 28419.0
