0.00021505355834960938, 1071.0
0.0004248619079589844, 1320.0
0.0006358623504638672, 1432.0
0.00084686279296875, 1860.0
0.0010578632354736328, 2345.0
0.0012710094451904297, 2986.0
0.0014808177947998047, 3541.0
0.0017058849334716797, 4170.0
0.0019168853759765625, 4738.0
0.002549886703491211, 4927.0
0.007596015930175781, 4981.0
0.010325908660888672, 4982.0
0.018002748489379883, 5023.0
0.018632888793945312, 5140.0
0.02049875259399414, 5141.0
0.026714801788330078, 5197.0
0.08432888984680176, 5281.0
0.09593391418457031, 5320.0
0.10091185569763184, 5379.0
0.10277676582336426, 5507.0
0.28088974952697754, 5592.0
0.3428938388824463, 5725.0
0.34819674491882324, 5767.0
0.35062074661254883, 5779.0
0.3548557758331299, 5820.0
0.46819090843200684, 5842.0
0.48108983039855957, 5857.0
1.0746269226074219, 5862.0
1.0913116931915283, 5890.0
1.8395020961761475, 5911.0
1.9547398090362549, 5980.0
3.0158658027648926, 6042.0
3.0241637229919434, 6134.0
3.028877019882202, 6135.0
3.0318169593811035, 6136.0
4.133755922317505, 6167.0
4.166003942489624, 6238.0
4.18756890296936, 6278.0
5.197156667709351, 6343.0
5.206637620925903, 6374.0
9.425063848495483, 6409.0
9.485409021377563, 6473.0
9.486827850341797, 6474.0
9.488632678985596, 6528.0
9.500504732131958, 6568.0
9.517014980316162, 6636.0
9.553478717803955, 6665.0
9.63316297531128, 6728.0
9.634575843811035, 6785.0
9.709577798843384, 6807.0
9.722825765609741, 6813.0
9.725461959838867, 6814.0
11.34912371635437, 6827.0
11.379894018173218, 6861.0
11.403278827667236, 6928.0
11.426589965820312, 7053.0
11.443654775619507, 7054.0
11.494889974594116, 7095.0
13.569425821304321, 7200.0
13.627577781677246, 7277.0
13.635673761367798, 7278.0
13.65105676651001, 7279.0
13.692802906036377, 7318.0
13.698978900909424, 7366.0
13.744088649749756, 7433.0
13.761106729507446, 7490.0
