0.0020012855529785156, 629.0
0.003955364227294922, 863.0
0.005922079086303711, 1689.0
0.007877349853515625, 2254.0
0.009837150573730469, 2686.0
0.011795282363891602, 3483.0
0.013728141784667969, 4323.0
0.015676259994506836, 4767.0
0.017640352249145508, 5150.0
0.01959514617919922, 6096.0
0.02152705192565918, 7191.0
0.023479223251342773, 8083.0
0.025417327880859375, 8530.0
0.027379274368286133, 9151.0
0.029332399368286133, 9974.0
0.03130531311035156, 10303.0
0.033239126205444336, 10471.0
0.0351872444152832, 11505.0
0.037125349044799805, 12219.0
0.039103031158447266, 12363.0
0.041039228439331055, 13208.0
0.043012142181396484, 13349.0
0.04494524002075195, 14002.0
0.04690408706665039, 14839.0
0.04883217811584473, 15101.0
0.05082535743713379, 15987.0
0.05276823043823242, 16722.0
0.054726362228393555, 17212.0
0.05668139457702637, 17953.0
0.058637142181396484, 18373.0
0.060593366622924805, 19377.0
0.06254911422729492, 20448.0
0.0644841194152832, 21190.0
0.0664362907409668, 21757.0
0.06837725639343262, 22759.0
0.07033228874206543, 23580.0
0.07228231430053711, 24465.0
0.07423615455627441, 25092.0
0.07616925239562988, 26075.0
0.0781240463256836, 27030.0
0.08006811141967773, 27395.0
0.08204317092895508, 28087.0
0.08399820327758789, 28754.0
0.08596134185791016, 29533.0
0.0879051685333252, 29824.0
0.08986806869506836, 30623.0
0.09180641174316406, 31438.0
0.09377217292785645, 32455.0
0.09571623802185059, 33143.0
0.09767818450927734, 33561.0
0.09961438179016113, 34180.0
0.10154533386230469, 34548.0
0.10347914695739746, 35328.0
0.10541415214538574, 35632.0
0.10734915733337402, 36092.0
0.10927224159240723, 37087.0
0.11120223999023438, 37542.0
0.11312723159790039, 37966.0
0.1150522232055664, 38785.0
0.11699414253234863, 39828.0
0.11892914772033691, 40411.0
0.12087321281433105, 40946.0
0.1228032112121582, 41534.0
0.12474608421325684, 42538.0
0.12668704986572266, 43497.0
0.12862634658813477, 44430.0
0.13056516647338867, 45253.0
0.13250422477722168, 46003.0
0.13444137573242188, 46436.0
0.13643431663513184, 46599.0
0.13835430145263672, 47249.0
0.14028215408325195, 47852.0
0.14221811294555664, 48935.0
0.14983820915222168, 48946.0
0.1517782211303711, 49673.0
0.15370917320251465, 50755.0
0.1556401252746582, 51572.0
0.15757107734680176, 51871.0
0.15949535369873047, 52203.0
0.1614363193511963, 52948.0
0.16336321830749512, 53606.0
0.16530513763427734, 54144.0
0.1672351360321045, 54459.0
0.16917920112609863, 54840.0
0.17112016677856445, 55598.0
0.1730482578277588, 55862.0
0.17499423027038574, 56088.0
0.17693018913269043, 56585.0
0.17886805534362793, 56906.0
0.18080925941467285, 57486.0
0.18274426460266113, 58321.0
0.18470025062561035, 58442.0
0.1866471767425537, 58799.0
0.2265172004699707, 59003.0
0.2711763381958008, 59025.0
0.2730581760406494, 59127.0
0.2897191047668457, 59373.0
0.3155651092529297, 59502.0
0.44284534454345703, 59603.0
0.5999271869659424, 59709.0
0.6387262344360352, 59814.0
0.6834151744842529, 59822.0
0.7000942230224609, 59983.0
0.7148821353912354, 60119.0
0.7388772964477539, 60265.0
0.76102614402771, 60397.0
0.8200414180755615, 60517.0
0.8828191757202148, 60556.0
0.9105172157287598, 60706.0
1.1232471466064453, 60808.0
1.132460117340088, 60916.0
1.1931991577148438, 61094.0
1.2763640880584717, 61136.0
1.285621166229248, 61366.0
1.3462493419647217, 61489.0
1.3499772548675537, 61594.0
1.3905563354492188, 61699.0
1.4218943119049072, 61700.0
1.5268032550811768, 61806.0
1.5416362285614014, 61922.0
1.5709493160247803, 61944.0
1.5792732238769531, 62094.0
1.5812993049621582, 62210.0
2.02960205078125, 62285.0
2.1600561141967773, 62397.0
2.2263193130493164, 62405.0
2.431727170944214, 62414.0
2.563157081604004, 62507.0
2.638367176055908, 62521.0
2.6422500610351562, 62811.0
2.657661199569702, 62915.0
2.9226551055908203, 62939.0
2.9264771938323975, 63079.0
2.9511983394622803, 63216.0
3.138643264770508, 63300.0
3.311101198196411, 63405.0
3.464646339416504, 63508.0
3.532905340194702, 63609.0
3.591750144958496, 63715.0
3.6115000247955322, 63819.0
3.628972053527832, 63839.0
3.642249345779419, 64019.0
3.687723159790039, 64195.0
3.862382173538208, 64265.0
3.911867141723633, 64400.0
3.9479172229766846, 64504.0
4.037095308303833, 64605.0
4.111149072647095, 64702.0
4.116884231567383, 64805.0
4.1264073848724365, 64912.0
4.156800031661987, 65041.0
4.183537244796753, 65194.0
4.380357265472412, 65297.0
4.418000221252441, 65415.0
4.495364189147949, 65514.0
4.531043291091919, 65619.0
4.639042139053345, 65715.0
4.655138254165649, 65817.0
4.92627215385437, 65895.0
4.935932159423828, 65996.0
4.949394226074219, 66112.0
5.091264009475708, 66213.0
5.380771160125732, 66300.0
5.590259313583374, 66403.0
5.615594148635864, 66459.0
5.621456146240234, 66500.0
5.710263252258301, 66590.0
5.76269006729126, 66634.0
5.787962198257446, 66770.0
5.8598291873931885, 66853.0
5.8675901889801025, 67003.0
6.030978202819824, 67109.0
6.09962010383606, 67210.0
6.347484350204468, 67366.0
6.3535401821136475, 67501.0
6.427943229675293, 67508.0
6.5376362800598145, 67617.0
6.621996164321899, 67737.0
6.662304162979126, 67917.0
6.702624082565308, 68042.0
6.706483364105225, 68195.0
6.805626153945923, 68298.0
6.849640369415283, 68417.0
7.020895004272461, 68519.0
7.0266711711883545, 68658.0
7.045671224594116, 68769.0
7.085489273071289, 68872.0
7.09892201423645, 69004.0
7.133118391036987, 69080.0
7.14075231552124, 69195.0
7.1767261028289795, 69300.0
7.2638163566589355, 69588.0
7.27329421043396, 69702.0
7.513311147689819, 69811.0
7.589373350143433, 69909.0
7.597032308578491, 70016.0
7.778666019439697, 70102.0
7.801512241363525, 70212.0
7.879324197769165, 70315.0
8.394390106201172, 70358.0
8.400115966796875, 70400.0
8.510146141052246, 70438.0
8.538668155670166, 70619.0
8.731815338134766, 70621.0
8.745150327682495, 70754.0
8.817113161087036, 70876.0
8.949818134307861, 70919.0
8.97831916809082, 70995.0
8.9953773021698, 71062.0
9.029461145401001, 71210.0
9.124248266220093, 71316.0
9.30459213256836, 71368.0
9.372870206832886, 71453.0
9.391799211502075, 71618.0
9.512840270996094, 71660.0
9.514760255813599, 71851.0
9.543329238891602, 72012.0
9.556593179702759, 72118.0
9.686941385269165, 72202.0
9.786687135696411, 72251.0
9.817003011703491, 72456.0
9.890804052352905, 72468.0
9.898414134979248, 72602.0
9.947606086730957, 72671.0
9.955196380615234, 72787.0
10.045987129211426, 72960.0
10.051685333251953, 73092.0
10.165250062942505, 73200.0
10.507508993148804, 73217.0
10.543504238128662, 73305.0
10.668387174606323, 73408.0
10.68176007270813, 73617.0
10.68560004234314, 73723.0
10.717803001403809, 73873.0
10.78969120979309, 73997.0
10.80868935585022, 74300.0
10.822060108184814, 74428.0
10.873683214187622, 74613.0
11.369770050048828, 74618.0
11.451350212097168, 74685.0
11.479605197906494, 74808.0
11.547329187393188, 74887.0
11.6394202709198, 74908.0
11.823014259338379, 75010.0
11.91332721710205, 75018.0
12.027230262756348, 75034.0
12.048156261444092, 75150.0
12.143249273300171, 75269.0
12.213619232177734, 75300.0
12.238309144973755, 75417.0
12.282036066055298, 75564.0
12.428012132644653, 75715.0
12.727537155151367, 75792.0
12.784431219100952, 75818.0
13.035088300704956, 75905.0
13.099807024002075, 75998.0
13.184524059295654, 76119.0
13.277273178100586, 76146.0
13.282963275909424, 76306.0
13.372292280197144, 76396.0
13.423624277114868, 76605.0
13.490180253982544, 76749.0
13.497798204421997, 76853.0
13.575782299041748, 76906.0
13.58335828781128, 77083.0
13.638044357299805, 77184.0
13.668465375900269, 77291.0
13.729248046875, 77411.0
13.782538175582886, 77516.0
13.858185291290283, 77595.0
13.894305229187012, 77701.0
14.048455238342285, 77818.0
14.056039333343506, 77973.0
14.057964086532593, 78102.0
14.09937310218811, 78218.0
14.225321292877197, 78301.0
14.829581260681152, 78304.0
14.837153196334839, 78407.0
14.975918292999268, 78519.0
15.053461074829102, 78531.0
15.055379390716553, 78687.0
15.061094284057617, 78800.0
15.346599340438843, 78862.0
15.359784364700317, 79016.0
15.363582372665405, 79204.0
15.829704284667969, 79210.0
15.881733179092407, 79214.0
15.917478322982788, 79217.0
15.994457244873047, 79315.0
16.13339924812317, 79459.0
16.135319232940674, 79575.0
16.1822772026062, 79594.0
16.19358229637146, 79756.0
16.229279041290283, 79878.0
16.236860275268555, 79986.0
16.259424209594727, 80013.0
16.265082120895386, 80137.0
16.270782232284546, 80291.0
16.276447057724, 80419.0
16.470094203948975, 80513.0
16.520939111709595, 80573.0
16.61133909225464, 80584.0
16.690269231796265, 80610.0
16.692183256149292, 80719.0
16.81436324119568, 80726.0
16.840731143951416, 80755.0
16.855823278427124, 80871.0
16.861534357070923, 81044.0
16.86724615097046, 81180.0
16.940653085708618, 81313.0
17.08739924430847, 81404.0
17.230497121810913, 81514.0
17.695366144180298, 81605.0
17.748152256011963, 81650.0
17.853602170944214, 81774.0
17.939714193344116, 81867.0
17.94542622566223, 81977.0
18.06829333305359, 81987.0
18.100300073623657, 82058.0
18.277942180633545, 82112.0
18.298758268356323, 82239.0
18.37221121788025, 82410.0
18.620424270629883, 82507.0
18.758048057556152, 82516.0
18.850529193878174, 82579.0
18.875134229660034, 82802.0
19.150068044662476, 82808.0
19.178332328796387, 82819.0
19.225643157958984, 82837.0
19.22757315635681, 83012.0
19.27306818962097, 83100.0
19.293902158737183, 83289.0
19.431100368499756, 83390.0
19.574324131011963, 83495.0
19.6326961517334, 83613.0
19.86733913421631, 83730.0
19.897496223449707, 83844.0
19.96305823326111, 84017.0
20.298449277877808, 84092.0
20.306029081344604, 84215.0
20.88990807533264, 84301.0
20.916447162628174, 84359.0
20.918407201766968, 84515.0
20.945078134536743, 84617.0
21.42228126525879, 84719.0
21.770936250686646, 84807.0
21.83680009841919, 84911.0
21.855663299560547, 84990.0
21.89752721786499, 85016.0
22.052268028259277, 85099.0
22.128331184387207, 85239.0
22.163637161254883, 85245.0
22.216012239456177, 85347.0
22.270002365112305, 85349.0
22.283477067947388, 85465.0
22.316051244735718, 85500.0
22.321813106536865, 85614.0
22.529081106185913, 85680.0
22.59617829322815, 85797.0
22.62470030784607, 85819.0
22.66644525527954, 86087.0
22.773824214935303, 86192.0
22.832613229751587, 86279.0
22.85535430908203, 86312.0
22.969926357269287, 86366.0
23.040325164794922, 86516.0
23.267731428146362, 86602.0
23.548554182052612, 86708.0
23.66485834121704, 86805.0
23.70607900619507, 86902.0
23.790269374847412, 86907.0
24.84890913963318, 86915.0
24.887911319732666, 86986.0
26.004510402679443, 87010.0
26.106863260269165, 87105.0
26.10888123512268, 87293.0
26.217743158340454, 87316.0
26.316158294677734, 87317.0
26.44794011116028, 87384.0
26.512601137161255, 87493.0
26.669605255126953, 87509.0
26.999664306640625, 87596.0
27.215944290161133, 87600.0
27.250710010528564, 87605.0
27.279619216918945, 87706.0
27.395220279693604, 87725.0
27.429737329483032, 87881.0
27.43550729751587, 87982.0
27.43747305870056, 88109.0
27.48529314994812, 88183.0
27.899561405181885, 88187.0
27.92246127128601, 88301.0
27.970242261886597, 88410.0
28.069002151489258, 88414.0
28.969707012176514, 88508.0
30.11650824546814, 88593.0
30.158549070358276, 88798.0
30.17001509666443, 88901.0
30.42361330986023, 88933.0
30.458157062530518, 89018.0
30.467735052108765, 89195.0
30.55732822418213, 89303.0
30.5821533203125, 89418.0
31.371223211288452, 89497.0
31.39035129547119, 89616.0
31.440178394317627, 89760.0
31.47641611099243, 89844.0
31.575632333755493, 89979.0
31.766199111938477, 90051.0
31.840858221054077, 90150.0
31.889008283615112, 90316.0
31.978990077972412, 90417.0
32.24652028083801, 90591.0
32.250521183013916, 90707.0
33.0605742931366, 90817.0
34.059683084487915, 90917.0
34.40763521194458, 91011.0
34.61379814147949, 91017.0
34.80990433692932, 91105.0
34.85522937774658, 91110.0
34.869028091430664, 91280.0
34.90045523643494, 91416.0
35.51982831954956, 91491.0
35.54667806625366, 91515.0
35.602317094802856, 91568.0
35.66363215446472, 91590.0
35.8146014213562, 91680.0
36.015281200408936, 91787.0
36.11461019515991, 91813.0
36.65367031097412, 91824.0
36.678391218185425, 91849.0
36.682228088378906, 91989.0
36.7145631313324, 91999.0
37.05637311935425, 92002.0
37.088693141937256, 92079.0
37.17980122566223, 92197.0
37.51432228088379, 92305.0
37.62846636772156, 92382.0
37.66850924491882, 92394.0
37.69522833824158, 92410.0
38.0316481590271, 92491.0
38.40078830718994, 92513.0
38.43871736526489, 92618.0
39.18908905982971, 92764.0
39.22112727165222, 92872.0
39.2324743270874, 93013.0
39.96254801750183, 93116.0
40.055036306381226, 93304.0
40.15493416786194, 93312.0
40.20215034484863, 93414.0
40.382742166519165, 93417.0
40.443090200424194, 93482.0
40.61075830459595, 93518.0
40.895047187805176, 93616.0
41.12666916847229, 93618.0
41.27340531349182, 93697.0
41.34111738204956, 93814.0
41.74397015571594, 93857.0
41.779786109924316, 93953.0
41.78170132637024, 94115.0
42.225473165512085, 94116.0
42.67595815658569, 94158.0
42.76423239707947, 94203.0
44.095059394836426, 94307.0
44.1906042098999, 94313.0
44.261765241622925, 94368.0
44.27114820480347, 94546.0
44.27868437767029, 94667.0
44.348053216934204, 94697.0
44.682438373565674, 94794.0
44.77424621582031, 94888.0
44.926289319992065, 94949.0
44.97565531730652, 95117.0
47.34347605705261, 95123.0
47.34952425956726, 95256.0
47.38845419883728, 95312.0
50.10043811798096, 95398.0
50.12885308265686, 95512.0
50.67062020301819, 95546.0
50.68202614784241, 95760.0
50.70481324195862, 95771.0
52.00299525260925, 95791.0
52.08821511268616, 95848.0
52.09962320327759, 95967.0
52.93852710723877, 96013.0
53.01467823982239, 96095.0
53.38056826591492, 96158.0
53.463054180145264, 96236.0
53.48419713973999, 96360.0
53.49759531021118, 96466.0
53.62704634666443, 96585.0
53.7013041973114, 96610.0
53.703248262405396, 96748.0
53.80989909172058, 96750.0
53.870763063430786, 96866.0
53.98118305206299, 96909.0
53.99260902404785, 97015.0
54.00405311584473, 97033.0
54.051653146743774, 97100.0
54.09549331665039, 97137.0
54.10127019882202, 97291.0
54.13365817070007, 97293.0
54.99109625816345, 97334.0
55.12254738807678, 97422.0
55.126384258270264, 97609.0
56.22888517379761, 97685.0
56.322150230407715, 97768.0
56.33929705619812, 97777.0
56.39648723602295, 97886.0
56.41554832458496, 98007.0
59.69227433204651, 98012.0
59.77755641937256, 98018.0
59.86659097671509, 98110.0
59.905344009399414, 98115.0
59.9460973739624, 98216.0
60.02550220489502, 98280.0
60.10889506340027, 98326.0
60.153481245040894, 98480.0
60.652613162994385, 98488.0
60.87821435928345, 98516.0
60.99712014198303, 98608.0
61.17742323875427, 98711.0
63.40640306472778, 98817.0
64.22754526138306, 98899.0
64.3908851146698, 99011.0
64.50670623779297, 99068.0
64.61058521270752, 99112.0
66.1508252620697, 99115.0
66.41372919082642, 99118.0
66.6932761669159, 99197.0
66.7454342842102, 99268.0
66.7930543422699, 99304.0
66.8193793296814, 99409.0
66.94486236572266, 99487.0
66.98230719566345, 99513.0
67.12487721443176, 99612.0
67.51601529121399, 99714.0
67.59066224098206, 99718.0
69.24037313461304, 99788.0
69.24237322807312, 99979.0
69.68598914146423, 100017.0
70.05233216285706, 100113.0
70.07378101348877, 100232.0
70.08354926109314, 100416.0
70.19642233848572, 100419.0
70.282151222229, 100510.0
70.67309522628784, 100520.0
70.68087816238403, 100631.0
70.7391791343689, 100745.0
70.79362034797668, 100848.0
70.79559516906738, 100953.0
70.8383321762085, 100969.0
70.91476726531982, 100974.0
70.92441511154175, 101083.0
71.11038637161255, 101187.0
74.07260012626648, 101214.0
74.08980822563171, 101222.0
74.12608218193054, 101225.0
74.13756227493286, 101381.0
75.18971920013428, 101495.0
75.35708427429199, 101544.0
75.37266111373901, 101654.0
75.47385907173157, 101723.0
75.61378216743469, 101749.0
75.6740951538086, 101898.0
76.32924437522888, 101990.0
76.42538332939148, 102086.0
76.42734217643738, 102206.0
76.4292962551117, 102308.0
78.05051708221436, 102376.0
78.07361221313477, 102515.0
79.20510816574097, 102588.0
79.21086740493774, 102707.0
79.40929317474365, 102813.0
80.13257026672363, 102821.0
80.15934228897095, 102977.0
80.19375514984131, 103118.0
80.2281243801117, 103207.0
80.36924719810486, 103316.0
81.84032821655273, 103318.0
92.22665810585022, 103415.0
92.46483206748962, 103482.0
92.51863121986389, 103618.0
92.91630721092224, 103706.0
93.16741824150085, 103783.0
93.24034929275513, 103887.0
93.30477333068848, 103915.0
94.15064024925232, 104019.0
95.0079972743988, 104108.0
95.24756407737732, 104193.0
95.30707025527954, 104309.0
95.41777420043945, 104413.0
96.1220531463623, 104513.0
96.25243020057678, 104610.0
96.36550235748291, 104719.0
96.75509405136108, 104812.0
96.82808232307434, 104817.0
96.85689616203308, 104951.0
96.89917922019958, 105067.0
96.97798228263855, 105212.0
100.17239236831665, 105318.0
100.54716324806213, 105410.0
103.33372330665588, 105468.0
103.36244130134583, 105617.0
104.66615915298462, 105707.0
104.70230317115784, 105811.0
107.60055232048035, 105819.0
107.69415235519409, 105913.0
107.98418736457825, 106016.0
109.17896604537964, 106117.0
112.6694610118866, 106218.0
113.85799932479858, 106317.0
114.75835132598877, 106419.0
114.89976334571838, 106515.0
115.03578233718872, 106604.0
115.3774642944336, 106610.0
115.51275706291199, 106613.0
120.62897205352783, 106694.0
120.81850218772888, 106816.0
121.24400115013123, 106896.0
121.47980904579163, 107016.0
121.51805019378662, 107119.0
122.06059718132019, 107195.0
122.10843420028687, 107304.0
123.34086227416992, 107405.0
123.45742416381836, 107511.0
125.42465734481812, 107516.0
142.00462317466736, 107619.0
