0.00980520248413086, 1996.0
0.018473148345947266, 1996.0
0.02724313735961914, 1996.0
0.035781145095825195, 1996.0
0.044396162033081055, 2095.0
0.053093910217285156, 2161.0
0.061826229095458984, 2191.0
0.07061314582824707, 2280.0
0.07944011688232422, 2280.0
0.0883021354675293, 2290.0
0.0972750186920166, 2295.0
0.10619807243347168, 2295.0
0.11513495445251465, 2295.0
0.12412405014038086, 2295.0
0.13311505317687988, 2296.0
0.14216017723083496, 2296.0
0.1512300968170166, 2296.0
0.1602940559387207, 2296.0
0.1693711280822754, 2296.0
0.17850804328918457, 2296.0
0.1876201629638672, 2296.0
0.19676899909973145, 2296.0
0.20591211318969727, 2296.0
0.21503996849060059, 2296.0
0.22415900230407715, 2296.0
0.23327422142028809, 2296.0
0.24245619773864746, 2296.0
0.2515420913696289, 2296.0
0.2606661319732666, 2296.0
0.2697470188140869, 2296.0
0.27878808975219727, 2296.0
0.2878570556640625, 2296.0
0.2969081401824951, 2296.0
0.30597901344299316, 2296.0
0.31508302688598633, 2296.0
0.32413697242736816, 2296.0
0.33321309089660645, 2296.0
0.34226202964782715, 2296.0
0.3513171672821045, 2296.0
0.36039304733276367, 2296.0
0.36945629119873047, 2296.0
0.3785271644592285, 2296.0
0.38759303092956543, 2296.0
0.39665699005126953, 2296.0
0.40573811531066895, 2296.0
0.4148092269897461, 2296.0
0.423861026763916, 2296.0
0.4329233169555664, 2296.0
0.4419820308685303, 2296.0
0.45105910301208496, 2296.0
0.46010494232177734, 2296.0
0.4691929817199707, 2296.0
0.47823524475097656, 2296.0
0.48728013038635254, 2296.0
0.49634528160095215, 2296.0
0.5054020881652832, 2296.0
0.5144379138946533, 2296.0
0.5235099792480469, 2296.0
0.5325629711151123, 2296.0
0.5416252613067627, 2296.0
0.5506892204284668, 2296.0
0.5597310066223145, 2296.0
0.5688052177429199, 2296.0
0.5778510570526123, 2296.0
0.5868830680847168, 2296.0
0.5959522724151611, 2296.0
0.605006217956543, 2296.0
0.6140720844268799, 2296.0
0.62312912940979, 2296.0
0.6321921348571777, 2296.0
0.6412360668182373, 2296.0
0.6502881050109863, 2296.0
0.6593091487884521, 2296.0
0.6683731079101562, 2296.0
0.6774380207061768, 2296.0
0.6864640712738037, 2296.0
0.6955180168151855, 2296.0
0.7045671939849854, 2296.0
0.7136409282684326, 2296.0
0.7226860523223877, 2296.0
0.7317392826080322, 2296.0
0.740786075592041, 2296.0
0.7498230934143066, 2296.0
0.758864164352417, 2296.0
0.767937183380127, 2296.0
0.7769873142242432, 2296.0
0.7860240936279297, 2296.0
0.7950730323791504, 2296.0
0.8041300773620605, 2296.0
0.813176155090332, 2296.0
0.822213888168335, 2296.0
0.8312902450561523, 2296.0
0.840346097946167, 2296.0
0.8493940830230713, 2296.0
0.8584411144256592, 2296.0
0.8674912452697754, 2296.0
0.8765482902526855, 2296.0
0.8855969905853271, 2296.0
0.894639253616333, 2296.0
0.9037110805511475, 2296.0
0.912755012512207, 2296.0
0.9217832088470459, 2296.0
0.930840253829956, 2296.0
0.9398760795593262, 2296.0
0.9489030838012695, 2296.0
0.9579510688781738, 2296.0
0.9670140743255615, 2296.0
0.976046085357666, 2296.0
0.9850890636444092, 2296.0
0.9941282272338867, 2296.0
1.0031781196594238, 2296.0
1.0122151374816895, 2296.0
1.0212852954864502, 2296.0
1.030339241027832, 2296.0
1.0393779277801514, 2296.0
1.048414945602417, 2296.0
1.0574562549591064, 2296.0
1.066521167755127, 2296.0
1.075537919998169, 2296.0
1.0845861434936523, 2296.0
1.093623161315918, 2296.0
1.1026611328125, 2296.0
1.1116890907287598, 2296.0
1.1207380294799805, 2296.0
1.1301581859588623, 2296.0
1.1395490169525146, 2296.0
1.1487081050872803, 2296.0
1.157754898071289, 2296.0
1.166776180267334, 2296.0
1.175847053527832, 2296.0
1.184873104095459, 2296.0
1.1938931941986084, 2296.0
1.2029480934143066, 2296.0
1.2119810581207275, 2296.0
1.2209820747375488, 2296.0
1.2300219535827637, 2296.0
1.2390458583831787, 2296.0
1.2480640411376953, 2296.0
1.2570979595184326, 2296.0
1.266146183013916, 2296.0
1.275172233581543, 2296.0
1.2841920852661133, 2296.0
1.29323410987854, 2296.0
1.3022661209106445, 2296.0
1.3113641738891602, 2296.0
1.3204071521759033, 2296.0
1.3294541835784912, 2296.0
1.3385980129241943, 2296.0
1.3480901718139648, 2296.0
1.3575749397277832, 2296.0
1.3669660091400146, 2296.0
1.3760261535644531, 2296.0
1.385066032409668, 2296.0
1.3940930366516113, 2296.0
1.4031050205230713, 2296.0
1.4121310710906982, 2296.0
1.4211421012878418, 2296.0
1.4301869869232178, 2296.0
1.4392430782318115, 2296.0
1.448349952697754, 2296.0
1.4573619365692139, 2296.0
1.4664080142974854, 2296.0
1.4754271507263184, 2296.0
1.4844491481781006, 2296.0
1.493476152420044, 2296.0
1.5025081634521484, 2296.0
1.5115671157836914, 2296.0
1.5206260681152344, 2296.0
1.5297141075134277, 2296.0
1.5387351512908936, 2296.0
1.5477471351623535, 2296.0
1.5567879676818848, 2296.0
1.565824031829834, 2296.0
1.5748522281646729, 2296.0
1.5838780403137207, 2296.0
1.5929269790649414, 2296.0
1.6019752025604248, 2296.0
1.611023187637329, 2296.0
1.6200721263885498, 2296.0
1.6291489601135254, 2296.0
1.6381731033325195, 2296.0
1.647212028503418, 2296.0
1.6562631130218506, 2296.0
1.665308952331543, 2296.0
1.6743700504302979, 2296.0
1.6834230422973633, 2296.0
1.6924538612365723, 2296.0
1.7014789581298828, 2296.0
1.7105250358581543, 2296.0
1.7195661067962646, 2296.0
1.7286181449890137, 2296.0
1.7376949787139893, 2296.0
1.746946096420288, 2296.0
1.7559800148010254, 2296.0
1.7650032043457031, 2296.0
1.7741010189056396, 2296.0
1.7831270694732666, 2296.0
1.7922370433807373, 2296.0
1.801295280456543, 2296.0
1.8103549480438232, 2296.0
1.819803237915039, 2296.0
