0.04901289939880371, 4214.0
0.08649110794067383, 4214.0
0.12422704696655273, 4233.0
0.16204309463500977, 4586.0
0.20005512237548828, 4769.0
0.23821496963500977, 4968.0
0.2771599292755127, 4968.0
0.3164401054382324, 5086.0
0.3549530506134033, 5086.0
0.3936450481414795, 5282.0
0.43236494064331055, 5314.0
0.47118496894836426, 5409.0
0.5101609230041504, 5409.0
0.5491430759429932, 5496.0
0.5882701873779297, 5496.0
0.6274540424346924, 5603.0
0.6666839122772217, 5720.0
0.7060840129852295, 5794.0
0.7455019950866699, 5873.0
0.7850170135498047, 6014.0
0.8245449066162109, 6014.0
0.8641111850738525, 6014.0
0.9036951065063477, 6116.0
0.9433419704437256, 6275.0
0.9832630157470703, 6397.0
1.0244548320770264, 6397.0
1.0645980834960938, 6397.0
1.1049818992614746, 6397.0
1.146183967590332, 6408.0
1.1866250038146973, 6499.0
1.2269608974456787, 6507.0
1.2674291133880615, 6507.0
1.307887077331543, 6615.0
1.3483810424804688, 6615.0
1.3888740539550781, 6680.0
1.429401159286499, 6711.0
1.4699280261993408, 6807.0
1.5104460716247559, 6807.0
1.5509450435638428, 6807.0
1.591475009918213, 6807.0
1.6319530010223389, 6810.0
1.6724600791931152, 6810.0
1.7129552364349365, 6810.0
1.7534708976745605, 6916.0
1.7939040660858154, 6916.0
1.8344488143920898, 6916.0
1.874964952468872, 6916.0
1.9155519008636475, 6916.0
1.9561011791229248, 6916.0
1.996622085571289, 6916.0
2.037139892578125, 6916.0
2.0776591300964355, 6916.0
2.1183228492736816, 6916.0
2.1588900089263916, 6916.0
2.1995599269866943, 6916.0
2.2401819229125977, 6916.0
2.2808010578155518, 6916.0
2.322540044784546, 6916.0
2.3638200759887695, 6916.0
2.404452085494995, 6916.0
2.445059061050415, 6916.0
2.4857311248779297, 6916.0
2.526283025741577, 6916.0
2.5668118000030518, 6916.0
2.6074259281158447, 6916.0
2.648063898086548, 6916.0
2.6886370182037354, 6916.0
2.7292468547821045, 6916.0
2.769848108291626, 6916.0
2.8104610443115234, 6916.0
2.851017951965332, 6916.0
2.891867160797119, 6916.0
2.9324538707733154, 6916.0
2.9730517864227295, 6916.0
3.013601064682007, 6916.0
3.0541789531707764, 6916.0
3.094791889190674, 6916.0
3.135404109954834, 6916.0
3.1760470867156982, 6916.0
3.216628074645996, 6916.0
3.2572989463806152, 6916.0
3.298017978668213, 6916.0
3.338624954223633, 6916.0
3.379225015640259, 6916.0
3.4200451374053955, 6916.0
3.4614908695220947, 6916.0
3.503323793411255, 6916.0
3.544945001602173, 6916.0
3.5874428749084473, 6916.0
3.6308889389038086, 6916.0
3.672600030899048, 6916.0
3.7140800952911377, 6916.0
3.755557060241699, 6916.0
3.797157049179077, 6916.0
3.839092969894409, 6916.0
3.8811378479003906, 6916.0
3.923042058944702, 6916.0
3.964409112930298, 6916.0
4.004999876022339, 6916.0
4.045552015304565, 6916.0
4.086151838302612, 6917.0
4.126844882965088, 6917.0
4.167409896850586, 6917.0
4.207953929901123, 6917.0
4.248518943786621, 6917.0
4.2891058921813965, 6917.0
4.329732179641724, 6917.0
4.371563911437988, 6917.0
4.4122538566589355, 6917.0
4.452922105789185, 6917.0
4.493459939956665, 6917.0
4.534043788909912, 6917.0
4.574661016464233, 6917.0
4.615249872207642, 6917.0
4.655835866928101, 6917.0
4.696408033370972, 6917.0
4.736953020095825, 6917.0
4.777806997299194, 6917.0
4.818486928939819, 6917.0
4.859140157699585, 6917.0
4.899755954742432, 6917.0
4.940293073654175, 6917.0
4.980860948562622, 6917.0
5.022382020950317, 6917.0
5.062991142272949, 6917.0
5.1037819385528564, 6917.0
5.1442649364471436, 6917.0
5.184774875640869, 6917.0
5.2251880168914795, 6917.0
5.267418146133423, 6917.0
5.310340166091919, 6917.0
5.353372812271118, 6917.0
5.3955841064453125, 6917.0
5.438091993331909, 6917.0
5.4807538986206055, 6917.0
5.522079944610596, 6917.0
5.563483953475952, 6917.0
5.604819059371948, 6917.0
5.646448850631714, 6917.0
5.688309907913208, 6917.0
5.730763912200928, 6917.0
5.772783041000366, 6917.0
5.813323020935059, 6917.0
5.853846073150635, 6917.0
5.8943030834198, 6917.0
5.934751987457275, 6917.0
5.975205183029175, 6917.0
6.0156569480896, 6917.0
6.056144952774048, 6917.0
6.096603870391846, 6917.0
6.137075901031494, 6917.0
6.1775548458099365, 6917.0
6.218015909194946, 6917.0
6.258493900299072, 6917.0
6.298950910568237, 6917.0
6.339370965957642, 6917.0
6.379867076873779, 6917.0
6.42172908782959, 6917.0
6.462371110916138, 6917.0
6.502847909927368, 6917.0
6.543323993682861, 6917.0
6.583738088607788, 6917.0
6.624083995819092, 6917.0
6.664545059204102, 6917.0
6.705021858215332, 6917.0
6.7454400062561035, 6917.0
6.785869121551514, 6917.0
6.826390981674194, 6917.0
6.866872072219849, 6917.0
6.907355785369873, 6917.0
6.947781085968018, 6917.0
6.988619089126587, 6917.0
7.029757022857666, 6917.0
7.070203065872192, 6917.0
7.110565900802612, 6917.0
7.15104603767395, 6917.0
7.1914849281311035, 6917.0
7.231942892074585, 6917.0
7.272335052490234, 6917.0
7.31281304359436, 6917.0
7.353250980377197, 6917.0
7.393659830093384, 6917.0
7.434096813201904, 6917.0
7.4745190143585205, 6917.0
7.514951944351196, 6917.0
7.555427074432373, 6917.0
7.59578800201416, 6917.0
7.636185169219971, 6917.0
7.676478862762451, 6917.0
7.7168288230896, 6917.0
7.757117033004761, 6917.0
7.79769492149353, 6917.0
7.838248014450073, 6917.0
7.878631830215454, 6917.0
7.91904616355896, 6917.0
7.959460020065308, 6917.0
7.999827861785889, 6917.0
8.04025912284851, 6917.0
8.080652952194214, 6917.0
8.120965003967285, 6917.0
8.161310911178589, 6917.0
