0.07009315490722656, 3.0
0.0703282356262207, 7.0
0.07067227363586426, 10.0
0.07112908363342285, 14.0
0.07147622108459473, 17.0
0.07263827323913574, 23.0
0.07425403594970703, 26.0
0.07494711875915527, 33.0
0.07933521270751953, 36.0
0.07956719398498535, 40.0
0.08026432991027832, 42.0
0.0812993049621582, 43.0
0.0829172134399414, 46.0
0.0862572193145752, 53.0
0.08706307411193848, 56.0
0.08833026885986328, 58.0
0.08913826942443848, 61.0
0.09017610549926758, 64.0
0.09097599983215332, 67.0
0.09482812881469727, 75.0
0.09599018096923828, 81.0
0.09815502166748047, 86.0
0.09991812705993652, 87.0
0.1009683609008789, 90.0
0.10392332077026367, 92.0
0.10558509826660156, 93.0
0.10665607452392578, 96.0
0.10737729072570801, 98.0
0.10852932929992676, 101.0
0.11025834083557129, 102.0
0.11140918731689453, 105.0
0.1136021614074707, 108.0
0.11488103866577148, 111.0
0.1169731616973877, 114.0
0.11859822273254395, 118.0
0.12104129791259766, 122.0
0.12475705146789551, 125.0
0.12883615493774414, 128.0
0.13196516036987305, 129.0
0.1387171745300293, 132.0
0.14278411865234375, 138.0
0.15415430068969727, 140.0
0.16274714469909668, 143.0
0.16437029838562012, 147.0
0.1722872257232666, 148.0
0.17368316650390625, 154.0
0.17726612091064453, 157.0
0.18131613731384277, 161.0
0.1836390495300293, 164.0
0.19411611557006836, 165.0
0.19599628448486328, 172.0
0.2161121368408203, 175.0
0.21960234642028809, 177.0
0.22298431396484375, 179.0
0.23589706420898438, 185.0
0.2375192642211914, 189.0
0.24277520179748535, 194.0
0.2494041919708252, 198.0
0.25744009017944336, 202.0
0.2628321647644043, 205.0
0.26917123794555664, 219.0
0.2762641906738281, 224.0
0.2854881286621094, 227.0
0.2970571517944336, 230.0
0.29962635040283203, 235.0
0.3068082332611084, 236.0
0.31764721870422363, 239.0
0.31836414337158203, 245.0
0.3245570659637451, 253.0
0.33197522163391113, 256.0
0.339367151260376, 262.0
0.3432283401489258, 267.0
0.3454561233520508, 270.0
0.3532092571258545, 275.0
0.3580479621887207, 281.0
0.3680093288421631, 285.0
0.3776412010192871, 287.0
0.39216017723083496, 291.0
0.4008040428161621, 293.0
0.4238572120666504, 295.0
0.42636799812316895, 303.0
0.44676828384399414, 305.0
0.46891117095947266, 306.0
0.4845113754272461, 311.0
0.5060532093048096, 313.0
0.5216860771179199, 316.0
0.5304272174835205, 319.0
0.5367920398712158, 321.0
0.555753231048584, 325.0
0.5620689392089844, 327.0
0.5773532390594482, 332.0
0.5905892848968506, 337.0
0.607733964920044, 338.0
0.6119663715362549, 344.0
0.6248140335083008, 348.0
0.633094310760498, 349.0
0.6403822898864746, 355.0
0.6491701602935791, 360.0
0.6751663684844971, 364.0
0.6817090511322021, 368.0
0.6870591640472412, 373.0
0.6909213066101074, 375.0
0.7042453289031982, 382.0
0.7234411239624023, 384.0
0.7315623760223389, 385.0
0.7575600147247314, 390.0
0.7666361331939697, 399.0
0.7818222045898438, 406.0
0.7972609996795654, 408.0
0.8000760078430176, 416.0
0.8059701919555664, 430.0
0.826937198638916, 432.0
0.837935209274292, 434.0
0.8565323352813721, 437.0
0.8669393062591553, 443.0
0.8732612133026123, 444.0
0.8990921974182129, 445.0
0.9059922695159912, 452.0
0.918438196182251, 455.0
0.926969051361084, 460.0
0.9449431896209717, 464.0
0.9755291938781738, 466.0
0.9956271648406982, 467.0
1.0053791999816895, 472.0
1.0117592811584473, 479.0
1.031994104385376, 484.0
1.0477790832519531, 493.0
1.071202039718628, 497.0
1.0922741889953613, 502.0
1.110276222229004, 509.0
1.1172211170196533, 514.0
1.1283221244812012, 516.0
1.1484322547912598, 525.0
1.1674392223358154, 529.0
1.1768572330474854, 538.0
1.1930482387542725, 545.0
1.1999611854553223, 549.0
1.217379093170166, 550.0
1.227365255355835, 556.0
1.2360632419586182, 563.0
1.2553632259368896, 565.0
1.285069227218628, 575.0
1.3068101406097412, 587.0
1.3186800479888916, 588.0
1.3388311862945557, 590.0
1.346912145614624, 614.0
1.3874101638793945, 625.0
1.4905951023101807, 626.0
1.514087200164795, 642.0
1.522679090499878, 643.0
1.5390410423278809, 654.0
1.555406093597412, 658.0
1.5665090084075928, 662.0
1.5748143196105957, 663.0
1.5793850421905518, 666.0
1.6041231155395508, 668.0
1.6158301830291748, 673.0
1.6487653255462646, 683.0
1.6812052726745605, 687.0
1.7024152278900146, 692.0
1.7293732166290283, 693.0
1.7428252696990967, 703.0
1.7817280292510986, 709.0
1.8130731582641602, 714.0
1.85603928565979, 719.0
1.9536871910095215, 729.0
1.9776251316070557, 733.0
2.0682880878448486, 741.0
2.1396002769470215, 744.0
2.159245014190674, 748.0
2.20686411857605, 750.0
2.260374069213867, 755.0
2.271101236343384, 757.0
2.298558235168457, 758.0
2.3511574268341064, 760.0
2.3997743129730225, 762.0
2.4106881618499756, 764.0
2.4337830543518066, 765.0
2.4601521492004395, 770.0
2.4914093017578125, 784.0
2.5288262367248535, 786.0
2.5983211994171143, 793.0
2.6337389945983887, 795.0
2.6546223163604736, 802.0
2.674206256866455, 804.0
2.697162389755249, 806.0
2.7118382453918457, 811.0
2.7459452152252197, 816.0
2.7975940704345703, 817.0
2.8510122299194336, 826.0
2.893416166305542, 843.0
2.9970412254333496, 851.0
3.033884286880493, 856.0
3.106152296066284, 864.0
3.1366000175476074, 873.0
3.172887086868286, 881.0
3.1911962032318115, 885.0
3.2212841510772705, 887.0
3.253065347671509, 891.0
3.2734053134918213, 895.0
3.3008103370666504, 897.0
3.3359861373901367, 898.0
3.3470041751861572, 899.0
3.4380722045898438, 905.0
3.5241940021514893, 913.0
3.541055202484131, 917.0
3.6064882278442383, 921.0
3.687321186065674, 927.0
3.7139792442321777, 936.0
3.84106707572937, 943.0
3.871373176574707, 944.0
3.9083073139190674, 959.0
3.9903652667999268, 973.0
4.006854295730591, 974.0
4.065782070159912, 987.0
4.092417001724243, 992.0
4.1357262134552, 993.0
4.153462171554565, 994.0
4.188152074813843, 998.0
4.2592833042144775, 1005.0
4.309832334518433, 1006.0
4.341291189193726, 1008.0
4.382052183151245, 1013.0
4.424335241317749, 1015.0
4.4610443115234375, 1027.0
4.506438255310059, 1037.0
4.528192043304443, 1045.0
4.663408279418945, 1047.0
4.849294185638428, 1061.0
4.878475189208984, 1069.0
4.903438091278076, 1076.0
4.983075141906738, 1082.0
5.051800012588501, 1085.0
5.096391201019287, 1093.0
5.158512115478516, 1097.0
5.185088157653809, 1103.0
5.214998006820679, 1107.0
5.237483978271484, 1113.0
5.290616035461426, 1116.0
5.305858135223389, 1122.0
5.338901042938232, 1123.0
5.373164176940918, 1129.0
5.391290187835693, 1130.0
5.4157633781433105, 1139.0
5.448228120803833, 1140.0
5.4904162883758545, 1141.0
5.6558520793914795, 1143.0
5.708447217941284, 1144.0
5.7389020919799805, 1150.0
5.7835493087768555, 1157.0
5.805639266967773, 1166.0
5.8818652629852295, 1173.0
6.015704154968262, 1174.0
6.05595326423645, 1184.0
6.12072229385376, 1187.0
6.213338136672974, 1193.0
6.2849180698394775, 1200.0
6.412613153457642, 1207.0
6.494358062744141, 1210.0
6.525533199310303, 1212.0
6.548056125640869, 1214.0
6.617586135864258, 1215.0
6.653939247131348, 1219.0
6.713075160980225, 1220.0
6.7404069900512695, 1226.0
6.780019283294678, 1228.0
6.802611351013184, 1229.0
6.930937051773071, 1231.0
6.96709418296814, 1233.0
7.084397077560425, 1245.0
7.124167203903198, 1246.0
7.256316184997559, 1251.0
7.327001094818115, 1263.0
7.342612981796265, 1264.0
7.3819451332092285, 1276.0
7.547271251678467, 1280.0
7.670731067657471, 1281.0
7.760969161987305, 1283.0
7.780052185058594, 1284.0
7.825590133666992, 1286.0
7.875464200973511, 1287.0
7.903017282485962, 1293.0
8.003841161727905, 1296.0
8.022609233856201, 1297.0
8.077329158782959, 1300.0
8.096598148345947, 1304.0
8.116762161254883, 1309.0
8.149726152420044, 1312.0
8.163668394088745, 1319.0
8.332977294921875, 1326.0
8.4306480884552, 1333.0
8.445467233657837, 1337.0
8.497609376907349, 1349.0
8.532202243804932, 1353.0
8.551362037658691, 1360.0
8.643816232681274, 1363.0
8.754791259765625, 1384.0
8.861111164093018, 1385.0
8.885096311569214, 1388.0
8.930089235305786, 1393.0
9.02480411529541, 1394.0
9.04840612411499, 1404.0
9.16045618057251, 1405.0
9.216488361358643, 1416.0
9.236704111099243, 1420.0
9.315465211868286, 1427.0
9.458134174346924, 1433.0
9.569483041763306, 1439.0
9.603670120239258, 1462.0
9.800701141357422, 1464.0
9.954867362976074, 1466.0
10.076239109039307, 1471.0
10.129263162612915, 1474.0
10.212829351425171, 1482.0
10.272945165634155, 1487.0
10.321081161499023, 1492.0
10.398726224899292, 1496.0
10.57303500175476, 1498.0
10.602924108505249, 1499.0
10.623684167861938, 1509.0
10.678491115570068, 1511.0
10.748948335647583, 1525.0
10.84768009185791, 1542.0
10.94429636001587, 1551.0
11.01504111289978, 1553.0
11.145158290863037, 1557.0
11.226054191589355, 1571.0
11.304490327835083, 1579.0
11.339523077011108, 1580.0
11.364136219024658, 1583.0
11.483857154846191, 1598.0
11.532415390014648, 1605.0
11.709233283996582, 1608.0
11.808685064315796, 1611.0
11.871600151062012, 1612.0
11.962402105331421, 1624.0
12.000324249267578, 1636.0
12.076488256454468, 1637.0
12.18318510055542, 1648.0
12.397956132888794, 1649.0
12.441386222839355, 1652.0
12.606420278549194, 1664.0
12.650857210159302, 1667.0
12.71272325515747, 1678.0
12.840514183044434, 1679.0
12.890963315963745, 1688.0
12.994319200515747, 1693.0
13.039085149765015, 1698.0
13.061468124389648, 1699.0
13.24601697921753, 1704.0
13.275445222854614, 1729.0
13.335935354232788, 1735.0
13.413763046264648, 1736.0
13.459638118743896, 1741.0
13.509412050247192, 1744.0
13.638122320175171, 1755.0
13.67448616027832, 1765.0
13.720704078674316, 1768.0
13.813051223754883, 1777.0
13.88798213005066, 1781.0
14.099658250808716, 1783.0
14.139724016189575, 1795.0
14.231078147888184, 1796.0
14.347590208053589, 1798.0
14.392726182937622, 1805.0
14.534695148468018, 1830.0
14.553308248519897, 1832.0
14.717616081237793, 1842.0
14.760266304016113, 1844.0
14.893853187561035, 1851.0
14.951528310775757, 1852.0
15.148927211761475, 1864.0
15.209563255310059, 1867.0
15.268822193145752, 1875.0
15.344207048416138, 1876.0
15.421310186386108, 1882.0
15.454337120056152, 1886.0
15.590934038162231, 1890.0
15.672582149505615, 1898.0
15.878371238708496, 1903.0
15.976622104644775, 1907.0
16.100752115249634, 1909.0
16.522863149642944, 1912.0
16.66735529899597, 1913.0
16.71118426322937, 1918.0
16.977474212646484, 1933.0
17.01642632484436, 1934.0
17.105976104736328, 1939.0
17.137916326522827, 1943.0
17.14117121696472, 1947.0
17.16317915916443, 1957.0
17.254131317138672, 1973.0
17.33380913734436, 1976.0
17.454634189605713, 1982.0
17.554205179214478, 1985.0
17.655572175979614, 1986.0
17.724472045898438, 1992.0
17.819961071014404, 1995.0
18.22388219833374, 1997.0
18.342494249343872, 1998.0
18.444555044174194, 2000.0
18.47949528694153, 2003.0
18.633265256881714, 2005.0
18.769472122192383, 2010.0
18.984943151474, 2011.0
19.32303524017334, 2016.0
19.494208097457886, 2024.0
19.73263120651245, 2026.0
19.83884620666504, 2029.0
19.91917109489441, 2035.0
20.094494342803955, 2036.0
20.120134115219116, 2042.0
20.39609122276306, 2058.0
20.773624181747437, 2059.0
20.852308988571167, 2061.0
20.93538522720337, 2065.0
21.051220178604126, 2073.0
21.21106719970703, 2079.0
21.267816305160522, 2082.0
21.41653299331665, 2096.0
21.52693819999695, 2100.0
21.562661170959473, 2106.0
21.70508122444153, 2113.0
21.96668004989624, 2132.0
22.01494336128235, 2139.0
22.170748233795166, 2151.0
22.20698118209839, 2158.0
22.367165327072144, 2179.0
22.57813310623169, 2204.0
22.889585256576538, 2208.0
22.941692113876343, 2210.0
23.196441173553467, 2213.0
23.439070224761963, 2217.0
23.49850630760193, 2230.0
23.582510232925415, 2233.0
23.710356950759888, 2253.0
23.754536151885986, 2254.0
23.849822282791138, 2262.0
23.89662528038025, 2263.0
24.017930269241333, 2267.0
24.08897829055786, 2276.0
24.22668433189392, 2279.0
24.301172256469727, 2282.0
24.42004418373108, 2290.0
24.546255111694336, 2297.0
24.58168911933899, 2298.0
24.673322200775146, 2301.0
24.817703247070312, 2321.0
24.880191326141357, 2326.0
24.98576307296753, 2331.0
25.362375259399414, 2333.0
25.458516359329224, 2334.0
25.574527263641357, 2335.0
25.74011516571045, 2350.0
25.89726424217224, 2351.0
25.953829288482666, 2357.0
26.164445161819458, 2362.0
26.23951816558838, 2364.0
26.326513290405273, 2366.0
26.557266235351562, 2368.0
26.64514422416687, 2370.0
26.811889171600342, 2379.0
27.064451217651367, 2389.0
27.22958731651306, 2390.0
27.32315421104431, 2392.0
27.418395280838013, 2404.0
27.593881130218506, 2406.0
27.78841805458069, 2414.0
27.95171618461609, 2417.0
28.001020193099976, 2423.0
28.27182102203369, 2433.0
28.476125240325928, 2445.0
28.726405143737793, 2459.0
28.917315244674683, 2465.0
28.97109031677246, 2467.0
29.013684272766113, 2473.0
29.1700541973114, 2487.0
29.31270718574524, 2494.0
29.370288133621216, 2507.0
29.5024471282959, 2509.0
29.725480318069458, 2514.0
29.888261079788208, 2522.0
29.971923351287842, 2531.0
30.07307529449463, 2535.0
30.379271268844604, 2542.0
30.49847722053528, 2546.0
30.834039211273193, 2555.0
30.933496236801147, 2556.0
31.142701148986816, 2560.0
31.147870302200317, 2564.0
31.20952606201172, 2573.0
31.372172117233276, 2579.0
31.526201248168945, 2582.0
31.648553371429443, 2584.0
31.791436195373535, 2592.0
31.869068145751953, 2593.0
31.919125080108643, 2603.0
32.233262062072754, 2608.0
32.28667902946472, 2615.0
32.46983599662781, 2620.0
32.52219223976135, 2623.0
32.60722517967224, 2624.0
32.80236315727234, 2628.0
32.90928101539612, 2629.0
33.10063409805298, 2634.0
33.33593821525574, 2637.0
33.42676019668579, 2642.0
33.5980122089386, 2647.0
33.714290142059326, 2652.0
33.990527391433716, 2654.0
34.10263919830322, 2659.0
34.40634632110596, 2666.0
34.638720989227295, 2671.0
34.670438289642334, 2676.0
34.82330536842346, 2680.0
35.01754808425903, 2684.0
35.18845224380493, 2689.0
35.31032133102417, 2700.0
35.52712607383728, 2703.0
35.62011218070984, 2708.0
35.69642424583435, 2714.0
35.7738151550293, 2719.0
35.842714071273804, 2725.0
36.079461097717285, 2742.0
36.41716408729553, 2749.0
36.76572108268738, 2758.0
36.88195300102234, 2763.0
36.94644522666931, 2769.0
37.0662100315094, 2770.0
37.16119122505188, 2777.0
37.51959228515625, 2778.0
37.986093044281006, 2796.0
38.020236015319824, 2805.0
38.17557120323181, 2825.0
38.23528814315796, 2833.0
38.45275640487671, 2836.0
38.62703728675842, 2837.0
38.69091606140137, 2845.0
39.270538330078125, 2851.0
39.282204151153564, 2870.0
39.44243812561035, 2873.0
39.509488105773926, 2876.0
39.576263189315796, 2887.0
39.61955523490906, 2903.0
39.67599630355835, 2916.0
39.74198341369629, 2926.0
39.93703603744507, 2941.0
40.08828806877136, 2959.0
40.181472063064575, 2976.0
40.22652006149292, 2986.0
40.38047003746033, 2988.0
40.542420387268066, 2998.0
40.81011199951172, 3007.0
40.859846115112305, 3019.0
41.07120323181152, 3023.0
41.13770818710327, 3040.0
41.36389231681824, 3045.0
41.57388615608215, 3050.0
41.67446517944336, 3051.0
41.81786632537842, 3053.0
42.128544092178345, 3058.0
42.31056523323059, 3061.0
42.482166051864624, 3062.0
42.53561210632324, 3072.0
42.73691010475159, 3077.0
43.1547691822052, 3082.0
43.375465393066406, 3087.0
43.9138662815094, 3097.0
44.01430130004883, 3121.0
44.88901925086975, 3159.0
45.29814600944519, 3160.0
45.35291123390198, 3164.0
45.53344511985779, 3175.0
45.601678133010864, 3180.0
45.84299921989441, 3190.0
45.955751180648804, 3195.0
46.152947187423706, 3204.0
46.20556116104126, 3206.0
46.41872525215149, 3226.0
46.564144134521484, 3227.0
46.6364312171936, 3242.0
46.75645732879639, 3258.0
46.95598101615906, 3259.0
47.02167224884033, 3263.0
47.11716413497925, 3264.0
47.1833610534668, 3301.0
47.44112014770508, 3308.0
47.49809527397156, 3310.0
47.568944215774536, 3321.0
47.63224220275879, 3345.0
47.84815001487732, 3359.0
47.904813051223755, 3367.0
47.948925256729126, 3391.0
47.99669313430786, 3405.0
48.07286500930786, 3419.0
48.24928832054138, 3429.0
48.48151421546936, 3457.0
48.594075202941895, 3483.0
48.678436040878296, 3487.0
48.845633029937744, 3501.0
48.92428803443909, 3502.0
49.053078174591064, 3516.0
49.1163330078125, 3535.0
49.180320024490356, 3540.0
49.246665239334106, 3545.0
49.40229415893555, 3562.0
49.63216733932495, 3582.0
49.95693635940552, 3605.0
50.05885720252991, 3624.0
50.31803631782532, 3632.0
50.66765308380127, 3648.0
50.75360727310181, 3657.0
50.92189002037048, 3661.0
51.09401321411133, 3664.0
51.18154716491699, 3670.0
51.246490240097046, 3681.0
51.306647062301636, 3689.0
51.4122211933136, 3692.0
51.48288321495056, 3703.0
51.53893327713013, 3711.0
51.728546142578125, 3713.0
51.835283279418945, 3717.0
52.00073313713074, 3729.0
52.09773516654968, 3735.0
52.386096239089966, 3742.0
52.73769807815552, 3747.0
52.843260288238525, 3754.0
52.99905300140381, 3760.0
53.10409116744995, 3780.0
53.157302141189575, 3784.0
53.29909300804138, 3802.0
53.30240321159363, 3806.0
53.525376081466675, 3811.0
53.623589277267456, 3817.0
53.75623607635498, 3842.0
53.81451630592346, 3846.0
53.938971281051636, 3875.0
54.185784101486206, 3876.0
54.29004907608032, 3885.0
54.476410150527954, 3919.0
54.52446222305298, 3941.0
54.598971128463745, 3952.0
54.98227024078369, 3957.0
55.06035614013672, 3963.0
55.11523413658142, 3972.0
55.460811138153076, 3984.0
55.49829125404358, 4009.0
55.54987025260925, 4015.0
55.81262826919556, 4021.0
55.892420053482056, 4050.0
56.345802307128906, 4057.0
56.412670373916626, 4073.0
56.609543323516846, 4090.0
56.67925715446472, 4091.0
56.761147260665894, 4107.0
56.89894914627075, 4114.0
56.95962333679199, 4130.0
57.088518142700195, 4148.0
57.14363622665405, 4149.0
57.33331608772278, 4163.0
57.497974157333374, 4168.0
57.586496114730835, 4170.0
57.85634207725525, 4173.0
57.929829120635986, 4175.0
58.036975145339966, 4184.0
58.13928008079529, 4185.0
58.18521523475647, 4191.0
58.40644121170044, 4195.0
58.612178325653076, 4197.0
58.72934412956238, 4202.0
58.78242301940918, 4209.0
58.945141315460205, 4215.0
59.07247614860535, 4217.0
59.26971125602722, 4218.0
59.41632103919983, 4224.0
59.5770800113678, 4230.0
59.9106502532959, 4234.0
60.070698261260986, 4236.0
60.29051423072815, 4238.0
60.433969259262085, 4250.0
60.50475811958313, 4261.0
60.633877992630005, 4266.0
60.88368821144104, 4277.0
60.899227142333984, 4280.0
61.104830265045166, 4281.0
61.36141514778137, 4286.0
61.64383101463318, 4305.0
62.15256333351135, 4306.0
62.221394300460815, 4315.0
62.56125831604004, 4323.0
62.77437615394592, 4331.0
62.98014998435974, 4332.0
63.092873334884644, 4333.0
63.496525049209595, 4339.0
63.805413246154785, 4346.0
63.88092517852783, 4353.0
64.06862616539001, 4354.0
64.28422498703003, 4357.0
64.60231232643127, 4366.0
64.8438630104065, 4368.0
64.96052312850952, 4373.0
64.9917151927948, 4377.0
65.1109561920166, 4378.0
65.37734723091125, 4382.0
65.52139735221863, 4383.0
65.59486103057861, 4394.0
65.70107412338257, 4396.0
65.81142401695251, 4397.0
65.89644122123718, 4407.0
66.11281204223633, 4418.0
66.23333501815796, 4419.0
66.30853724479675, 4420.0
66.3234212398529, 4422.0
66.55104112625122, 4428.0
66.9052300453186, 4434.0
67.0077953338623, 4435.0
67.04367208480835, 4437.0
67.37536215782166, 4438.0
67.65680408477783, 4454.0
67.66002202033997, 4456.0
67.87011122703552, 4463.0
68.22041010856628, 4465.0
68.28926205635071, 4476.0
68.7466721534729, 4482.0
69.1693332195282, 4491.0
69.26183223724365, 4500.0
69.34368324279785, 4505.0
69.44228410720825, 4506.0
69.6230640411377, 4513.0
69.7097692489624, 4516.0
70.08416819572449, 4519.0
70.13124227523804, 4526.0
70.24099826812744, 4529.0
70.32251906394958, 4533.0
70.43259811401367, 4535.0
70.90020513534546, 4546.0
71.02583813667297, 4548.0
71.08380913734436, 4551.0
71.4407091140747, 4584.0
71.51653218269348, 4587.0
71.54017114639282, 4597.0
71.63263821601868, 4600.0
71.75448608398438, 4605.0
71.98692035675049, 4619.0
72.20917916297913, 4632.0
72.38407921791077, 4636.0
72.47070121765137, 4638.0
72.90214705467224, 4646.0
72.97397708892822, 4662.0
73.30573415756226, 4678.0
73.42259407043457, 4681.0
73.63958621025085, 4685.0
73.72507810592651, 4690.0
74.09881329536438, 4694.0
74.21234321594238, 4705.0
74.33783435821533, 4710.0
74.51662111282349, 4712.0
74.59178423881531, 4713.0
74.71088409423828, 4731.0
75.00962710380554, 4745.0
75.14405703544617, 4753.0
75.2597291469574, 4764.0
75.52939534187317, 4767.0
75.58407926559448, 4787.0
75.65599513053894, 4791.0
75.907555103302, 4799.0
76.01599526405334, 4809.0
76.06874322891235, 4829.0
76.35788106918335, 4830.0
76.46046996116638, 4845.0
76.5468692779541, 4849.0
76.6470901966095, 4877.0
76.74993109703064, 4881.0
76.8475091457367, 4884.0
77.09069323539734, 4909.0
77.29360103607178, 4911.0
77.31384539604187, 4913.0
77.39274621009827, 4935.0
77.74689722061157, 4942.0
77.8422703742981, 4946.0
77.91873216629028, 4974.0
78.02809810638428, 4975.0
78.11167407035828, 4977.0
78.282634973526, 5019.0
78.28733515739441, 5020.0
78.38513731956482, 5022.0
78.45152616500854, 5023.0
78.57312631607056, 5030.0
78.64269018173218, 5031.0
78.94834303855896, 5040.0
79.10153007507324, 5058.0
79.23346614837646, 5068.0
79.45332503318787, 5078.0
79.51181530952454, 5079.0
79.73337435722351, 5087.0
79.81779026985168, 5095.0
80.10552525520325, 5129.0
80.27974820137024, 5134.0
80.3876211643219, 5141.0
80.52242136001587, 5142.0
80.59662318229675, 5145.0
80.76695919036865, 5152.0
80.96023607254028, 5156.0
81.06789827346802, 5163.0
81.32353115081787, 5172.0
81.44678616523743, 5185.0
81.5217010974884, 5190.0
81.70676231384277, 5193.0
81.70985817909241, 5194.0
81.91323900222778, 5197.0
81.98634696006775, 5210.0
82.14311337471008, 5220.0
82.2160131931305, 5231.0
82.23886895179749, 5234.0
82.36330819129944, 5251.0
82.53116226196289, 5259.0
82.66279125213623, 5267.0
82.72802829742432, 5274.0
82.82018518447876, 5279.0
82.94962525367737, 5289.0
83.01379919052124, 5292.0
83.26625609397888, 5297.0
83.41346096992493, 5308.0
83.73266410827637, 5314.0
83.74360418319702, 5315.0
83.75088310241699, 5317.0
83.93645739555359, 5349.0
84.0063591003418, 5368.0
84.06345438957214, 5371.0
84.14425802230835, 5390.0
84.41495704650879, 5414.0
84.49701714515686, 5426.0
84.49763035774231, 5429.0
84.60383105278015, 5439.0
84.69914126396179, 5442.0
84.75565528869629, 5445.0
84.91744422912598, 5453.0
85.1712441444397, 5487.0
85.26289820671082, 5503.0
85.36126923561096, 5512.0
85.7001461982727, 5518.0
85.77278733253479, 5527.0
85.83208322525024, 5546.0
86.06349897384644, 5554.0
86.06511735916138, 5560.0
86.11391735076904, 5567.0
86.28846621513367, 5569.0
86.4605963230133, 5579.0
86.47436738014221, 5581.0
86.71115016937256, 5593.0
86.92044425010681, 5599.0
86.97889113426208, 5614.0
87.14741516113281, 5619.0
87.25339007377625, 5645.0
87.26435017585754, 5650.0
87.3592140674591, 5660.0
87.40027809143066, 5665.0
87.54815626144409, 5667.0
87.57529520988464, 5671.0
87.65679621696472, 5676.0
87.79589915275574, 5682.0
87.85205602645874, 5697.0
88.47334814071655, 5711.0
88.66120433807373, 5718.0
88.95084810256958, 5730.0
89.33594417572021, 5742.0
89.40437602996826, 5743.0
89.636155128479, 5749.0
89.6975622177124, 5756.0
89.91082525253296, 5763.0
90.13332509994507, 5776.0
90.28132128715515, 5778.0
90.4830641746521, 5783.0
90.61401700973511, 5784.0
90.69019913673401, 5801.0
91.29916620254517, 5808.0
91.47166109085083, 5812.0
91.60408020019531, 5825.0
91.80665230751038, 5838.0
91.95050525665283, 5845.0
92.13660430908203, 5857.0
92.34069919586182, 5858.0
92.39937114715576, 5861.0
92.69844508171082, 5868.0
92.76220321655273, 5873.0
92.84219694137573, 5891.0
93.02744436264038, 5892.0
93.25547742843628, 5899.0
93.47501730918884, 5909.0
93.62213611602783, 5919.0
93.69496703147888, 5932.0
93.77840924263, 5939.0
94.17863821983337, 5947.0
94.24372911453247, 5952.0
94.51351118087769, 5957.0
94.90574836730957, 5964.0
94.99189400672913, 5995.0
95.18133234977722, 6001.0
95.40312910079956, 6007.0
95.51316523551941, 6008.0
95.65441918373108, 6009.0
95.83579015731812, 6025.0
95.85084533691406, 6032.0
95.9230010509491, 6033.0
96.08875107765198, 6063.0
96.25039720535278, 6080.0
96.54718518257141, 6097.0
96.55222225189209, 6102.0
96.70638632774353, 6127.0
96.79795122146606, 6129.0
96.90089225769043, 6137.0
96.96308827400208, 6140.0
97.03103518486023, 6148.0
97.43140912055969, 6159.0
97.49502420425415, 6164.0
97.77255702018738, 6183.0
97.8045129776001, 6185.0
97.92793130874634, 6212.0
98.05757308006287, 6214.0
98.14009809494019, 6229.0
98.31413412094116, 6246.0
98.39817523956299, 6250.0
98.5649802684784, 6269.0
98.59412503242493, 6271.0
98.65605401992798, 6276.0
98.78153800964355, 6325.0
98.7908730506897, 6326.0
98.88392615318298, 6340.0
98.94650435447693, 6347.0
99.13871216773987, 6349.0
99.24597930908203, 6379.0
99.55275225639343, 6386.0
99.6694061756134, 6409.0
99.73033213615417, 6425.0
99.9743242263794, 6429.0
100.04199028015137, 6453.0
100.12451028823853, 6457.0
100.190012216568, 6481.0
100.29083919525146, 6510.0
100.38975524902344, 6516.0
100.44137907028198, 6519.0
100.46193313598633, 6522.0
100.52048301696777, 6529.0
100.80234909057617, 6531.0
100.86546301841736, 6536.0
100.98842811584473, 6575.0
101.01621294021606, 6576.0
101.11324524879456, 6599.0
101.33171033859253, 6607.0
101.44331812858582, 6608.0
101.55511116981506, 6619.0
101.77272915840149, 6626.0
101.8704092502594, 6665.0
101.9765682220459, 6674.0
102.06427025794983, 6698.0
102.14211201667786, 6710.0
102.2743911743164, 6714.0
102.34203004837036, 6726.0
102.41510820388794, 6744.0
102.54593420028687, 6746.0
102.60926818847656, 6757.0
102.77685928344727, 6765.0
102.91507911682129, 6767.0
102.93071818351746, 6779.0
103.08645224571228, 6784.0
103.19119310379028, 6788.0
103.38706040382385, 6794.0
103.47442197799683, 6811.0
103.58347535133362, 6812.0
103.65666031837463, 6817.0
103.7466971874237, 6825.0
103.80839133262634, 6836.0
104.03586196899414, 6842.0
104.20027327537537, 6846.0
104.26005816459656, 6865.0
104.43991708755493, 6892.0
104.55095219612122, 6904.0
104.6531310081482, 6907.0
104.78699898719788, 6916.0
105.20379638671875, 6927.0
105.2106602191925, 6939.0
105.21638131141663, 6944.0
105.289302110672, 6963.0
105.3425862789154, 6968.0
105.41892218589783, 6976.0
105.5022840499878, 6978.0
105.57149314880371, 6982.0
105.72878313064575, 6988.0
105.84016013145447, 6993.0
105.8538773059845, 7014.0
105.97052526473999, 7028.0
106.07466220855713, 7034.0
106.20585918426514, 7036.0
106.29606318473816, 7046.0
106.3882851600647, 7060.0
106.47164535522461, 7089.0
106.78982710838318, 7096.0
106.85304427146912, 7105.0
106.93859028816223, 7110.0
107.0012993812561, 7119.0
107.11746621131897, 7123.0
107.19410729408264, 7125.0
107.39298725128174, 7132.0
107.48846101760864, 7139.0
107.61263823509216, 7144.0
107.729984998703, 7160.0
107.84532117843628, 7162.0
107.88530826568604, 7163.0
108.03167414665222, 7167.0
108.13344216346741, 7169.0
108.19457936286926, 7174.0
108.25818109512329, 7198.0
108.36223006248474, 7202.0
108.4305682182312, 7203.0
108.512371301651, 7217.0
108.58159923553467, 7223.0
108.77606129646301, 7246.0
108.87943601608276, 7248.0
109.01111912727356, 7253.0
109.08032727241516, 7262.0
109.2553961277008, 7266.0
109.38119912147522, 7270.0
109.54205012321472, 7290.0
109.62677240371704, 7304.0
109.71245312690735, 7322.0
109.96991610527039, 7333.0
110.06813216209412, 7339.0
110.30454707145691, 7363.0
110.36922812461853, 7366.0
110.43114113807678, 7371.0
110.49353909492493, 7375.0
110.62418413162231, 7376.0
110.67345833778381, 7378.0
110.86695599555969, 7384.0
110.971604347229, 7404.0
111.04314112663269, 7410.0
111.15355110168457, 7442.0
111.23097801208496, 7448.0
111.31273221969604, 7456.0
111.4097011089325, 7458.0
111.48330903053284, 7492.0
111.6804211139679, 7494.0
111.85970520973206, 7508.0
111.8617000579834, 7520.0
111.9304370880127, 7526.0
112.0326681137085, 7552.0
112.16172432899475, 7562.0
112.36604905128479, 7594.0
112.40141224861145, 7596.0
112.57755708694458, 7602.0
112.6472282409668, 7604.0
112.71026420593262, 7607.0
112.83266520500183, 7610.0
112.90928506851196, 7629.0
113.12244510650635, 7634.0
113.22524428367615, 7642.0
113.31735420227051, 7663.0
113.39529609680176, 7664.0
113.45926809310913, 7678.0
113.50801110267639, 7696.0
113.57025218009949, 7710.0
113.65495014190674, 7723.0
113.73201036453247, 7724.0
113.81975030899048, 7732.0
113.91880321502686, 7734.0
114.06214618682861, 7740.0
114.12775421142578, 7743.0
114.2490451335907, 7748.0
114.32277607917786, 7753.0
114.42331218719482, 7762.0
114.56420016288757, 7770.0
114.57083106040955, 7787.0
114.63184928894043, 7801.0
114.70441603660583, 7805.0
114.7686231136322, 7813.0
114.83470630645752, 7815.0
114.93078804016113, 7818.0
115.03124022483826, 7821.0
115.16072702407837, 7839.0
115.27337527275085, 7843.0
115.3437852859497, 7851.0
115.50312232971191, 7870.0
115.56456232070923, 7884.0
115.90184617042542, 7896.0
116.04156422615051, 7907.0
116.25423312187195, 7913.0
116.50759816169739, 7921.0
116.65964913368225, 7927.0
116.81995630264282, 7938.0
117.01283025741577, 7944.0
117.12532305717468, 7946.0
117.27213621139526, 7959.0
117.36041808128357, 7983.0
117.43505525588989, 7995.0
117.50038504600525, 8003.0
117.56667423248291, 8011.0
117.66962122917175, 8017.0
117.83992910385132, 8019.0
117.9047441482544, 8027.0
117.96614718437195, 8028.0
118.05296301841736, 8046.0
118.13837218284607, 8052.0
118.2085633277893, 8060.0
118.41526913642883, 8070.0
118.42956209182739, 8076.0
118.5120632648468, 8078.0
118.63323903083801, 8086.0
118.69723916053772, 8091.0
118.7782609462738, 8118.0
118.84315013885498, 8126.0
118.84903812408447, 8132.0
118.86111736297607, 8136.0
119.04162311553955, 8141.0
119.21592926979065, 8155.0
119.27721118927002, 8169.0
119.38934326171875, 8171.0
119.48127222061157, 8174.0
119.5041720867157, 8211.0
119.57472920417786, 8217.0
119.63672232627869, 8225.0
119.72544932365417, 8230.0
119.89793109893799, 8232.0
119.98096203804016, 8264.0
120.04599499702454, 8272.0
120.11425614356995, 8278.0
120.26721096038818, 8281.0
120.36270523071289, 8287.0
120.45303511619568, 8299.0
120.55707216262817, 8309.0
120.61861228942871, 8323.0
120.69742822647095, 8327.0
120.8088231086731, 8328.0
120.87438631057739, 8336.0
121.01555299758911, 8366.0
121.08296608924866, 8374.0
121.15427422523499, 8380.0
121.28307819366455, 8383.0
121.39911222457886, 8392.0
121.79627227783203, 8394.0
121.86313438415527, 8399.0
121.93748307228088, 8426.0
122.00399518013, 8434.0
122.07577419281006, 8440.0
122.14191007614136, 8441.0
122.16907739639282, 8459.0
122.25977325439453, 8465.0
122.32390022277832, 8473.0
122.52738094329834, 8476.0
122.62948513031006, 8484.0
122.72184610366821, 8485.0
122.81320023536682, 8493.0
122.91817712783813, 8499.0
123.01780605316162, 8503.0
123.12107229232788, 8510.0
123.13907623291016, 8516.0
123.19733119010925, 8532.0
123.29661321640015, 8546.0
123.36707139015198, 8552.0
123.43125128746033, 8560.0
123.4964952468872, 8562.0
123.57115316390991, 8568.0
123.65599417686462, 8570.0
123.74433612823486, 8585.0
123.82094717025757, 8589.0
123.89157342910767, 8592.0
123.96017217636108, 8598.0
124.17146420478821, 8623.0
124.33975911140442, 8624.0
124.36339211463928, 8640.0
124.36890316009521, 8656.0
124.4510850906372, 8658.0
124.51748418807983, 8680.0
124.59641814231873, 8682.0
124.86303520202637, 8713.0
124.92794108390808, 8721.0
124.99654817581177, 8727.0
125.10761904716492, 8733.0
125.17457818984985, 8739.0
125.25993800163269, 8741.0
125.35068917274475, 8742.0
125.42723727226257, 8750.0
125.49528336524963, 8756.0
125.68543100357056, 8776.0
125.75197911262512, 8784.0
125.81872916221619, 8790.0
125.91195702552795, 8805.0
125.97371912002563, 8813.0
126.03962707519531, 8819.0
126.21777105331421, 8857.0
126.34438705444336, 8866.0
126.44971323013306, 8871.0
126.53113603591919, 8896.0
126.59425020217896, 8904.0
126.65857028961182, 8910.0
126.77646732330322, 8929.0
126.97591805458069, 8935.0
127.07550835609436, 8937.0
127.23949217796326, 8973.0
127.33303117752075, 9013.0
127.41241526603699, 9021.0
127.60552215576172, 9053.0
127.74139904975891, 9061.0
127.8863742351532, 9073.0
128.12924218177795, 9074.0
128.2220380306244, 9076.0
128.31764817237854, 9116.0
128.430242061615, 9122.0
128.49687337875366, 9128.0
128.69340801239014, 9147.0
128.85656023025513, 9149.0
128.94856023788452, 9169.0
129.06062722206116, 9209.0
129.18970704078674, 9211.0
129.30526113510132, 9243.0
129.40922331809998, 9272.0
129.53228616714478, 9285.0
129.72112107276917, 9291.0
129.92735838890076, 9332.0
130.03791999816895, 9333.0
130.14428520202637, 9335.0
130.20572209358215, 9389.0
130.42762422561646, 9399.0
130.513010263443, 9420.0
130.52083921432495, 9425.0
130.65998911857605, 9428.0
130.9004201889038, 9470.0
131.01527500152588, 9478.0
131.06529712677002, 9484.0
131.12560105323792, 9527.0
131.1594421863556, 9528.0
131.16080713272095, 9534.0
131.16404819488525, 9536.0
131.2274191379547, 9544.0
131.2895381450653, 9550.0
131.37586402893066, 9562.0
131.49634623527527, 9567.0
131.5255002975464, 9582.0
131.6638901233673, 9592.0
131.7356312274933, 9608.0
131.81962537765503, 9610.0
131.88419198989868, 9620.0
131.94978213310242, 9636.0
132.2122402191162, 9660.0
132.35673117637634, 9661.0
132.4374520778656, 9663.0
132.55525135993958, 9699.0
132.73987197875977, 9720.0
132.83082914352417, 9733.0
132.97814512252808, 9739.0
133.03989028930664, 9745.0
133.1018991470337, 9747.0
133.23680925369263, 9748.0
133.30643320083618, 9754.0
133.37124824523926, 9771.0
133.52183032035828, 9773.0
133.76546216011047, 9774.0
133.87434911727905, 9794.0
133.93469619750977, 9837.0
134.11564326286316, 9838.0
134.2651071548462, 9843.0
134.32617616653442, 9895.0
134.39762711524963, 9901.0
134.44795322418213, 9904.0
134.57830500602722, 9911.0
134.6452453136444, 9917.0
134.70990824699402, 9934.0
134.84550404548645, 9958.0
134.96428632736206, 10008.0
135.04238629341125, 10034.0
135.1695520877838, 10035.0
135.23160123825073, 10043.0
135.29532122612, 10049.0
135.3583221435547, 10051.0
135.47721815109253, 10067.0
135.58973121643066, 10075.0
135.69297409057617, 10081.0
135.75313305854797, 10124.0
135.94212317466736, 10132.0
136.00430512428284, 10138.0
136.06631016731262, 10140.0
136.14013528823853, 10145.0
136.2013339996338, 10197.0
136.29088521003723, 10221.0
136.40640926361084, 10247.0
136.54064011573792, 10304.0
136.65616631507874, 10305.0
136.76375436782837, 10307.0
136.90686225891113, 10353.0
137.04227209091187, 10364.0
137.12563300132751, 10372.0
137.2110812664032, 10378.0
137.33942222595215, 10429.0
137.4907672405243, 10430.0
137.71077013015747, 10469.0
137.88008213043213, 10470.0
138.00387620925903, 10521.0
138.09885835647583, 10564.0
138.2122621536255, 10581.0
138.43868017196655, 10591.0
138.62221121788025, 10606.0
138.76883029937744, 10646.0
138.95666217803955, 10656.0
139.1164653301239, 10707.0
139.24337315559387, 10755.0
139.31674909591675, 10812.0
139.41753697395325, 10818.0
139.57959818840027, 10870.0
139.665203332901, 10876.0
139.732497215271, 10879.0
139.8569941520691, 10880.0
139.91912317276, 10882.0
140.05105829238892, 10939.0
140.25885915756226, 10940.0
140.32488322257996, 10943.0
140.44125413894653, 10981.0
140.52090120315552, 10992.0
140.5832622051239, 11015.0
140.67216324806213, 11032.0
140.7678713798523, 11078.0
141.0013301372528, 11082.0
141.11801314353943, 11131.0
141.23457026481628, 11140.0
141.31621503829956, 11153.0
141.4133951663971, 11194.0
141.481849193573, 11237.0
141.57151627540588, 11244.0
141.64959836006165, 11261.0
141.73217725753784, 11276.0
141.88628911972046, 11283.0
141.99958610534668, 11319.0
142.0666742324829, 11350.0
142.15630626678467, 11357.0
142.24598336219788, 11374.0
142.32464003562927, 11430.0
142.3916153907776, 11437.0
142.57860612869263, 11491.0
142.8259892463684, 11549.0
142.89554142951965, 11572.0
143.0649390220642, 11639.0
143.13540124893188, 11654.0
143.24143719673157, 11670.0
143.4876012802124, 11672.0
143.5576331615448, 11738.0
143.62897300720215, 11795.0
143.72460317611694, 11833.0
143.78867506980896, 11884.0
143.95466113090515, 11898.0
144.02404808998108, 11955.0
144.17579531669617, 11957.0
144.27452206611633, 12029.0
144.43066334724426, 12114.0
144.565660238266, 12120.0
144.65153622627258, 12122.0
144.7635440826416, 12215.0
144.9076611995697, 12259.0
145.08838415145874, 12273.0
145.18319940567017, 12308.0
145.25140404701233, 12315.0
145.35669136047363, 12321.0
145.4263961315155, 12378.0
145.51593708992004, 12469.0
145.65322709083557, 12489.0
145.7182173728943, 12497.0
145.81275629997253, 12520.0
145.89738631248474, 12560.0
146.08662915229797, 12602.0
146.220201253891, 12699.0
146.34228134155273, 12719.0
146.46781635284424, 12756.0
146.54219126701355, 12763.0
146.68144822120667, 12810.0
146.78155636787415, 12871.0
146.84986114501953, 12878.0
147.02045917510986, 12935.0
147.11443209648132, 12980.0
147.1987931728363, 12986.0
147.31189703941345, 12993.0
147.3808732032776, 12994.0
147.569194316864, 13067.0
147.63625597953796, 13074.0
147.80749821662903, 13087.0
147.88821506500244, 13089.0
148.00139737129211, 13120.0
148.07833814620972, 13159.0
148.32890701293945, 13178.0
148.46748518943787, 13199.0
148.5233232975006, 13274.0
148.6346471309662, 13280.0
148.7272391319275, 13303.0
148.8658721446991, 13348.0
148.9806263446808, 13354.0
149.04495000839233, 13361.0
149.11500906944275, 13382.0
149.20577931404114, 13410.0
149.3413953781128, 13411.0
149.41474199295044, 13437.0
149.58170819282532, 13455.0
149.7975242137909, 13475.0
149.8587770462036, 13550.0
150.05719709396362, 13584.0
150.20776319503784, 13585.0
150.35289907455444, 13694.0
150.52533316612244, 13732.0
150.69520115852356, 13734.0
150.78061723709106, 13761.0
150.9803261756897, 13810.0
151.05132627487183, 13819.0
151.16233706474304, 13891.0
151.321946144104, 13934.0
151.3904550075531, 13965.0
151.59596800804138, 13978.0
151.67532896995544, 14116.0
151.86121320724487, 14221.0
151.94530820846558, 14225.0
152.0570831298828, 14318.0
152.25273537635803, 14323.0
152.3964171409607, 14343.0
152.46246814727783, 14450.0
152.60492515563965, 14469.0
152.70012617111206, 14471.0
152.96449303627014, 14529.0
153.11731934547424, 14574.0
153.22506427764893, 14591.0
153.36206531524658, 14593.0
153.4787220954895, 14599.0
153.54644918441772, 14706.0
153.76241827011108, 14737.0
153.97711205482483, 14806.0
154.069726228714, 14815.0
154.1778371334076, 14908.0
154.25186920166016, 14932.0
154.32241201400757, 14941.0
154.4324963092804, 14943.0
154.52430629730225, 14967.0
154.6818561553955, 15035.0
154.7528772354126, 15037.0
154.8248701095581, 15061.0
154.94858622550964, 15120.0
155.1398892402649, 15170.0
155.28630113601685, 15179.0
155.39212918281555, 15272.0
155.46315908432007, 15316.0
155.7080593109131, 15341.0
155.77526116371155, 15349.0
155.87488412857056, 15405.0
155.95409417152405, 15407.0
156.03787899017334, 15431.0
156.1481192111969, 15433.0
156.24981498718262, 15436.0
156.36022400856018, 15464.0
156.46380734443665, 15494.0
156.53199815750122, 15499.0
156.62260818481445, 15511.0
156.71830320358276, 15568.0
156.78760719299316, 15624.0
156.87564730644226, 15643.0
156.97675800323486, 15660.0
157.04808497428894, 15668.0
157.1275782585144, 15688.0
157.28201532363892, 15712.0
157.452650308609, 15814.0
157.5234022140503, 15816.0
157.594012260437, 15840.0
157.68734121322632, 15872.0
157.75734329223633, 15892.0
157.8460831642151, 15902.0
157.98580121994019, 15911.0
158.08004522323608, 15928.0
158.1520960330963, 15936.0
158.34625101089478, 15952.0
158.41821718215942, 15960.0
158.50737619400024, 15993.0
158.63888931274414, 15995.0
158.74002027511597, 16064.0
158.80698704719543, 16088.0
159.03573513031006, 16104.0
159.1180694103241, 16121.0
159.20241832733154, 16167.0
159.30455231666565, 16236.0
159.36015939712524, 16255.0
159.43595218658447, 16286.0
159.52242922782898, 16288.0
159.6121289730072, 16312.0
159.6935679912567, 16314.0
159.7022831439972, 16338.0
159.76828813552856, 16346.0
159.84433722496033, 16347.0
159.94532823562622, 16364.0
160.11214327812195, 16376.0
160.13308429718018, 16415.0
160.2119562625885, 16439.0
160.27635407447815, 16447.0
160.38626503944397, 16549.0
160.45633506774902, 16573.0
160.5307981967926, 16575.0
160.6206612586975, 16580.0
160.70227718353271, 16586.0
161.00579404830933, 16593.0
161.15467619895935, 16617.0
161.22587704658508, 16687.0
161.2907042503357, 16695.0
161.37235713005066, 16697.0
161.3739812374115, 16705.0
161.50160312652588, 16725.0
161.6097640991211, 16731.0
161.76024436950684, 16749.0
161.86483311653137, 16755.0
161.9776749610901, 16775.0
162.0426480770111, 16783.0
162.20506715774536, 16785.0
162.33610320091248, 16801.0
162.4004421234131, 16809.0
162.539733171463, 16911.0
162.61680936813354, 16929.0
162.6620123386383, 17004.0
162.72675132751465, 17012.0
162.9305682182312, 17023.0
163.07471323013306, 17025.0
163.3237271308899, 17032.0
163.42793703079224, 17049.0
163.50371718406677, 17050.0
163.5850863456726, 17082.0
163.65004801750183, 17090.0
163.73879504203796, 17097.0
163.91778111457825, 17108.0
164.05001020431519, 17110.0
164.2546103000641, 17117.0
164.354798078537, 17134.0
164.42997407913208, 17135.0
164.4438292980194, 17167.0
164.4440712928772, 17175.0
164.52845430374146, 17186.0
164.6327931880951, 17193.0
164.8046112060547, 17205.0
164.8692021369934, 17213.0
164.949392080307, 17216.0
165.025737285614, 17222.0
165.09314513206482, 17236.0
165.1643271446228, 17246.0
165.24090313911438, 17268.0
165.30629229545593, 17276.0
165.37366819381714, 17303.0
165.3754050731659, 17306.0
165.49125123023987, 17332.0
165.61110615730286, 17356.0
165.69355726242065, 17387.0
165.75893712043762, 17395.0
165.86128211021423, 17397.0
165.951416015625, 17413.0
166.0161542892456, 17421.0
166.1041762828827, 17447.0
166.26941418647766, 17455.0
166.36641311645508, 17456.0
166.448322057724, 17473.0
166.527193069458, 17514.0
166.60728907585144, 17537.0
166.67683625221252, 17567.0
166.7548701763153, 17658.0
166.76133131980896, 17682.0
166.76716423034668, 17708.0
166.8378701210022, 17710.0
166.90908122062683, 17734.0
167.0078992843628, 17793.0
167.0788872241974, 17795.0
167.1504533290863, 17819.0
167.22917819023132, 17845.0
167.30505108833313, 17871.0
167.38393807411194, 17916.0
167.458238363266, 17920.0
167.5431411266327, 17944.0
167.62510108947754, 18007.0
167.6913661956787, 18035.0
167.69755005836487, 18037.0
167.7792251110077, 18061.0
167.8502471446991, 18087.0
167.95897436141968, 18108.0
167.97032022476196, 18132.0
167.98162126541138, 18186.0
168.12019610404968, 18271.0
168.17841410636902, 18297.0
168.26231813430786, 18372.0
168.35075306892395, 18398.0
168.4334442615509, 18400.0
168.52609038352966, 18424.0
168.60688829421997, 18428.0
168.67509603500366, 18450.0
168.741366147995, 18485.0
168.8233551979065, 18497.0
168.88795018196106, 18505.0
169.02996516227722, 18596.0
169.10712432861328, 18598.0
169.2630262374878, 18606.0
169.33036017417908, 18615.0
169.4097831249237, 18621.0
169.48931312561035, 18673.0
169.56956720352173, 18697.0
169.64180517196655, 18701.0
169.72587537765503, 18703.0
169.87867426872253, 18727.0
170.03338527679443, 18745.0
170.03565621376038, 18818.0
170.15436625480652, 18879.0
170.22887921333313, 18881.0
170.30179524421692, 18905.0
170.38752508163452, 18942.0
170.493821144104, 18962.0
170.56247806549072, 18984.0
170.6288959980011, 19019.0
170.7927222251892, 19022.0
170.86632704734802, 19024.0
170.93806409835815, 19055.0
171.00633716583252, 19128.0
171.09808206558228, 19174.0
171.10971117019653, 19176.0
171.19027018547058, 19200.0
171.26377320289612, 19204.0
171.34394431114197, 19263.0
171.447407245636, 19265.0
171.5126621723175, 19273.0
171.60181617736816, 19287.0
171.69155502319336, 19289.0
171.75667119026184, 19297.0
171.86396312713623, 19323.0
171.92930817604065, 19351.0
172.02203011512756, 19353.0
172.1590940952301, 19377.0
172.2615361213684, 19421.0
172.33526015281677, 19425.0
172.40288829803467, 19462.0
172.41429138183594, 19486.0
172.42512726783752, 19512.0
172.4899640083313, 19540.0
172.55945920944214, 19542.0
172.64852714538574, 19566.0
172.89930415153503, 19586.0
172.99313926696777, 19645.0
173.0657501220703, 19649.0
173.12665820121765, 19674.0
173.22157526016235, 19761.0
173.2307870388031, 19764.0
173.2593972682953, 19766.0
173.3244731426239, 19774.0
173.43589520454407, 19776.0
173.51073217391968, 19790.0
173.60494422912598, 19792.0
173.6701271533966, 19800.0
173.76551222801208, 19826.0
173.871324300766, 19836.0
173.93764519691467, 19871.0
174.0222053527832, 19880.0
174.02782106399536, 19904.0
174.03572726249695, 19906.0
174.16771721839905, 19954.0
174.23254704475403, 19982.0
174.31587195396423, 19984.0
174.38511109352112, 20003.0
174.46553325653076, 20017.0
174.4749071598053, 20059.0
174.54054498672485, 20094.0
174.5512912273407, 20118.0
174.5567171573639, 20144.0
174.62976098060608, 20146.0
174.70039319992065, 20170.0
174.83325839042664, 20178.0
174.9013590812683, 20193.0
174.94826126098633, 20215.0
175.08164501190186, 20248.0
175.15617513656616, 20250.0
175.2397050857544, 20274.0
175.31085896492004, 20300.0
175.43114018440247, 20318.0
175.43138098716736, 20326.0
175.55491518974304, 20344.0
175.6287271976471, 20401.0
175.7529582977295, 20406.0
175.83330917358398, 20427.0
175.94386196136475, 20429.0
176.05887722969055, 20432.0
176.1429660320282, 20453.0
176.23545217514038, 20467.0
176.25878405570984, 20479.0
176.32350730895996, 20507.0
176.49335598945618, 20516.0
176.5746762752533, 20518.0
176.6699402332306, 20529.0
176.74893736839294, 20536.0
176.74918603897095, 20544.0
176.85120010375977, 20555.0
176.96071219444275, 20562.0
176.96299815177917, 20635.0
177.03642225265503, 20639.0
177.14305210113525, 20645.0
177.2789843082428, 20659.0
177.39509916305542, 20671.0
177.46069407463074, 20699.0
177.52754139900208, 20701.0
177.69421911239624, 20723.0
177.76132035255432, 20725.0
177.85105204582214, 20727.0
178.12260127067566, 20729.0
178.24985218048096, 20736.0
178.37574815750122, 20753.0
178.47394728660583, 20797.0
178.5466663837433, 20816.0
178.65209817886353, 20828.0
178.74697518348694, 20845.0
178.82463312149048, 20847.0
178.9449200630188, 20871.0
179.01716923713684, 20875.0
179.11832213401794, 20880.0
179.24501419067383, 20888.0
179.34505009651184, 20891.0
179.41186833381653, 20893.0
179.48435401916504, 20913.0
179.55300617218018, 20916.0
179.6287443637848, 20928.0
179.72216129302979, 20950.0
179.80761313438416, 20970.0
179.87966513633728, 20991.0
179.96123003959656, 21003.0
180.03646612167358, 21014.0
180.11478328704834, 21044.0
180.12255120277405, 21066.0
180.18814206123352, 21094.0
180.2578103542328, 21098.0
180.35287809371948, 21122.0
180.43880915641785, 21185.0
180.51114916801453, 21187.0
180.5811061859131, 21211.0
180.68610620498657, 21217.0
180.8984522819519, 21239.0
180.9907031059265, 21302.0
181.15512919425964, 21324.0
181.2588710784912, 21403.0
181.37095427513123, 21423.0
181.44692826271057, 21427.0
181.51469111442566, 21449.0
181.5957691669464, 21451.0
181.68261814117432, 21453.0
181.7505702972412, 21475.0
181.8331320285797, 21479.0
181.96372604370117, 21526.0
182.0617971420288, 21572.0
182.1391360759735, 21574.0
182.2202763557434, 21598.0
182.2928020954132, 21602.0
182.474139213562, 21604.0
182.55309104919434, 21617.0
182.62476325035095, 21641.0
182.6998872756958, 21643.0
182.7838683128357, 21663.0
182.85707426071167, 21667.0
182.85947632789612, 21689.0
182.9415910243988, 21719.0
183.10649704933167, 21750.0
183.1226522922516, 21768.0
183.19189310073853, 21790.0
183.27981519699097, 21794.0
183.4210832118988, 21806.0
183.4889430999756, 21818.0
183.62758922576904, 21909.0
183.70112013816833, 21911.0
183.77214217185974, 21935.0
184.0154800415039, 22038.0
184.14257407188416, 22102.0
184.22169423103333, 22126.0
184.3032681941986, 22128.0
184.40120601654053, 22139.0
184.64534497261047, 22225.0
184.71575021743774, 22249.0
184.7891182899475, 22251.0
184.94908738136292, 22320.0
184.9534614086151, 22322.0
185.02280116081238, 22346.0
185.21457719802856, 22366.0
185.2944209575653, 22368.0
185.3667562007904, 22425.0
185.4338800907135, 22454.0
185.733647108078, 22456.0
185.80058813095093, 22458.0
185.89111614227295, 22490.0
185.896555185318, 22500.0
185.98601007461548, 22519.0
186.05858826637268, 22546.0
186.08744716644287, 22570.0
186.15772104263306, 22580.0
186.22948026657104, 22584.0
186.28511309623718, 22609.0
186.46169233322144, 22699.0
186.49059200286865, 22701.0
186.5878562927246, 22725.0
186.73325419425964, 22732.0
186.95725631713867, 22734.0
187.02404308319092, 22736.0
187.06353306770325, 22757.0
187.19670605659485, 22797.0
187.28376531600952, 22799.0
187.38605427742004, 22823.0
187.47447323799133, 22827.0
187.60703825950623, 22831.0
187.7110812664032, 22894.0
187.8395972251892, 22895.0
187.85823512077332, 22914.0
187.94342613220215, 22925.0
188.01179432868958, 22926.0
188.0897982120514, 23040.0
188.16474628448486, 23042.0
188.21466326713562, 23117.0
188.21996212005615, 23141.0
188.22854924201965, 23143.0
188.29836797714233, 23147.0
188.32723307609558, 23171.0
188.35112619400024, 23205.0
188.42583227157593, 23207.0
188.49208426475525, 23219.0
188.52187418937683, 23282.0
188.59231996536255, 23306.0
188.66033625602722, 23310.0
188.69528913497925, 23312.0
188.79386520385742, 23336.0
188.88373017311096, 23360.0
188.95812916755676, 23362.0
189.0244653224945, 23374.0
189.12329530715942, 23437.0
189.1992471218109, 23461.0
189.2672040462494, 23465.0
189.383620262146, 23467.0
189.4912281036377, 23491.0
189.70235633850098, 23558.0
189.7792031764984, 23560.0
189.8552622795105, 23561.0
189.85892033576965, 23584.0
190.07320713996887, 23590.0
190.08056330680847, 23592.0
190.15180206298828, 23616.0
190.21997022628784, 23620.0
190.28116130828857, 23677.0
190.2865891456604, 23701.0
190.32526516914368, 23711.0
190.39771127700806, 23753.0
190.47274231910706, 23776.0
190.5445432662964, 23806.0
190.66487503051758, 23812.0
190.76136708259583, 23868.0
190.78729009628296, 23870.0
190.88418817520142, 23894.0
190.99328923225403, 23969.0
191.14115619659424, 23982.0
191.27940607070923, 24024.0
191.39163637161255, 24033.0
191.415114402771, 24048.0
191.53838419914246, 24083.0
191.61402320861816, 24123.0
191.68894219398499, 24125.0
191.76850414276123, 24149.0
191.8397922515869, 24153.0
191.9410901069641, 24170.0
192.05791926383972, 24192.0
192.17207503318787, 24194.0
192.2974829673767, 24218.0
192.4384491443634, 24293.0
192.60792803764343, 24309.0
192.80028915405273, 24323.0
192.8681252002716, 24421.0
192.9604971408844, 24445.0
193.03804421424866, 24485.0
193.12439227104187, 24509.0
193.19745111465454, 24513.0
193.34165811538696, 24515.0
193.4291591644287, 24522.0
193.50680708885193, 24539.0
193.60908126831055, 24544.0
193.7693691253662, 24564.0
193.85195636749268, 24575.0
193.92750906944275, 24605.0
194.0312192440033, 24615.0
194.09922409057617, 24636.0
194.20795917510986, 24692.0
194.32387399673462, 24767.0
194.39585709571838, 24791.0
194.4643840789795, 24795.0
194.58256101608276, 24797.0
194.65437626838684, 24821.0
194.79877614974976, 24849.0
194.87838411331177, 24853.0
194.9753761291504, 24860.0
195.05756616592407, 24877.0
195.16590309143066, 24879.0
195.29052901268005, 24952.0
195.33135318756104, 24998.0
195.33564519882202, 25022.0
195.55341720581055, 25023.0
195.64058804512024, 25030.0
195.71759223937988, 25047.0
195.81491613388062, 25088.0
195.8869812488556, 25090.0
195.95765614509583, 25114.0
196.0256142616272, 25118.0
196.2259383201599, 25134.0
196.3022062778473, 25138.0
196.4145221710205, 25171.0
196.44675827026367, 25213.0
196.5487620830536, 25222.0
196.6385142803192, 25239.0
196.70366525650024, 25337.0
196.77187418937683, 25341.0
196.77591228485107, 25365.0
196.7825071811676, 25367.0
196.91237711906433, 25390.0
196.98550510406494, 25392.0
197.05616116523743, 25416.0
197.12399220466614, 25420.0
197.22200536727905, 25428.0
197.29838514328003, 25468.0
197.38291215896606, 25481.0
197.44970417022705, 25521.0
197.57051515579224, 25529.0
197.73762106895447, 25531.0
197.92194724082947, 25532.0
198.01664304733276, 25555.0
198.16070318222046, 25569.0
198.26074123382568, 25599.0
198.34412002563477, 25611.0
198.37562108039856, 25663.0
198.44944834709167, 25676.0
198.5170030593872, 25716.0
198.64166116714478, 25724.0
198.67714524269104, 25727.0
198.76518321037292, 25748.0
198.77884125709534, 25764.0
198.86726808547974, 25794.0
198.97491717338562, 25802.0
199.04558110237122, 25806.0
199.13304018974304, 25830.0
199.21518898010254, 25832.0
199.33608436584473, 25840.0
199.47385120391846, 25873.0
199.4781391620636, 25897.0
199.48445916175842, 25899.0
199.55291318893433, 25903.0
199.55694723129272, 25927.0
199.75178909301758, 25930.0
199.76063919067383, 25947.0
199.8448612689972, 25966.0
199.9500961303711, 25995.0
200.03379821777344, 25999.0
200.13195729255676, 26035.0
200.21517825126648, 26043.0
200.35131216049194, 26067.0
200.42262029647827, 26097.0
200.45549416542053, 26100.0
200.52628922462463, 26123.0
200.69057726860046, 26126.0
200.7837643623352, 26198.0
200.8667860031128, 26199.0
200.93498706817627, 26203.0
200.96824717521667, 26205.0
201.0375463962555, 26229.0
201.1115961074829, 26237.0
201.1200611591339, 26277.0
201.18825221061707, 26281.0
201.34892416000366, 26283.0
201.41839933395386, 26312.0
201.5293412208557, 26315.0
201.62570023536682, 26336.0
201.70741820335388, 26352.0
201.79851818084717, 26382.0
201.88373827934265, 26384.0
202.02076721191406, 26408.0
202.0970332622528, 26457.0
202.17340421676636, 26472.0
202.24148297309875, 26476.0
202.3548800945282, 26500.0
202.47052121162415, 26547.0
202.56036400794983, 26549.0
202.6416220664978, 26579.0
202.67535424232483, 26603.0
202.7493863105774, 26604.0
202.81805515289307, 26608.0
202.82209730148315, 26632.0
202.8565411567688, 26689.0
202.91290712356567, 26765.0
202.98100924491882, 26769.0
203.1197361946106, 26771.0
203.21804904937744, 26793.0
203.29168725013733, 26803.0
203.4049620628357, 26840.0
203.49111914634705, 26870.0
203.57004809379578, 26872.0
203.69845604896545, 26896.0
203.85981917381287, 26932.0
203.93888926506042, 26949.0
204.02778816223145, 26959.0
204.13376116752625, 26982.0
204.2943160533905, 26996.0
204.40996623039246, 27026.0
204.58528304100037, 27050.0
204.68082308769226, 27099.0
204.7597851753235, 27101.0
204.84340929985046, 27125.0
204.97175335884094, 27144.0
205.05060029029846, 27154.0
205.15528512001038, 27175.0
205.23981618881226, 27191.0
205.33259916305542, 27221.0
205.46994304656982, 27245.0
205.5468270778656, 27294.0
205.62008714675903, 27296.0
205.69620299339294, 27320.0
205.83195209503174, 27334.0
205.90824604034424, 27383.0
205.98110103607178, 27385.0
206.05714416503906, 27409.0
206.1601483821869, 27411.0
206.2887101173401, 27420.0
206.3568742275238, 27424.0
206.43274211883545, 27448.0
206.50667428970337, 27450.0
206.6116373538971, 27456.0
206.7192461490631, 27509.0
206.79499626159668, 27526.0
206.87693119049072, 27536.0
206.97117519378662, 27559.0
207.11468529701233, 27573.0
207.21463322639465, 27603.0
207.3708221912384, 27627.0
207.45838832855225, 27676.0
207.53471422195435, 27678.0
207.61581325531006, 27702.0
207.83981013298035, 27768.0
207.90598607063293, 27808.0
207.99296927452087, 27810.0
208.02826714515686, 27855.0
208.1096441745758, 27885.0
208.14360523223877, 27909.0
208.15537023544312, 27911.0
208.29569721221924, 27917.0
208.56543517112732, 27919.0
208.6781702041626, 27948.0
208.8044092655182, 27978.0
208.90344500541687, 28027.0
208.98772025108337, 28051.0
209.0918641090393, 28076.0
209.1571912765503, 28101.0
209.29644632339478, 28125.0
209.39082312583923, 28149.0
209.5169632434845, 28171.0
209.76313710212708, 28191.0
209.86617422103882, 28202.0
209.93789315223694, 28203.0
209.95548009872437, 28277.0
209.9563491344452, 28317.0
210.0716941356659, 28364.0
210.15986728668213, 28388.0
210.2398452758789, 28392.0
210.3783884048462, 28420.0
210.44454407691956, 28426.0
210.54783821105957, 28427.0
210.5614640712738, 28443.0
210.6495223045349, 28473.0
210.75658226013184, 28481.0
210.89429235458374, 28507.0
210.9618411064148, 28511.0
211.0608639717102, 28544.0
211.1560959815979, 28574.0
211.239116191864, 28623.0
211.31518721580505, 28647.0
211.39765119552612, 28649.0
211.49206805229187, 28662.0
211.56868028640747, 28666.0
211.7008411884308, 28674.0
211.71123623847961, 28702.0
211.77924132347107, 28706.0
211.79111123085022, 28739.0
211.8768231868744, 28769.0
212.02239727973938, 28775.0
212.1810040473938, 28777.0
212.2806851863861, 28833.0
212.2927212715149, 28857.0
