0.10036206245422363, 7287.0
0.1757950782775879, 7379.0
0.25159406661987305, 8079.0
0.3276979923248291, 8079.0
0.40403103828430176, 8363.0
0.48070502281188965, 8363.0
0.5575640201568604, 8771.0
0.6346950531005859, 8771.0
0.7119441032409668, 9010.0
0.7894940376281738, 9249.0
0.8673231601715088, 9582.0
0.9453823566436768, 9965.0
1.0241551399230957, 9965.0
1.103243112564087, 9965.0
1.1824991703033447, 10066.0
1.2615759372711182, 10133.0
1.3411750793457031, 10232.0
1.4209632873535156, 10263.0
1.5000340938568115, 10827.0
1.5793139934539795, 10947.0
1.6588590145111084, 11153.0
1.738640308380127, 11209.0
1.8185632228851318, 11209.0
1.8986661434173584, 11446.0
1.9787299633026123, 11446.0
2.0590322017669678, 11725.0
2.1395809650421143, 11781.0
2.220299005508423, 11889.0
2.3012170791625977, 11984.0
2.382215976715088, 11984.0
2.4632620811462402, 11984.0
2.5443341732025146, 11985.0
2.6254401206970215, 12135.0
2.7070600986480713, 12239.0
2.7887072563171387, 12276.0
2.8703651428222656, 12381.0
2.9520583152770996, 12381.0
3.033879041671753, 12490.0
3.1156742572784424, 12503.0
3.1976819038391113, 12511.0
3.279926061630249, 12588.0
3.3619751930236816, 12664.0
3.4460060596466064, 12664.0
3.5287182331085205, 12763.0
3.61246919631958, 12772.0
3.6981940269470215, 12788.0
3.7849552631378174, 12984.0
3.8697521686553955, 12984.0
3.954580068588257, 13081.0
4.0398640632629395, 13081.0
4.125235080718994, 13259.0
4.208333253860474, 13259.0
4.291433095932007, 13259.0
4.374738931655884, 13259.0
4.457796096801758, 13279.0
4.541112184524536, 13279.0
4.624628067016602, 13279.0
4.70783805847168, 13423.0
4.790231227874756, 13423.0
4.872762203216553, 13423.0
4.95551323890686, 13423.0
5.040875196456909, 13462.0
5.127331256866455, 13462.0
5.215879917144775, 13583.0
5.3006532192230225, 13583.0
5.386041164398193, 13583.0
5.473963022232056, 13583.0
5.558725118637085, 13583.0
5.64238715171814, 13675.0
5.72599720954895, 13675.0
5.809300184249878, 13675.0
5.893147230148315, 13675.0
5.976588010787964, 13680.0
6.060863018035889, 13789.0
6.144649982452393, 13789.0
6.228595018386841, 13789.0
6.312252044677734, 13789.0
6.394712209701538, 13789.0
6.477623224258423, 13789.0
6.559979200363159, 13789.0
6.643438100814819, 13789.0
6.726124048233032, 13888.0
6.809628963470459, 13888.0
6.892239093780518, 13888.0
6.9752421379089355, 13888.0
7.058615207672119, 13888.0
7.141560077667236, 13888.0
7.224897146224976, 13888.0
7.307851076126099, 13963.0
7.391448259353638, 13963.0
7.475516080856323, 13963.0
7.5592200756073, 13963.0
7.64269495010376, 13977.0
7.726370096206665, 13983.0
7.8093421459198, 13986.0
7.892836093902588, 13986.0
7.9759521484375, 13990.0
8.059486150741577, 13990.0
8.1425302028656, 13990.0
8.226032257080078, 14090.0
8.309282064437866, 14090.0
8.393216133117676, 14090.0
8.475951194763184, 14090.0
8.559539079666138, 14090.0
8.643301248550415, 14090.0
8.727129220962524, 14090.0
8.810676097869873, 14090.0
8.894287109375, 14090.0
8.978166103363037, 14090.0
9.061792135238647, 14090.0
9.145326137542725, 14090.0
9.228952169418335, 14090.0
9.312444925308228, 14090.0
9.396066188812256, 14090.0
9.479592084884644, 14090.0
9.564581155776978, 14188.0
9.648284912109375, 14188.0
9.731941223144531, 14188.0
9.815539121627808, 14188.0
9.899060010910034, 14188.0
9.982717990875244, 14188.0
10.066323041915894, 14188.0
10.14980936050415, 14189.0
10.233442068099976, 14189.0
10.316957950592041, 14189.0
10.400504112243652, 14189.0
10.48393702507019, 14189.0
10.567750215530396, 14189.0
10.651230096817017, 14189.0
10.735127210617065, 14189.0
10.818876028060913, 14189.0
10.902623176574707, 14189.0
10.986399173736572, 14189.0
11.06980299949646, 14189.0
11.15363621711731, 14189.0
11.23744010925293, 14190.0
11.320913076400757, 14190.0
11.404772281646729, 14190.0
11.488510131835938, 14190.0
11.574242115020752, 14190.0
11.658684015274048, 14190.0
11.743024110794067, 14288.0
11.826531171798706, 14288.0
11.90994906425476, 14288.0
11.993118047714233, 14289.0
12.076374053955078, 14289.0
12.1598961353302, 14289.0
12.243296146392822, 14289.0
12.326862096786499, 14289.0
12.410506010055542, 14289.0
12.493945121765137, 14289.0
12.577061176300049, 14289.0
12.660155296325684, 14289.0
12.743178129196167, 14289.0
12.826468229293823, 14289.0
12.909454107284546, 14289.0
12.992754936218262, 14289.0
13.075903177261353, 14289.0
13.159273147583008, 14289.0
13.242494106292725, 14289.0
13.325847148895264, 14289.0
13.408977031707764, 14289.0
13.492130041122437, 14289.0
13.576309204101562, 14289.0
13.660300016403198, 14289.0
13.743561029434204, 14289.0
13.826786041259766, 14289.0
13.910171270370483, 14290.0
13.993489980697632, 14290.0
14.076954126358032, 14290.0
14.160329103469849, 14290.0
14.243658065795898, 14290.0
14.326672315597534, 14290.0
14.409886121749878, 14290.0
14.493189334869385, 14290.0
14.576393127441406, 14290.0
14.660166263580322, 14290.0
14.743113994598389, 14290.0
14.826381206512451, 14290.0
14.909614086151123, 14290.0
14.992732048034668, 14290.0
15.07598328590393, 14290.0
15.159358978271484, 14290.0
15.242095232009888, 14290.0
15.325096130371094, 14290.0
15.40807819366455, 14290.0
15.491066217422485, 14290.0
15.574658155441284, 14290.0
15.660362005233765, 14290.0
15.744734048843384, 14290.0
15.828164100646973, 14290.0
15.911769151687622, 14290.0
15.995257139205933, 14290.0
16.07940936088562, 14290.0
16.163154125213623, 14290.0
16.246532201766968, 14290.0
16.330206155776978, 14290.0
16.4137442111969, 14290.0
16.49721908569336, 14290.0
16.580631256103516, 14290.0
16.664027214050293, 14290.0
