0.0001049041748046875, 575.0
0.0002090930938720703, 753.0
0.00031113624572753906, 793.0
0.00041103363037109375, 1301.0
0.0005130767822265625, 1644.0
0.0006151199340820312, 2075.0
0.0010139942169189453, 2089.0
0.0015192031860351562, 2241.0
0.0016200542449951172, 2297.0
0.006348133087158203, 2298.0
0.015411853790283203, 2442.0
0.04303312301635742, 2448.0
0.04896807670593262, 2543.0
0.049384117126464844, 2610.0
0.04989314079284668, 2611.0
0.05321216583251953, 2799.0
0.0634312629699707, 2845.0
0.06535124778747559, 2921.0
0.27390098571777344, 2968.0
0.27501702308654785, 2969.0
0.27762413024902344, 3045.0
0.5423510074615479, 3156.0
0.561366081237793, 3173.0
0.5698370933532715, 3247.0
0.5734519958496094, 3312.0
1.9628870487213135, 3413.0
3.775294303894043, 3461.0
4.8650221824646, 3482.0
4.895849943161011, 3490.0
5.601999044418335, 3551.0
5.605805158615112, 3604.0
5.605907201766968, 3605.0
6.134906053543091, 3606.0
6.140156269073486, 3699.0
6.144045114517212, 3740.0
6.150634050369263, 3815.0
6.859978914260864, 3862.0
6.867246150970459, 3900.0
7.036550045013428, 3915.0
7.041024923324585, 3916.0
7.042678117752075, 3917.0
7.229610919952393, 3923.0
7.272494077682495, 3934.0
7.403970956802368, 3976.0
