0.2037060260772705, 13319.0
0.3543879985809326, 13617.0
0.5061321258544922, 14107.0
0.658095121383667, 14107.0
0.8105390071868896, 14852.0
0.9644260406494141, 15453.0
1.1188099384307861, 15753.0
1.2725460529327393, 15753.0
1.4264662265777588, 15771.0
1.5823009014129639, 16012.0
1.7368710041046143, 16398.0
1.8919281959533691, 16602.0
2.0470831394195557, 17484.0
2.2024881839752197, 17513.0
2.359614133834839, 17591.0
2.5159170627593994, 17983.0
2.6725761890411377, 17983.0
2.829505205154419, 18293.0
2.9864680767059326, 18617.0
3.1436879634857178, 18758.0
3.301396131515503, 18839.0
3.459151029586792, 18839.0
3.617176055908203, 19377.0
3.7755980491638184, 19635.0
3.934270143508911, 19635.0
4.093679189682007, 19656.0
4.258522033691406, 19719.0
4.424155950546265, 19868.0
4.589811086654663, 20499.0
4.751628160476685, 20499.0
4.913074970245361, 20855.0
5.074418067932129, 21010.0
5.2359559535980225, 21279.0
5.397687196731567, 21280.0
5.5606091022491455, 21459.0
5.729029893875122, 21567.0
5.894747018814087, 21567.0
6.063715219497681, 21811.0
6.226438999176025, 21873.0
6.3904149532318115, 21884.0
6.553491115570068, 22121.0
6.716536045074463, 22211.0
6.8803160190582275, 22457.0
7.043374061584473, 22588.0
7.207134962081909, 22618.0
7.370794057846069, 22618.0
7.534316062927246, 22765.0
7.698489189147949, 23080.0
7.862319231033325, 23288.0
8.026648044586182, 23357.0
8.191502094268799, 23357.0
8.35551905632019, 23357.0
8.521469116210938, 23810.0
8.685761213302612, 23810.0
8.850851058959961, 23911.0
9.016131162643433, 23911.0
9.18090009689331, 23919.0
9.34631609916687, 23994.0
9.511240005493164, 24400.0
9.676934957504272, 24400.0
9.842205047607422, 24400.0
10.007446050643921, 24416.0
10.172840118408203, 24600.0
10.336949110031128, 24612.0
10.503915071487427, 24711.0
10.669841051101685, 24908.0
10.835609197616577, 24908.0
11.001598119735718, 25006.0
11.167700052261353, 25095.0
11.334137201309204, 25115.0
11.500622987747192, 25141.0
11.66523289680481, 25310.0
11.832061052322388, 25553.0
11.998102188110352, 25553.0
12.163810014724731, 25553.0
12.329468011856079, 25618.0
12.498135089874268, 25858.0
12.665787935256958, 25858.0
12.83341908454895, 25910.0
13.00126600265503, 25910.0
13.169100046157837, 25971.0
13.33560299873352, 26016.0
13.503607034683228, 26017.0
13.67008900642395, 26236.0
13.837935209274292, 26236.0
14.00433897972107, 26274.0
14.170928955078125, 26307.0
14.339705228805542, 26307.0
14.507539987564087, 26313.0
14.674470901489258, 26662.0
14.842849016189575, 26662.0
15.01233696937561, 26662.0
15.181353092193604, 26662.0
15.350361108779907, 26662.0
15.519556999206543, 26692.0
15.688698053359985, 27213.0
15.856393098831177, 27213.0
16.025678157806396, 27213.0
16.19478416442871, 27213.0
16.362818241119385, 27213.0
16.533409118652344, 27213.0
16.70363187789917, 27213.0
16.873735904693604, 27293.0
17.042137145996094, 27293.0
17.21252727508545, 27555.0
17.38282012939453, 27555.0
17.551146030426025, 27555.0
17.71984314918518, 27555.0
17.890335083007812, 27555.0
18.059221029281616, 27591.0
18.228172063827515, 27591.0
18.398848056793213, 27591.0
18.570323944091797, 27591.0
18.739968061447144, 27711.0
18.909019947052002, 27711.0
19.078153133392334, 27711.0
19.24909210205078, 27711.0
19.419886112213135, 27717.0
19.589515209197998, 27717.0
19.75878405570984, 27717.0
19.929773092269897, 27813.0
20.099430084228516, 27813.0
20.268751859664917, 27815.0
20.438133001327515, 27815.0
20.60855984687805, 27815.0
20.780869007110596, 27817.0
20.952417135238647, 27817.0
21.122262001037598, 27907.0
21.291949033737183, 27907.0
21.463133096694946, 27973.0
21.634443998336792, 27973.0
21.805646181106567, 27973.0
21.97518801689148, 27973.0
22.14483904838562, 27973.0
22.316203117370605, 27973.0
22.485692977905273, 27973.0
22.656792163848877, 28106.0
22.825500011444092, 28106.0
22.994089126586914, 28106.0
23.162714958190918, 28106.0
23.331241130828857, 28219.0
23.500051975250244, 28219.0
23.668358087539673, 28219.0
23.837290048599243, 28219.0
24.00755000114441, 28219.0
24.176249980926514, 28219.0
24.34420108795166, 28219.0
24.51240301132202, 28219.0
24.68165421485901, 28219.0
24.851474046707153, 28261.0
25.02004098892212, 28261.0
25.188650131225586, 28309.0
25.357872009277344, 28309.0
25.526239156723022, 28369.0
25.694923162460327, 28369.0
25.86323094367981, 28369.0
26.031503915786743, 28369.0
26.19982600212097, 28369.0
26.368606090545654, 28369.0
26.536789178848267, 28415.0
26.708581924438477, 28415.0
26.878216981887817, 28415.0
27.04679298400879, 28415.0
27.215347051620483, 28415.0
27.383714199066162, 28415.0
27.55219793319702, 28415.0
27.720561981201172, 28415.0
27.888960123062134, 28495.0
28.05777907371521, 28495.0
28.226701021194458, 28495.0
28.394906997680664, 28495.0
28.56375002861023, 28495.0
28.732275009155273, 28506.0
28.902477025985718, 28506.0
29.071065187454224, 28506.0
29.239641904830933, 28506.0
29.40799117088318, 28506.0
29.576401948928833, 28506.0
29.744888067245483, 28506.0
29.913209915161133, 28506.0
30.081611156463623, 28518.0
30.249812126159668, 28518.0
30.41829204559326, 28518.0
30.58617401123047, 28518.0
30.754456043243408, 28518.0
30.923828125, 28518.0
31.09201693534851, 28518.0
31.26050901412964, 28518.0
31.42892813682556, 28518.0
31.59705400466919, 28518.0
31.76515507698059, 28518.0
31.933498859405518, 28518.0
32.10156798362732, 28518.0
32.26967716217041, 28518.0
32.437610149383545, 28608.0
32.60587406158447, 28608.0
32.774346113204956, 28608.0
32.94422507286072, 28608.0
33.11223816871643, 28608.0
33.28028392791748, 28608.0
33.448875188827515, 28608.0
