1.0733349323272705, 66241.0
1.8308091163635254, 73735.0
2.580843925476074, 75136.0
3.3294410705566406, 79662.0
4.095503807067871, 83815.0
4.855756998062134, 85273.0
5.639158010482788, 95019.0
6.413676023483276, 97783.0
7.18528413772583, 103061.0
7.9652180671691895, 105983.0
8.742361068725586, 109413.0
9.522004842758179, 112101.0
10.26975679397583, 116461.0
11.025528907775879, 120667.0
11.773908853530884, 120667.0
12.522552967071533, 125005.0
13.271545886993408, 130460.0
14.020183086395264, 138427.0
14.771971940994263, 139132.0
15.52802300453186, 141505.0
16.283872842788696, 144239.0
17.0479097366333, 144465.0
17.812443733215332, 152630.0
18.56847381591797, 156996.0
19.326425075531006, 157080.0
20.084763765335083, 163620.0
20.844172954559326, 163620.0
21.608337879180908, 163620.0
22.365504026412964, 168183.0
23.122376918792725, 168183.0
23.888246059417725, 174495.0
24.64682173728943, 180830.0
25.408468008041382, 180830.0
26.18087387084961, 180830.0
26.953028917312622, 184602.0
27.712100744247437, 185486.0
28.47106409072876, 188849.0
29.236361980438232, 189750.0
29.99076771736145, 195062.0
30.746915102005005, 196918.0
31.50199794769287, 200123.0
32.259902000427246, 204336.0
33.016160011291504, 207911.0
33.774385929107666, 207911.0
34.56244707107544, 209063.0
35.34020686149597, 214379.0
36.12269377708435, 218369.0
36.928271770477295, 218369.0
37.70854187011719, 219190.0
38.5321090221405, 227929.0
39.33220982551575, 227929.0
40.12016582489014, 228893.0
40.90973782539368, 228893.0
41.70109701156616, 229177.0
42.47663688659668, 235039.0
43.24928402900696, 236807.0
44.026142835617065, 237450.0
44.814992904663086, 237525.0
45.59269595146179, 242206.0
46.36477780342102, 247122.0
47.137940883636475, 247420.0
47.917457818984985, 250693.0
48.689642906188965, 252208.0
49.459896087646484, 252208.0
50.230196952819824, 256471.0
51.001965045928955, 256471.0
51.78184795379639, 260402.0
52.55673599243164, 260402.0
53.330575704574585, 262980.0
54.10312795639038, 262980.0
54.8760449886322, 265584.0
55.64961576461792, 266525.0
56.43263387680054, 269049.0
57.22131896018982, 271063.0
58.00798797607422, 271063.0
58.80191206932068, 274422.0
59.585015058517456, 274861.0
60.36287474632263, 277819.0
61.151333808898926, 280014.0
61.92574691772461, 280014.0
62.70818877220154, 280014.0
63.49420475959778, 281641.0
64.28286695480347, 282538.0
65.07411503791809, 283210.0
65.86615800857544, 287708.0
66.6519889831543, 291757.0
67.45326590538025, 293461.0
68.26320791244507, 299186.0
69.0559298992157, 300508.0
69.86427688598633, 300508.0
70.67508792877197, 301327.0
71.49267601966858, 306317.0
72.31593585014343, 306317.0
73.1486268043518, 310694.0
73.92940783500671, 310694.0
74.7343008518219, 310694.0
75.54470801353455, 310694.0
76.34385585784912, 310991.0
77.13470101356506, 312028.0
77.94138073921204, 314343.0
78.73477506637573, 314343.0
79.53838992118835, 317987.0
80.33706188201904, 317987.0
81.13735485076904, 317987.0
81.92589998245239, 323207.0
82.71451807022095, 324140.0
83.5145959854126, 326546.0
84.30085778236389, 326546.0
85.098299741745, 327705.0
85.89829397201538, 329651.0
86.69690704345703, 329651.0
87.48745894432068, 329651.0
88.27697777748108, 331235.0
89.07576084136963, 332880.0
89.87552094459534, 332880.0
90.66831088066101, 336010.0
91.46682786941528, 337922.0
92.27126383781433, 338957.0
93.0612678527832, 338957.0
93.86073589324951, 338957.0
94.65056300163269, 338957.0
95.4546148777008, 342258.0
96.25521087646484, 344726.0
97.05764389038086, 348457.0
97.85379981994629, 348457.0
98.65223383903503, 348457.0
99.45360898971558, 348457.0
100.25351691246033, 348457.0
101.04930782318115, 353007.0
101.8668270111084, 354109.0
102.68287205696106, 354109.0
103.4909040927887, 354109.0
104.28700590133667, 354109.0
105.0938150882721, 354109.0
105.90296196937561, 356008.0
106.70525693893433, 356008.0
107.51041507720947, 358828.0
108.31831693649292, 358828.0
109.12202286720276, 362788.0
109.92499780654907, 362788.0
110.73053693771362, 362788.0
111.53336811065674, 362788.0
112.33275103569031, 362788.0
113.13520884513855, 362788.0
113.94204497337341, 362788.0
114.74581980705261, 362788.0
115.5455470085144, 365782.0
116.3401849269867, 366556.0
117.13450193405151, 370767.0
117.93531703948975, 370767.0
118.73611497879028, 370767.0
119.5339298248291, 372257.0
120.3450059890747, 372257.0
121.14684891700745, 372492.0
121.9549150466919, 372492.0
122.75210785865784, 375076.0
123.56019306182861, 375076.0
124.36855983734131, 377579.0
125.17786383628845, 377579.0
125.99554681777954, 377579.0
126.809730052948, 380271.0
127.61857891082764, 380271.0
128.42667889595032, 383117.0
129.2296118736267, 383117.0
130.0233190059662, 383117.0
130.82510495185852, 383117.0
131.62858176231384, 383117.0
132.44177198410034, 387160.0
133.25446796417236, 387160.0
134.06530785560608, 389756.0
134.87266492843628, 389756.0
135.67887210845947, 389756.0
136.48588395118713, 389756.0
137.29024004936218, 389756.0
138.09147191047668, 389756.0
138.88516974449158, 390402.0
139.68800592422485, 390402.0
140.4913249015808, 390402.0
141.2926037311554, 393003.0
142.10185074806213, 393121.0
142.90191388130188, 394112.0
143.70778894424438, 395255.0
144.51617789268494, 397310.0
145.3198540210724, 397310.0
146.13037204742432, 397310.0
146.94651007652283, 397310.0
147.75819396972656, 397310.0
148.56976985931396, 397602.0
149.377592086792, 398672.0
150.1923840045929, 400776.0
150.9970827102661, 404855.0
151.81240797042847, 404855.0
152.63137412071228, 404855.0
153.4589068889618, 404855.0
154.28168892860413, 404855.0
155.11554288864136, 407743.0
155.94470405578613, 407743.0
156.7665078639984, 407743.0
157.58171010017395, 407743.0
158.3975007534027, 407836.0
159.2099530696869, 407836.0
