0.009869098663330078, 1887.0
0.018301010131835938, 1887.0
0.02680802345275879, 2091.0
0.03570294380187988, 2091.0
0.04474020004272461, 2091.0
0.053598880767822266, 2091.0
0.0625450611114502, 2091.0
0.07149505615234375, 2121.0
0.08065509796142578, 2156.0
0.08995509147644043, 2197.0
0.09918999671936035, 2197.0
0.10849809646606445, 2197.0
0.11844921112060547, 2197.0
0.12792110443115234, 2197.0
0.1374530792236328, 2197.0
0.14665794372558594, 2281.0
0.15587997436523438, 2294.0
0.16511106491088867, 2294.0
0.1743450164794922, 2294.0
0.18369722366333008, 2294.0
0.19316601753234863, 2296.0
0.20290207862854004, 2296.0
0.21260309219360352, 2296.0
0.22224998474121094, 2296.0
0.2319338321685791, 2296.0
0.24155116081237793, 2296.0
0.2508862018585205, 2296.0
0.26025390625, 2296.0
0.26957106590270996, 2296.0
0.27889108657836914, 2296.0
0.2882192134857178, 2296.0
0.29756593704223633, 2296.0
0.3068850040435791, 2296.0
0.31621599197387695, 2296.0
0.32555699348449707, 2296.0
0.33490705490112305, 2296.0
0.34424591064453125, 2296.0
0.35361313819885254, 2296.0
0.36295008659362793, 2296.0
0.3722820281982422, 2296.0
0.3816261291503906, 2296.0
0.3910179138183594, 2296.0
0.40036916732788086, 2296.0
0.4098501205444336, 2296.0
0.41933512687683105, 2296.0
0.42876219749450684, 2296.0
0.43818020820617676, 2296.0
0.4477550983428955, 2296.0
0.4572279453277588, 2296.0
0.46674299240112305, 2296.0
0.4762101173400879, 2296.0
0.48581910133361816, 2296.0
0.4953770637512207, 2296.0
0.5048120021820068, 2296.0
0.5144050121307373, 2296.0
0.5239620208740234, 2296.0
0.5336160659790039, 2296.0
0.5431649684906006, 2296.0
0.5524060726165771, 2296.0
0.5615601539611816, 2296.0
0.5707261562347412, 2296.0
0.5798971652984619, 2296.0
0.5890500545501709, 2296.0
0.5982260704040527, 2296.0
0.6073551177978516, 2296.0
0.6165039539337158, 2296.0
0.625690221786499, 2296.0
0.6348421573638916, 2296.0
0.6439962387084961, 2296.0
0.6531429290771484, 2296.0
0.662322998046875, 2296.0
0.6714510917663574, 2296.0
0.6806180477142334, 2296.0
0.6897590160369873, 2296.0
0.6988780498504639, 2296.0
0.7080309391021729, 2296.0
0.7171750068664551, 2296.0
0.7263338565826416, 2296.0
0.7354869842529297, 2296.0
0.7446489334106445, 2296.0
0.7537882328033447, 2296.0
0.7629461288452148, 2296.0
0.7720839977264404, 2296.0
0.7813191413879395, 2296.0
0.791348934173584, 2296.0
0.8013930320739746, 2296.0
0.8113889694213867, 2296.0
0.821357011795044, 2296.0
0.8312821388244629, 2296.0
0.8406691551208496, 2296.0
0.8500232696533203, 2296.0
0.8593270778656006, 2296.0
0.8686041831970215, 2296.0
0.8779020309448242, 2296.0
0.8872079849243164, 2296.0
0.8964071273803711, 2296.0
0.9055600166320801, 2296.0
0.9147140979766846, 2296.0
0.9238729476928711, 2296.0
0.933007001876831, 2296.0
0.9422180652618408, 2296.0
0.951369047164917, 2296.0
0.9605109691619873, 2296.0
0.9696738719940186, 2296.0
0.9788589477539062, 2296.0
0.9880170822143555, 2296.0
0.9972131252288818, 2296.0
1.006356954574585, 2296.0
1.0155160427093506, 2296.0
1.0246572494506836, 2296.0
1.0338549613952637, 2296.0
1.0430049896240234, 2296.0
1.0521409511566162, 2296.0
1.0612831115722656, 2296.0
1.070410966873169, 2296.0
1.07955002784729, 2296.0
1.088690996170044, 2296.0
1.0978500843048096, 2296.0
1.10709810256958, 2296.0
1.1163198947906494, 2296.0
1.1254761219024658, 2296.0
1.1346449851989746, 2296.0
1.143761157989502, 2296.0
1.1529300212860107, 2296.0
1.1621129512786865, 2296.0
1.1712560653686523, 2296.0
1.180406093597412, 2296.0
1.1895570755004883, 2296.0
1.19868803024292, 2296.0
1.2078330516815186, 2296.0
1.2169909477233887, 2296.0
1.2261559963226318, 2296.0
1.2352991104125977, 2296.0
1.244434118270874, 2296.0
1.2535719871520996, 2296.0
1.262727975845337, 2296.0
1.2718641757965088, 2296.0
1.2810180187225342, 2296.0
1.290151834487915, 2296.0
1.2993242740631104, 2296.0
1.3084731101989746, 2296.0
1.3176259994506836, 2296.0
1.3267560005187988, 2296.0
1.3359081745147705, 2296.0
1.3450748920440674, 2296.0
1.3542981147766113, 2296.0
1.3634819984436035, 2296.0
1.3726511001586914, 2296.0
1.3817782402038574, 2296.0
1.3909330368041992, 2296.0
1.4000859260559082, 2296.0
1.4095590114593506, 2296.0
1.418722152709961, 2296.0
1.4278719425201416, 2296.0
1.4370319843292236, 2296.0
1.446183204650879, 2296.0
1.4554369449615479, 2296.0
1.464660882949829, 2296.0
1.4738280773162842, 2296.0
1.4829602241516113, 2296.0
1.492116928100586, 2296.0
1.5012590885162354, 2296.0
1.510401964187622, 2296.0
1.519590139389038, 2296.0
1.5287339687347412, 2296.0
1.5378658771514893, 2296.0
1.547050952911377, 2296.0
1.5561981201171875, 2296.0
1.5653650760650635, 2296.0
1.5744860172271729, 2296.0
1.5836279392242432, 2296.0
1.5927870273590088, 2296.0
1.6019129753112793, 2296.0
1.6110761165618896, 2296.0
1.6202130317687988, 2296.0
1.6293790340423584, 2296.0
1.63850998878479, 2296.0
1.6476740837097168, 2296.0
1.6567978858947754, 2296.0
1.6659691333770752, 2296.0
1.6751432418823242, 2296.0
1.6843090057373047, 2296.0
1.6934571266174316, 2296.0
1.7026159763336182, 2296.0
1.7118360996246338, 2296.0
1.7210018634796143, 2296.0
1.7301459312438965, 2296.0
1.7394959926605225, 2296.0
1.7489421367645264, 2296.0
1.7582919597625732, 2296.0
1.7676641941070557, 2296.0
1.7770559787750244, 2296.0
1.7866339683532715, 2296.0
1.7962350845336914, 2296.0
1.805591106414795, 2296.0
1.8149199485778809, 2296.0
1.8242449760437012, 2296.0
1.8336429595947266, 2296.0
1.8430049419403076, 2296.0
1.8523590564727783, 2296.0
1.8619701862335205, 2296.0
