0.018984317779541016, 5721.0
0.03482317924499512, 6851.0
0.05031609535217285, 7335.0
0.06579136848449707, 8738.0
0.08121538162231445, 8738.0
0.09698724746704102, 9059.0
0.11275911331176758, 9220.0
0.12863421440124512, 9600.0
0.14459013938903809, 10307.0
0.1605381965637207, 10660.0
0.17667317390441895, 10777.0
0.19288110733032227, 11045.0
0.2091083526611328, 11056.0
0.22520017623901367, 11056.0
0.24148035049438477, 11056.0
0.2578091621398926, 11056.0
0.27408933639526367, 11056.0
0.29030418395996094, 11056.0
0.30665016174316406, 11056.0
0.32296323776245117, 11056.0
0.33926916122436523, 11056.0
0.35565805435180664, 11056.0
0.3720083236694336, 11056.0
0.3883402347564697, 11056.0
0.4046499729156494, 11056.0
0.4209620952606201, 11056.0
0.43726205825805664, 11056.0
0.4535942077636719, 11056.0
0.46988916397094727, 11056.0
0.4862091541290283, 11056.0
0.5025641918182373, 11056.0
0.5189440250396729, 11056.0
0.5352890491485596, 11056.0
0.5516431331634521, 11056.0
0.5692131519317627, 11056.0
0.5868332386016846, 11056.0
0.6039133071899414, 11056.0
0.620387077331543, 11056.0
0.6368403434753418, 11056.0
0.6537599563598633, 11056.0
0.670600175857544, 11056.0
0.6874492168426514, 11056.0
0.7043089866638184, 11056.0
0.7215890884399414, 11056.0
0.7384209632873535, 11056.0
0.755424976348877, 11056.0
0.7722733020782471, 11056.0
0.789323091506958, 11056.0
0.806175947189331, 11056.0
0.8230283260345459, 11056.0
0.8397293090820312, 11056.0
0.856701135635376, 11056.0
0.8736541271209717, 11056.0
0.8907520771026611, 11056.0
0.9075629711151123, 11056.0
0.9243950843811035, 11056.0
0.9413073062896729, 11056.0
0.958125114440918, 11056.0
0.9749441146850586, 11056.0
0.9917690753936768, 11056.0
1.0085792541503906, 11056.0
1.0254781246185303, 11056.0
1.0426239967346191, 11056.0
1.060185194015503, 11056.0
1.077631950378418, 11056.0
1.0949440002441406, 11056.0
1.1117539405822754, 11056.0
1.1292552947998047, 11056.0
1.146606206893921, 11056.0
1.163839340209961, 11056.0
1.1811401844024658, 11056.0
1.1983070373535156, 11056.0
1.215874195098877, 11056.0
1.233107328414917, 11056.0
1.2502892017364502, 11056.0
1.267765998840332, 11056.0
1.2853219509124756, 11056.0
1.3025541305541992, 11056.0
1.3196861743927002, 11056.0
1.3367149829864502, 11056.0
1.3539681434631348, 11056.0
1.3711140155792236, 11056.0
1.388317346572876, 11056.0
1.4050769805908203, 11056.0
1.4215211868286133, 11056.0
1.437929391860962, 11056.0
1.4543840885162354, 11056.0
1.4708433151245117, 11056.0
1.4873180389404297, 11056.0
1.5037691593170166, 11056.0
1.5202372074127197, 11056.0
1.5367331504821777, 11056.0
1.5532522201538086, 11056.0
1.5697312355041504, 11056.0
1.5861330032348633, 11056.0
1.6028192043304443, 11056.0
1.620793104171753, 11056.0
1.6377472877502441, 11056.0
1.6542572975158691, 11056.0
1.6707162857055664, 11056.0
1.6872313022613525, 11056.0
1.7037081718444824, 11056.0
1.7202229499816895, 11056.0
1.7367122173309326, 11056.0
1.7532470226287842, 11056.0
1.7701032161712646, 11056.0
1.7869832515716553, 11056.0
1.803816318511963, 11056.0
1.8206000328063965, 11056.0
1.837428331375122, 11056.0
1.8542242050170898, 11056.0
1.871016263961792, 11056.0
1.8877723217010498, 11056.0
1.9045422077178955, 11056.0
1.9213621616363525, 11056.0
1.9381780624389648, 11056.0
1.9548232555389404, 11056.0
1.9715101718902588, 11056.0
1.9879469871520996, 11056.0
2.004426956176758, 11056.0
2.02099609375, 11056.0
2.0374672412872314, 11056.0
2.0539262294769287, 11056.0
2.070399284362793, 11056.0
2.086963176727295, 11056.0
2.1037721633911133, 11056.0
2.120932102203369, 11056.0
2.138268232345581, 11056.0
2.15525221824646, 11056.0
2.1720733642578125, 11056.0
2.188971996307373, 11056.0
2.205820322036743, 11056.0
2.2225472927093506, 11056.0
2.2391133308410645, 11056.0
2.2556910514831543, 11056.0
2.2721810340881348, 11056.0
2.288604259490967, 11056.0
2.3049850463867188, 11056.0
2.3213751316070557, 11056.0
2.3377699851989746, 11056.0
2.354419231414795, 11056.0
2.3709051609039307, 11056.0
2.3873143196105957, 11056.0
2.4038100242614746, 11056.0
2.4202260971069336, 11056.0
2.436904191970825, 11056.0
2.4537410736083984, 11056.0
2.470715284347534, 11056.0
2.487504243850708, 11056.0
2.5046420097351074, 11056.0
2.521796226501465, 11056.0
2.5392661094665527, 11056.0
2.5566840171813965, 11056.0
2.57401704788208, 11056.0
2.59098219871521, 11056.0
2.6079280376434326, 11056.0
2.6247003078460693, 11056.0
2.6418449878692627, 11056.0
2.6587073802948, 11056.0
2.676358222961426, 11056.0
2.6937310695648193, 11056.0
2.7110483646392822, 11056.0
2.727760076522827, 11056.0
2.7445743083953857, 11056.0
2.7612783908843994, 11056.0
2.7780051231384277, 11056.0
2.7946810722351074, 11056.0
2.8113672733306885, 11056.0
2.8280391693115234, 11056.0
2.8447022438049316, 11056.0
2.861422061920166, 11056.0
2.878293991088867, 11056.0
2.8951752185821533, 11056.0
2.912130117416382, 11056.0
2.929058074951172, 11056.0
2.946118116378784, 11056.0
2.9633281230926514, 11056.0
2.9804580211639404, 11056.0
2.997526168823242, 11056.0
3.014491319656372, 11056.0
3.030837059020996, 11056.0
3.0471460819244385, 11056.0
3.0634350776672363, 11056.0
3.0797650814056396, 11056.0
3.0961263179779053, 11056.0
3.112450122833252, 11056.0
3.1288530826568604, 11056.0
3.1452841758728027, 11056.0
3.1616010665893555, 11056.0
3.177948236465454, 11056.0
3.194317102432251, 11056.0
3.210658073425293, 11056.0
3.2270712852478027, 11056.0
3.2434072494506836, 11056.0
3.2597312927246094, 11056.0
3.2760791778564453, 11056.0
3.2924022674560547, 11056.0
3.30873703956604, 11056.0
3.325085163116455, 11056.0
3.3414242267608643, 11056.0
3.3577263355255127, 11056.0
