0.00011205673217773438, 483.0
0.0002200603485107422, 890.0
0.00032711029052734375, 1078.0
0.0004341602325439453, 1321.0
0.0005412101745605469, 2038.0
0.0006492137908935547, 2923.0
0.0007579326629638672, 3086.0
0.0008640289306640625, 3216.0
0.0012850761413574219, 3406.0
0.004642963409423828, 3478.0
0.005384206771850586, 3581.0
0.005825042724609375, 3781.0
0.010071039199829102, 3912.0
0.012286186218261719, 3949.0
0.01366281509399414, 4156.0
0.017962932586669922, 4266.0
0.019561052322387695, 4271.0
0.020824909210205078, 4378.0
0.021876811981201172, 4483.0
0.023555994033813477, 4597.0
0.023872852325439453, 4706.0
0.03269815444946289, 4707.0
0.03301692008972168, 4817.0
0.08389401435852051, 4907.0
0.15323805809020996, 4917.0
0.2908158302307129, 5008.0
0.2955780029296875, 5039.0
0.296314001083374, 5292.0
0.30250096321105957, 5294.0
0.30416107177734375, 5305.0
0.30944299697875977, 5312.0
0.3554348945617676, 5315.0
0.47973108291625977, 5396.0
0.4884510040283203, 5494.0
0.49349117279052734, 5515.0
0.5062241554260254, 5517.0
0.51084303855896, 5536.0
0.5146579742431641, 5586.0
0.5163218975067139, 5696.0
0.9676861763000488, 5798.0
2.8073410987854004, 5804.0
2.9266531467437744, 5812.0
3.415994167327881, 5813.0
3.4281599521636963, 5872.0
3.430443048477173, 5931.0
5.181898832321167, 6001.0
5.191457033157349, 6002.0
