0.002103090286254883, 471.0
0.004198312759399414, 748.0
0.006323337554931641, 1818.0
0.00832819938659668, 2486.0
0.010323286056518555, 2966.0
0.012305259704589844, 3913.0
0.014284133911132812, 4823.0
0.016268253326416016, 4913.0
0.01823735237121582, 4914.0
0.02019524574279785, 5555.0
0.02215123176574707, 5872.0
0.024108171463012695, 6222.0
0.0260622501373291, 6681.0
0.028019428253173828, 6774.0
0.029983997344970703, 7556.0
0.03193330764770508, 8330.0
0.03388524055480957, 8634.0
0.035834312438964844, 9523.0
0.037786245346069336, 9810.0
0.03973507881164551, 9887.0
0.04170536994934082, 10134.0
0.04364800453186035, 10764.0
0.045580148696899414, 11256.0
0.04751229286193848, 12273.0
0.049439430236816406, 12588.0
0.05135226249694824, 13367.0
0.05326724052429199, 13368.0
0.05520319938659668, 13467.0
0.0571293830871582, 14377.0
0.05907320976257324, 14746.0
0.060984134674072266, 15530.0
0.06289410591125488, 16108.0
0.0648043155670166, 16690.0
0.06672930717468262, 17623.0
0.06864023208618164, 18352.0
0.07054901123046875, 18515.0
0.07245826721191406, 18914.0
0.07436418533325195, 19076.0
0.07629108428955078, 19648.0
0.07820820808410645, 19822.0
0.08014321327209473, 20307.0
0.08205008506774902, 20614.0
0.08396530151367188, 21368.0
0.08587336540222168, 22152.0
0.08776116371154785, 22640.0
0.08963823318481445, 23685.0
0.09151005744934082, 24454.0
0.09341907501220703, 25050.0
0.09528827667236328, 25269.0
0.09716415405273438, 25736.0
0.09904003143310547, 26521.0
0.1009070873260498, 27030.0
0.10277223587036133, 27558.0
0.10465121269226074, 27983.0
0.10653018951416016, 28952.0
0.10840725898742676, 29161.0
0.11028528213500977, 30119.0
0.11215329170227051, 30650.0
0.11402130126953125, 31142.0
0.1159522533416748, 31926.0
0.11782622337341309, 32404.0
0.11971020698547363, 32777.0
0.12158012390136719, 33152.0
0.12344908714294434, 33264.0
0.12532711029052734, 33849.0
0.12720012664794922, 34502.0
0.12906122207641602, 35097.0
0.13092422485351562, 35405.0
0.13279938697814941, 35781.0
0.13466334342956543, 36530.0
0.13653230667114258, 36907.0
0.13839316368103027, 37523.0
0.14026522636413574, 37746.0
0.14215326309204102, 38644.0
0.1440882682800293, 38710.0
0.1459662914276123, 39189.0
0.1478290557861328, 39247.0
0.14969706535339355, 39432.0
0.15155816078186035, 40323.0
0.15341734886169434, 40606.0
0.15528130531311035, 40781.0
0.15714621543884277, 41550.0
0.15902209281921387, 42427.0
0.16089320182800293, 42428.0
0.16275835037231445, 42740.0
0.1646251678466797, 43557.0
0.16649532318115234, 44380.0
0.16835713386535645, 45135.0
0.17022228240966797, 45669.0
0.17211699485778809, 46058.0
0.17398405075073242, 46829.0
0.17586731910705566, 47210.0
0.17774009704589844, 47474.0
0.17961335182189941, 47841.0
0.18148207664489746, 48774.0
0.1833484172821045, 48859.0
0.18523430824279785, 49556.0
0.18711018562316895, 49557.0
0.18898320198059082, 49848.0
0.20920228958129883, 50004.0
0.2147362232208252, 50005.0
0.23150420188903809, 50043.0
0.23524832725524902, 50101.0
0.34172916412353516, 50230.0
0.3618612289428711, 50334.0
1.1765542030334473, 50418.0
2.140733242034912, 50427.0
2.1691482067108154, 50463.0
2.3412342071533203, 50499.0
2.4698572158813477, 50500.0
5.211028337478638, 50506.0
5.296277046203613, 50518.0
5.54803204536438, 50538.0
6.014135122299194, 50543.0
6.197281122207642, 50593.0
6.244561195373535, 50695.0
6.421279430389404, 50756.0
6.927284240722656, 50779.0
7.059966325759888, 50841.0
7.324148416519165, 50954.0
7.735154390335083, 50963.0
7.746093273162842, 50964.0
7.74793815612793, 51072.0
7.778921365737915, 51143.0
9.3509042263031, 51149.0
9.36730432510376, 51240.0
9.414598226547241, 51305.0
9.452820301055908, 51306.0
10.702232122421265, 51347.0
10.73454737663269, 51423.0
10.900354146957397, 51522.0
21.21667718887329, 51541.0
21.383448123931885, 51569.0
21.40830111503601, 51785.0
27.777815103530884, 51859.0
28.452858209609985, 51952.0
28.476258277893066, 51993.0
28.503697156906128, 52107.0
28.56023335456848, 52116.0
28.57585310935974, 52141.0
28.587568283081055, 52142.0
36.392457246780396, 52176.0
36.45837211608887, 52199.0
36.46784329414368, 52200.0
36.50937604904175, 52282.0
36.520681381225586, 52284.0
36.773951292037964, 52342.0
36.95995807647705, 52398.0
37.000086069107056, 52515.0
37.120755195617676, 52584.0
37.15797305107117, 52679.0
37.35578227043152, 52715.0
37.54394221305847, 52827.0
37.55545234680176, 52838.0
37.7486412525177, 52848.0
37.7620689868927, 52849.0
37.77741622924805, 52964.0
40.79076027870178, 52974.0
41.45099329948425, 52990.0
41.77172827720642, 53004.0
42.303080320358276, 53010.0
45.159483194351196, 53110.0
45.31088924407959, 53153.0
45.31282424926758, 53245.0
45.33191442489624, 53329.0
45.45965623855591, 53392.0
45.51495814323425, 53437.0
45.576277017593384, 53597.0
45.6316032409668, 53637.0
45.63736820220947, 53638.0
45.66038131713867, 53658.0
46.58541417121887, 53675.0
46.72248601913452, 53805.0
46.779598236083984, 53873.0
46.7929482460022, 53928.0
46.79870009422302, 53929.0
46.81977128982544, 53930.0
46.909717082977295, 53946.0
46.92121720314026, 54035.0
47.0761022567749, 54149.0
47.11627721786499, 54208.0
47.12393021583557, 54209.0
47.23050618171692, 54250.0
47.23625612258911, 54270.0
63.18543529510498, 54347.0
63.89675235748291, 54373.0
64.19984412193298, 54384.0
64.26273941993713, 54522.0
64.32906317710876, 54535.0
65.06921124458313, 54615.0
65.63126611709595, 54625.0
65.69006633758545, 54659.0
66.15595436096191, 54717.0
66.16931414604187, 54755.0
66.17505717277527, 54821.0
66.29879713058472, 54902.0
66.32163214683533, 54903.0
66.3520143032074, 54941.0
66.5573832988739, 55011.0
66.58595824241638, 55063.0
66.62981724739075, 55074.0
66.72885131835938, 55143.0
66.7537190914154, 55168.0
66.89089727401733, 55188.0
67.03184103965759, 55222.0
67.04524111747742, 55283.0
67.07766819000244, 55285.0
67.0967743396759, 55355.0
67.46581315994263, 55435.0
75.37024211883545, 55463.0
75.42354726791382, 55588.0
77.0523362159729, 55760.0
77.11215114593506, 55769.0
77.12575626373291, 55893.0
77.14507126808167, 55894.0
77.20852732658386, 55934.0
77.24316024780273, 55935.0
77.30657410621643, 55936.0
103.77652835845947, 55939.0
103.97002124786377, 55943.0
104.24965524673462, 56010.0
104.4136872291565, 56028.0
104.43911027908325, 56029.0
104.47901725769043, 56107.0
106.19093418121338, 56225.0
106.3535270690918, 56226.0
106.38023519515991, 56290.0
106.52877736091614, 56419.0
106.57077312469482, 56439.0
106.80387711524963, 56459.0
106.8784761428833, 56492.0
106.91706538200378, 56653.0
106.92094326019287, 56654.0
107.49788212776184, 56669.0
107.79063034057617, 56774.0
107.82674026489258, 56828.0
108.11551117897034, 56849.0
108.47455620765686, 56943.0
108.56935429573059, 56964.0
108.61884903907776, 57142.0
109.20381808280945, 57154.0
109.33336520195007, 57214.0
109.35431623458862, 57227.0
109.47787117958069, 57339.0
109.50833225250244, 57386.0
109.59428715705872, 57387.0
110.04922914505005, 57440.0
110.22597241401672, 57507.0
110.4272632598877, 57554.0
110.63688135147095, 57633.0
110.7418622970581, 57634.0
110.78660726547241, 57655.0
110.86222124099731, 57679.0
110.88551926612854, 57680.0
110.92427921295166, 57726.0
111.47287225723267, 57770.0
111.51128029823303, 57826.0
112.44004511833191, 57850.0
112.56669735908508, 57905.0
112.57994723320007, 57953.0
112.87269401550293, 57954.0
113.27396035194397, 57995.0
113.48964715003967, 58007.0
113.54833316802979, 58083.0
113.64105606079102, 58084.0
114.2066113948822, 58135.0
114.27668237686157, 58185.0
114.31269717216492, 58222.0
114.6673653125763, 58226.0
114.77209329605103, 58227.0
115.02160429954529, 58317.0
115.8561601638794, 58358.0
115.92009615898132, 58481.0
115.97091937065125, 58534.0
116.00286841392517, 58535.0
116.15512824058533, 58624.0
116.20248508453369, 58634.0
116.31273031234741, 58635.0
117.33314037322998, 58694.0
117.36716318130493, 58886.0
118.59147715568542, 58892.0
118.65028405189514, 59004.0
119.15721011161804, 59076.0
119.51317620277405, 59156.0
119.56611728668213, 59189.0
119.5774793624878, 59190.0
119.77433228492737, 59214.0
119.80467820167542, 59331.0
119.84257102012634, 59332.0
120.35198020935059, 59372.0
120.72453713417053, 59394.0
121.3214852809906, 59419.0
121.330970287323, 59535.0
121.51949739456177, 59593.0
121.89881706237793, 59635.0
121.99903535842896, 59705.0
122.41843628883362, 59718.0
122.92301726341248, 59795.0
123.02122330665588, 59796.0
123.0525152683258, 59855.0
123.06036520004272, 59894.0
123.24985337257385, 59964.0
123.57225322723389, 60035.0
123.77844142913818, 60078.0
124.03466820716858, 60109.0
124.14758515357971, 60217.0
124.34325408935547, 60364.0
124.70663523674011, 60427.0
126.33463335037231, 60444.0
126.54318332672119, 60462.0
128.52014899253845, 60466.0
128.62389826774597, 60467.0
129.06044745445251, 60492.0
129.06238627433777, 60498.0
129.13846826553345, 60630.0
129.910715341568, 60670.0
130.04528617858887, 60671.0
130.12870931625366, 60672.0
130.58924913406372, 60677.0
130.96559834480286, 60706.0
131.1312530040741, 60707.0
131.4689700603485, 60769.0
131.56183218955994, 60840.0
132.4977810382843, 60842.0
132.5300543308258, 60866.0
132.62508535385132, 60929.0
133.2726173400879, 60965.0
134.07179522514343, 60984.0
134.08358120918274, 60985.0
135.57050132751465, 61034.0
136.5242030620575, 61092.0
136.64601707458496, 61100.0
136.80592513084412, 61173.0
137.50888514518738, 61179.0
137.7754282951355, 61180.0
137.78909730911255, 61183.0
137.81635212898254, 61184.0
138.08464312553406, 61185.0
138.24217438697815, 61186.0
138.47927117347717, 61187.0
138.74751830101013, 61269.0
139.14580631256104, 61354.0
139.15356922149658, 61355.0
139.4538071155548, 61361.0
139.61575508117676, 61362.0
139.7603724002838, 61400.0
139.98277306556702, 61421.0
140.19923520088196, 61422.0
140.94817519187927, 61521.0
141.972430229187, 61534.0
142.26734328269958, 61535.0
142.9121081829071, 61576.0
143.21612524986267, 61588.0
143.9866874217987, 61624.0
144.3805742263794, 61625.0
144.54117226600647, 61774.0
144.80721831321716, 61895.0
145.43001127243042, 61925.0
145.76658630371094, 61926.0
146.11042523384094, 61932.0
146.54293513298035, 61970.0
146.60742139816284, 61971.0
146.71937942504883, 61972.0
147.11800718307495, 62066.0
147.17876029014587, 62148.0
147.30899834632874, 62149.0
148.369282245636, 62209.0
149.37837839126587, 62223.0
149.44482326507568, 62245.0
149.71051907539368, 62271.0
150.9504623413086, 62294.0
151.8878562450409, 62317.0
152.0454273223877, 62423.0
152.20491123199463, 62424.0
153.34983706474304, 62477.0
153.8674943447113, 62478.0
154.81677842140198, 62551.0
155.4025683403015, 62578.0
155.85487723350525, 62704.0
157.03004121780396, 62764.0
157.06241726875305, 62765.0
157.11279010772705, 62852.0
158.2110152244568, 62902.0
159.02376222610474, 62991.0
160.06599020957947, 63016.0
160.08513116836548, 63017.0
160.8457522392273, 63067.0
163.97248220443726, 63071.0
164.04154014587402, 63072.0
164.39733624458313, 63073.0
165.8677113056183, 63074.0
166.3610212802887, 63132.0
166.47325325012207, 63133.0
167.23011302947998, 63134.0
167.37314224243164, 63135.0
167.72673225402832, 63136.0
174.06448316574097, 63151.0
174.56166410446167, 63152.0
174.5844690799713, 63153.0
175.30960321426392, 63212.0
175.64926314353943, 63213.0
177.05858516693115, 63220.0
179.36882615089417, 63275.0
179.591637134552, 63385.0
179.59939527511597, 63386.0
180.0424041748047, 63399.0
181.14953923225403, 63400.0
185.72042322158813, 63470.0
186.50153422355652, 63471.0
186.57551527023315, 63472.0
186.87465929985046, 63578.0
187.47895503044128, 63579.0
187.821435213089, 63601.0
188.02216601371765, 63602.0
189.05336713790894, 63603.0
190.06517028808594, 63662.0
190.58252024650574, 63711.0
190.84619235992432, 63712.0
194.97049117088318, 63774.0
195.21093821525574, 63807.0
