0.0009551048278808594, 445.0
0.0019061565399169922, 554.0
0.0028541088104248047, 674.0
0.003841876983642578, 1572.0
0.004810810089111328, 2396.0
0.0057828426361083984, 3468.0
0.006729841232299805, 4099.0
0.007687091827392578, 4912.0
0.008637189865112305, 5199.0
0.009582996368408203, 6255.0
0.010531902313232422, 6434.0
0.011495113372802734, 6704.0
0.012446880340576172, 7083.0
0.01340794563293457, 7562.0
0.014360904693603516, 8292.0
0.015313148498535156, 8592.0
0.016263961791992188, 8945.0
0.017238855361938477, 9707.0
0.018192052841186523, 10660.0
0.019136905670166016, 10881.0
0.020083904266357422, 11578.0
0.02103400230407715, 11841.0
0.021986007690429688, 12064.0
0.02293705940246582, 13069.0
0.023891925811767578, 13531.0
0.024852991104125977, 14500.0
0.025805950164794922, 15432.0
0.026769161224365234, 16448.0
0.027727127075195312, 16688.0
0.028680801391601562, 17188.0
0.029654979705810547, 17662.0
0.030605077743530273, 17819.0
0.03156089782714844, 18815.0
0.032510995864868164, 19461.0
0.03346610069274902, 19880.0
0.03441882133483887, 20186.0
0.03537297248840332, 20927.0
0.03632187843322754, 21528.0
0.03727602958679199, 21787.0
0.038229942321777344, 22769.0
0.03919100761413574, 23155.0
0.0401461124420166, 23892.0
0.041098833084106445, 24214.0
0.042051076889038086, 24344.0
0.043016910552978516, 25043.0
0.043972015380859375, 25615.0
0.04493212699890137, 25731.0
0.045886993408203125, 25973.0
0.04683804512023926, 26403.0
0.04780101776123047, 26537.0
0.04875898361206055, 26823.0
0.049714088439941406, 27723.0
0.050665855407714844, 27955.0
0.05161690711975098, 28697.0
0.05257701873779297, 29041.0
0.05352592468261719, 29665.0
0.05633711814880371, 30453.0
0.08437705039978027, 30579.0
0.11622381210327148, 30688.0
0.13310503959655762, 30798.0
0.17607498168945312, 30905.0
0.21429896354675293, 30952.0
0.21524810791015625, 31053.0
0.2237701416015625, 31173.0
0.22774076461791992, 31219.0
0.23122811317443848, 31397.0
0.2720198631286621, 31490.0
0.31247878074645996, 31569.0
0.34168481826782227, 31696.0
0.34557414054870605, 31797.0
0.5840198993682861, 31802.0
0.6097860336303711, 31893.0
0.6326909065246582, 31928.0
0.6594281196594238, 32102.0
0.7998099327087402, 32343.0
0.8122119903564453, 32459.0
0.8342671394348145, 32604.0
0.9236409664154053, 32615.0
0.927501916885376, 32725.0
0.9380669593811035, 32848.0
0.9572000503540039, 32998.0
0.961054801940918, 33141.0
1.0021319389343262, 33187.0
1.0767409801483154, 33218.0
1.091097116470337, 33381.0
1.1150131225585938, 33388.0
1.164656162261963, 33404.0
1.4062349796295166, 33441.0
1.4278068542480469, 33586.0
1.43959379196167, 33703.0
1.5778629779815674, 33794.0
1.5916059017181396, 33903.0
1.630812168121338, 33950.0
1.6357479095458984, 34054.0
1.637718915939331, 34157.0
1.6475398540496826, 34300.0
1.7192440032958984, 34403.0
1.7778668403625488, 34477.0
1.7788589000701904, 34598.0
1.7847437858581543, 34600.0
1.9059910774230957, 34684.0
1.9089479446411133, 34788.0
1.9188058376312256, 34876.0
1.923727035522461, 34990.0
1.962965965270996, 35103.0
1.9915060997009277, 35273.0
1.9993929862976074, 35397.0
2.0594229698181152, 35476.0
2.0633530616760254, 35562.0
2.066304922103882, 35680.0
2.0702428817749023, 35829.0
2.0809950828552246, 35902.0
2.17720103263855, 35996.0
2.185021162033081, 36067.0
2.222911834716797, 36096.0
2.303537130355835, 36098.0
2.318129062652588, 36249.0
2.344352960586548, 36381.0
2.372637987136841, 36501.0
2.460306167602539, 36521.0
2.4612929821014404, 36636.0
2.462291955947876, 36791.0
2.4797890186309814, 36864.0
2.6039700508117676, 36900.0
2.6194939613342285, 36974.0
2.6796960830688477, 37061.0
2.702014923095703, 37198.0
2.8375258445739746, 37203.0
3.1953368186950684, 37322.0
3.2050318717956543, 37424.0
3.230257987976074, 37560.0
3.2663378715515137, 37595.0
3.2828500270843506, 37696.0
3.3051538467407227, 37799.0
3.407011032104492, 37900.0
3.5447499752044678, 37990.0
3.6057798862457275, 38073.0
3.628955125808716, 38197.0
3.8861939907073975, 38311.0
3.900277853012085, 38472.0
3.910331964492798, 38670.0
3.9385037422180176, 38753.0
4.219550848007202, 38799.0
4.270887136459351, 38803.0
4.272932052612305, 38922.0
4.278954982757568, 39073.0
4.409595012664795, 39080.0
4.427126884460449, 39147.0
4.496233940124512, 39205.0
4.606269836425781, 39295.0
4.65595006942749, 39402.0
4.730870008468628, 39454.0
4.742556095123291, 39464.0
4.782429933547974, 39499.0
4.940185070037842, 39580.0
4.983925819396973, 39660.0
4.99365496635437, 39797.0
5.055952072143555, 39836.0
5.05791711807251, 39991.0
5.096813917160034, 40081.0
5.117357969284058, 40127.0
5.139294862747192, 40288.0
5.148268938064575, 40403.0
5.164222955703735, 40405.0
5.295768976211548, 40484.0
5.360836982727051, 40490.0
5.4440600872039795, 40588.0
5.492117881774902, 40665.0
5.550304889678955, 40681.0
5.571147918701172, 40795.0
5.650997877120972, 40886.0
5.654863119125366, 41000.0
5.731879949569702, 41060.0
5.733839988708496, 41242.0
5.743470907211304, 41291.0
5.78487491607666, 41299.0
5.78777003288269, 41431.0
5.818615913391113, 41490.0
5.833156108856201, 41569.0
5.852838039398193, 41694.0
5.996266841888428, 41727.0
6.012661933898926, 41843.0
6.0216381549835205, 41944.0
6.0425660610198975, 42054.0
6.057168960571289, 42090.0
6.115966796875, 42164.0
6.119825124740601, 42330.0
6.12272310256958, 42499.0
6.1823790073394775, 42595.0
7.139196157455444, 42601.0
8.30107593536377, 42713.0
8.315923929214478, 42943.0
8.365304946899414, 43006.0
8.36729097366333, 43138.0
8.37422513961792, 43341.0
8.38313102722168, 43466.0
8.398932933807373, 43597.0
8.541910886764526, 43598.0
8.568511962890625, 43700.0
8.619946956634521, 43705.0
9.268798828125, 43872.0
9.274675846099854, 44001.0
9.330057859420776, 44007.0
9.3437180519104, 44204.0
9.421918869018555, 44287.0
9.45365595817566, 44354.0
9.472014904022217, 44474.0
9.502652168273926, 44486.0
9.511301040649414, 44597.0
9.633532047271729, 44600.0
9.71086597442627, 44693.0
9.858354806900024, 44782.0
9.890920877456665, 44795.0
9.932892799377441, 44802.0
10.011541843414307, 44880.0
10.015388011932373, 45001.0
10.019216060638428, 45028.0
10.026866912841797, 45153.0
10.090900897979736, 45305.0
10.144248962402344, 45335.0
10.145220041275024, 45452.0
10.179723978042603, 45587.0
10.212295770645142, 45589.0
10.269675970077515, 45694.0
10.467403888702393, 45776.0
10.486608028411865, 45898.0
10.520072937011719, 45903.0
10.561187028884888, 46084.0
10.736242771148682, 46196.0
10.822375774383545, 46290.0
10.865981101989746, 46394.0
10.900227069854736, 46495.0
10.924837112426758, 46500.0
11.061297178268433, 46588.0
11.145421981811523, 46759.0
11.608973979949951, 46779.0
11.660178899765015, 46788.0
11.671551942825317, 46840.0
11.678200960159302, 46876.0
11.707608938217163, 46884.0
11.744594097137451, 47087.0
12.678216934204102, 47091.0
12.685842037200928, 47201.0
12.792200803756714, 47299.0
12.880666971206665, 47305.0
16.794323921203613, 47359.0
16.800055980682373, 47374.0
16.80859112739563, 47466.0
17.05323100090027, 47499.0
17.108334064483643, 47516.0
17.17623996734619, 47598.0
17.271466970443726, 47693.0
18.47957706451416, 47804.0
18.547665119171143, 47825.0
18.557148933410645, 47953.0
19.058837890625, 48025.0
19.088238954544067, 48085.0
19.123113870620728, 48102.0
20.059112787246704, 48177.0
20.07419490814209, 48302.0
20.468201875686646, 48396.0
20.473915100097656, 48505.0
20.514676809310913, 48559.0
20.586421966552734, 48703.0
20.686848878860474, 48774.0
20.71333074569702, 48882.0
20.754904985427856, 48894.0
20.759634017944336, 49004.0
20.923314094543457, 49074.0
20.94780206680298, 49138.0
24.758663177490234, 49150.0
24.77380609512329, 49168.0
24.827555894851685, 49297.0
24.87421417236328, 49300.0
24.903707027435303, 49307.0
24.908167123794556, 49414.0
24.913537979125977, 49432.0
24.927796840667725, 49577.0
24.99412703514099, 49696.0
25.009347915649414, 49729.0
25.030826807022095, 49793.0
25.233603954315186, 49795.0
25.276415824890137, 49804.0
25.28804302215576, 49864.0
25.34077787399292, 49896.0
25.37938904762268, 49997.0
25.43405294418335, 50098.0
25.737183809280396, 50099.0
28.387068033218384, 50141.0
28.4256649017334, 50210.0
28.43554401397705, 50302.0
28.561475038528442, 50345.0
28.56868600845337, 50492.0
28.634216785430908, 50567.0
28.640530824661255, 50686.0
28.768597841262817, 50698.0
28.840232849121094, 50714.0
28.846499919891357, 50856.0
28.97634196281433, 50967.0
28.982607126235962, 50969.0
28.98620104789734, 51091.0
32.84476900100708, 51095.0
33.69016909599304, 51203.0
33.92711281776428, 51278.0
33.941160917282104, 51300.0
34.0902738571167, 51301.0
34.45901894569397, 51371.0
34.48307180404663, 51474.0
34.494627952575684, 51492.0
34.65974283218384, 51551.0
34.66351103782654, 51591.0
35.18138313293457, 51699.0
35.3385808467865, 51764.0
35.34228801727295, 51890.0
35.357062101364136, 51991.0
44.75794291496277, 52067.0
44.85817217826843, 52089.0
44.86021184921265, 52205.0
44.94368290901184, 52302.0
45.236101150512695, 52361.0
45.24003505706787, 52489.0
45.26057291030884, 52504.0
45.64891195297241, 52596.0
45.876343965530396, 52603.0
46.4737229347229, 52604.0
46.55921697616577, 52698.0
47.72638511657715, 52725.0
47.74556112289429, 52849.0
47.796101093292236, 52953.0
47.811325788497925, 53102.0
47.91029381752014, 53198.0
47.98651599884033, 53272.0
48.05889296531677, 53284.0
52.73008394241333, 53392.0
52.74427795410156, 53499.0
55.30105376243591, 53600.0
55.409680128097534, 53703.0
55.61913204193115, 53705.0
55.95823001861572, 53797.0
56.27609586715698, 53884.0
56.536463022232056, 53904.0
57.13020992279053, 53975.0
57.131202936172485, 54098.0
64.8082869052887, 54203.0
66.6201720237732, 54304.0
71.5419979095459, 54405.0
