1.0548350811004639, 61819.0
1.803929090499878, 63271.0
2.5467422008514404, 63846.0
3.2882981300354004, 64932.0
4.034220218658447, 65019.0
4.796918153762817, 65922.0
5.5446999073028564, 66318.0
6.314919948577881, 67517.0
7.061487197875977, 68116.0
7.804980039596558, 68916.0
8.547726154327393, 69116.0
9.292764902114868, 71194.0
10.040244102478027, 71194.0
10.786463975906372, 71746.0
11.537317276000977, 72203.0
12.285192966461182, 73110.0
13.033776998519897, 73283.0
13.786519050598145, 73288.0
14.538457155227661, 74212.0
15.295284986495972, 74717.0
16.055652141571045, 75072.0
16.813842058181763, 75550.0
17.572619199752808, 77096.0
18.33662700653076, 77615.0
19.094703912734985, 77883.0
19.85480308532715, 78290.0
20.61537218093872, 78390.0
21.37708806991577, 80090.0
22.141186237335205, 80090.0
22.905164003372192, 80090.0
23.664989948272705, 80700.0
24.428036212921143, 81393.0
25.19256091117859, 82709.0
25.956047296524048, 83505.0
26.72027611732483, 83505.0
27.487348079681396, 83715.0
28.258234977722168, 84379.0
29.03098201751709, 85690.0
29.803898096084595, 85690.0
30.579450130462646, 85690.0
31.34738516807556, 85974.0
32.12190508842468, 86190.0
32.88739609718323, 86910.0
33.65217900276184, 87512.0
34.42196607589722, 88117.0
35.18835711479187, 88117.0
35.95998811721802, 88303.0
36.729053020477295, 89017.0
37.50736594200134, 89270.0
38.287363052368164, 90280.0
39.065885066986084, 90879.0
39.840368032455444, 90879.0
40.62212300300598, 91482.0
41.39812111854553, 92372.0
42.18277716636658, 92372.0
42.96446228027344, 92406.0
43.74539613723755, 92406.0
44.527167081832886, 92708.0
45.30380916595459, 92914.0
46.089773178100586, 94317.0
46.8769371509552, 94419.0
47.658531188964844, 94419.0
48.44281601905823, 94506.0
49.21789002418518, 94895.0
50.00049591064453, 96282.0
50.78441905975342, 96388.0
51.55915594100952, 96570.0
52.33756113052368, 96918.0
53.12465214729309, 96918.0
53.90376806259155, 97813.0
54.693161964416504, 97813.0
55.47791314125061, 97813.0
56.26552605628967, 98542.0
57.04918098449707, 98799.0
57.831319093704224, 98799.0
58.61930203437805, 99774.0
59.400978088378906, 99774.0
60.19152212142944, 99811.0
60.98336911201477, 100616.0
61.75968313217163, 100979.0
62.54813814163208, 101460.0
63.3283269405365, 102586.0
64.10884618759155, 102586.0
64.89683508872986, 102985.0
65.68567991256714, 102985.0
66.47881031036377, 103015.0
67.27698993682861, 103165.0
68.07528710365295, 103611.0
68.87600517272949, 103664.0
69.66893124580383, 104682.0
70.459397315979, 104703.0
71.25075888633728, 104703.0
72.04126691818237, 105511.0
72.83042788505554, 105511.0
73.62612724304199, 106080.0
74.42358708381653, 106389.0
75.22547888755798, 106389.0
76.02847695350647, 106538.0
76.82352304458618, 106538.0
77.61509895324707, 106739.0
78.4113380908966, 106739.0
79.21042108535767, 107476.0
80.0126280784607, 107505.0
80.81550812721252, 107807.0
81.61331415176392, 107982.0
82.41950106620789, 108147.0
83.22943019866943, 108347.0
84.03155303001404, 109082.0
84.83247590065002, 109116.0
85.63451409339905, 109552.0
86.43574810028076, 110119.0
87.2383623123169, 110119.0
88.03802514076233, 110119.0
88.83771920204163, 110199.0
89.64017796516418, 110199.0
90.44095802307129, 110248.0
91.24394702911377, 110676.0
92.0457181930542, 110856.0
92.84661889076233, 110897.0
93.64937925338745, 111173.0
94.45279812812805, 112229.0
95.24754691123962, 112229.0
96.04152917861938, 112229.0
96.85042119026184, 112402.0
97.65991926193237, 112402.0
98.46296310424805, 112555.0
99.26722002029419, 112555.0
100.07076525688171, 113257.0
100.86901211738586, 113257.0
101.66705513000488, 113465.0
102.4667661190033, 113604.0
103.27345013618469, 114113.0
104.08980417251587, 114311.0
104.88993120193481, 114311.0
105.69017720222473, 114311.0
106.48881411552429, 114908.0
107.3011679649353, 114908.0
108.10782217979431, 114908.0
108.91769909858704, 114948.0
109.73323392868042, 115203.0
110.53755712509155, 115973.0
111.35313510894775, 117114.0
112.16910815238953, 117114.0
112.9759750366211, 117114.0
113.7945909500122, 117114.0
114.60383224487305, 117114.0
115.42365503311157, 117114.0
116.23358488082886, 117114.0
117.04238414764404, 117114.0
117.85290503501892, 117471.0
118.66876602172852, 117573.0
119.48749327659607, 117573.0
120.3043110370636, 117573.0
121.1196141242981, 118393.0
121.93594813346863, 118393.0
122.74724626541138, 118393.0
123.55373311042786, 118393.0
124.36189603805542, 118494.0
125.1803240776062, 118494.0
125.9882321357727, 118610.0
126.79274916648865, 118610.0
127.59764313697815, 118916.0
128.41775226593018, 119835.0
129.23038601875305, 119968.0
130.0585470199585, 120218.0
130.87263798713684, 120218.0
131.68325400352478, 120218.0
132.50522303581238, 120218.0
133.31787109375, 120218.0
134.13077402114868, 120302.0
134.9497721195221, 120370.0
135.7660369873047, 120370.0
136.59304404258728, 120414.0
137.40529417991638, 120581.0
138.22876024246216, 120586.0
139.05364990234375, 120606.0
139.87727689743042, 120645.0
140.70042204856873, 120718.0
141.52420902252197, 120895.0
142.34913110733032, 121118.0
143.17599320411682, 121303.0
144.00729823112488, 121303.0
144.8329701423645, 121303.0
145.65433406829834, 121303.0
146.4770860671997, 121303.0
147.29031109809875, 121307.0
148.12046003341675, 121596.0
148.94512510299683, 121596.0
149.76040506362915, 121596.0
150.5870280265808, 121596.0
151.41260695457458, 121610.0
152.2382390499115, 121900.0
153.06563901901245, 122249.0
153.87937998771667, 122249.0
154.69634413719177, 122692.0
155.5122172832489, 122692.0
156.34301114082336, 122716.0
157.16796016693115, 122716.0
157.99079608917236, 122716.0
158.8130121231079, 123262.0
159.6268789768219, 123371.0
