0.09973812103271484, 7090.0
0.17521905899047852, 7453.0
0.25092196464538574, 7684.0
0.32712602615356445, 7872.0
0.4035811424255371, 8181.0
0.4804258346557617, 8242.0
0.5573811531066895, 8603.0
0.6345961093902588, 8603.0
0.7121009826660156, 8916.0
0.7898399829864502, 9270.0
0.8678231239318848, 9452.0
0.947249174118042, 9572.0
1.0264830589294434, 9572.0
1.1056129932403564, 9788.0
1.1844899654388428, 10129.0
1.2635822296142578, 10181.0
1.3428101539611816, 10284.0
1.4222769737243652, 10564.0
1.501871109008789, 10564.0
1.5816969871520996, 10789.0
1.661686897277832, 11345.0
1.741692066192627, 11345.0
1.8232040405273438, 11345.0
1.903573989868164, 11371.0
1.989043951034546, 11488.0
2.0701191425323486, 11548.0
2.151384115219116, 11587.0
2.2329180240631104, 11869.0
2.31447696685791, 11869.0
2.396121025085449, 12046.0
2.477931022644043, 12288.0
2.5597500801086426, 12288.0
2.6416330337524414, 12288.0
2.7236640453338623, 12588.0
2.805640935897827, 12588.0
2.8877570629119873, 12729.0
2.9699819087982178, 12729.0
3.052690029144287, 12810.0
3.135617971420288, 12810.0
3.2182388305664062, 12846.0
3.3009090423583984, 12846.0
3.3837711811065674, 12982.0
3.4691660404205322, 12982.0
3.5559160709381104, 13063.0
3.6407651901245117, 13063.0
3.7254528999328613, 13284.0
3.812314033508301, 13284.0
3.898547887802124, 13284.0
3.982149124145508, 13284.0
4.065435171127319, 13361.0
4.14884614944458, 13361.0
4.232577085494995, 13361.0
4.31633996963501, 13361.0
4.400030851364136, 13379.0
4.483804225921631, 13428.0
4.567931175231934, 13428.0
4.651947975158691, 13490.0
4.737852096557617, 13490.0
4.824867010116577, 13490.0
4.911468029022217, 13535.0
4.997654914855957, 13535.0
5.084370136260986, 13648.0
5.171888113021851, 13680.0
5.256074905395508, 13763.0
5.3401031494140625, 13763.0
5.424382925033569, 13763.0
5.508470058441162, 13763.0
5.592329978942871, 13779.0
5.676352024078369, 13779.0
5.7605249881744385, 13852.0
5.84481406211853, 13852.0
5.93086314201355, 13852.0
6.014175891876221, 13886.0
6.099539041519165, 13886.0
6.18383002281189, 13886.0
6.267994165420532, 13886.0
6.352243900299072, 13888.0
6.4355340003967285, 13888.0
6.518750905990601, 13888.0
6.603089094161987, 13888.0
6.68723201751709, 13968.0
6.771430015563965, 13972.0
6.855674982070923, 13982.0
6.9390058517456055, 13990.0
7.023715019226074, 13990.0
7.108208179473877, 13990.0
7.1915130615234375, 13990.0
7.275729179382324, 13990.0
7.359013080596924, 13990.0
7.443333148956299, 14053.0
7.5266149044036865, 14081.0
7.610885143280029, 14081.0
7.694225072860718, 14081.0
7.7783989906311035, 14086.0
7.861662149429321, 14086.0
7.947572946548462, 14086.0
8.031466960906982, 14086.0
8.115542888641357, 14088.0
8.198675155639648, 14090.0
8.281797170639038, 14090.0
8.3657808303833, 14090.0
8.449511051177979, 14090.0
8.533427238464355, 14090.0
8.61750602722168, 14090.0
8.701872110366821, 14090.0
8.785182237625122, 14090.0
8.869465112686157, 14090.0
8.952800989151001, 14090.0
9.036070108413696, 14090.0
9.120155096054077, 14090.0
9.20337200164795, 14090.0
9.287480115890503, 14090.0
9.3715500831604, 14090.0
9.455515146255493, 14090.0
9.53941297531128, 14090.0
9.623421907424927, 14090.0
9.707420110702515, 14090.0
9.791434049606323, 14090.0
9.875325202941895, 14090.0
9.961045980453491, 14090.0
10.045612096786499, 14090.0
10.129440069198608, 14090.0
10.214035987854004, 14090.0
10.297712087631226, 14090.0
10.382108211517334, 14090.0
10.466545104980469, 14090.0
10.550907135009766, 14090.0
10.635370969772339, 14090.0
10.719696998596191, 14090.0
10.803953170776367, 14090.0
10.888309955596924, 14090.0
10.972758054733276, 14090.0
11.056493997573853, 14090.0
11.141113042831421, 14090.0
11.224705934524536, 14090.0
11.309247970581055, 14090.0
11.393686056137085, 14090.0
11.476908922195435, 14090.0
11.560165166854858, 14090.0
11.643561840057373, 14090.0
11.726991176605225, 14090.0
11.81036901473999, 14090.0
11.893797159194946, 14090.0
11.978157997131348, 14090.0
12.062186002731323, 14090.0
12.145605087280273, 14090.0
12.228901147842407, 14090.0
12.312236070632935, 14090.0
12.395495176315308, 14090.0
12.478904008865356, 14090.0
12.562288045883179, 14090.0
12.645596027374268, 14090.0
12.728892087936401, 14090.0
12.8121919631958, 14090.0
12.895471096038818, 14090.0
12.978844165802002, 14090.0
13.062201976776123, 14090.0
13.145709991455078, 14090.0
13.229979038238525, 14090.0
13.313657999038696, 14090.0
13.396836996078491, 14090.0
13.48038911819458, 14090.0
13.56376600265503, 14090.0
13.647892951965332, 14090.0
13.731837034225464, 14090.0
13.815369844436646, 14090.0
13.898689985275269, 14090.0
13.983091115951538, 14090.0
14.0690758228302, 14090.0
14.153479099273682, 14090.0
14.237735033035278, 14090.0
14.32206416130066, 14090.0
14.40591311454773, 14090.0
14.489312887191772, 14090.0
14.572386026382446, 14090.0
14.656399011611938, 14090.0
14.739848136901855, 14090.0
14.824130058288574, 14090.0
14.90805196762085, 14090.0
14.992179870605469, 14090.0
15.075433015823364, 14090.0
15.159369945526123, 14090.0
15.243023157119751, 14090.0
15.32607889175415, 14090.0
15.409044027328491, 14090.0
15.492890119552612, 14090.0
15.57574200630188, 14090.0
15.658735036849976, 14090.0
15.74185585975647, 14090.0
15.825835943222046, 14090.0
15.909725189208984, 14090.0
15.992681980133057, 14090.0
16.077651977539062, 14090.0
16.16166591644287, 14090.0
16.245410919189453, 14090.0
16.32944107055664, 14090.0
16.412891149520874, 14090.0
16.495994091033936, 14090.0
16.57961893081665, 14090.0
16.66339612007141, 14090.0
16.747423887252808, 14090.0
