0.0002110004425048828, 359.0
0.0004239082336425781, 1000.0
0.0006480216979980469, 1105.0
0.0008540153503417969, 1482.0
0.0010631084442138672, 2194.0
0.0012710094451904297, 3024.0
0.0014781951904296875, 3789.0
0.0016891956329345703, 4077.0
0.0019061565399169922, 4625.0
0.002117156982421875, 5656.0
0.002328157424926758, 5966.0
0.0055942535400390625, 6080.0
0.005802154541015625, 6260.0
0.011406183242797852, 6329.0
0.01407003402709961, 6346.0
0.01469111442565918, 6491.0
0.014899015426635742, 6800.0
0.015120267868041992, 6950.0
0.01737809181213379, 7020.0
0.017791032791137695, 7357.0
0.023955106735229492, 7462.0
0.036309003829956055, 7578.0
0.05498695373535156, 7579.0
0.08176302909851074, 7675.0
0.09861207008361816, 7723.0
0.09882211685180664, 7883.0
0.1037750244140625, 7970.0
0.10664820671081543, 7978.0
0.10829520225524902, 8173.0
0.1383681297302246, 8184.0
0.1467902660369873, 8260.0
0.15448212623596191, 8388.0
0.17644214630126953, 8482.0
0.18436098098754883, 8483.0
0.23020124435424805, 8487.0
0.26242995262145996, 8507.0
0.264660120010376, 8684.0
0.28678011894226074, 8766.0
0.2977590560913086, 8882.0
0.30834412574768066, 8961.0
0.31219911575317383, 9087.0
0.3305351734161377, 9117.0
0.34624218940734863, 9127.0
0.3511390686035156, 9241.0
0.3523702621459961, 9488.0
0.45803213119506836, 9826.0
0.573040246963501, 9864.0
0.6959822177886963, 9865.0
0.8378009796142578, 9886.0
0.841015100479126, 9962.0
0.851696252822876, 9978.0
0.862760066986084, 9982.0
0.9218931198120117, 10066.0
0.9259300231933594, 10139.0
0.9452390670776367, 10179.0
1.001655101776123, 10273.0
1.0269088745117188, 10344.0
1.0291941165924072, 10540.0
1.0407130718231201, 10586.0
1.4673690795898438, 10685.0
1.49393630027771, 10777.0
2.7980990409851074, 10784.0
3.8537120819091797, 10869.0
4.109476089477539, 10922.0
4.111506938934326, 11074.0
4.112936019897461, 11179.0
6.120060920715332, 11183.0
6.136549234390259, 11185.0
6.146398067474365, 11262.0
6.452574014663696, 11279.0
6.454390048980713, 11469.0
6.455831050872803, 11578.0
12.167991161346436, 11654.0
12.181044101715088, 11675.0
12.38753628730774, 11785.0
12.778021097183228, 11889.0
14.028899192810059, 11988.0
