0.0009889602661132812, 547.0
0.0019719600677490234, 885.0
0.002955198287963867, 1544.0
0.003971099853515625, 1789.0
0.004973173141479492, 2613.0
0.005978107452392578, 3370.0
0.0069582462310791016, 3586.0
0.007935047149658203, 4683.0
0.008916139602661133, 5650.0
0.009896039962768555, 5796.0
0.010879039764404297, 6268.0
0.01186823844909668, 6827.0
0.012871026992797852, 7743.0
0.013852357864379883, 8115.0
0.014829158782958984, 8623.0
0.015809059143066406, 9260.0
0.01679205894470215, 10154.0
0.017783164978027344, 10500.0
0.018761157989501953, 10788.0
0.019749164581298828, 10992.0
0.02072906494140625, 11664.0
0.021711111068725586, 12327.0
0.022698163986206055, 12466.0
0.023684263229370117, 13191.0
0.02468109130859375, 13949.0
0.02566814422607422, 14575.0
0.026662111282348633, 15375.0
0.027647018432617188, 15805.0
0.028632164001464844, 16760.0
0.02961897850036621, 17387.0
0.030601978302001953, 17600.0
0.033509254455566406, 18570.0
0.03449296951293945, 18679.0
0.03547811508178711, 19269.0
0.03645920753479004, 19819.0
0.03744220733642578, 20171.0
0.03842306137084961, 20915.0
0.039420127868652344, 21726.0
0.04040026664733887, 22683.0
0.041381120681762695, 23599.0
0.042376041412353516, 24002.0
0.04337620735168457, 25091.0
0.044367074966430664, 25897.0
0.04536294937133789, 26917.0
0.04634213447570801, 27899.0
0.04732704162597656, 28662.0
0.04927206039428711, 29501.0
0.0638432502746582, 29591.0
0.148698091506958, 29668.0
0.19785809516906738, 29676.0
0.26431798934936523, 29774.0
0.26625800132751465, 29881.0
0.3259310722351074, 30005.0
0.3682749271392822, 30055.0
0.3769500255584717, 30165.0
0.4241971969604492, 30266.0
0.4309260845184326, 30380.0
0.4990992546081543, 30487.0
0.5509932041168213, 30569.0
0.5567591190338135, 30673.0
0.5682952404022217, 30864.0
0.5865402221679688, 30979.0
0.6316139698028564, 31035.0
0.6354591846466064, 31227.0
0.6450629234313965, 31359.0
0.659461259841919, 31496.0
0.7680330276489258, 31599.0
0.8112761974334717, 31703.0
0.8343141078948975, 31804.0
0.8977642059326172, 31905.0
1.1181292533874512, 31990.0
1.1307342052459717, 32105.0
1.1578350067138672, 32214.0
1.1646132469177246, 32395.0
1.1985459327697754, 32508.0
1.200632095336914, 32677.0
1.2068092823028564, 32793.0
1.2691872119903564, 32900.0
1.3356201648712158, 32917.0
1.3523001670837402, 33040.0
1.3581252098083496, 33172.0
1.4286420345306396, 33299.0
1.4836852550506592, 33400.0
1.5638082027435303, 33459.0
1.5667190551757812, 33600.0
1.5725409984588623, 33736.0
1.5899631977081299, 33775.0
1.6112709045410156, 33878.0
1.61806321144104, 33981.0
1.6287822723388672, 34102.0
1.6568603515625, 34175.0
1.662757158279419, 34284.0
1.8295202255249023, 34297.0
1.9028232097625732, 34358.0
1.9952561855316162, 34474.0
2.044929027557373, 34503.0
2.0649542808532715, 34567.0
2.06972599029541, 34683.0
2.0868780612945557, 34789.0
2.1230661869049072, 34890.0
2.176316261291504, 34982.0
2.1848831176757812, 35090.0
2.3495101928710938, 35092.0
2.3523762226104736, 35201.0
2.3790442943573, 35302.0
2.522731065750122, 35384.0
2.6332921981811523, 35390.0
2.646620988845825, 35492.0
2.677016258239746, 35599.0
2.8424251079559326, 35604.0
2.9042413234710693, 35686.0
2.9414379596710205, 35691.0
2.9491069316864014, 35801.0
3.015655279159546, 36004.0
3.0946261882781982, 36066.0
3.09946608543396, 36088.0
3.242908239364624, 36105.0
3.2864530086517334, 36180.0
3.35998797416687, 36192.0
3.415086269378662, 36243.0
3.469223976135254, 36263.0
3.4799082279205322, 36379.0
3.522481918334961, 36472.0
3.57279896736145, 36592.0
3.628965139389038, 36608.0
3.6655752658843994, 36769.0
3.780203104019165, 36805.0
3.9438562393188477, 37014.0
3.947741985321045, 37165.0
3.9689669609069824, 37300.0
4.020123243331909, 37402.0
4.0692901611328125, 37491.0
4.109706163406372, 37536.0
4.113561153411865, 37640.0
4.120290040969849, 37747.0
4.13205099105835, 37878.0
4.2008891105651855, 38022.0
4.210565090179443, 38123.0
4.213487148284912, 38268.0
4.244479179382324, 38371.0
4.288712978363037, 38499.0
4.36708402633667, 38602.0
4.538008213043213, 38666.0
4.56559419631958, 38786.0
4.592741250991821, 38825.0
4.609370231628418, 38912.0
4.631897211074829, 38996.0
4.700999975204468, 39004.0
4.849638223648071, 39067.0
4.8714821338653564, 39069.0
4.956621170043945, 39096.0
5.418946027755737, 39099.0
5.429711103439331, 39251.0
5.45405125617981, 39306.0
5.47842001914978, 39365.0
5.490119934082031, 39473.0
5.5410401821136475, 39493.0
5.60033106803894, 39627.0
5.616956949234009, 39632.0
5.619876146316528, 39769.0
5.663702011108398, 39899.0
5.7643141746521, 40002.0
5.827419281005859, 40049.0
5.842923164367676, 40057.0
5.914701223373413, 40162.0
5.942545175552368, 40164.0
6.040834188461304, 40276.0
6.119636058807373, 40366.0
6.124535083770752, 40456.0
6.1476521492004395, 40486.0
6.218548059463501, 40511.0
6.2406980991363525, 40663.0
6.2737040519714355, 40717.0
6.288752317428589, 40779.0
6.3922340869903564, 40974.0
6.537426948547363, 41063.0
6.584635257720947, 41193.0
6.7189061641693115, 41200.0
6.8340160846710205, 41280.0
6.860851049423218, 41357.0
6.865676164627075, 41363.0
6.872406005859375, 41503.0
6.898338079452515, 41511.0
6.92619514465332, 41599.0
6.953980207443237, 41778.0
7.011356353759766, 41800.0
7.050718069076538, 41802.0
7.06606912612915, 41803.0
7.15422797203064, 41877.0
7.401618003845215, 41904.0
7.439672231674194, 42023.0
7.442553281784058, 42126.0
7.456865072250366, 42277.0
7.55784010887146, 42375.0
7.57874608039856, 42494.0
7.7460291385650635, 42505.0
7.759374141693115, 42656.0
7.760339975357056, 42894.0
7.780332088470459, 43003.0
8.692109107971191, 43072.0
8.706717014312744, 43117.0
8.718225240707397, 43130.0
8.764056205749512, 43292.0
8.780198335647583, 43311.0
8.806872129440308, 43460.0
8.863122940063477, 43505.0
8.878388166427612, 43520.0
8.885079145431519, 43666.0
8.88795804977417, 43700.0
9.020575046539307, 43786.0
9.022508144378662, 43892.0
9.054902076721191, 43974.0
9.07020115852356, 44003.0
9.134157180786133, 44104.0
9.203824281692505, 44182.0
9.269026041030884, 44276.0
9.277626276016235, 44420.0
9.279558181762695, 44581.0
9.389193058013916, 44687.0
9.671140193939209, 44790.0
9.748422145843506, 44848.0
9.761773109436035, 44886.0
9.76559329032898, 44991.0
10.297293186187744, 45284.0
10.407846212387085, 45405.0
10.472791194915771, 45586.0
10.496713161468506, 45666.0
10.53108811378479, 45668.0
10.553933143615723, 45727.0
10.556807041168213, 45943.0
10.57874321937561, 45973.0
10.638989210128784, 46030.0
10.66667914390564, 46146.0
10.673404216766357, 46165.0
10.682948112487793, 46279.0
10.90936017036438, 46366.0
10.975919246673584, 46401.0
11.050118207931519, 46485.0
11.195873022079468, 46495.0
11.24065613746643, 46604.0
11.388076066970825, 46682.0
11.530143976211548, 46701.0
11.9434072971344, 46702.0
11.990275144577026, 46704.0
12.188574075698853, 46792.0
12.264332056045532, 46893.0
12.303614139556885, 47084.0
12.346618175506592, 47100.0
12.370230197906494, 47205.0
12.374014139175415, 47340.0
12.381584167480469, 47482.0
14.572465181350708, 47486.0
14.58197808265686, 47489.0
14.62653112411499, 47554.0
14.63414192199707, 47683.0
14.688119173049927, 47786.0
14.69763994216919, 47902.0
15.286067008972168, 47999.0
15.320906162261963, 48098.0
15.371057271957397, 48172.0
16.77983522415161, 48251.0
16.803365230560303, 48290.0
18.848915100097656, 48348.0
18.935528993606567, 48389.0
19.845139026641846, 48403.0
19.97000813484192, 48534.0
19.974674940109253, 48679.0
20.07726001739502, 48738.0
20.087562084197998, 48767.0
20.128560304641724, 48796.0
20.285170078277588, 48866.0
20.466920137405396, 48950.0
20.4911789894104, 49103.0
20.646854162216187, 49184.0
20.7065532207489, 49195.0
20.782950162887573, 49259.0
20.809083223342896, 49288.0
20.822147130966187, 49481.0
20.89675211906433, 49564.0
20.897703170776367, 49694.0
21.01896619796753, 49780.0
21.020849227905273, 49896.0
21.64927315711975, 50074.0
21.988330125808716, 50150.0
22.059585094451904, 50185.0
22.07020115852356, 50305.0
22.126084089279175, 50382.0
22.533154249191284, 50386.0
22.587284088134766, 50401.0
22.644405126571655, 50404.0
22.652043104171753, 50460.0
22.679633140563965, 50562.0
22.701505184173584, 50704.0
22.708193063735962, 50718.0
30.184951066970825, 50801.0
30.280705213546753, 50898.0
30.788761138916016, 50899.0
30.87095808982849, 50900.0
30.88533926010132, 51072.0
30.920675039291382, 51186.0
31.021032094955444, 51203.0
32.05117607116699, 51282.0
32.11049222946167, 51398.0
32.13284420967102, 51429.0
32.139684200286865, 51545.0
32.15914225578308, 51592.0
32.62993788719177, 51699.0
32.631906032562256, 51803.0
32.64853811264038, 51861.0
32.75461006164551, 52000.0
32.76922607421875, 52033.0
32.79453802108765, 52066.0
32.84116721153259, 52176.0
32.944228172302246, 52247.0
32.956868171691895, 52280.0
50.860631227493286, 52300.0
52.11575412750244, 52302.0
52.33005428314209, 52402.0
54.48600721359253, 52503.0
59.56282615661621, 52604.0
59.960034132003784, 52704.0
60.99473214149475, 52804.0
61.14737105369568, 52805.0
65.52530908584595, 52905.0
65.73183417320251, 53001.0
65.88293409347534, 53105.0
