0.019320011138916016, 1897.0
0.03500103950500488, 2186.0
0.0507359504699707, 2186.0
0.06671881675720215, 2220.0
0.08273100852966309, 2220.0
0.09897589683532715, 2344.0
0.11521601676940918, 2344.0
0.13161587715148926, 2388.0
0.14806389808654785, 2388.0
0.16480517387390137, 2397.0
0.18144702911376953, 2397.0
0.19789791107177734, 2494.0
0.21390295028686523, 2494.0
0.22995710372924805, 2497.0
0.24602413177490234, 2497.0
0.2622370719909668, 2590.0
0.2783811092376709, 2590.0
0.2945570945739746, 2597.0
0.310683012008667, 2681.0
0.3268771171569824, 2681.0
0.3430461883544922, 2681.0
0.35930705070495605, 2694.0
0.37552499771118164, 2694.0
0.39174914360046387, 2694.0
0.40801501274108887, 2694.0
0.4243290424346924, 2694.0
0.4405980110168457, 2694.0
0.45684003829956055, 2694.0
0.4730961322784424, 2694.0
0.4893360137939453, 2694.0
0.5056400299072266, 2694.0
0.5219509601593018, 2694.0
0.5383059978485107, 2695.0
0.5546050071716309, 2695.0
0.5709438323974609, 2695.0
0.5872581005096436, 2695.0
0.6035981178283691, 2695.0
0.6199190616607666, 2695.0
0.6362659931182861, 2695.0
0.6526188850402832, 2695.0
0.6689682006835938, 2695.0
0.6852681636810303, 2695.0
0.7015700340270996, 2695.0
0.7179040908813477, 2695.0
0.7341940402984619, 2695.0
0.7505908012390137, 2695.0
0.7675800323486328, 2695.0
0.7847080230712891, 2695.0
0.8011500835418701, 2695.0
0.8176412582397461, 2695.0
0.8340890407562256, 2695.0
0.8505051136016846, 2695.0
0.8669610023498535, 2695.0
0.8833639621734619, 2695.0
0.899846076965332, 2695.0
0.9162659645080566, 2695.0
0.93367600440979, 2695.0
0.9507060050964355, 2695.0
0.967155933380127, 2695.0
0.983781099319458, 2695.0
1.0002028942108154, 2695.0
1.0166330337524414, 2695.0
1.033656120300293, 2695.0
1.0507450103759766, 2695.0
1.067397117614746, 2695.0
1.0838470458984375, 2695.0
1.100297212600708, 2695.0
1.1166949272155762, 2695.0
1.133254051208496, 2695.0
1.1497180461883545, 2695.0
1.1661338806152344, 2695.0
1.182668924331665, 2695.0
1.199728012084961, 2695.0
1.2164840698242188, 2695.0
1.2334110736846924, 2695.0
1.250335931777954, 2695.0
1.2672202587127686, 2695.0
1.2840039730072021, 2695.0
1.3008418083190918, 2695.0
1.317667007446289, 2696.0
1.3346450328826904, 2696.0
1.3520770072937012, 2696.0
1.3694939613342285, 2696.0
1.3869249820709229, 2696.0
1.403723955154419, 2696.0
1.420485019683838, 2696.0
1.437272071838379, 2696.0
1.4540140628814697, 2696.0
1.470804214477539, 2696.0
1.4876079559326172, 2696.0
1.5044159889221191, 2696.0
1.5212030410766602, 2696.0
1.5379948616027832, 2696.0
1.554931879043579, 2696.0
1.5717699527740479, 2696.0
1.58872389793396, 2696.0
1.6056249141693115, 2696.0
1.6226401329040527, 2696.0
1.6397690773010254, 2696.0
1.6567342281341553, 2696.0
1.6737241744995117, 2696.0
1.6906049251556396, 2696.0
1.70704984664917, 2696.0
1.7235140800476074, 2696.0
1.7399721145629883, 2696.0
1.756408929824829, 2696.0
1.7728350162506104, 2696.0
1.7892520427703857, 2696.0
1.805694818496704, 2696.0
1.8220551013946533, 2696.0
1.8385388851165771, 2696.0
1.8548810482025146, 2696.0
1.8713340759277344, 2696.0
1.8876969814300537, 2696.0
1.9041199684143066, 2696.0
1.9204671382904053, 2696.0
1.9368579387664795, 2696.0
1.9532411098480225, 2696.0
1.9696900844573975, 2696.0
1.9860289096832275, 2696.0
2.0024428367614746, 2696.0
2.018772840499878, 2696.0
2.035202980041504, 2696.0
2.0515451431274414, 2696.0
2.0679731369018555, 2696.0
2.0843241214752197, 2696.0
2.100661039352417, 2696.0
2.116988182067871, 2696.0
2.1334099769592285, 2696.0
2.1497600078582764, 2696.0
2.166173219680786, 2696.0
2.1824920177459717, 2696.0
2.1988468170166016, 2696.0
2.2152180671691895, 2696.0
2.231549024581909, 2696.0
2.2479028701782227, 2696.0
2.2642111778259277, 2696.0
2.280493974685669, 2696.0
2.296840190887451, 2696.0
2.3131518363952637, 2696.0
2.3294551372528076, 2696.0
2.345860004425049, 2696.0
2.3621859550476074, 2696.0
2.3785221576690674, 2696.0
2.3948309421539307, 2696.0
2.4111640453338623, 2696.0
2.427489995956421, 2696.0
2.443798065185547, 2696.0
2.4601802825927734, 2696.0
2.476505994796753, 2696.0
2.492888927459717, 2696.0
2.5092930793762207, 2696.0
2.5256600379943848, 2696.0
2.5419740676879883, 2696.0
2.5583889484405518, 2696.0
2.574738025665283, 2696.0
2.5911200046539307, 2696.0
2.6074330806732178, 2696.0
2.6237852573394775, 2696.0
2.64009690284729, 2696.0
2.6563920974731445, 2696.0
2.6727020740509033, 2696.0
2.689018964767456, 2696.0
2.7053310871124268, 2696.0
2.7216570377349854, 2696.0
2.7379679679870605, 2696.0
2.7542781829833984, 2696.0
2.7705841064453125, 2696.0
2.786940097808838, 2696.0
2.8039159774780273, 2696.0
2.82108211517334, 2696.0
2.8374481201171875, 2696.0
2.8537700176239014, 2696.0
2.8701670169830322, 2696.0
2.8865230083465576, 2696.0
2.9028689861297607, 2696.0
2.9191770553588867, 2696.0
2.9360320568084717, 2696.0
2.952763080596924, 2696.0
2.9690768718719482, 2696.0
2.985417127609253, 2696.0
3.001750946044922, 2696.0
3.0180819034576416, 2696.0
3.034398078918457, 2696.0
3.0507330894470215, 2696.0
3.067093849182129, 2696.0
3.083444833755493, 2696.0
3.099804162979126, 2696.0
3.11611008644104, 2696.0
3.1326451301574707, 2696.0
3.149294137954712, 2696.0
3.1656460762023926, 2696.0
3.18255615234375, 2696.0
3.199349880218506, 2696.0
3.216060161590576, 2696.0
3.2329001426696777, 2696.0
3.2496869564056396, 2696.0
3.2664151191711426, 2696.0
3.2830729484558105, 2696.0
3.2997889518737793, 2696.0
3.316619873046875, 2696.0
