0.2143239974975586, 20884.0
0.3641688823699951, 23012.0
0.5151240825653076, 25432.0
0.6662671566009521, 27781.0
0.8181931972503662, 27781.0
0.9695041179656982, 27781.0
1.121885061264038, 32835.0
1.273864984512329, 33710.0
1.4259581565856934, 35311.0
1.5782909393310547, 35947.0
1.7324869632720947, 36754.0
1.8855869770050049, 41380.0
2.038832902908325, 41380.0
2.193734884262085, 41751.0
2.346947193145752, 45544.0
2.500554084777832, 47341.0
2.6544549465179443, 47341.0
2.808899164199829, 48918.0
2.964231014251709, 51000.0
3.1203079223632812, 51845.0
3.2770040035247803, 56038.0
3.4385058879852295, 56038.0
3.5981318950653076, 56038.0
3.7592859268188477, 60160.0
3.9163219928741455, 60160.0
4.073042869567871, 61009.0
4.2311201095581055, 61009.0
4.38796591758728, 63857.0
4.545411109924316, 63857.0
4.704346179962158, 64151.0
4.861969232559204, 66360.0
5.022433042526245, 66506.0
5.187812089920044, 67939.0
5.354130029678345, 68196.0
5.516568183898926, 68196.0
5.6758270263671875, 69459.0
5.840763807296753, 69911.0
6.003515958786011, 74432.0
6.1667749881744385, 74432.0
6.326170206069946, 74432.0
6.485222101211548, 74432.0
6.6492919921875, 74432.0
6.8152289390563965, 75922.0
6.977492094039917, 76121.0
7.147590160369873, 77796.0
7.311385154724121, 79855.0
7.473030090332031, 79855.0
7.63830304145813, 79855.0
7.80462908744812, 80361.0
7.9657981395721436, 81158.0
8.127760171890259, 81952.0
8.294421911239624, 81952.0
8.46207594871521, 84118.0
8.62750792503357, 84118.0
8.791583061218262, 84959.0
8.954544067382812, 85054.0
9.120486974716187, 85828.0
9.284176111221313, 85828.0
9.457896947860718, 88078.0
9.622637033462524, 88078.0
9.789515972137451, 88078.0
9.951578140258789, 88078.0
10.112920999526978, 88078.0
10.276759147644043, 88078.0
10.439608097076416, 88102.0
10.602724075317383, 88654.0
10.765858173370361, 89954.0
10.9288010597229, 89954.0
11.092134952545166, 89954.0
11.254824876785278, 89954.0
11.417935132980347, 90759.0
11.580590009689331, 90962.0
11.743653059005737, 91219.0
11.906823873519897, 92009.0
12.06983494758606, 92652.0
12.234513282775879, 92652.0
12.397523880004883, 93004.0
12.560933113098145, 93004.0
12.724047183990479, 93004.0
12.886847972869873, 93803.0
13.05002212524414, 95706.0
13.213212966918945, 95706.0
13.376655101776123, 95706.0
13.540255069732666, 95706.0
13.703675031661987, 95706.0
13.867347955703735, 95941.0
14.03064489364624, 95941.0
14.19422698020935, 95941.0
14.358926057815552, 96817.0
14.522284984588623, 96817.0
14.685769081115723, 96818.0
14.849017143249512, 96842.0
15.012312173843384, 97225.0
15.175988912582397, 97847.0
15.339570999145508, 97889.0
15.502896070480347, 97889.0
15.666160106658936, 97889.0
15.829767942428589, 97889.0
15.993244886398315, 98797.0
16.156648874282837, 99335.0
16.321314096450806, 99335.0
16.485197067260742, 99758.0
16.648499965667725, 99758.0
16.81231999397278, 99758.0
16.9762601852417, 99758.0
17.139820098876953, 100523.0
17.30329394340515, 100523.0
17.467036962509155, 100523.0
17.631014108657837, 100523.0
17.79468321800232, 100523.0
17.958626985549927, 100805.0
18.122612953186035, 100805.0
18.286412954330444, 100894.0
18.45159912109375, 100894.0
18.61565589904785, 102138.0
18.779634952545166, 102641.0
18.94374918937683, 102641.0
19.1076180934906, 102641.0
19.271733045578003, 102641.0
19.435790061950684, 102641.0
19.599995851516724, 102641.0
19.764310121536255, 102641.0
19.9289391040802, 102641.0
20.093412160873413, 102645.0
20.257535934448242, 102645.0
20.423128128051758, 102645.0
20.58768105506897, 103642.0
20.752219200134277, 103642.0
20.91667604446411, 103642.0
21.081243991851807, 103642.0
21.24568510055542, 103962.0
21.40981411933899, 103962.0
21.574630975723267, 104236.0
21.738961219787598, 104819.0
21.90337109565735, 104966.0
22.070590019226074, 104966.0
22.246651887893677, 104966.0
22.421080112457275, 104966.0
22.59381103515625, 105429.0
22.76651906967163, 105429.0
22.936275005340576, 105429.0
23.10701012611389, 105429.0
23.274364948272705, 105429.0
23.440308094024658, 105836.0
23.606173038482666, 105836.0
23.77209711074829, 105836.0
23.93842315673828, 105978.0
24.112200021743774, 105983.0
24.286641836166382, 105983.0
24.455880880355835, 105983.0
24.621744871139526, 105983.0
24.78757405281067, 105983.0
24.95359206199646, 105983.0
25.118948221206665, 106010.0
25.283730030059814, 106305.0
25.449088096618652, 106933.0
25.61394500732422, 106933.0
25.779170989990234, 106933.0
25.946616172790527, 106933.0
26.111396074295044, 106933.0
26.27600908279419, 106939.0
26.441532850265503, 106939.0
26.60905122756958, 107098.0
26.774950981140137, 107098.0
26.940747022628784, 107098.0
27.10668396949768, 107395.0
27.27258610725403, 107395.0
27.438380002975464, 107395.0
27.604400157928467, 107395.0
27.770112991333008, 107395.0
27.935866117477417, 107395.0
28.101495027542114, 107395.0
28.26730704307556, 107395.0
28.433356046676636, 107454.0
28.60147500038147, 107691.0
28.768030881881714, 107691.0
28.934489011764526, 107691.0
29.100806951522827, 107691.0
29.267273902893066, 107691.0
29.433507204055786, 107691.0
29.600027799606323, 107824.0
29.766283988952637, 107824.0
29.93268394470215, 107824.0
30.098841190338135, 107824.0
30.265766143798828, 107824.0
30.43214201927185, 107824.0
30.59960913658142, 108176.0
30.765669107437134, 108176.0
30.932366132736206, 108176.0
31.098527908325195, 108176.0
31.265188217163086, 108176.0
31.43147587776184, 108176.0
31.597808122634888, 108176.0
31.76479196548462, 108176.0
31.93128490447998, 108176.0
32.09753394126892, 108176.0
32.26410102844238, 108176.0
32.43025207519531, 108176.0
32.59902596473694, 108176.0
32.76639699935913, 108321.0
32.93300986289978, 108321.0
