4.506111145019531e-05, 303.0
0.000392913818359375, 1049.0
0.0006618499755859375, 1840.0
0.0007398128509521484, 2729.0
0.0022547245025634766, 2866.0
0.004275798797607422, 3636.0
0.00754094123840332, 3713.0
0.007581949234008789, 4304.0
0.007659912109375, 5030.0
0.010177850723266602, 5436.0
0.015566110610961914, 6260.0
0.0619509220123291, 6326.0
0.08026885986328125, 6410.0
0.11366868019104004, 6579.0
0.11371088027954102, 7349.0
0.13225388526916504, 7880.0
0.1744709014892578, 8204.0
0.5740787982940674, 8287.0
0.6926310062408447, 8343.0
0.8302469253540039, 8405.0
0.8312287330627441, 9097.0
1.0532238483428955, 9270.0
1.5815348625183105, 9381.0
1.5826706886291504, 9409.0
1.5834980010986328, 9700.0
1.6664059162139893, 9952.0
1.772122859954834, 10165.0
1.7909419536590576, 10177.0
1.796900749206543, 10766.0
