0.00021314620971679688, 113.0
0.0004150867462158203, 635.0
0.0006170272827148438, 1546.0
0.0008180141448974609, 2437.0
0.0010199546813964844, 2446.0
0.0012209415435791016, 3121.0
0.001422882080078125, 3770.0
0.0016260147094726562, 4448.0
0.0018329620361328125, 4578.0
0.0020360946655273438, 4691.0
0.002237081527709961, 5085.0
0.004024982452392578, 5187.0
0.007832050323486328, 5550.0
0.00803518295288086, 6504.0
0.025452136993408203, 7041.0
0.02707695960998535, 7132.0
0.027872085571289062, 7576.0
0.03963899612426758, 8003.0
0.04083991050720215, 8862.0
0.05645394325256348, 9522.0
0.05726289749145508, 10229.0
0.0574641227722168, 10447.0
0.05905413627624512, 10692.0
0.06005406379699707, 10719.0
0.09070014953613281, 10816.0
0.10731101036071777, 10836.0
0.11606192588806152, 10865.0
0.13216590881347656, 10933.0
0.13236784934997559, 11909.0
0.1371469497680664, 12222.0
0.13933897018432617, 12516.0
0.15510988235473633, 13028.0
0.15691089630126953, 13819.0
0.15850186347961426, 14072.0
0.16270112991333008, 14291.0
0.16489291191101074, 14764.0
0.17166709899902344, 15653.0
0.17266011238098145, 16099.0
0.20824885368347168, 16280.0
0.20963788032531738, 17202.0
0.22087717056274414, 17355.0
0.22246885299682617, 17603.0
0.2267599105834961, 17831.0
0.3279571533203125, 18563.0
0.35539698600769043, 18644.0
0.35602402687072754, 19341.0
0.3705790042877197, 19948.0
0.49123311042785645, 19997.0
0.4931039810180664, 20426.0
0.5036680698394775, 21337.0
0.5446741580963135, 21670.0
0.5448830127716064, 22044.0
0.548198938369751, 22506.0
0.548414945602417, 22747.0
0.5500791072845459, 23025.0
0.5769190788269043, 23302.0
0.579200029373169, 23777.0
0.5839691162109375, 24184.0
0.6280388832092285, 24574.0
0.6363909244537354, 24932.0
0.6395111083984375, 24949.0
0.6397209167480469, 25075.0
0.7149670124053955, 25264.0
0.7155900001525879, 25468.0
0.7250330448150635, 25993.0
0.7262921333312988, 26188.0
0.7267122268676758, 26420.0
0.7285928726196289, 26920.0
0.750878095626831, 27508.0
0.7558269500732422, 27589.0
0.7579851150512695, 27842.0
0.7581961154937744, 28730.0
0.769049882888794, 28851.0
0.7696759700775146, 29325.0
0.7707111835479736, 29523.0
0.778670072555542, 29684.0
0.7872130870819092, 29786.0
0.7918460369110107, 29933.0
0.831812858581543, 30003.0
0.8320248126983643, 30503.0
0.8411390781402588, 30953.0
0.843635082244873, 30955.0
2.0745620727539062, 31169.0
2.0780727863311768, 31297.0
2.0862889289855957, 31499.0
2.094595193862915, 31652.0
2.1230239868164062, 31750.0
2.1399409770965576, 32221.0
5.385113954544067, 32272.0
5.4016101360321045, 32687.0
5.407045841217041, 33685.0
5.417021036148071, 33702.0
5.438733100891113, 34330.0
5.439565896987915, 34841.0
5.712392091751099, 34938.0
6.615283966064453, 35197.0
7.127588987350464, 35217.0
7.188138961791992, 35378.0
7.239971876144409, 35821.0
7.241194009780884, 36039.0
7.241626024246216, 36260.0
7.242043972015381, 36418.0
7.249849796295166, 36469.0
7.262067079544067, 36474.0
7.462418079376221, 36608.0
7.465058088302612, 36835.0
8.297717094421387, 36913.0
8.346282005310059, 36977.0
8.355394124984741, 37546.0
8.362091064453125, 37875.0
8.364326000213623, 38543.0
8.371828079223633, 39203.0
8.376498937606812, 39348.0
8.379951000213623, 39606.0
8.38360595703125, 39677.0
8.415618181228638, 40001.0
8.427612066268921, 40364.0
8.61001992225647, 40831.0
8.736263036727905, 40962.0
8.738290071487427, 41335.0
8.791091918945312, 41657.0
8.79495096206665, 41910.0
8.810856103897095, 42680.0
8.853246927261353, 43338.0
8.857720851898193, 43556.0
11.046292066574097, 44349.0
11.049910068511963, 44544.0
11.339960813522339, 44770.0
11.350823879241943, 44872.0
11.52567195892334, 45117.0
11.536533117294312, 45234.0
11.654887914657593, 45546.0
11.889710903167725, 45847.0
12.106950998306274, 46202.0
12.28341794013977, 46428.0
12.433198928833008, 46484.0
12.458024978637695, 46729.0
12.505332946777344, 46756.0
12.594648122787476, 47367.0
12.62309193611145, 47852.0
