0.2034897804260254, 19199.0
0.35364675521850586, 21100.0
0.5049517154693604, 23946.0
0.6561627388000488, 25013.0
0.8078627586364746, 26964.0
0.9587228298187256, 27916.0
1.115107774734497, 29459.0
1.268460750579834, 33565.0
1.423386812210083, 34905.0
1.5777947902679443, 36343.0
1.730252742767334, 40736.0
1.8848588466644287, 40736.0
2.0399858951568604, 41330.0
2.195847988128662, 42932.0
2.351320743560791, 42932.0
2.5066938400268555, 44757.0
2.66233491897583, 47960.0
2.8182308673858643, 47960.0
2.9732558727264404, 48903.0
3.129551887512207, 50189.0
3.2853589057922363, 50940.0
3.450549840927124, 53717.0
3.6094489097595215, 54297.0
3.7696478366851807, 56123.0
3.9258577823638916, 57894.0
4.082876920700073, 59157.0
4.241097927093506, 60540.0
4.400064706802368, 60540.0
4.558044910430908, 62247.0
4.715372800827026, 63629.0
4.879999876022339, 64669.0
5.044757843017578, 64669.0
5.206480979919434, 66024.0
5.373251914978027, 66816.0
5.538464784622192, 68420.0
5.7019898891448975, 68420.0
5.864828824996948, 68420.0
6.024235725402832, 69972.0
6.184305906295776, 70187.0
6.34840989112854, 70250.0
6.51059103012085, 70317.0
6.669631004333496, 70678.0
6.833547830581665, 72135.0
6.995002746582031, 72589.0
7.16066575050354, 74138.0
7.326273679733276, 74138.0
7.489242792129517, 76263.0
7.653003692626953, 79085.0
7.821218729019165, 79085.0
7.983538866043091, 79085.0
8.144949674606323, 79085.0
8.306851863861084, 80381.0
8.469383001327515, 80381.0
8.633212804794312, 80381.0
8.795344829559326, 81079.0
8.95751667022705, 81262.0
9.117968797683716, 81749.0
9.28030800819397, 83956.0
9.443725824356079, 83956.0
9.606153011322021, 83956.0
9.771456718444824, 85156.0
9.940537929534912, 85156.0
10.109215021133423, 86095.0
10.277056694030762, 86095.0
10.449502944946289, 87113.0
10.616280794143677, 89319.0
10.780982732772827, 89319.0
10.944923877716064, 89319.0
11.108205795288086, 90677.0
11.271605014801025, 91551.0
11.435216903686523, 91551.0
11.599880933761597, 91758.0
11.76354694366455, 92953.0
11.926955699920654, 92953.0
12.090584754943848, 92953.0
12.254593849182129, 92953.0
12.418381690979004, 92953.0
12.583969831466675, 93629.0
12.754019737243652, 93974.0
12.923202753067017, 93974.0
13.093021869659424, 94129.0
13.259285688400269, 94495.0
13.426202774047852, 94679.0
13.595721960067749, 96089.0
13.764571905136108, 96089.0
13.930007696151733, 96089.0
14.100870847702026, 96089.0
14.266791820526123, 96537.0
14.470469951629639, 97139.0
14.650861740112305, 97870.0
14.819198846817017, 98102.0
14.987109899520874, 98102.0
15.157667875289917, 98197.0
15.323002815246582, 98197.0
15.486320972442627, 99791.0
15.653257846832275, 100101.0
15.816735982894897, 100101.0
15.981267929077148, 100101.0
16.145598888397217, 100443.0
16.310111045837402, 100443.0
16.474376916885376, 100443.0
16.637109756469727, 100443.0
16.801386833190918, 101048.0
16.963984966278076, 101048.0
17.132136821746826, 101513.0
17.300118684768677, 101513.0
17.466196060180664, 101513.0
17.641427040100098, 101513.0
17.81777787208557, 102320.0
17.989293813705444, 102320.0
18.159344911575317, 102369.0
18.328592777252197, 102369.0
18.496983766555786, 103089.0
18.662368059158325, 103089.0
18.827094793319702, 103089.0
18.991594791412354, 103089.0
19.156474828720093, 103089.0
19.321513891220093, 103089.0
19.485898971557617, 103433.0
19.65179967880249, 103433.0
19.81624984741211, 103933.0
19.980902910232544, 103933.0
20.145503044128418, 103933.0
20.31027388572693, 103933.0
20.47487497329712, 103933.0
20.639660835266113, 103985.0
20.80415391921997, 104103.0
20.96860384941101, 104419.0
21.13280987739563, 104419.0
21.298032760620117, 104419.0
21.468876838684082, 104419.0
21.63929295539856, 104726.0
21.808741807937622, 104726.0
21.977686643600464, 105046.0
22.14567494392395, 105046.0
22.312506914138794, 105192.0
22.477816820144653, 105192.0
22.642680883407593, 105192.0
22.807456731796265, 105577.0
22.97212791442871, 105876.0
23.140625953674316, 105876.0
23.31014585494995, 105876.0
23.479010820388794, 105876.0
23.648144960403442, 105876.0
23.819629907608032, 105876.0
23.988600730895996, 105876.0
24.156912803649902, 105907.0
24.326921939849854, 106178.0
24.492432832717896, 106178.0
24.657391786575317, 106390.0
24.822412729263306, 106390.0
24.98898983001709, 106657.0
25.15884494781494, 106657.0
25.32733702659607, 106657.0
25.492644786834717, 106657.0
25.657944917678833, 106849.0
25.825955867767334, 106849.0
25.99178981781006, 106849.0
26.15924382209778, 106849.0
26.32905673980713, 106849.0
26.495163917541504, 106970.0
26.66069793701172, 106970.0
26.827143907546997, 106970.0
26.99916172027588, 107333.0
27.17153787612915, 107333.0
27.34119200706482, 107344.0
27.509636878967285, 107436.0
27.677278995513916, 107573.0
27.845810890197754, 107626.0
28.012942790985107, 107626.0
28.183769941329956, 107626.0
28.35232377052307, 107626.0
28.522207021713257, 107722.0
28.687614917755127, 107722.0
28.855432987213135, 107722.0
29.026628732681274, 107722.0
29.19388699531555, 107722.0
29.35964274406433, 108190.0
29.524991989135742, 108190.0
29.69187593460083, 108190.0
29.859761953353882, 108190.0
30.02564001083374, 108190.0
30.191133975982666, 108190.0
30.357290744781494, 108207.0
30.522812843322754, 108207.0
30.688472747802734, 108207.0
30.854305744171143, 108207.0
31.020063877105713, 108207.0
31.186571836471558, 108331.0
31.353968858718872, 108331.0
31.521875858306885, 108534.0
31.688640832901, 108534.0
31.856727838516235, 108534.0
32.0247597694397, 108534.0
32.19339394569397, 108534.0
32.366267919540405, 108534.0
32.53696370124817, 108867.0
32.705689907073975, 108867.0
32.874187707901, 108867.0
33.0412118434906, 108867.0
33.22289061546326, 108867.0
