2.8848648071289062e-05, 352.0
2.8848648071289062e-05, 708.0
2.9802322387695312e-05, 1068.0
2.9802322387695312e-05, 1429.0
2.9802322387695312e-05, 1790.0
2.9802322387695312e-05, 2151.0
2.9802322387695312e-05, 2517.0
3.0994415283203125e-05, 2884.0
3.0994415283203125e-05, 3251.0
0.004391193389892578, 3379.0
0.004391908645629883, 3376.0
0.004391908645629883, 3375.0
0.004392862319946289, 3371.0
0.004392862319946289, 3367.0
0.004394054412841797, 3361.0
0.004394054412841797, 3361.0
0.004395008087158203, 3360.0
0.004395008087158203, 3360.0
0.004395008087158203, 3358.0
0.004395961761474609, 3356.0
0.004395961761474609, 3354.0
