0.00010895729064941406, 188.0
0.00021791458129882812, 1112.0
0.0003209114074707031, 1854.0
0.0004258155822753906, 2702.0
0.0012578964233398438, 2827.0
0.0016789436340332031, 2944.0
0.0022020339965820312, 3116.0
0.002933979034423828, 3306.0
0.006042003631591797, 3399.0
0.013525962829589844, 3508.0
0.014668941497802734, 3552.0
0.01660895347595215, 3704.0
0.01948094367980957, 3813.0
0.020916223526000977, 3870.0
0.022045135498046875, 3873.0
0.022453784942626953, 3978.0
0.06195712089538574, 3992.0
0.06277894973754883, 4019.0
0.06349992752075195, 4021.0
0.06380796432495117, 4211.0
0.0749359130859375, 4304.0
0.08098006248474121, 4314.0
0.09020614624023438, 4417.0
0.09337592124938965, 4438.0
0.09481215476989746, 4471.0
0.0957338809967041, 4600.0
0.09696817398071289, 4601.0
0.10354495048522949, 4615.0
0.1291518211364746, 4716.0
0.13513803482055664, 4747.0
0.13575100898742676, 4898.0
0.13605999946594238, 5080.0
0.13616299629211426, 5183.0
0.14110302925109863, 5199.0
0.1548469066619873, 5214.0
0.2859220504760742, 5293.0
0.2952749729156494, 5398.0
0.3990161418914795, 5450.0
0.3994331359863281, 5578.0
3.3964529037475586, 5706.0
3.410687208175659, 5817.0
4.22212290763855, 5897.0
5.294032096862793, 5915.0
5.362262964248657, 5949.0
5.36729097366333, 5995.0
5.452124118804932, 6077.0
5.455732107162476, 6084.0
5.481983184814453, 6113.0
5.4946839809417725, 6206.0
5.50634503364563, 6212.0
5.557156085968018, 6289.0
5.56243896484375, 6406.0
