0.0029969215393066406, 1.0
0.003098011016845703, 2.0
0.0031490325927734375, 40.0
0.0032482147216796875, 41.0
0.0033478736877441406, 42.0
0.0034470558166503906, 75.0
0.0035440921783447266, 76.0
0.003643035888671875, 77.0
0.0037679672241210938, 88.0
0.0038671493530273438, 89.0
0.003964900970458984, 90.0
0.004065036773681641, 123.0
0.004163980484008789, 124.0
0.004262208938598633, 125.0
0.004312038421630859, 144.0
0.004485130310058594, 145.0
0.004588127136230469, 146.0
0.004642009735107422, 184.0
0.0047490596771240234, 185.0
0.004853963851928711, 186.0
0.004960060119628906, 219.0
0.00506281852722168, 220.0
0.005168914794921875, 221.0
0.005300045013427734, 232.0
0.005402088165283203, 233.0
0.005505084991455078, 234.0
0.005606889724731445, 267.0
0.005706071853637695, 268.0
0.005805015563964844, 269.0
0.00604701042175293, 277.0
0.006150245666503906, 278.0
0.006253957748413086, 279.0
0.00638580322265625, 290.0
0.006489992141723633, 291.0
0.0065898895263671875, 292.0
0.0066890716552734375, 325.0
0.006788015365600586, 326.0
0.006886959075927734, 327.0
0.0071108341217041016, 344.0
0.0072100162506103516, 345.0
0.007308006286621094, 346.0
0.00740814208984375, 379.0
0.007505893707275391, 380.0
0.007606983184814453, 381.0
0.007731914520263672, 392.0
0.007829904556274414, 393.0
0.007929086685180664, 394.0
0.008038997650146484, 427.0
0.008137941360473633, 428.0
0.008239030838012695, 429.0
0.008469104766845703, 437.0
0.008568048477172852, 438.0
0.008667230606079102, 439.0
0.00879216194152832, 450.0
0.008891820907592773, 451.0
0.00898885726928711, 452.0
0.009088993072509766, 485.0
0.009186029434204102, 486.0
0.009286165237426758, 487.0
0.009615182876586914, 493.0
0.009712934494018555, 494.0
0.00980997085571289, 495.0
0.009938955307006836, 506.0
0.010035991668701172, 507.0
0.010136127471923828, 508.0
0.010514974594116211, 516.0
0.010612964630126953, 517.0
0.010712146759033203, 518.0
0.010966062545776367, 526.0
0.011065006256103516, 527.0
0.01116323471069336, 528.0
0.011261940002441406, 534.0
0.011409997940063477, 535.0
0.011507987976074219, 536.0
0.01155710220336914, 569.0
0.011681079864501953, 570.0
0.01218414306640625, 582.0
0.012337923049926758, 590.0
0.01248621940612793, 591.0
0.013705968856811523, 598.0
0.013855934143066406, 599.0
0.014233112335205078, 606.0
0.014410972595214844, 607.0
0.015547037124633789, 608.0
0.016251802444458008, 617.0
0.01637411117553711, 618.0
0.016448974609375, 630.0
0.01659703254699707, 631.0
0.01698613166809082, 638.0
0.017162084579467773, 639.0
0.01741313934326172, 648.0
0.017589092254638672, 649.0
0.018926143646240234, 650.0
0.019002199172973633, 659.0
0.019201040267944336, 660.0
0.020342111587524414, 666.0
0.021759033203125, 667.0
0.02335524559020996, 680.0
0.025096893310546875, 692.0
0.026108980178833008, 695.0
0.026308059692382812, 696.0
0.027089834213256836, 715.0
0.027287960052490234, 716.0
0.027515172958374023, 718.0
0.02855086326599121, 723.0
0.02989792823791504, 724.0
0.029998064041137695, 725.0
0.030150890350341797, 763.0
0.031036853790283203, 774.0
0.031237125396728516, 775.0
0.031313180923461914, 784.0
0.0325009822845459, 785.0
0.032553911209106445, 820.0
0.03323483467102051, 821.0
0.03471994400024414, 841.0
0.03507089614868164, 847.0
0.03663897514343262, 884.0
0.037989139556884766, 896.0
0.04111790657043457, 912.0
0.042758941650390625, 923.0
0.04360008239746094, 924.0
0.04577302932739258, 929.0
0.04625105857849121, 930.0
0.05096602439880371, 962.0
0.05266880989074707, 965.0
0.05555415153503418, 996.0
0.06329607963562012, 1005.0
0.06473898887634277, 1006.0
0.06754612922668457, 1007.0
0.06914305686950684, 1008.0
0.08416986465454102, 1010.0
0.08577108383178711, 1011.0
0.1031029224395752, 1016.0
0.10468411445617676, 1017.0
0.1077890396118164, 1020.0
0.11963605880737305, 1021.0
0.12105917930603027, 1022.0
0.1230781078338623, 1029.0
0.12475204467773438, 1030.0
0.13825106620788574, 1037.0
0.14005804061889648, 1038.0
0.1497189998626709, 1049.0
0.16033315658569336, 1051.0
0.17155718803405762, 1054.0
0.19769001007080078, 1064.0
0.24464011192321777, 1075.0
0.2466590404510498, 1076.0
0.257735013961792, 1077.0
0.25935792922973633, 1078.0
0.26340198516845703, 1085.0
0.281109094619751, 1100.0
0.2923262119293213, 1103.0
0.294097900390625, 1113.0
0.29662585258483887, 1114.0
0.3027031421661377, 1117.0
0.30484509468078613, 1127.0
0.33681678771972656, 1131.0
0.3426990509033203, 1137.0
0.3523111343383789, 1144.0
0.3587188720703125, 1145.0
0.36107802391052246, 1146.0
0.377453088760376, 1152.0
0.3895070552825928, 1185.0
0.4064488410949707, 1186.0
0.40809178352355957, 1187.0
0.4110400676727295, 1207.0
0.43656301498413086, 1212.0
0.43897199630737305, 1213.0
0.43904781341552734, 1246.0
0.44162988662719727, 1247.0
0.4529001712799072, 1253.0
0.45456790924072266, 1254.0
0.4620978832244873, 1260.0
0.46448683738708496, 1261.0
0.47850608825683594, 1272.0
0.485745906829834, 1283.0
0.4961879253387451, 1284.0
0.5026230812072754, 1287.0
0.5046730041503906, 1297.0
0.5163729190826416, 1302.0
0.5227088928222656, 1305.0
0.5243289470672607, 1306.0
0.524428129196167, 1353.0
0.5274629592895508, 1354.0
0.5313200950622559, 1365.0
0.5339231491088867, 1366.0
0.553074836730957, 1372.0
0.5733489990234375, 1416.0
0.5760738849639893, 1419.0
0.5787749290466309, 1420.0
0.5871238708496094, 1423.0
0.5948657989501953, 1431.0
0.6093590259552002, 1436.0
0.6111328601837158, 1437.0
0.6167259216308594, 1455.0
0.6194491386413574, 1458.0
0.6221449375152588, 1459.0
0.6224219799041748, 1463.0
0.6224730014801025, 1466.0
0.6357100009918213, 1485.0
0.6373651027679443, 1486.0
0.6487421989440918, 1500.0
0.6503829956054688, 1501.0
0.6558079719543457, 1512.0
0.6585028171539307, 1513.0
0.658599853515625, 1514.0
