6.794929504394531e-05, 600.0
6.794929504394531e-05, 1201.0
6.890296936035156e-05, 1803.0
6.890296936035156e-05, 2405.0
6.890296936035156e-05, 3008.0
6.890296936035156e-05, 3614.0
6.890296936035156e-05, 4220.0
6.985664367675781e-05, 4828.0
6.985664367675781e-05, 5437.0
0.05428504943847656, 5568.0
0.05428600311279297, 5567.0
0.05428600311279297, 5566.0
0.054286956787109375, 5563.0
0.05428791046142578, 5563.0
0.05428791046142578, 5562.0
0.05428791046142578, 5561.0
0.05428886413574219, 5558.0
0.05428886413574219, 5557.0
0.054290056228637695, 5557.0
0.054290056228637695, 5556.0
0.054290056228637695, 5556.0
0.0542910099029541, 5554.0
0.0542910099029541, 5553.0
0.0542910099029541, 5553.0
0.05429196357727051, 5552.0
0.054293155670166016, 5551.0
0.054293155670166016, 5547.0
0.054293155670166016, 5547.0
0.05429410934448242, 5546.0
0.05429410934448242, 5546.0
0.05429506301879883, 5546.0
0.05429506301879883, 5545.0
0.05429506301879883, 5544.0
0.054296016693115234, 5544.0
0.054296016693115234, 5542.0
0.054296016693115234, 5542.0
0.05429697036743164, 5540.0
0.05429697036743164, 5540.0
