0.050604820251464844, 3159.0
0.08966565132141113, 3159.0
0.12752890586853027, 3202.0
0.16563677787780762, 3202.0
0.2037358283996582, 3360.0
0.24189066886901855, 3360.0
0.28026580810546875, 3404.0
0.31864190101623535, 3404.0
0.3570117950439453, 3405.0
0.39560484886169434, 3573.0
0.43424105644226074, 3603.0
0.4731159210205078, 3670.0
0.5117776393890381, 3754.0
0.5506367683410645, 3754.0
0.589533805847168, 3875.0
0.6282858848571777, 3875.0
0.6671638488769531, 3875.0
0.7059857845306396, 3890.0
0.7447648048400879, 3890.0
0.7837967872619629, 3989.0
0.8224918842315674, 3989.0
0.861250638961792, 3989.0
0.9001288414001465, 4064.0
0.9390609264373779, 4064.0
0.978212833404541, 4114.0
1.017791986465454, 4114.0
1.058452844619751, 4166.0
1.0984058380126953, 4166.0
1.1375186443328857, 4166.0
1.1767587661743164, 4166.0
1.2160377502441406, 4230.0
1.2551708221435547, 4230.0
1.2943859100341797, 4230.0
1.333932638168335, 4238.0
1.3733787536621094, 4250.0
1.4128320217132568, 4266.0
1.4522249698638916, 4301.0
1.4918267726898193, 4307.0
1.531254768371582, 4307.0
1.5704209804534912, 4340.0
1.609435796737671, 4357.0
1.6487927436828613, 4357.0
1.6885528564453125, 4361.0
1.7276158332824707, 4361.0
1.7671778202056885, 4361.0
1.8078227043151855, 4427.0
1.8473107814788818, 4454.0
1.8868589401245117, 4454.0
1.9264047145843506, 4454.0
1.9661498069763184, 4454.0
2.005270004272461, 4454.0
2.044862985610962, 4454.0
2.0848488807678223, 4454.0
2.124544858932495, 4454.0
2.164371967315674, 4454.0
2.2042429447174072, 4454.0
2.24377179145813, 4463.0
2.283597707748413, 4463.0
2.323300838470459, 4466.0
2.3631818294525146, 4466.0
2.402982711791992, 4466.0
2.442629814147949, 4466.0
2.4825499057769775, 4466.0
2.5222527980804443, 4506.0
2.5617318153381348, 4506.0
2.6012606620788574, 4506.0
2.6406829357147217, 4506.0
2.680499792098999, 4506.0
2.7200498580932617, 4543.0
2.7597808837890625, 4543.0
2.7993507385253906, 4543.0
2.8390698432922363, 4543.0
2.878952980041504, 4543.0
2.9185500144958496, 4543.0
2.9582619667053223, 4543.0
2.9979498386383057, 4543.0
3.037735939025879, 4543.0
3.0780580043792725, 4543.0
3.118130922317505, 4543.0
3.1578948497772217, 4543.0
3.197706937789917, 4543.0
3.2375009059906006, 4543.0
3.277723789215088, 4543.0
3.317596912384033, 4543.0
3.357590675354004, 4543.0
3.3987646102905273, 4543.0
3.439718723297119, 4543.0
3.480482816696167, 4543.0
3.5215468406677246, 4543.0
3.5640146732330322, 4543.0
3.6051268577575684, 4543.0
3.645739793777466, 4543.0
3.6862478256225586, 4543.0
3.7268176078796387, 4543.0
3.7676138877868652, 4543.0
3.808616876602173, 4543.0
3.8503706455230713, 4543.0
3.8908658027648926, 4543.0
3.9304609298706055, 4543.0
3.9701366424560547, 4543.0
4.009864807128906, 4543.0
4.0494818687438965, 4543.0
4.089226961135864, 4543.0
4.128906011581421, 4543.0
4.168916940689087, 4543.0
4.208673715591431, 4543.0
4.248252868652344, 4543.0
4.287707805633545, 4543.0
4.327202796936035, 4543.0
4.366776704788208, 4543.0
4.406286716461182, 4543.0
4.445904731750488, 4543.0
4.485436916351318, 4543.0
4.525056838989258, 4543.0
4.564653635025024, 4543.0
4.604144811630249, 4543.0
4.6436448097229, 4543.0
4.683132886886597, 4543.0
4.722765684127808, 4543.0
4.762297868728638, 4543.0
4.802617788314819, 4543.0
4.843104839324951, 4543.0
4.883566856384277, 4543.0
4.923965930938721, 4543.0
4.9654316902160645, 4543.0
5.006980895996094, 4543.0
5.047280788421631, 4543.0
5.0877838134765625, 4543.0
5.128029823303223, 4543.0
5.168685674667358, 4543.0
5.209530830383301, 4543.0
5.2504987716674805, 4543.0
5.291970729827881, 4543.0
5.334083795547485, 4543.0
5.375799655914307, 4543.0
5.416375637054443, 4543.0
5.45594596862793, 4543.0
5.495482683181763, 4543.0
5.534823894500732, 4543.0
5.574327707290649, 4543.0
5.613527774810791, 4543.0
5.65300178527832, 4543.0
5.692403793334961, 4543.0
5.732310771942139, 4543.0
5.772287845611572, 4543.0
5.811891794204712, 4543.0
5.8521809577941895, 4543.0
5.8928399085998535, 4543.0
5.932628870010376, 4543.0
5.971873760223389, 4543.0
6.01207971572876, 4543.0
6.052242755889893, 4543.0
6.091698884963989, 4543.0
6.131032705307007, 4543.0
6.1708009243011475, 4543.0
6.210132837295532, 4543.0
6.249465703964233, 4543.0
6.288884878158569, 4543.0
6.328258752822876, 4543.0
6.3676347732543945, 4543.0
6.4070305824279785, 4543.0
6.446400880813599, 4543.0
6.485852956771851, 4543.0
6.525262832641602, 4543.0
6.564649820327759, 4543.0
6.603970766067505, 4543.0
6.643401861190796, 4543.0
6.683116674423218, 4543.0
6.722903728485107, 4543.0
6.762256860733032, 4543.0
6.801745891571045, 4543.0
6.841125726699829, 4543.0
6.880586862564087, 4543.0
6.919930696487427, 4543.0
6.959357976913452, 4543.0
6.998673915863037, 4543.0
7.038088798522949, 4543.0
7.077555894851685, 4543.0
7.117069721221924, 4543.0
7.1564037799835205, 4543.0
7.197600841522217, 4543.0
7.238105773925781, 4543.0
7.277906894683838, 4543.0
7.317576885223389, 4543.0
7.3570396900177, 4543.0
7.396546840667725, 4543.0
7.436375617980957, 4543.0
7.47623872756958, 4543.0
7.5160558223724365, 4543.0
7.555528879165649, 4543.0
7.595028877258301, 4543.0
7.6348888874053955, 4543.0
7.674454689025879, 4543.0
7.71384596824646, 4543.0
7.753318786621094, 4543.0
7.793168783187866, 4543.0
7.832948923110962, 4543.0
7.872517824172974, 4543.0
7.913632869720459, 4543.0
7.953484773635864, 4543.0
7.993096828460693, 4543.0
