0.0009620189666748047, 928.0
0.0019168853759765625, 1708.0
0.0028679370880126953, 2392.0
0.003854990005493164, 2691.0
0.004858970642089844, 3142.0
0.005853891372680664, 4105.0
0.00680994987487793, 4566.0
0.007770061492919922, 4968.0
0.00872492790222168, 5865.0
0.009681940078735352, 6150.0
0.010641098022460938, 6656.0
0.01159811019897461, 7205.0
0.01255488395690918, 7805.0
0.013511180877685547, 8656.0
0.014467000961303711, 8978.0
0.015425920486450195, 10039.0
0.016394853591918945, 10662.0
0.017351150512695312, 11304.0
0.018306970596313477, 12380.0
0.019279003143310547, 13301.0
0.02023911476135254, 13504.0
0.022153854370117188, 13600.0
0.023111820220947266, 13995.0
0.024066925048828125, 14636.0
0.025064945220947266, 15081.0
0.026024818420410156, 15846.0
0.02698493003845215, 16908.0
0.027942180633544922, 17767.0
0.02890300750732422, 18478.0
0.02986311912536621, 19217.0
0.030822038650512695, 20188.0
0.03179311752319336, 20752.0
0.03275108337402344, 20894.0
0.03371095657348633, 21732.0
0.034670114517211914, 22481.0
0.0356290340423584, 22868.0
0.03658699989318848, 23512.0
0.03756904602050781, 23871.0
0.0385289192199707, 24794.0
0.039492130279541016, 25084.0
0.0404510498046875, 25625.0
0.04140591621398926, 26519.0
0.04236316680908203, 26678.0
0.04332304000854492, 27701.0
0.04427790641784668, 28392.0
0.04525303840637207, 28940.0
0.04715585708618164, 29308.0
0.049054861068725586, 29498.0
0.07385396957397461, 29599.0
0.09261584281921387, 29648.0
0.09934306144714355, 29863.0
0.12956476211547852, 29975.0
0.13522100448608398, 30091.0
0.35115790367126465, 30127.0
0.3549470901489258, 30278.0
0.39171409606933594, 30394.0
0.46613597869873047, 30501.0
0.49063587188720703, 30602.0
0.6017568111419678, 30748.0
0.6121730804443359, 30899.0
0.7026422023773193, 30947.0
0.7827980518341064, 31072.0
0.8007059097290039, 31285.0
0.804502010345459, 31306.0
0.8139498233795166, 31448.0
0.825282096862793, 31558.0
0.8789548873901367, 31686.0
0.8855531215667725, 31797.0
0.9356529712677002, 31868.0
0.9546401500701904, 31990.0
0.999518871307373, 32093.0
1.0073950290679932, 32195.0
1.2129459381103516, 32295.0
1.4402940273284912, 32300.0
1.513995885848999, 32377.0
1.5526530742645264, 32480.0
1.5933518409729004, 32500.0
1.89310884475708, 32603.0
1.9436430931091309, 32636.0
1.966667890548706, 32730.0
1.9904990196228027, 32851.0
1.9924330711364746, 32984.0
2.0506417751312256, 33100.0
2.2322428226470947, 33199.0
2.240772008895874, 33246.0
2.2473888397216797, 33369.0
2.3021721839904785, 33375.0
2.3323287963867188, 33481.0
2.3652877807617188, 33594.0
2.3878960609436035, 33600.0
2.515016794204712, 33705.0
2.7087221145629883, 33838.0
2.7143800258636475, 33845.0
2.717219114303589, 33950.0
2.7210311889648438, 34070.0
2.722012758255005, 34231.0
2.727673053741455, 34382.0
2.8271589279174805, 34390.0
2.8347220420837402, 34402.0
3.0230560302734375, 34498.0
3.1068668365478516, 34601.0
3.2019970417022705, 34828.0
3.2105350494384766, 34975.0
3.3027918338775635, 34985.0
3.3404347896575928, 35103.0
3.5014429092407227, 35196.0
3.585763931274414, 35304.0
3.6224870681762695, 35383.0
3.7673590183258057, 35484.0
3.861726999282837, 35498.0
3.990947961807251, 35562.0
3.9939680099487305, 35693.0
4.065463066101074, 35694.0
4.080010890960693, 35821.0
4.090080976486206, 35993.0
4.164783954620361, 36053.0
4.186990022659302, 36157.0
4.220124959945679, 36202.0
4.237207889556885, 36398.0
4.336071968078613, 36503.0
4.346129894256592, 36591.0
4.357295036315918, 36695.0
4.4150710105896, 36768.0
4.4191648960113525, 36962.0
4.428282022476196, 37078.0
4.505697965621948, 37184.0
4.51356315612793, 37276.0
4.515540838241577, 37418.0
4.533210039138794, 37559.0
4.544071197509766, 37690.0
4.7549729347229, 37733.0
4.755970001220703, 37868.0
4.7609031200408936, 37978.0
4.8198699951171875, 38080.0
4.857274055480957, 38261.0
4.859255075454712, 38377.0
4.9135520458221436, 38467.0
4.927477836608887, 38608.0
4.930492162704468, 38769.0
4.9465248584747314, 38874.0
4.959207773208618, 38902.0
4.984604835510254, 38997.0
5.153923034667969, 39098.0
5.188025951385498, 39100.0
5.304668188095093, 39163.0
5.376605987548828, 39362.0
5.430037021636963, 39401.0
5.514663934707642, 39496.0
5.597975015640259, 39537.0
5.602016925811768, 39700.0
5.623950004577637, 39804.0
5.894887208938599, 39861.0
5.904929876327515, 39993.0
5.948330879211426, 39997.0
6.0376811027526855, 40042.0
6.125492811203003, 40095.0
6.1391777992248535, 40198.0
6.144078016281128, 40454.0
6.1927149295806885, 40601.0
6.322793960571289, 40604.0
6.334492921829224, 40648.0
6.351186990737915, 40751.0
6.387292861938477, 40896.0
6.522718906402588, 40913.0
6.527592897415161, 41053.0
6.541225910186768, 41169.0
6.554872035980225, 41276.0
6.594747066497803, 41404.0
6.803238153457642, 41498.0
6.853980779647827, 41501.0
6.964967966079712, 41552.0
6.975713014602661, 41667.0
6.994278192520142, 41795.0
7.015722990036011, 41904.0
7.068074941635132, 41997.0
7.105777025222778, 42002.0
7.1512229442596436, 42073.0
7.162804841995239, 42166.0
7.168622016906738, 42289.0
7.1880199909210205, 42396.0
7.277987003326416, 42491.0
7.50048303604126, 42504.0
7.5081048011779785, 42571.0
7.528110027313232, 42670.0
7.554764032363892, 42680.0
7.590910911560059, 42690.0
7.676478862762451, 42741.0
7.7183918952941895, 42822.0
7.7383739948272705, 42993.0
7.761214971542358, 43115.0
7.78596305847168, 43164.0
7.79168701171875, 43179.0
7.8922438621521, 43233.0
7.91409707069397, 43358.0
7.929365873336792, 43418.0
7.94749903678894, 43499.0
8.018878936767578, 43693.0
8.095124959945679, 43805.0
8.117995023727417, 43871.0
8.162667036056519, 44001.0
8.316895008087158, 44058.0
8.745832920074463, 44095.0
8.80615496635437, 44124.0
8.828526020050049, 44274.0
8.855794906616211, 44287.0
8.87138295173645, 44291.0
8.872375965118408, 44405.0
9.263389825820923, 44477.0
9.322970151901245, 44485.0
9.336454153060913, 44521.0
9.341262102127075, 44687.0
9.35280704498291, 44745.0
9.362443923950195, 44883.0
9.439303874969482, 44886.0
9.81575894355774, 44904.0
9.882637977600098, 44994.0
9.939570903778076, 45083.0
10.033949851989746, 45092.0
10.051054954528809, 45194.0
10.138458967208862, 45277.0
10.328551054000854, 45391.0
10.508649826049805, 45587.0
10.522907018661499, 45702.0
11.696258068084717, 45792.0
11.754096031188965, 45897.0
11.774911880493164, 45966.0
11.792017936706543, 46084.0
11.813833951950073, 46096.0
11.86592411994934, 46184.0
11.892424821853638, 46272.0
11.893392086029053, 46404.0
12.153946161270142, 46502.0
12.23743200302124, 46586.0
13.25862193107605, 46587.0
13.320131063461304, 46688.0
13.358033180236816, 46696.0
13.659020900726318, 46779.0
13.71017599105835, 46805.0
14.202139139175415, 46904.0
14.314949989318848, 47054.0
14.315914869308472, 47184.0
14.905226945877075, 47190.0
14.922307014465332, 47204.0
15.109800815582275, 47305.0
15.176273107528687, 47400.0
15.238219976425171, 47464.0
15.258925914764404, 47487.0
15.27155089378357, 47503.0
15.272466897964478, 47605.0
15.408021926879883, 47699.0
19.43635392189026, 47785.0
19.448786973953247, 47790.0
19.545245885849, 47804.0
19.88036298751831, 47845.0
19.88323187828064, 47998.0
19.92043113708496, 48083.0
19.971925020217896, 48100.0
20.01771306991577, 48105.0
20.07577109336853, 48134.0
20.076743125915527, 48298.0
20.154927968978882, 48388.0
20.207319021224976, 48403.0
21.001484870910645, 48473.0
21.053532123565674, 48491.0
21.169960975646973, 48605.0
21.42969799041748, 48652.0
21.52890682220459, 48802.0
22.272573947906494, 48895.0
22.46264386177063, 48943.0
22.504117965698242, 49096.0
22.577229976654053, 49183.0
25.146650075912476, 49202.0
25.407490968704224, 49205.0
27.096858024597168, 49274.0
27.102659940719604, 49376.0
27.15005588531494, 49461.0
27.17030906677246, 49501.0
27.326738834381104, 49505.0
27.389539003372192, 49588.0
27.408854007720947, 49749.0
27.490926027297974, 49799.0
27.560370206832886, 50015.0
27.6115620136261, 50032.0
27.61351180076599, 50153.0
27.64730477333069, 50277.0
27.70519185066223, 50378.0
28.945785999298096, 50385.0
29.32461404800415, 50500.0
29.41097116470337, 50590.0
29.451277017593384, 50596.0
29.56068706512451, 50665.0
29.602965831756592, 50789.0
29.65293598175049, 50878.0
29.731760025024414, 50880.0
29.755729913711548, 50997.0
29.75670599937439, 51188.0
29.800904989242554, 51294.0
29.854705095291138, 51445.0
29.8556809425354, 51594.0
44.255533933639526, 51670.0
44.31421685218811, 51675.0
44.36083388328552, 51695.0
44.45736789703369, 51803.0
44.630706787109375, 51874.0
44.6695830821991, 51984.0
44.77766489982605, 52075.0
44.827900886535645, 52197.0
45.025075912475586, 52205.0
51.199689865112305, 52300.0
51.31546902656555, 52405.0
51.42833709716797, 52493.0
51.43030285835266, 52595.0
51.67947483062744, 52697.0
51.924538135528564, 52801.0
51.99587082862854, 52830.0
52.02096509933472, 52963.0
52.112669944763184, 52985.0
53.03964304924011, 52993.0
53.05956196784973, 53001.0
53.06799602508545, 53117.0
53.130345821380615, 53163.0
53.18204307556152, 53202.0
53.191986083984375, 53204.0
53.88394212722778, 53294.0
56.22708988189697, 53296.0
56.52678608894348, 53402.0
56.83476901054382, 53495.0
56.918686866760254, 53605.0
57.97519516944885, 53697.0
57.98099613189697, 53798.0
58.88353610038757, 53898.0
59.03584003448486, 53998.0
59.274178981781006, 54005.0
61.42939901351929, 54085.0
61.58886504173279, 54190.0
61.899353981018066, 54204.0
62.223878145217896, 54305.0
64.14050698280334, 54399.0
64.66414785385132, 54503.0
65.73992705345154, 54605.0
