0.00020933151245117188, 795.0
0.0004150867462158203, 1540.0
0.0006232261657714844, 2373.0
0.0008282661437988281, 2374.0
0.001032114028930664, 2865.0
0.001238107681274414, 3554.0
0.002440929412841797, 4220.0
0.0026459693908691406, 4583.0
0.002851247787475586, 5152.0
0.003862142562866211, 5683.0
0.030771970748901367, 6061.0
0.031986236572265625, 6626.0
0.08692002296447754, 7262.0
0.1016080379486084, 7794.0
0.1322638988494873, 8658.0
0.1383202075958252, 9135.0
0.1673882007598877, 9918.0
0.1744241714477539, 10376.0
0.17623496055603027, 10777.0
0.1780552864074707, 11151.0
0.17846202850341797, 11376.0
0.18229198455810547, 11398.0
0.18892812728881836, 12124.0
0.2087101936340332, 12260.0
0.20891499519348145, 13207.0
0.21639013290405273, 13276.0
0.21866393089294434, 13558.0
0.22393226623535156, 13599.0
0.22414207458496094, 14040.0
0.2243492603302002, 14488.0
0.22537016868591309, 15431.0
0.22750520706176758, 15861.0
0.23435425758361816, 16159.0
0.24507498741149902, 16422.0
0.24527812004089355, 16548.0
0.24868512153625488, 17502.0
0.25312304496765137, 17525.0
0.2603452205657959, 17530.0
0.26135921478271484, 18030.0
0.2688162326812744, 18170.0
0.2692222595214844, 18894.0
0.27002906799316406, 19142.0
0.2706313133239746, 19270.0
0.2716481685638428, 20268.0
0.28293609619140625, 20394.0
0.28354310989379883, 21316.0
0.2913520336151123, 21537.0
0.3136320114135742, 21796.0
0.4908130168914795, 22036.0
0.8656570911407471, 22346.0
0.8723630905151367, 22501.0
0.8735942840576172, 23161.0
0.8843472003936768, 23163.0
0.9832839965820312, 23253.0
1.109478235244751, 23309.0
1.1176121234893799, 23358.0
1.1217601299285889, 23788.0
1.1234102249145508, 24009.0
1.1517560482025146, 24068.0
1.1539020538330078, 24310.0
1.3063311576843262, 24637.0
1.3253209590911865, 24649.0
1.3363032341003418, 24673.0
1.3405580520629883, 25344.0
1.3683431148529053, 25368.0
1.3851299285888672, 25816.0
1.3988211154937744, 25842.0
1.4014909267425537, 26407.0
1.4041662216186523, 26949.0
1.4115581512451172, 27281.0
2.1074512004852295, 27802.0
2.1783759593963623, 28241.0
2.188155174255371, 28651.0
2.193725109100342, 28933.0
2.1973280906677246, 29198.0
2.2707431316375732, 29460.0
2.327195167541504, 29610.0
2.3288090229034424, 29731.0
2.3310000896453857, 30011.0
2.3331902027130127, 30933.0
3.3283300399780273, 31109.0
5.552072048187256, 31250.0
5.580199956893921, 31792.0
7.513991117477417, 31860.0
7.530986070632935, 31906.0
7.534419059753418, 32250.0
7.6090850830078125, 32472.0
7.667279243469238, 32486.0
7.672873020172119, 32536.0
7.675073146820068, 32817.0
7.7035040855407715, 33044.0
7.70827317237854, 33693.0
7.718807220458984, 33808.0
7.723017930984497, 33888.0
7.72639799118042, 34799.0
7.781224966049194, 35137.0
7.835032224655151, 35667.0
7.856799125671387, 35808.0
7.867350101470947, 35846.0
7.947494268417358, 36256.0
7.956928014755249, 36313.0
7.957525968551636, 36855.0
7.961302042007446, 37691.0
7.978886127471924, 37909.0
7.979288101196289, 38765.0
7.982496976852417, 39672.0
8.076915979385376, 40166.0
8.090575218200684, 40607.0
8.0992910861969, 41559.0
8.106418132781982, 41840.0
8.120952129364014, 42115.0
8.121153116226196, 42734.0
8.184291124343872, 42849.0
8.418498039245605, 42881.0
8.434432983398438, 43530.0
8.510160207748413, 43664.0
10.068331003189087, 43850.0
10.087136030197144, 44217.0
10.146697044372559, 44415.0
10.295176029205322, 44489.0
10.295376300811768, 44615.0
10.306754112243652, 45180.0
10.310878992080688, 45700.0
10.353245258331299, 45828.0
10.411387205123901, 46049.0
10.547489166259766, 46055.0
10.555315017700195, 46082.0
10.566896200180054, 46227.0
10.608771085739136, 46684.0
10.614654064178467, 46879.0
10.659227132797241, 47041.0
10.982564210891724, 47209.0
11.137133121490479, 47391.0
11.196599006652832, 47851.0
11.293625116348267, 47944.0
11.426957130432129, 48046.0
11.460125923156738, 48237.0
11.606369018554688, 48274.0
11.64371109008789, 48519.0
11.95917797088623, 48572.0
11.960351943969727, 48804.0
12.169402122497559, 48846.0
12.409180164337158, 48870.0
12.451751232147217, 49033.0
12.532782077789307, 49035.0
