0.05153012275695801, 3086.0
0.09052896499633789, 3086.0
0.13021397590637207, 3088.0
0.17049193382263184, 3102.0
0.20938801765441895, 3178.0
0.24827194213867188, 3327.0
0.2871828079223633, 3497.0
0.32629990577697754, 3497.0
0.36644697189331055, 3497.0
0.4060821533203125, 3497.0
0.4457399845123291, 3497.0
0.4851109981536865, 3658.0
0.5234119892120361, 3658.0
0.5617129802703857, 3658.0
0.6010010242462158, 3662.0
0.6407840251922607, 3833.0
0.6797268390655518, 3840.0
0.7185180187225342, 3840.0
0.7573649883270264, 3840.0
0.7960851192474365, 3847.0
0.836357831954956, 3871.0
0.8773288726806641, 3954.0
0.9163570404052734, 3954.0
0.9555158615112305, 3954.0
0.9947049617767334, 3954.0
1.0339081287384033, 4033.0
1.0731430053710938, 4033.0
1.1123969554901123, 4057.0
1.1516289710998535, 4057.0
1.191025972366333, 4057.0
1.2304441928863525, 4068.0
1.269925832748413, 4101.0
1.309516191482544, 4164.0
1.3490169048309326, 4164.0
1.38861083984375, 4164.0
1.4282541275024414, 4164.0
1.4680290222167969, 4262.0
1.5078401565551758, 4262.0
1.5475609302520752, 4262.0
1.5878820419311523, 4262.0
1.628485918045044, 4262.0
1.668592929840088, 4262.0
1.7085058689117432, 4262.0
1.748518943786621, 4262.0
1.7893221378326416, 4262.0
1.8300628662109375, 4262.0
1.8706269264221191, 4262.0
1.9120049476623535, 4262.0
1.9576330184936523, 4262.0
1.9979629516601562, 4262.0
2.038285970687866, 4262.0
2.078794002532959, 4262.0
2.119286060333252, 4262.0
2.1598339080810547, 4262.0
2.2002809047698975, 4262.0
2.240769147872925, 4262.0
2.2807540893554688, 4262.0
2.3199520111083984, 4262.0
2.3626089096069336, 4262.0
2.403439998626709, 4262.0
2.4427411556243896, 4262.0
2.4823031425476074, 4262.0
2.5216379165649414, 4262.0
2.5609140396118164, 4262.0
2.600092887878418, 4262.0
2.63918399810791, 4262.0
2.6783571243286133, 4262.0
2.7174952030181885, 4262.0
2.756614923477173, 4262.0
2.795743942260742, 4262.0
2.835383892059326, 4262.0
2.8750829696655273, 4262.0
2.9140758514404297, 4262.0
2.9531028270721436, 4262.0
2.9936740398406982, 4262.0
3.032712936401367, 4262.0
3.071760892868042, 4262.0
3.1107819080352783, 4262.0
3.1498260498046875, 4262.0
3.189094066619873, 4262.0
3.2282021045684814, 4263.0
3.267199993133545, 4263.0
3.306246042251587, 4264.0
3.3453168869018555, 4264.0
3.3843541145324707, 4264.0
3.423408031463623, 4302.0
3.4624600410461426, 4302.0
3.501451015472412, 4302.0
3.540527820587158, 4302.0
3.579568862915039, 4302.0
3.6186320781707764, 4302.0
3.6577439308166504, 4302.0
3.696983814239502, 4302.0
3.7361791133880615, 4302.0
3.775507926940918, 4302.0
3.8144588470458984, 4302.0
3.8533599376678467, 4302.0
3.8922550678253174, 4302.0
3.9310951232910156, 4324.0
3.969998836517334, 4324.0
4.008855819702148, 4324.0
4.0477399826049805, 4324.0
4.086650848388672, 4324.0
4.125611066818237, 4324.0
4.164514780044556, 4324.0
4.203433036804199, 4324.0
4.2422637939453125, 4324.0
4.281098127365112, 4324.0
4.319950819015503, 4324.0
4.358759880065918, 4324.0
4.39777398109436, 4324.0
4.437785863876343, 4324.0
4.476629018783569, 4324.0
4.515426874160767, 4324.0
4.554579973220825, 4324.0
4.593739032745361, 4324.0
4.632877826690674, 4324.0
4.671985864639282, 4324.0
4.711168050765991, 4324.0
4.750288009643555, 4324.0
4.789438962936401, 4324.0
4.828680038452148, 4324.0
4.867785930633545, 4324.0
4.907210111618042, 4324.0
4.94636082649231, 4324.0
4.985594987869263, 4324.0
5.024738788604736, 4324.0
5.063910007476807, 4324.0
5.103049993515015, 4324.0
5.142125129699707, 4324.0
5.181288003921509, 4325.0
5.220510959625244, 4325.0
5.260364770889282, 4325.0
5.30054783821106, 4325.0
5.340801000595093, 4325.0
5.381256103515625, 4325.0
5.422466039657593, 4325.0
5.463408946990967, 4325.0
5.503530025482178, 4325.0
5.543456077575684, 4325.0
5.583458185195923, 4325.0
5.623632907867432, 4325.0
5.663905143737793, 4325.0
5.704596996307373, 4325.0
5.744954824447632, 4325.0
5.784195899963379, 4325.0
5.823234796524048, 4325.0
5.864034175872803, 4325.0
5.904402017593384, 4325.0
5.944453001022339, 4325.0
5.986956834793091, 4325.0
6.0279388427734375, 4325.0
6.067556858062744, 4325.0
6.107472896575928, 4325.0
6.147013902664185, 4325.0
6.187950849533081, 4325.0
6.227976083755493, 4325.0
6.267534971237183, 4325.0
6.309571981430054, 4325.0
6.349847078323364, 4325.0
6.389494180679321, 4325.0
6.429261922836304, 4325.0
6.470571994781494, 4325.0
6.5100507736206055, 4325.0
6.549475908279419, 4325.0
6.5889317989349365, 4325.0
6.628304958343506, 4325.0
6.667648077011108, 4325.0
6.707077980041504, 4325.0
6.746365070343018, 4325.0
6.787404775619507, 4325.0
6.829463005065918, 4325.0
6.870967149734497, 4325.0
6.9107420444488525, 4325.0
6.9503419399261475, 4325.0
6.990447998046875, 4325.0
7.033052921295166, 4325.0
7.073072910308838, 4325.0
7.113623857498169, 4325.0
7.154167890548706, 4325.0
7.194466829299927, 4325.0
7.235572099685669, 4325.0
7.277024030685425, 4325.0
7.317157983779907, 4325.0
7.357261896133423, 4325.0
7.397397041320801, 4325.0
7.437674045562744, 4325.0
7.47812294960022, 4325.0
7.518924951553345, 4325.0
7.559578895568848, 4325.0
7.599161863327026, 4325.0
7.638444185256958, 4325.0
7.677633047103882, 4325.0
7.716700077056885, 4325.0
7.755850076675415, 4325.0
7.794967889785767, 4325.0
7.834748029708862, 4325.0
7.87456488609314, 4325.0
7.913670063018799, 4325.0
7.952764987945557, 4325.0
7.991895914077759, 4325.0
