0.050956010818481445, 4111.0
0.0914921760559082, 4113.0
0.13120508193969727, 4235.0
0.16971898078918457, 4573.0
0.20812106132507324, 4701.0
0.24666810035705566, 4827.0
0.2853512763977051, 4960.0
0.32478928565979004, 5051.0
0.36623096466064453, 5101.0
0.4056391716003418, 5240.0
0.44528627395629883, 5408.0
0.48626136779785156, 5602.0
0.5259990692138672, 5602.0
0.5658202171325684, 5602.0
0.6058411598205566, 5607.0
0.6459341049194336, 5900.0
0.6860389709472656, 5900.0
0.7261631488800049, 6016.0
0.7663111686706543, 6107.0
0.8065221309661865, 6187.0
0.8467493057250977, 6187.0
0.8870551586151123, 6313.0
0.9275000095367432, 6313.0
0.9680371284484863, 6313.0
1.0086681842803955, 6313.0
1.0492241382598877, 6403.0
1.0903899669647217, 6403.0
1.131258249282837, 6405.0
1.1720051765441895, 6410.0
1.2129631042480469, 6505.0
1.253782033920288, 6515.0
1.2954790592193604, 6605.0
1.337961196899414, 6605.0
1.380270004272461, 6605.0
1.4224092960357666, 6605.0
1.4663281440734863, 6605.0
1.508641004562378, 6717.0
1.5504522323608398, 6717.0
1.5925121307373047, 6717.0
1.6339921951293945, 6717.0
1.6765470504760742, 6717.0
1.718961238861084, 6717.0
1.762216329574585, 6806.0
1.8046221733093262, 6806.0
1.8457090854644775, 6813.0
1.8869891166687012, 6816.0
1.9279930591583252, 6816.0
1.969292163848877, 6816.0
2.0106041431427, 6871.0
2.0518550872802734, 6906.0
2.09309720993042, 6915.0
2.1340982913970947, 6915.0
2.1754002571105957, 6915.0
2.21661114692688, 6917.0
2.25726318359375, 6917.0
2.2985432147979736, 6917.0
2.3400750160217285, 6917.0
2.381376028060913, 6917.0
2.4225962162017822, 6917.0
2.4639532566070557, 6917.0
2.5065062046051025, 6917.0
2.5478529930114746, 6917.0
2.588954210281372, 6917.0
2.630228281021118, 6917.0
2.671487331390381, 6917.0
2.7129080295562744, 6917.0
2.754244089126587, 6917.0
2.7956111431121826, 6917.0
2.8368732929229736, 6917.0
2.8784639835357666, 6917.0
2.919800043106079, 6917.0
2.961141347885132, 6917.0
3.0023910999298096, 6917.0
3.0438320636749268, 6917.0
3.0855331420898438, 6917.0
3.126833200454712, 6917.0
3.16808819770813, 6917.0
3.209416151046753, 6917.0
3.2514023780822754, 6917.0
3.2938232421875, 6917.0
3.3363611698150635, 6917.0
3.3787970542907715, 6917.0
3.422389268875122, 6917.0
3.4656741619110107, 6917.0
3.5079143047332764, 6917.0
3.5500731468200684, 6917.0
3.592365026473999, 6917.0
3.635089159011841, 6917.0
3.6779000759124756, 6917.0
3.7206740379333496, 6917.0
3.7629332542419434, 6917.0
3.8042452335357666, 6917.0
3.845839023590088, 6917.0
3.88708233833313, 6917.0
3.928314208984375, 6917.0
3.9695842266082764, 6917.0
4.010921239852905, 6917.0
4.052225112915039, 6917.0
4.093455076217651, 6917.0
4.134772300720215, 6917.0
4.17608118057251, 6917.0
4.217379093170166, 6917.0
4.258629083633423, 6917.0
4.2998621463775635, 6917.0
4.342076301574707, 6917.0
4.38338828086853, 6917.0
4.424755334854126, 6917.0
4.467095136642456, 6917.0
4.508459091186523, 6917.0
4.55106520652771, 6917.0
4.592778921127319, 6917.0
4.634154319763184, 6917.0
4.675485134124756, 6917.0
4.716729164123535, 6917.0
4.758149147033691, 6917.0
4.800591230392456, 6917.0
4.8430891036987305, 6917.0
4.885470151901245, 6917.0
4.9282801151275635, 6917.0
4.972268104553223, 6917.0
5.014524221420288, 6917.0
5.056632041931152, 6917.0
5.098789215087891, 6917.0
5.1410441398620605, 6917.0
5.1836020946502686, 6917.0
5.226312160491943, 6917.0
5.269094228744507, 6917.0
5.31062912940979, 6917.0
5.351888179779053, 6917.0
5.393088102340698, 6917.0
5.434307098388672, 6917.0
5.475731134414673, 6917.0
5.5179760456085205, 6917.0
5.559226036071777, 6917.0
5.600505113601685, 6917.0
5.641736268997192, 6917.0
5.68302321434021, 6917.0
5.724315166473389, 6917.0
5.7655580043792725, 6917.0
5.806818008422852, 6917.0
5.848019123077393, 6917.0
5.8892810344696045, 6917.0
5.930497169494629, 6917.0
5.971720218658447, 6917.0
6.012903213500977, 6917.0
6.054094076156616, 6917.0
6.095294237136841, 6917.0
6.136620998382568, 6917.0
6.177826166152954, 6917.0
6.21907114982605, 6917.0
6.26032018661499, 6917.0
6.301530122756958, 6917.0
6.343708276748657, 6917.0
6.384968280792236, 6917.0
6.426123142242432, 6917.0
6.467344045639038, 6917.0
6.508599042892456, 6917.0
6.549821138381958, 6917.0
6.5923051834106445, 6917.0
6.633542060852051, 6917.0
6.6747519969940186, 6917.0
6.715924263000488, 6917.0
6.757190227508545, 6917.0
6.798720121383667, 6917.0
6.839879274368286, 6917.0
6.8809850215911865, 6917.0
6.9220991134643555, 6917.0
6.96319317817688, 6917.0
7.004258155822754, 6917.0
7.045324087142944, 6917.0
7.086432218551636, 6917.0
7.127584218978882, 6917.0
7.168714284896851, 6917.0
7.20982027053833, 6917.0
7.250965356826782, 6917.0
7.292142152786255, 6917.0
7.333223104476929, 6917.0
7.374356269836426, 6917.0
7.415488958358765, 6917.0
7.456606149673462, 6917.0
7.497757196426392, 6917.0
7.538890361785889, 6917.0
7.579981088638306, 6917.0
7.621026992797852, 6917.0
7.662031173706055, 6917.0
7.703009128570557, 6917.0
7.7457709312438965, 6917.0
7.787707090377808, 6917.0
7.829355001449585, 6917.0
7.8710410594940186, 6917.0
7.912712335586548, 6917.0
7.954393148422241, 6917.0
7.9958860874176025, 6917.0
8.037419080734253, 6917.0
8.078954935073853, 6917.0
8.120541095733643, 6917.0
8.162052154541016, 6917.0
8.203572273254395, 6917.0
8.2449631690979, 6917.0
8.286314964294434, 6917.0
8.327672004699707, 6917.0
