0.010586977005004883, 1261.0
0.01955699920654297, 1300.0
0.02815985679626465, 1300.0
0.03761792182922363, 1300.0
0.04662799835205078, 1300.0
0.055702924728393555, 1320.0
0.06452798843383789, 1337.0
0.07334017753601074, 1337.0
0.08216691017150879, 1407.0
0.09075307846069336, 1407.0
0.09941911697387695, 1443.0
0.10805702209472656, 1443.0
0.11673688888549805, 1443.0
0.12545514106750488, 1443.0
0.13412904739379883, 1443.0
0.14487123489379883, 1443.0
0.15717196464538574, 1463.0
0.167327880859375, 1477.0
0.17723584175109863, 1477.0
0.18595194816589355, 1477.0
0.19465899467468262, 1477.0
0.20346689224243164, 1477.0
0.21224689483642578, 1477.0
0.22093510627746582, 1486.0
0.2297060489654541, 1486.0
0.23918604850769043, 1486.0
0.24858498573303223, 1486.0
0.257504940032959, 1486.0
0.26633381843566895, 1486.0
0.2752108573913574, 1486.0
0.28394389152526855, 1486.0
0.2928187847137451, 1486.0
0.3015599250793457, 1486.0
0.3103668689727783, 1486.0
0.31904101371765137, 1486.0
0.3279240131378174, 1486.0
0.3366270065307617, 1486.0
0.34552693367004395, 1486.0
0.35421299934387207, 1486.0
0.36309289932250977, 1486.0
0.3718099594116211, 1486.0
0.3805689811706543, 1486.0
0.38925886154174805, 1486.0
0.39806580543518066, 1486.0
0.4067981243133545, 1486.0
0.41566991806030273, 1486.0
0.42444300651550293, 1486.0
0.43325209617614746, 1486.0
0.44237589836120605, 1486.0
0.45143914222717285, 1486.0
0.46042895317077637, 1486.0
0.46937108039855957, 1486.0
0.47855615615844727, 1486.0
0.4875340461730957, 1486.0
0.49662303924560547, 1486.0
0.5055768489837646, 1486.0
0.5146260261535645, 1486.0
0.5235729217529297, 1486.0
0.532477855682373, 1486.0
0.5416660308837891, 1486.0
0.5506711006164551, 1486.0
0.5596239566802979, 1486.0
0.5685510635375977, 1486.0
0.5774369239807129, 1486.0
0.5864198207855225, 1486.0
0.5956060886383057, 1486.0
0.604823112487793, 1486.0
0.6140179634094238, 1486.0
0.6232171058654785, 1486.0
0.6324448585510254, 1486.0
0.6417999267578125, 1486.0
0.6506631374359131, 1486.0
0.6595320701599121, 1486.0
0.668377161026001, 1486.0
0.6772170066833496, 1486.0
0.6864070892333984, 1486.0
0.6953341960906982, 1486.0
0.7041778564453125, 1486.0
0.7129888534545898, 1486.0
0.7218091487884521, 1486.0
0.7308070659637451, 1486.0
0.7396731376647949, 1486.0
0.7486140727996826, 1486.0
0.7574830055236816, 1486.0
0.7664010524749756, 1486.0
0.7753589153289795, 1486.0
0.7842679023742676, 1486.0
0.793241024017334, 1486.0
0.8021049499511719, 1486.0
0.8111128807067871, 1486.0
0.8200170993804932, 1486.0
0.8290109634399414, 1486.0
0.8378889560699463, 1486.0
0.8468599319458008, 1486.0
0.8559081554412842, 1486.0
0.8650028705596924, 1486.0
0.874222993850708, 1486.0
0.8832299709320068, 1486.0
0.8922150135040283, 1486.0
0.9012410640716553, 1486.0
0.9103400707244873, 1486.0
0.9192399978637695, 1486.0
0.9283461570739746, 1486.0
0.9372069835662842, 1486.0
0.9463090896606445, 1486.0
0.955327033996582, 1486.0
0.9641919136047363, 1486.0
0.9728870391845703, 1486.0
0.9817099571228027, 1486.0
0.990394115447998, 1486.0
0.9991950988769531, 1489.0
1.0079269409179688, 1489.0
1.0166699886322021, 1489.0
1.0254251956939697, 1489.0
1.0341150760650635, 1489.0
1.0430262088775635, 1489.0
1.0516610145568848, 1489.0
1.0605309009552002, 1489.0
1.0691919326782227, 1489.0
1.0780029296875, 1489.0
1.0866150856018066, 1489.0
1.0953240394592285, 1489.0
1.1039659976959229, 1489.0
1.11275315284729, 1489.0
1.1214070320129395, 1489.0
1.1301579475402832, 1489.0
1.1388349533081055, 1489.0
1.1475470066070557, 1489.0
1.1562108993530273, 1489.0
1.164903163909912, 1489.0
1.1735179424285889, 1489.0
1.1821229457855225, 1489.0
1.190774917602539, 1489.0
1.1994690895080566, 1489.0
1.208092212677002, 1489.0
1.2166810035705566, 1489.0
1.225304126739502, 1489.0
1.2339351177215576, 1489.0
1.2428829669952393, 1489.0
1.2517638206481934, 1489.0
1.2606890201568604, 1489.0
1.2695810794830322, 1489.0
1.2782011032104492, 1489.0
1.286797046661377, 1489.0
1.295403003692627, 1489.0
1.3040070533752441, 1489.0
1.3125760555267334, 1489.0
1.3211569786071777, 1489.0
1.3297350406646729, 1489.0
1.3384120464324951, 1489.0
1.3470871448516846, 1489.0
1.3556740283966064, 1489.0
1.364264965057373, 1489.0
1.3728220462799072, 1489.0
1.3814167976379395, 1489.0
1.3899850845336914, 1489.0
1.3985390663146973, 1489.0
1.4071221351623535, 1489.0
1.4156970977783203, 1489.0
1.424333095550537, 1489.0
1.4330151081085205, 1489.0
1.4416840076446533, 1489.0
1.4503490924835205, 1489.0
1.4589738845825195, 1489.0
1.4675559997558594, 1489.0
1.4761629104614258, 1489.0
1.4847350120544434, 1489.0
1.4933271408081055, 1489.0
1.5019168853759766, 1489.0
1.5105011463165283, 1489.0
1.5190479755401611, 1489.0
1.5276331901550293, 1489.0
1.536208152770996, 1489.0
1.5449450016021729, 1489.0
1.5535521507263184, 1489.0
1.5621769428253174, 1489.0
1.5708200931549072, 1489.0
1.5794291496276855, 1489.0
1.588019847869873, 1489.0
1.5968518257141113, 1489.0
1.6056108474731445, 1489.0
1.6143968105316162, 1489.0
1.6231410503387451, 1489.0
1.6319899559020996, 1489.0
1.6412651538848877, 1489.0
1.6499178409576416, 1489.0
1.6584911346435547, 1489.0
1.6670420169830322, 1489.0
1.675616979598999, 1489.0
1.6841800212860107, 1489.0
1.6929898262023926, 1489.0
1.7019329071044922, 1489.0
1.710649013519287, 1489.0
1.719606876373291, 1489.0
1.7285349369049072, 1489.0
1.7374441623687744, 1489.0
1.746222972869873, 1489.0
1.7550098896026611, 1489.0
1.763828992843628, 1489.0
1.7726209163665771, 1489.0
1.7814080715179443, 1489.0
