0.002009868621826172, 348.0
0.004019975662231445, 973.0
0.005959987640380859, 1681.0
0.007946014404296875, 2222.0
0.00982809066772461, 2828.0
0.011837959289550781, 2855.0
0.013713836669921875, 3599.0
0.015591859817504883, 3915.0
0.017490863800048828, 4806.0
0.01936793327331543, 5548.0
0.02133798599243164, 6204.0
0.023257970809936523, 6322.0
0.025199174880981445, 6514.0
0.027158021926879883, 7101.0
0.029122114181518555, 8047.0
0.031007051467895508, 8412.0
0.0329289436340332, 8588.0
0.03485894203186035, 9446.0
0.03674602508544922, 9799.0
0.03864407539367676, 10249.0
0.04055595397949219, 10287.0
0.04243206977844238, 10929.0
0.04429793357849121, 11639.0
0.046201229095458984, 12018.0
0.04807615280151367, 12484.0
0.0499567985534668, 13083.0
0.05183601379394531, 13914.0
0.05372190475463867, 14660.0
0.05559206008911133, 14932.0
0.0575108528137207, 15867.0
0.05937790870666504, 16297.0
0.06125211715698242, 16298.0
0.06311821937561035, 16580.0
0.06501507759094238, 17265.0
0.06689786911010742, 17452.0
0.06876802444458008, 17707.0
0.07065510749816895, 17989.0
0.07252001762390137, 18972.0
0.07439398765563965, 19338.0
0.07627105712890625, 19935.0
0.07815885543823242, 20798.0
0.08003687858581543, 21348.0
0.08193802833557129, 22089.0
0.08382010459899902, 22877.0
0.0856928825378418, 22930.0
0.08757781982421875, 23314.0
0.08945512771606445, 23474.0
0.09132122993469238, 24331.0
0.09318995475769043, 25153.0
0.09506011009216309, 25976.0
0.09692811965942383, 26340.0
0.0987851619720459, 26778.0
0.10064101219177246, 27395.0
0.10250496864318848, 27890.0
0.10436892509460449, 28692.0
0.1062321662902832, 29654.0
0.10808992385864258, 29998.0
0.10995602607727051, 30887.0
0.11182689666748047, 31307.0
0.11371707916259766, 31823.0
0.1155998706817627, 32441.0
0.11747312545776367, 33225.0
0.1193537712097168, 34055.0
0.1212308406829834, 35047.0
0.12311100959777832, 35326.0
0.125, 35724.0
0.12686896324157715, 35784.0
0.12874603271484375, 36636.0
0.13063883781433105, 36980.0
0.13251399993896484, 37269.0
0.13439106941223145, 37657.0
0.13627195358276367, 37746.0
0.13822698593139648, 38688.0
0.14011597633361816, 39632.0
0.1419992446899414, 40357.0
0.14387297630310059, 40470.0
0.1457538604736328, 41171.0
0.14762496948242188, 42000.0
0.14951300621032715, 42393.0
0.1513831615447998, 42488.0
0.15324997901916504, 42785.0
0.15512919425964355, 43237.0
0.15699410438537598, 43610.0
0.15887999534606934, 44308.0
0.1607680320739746, 44385.0
0.16263818740844727, 45369.0
0.16451096534729004, 46055.0
0.1663820743560791, 46132.0
0.1719350814819336, 46885.0
0.17564010620117188, 47297.0
0.22143793106079102, 48114.0
0.2393641471862793, 48196.0
0.24136900901794434, 49068.0
0.26311802864074707, 50017.0
0.28839802742004395, 50777.0
0.3097710609436035, 51030.0
0.38517093658447266, 51587.0
0.4827749729156494, 51756.0
0.5752899646759033, 51781.0
0.6119050979614258, 51833.0
0.6608541011810303, 52275.0
0.6844949722290039, 52969.0
0.7400739192962646, 53855.0
0.7500748634338379, 54364.0
0.7677969932556152, 54644.0
0.7814359664916992, 54835.0
0.7875699996948242, 55741.0
0.8646018505096436, 55776.0
0.924159049987793, 56291.0
0.9337711334228516, 56585.0
0.9453270435333252, 57138.0
0.9703259468078613, 57494.0
0.9895451068878174, 58451.0
1.0071439743041992, 58650.0
1.2389509677886963, 59555.0
1.3451871871948242, 59937.0
1.3878989219665527, 60300.0
1.4033868312835693, 61168.0
1.409123182296753, 61500.0
1.4110989570617676, 62368.0
1.413017988204956, 62658.0
1.422569990158081, 62777.0
1.453401803970337, 63062.0
1.495290994644165, 63547.0
1.4972319602966309, 63609.0
1.5010838508605957, 64461.0
1.5257768630981445, 65126.0
1.540982961654663, 66124.0
1.5714869499206543, 66510.0
1.5829598903656006, 67357.0
1.757457971572876, 68050.0
1.835162878036499, 68995.0
2.043487071990967, 69634.0
2.0774872303009033, 70108.0
2.083184003829956, 70220.0
2.100158929824829, 70852.0
2.1077470779418945, 71331.0
2.1325020790100098, 71821.0
2.409619092941284, 72488.0
2.4229371547698975, 73279.0
2.493391990661621, 73729.0
2.497318983078003, 73851.0
2.5070979595184326, 74506.0
2.511033773422241, 75263.0
2.5267419815063477, 75868.0
2.573319911956787, 76316.0
2.584946870803833, 76518.0
2.5869300365448, 76750.0
2.5888938903808594, 76752.0
2.590862989425659, 77344.0
2.621767044067383, 77429.0
2.639188051223755, 77807.0
2.714444160461426, 78804.0
2.7183408737182617, 79340.0
2.7949600219726562, 80015.0
2.963089942932129, 80710.0
2.982135057449341, 81500.0
3.0011839866638184, 82296.0
3.170445203781128, 82353.0
3.3112881183624268, 83073.0
3.50040602684021, 83555.0
3.5079920291900635, 84057.0
3.5099258422851562, 84769.0
3.5382871627807617, 85594.0
3.553424835205078, 85641.0
3.564772844314575, 86059.0
3.5930869579315186, 86578.0
3.5950121879577637, 86652.0
3.640338897705078, 87216.0
3.723604917526245, 87905.0
3.7312190532684326, 88380.0
3.733142137527466, 88988.0
3.81623911857605, 89654.0
3.8447530269622803, 90565.0
3.9772732257843018, 90667.0
4.401025056838989, 91330.0
4.408992052078247, 91678.0
4.515582084655762, 92469.0
4.6651458740234375, 92747.0
4.717139005661011, 93019.0
5.0847461223602295, 93355.0
5.154994010925293, 93430.0
5.23500394821167, 93494.0
5.305706024169922, 93832.0
5.3190531730651855, 93969.0
5.326674938201904, 94071.0
5.338244199752808, 94246.0
5.355463027954102, 94484.0
5.363094091415405, 94568.0
5.37642502784729, 95499.0
5.382179021835327, 96004.0
5.384115934371948, 96682.0
5.627705097198486, 97329.0
5.633776903152466, 97753.0
5.74946403503418, 97926.0
5.763821125030518, 98265.0
5.765902042388916, 98339.0
5.775917053222656, 98463.0
5.7779541015625, 99308.0
5.809758901596069, 100020.0
5.86536979675293, 100133.0
5.867396831512451, 100511.0
5.869422197341919, 101472.0
5.873425006866455, 102028.0
5.958954095840454, 102442.0
5.962977170944214, 102579.0
6.041033983230591, 103241.0
6.242347002029419, 103397.0
6.462625026702881, 103644.0
6.46645712852478, 104276.0
6.549660921096802, 104780.0
6.55354905128479, 104972.0
7.148030042648315, 105549.0
7.250125169754028, 106176.0
7.308852910995483, 106510.0
7.325932025909424, 107072.0
7.3448920249938965, 107919.0
7.575881004333496, 108083.0
7.577810049057007, 108257.0
7.610007047653198, 109148.0
7.678116083145142, 109827.0
7.7574989795684814, 110098.0
7.861386060714722, 110159.0
7.897316217422485, 110168.0
7.9426939487457275, 110542.0
8.437369108200073, 111250.0
8.513031959533691, 111965.0
8.536281108856201, 112354.0
8.540313959121704, 112796.0
8.560296058654785, 113091.0
8.56229305267334, 113911.0
8.576020956039429, 114227.0
8.57801079750061, 114708.0
8.593670845031738, 115168.0
8.818428039550781, 116124.0
8.961302042007446, 116220.0
8.965211868286133, 116349.0
8.97489595413208, 116802.0
9.349868059158325, 117466.0
9.47931694984436, 117584.0
9.689006090164185, 118166.0
9.690963983535767, 118458.0
9.694841861724854, 118977.0
9.706301927566528, 119367.0
9.715897798538208, 119591.0
9.793676137924194, 120145.0
9.863790035247803, 120597.0
10.114037990570068, 121087.0
10.129255056381226, 121185.0
10.144468069076538, 121806.0
10.150227069854736, 122229.0
10.178699016571045, 122484.0
10.305644035339355, 123090.0
10.313208103179932, 123255.0
10.31892204284668, 124159.0
10.320841073989868, 124678.0
10.35853099822998, 124897.0
10.550465106964111, 125026.0
10.558020114898682, 125796.0
10.595314025878906, 126479.0
10.69524097442627, 126746.0
10.751734972000122, 126857.0
10.768697023391724, 127067.0
10.813821077346802, 127476.0
10.847768068313599, 128057.0
10.866597890853882, 129044.0
11.211106061935425, 129434.0
11.22620177268982, 130389.0
11.290268898010254, 130719.0
11.301671028137207, 131508.0
11.427817106246948, 132243.0
11.538706064224243, 132618.0
11.546267986297607, 133599.0
11.557592153549194, 134197.0
11.56326699256897, 134950.0
11.565178871154785, 135909.0
11.56709885597229, 136301.0
11.597272157669067, 136632.0
11.604864120483398, 136936.0
11.736804246902466, 137003.0
11.753818988800049, 137634.0
11.808490991592407, 138177.0
11.89700722694397, 138240.0
12.017426013946533, 138986.0
12.319023847579956, 139160.0
12.32846212387085, 139731.0
12.356725931167603, 140267.0
12.360526084899902, 140432.0
12.401966094970703, 140790.0
12.664556980133057, 140993.0
12.720953941345215, 141218.0
12.730382919311523, 141750.0
12.737945079803467, 141870.0
12.773764848709106, 142438.0
13.533176183700562, 142622.0
13.535087823867798, 143432.0
13.540770053863525, 143555.0
13.546452045440674, 143589.0
13.617977857589722, 143620.0
13.629293203353882, 144166.0
13.729059219360352, 144832.0
13.736622095108032, 145013.0
14.03599214553833, 145836.0
14.045431137084961, 146264.0
14.209135055541992, 146587.0
14.31852388381958, 146973.0
14.382575035095215, 147199.0
14.427876949310303, 147481.0
14.458048105239868, 147484.0
14.937857151031494, 147901.0
14.951061964035034, 148121.0
14.971781969070435, 148409.0
14.983121871948242, 148821.0
15.899201154708862, 148992.0
16.282766103744507, 149457.0
16.301466941833496, 149505.0
16.305238008499146, 149575.0
16.314630031585693, 150048.0
16.952672958374023, 150845.0
17.12235116958618, 151242.0
17.281060934066772, 151531.0
17.492198944091797, 151938.0
17.533284902572632, 152846.0
17.53894305229187, 153395.0
17.675563097000122, 153465.0
17.68872094154358, 153584.0
17.896516799926758, 154404.0
17.902180910110474, 154887.0
17.97688102722168, 155056.0
17.997452974319458, 155312.0
18.18231987953186, 156006.0
18.309246063232422, 156772.0
18.335438013076782, 156866.0
18.339207887649536, 157149.0
18.341115951538086, 157547.0
18.365466833114624, 158039.0
18.421583890914917, 158629.0
18.436541080474854, 158980.0
18.43844985961914, 159267.0
18.66052007675171, 159591.0
18.662425994873047, 160261.0
18.669928073883057, 160303.0
19.24555802345276, 161066.0
19.283966064453125, 161957.0
19.446474075317383, 162802.0
19.548882007598877, 163593.0
19.581091165542603, 164579.0
19.645539045333862, 165013.0
19.84038805961609, 165283.0
19.988006830215454, 165642.0
20.07311201095581, 166456.0
20.080720901489258, 167355.0
20.28402304649353, 167437.0
20.462242126464844, 167463.0
20.4792001247406, 168146.0
20.59567379951477, 168233.0
20.70472288131714, 169032.0
20.70663809776306, 169784.0
20.759899854660034, 170341.0
20.795010089874268, 171315.0
20.849478006362915, 171909.0
20.89814305305481, 172232.0
21.00516986846924, 172910.0
21.141403913497925, 173081.0
21.153136014938354, 173423.0
21.172661066055298, 174334.0
21.37510085105896, 174418.0
21.40412187576294, 174750.0
21.74416422843933, 174789.0
21.87100601196289, 175019.0
21.963281869888306, 175837.0
22.048847913742065, 176028.0
22.069792985916138, 176314.0
22.090747833251953, 176782.0
22.10217595100403, 176790.0
22.258075952529907, 176972.0
22.65233302116394, 177394.0
22.807574033737183, 178117.0
22.872241973876953, 178416.0
22.895099878311157, 178600.0
22.92552614212036, 178867.0
23.00536799430847, 178957.0
23.06244993209839, 179541.0
23.071990966796875, 179985.0
23.134777784347534, 179997.0
23.21075701713562, 180049.0
23.672478914260864, 180207.0
23.704644203186035, 181006.0
23.712223052978516, 181144.0
23.717931032180786, 181395.0
23.755729913711548, 182130.0
23.767101049423218, 182905.0
23.908787965774536, 183804.0
24.08635187149048, 184005.0
24.12231993675232, 184031.0
24.156388998031616, 184680.0
24.17530918121338, 184809.0
24.56068992614746, 185314.0
28.50970697402954, 185598.0
28.52311396598816, 185605.0
28.542232036590576, 185696.0
29.12342405319214, 186074.0
32.39138698577881, 186491.0
32.41646909713745, 186627.0
33.00159788131714, 187010.0
33.15150809288025, 187593.0
33.310781955718994, 187956.0
33.53447198867798, 188527.0
33.56099009513855, 189069.0
33.581844091415405, 189928.0
34.140722036361694, 190070.0
34.16536593437195, 190652.0
34.17675018310547, 190881.0
34.182461977005005, 191316.0
34.19009590148926, 192303.0
34.20151495933533, 193086.0
34.224279165267944, 194033.0
34.358863830566406, 194076.0
34.377821922302246, 194641.0
34.529541015625, 195274.0
34.64318799972534, 195383.0
34.82139801979065, 195641.0
34.84038305282593, 196004.0
34.84801483154297, 196875.0
35.15638995170593, 196998.0
35.181105852127075, 197029.0
35.19250512123108, 197577.0
35.21525311470032, 197914.0
35.232369899749756, 198885.0
35.43323302268982, 199298.0
35.43516802787781, 199550.0
35.440889835357666, 200371.0
35.442821979522705, 200986.0
35.62842607498169, 201407.0
35.63225293159485, 201458.0
35.69854211807251, 201562.0
35.73264479637146, 201830.0
37.10367798805237, 202240.0
37.19193506240845, 202343.0
37.26286220550537, 202842.0
37.2801730632782, 203776.0
38.76824903488159, 203874.0
38.81014084815979, 204195.0
38.8824360370636, 204325.0
39.38062810897827, 204330.0
39.38451099395752, 205205.0
39.386465072631836, 205637.0
39.399932861328125, 205814.0
39.547823905944824, 206019.0
39.567063093185425, 206566.0
39.5690131187439, 207039.0
39.61119890213013, 207060.0
39.678369998931885, 207066.0
40.34770107269287, 207101.0
40.49476504325867, 207745.0
40.53438687324524, 208474.0
40.5928430557251, 209230.0
40.90598392486572, 210006.0
41.04919195175171, 210171.0
41.060720920562744, 210586.0
41.40836715698242, 210912.0
42.86558485031128, 211330.0
42.884202003479004, 212142.0
42.899129152297974, 213105.0
42.96598505973816, 213497.0
43.9053680896759, 213753.0
43.9332160949707, 214284.0
43.93510699272156, 215188.0
44.12771415710449, 215861.0
44.13521099090576, 215866.0
44.14267015457153, 215958.0
44.20767378807068, 216644.0
44.36331486701965, 217202.0
44.3652081489563, 218132.0
44.461551904678345, 218574.0
44.58564901351929, 218644.0
44.609778881073, 218751.0
44.85815191268921, 218874.0
44.885947942733765, 218958.0
45.021109104156494, 219280.0
45.0600368976593, 220255.0
45.08235502243042, 220838.0
45.924724102020264, 221463.0
46.03543496131897, 221474.0
46.10534310340881, 222023.0
46.355008125305176, 222284.0
46.587340116500854, 223026.0
46.78967499732971, 223053.0
46.79166102409363, 223347.0
46.8365912437439, 224112.0
47.07320594787598, 224292.0
47.09013104438782, 224510.0
47.18157386779785, 225293.0
47.18576693534851, 225743.0
47.19955611228943, 226111.0
47.23654294013977, 226277.0
47.24242305755615, 226794.0
47.32786989212036, 227133.0
47.39782190322876, 227247.0
47.611019134521484, 227418.0
47.63623881340027, 227700.0
47.73302412033081, 228009.0
47.73691701889038, 228134.0
47.827831983566284, 228726.0
47.88965106010437, 228982.0
47.918715953826904, 229063.0
47.92068099975586, 229332.0
49.07261896133423, 229808.0
49.3448920249939, 230504.0
49.354706048965454, 230736.0
49.40176200866699, 231215.0
49.419389963150024, 231857.0
49.58478283882141, 232017.0
49.737447023391724, 232186.0
49.766419887542725, 232904.0
49.892043113708496, 233157.0
49.948036193847656, 233654.0
50.204143047332764, 233854.0
50.246169090270996, 234688.0
50.299492835998535, 235145.0
50.33378314971924, 235504.0
50.37189292907715, 236161.0
50.392845153808594, 236282.0
50.42904615402222, 236901.0
50.440566062927246, 237541.0
50.50922703742981, 237596.0
50.53406381607056, 238141.0
50.570332050323486, 238579.0
50.577991008758545, 239268.0
50.730677127838135, 239925.0
50.776443004608154, 240061.0
50.78029704093933, 241022.0
50.80322504043579, 241534.0
50.881417989730835, 241677.0
57.904865980148315, 242028.0
58.02256107330322, 242312.0
58.05874419212341, 242374.0
58.0660400390625, 243122.0
58.07511496543884, 244021.0
58.08786416053772, 244802.0
58.13498902320862, 244967.0
58.2434298992157, 245728.0
58.24889612197876, 246422.0
58.2688148021698, 246675.0
58.27248215675354, 247132.0
58.446041107177734, 247280.0
58.53296113014221, 247840.0
58.64329504966736, 248206.0
58.648756980895996, 249162.0
58.88916993141174, 249357.0
58.90550899505615, 249364.0
61.73569893836975, 249393.0
61.76515603065491, 249573.0
61.77302813529968, 250175.0
61.78678512573242, 250277.0
61.82397794723511, 250779.0
61.86890697479248, 251117.0
61.929306983947754, 251531.0
61.964333057403564, 251573.0
62.28102993965149, 251807.0
62.286842823028564, 252297.0
63.35664892196655, 252612.0
63.605989933013916, 252835.0
63.68370008468628, 253151.0
64.01142191886902, 253202.0
64.01713013648987, 253305.0
64.02284383773804, 253762.0
64.02853798866272, 254332.0
64.03235507011414, 254449.0
64.03807497024536, 255231.0
64.18418598175049, 255849.0
64.24275994300842, 256789.0
64.26550507545471, 256824.0
64.39773488044739, 256995.0
64.48839092254639, 257369.0
64.6793601512909, 257607.0
64.73044300079346, 257776.0
64.85326504707336, 258374.0
64.91752290725708, 258549.0
64.9760799407959, 259164.0
65.01389002799988, 259584.0
65.09311103820801, 260198.0
65.09691190719604, 261095.0
65.12333011627197, 261098.0
65.12524700164795, 261487.0
65.2948009967804, 261544.0
65.29859614372253, 262430.0
65.30240106582642, 263124.0
65.38156485557556, 264009.0
67.23546195030212, 264241.0
67.23731398582458, 264888.0
67.24283814430237, 265681.0
67.46710395812988, 265685.0
67.46898794174194, 266377.0
67.47997999191284, 266491.0
67.49096393585205, 267148.0
67.5073869228363, 267277.0
67.51653099060059, 267398.0
67.95714521408081, 267459.0
68.07288813591003, 268108.0
68.17032980918884, 268489.0
68.54937291145325, 268574.0
68.57656502723694, 269280.0
68.57854104042053, 269923.0
68.81749606132507, 269974.0
69.06068396568298, 270006.0
69.08183813095093, 270149.0
71.68078398704529, 270315.0
71.7746000289917, 270458.0
71.78420519828796, 271193.0
72.08781003952026, 271197.0
72.18715500831604, 272181.0
72.2196831703186, 272271.0
72.27518606185913, 272898.0
72.47959208488464, 272910.0
72.55049395561218, 273244.0
72.66757202148438, 273384.0
72.7364730834961, 274019.0
72.75940108299255, 274428.0
72.76135301589966, 275075.0
72.7709481716156, 275846.0
72.92373704910278, 275982.0
73.12794303894043, 276206.0
73.37224817276001, 276797.0
73.40662813186646, 277418.0
73.41999387741089, 277687.0
73.42193794250488, 277712.0
73.60313391685486, 278364.0
73.63180804252625, 279096.0
73.64709091186523, 279716.0
73.76322317123413, 279952.0
74.32743191719055, 280063.0
74.44341516494751, 280487.0
75.37380790710449, 280802.0
75.37567210197449, 280951.0
75.381178855896, 281303.0
75.38305115699768, 281563.0
75.41049098968506, 282087.0
75.7295618057251, 282276.0
76.4164628982544, 282300.0
76.53901100158691, 282631.0
76.55004596710205, 283280.0
76.57565116882324, 283770.0
76.67645502090454, 284580.0
76.94698905944824, 284678.0
76.99270701408386, 285025.0
77.02016401290894, 286022.0
77.07505416870117, 286209.0
77.27994394302368, 286442.0
77.87820291519165, 286557.0
78.22800588607788, 286573.0
78.29789805412292, 286601.0
78.32863903045654, 287392.0
78.39381313323975, 287574.0
78.50500798225403, 288366.0
78.84377813339233, 288684.0
79.00611209869385, 289384.0
79.04226398468018, 289641.0
79.28981304168701, 290089.0
79.3488929271698, 290404.0
79.45372104644775, 291170.0
79.48420715332031, 291875.0
79.62697100639343, 292216.0
79.82676887512207, 292327.0
79.91811800003052, 292496.0
79.94289898872375, 292863.0
80.0626471042633, 293627.0
80.10830998420715, 294205.0
80.61570310592651, 294328.0
80.90263819694519, 294440.0
80.91405010223389, 294986.0
80.91978287696838, 295412.0
80.92172598838806, 295740.0
80.94075918197632, 295893.0
80.94839191436768, 296736.0
80.9845860004425, 296901.0
81.18242597579956, 297769.0
81.23375010490417, 298323.0
81.26798009872437, 298561.0
81.51693797111511, 299176.0
82.15883898735046, 299427.0
82.21954679489136, 299613.0
82.38470196723938, 300004.0
82.47192287445068, 300694.0
83.58996105194092, 301231.0
83.6355619430542, 301662.0
83.63748717308044, 301907.0
83.65082097053528, 301949.0
83.70773720741272, 302696.0
83.90424084663391, 303160.0
83.95167589187622, 303629.0
84.01430821418762, 304613.0
84.25887107849121, 305183.0
84.29897809028625, 305402.0
84.39222884178162, 305598.0
84.51011109352112, 305646.0
84.5120460987091, 305903.0
84.574627161026, 306637.0
84.58794498443604, 306802.0
84.7548999786377, 307358.0
84.91423487663269, 308255.0
85.14009594917297, 308549.0
85.22364115715027, 308923.0
85.91434288024902, 309490.0
86.05070209503174, 309784.0
86.0797770023346, 310019.0
86.20767116546631, 310765.0
86.40463495254517, 310854.0
86.76966094970703, 311152.0
87.0051121711731, 311452.0
87.10729694366455, 311998.0
87.11119794845581, 312389.0
88.06428813934326, 312818.0
88.83841800689697, 313425.0
88.86736416816711, 313869.0
88.91179299354553, 314200.0
88.93112802505493, 314246.0
88.9504189491272, 314632.0
89.02752900123596, 315352.0
89.08158493041992, 316342.0
89.16835308074951, 316629.0
89.42452788352966, 316965.0
89.4515290260315, 317822.0
90.51173305511475, 317927.0
90.56166815757751, 318488.0
90.61737704277039, 319292.0
90.92843198776245, 319462.0
91.04184985160828, 319763.0
91.0515148639679, 320241.0
91.2471911907196, 320475.0
91.26450800895691, 320526.0
91.55648112297058, 320701.0
91.60265183448792, 321480.0
93.14443492889404, 322099.0
93.14643502235413, 322984.0
93.15628600120544, 323949.0
93.16419100761414, 324061.0
93.27616214752197, 324851.0
93.6396050453186, 325330.0
93.72709393501282, 326067.0
93.79866909980774, 326320.0
94.09602999687195, 326494.0
94.31477093696594, 326515.0
94.33609390258789, 326968.0
94.35741710662842, 327766.0
94.66621112823486, 328079.0
95.45522999763489, 328216.0
95.55209398269653, 328801.0
95.63369917869568, 329153.0
96.12174105644226, 329606.0
96.17097306251526, 330121.0
96.27901911735535, 330782.0
96.36620593070984, 330872.0
96.40593314170837, 331075.0
96.42107796669006, 331245.0
96.69308114051819, 332044.0
96.6987841129303, 332226.0
96.75168418884277, 332595.0
96.83302307128906, 332709.0
97.29776501655579, 332859.0
97.56226420402527, 332961.0
98.05561709403992, 333233.0
99.09496188163757, 333573.0
99.13092303276062, 334043.0
99.16116404533386, 334580.0
99.29521703720093, 335463.0
99.95261907577515, 335854.0
100.2485818862915, 336458.0
100.38093495368958, 336639.0
101.76509118080139, 337022.0
101.8274130821228, 337685.0
101.91810703277588, 338198.0
102.2327401638031, 338249.0
102.59530591964722, 338446.0
102.87112712860107, 338661.0
103.50218200683594, 338913.0
103.751140832901, 339053.0
104.28473711013794, 339523.0
104.92296981811523, 340388.0
105.28946995735168, 341124.0
105.90712404251099, 341319.0
107.11490797996521, 341742.0
107.43801188468933, 341769.0
107.84040904045105, 342036.0
109.7124240398407, 342316.0
109.72202181816101, 342653.0
110.68789291381836, 342772.0
111.57056307792664, 342954.0
112.21597099304199, 342963.0
112.37333798408508, 343772.0
112.98101711273193, 344501.0
113.41552495956421, 345282.0
114.84986591339111, 345374.0
117.01206517219543, 345758.0
117.50204396247864, 346332.0
117.72612619400024, 346502.0
117.77972984313965, 347133.0
118.3578770160675, 347499.0
119.11807799339294, 347636.0
120.73230481147766, 347722.0
120.83713412284851, 348669.0
120.85254883766174, 348704.0
121.00424909591675, 348910.0
121.66462206840515, 348994.0
122.10754108428955, 349564.0
122.28185510635376, 349782.0
122.3973639011383, 350656.0
122.46752595901489, 351173.0
123.78156018257141, 351178.0
124.53883290290833, 351829.0
126.48848700523376, 352674.0
126.52640891075134, 352822.0
131.1072599887848, 353407.0
131.11858797073364, 353547.0
131.18082523345947, 354230.0
131.34683084487915, 354943.0
131.52426195144653, 355129.0
132.80957913398743, 356059.0
134.40996718406677, 356621.0
135.8882350921631, 356642.0
139.01150393486023, 357139.0
165.77448296546936, 357785.0
180.35572600364685, 358059.0
