4.792213439941406e-05, 711.0
0.00049591064453125, 744.0
0.00061798095703125, 792.0
0.0006990432739257812, 1024.0
0.0013477802276611328, 1724.0
0.0024840831756591797, 2181.0
0.0026078224182128906, 2951.0
0.0059850215911865234, 3010.0
0.006028890609741211, 3884.0
0.006591081619262695, 4654.0
0.00869297981262207, 5073.0
0.009146928787231445, 5749.0
0.009848833084106445, 6318.0
0.010614156723022461, 7109.0
0.23455286026000977, 7850.0
0.23650097846984863, 8175.0
0.3369779586791992, 8392.0
0.8537218570709229, 8541.0
1.0937490463256836, 8703.0
1.2173519134521484, 8723.0
1.388406753540039, 9003.0
1.6563620567321777, 9284.0
1.66371488571167, 9384.0
1.6721298694610596, 9464.0
1.6725451946258545, 10053.0
1.7145609855651855, 10209.0
1.7186200618743896, 10391.0
2.2783329486846924, 10714.0
