0.01898193359375, 1302.0
0.03431987762451172, 1302.0
0.049627065658569336, 1302.0
0.06487798690795898, 1370.0
0.08070206642150879, 1370.0
0.09668684005737305, 1370.0
0.11248326301574707, 1374.0
0.12830018997192383, 1418.0
0.14432501792907715, 1418.0
0.1602001190185547, 1433.0
0.1760420799255371, 1453.0
0.19196295738220215, 1478.0
0.20779705047607422, 1527.0
0.22405505180358887, 1527.0
0.24057984352111816, 1527.0
0.25716686248779297, 1527.0
0.27376699447631836, 1527.0
0.29019713401794434, 1527.0
0.30620718002319336, 1557.0
0.3222391605377197, 1557.0
0.3382890224456787, 1557.0
0.35428404808044434, 1557.0
0.37026500701904297, 1557.0
0.3862299919128418, 1557.0
0.4022219181060791, 1558.0
0.4181809425354004, 1558.0
0.43418097496032715, 1558.0
0.4503171443939209, 1558.0
0.4663670063018799, 1558.0
0.4824988842010498, 1558.0
0.49866700172424316, 1558.0
0.5149478912353516, 1558.0
0.5312881469726562, 1558.0
0.5478391647338867, 1589.0
0.5643651485443115, 1589.0
0.5808699131011963, 1589.0
0.5966689586639404, 1589.0
0.6124789714813232, 1589.0
0.6282682418823242, 1589.0
0.6440689563751221, 1589.0
0.6598379611968994, 1589.0
0.6755862236022949, 1589.0
0.6913330554962158, 1589.0
0.7070600986480713, 1589.0
0.7228050231933594, 1589.0
0.7385680675506592, 1589.0
0.7543351650238037, 1589.0
0.7701561450958252, 1589.0
0.7859110832214355, 1589.0
0.8016400337219238, 1589.0
0.8173861503601074, 1589.0
0.8330929279327393, 1589.0
0.8488540649414062, 1589.0
0.864577054977417, 1589.0
0.8802661895751953, 1589.0
0.8962681293487549, 1589.0
0.9120190143585205, 1589.0
0.9277160167694092, 1589.0
0.9433870315551758, 1589.0
0.959144115447998, 1589.0
0.9748461246490479, 1589.0
0.9905600547790527, 1589.0
1.0062851905822754, 1589.0
1.0219931602478027, 1589.0
1.0377230644226074, 1589.0
1.053436040878296, 1589.0
1.069200038909912, 1589.0
1.0852580070495605, 1589.0
1.1016011238098145, 1589.0
1.1192889213562012, 1589.0
1.1358962059020996, 1589.0
1.1517751216888428, 1589.0
1.1675570011138916, 1589.0
1.1832919120788574, 1589.0
1.1989781856536865, 1589.0
1.214677095413208, 1589.0
1.2303712368011475, 1589.0
1.2460172176361084, 1589.0
1.2616560459136963, 1589.0
1.2775309085845947, 1589.0
1.2933111190795898, 1589.0
1.3090808391571045, 1589.0
1.3248910903930664, 1589.0
1.3406391143798828, 1589.0
1.3564140796661377, 1589.0
1.3722288608551025, 1589.0
1.3880641460418701, 1589.0
1.4043018817901611, 1589.0
1.4203641414642334, 1589.0
1.4365100860595703, 1589.0
1.4526360034942627, 1589.0
1.4688069820404053, 1589.0
1.4848721027374268, 1589.0
1.5009360313415527, 1589.0
1.5170609951019287, 1589.0
1.533262014389038, 1589.0
1.549785852432251, 1589.0
1.566399097442627, 1589.0
1.5831499099731445, 1589.0
1.5994980335235596, 1589.0
1.615584135055542, 1589.0
1.6316261291503906, 1589.0
1.6476879119873047, 1589.0
1.6637508869171143, 1589.0
1.6798169612884521, 1589.0
1.6958742141723633, 1589.0
1.7119150161743164, 1589.0
1.72798490524292, 1589.0
1.7440130710601807, 1589.0
1.7602179050445557, 1589.0
1.7763049602508545, 1589.0
1.7925100326538086, 1589.0
1.808784008026123, 1589.0
1.825063943862915, 1589.0
1.841352939605713, 1589.0
1.8575921058654785, 1589.0
1.8737502098083496, 1589.0
1.8900492191314697, 1589.0
1.9057400226593018, 1589.0
1.921443223953247, 1589.0
1.9370760917663574, 1589.0
1.9528210163116455, 1589.0
1.9685251712799072, 1589.0
1.9842581748962402, 1589.0
1.9998691082000732, 1589.0
2.015554189682007, 1589.0
2.031172037124634, 1589.0
2.046830892562866, 1589.0
2.0624778270721436, 1589.0
2.0780811309814453, 1589.0
2.094379186630249, 1589.0
2.1104650497436523, 1589.0
2.126413106918335, 1589.0
2.142181873321533, 1589.0
2.158003091812134, 1589.0
2.17376708984375, 1589.0
2.1894538402557373, 1589.0
2.205144166946411, 1589.0
2.22088885307312, 1589.0
2.2366931438446045, 1589.0
2.25238299369812, 1589.0
2.268353223800659, 1589.0
2.284792184829712, 1589.0
2.3009591102600098, 1589.0
2.3169000148773193, 1589.0
2.332632064819336, 1589.0
2.3482818603515625, 1589.0
2.3640201091766357, 1589.0
2.3797049522399902, 1589.0
2.3954079151153564, 1589.0
2.411033868789673, 1589.0
2.42673397064209, 1589.0
2.442401170730591, 1589.0
2.458073854446411, 1589.0
2.4737610816955566, 1589.0
2.489466905593872, 1589.0
2.5051960945129395, 1589.0
2.520915985107422, 1589.0
2.53664493560791, 1589.0
2.552361011505127, 1589.0
2.568047046661377, 1589.0
2.583773136138916, 1589.0
2.5994620323181152, 1589.0
2.6152231693267822, 1589.0
2.6309330463409424, 1589.0
2.646638870239258, 1589.0
2.662343978881836, 1589.0
2.678023099899292, 1589.0
2.69368314743042, 1589.0
2.709390878677368, 1589.0
2.7250640392303467, 1589.0
2.7407209873199463, 1589.0
2.756387233734131, 1589.0
2.77203106880188, 1589.0
2.7876839637756348, 1589.0
2.8033549785614014, 1589.0
2.81902813911438, 1589.0
2.8347232341766357, 1589.0
2.8503708839416504, 1589.0
2.8660449981689453, 1589.0
2.881695032119751, 1589.0
2.897305965423584, 1589.0
2.912973165512085, 1589.0
2.9286112785339355, 1589.0
2.944277048110962, 1589.0
2.9598960876464844, 1589.0
2.9755001068115234, 1589.0
2.991205930709839, 1589.0
3.0068612098693848, 1589.0
3.022533893585205, 1589.0
3.038144111633301, 1589.0
3.053765058517456, 1589.0
3.069395065307617, 1589.0
3.0853309631347656, 1589.0
3.101233959197998, 1589.0
3.1172380447387695, 1589.0
3.133125066757202, 1589.0
3.14871883392334, 1589.0
3.1643521785736084, 1589.0
3.1799349784851074, 1589.0
3.195976972579956, 1589.0
