0.009571075439453125, 5484.0
0.01798701286315918, 5825.0
0.026530027389526367, 6405.0
0.03551673889160156, 7664.0
0.0441279411315918, 7846.0
0.05278301239013672, 7846.0
0.06145596504211426, 8940.0
0.07022309303283691, 8940.0
0.079010009765625, 8940.0
0.08786702156066895, 8940.0
0.09675478935241699, 8940.0
0.10566997528076172, 8990.0
0.11465597152709961, 8990.0
0.12366104125976562, 9147.0
0.13257169723510742, 9147.0
0.14152097702026367, 9147.0
0.15057992935180664, 9147.0
0.1600508689880371, 9147.0
0.16927504539489746, 9147.0
0.17859697341918945, 9147.0
0.18774914741516113, 9147.0
0.19678306579589844, 9147.0
0.20578289031982422, 9147.0
0.21475505828857422, 9147.0
0.22379112243652344, 9147.0
0.2330179214477539, 9147.0
0.24202585220336914, 9147.0
0.25101304054260254, 9147.0
0.25997400283813477, 9147.0
0.26895570755004883, 9147.0
0.2778947353363037, 9147.0
0.2870357036590576, 9147.0
0.2962338924407959, 9147.0
0.3054797649383545, 9147.0
0.3144979476928711, 9147.0
0.32347583770751953, 9147.0
0.33243584632873535, 9147.0
0.3414340019226074, 9147.0
0.35047006607055664, 9147.0
0.359454870223999, 9147.0
0.3684689998626709, 9147.0
0.3774728775024414, 9147.0
0.3864591121673584, 9147.0
0.3953819274902344, 9147.0
0.40434885025024414, 9147.0
0.41332197189331055, 9147.0
0.4222559928894043, 9147.0
0.43123817443847656, 9147.0
0.4401710033416748, 9147.0
0.4491708278656006, 9147.0
0.4583759307861328, 9147.0
0.4673740863800049, 9147.0
0.47634100914001465, 9147.0
0.48534607887268066, 9147.0
0.49430084228515625, 9147.0
0.503277063369751, 9147.0
0.5122098922729492, 9147.0
0.5211539268493652, 9147.0
0.5300741195678711, 9147.0
0.5390608310699463, 9147.0
0.5480189323425293, 9147.0
0.5569677352905273, 9147.0
0.5659029483795166, 9147.0
0.5748989582061768, 9147.0
0.5838589668273926, 9147.0
0.5928318500518799, 9147.0
0.6022357940673828, 9147.0
0.6115267276763916, 9147.0
0.6205959320068359, 9147.0
0.6296470165252686, 9147.0
0.6386628150939941, 9147.0
0.6476669311523438, 9147.0
0.656714916229248, 9147.0
0.6657488346099854, 9147.0
0.6747250556945801, 9147.0
0.6838350296020508, 9147.0
0.692983865737915, 9147.0
0.7021269798278809, 9147.0
0.7113237380981445, 9147.0
0.7205710411071777, 9147.0
0.7296559810638428, 9147.0
0.7387597560882568, 9147.0
0.7478330135345459, 9147.0
0.7570009231567383, 9147.0
0.7660541534423828, 9147.0
0.775130033493042, 9147.0
0.7841699123382568, 9147.0
0.7932348251342773, 9147.0
0.80228590965271, 9147.0
0.8113048076629639, 9147.0
0.8203389644622803, 9147.0
0.8294119834899902, 9147.0
0.838447093963623, 9147.0
0.8474941253662109, 9147.0
0.8565678596496582, 9147.0
0.8656418323516846, 9147.0
0.8747079372406006, 9147.0
0.8837637901306152, 9147.0
0.8927958011627197, 9147.0
0.9018349647521973, 9147.0
0.9108779430389404, 9147.0
0.9198908805847168, 9147.0
0.928886890411377, 9147.0
0.9379749298095703, 9147.0
0.9470357894897461, 9147.0
0.9560928344726562, 9147.0
0.965177059173584, 9147.0
0.9742228984832764, 9147.0
0.9832580089569092, 9147.0
0.9923560619354248, 9147.0
1.0013937950134277, 9147.0
1.0104598999023438, 9147.0
1.0195980072021484, 9147.0
1.0287089347839355, 9147.0
1.0378179550170898, 9147.0
1.0468149185180664, 9147.0
1.055845022201538, 9147.0
1.0648539066314697, 9147.0
1.073880910873413, 9147.0
1.082892894744873, 9147.0
1.0919349193572998, 9147.0
1.1009199619293213, 9147.0
1.1100757122039795, 9147.0
1.119410753250122, 9147.0
1.1284868717193604, 9147.0
1.1376171112060547, 9147.0
1.1467487812042236, 9147.0
1.1557998657226562, 9147.0
1.1649210453033447, 9147.0
1.1739587783813477, 9147.0
1.1829948425292969, 9147.0
1.1920208930969238, 9147.0
1.2011058330535889, 9147.0
1.2102489471435547, 9147.0
1.2194030284881592, 9147.0
1.2288739681243896, 9147.0
1.2386260032653809, 9147.0
1.2482218742370605, 9147.0
1.257706880569458, 9147.0
1.2672381401062012, 9147.0
1.2766330242156982, 9147.0
1.2859938144683838, 9147.0
1.2953357696533203, 9147.0
1.3047008514404297, 9147.0
1.3140380382537842, 9147.0
1.3233749866485596, 9147.0
1.3327488899230957, 9147.0
1.3420419692993164, 9147.0
1.3513247966766357, 9147.0
1.3608708381652832, 9147.0
1.370600938796997, 9147.0
1.3802518844604492, 9147.0
1.38993501663208, 9147.0
1.3996269702911377, 9147.0
1.409350872039795, 9147.0
1.4187960624694824, 9147.0
1.428170919418335, 9147.0
1.4375629425048828, 9147.0
1.44694185256958, 9147.0
1.4562900066375732, 9147.0
1.4656188488006592, 9147.0
1.4749648571014404, 9147.0
1.4843058586120605, 9147.0
1.4935879707336426, 9147.0
1.502871036529541, 9147.0
1.512134075164795, 9147.0
1.5214688777923584, 9147.0
1.5307419300079346, 9147.0
1.5401279926300049, 9147.0
1.54941987991333, 9147.0
1.5588569641113281, 9147.0
1.568166732788086, 9147.0
1.5775299072265625, 9147.0
1.5868310928344727, 9147.0
1.5962390899658203, 9147.0
1.6055378913879395, 9147.0
1.6148629188537598, 9147.0
1.6242318153381348, 9147.0
1.6335747241973877, 9147.0
1.642897129058838, 9147.0
1.6522657871246338, 9147.0
1.6616690158843994, 9147.0
1.6710269451141357, 9147.0
1.6803879737854004, 9147.0
1.689769983291626, 9147.0
1.6991710662841797, 9147.0
1.7085628509521484, 9147.0
1.7179548740386963, 9147.0
1.727362871170044, 9147.0
1.7366979122161865, 9147.0
1.7461600303649902, 9147.0
1.7557649612426758, 9147.0
1.7651739120483398, 9147.0
1.7742948532104492, 9147.0
1.7834389209747314, 9147.0
1.7925548553466797, 9147.0
1.8017289638519287, 9147.0
1.810831069946289, 9147.0
1.8198997974395752, 9147.0
1.8290159702301025, 9147.0
1.8381218910217285, 9147.0
