0.1022331714630127, 5848.0
0.1765439510345459, 5924.0
0.2512171268463135, 6102.0
0.3279762268066406, 6102.0
0.40316224098205566, 6202.0
0.47826719284057617, 6226.0
0.553333044052124, 6258.0
0.628715991973877, 6305.0
0.7056891918182373, 6578.0
0.7813031673431396, 6598.0
0.8579549789428711, 6598.0
0.9340322017669678, 6758.0
1.0101540088653564, 6925.0
1.0889642238616943, 6925.0
1.1651089191436768, 6925.0
1.2416651248931885, 6998.0
1.3179471492767334, 7044.0
1.3943312168121338, 7099.0
1.4706182479858398, 7296.0
1.5470561981201172, 7296.0
1.6235361099243164, 7296.0
1.7001152038574219, 7395.0
1.7766492366790771, 7522.0
1.8534021377563477, 7532.0
1.9302608966827393, 7534.0
2.0073070526123047, 7657.0
2.084813117980957, 7685.0
2.161867141723633, 7864.0
2.2391011714935303, 7964.0
2.3175721168518066, 7964.0
2.3958802223205566, 7964.0
2.4759621620178223, 7977.0
2.556091070175171, 8024.0
2.6347219944000244, 8087.0
2.7153971195220947, 8087.0
2.7957801818847656, 8087.0
2.8742079734802246, 8137.0
2.9552431106567383, 8157.0
3.034072160720825, 8336.0
3.113030195236206, 8336.0
3.191763162612915, 8336.0
3.27020525932312, 8337.0
3.349391222000122, 8378.0
3.4324121475219727, 8378.0
3.5125722885131836, 8378.0
3.5932910442352295, 8378.0
3.673898935317993, 8496.0
3.755021095275879, 8496.0
3.835921287536621, 8515.0
3.9167890548706055, 8515.0
3.9972641468048096, 8515.0
4.085135221481323, 8555.0
4.167878150939941, 8555.0
4.2490551471710205, 8555.0
4.329061031341553, 8555.0
4.411502122879028, 8555.0
4.497433185577393, 8571.0
4.587378263473511, 8652.0
4.670363187789917, 8652.0
4.753883123397827, 8652.0
4.83580207824707, 8662.0
4.920069217681885, 8662.0
4.999172210693359, 8683.0
5.079527139663696, 8683.0
5.181433200836182, 8683.0
5.262135982513428, 8711.0
5.3431150913238525, 8711.0
5.424399137496948, 8717.0
5.504942178726196, 8717.0
5.585803031921387, 8717.0
5.6688172817230225, 8793.0
5.751582145690918, 8793.0
5.834277153015137, 8793.0
5.918865203857422, 8793.0
6.004753112792969, 8793.0
6.088423252105713, 8793.0
6.169755220413208, 8793.0
6.253116130828857, 8793.0
6.337930917739868, 8793.0
6.417986154556274, 8793.0
6.498323202133179, 8793.0
6.578420162200928, 8868.0
6.657555103302002, 8868.0
6.736778974533081, 8868.0
6.817073106765747, 8868.0
6.896168231964111, 8868.0
6.976664066314697, 8868.0
7.05921196937561, 8868.0
7.141095161437988, 8872.0
7.222853183746338, 8872.0
7.30432915687561, 8880.0
7.384273052215576, 8880.0
7.465159177780151, 8880.0
7.557210206985474, 8880.0
7.63787317276001, 8880.0
7.719866037368774, 8880.0
7.80246114730835, 8880.0
7.882848024368286, 8880.0
7.964423179626465, 8880.0
8.045567035675049, 8880.0
8.126191139221191, 8880.0
8.206062078475952, 8880.0
8.287583351135254, 8880.0
8.371771097183228, 8880.0
8.454188108444214, 8880.0
8.536484003067017, 8880.0
8.619372129440308, 8880.0
8.701634168624878, 8880.0
8.78451919555664, 8880.0
8.868795156478882, 8880.0
8.951145887374878, 8880.0
9.032350301742554, 8880.0
9.113579034805298, 8880.0
9.194139242172241, 8880.0
9.274858951568604, 8880.0
9.356361150741577, 8880.0
9.437273025512695, 8880.0
9.518376111984253, 8880.0
9.599942207336426, 8880.0
9.687057256698608, 8880.0
9.766770124435425, 8880.0
9.847325086593628, 8880.0
9.926874160766602, 8880.0
10.007497310638428, 8880.0
10.08877420425415, 8880.0
10.169986009597778, 8880.0
10.250997066497803, 8880.0
10.331956148147583, 8880.0
10.41107702255249, 8880.0
10.490182161331177, 8880.0
10.569136142730713, 8880.0
10.648316144943237, 8880.0
10.728989124298096, 8892.0
10.809949159622192, 8892.0
10.893194913864136, 8892.0
10.974531173706055, 8892.0
11.057225942611694, 8892.0
11.138702154159546, 8892.0
11.220009326934814, 8892.0
11.30364727973938, 8892.0
11.38887333869934, 8892.0
11.469524145126343, 8892.0
11.549997091293335, 8892.0
11.629587173461914, 8918.0
11.710947036743164, 8918.0
11.791788101196289, 8918.0
11.87236499786377, 8918.0
11.953424215316772, 8918.0
12.033751010894775, 8918.0
12.1149160861969, 8918.0
12.196001052856445, 8918.0
12.276425123214722, 8918.0
12.35567831993103, 8918.0
12.43513011932373, 8918.0
12.514492273330688, 8918.0
12.599210023880005, 8918.0
12.67928433418274, 8918.0
12.758540153503418, 8918.0
12.837961912155151, 8918.0
12.91847014427185, 8918.0
12.997886180877686, 8918.0
13.07799506187439, 8918.0
13.158477067947388, 8918.0
13.240166187286377, 8918.0
13.321532249450684, 8918.0
13.401369094848633, 8938.0
13.481213092803955, 8938.0
13.56043791770935, 8938.0
13.639910221099854, 8938.0
13.71921706199646, 8938.0
13.79851222038269, 8938.0
13.877758264541626, 8938.0
13.957053184509277, 8938.0
14.036356210708618, 8938.0
14.115541934967041, 8938.0
14.194984197616577, 8938.0
14.274112939834595, 8938.0
14.353445053100586, 8938.0
14.433824062347412, 8949.0
14.513042211532593, 8949.0
14.605375051498413, 8949.0
14.686553001403809, 8949.0
14.766916036605835, 8949.0
14.846290111541748, 8949.0
14.92736005783081, 8949.0
15.006540060043335, 8949.0
15.086116075515747, 8949.0
15.165292024612427, 8949.0
15.245967149734497, 8949.0
15.329365968704224, 8949.0
15.410129070281982, 8949.0
15.492246150970459, 8949.0
15.573150157928467, 8949.0
15.652332067489624, 8949.0
15.731524229049683, 8949.0
15.810606002807617, 8949.0
15.88969898223877, 8950.0
15.968777894973755, 8950.0
16.047770023345947, 8950.0
16.126837968826294, 8950.0
16.206019163131714, 8950.0
