0.20217537879943848, 18957.0
0.3523132801055908, 21013.0
0.5019271373748779, 23265.0
0.6531252861022949, 25483.0
0.8027393817901611, 29330.0
0.9569792747497559, 29330.0
1.1109213829040527, 32265.0
1.2634050846099854, 32669.0
1.4168403148651123, 35204.0
1.5699892044067383, 35204.0
1.7237541675567627, 38570.0
1.8776061534881592, 41444.0
2.032722234725952, 41444.0
2.1862950325012207, 42058.0
2.340852975845337, 46043.0
2.495516300201416, 51674.0
2.651276111602783, 51674.0
2.8078551292419434, 51674.0
2.965768337249756, 51674.0
3.123831033706665, 53050.0
3.2813501358032227, 55180.0
3.4406392574310303, 55180.0
3.599205255508423, 55582.0
3.7564690113067627, 56443.0
3.9155781269073486, 56857.0
4.077632188796997, 56864.0
4.238059043884277, 59724.0
4.400297403335571, 60156.0
4.55720329284668, 62700.0
4.7155022621154785, 62700.0
4.875226259231567, 65089.0
5.034040212631226, 65089.0
5.19488525390625, 65089.0
5.357216119766235, 65089.0
5.519667387008667, 67118.0
5.682113170623779, 68269.0
5.841019153594971, 68269.0
6.000392198562622, 69872.0
6.159127235412598, 70383.0
6.319011211395264, 70791.0
6.478928327560425, 71553.0
6.638401031494141, 72851.0
6.798006057739258, 73812.0
6.962865114212036, 73944.0
7.12403130531311, 76476.0
7.283933162689209, 76519.0
7.444298982620239, 77061.0
7.604563236236572, 77904.0
7.7636590003967285, 79355.0
7.924375057220459, 79355.0
8.0850989818573, 80035.0
8.246223211288452, 81712.0
8.40692138671875, 82790.0
8.568154096603394, 85230.0
8.72742223739624, 85331.0
8.889007091522217, 85331.0
9.050159215927124, 85331.0
9.213404178619385, 86240.0
9.374808073043823, 87314.0
9.53463339805603, 87314.0
9.696625232696533, 87314.0
9.856840372085571, 87474.0
10.017112255096436, 88386.0
10.177525997161865, 88594.0
10.339760303497314, 89497.0
10.500193119049072, 89497.0
10.660951137542725, 89497.0
10.82357931137085, 89497.0
10.986033201217651, 89497.0
11.149017095565796, 90687.0
11.31269121170044, 93297.0
11.476251125335693, 93297.0
11.639226198196411, 93540.0
11.802707195281982, 93540.0
11.965426206588745, 93540.0
12.128941059112549, 93540.0
12.290433168411255, 93540.0
12.452476263046265, 93837.0
12.614367961883545, 94133.0
12.775996208190918, 94438.0
12.938111305236816, 94748.0
13.099241256713867, 95504.0
13.263407230377197, 95731.0
13.425326108932495, 96105.0
13.58740520477295, 96105.0
13.74931526184082, 97486.0
13.911891222000122, 97486.0
14.073966264724731, 97486.0
14.23629903793335, 97486.0
14.398404121398926, 97751.0
14.560275316238403, 97751.0
14.721859216690063, 97865.0
14.883669137954712, 100250.0
15.045367002487183, 100250.0
15.208712339401245, 100250.0
15.370548963546753, 100250.0
15.533075332641602, 100250.0
15.694788217544556, 100250.0
15.856918096542358, 100250.0
16.01890730857849, 100758.0
16.181498289108276, 100758.0
16.343562126159668, 101042.0
16.506490230560303, 101420.0
16.668965101242065, 101883.0
16.83121418952942, 102067.0
16.9941623210907, 102067.0
17.15676212310791, 102067.0
17.32136607170105, 102067.0
17.484540224075317, 102528.0
17.647860288619995, 102528.0
17.81056833267212, 102707.0
17.974153995513916, 102949.0
18.137142181396484, 103645.0
18.29988932609558, 103645.0
18.462443113327026, 103645.0
18.62506604194641, 103645.0
18.78766107559204, 103645.0
18.95207118988037, 103785.0
19.116069316864014, 103785.0
19.281731128692627, 103785.0
19.446099281311035, 103872.0
19.610177040100098, 103872.0
19.774190187454224, 104346.0
19.938207149505615, 104346.0
20.10237216949463, 104346.0
20.26625919342041, 104603.0
20.430527210235596, 104603.0
20.594374179840088, 104603.0
20.758617162704468, 104603.0
20.922729969024658, 104603.0
21.086740970611572, 104616.0
21.25120997428894, 104616.0
21.41683316230774, 104756.0
21.58123016357422, 104756.0
21.745784044265747, 105036.0
21.910202264785767, 105232.0
22.074506044387817, 105944.0
22.23863124847412, 105944.0
22.4029700756073, 105990.0
22.56726908683777, 105990.0
22.73163914680481, 105990.0
22.89577317237854, 105990.0
23.06014895439148, 106023.0
23.22409439086914, 106377.0
23.389241218566895, 106377.0
23.553043365478516, 106377.0
23.717027187347412, 106377.0
23.881344079971313, 106377.0
24.045530080795288, 106377.0
24.20952010154724, 106377.0
24.37406826019287, 106597.0
24.538252115249634, 106597.0
24.7028751373291, 106746.0
24.867046117782593, 106746.0
25.03083109855652, 106838.0
25.195110321044922, 106838.0
25.362401008605957, 106838.0
25.527368307113647, 106838.0
25.691628217697144, 106838.0
25.85575032234192, 106996.0
26.02003526687622, 107125.0
26.184332132339478, 107125.0
26.348321199417114, 107258.0
26.512351989746094, 107258.0
26.676323175430298, 107258.0
26.84077215194702, 107258.0
27.005178213119507, 107258.0
27.169403314590454, 107258.0
27.333691120147705, 107258.0
27.499831199645996, 107592.0
27.664483070373535, 107592.0
27.829268217086792, 107592.0
27.993812322616577, 107592.0
28.15783929824829, 107592.0
28.32189106941223, 107804.0
28.48598027229309, 107804.0
28.650590181350708, 107804.0
28.815598249435425, 107804.0
28.980101108551025, 107804.0
29.14479112625122, 107804.0
29.309442043304443, 107804.0
29.475375175476074, 107804.0
29.639408111572266, 107804.0
29.803293228149414, 107839.0
29.967329025268555, 107839.0
30.131869316101074, 107839.0
30.295526266098022, 107839.0
30.460021018981934, 107839.0
30.62481117248535, 108206.0
30.78913426399231, 108206.0
30.953853368759155, 108206.0
31.11837124824524, 108206.0
31.2829532623291, 108206.0
31.448328256607056, 108206.0
31.613811254501343, 108206.0
31.77849316596985, 108206.0
31.9428973197937, 108206.0
32.107314348220825, 108206.0
32.27188515663147, 108206.0
32.43647003173828, 108339.0
32.600898027420044, 108339.0
