0.009996652603149414, 1315.0
0.018631935119628906, 1324.0
0.027066946029663086, 1324.0
0.03556680679321289, 1324.0
0.044072866439819336, 1324.0
0.052533864974975586, 1358.0
0.06110692024230957, 1369.0
0.06970071792602539, 1455.0
0.07840681076049805, 1455.0
0.08703088760375977, 1455.0
0.09598064422607422, 1455.0
0.10506176948547363, 1455.0
0.11414599418640137, 1455.0
0.12323784828186035, 1455.0
0.132354736328125, 1455.0
0.14132285118103027, 1455.0
0.1501908302307129, 1455.0
0.15893101692199707, 1455.0
0.16762590408325195, 1455.0
0.17633271217346191, 1455.0
0.18499469757080078, 1455.0
0.19369196891784668, 1455.0
0.20234179496765137, 1455.0
0.21102476119995117, 1455.0
0.21973586082458496, 1455.0
0.22840595245361328, 1455.0
0.23705291748046875, 1455.0
0.24569177627563477, 1455.0
0.2543680667877197, 1455.0
0.2630758285522461, 1455.0
0.2717409133911133, 1455.0
0.28063488006591797, 1455.0
0.2896888256072998, 1455.0
0.2987189292907715, 1455.0
0.3077678680419922, 1455.0
0.31656503677368164, 1455.0
0.32541990280151367, 1455.0
0.3341338634490967, 1455.0
0.34290480613708496, 1455.0
0.35167694091796875, 1455.0
0.3605358600616455, 1455.0
0.3693349361419678, 1455.0
0.3780810832977295, 1455.0
0.3869938850402832, 1455.0
0.3958897590637207, 1455.0
0.4046630859375, 1455.0
0.41337084770202637, 1455.0
0.42206883430480957, 1455.0
0.43085384368896484, 1455.0
0.4397859573364258, 1455.0
0.44848108291625977, 1455.0
0.4572868347167969, 1455.0
0.46610307693481445, 1455.0
0.47510671615600586, 1455.0
0.48412179946899414, 1455.0
0.4933278560638428, 1455.0
0.5020859241485596, 1455.0
0.5106077194213867, 1455.0
0.5192968845367432, 1455.0
0.5278348922729492, 1455.0
0.5363509654998779, 1455.0
0.5448787212371826, 1455.0
0.5533828735351562, 1455.0
0.5619347095489502, 1455.0
0.5704529285430908, 1455.0
0.579002857208252, 1455.0
0.587507963180542, 1455.0
0.5960609912872314, 1455.0
0.6045887470245361, 1455.0
0.6130838394165039, 1455.0
0.621574878692627, 1455.0
0.6300837993621826, 1455.0
0.6386427879333496, 1455.0
0.6472959518432617, 1455.0
0.6558887958526611, 1455.0
0.6644737720489502, 1455.0
0.6730258464813232, 1455.0
0.6815769672393799, 1455.0
0.6901209354400635, 1455.0
0.6986708641052246, 1455.0
0.7072079181671143, 1455.0
0.7157719135284424, 1455.0
0.7242758274078369, 1455.0
0.7328228950500488, 1455.0
0.741351842880249, 1455.0
0.7499148845672607, 1455.0
0.7584278583526611, 1455.0
0.7669699192047119, 1455.0
0.7755188941955566, 1455.0
0.7840356826782227, 1455.0
0.7925748825073242, 1455.0
0.8011467456817627, 1455.0
0.8096487522125244, 1455.0
0.8181777000427246, 1455.0
0.8267178535461426, 1455.0
0.8352687358856201, 1455.0
0.8437669277191162, 1455.0
0.8523149490356445, 1455.0
0.8608310222625732, 1455.0
0.8693828582763672, 1455.0
0.8778979778289795, 1455.0
0.8864157199859619, 1455.0
0.8949670791625977, 1455.0
0.9035027027130127, 1455.0
0.9120678901672363, 1455.0
0.920604944229126, 1455.0
0.929131031036377, 1455.0
0.9376299381256104, 1455.0
0.9461519718170166, 1455.0
0.9546308517456055, 1455.0
0.9631428718566895, 1455.0
0.9716389179229736, 1455.0
0.9801709651947021, 1455.0
0.988649845123291, 1455.0
0.9971420764923096, 1455.0
1.005631923675537, 1455.0
1.0141561031341553, 1455.0
1.0226428508758545, 1455.0
1.0311789512634277, 1455.0
1.0396716594696045, 1455.0
1.0482428073883057, 1455.0
1.056750774383545, 1455.0
1.065237045288086, 1455.0
1.0737378597259521, 1455.0
1.0822207927703857, 1455.0
1.0906989574432373, 1455.0
1.0991978645324707, 1455.0
1.1076669692993164, 1455.0
1.1161930561065674, 1455.0
1.124661922454834, 1455.0
1.133141040802002, 1455.0
1.1416740417480469, 1455.0
1.1501870155334473, 1455.0
1.1586990356445312, 1455.0
1.1671948432922363, 1455.0
1.175717830657959, 1455.0
1.1841769218444824, 1455.0
1.1926610469818115, 1455.0
1.201211929321289, 1455.0
1.2097280025482178, 1455.0
1.218242883682251, 1455.0
1.226726770401001, 1455.0
1.2351889610290527, 1455.0
1.24367094039917, 1455.0
1.2521510124206543, 1455.0
1.2606267929077148, 1455.0
1.2690908908843994, 1455.0
1.2775957584381104, 1455.0
1.2862238883972168, 1455.0
1.2946958541870117, 1455.0
1.3032057285308838, 1455.0
1.3116717338562012, 1455.0
1.3207118511199951, 1455.0
1.329375982284546, 1455.0
1.3379976749420166, 1455.0
1.3465538024902344, 1455.0
1.3551387786865234, 1455.0
1.3636558055877686, 1455.0
1.3721957206726074, 1455.0
1.380807876586914, 1455.0
1.389333963394165, 1455.0
1.397918939590454, 1455.0
1.4064698219299316, 1455.0
1.41530179977417, 1455.0
1.4239859580993652, 1455.0
1.4325368404388428, 1455.0
1.4410829544067383, 1455.0
1.4496419429779053, 1455.0
1.458392858505249, 1455.0
1.4671297073364258, 1455.0
1.4759438037872314, 1455.0
1.4847607612609863, 1455.0
1.493419885635376, 1455.0
1.5020778179168701, 1455.0
1.510612964630127, 1455.0
1.5191748142242432, 1455.0
1.5277209281921387, 1455.0
1.5362770557403564, 1455.0
1.5448248386383057, 1455.0
1.553360939025879, 1455.0
1.5618889331817627, 1455.0
1.570443868637085, 1455.0
1.5790069103240967, 1455.0
1.587540864944458, 1455.0
1.5960760116577148, 1455.0
1.6046037673950195, 1455.0
1.613144874572754, 1455.0
1.6216819286346436, 1455.0
1.6303176879882812, 1455.0
1.6389119625091553, 1455.0
1.647411823272705, 1455.0
1.6559438705444336, 1455.0
1.6645119190216064, 1455.0
1.6730449199676514, 1455.0
1.6816110610961914, 1455.0
1.6901450157165527, 1455.0
1.6987049579620361, 1455.0
1.707270860671997, 1455.0
1.7160758972167969, 1455.0
1.724909782409668, 1455.0
1.7336418628692627, 1455.0
