0.019165992736816406, 1341.0
0.034487009048461914, 1341.0
0.04958510398864746, 1341.0
0.06474685668945312, 1341.0
0.08000993728637695, 1361.0
0.09526205062866211, 1422.0
0.11059999465942383, 1422.0
0.12595701217651367, 1422.0
0.14142775535583496, 1447.0
0.15687799453735352, 1453.0
0.17290210723876953, 1495.0
0.1893138885498047, 1495.0
0.20567011833190918, 1495.0
0.22201108932495117, 1495.0
0.23876118659973145, 1495.0
0.2552170753479004, 1518.0
0.27171802520751953, 1549.0
0.28829503059387207, 1549.0
0.30478787422180176, 1549.0
0.3208198547363281, 1549.0
0.33696699142456055, 1549.0
0.3535289764404297, 1549.0
0.37008190155029297, 1549.0
0.38663697242736816, 1549.0
0.4027371406555176, 1549.0
0.41875505447387695, 1549.0
0.434816837310791, 1549.0
0.45079898834228516, 1593.0
0.46677398681640625, 1593.0
0.4828219413757324, 1593.0
0.49880385398864746, 1593.0
0.5148220062255859, 1593.0
0.5308499336242676, 1593.0
0.5468888282775879, 1593.0
0.5631270408630371, 1593.0
0.579258918762207, 1593.0
0.5954358577728271, 1593.0
0.6117429733276367, 1593.0
0.6280958652496338, 1593.0
0.6446030139923096, 1593.0
0.6612892150878906, 1593.0
0.6777369976043701, 1593.0
0.694037914276123, 1593.0
0.7099208831787109, 1593.0
0.7265939712524414, 1593.0
0.7430140972137451, 1593.0
0.758713960647583, 1593.0
0.7744500637054443, 1593.0
0.7901101112365723, 1593.0
0.8058750629425049, 1593.0
0.821584939956665, 1593.0
0.8372969627380371, 1593.0
0.8529157638549805, 1593.0
0.8686339855194092, 1593.0
0.8842599391937256, 1593.0
0.8999660015106201, 1593.0
0.9165279865264893, 1593.0
0.9322328567504883, 1593.0
0.9478659629821777, 1593.0
0.9634988307952881, 1593.0
0.979119062423706, 1593.0
0.9947130680084229, 1593.0
1.0102958679199219, 1593.0
1.0259199142456055, 1593.0
1.041557788848877, 1593.0
1.057142972946167, 1593.0
1.0727710723876953, 1593.0
1.088364839553833, 1593.0
1.1042070388793945, 1593.0
1.1204969882965088, 1593.0
1.1364541053771973, 1593.0
1.1520628929138184, 1593.0
1.1677939891815186, 1593.0
1.1835858821868896, 1593.0
1.1992690563201904, 1593.0
1.2150418758392334, 1593.0
1.2307250499725342, 1593.0
1.2463531494140625, 1593.0
1.261983871459961, 1593.0
1.277641773223877, 1593.0
1.293313980102539, 1593.0
1.3090019226074219, 1593.0
1.3246870040893555, 1593.0
1.3403291702270508, 1593.0
1.3559188842773438, 1593.0
1.3714878559112549, 1593.0
1.387211799621582, 1593.0
1.4031379222869873, 1593.0
1.4187979698181152, 1593.0
1.4344220161437988, 1593.0
1.4500479698181152, 1593.0
1.4656720161437988, 1593.0
1.481295108795166, 1593.0
1.49690580368042, 1593.0
1.5125610828399658, 1593.0
1.5281901359558105, 1593.0
1.5438151359558105, 1593.0
1.5595519542694092, 1593.0
1.575422763824463, 1593.0
1.5915350914001465, 1593.0
1.6075291633605957, 1593.0
1.6236209869384766, 1593.0
1.639686107635498, 1593.0
1.6557071208953857, 1593.0
1.6717238426208496, 1593.0
1.6877930164337158, 1593.0
1.703794002532959, 1593.0
1.7199349403381348, 1593.0
1.7365448474884033, 1593.0
1.7531459331512451, 1593.0
1.7697398662567139, 1593.0
1.7858729362487793, 1593.0
1.8019020557403564, 1593.0
1.8178908824920654, 1593.0
1.8338310718536377, 1593.0
1.8497638702392578, 1593.0
1.8656868934631348, 1593.0
1.8816161155700684, 1593.0
1.8975498676300049, 1593.0
1.9136240482330322, 1593.0
1.9295730590820312, 1593.0
1.945647954940796, 1593.0
1.9617698192596436, 1593.0
1.977869987487793, 1593.0
1.9939937591552734, 1593.0
2.010148048400879, 1593.0
2.0263679027557373, 1593.0
2.042760133743286, 1593.0
2.0590760707855225, 1593.0
2.07533597946167, 1593.0
2.0909578800201416, 1593.0
2.1065361499786377, 1593.0
2.1221189498901367, 1593.0
2.1376969814300537, 1593.0
2.153226852416992, 1593.0
2.1688170433044434, 1593.0
2.1844048500061035, 1593.0
2.1999897956848145, 1593.0
2.2155728340148926, 1593.0
2.2311320304870605, 1593.0
2.2466928958892822, 1593.0
2.262299060821533, 1593.0
2.277880907058716, 1593.0
2.293421983718872, 1593.0
2.309022903442383, 1593.0
2.3245999813079834, 1593.0
2.3401551246643066, 1593.0
2.355742931365967, 1593.0
2.371361017227173, 1593.0
2.3869478702545166, 1593.0
2.402501106262207, 1593.0
2.4180500507354736, 1593.0
2.433600902557373, 1593.0
2.4491689205169678, 1593.0
2.464789867401123, 1593.0
2.4803287982940674, 1593.0
2.495866060256958, 1593.0
2.5114641189575195, 1593.0
2.5270187854766846, 1593.0
2.542579174041748, 1593.0
2.558187961578369, 1593.0
2.573806047439575, 1593.0
2.589393138885498, 1593.0
2.6049580574035645, 1593.0
2.6205480098724365, 1593.0
2.636101007461548, 1593.0
2.6516478061676025, 1593.0
2.667264938354492, 1593.0
2.682837963104248, 1593.0
2.6983988285064697, 1593.0
2.7142438888549805, 1593.0
2.729834794998169, 1593.0
2.7454020977020264, 1593.0
2.7610669136047363, 1593.0
2.776671886444092, 1593.0
2.7922439575195312, 1593.0
2.8078198432922363, 1593.0
2.8234469890594482, 1593.0
2.839028835296631, 1593.0
2.8546860218048096, 1593.0
2.8702590465545654, 1593.0
2.885822057723999, 1593.0
2.9015960693359375, 1593.0
2.917205810546875, 1593.0
2.932938814163208, 1593.0
2.9485809803009033, 1593.0
2.9641239643096924, 1593.0
2.9796907901763916, 1593.0
2.9952309131622314, 1593.0
3.010830879211426, 1593.0
3.0264430046081543, 1593.0
3.042034149169922, 1593.0
3.0576529502868652, 1593.0
3.073206901550293, 1593.0
3.088777780532837, 1593.0
3.1043758392333984, 1593.0
3.1199698448181152, 1593.0
3.1357309818267822, 1593.0
3.151977777481079, 1593.0
3.1679980754852295, 1593.0
3.1835670471191406, 1593.0
