0.0004048347473144531, 880.0
0.0008020401000976562, 1856.0
0.0011980533599853516, 2482.0
0.0015981197357177734, 3263.0
0.002004861831665039, 3465.0
0.002402067184448242, 3951.0
0.002813100814819336, 4131.0
0.0032100677490234375, 4192.0
0.0036110877990722656, 4723.0
0.004007101058959961, 5100.0
0.0044040679931640625, 5557.0
0.004801034927368164, 6448.0
0.005201101303100586, 6673.0
0.005596160888671875, 6715.0
0.0059969425201416016, 7461.0
0.006403923034667969, 7816.0
0.006825923919677734, 7922.0
0.012585878372192383, 8922.0
0.0150299072265625, 9142.0
0.024441957473754883, 9169.0
0.035060882568359375, 9324.0
0.04169893264770508, 9461.0
0.043662071228027344, 9777.0
0.046005964279174805, 10168.0
0.04641294479370117, 11145.0
0.046810150146484375, 12041.0
0.047988176345825195, 12399.0
0.04838395118713379, 13154.0
0.04878091812133789, 13238.0
0.05191326141357422, 13969.0
0.0636751651763916, 14125.0
0.06602597236633301, 14621.0
0.07930421829223633, 14967.0
0.09415602684020996, 15104.0
0.10078191757202148, 15621.0
0.10352087020874023, 16439.0
0.10391998291015625, 16658.0
0.10589313507080078, 16890.0
0.10706901550292969, 17548.0
0.10980391502380371, 17948.0
0.17672014236450195, 18122.0
0.19237303733825684, 18217.0
0.3391609191894531, 18942.0
0.33955812454223633, 18961.0
0.3672502040863037, 19308.0
0.3696129322052002, 19570.0
0.38248419761657715, 19708.0
0.3840491771697998, 20154.0
0.3844451904296875, 21025.0
0.3852388858795166, 21463.0
0.39380812644958496, 21719.0
0.41487598419189453, 22267.0
0.4370410442352295, 22659.0
0.45816898345947266, 23019.0
0.48900699615478516, 23176.0
0.5030090808868408, 23265.0
0.504180908203125, 23917.0
0.5119819641113281, 23959.0
0.5143241882324219, 23977.0
0.5151150226593018, 24304.0
0.5260529518127441, 25159.0
0.5451529026031494, 26034.0
0.5530622005462646, 26316.0
0.7011291980743408, 26593.0
0.7027921676635742, 26719.0
0.7239170074462891, 26830.0
0.7470850944519043, 26838.0
0.7479050159454346, 27674.0
0.7483370304107666, 27858.0
0.7503080368041992, 28154.0
0.7507040500640869, 28309.0
0.755000114440918, 28611.0
0.7609610557556152, 29318.0
0.8067681789398193, 29621.0
0.8197751045227051, 29726.0
0.8268179893493652, 30243.0
0.9371528625488281, 30737.0
0.9402799606323242, 31162.0
0.9453220367431641, 32073.0
0.9717202186584473, 32476.0
1.0011911392211914, 32895.0
1.0015850067138672, 33754.0
1.0699591636657715, 34416.0
1.073486089706421, 35034.0
1.1357648372650146, 35217.0
1.136937141418457, 35486.0
1.138113021850586, 35675.0
1.1641840934753418, 35877.0
1.1653521060943604, 36468.0
1.1657488346099854, 36520.0
1.167309045791626, 37084.0
1.1720192432403564, 37208.0
1.1739740371704102, 37474.0
1.3068289756774902, 37578.0
1.4071221351623535, 37589.0
1.4087011814117432, 37834.0
1.4223880767822266, 38367.0
1.5329041481018066, 38786.0
1.538344144821167, 38899.0
1.603605031967163, 39175.0
1.6149349212646484, 39765.0
1.6153571605682373, 39976.0
1.7111032009124756, 40408.0
1.7349910736083984, 40579.0
1.7385060787200928, 40630.0
1.7400691509246826, 41488.0
1.7732830047607422, 42034.0
1.7744569778442383, 42325.0
1.7752411365509033, 43236.0
1.7760250568389893, 43739.0
1.8843989372253418, 44093.0
1.9386851787567139, 44246.0
2.103775978088379, 44425.0
2.109236240386963, 45139.0
2.112744092941284, 46082.0
2.1314239501953125, 46217.0
2.187483072280884, 46250.0
2.2081170082092285, 46541.0
2.2634100914001465, 47077.0
2.321031093597412, 47749.0
2.3268818855285645, 48365.0
2.3646628856658936, 49239.0
2.368178129196167, 49362.0
2.380636215209961, 49800.0
2.3880341053009033, 49884.0
2.4250800609588623, 50189.0
2.4585981369018555, 50528.0
2.469895124435425, 50846.0
2.604140043258667, 51205.0
2.6091980934143066, 52071.0
2.617940902709961, 52118.0
2.620374917984009, 52931.0
2.6567888259887695, 52965.0
2.7215230464935303, 53438.0
2.7234878540039062, 53980.0
2.727776050567627, 54071.0
2.7297251224517822, 55047.0
2.7336249351501465, 56006.0
2.7495970726013184, 56113.0
2.8046510219573975, 56208.0
4.570123910903931, 56331.0
7.312138080596924, 56341.0
7.315302133560181, 56961.0
7.316494941711426, 57024.0
7.322437047958374, 57121.0
7.324022054672241, 57762.0
7.341012954711914, 58270.0
7.375384092330933, 58611.0
7.38011908531189, 59260.0
7.382896184921265, 59542.0
7.411356210708618, 59990.0
7.413741111755371, 60444.0
7.414536237716675, 61192.0
7.426406145095825, 61821.0
7.453675031661987, 62560.0
7.470682144165039, 62656.0
7.47266411781311, 63509.0
7.567008972167969, 63530.0
7.582808017730713, 64396.0
11.993906021118164, 64436.0
11.99876594543457, 65077.0
12.0524320602417, 65357.0
15.063395977020264, 65496.0
15.090584993362427, 65870.0
15.101874113082886, 66041.0
15.118184089660645, 66125.0
15.5121169090271, 66246.0
15.529553174972534, 66696.0
15.543965101242065, 67106.0
15.554100275039673, 67121.0
15.559926986694336, 67461.0
15.728756189346313, 68059.0
15.742763996124268, 68198.0
15.75325894355774, 69087.0
15.764908075332642, 69361.0
15.778494119644165, 70057.0
15.778889179229736, 70473.0
17.57464098930359, 70802.0
17.644947052001953, 70879.0
17.652694940567017, 71538.0
17.65695309638977, 72023.0
17.66467809677124, 72027.0
17.678592920303345, 72299.0
17.7037091255188, 72834.0
17.72189712524414, 73504.0
17.745844841003418, 73789.0
17.772122144699097, 73880.0
17.898369073867798, 74446.0
17.914191007614136, 74691.0
17.967180013656616, 75007.0
18.605948209762573, 75159.0
18.610610008239746, 75505.0
18.66015100479126, 75617.0
18.678751230239868, 75796.0
18.693064212799072, 76360.0
18.762650966644287, 76642.0
18.922359943389893, 77111.0
18.954013109207153, 77486.0
18.958275079727173, 77943.0
19.00430703163147, 78374.0
19.05743908882141, 78436.0
19.064037084579468, 78694.0
19.09591317176819, 78953.0
19.256709098815918, 79035.0
19.562670946121216, 79345.0
19.567700147628784, 79372.0
19.606154203414917, 79666.0
19.68940305709839, 80137.0
19.71846604347229, 80792.0
19.844032049179077, 80876.0
19.968045949935913, 81240.0
20.01469612121582, 81396.0
20.139080047607422, 81446.0
20.213032245635986, 81942.0
20.214575052261353, 81951.0
20.23732900619507, 82218.0
20.248132944107056, 82512.0
20.260076999664307, 82614.0
20.99907398223877, 82622.0
22.018317937850952, 83380.0
22.405201196670532, 83489.0
23.765573024749756, 84236.0
24.14396619796753, 84243.0
24.239609956741333, 84345.0
24.483362913131714, 85007.0
