0.0019519329071044922, 497.0
0.003849029541015625, 970.0
0.005734920501708984, 1565.0
0.007609844207763672, 2225.0
0.009509801864624023, 2380.0
0.011441946029663086, 2607.0
0.013362884521484375, 3089.0
0.015282869338989258, 3744.0
0.017176151275634766, 4712.0
0.019044876098632812, 5764.0
0.02091073989868164, 6781.0
0.022787094116210938, 7652.0
0.024667978286743164, 8076.0
0.02653789520263672, 8696.0
0.02840399742126465, 9475.0
0.030273914337158203, 9797.0
0.032150983810424805, 10896.0
0.03401970863342285, 11409.0
0.035893917083740234, 11678.0
0.037770986557006836, 12091.0
0.03964805603027344, 12758.0
0.04155707359313965, 13438.0
0.043435096740722656, 13736.0
0.04530692100524902, 14286.0
0.04718494415283203, 15105.0
0.0490570068359375, 15611.0
0.05093789100646973, 16646.0
0.052806854248046875, 17197.0
0.05467700958251953, 17786.0
0.056552886962890625, 18720.0
0.058444976806640625, 19142.0
0.06031489372253418, 19611.0
0.06219911575317383, 20048.0
0.06407880783081055, 20685.0
0.06595587730407715, 21038.0
0.0678248405456543, 21603.0
0.06969285011291504, 22543.0
0.07155585289001465, 22922.0
0.07342696189880371, 23446.0
0.07530808448791504, 24492.0
0.07718706130981445, 24603.0
0.07906889915466309, 24725.0
0.08094906806945801, 24986.0
0.0828249454498291, 25832.0
0.08469986915588379, 26862.0
0.08657479286193848, 27289.0
0.08845114707946777, 27559.0
0.09034585952758789, 27906.0
0.09223699569702148, 28591.0
0.09411787986755371, 29438.0
0.09599781036376953, 30097.0
0.097869873046875, 30239.0
0.09974503517150879, 30541.0
0.10161995887756348, 31401.0
0.10350394248962402, 32433.0
0.10537886619567871, 33165.0
0.10725092887878418, 33650.0
0.10911798477172852, 34648.0
0.1109919548034668, 34907.0
0.11286306381225586, 35735.0
0.11474895477294922, 35858.0
0.11662888526916504, 36104.0
0.11852192878723145, 36301.0
0.12039709091186523, 36952.0
0.12228894233703613, 37223.0
0.12417483329772949, 38008.0
0.12612509727478027, 38484.0
0.12802410125732422, 38954.0
0.12989068031311035, 39441.0
0.1317589282989502, 40375.0
0.1336498260498047, 41217.0
0.1355440616607666, 42042.0
0.13743090629577637, 42819.0
0.1393289566040039, 43597.0
0.14122390747070312, 44185.0
0.143110990524292, 44991.0
0.14499402046203613, 45772.0
0.14687681198120117, 46651.0
0.14876008033752441, 47594.0
0.15063881874084473, 48413.0
0.1525130271911621, 49361.0
0.15439200401306152, 49519.0
0.15628480911254883, 49773.0
0.1581709384918213, 50075.0
0.1600661277770996, 51015.0
0.161956787109375, 51410.0
0.16384315490722656, 52073.0
0.1657259464263916, 53153.0
0.16761183738708496, 53648.0
0.1694939136505127, 54020.0
0.17139291763305664, 54694.0
0.17326998710632324, 55268.0
0.17514705657958984, 56353.0
0.17702889442443848, 57049.0
0.1789379119873047, 57182.0
0.18080472946166992, 58042.0
0.1826779842376709, 59067.0
0.2048778533935547, 59290.0
0.33148908615112305, 59415.0
0.42868781089782715, 59517.0
0.6466150283813477, 59618.0
1.1800129413604736, 59840.0
1.1818737983703613, 60018.0
1.7395577430725098, 60193.0
1.817767858505249, 60286.0
1.8528029918670654, 60411.0
2.092059850692749, 60464.0
2.1018199920654297, 60566.0
2.1212499141693115, 60814.0
2.16170072555542, 60880.0
2.1655948162078857, 61068.0
2.188905954360962, 61182.0
2.249180793762207, 61307.0
2.322356939315796, 61412.0
2.3416309356689453, 61515.0
2.4105260372161865, 61660.0
2.471798896789551, 61808.0
2.5139009952545166, 61871.0
2.5158438682556152, 61987.0
2.5330748558044434, 62150.0
2.5350189208984375, 62274.0
2.542714834213257, 62424.0
2.5465657711029053, 62585.0
2.586777925491333, 62678.0
2.630679130554199, 62810.0
2.701030969619751, 62916.0
2.88144588470459, 63047.0
2.8871779441833496, 63175.0
2.8967738151550293, 63297.0
2.977081775665283, 63416.0
2.9885787963867188, 63452.0
3.0308308601379395, 63601.0
3.0447838306427, 63627.0
3.0467960834503174, 63801.0
3.177064895629883, 63916.0
3.33658504486084, 63932.0
3.342329740524292, 64117.0
3.535395860671997, 64188.0
3.5864639282226562, 64214.0
3.59045672416687, 64381.0
3.6599438190460205, 64514.0
3.844923973083496, 64529.0
3.848742961883545, 64653.0
3.8619959354400635, 64791.0
3.8999369144439697, 64902.0
3.901869058609009, 65006.0
3.905674934387207, 65114.0
3.9813671112060547, 65259.0
4.023394823074341, 65415.0
4.351569890975952, 65457.0
4.375420808792114, 65594.0
4.395482778549194, 65699.0
4.403487920761108, 65876.0
4.417431116104126, 65901.0
4.45718789100647, 66074.0
4.512872934341431, 66195.0
4.5486741065979, 66312.0
4.7275779247283936, 66393.0
4.803701877593994, 66509.0
4.826637029647827, 66617.0
4.942569971084595, 66680.0
5.009220838546753, 66795.0
5.0760498046875, 66917.0
5.282984018325806, 67102.0
5.307948112487793, 67219.0
5.430840015411377, 67261.0
5.4327778816223145, 67405.0
5.446192979812622, 67578.0
5.465212821960449, 67709.0
5.962112903594971, 67817.0
5.974355936050415, 68077.0
6.050411939620972, 68178.0
6.130610942840576, 68280.0
6.205808877944946, 68384.0
6.215677976608276, 68493.0
6.2731359004974365, 68611.0
6.30666184425354, 68712.0
6.3285040855407715, 68813.0
6.424514055252075, 68916.0
6.735256910324097, 69014.0
6.8392908573150635, 69050.0
6.843124866485596, 69187.0
6.846932888031006, 69332.0
6.8507490158081055, 69481.0
6.8545777797698975, 69650.0
6.866102933883667, 69811.0
6.875659942626953, 69915.0
7.106687068939209, 69917.0
7.243948936462402, 70089.0
7.384495735168457, 70216.0
7.566411972045898, 70314.0
7.607411861419678, 70468.0
7.704133749008179, 70501.0
7.824244976043701, 70568.0
7.8300700187683105, 70569.0
7.847566843032837, 70694.0
8.106789827346802, 70719.0
8.42774510383606, 70803.0
8.46983790397644, 70905.0
8.498563766479492, 71006.0
8.517805814743042, 71101.0
8.542749881744385, 71206.0
8.623018026351929, 71478.0
8.624962091445923, 71619.0
9.005223989486694, 71625.0
9.030082941055298, 71730.0
9.043477058410645, 71881.0
9.074137926101685, 72017.0
9.078000783920288, 72082.0
9.10479998588562, 72102.0
9.123934984207153, 72135.0
9.127789735794067, 72293.0
9.147203922271729, 72300.0
9.165132999420166, 72361.0
9.219002962112427, 72392.0
9.358434677124023, 72585.0
9.448266983032227, 72694.0
9.530754089355469, 72795.0
9.536540985107422, 72914.0
9.601901769638062, 73050.0
9.607692956924438, 73160.0
9.634613037109375, 73288.0
9.665345907211304, 73394.0
9.680706024169922, 73517.0
9.81698989868164, 73533.0
9.82663607597351, 73662.0
9.90155291557312, 73736.0
10.06491994857788, 73795.0
10.241166830062866, 73894.0
10.256494760513306, 74000.0
10.268033981323242, 74101.0
10.310142040252686, 74197.0
10.428889751434326, 74315.0
10.737597942352295, 74419.0
10.800652027130127, 74598.0
10.84485673904419, 74717.0
10.936598062515259, 74797.0
11.001767873764038, 74899.0
11.1717529296875, 74957.0
11.203704833984375, 74976.0
11.207581996917725, 75083.0
11.357356071472168, 75194.0
11.393694877624512, 75304.0
11.512312889099121, 75460.0
11.514262914657593, 75583.0
11.533416986465454, 75692.0
11.605965852737427, 75806.0
11.745446920394897, 75918.0
11.825731039047241, 76104.0
11.833409070968628, 76220.0
11.848716020584106, 76335.0
11.898415803909302, 76478.0
11.908005952835083, 76611.0
12.089441061019897, 76719.0
12.318690061569214, 76781.0
12.32638168334961, 76903.0
12.370407819747925, 77078.0
12.634314060211182, 77103.0
12.826487064361572, 77139.0
12.839839935302734, 77317.0
12.8817720413208, 77327.0
12.887495994567871, 77517.0
13.109546899795532, 77589.0
13.134244918823242, 77711.0
13.15519380569458, 77825.0
13.162844896316528, 77944.0
13.20482087135315, 78054.0
13.20679497718811, 78186.0
13.218671798706055, 78302.0
13.293401718139648, 78460.0
13.3086519241333, 78618.0
13.451112985610962, 78636.0
13.453049898147583, 78766.0
13.494858026504517, 78861.0
13.510077953338623, 78872.0
13.519607067108154, 79045.0
13.546324014663696, 79154.0
13.559667825698853, 79279.0
13.626183986663818, 79379.0
13.630018949508667, 79481.0
13.647112846374512, 79512.0
13.863643884658813, 79617.0
14.06095290184021, 79706.0
14.184621810913086, 79714.0
14.462832927703857, 79886.0
14.470505952835083, 79995.0
14.537004947662354, 80103.0
14.723107814788818, 80144.0
14.76315689086914, 80186.0
15.238348007202148, 80215.0
15.359588861465454, 80232.0
15.378721952438354, 80250.0
15.382573127746582, 80466.0
15.418915748596191, 80610.0
15.672685861587524, 80663.0
15.674647092819214, 80790.0
15.729928970336914, 80909.0
15.948112964630127, 80998.0
16.066150903701782, 81073.0
16.138458967208862, 81178.0
16.184123992919922, 81211.0
16.30388879776001, 81294.0
16.334339141845703, 81417.0
16.4256808757782, 81517.0
16.535982847213745, 81553.0
16.547443866729736, 81667.0
16.57600212097168, 81786.0
16.65589690208435, 81805.0
16.739624977111816, 81856.0
16.762435913085938, 81972.0
16.771967887878418, 82101.0
16.916630029678345, 82210.0
17.011868953704834, 82302.0
17.190943002700806, 82336.0
17.20427393913269, 82488.0
17.238590955734253, 82579.0
17.25952696800232, 82680.0
17.26525902748108, 82801.0
17.31876301765442, 82912.0
17.409448862075806, 82948.0
17.44697403907776, 82988.0
17.803878784179688, 83049.0
17.883250951766968, 83056.0
17.9520320892334, 83159.0
17.976267099380493, 83205.0
18.061688899993896, 83209.0
18.35732412338257, 83293.0
18.361063957214355, 83414.0
18.621537923812866, 83513.0
18.651201009750366, 83558.0
18.695570945739746, 83708.0
18.697453022003174, 83830.0
18.69931387901306, 84018.0
18.730710983276367, 84108.0
18.93380880355835, 84127.0
18.939331769943237, 84249.0
19.003816843032837, 84318.0
19.075711965560913, 84404.0
19.19571304321289, 84484.0
19.20684289932251, 84607.0
19.450255870819092, 84616.0
19.89168882369995, 84719.0
20.043256044387817, 84810.0
20.107896089553833, 84918.0
20.3746817111969, 84998.0
20.415223121643066, 85099.0
20.45016098022461, 85216.0
20.5570707321167, 85294.0
20.581028938293457, 85301.0
20.656596899032593, 85368.0
20.721149921417236, 85486.0
20.73405909538269, 85496.0
21.068026781082153, 85521.0
21.086533784866333, 85619.0
21.309597969055176, 85704.0
21.357944011688232, 85804.0
21.373563766479492, 85991.0
21.390500783920288, 86088.0
21.4219069480896, 86215.0
21.469871759414673, 86278.0
21.473599910736084, 86380.0
21.82242488861084, 86481.0
21.846349000930786, 86604.0
22.045822858810425, 86677.0
22.13967490196228, 86690.0
22.61552882194519, 86692.0
22.639539003372192, 86708.0
22.704254865646362, 86735.0
22.722739934921265, 86870.0
22.789193868637085, 86884.0
22.798431873321533, 87011.0
22.97492790222168, 87061.0
23.00106382369995, 87176.0
23.069130897521973, 87184.0
23.17784810066223, 87267.0
23.216630935668945, 87382.0
23.238674879074097, 87491.0
23.288470029830933, 87511.0
23.34553599357605, 87580.0
23.391644954681396, 87651.0
23.422445058822632, 87743.0
23.43606400489807, 87890.0
23.44191598892212, 88014.0
24.03205394744873, 88212.0
24.08967089653015, 88317.0
24.181504011154175, 88477.0
24.185370922088623, 88611.0
24.547082901000977, 88706.0
24.97348690032959, 88713.0
24.996352910995483, 88803.0
25.201706886291504, 88908.0
25.329362869262695, 88965.0
25.342723846435547, 88986.0
25.363662719726562, 89115.0
25.69383978843689, 89190.0
25.764266967773438, 89292.0
25.87298893928528, 89311.0
25.965611934661865, 89359.0
26.019162893295288, 89399.0
26.07626175880432, 89480.0
26.087727785110474, 89583.0
26.375038862228394, 89617.0
26.418768882751465, 89782.0
26.422606706619263, 89919.0
26.692057847976685, 90008.0
26.77334976196289, 90108.0
26.898085832595825, 90213.0
27.988205909729004, 90319.0
28.38075089454651, 90411.0
28.445400714874268, 90417.0
29.0239040851593, 90511.0
29.490224838256836, 90513.0
29.607560873031616, 90691.0
29.626576900482178, 90818.0
29.759580850601196, 90891.0
29.82979989051819, 90907.0
30.880217790603638, 90953.0
30.893506050109863, 91085.0
30.937073945999146, 91105.0
30.952297925949097, 91210.0
30.98641800880432, 91314.0
31.02256488800049, 91337.0
31.143869876861572, 91482.0
31.151485919952393, 91605.0
31.23500394821167, 91709.0
31.544484853744507, 91809.0
31.649086952209473, 91827.0
31.669888973236084, 91928.0
31.722567796707153, 92009.0
32.08019495010376, 92086.0
32.09907674789429, 92218.0
32.44907999038696, 92269.0
32.584590911865234, 92367.0
32.71261382102966, 92497.0
32.769104957580566, 92509.0
32.8745539188385, 92511.0
33.055290937423706, 92515.0
33.15899181365967, 92519.0
33.71197485923767, 92609.0
33.822124004364014, 92613.0
34.04180574417114, 92707.0
34.21039795875549, 92848.0
34.24569082260132, 92970.0
35.80064582824707, 93010.0
36.041276931762695, 93072.0
36.07038187980652, 93176.0
36.08789682388306, 93317.0
36.15191602706909, 93321.0
36.25444793701172, 93512.0
38.56982493400574, 93518.0
38.763832807540894, 93587.0
38.79109787940979, 93749.0
38.84370994567871, 93754.0
38.85644006729126, 93908.0
39.1773898601532, 93915.0
39.378411054611206, 93963.0
39.416478872299194, 94004.0
39.44006609916687, 94107.0
39.518046855926514, 94289.0
39.59781885147095, 94303.0
39.979676961898804, 94412.0
41.6988890171051, 94470.0
46.36423707008362, 94614.0
46.39146971702576, 94617.0
46.581711769104004, 94710.0
46.627089977264404, 94740.0
46.69052600860596, 94813.0
46.77392268180847, 95003.0
47.26689314842224, 95053.0
47.286911964416504, 95173.0
47.314148902893066, 95198.0
47.33233094215393, 95213.0
47.38675880432129, 95280.0
47.40314698219299, 95415.0
47.495702028274536, 95533.0
47.51210904121399, 95682.0
47.52117991447449, 95817.0
47.80568814277649, 95976.0
47.87309908866882, 96011.0
48.54338884353638, 96108.0
48.57411289215088, 96194.0
48.82339310646057, 96262.0
49.27187776565552, 96310.0
50.07398080825806, 96316.0
50.26194095611572, 96400.0
50.36290693283081, 96468.0
50.40477180480957, 96501.0
50.690202951431274, 96597.0
51.1085889339447, 96609.0
52.397505044937134, 96688.0
53.125645875930786, 96799.0
53.84190487861633, 96909.0
54.9661169052124, 96932.0
55.02850890159607, 97018.0
55.37136268615723, 97115.0
55.63089299201965, 97119.0
56.141456842422485, 97141.0
56.17657399177551, 97163.0
56.211620807647705, 97280.0
56.29134273529053, 97400.0
56.3957040309906, 97406.0
56.549829959869385, 97518.0
56.55950689315796, 97574.0
56.56534504890442, 97692.0
56.590411901474, 97799.0
56.6155059337616, 97899.0
57.72396802902222, 98032.0
57.72591280937195, 98155.0
57.73356294631958, 98182.0
57.78299903869629, 98284.0
60.35462784767151, 98404.0
60.640148878097534, 98419.0
60.977559089660645, 98504.0
61.08239388465881, 98606.0
61.1357319355011, 98785.0
61.14339089393616, 98903.0
61.18342185020447, 98904.0
61.2196478843689, 99085.0
61.495965003967285, 99090.0
61.57209587097168, 99206.0
61.63311290740967, 99275.0
61.732320070266724, 99276.0
61.73998284339905, 99412.0
62.11508393287659, 99428.0
62.120994091033936, 99541.0
62.16423296928406, 99639.0
62.204395055770874, 99803.0
62.22926592826843, 99908.0
67.97373485565186, 99964.0
68.00010085105896, 99972.0
68.06411385536194, 100108.0
68.407066822052, 100208.0
68.66466784477234, 100314.0
68.67456984519958, 100418.0
69.07084083557129, 100502.0
69.09413504600525, 100511.0
69.25930285453796, 100601.0
69.39609694480896, 100659.0
69.50053691864014, 100763.0
69.55833196640015, 100777.0
69.6260929107666, 100895.0
70.63446283340454, 101002.0
70.66997289657593, 101084.0
70.71678590774536, 101119.0
70.94722199440002, 101121.0
70.9997980594635, 101263.0
71.0111198425293, 101384.0
78.28421998023987, 101407.0
78.3198778629303, 101514.0
78.48663401603699, 101600.0
79.08314490318298, 101716.0
87.58248496055603, 101819.0
87.9794569015503, 101842.0
88.00424885749817, 101972.0
88.05184483528137, 102002.0
89.29796099662781, 102106.0
104.64750099182129, 102218.0
106.50801301002502, 102290.0
106.8224778175354, 102408.0
107.05410099029541, 102505.0
107.16626191139221, 102609.0
107.23697590827942, 102713.0
107.68065881729126, 102818.0
107.87186884880066, 102917.0
111.2410318851471, 102994.0
111.38777494430542, 103100.0
111.42786192893982, 103214.0
111.78211569786072, 103271.0
111.94027805328369, 103417.0
114.95109987258911, 103514.0
115.57185006141663, 103612.0
116.1961019039154, 103717.0
118.95042300224304, 103797.0
119.07455801963806, 103913.0
119.50313973426819, 104017.0
120.2152190208435, 104118.0
120.65281200408936, 104215.0
122.59937691688538, 104217.0
124.00768995285034, 104218.0
128.4610538482666, 104319.0
132.17973685264587, 104416.0
132.96295714378357, 104518.0
135.97074794769287, 104619.0
