0.20577311515808105, 10946.0
0.35816121101379395, 11047.0
0.5125062465667725, 11198.0
0.6675782203674316, 11437.0
0.8204889297485352, 11437.0
0.9793651103973389, 11485.0
1.1348891258239746, 11685.0
1.2895681858062744, 11881.0
1.442812204360962, 11948.0
1.594682216644287, 12067.0
1.748847246170044, 12067.0
1.9041919708251953, 12399.0
2.0611729621887207, 12399.0
2.2155871391296387, 12419.0
2.371412992477417, 12664.0
2.526698112487793, 12664.0
2.6839232444763184, 13010.0
2.840839147567749, 13302.0
2.9969310760498047, 13302.0
3.1536550521850586, 13302.0
3.3100521564483643, 13302.0
3.473295211791992, 13352.0
3.633759021759033, 13614.0
3.7957041263580322, 13614.0
3.952820062637329, 13614.0
4.111220121383667, 13873.0
4.2685182094573975, 14156.0
4.426415205001831, 14156.0
4.582770347595215, 14156.0
4.740471124649048, 14156.0
4.899846315383911, 14156.0
5.0634543895721436, 14156.0
5.224477291107178, 14156.0
5.390706300735474, 14265.0
5.5505430698394775, 14348.0
5.709627151489258, 14429.0
5.869678258895874, 14542.0
6.029072284698486, 14542.0
6.188362121582031, 14542.0
6.344919204711914, 14554.0
6.503876209259033, 14667.0
6.666537046432495, 14667.0
6.8267822265625, 14667.0
6.985647201538086, 14734.0
7.144806146621704, 14793.0
7.303970098495483, 14807.0
7.464072942733765, 14883.0
7.624040365219116, 14883.0
7.782993316650391, 14883.0
7.942206144332886, 14883.0
8.099799156188965, 14945.0
8.259748220443726, 15040.0
8.41893720626831, 15102.0
8.578580141067505, 15117.0
8.739514112472534, 15170.0
8.899497985839844, 15250.0
9.058571100234985, 15250.0
9.217479228973389, 15276.0
9.376492023468018, 15276.0
9.537110090255737, 15412.0
9.697327136993408, 15448.0
9.856544017791748, 15448.0
10.014060020446777, 15485.0
10.174935102462769, 15514.0
10.339560985565186, 15597.0
10.498780250549316, 15597.0
10.660051345825195, 15729.0
10.818534135818481, 15729.0
10.978163242340088, 15729.0
11.138456106185913, 15793.0
11.310161113739014, 15793.0
11.470759153366089, 15793.0
11.631253004074097, 15793.0
11.790816068649292, 15798.0
11.950898170471191, 15798.0
12.111245155334473, 15829.0
12.27161717414856, 15884.0
12.431596040725708, 16026.0
12.591610193252563, 16026.0
12.751535177230835, 16026.0
12.91136622428894, 16097.0
13.071654319763184, 16097.0
13.231647968292236, 16109.0
13.39149808883667, 16122.0
13.551124095916748, 16155.0
13.709877014160156, 16155.0
13.868797302246094, 16281.0
14.027663230895996, 16281.0
14.18668007850647, 16281.0
14.345795154571533, 16281.0
14.504550218582153, 16281.0
14.663381099700928, 16281.0
14.822046995162964, 16299.0
14.980350017547607, 16299.0
15.13851523399353, 16348.0
15.29689908027649, 16348.0
15.455254077911377, 16371.0
15.615171194076538, 16373.0
15.773937225341797, 16396.0
15.932677268981934, 16519.0
16.091531991958618, 16519.0
16.250341176986694, 16519.0
16.409218072891235, 16519.0
16.567960023880005, 16519.0
16.727142333984375, 16519.0
16.886007070541382, 16519.0
17.04508328437805, 16519.0
17.20398998260498, 16565.0
17.36491322517395, 16565.0
17.526602029800415, 16635.0
17.68804407119751, 16635.0
17.847805976867676, 16635.0
18.00731921195984, 16635.0
18.166900157928467, 16635.0
18.326576232910156, 16664.0
18.48616600036621, 16664.0
18.64580202102661, 16664.0
18.8057701587677, 16664.0
18.96531319618225, 16664.0
19.124824047088623, 16664.0
19.284528255462646, 16681.0
19.44426703453064, 16681.0
19.605530261993408, 16789.0
19.76633906364441, 16789.0
19.926575183868408, 16789.0
20.086721181869507, 16789.0
20.24636220932007, 16789.0
20.40609836578369, 16789.0
20.565611124038696, 16805.0
20.725029230117798, 16805.0
20.884305238723755, 16805.0
21.043615102767944, 16805.0
21.2030930519104, 16805.0
21.362568378448486, 16851.0
21.521981954574585, 16851.0
21.68288016319275, 16851.0
21.84295129776001, 16851.0
22.002556324005127, 16851.0
22.166051149368286, 16851.0
22.326289176940918, 16851.0
22.48635697364807, 16851.0
22.646554231643677, 16851.0
22.806751012802124, 16851.0
22.967356204986572, 16851.0
23.127769231796265, 16851.0
23.288406133651733, 16865.0
23.448809146881104, 16998.0
23.60911726951599, 16998.0
23.771396160125732, 16998.0
23.931665182113647, 16998.0
24.09226417541504, 16998.0
24.252716064453125, 16998.0
24.41307806968689, 16998.0
24.57361936569214, 17023.0
24.734098196029663, 17048.0
24.894547939300537, 17048.0
25.054840087890625, 17048.0
25.215511083602905, 17048.0
25.376102209091187, 17048.0
25.536648988723755, 17068.0
25.69736909866333, 17121.0
25.859745025634766, 17121.0
26.02009391784668, 17121.0
26.180764198303223, 17121.0
26.341788291931152, 17121.0
26.50346612930298, 17193.0
26.664600133895874, 17193.0
26.825927257537842, 17193.0
26.98693823814392, 17264.0
27.147582054138184, 17264.0
27.30831003189087, 17264.0
27.4693922996521, 17264.0
27.630289316177368, 17264.0
27.792540311813354, 17264.0
27.953229188919067, 17264.0
28.11401605606079, 17264.0
28.274944067001343, 17327.0
28.435638189315796, 17327.0
28.596074104309082, 17327.0
28.7565860748291, 17327.0
28.917363166809082, 17352.0
29.07796311378479, 17408.0
29.238328218460083, 17408.0
29.398856163024902, 17408.0
29.559336185455322, 17408.0
29.72026515007019, 17408.0
29.882305145263672, 17408.0
30.042705297470093, 17408.0
30.20313596725464, 17408.0
30.36373519897461, 17408.0
30.524123191833496, 17408.0
30.684558153152466, 17408.0
30.844983100891113, 17434.0
31.005614042282104, 17434.0
31.16631817817688, 17434.0
31.326863288879395, 17434.0
31.487157106399536, 17434.0
31.647462129592896, 17464.0
31.808619022369385, 17464.0
31.969682216644287, 17464.0
32.13010835647583, 17464.0
