0.00021600723266601562, 116.0
0.00042891502380371094, 447.0
0.0006430149078369141, 848.0
0.0008580684661865234, 1295.0
0.0010709762573242188, 1898.0
0.0012829303741455078, 2304.0
0.001497030258178711, 3381.0
0.0017099380493164062, 4464.0
0.0019228458404541016, 4910.0
0.0021359920501708984, 5146.0
0.0023550987243652344, 5957.0
0.004469871520996094, 6151.0
0.006150007247924805, 6266.0
0.00661015510559082, 6385.0
0.0196840763092041, 6488.0
0.026568174362182617, 6664.0
0.028649091720581055, 6773.0
0.050338029861450195, 6878.0
0.05221390724182129, 6938.0
0.058473825454711914, 7043.0
0.062426090240478516, 7150.0
0.07266807556152344, 7277.0
0.07329916954040527, 7386.0
0.08600687980651855, 7543.0
0.09842395782470703, 7681.0
0.11010193824768066, 7684.0
0.12487101554870605, 7778.0
0.16062617301940918, 7786.0
0.173414945602417, 7888.0
0.19257402420043945, 7980.0
0.19856595993041992, 8059.0
0.21181893348693848, 8146.0
0.21512413024902344, 8287.0
0.22296380996704102, 8371.0
0.22337913513183594, 8476.0
0.2928609848022461, 8552.0
0.3102149963378906, 8688.0
0.32138514518737793, 8774.0
0.32262396812438965, 8890.0
0.33710193634033203, 8986.0
0.34436893463134766, 9033.0
0.3462350368499756, 9183.0
0.3566470146179199, 9207.0
0.35997796058654785, 9315.0
0.37384700775146484, 9428.0
0.3752889633178711, 9579.0
0.381911039352417, 9620.0
0.38707709312438965, 9818.0
0.3876991271972656, 9935.0
0.387908935546875, 10065.0
0.5592207908630371, 10071.0
0.6100320816040039, 10081.0
0.6199028491973877, 10115.0
0.6275110244750977, 10262.0
0.6363539695739746, 10280.0
0.639434814453125, 10399.0
0.6415081024169922, 10443.0
0.6448071002960205, 10578.0
1.0554959774017334, 10584.0
1.06746506690979, 10655.0
1.1244142055511475, 10673.0
1.1444339752197266, 10744.0
1.1475920677185059, 10863.0
1.1728260517120361, 10879.0
1.1747071743011475, 10984.0
1.8011188507080078, 11067.0
9.232309818267822, 11186.0
9.569673776626587, 11271.0
9.573004007339478, 11360.0
9.573219060897827, 11467.0
11.35339903831482, 11484.0
13.34052586555481, 11488.0
13.640660047531128, 11588.0
13.851644039154053, 11670.0
14.005290985107422, 11689.0
14.589249849319458, 11690.0
