1.0664191246032715, 61519.0
1.8148279190063477, 62461.0
2.552899122238159, 63620.0
3.2972829341888428, 64019.0
4.0494160652160645, 64919.0
4.808507204055786, 65600.0
5.548314094543457, 67210.0
6.329342842102051, 67919.0
7.083369016647339, 67919.0
7.8444719314575195, 69414.0
8.594427108764648, 69514.0
9.343301057815552, 70785.0
10.094938039779663, 71116.0
10.851529836654663, 72318.0
11.609232187271118, 72617.0
12.36791205406189, 73200.0
13.118807077407837, 74355.0
13.87753701210022, 74604.0
14.635621070861816, 75016.0
15.386182069778442, 75719.0
16.135589122772217, 76090.0
16.892625093460083, 76610.0
17.656930923461914, 76661.0
18.410200119018555, 77204.0
19.164858102798462, 77618.0
19.92100501060486, 78796.0
20.676486015319824, 79250.0
21.436577081680298, 80285.0
22.192288875579834, 80602.0
22.948349237442017, 80891.0
23.706547260284424, 81474.0
24.46474003791809, 81684.0
25.22311496734619, 82184.0
25.980029106140137, 83211.0
26.746628046035767, 83505.0
27.517602920532227, 84298.0
28.2798810005188, 84815.0
29.040662050247192, 85316.0
29.802558183670044, 86304.0
30.567568063735962, 86304.0
31.33986806869507, 86304.0
32.106966972351074, 87312.0
32.872596979141235, 87395.0
33.63964796066284, 87973.0
34.405022859573364, 88207.0
35.18075704574585, 88481.0
35.96280121803284, 89609.0
36.732749938964844, 90022.0
37.51074004173279, 90103.0
38.279680013656616, 90440.0
39.05021786689758, 90703.0
39.82307410240173, 91098.0
40.59447002410889, 91899.0
41.36670804023743, 91899.0
42.14002203941345, 91971.0
42.92180919647217, 92218.0
43.709458112716675, 92829.0
44.48414993286133, 92906.0
45.257702112197876, 94791.0
46.04384994506836, 94791.0
46.81890821456909, 94791.0
47.60593509674072, 95209.0
48.38439106941223, 95618.0
49.1606559753418, 96043.0
49.94141697883606, 97811.0
50.72808504104614, 97811.0
51.52032709121704, 97811.0
52.30575704574585, 97811.0
53.086678981781006, 98908.0
53.87689018249512, 98908.0
54.656676054000854, 98908.0
55.445444107055664, 99288.0
56.237727880477905, 99475.0
57.027775049209595, 99618.0
57.80923008918762, 99705.0
58.60481810569763, 100504.0
59.3977530002594, 101305.0
60.19134783744812, 101509.0
60.975533962249756, 101509.0
61.7716851234436, 101509.0
62.55651617050171, 101996.0
63.346668004989624, 101996.0
64.14271903038025, 102419.0
64.94361424446106, 102605.0
65.72450494766235, 103000.0
66.51143383979797, 103102.0
67.29826092720032, 103300.0
68.10024309158325, 104115.0
68.89543008804321, 104115.0
69.69401597976685, 104115.0
70.49527215957642, 104181.0
71.2863039970398, 104918.0
72.07517504692078, 105507.0
72.87730813026428, 105507.0
73.68169808387756, 105599.0
74.47510814666748, 105619.0
75.275230884552, 105884.0
76.08154487609863, 106392.0
76.88595819473267, 106984.0
77.68088483810425, 106984.0
78.47797393798828, 107179.0
79.28059697151184, 107418.0
80.08532905578613, 107418.0
80.87982106208801, 107459.0
81.68131923675537, 107702.0
82.48441696166992, 108107.0
83.28381419181824, 108107.0
84.09145903587341, 108212.0
84.88885307312012, 108715.0
85.69353103637695, 109593.0
86.49836683273315, 109593.0
87.30502605438232, 109593.0
88.11123919487, 110106.0
88.92076802253723, 110760.0
89.72662401199341, 111069.0
90.52751517295837, 111218.0
91.32606101036072, 111593.0
92.13193392753601, 111711.0
92.93235301971436, 111711.0
93.7416889667511, 112709.0
94.54752612113953, 112709.0
95.3444709777832, 112709.0
96.1429328918457, 112709.0
96.94353914260864, 112977.0
97.75085997581482, 112977.0
98.56395411491394, 113187.0
99.3687641620636, 113187.0
100.18051099777222, 113187.0
101.00081086158752, 113187.0
101.80551815032959, 114101.0
102.61017417907715, 114101.0
103.42954015731812, 114101.0
104.24382400512695, 114101.0
105.0629448890686, 114777.0
105.88276815414429, 114917.0
106.70142889022827, 114917.0
107.51671290397644, 114917.0
108.32849311828613, 114974.0
109.13401794433594, 114992.0
109.940838098526, 115630.0
110.75709199905396, 115630.0
111.5766761302948, 115630.0
112.38176417350769, 115673.0
113.19432020187378, 115904.0
113.9993269443512, 116715.0
114.81262516975403, 116715.0
115.63156199455261, 116715.0
116.43407607078552, 116715.0
117.25117206573486, 117211.0
118.06890320777893, 117211.0
118.88650894165039, 117211.0
119.69604301452637, 117211.0
120.50702714920044, 118305.0
121.33447504043579, 118305.0
122.15407419204712, 118305.0
122.97301292419434, 118305.0
123.79147791862488, 118305.0
124.60709118843079, 118553.0
125.4268810749054, 118912.0
126.23991227149963, 118912.0
127.0647029876709, 118912.0
127.87527918815613, 118912.0
128.688579082489, 118912.0
129.51057195663452, 118912.0
130.31651401519775, 119277.0
131.13680005073547, 119277.0
131.954430103302, 119609.0
132.76365518569946, 119609.0
133.57995891571045, 120017.0
134.40219688415527, 120216.0
135.22258710861206, 120216.0
136.03656697273254, 120216.0
136.85461401939392, 120216.0
137.67478704452515, 120517.0
138.48643922805786, 120517.0
139.30864095687866, 120574.0
140.12393808364868, 120574.0
140.94298696517944, 120574.0
141.77287602424622, 120894.0
142.59815287590027, 120894.0
143.4149899482727, 120914.0
144.23509907722473, 120914.0
145.05600881576538, 121110.0
145.88010501861572, 121878.0
146.69804096221924, 121878.0
147.53326201438904, 121980.0
148.35809803009033, 121980.0
149.18560886383057, 121980.0
150.01391506195068, 122077.0
150.8421549797058, 122413.0
151.67199897766113, 122413.0
152.4979829788208, 123487.0
153.3205201625824, 123487.0
154.1437051296234, 123487.0
154.97035789489746, 123487.0
155.79850101470947, 123487.0
156.6249499320984, 123487.0
157.4541039466858, 123487.0
158.28306913375854, 123487.0
159.11249613761902, 123487.0
159.93142199516296, 123602.0
