41.701931953430176, 201.0
41.70193672180176, 201.0
41.70193886756897, 201.0
41.70194101333618, 201.0
41.701945066452026, 200.0
41.70194697380066, 200.0
41.70194888114929, 200.0
41.701950788497925, 200.0
41.70195293426514, 200.0
41.70195508003235, 199.0
41.70195698738098, 199.0
41.701958894729614, 199.0
41.70196080207825, 199.0
41.70196199417114, 199.0
41.701963901519775, 198.0
41.70196795463562, 198.0
41.70196986198425, 198.0
41.701971769332886, 198.0
41.7019739151001, 198.0
41.70197606086731, 198.0
41.70197796821594, 198.0
41.701979875564575, 197.0
41.70198082923889, 197.0
41.7019829750061, 197.0
41.701995849609375, 197.0
41.70199704170227, 197.0
41.7019989490509, 197.0
41.702000856399536, 196.0
41.70200276374817, 196.0
41.70200490951538, 195.0
41.70200705528259, 195.0
41.702008962631226, 195.0
41.702011823654175, 195.0
41.70201396942139, 195.0
41.70201587677002, 194.0
41.70201802253723, 194.0
41.702019929885864, 194.0
41.702022075653076, 194.0
41.70202374458313, 194.0
41.70202589035034, 194.0
41.702028036117554, 194.0
41.70202994346619, 193.0
41.7020320892334, 193.0
41.70203375816345, 193.0
41.702035903930664, 193.0
41.7020378112793, 192.0
41.70203995704651, 192.0
41.70204210281372, 192.0
41.702043771743774, 191.0
41.702045917510986, 191.0
41.70204782485962, 191.0
41.70204997062683, 191.0
41.70205307006836, 191.0
41.70205473899841, 191.0
41.702056884765625, 191.0
41.70205903053284, 191.0
41.70206093788147, 191.0
41.70206308364868, 191.0
41.702064037323, 190.0
41.70206570625305, 190.0
41.702067852020264, 190.0
41.702069997787476, 190.0
41.70207190513611, 189.0
41.70207405090332, 189.0
41.70208287239075, 189.0
41.702085971832275, 189.0
41.70209288597107, 189.0
41.70209503173828, 189.0
41.702096939086914, 189.0
41.70209884643555, 189.0
41.70210099220276, 188.0
41.702101945877075, 188.0
41.70210385322571, 188.0
41.70210599899292, 188.0
41.70210790634155, 188.0
41.70210886001587, 188.0
41.702118158340454, 187.0
41.70211982727051, 187.0
41.70212197303772, 186.0
41.702122926712036, 186.0
41.70212507247925, 186.0
41.70212697982788, 186.0
41.702128887176514, 186.0
41.70213079452515, 186.0
41.70213294029236, 186.0
41.70213484764099, 186.0
41.70213603973389, 186.0
41.702139139175415, 185.0
41.70213985443115, 185.0
41.70214080810547, 185.0
41.70214295387268, 185.0
41.70214486122131, 185.0
41.70214796066284, 185.0
41.702150106430054, 185.0
41.70215177536011, 184.0
41.70215392112732, 184.0
41.702154874801636, 184.0
41.70215702056885, 184.0
41.70215892791748, 184.0
41.70216107368469, 183.0
41.70216178894043, 182.0
41.70216393470764, 182.0
41.702165842056274, 182.0
41.70216703414917, 182.0
41.7021689414978, 182.0
41.702171087265015, 182.0
41.70217180252075, 181.0
41.702173948287964, 181.0
41.70217990875244, 181.0
41.70218276977539, 181.0
41.70218586921692, 181.0
41.70218801498413, 180.0
41.702189922332764, 180.0
41.70219111442566, 180.0
41.70219278335571, 180.0
41.70219588279724, 180.0
41.70219802856445, 180.0
41.70219898223877, 179.0
41.7022008895874, 179.0
41.702203035354614, 178.0
41.70220589637756, 178.0
41.70220685005188, 178.0
41.70220899581909, 178.0
41.702210903167725, 177.0
41.70221400260925, 177.0
41.702215909957886, 177.0
41.70221781730652, 177.0
41.70221996307373, 177.0
41.70222496986389, 176.0
41.70222783088684, 176.0
41.70222878456116, 175.0
41.70223093032837, 175.0
41.70224595069885, 175.0
41.702247858047485, 174.0
41.7022488117218, 174.0
41.7022500038147, 174.0
41.702250957489014, 174.0
41.70225191116333, 174.0
41.70225286483765, 173.0
41.70225405693054, 173.0
41.702255964279175, 172.0
41.70225691795349, 172.0
41.70225787162781, 172.0
41.702258825302124, 172.0
41.70225977897644, 172.0
41.70226192474365, 172.0
41.70226287841797, 172.0
41.702264070510864, 171.0
41.70226502418518, 171.0
41.70226693153381, 171.0
41.70226788520813, 171.0
41.702268838882446, 171.0
41.70227098464966, 170.0
41.702271938323975, 170.0
41.70227384567261, 170.0
41.7022750377655, 170.0
41.70227599143982, 169.0
41.70227813720703, 169.0
41.70227885246277, 169.0
41.702279806137085, 169.0
41.7022807598114, 168.0
41.7022819519043, 168.0
41.70228290557861, 168.0
41.702285051345825, 168.0
41.70228600502014, 167.0
41.70228695869446, 167.0
41.70228815078735, 167.0
41.70228910446167, 166.0
41.702290773391724, 166.0
41.70229196548462, 166.0
41.702292919158936, 166.0
41.70229387283325, 166.0
41.70229482650757, 166.0
41.70229697227478, 166.0
41.7022979259491, 166.0
41.70229911804199, 166.0
41.70229983329773, 165.0
41.702300786972046, 165.0
41.70230293273926, 164.0
41.702303886413574, 164.0
41.70230484008789, 164.0
41.702306032180786, 164.0
41.7023069858551, 164.0
41.70230793952942, 163.0
41.70231008529663, 163.0
41.70231008529663, 163.0
41.702311754226685, 163.0
41.70231294631958, 163.0
41.7023138999939, 162.0
41.70231485366821, 161.0
41.70232009887695, 161.0
41.70232081413269, 161.0
41.70232176780701, 161.0
41.7023229598999, 161.0
41.702324867248535, 161.0
41.70232582092285, 161.0
41.70232701301575, 160.0
41.70232796669006, 160.0
41.702330112457275, 160.0
41.70233106613159, 160.0
41.70233178138733, 160.0
41.702332735061646, 160.0
41.70233392715454, 159.0
41.70233488082886, 159.0
41.702335834503174, 159.0
41.702337980270386, 159.0
41.7023389339447, 159.0
41.70233988761902, 159.0
41.702341079711914, 158.0
41.70234203338623, 158.0
41.70234274864197, 158.0
41.70234489440918, 158.0
41.70234990119934, 158.0
41.70235204696655, 158.0
41.702353715896606, 158.0
41.7023549079895, 157.0
41.70235586166382, 156.0
41.702356815338135, 156.0
41.70235800743103, 156.0
41.70235896110535, 156.0
41.70235991477966, 155.0
41.70236110687256, 155.0
41.702362060546875, 155.0
41.70236301422119, 155.0
41.70236372947693, 155.0
41.702364921569824, 155.0
41.70236587524414, 155.0
41.70236682891846, 154.0
41.70236802101135, 154.0
41.70236897468567, 154.0
41.702369928359985, 153.0
41.7023708820343, 153.0
41.7023720741272, 153.0
41.702373027801514, 152.0
41.70237398147583, 152.0
41.70237493515015, 152.0
41.70237588882446, 152.0
41.70237684249878, 152.0
41.702377796173096, 152.0
41.70237898826599, 152.0
41.70237994194031, 151.0
41.70237994194031, 151.0
41.702380895614624, 151.0
41.70238208770752, 151.0
41.702383041381836, 151.0
41.70238900184631, 151.0
41.70238900184631, 151.0
41.70239591598511, 151.0
41.702396869659424, 151.0
41.70239782333374, 151.0
41.70239877700806, 150.0
41.70240092277527, 150.0
41.702401876449585, 150.0
41.70240306854248, 150.0
41.7024040222168, 150.0
41.70240497589111, 149.0
41.70240497589111, 149.0
41.70240616798401, 149.0
41.702406883239746, 149.0
41.70240783691406, 149.0
41.70240879058838, 149.0
41.702409982681274, 149.0
41.70241093635559, 149.0
41.70241189002991, 149.0
41.70241189002991, 149.0
41.702412843704224, 149.0
41.70241403579712, 148.0
41.702414989471436, 148.0
41.70241594314575, 147.0
41.70241713523865, 147.0
41.702417850494385, 147.0
41.7024188041687, 147.0
41.7024188041687, 147.0
41.70241975784302, 146.0
41.70242094993591, 146.0
41.70242786407471, 146.0
41.70242881774902, 146.0
41.70242977142334, 145.0
41.702430963516235, 145.0
41.70243191719055, 145.0
41.70243191719055, 145.0
41.70243287086487, 144.0
41.702434062957764, 144.0
41.70243501663208, 144.0
41.7024359703064, 143.0
41.70243692398071, 143.0
41.70243692398071, 143.0
41.702438831329346, 142.0
41.70243978500366, 142.0
41.70244097709656, 142.0
41.702441930770874, 142.0
41.70244288444519, 142.0
41.70244383811951, 141.0
41.7024450302124, 141.0
41.70244598388672, 141.0
41.702446937561035, 141.0
41.702446937561035, 141.0
41.70244812965393, 140.0
41.70244884490967, 140.0
41.702449798583984, 140.0
41.7024507522583, 140.0
41.702451944351196, 139.0
41.70245289802551, 138.0
41.70245385169983, 138.0
41.702455043792725, 137.0
41.70245599746704, 137.0
41.70245599746704, 137.0
41.702457904815674, 137.0
41.702457904815674, 137.0
41.70245981216431, 137.0
41.70246076583862, 137.0
41.70246195793152, 136.0
41.702462911605835, 136.0
41.70246386528015, 136.0
41.70246386528015, 136.0
41.70246481895447, 135.0
41.70246601104736, 135.0
41.70246696472168, 135.0
41.702467918395996, 135.0
41.70246911048889, 135.0
41.70247006416321, 135.0
41.702470779418945, 135.0
41.702470779418945, 134.0
41.70247173309326, 134.0
41.70247292518616, 133.0
41.702473878860474, 133.0
41.70247483253479, 133.0
41.702476024627686, 133.0
41.702476978302, 133.0
41.70247793197632, 132.0
41.702479124069214, 132.0
41.70248007774353, 132.0
41.70248007774353, 132.0
41.702481746673584, 132.0
41.702481746673584, 132.0
41.70248293876648, 132.0
41.702483892440796, 131.0
41.70248484611511, 131.0
41.70248603820801, 131.0
41.702486991882324, 131.0
41.70248794555664, 130.0
41.70248889923096, 130.0
41.70249009132385, 130.0
41.70249104499817, 130.0
41.702491760253906, 129.0
41.7024929523468, 129.0
41.70249390602112, 128.0
41.702494859695435, 128.0
41.70249581336975, 128.0
41.70249700546265, 128.0
41.70249795913696, 128.0
41.70249795913696, 127.0
41.702500104904175, 127.0
41.70250201225281, 127.0
41.702502727508545, 127.0
41.702502727508545, 126.0
41.70250487327576, 126.0
41.70250582695007, 125.0
41.70250701904297, 125.0
41.702507972717285, 125.0
41.7025089263916, 125.0
41.70250988006592, 125.0
41.70251107215881, 125.0
41.70251202583313, 124.0
41.70251274108887, 124.0
41.70251393318176, 124.0
41.70251488685608, 124.0
41.702515840530396, 124.0
41.70251679420471, 123.0
41.70251798629761, 123.0
41.702518939971924, 123.0
41.70251989364624, 123.0
41.702521085739136, 122.0
41.70252299308777, 122.0
41.702523708343506, 122.0
41.7025249004364, 122.0
41.7025249004364, 121.0
41.702526807785034, 121.0
41.702526807785034, 121.0
41.702528953552246, 121.0
41.70252990722656, 121.0
41.70252990722656, 120.0
41.702532052993774, 120.0
41.70253300666809, 120.0
41.70253300666809, 120.0
41.70253396034241, 119.0
41.702534914016724, 119.0
41.70253586769104, 119.0
41.702536821365356, 119.0
41.70253777503967, 119.0
41.70253896713257, 119.0
41.702539920806885, 119.0
41.7025408744812, 119.0
41.7025408744812, 118.0
41.7025420665741, 118.0
41.70254302024841, 118.0
41.70254397392273, 117.0
41.702545166015625, 117.0
41.70254588127136, 117.0
41.70254683494568, 117.0
41.702547788619995, 117.0
41.70254898071289, 116.0
41.70255088806152, 116.0
41.70255088806152, 116.0
41.70255208015442, 116.0
41.702553033828735, 116.0
41.70255398750305, 116.0
41.702560901641846, 116.0
41.70256185531616, 116.0
41.70256304740906, 116.0
41.702564001083374, 116.0
41.702564001083374, 116.0
41.70256495475769, 116.0
41.702566146850586, 115.0
41.702566146850586, 115.0
41.70256686210632, 115.0
41.70256781578064, 115.0
41.702568769454956, 115.0
41.70256996154785, 115.0
41.70257091522217, 114.0
41.70257091522217, 114.0
41.702571868896484, 114.0
41.70257306098938, 114.0
41.70257306098938, 114.0
41.702574014663696, 114.0
41.70257496833801, 114.0
41.70257592201233, 113.0
41.702576875686646, 113.0
41.70257782936096, 112.0
41.70257782936096, 112.0
41.70257878303528, 111.0
41.702579975128174, 110.0
41.70258092880249, 110.0
41.70258188247681, 110.0
41.70258283615112, 110.0
41.70258283615112, 110.0
41.702584981918335, 110.0
41.702584981918335, 110.0
41.70258593559265, 109.0
41.70258712768555, 109.0
41.70258712768555, 109.0
41.702587842941284, 109.0
41.7025887966156, 109.0
41.70258975028992, 108.0
41.70258975028992, 108.0
41.70259094238281, 108.0
41.70259189605713, 108.0
41.70259189605713, 107.0
41.702592849731445, 107.0
41.70259404182434, 107.0
41.70259499549866, 107.0
41.70259499549866, 107.0
41.702595949172974, 106.0
41.70259714126587, 105.0
41.70259714126587, 105.0
41.702598094940186, 105.0
41.70259881019592, 105.0
41.70259881019592, 105.0
41.70259976387024, 104.0
41.702600955963135, 104.0
41.702600955963135, 104.0
41.70260190963745, 104.0
41.70260286331177, 104.0
41.70260286331177, 103.0
41.70260405540466, 103.0
41.70260405540466, 103.0
41.70260500907898, 103.0
41.702605962753296, 102.0
41.70260691642761, 102.0
41.70260691642761, 102.0
41.70260810852051, 101.0
41.702609062194824, 101.0
41.702609062194824, 101.0
41.70260977745056, 101.0
41.70261073112488, 101.0
41.70261073112488, 101.0
41.70261192321777, 101.0
