0.00011110305786132812, 723.0
0.00022101402282714844, 1597.0
0.00032806396484375, 1994.0
0.00043582916259765625, 2271.0
0.0009682178497314453, 2272.0
0.0010750293731689453, 2453.0
0.0018129348754882812, 2454.0
0.0020241737365722656, 2455.0
0.020244836807250977, 2465.0
0.021603107452392578, 2541.0
0.022858858108520508, 2542.0
0.023802995681762695, 2618.0
0.026523113250732422, 2708.0
0.041726112365722656, 2732.0
0.04350709915161133, 2733.0
0.04896402359008789, 2743.0
0.04917502403259277, 2744.0
0.053156137466430664, 2745.0
0.05577588081359863, 2758.0
0.09748387336730957, 2805.0
0.10377311706542969, 2823.0
0.10751605033874512, 2836.0
0.11283302307128906, 2923.0
0.11470985412597656, 2957.0
0.11877107620239258, 2974.0
0.12451386451721191, 2990.0
0.23800301551818848, 3001.0
0.23874807357788086, 3002.0
0.28948497772216797, 3017.0
0.33683013916015625, 3040.0
0.7133128643035889, 3099.0
1.068742036819458, 3177.0
1.0698790550231934, 3178.0
1.084259033203125, 3244.0
1.2595629692077637, 3300.0
1.9503920078277588, 3333.0
1.9566209316253662, 3358.0
3.065566062927246, 3382.0
5.948292970657349, 3420.0
5.954284906387329, 3421.0
6.4899561405181885, 3452.0
6.873315095901489, 3490.0
7.002982139587402, 3495.0
7.015332937240601, 3507.0
7.030570983886719, 3582.0
7.0716331005096436, 3607.0
7.423008918762207, 3613.0
7.60872220993042, 3626.0
7.61829400062561, 3627.0
7.706532001495361, 3628.0
7.843708038330078, 3639.0
8.18833613395691, 3644.0
8.253139019012451, 3645.0
8.257385969161987, 3646.0
8.70023798942566, 3656.0
9.330825090408325, 3657.0
