0.009692907333374023, 5614.0
0.018390655517578125, 5870.0
0.027116775512695312, 6014.0
0.03572678565979004, 7220.0
0.0443730354309082, 7232.0
0.05299568176269531, 7486.0
0.061676740646362305, 8191.0
0.07041788101196289, 8433.0
0.07926583290100098, 8788.0
0.0880897045135498, 8817.0
0.09695577621459961, 8817.0
0.10584783554077148, 9147.0
0.1147608757019043, 9147.0
0.12369894981384277, 9147.0
0.13268089294433594, 9147.0
0.1417238712310791, 9147.0
0.15078473091125488, 9147.0
0.16002583503723145, 9147.0
0.16925287246704102, 9147.0
0.17857885360717773, 9147.0
0.18784284591674805, 9147.0
0.1969296932220459, 9147.0
0.20595979690551758, 9147.0
0.2149970531463623, 9147.0
0.22423887252807617, 9147.0
0.23341679573059082, 9147.0
0.24250292778015137, 9147.0
0.2515857219696045, 9147.0
0.2606527805328369, 9147.0
0.269650936126709, 9147.0
0.2787039279937744, 9147.0
0.2877078056335449, 9147.0
0.2967417240142822, 9147.0
0.3057389259338379, 9147.0
0.3147437572479248, 9147.0
0.3237338066101074, 9147.0
0.332730770111084, 9147.0
0.3417208194732666, 9147.0
0.3507106304168701, 9147.0
0.35970091819763184, 9147.0
0.3687019348144531, 9147.0
0.37768983840942383, 9147.0
0.38666296005249023, 9147.0
0.39568066596984863, 9147.0
0.40474867820739746, 9147.0
0.41376376152038574, 9147.0
0.42276668548583984, 9147.0
0.4320089817047119, 9147.0
0.44163990020751953, 9147.0
0.45124268531799316, 9147.0
0.46056675910949707, 9147.0
0.4699218273162842, 9147.0
0.479320764541626, 9147.0
0.4886777400970459, 9147.0
0.4980309009552002, 9147.0
0.5073878765106201, 9147.0
0.516697883605957, 9147.0
0.5260286331176758, 9147.0
0.5352878570556641, 9147.0
0.5445818901062012, 9147.0
0.5539157390594482, 9147.0
0.5632059574127197, 9147.0
0.5729389190673828, 9147.0
0.5825448036193848, 9147.0
0.5926008224487305, 9147.0
0.6022028923034668, 9147.0
0.6118278503417969, 9147.0
0.6211409568786621, 9147.0
0.6304309368133545, 9147.0
0.6397218704223633, 9147.0
0.6489946842193604, 9147.0
0.6582567691802979, 9147.0
0.6675426959991455, 9147.0
0.6767959594726562, 9147.0
0.6860790252685547, 9147.0
0.695375919342041, 9147.0
0.7046318054199219, 9147.0
0.71390700340271, 9147.0
0.7231769561767578, 9147.0
0.7324388027191162, 9147.0
0.7418887615203857, 9147.0
0.751209020614624, 9147.0
0.7605388164520264, 9147.0
0.7698466777801514, 9147.0
0.7790968418121338, 9147.0
0.7883918285369873, 9147.0
0.7977149486541748, 9147.0
0.8070557117462158, 9147.0
0.816490650177002, 9147.0
0.82588791847229, 9147.0
0.8352007865905762, 9147.0
0.8445320129394531, 9147.0
0.8538727760314941, 9147.0
0.8632469177246094, 9147.0
0.8726747035980225, 9147.0
0.8820149898529053, 9147.0
0.8913648128509521, 9147.0
0.9009768962860107, 9147.0
0.9103319644927979, 9147.0
0.9196908473968506, 9147.0
0.9291200637817383, 9147.0
0.9386398792266846, 9147.0
0.9478437900543213, 9147.0
0.9572579860687256, 9147.0
0.9664998054504395, 9147.0
0.9757318496704102, 9147.0
0.9849076271057129, 9147.0
0.9940788745880127, 9147.0
1.0032398700714111, 9147.0
1.012347936630249, 9147.0
1.0214767456054688, 9147.0
1.0306487083435059, 9147.0
1.0397717952728271, 9147.0
1.0489368438720703, 9147.0
1.0580627918243408, 9147.0
1.0672318935394287, 9147.0
1.0764377117156982, 9147.0
1.085580825805664, 9147.0
1.0947349071502686, 9147.0
1.1038758754730225, 9147.0
1.1129858493804932, 9147.0
1.1221058368682861, 9147.0
1.131206750869751, 9147.0
1.1403436660766602, 9147.0
1.1494777202606201, 9147.0
1.1585657596588135, 9147.0
1.167672872543335, 9147.0
1.1769418716430664, 9147.0
1.1863107681274414, 9147.0
1.1956148147583008, 9147.0
1.2049927711486816, 9147.0
1.2141649723052979, 9147.0
1.2233710289001465, 9147.0
1.2324998378753662, 9147.0
1.2416126728057861, 9147.0
1.2507200241088867, 9147.0
1.2598657608032227, 9147.0
1.2689769268035889, 9147.0
1.2780978679656982, 9147.0
1.2872509956359863, 9147.0
1.296475887298584, 9147.0
1.3055906295776367, 9147.0
1.3147237300872803, 9147.0
1.3238537311553955, 9147.0
1.3329908847808838, 9147.0
1.3422117233276367, 9147.0
1.3513579368591309, 9147.0
1.360536813735962, 9147.0
1.3697700500488281, 9147.0
1.3790068626403809, 9147.0
1.3881826400756836, 9147.0
1.3973147869110107, 9147.0
1.406527042388916, 9147.0
1.4158830642700195, 9147.0
1.4250576496124268, 9147.0
1.4342098236083984, 9147.0
1.443368911743164, 9147.0
1.452481746673584, 9147.0
1.4616107940673828, 9147.0
1.4707658290863037, 9147.0
1.4798920154571533, 9147.0
1.4889910221099854, 9147.0
1.498142957687378, 9147.0
1.507246732711792, 9147.0
1.516333818435669, 9147.0
1.525472640991211, 9147.0
1.5346548557281494, 9147.0
1.5437848567962646, 9147.0
1.5529038906097412, 9147.0
1.562053918838501, 9147.0
1.5714478492736816, 9147.0
1.5808026790618896, 9147.0
1.5902297496795654, 9147.0
1.5993638038635254, 9147.0
1.6084747314453125, 9147.0
1.6176588535308838, 9147.0
1.6267879009246826, 9147.0
1.636009931564331, 9147.0
1.6454179286956787, 9147.0
1.6546907424926758, 9147.0
1.663984775543213, 9147.0
1.6732606887817383, 9147.0
1.6825900077819824, 9147.0
1.6919329166412354, 9147.0
1.7012767791748047, 9147.0
1.7106997966766357, 9147.0
1.7200908660888672, 9147.0
1.7293949127197266, 9147.0
1.7386350631713867, 9147.0
1.7479429244995117, 9147.0
1.757253885269165, 9147.0
1.7665767669677734, 9147.0
1.7758877277374268, 9147.0
1.7854008674621582, 9147.0
1.7950336933135986, 9147.0
1.804640769958496, 9147.0
1.8142647743225098, 9147.0
1.8239078521728516, 9147.0
1.8333008289337158, 9147.0
1.8425369262695312, 9147.0
1.8517677783966064, 9147.0
