0.020947933197021484, 1986.0
0.03721284866333008, 2084.0
0.05365872383117676, 2159.0
0.07015275955200195, 2159.0
0.0867917537689209, 2184.0
0.10347867012023926, 2316.0
0.11975669860839844, 2456.0
0.1361396312713623, 2456.0
0.15289592742919922, 2456.0
0.16995573043823242, 2456.0
0.18706893920898438, 2456.0
0.20395755767822266, 2456.0
0.2204728126525879, 2482.0
0.23702669143676758, 2491.0
0.2536437511444092, 2597.0
0.27028679847717285, 2597.0
0.2869126796722412, 2597.0
0.3035757541656494, 2597.0
0.3202197551727295, 2597.0
0.3368856906890869, 2597.0
0.3536667823791504, 2597.0
0.370499849319458, 2597.0
0.3873157501220703, 2597.0
0.40418577194213867, 2597.0
0.42117786407470703, 2597.0
0.4381427764892578, 2597.0
0.4553248882293701, 2597.0
0.4722177982330322, 2597.0
0.48943591117858887, 2597.0
0.5061228275299072, 2597.0
0.5225598812103271, 2597.0
0.5390267372131348, 2597.0
0.5554418563842773, 2597.0
0.5718846321105957, 2597.0
0.5882787704467773, 2597.0
0.6047117710113525, 2597.0
0.6211838722229004, 2597.0
0.6376247406005859, 2597.0
0.6540248394012451, 2597.0
0.6704108715057373, 2597.0
0.6868679523468018, 2597.0
0.7032597064971924, 2597.0
0.7196547985076904, 2597.0
0.7361118793487549, 2597.0
0.7525098323822021, 2597.0
0.7689127922058105, 2597.0
0.7854876518249512, 2597.0
0.8019967079162598, 2597.0
0.8184027671813965, 2597.0
0.8347718715667725, 2597.0
0.8511848449707031, 2597.0
0.8675577640533447, 2597.0
0.8840188980102539, 2597.0
0.9003896713256836, 2597.0
0.916806697845459, 2597.0
0.9332118034362793, 2597.0
0.9496238231658936, 2597.0
0.9660186767578125, 2597.0
0.983393669128418, 2597.0
1.0009467601776123, 2597.0
1.0185868740081787, 2597.0
1.0391228199005127, 2597.0
1.055607795715332, 2597.0
1.0719807147979736, 2597.0
1.0884778499603271, 2597.0
1.105360746383667, 2597.0
1.1228647232055664, 2597.0
1.1394245624542236, 2597.0
1.1559958457946777, 2597.0
1.1723957061767578, 2597.0
1.1888189315795898, 2597.0
1.205143690109253, 2597.0
1.22196364402771, 2597.0
1.238590955734253, 2597.0
1.2554776668548584, 2597.0
1.2723546028137207, 2597.0
1.2892606258392334, 2597.0
1.306161880493164, 2597.0
1.3230006694793701, 2597.0
1.3397996425628662, 2597.0
1.3566138744354248, 2597.0
1.3734426498413086, 2597.0
1.3902919292449951, 2597.0
1.407763957977295, 2597.0
1.4251518249511719, 2597.0
1.442537784576416, 2597.0
1.459303855895996, 2597.0
1.47605299949646, 2597.0
1.492811679840088, 2597.0
1.5095806121826172, 2597.0
1.5263009071350098, 2597.0
1.5430116653442383, 2597.0
1.5597257614135742, 2597.0
1.5764458179473877, 2597.0
1.5931546688079834, 2597.0
1.610041856765747, 2597.0
1.6269707679748535, 2597.0
1.6438307762145996, 2597.0
1.6607706546783447, 2597.0
1.6779258251190186, 2597.0
1.6952078342437744, 2597.0
1.712228775024414, 2597.0
1.7293477058410645, 2597.0
1.7463128566741943, 2597.0
1.7628188133239746, 2597.0
1.77927565574646, 2597.0
1.7957258224487305, 2597.0
1.812168836593628, 2597.0
1.8286447525024414, 2597.0
1.8451199531555176, 2597.0
1.8615977764129639, 2597.0
1.8780369758605957, 2597.0
1.8944849967956543, 2597.0
1.910935640335083, 2597.0
1.9273717403411865, 2597.0
1.9438307285308838, 2597.0
1.9602267742156982, 2597.0
1.976982593536377, 2597.0
1.993405818939209, 2597.0
2.009878635406494, 2597.0
2.0263917446136475, 2597.0
2.042900800704956, 2597.0
2.0593388080596924, 2597.0
2.075791835784912, 2597.0
2.0923027992248535, 2597.0
2.108766794204712, 2597.0
2.125220775604248, 2597.0
2.1417558193206787, 2597.0
2.1582348346710205, 2597.0
2.1746907234191895, 2597.0
2.1911239624023438, 2597.0
2.2075846195220947, 2597.0
2.224055767059326, 2597.0
2.2406036853790283, 2597.0
2.2570979595184326, 2597.0
2.273561716079712, 2597.0
2.2900407314300537, 2597.0
2.306513786315918, 2597.0
2.3229875564575195, 2597.0
2.339554786682129, 2597.0
2.3560967445373535, 2597.0
2.3725876808166504, 2597.0
2.3890466690063477, 2597.0
2.4055166244506836, 2597.0
2.4219746589660645, 2597.0
2.4384398460388184, 2597.0
2.454899787902832, 2597.0
2.4713778495788574, 2597.0
2.4878268241882324, 2597.0
2.504279613494873, 2597.0
2.5207507610321045, 2597.0
2.537263870239258, 2597.0
2.5537736415863037, 2597.0
2.570227861404419, 2597.0
2.5866527557373047, 2597.0
2.603118658065796, 2597.0
2.619560956954956, 2597.0
2.6362838745117188, 2597.0
2.6527397632598877, 2597.0
2.669219732284546, 2597.0
2.685666799545288, 2597.0
2.7021398544311523, 2597.0
2.7187116146087646, 2597.0
2.735201597213745, 2597.0
2.7517077922821045, 2597.0
2.768211841583252, 2597.0
2.7847816944122314, 2597.0
2.801236867904663, 2597.0
2.8177168369293213, 2597.0
2.8341686725616455, 2597.0
2.8507027626037598, 2597.0
2.86718487739563, 2597.0
2.88362979888916, 2597.0
2.900057792663574, 2597.0
2.916463851928711, 2597.0
2.9331626892089844, 2597.0
2.9495859146118164, 2597.0
2.9660098552703857, 2597.0
2.9828217029571533, 2597.0
2.9996306896209717, 2597.0
3.0162057876586914, 2597.0
3.032695770263672, 2597.0
3.0494368076324463, 2597.0
3.066671848297119, 2597.0
3.0833678245544434, 2597.0
3.0998058319091797, 2597.0
3.1162407398223877, 2597.0
3.1326637268066406, 2597.0
3.1491096019744873, 2597.0
3.1655466556549072, 2597.0
3.1819589138031006, 2597.0
3.1983659267425537, 2597.0
3.2148048877716064, 2597.0
3.231982707977295, 2597.0
3.2489616870880127, 2597.0
3.265775680541992, 2597.0
3.282641887664795, 2597.0
3.2995147705078125, 2597.0
3.316358804702759, 2597.0
3.3331656455993652, 2597.0
3.3499608039855957, 2597.0
