0.00010704994201660156, 570.0
0.00021386146545410156, 1528.0
0.0003249645233154297, 1696.0
0.001950979232788086, 2420.0
0.0020542144775390625, 3363.0
0.0027539730072021484, 3754.0
0.003056049346923828, 3999.0
0.013516902923583984, 4346.0
0.013921976089477539, 4789.0
0.014230012893676758, 5648.0
0.01606297492980957, 5774.0
0.021613121032714844, 5961.0
0.023967981338500977, 6913.0
0.02583003044128418, 7041.0
0.032254934310913086, 7078.0
0.04447603225708008, 7169.0
0.04488801956176758, 8028.0
0.05199098587036133, 8223.0
0.06397891044616699, 8339.0
0.06408119201660156, 8630.0
0.06903600692749023, 8887.0
0.07114481925964355, 9017.0
0.0715482234954834, 10009.0
0.07305383682250977, 10466.0
0.08072710037231445, 10784.0
0.08255410194396973, 11554.0
0.23531007766723633, 11701.0
0.23874402046203613, 12644.0
0.24138808250427246, 12746.0
0.2415919303894043, 12872.0
0.243912935256958, 13067.0
0.2644221782684326, 13081.0
0.2661418914794922, 13350.0
0.2667570114135742, 13441.0
0.2994401454925537, 13479.0
0.2998530864715576, 13581.0
0.32047104835510254, 14205.0
0.33379197120666504, 14988.0
0.3481788635253906, 15232.0
0.3796980381011963, 15535.0
0.3825368881225586, 15678.0
0.3834550380706787, 15804.0
0.3843650817871094, 15821.0
0.3850741386413574, 15968.0
0.4092888832092285, 15977.0
0.4140431880950928, 16214.0
0.42510509490966797, 16688.0
0.43198204040527344, 16865.0
0.432391881942749, 17238.0
0.43503499031066895, 17442.0
0.5521221160888672, 17598.0
0.560081958770752, 18146.0
0.5647530555725098, 18196.0
0.5664000511169434, 18449.0
0.7180631160736084, 18678.0
0.7202959060668945, 19302.0
2.280827045440674, 19873.0
2.2841429710388184, 20001.0
4.099892854690552, 20490.0
4.104494094848633, 21028.0
4.350697994232178, 21379.0
4.351116895675659, 22105.0
4.354863166809082, 22363.0
4.356636047363281, 22412.0
4.357264995574951, 22665.0
4.361863851547241, 22793.0
4.362912893295288, 22895.0
4.513741970062256, 23357.0
4.629951000213623, 23946.0
4.632561206817627, 24403.0
4.63509202003479, 24809.0
4.643203973770142, 24922.0
4.846956014633179, 25334.0
4.899003028869629, 25422.0
