0.00010585784912109375, 445.0
0.0002110004425048828, 928.0
0.00031304359436035156, 1735.0
0.00041604042053222656, 2133.0
0.0006198883056640625, 2939.0
0.0022521018981933594, 3049.0
0.0024559497833251953, 3183.0
0.0033669471740722656, 3303.0
0.008481979370117188, 3412.0
0.04099893569946289, 3512.0
0.04200291633605957, 3617.0
0.05945396423339844, 3664.0
0.06509280204772949, 3698.0
0.06640315055847168, 3811.0
0.06822705268859863, 3931.0
0.07035589218139648, 4034.0
0.07066082954406738, 4204.0
0.07419276237487793, 4216.0
0.11193704605102539, 4301.0
0.12810492515563965, 4354.0
0.12932085990905762, 4506.0
0.1296248435974121, 4613.0
0.13869285583496094, 4715.0
0.22007298469543457, 4803.0
0.22148895263671875, 4910.0
0.23644399642944336, 5005.0
0.24503087997436523, 5084.0
0.24940705299377441, 5209.0
0.2819697856903076, 5213.0
0.28469395637512207, 5302.0
0.2986569404602051, 5505.0
0.3002779483795166, 5614.0
0.37090587615966797, 5702.0
1.1986689567565918, 5706.0
1.2006940841674805, 5777.0
3.1795661449432373, 5781.0
3.268256902694702, 5805.0
3.2695109844207764, 5914.0
4.981383800506592, 5915.0
5.760772943496704, 6007.0
5.792794942855835, 6008.0
5.8629679679870605, 6011.0
5.868088006973267, 6096.0
5.876574993133545, 6105.0
6.153642892837524, 6110.0
6.365571737289429, 6111.0
6.400294780731201, 6114.0
6.667535781860352, 6216.0
