0.10144472122192383, 5830.0
0.17718100547790527, 5910.0
0.2534768581390381, 5910.0
0.3314478397369385, 5989.0
0.4091658592224121, 6040.0
0.48550891876220703, 6099.0
0.56443190574646, 6238.0
0.6406190395355225, 6297.0
0.7174139022827148, 6522.0
0.7942328453063965, 6522.0
0.8719780445098877, 6622.0
0.9485108852386475, 6747.0
1.0259079933166504, 6747.0
1.1030848026275635, 6908.0
1.1799647808074951, 6908.0
1.2567899227142334, 7006.0
1.3349158763885498, 7110.0
1.4138450622558594, 7257.0
1.494095802307129, 7437.0
1.5733659267425537, 7437.0
1.6516387462615967, 7437.0
1.7302427291870117, 7437.0
1.8091378211975098, 7437.0
1.8890459537506104, 7511.0
1.969895839691162, 7606.0
2.0502097606658936, 7636.0
2.1613047122955322, 7636.0
2.254779815673828, 7735.0
2.333962917327881, 7735.0
2.413850784301758, 7747.0
2.4951670169830322, 7803.0
2.574920892715454, 7898.0
2.6546378135681152, 7898.0
2.73435378074646, 7908.0
2.8145227432250977, 7928.0
2.9019999504089355, 8001.0
2.986705780029297, 8025.0
3.0698628425598145, 8025.0
3.154481887817383, 8046.0
3.239501714706421, 8192.0
3.323629856109619, 8192.0
3.4148569107055664, 8192.0
3.5164690017700195, 8192.0
3.6140286922454834, 8192.0
3.7055108547210693, 8192.0
3.8175649642944336, 8371.0
3.906782865524292, 8371.0
4.003463983535767, 8371.0
4.093284845352173, 8371.0
4.174746751785278, 8371.0
4.262595891952515, 8371.0
4.3477678298950195, 8442.0
4.434971809387207, 8442.0
4.5186707973480225, 8442.0
4.601666688919067, 8459.0
4.684291839599609, 8494.0
4.7673180103302, 8553.0
4.858461856842041, 8553.0
4.946244716644287, 8553.0
5.029059886932373, 8582.0
5.113343000411987, 8582.0
5.197985649108887, 8582.0
5.281867742538452, 8582.0
5.364002704620361, 8626.0
5.44497275352478, 8626.0
5.525734901428223, 8635.0
5.606081008911133, 8645.0
5.6916728019714355, 8648.0
5.7739269733428955, 8659.0
5.857080698013306, 8659.0
5.93874192237854, 8711.0
6.019983768463135, 8720.0
6.101228713989258, 8720.0
6.18117880821228, 8720.0
6.261077880859375, 8760.0
6.340624809265137, 8760.0
6.420192718505859, 8760.0
6.499921798706055, 8760.0
6.581394910812378, 8760.0
6.661824941635132, 8760.0
6.7433249950408936, 8760.0
6.826012849807739, 8767.0
6.906632900238037, 8767.0
6.987786054611206, 8824.0
7.068067789077759, 8824.0
7.1473329067230225, 8824.0
7.228579759597778, 8824.0
7.309545993804932, 8824.0
7.391103982925415, 8824.0
7.472959041595459, 8824.0
7.555371046066284, 8864.0
7.6355578899383545, 8864.0
7.715430974960327, 8864.0
7.795053720474243, 8864.0
7.8774988651275635, 8864.0
7.959354877471924, 8864.0
8.040687799453735, 8864.0
8.122071743011475, 8864.0
8.202805995941162, 8864.0
8.284696817398071, 8864.0
8.365688800811768, 8864.0
8.44674277305603, 8864.0
8.527592897415161, 8864.0
8.609465837478638, 8864.0
8.693311929702759, 8875.0
8.775146007537842, 8885.0
8.856809854507446, 8885.0
8.938336849212646, 8885.0
9.018846988677979, 8885.0
9.10166883468628, 8885.0
9.194244861602783, 8885.0
9.281249761581421, 8885.0
9.364299058914185, 8885.0
9.446928977966309, 8885.0
9.529687881469727, 8885.0
9.612193822860718, 8885.0
9.696896076202393, 8886.0
9.794543743133545, 8886.0
9.8798668384552, 8886.0
9.964630842208862, 8886.0
10.049123764038086, 8886.0
10.132832050323486, 8886.0
10.21562385559082, 8886.0
10.2985258102417, 8886.0
10.380039930343628, 8886.0
10.462392807006836, 8886.0
10.546246767044067, 8886.0
10.628302812576294, 8886.0
10.711848974227905, 8886.0
10.809552907943726, 8886.0
10.89446496963501, 8904.0
10.97858190536499, 8904.0
11.06165099143982, 8904.0
11.15214991569519, 8904.0
11.233735799789429, 8904.0
11.3152437210083, 8904.0
11.3977370262146, 8904.0
11.47935700416565, 8904.0
11.560514688491821, 8904.0
11.640901803970337, 8904.0
11.721648931503296, 8904.0
11.803148746490479, 8904.0
11.886513948440552, 8904.0
11.968216896057129, 8904.0
12.051102876663208, 8904.0
12.132997751235962, 8904.0
12.214768886566162, 8904.0
12.30116581916809, 8904.0
12.382536888122559, 8904.0
12.462600946426392, 8904.0
12.54384994506836, 8904.0
12.624663829803467, 8904.0
12.705801010131836, 8904.0
12.791534900665283, 8904.0
12.874919891357422, 8904.0
12.956604957580566, 8920.0
13.037771701812744, 8920.0
13.11786699295044, 8920.0
13.198677062988281, 8920.0
13.278680801391602, 8920.0
13.35889983177185, 8920.0
13.438433647155762, 8920.0
13.517972946166992, 8920.0
13.597539901733398, 8920.0
13.677695989608765, 8920.0
13.757298946380615, 8920.0
13.839984893798828, 8920.0
13.92016887664795, 8920.0
14.004718780517578, 8920.0
14.085400819778442, 8920.0
14.166170835494995, 8920.0
14.246335983276367, 8920.0
14.326044797897339, 8920.0
14.406457901000977, 8920.0
14.486069917678833, 8920.0
14.567095756530762, 8920.0
14.646553754806519, 8920.0
14.726886987686157, 8920.0
14.806367874145508, 8920.0
14.886535882949829, 8920.0
14.968382835388184, 8922.0
15.047967910766602, 8922.0
15.128377914428711, 8922.0
15.208813905715942, 8922.0
15.289712905883789, 8949.0
15.371057987213135, 8949.0
15.452244997024536, 8949.0
15.532131910324097, 8949.0
15.61331582069397, 8949.0
15.693604946136475, 8949.0
15.776963710784912, 8949.0
15.858773946762085, 8949.0
15.942411661148071, 8949.0
16.023998975753784, 8949.0
16.105758905410767, 8949.0
16.185750007629395, 8949.0
16.266093730926514, 8949.0
16.34638285636902, 8949.0
16.42719578742981, 8949.0
16.507884740829468, 8949.0
16.58740472793579, 8949.0
