0.00040411949157714844, 343.0
0.0008120536804199219, 865.0
0.0012149810791015625, 985.0
0.0016131401062011719, 1867.0
0.0020139217376708984, 2684.0
0.0024199485778808594, 3410.0
0.0028219223022460938, 3854.0
0.0032351016998291016, 3855.0
0.003634929656982422, 4418.0
0.004035234451293945, 4667.0
0.004436969757080078, 5579.0
0.0048367977142333984, 6339.0
0.005265951156616211, 6593.0
0.005688905715942383, 7281.0
0.00609588623046875, 7430.0
0.006498098373413086, 8243.0
0.006928920745849609, 9054.0
0.0073511600494384766, 9338.0
0.007765054702758789, 9745.0
0.008974790573120117, 9971.0
0.01017904281616211, 10032.0
0.0227200984954834, 10041.0
0.024435043334960938, 10042.0
0.08795499801635742, 10043.0
0.31152892112731934, 10051.0
0.3261098861694336, 10072.0
0.4125030040740967, 10106.0
0.4463019371032715, 10114.0
0.4635610580444336, 10175.0
0.4683821201324463, 10330.0
0.47443103790283203, 10365.0
0.7268760204315186, 10405.0
0.7766001224517822, 10437.0
0.7774159908294678, 10438.0
0.8060839176177979, 10474.0
0.8169732093811035, 10575.0
0.822627067565918, 10641.0
0.8262579441070557, 10717.0
0.8282759189605713, 10850.0
0.8668041229248047, 10906.0
0.8960881233215332, 10923.0
0.992631196975708, 10958.0
1.0791869163513184, 10966.0
1.3200011253356934, 10979.0
1.4088170528411865, 11066.0
1.4177510738372803, 11067.0
1.4331059455871582, 11166.0
1.4955599308013916, 11187.0
1.5407979488372803, 11301.0
1.5503759384155273, 11309.0
1.561964988708496, 11333.0
1.5839810371398926, 11376.0
1.9803447723388672, 11401.0
1.9835309982299805, 11477.0
2.7946279048919678, 11499.0
2.8044159412384033, 11513.0
2.8165698051452637, 11565.0
2.848601818084717, 11574.0
2.8974769115448, 11657.0
4.243997097015381, 11729.0
4.271230936050415, 11745.0
4.27330207824707, 11906.0
4.2778000831604, 11935.0
4.463755130767822, 11949.0
4.647132873535156, 12057.0
4.653563022613525, 12061.0
4.657195091247559, 12082.0
4.658411026000977, 12176.0
4.689558982849121, 12241.0
4.703453063964844, 12305.0
24.167914152145386, 12380.0
24.21234893798828, 12410.0
24.22079110145569, 12411.0
24.244006872177124, 12532.0
25.499853134155273, 12595.0
25.526093006134033, 12753.0
26.22325897216797, 12759.0
26.268205165863037, 12777.0
26.382503032684326, 12814.0
26.436931133270264, 12852.0
26.665462017059326, 12914.0
26.706061124801636, 12931.0
26.712419986724854, 12932.0
26.722360849380493, 13058.0
26.770102977752686, 13152.0
26.82620096206665, 13256.0
27.395841121673584, 13266.0
27.793153047561646, 13303.0
27.813021898269653, 13336.0
28.211979150772095, 13364.0
28.551400899887085, 13410.0
28.568614959716797, 13411.0
28.6182758808136, 13488.0
28.777755975723267, 13502.0
28.79683804512024, 13503.0
28.831437826156616, 13556.0
29.09837794303894, 13652.0
29.105583906173706, 13653.0
29.14057993888855, 13654.0
29.62151002883911, 13660.0
29.708318948745728, 13670.0
29.86041498184204, 13690.0
30.15516185760498, 13733.0
30.223634958267212, 13734.0
30.861160039901733, 13771.0
30.909701824188232, 13789.0
30.913904905319214, 13846.0
30.942940950393677, 13867.0
30.944089889526367, 13868.0
30.986934185028076, 13875.0
32.29469180107117, 13902.0
33.894712924957275, 13928.0
34.08002996444702, 13930.0
34.121355056762695, 13931.0
34.98896789550781, 13948.0
