0.00010991096496582031, 134.0
0.00021791458129882812, 495.0
0.0003228187561035156, 748.0
0.0004279613494873047, 1510.0
0.0005340576171875, 2456.0
0.0007450580596923828, 2808.0
0.0008521080017089844, 3140.0
0.00220489501953125, 3249.0
0.002310037612915039, 3491.0
0.0028328895568847656, 3594.0
0.004703044891357422, 3714.0
0.019414186477661133, 3812.0
0.023067951202392578, 3902.0
0.03054189682006836, 3909.0
0.043205976486206055, 3916.0
0.05663490295410156, 4018.0
0.0575718879699707, 4042.0
0.05997300148010254, 4157.0
0.06059408187866211, 4317.0
0.06316184997558594, 4400.0
0.06847596168518066, 4509.0
0.144683837890625, 4604.0
0.14902687072753906, 4607.0
0.15162086486816406, 4657.0
0.15433311462402344, 4700.0
0.15801405906677246, 4799.0
0.17766594886779785, 4854.0
0.19279813766479492, 4984.0
0.19301700592041016, 5112.0
0.2387831211090088, 5199.0
0.2546210289001465, 5209.0
0.28723597526550293, 5302.0
0.291489839553833, 5367.0
0.2930469512939453, 5484.0
0.2948150634765625, 5615.0
0.3131699562072754, 5629.0
2.1949079036712646, 5691.0
2.1977059841156006, 5715.0
3.0169758796691895, 5814.0
3.0542490482330322, 5899.0
3.0601749420166016, 5942.0
3.0610740184783936, 6014.0
3.0676701068878174, 6072.0
