0.01922297477722168, 1986.0
0.03458094596862793, 2067.0
0.050074100494384766, 2067.0
0.06592988967895508, 2184.0
0.08145689964294434, 2194.0
0.09702801704406738, 2284.0
0.11269617080688477, 2284.0
0.128493070602417, 2384.0
0.1442580223083496, 2430.0
0.1601250171661377, 2542.0
0.1761488914489746, 2542.0
0.1922469139099121, 2596.0
0.20880794525146484, 2596.0
0.22534918785095215, 2596.0
0.24197697639465332, 2596.0
0.2584688663482666, 2596.0
0.2750668525695801, 2597.0
0.2915670871734619, 2597.0
0.308135986328125, 2597.0
0.32483601570129395, 2597.0
0.341594934463501, 2597.0
0.3588390350341797, 2597.0
0.376054048538208, 2597.0
0.39328885078430176, 2597.0
0.4100170135498047, 2597.0
0.4265899658203125, 2597.0
0.44314122200012207, 2597.0
0.45969295501708984, 2597.0
0.47623610496520996, 2597.0
0.4927990436553955, 2597.0
0.5093278884887695, 2597.0
0.5258791446685791, 2597.0
0.5424180030822754, 2597.0
0.5590200424194336, 2597.0
0.5757219791412354, 2597.0
0.5924689769744873, 2597.0
0.6091079711914062, 2597.0
0.6259250640869141, 2597.0
0.6426911354064941, 2597.0
0.6594550609588623, 2597.0
0.6759490966796875, 2597.0
0.6927130222320557, 2597.0
0.7088708877563477, 2597.0
0.725010871887207, 2597.0
0.7411189079284668, 2597.0
0.75726318359375, 2597.0
0.7733709812164307, 2597.0
0.7894949913024902, 2597.0
0.8055930137634277, 2597.0
0.821692943572998, 2597.0
0.8378009796142578, 2597.0
0.8538680076599121, 2597.0
0.8700459003448486, 2597.0
0.8861408233642578, 2597.0
0.9022951126098633, 2597.0
0.9183909893035889, 2597.0
0.9345479011535645, 2597.0
0.9506750106811523, 2597.0
0.9667990207672119, 2597.0
0.9829099178314209, 2597.0
0.9990429878234863, 2597.0
1.0151290893554688, 2597.0
1.0312728881835938, 2597.0
1.0474450588226318, 2597.0
1.0635461807250977, 2597.0
1.0796289443969727, 2597.0
1.0956900119781494, 2597.0
1.111746072769165, 2597.0
1.1278440952301025, 2597.0
1.1439208984375, 2597.0
1.1600420475006104, 2597.0
1.1761248111724854, 2597.0
1.192229986190796, 2597.0
1.2083730697631836, 2597.0
1.2250120639801025, 2597.0
1.2422089576721191, 2597.0
1.258910894393921, 2597.0
1.27541184425354, 2597.0
1.29180908203125, 2597.0
1.3081018924713135, 2597.0
1.3245439529418945, 2597.0
1.3409039974212646, 2597.0
1.3572840690612793, 2597.0
1.3735570907592773, 2597.0
1.389794111251831, 2597.0
1.4059960842132568, 2597.0
1.4226560592651367, 2597.0
1.4389309883117676, 2597.0
1.4552009105682373, 2597.0
1.4714250564575195, 2597.0
1.4876489639282227, 2597.0
1.5039010047912598, 2597.0
1.5202600955963135, 2597.0
1.5364789962768555, 2597.0
1.552659034729004, 2597.0
1.5688869953155518, 2597.0
1.5851209163665771, 2597.0
1.6013519763946533, 2597.0
1.6175360679626465, 2597.0
1.633763074874878, 2597.0
1.6499860286712646, 2597.0
1.666193962097168, 2597.0
1.682420015335083, 2597.0
1.6986379623413086, 2597.0
1.7148358821868896, 2597.0
1.7310688495635986, 2597.0
1.747248888015747, 2597.0
1.7634491920471191, 2597.0
1.7797179222106934, 2597.0
1.7959659099578857, 2597.0
1.812791109085083, 2597.0
1.8293659687042236, 2597.0
1.846039056777954, 2597.0
1.8626880645751953, 2597.0
1.8793489933013916, 2597.0
1.895961046218872, 2597.0
1.9125339984893799, 2597.0
1.9291119575500488, 2597.0
1.945871114730835, 2597.0
1.9628558158874512, 2597.0
1.9800760746002197, 2597.0
1.9972648620605469, 2597.0
2.0147898197174072, 2597.0
2.032604932785034, 2597.0
2.049733877182007, 2597.0
2.0666470527648926, 2597.0
2.08331298828125, 2597.0
2.0997989177703857, 2597.0
2.116245985031128, 2597.0
2.1327219009399414, 2597.0
2.1491918563842773, 2597.0
2.165714979171753, 2597.0
2.1824707984924316, 2597.0
2.1992430686950684, 2597.0
2.215859889984131, 2597.0
2.232990026473999, 2597.0
2.2501790523529053, 2597.0
2.266916036605835, 2597.0
2.2837629318237305, 2597.0
2.3004491329193115, 2597.0
2.317333936691284, 2597.0
2.333570957183838, 2597.0
2.3496718406677246, 2597.0
2.3658199310302734, 2597.0
2.381960868835449, 2597.0
2.398155927658081, 2597.0
2.4142861366271973, 2597.0
2.4303958415985107, 2597.0
2.446516990661621, 2597.0
2.4626739025115967, 2597.0
2.478803873062134, 2597.0
2.4949231147766113, 2597.0
2.511060953140259, 2597.0
2.52720308303833, 2597.0
2.543321132659912, 2597.0
2.5594968795776367, 2597.0
2.5756537914276123, 2597.0
2.5917608737945557, 2597.0
2.6078500747680664, 2597.0
2.62404203414917, 2597.0
2.6401851177215576, 2597.0
2.6563398838043213, 2597.0
2.6724870204925537, 2597.0
2.6886467933654785, 2597.0
2.7048499584198, 2597.0
2.7209458351135254, 2597.0
2.73710298538208, 2597.0
2.7532100677490234, 2597.0
2.7693979740142822, 2597.0
2.785461902618408, 2597.0
2.8015329837799072, 2597.0
2.8176040649414062, 2597.0
2.8336780071258545, 2597.0
2.8497560024261475, 2597.0
2.865830898284912, 2597.0
2.8819639682769775, 2597.0
2.8979997634887695, 2597.0
2.9140849113464355, 2597.0
2.9306440353393555, 2597.0
2.9467220306396484, 2597.0
2.9629108905792236, 2597.0
2.9789960384368896, 2597.0
2.9955198764801025, 2597.0
3.0119690895080566, 2597.0
3.028434991836548, 2597.0
3.0449059009552, 2597.0
3.061426877975464, 2597.0
3.0779221057891846, 2597.0
3.0943500995635986, 2597.0
3.110801935195923, 2597.0
3.1273109912872314, 2597.0
3.144289970397949, 2597.0
3.161726951599121, 2597.0
3.179137945175171, 2597.0
3.196143865585327, 2597.0
3.212820053100586, 2597.0
3.2296528816223145, 2597.0
3.2463059425354004, 2597.0
3.2629759311676025, 2597.0
3.279646873474121, 2597.0
3.2962849140167236, 2597.0
