0.000209808349609375, 588.0
0.00041294097900390625, 687.0
0.00061798095703125, 1450.0
0.0008208751678466797, 1514.0
0.001024007797241211, 1893.0
0.0012309551239013672, 2769.0
0.0014379024505615234, 2918.0
0.001653909683227539, 3387.0
0.0018570423126220703, 4252.0
0.0020608901977539062, 4320.0
0.0022649765014648438, 4429.0
0.002469778060913086, 4618.0
0.0032758712768554688, 4796.0
0.00347900390625, 4977.0
0.007822036743164062, 5077.0
0.009847879409790039, 5182.0
0.024725914001464844, 5283.0
0.027551889419555664, 5350.0
0.04468703269958496, 5410.0
0.050341129302978516, 5534.0
0.31134986877441406, 5584.0
0.3159947395324707, 5597.0
0.31943583488464355, 5614.0
0.32410693168640137, 5678.0
0.4272167682647705, 5704.0
1.7336270809173584, 5757.0
1.74462890625, 5815.0
1.759511947631836, 6033.0
1.7615158557891846, 6138.0
1.793686866760254, 6167.0
1.8147010803222656, 6221.0
8.958362817764282, 6239.0
8.996585845947266, 6320.0
9.005055904388428, 6321.0
9.007124900817871, 6403.0
9.047205686569214, 6511.0
9.070621967315674, 6527.0
9.079631090164185, 6602.0
12.20755386352539, 6661.0
12.218655824661255, 6662.0
12.21886682510376, 6663.0
12.225114107131958, 6691.0
12.228243827819824, 6692.0
12.24201488494873, 6736.0
12.294770956039429, 6850.0
12.317931890487671, 7031.0
12.324850797653198, 7032.0
12.35477089881897, 7069.0
12.395301818847656, 7120.0
12.395721912384033, 7121.0
12.427763938903809, 7223.0
12.470955848693848, 7247.0
12.471374988555908, 7287.0
12.476614713668823, 7356.0
12.480567932128906, 7357.0
