0.00974893569946289, 1897.0
0.018131017684936523, 1927.0
0.026615142822265625, 1962.0
0.035079002380371094, 2073.0
0.043643951416015625, 2089.0
0.05228590965270996, 2096.0
0.06097006797790527, 2127.0
0.06968903541564941, 2189.0
0.07848501205444336, 2189.0
0.08728504180908203, 2193.0
0.0961751937866211, 2193.0
0.10524225234985352, 2196.0
0.11415719985961914, 2287.0
0.1230919361114502, 2296.0
0.13221406936645508, 2296.0
0.1413431167602539, 2296.0
0.15030813217163086, 2296.0
0.15925097465515137, 2296.0
0.16821718215942383, 2296.0
0.17719006538391113, 2296.0
0.18616914749145508, 2296.0
0.19514107704162598, 2296.0
0.20414209365844727, 2296.0
0.21311306953430176, 2296.0
0.22209620475769043, 2296.0
0.2310500144958496, 2296.0
0.24002408981323242, 2296.0
0.24909019470214844, 2296.0
0.25804901123046875, 2296.0
0.26703596115112305, 2296.0
0.2760121822357178, 2296.0
0.2849700450897217, 2296.0
0.29393720626831055, 2296.0
0.302915096282959, 2296.0
0.3118710517883301, 2296.0
0.3208301067352295, 2296.0
0.32985806465148926, 2296.0
0.33884406089782715, 2296.0
0.3478059768676758, 2296.0
0.356766939163208, 2296.0
0.3657810688018799, 2296.0
0.3747670650482178, 2296.0
0.38374924659729004, 2296.0
0.3927481174468994, 2296.0
0.4017050266265869, 2296.0
0.410689115524292, 2296.0
0.4196631908416748, 2296.0
0.428635835647583, 2296.0
0.43759894371032715, 2296.0
0.44667601585388184, 2296.0
0.4564189910888672, 2296.0
0.4657630920410156, 2296.0
0.47484588623046875, 2296.0
0.4838259220123291, 2296.0
0.4928121566772461, 2296.0
0.501788854598999, 2296.0
0.5107500553131104, 2296.0
0.5199811458587646, 2296.0
0.529177188873291, 2296.0
0.5386219024658203, 2296.0
0.5478761196136475, 2296.0
0.5568630695343018, 2296.0
0.5659389495849609, 2296.0
0.5748879909515381, 2296.0
0.5838541984558105, 2296.0
0.5928051471710205, 2296.0
0.6017811298370361, 2296.0
0.6107730865478516, 2296.0
0.6198091506958008, 2296.0
0.6288199424743652, 2296.0
0.6377720832824707, 2296.0
0.6467230319976807, 2296.0
0.6556921005249023, 2296.0
0.6646480560302734, 2296.0
0.6735968589782715, 2296.0
0.6825640201568604, 2296.0
0.6915462017059326, 2296.0
0.7005250453948975, 2296.0
0.7094941139221191, 2296.0
0.7184560298919678, 2296.0
0.7274739742279053, 2296.0
0.7364320755004883, 2296.0
0.7454040050506592, 2296.0
0.7544100284576416, 2296.0
0.763383150100708, 2296.0
0.7723419666290283, 2296.0
0.7813241481781006, 2296.0
0.7902929782867432, 2296.0
0.7992498874664307, 2296.0
0.8082270622253418, 2296.0
0.8171930313110352, 2296.0
0.8261730670928955, 2296.0
0.8351280689239502, 2296.0
0.8440830707550049, 2296.0
0.8530418872833252, 2296.0
0.8619990348815918, 2296.0
0.8709571361541748, 2296.0
0.8799679279327393, 2296.0
0.8889420032501221, 2296.0
0.8979241847991943, 2296.0
0.9069890975952148, 2296.0
0.9159731864929199, 2296.0
0.9249322414398193, 2296.0
0.9339439868927002, 2296.0
0.9429152011871338, 2296.0
0.9518661499023438, 2296.0
0.9609129428863525, 2296.0
0.9698879718780518, 2296.0
0.9788532257080078, 2296.0
0.9878120422363281, 2296.0
0.9967901706695557, 2296.0
1.00575590133667, 2296.0
1.014721155166626, 2296.0
1.0237021446228027, 2296.0
1.0326781272888184, 2296.0
1.041633129119873, 2296.0
1.0506072044372559, 2296.0
1.0597939491271973, 2296.0
1.0690081119537354, 2296.0
1.0779759883880615, 2296.0
1.0869860649108887, 2296.0
1.0959579944610596, 2296.0
1.1049458980560303, 2296.0
1.1139252185821533, 2296.0
1.1228668689727783, 2296.0
1.1318199634552002, 2296.0
1.1407842636108398, 2296.0
1.149773120880127, 2296.0
1.1587409973144531, 2296.0
1.1677260398864746, 2296.0
1.1766982078552246, 2296.0
1.1856598854064941, 2296.0
1.194640874862671, 2296.0
1.203597068786621, 2296.0
1.2125811576843262, 2296.0
1.2216529846191406, 2296.0
1.2306361198425293, 2296.0
1.2396001815795898, 2296.0
1.248901128768921, 2296.0
1.2582142353057861, 2296.0
1.2674241065979004, 2296.0
1.2766342163085938, 2296.0
1.2860281467437744, 2296.0
1.2954821586608887, 2296.0
1.3048670291900635, 2296.0
1.3142390251159668, 2296.0
1.3236041069030762, 2296.0
1.3329100608825684, 2296.0
1.3422038555145264, 2296.0
1.3515169620513916, 2296.0
1.360856056213379, 2296.0
1.3701231479644775, 2296.0
1.3795089721679688, 2296.0
1.3889479637145996, 2296.0
1.3986470699310303, 2296.0
1.4083290100097656, 2296.0
1.4179949760437012, 2296.0
1.4276790618896484, 2296.0
1.437420129776001, 2296.0
1.4469170570373535, 2296.0
1.45621919631958, 2296.0
1.4655108451843262, 2296.0
1.4748170375823975, 2296.0
1.4841411113739014, 2296.0
1.4934101104736328, 2296.0
1.5026822090148926, 2296.0
1.5119659900665283, 2296.0
1.521245002746582, 2296.0
1.5305140018463135, 2296.0
1.5397822856903076, 2296.0
1.549043893814087, 2296.0
1.5583128929138184, 2296.0
1.5675609111785889, 2296.0
1.5768260955810547, 2296.0
1.5860888957977295, 2296.0
1.5953710079193115, 2296.0
1.6046679019927979, 2296.0
1.6140170097351074, 2296.0
1.6234071254730225, 2296.0
1.6327848434448242, 2296.0
1.6421020030975342, 2296.0
1.6514501571655273, 2296.0
1.660902976989746, 2296.0
1.670342206954956, 2296.0
1.6797230243682861, 2296.0
1.6892459392547607, 2296.0
1.6986949443817139, 2296.0
1.7080562114715576, 2296.0
1.71738600730896, 2296.0
1.7266712188720703, 2296.0
1.7360470294952393, 2296.0
1.745676040649414, 2296.0
1.7553369998931885, 2296.0
1.7648088932037354, 2296.0
1.7737972736358643, 2296.0
1.7827692031860352, 2296.0
1.7917392253875732, 2296.0
1.800713062286377, 2296.0
1.809697151184082, 2296.0
1.818666934967041, 2296.0
1.8276522159576416, 2296.0
