0.00010800361633300781, 690.0
0.00021004676818847656, 1490.0
0.0003120899200439453, 2305.0
0.0004119873046875, 3246.0
0.0006139278411865234, 3507.0
0.0053021907806396484, 3642.0
0.0056040287017822266, 4088.0
0.006406068801879883, 4531.0
0.006906032562255859, 4782.0
0.007105112075805664, 5319.0
0.011989116668701172, 6141.0
0.013284921646118164, 6867.0
0.03706717491149902, 6886.0
0.03790998458862305, 7552.0
0.03843808174133301, 8411.0
0.04149198532104492, 9124.0
0.04159903526306152, 9356.0
0.0421290397644043, 9540.0
0.0422360897064209, 9784.0
0.04244685173034668, 10715.0
0.04278302192687988, 11145.0
0.04425311088562012, 11458.0
0.045409202575683594, 12346.0
0.04929399490356445, 12354.0
0.04940009117126465, 12535.0
0.04951882362365723, 13259.0
0.05457115173339844, 13369.0
0.05729389190673828, 13466.0
0.058135986328125, 14354.0
0.226362943649292, 14931.0
0.2267899513244629, 15722.0
0.23316311836242676, 16072.0
0.2337942123413086, 16398.0
0.23485088348388672, 16674.0
0.24013900756835938, 17030.0
1.0073680877685547, 17303.0
1.4446420669555664, 17718.0
1.5041627883911133, 17729.0
2.8626482486724854, 17917.0
2.863162040710449, 18860.0
2.863374948501587, 19749.0
3.363224983215332, 19843.0
3.367197036743164, 19960.0
3.373911142349243, 19966.0
3.4024360179901123, 20077.0
3.4256839752197266, 20105.0
3.4361228942871094, 20372.0
3.457797050476074, 20393.0
3.585801124572754, 20527.0
3.5859169960021973, 21096.0
3.6462650299072266, 21149.0
3.6526191234588623, 22103.0
3.664175033569336, 22137.0
4.0092408657073975, 22296.0
4.047853231430054, 22588.0
4.148040056228638, 22642.0
4.149090051651001, 22754.0
4.402381896972656, 23351.0
4.403524875640869, 24142.0
4.819751024246216, 24448.0
4.830689191818237, 24653.0
5.495551109313965, 24702.0
5.561372995376587, 24935.0
5.736515998840332, 24959.0
5.843889951705933, 25375.0
5.956912994384766, 25401.0
5.975909948348999, 25503.0
6.217381954193115, 25974.0
6.253544092178345, 26227.0
6.28759503364563, 26251.0
