0.05011320114135742, 8602.0
0.08765411376953125, 9446.0
0.12592411041259766, 10321.0
0.1642780303955078, 12098.0
0.20378708839416504, 12387.0
0.24357032775878906, 13819.0
0.2830021381378174, 16465.0
0.32277917861938477, 16465.0
0.3622252941131592, 16985.0
0.4015531539916992, 17785.0
0.44060802459716797, 18245.0
0.47943115234375, 18802.0
0.5185463428497314, 19879.0
0.5579872131347656, 20486.0
0.597966194152832, 20663.0
0.6371922492980957, 20937.0
0.6765010356903076, 22469.0
0.7158842086791992, 23026.0
0.7552461624145508, 23026.0
0.7959911823272705, 23815.0
0.8370733261108398, 23815.0
0.8781733512878418, 23815.0
0.9190070629119873, 23977.0
0.9601080417633057, 24207.0
1.0008602142333984, 25173.0
1.0418260097503662, 25173.0
1.082665205001831, 25173.0
1.1239023208618164, 25986.0
1.165687084197998, 25986.0
1.2074670791625977, 26084.0
1.2491912841796875, 26327.0
1.2909040451049805, 26951.0
1.3321893215179443, 27270.0
1.3736932277679443, 27270.0
1.414849042892456, 27270.0
1.4554262161254883, 27270.0
1.4960482120513916, 27592.0
1.5365512371063232, 27852.0
1.5774033069610596, 27852.0
1.6189651489257812, 28318.0
1.6608901023864746, 28318.0
1.703127145767212, 28318.0
1.7452690601348877, 28318.0
1.7873902320861816, 28318.0
1.8292243480682373, 28318.0
1.870314121246338, 28488.0
1.9112162590026855, 28488.0
1.9518921375274658, 28527.0
1.9925742149353027, 28653.0
2.0334510803222656, 28653.0
2.075200080871582, 28653.0
2.117164134979248, 28653.0
2.159839153289795, 28653.0
2.201655149459839, 28653.0
2.2434282302856445, 28653.0
2.284478187561035, 28653.0
2.3253209590911865, 28653.0
2.366344928741455, 28653.0
2.4074981212615967, 28655.0
2.4480981826782227, 28655.0
2.4899802207946777, 28655.0
2.5328502655029297, 28655.0
2.5927600860595703, 28655.0
2.6366751194000244, 28655.0
2.6791810989379883, 28655.0
2.7204601764678955, 28655.0
2.762080192565918, 28655.0
2.805659294128418, 28655.0
2.8499503135681152, 28655.0
2.89479398727417, 28655.0
2.940974235534668, 28655.0
2.987147092819214, 28655.0
3.030879020690918, 28655.0
3.074366331100464, 28655.0
3.1173741817474365, 28655.0
3.1600492000579834, 28655.0
3.2029101848602295, 28655.0
3.249094247817993, 28655.0
3.2933201789855957, 28655.0
3.3354780673980713, 28655.0
3.3763351440429688, 28655.0
3.417330265045166, 28655.0
3.458766222000122, 28655.0
3.50040602684021, 28655.0
3.5426101684570312, 28655.0
3.5836851596832275, 28655.0
3.6244022846221924, 28655.0
3.6651382446289062, 28655.0
3.7058632373809814, 28655.0
3.7466182708740234, 28655.0
3.787220001220703, 28655.0
3.8277790546417236, 28655.0
3.8688602447509766, 28655.0
3.9095001220703125, 28655.0
3.950134038925171, 28655.0
3.9924662113189697, 28655.0
4.034480094909668, 28655.0
4.077285289764404, 28655.0
4.121469259262085, 28655.0
4.165075302124023, 28655.0
4.207054138183594, 28655.0
4.248727083206177, 28655.0
4.298891067504883, 28655.0
4.341001033782959, 28655.0
4.382448196411133, 28655.0
4.424454212188721, 28655.0
4.466016054153442, 28655.0
4.507533073425293, 28655.0
4.550029039382935, 28655.0
4.59256911277771, 28655.0
4.635056257247925, 28655.0
4.677215099334717, 28655.0
4.718924045562744, 28655.0
4.760686159133911, 28655.0
4.802452087402344, 28655.0
4.844378232955933, 28655.0
4.886027097702026, 28655.0
4.926382064819336, 28655.0
4.967597246170044, 28655.0
5.009750127792358, 28655.0
5.052096128463745, 28655.0
5.094534158706665, 28655.0
5.137814998626709, 28655.0
5.1801910400390625, 28655.0
5.221348285675049, 28655.0
5.2622151374816895, 28655.0
5.303102254867554, 28655.0
5.343773365020752, 28655.0
5.384361982345581, 28655.0
5.424926280975342, 28655.0
5.465484142303467, 28655.0
5.50606107711792, 28655.0
5.546657085418701, 28655.0
5.587342262268066, 28655.0
5.628016233444214, 28655.0
5.668635129928589, 28655.0
5.709315061569214, 28655.0
5.751943349838257, 28655.0
5.794901132583618, 28655.0
5.837270021438599, 28655.0
5.879694223403931, 28655.0
5.92188024520874, 28655.0
5.96310019493103, 28655.0
6.0040199756622314, 28655.0
6.04479718208313, 28655.0
6.085491180419922, 28655.0
6.1261022090911865, 28655.0
6.166762113571167, 28655.0
6.207347393035889, 28655.0
6.247964143753052, 28655.0
6.2885582447052, 28655.0
6.329146146774292, 28655.0
6.369781017303467, 28655.0
6.410431146621704, 28655.0
6.450998067855835, 28655.0
6.4915971755981445, 28655.0
6.5322113037109375, 28655.0
6.572894334793091, 28655.0
6.61354923248291, 28655.0
6.654222249984741, 28655.0
6.6961281299591064, 28655.0
6.736773252487183, 28655.0
6.777435302734375, 28655.0
6.8180742263793945, 28655.0
6.858540058135986, 28655.0
6.899311065673828, 28655.0
6.939882040023804, 28655.0
6.980473279953003, 28655.0
7.021068096160889, 28655.0
7.061918258666992, 28655.0
7.104544162750244, 28655.0
7.14792013168335, 28655.0
7.190830230712891, 28655.0
7.233719110488892, 28655.0
7.2762532234191895, 28655.0
7.31779932975769, 28655.0
7.35916805267334, 28655.0
7.4002461433410645, 28655.0
7.441003084182739, 28655.0
7.481722116470337, 28655.0
7.522425174713135, 28655.0
7.5632030963897705, 28655.0
7.60393214225769, 28655.0
7.644612073898315, 28655.0
7.68534517288208, 28655.0
7.726131200790405, 28655.0
7.766768217086792, 28655.0
7.807528257369995, 28655.0
7.848069190979004, 28655.0
7.888658285140991, 28655.0
7.929279088973999, 28655.0
7.969861268997192, 28655.0
8.010672092437744, 28655.0
8.05121922492981, 28655.0
8.091705083847046, 28655.0
8.132201194763184, 28655.0
8.174375295639038, 28655.0
8.224729061126709, 28655.0
8.274408340454102, 28655.0
8.316772222518921, 28655.0
8.359094142913818, 28655.0
