0.010013818740844727, 1364.0
0.018641948699951172, 1364.0
0.0270841121673584, 1364.0
0.03567194938659668, 1364.0
0.044690847396850586, 1372.0
0.05353093147277832, 1372.0
0.06210780143737793, 1372.0
0.07068800926208496, 1372.0
0.07941389083862305, 1372.0
0.08842706680297852, 1372.0
0.09741902351379395, 1372.0
0.10640883445739746, 1372.0
0.11590194702148438, 1415.0
0.12491178512573242, 1415.0
0.13443398475646973, 1415.0
0.14317798614501953, 1416.0
0.15200400352478027, 1416.0
0.16081690788269043, 1416.0
0.16953086853027344, 1416.0
0.17850399017333984, 1416.0
0.1873798370361328, 1416.0
0.19626402854919434, 1416.0
0.2050938606262207, 1416.0
0.21416187286376953, 1416.0
0.22300004959106445, 1416.0
0.23201799392700195, 1416.0
0.24089384078979492, 1419.0
0.24996399879455566, 1419.0
0.25882792472839355, 1419.0
0.2678258419036865, 1419.0
0.27671289443969727, 1419.0
0.2856178283691406, 1419.0
0.29467177391052246, 1419.0
0.30353593826293945, 1419.0
0.3124709129333496, 1419.0
0.32128095626831055, 1419.0
0.33014702796936035, 1419.0
0.3389880657196045, 1419.0
0.3479149341583252, 1419.0
0.35693907737731934, 1419.0
0.3659038543701172, 1419.0
0.3747708797454834, 1419.0
0.3837580680847168, 1419.0
0.39264798164367676, 1419.0
0.4016909599304199, 1419.0
0.41151905059814453, 1419.0
0.42053985595703125, 1419.0
0.4297170639038086, 1419.0
0.4386899471282959, 1419.0
0.44789814949035645, 1419.0
0.4569520950317383, 1419.0
0.4659278392791748, 1419.0
0.47498106956481934, 1419.0
0.4841909408569336, 1419.0
0.49339914321899414, 1419.0
0.5022552013397217, 1419.0
0.5110509395599365, 1419.0
0.5196988582611084, 1419.0
0.5284128189086914, 1419.0
0.537398099899292, 1419.0
0.5462470054626465, 1419.0
0.5550510883331299, 1419.0
0.5637099742889404, 1419.0
0.5723559856414795, 1419.0
0.5809910297393799, 1419.0
0.5895969867706299, 1419.0
0.5981869697570801, 1419.0
0.6068239212036133, 1419.0
0.6155200004577637, 1419.0
0.6241128444671631, 1419.0
0.6326949596405029, 1419.0
0.641334056854248, 1419.0
0.6499290466308594, 1419.0
0.6590430736541748, 1419.0
0.6729578971862793, 1419.0
0.6827640533447266, 1419.0
0.6922938823699951, 1419.0
0.7009060382843018, 1419.0
0.7096331119537354, 1419.0
0.7183837890625, 1419.0
0.7270870208740234, 1419.0
0.7356758117675781, 1419.0
0.7442829608917236, 1419.0
0.7528719902038574, 1419.0
0.761850118637085, 1419.0
0.7707340717315674, 1419.0
0.7793688774108887, 1419.0
0.788071870803833, 1419.0
0.7967369556427002, 1419.0
0.805974006652832, 1419.0
0.8153729438781738, 1419.0
0.8243169784545898, 1419.0
0.8332040309906006, 1419.0
0.8421859741210938, 1419.0
0.8508470058441162, 1419.0
0.8595099449157715, 1419.0
0.86826491355896, 1419.0
0.8768908977508545, 1419.0
0.8855018615722656, 1419.0
0.8941209316253662, 1419.0
0.9027559757232666, 1419.0
0.9115068912506104, 1419.0
0.9201390743255615, 1419.0
0.9289000034332275, 1419.0
0.9378139972686768, 1419.0
0.9466609954833984, 1419.0
0.9553699493408203, 1419.0
0.9640288352966309, 1419.0
0.9728169441223145, 1419.0
0.9814629554748535, 1419.0
0.9902069568634033, 1419.0
0.9989149570465088, 1419.0
1.0076179504394531, 1419.0
1.0164427757263184, 1419.0
1.0253150463104248, 1419.0
1.0341649055480957, 1419.0
1.0429599285125732, 1419.0
1.0515780448913574, 1419.0
1.0602569580078125, 1419.0
1.0690429210662842, 1419.0
1.0776870250701904, 1419.0
1.0863628387451172, 1419.0
1.0949959754943848, 1419.0
1.1036338806152344, 1419.0
1.1124699115753174, 1419.0
1.1211268901824951, 1419.0
1.1297640800476074, 1419.0
1.1383590698242188, 1419.0
1.1470940113067627, 1419.0
1.1556789875030518, 1419.0
1.1643168926239014, 1419.0
1.1729249954223633, 1419.0
1.181546926498413, 1419.0
1.190263032913208, 1419.0
1.198887825012207, 1419.0
1.2075519561767578, 1419.0
1.2164201736450195, 1419.0
1.2250690460205078, 1419.0
1.2337369918823242, 1419.0
1.2424299716949463, 1419.0
1.2510828971862793, 1419.0
1.2598989009857178, 1419.0
1.268704891204834, 1419.0
1.277312994003296, 1419.0
1.2859671115875244, 1419.0
1.2946140766143799, 1419.0
1.3033018112182617, 1419.0
1.3121001720428467, 1419.0
1.3207759857177734, 1419.0
1.3297741413116455, 1419.0
1.3389461040496826, 1419.0
1.348107099533081, 1419.0
1.357239007949829, 1419.0
1.366358995437622, 1419.0
1.3754689693450928, 1419.0
1.3846111297607422, 1419.0
1.393723964691162, 1419.0
1.4028329849243164, 1419.0
1.4120151996612549, 1419.0
1.4212729930877686, 1419.0
1.4306108951568604, 1419.0
1.4398908615112305, 1419.0
1.4517381191253662, 1419.0
1.4609510898590088, 1419.0
1.4698989391326904, 1419.0
1.4789061546325684, 1419.0
1.4884328842163086, 1419.0
1.4979798793792725, 1419.0
1.50742506980896, 1419.0
1.5166640281677246, 1419.0
1.5260229110717773, 1419.0
1.535066843032837, 1419.0
1.5441138744354248, 1419.0
1.5529520511627197, 1419.0
1.5618197917938232, 1419.0
1.5708630084991455, 1419.0
1.5800409317016602, 1419.0
1.5892128944396973, 1419.0
1.5981669425964355, 1419.0
1.606980800628662, 1419.0
1.6158971786499023, 1419.0
1.624680995941162, 1419.0
1.6334779262542725, 1419.0
1.6422431468963623, 1419.0
1.6510190963745117, 1419.0
1.6598258018493652, 1419.0
1.6686029434204102, 1419.0
1.6774578094482422, 1419.0
1.68623685836792, 1419.0
1.695039987564087, 1419.0
1.7038249969482422, 1419.0
1.7126729488372803, 1419.0
1.7214558124542236, 1419.0
1.7302939891815186, 1419.0
1.739151954650879, 1419.0
1.7480168342590332, 1419.0
1.7568860054016113, 1419.0
1.7657380104064941, 1419.0
1.774590015411377, 1419.0
1.7834820747375488, 1419.0
1.7924621105194092, 1419.0
