0.0997159481048584, 7190.0
0.1754918098449707, 7860.0
0.251694917678833, 7860.0
0.3289308547973633, 8183.0
0.405322790145874, 8273.0
0.48200201988220215, 8688.0
0.5587289333343506, 8788.0
0.635887861251831, 9152.0
0.7133409976959229, 9152.0
0.7908360958099365, 9570.0
0.8687031269073486, 9588.0
0.9465150833129883, 9588.0
1.0254170894622803, 10206.0
1.1077439785003662, 10206.0
1.18629789352417, 10206.0
1.2649528980255127, 10339.0
1.3437128067016602, 10339.0
1.4226131439208984, 10392.0
1.5016210079193115, 10540.0
1.5807890892028809, 10786.0
1.6601707935333252, 10923.0
1.7396488189697266, 11175.0
1.8191759586334229, 11175.0
1.899000883102417, 11331.0
1.9787678718566895, 11375.0
2.058586835861206, 11486.0
2.139055013656616, 11486.0
2.2195401191711426, 11486.0
2.300858974456787, 11655.0
2.3821818828582764, 11878.0
2.462831974029541, 11898.0
2.543778896331787, 11967.0
2.6250598430633545, 12033.0
2.7061009407043457, 12190.0
2.7872447967529297, 12190.0
2.8684659004211426, 12190.0
2.949978828430176, 12335.0
3.0315380096435547, 12384.0
3.113248109817505, 12476.0
3.194869041442871, 12688.0
3.276432991027832, 12688.0
3.3595311641693115, 12688.0
3.4439268112182617, 12688.0
3.529736042022705, 12688.0
3.61362886428833, 12688.0
3.697756052017212, 12773.0
3.782801866531372, 12881.0
3.866715908050537, 12881.0
3.949275016784668, 12969.0
4.031774997711182, 13287.0
4.11413311958313, 13287.0
4.196583986282349, 13287.0
4.279061794281006, 13287.0
4.363188982009888, 13287.0
4.445870876312256, 13287.0
4.528920888900757, 13287.0
4.611665964126587, 13389.0
4.695423126220703, 13389.0
4.780572891235352, 13389.0
4.867295980453491, 13389.0
4.951766729354858, 13389.0
5.037027835845947, 13389.0
5.12276291847229, 13490.0
5.21077299118042, 13490.0
5.296235084533691, 13490.0
5.3798439502716064, 13490.0
5.462961912155151, 13556.0
5.545998811721802, 13556.0
5.629151105880737, 13680.0
5.712301969528198, 13680.0
5.795582056045532, 13680.0
5.879004955291748, 13680.0
5.962138891220093, 13684.0
6.046257972717285, 13744.0
6.129550933837891, 13744.0
6.2125279903411865, 13755.0
6.295338153839111, 13788.0
6.379928827285767, 13788.0
6.463463068008423, 13788.0
6.546282052993774, 13788.0
6.629586935043335, 13789.0
6.712588787078857, 13790.0
6.795353889465332, 13790.0
6.878337860107422, 13790.0
6.961569786071777, 13790.0
7.044366836547852, 13884.0
7.127635955810547, 13884.0
7.21021294593811, 13884.0
7.293398857116699, 13884.0
7.376081943511963, 13884.0
7.459187030792236, 13884.0
7.541931867599487, 13884.0
7.624437093734741, 13889.0
7.707249879837036, 13889.0
7.790097951889038, 13889.0
7.873071908950806, 13889.0
7.955860137939453, 13935.0
8.039062738418579, 13935.0
8.121768951416016, 13935.0
8.204192161560059, 13960.0
8.28675389289856, 13960.0
8.369975805282593, 13960.0
8.453938961029053, 13960.0
8.537095069885254, 13978.0
8.620399951934814, 13978.0
8.703080892562866, 13978.0
8.78588604927063, 13978.0
8.869196891784668, 13988.0
8.952327966690063, 13988.0
9.035478830337524, 14077.0
9.118797779083252, 14077.0
9.201972007751465, 14077.0
9.285130739212036, 14077.0
9.368257761001587, 14077.0
9.451575756072998, 14090.0
9.534356117248535, 14090.0
9.61751103401184, 14090.0
9.700554847717285, 14090.0
9.783835887908936, 14090.0
9.86720895767212, 14090.0
9.950560808181763, 14090.0
10.03389596939087, 14090.0
10.11729383468628, 14090.0
10.200582027435303, 14090.0
10.283967018127441, 14090.0
10.367374897003174, 14090.0
10.451831817626953, 14090.0
10.535575866699219, 14090.0
10.618813037872314, 14090.0
10.701844930648804, 14090.0
10.784876823425293, 14090.0
10.867630958557129, 14090.0
10.950615882873535, 14090.0
11.03378176689148, 14090.0
11.117016792297363, 14090.0
11.199740886688232, 14090.0
11.28271484375, 14090.0
11.365510940551758, 14090.0
11.448485851287842, 14090.0
11.531375885009766, 14090.0
11.613850831985474, 14090.0
11.696145057678223, 14090.0
11.778888940811157, 14090.0
11.861573934555054, 14090.0
11.944429874420166, 14090.0
12.026952028274536, 14090.0
12.109809875488281, 14090.0
12.192456007003784, 14090.0
12.275388956069946, 14090.0
12.358259916305542, 14090.0
12.441131114959717, 14090.0
12.524855852127075, 14090.0
12.607739925384521, 14090.0
12.690074920654297, 14090.0
12.772559881210327, 14090.0
12.854911088943481, 14090.0
12.937269926071167, 14090.0
13.019786834716797, 14090.0
13.102192878723145, 14090.0
13.184557914733887, 14090.0
13.266848087310791, 14090.0
13.349269151687622, 14090.0
13.431618928909302, 14090.0
13.514447927474976, 14090.0
13.596842050552368, 14090.0
13.679646968841553, 14090.0
13.761952877044678, 14090.0
13.844945907592773, 14090.0
13.927451848983765, 14090.0
14.009755849838257, 14090.0
14.09209680557251, 14090.0
14.174593925476074, 14090.0
14.256740808486938, 14090.0
14.339210748672485, 14090.0
14.421451807022095, 14090.0
14.503751993179321, 14090.0
14.587883710861206, 14090.0
14.670699119567871, 14090.0
14.753066062927246, 14090.0
14.835166931152344, 14090.0
14.91730785369873, 14090.0
14.999551057815552, 14090.0
15.082382917404175, 14090.0
15.1643967628479, 14090.0
15.247390031814575, 14090.0
15.32968783378601, 14090.0
15.412476062774658, 14090.0
15.494910955429077, 14090.0
15.577924966812134, 14090.0
15.661051034927368, 14090.0
15.743720054626465, 14090.0
15.826709032058716, 14090.0
15.909756898880005, 14090.0
15.992058992385864, 14090.0
16.074949979782104, 14090.0
16.157135009765625, 14090.0
16.240158081054688, 14090.0
16.323234796524048, 14090.0
16.405991077423096, 14090.0
16.488890886306763, 14090.0
16.573121786117554, 14090.0
