0.001993894577026367, 1015.0
0.0039441585540771484, 1798.0
0.0058689117431640625, 2429.0
0.007786989212036133, 3138.0
0.009716033935546875, 4216.0
0.011647939682006836, 5128.0
0.013570070266723633, 5750.0
0.01548004150390625, 6064.0
0.017386913299560547, 6710.0
0.019299983978271484, 6824.0
0.021235942840576172, 7394.0
0.02316904067993164, 7888.0
0.025081157684326172, 8900.0
0.026996850967407227, 9651.0
0.028914213180541992, 10030.0
0.030827999114990234, 10309.0
0.032737016677856445, 10417.0
0.034654855728149414, 11100.0
0.036605119705200195, 12003.0
0.03852510452270508, 12763.0
0.042307138442993164, 12902.0
0.04421710968017578, 13674.0
0.0461270809173584, 13890.0
0.048050880432128906, 14367.0
0.04997086524963379, 15350.0
0.05188918113708496, 15761.0
0.05382204055786133, 15909.0
0.05574607849121094, 16290.0
0.05769705772399902, 17313.0
0.05961203575134277, 18126.0
0.06153106689453125, 18333.0
0.06344914436340332, 18480.0
0.06537699699401855, 19187.0
0.0672922134399414, 19531.0
0.06920909881591797, 19839.0
0.07111501693725586, 20753.0
0.07302713394165039, 21726.0
0.074951171875, 22672.0
0.07686495780944824, 23296.0
0.07878303527832031, 24067.0
0.08069300651550293, 24513.0
0.08260703086853027, 24814.0
0.08452606201171875, 24987.0
0.08644294738769531, 25745.0
0.0883948802947998, 25943.0
0.09030795097351074, 26703.0
0.09222197532653809, 27000.0
0.09413003921508789, 27197.0
0.09604501724243164, 28205.0
0.09796404838562012, 28703.0
0.099884033203125, 28994.0
0.10181188583374023, 29476.0
0.10371804237365723, 29946.0
0.10563206672668457, 30776.0
0.1075601577758789, 31546.0
0.10947084426879883, 32448.0
0.11137723922729492, 32590.0
0.11330509185791016, 32862.0
0.11522293090820312, 33175.0
0.11713314056396484, 33495.0
0.11904716491699219, 33984.0
0.12096309661865234, 34390.0
0.12287521362304688, 34621.0
0.12478113174438477, 35004.0
0.1266930103302002, 35294.0
0.12859797477722168, 35665.0
0.13050603866577148, 36731.0
0.13241791725158691, 37064.0
0.1343390941619873, 38147.0
0.1362440586090088, 38827.0
0.13814496994018555, 38978.0
0.14008021354675293, 39537.0
0.14198899269104004, 40522.0
0.14396309852600098, 40652.0
0.14586901664733887, 41416.0
0.14777803421020508, 41902.0
0.1496880054473877, 42425.0
0.15160298347473145, 42562.0
0.15351295471191406, 42921.0
0.15544486045837402, 43443.0
0.15735912322998047, 44151.0
0.15926909446716309, 44349.0
0.1611771583557129, 44586.0
0.16308093070983887, 45580.0
0.1650071144104004, 46087.0
0.16691207885742188, 46262.0
0.16883087158203125, 47110.0
0.17074203491210938, 48075.0
0.17265605926513672, 48560.0
0.17456293106079102, 48943.0
0.17647194862365723, 50031.0
0.17839503288269043, 50603.0
0.18030405044555664, 50764.0
0.1822199821472168, 51242.0
0.18415212631225586, 51358.0
0.18605899810791016, 51979.0
0.18798112869262695, 52727.0
0.18991804122924805, 52852.0
0.19183802604675293, 53465.0
0.19375109672546387, 54232.0
0.19566726684570312, 55108.0
0.1975860595703125, 56053.0
0.19949889183044434, 56983.0
0.2014179229736328, 57787.0
0.20334196090698242, 58092.0
0.20525622367858887, 58612.0
0.20717406272888184, 59212.0
0.20908403396606445, 59936.0
0.21098804473876953, 60287.0
0.21289396286010742, 60411.0
0.2525150775909424, 60519.0
0.4305908679962158, 60524.0
0.4418790340423584, 60676.0
0.4738590717315674, 60867.0
0.5801069736480713, 61016.0
0.633756160736084, 61185.0
0.7967591285705566, 61188.0
0.8063750267028809, 61418.0
0.9015641212463379, 61514.0
0.929865837097168, 61615.0
1.0945589542388916, 61716.0
1.589768886566162, 61812.0
1.666642189025879, 61873.0
1.6821999549865723, 62067.0
1.728790044784546, 62185.0
1.7444038391113281, 62286.0
1.748307228088379, 62511.0
1.7736220359802246, 62612.0
1.9401881694793701, 62619.0
2.175783157348633, 62650.0
2.18935489654541, 62780.0
2.195190906524658, 62915.0
2.6567940711975098, 62951.0
2.685555934906006, 63066.0
2.6894190311431885, 63177.0
2.77002215385437, 63309.0
3.1112420558929443, 63381.0
3.1411938667297363, 63503.0
3.3081891536712646, 63625.0
3.321329116821289, 63815.0
3.478098154067993, 63819.0
4.212162971496582, 63910.0
4.298458099365234, 64016.0
4.425831079483032, 64101.0
4.448360204696655, 64218.0
4.604207992553711, 64243.0
4.606126070022583, 64502.0
4.764584064483643, 64519.0
4.770215034484863, 64644.0
4.796380043029785, 64787.0
4.9223432540893555, 64801.0
4.933599948883057, 64904.0
4.95610499382019, 65112.0
5.402550935745239, 65114.0
5.480097055435181, 65147.0
5.484013080596924, 65413.0
5.560700178146362, 65514.0
5.615363121032715, 65517.0
5.625236988067627, 65656.0
5.67582893371582, 65802.0
5.710845232009888, 65858.0
5.716546058654785, 66008.0
5.797292947769165, 66098.0
5.806572914123535, 66214.0
5.810313940048218, 66408.0
5.97640323638916, 66506.0
5.998685121536255, 66608.0
6.08277702331543, 66714.0
6.117863178253174, 66809.0
6.167582988739014, 66845.0
6.230223178863525, 66877.0
6.29271125793457, 67013.0
6.6265480518341064, 67112.0
6.711741209030151, 67175.0
6.719146966934204, 67201.0
6.907110214233398, 67304.0
7.093362092971802, 67308.0
7.269735097885132, 67313.0
7.317656993865967, 67400.0
7.321378946304321, 67519.0
7.363698244094849, 67526.0
7.365570068359375, 67633.0
7.382151126861572, 67805.0
7.498274087905884, 67845.0
7.523267984390259, 67955.0
7.538093090057373, 68111.0
7.613670110702515, 68314.0
7.66712498664856, 68505.0
7.724375009536743, 68614.0
7.860713958740234, 68702.0
7.862594127655029, 68891.0
7.879165172576904, 68992.0
7.881035089492798, 69117.0
8.004382848739624, 69218.0
8.223067045211792, 69289.0
8.3296959400177, 69392.0
8.370100021362305, 69493.0
8.375648975372314, 69614.0
8.405086994171143, 69718.0
8.642579078674316, 69802.0
8.83752703666687, 69805.0
8.938844203948975, 69911.0
9.102921962738037, 69912.0
9.18020510673523, 70016.0
9.380905866622925, 70118.0
9.801434993743896, 70403.0
9.935533046722412, 70583.0
9.95028305053711, 70777.0
9.992603063583374, 70781.0
10.045876026153564, 70839.0
10.086374044418335, 70992.0
10.09011197090149, 71118.0
10.17482304573059, 71192.0
10.185892105102539, 71319.0
10.373627185821533, 71387.0
10.417832851409912, 71519.0
10.762174844741821, 71604.0
10.765895128250122, 71710.0
10.843258142471313, 71807.0
11.075683116912842, 71880.0
11.083065032958984, 71994.0
11.112625122070312, 72111.0
11.31758999824524, 72186.0
11.389622926712036, 72316.0
11.552028179168701, 72511.0
11.800623178482056, 72516.0
11.905819177627563, 72571.0
11.940840244293213, 72605.0
12.07721495628357, 72645.0
12.086474895477295, 72786.0
12.116147994995117, 72917.0
12.244882106781006, 72933.0
12.27247405052185, 73066.0
12.316634178161621, 73215.0
12.623615980148315, 73290.0
12.671431064605713, 73409.0
12.702702045440674, 73510.0
12.730298042297363, 73522.0
12.75789213180542, 73649.0
12.903035163879395, 73708.0
13.14009404182434, 73810.0
13.228217124938965, 73915.0
13.382625102996826, 73960.0
13.401029109954834, 74017.0
13.559173107147217, 74063.0
13.619373083114624, 74216.0
13.625594139099121, 74318.0
13.907104969024658, 74411.0
13.94995903968811, 74473.0
13.967384099960327, 74593.0
13.97891902923584, 74757.0
13.99423623085022, 74879.0
14.015257120132446, 74997.0
14.05160117149353, 75113.0
14.819357872009277, 75163.0
14.83657693862915, 75214.0
14.94917917251587, 75217.0
15.250946044921875, 75314.0
15.304474115371704, 75412.0
15.32362699508667, 75430.0
15.356141090393066, 75605.0
15.441899061203003, 75719.0
15.908499240875244, 75829.0
15.914232969284058, 75985.0
15.916169881820679, 76144.0
15.927602052688599, 76310.0
16.157133102416992, 76333.0
16.233855962753296, 76408.0
16.265711069107056, 76514.0
16.735002040863037, 76534.0
16.73693013191223, 76663.0
16.828490018844604, 76718.0
18.00125002861023, 76872.0
18.00501298904419, 76988.0
18.102109909057617, 77009.0
18.3129301071167, 77139.0
18.31857991218567, 77295.0
18.454985857009888, 77306.0
18.501682996749878, 77374.0
18.5129132270813, 77477.0
18.542787075042725, 77600.0
18.68286418914795, 77602.0
18.731409072875977, 77692.0
18.89766001701355, 77827.0
18.90515923500061, 78105.0
18.93320107460022, 78215.0
19.125468015670776, 78305.0
19.173978090286255, 78318.0
19.336472034454346, 78347.0
19.351449012756348, 78496.0
19.48024296760559, 78498.0
19.49519419670105, 78658.0
19.517651081085205, 78759.0
19.562477111816406, 78916.0
19.92662286758423, 78917.0
20.947936058044434, 78998.0
21.177765130996704, 79006.0
21.304816007614136, 79019.0
21.560545921325684, 79100.0
21.579249143600464, 79110.0
21.754980087280273, 79162.0
21.84381628036499, 79178.0
21.864273071289062, 79315.0
21.93677306175232, 79369.0
21.975813150405884, 79511.0
22.270893096923828, 79608.0
22.365592002868652, 79716.0
22.682236194610596, 79846.0
22.71198797225952, 79884.0
22.72504210472107, 80017.0
23.450695037841797, 80059.0
23.459990978240967, 80208.0
24.1187961101532, 80301.0
24.15022897720337, 80491.0
24.23125910758972, 80601.0
24.284743070602417, 80688.0
24.369530200958252, 80717.0
24.469179153442383, 80793.0
24.471054077148438, 80907.0
24.537461042404175, 80911.0
24.607649087905884, 80924.0
24.642722129821777, 81048.0
24.651984214782715, 81066.0
24.692620992660522, 81169.0
24.696348190307617, 81319.0
24.963778972625732, 81403.0
25.04127311706543, 81460.0
25.081856966018677, 81506.0
25.363752841949463, 81590.0
25.623521089553833, 81599.0
25.630858898162842, 81726.0
25.649155139923096, 81887.0
25.66923999786377, 82006.0
25.760334014892578, 82013.0
25.791290044784546, 82107.0
25.868815183639526, 82139.0
25.87432312965393, 82307.0
25.967056035995483, 82402.0
25.997916221618652, 82546.0
26.008838176727295, 82660.0
26.319334030151367, 82718.0
26.461161851882935, 82818.0
26.64459204673767, 82927.0
26.659139156341553, 83082.0
26.693758010864258, 83197.0
26.791773080825806, 83279.0
26.80814790725708, 83406.0
26.846306085586548, 83522.0
26.869938135147095, 83711.0
26.88087487220764, 83858.0
26.890004873275757, 83998.0
26.959172010421753, 84059.0
27.044692039489746, 84197.0
27.101274013519287, 84277.0
27.144976139068604, 84381.0
27.1686749458313, 84422.0
27.17417597770691, 84536.0
27.243385076522827, 84651.0
27.312532901763916, 84757.0
27.39629101753235, 84875.0
27.430932998657227, 84939.0
27.45644211769104, 85063.0
27.534754037857056, 85156.0
27.614801168441772, 85305.0
28.11648988723755, 85413.0
28.296431064605713, 85491.0
28.380166053771973, 85686.0
28.431082010269165, 85774.0
28.472999095916748, 85792.0
28.48214602470398, 86013.0
28.53677797317505, 86090.0
28.60417413711548, 86110.0
28.61510396003723, 86156.0
28.61695885658264, 86309.0
28.767834186553955, 86394.0
28.822466135025024, 86404.0
29.009780883789062, 86504.0
29.01528811454773, 86607.0
29.100914239883423, 86708.0
29.199203968048096, 86710.0
29.34845519065857, 86819.0
29.437761068344116, 86906.0
29.54546809196472, 87006.0
29.54732584953308, 87119.0
29.88393497467041, 87198.0
29.905813932418823, 87309.0
30.34186601638794, 87317.0
30.471256971359253, 87318.0
31.301151037216187, 87405.0
31.537874221801758, 87418.0
31.852785110473633, 87518.0
32.03256011009216, 87596.0
32.15555000305176, 87616.0
32.51709008216858, 87709.0
32.63678312301636, 87712.0
33.291827917099, 87798.0
33.4162962436676, 87904.0
33.59413695335388, 87906.0
33.67842197418213, 87917.0
34.119673013687134, 88011.0
34.24410891532898, 88115.0
34.272892236709595, 88192.0
34.274840116500854, 88307.0
34.32083702087402, 88418.0
34.67627000808716, 88541.0
34.72597408294678, 88546.0
34.87510919570923, 88679.0
34.94777321815491, 88767.0
35.0452778339386, 88773.0
35.173439025878906, 88898.0
35.22538113594055, 89001.0
35.30960988998413, 89103.0
35.38235688209534, 89210.0
35.50080704689026, 89301.0
35.684338092803955, 89402.0
40.238380908966064, 89443.0
40.2422399520874, 89568.0
40.25942611694336, 89707.0
41.04378890991211, 89789.0
41.198501110076904, 89861.0
41.200451135635376, 89988.0
41.24450922012329, 90102.0
41.298056840896606, 90118.0
41.305745124816895, 90167.0
41.330626010894775, 90282.0
41.36700701713562, 90303.0
41.38616394996643, 90414.0
41.79645299911499, 90417.0
41.99047303199768, 90719.0
42.00762605667114, 90749.0
42.12181496620178, 90808.0
42.4295220375061, 90917.0
42.48278498649597, 90929.0
42.48471713066101, 91084.0
42.56259202957153, 91114.0
43.3209331035614, 91171.0
43.34000110626221, 91368.0
43.374253034591675, 91485.0
43.40660309791565, 91594.0
43.44089388847351, 91639.0
43.45047211647034, 91659.0
43.45430111885071, 91786.0
43.47334003448486, 91905.0
43.84552311897278, 91981.0
43.864598989486694, 92003.0
43.91224908828735, 92016.0
44.29611420631409, 92018.0
44.336058139801025, 92111.0
44.417957067489624, 92150.0
44.42371106147766, 92301.0
45.73433303833008, 92386.0
45.81800389289856, 92506.0
46.22037386894226, 92559.0
46.26112604141235, 92703.0
46.32134008407593, 92719.0
46.396543979644775, 92860.0
46.481208086013794, 93009.0
46.651703119277954, 93045.0
46.69543218612671, 93060.0
46.72775602340698, 93216.0
46.78092694282532, 93312.0
47.3741250038147, 93407.0
47.788634061813354, 93479.0
47.80381798744202, 93607.0
49.0944459438324, 93658.0
49.10968017578125, 93692.0
49.30496621131897, 93817.0
49.33153700828552, 93889.0
49.38081407546997, 94046.0
49.38654685020447, 94095.0
49.833640813827515, 94178.0
49.86207890510559, 94258.0
49.873504877090454, 94279.0
56.634482860565186, 94293.0
56.678065061569214, 94413.0
56.86072015762329, 94505.0
56.88738393783569, 94613.0
57.704020977020264, 94649.0
57.73886799812317, 94760.0
57.75244212150574, 94905.0
57.93843913078308, 95015.0
58.203295946121216, 95115.0
58.92879009246826, 95196.0
59.12942886352539, 95299.0
59.13705396652222, 95465.0
59.144651889801025, 95615.0
61.39561104774475, 95717.0
61.61603403091431, 95726.0
61.65242910385132, 95915.0
62.11002707481384, 96075.0
62.11965298652649, 96202.0
62.21153926849365, 96217.0
62.44754505157471, 96313.0
62.67080593109131, 96383.0
62.725764989852905, 96384.0
63.0723340511322, 96389.0
63.117351055145264, 96502.0
63.428788900375366, 96621.0
63.43665599822998, 96739.0
63.46413803100586, 96801.0
63.51896286010742, 96809.0
64.2727689743042, 96819.0
64.43778085708618, 96955.0
64.47476196289062, 96971.0
64.54467701911926, 97016.0
64.72271990776062, 97107.0
64.94014406204224, 97243.0
64.94600915908813, 97406.0
64.96353721618652, 97426.0
64.99266982078552, 97597.0
65.04705715179443, 97609.0
65.05100011825562, 97725.0
65.05299496650696, 97911.0
65.08411526679993, 98004.0
65.11129999160767, 98070.0
65.11523103713989, 98218.0
65.32360506057739, 98286.0
67.60921120643616, 98305.0
67.74058794975281, 98401.0
67.74823117256165, 98515.0
67.85868096351624, 98601.0
68.15574288368225, 98690.0
68.30054116249084, 98817.0
68.33675003051758, 98819.0
69.20909690856934, 98909.0
69.2636091709137, 98988.0
69.4608850479126, 99013.0
69.48188209533691, 99168.0
69.60546088218689, 99188.0
69.66057205200195, 99289.0
69.6682300567627, 99390.0
69.98559784889221, 99403.0
70.08442306518555, 99518.0
70.57658410072327, 99613.0
70.78038597106934, 99627.0
70.79403901100159, 99747.0
70.82678818702698, 99814.0
71.11407995223999, 99906.0
71.57526397705078, 100005.0
73.56085014343262, 100098.0
73.58754515647888, 100180.0
73.61237716674805, 100312.0
73.91794514656067, 100361.0
73.921795129776, 100362.0
73.93521618843079, 100417.0
74.0611629486084, 100480.0
74.06312799453735, 100607.0
74.23548793792725, 100619.0
74.65458106994629, 100700.0
75.74556303024292, 100790.0
76.13505291938782, 100799.0
76.26867413520813, 100813.0
76.74183917045593, 100886.0
76.86750197410583, 101015.0
85.74401617050171, 101019.0
86.19936513900757, 101107.0
86.41746711730957, 101164.0
86.44046306610107, 101217.0
86.53042912483215, 101341.0
87.06898188591003, 101394.0
87.25521087646484, 101519.0
87.32095503807068, 101553.0
87.400151014328, 101572.0
87.56261610984802, 101614.0
87.59353804588318, 101704.0
87.82532095909119, 101809.0
88.24515700340271, 101902.0
92.61464285850525, 101919.0
92.86247205734253, 101981.0
92.91958713531494, 102101.0
92.98449897766113, 102214.0
93.1667251586914, 102216.0
93.38392496109009, 102268.0
93.43164587020874, 102307.0
93.65434908866882, 102415.0
94.90836095809937, 102497.0
94.94424295425415, 102605.0
95.03882217407227, 102677.0
95.14294600486755, 102692.0
95.29363203048706, 102807.0
103.16997003555298, 102918.0
103.90547609329224, 103015.0
104.04025602340698, 103106.0
104.71555399894714, 103208.0
105.16579103469849, 103305.0
105.18243908882141, 103417.0
105.22859501838684, 103486.0
105.26184487342834, 103596.0
105.31722116470337, 103715.0
105.73796701431274, 103743.0
105.75649094581604, 103890.0
105.81190490722656, 103985.0
105.8766598701477, 104105.0
105.97280097007751, 104214.0
109.33071613311768, 104281.0
109.62184596061707, 104312.0
109.71537399291992, 104419.0
110.45492815971375, 104517.0
110.67540287971497, 104614.0
110.989737033844, 104699.0
111.08241415023804, 104814.0
111.15981698036194, 104918.0
113.45385313034058, 105018.0
113.95578002929688, 105104.0
114.37211585044861, 105160.0
114.40652418136597, 105289.0
114.42944002151489, 105404.0
114.44473099708557, 105507.0
114.57860612869263, 105618.0
114.89129114151001, 105693.0
115.10921692848206, 105797.0
115.32307195663452, 105910.0
115.63079500198364, 106016.0
115.86862206459045, 106113.0
116.44729590415955, 106215.0
116.82584691047668, 106310.0
117.14769005775452, 106314.0
121.87085795402527, 106415.0
122.82476305961609, 106417.0
123.77001595497131, 106418.0
124.96609997749329, 106482.0
124.99447107315063, 106619.0
125.51014494895935, 106704.0
125.89699411392212, 106706.0
126.0487449169159, 106815.0
127.12882089614868, 106915.0
131.29178404808044, 107015.0
132.02128720283508, 107116.0
134.84282803535461, 107217.0
144.6279320716858, 107318.0
149.20234203338623, 107419.0
