0.001009225845336914, 596.0
0.002026081085205078, 1388.0
0.003038167953491211, 2152.0
0.004097938537597656, 3106.0
0.005134105682373047, 3508.0
0.006159067153930664, 4150.0
0.0071752071380615234, 5167.0
0.008193016052246094, 5220.0
0.009204864501953125, 5529.0
0.010216236114501953, 6119.0
0.011233091354370117, 6918.0
0.012247085571289062, 7315.0
0.013265132904052734, 7771.0
0.01427602767944336, 7833.0
0.015281200408935547, 8281.0
0.016293048858642578, 8477.0
0.01730823516845703, 8997.0
0.01832103729248047, 9733.0
0.019344091415405273, 10647.0
0.020351886749267578, 11329.0
0.021361112594604492, 11957.0
0.022368907928466797, 12891.0
0.02338719367980957, 13067.0
0.024392127990722656, 13351.0
0.025414228439331055, 13759.0
0.02643299102783203, 14551.0
0.027441024780273438, 14933.0
0.02844405174255371, 15498.0
0.029453039169311523, 15741.0
0.030462026596069336, 16063.0
0.031466007232666016, 16082.0
0.03248405456542969, 16135.0
0.03349184989929199, 16758.0
0.03450202941894531, 17739.0
0.035506248474121094, 18401.0
0.036514997482299805, 19016.0
0.03751707077026367, 19549.0
0.03852581977844238, 19798.0
0.0395350456237793, 20225.0
0.040537118911743164, 21156.0
0.04154491424560547, 22067.0
0.04255414009094238, 22112.0
0.04355907440185547, 22399.0
0.04456806182861328, 22982.0
0.045599937438964844, 22983.0
0.046610116958618164, 23970.0
0.04761910438537598, 24643.0
0.05258893966674805, 24669.0
0.06353092193603516, 24670.0
0.09527802467346191, 24683.0
0.23589396476745605, 24758.0
0.2673799991607666, 25006.0
0.30869603157043457, 25098.0
0.350844144821167, 25185.0
0.7606010437011719, 25191.0
0.8220820426940918, 25253.0
0.9466969966888428, 25256.0
1.0561280250549316, 25257.0
1.0629382133483887, 25348.0
1.1111690998077393, 25356.0
1.4487159252166748, 25401.0
1.4595420360565186, 25402.0
1.5212690830230713, 25492.0
1.5271689891815186, 25493.0
1.6383280754089355, 25630.0
1.6412780284881592, 25631.0
1.7370820045471191, 25719.0
1.895603895187378, 25842.0
2.236844062805176, 25947.0
2.367730140686035, 26060.0
2.420997142791748, 26090.0
2.4568932056427, 26209.0
2.458838939666748, 26217.0
2.4791669845581055, 26355.0
2.596856117248535, 26389.0
2.5997469425201416, 26406.0
3.8007960319519043, 26409.0
3.9248721599578857, 26454.0
3.958681106567383, 26520.0
4.037156105041504, 26573.0
4.145437240600586, 26658.0
4.198981046676636, 26775.0
4.219861030578613, 26877.0
4.405098915100098, 26917.0
4.4371418952941895, 26918.0
4.529422044754028, 27030.0
4.53040885925293, 27031.0
4.55078125, 27107.0
4.581810235977173, 27108.0
4.601218938827515, 27241.0
4.638134002685547, 27330.0
4.7012999057769775, 27436.0
4.770301818847656, 27478.0
23.136848211288452, 27482.0
23.536527156829834, 27495.0
23.594735145568848, 27584.0
23.598623037338257, 27617.0
28.91642999649048, 27651.0
28.98020100593567, 27762.0
29.015496253967285, 27837.0
29.812809944152832, 27883.0
29.81572699546814, 27977.0
29.9311101436615, 28054.0
50.32731008529663, 28154.0
50.3293092250824, 28310.0
50.34709906578064, 28328.0
50.41907596588135, 28391.0
50.75616002082825, 28451.0
50.764045000076294, 28520.0
52.91216993331909, 28529.0
53.21275210380554, 28554.0
53.260648250579834, 28555.0
53.28119206428528, 28557.0
53.286086082458496, 28664.0
53.985193967819214, 28815.0
54.1482150554657, 28950.0
54.19931411743164, 28957.0
54.277409076690674, 28974.0
54.28523111343384, 28975.0
54.303367137908936, 28999.0
54.330836057662964, 29089.0
58.89421200752258, 29093.0
58.90389013290405, 29205.0
59.30971097946167, 29247.0
59.48222303390503, 29360.0
59.64331007003784, 29411.0
59.65781307220459, 29435.0
59.81900906562805, 29474.0
59.835455894470215, 29565.0
59.90405607223511, 29638.0
60.00538420677185, 29688.0
60.02277183532715, 29869.0
60.552042961120605, 29937.0
60.58099913597107, 29981.0
60.58393120765686, 29982.0
60.753032207489014, 30076.0
60.75787806510925, 30094.0
61.17564415931702, 30100.0
61.33867788314819, 30156.0
61.47670602798462, 30226.0
61.509526014328, 30317.0
61.59834909439087, 30471.0
62.1260039806366, 30481.0
62.18495297431946, 30538.0
62.19363808631897, 30539.0
62.346060037612915, 30571.0
62.84923005104065, 30598.0
62.94520592689514, 30673.0
62.99358797073364, 30674.0
63.140807151794434, 30697.0
63.33353590965271, 30701.0
63.394588232040405, 30739.0
63.40527009963989, 30740.0
63.40818405151367, 30762.0
63.42476010322571, 30837.0
63.445165157318115, 30852.0
63.60822105407715, 30907.0
63.65480399131775, 30962.0
63.87496590614319, 30976.0
65.64530301094055, 30996.0
65.9947350025177, 31139.0
66.87964010238647, 31140.0
66.94200396537781, 31141.0
66.95063805580139, 31142.0
67.35273218154907, 31161.0
67.50549006462097, 31233.0
67.61310005187988, 31234.0
68.16680693626404, 31239.0
68.282555103302, 31251.0
68.29313921928406, 31278.0
68.3297951221466, 31279.0
68.71243691444397, 31374.0
68.79392313957214, 31389.0
68.84283709526062, 31461.0
69.73740601539612, 31479.0
69.80762100219727, 31496.0
71.13885116577148, 31530.0
71.31361603736877, 31549.0
71.51512384414673, 31618.0
71.67134618759155, 31619.0
71.76965188980103, 31660.0
71.77544903755188, 31661.0
71.85912108421326, 31733.0
71.87638711929321, 31734.0
72.00675916671753, 31841.0
72.11217093467712, 31842.0
72.61506414413452, 31843.0
73.09954309463501, 31880.0
74.13799285888672, 31907.0
75.14608502388, 31929.0
75.45672917366028, 31946.0
75.46317791938782, 31947.0
75.73696517944336, 31948.0
76.08783006668091, 32118.0
76.12180924415588, 32209.0
76.29275703430176, 32210.0
76.37486720085144, 32211.0
76.58072209358215, 32212.0
76.64285516738892, 32224.0
76.78369927406311, 32238.0
77.05561113357544, 32325.0
77.18798422813416, 32326.0
77.52273607254028, 32390.0
78.23155093193054, 32401.0
78.26442313194275, 32420.0
79.41693615913391, 32464.0
79.99201607704163, 32482.0
80.0259702205658, 32509.0
80.03511714935303, 32510.0
80.13010716438293, 32546.0
81.0018880367279, 32547.0
81.38880705833435, 32548.0
82.58716893196106, 32567.0
83.33296298980713, 32568.0
83.53114700317383, 32588.0
83.54785704612732, 32589.0
83.85642504692078, 32590.0
86.74674987792969, 32592.0
86.76705813407898, 32593.0
87.0357072353363, 32692.0
87.81181907653809, 32693.0
88.53809809684753, 32703.0
88.61790609359741, 32704.0
88.76987600326538, 32761.0
88.88745594024658, 32762.0
91.77932000160217, 32810.0
92.55356693267822, 32811.0
92.81152606010437, 32812.0
95.53321123123169, 32815.0
96.8574891090393, 32816.0
