1.0508968830108643, 51579.0
1.7971839904785156, 51994.0
2.5397539138793945, 53278.0
3.2829718589782715, 53765.0
4.028812885284424, 53765.0
4.785961866378784, 54198.0
5.539193868637085, 54198.0
6.296547889709473, 54198.0
7.0449817180633545, 54806.0
7.793371915817261, 55249.0
8.5450918674469, 55497.0
9.296464920043945, 56172.0
10.047374725341797, 56197.0
10.786908864974976, 56200.0
11.536010980606079, 56596.0
12.288106918334961, 56717.0
13.038160800933838, 56838.0
13.787015914916992, 57071.0
14.536294937133789, 57302.0
15.287110805511475, 57491.0
16.038683891296387, 57561.0
16.781995058059692, 57664.0
17.52335786819458, 58033.0
18.275654792785645, 58618.0
19.02544903755188, 58618.0
19.776893854141235, 58618.0
20.528151750564575, 58713.0
21.27962875366211, 58719.0
22.030054807662964, 59456.0
22.785451650619507, 59456.0
23.538232803344727, 59515.0
24.294142961502075, 59515.0
25.04851984977722, 59957.0
25.80375576019287, 59957.0
26.561097860336304, 60417.0
27.318217992782593, 60728.0
28.073606967926025, 60728.0
28.83148193359375, 60728.0
29.588332891464233, 61001.0
30.34732174873352, 61065.0
31.10541296005249, 61065.0
31.86389470100403, 61106.0
32.623650789260864, 61854.0
33.382184982299805, 62181.0
34.139261960983276, 62422.0
34.899778842926025, 62422.0
35.65797472000122, 62422.0
36.41754198074341, 62422.0
37.175487995147705, 62422.0
37.93505883216858, 62643.0
38.69684672355652, 62643.0
39.45754885673523, 62915.0
40.21848487854004, 62915.0
40.98277306556702, 62915.0
41.74317693710327, 62915.0
42.50764083862305, 63222.0
43.268308877944946, 63222.0
44.029709815979004, 63518.0
44.79215693473816, 63518.0
45.56110692024231, 63518.0
46.32325887680054, 64076.0
47.08588194847107, 64076.0
47.84723901748657, 64892.0
48.60881996154785, 64892.0
49.37119483947754, 64892.0
50.13248372077942, 64892.0
50.896464824676514, 64892.0
51.66080904006958, 64892.0
52.42550778388977, 64892.0
53.191067934036255, 64892.0
53.954208850860596, 64892.0
54.71104073524475, 65005.0
55.47667694091797, 65075.0
56.241525650024414, 65441.0
57.00798487663269, 65441.0
57.77357077598572, 65441.0
58.539023876190186, 65449.0
59.30610179901123, 65704.0
60.06992793083191, 65704.0
60.82725691795349, 65704.0
61.584192752838135, 65739.0
62.34677195549011, 65902.0
63.10475969314575, 65902.0
63.872424840927124, 65902.0
64.63954591751099, 66047.0
65.4021430015564, 66047.0
66.1631817817688, 66047.0
66.92585492134094, 66467.0
67.69286775588989, 66467.0
68.45620775222778, 66653.0
69.22045278549194, 66653.0
69.9887387752533, 66858.0
70.75716185569763, 66858.0
71.52340483665466, 66858.0
72.29223394393921, 66870.0
73.0979700088501, 67438.0
73.89351773262024, 67438.0
74.66074705123901, 67453.0
75.43437790870667, 67721.0
76.20393490791321, 67721.0
76.97138690948486, 67823.0
77.7353847026825, 67823.0
78.50972485542297, 67823.0
79.28273797035217, 67939.0
80.04734969139099, 67939.0
80.81851696968079, 67939.0
81.58914685249329, 67939.0
82.35131287574768, 67939.0
83.12598299980164, 68197.0
83.91840291023254, 68283.0
84.68905782699585, 68283.0
85.46073198318481, 68375.0
86.23403978347778, 68375.0
87.00968098640442, 68668.0
87.78123688697815, 68668.0
88.55999898910522, 68668.0
89.33484482765198, 68844.0
90.11092877388, 69184.0
90.88564991950989, 69184.0
91.66207480430603, 69184.0
92.43764185905457, 69237.0
93.21466708183289, 69342.0
93.9929039478302, 69342.0
94.76938700675964, 69342.0
95.54663395881653, 69342.0
96.32252883911133, 69611.0
97.09929490089417, 69851.0
97.87690782546997, 69851.0
98.65239977836609, 69851.0
99.42863488197327, 69851.0
100.20535778999329, 69851.0
100.98176169395447, 69851.0
101.7589099407196, 69917.0
102.53744792938232, 70174.0
103.3129198551178, 70311.0
104.08980202674866, 70311.0
104.86495685577393, 70311.0
105.63265371322632, 70311.0
106.40854406356812, 70311.0
107.17590475082397, 70311.0
107.95620679855347, 70311.0
108.72305488586426, 70311.0
109.49667572975159, 70352.0
110.27597904205322, 70543.0
111.05425000190735, 70543.0
111.83337593078613, 70543.0
112.61090993881226, 70792.0
113.38209581375122, 70792.0
114.16353487968445, 70792.0
114.94288802146912, 70792.0
115.7272458076477, 70938.0
116.50917887687683, 70938.0
117.28770995140076, 70947.0
118.06880903244019, 71051.0
118.85050773620605, 71051.0
119.62949585914612, 71051.0
120.4099509716034, 71051.0
121.18646669387817, 71350.0
121.96880578994751, 71350.0
122.74676775932312, 71362.0
123.5221939086914, 71362.0
124.30038094520569, 71362.0
125.08052206039429, 71649.0
125.86062288284302, 71656.0
126.64372372627258, 71656.0
127.4231288433075, 71656.0
128.20447993278503, 71922.0
128.98438787460327, 71922.0
129.76459980010986, 71922.0
130.54884576797485, 71946.0
131.3257496356964, 71946.0
132.1070098876953, 71946.0
132.892245054245, 72034.0
133.67915868759155, 72100.0
134.45770597457886, 72100.0
135.23517489433289, 72100.0
136.0221767425537, 72275.0
136.81076979637146, 72275.0
137.5876178741455, 72325.0
138.3666648864746, 72325.0
139.14908385276794, 72325.0
139.92866683006287, 72388.0
140.71597909927368, 72451.0
141.4990108013153, 72475.0
142.28010392189026, 73237.0
143.06342196464539, 73237.0
143.85191988945007, 73237.0
144.63339972496033, 73237.0
145.41894793510437, 73237.0
146.196063041687, 73237.0
146.98014497756958, 73237.0
147.77371191978455, 73237.0
148.5590898990631, 73293.0
149.34208273887634, 73293.0
150.12542700767517, 73293.0
150.916011095047, 73293.0
151.69885969161987, 73293.0
152.47831892967224, 73293.0
153.25962090492249, 73293.0
154.03743386268616, 73810.0
154.82502388954163, 73810.0
