0.00040411949157714844, 446.0
0.0008029937744140625, 980.0
0.0012099742889404297, 1412.0
0.0016090869903564453, 1621.0
0.0020041465759277344, 1825.0
0.002398967742919922, 2363.0
0.0027921199798583984, 2747.0
0.0031859874725341797, 3529.0
0.003582000732421875, 4214.0
0.003981828689575195, 4735.0
0.004376888275146484, 4749.0
0.005158901214599609, 5038.0
0.005550861358642578, 5128.0
0.005942821502685547, 5142.0
0.006338834762573242, 5602.0
0.0067768096923828125, 6034.0
0.0071871280670166016, 6375.0
0.007580995559692383, 7081.0
0.00839090347290039, 7401.0
0.00878596305847168, 7481.0
0.009180068969726562, 7593.0
0.011512994766235352, 8110.0
0.013068914413452148, 8958.0
0.013464927673339844, 9897.0
0.016970157623291016, 10126.0
0.02435898780822754, 10539.0
0.026701927185058594, 11231.0
0.062026023864746094, 11403.0
0.06242799758911133, 11531.0
0.06479096412658691, 12187.0
0.06557798385620117, 12853.0
0.0687260627746582, 13724.0
0.07494592666625977, 14289.0
0.08779597282409668, 14432.0
0.09404921531677246, 15092.0
0.0956120491027832, 15101.0
0.09717488288879395, 15889.0
0.10184788703918457, 16389.0
0.1042029857635498, 16473.0
0.11433792114257812, 17056.0
0.20456695556640625, 17172.0
0.20574498176574707, 17604.0
0.20729517936706543, 17799.0
0.23603200912475586, 18081.0
0.25351405143737793, 18188.0
0.254688024520874, 18673.0
0.2663459777832031, 19595.0
0.27411794662475586, 19923.0
0.27451300621032715, 19932.0
0.2807178497314453, 20723.0
0.29506802558898926, 21677.0
0.29776692390441895, 21795.0
0.30631518363952637, 22088.0
0.3078799247741699, 22504.0
0.32183194160461426, 23145.0
0.3449990749359131, 23723.0
0.3531510829925537, 24330.0
0.3617360591888428, 24940.0
0.4772791862487793, 25063.0
0.5213830471038818, 25135.0
0.5271871089935303, 25252.0
0.5329828262329102, 25686.0
0.5673370361328125, 26067.0
0.575063943862915, 26348.0
0.5998249053955078, 26624.0
0.6330828666687012, 26893.0
0.6334779262542725, 27853.0
0.6555180549621582, 27976.0
0.6651821136474609, 28960.0
0.6690609455108643, 29324.0
0.6764178276062012, 30106.0
0.6822071075439453, 30580.0
0.6837608814239502, 30941.0
0.6845400333404541, 31257.0
0.7116110324859619, 31522.0
0.7120060920715332, 31808.0
0.7128109931945801, 32053.0
0.7139739990234375, 32248.0
0.7155230045318604, 32864.0
0.7232761383056641, 33481.0
0.7236700057983398, 34437.0
0.7240619659423828, 34636.0
0.7287068367004395, 34811.0
0.7329611778259277, 35390.0
0.7349309921264648, 36337.0
0.7596938610076904, 36666.0
0.9352810382843018, 36955.0
0.9372940063476562, 37509.0
0.9512851238250732, 37971.0
0.9564929008483887, 38183.0
0.9585208892822266, 39049.0
0.9637248516082764, 39426.0
0.9805741310119629, 40052.0
0.984990119934082, 40261.0
0.9854018688201904, 41009.0
0.9870080947875977, 41036.0
1.0022318363189697, 41684.0
1.0741679668426514, 41733.0
1.0761759281158447, 41834.0
1.0765819549560547, 42639.0
1.0777900218963623, 43203.0
1.1177518367767334, 43222.0
1.1185591220855713, 43669.0
1.1197619438171387, 43685.0
1.134582757949829, 43896.0
1.134990930557251, 43942.0
1.535202980041504, 44187.0
1.5471808910369873, 44878.0
1.5643658638000488, 44907.0
1.5731821060180664, 45220.0
1.5735859870910645, 45440.0
1.599128007888794, 45830.0
1.600330114364624, 45933.0
1.6789109706878662, 46781.0
1.6941070556640625, 47209.0
1.6945099830627441, 47773.0
1.6989037990570068, 48052.0
1.708460807800293, 48641.0
2.0168910026550293, 48809.0
2.0236518383026123, 49428.0
2.2507858276367188, 50330.0
2.27154278755188, 51218.0
2.5323269367218018, 51285.0
2.533128023147583, 52244.0
2.5530688762664795, 52507.0
2.572620153427124, 52879.0
2.5750279426574707, 53785.0
2.580604076385498, 54704.0
2.8174901008605957, 55089.0
2.830690860748291, 55955.0
2.911581039428711, 56602.0
2.919950008392334, 56918.0
2.9394919872283936, 57100.0
2.9622180461883545, 57187.0
2.962625026702881, 57561.0
2.976969003677368, 58181.0
7.209295988082886, 58374.0
7.210067987442017, 58494.0
10.21198296546936, 58553.0
10.21928095817566, 59004.0
10.22695779800415, 59125.0
10.230604887008667, 59877.0
10.249966859817505, 60105.0
10.260057926177979, 60134.0
12.304340124130249, 60185.0
12.389225006103516, 60193.0
13.67836308479309, 60334.0
13.695260047912598, 60563.0
13.706148862838745, 60959.0
13.738262176513672, 61517.0
13.74268102645874, 62054.0
13.749100923538208, 62465.0
13.767559051513672, 62537.0
13.83094596862793, 63286.0
13.845016956329346, 63299.0
13.849433898925781, 64221.0
13.853459119796753, 64652.0
13.866304159164429, 65326.0
14.636722087860107, 65658.0
14.657181978225708, 65695.0
14.684092998504639, 65875.0
14.687741041183472, 66818.0
14.711424112319946, 67159.0
14.719463109970093, 67265.0
14.721086978912354, 68153.0
14.72470998764038, 68481.0
16.292832136154175, 68670.0
16.308313846588135, 68730.0
16.3668429851532, 69106.0
16.398097038269043, 69301.0
16.40365195274353, 69860.0
16.496608018875122, 70272.0
16.526723861694336, 70469.0
16.531084060668945, 70790.0
17.519835948944092, 70808.0
17.53762912750244, 71425.0
17.566118001937866, 71511.0
17.591874837875366, 71685.0
17.62627387046814, 72242.0
17.6805260181427, 72281.0
17.690827131271362, 72791.0
17.709442853927612, 73209.0
17.70985722541809, 73673.0
17.741974115371704, 73895.0
17.77089285850525, 73929.0
17.773273944854736, 74020.0
17.78792095184326, 74201.0
17.82675790786743, 74296.0
17.865911960601807, 74858.0
18.050408124923706, 74939.0
18.065036058425903, 75503.0
18.07337188720703, 76392.0
18.102638959884644, 76913.0
18.120126962661743, 77867.0
18.246716022491455, 77922.0
18.2498881816864, 78059.0
18.274090051651, 78317.0
18.560309171676636, 78951.0
18.721868991851807, 79326.0
18.763075828552246, 79452.0
19.023202896118164, 79648.0
19.068042993545532, 80049.0
19.17419409751892, 80308.0
19.210705041885376, 80407.0
19.2416729927063, 80631.0
19.258322954177856, 81216.0
19.29596996307373, 81531.0
19.37955379486084, 82490.0
19.554667949676514, 83035.0
20.091864824295044, 83069.0
20.14510703086853, 83486.0
20.160367012023926, 83915.0
20.204238891601562, 84117.0
20.233612775802612, 84336.0
20.257495880126953, 84688.0
20.415303945541382, 84715.0
20.47446584701538, 85181.0
20.717055082321167, 85265.0
20.728024005889893, 85619.0
20.73625898361206, 85620.0
20.73666000366211, 86596.0
20.944556951522827, 86729.0
21.115838050842285, 86850.0
21.237534999847412, 87219.0
21.30611801147461, 87773.0
21.33448100090027, 87825.0
21.502186059951782, 88195.0
21.509905099868774, 88286.0
21.526156902313232, 88721.0
21.529825925827026, 89249.0
24.85494112968445, 89869.0
25.208592891693115, 89953.0
