4.410743713378906e-05, 924.0
0.0011887550354003906, 1140.0
0.0024330615997314453, 1242.0
0.0031087398529052734, 1371.0
0.0033731460571289062, 1581.0
0.0052340030670166016, 1688.0
0.0062940120697021484, 1738.0
0.007048845291137695, 1855.0
0.014076948165893555, 1894.0
0.016896963119506836, 1949.0
0.01693582534790039, 2058.0
0.03332090377807617, 2088.0
0.08993291854858398, 2089.0
0.09430193901062012, 2096.0
0.0964820384979248, 2177.0
0.13997197151184082, 2192.0
0.14340615272521973, 2273.0
0.14517498016357422, 2329.0
0.14598989486694336, 2385.0
0.24411582946777344, 2387.0
0.25123000144958496, 2396.0
0.7012438774108887, 2491.0
1.7585349082946777, 2493.0
