0.5184612274169922, 26382.0
0.8865280151367188, 26628.0
1.2589492797851562, 26999.0
1.6281661987304688, 27041.0
1.9975452423095703, 27465.0
2.376882314682007, 27496.0
2.755239248275757, 27818.0
3.1273181438446045, 27818.0
3.501505136489868, 27949.0
3.8736701011657715, 28206.0
4.256967306137085, 28389.0
4.636559247970581, 28674.0
5.009850263595581, 28685.0
5.388918161392212, 29228.0
5.773988246917725, 29228.0
6.149227142333984, 29438.0
6.521888971328735, 29654.0
6.895782232284546, 29654.0
7.271806955337524, 29858.0
7.644902229309082, 30157.0
8.021185159683228, 30295.0
8.395361185073853, 30295.0
8.768203020095825, 30454.0
9.141767263412476, 30650.0
9.517031192779541, 30966.0
9.891499996185303, 30966.0
10.266159057617188, 31014.0
10.639841079711914, 31124.0
11.013698101043701, 31379.0
11.390666007995605, 31379.0
11.772581100463867, 31409.0
12.156172037124634, 31659.0
12.542779207229614, 31659.0
12.923132181167603, 31696.0
13.29911494255066, 31859.0
13.676268100738525, 32269.0
14.052726984024048, 32269.0
14.428246974945068, 32269.0
14.803831100463867, 32365.0
15.17939019203186, 32590.0
15.55630111694336, 32590.0
15.93254017829895, 32590.0
16.30883026123047, 32636.0
16.684953212738037, 32636.0
17.061120986938477, 32895.0
17.438746213912964, 33402.0
17.821391105651855, 33402.0
18.223292112350464, 33402.0
18.602652311325073, 33402.0
18.986480236053467, 33421.0
19.36538529396057, 33421.0
19.74499201774597, 33666.0
20.1233012676239, 33666.0
20.502394199371338, 33871.0
20.88210415840149, 33871.0
21.27264714241028, 33871.0
21.657689094543457, 33980.0
22.03781032562256, 33980.0
22.41944122314453, 33980.0
22.799801111221313, 34261.0
23.180267095565796, 34261.0
23.570483207702637, 34261.0
23.951691150665283, 34261.0
24.332099199295044, 34343.0
24.712707042694092, 34770.0
25.093157052993774, 34770.0
25.475306034088135, 34770.0
25.85987091064453, 34794.0
26.240769147872925, 34858.0
26.62189221382141, 34929.0
27.00336217880249, 34929.0
27.383909225463867, 35000.0
27.768425226211548, 35049.0
28.150257110595703, 35213.0
28.53187608718872, 35394.0
28.913751125335693, 35424.0
29.295539140701294, 35424.0
29.678936004638672, 35424.0
30.06832528114319, 35548.0
30.453536987304688, 35548.0
30.84718894958496, 35663.0
31.233500242233276, 35730.0
31.617321968078613, 35733.0
32.002278089523315, 36100.0
32.38563513755798, 36100.0
32.768980979919434, 36200.0
33.152005195617676, 36200.0
33.535035133361816, 36200.0
33.91929602622986, 36200.0
34.302908182144165, 36200.0
34.68922424316406, 36200.0
35.07259798049927, 36318.0
35.455893993377686, 36318.0
35.844961166381836, 36420.0
36.229536056518555, 36420.0
36.612834215164185, 36420.0
36.99917221069336, 36510.0
37.388954162597656, 36510.0
37.77652192115784, 36510.0
38.16615009307861, 36628.0
38.556533098220825, 36665.0
38.94578409194946, 36665.0
39.33111119270325, 36993.0
39.71551322937012, 36993.0
40.10434412956238, 36993.0
40.488508224487305, 36993.0
40.873422145843506, 36994.0
41.26215314865112, 37029.0
41.64803194999695, 37029.0
42.03421425819397, 37197.0
42.42040228843689, 37197.0
42.80600333213806, 37358.0
43.1922721862793, 37358.0
43.583027362823486, 37444.0
43.97455906867981, 37444.0
44.365076303482056, 37444.0
44.75500798225403, 37444.0
45.14496827125549, 37444.0
45.53475308418274, 37642.0
45.92305517196655, 37642.0
46.31019115447998, 37642.0
46.7005500793457, 37708.0
47.08776617050171, 37708.0
47.47512912750244, 37708.0
47.865257263183594, 37708.0
48.257976055145264, 37878.0
48.64949131011963, 37878.0
49.04093527793884, 37878.0
49.42857313156128, 37905.0
49.818932056427, 37905.0
50.20765209197998, 37915.0
50.602994203567505, 37923.0
50.996278047561646, 37928.0
51.3847382068634, 37962.0
51.77684926986694, 38036.0
52.169002056121826, 38199.0
52.556725025177, 38199.0
52.9498291015625, 38199.0
53.34482216835022, 38237.0
53.737555265426636, 38237.0
54.132750034332275, 38237.0
54.52897095680237, 38424.0
54.92101812362671, 38516.0
55.30998134613037, 38579.0
55.70285630226135, 38579.0
56.09685397148132, 38579.0
56.4848210811615, 38579.0
56.87832498550415, 38579.0
57.27296209335327, 38579.0
57.66522812843323, 38579.0
58.068281173706055, 38579.0
58.470781326293945, 38579.0
58.867940187454224, 38579.0
59.271204233169556, 38794.0
59.68282413482666, 38910.0
60.08940815925598, 38910.0
60.504486083984375, 38910.0
60.90911817550659, 38910.0
61.31868004798889, 39058.0
61.71974229812622, 39058.0
62.12017107009888, 39058.0
62.531941175460815, 39058.0
62.926462173461914, 39089.0
63.32587003707886, 39089.0
63.71832227706909, 39137.0
64.11674118041992, 39355.0
64.51234912872314, 39355.0
64.90571594238281, 39355.0
65.30297708511353, 39355.0
65.70694303512573, 39355.0
66.10439014434814, 39355.0
66.50472211837769, 39355.0
66.90180611610413, 39355.0
67.30463218688965, 39355.0
67.70779633522034, 39355.0
68.15416121482849, 39536.0
68.54964828491211, 39536.0
68.94728231430054, 39536.0
69.34774398803711, 39536.0
69.74827313423157, 39536.0
70.14711499214172, 39536.0
70.54560112953186, 39581.0
70.93710732460022, 39581.0
71.33896923065186, 39581.0
71.7321081161499, 39581.0
72.12403917312622, 39731.0
72.51846408843994, 39731.0
72.92240619659424, 39731.0
73.31582713127136, 39731.0
73.70707726478577, 39731.0
74.09846115112305, 39731.0
74.50338315963745, 39783.0
74.90171909332275, 39783.0
75.30804300308228, 39783.0
75.70086312294006, 39783.0
76.10210728645325, 39783.0
76.4988751411438, 39783.0
76.89108514785767, 39783.0
77.28135824203491, 39909.0
77.67158126831055, 39909.0
78.0717031955719, 39909.0
