0.0003981590270996094, 188.0
0.0007920265197753906, 454.0
0.0011832714080810547, 921.0
0.0015730857849121094, 1283.0
0.0019681453704833984, 1642.0
0.002356290817260742, 1997.0
0.0027441978454589844, 2309.0
0.0031321048736572266, 3124.0
0.0035240650177001953, 3346.0
0.003913164138793945, 3520.0
0.004300117492675781, 3534.0
0.004688262939453125, 4136.0
0.0050811767578125, 4595.0
0.005469083786010742, 5119.0
0.005856990814208984, 5559.0
0.006249189376831055, 6055.0
0.0066661834716796875, 6458.0
0.0070841312408447266, 7361.0
0.00748896598815918, 7856.0
0.007894039154052734, 8656.0
0.008308172225952148, 9439.0
0.009087324142456055, 9473.0
0.00947713851928711, 9855.0
0.009868144989013672, 10004.0
0.01951313018798828, 10077.0
0.036454200744628906, 10197.0
0.06410002708435059, 10247.0
0.07875609397888184, 10301.0
0.08068704605102539, 10302.0
0.09574508666992188, 10331.0
0.1264481544494629, 10332.0
0.7583122253417969, 10422.0
0.8069450855255127, 10454.0
0.8233063220977783, 10486.0
0.8253531455993652, 10487.0
0.8380310535430908, 10490.0
0.8461942672729492, 10491.0
0.8567671775817871, 10492.0
0.8644940853118896, 10524.0
0.8649101257324219, 10583.0
0.8689992427825928, 10679.0
0.8755502700805664, 10725.0
1.7083382606506348, 10766.0
1.7156531810760498, 10834.0
1.749941110610962, 10975.0
1.7612299919128418, 11013.0
1.784214973449707, 11071.0
3.342956066131592, 11090.0
3.352835178375244, 11160.0
3.4610202312469482, 11211.0
3.4649441242218018, 11212.0
3.745448112487793, 11265.0
3.789642333984375, 11275.0
3.816218137741089, 11277.0
3.8186333179473877, 11338.0
3.830705165863037, 11447.0
3.8346972465515137, 11483.0
3.8542981147766113, 11513.0
3.8935511112213135, 11537.0
3.901959180831909, 11565.0
4.611188173294067, 11603.0
4.611587047576904, 11736.0
15.98114824295044, 11747.0
15.993973016738892, 11748.0
16.012298345565796, 11749.0
17.73968005180359, 11761.0
17.804689168930054, 11797.0
17.809460163116455, 11814.0
17.86561107635498, 11854.0
18.012673139572144, 11864.0
18.07688808441162, 11952.0
18.124028205871582, 11991.0
18.147057056427002, 11995.0
18.150626182556152, 11996.0
18.328310012817383, 12037.0
18.34891629219055, 12038.0
18.362434148788452, 12097.0
18.369176149368286, 12171.0
21.209963083267212, 12175.0
21.22787117958069, 12188.0
21.289695978164673, 12199.0
22.62776803970337, 12210.0
22.835387229919434, 12221.0
22.943069219589233, 12241.0
23.839388132095337, 12251.0
23.851680040359497, 12280.0
23.854453086853027, 12388.0
23.86003303527832, 12405.0
23.879796981811523, 12596.0
24.004232168197632, 12654.0
24.027228116989136, 12664.0
24.03356623649597, 12733.0
24.03555130958557, 12809.0
24.084393978118896, 12810.0
24.105412006378174, 12832.0
24.108587980270386, 12833.0
24.21070623397827, 12839.0
24.2901291847229, 12840.0
24.310625076293945, 12933.0
24.354387283325195, 13005.0
24.44510507583618, 13041.0
24.47005009651184, 13095.0
24.501097202301025, 13100.0
24.536616325378418, 13125.0
24.633938312530518, 13130.0
24.638816118240356, 13131.0
25.616661071777344, 13276.0
25.617488145828247, 13277.0
26.002418279647827, 13314.0
26.033563137054443, 13338.0
26.03924822807312, 13367.0
26.093430995941162, 13494.0
26.098223209381104, 13495.0
26.515244960784912, 13509.0
26.767339944839478, 13527.0
26.85282015800476, 13543.0
27.676713228225708, 13568.0
27.73210310935974, 13569.0
27.99246907234192, 13570.0
28.05652117729187, 13586.0
28.070871114730835, 13587.0
28.116173028945923, 13602.0
28.172606229782104, 13637.0
28.226559162139893, 13682.0
28.516114234924316, 13817.0
28.874341249465942, 13862.0
29.037520170211792, 13880.0
29.07074809074402, 13904.0
29.665555238723755, 13919.0
29.71852731704712, 13959.0
29.72662901878357, 13960.0
29.760313034057617, 14063.0
29.814687967300415, 14064.0
29.824415922164917, 14065.0
29.825233221054077, 14083.0
29.857696056365967, 14109.0
29.874781131744385, 14110.0
29.87643003463745, 14127.0
29.89752507209778, 14148.0
30.02037215232849, 14149.0
30.721976041793823, 14164.0
30.731588125228882, 14165.0
30.819356203079224, 14188.0
31.464869022369385, 14200.0
31.935084104537964, 14201.0
32.04046416282654, 14316.0
32.56388306617737, 14318.0
32.672163009643555, 14355.0
32.73654913902283, 14356.0
32.985119342803955, 14377.0
33.025689125061035, 14378.0
33.17900013923645, 14379.0
39.533000230789185, 14392.0
40.75783324241638, 14396.0
40.84345817565918, 14397.0
41.04047918319702, 14398.0
