0.00020694732666015625, 197.0
0.00040793418884277344, 397.0
0.0006089210510253906, 721.0
0.0008149147033691406, 1666.0
0.0010159015655517578, 2663.0
0.0012159347534179688, 2899.0
0.001416921615600586, 3254.0
0.0016167163848876953, 3363.0
0.0018169879913330078, 3570.0
0.0020198822021484375, 3936.0
0.0022199153900146484, 4130.0
0.0024209022521972656, 4560.0
0.0026197433471679688, 4885.0
0.002821683883666992, 5973.0
0.004011869430541992, 6310.0
0.0044100284576416016, 6435.0
0.004611015319824219, 6570.0
0.005007743835449219, 6736.0
0.005810737609863281, 6888.0
0.011838912963867188, 6948.0
0.022107839584350586, 7037.0
0.02271103858947754, 7216.0
0.022912979125976562, 7342.0
0.023112773895263672, 7530.0
0.02470684051513672, 7536.0
0.02490997314453125, 7758.0
0.029857873916625977, 7805.0
0.03204774856567383, 7977.0
0.03661084175109863, 7986.0
0.03681302070617676, 8093.0
0.03761887550354004, 8350.0
0.04417991638183594, 8467.0
0.05113697052001953, 8579.0
0.06920385360717773, 8628.0
0.07577896118164062, 8636.0
0.07935404777526855, 8640.0
0.13255977630615234, 8755.0
0.13910794258117676, 8875.0
0.16603779792785645, 8988.0
0.1849379539489746, 9085.0
0.25394296646118164, 9183.0
0.26934289932250977, 9186.0
0.3634028434753418, 9290.0
0.3959500789642334, 9342.0
0.3973407745361328, 9456.0
0.40174293518066406, 9489.0
0.41744399070739746, 9566.0
0.4279599189758301, 9669.0
0.4358797073364258, 9687.0
0.49892091751098633, 9851.0
0.502692699432373, 9906.0
0.507072925567627, 9962.0
0.9252338409423828, 9979.0
0.9542026519775391, 10058.0
0.9787979125976562, 10090.0
1.0204620361328125, 10185.0
1.031317949295044, 10257.0
1.0323257446289062, 10360.0
1.0335888862609863, 10469.0
1.0399458408355713, 10476.0
1.0974597930908203, 10569.0
1.0980567932128906, 10674.0
1.1085219383239746, 10778.0
1.1264808177947998, 10812.0
1.127666711807251, 10946.0
1.1290559768676758, 11054.0
1.1397387981414795, 11144.0
1.1411356925964355, 11261.0
1.15458083152771, 11389.0
12.312490940093994, 11390.0
12.89616084098816, 11487.0
12.995149850845337, 11590.0
13.241163969039917, 11678.0
13.414708852767944, 11761.0
13.427493810653687, 11880.0
13.522711038589478, 11980.0
13.879871845245361, 11984.0
14.264704942703247, 11990.0
