1.0512099266052246, 66108.0
1.795231819152832, 71009.0
2.551435947418213, 75384.0
3.3006060123443604, 80611.0
4.076904058456421, 82668.0
4.828209161758423, 86032.0
5.585501194000244, 88804.0
6.342767953872681, 97631.0
7.083688974380493, 104152.0
7.837486028671265, 107074.0
8.577840089797974, 111843.0
9.33534288406372, 113874.0
10.083187818527222, 119862.0
10.827714920043945, 128976.0
11.583346128463745, 128976.0
12.330835103988647, 129816.0
13.086311101913452, 133709.0
13.850405931472778, 134612.0
14.602385997772217, 140340.0
15.353359937667847, 142964.0
16.105051040649414, 147563.0
16.863029956817627, 147563.0
17.616565942764282, 152316.0
18.375614881515503, 153676.0
19.145238876342773, 156722.0
19.900877952575684, 160543.0
20.65565299987793, 160543.0
21.417000770568848, 163664.0
22.180026054382324, 166079.0
22.945526838302612, 173624.0
23.71058201789856, 176590.0
24.477929830551147, 179505.0
25.24993085861206, 181166.0
26.00650906562805, 186768.0
26.76315212249756, 189685.0
27.526270866394043, 189685.0
28.286962032318115, 189685.0
29.04892086982727, 192489.0
29.826675176620483, 194176.0
30.594316959381104, 196803.0
31.375699043273926, 199200.0
32.1377477645874, 199650.0
32.911195039749146, 208322.0
33.68353796005249, 208322.0
34.45238184928894, 209402.0
35.21503496170044, 209913.0
35.97760891914368, 212755.0
36.73867583274841, 214391.0
37.504936933517456, 219871.0
38.268815994262695, 225470.0
39.051228046417236, 225470.0
39.82595610618591, 226574.0
40.60003900527954, 227486.0
41.37674593925476, 232910.0
42.153799057006836, 233915.0
42.91768002510071, 239370.0
43.681435108184814, 239370.0
44.45372295379639, 240281.0
45.21860384941101, 240281.0
45.98429203033447, 244369.0
46.750510931015015, 250430.0
47.516067028045654, 250430.0
48.2869610786438, 250430.0
49.064427852630615, 250430.0
49.84812688827515, 250430.0
50.63433790206909, 253709.0
51.42328500747681, 253709.0
52.21202492713928, 256080.0
52.98333692550659, 258105.0
53.75304317474365, 265106.0
54.52373695373535, 265106.0
55.29359793663025, 268299.0
56.08120012283325, 268299.0
56.85391187667847, 269441.0
57.626376152038574, 269441.0
58.41620898246765, 274182.0
59.19038105010986, 278136.0
59.97458100318909, 281453.0
60.747785806655884, 288942.0
61.52042889595032, 288942.0
62.295092821121216, 288942.0
63.07773494720459, 288942.0
63.863759994506836, 288942.0
64.65187096595764, 288982.0
65.43885087966919, 289022.0
66.2284049987793, 290864.0
67.01818680763245, 293019.0
67.8063759803772, 293733.0
68.58386898040771, 297414.0
69.36886286735535, 299512.0
70.1456229686737, 299512.0
70.93828296661377, 301014.0
71.71886205673218, 301638.0
72.5144190788269, 305780.0
73.29518604278564, 305780.0
74.07449698448181, 309475.0
74.8652560710907, 309475.0
75.65876603126526, 311611.0
76.45042896270752, 311611.0
77.23679089546204, 312883.0
78.02671790122986, 312883.0
78.82345700263977, 312883.0
79.61179399490356, 312883.0
80.40631103515625, 315487.0
81.20452284812927, 318587.0
81.99341893196106, 318587.0
82.78998589515686, 318587.0
83.57325887680054, 321724.0
84.36995077133179, 322996.0
85.17199993133545, 323389.0
85.97206592559814, 327130.0
86.77092790603638, 327130.0
87.56628799438477, 329235.0
88.3529839515686, 330003.0
89.14970898628235, 330003.0
89.95337891578674, 330036.0
90.74712586402893, 334861.0
91.5339150428772, 334861.0
92.32667303085327, 335017.0
93.14493799209595, 335851.0
93.95126008987427, 335851.0
94.74903202056885, 340160.0
95.54848289489746, 341255.0
96.34946179389954, 343145.0
97.14262175559998, 343145.0
97.9441180229187, 344945.0
98.74895882606506, 347890.0
99.54618787765503, 347890.0
100.34296202659607, 347890.0
101.13785314559937, 348669.0
101.93590998649597, 350688.0
102.73575901985168, 352226.0
103.52654886245728, 354300.0
104.32665801048279, 358064.0
105.12857413291931, 358064.0
105.92620205879211, 358064.0
106.72825694084167, 358064.0
107.53574800491333, 359308.0
108.33657097816467, 359599.0
109.13218975067139, 359599.0
109.94199013710022, 362922.0
110.7493679523468, 362922.0
111.55448389053345, 362982.0
112.35880899429321, 366426.0
113.16920375823975, 369440.0
113.98804092407227, 369440.0
114.79546785354614, 369440.0
115.60577702522278, 370610.0
116.41355800628662, 370610.0
117.2223219871521, 372678.0
118.02492785453796, 372678.0
118.83752703666687, 376629.0
119.65213894844055, 380138.0
120.4600510597229, 380138.0
121.26809096336365, 380138.0
122.08383297920227, 380138.0
122.89443588256836, 380138.0
123.71431994438171, 380138.0
124.51888608932495, 381736.0
125.32950592041016, 384356.0
126.14023399353027, 384356.0
126.94762206077576, 384356.0
127.75237703323364, 386817.0
128.5581259727478, 386817.0
129.36860299110413, 387618.0
130.17741990089417, 389048.0
130.98731517791748, 389375.0
131.80714583396912, 389971.0
132.6204478740692, 390637.0
133.42410588264465, 390637.0
134.22672390937805, 390637.0
135.0296540260315, 393029.0
135.8376989364624, 393029.0
136.64275598526, 393029.0
137.44488096237183, 395478.0
138.2593550682068, 395478.0
139.06473588943481, 398784.0
139.870276927948, 398784.0
140.67416381835938, 400396.0
141.48998379707336, 400396.0
142.31099891662598, 400396.0
143.12582898139954, 400396.0
143.9416627883911, 402475.0
144.76482605934143, 405276.0
145.58252692222595, 405276.0
146.39812898635864, 405276.0
147.21340799331665, 406670.0
148.02395105361938, 407594.0
148.8340129852295, 407594.0
149.64803910255432, 407594.0
150.46143412590027, 410658.0
151.27882313728333, 410658.0
152.09928703308105, 410658.0
152.90369200706482, 410658.0
153.71303391456604, 410658.0
154.52806282043457, 410908.0
155.34327006340027, 411127.0
156.1604290008545, 413319.0
156.9718360900879, 413319.0
157.78925609588623, 413319.0
158.6124608516693, 413319.0
