0.520064115524292, 31605.0
0.8884689807891846, 32181.0
1.2596869468688965, 32690.0
1.6323299407958984, 33201.0
2.0066020488739014, 33601.0
2.379235029220581, 34289.0
2.753329038619995, 34790.0
3.1266889572143555, 35302.0
3.5013179779052734, 36191.0
3.877166986465454, 36191.0
4.265993118286133, 36748.0
4.646465063095093, 37551.0
5.0232250690460205, 37882.0
5.402055025100708, 38199.0
5.790795087814331, 38894.0
6.180832147598267, 38972.0
6.561726093292236, 39472.0
6.942461013793945, 39503.0
7.323649168014526, 40682.0
7.711043119430542, 40800.0
8.097126960754395, 40976.0
8.485241889953613, 41529.0
8.869166851043701, 41903.0
9.253331899642944, 42075.0
9.637668132781982, 42297.0
10.023086786270142, 42772.0
10.409678936004639, 43070.0
10.79469108581543, 43339.0
11.179600954055786, 43481.0
11.56557297706604, 44181.0
11.9514000415802, 44402.0
12.339522123336792, 44402.0
12.725240230560303, 44970.0
13.112512111663818, 45256.0
13.499523162841797, 45992.0
13.887833833694458, 45992.0
14.276839971542358, 45992.0
14.664920091629028, 46742.0
15.05302095413208, 47183.0
15.441658973693848, 47183.0
15.830734014511108, 47551.0
16.222146034240723, 47551.0
16.61332607269287, 48260.0
17.004262924194336, 48260.0
17.395564079284668, 48453.0
17.788459062576294, 48453.0
18.181929111480713, 48453.0
18.576485872268677, 49371.0
18.969762086868286, 49371.0
19.362982034683228, 49997.0
19.75608205795288, 49997.0
20.149456024169922, 50175.0
20.5462908744812, 50175.0
20.94251799583435, 50791.0
21.338690042495728, 50791.0
21.734934091567993, 50791.0
22.13266682624817, 51901.0
22.530197143554688, 51901.0
22.925904989242554, 51901.0
23.32178783416748, 51901.0
23.71787190437317, 51903.0
24.113741159439087, 52442.0
24.513070821762085, 52888.0
24.90879797935486, 52888.0
25.30683183670044, 53493.0
25.7031729221344, 53888.0
26.100181102752686, 53898.0
26.500303983688354, 53976.0
26.898109912872314, 53976.0
27.296547174453735, 54092.0
27.69518280029297, 54604.0
28.093971014022827, 54819.0
28.49446988105774, 54932.0
28.896056175231934, 55503.0
29.299352169036865, 55503.0
29.702028036117554, 55503.0
30.10479211807251, 55879.0
30.50975799560547, 55879.0
30.912790060043335, 55879.0
31.314830780029297, 56298.0
31.71798300743103, 56298.0
32.12022304534912, 56702.0
32.52507495880127, 56702.0
32.92908811569214, 56765.0
33.33285903930664, 57196.0
33.73688983917236, 57196.0
34.14111304283142, 57196.0
34.54589223861694, 57196.0
34.95034694671631, 57661.0
35.35500383377075, 57661.0
35.76045608520508, 57661.0
36.16534399986267, 57702.0
36.57211709022522, 57702.0
36.97732615470886, 58702.0
37.38237285614014, 58702.0
37.78733801841736, 58702.0
38.19217801094055, 58702.0
38.599895000457764, 59004.0
39.0076208114624, 59004.0
39.415184020996094, 59304.0
39.822007179260254, 59304.0
40.229373931884766, 59304.0
40.638795137405396, 59304.0
41.046427965164185, 59304.0
41.45274806022644, 59790.0
41.85934400558472, 59802.0
42.26639485359192, 60405.0
42.674947023391724, 60405.0
43.08235192298889, 60405.0
43.4882550239563, 60405.0
43.895106077194214, 60405.0
44.302035093307495, 60405.0
44.71043801307678, 60405.0
45.11934995651245, 60756.0
45.52786302566528, 60756.0
45.93492317199707, 61034.0
46.343151807785034, 61034.0
46.75272512435913, 61202.0
47.16029119491577, 61287.0
47.567392110824585, 61380.0
47.97456502914429, 61381.0
48.382086992263794, 61477.0
48.79249691963196, 61596.0
49.2000048160553, 61596.0
49.609188079833984, 61831.0
50.01668620109558, 61831.0
50.4242730140686, 61981.0
50.83518385887146, 62196.0
51.24325895309448, 62196.0
51.65295600891113, 62202.0
52.06123399734497, 62202.0
52.46850299835205, 62525.0
52.87910604476929, 62704.0
53.28634595870972, 62704.0
53.693949937820435, 62704.0
54.101567029953, 62704.0
54.50898313522339, 62704.0
54.91832709312439, 62946.0
55.326350927352905, 62946.0
55.73432493209839, 62946.0
56.14227104187012, 63103.0
56.550386905670166, 63103.0
56.960387229919434, 63165.0
57.36895799636841, 63165.0
57.77845096588135, 63289.0
58.18710207939148, 63289.0
58.59585404396057, 63301.0
59.00602912902832, 63597.0
59.41604781150818, 63849.0
59.82546901702881, 63849.0
60.23590087890625, 63849.0
60.64534401893616, 63849.0
61.05580496788025, 63849.0
61.46688389778137, 63960.0
61.87664318084717, 63960.0
62.2874960899353, 63960.0
62.698904037475586, 64378.0
63.11079502105713, 64588.0
63.5209379196167, 64588.0
63.93229293823242, 64686.0
64.34282183647156, 64804.0
64.75318098068237, 64804.0
65.16729187965393, 64804.0
65.58293294906616, 64994.0
66.00091600418091, 64994.0
66.41562819480896, 64994.0
66.83079886436462, 65303.0
67.24889993667603, 65303.0
67.66556596755981, 65303.0
68.08131790161133, 65303.0
68.49667000770569, 65303.0
68.91235208511353, 65431.0
69.33051919937134, 65431.0
69.74665093421936, 65488.0
70.16267800331116, 65567.0
70.57867097854614, 65692.0
70.99422907829285, 65692.0
71.41352701187134, 65692.0
71.8293251991272, 65781.0
72.2449951171875, 65781.0
72.66247606277466, 65804.0
73.07833504676819, 65804.0
73.49699091911316, 65804.0
73.91313004493713, 65953.0
74.33066082000732, 66056.0
74.74819684028625, 66056.0
75.16476917266846, 66056.0
75.58477401733398, 66098.0
76.00173115730286, 66098.0
76.41916799545288, 66488.0
76.83582019805908, 66488.0
77.2538628578186, 66488.0
77.67322182655334, 66488.0
78.0899441242218, 66543.0
78.50739002227783, 66543.0
78.9249370098114, 66543.0
79.34408187866211, 66586.0
79.76320004463196, 66701.0
80.18187594413757, 66701.0
80.60039401054382, 66701.0
81.01849389076233, 66701.0
