0.002079010009765625, 777.0
0.004136323928833008, 1553.0
0.0061419010162353516, 2455.0
0.008147001266479492, 2956.0
0.010160207748413086, 3544.0
0.012165069580078125, 4593.0
0.01418614387512207, 5020.0
0.01619720458984375, 5291.0
0.01821613311767578, 5717.0
0.02022719383239746, 5992.0
0.02223801612854004, 6182.0
0.024244070053100586, 6345.0
0.026248931884765625, 6458.0
0.028269052505493164, 6627.0
0.030276060104370117, 7318.0
0.03228116035461426, 7319.0
0.0342860221862793, 8022.0
0.03629589080810547, 8474.0
0.03832507133483887, 9296.0
0.04034614562988281, 9857.0
0.042346954345703125, 10726.0
0.04434919357299805, 11009.0
0.0463862419128418, 11361.0
0.04838705062866211, 11627.0
0.050391197204589844, 12015.0
0.0523991584777832, 12939.0
0.05441713333129883, 13590.0
0.05643796920776367, 14258.0
0.0584409236907959, 14482.0
0.060446977615356445, 15017.0
0.06247711181640625, 15563.0
0.06448221206665039, 15967.0
0.0664980411529541, 16759.0
0.06850004196166992, 17381.0
0.07051491737365723, 17592.0
0.07251405715942383, 18073.0
0.07451701164245605, 18906.0
0.07654500007629395, 19318.0
0.0785520076751709, 19437.0
0.0805661678314209, 20084.0
0.08257508277893066, 20811.0
0.08458209037780762, 21222.0
0.08658504486083984, 21533.0
0.08859705924987793, 22279.0
0.09061717987060547, 22798.0
0.09262895584106445, 23107.0
0.09463119506835938, 23789.0
0.09664416313171387, 24158.0
0.09865021705627441, 24566.0
0.10064411163330078, 25393.0
0.10263824462890625, 25807.0
0.10463905334472656, 25808.0
0.10664510726928711, 26476.0
0.10863423347473145, 27292.0
0.11062026023864746, 27597.0
0.11261916160583496, 28046.0
0.11462116241455078, 28257.0
0.11662101745605469, 28891.0
0.11862397193908691, 29415.0
0.1206212043762207, 29855.0
0.12263131141662598, 30410.0
0.12466931343078613, 31262.0
0.12667012214660645, 31422.0
0.128662109375, 31649.0
0.13073515892028809, 32040.0
0.1327381134033203, 32051.0
0.13473200798034668, 32945.0
0.13673114776611328, 33179.0
0.13873815536499023, 33533.0
0.14074230194091797, 34282.0
0.14273715019226074, 34787.0
0.14474010467529297, 35419.0
0.1467609405517578, 35753.0
0.14876413345336914, 35786.0
0.15076518058776855, 36189.0
0.15276217460632324, 36322.0
0.15476107597351074, 36613.0
0.156785249710083, 37461.0
0.1607520580291748, 37894.0
0.16275310516357422, 38428.0
0.16473817825317383, 38429.0
0.1667311191558838, 39021.0
0.16871905326843262, 39126.0
0.17266011238098145, 39424.0
0.17464017868041992, 39425.0
0.17661523818969727, 40316.0
0.17859315872192383, 40579.0
0.18056917190551758, 41170.0
0.18254709243774414, 41714.0
0.18452095985412598, 42583.0
0.18650126457214355, 43049.0
0.18848729133605957, 43781.0
0.1904611587524414, 44383.0
0.19243431091308594, 44689.0
0.19440817832946777, 45563.0
0.19638299942016602, 45666.0
0.1983790397644043, 46673.0
0.20035719871520996, 47356.0
0.2023322582244873, 48173.0
0.20431208610534668, 48381.0
0.20629191398620605, 48382.0
0.20827007293701172, 48498.0
0.21024799346923828, 49045.0
0.2141733169555664, 49126.0
0.21808099746704102, 49349.0
0.2239522933959961, 49446.0
0.2356400489807129, 49484.0
0.41984009742736816, 49585.0
0.5261461734771729, 49638.0
0.570385217666626, 49639.0
0.5913991928100586, 49768.0
0.6390330791473389, 49816.0
0.68290114402771, 49817.0
0.7058091163635254, 49833.0
0.7344691753387451, 49834.0
1.1620559692382812, 49865.0
1.2667250633239746, 49896.0
1.3827199935913086, 49909.0
2.7995800971984863, 49999.0
2.825791120529175, 50000.0
3.0988850593566895, 50016.0
3.5353732109069824, 50042.0
3.5671770572662354, 50043.0
3.8608901500701904, 50055.0
3.999183177947998, 50068.0
4.317071199417114, 50354.0
4.3903632164001465, 50355.0
4.517093181610107, 50485.0
4.528675079345703, 50486.0
4.55952525138855, 50515.0
4.574987173080444, 50516.0
4.638651132583618, 50543.0
5.36106014251709, 50575.0
5.9453980922698975, 50576.0
6.248850107192993, 50646.0
7.068143129348755, 50695.0
7.10529899597168, 50743.0
11.961970329284668, 50784.0
11.97725224494934, 50794.0
12.002385139465332, 50937.0
12.013560056686401, 51004.0
12.334131002426147, 51042.0
12.506466150283813, 51133.0
12.523182153701782, 51134.0
12.618126153945923, 51135.0
12.629348039627075, 51196.0
12.65919017791748, 51197.0
12.670358180999756, 51198.0
12.674130201339722, 51316.0
12.807691097259521, 51373.0
12.843127012252808, 51502.0
12.900615930557251, 51503.0
12.91917896270752, 51591.0
12.960000991821289, 51650.0
13.004507064819336, 51719.0
13.034194231033325, 51883.0
13.089974164962769, 52029.0
13.106695175170898, 52030.0
13.171925067901611, 52075.0
13.257245302200317, 52076.0
20.212982177734375, 52118.0
20.389162063598633, 52164.0
20.39681315422058, 52279.0
20.402570962905884, 52370.0
20.685153007507324, 52394.0
20.689279079437256, 52638.0
20.695258140563965, 52753.0
20.7504940032959, 52822.0
20.762391090393066, 52823.0
20.899973154067993, 52846.0
20.94501304626465, 52976.0
21.63559126853943, 53060.0
21.717490196228027, 53125.0
21.752560138702393, 53191.0
21.781789302825928, 53230.0
22.15836215019226, 53231.0
22.213712215423584, 53338.0
23.942243099212646, 53340.0
23.97497320175171, 53341.0
27.07876205444336, 53421.0
27.187993049621582, 53556.0
27.234795093536377, 53562.0
27.483371019363403, 53582.0
27.51230812072754, 53595.0
27.54512906074524, 53729.0
27.706998109817505, 53884.0
28.12554907798767, 53901.0
28.15073299407959, 53941.0
28.238108158111572, 54080.0
28.37294912338257, 54081.0
28.411492109298706, 54124.0
28.413460969924927, 54209.0
28.421236038208008, 54360.0
34.540974140167236, 54371.0
34.5824089050293, 54442.0
34.594287157058716, 54510.0
35.11787223815918, 54547.0
35.131357192993164, 54667.0
35.14095616340637, 54702.0
35.28862690925598, 54725.0
35.29441833496094, 54831.0
35.34438705444336, 54854.0
40.20507597923279, 54865.0
40.60817217826843, 54883.0
44.19236707687378, 54911.0
44.379767179489136, 54955.0
44.58080792427063, 54982.0
44.610310077667236, 54983.0
44.62370300292969, 54991.0
44.66769623756409, 55080.0
44.82056903839111, 55136.0
44.94481897354126, 55216.0
45.135088205337524, 55268.0
45.58085823059082, 55364.0
45.60191512107849, 55365.0
45.727577209472656, 55465.0
45.73710513114929, 55527.0
51.65846824645996, 55538.0
52.327346324920654, 55677.0
52.39463210105896, 55727.0
65.83860111236572, 55840.0
66.45025610923767, 55900.0
66.5685920715332, 56077.0
66.59717297554016, 56175.0
66.81561326980591, 56184.0
66.84985327720642, 56185.0
66.91859316825867, 56279.0
66.94345211982727, 56280.0
66.97984218597412, 56305.0
67.07825517654419, 56441.0
67.42592906951904, 56581.0
69.03640222549438, 56582.0
69.3748631477356, 56656.0
69.3958830833435, 56675.0
69.41689705848694, 56795.0
69.44160103797913, 56879.0
69.80497908592224, 57021.0
69.84685325622559, 57142.0
69.89108300209045, 57182.0
88.01939725875854, 57203.0
88.11281824111938, 57254.0
88.1319260597229, 57255.0
88.14147710800171, 57256.0
88.24434304237366, 57395.0
88.25394320487976, 57396.0
101.0099151134491, 57487.0
101.05225014686584, 57503.0
101.29081606864929, 57535.0
109.25116896629333, 57629.0
109.2975811958313, 57661.0
109.47146511077881, 57724.0
109.50047302246094, 57759.0
109.51014304161072, 57772.0
109.57199120521545, 57773.0
109.58940124511719, 57909.0
109.63580703735352, 57970.0
109.76333999633789, 58085.0
110.15335202217102, 58086.0
110.15725111961365, 58087.0
110.18436908721924, 58267.0
110.20374011993408, 58371.0
110.39676713943481, 58372.0
110.46440029144287, 58399.0
110.47987604141235, 58491.0
110.57651090621948, 58663.0
111.125235080719, 58672.0
111.16391015052795, 58717.0
111.31444501876831, 58744.0
111.65226697921753, 58750.0
111.69480109214783, 58800.0
111.86608219146729, 58859.0
113.63915419578552, 58878.0
113.65263104438782, 58917.0
113.6987030506134, 58950.0
113.83312892913818, 59033.0
113.97244119644165, 59161.0
114.00892901420593, 59252.0
114.2661120891571, 59282.0
114.30644202232361, 59300.0
114.35640120506287, 59424.0
115.39758515357971, 59441.0
115.5319230556488, 59477.0
115.5453691482544, 59538.0
115.60533404350281, 59565.0
115.63633823394775, 59626.0
115.70771503448486, 59651.0
116.09037709236145, 59737.0
116.16379594802856, 59811.0
116.19871807098389, 59906.0
116.55196595191956, 59955.0
116.64668321609497, 59956.0
116.72012901306152, 60056.0
116.72986006736755, 60077.0
117.12224102020264, 60121.0
118.17058515548706, 60143.0
119.23141407966614, 60156.0
119.53043818473816, 60202.0
119.92398118972778, 60232.0
120.06195306777954, 60264.0
120.21911120414734, 60309.0
121.71064925193787, 60327.0
121.85471892356873, 60328.0
122.30272793769836, 60339.0
122.40735793113708, 60458.0
123.72152400016785, 60535.0
123.83775997161865, 60536.0
123.89874815940857, 60675.0
123.95985412597656, 60676.0
124.5865330696106, 60767.0
124.71364712715149, 60875.0
125.37349033355713, 60911.0
125.68397212028503, 60947.0
125.78861427307129, 61007.0
126.37977504730225, 61060.0
126.43461298942566, 61077.0
126.44788908958435, 61100.0
126.5046501159668, 61145.0
126.66189312934875, 61164.0
126.71474814414978, 61165.0
126.8997631072998, 61181.0
126.9849841594696, 61236.0
127.28388214111328, 61245.0
127.3562240600586, 61246.0
127.6548821926117, 61271.0
128.29260325431824, 61341.0
128.3000602722168, 61342.0
128.52833318710327, 61358.0
128.55245327949524, 61403.0
130.83078026771545, 61455.0
130.9534990787506, 61456.0
131.70496106147766, 61465.0
131.88536715507507, 61524.0
132.1703119277954, 61547.0
132.21396112442017, 61638.0
132.95105814933777, 61661.0
133.1602942943573, 61694.0
133.18068313598633, 61843.0
133.42704725265503, 61844.0
133.597412109375, 61861.0
133.67333912849426, 61881.0
134.03239703178406, 61882.0
134.6008801460266, 61932.0
135.06864523887634, 61985.0
137.38431525230408, 62091.0
137.40908908843994, 62107.0
137.41864395141602, 62197.0
138.30114722251892, 62251.0
138.31275510787964, 62252.0
138.65909910202026, 62323.0
139.33963108062744, 62403.0
139.3606719970703, 62571.0
140.35117602348328, 62575.0
140.35334825515747, 62576.0
140.6633231639862, 62670.0
140.89619708061218, 62764.0
141.05041313171387, 62765.0
141.22951197624207, 62927.0
141.25053524971008, 62928.0
141.408625125885, 62929.0
142.34542632102966, 62949.0
142.54882311820984, 62976.0
142.58064198493958, 62977.0
144.04133296012878, 63041.0
144.30041599273682, 63042.0
144.8815779685974, 63144.0
145.4130461215973, 63145.0
146.29544806480408, 63245.0
146.32892227172852, 63270.0
147.00042414665222, 63298.0
147.45914387702942, 63328.0
148.1099820137024, 63357.0
148.72372102737427, 63377.0
148.95338702201843, 63378.0
149.5364921092987, 63445.0
150.90226411819458, 63494.0
150.91962003707886, 63597.0
150.9851381778717, 63598.0
151.04495120048523, 63604.0
151.1991741657257, 63664.0
151.68757915496826, 63665.0
153.0283501148224, 63666.0
155.55702710151672, 63684.0
156.14013624191284, 63702.0
156.70323824882507, 63726.0
157.0846972465515, 63732.0
157.13526821136475, 63763.0
157.431312084198, 63844.0
157.4430010318756, 63845.0
157.9577431678772, 63879.0
159.18893122673035, 63908.0
159.20659399032593, 63909.0
159.562077999115, 63910.0
161.28978729248047, 64046.0
162.01337122917175, 64047.0
162.61105513572693, 64048.0
163.19209718704224, 64049.0
165.95607709884644, 64050.0
165.98854804039001, 64118.0
166.51128005981445, 64160.0
167.702388048172, 64161.0
168.2796332836151, 64229.0
168.30641722679138, 64230.0
168.4569752216339, 64231.0
169.7804479598999, 64232.0
169.82624316215515, 64267.0
169.92361211776733, 64268.0
170.60453605651855, 64269.0
170.8546962738037, 64270.0
176.70761799812317, 64276.0
177.86010599136353, 64277.0
178.726989030838, 64278.0
179.4576120376587, 64279.0
179.5868799686432, 64280.0
180.63065004348755, 64353.0
180.79218101501465, 64412.0
181.89026522636414, 64463.0
184.91869711875916, 64529.0
185.0783863067627, 64530.0
186.01236200332642, 64531.0
186.40071392059326, 64540.0
186.68230199813843, 64541.0
188.1854600906372, 64647.0
188.76538395881653, 64648.0
190.84340620040894, 64649.0
192.63608717918396, 64652.0
194.1479012966156, 64653.0
194.40537214279175, 64654.0
196.82820200920105, 64693.0
