0.00011181831359863281, 958.0
0.0002129077911376953, 1849.0
0.0006058216094970703, 2339.0
0.0007050037384033203, 2505.0
0.0009047985076904297, 2927.0
0.0011017322540283203, 3124.0
0.0021927356719970703, 3169.0
0.005939006805419922, 3293.0
0.007551908493041992, 3410.0
0.012054920196533203, 3509.0
0.014658689498901367, 3589.0
0.01662588119506836, 3699.0
0.018606901168823242, 3708.0
0.027469873428344727, 3815.0
0.04343986511230469, 3876.0
0.045720815658569336, 4012.0
0.04611372947692871, 4193.0
0.05468487739562988, 4296.0
0.05556988716125488, 4406.0
0.05784296989440918, 4452.0
0.06090593338012695, 4510.0
0.06658387184143066, 4511.0
0.08553481101989746, 4609.0
0.0877230167388916, 4612.0
0.11316585540771484, 4677.0
0.11635589599609375, 4859.0
0.11705875396728516, 4993.0
0.11725902557373047, 5102.0
0.11856389045715332, 5113.0
0.12181687355041504, 5165.0
0.12556695938110352, 5204.0
0.12992382049560547, 5209.0
0.1330890655517578, 5265.0
0.1361527442932129, 5270.0
0.1365499496459961, 5287.0
0.1394178867340088, 5415.0
0.1441657543182373, 5442.0
0.1454458236694336, 5516.0
0.9211111068725586, 5579.0
1.2390658855438232, 5605.0
1.2394688129425049, 5712.0
1.2756800651550293, 5768.0
1.2768619060516357, 5899.0
1.2841269969940186, 6014.0
5.611660718917847, 6015.0
5.783048868179321, 6114.0
