0.01955890655517578, 1988.0
0.03523612022399902, 1991.0
0.051132917404174805, 1991.0
0.06740498542785645, 2078.0
0.08286499977111816, 2191.0
0.09832406044006348, 2244.0
0.11394882202148438, 2268.0
0.12961506843566895, 2268.0
0.14530682563781738, 2362.0
0.16106176376342773, 2447.0
0.17682409286499023, 2478.0
0.192641019821167, 2574.0
0.20847797393798828, 2574.0
0.22437715530395508, 2690.0
0.24033904075622559, 2690.0
0.25634002685546875, 2690.0
0.2723689079284668, 2690.0
0.28843116760253906, 2691.0
0.30452990531921387, 2691.0
0.32068610191345215, 2691.0
0.3368110656738281, 2691.0
0.35291004180908203, 2691.0
0.36911797523498535, 2691.0
0.3852851390838623, 2691.0
0.4015629291534424, 2691.0
0.4177989959716797, 2691.0
0.434063196182251, 2691.0
0.45033812522888184, 2694.0
0.4665851593017578, 2694.0
0.48288416862487793, 2694.0
0.5003938674926758, 2694.0
0.5173189640045166, 2694.0
0.5336179733276367, 2694.0
0.5500180721282959, 2694.0
0.5663411617279053, 2694.0
0.5826458930969238, 2694.0
0.5989460945129395, 2694.0
0.6152451038360596, 2694.0
0.6315357685089111, 2694.0
0.6478509902954102, 2694.0
0.6641521453857422, 2694.0
0.6804778575897217, 2694.0
0.6967689990997314, 2694.0
0.7130937576293945, 2694.0
0.7294070720672607, 2694.0
0.7458350658416748, 2694.0
0.7622089385986328, 2694.0
0.7785680294036865, 2694.0
0.7948489189147949, 2694.0
0.811133861541748, 2694.0
0.8274359703063965, 2694.0
0.8438410758972168, 2694.0
0.861259937286377, 2694.0
0.8780169486999512, 2694.0
0.8943428993225098, 2694.0
0.910614013671875, 2694.0
0.9270219802856445, 2694.0
0.9434299468994141, 2694.0
0.9602041244506836, 2694.0
0.9769330024719238, 2694.0
0.9932858943939209, 2694.0
1.0095560550689697, 2694.0
1.0260379314422607, 2694.0
1.042395830154419, 2694.0
1.0586779117584229, 2694.0
1.0749540328979492, 2694.0
1.0912251472473145, 2694.0
1.1076500415802002, 2694.0
1.123931884765625, 2694.0
1.140805959701538, 2694.0
1.1575191020965576, 2694.0
1.1744089126586914, 2694.0
1.191194772720337, 2694.0
1.207934856414795, 2694.0
1.2246499061584473, 2694.0
1.241365909576416, 2694.0
1.2581408023834229, 2694.0
1.2749459743499756, 2694.0
1.2921500205993652, 2694.0
1.309478998184204, 2694.0
1.3268318176269531, 2694.0
1.34368896484375, 2694.0
1.3603119850158691, 2694.0
1.3769409656524658, 2694.0
1.3935859203338623, 2694.0
1.4102039337158203, 2694.0
1.4268100261688232, 2694.0
1.443429946899414, 2694.0
1.4600310325622559, 2694.0
1.4766268730163574, 2694.0
1.493290901184082, 2694.0
1.5100898742675781, 2694.0
1.5268018245697021, 2694.0
1.5435049533843994, 2694.0
1.560549020767212, 2694.0
1.5774450302124023, 2694.0
1.5944409370422363, 2694.0
1.6111140251159668, 2694.0
1.627979040145874, 2694.0
1.6445398330688477, 2694.0
1.6607909202575684, 2694.0
1.6770801544189453, 2694.0
1.6933948993682861, 2694.0
1.7096691131591797, 2694.0
1.7259671688079834, 2694.0
1.742232084274292, 2694.0
1.7585690021514893, 2694.0
1.7748420238494873, 2694.0
1.791144847869873, 2694.0
1.807405948638916, 2694.0
1.8236279487609863, 2694.0
1.839874029159546, 2694.0
1.8561389446258545, 2694.0
1.8724889755249023, 2694.0
1.8887360095977783, 2694.0
1.9051570892333984, 2694.0
1.9214529991149902, 2694.0
1.9377169609069824, 2694.0
1.9539551734924316, 2694.0
1.9701948165893555, 2695.0
1.9865150451660156, 2695.0
2.002750873565674, 2695.0
2.0190091133117676, 2695.0
2.0352890491485596, 2695.0
2.05155611038208, 2695.0
2.067826986312866, 2695.0
2.084089994430542, 2695.0
2.1003201007843018, 2695.0
2.116547107696533, 2695.0
2.1327879428863525, 2695.0
2.149035930633545, 2695.0
2.1652309894561768, 2695.0
2.181447982788086, 2695.0
2.1976640224456787, 2695.0
2.2138760089874268, 2695.0
2.230074882507324, 2695.0
2.2463269233703613, 2695.0
2.2625479698181152, 2695.0
2.2787678241729736, 2695.0
2.2949471473693848, 2695.0
2.311152935028076, 2695.0
2.327354907989502, 2695.0
2.3436028957366943, 2695.0
2.359822988510132, 2695.0
2.376005172729492, 2695.0
2.3922529220581055, 2695.0
2.408474922180176, 2695.0
2.4246749877929688, 2695.0
2.4408581256866455, 2695.0
2.4570629596710205, 2695.0
2.47328519821167, 2695.0
2.489626884460449, 2695.0
2.5058250427246094, 2695.0
2.5220730304718018, 2695.0
2.538970947265625, 2695.0
2.5560050010681152, 2695.0
2.572497844696045, 2695.0
2.5889639854431152, 2695.0
2.605370044708252, 2695.0
2.6217830181121826, 2695.0
2.638137102127075, 2695.0
2.654536008834839, 2695.0
2.6709749698638916, 2695.0
2.687340021133423, 2695.0
2.703687906265259, 2695.0
2.720146894454956, 2695.0
2.7365729808807373, 2695.0
2.7529830932617188, 2695.0
2.7695600986480713, 2695.0
2.785924196243286, 2695.0
2.8022258281707764, 2695.0
2.8185598850250244, 2695.0
2.834923028945923, 2695.0
2.8515360355377197, 2695.0
2.868907928466797, 2695.0
2.886056900024414, 2695.0
2.9023869037628174, 2695.0
2.918696880340576, 2695.0
2.935012102127075, 2695.0
2.951328992843628, 2695.0
2.9675991535186768, 2695.0
2.9838449954986572, 2695.0
3.0001659393310547, 2695.0
3.0164029598236084, 2695.0
3.0329978466033936, 2695.0
3.049422025680542, 2695.0
3.065757989883423, 2695.0
3.082041025161743, 2695.0
3.0983119010925293, 2695.0
3.1151020526885986, 2695.0
3.1317648887634277, 2695.0
3.148473024368286, 2695.0
3.1651949882507324, 2695.0
3.1818950176239014, 2695.0
3.1985819339752197, 2695.0
3.2152130603790283, 2695.0
3.2318708896636963, 2695.0
3.2485599517822266, 2695.0
3.265373945236206, 2695.0
3.2827000617980957, 2695.0
3.2999510765075684, 2695.0
