0.00010800361633300781, 291.0
0.0002110004425048828, 824.0
0.0003159046173095703, 1549.0
0.000518798828125, 1971.0
0.0006208419799804688, 2695.0
0.0007228851318359375, 3583.0
0.0009260177612304688, 4026.0
0.004876852035522461, 4817.0
0.008111953735351562, 4825.0
0.00821685791015625, 4937.0
0.011337041854858398, 5409.0
0.011744976043701172, 6135.0
0.021982908248901367, 7052.0
0.02340984344482422, 7239.0
0.02544093132019043, 7521.0
0.027273893356323242, 7649.0
0.04989910125732422, 7732.0
0.0601649284362793, 8007.0
0.0643148422241211, 8896.0
0.11202001571655273, 9174.0
0.11223387718200684, 9530.0
0.11325287818908691, 9612.0
0.11396479606628418, 9740.0
0.11710286140441895, 9830.0
0.12024188041687012, 10502.0
0.1357119083404541, 10718.0
0.1418919563293457, 11577.0
0.18412399291992188, 11812.0
0.19193196296691895, 12424.0
0.19314885139465332, 13335.0
0.2573549747467041, 13976.0
0.48976683616638184, 14617.0
0.5146429538726807, 14922.0
0.514948844909668, 15034.0
0.5175819396972656, 15566.0
0.5205209255218506, 15820.0
0.5210349559783936, 16086.0
0.5260088443756104, 16327.0
0.5276308059692383, 16424.0
0.5335087776184082, 16584.0
0.5349369049072266, 16749.0
0.5350418090820312, 17519.0
0.5354518890380859, 18375.0
0.5358729362487793, 18477.0
0.5484738349914551, 18804.0
0.5491809844970703, 18930.0
0.550095796585083, 19387.0
0.5535650253295898, 19605.0
3.3699989318847656, 19807.0
3.8358168601989746, 20096.0
3.8427510261535645, 20378.0
3.8551177978515625, 20574.0
3.8558778762817383, 21365.0
3.8575098514556885, 21618.0
4.679090976715088, 22099.0
4.6799139976501465, 23007.0
4.68136191368103, 23232.0
4.699770927429199, 23427.0
4.719663858413696, 23455.0
4.720178842544556, 24366.0
5.540442943572998, 24415.0
5.541217088699341, 25274.0
5.559252023696899, 25304.0
5.575069904327393, 25430.0
5.576019048690796, 25721.0
5.742153882980347, 26330.0
5.881441116333008, 26517.0
5.893112897872925, 26658.0
5.9355878829956055, 26760.0
