0.0004279613494873047, 602.0
0.0008478164672851562, 1409.0
0.0012679100036621094, 2258.0
0.0016858577728271484, 2996.0
0.002101898193359375, 3825.0
0.002521038055419922, 4155.0
0.0029408931732177734, 5218.0
0.0033600330352783203, 5998.0
0.0037889480590820312, 6650.0
0.004211902618408203, 6959.0
0.004662036895751953, 7670.0
0.005108833312988281, 8627.0
0.005531787872314453, 9452.0
0.005951881408691406, 9683.0
0.00639796257019043, 10178.0
0.006821870803833008, 10945.0
0.007668018341064453, 11240.0
0.010157108306884766, 11431.0
0.01058197021484375, 11671.0
0.012240886688232422, 11796.0
0.026703834533691406, 11916.0
0.10034990310668945, 11977.0
0.10564303398132324, 12087.0
0.1170198917388916, 12250.0
0.12841391563415527, 12386.0
0.13046693801879883, 12496.0
0.14146685600280762, 12668.0
0.1533980369567871, 12808.0
0.15746092796325684, 12866.0
0.15868592262268066, 13064.0
0.17256999015808105, 13262.0
0.19366979598999023, 13390.0
0.22834205627441406, 13504.0
0.24437594413757324, 13581.0
0.24596190452575684, 13714.0
0.25823402404785156, 13761.0
0.26790595054626465, 13819.0
0.2699010372161865, 13840.0
0.27030396461486816, 14115.0
0.2782320976257324, 14216.0
0.28061485290527344, 14418.0
0.2964749336242676, 14451.0
0.30242300033569336, 14484.0
0.31076502799987793, 14514.0
0.33472204208374023, 14614.0
0.3542771339416504, 14813.0
0.40778493881225586, 14906.0
0.42069101333618164, 14942.0
0.424206018447876, 14967.0
0.4351229667663574, 15101.0
0.4612419605255127, 15157.0
0.46202898025512695, 15283.0
0.5017027854919434, 15405.0
0.5040378570556641, 15541.0
0.5094940662384033, 15556.0
0.5114459991455078, 15779.0
0.5137851238250732, 15901.0
0.5394570827484131, 15985.0
0.5402398109436035, 16093.0
0.5476229190826416, 16105.0
0.5818071365356445, 16178.0
0.6063258647918701, 16192.0
0.6203229427337646, 16293.0
0.6436128616333008, 16367.0
0.6486799716949463, 16487.0
0.6689279079437256, 16493.0
0.6833348274230957, 16598.0
0.736393928527832, 16691.0
0.7550859451293945, 16809.0
0.7647900581359863, 16851.0
0.7671358585357666, 16989.0
0.7721819877624512, 17034.0
0.7741389274597168, 17174.0
0.7944450378417969, 17259.0
0.8002848625183105, 17392.0
0.8073129653930664, 17515.0
0.8225409984588623, 17568.0
0.8365969657897949, 17569.0
0.8436248302459717, 17690.0
0.8741240501403809, 17798.0
1.4012858867645264, 17811.0
1.4143941402435303, 17916.0
1.5516610145568848, 18016.0
1.6241788864135742, 18126.0
1.6299350261688232, 18317.0
2.051311731338501, 18401.0
2.0570738315582275, 18568.0
2.0665359497070312, 18696.0
2.0927867889404297, 18773.0
2.1222310066223145, 18788.0
2.1435630321502686, 18964.0
2.1530070304870605, 19077.0
2.155066728591919, 19199.0
2.1608169078826904, 19302.0
2.1694488525390625, 19412.0
2.1805450916290283, 19506.0
2.2322170734405518, 19650.0
2.2453508377075195, 19764.0
2.2555959224700928, 19819.0
3.3812458515167236, 19844.0
3.401185989379883, 19886.0
3.4084877967834473, 20007.0
3.422307014465332, 20014.0
3.435685873031616, 20077.0
3.652754783630371, 20117.0
4.365598917007446, 20198.0
4.367219924926758, 20312.0
4.55241584777832, 20313.0
4.590382099151611, 20358.0
4.619491100311279, 20488.0
4.622679948806763, 20504.0
4.818837881088257, 20525.0
4.8498618602752686, 20610.0
9.833114862442017, 20672.0
9.852711915969849, 20706.0
9.869088888168335, 20804.0
10.09458613395691, 20812.0
10.152381896972656, 20896.0
10.157664060592651, 20905.0
12.097139835357666, 20910.0
12.20999813079834, 20913.0
12.230774879455566, 20915.0
12.336934804916382, 20995.0
12.375996828079224, 21102.0
12.419976949691772, 21119.0
12.692564964294434, 21201.0
12.806453943252563, 21295.0
13.06558895111084, 21297.0
13.081055879592896, 21309.0
13.082685947418213, 21483.0
13.090414047241211, 21497.0
13.108788013458252, 21518.0
13.115014791488647, 21576.0
13.129370927810669, 21607.0
13.138645887374878, 21609.0
13.170573949813843, 21665.0
19.22510576248169, 21716.0
19.297410011291504, 21719.0
19.633207082748413, 21817.0
19.66059398651123, 21842.0
19.670297145843506, 21989.0
19.67231798171997, 22106.0
19.776378870010376, 22114.0
19.780407905578613, 22119.0
24.365498065948486, 22153.0
24.3711678981781, 22279.0
24.37157702445984, 22393.0
24.39853286743164, 22498.0
24.459320068359375, 22616.0
24.50923180580139, 22685.0
25.291087865829468, 22708.0
25.319940090179443, 22809.0
25.397449016571045, 22909.0
25.495736122131348, 22919.0
26.11242699623108, 23015.0
26.26350688934326, 23118.0
30.058902978897095, 23216.0
