0.0022389888763427734, 794.0
0.004255056381225586, 1301.0
0.0062749385833740234, 2041.0
0.00829005241394043, 2288.0
0.010416030883789062, 3215.0
0.012431144714355469, 3356.0
0.014446020126342773, 3684.0
0.016465187072753906, 4262.0
0.018507957458496094, 4861.0
0.020592212677001953, 5510.0
0.022603988647460938, 6355.0
0.02463698387145996, 7143.0
0.02672410011291504, 8141.0
0.028738021850585938, 8195.0
0.030735015869140625, 8615.0
0.03273797035217285, 9047.0
0.03474307060241699, 9381.0
0.03676009178161621, 10183.0
0.03876495361328125, 10401.0
0.04078507423400879, 10937.0
0.04278087615966797, 11287.0
0.0447850227355957, 12020.0
0.04679608345031738, 12555.0
0.04880094528198242, 12962.0
0.05081605911254883, 13882.0
0.05283713340759277, 14804.0
0.05484485626220703, 15239.0
0.056860923767089844, 15502.0
0.05888009071350098, 15984.0
0.06089282035827637, 16068.0
0.06290102005004883, 16267.0
0.06491494178771973, 17099.0
0.0669407844543457, 17974.0
0.06895208358764648, 18572.0
0.07096290588378906, 18649.0
0.07297396659851074, 19072.0
0.07499098777770996, 20059.0
0.07700204849243164, 20703.0
0.0790250301361084, 20861.0
0.08103489875793457, 21177.0
0.08309102058410645, 21983.0
0.08510684967041016, 22331.0
0.0871119499206543, 23109.0
0.0891268253326416, 24001.0
0.09113001823425293, 24143.0
0.09315085411071777, 24316.0
0.09516501426696777, 24824.0
0.09715390205383301, 25583.0
0.09913897514343262, 26374.0
0.10113787651062012, 26856.0
0.10311198234558105, 26902.0
0.10510587692260742, 27330.0
0.10708403587341309, 27446.0
0.10908794403076172, 27555.0
0.1111140251159668, 28243.0
0.11309695243835449, 29045.0
0.11507821083068848, 30010.0
0.11706018447875977, 30874.0
0.11904788017272949, 31085.0
0.12102198600769043, 31788.0
0.12687206268310547, 32440.0
0.12884902954101562, 33391.0
0.13083314895629883, 33743.0
0.13280892372131348, 34258.0
0.1347801685333252, 35195.0
0.13675808906555176, 35916.0
0.13873791694641113, 36780.0
0.1407160758972168, 36918.0
0.1426839828491211, 37335.0
0.14466500282287598, 37769.0
0.14664292335510254, 38126.0
0.14862298965454102, 38155.0
0.1506030559539795, 38753.0
0.15257596969604492, 39157.0
0.15454506874084473, 39852.0
0.16229605674743652, 40701.0
0.1642611026763916, 41410.0
0.16623210906982422, 41888.0
0.168198823928833, 42802.0
0.17015695571899414, 43308.0
0.17212700843811035, 43914.0
0.17409515380859375, 44434.0
0.17606306076049805, 45264.0
0.17802906036376953, 46043.0
0.1799941062927246, 46493.0
0.181959867477417, 46592.0
0.18393588066101074, 46672.0
0.18590521812438965, 47586.0
0.19177007675170898, 47735.0
0.1956920623779297, 47980.0
0.19766497611999512, 48470.0
0.20156311988830566, 48536.0
0.20545721054077148, 48706.0
0.20742392539978027, 49364.0
0.4686300754547119, 49859.0
0.6349968910217285, 49965.0
0.8085639476776123, 50218.0
0.8182110786437988, 50834.0
0.8393568992614746, 51109.0
0.8451581001281738, 51683.0
0.8855149745941162, 52336.0
0.8874669075012207, 53222.0
0.8894379138946533, 53425.0
0.901015043258667, 54199.0
0.9207050800323486, 55079.0
1.436939001083374, 55671.0
1.4388868808746338, 56236.0
1.5777359008789062, 56733.0
1.7453370094299316, 57292.0
1.749182939529419, 57745.0
1.8124120235443115, 57973.0
1.823930025100708, 58565.0
1.8910279273986816, 58978.0
1.9312958717346191, 59625.0
2.131704092025757, 60014.0
2.1735968589782715, 60291.0
2.183159112930298, 60548.0
2.4572720527648926, 60952.0
2.5676369667053223, 61666.0
2.569577932357788, 62414.0
2.655203104019165, 62801.0
2.666628122329712, 63315.0
2.6704530715942383, 64086.0
2.676213026046753, 65067.0
2.752761125564575, 65801.0
2.898336887359619, 65986.0
2.9216151237487793, 66485.0
2.929408073425293, 66943.0
3.2953670024871826, 67138.0
3.326488971710205, 67791.0
3.330418825149536, 68389.0
3.3575620651245117, 69145.0
3.714747190475464, 69444.0
3.7247509956359863, 70423.0
3.730748176574707, 71055.0
3.754642963409424, 71794.0
3.8558080196380615, 71915.0
3.8618860244750977, 72731.0
3.8659870624542236, 73378.0
3.878114938735962, 73972.0
3.8942439556121826, 74840.0
3.8962948322296143, 74964.0
3.954766035079956, 75182.0
3.9789319038391113, 76068.0
4.001585006713867, 76585.0
4.030339956283569, 76781.0
4.281260967254639, 77435.0
4.283267974853516, 77918.0
4.285275936126709, 78493.0
4.295156955718994, 79003.0
4.318789005279541, 79810.0
4.320785045623779, 79967.0
4.344367980957031, 80796.0
4.352246999740601, 81780.0
4.3640828132629395, 82542.0
4.607012033462524, 82828.0
4.808244943618774, 83635.0
4.859314918518066, 83913.0
4.914767026901245, 84134.0
4.9757280349731445, 85059.0
5.012967824935913, 85338.0
5.018874168395996, 85681.0
5.030694961547852, 85989.0
5.095264911651611, 86223.0
5.335438013076782, 87201.0
6.965054988861084, 87514.0
6.9729578495025635, 88243.0
6.97497296333313, 88723.0
6.986799001693726, 89439.0
7.1264328956604, 89459.0
7.136270999908447, 89777.0
7.446437120437622, 89882.0
7.448439121246338, 90602.0
7.509478807449341, 90686.0
7.599792003631592, 90793.0
7.615492105484009, 90802.0
7.637062072753906, 91067.0
7.644959926605225, 91631.0
7.774717807769775, 92140.0
7.914477109909058, 92436.0
7.9241859912872314, 92960.0
7.935842037200928, 93342.0
8.11470103263855, 93691.0
8.116673946380615, 94645.0
8.61722993850708, 94660.0
8.628781080245972, 94846.0
8.692117929458618, 95152.0
8.747664213180542, 95169.0
8.751521110534668, 95232.0
8.755385160446167, 95999.0
8.774590969085693, 96658.0
8.778451919555664, 97546.0
8.809123992919922, 97991.0
8.823102951049805, 98910.0
8.858259916305542, 99342.0
8.865960836410522, 99710.0
9.000339031219482, 99970.0
9.013713121414185, 100690.0
9.105178117752075, 101173.0
9.185302972793579, 101537.0
9.187242984771729, 101804.0
9.200605869293213, 102300.0
9.212072849273682, 102331.0
9.231148958206177, 103061.0
9.282711029052734, 103318.0
9.303689956665039, 103377.0
9.322793006896973, 103893.0
9.399003982543945, 104161.0
9.437167167663574, 105145.0
9.517486095428467, 105245.0
9.622323989868164, 105637.0
9.635680913925171, 106598.0
9.637619972229004, 106976.0
9.654791831970215, 107448.0
9.708263874053955, 108097.0
9.994851112365723, 108164.0
10.013938903808594, 108387.0
10.090162992477417, 108906.0
10.092108964920044, 109460.0
10.095953226089478, 110062.0
10.097890138626099, 110948.0
10.1074538230896, 111518.0
10.284708023071289, 111628.0
10.379945039749146, 111686.0
10.385699033737183, 112380.0
10.393360137939453, 113290.0
10.404857158660889, 113604.0
10.753580093383789, 114288.0
10.950870037078857, 114520.0
11.118453025817871, 115010.0
11.120390176773071, 115794.0
11.126144886016846, 116000.0
11.135683059692383, 116715.0
11.147135019302368, 117480.0
11.170011758804321, 118314.0
11.268898010253906, 118716.0
11.350830078125, 119266.0
11.41756010055542, 120026.0
11.446141958236694, 120803.0
11.944134950637817, 121008.0
12.029935121536255, 121257.0
12.073714971542358, 121776.0
12.113638162612915, 121820.0
12.117478132247925, 122759.0
12.147930145263672, 123689.0
12.602288007736206, 123763.0
12.640353918075562, 123931.0
12.783036231994629, 124457.0
12.805915832519531, 124582.0
12.838253021240234, 124965.0
13.022451877593994, 125058.0
13.121247053146362, 125317.0
13.127003908157349, 125565.0
13.151718854904175, 125694.0
13.161248922348022, 126118.0
13.494107007980347, 126294.0
13.507435083389282, 126462.0
13.51127815246582, 127115.0
13.52465295791626, 127444.0
13.545598983764648, 128383.0
13.629236936569214, 128808.0
13.7186439037323, 128825.0
13.775678873062134, 128895.0
14.072553873062134, 129133.0
14.127689838409424, 129672.0
14.241843938827515, 130408.0
14.255177974700928, 130993.0
14.259030103683472, 131057.0
14.319942951202393, 131225.0
14.350399017333984, 131339.0
14.354236125946045, 131574.0
14.373326063156128, 131643.0
14.392375946044922, 131677.0
14.44958782196045, 131779.0
14.531615972518921, 131907.0
14.57931399345398, 132077.0
14.967972993850708, 132185.0
15.038527011871338, 132231.0
15.192641973495483, 132358.0
15.215490102767944, 132693.0
15.253436803817749, 133282.0
15.306533098220825, 133640.0
15.32566499710083, 134387.0
15.367505073547363, 134835.0
15.409323930740356, 134955.0
15.706820011138916, 135210.0
15.71258807182312, 135778.0
15.724081993103027, 136110.0
16.000552892684937, 136167.0
16.042486906051636, 137012.0
16.050134897232056, 137147.0
16.05967688560486, 137340.0
16.34917402267456, 137949.0
16.766700983047485, 138182.0
16.789459943771362, 139135.0
16.84672498703003, 139421.0
17.032510995864868, 139631.0
17.04016613960266, 140179.0
17.07432794570923, 140321.0
17.123749017715454, 140600.0
17.161653995513916, 140793.0
17.190107822418213, 141412.0
17.205336093902588, 141684.0
17.26041603088379, 141821.0
17.26424813270569, 141981.0
17.266200065612793, 142112.0
17.29087996482849, 143098.0
17.308032035827637, 143635.0
17.338395833969116, 144001.0
17.35747981071472, 144542.0
17.363224029541016, 144602.0
17.36516809463501, 145151.0
17.38788914680481, 145939.0
17.416409015655518, 146221.0
17.42594003677368, 146223.0
17.4278781414032, 146688.0
17.43171715736389, 147170.0
17.439362049102783, 147277.0
17.601171016693115, 147693.0
17.87990403175354, 147823.0
17.883739948272705, 148166.0
17.89705801010132, 148686.0
19.391135931015015, 148742.0
19.43101406097412, 148817.0
19.64773201942444, 148889.0
19.89155411720276, 149165.0
20.074959993362427, 149627.0
20.16070008277893, 150211.0
20.231228828430176, 150805.0
20.242697954177856, 151025.0
20.320550203323364, 151853.0
20.32629704475403, 152672.0
20.43506097793579, 153062.0
20.61452007293701, 153218.0
20.616458892822266, 153989.0
20.631680965423584, 154395.0
21.63674283027649, 154647.0
21.740102767944336, 154883.0
21.888861894607544, 155119.0
21.91441297531128, 155803.0
21.98875904083252, 156661.0
22.723802089691162, 156991.0
22.8373920917511, 157048.0
23.286689043045044, 157909.0
23.308332920074463, 158175.0
23.367844104766846, 158181.0
23.369683027267456, 158906.0
23.416682958602905, 159817.0
23.454664945602417, 160560.0
23.9709210395813, 161360.0
24.057547092437744, 161444.0
24.070224046707153, 162415.0
24.07752013206482, 162733.0
24.09200692176819, 163463.0
24.108328819274902, 163603.0
24.110169172286987, 163684.0
24.11564803123474, 163694.0
24.117505073547363, 163808.0
24.22116494178772, 164161.0
24.268476963043213, 164655.0
24.321069955825806, 165330.0
24.368357181549072, 165427.0
24.37381911277771, 165597.0
24.409903049468994, 165855.0
24.444355010986328, 166299.0
24.45899200439453, 166807.0
24.466276168823242, 167111.0
24.468130111694336, 168038.0
24.567806005477905, 168192.0
24.582279920578003, 168606.0
24.591341018676758, 169047.0
24.604016065597534, 169977.0
24.741050004959106, 170199.0
25.087033987045288, 170895.0
25.28520393371582, 171460.0
25.64318585395813, 171924.0
25.782444953918457, 172572.0
25.78610396385193, 172862.0
25.816808938980103, 173493.0
25.9653480052948, 173564.0
26.133420944213867, 173678.0
26.829508066177368, 173912.0
28.128642082214355, 174080.0
28.30975103378296, 174950.0
28.346349954605103, 175720.0
28.371412992477417, 176393.0
28.38299322128296, 177068.0
28.384949922561646, 178007.0
28.83529019355774, 178447.0
28.933592081069946, 179004.0
29.520169973373413, 179100.0
29.547161102294922, 179664.0
29.556806802749634, 180027.0
29.82497000694275, 180118.0
29.84033703804016, 180752.0
29.882493019104004, 181739.0
29.88444495201111, 182700.0
30.061478853225708, 182875.0
32.234086990356445, 182980.0
32.41501498222351, 183109.0
32.648608922958374, 183326.0
32.66443705558777, 183348.0
32.73514914512634, 183455.0
32.74108600616455, 184207.0
32.76465606689453, 184649.0
32.77434492111206, 185438.0
32.861315965652466, 185737.0
32.872955083847046, 186510.0
32.94622993469238, 187130.0
32.9580180644989, 187543.0
34.14533185958862, 187689.0
34.18227410316467, 188173.0
34.22313594818115, 188511.0
34.273646116256714, 188708.0
34.28924202919006, 189633.0
34.370908975601196, 189871.0
34.750483989715576, 190147.0
34.956202030181885, 190603.0
35.09482383728027, 190897.0
35.10810208320618, 190922.0
35.164900064468384, 191632.0
35.17626118659973, 192136.0
35.26490902900696, 192365.0
35.26683807373047, 193270.0
35.28388500213623, 193665.0
35.41247892379761, 194577.0
35.441585063934326, 194815.0
35.45136904716492, 195054.0
35.453436851501465, 195716.0
35.598085165023804, 196129.0
35.651604890823364, 196518.0
36.21468114852905, 196549.0
36.25636601448059, 196792.0
36.493372201919556, 197293.0
36.54819703102112, 198178.0
36.561444997787476, 198559.0
36.582294940948486, 198623.0
36.58421802520752, 199503.0
37.773077964782715, 199881.0
37.94180607795715, 199929.0
39.10921597480774, 200253.0
39.14466094970703, 200705.0
39.152580976486206, 201529.0
39.18991804122925, 202499.0
39.29325890541077, 202916.0
39.295236110687256, 203122.0
39.29721999168396, 203851.0
39.30114722251892, 204057.0
39.46833610534668, 204126.0
39.49180889129639, 204398.0
39.5230131149292, 204559.0
39.6957528591156, 204957.0
39.72296190261841, 205709.0
39.730786085128784, 206246.0
41.31454682350159, 206293.0
41.31842517852783, 206591.0
41.41248297691345, 207105.0
41.509817123413086, 207254.0
43.66666293144226, 207635.0
43.67256021499634, 208083.0
43.674554109573364, 208666.0
43.67654800415039, 209538.0
43.6843798160553, 210246.0
43.686352014541626, 211024.0
43.70377278327942, 211632.0
43.725414991378784, 212231.0
43.760430097579956, 212400.0
43.81068992614746, 213109.0
43.90155601501465, 213774.0
44.18220901489258, 214292.0
44.24199295043945, 214824.0
44.37891697883606, 215372.0
44.39824986457825, 216004.0
44.47561502456665, 216409.0
44.50073218345642, 216850.0
44.522019147872925, 217045.0
44.525923013687134, 217157.0
44.53173613548279, 217447.0
45.901761054992676, 217631.0
46.051910161972046, 217894.0
46.20724081993103, 218459.0
46.34159207344055, 218603.0
46.353135108947754, 219545.0
46.56821918487549, 219687.0
46.59512114524841, 220360.0
46.612473011016846, 220602.0
46.62786793708801, 221132.0
46.64327692985535, 221231.0
46.647164821624756, 222002.0
46.676011085510254, 222732.0
47.56932997703552, 222875.0
48.599985122680664, 223375.0
48.60968589782715, 223779.0
48.6212100982666, 224484.0
48.65376305580139, 224704.0
48.66526508331299, 225674.0
48.71122193336487, 226099.0
48.73419213294983, 226265.0
48.736151933670044, 226513.0
49.03958082199097, 226754.0
49.05675220489502, 227172.0
49.115867137908936, 227443.0
49.11781716346741, 228173.0
49.13118314743042, 228251.0
49.15217709541321, 229114.0
49.274364948272705, 229323.0
49.28395318984985, 230299.0
49.291622161865234, 230390.0
49.47120904922485, 230603.0
49.51322603225708, 231247.0
49.65603995323181, 231819.0
49.65990591049194, 232509.0
49.80887508392334, 233157.0
50.0061240196228, 233292.0
50.029196977615356, 234131.0
50.038777112960815, 234714.0
50.82014203071594, 234837.0
50.83533000946045, 235133.0
50.84678506851196, 235572.0
50.852500915527344, 236458.0
50.85444092750549, 237442.0
50.93967413902283, 238051.0
53.209877014160156, 238194.0
53.298709869384766, 238278.0
53.330841064453125, 239265.0
53.34409689903259, 239528.0
53.381922006607056, 240045.0
53.39327788352966, 240459.0
53.41594910621643, 241226.0
53.44431209564209, 241275.0
53.495550870895386, 241810.0
53.52577304840088, 242007.0
53.59001111984253, 242671.0
53.812824010849, 242851.0
53.943185806274414, 243374.0
54.03331995010376, 243696.0
54.095703125, 244098.0
54.09757423400879, 244659.0
54.19848704338074, 245566.0
56.70779800415039, 246048.0
56.73138093948364, 246823.0
56.73504400253296, 247742.0
56.851001024246216, 248300.0
56.94360399246216, 248453.0
56.99269509315491, 249291.0
57.10514712333679, 249473.0
57.14323806762695, 249487.0
57.23933482170105, 249747.0
58.488943099975586, 250281.0
58.503512144088745, 250899.0
58.518218994140625, 251676.0
58.523717164993286, 252418.0
58.52557110786438, 253200.0
58.532865047454834, 253424.0
58.817975997924805, 253888.0
58.93447184562683, 253978.0
58.941781997680664, 254961.0
59.31293487548828, 255331.0
60.14221906661987, 255673.0
60.560816049575806, 255960.0
60.60602593421936, 256225.0
60.60998511314392, 256531.0
60.625755071640015, 256861.0
60.63560199737549, 257143.0
61.01587986946106, 257524.0
61.068755865097046, 258202.0
61.08052611351013, 259192.0
61.129531145095825, 259484.0
61.14911413192749, 259573.0
61.16090106964111, 260015.0
61.215702056884766, 260147.0
61.219645977020264, 260551.0
61.423003911972046, 260883.0
61.434783935546875, 261199.0
61.53051686286926, 261653.0
62.020451068878174, 261715.0
64.46511888504028, 262201.0
64.4729688167572, 262991.0
64.67405319213867, 263353.0
64.91553711891174, 263672.0
67.68992686271667, 263679.0
67.72609901428223, 264495.0
67.77369594573975, 264904.0
67.95797991752625, 265231.0
68.60376286506653, 265276.0
68.64951491355896, 265576.0
68.74660301208496, 266010.0
68.79607701301575, 266080.0
68.83802390098572, 266306.0
68.85137605667114, 266485.0
68.86668419837952, 266866.0
68.88961005210876, 267342.0
69.00434303283691, 267950.0
69.0405821800232, 268005.0
69.04252314567566, 268444.0
69.05782794952393, 269386.0
69.21263098716736, 269532.0
69.78233098983765, 269996.0
69.78809380531311, 270633.0
69.80339097976685, 270922.0
69.80914497375488, 271368.0
70.5440399646759, 271618.0
70.55767607688904, 271788.0
70.84164905548096, 272051.0
70.89156603813171, 272863.0
70.95527696609497, 273833.0
71.876149892807, 274615.0
72.18491792678833, 274809.0
72.2103590965271, 274904.0
72.24945402145386, 275062.0
72.26901984214783, 275796.0
72.34521389007568, 276202.0
72.3530821800232, 276554.0
72.4270269870758, 277439.0
72.82949495315552, 277779.0
72.94823503494263, 278117.0
73.14388394355774, 278148.0
73.20149803161621, 278299.0
73.22262597084045, 278950.0
73.25702023506165, 279739.0
73.45430302619934, 279955.0
74.45628786087036, 280134.0
74.51928806304932, 280263.0
74.58021187782288, 280429.0
74.59546709060669, 280489.0
74.6107189655304, 281443.0
74.62407088279724, 282156.0
74.68873691558838, 282986.0
75.1886510848999, 283164.0
75.4195339679718, 283421.0
75.42524003982544, 284368.0
75.61846494674683, 284428.0
75.62228512763977, 284846.0
75.76988220214844, 285074.0
75.7755959033966, 285634.0
75.78319096565247, 285708.0
75.80027318000793, 285930.0
75.82486510276794, 286687.0
75.85138297080994, 287205.0
75.92706394195557, 287647.0
76.0465669631958, 288133.0
76.048495054245, 288357.0
76.13892912864685, 288745.0
76.14671111106873, 289160.0
76.18156409263611, 289502.0
76.21454215049744, 290207.0
76.43098592758179, 290541.0
76.4833710193634, 290809.0
76.57211589813232, 291598.0
76.65894508361816, 292213.0
76.66477990150452, 292420.0
76.76302099227905, 292548.0
76.85928606987, 292960.0
76.930428981781, 293819.0
76.94199800491333, 294404.0
77.32214093208313, 294605.0
77.33352184295654, 295431.0
77.47756600379944, 295483.0
77.53057193756104, 296177.0
77.90972304344177, 296323.0
77.94531512260437, 296720.0
77.99804592132568, 296978.0
78.04112601280212, 297263.0
78.22776198387146, 297808.0
78.28590106964111, 297815.0
78.91243386268616, 297916.0
78.94042110443115, 298386.0
79.7210009098053, 298519.0
80.19313716888428, 298664.0
80.20703411102295, 298839.0
80.32357287406921, 299214.0
80.5659990310669, 299848.0
80.59550523757935, 300561.0
80.77248001098633, 300908.0
80.87268900871277, 301136.0
80.8863878250122, 301499.0
81.07568001747131, 301721.0
81.114737033844, 301772.0
81.28047513961792, 301983.0
81.30386304855347, 302698.0
81.44634222984314, 302944.0
81.44832515716553, 303398.0
81.49895811080933, 303943.0
81.5241630077362, 304708.0
82.10681390762329, 305021.0
82.3957450389862, 305370.0
82.40959620475769, 305580.0
82.42143988609314, 305733.0
82.46693301200867, 305738.0
82.76349115371704, 305862.0
82.94229984283447, 305876.0
83.00539708137512, 306596.0
83.07813000679016, 306702.0
83.20010805130005, 307070.0
83.21194219589233, 307642.0
83.27868580818176, 307734.0
83.37089109420776, 307827.0
83.3984260559082, 308608.0
83.68503904342651, 308938.0
83.72048616409302, 309475.0
83.76565098762512, 309707.0
83.80881094932556, 309756.0
83.828439950943, 309784.0
83.91861987113953, 310012.0
84.02046585083008, 310314.0
84.18958687782288, 310651.0
84.32586693763733, 311375.0
84.32786893844604, 312274.0
85.26612901687622, 312580.0
85.44024014472961, 312823.0
85.51550889015198, 313038.0
85.6399290561676, 313805.0
85.64568281173706, 314601.0
85.69729614257812, 314876.0
85.75082015991211, 315075.0
86.05439615249634, 315675.0
86.13834118843079, 316227.0
86.27481698989868, 316242.0
86.33075594902039, 316484.0
86.62224793434143, 316559.0
86.63595485687256, 317272.0
86.65363001823425, 317303.0
86.85293197631836, 317566.0
87.26736211776733, 317928.0
87.56242203712463, 318100.0
89.40687108039856, 318190.0
89.83056211471558, 318489.0
89.83638906478882, 318615.0
90.94744300842285, 318804.0
90.99591708183289, 318986.0
91.0229229927063, 319095.0
91.14806604385376, 319291.0
91.76855397224426, 319732.0
92.5805070400238, 320204.0
92.63077592849731, 320563.0
92.66176891326904, 320815.0
92.7312638759613, 321263.0
93.02502489089966, 321279.0
93.25106716156006, 322116.0
93.37879610061646, 322731.0
93.44373917579651, 322949.0
93.47746515274048, 322983.0
93.6602349281311, 323271.0
93.74437713623047, 323502.0
93.74835395812988, 323924.0
93.80275106430054, 324414.0
94.0486090183258, 324525.0
95.0663149356842, 324529.0
95.2819550037384, 324892.0
95.50380897521973, 325417.0
95.70931506156921, 325485.0
95.87655186653137, 325929.0
95.90776896476746, 326317.0
96.11797904968262, 326440.0
96.25608110427856, 326778.0
96.2969388961792, 327524.0
96.40625095367432, 327993.0
96.43878388404846, 328591.0
97.02517604827881, 328608.0
97.1700611114502, 328805.0
98.17601895332336, 328927.0
98.45429301261902, 329489.0
98.50311398506165, 329688.0
98.61599802970886, 329944.0
98.66168594360352, 330263.0
98.69027805328369, 330802.0
98.82748794555664, 330886.0
100.22694087028503, 331356.0
100.34883308410645, 331997.0
100.8263030052185, 332675.0
101.05432295799255, 333435.0
101.06811499595642, 334183.0
101.37030506134033, 334420.0
101.39537787437439, 335110.0
101.53057098388672, 335372.0
101.6037700176239, 335557.0
101.70769095420837, 335671.0
101.87131690979004, 336477.0
101.97916793823242, 337424.0
102.44622111320496, 337427.0
103.65408682823181, 337612.0
103.66371202468872, 338275.0
104.5834801197052, 338367.0
104.77977013587952, 338434.0
104.99209594726562, 338957.0
105.11648607254028, 339048.0
105.24843001365662, 339082.0
105.41297101974487, 339471.0
106.10895419120789, 340105.0
106.9353289604187, 340372.0
108.1129720211029, 341124.0
110.25160598754883, 341675.0
111.36412692070007, 342555.0
111.51019501686096, 343170.0
111.63862919807434, 343444.0
112.06626105308533, 343740.0
112.1876630783081, 344445.0
112.7319769859314, 344944.0
114.79728698730469, 345431.0
114.82125401496887, 346352.0
114.84279012680054, 346422.0
114.99153709411621, 346543.0
115.22446990013123, 347304.0
115.38331699371338, 347307.0
118.41055417060852, 347358.0
119.22112107276917, 347855.0
120.02427220344543, 348329.0
120.32634592056274, 348875.0
121.57612299919128, 349128.0
122.56518602371216, 349438.0
122.6802921295166, 349522.0
123.08647012710571, 349978.0
123.42285990715027, 350622.0
123.59759521484375, 350904.0
124.59227705001831, 351630.0
124.62852811813354, 352278.0
126.24212503433228, 352283.0
128.97852396965027, 352452.0
134.33138823509216, 352898.0
135.00457000732422, 353434.0
148.59850215911865, 353464.0
148.7639229297638, 353467.0
152.48280382156372, 354338.0
152.64844703674316, 354941.0
164.42137217521667, 354992.0
