0.0028848648071289062, 7.0
0.002936124801635742, 81.0
0.003283977508544922, 89.0
0.003453969955444336, 90.0
0.0036339759826660156, 114.0
0.003957986831665039, 118.0
0.00413203239440918, 135.0
0.00422978401184082, 201.0
0.004452943801879883, 225.0
0.005455970764160156, 254.0
0.006207942962646484, 266.0
0.006532907485961914, 286.0
0.0076427459716796875, 302.0
0.008085012435913086, 303.0
0.008615970611572266, 310.0
0.009547948837280273, 327.0
0.010511159896850586, 359.0
0.011494874954223633, 361.0
0.011818885803222656, 369.0
0.012556076049804688, 446.0
0.0133209228515625, 450.0
0.01502680778503418, 466.0
0.01579117774963379, 486.0
0.016580820083618164, 536.0
0.018497943878173828, 544.0
0.01913285255432129, 617.0
0.020287036895751953, 711.0
0.0220339298248291, 794.0
0.02562093734741211, 858.0
0.027370929718017578, 873.0
0.028787851333618164, 893.0
0.03391098976135254, 928.0
0.03916215896606445, 1004.0
0.04294085502624512, 1010.0
0.04581403732299805, 1065.0
0.05193805694580078, 1116.0
0.0598447322845459, 1163.0
0.06139802932739258, 1173.0
0.06397199630737305, 1176.0
0.07210397720336914, 1192.0
0.07418704032897949, 1278.0
0.07605791091918945, 1355.0
0.08132290840148926, 1383.0
0.08287787437438965, 1484.0
0.08974599838256836, 1602.0
0.0946817398071289, 1612.0
0.0969841480255127, 1620.0
0.099517822265625, 1690.0
0.10154604911804199, 1694.0
0.1120450496673584, 1709.0
0.1185460090637207, 1756.0
0.1257309913635254, 1804.0
0.1277790069580078, 1808.0
0.13379311561584473, 1899.0
0.13672995567321777, 1919.0
0.1390979290008545, 1923.0
0.14812278747558594, 1976.0
0.15369391441345215, 2005.0
0.15636086463928223, 2063.0
0.16298604011535645, 2087.0
0.16564702987670898, 2138.0
0.16992998123168945, 2145.0
0.17498087882995605, 2174.0
0.17742490768432617, 2187.0
0.18062996864318848, 2211.0
0.18279600143432617, 2256.0
0.18505382537841797, 2307.0
0.18784475326538086, 2342.0
0.18999195098876953, 2387.0
0.19557809829711914, 2405.0
0.19833803176879883, 2451.0
0.2005000114440918, 2496.0
0.20610594749450684, 2564.0
0.21037006378173828, 2666.0
0.2131650447845459, 2668.0
0.21620607376098633, 2675.0
0.21983003616333008, 2691.0
0.22252202033996582, 2737.0
0.22656893730163574, 2874.0
0.22956585884094238, 2920.0
0.23247694969177246, 2924.0
0.23499584197998047, 2940.0
0.23783612251281738, 2942.0
0.24350595474243164, 2983.0
0.24675679206848145, 2992.0
0.24884295463562012, 3092.0
0.2518129348754883, 3117.0
0.2561757564544678, 3164.0
0.2597780227661133, 3271.0
0.2626779079437256, 3296.0
0.26659297943115234, 3342.0
0.26970791816711426, 3389.0
0.2719900608062744, 3520.0
0.2749149799346924, 3552.0
0.27782607078552246, 3684.0
0.28066205978393555, 3777.0
0.2831449508666992, 3802.0
0.28783702850341797, 3900.0
0.29056406021118164, 3907.0
0.2930481433868408, 3932.0
0.29860877990722656, 3943.0
0.3009309768676758, 4181.0
0.308258056640625, 4201.0
0.31148695945739746, 4248.0
0.31732892990112305, 4280.0
0.3218507766723633, 4326.0
0.3252830505371094, 4351.0
0.3277571201324463, 4636.0
0.33105993270874023, 4665.0
0.33382511138916016, 4697.0
0.3412759304046631, 4793.0
0.3439979553222656, 4825.0
0.35083913803100586, 4901.0
0.355086088180542, 4963.0
0.3582918643951416, 5031.0
0.36234593391418457, 5149.0
0.3658170700073242, 5212.0
0.36883997917175293, 5223.0
0.3724489212036133, 5233.0
0.3765068054199219, 5351.0
0.3805408477783203, 5520.0
0.3838210105895996, 5650.0
0.3862888813018799, 5768.0
0.38924384117126465, 5876.0
0.39214587211608887, 5950.0
0.39507198333740234, 6078.0
0.3985750675201416, 6107.0
0.4011540412902832, 6139.0
0.41312694549560547, 6209.0
0.4159548282623291, 6241.0
0.4216189384460449, 6353.0
0.4250481128692627, 6379.0
0.4282839298248291, 6466.0
0.4309849739074707, 6596.0
0.4371178150177002, 6666.0
0.4397151470184326, 6698.0
0.44363903999328613, 6727.0
0.4462778568267822, 6836.0
0.4499080181121826, 6862.0
0.45347094535827637, 6914.0
0.4561631679534912, 7044.0
0.460003137588501, 7172.0
0.46306395530700684, 7201.0
0.4689610004425049, 7223.0
0.4716658592224121, 7353.0
0.4805488586425781, 7407.0
0.4830188751220703, 7537.0
0.4880499839782715, 7544.0
0.4912838935852051, 7573.0
0.496751070022583, 7603.0
0.4993710517883301, 7701.0
0.5030238628387451, 7741.0
0.5056560039520264, 7839.0
0.508173942565918, 7871.0
0.5124428272247314, 7893.0
0.5158679485321045, 7922.0
0.5183858871459961, 7954.0
0.5249547958374023, 7968.0
0.5276858806610107, 8077.0
0.5310509204864502, 8106.0
0.5335938930511475, 8138.0
0.5377538204193115, 8199.0
0.5409538745880127, 8327.0
0.5439789295196533, 8356.0
0.5488059520721436, 8364.0
0.5542619228363037, 8394.0
0.5568909645080566, 8492.0
0.5602848529815674, 8532.0
0.562891960144043, 8662.0
0.5673868656158447, 8713.0
0.5699379444122314, 8745.0
0.5736780166625977, 8759.0
0.5773770809173584, 8799.0
0.5800080299377441, 8897.0
0.582550048828125, 8929.0
0.5862851142883301, 8990.0
0.5903379917144775, 9147.0
