0.0009667873382568359, 457.0
0.0019237995147705078, 920.0
0.0028810501098632812, 1620.0
0.003831624984741211, 2097.0
0.004791736602783203, 2992.0
0.005839824676513672, 3303.0
0.0068569183349609375, 4212.0
0.007874727249145508, 5171.0
0.008891820907592773, 6152.0
0.009904861450195312, 6343.0
0.010924816131591797, 7433.0
0.011940717697143555, 7584.0
0.012946844100952148, 8484.0
0.013953924179077148, 8656.0
0.014966964721679688, 9755.0
0.015982866287231445, 10052.0
0.01699090003967285, 10531.0
0.018001794815063477, 11176.0
0.0190126895904541, 11703.0
0.020024776458740234, 12606.0
0.0210418701171875, 13657.0
0.02205061912536621, 14028.0
0.023065805435180664, 14809.0
0.02407670021057129, 15032.0
0.02508378028869629, 15775.0
0.026094675064086914, 16769.0
0.02710866928100586, 17569.0
0.028085947036743164, 17859.0
0.02907276153564453, 18655.0
0.03022480010986328, 18988.0
0.03224968910217285, 19273.0
0.03328585624694824, 20312.0
0.03429985046386719, 21271.0
0.03531599044799805, 21857.0
0.036276817321777344, 22639.0
0.03722977638244629, 23566.0
0.038185834884643555, 23976.0
0.039139747619628906, 24536.0
0.04011082649230957, 25211.0
0.041063785552978516, 26041.0
0.04201769828796387, 26666.0
0.04297685623168945, 27722.0
0.043953895568847656, 28774.0
0.044908761978149414, 29186.0
0.1367778778076172, 29299.0
0.147141695022583, 29346.0
0.16315793991088867, 29585.0
0.17819476127624512, 29693.0
0.19132184982299805, 29921.0
0.19414496421813965, 30061.0
0.19602298736572266, 30163.0
0.19977068901062012, 30275.0
0.24553966522216797, 30379.0
0.24835777282714844, 30488.0
0.2624058723449707, 30571.0
0.33705592155456543, 30695.0
0.41835689544677734, 30778.0
0.4258248805999756, 30888.0
0.44998884201049805, 31005.0
0.5213696956634521, 31020.0
0.5306549072265625, 31208.0
0.5362176895141602, 31374.0
0.5677239894866943, 31505.0
0.6224958896636963, 31592.0
0.6392388343811035, 31699.0
0.6913657188415527, 31815.0
0.6997687816619873, 31925.0
0.7034969329833984, 32058.0
0.7053697109222412, 32174.0
0.7100389003753662, 32296.0
0.7713479995727539, 32297.0
0.818760871887207, 32557.0
0.8382747173309326, 32671.0
0.881065845489502, 32803.0
0.9200618267059326, 32899.0
0.9275379180908203, 33004.0
1.1571238040924072, 33096.0
1.2055506706237793, 33122.0
1.2148668766021729, 33231.0
1.2576749324798584, 33353.0
1.2707226276397705, 33475.0
1.2819368839263916, 33543.0
1.2950198650360107, 33698.0
1.3025116920471191, 33802.0
1.3794808387756348, 33883.0
1.3954107761383057, 33947.0
1.4756228923797607, 34063.0
1.479369878768921, 34103.0
1.6512887477874756, 34164.0
1.6755998134613037, 34265.0
1.7278547286987305, 34381.0
1.735313892364502, 34496.0
1.7922768592834473, 34684.0
1.801623821258545, 34796.0
1.8146238327026367, 34948.0
1.854508638381958, 34963.0
1.8945679664611816, 35129.0
1.9103717803955078, 35253.0
1.9522747993469238, 35327.0
1.9643597602844238, 35493.0
2.0406877994537354, 35501.0
2.161414861679077, 35591.0
2.2515718936920166, 35634.0
2.2805707454681396, 35797.0
2.3002219200134277, 35802.0
2.4007408618927, 35972.0
2.4129106998443604, 36093.0
2.4315478801727295, 36204.0
2.68586802482605, 36302.0
2.7631278038024902, 36428.0
2.7929437160491943, 36531.0
2.8134608268737793, 36556.0
2.8172059059143066, 36999.0
2.834897756576538, 37065.0
2.8367769718170166, 37180.0
3.156620740890503, 37226.0
3.1605539321899414, 37279.0
3.1654677391052246, 37393.0
3.2711269855499268, 37462.0
3.422647714614868, 37524.0
3.4422247409820557, 37603.0
3.444192886352539, 37805.0
3.6496529579162598, 37869.0
3.6789140701293945, 37969.0
3.6895806789398193, 37982.0
3.8124287128448486, 38074.0
3.831284999847412, 38198.0
3.8988757133483887, 38256.0
3.9127848148345947, 38398.0
3.96574068069458, 38435.0
3.9859108924865723, 38456.0
4.007726669311523, 38583.0
4.090656995773315, 38695.0
4.133095741271973, 38767.0
4.134110927581787, 38958.0
4.141026735305786, 39303.0
4.220260858535767, 39405.0
4.300090789794922, 39498.0
4.330981731414795, 39588.0
4.334860801696777, 39776.0
4.634021759033203, 39791.0
4.673631906509399, 39986.0
4.710434675216675, 40097.0
4.807537794113159, 40191.0
4.84819483757019, 40283.0
4.983607053756714, 40401.0
5.004886865615845, 40474.0
5.027193784713745, 40646.0
5.029144763946533, 40797.0
5.205881834030151, 40840.0
5.2423059940338135, 40875.0
5.264592885971069, 40976.0
5.346686840057373, 41104.0
5.3517906665802, 41145.0
5.365827798843384, 41343.0
5.37783670425415, 41441.0
5.380853891372681, 41567.0
5.390881776809692, 41798.0
5.4530029296875, 41852.0
5.461093902587891, 41991.0
5.740651845932007, 42045.0
5.751485824584961, 42204.0
5.867652893066406, 42294.0
5.875517845153809, 42378.0
6.417149782180786, 42400.0
6.5427210330963135, 42464.0
6.598669767379761, 42500.0
6.693951845169067, 42506.0
6.698843717575073, 42680.0
6.833692789077759, 42881.0
6.913233757019043, 42966.0
6.946461915969849, 43017.0
6.962953805923462, 43126.0
6.969746828079224, 43271.0
6.9746057987213135, 43387.0
6.995934963226318, 43501.0
7.074533700942993, 43579.0
7.082304954528809, 43702.0
7.130148887634277, 43763.0
7.148607969284058, 43780.0
7.168047904968262, 43887.0
7.198115825653076, 43917.0
7.237923860549927, 44087.0
7.369004726409912, 44097.0
7.385481834411621, 44133.0
7.417510747909546, 44179.0
7.451478958129883, 44293.0
7.45246696472168, 44400.0
7.530218839645386, 44581.0
7.5953638553619385, 44694.0
7.968376636505127, 44704.0
8.039000749588013, 44776.0
8.11237382888794, 44885.0
8.12881875038147, 44995.0
8.273701906204224, 45089.0
8.75801396369934, 45190.0
8.797430038452148, 45196.0
8.877209663391113, 45305.0
8.933076858520508, 45386.0
9.522677898406982, 45400.0
9.564596891403198, 45480.0
9.612120866775513, 45501.0
9.653985023498535, 45702.0
9.683429718017578, 45727.0
9.688225746154785, 45870.0
9.722444772720337, 45903.0
9.749977827072144, 45978.0
9.79764199256897, 46049.0
9.822386980056763, 46102.0
9.98490285873413, 46130.0
9.985870838165283, 46289.0
10.0410737991333, 46357.0
12.44623589515686, 46401.0
12.529890775680542, 46521.0
12.568947792053223, 46608.0
12.579405784606934, 46796.0
12.680123805999756, 46800.0
12.72576379776001, 46868.0
13.16576099395752, 46880.0
13.189558982849121, 46985.0
13.266252040863037, 47092.0
14.873267889022827, 47103.0
14.917922735214233, 47104.0
15.061364889144897, 47130.0
15.064265966415405, 47249.0
15.077630996704102, 47400.0
15.250739812850952, 47488.0
15.287129878997803, 47499.0
15.4022536277771, 47577.0
15.514492750167847, 47686.0
15.532574892044067, 47801.0
15.64660096168518, 47853.0
15.666631937026978, 47962.0
15.69519591331482, 47971.0
15.69997787475586, 48087.0
16.352597951889038, 48183.0
16.370583057403564, 48197.0
16.402715921401978, 48326.0
16.431082010269165, 48334.0
16.43298363685608, 48367.0
16.43583369255066, 48606.0
16.449999809265137, 48701.0
16.558660745620728, 48745.0
16.569132804870605, 48904.0
16.596497774124146, 49086.0
16.6512668132782, 49176.0
16.664527893066406, 49198.0
16.6891028881073, 49292.0
16.698563814163208, 49468.0
16.707117795944214, 49572.0
16.717535972595215, 49585.0
16.9301917552948, 49592.0
16.965229749679565, 49688.0
17.346451997756958, 49782.0
17.356388807296753, 49899.0
17.406876802444458, 50021.0
17.44929265975952, 50181.0
24.78237795829773, 50184.0
24.837276935577393, 50250.0
24.8568696975708, 50297.0
24.89214277267456, 50364.0
24.90000581741333, 50480.0
24.9166738986969, 50590.0
25.161612033843994, 50671.0
25.1782808303833, 50695.0
25.2488009929657, 50715.0
25.261534929275513, 50886.0
25.281139850616455, 51004.0
25.970216989517212, 51099.0
26.361129999160767, 51103.0
26.37860083580017, 51205.0
26.593774795532227, 51252.0
26.605433702468872, 51286.0
26.628663778305054, 51405.0
35.904284954071045, 51431.0
35.99447584152222, 51505.0
36.05329370498657, 51577.0
38.10188698768616, 51598.0
38.139620780944824, 51658.0
38.15707969665527, 51695.0
38.8050217628479, 51805.0
38.93083477020264, 51980.0
38.94633865356445, 52093.0
40.349764823913574, 52190.0
40.4213387966156, 52298.0
40.43216276168823, 52377.0
40.442970752716064, 52486.0
40.49410676956177, 52489.0
40.599225759506226, 52576.0
40.614970684051514, 52701.0
40.841675996780396, 52799.0
40.85939979553223, 52802.0
42.18956279754639, 52903.0
42.4592969417572, 52980.0
42.73281979560852, 53097.0
42.83237290382385, 53169.0
42.88079285621643, 53285.0
42.90401482582092, 53288.0
42.96789789199829, 53292.0
43.019232988357544, 53377.0
43.04342293739319, 53480.0
43.188472747802734, 53546.0
43.19621562957764, 53697.0
43.93099784851074, 53778.0
43.939754009246826, 53884.0
43.9938907623291, 53942.0
43.99582481384277, 54074.0
44.00546884536743, 54088.0
44.01800179481506, 54104.0
44.28605270385742, 54178.0
44.4137237071991, 54205.0
44.44158697128296, 54237.0
44.4502158164978, 54386.0
44.46944284439087, 54491.0
44.58858799934387, 54500.0
48.34492492675781, 54505.0
48.46839666366577, 54591.0
48.73472881317139, 54601.0
59.69322180747986, 54604.0
60.64461588859558, 54687.0
60.75418972969055, 54788.0
60.890806913375854, 54889.0
61.24831581115723, 54990.0
61.52164387702942, 55105.0
65.08814573287964, 55198.0
65.28603482246399, 55298.0
65.29475784301758, 55400.0
65.55166983604431, 55504.0
67.94392704963684, 55605.0
