2.6941299438476562e-05, 201.0
7.510185241699219e-05, 1001.0
0.0011830329895019531, 1792.0
0.00418400764465332, 2311.0
0.004606008529663086, 2504.0
0.004648923873901367, 2961.0
0.004693031311035156, 3892.0
0.0047380924224853516, 4106.0
0.00516510009765625, 4132.0
0.006288766860961914, 4582.0
0.006376981735229492, 4658.0
0.0068171024322509766, 5449.0
0.007539033889770508, 5716.0
0.008339881896972656, 6150.0
0.0090179443359375, 6850.0
0.1348249912261963, 6971.0
0.13513803482055664, 7089.0
0.17078709602355957, 7697.0
0.17124104499816895, 7966.0
0.17185401916503906, 7999.0
0.2607591152191162, 8713.0
0.8798348903656006, 8745.0
0.9255180358886719, 8929.0
1.032033920288086, 8940.0
