0.0001049041748046875, 741.0
0.00020813941955566406, 1596.0
0.000308990478515625, 2165.0
0.0004100799560546875, 2632.0
0.0028009414672851562, 2699.0
0.008883953094482422, 2720.0
0.02746105194091797, 2760.0
0.027660846710205078, 2761.0
0.027760982513427734, 2802.0
0.02786087989807129, 2980.0
0.032585859298706055, 3056.0
0.08190798759460449, 3080.0
0.08360695838928223, 3103.0
0.08420395851135254, 3284.0
0.20789790153503418, 3314.0
1.4517149925231934, 3322.0
2.7961909770965576, 3354.0
3.1098620891571045, 3398.0
4.04448390007019, 3519.0
4.0452940464019775, 3569.0
4.053405046463013, 3650.0
6.065356016159058, 3753.0
6.078532934188843, 3828.0
6.078938961029053, 3866.0
6.100330829620361, 3890.0
6.10144305229187, 3891.0
6.10894513130188, 3903.0
7.1718361377716064, 3905.0
7.173295021057129, 3906.0
7.250718116760254, 3946.0
7.813994884490967, 3994.0
7.827974081039429, 3995.0
