0.0002162456512451172, 221.0
0.00043010711669921875, 336.0
0.0006411075592041016, 1268.0
0.0008523464202880859, 1741.0
0.001064300537109375, 1977.0
0.001276254653930664, 2608.0
0.0014872550964355469, 2750.0
0.0017001628875732422, 3556.0
0.0019142627716064453, 4363.0
0.0021262168884277344, 5200.0
0.0023381710052490234, 5520.0
0.0025491714477539062, 6044.0
0.0033822059631347656, 6267.0
0.0065081119537353516, 6387.0
0.036492109298706055, 6471.0
0.04771113395690918, 6577.0
0.08357405662536621, 6688.0
0.12858223915100098, 6787.0
0.14714908599853516, 6876.0
0.15633010864257812, 6971.0
0.1687910556793213, 7056.0
0.17212414741516113, 7185.0
0.17378711700439453, 7186.0
0.1831531524658203, 7190.0
0.2245171070098877, 7256.0
0.22803020477294922, 7363.0
0.22844696044921875, 7576.0
0.24192523956298828, 7585.0
0.25415706634521484, 7667.0
0.25519514083862305, 7686.0
0.25812625885009766, 7771.0
0.2591722011566162, 7810.0
0.2602102756500244, 7917.0
0.26207518577575684, 8062.0
0.27392005920410156, 8173.0
0.29869532585144043, 8175.0
0.31276798248291016, 8253.0
0.3144199848175049, 8363.0
0.3226611614227295, 8466.0
0.3263890743255615, 8582.0
0.3391752243041992, 8589.0
0.36678218841552734, 8677.0
0.3972642421722412, 8730.0
0.4177682399749756, 8848.0
0.4241452217102051, 8958.0
0.42724132537841797, 8962.0
0.4344661235809326, 8986.0
0.48586320877075195, 9067.0
0.4901750087738037, 9176.0
0.548572301864624, 9224.0
0.5524542331695557, 9369.0
0.5892632007598877, 9469.0
0.5911111831665039, 9576.0
0.5986621379852295, 9671.0
0.6029651165008545, 9785.0
0.604600191116333, 9883.0
0.9873433113098145, 9888.0
1.1619200706481934, 9895.0
1.163729190826416, 10025.0
1.1655349731445312, 10185.0
1.1928303241729736, 10228.0
1.8168950080871582, 10246.0
1.8208980560302734, 10360.0
1.8233351707458496, 10370.0
1.8398702144622803, 10478.0
1.8592772483825684, 10557.0
1.8614861965179443, 10679.0
2.834630250930786, 10687.0
2.8411762714385986, 10784.0
2.844724178314209, 10788.0
2.886583089828491, 10889.0
2.8901121616363525, 10940.0
4.798807144165039, 10977.0
4.803527355194092, 11018.0
4.825750112533569, 11133.0
4.8551552295684814, 11183.0
8.757320404052734, 11217.0
8.759676218032837, 11347.0
