0.0010080337524414062, 224.0
0.002019166946411133, 554.0
0.0030221939086914062, 1252.0
0.004023075103759766, 1746.0
0.005089998245239258, 2031.0
0.0061261653900146484, 2865.0
0.007142066955566406, 3434.0
0.008164167404174805, 3560.0
0.009168863296508789, 4165.0
0.01017904281616211, 4449.0
0.011192083358764648, 4631.0
0.01219797134399414, 5193.0
0.01320195198059082, 5344.0
0.014217138290405273, 6056.0
0.015218973159790039, 6885.0
0.01622605323791504, 7083.0
0.01724696159362793, 7084.0
0.018262147903442383, 7376.0
0.019284963607788086, 7544.0
0.020301103591918945, 8321.0
0.021305084228515625, 8710.0
0.0223081111907959, 9262.0
0.023327112197875977, 9284.0
0.024325847625732422, 9334.0
0.025326251983642578, 9831.0
0.02634119987487793, 10225.0
0.027344226837158203, 10684.0
0.02834606170654297, 11144.0
0.0293581485748291, 12123.0
0.030358076095581055, 12203.0
0.031371116638183594, 12865.0
0.03238201141357422, 13419.0
0.03338289260864258, 14349.0
0.034384965896606445, 14490.0
0.035401105880737305, 14915.0
0.03639984130859375, 15653.0
0.037409067153930664, 15928.0
0.038416147232055664, 16410.0
0.03941607475280762, 16785.0
0.04041910171508789, 17155.0
0.041442155838012695, 17605.0
0.04244828224182129, 17755.0
0.04345297813415527, 17939.0
0.04447793960571289, 18912.0
0.04547905921936035, 18981.0
0.046484947204589844, 19472.0
0.051464080810546875, 20057.0
0.05543398857116699, 20159.0
0.07422590255737305, 20889.0
0.40045595169067383, 21362.0
0.4269540309906006, 21453.0
0.5444400310516357, 21838.0
0.5464179515838623, 22630.0
0.5562729835510254, 23154.0
0.5650670528411865, 23649.0
0.5670661926269531, 23980.0
0.5837140083312988, 24249.0
0.584705114364624, 24704.0
0.5876412391662598, 25609.0
0.6375019550323486, 26163.0
0.7025222778320312, 26421.0
0.7674078941345215, 27115.0
0.7693660259246826, 27134.0
0.8012261390686035, 27329.0
0.8651289939880371, 27535.0
0.8969659805297852, 27619.0
1.001460075378418, 28209.0
1.030346155166626, 29172.0
1.088569164276123, 29676.0
1.0953869819641113, 30147.0
1.1205739974975586, 31106.0
1.1622850894927979, 31456.0
1.1652109622955322, 32222.0
1.1661970615386963, 32433.0
1.2215759754180908, 33283.0
1.4090230464935303, 33659.0
1.577786922454834, 34127.0
1.587510108947754, 34484.0
1.588486909866333, 35120.0
1.589468002319336, 36093.0
1.5982060432434082, 36884.0
1.7688660621643066, 36901.0
1.7880280017852783, 37645.0
1.799551010131836, 37723.0
1.8167140483856201, 38507.0
1.8700230121612549, 39064.0
1.9174761772155762, 39245.0
1.928910255432129, 40154.0
1.9336791038513184, 40248.0
1.9346420764923096, 40876.0
1.9480268955230713, 41421.0
1.9971880912780762, 41993.0
2.0105350017547607, 42634.0
2.202773094177246, 42762.0
2.2379510402679443, 42820.0
2.2664151191711426, 43322.0
2.2711739540100098, 44057.0
2.325256109237671, 44420.0
2.33766508102417, 44504.0
2.3567922115325928, 44821.0
2.365610122680664, 44943.0
2.36962890625, 45127.0
2.4055700302124023, 45775.0
2.4673221111297607, 46318.0
2.5552520751953125, 46399.0
2.587541103363037, 46856.0
2.6140220165252686, 47050.0
2.6482081413269043, 47938.0
2.720231056213379, 48347.0
2.7221550941467285, 48889.0
2.724067211151123, 49362.0
2.727886199951172, 49809.0
2.730739116668701, 49922.0
2.7764620780944824, 50326.0
2.8559412956237793, 50386.0
2.862617254257202, 50698.0
2.8664400577545166, 51410.0
2.877918004989624, 51431.0
2.920741081237793, 51442.0
2.9217071533203125, 51893.0
2.9312479496002197, 52619.0
2.9407622814178467, 53174.0
2.959780216217041, 54171.0
2.963616132736206, 54221.0
3.037885904312134, 54720.0
3.0426559448242188, 54836.0
3.0445780754089355, 55054.0
3.0701749324798584, 55976.0
3.104438066482544, 56192.0
3.146059989929199, 56938.0
3.22788405418396, 57514.0
3.2335801124572754, 58097.0
3.2364501953125, 58168.0
3.2393081188201904, 58948.0
3.250685930252075, 59485.0
3.264000177383423, 60256.0
3.266845941543579, 60815.0
3.281147003173828, 60912.0
3.29262113571167, 61331.0
3.3182990550994873, 61476.0
3.3278310298919678, 62390.0
3.3326029777526855, 63150.0
3.4202282428741455, 63323.0
3.797461986541748, 63570.0
3.8012590408325195, 63997.0
3.806993007659912, 64327.0
3.8240649700164795, 64645.0
3.9354560375213623, 64891.0
4.076368093490601, 65028.0
4.100165128707886, 65118.0
4.332135915756226, 65146.0
4.34309196472168, 65347.0
4.347959041595459, 65481.0
4.361649990081787, 65578.0
4.4998860359191895, 65880.0
4.538196086883545, 66735.0
4.6928839683532715, 66901.0
4.705530881881714, 67101.0
4.7583959102630615, 67119.0
4.762315988540649, 67729.0
4.777104139328003, 67831.0
4.779109239578247, 68792.0
4.806750059127808, 68877.0
4.899528980255127, 69273.0
4.95012903213501, 69285.0
4.955881118774414, 69817.0
4.973050117492676, 70675.0
5.014946222305298, 70717.0
5.016866207122803, 70808.0
5.046376943588257, 71468.0
5.048285961151123, 71740.0
5.060687065124512, 71996.0
5.079758167266846, 72560.0
5.097884893417358, 72779.0
5.1282172203063965, 72958.0
5.163434982299805, 73432.0
5.192018032073975, 73787.0
5.202481031417847, 73854.0
5.2270801067352295, 74066.0
5.232872009277344, 74610.0
5.237613201141357, 74954.0
5.240510940551758, 75082.0
5.345694065093994, 75309.0
5.474449872970581, 75651.0
5.63300895690918, 76422.0
5.677278995513916, 76936.0
5.71376895904541, 77419.0
5.72566819190979, 78290.0
5.874934196472168, 78764.0
5.93979024887085, 78839.0
5.9867870807647705, 78927.0
6.072257041931152, 78940.0
6.083181142807007, 79064.0
6.085180044174194, 79105.0
6.128805875778198, 80060.0
6.216419219970703, 80660.0
6.435948133468628, 80876.0
6.499152898788452, 81637.0
6.507845163345337, 81667.0
6.621521949768066, 81744.0
6.6350321769714355, 82620.0
6.665894985198975, 83002.0
6.670735120773315, 83222.0
6.725759029388428, 83800.0
6.781662940979004, 83817.0
6.809660911560059, 84094.0
6.826094150543213, 84611.0
6.830944061279297, 85128.0
6.8357861042022705, 85546.0
7.06450891494751, 85714.0
7.453461170196533, 85747.0
7.4583070278167725, 85763.0
7.52305793762207, 85795.0
7.556801080703735, 85898.0
7.580028057098389, 85942.0
7.5848798751831055, 86463.0
7.589740037918091, 87106.0
7.687311172485352, 87382.0
8.43466305732727, 87751.0
8.435656070709229, 88391.0
8.454970836639404, 88635.0
8.456912994384766, 89226.0
8.479503154754639, 89726.0
8.521423101425171, 89775.0
8.54314398765564, 90213.0
8.556961059570312, 90366.0
8.564883947372437, 90398.0
8.568843126296997, 91102.0
8.597429037094116, 91659.0
8.615176916122437, 91798.0
9.093783140182495, 92125.0
9.11533498764038, 92502.0
9.299838066101074, 92589.0
9.345698118209839, 92869.0
9.432421922683716, 93118.0
9.471577167510986, 93823.0
9.680656909942627, 93883.0
9.684551000595093, 94640.0
9.68651008605957, 95484.0
9.734851121902466, 96046.0
9.73871898651123, 96885.0
9.74068808555603, 96938.0
9.74359393119812, 97240.0
9.770649194717407, 97578.0
9.788029909133911, 98458.0
9.815112113952637, 98503.0
10.27596116065979, 98815.0
10.33963918685913, 99360.0
10.352140188217163, 99495.0
10.384740114212036, 99713.0
10.445269107818604, 100504.0
10.454905033111572, 101025.0
10.46552300453186, 101224.0
10.49434494972229, 101568.0
10.5001380443573, 102079.0
10.51979398727417, 103001.0
10.52829909324646, 103785.0
10.588413000106812, 103822.0
10.597342014312744, 104247.0
10.60825800895691, 104674.0
10.619210958480835, 105562.0
10.736676216125488, 105613.0
10.958379030227661, 105645.0
10.972947120666504, 105774.0
11.226797103881836, 106428.0
13.424645185470581, 106792.0
13.45076608657837, 106813.0
13.48763918876648, 106972.0
13.49251103401184, 107372.0
13.514819145202637, 107905.0
13.84848690032959, 108165.0
13.864985227584839, 108784.0
13.895209074020386, 109726.0
14.131700038909912, 110350.0
14.136573076248169, 110379.0
14.140510082244873, 110880.0
14.15215802192688, 111244.0
14.153146266937256, 111361.0
14.385558128356934, 111636.0
14.396257162094116, 111798.0
14.48055100440979, 111960.0
14.591017007827759, 112155.0
14.601102113723755, 113094.0
14.61932110786438, 113864.0
14.641625165939331, 114174.0
14.651327133178711, 114338.0
14.677522897720337, 114449.0
14.685295104980469, 114952.0
14.717239141464233, 115317.0
14.750117063522339, 115807.0
14.936201095581055, 116309.0
14.938159227371216, 116735.0
14.942048072814941, 117267.0
14.950790882110596, 117448.0
15.023627042770386, 117652.0
15.042991876602173, 117788.0
15.334925174713135, 118152.0
15.396507978439331, 118744.0
15.414807081222534, 119216.0
16.037753105163574, 119708.0
16.059137105941772, 119966.0
16.67303204536438, 120224.0
16.696612119674683, 120755.0
16.72319483757019, 121331.0
16.744806051254272, 121646.0
16.765393018722534, 121708.0
16.843854188919067, 122545.0
16.84486985206604, 123371.0
16.86663508415222, 124212.0
16.88246989250183, 125155.0
16.944933891296387, 125175.0
16.95287823677063, 126129.0
26.156491994857788, 126500.0
26.27073097229004, 127000.0
26.544337034225464, 127487.0
26.55875301361084, 128282.0
26.928192138671875, 129037.0
26.968462228775024, 129615.0
26.970396995544434, 130534.0
27.134459972381592, 130886.0
27.17954993247986, 131430.0
27.544578075408936, 131433.0
27.571370124816895, 132344.0
27.703397274017334, 132503.0
27.706259965896606, 132831.0
27.864124059677124, 132896.0
28.169624090194702, 133271.0
28.22625207901001, 133892.0
28.44200086593628, 134208.0
28.442981243133545, 134837.0
28.471699953079224, 135424.0
28.529222011566162, 135849.0
28.57030701637268, 136168.0
28.64585018157959, 136337.0
30.274773120880127, 136473.0
30.286466121673584, 137111.0
30.56982398033142, 137205.0
30.588293075561523, 137345.0
30.603813886642456, 137473.0
30.70154595375061, 137719.0
30.750944137573242, 137727.0
30.760685205459595, 138109.0
30.761693954467773, 138375.0
30.8121120929718, 138411.0
30.829469919204712, 138444.0
31.43428111076355, 138594.0
31.45551586151123, 139016.0
31.48247194290161, 139465.0
31.57691216468811, 139679.0
31.673014163970947, 139941.0
31.723060131072998, 140826.0
31.782703161239624, 141297.0
31.798189163208008, 141792.0
31.89542007446289, 142033.0
32.03206515312195, 142657.0
32.04845213890076, 142756.0
32.08790612220764, 143311.0
32.088887214660645, 143593.0
32.124638080596924, 143891.0
32.23930287361145, 144115.0
32.249805212020874, 144588.0
32.4303879737854, 144634.0
32.56050992012024, 144772.0
32.599647998809814, 145714.0
32.85831928253174, 146120.0
33.408459186553955, 146130.0
33.41037917137146, 146508.0
33.417093992233276, 147427.0
33.44110417366028, 148324.0
33.523542165756226, 148484.0
33.78937101364136, 148682.0
33.811439990997314, 148780.0
33.84971904754639, 149443.0
34.19371819496155, 150318.0
34.21085810661316, 150858.0
34.24225425720215, 151542.0
34.24889302253723, 151905.0
34.42125487327576, 152030.0
34.51697111129761, 152054.0
34.58934211730957, 152259.0
34.919403076171875, 152556.0
34.93082809448242, 152726.0
35.035815954208374, 153361.0
35.048542976379395, 153476.0
35.1759831905365, 153772.0
35.18379497528076, 154122.0
35.87272906303406, 154532.0
35.88402509689331, 155106.0
35.89532494544983, 155233.0
35.955414056777954, 156007.0
36.91488695144653, 156244.0
36.961649894714355, 157059.0
37.23120903968811, 157242.0
37.2518150806427, 157620.0
37.27140212059021, 157704.0
37.93395805358887, 158397.0
38.0159170627594, 159051.0
38.03653883934021, 159297.0
38.053420066833496, 159591.0
38.07391810417175, 159832.0
38.1642370223999, 159894.0
38.20336103439331, 160505.0
38.21179914474487, 161490.0
38.27609395980835, 161654.0
38.277045011520386, 162083.0
38.30777192115784, 162117.0
38.33194613456726, 162909.0
38.49228286743164, 163030.0
39.52668285369873, 163044.0
39.53947710990906, 163822.0
39.55033302307129, 164602.0
39.611300230026245, 164852.0
39.64462900161743, 165434.0
39.651549100875854, 166096.0
39.994946002960205, 166379.0
40.12816905975342, 166707.0
40.14186406135559, 167231.0
40.152637004852295, 167822.0
40.15756297111511, 168017.0
40.17426514625549, 168250.0
40.181143045425415, 168762.0
40.184114933013916, 168771.0
40.200889110565186, 169009.0
40.201892137527466, 169819.0
40.29437327384949, 170040.0
40.34114623069763, 170454.0
40.34603500366211, 170538.0
40.89499592781067, 170641.0
40.89885711669922, 171425.0
41.1354660987854, 171770.0
41.22738218307495, 172401.0
41.23135805130005, 172966.0
41.27283501625061, 173316.0
41.283748149871826, 173527.0
41.4101939201355, 173693.0
41.43193817138672, 174059.0
41.45659613609314, 174562.0
41.5393180847168, 174710.0
41.578792095184326, 175275.0
41.60932111740112, 176146.0
42.070444107055664, 176433.0
42.99826622009277, 176595.0
43.01578712463379, 177236.0
43.104361057281494, 177406.0
43.22985911369324, 177868.0
43.24343299865723, 178263.0
43.31813192367554, 178444.0
43.35012722015381, 178846.0
43.35401391983032, 178902.0
43.470268964767456, 178927.0
43.54496908187866, 179080.0
43.55858111381531, 179083.0
43.756333112716675, 179325.0
43.766053915023804, 179442.0
43.79032921791077, 179533.0
43.808757066726685, 179752.0
43.91266202926636, 179976.0
44.27839994430542, 180219.0
44.30713391304016, 181037.0
44.339702129364014, 181111.0
44.350200176239014, 181234.0
44.364583015441895, 182153.0
44.39626598358154, 182516.0
44.606760025024414, 182830.0
44.766584157943726, 183123.0
44.93235516548157, 183144.0
45.14208221435547, 183444.0
45.18239903450012, 183467.0
45.1925311088562, 183733.0
45.2040798664093, 183965.0
45.25410318374634, 184091.0
45.25796318054199, 184385.0
45.63597917556763, 184451.0
45.80110311508179, 184556.0
46.441965103149414, 184832.0
46.444844007492065, 185457.0
46.66534924507141, 185613.0
46.707377910614014, 186426.0
46.818286180496216, 186617.0
46.89268708229065, 187574.0
47.07316303253174, 188473.0
47.07890701293945, 189323.0
47.128530979156494, 189374.0
47.17337608337402, 189839.0
47.20206117630005, 190677.0
47.32107496261597, 191080.0
47.38700008392334, 191446.0
47.39389109611511, 192443.0
47.6007559299469, 192982.0
47.914507150650024, 193773.0
48.84481406211853, 194121.0
49.27953505516052, 194131.0
49.28966999053955, 194820.0
50.35122799873352, 194928.0
50.40826606750488, 195097.0
50.4239182472229, 195146.0
50.84076118469238, 195195.0
51.01460003852844, 195216.0
51.08546686172485, 195221.0
51.49323797225952, 195531.0
51.61123609542847, 196305.0
51.69597601890564, 196470.0
51.71353197097778, 197111.0
52.00859808921814, 197521.0
52.018742084503174, 198380.0
52.508198976516724, 198647.0
52.57657027244568, 198940.0
52.7332980632782, 199028.0
54.4227180480957, 199298.0
54.68956708908081, 200152.0
54.91997003555298, 200269.0
55.81709122657776, 200321.0
55.820789098739624, 200450.0
56.49979114532471, 200851.0
56.70517706871033, 201030.0
57.733049154281616, 201389.0
57.82580208778381, 201459.0
58.41298198699951, 202418.0
59.10084795951843, 202450.0
59.25703191757202, 202534.0
59.50568199157715, 202539.0
59.51924991607666, 202734.0
59.58913612365723, 202976.0
59.83533811569214, 203027.0
60.0268280506134, 203036.0
66.99205994606018, 203075.0
67.28343415260315, 203934.0
68.59449815750122, 203993.0
69.07774019241333, 204077.0
69.68002200126648, 204205.0
72.41773223876953, 204485.0
72.63505911827087, 204490.0
72.81188011169434, 204574.0
73.7262852191925, 204577.0
97.21504807472229, 204595.0
