0.2034292221069336, 17614.0
0.35361218452453613, 20179.0
0.5045111179351807, 24025.0
0.6555821895599365, 26670.0
0.8067691326141357, 26860.0
0.9583351612091064, 29950.0
1.112119197845459, 31246.0
1.268280029296875, 32919.0
1.419877290725708, 34449.0
1.5748050212860107, 34449.0
1.7269401550292969, 37906.0
1.8807470798492432, 38703.0
2.0356972217559814, 42373.0
2.189662218093872, 42373.0
2.3442602157592773, 42397.0
2.4988021850585938, 46840.0
2.6534483432769775, 49449.0
2.808556079864502, 53153.0
2.9637911319732666, 53153.0
3.1195621490478516, 53153.0
3.275719165802002, 54299.0
3.43449330329895, 54299.0
3.5971200466156006, 54587.0
3.757812976837158, 56174.0
3.920438051223755, 57926.0
4.079676151275635, 59463.0
4.239617109298706, 59463.0
4.398328065872192, 64472.0
4.555984258651733, 64472.0
4.71579122543335, 64472.0
4.875906229019165, 68060.0
5.036891222000122, 68060.0
5.203968048095703, 68060.0
5.368943214416504, 68060.0
5.534151315689087, 69355.0
5.694806098937988, 69843.0
5.855211019515991, 70229.0
6.018050193786621, 71549.0
6.180149078369141, 72430.0
6.340018272399902, 72614.0
6.500881195068359, 74226.0
6.660024166107178, 75392.0
6.821099042892456, 75392.0
6.981044292449951, 76950.0
7.143014192581177, 77003.0
7.305538177490234, 78521.0
7.467949151992798, 78804.0
7.6289472579956055, 79329.0
7.789805173873901, 80209.0
7.953317165374756, 81018.0
8.117441177368164, 82120.0
8.280076026916504, 83775.0
8.441121101379395, 83775.0
8.60321831703186, 84577.0
8.76423716545105, 87429.0
8.926613092422485, 87429.0
9.088853120803833, 87429.0
9.254743099212646, 89285.0
9.422340154647827, 89285.0
9.586663246154785, 89285.0
9.751452207565308, 89285.0
9.916909217834473, 90843.0
10.081568002700806, 90843.0
10.24741816520691, 90843.0
10.41977596282959, 92025.0
10.589008092880249, 92025.0
10.754935026168823, 92025.0
10.919368267059326, 92025.0
11.10368824005127, 92360.0
11.27324104309082, 93794.0
11.437701225280762, 93794.0
11.600906133651733, 93794.0
11.765655040740967, 93794.0
11.928474187850952, 95163.0
12.092649936676025, 95163.0
12.259620189666748, 95163.0
12.430779218673706, 95905.0
12.597082138061523, 95905.0
12.761376142501831, 95905.0
12.927626132965088, 97211.0
13.09705924987793, 97211.0
13.26180124282837, 97211.0
13.427889108657837, 97211.0
13.594112157821655, 98925.0
13.759999990463257, 98925.0
13.924257040023804, 98925.0
14.090626001358032, 98925.0
14.25732421875, 99673.0
14.423263311386108, 100019.0
14.588801145553589, 100019.0
14.754199028015137, 100019.0
14.919639110565186, 100019.0
15.083437204360962, 101062.0
15.249078035354614, 101062.0
15.413195133209229, 101062.0
15.57705020904541, 101117.0
15.74089527130127, 101117.0
15.905189275741577, 101117.0
16.06940007209778, 101401.0
16.236846208572388, 101401.0
16.40310025215149, 101401.0
16.56927514076233, 101508.0
16.735528230667114, 102006.0
16.90161418914795, 102006.0
17.067682027816772, 102006.0
17.23458218574524, 102006.0
17.400922298431396, 102006.0
17.56698226928711, 102348.0
17.733230113983154, 102899.0
17.898621320724487, 102899.0
18.07285499572754, 102899.0
18.243218183517456, 102899.0
18.414684295654297, 104412.0
18.583765029907227, 104412.0
18.750149250030518, 104412.0
18.92203116416931, 104637.0
19.091145992279053, 104637.0
19.259826183319092, 104637.0
19.431920289993286, 104637.0
19.59986114501953, 104637.0
19.767296075820923, 104721.0
19.93356227874756, 104721.0
20.09841823577881, 104721.0
20.26912832260132, 104721.0
20.436952114105225, 104721.0
20.602541208267212, 104784.0
20.769798278808594, 104784.0
20.937772035598755, 104914.0
21.106606245040894, 105239.0
21.277833223342896, 105396.0
21.44356608390808, 105396.0
21.611145973205566, 105635.0
21.783130168914795, 105635.0
21.954049110412598, 105914.0
22.12237524986267, 106811.0
22.293750047683716, 106811.0
22.463284969329834, 106811.0
22.6332950592041, 106811.0
22.80057430267334, 106811.0
22.96836018562317, 106811.0
23.136061191558838, 106811.0
23.301237106323242, 106811.0
23.46787714958191, 106811.0
23.635106086730957, 106811.0
23.80181622505188, 106811.0
23.968630075454712, 106886.0
24.133875370025635, 107514.0
24.30114197731018, 107514.0
24.466707229614258, 107514.0
24.6320481300354, 107514.0
24.799091339111328, 107605.0
24.96574831008911, 107605.0
25.131423950195312, 107605.0
25.29676914215088, 107605.0
25.462658166885376, 107605.0
25.627923250198364, 107605.0
25.794594049453735, 107924.0
25.96129322052002, 107924.0
26.12809419631958, 107924.0
26.29429316520691, 107924.0
26.460995197296143, 107924.0
26.626862049102783, 107924.0
26.79252314567566, 108460.0
26.95832133293152, 108460.0
27.125633001327515, 108460.0
27.29290533065796, 108460.0
27.460111141204834, 108460.0
27.625526189804077, 108460.0
27.791062116622925, 108460.0
27.956598043441772, 108460.0
28.12393021583557, 108460.0
28.290147066116333, 108460.0
28.458740234375, 108520.0
28.624693155288696, 108520.0
28.79061222076416, 108520.0
28.956428050994873, 108520.0
29.122161149978638, 108731.0
29.28847312927246, 108731.0
29.454660177230835, 108731.0
29.62220811843872, 108731.0
29.789790391921997, 108731.0
29.9557843208313, 108731.0
30.122313261032104, 108731.0
30.289865255355835, 108731.0
30.45894503593445, 108731.0
30.62631916999817, 108731.0
30.793904304504395, 109086.0
30.962180137634277, 109086.0
31.12896418571472, 109086.0
31.29562520980835, 109086.0
31.463163137435913, 109086.0
31.631103992462158, 109086.0
31.798222064971924, 109086.0
31.96409821510315, 109086.0
32.12941908836365, 109086.0
32.29619812965393, 109086.0
32.46366906166077, 109086.0
32.631728172302246, 109086.0
32.79909014701843, 109086.0
32.96581411361694, 109086.0
33.13399338722229, 109086.0
