1.0523829460144043, 62119.0
1.8016698360443115, 63223.0
2.554213762283325, 63654.0
3.304244041442871, 64391.0
4.060935974121094, 65115.0
4.830126762390137, 65817.0
5.5760979652404785, 66563.0
6.352909088134766, 67924.0
7.1173529624938965, 68119.0
7.87690281867981, 69012.0
8.642421960830688, 70009.0
9.401211977005005, 70189.0
10.164979934692383, 70513.0
10.92918086051941, 71286.0
11.693134784698486, 73075.0
12.459511041641235, 73671.0
13.22514295578003, 74666.0
13.989568948745728, 74907.0
14.743907928466797, 74907.0
15.506295919418335, 75199.0
16.272316932678223, 75495.0
17.035038948059082, 76682.0
17.79980993270874, 76719.0
18.576217889785767, 77701.0
19.346227884292603, 77896.0
20.136496782302856, 79103.0
20.910876989364624, 79103.0
21.67596697807312, 79214.0
22.447922945022583, 80107.0
23.216163158416748, 80107.0
23.991446018218994, 80788.0
24.766648769378662, 81518.0
25.54306983947754, 81518.0
26.338835954666138, 82409.0
27.121530771255493, 83219.0
27.89478611946106, 83443.0
28.66939377784729, 84381.0
29.451401948928833, 86298.0
30.232171058654785, 86298.0
31.014041900634766, 86606.0
31.796602964401245, 86974.0
32.579227924346924, 86974.0
33.34882402420044, 87208.0
34.13303995132446, 88119.0
34.919358015060425, 88314.0
35.69820499420166, 88314.0
36.480194091796875, 88587.0
37.26432490348816, 89191.0
38.04847693443298, 90204.0
38.83707904815674, 90791.0
39.62131309509277, 92114.0
40.40591382980347, 92114.0
41.193089962005615, 92114.0
41.979442834854126, 92484.0
42.767842054367065, 92509.0
43.55208873748779, 92616.0
44.33872199058533, 93719.0
45.12870979309082, 93719.0
45.91413497924805, 93719.0
46.6963849067688, 94088.0
47.48600792884827, 95204.0
48.27937698364258, 95413.0
49.06946301460266, 95413.0
49.850066900253296, 95984.0
50.64322304725647, 96452.0
51.43724083900452, 96602.0
52.22776198387146, 97054.0
53.02271795272827, 97054.0
53.81592392921448, 97297.0
54.61007285118103, 97297.0
55.407694816589355, 97989.0
56.20555281639099, 98156.0
56.99807786941528, 98303.0
57.79106688499451, 98801.0
58.58508086204529, 98801.0
59.38023400306702, 99414.0
60.16804790496826, 99414.0
60.96593880653381, 99919.0
61.76070976257324, 100001.0
62.558363914489746, 100202.0
63.35584092140198, 101212.0
64.15039110183716, 101212.0
64.94817686080933, 101212.0
65.74065589904785, 101212.0
66.5399649143219, 101710.0
67.33163499832153, 101892.0
68.12634801864624, 102912.0
68.91990995407104, 103194.0
69.70896196365356, 103413.0
70.49144506454468, 103413.0
71.28441977500916, 103413.0
72.08049893379211, 103578.0
72.88532590866089, 103578.0
73.69198179244995, 104117.0
74.49273300170898, 104198.0
75.2985327243805, 104999.0
76.10216093063354, 104999.0
76.90873384475708, 105106.0
77.70551300048828, 105887.0
78.5115430355072, 105962.0
79.3197979927063, 105962.0
80.12634491920471, 105962.0
80.94760870933533, 106209.0
81.75537896156311, 106512.0
82.55594182014465, 106742.0
83.35780096054077, 106812.0
84.16718006134033, 107404.0
84.97617292404175, 107404.0
85.7859959602356, 107818.0
86.59751391410828, 107818.0
87.40829491615295, 108007.0
88.21799993515015, 108016.0
89.02146792411804, 108660.0
89.83297491073608, 108808.0
90.64164400100708, 108849.0
91.45610904693604, 108849.0
92.26576089859009, 110403.0
93.07692193984985, 110403.0
93.88413691520691, 110403.0
94.6943199634552, 110878.0
95.49618101119995, 110878.0
96.30018782615662, 111188.0
97.10782384872437, 111188.0
97.92196679115295, 111600.0
98.73365879058838, 111782.0
99.5437560081482, 112216.0
100.3563289642334, 112500.0
101.15909504890442, 112500.0
101.96575999259949, 112500.0
102.77841997146606, 112500.0
103.59353280067444, 113097.0
104.40749001502991, 113097.0
105.21801590919495, 113105.0
106.03250885009766, 113405.0
106.85119700431824, 113700.0
107.66653108596802, 113700.0
108.48296093940735, 113700.0
109.29815816879272, 113893.0
110.11753797531128, 113893.0
110.93173503875732, 114002.0
111.73948788642883, 114056.0
112.55491995811462, 114317.0
113.36915302276611, 114317.0
114.18500185012817, 115015.0
115.00274205207825, 115015.0
115.81634306907654, 115406.0
116.63126707077026, 115714.0
117.44140911102295, 115714.0
118.25837683677673, 116269.0
119.07246279716492, 116483.0
119.88675999641418, 116603.0
120.71247577667236, 116719.0
121.53455376625061, 116719.0
122.36138391494751, 116719.0
123.18720579147339, 116719.0
124.01059412956238, 117211.0
124.83541893959045, 117419.0
125.6564769744873, 117518.0
126.479562997818, 117518.0
127.30431795120239, 117794.0
128.12623381614685, 117794.0
128.94946193695068, 117794.0
129.76965403556824, 117907.0
130.5822868347168, 117982.0
131.39377212524414, 117982.0
132.21081590652466, 119050.0
133.0337417125702, 119050.0
133.85580492019653, 119177.0
134.679456949234, 119463.0
135.49439001083374, 119677.0
136.30483508110046, 119677.0
137.11487102508545, 119677.0
137.9287188053131, 119677.0
138.74113297462463, 119677.0
139.55316185951233, 119899.0
140.36422491073608, 120101.0
141.18173098564148, 120101.0
141.99791479110718, 120114.0
142.81307077407837, 121196.0
143.6324269771576, 121196.0
144.4468789100647, 121196.0
145.25771594047546, 122110.0
146.07572102546692, 122110.0
146.8927710056305, 122110.0
147.71127080917358, 122110.0
148.52743196487427, 122110.0
149.3490858078003, 122110.0
150.16674399375916, 122186.0
150.98181080818176, 122317.0
151.80133390426636, 122567.0
152.6206510066986, 122567.0
153.4379699230194, 122567.0
154.26154708862305, 122567.0
155.0813660621643, 122703.0
155.8971230983734, 122703.0
156.71557879447937, 123117.0
157.5312659740448, 123117.0
158.3466989994049, 123316.0
159.16966891288757, 123494.0
159.9887809753418, 123613.0
160.81382393836975, 123613.0
