0.5209951400756836, 31605.0
0.892768144607544, 31987.0
1.263118028640747, 32786.0
1.6368203163146973, 33295.0
2.006948232650757, 33584.0
2.3807790279388428, 34090.0
2.7570691108703613, 34941.0
3.130446195602417, 35526.0
3.503462314605713, 35994.0
3.8887033462524414, 36664.0
4.270367383956909, 36800.0
4.6484479904174805, 37383.0
5.025554180145264, 37884.0
5.412444114685059, 38184.0
5.793894290924072, 38184.0
6.1752941608428955, 38597.0
6.556416988372803, 38903.0
6.934470176696777, 39886.0
7.319090127944946, 39886.0
7.70189905166626, 40276.0
8.085615158081055, 40700.0
8.468669176101685, 41099.0
8.852260112762451, 41166.0
9.232803106307983, 41502.0
9.618165254592896, 42671.0
9.999981164932251, 42990.0
10.382547378540039, 43396.0
10.770228385925293, 43791.0
11.154734134674072, 43883.0
11.540565013885498, 44121.0
11.92426323890686, 44269.0
12.313764095306396, 44485.0
12.7033052444458, 45078.0
13.093882083892822, 45171.0
13.481702327728271, 45302.0
13.872931241989136, 45767.0
14.26465916633606, 45884.0
14.656630992889404, 46243.0
15.043731212615967, 46371.0
15.43665623664856, 47051.0
15.828506231307983, 47182.0
16.220376014709473, 47182.0
16.613856077194214, 48026.0
17.006556272506714, 48890.0
17.401804208755493, 49399.0
17.7973313331604, 49399.0
18.192744255065918, 49429.0
18.58418917655945, 49738.0
18.980821132659912, 50055.0
19.378841161727905, 50055.0
19.776106357574463, 50884.0
20.174739360809326, 50884.0
20.574093103408813, 51001.0
20.97260022163391, 51001.0
21.37243914604187, 51001.0
21.77150821685791, 51001.0
22.170166015625, 51603.0
22.565375328063965, 51679.0
22.96550703048706, 52077.0
23.366051197052002, 52430.0
23.76783323287964, 52679.0
24.169645071029663, 52812.0
24.566127061843872, 53033.0
24.967541217803955, 53974.0
25.369636058807373, 54077.0
25.77400803565979, 54077.0
26.172527074813843, 54142.0
26.5704402923584, 54600.0
26.972804069519043, 54600.0
27.37531805038452, 54782.0
27.779665231704712, 54876.0
28.18309712409973, 54876.0
28.586426258087158, 54909.0
28.990045309066772, 55101.0
29.393994331359863, 55101.0
29.799838304519653, 55481.0
30.199527263641357, 55604.0
30.604198217391968, 55686.0
31.009011268615723, 56599.0
31.409210205078125, 56649.0
31.81660795211792, 56702.0
32.221949338912964, 56975.0
32.62828803062439, 57005.0
33.03336024284363, 57166.0
33.43928122520447, 57437.0
33.84745907783508, 57592.0
34.254324197769165, 57592.0
34.6605920791626, 58062.0
35.06602334976196, 58062.0
35.46773815155029, 58407.0
35.878196239471436, 58407.0
36.287883043289185, 58556.0
36.69841027259827, 58556.0
37.10442805290222, 58556.0
37.51560711860657, 58556.0
37.92714214324951, 59146.0
38.33374214172363, 59270.0
38.745079040527344, 59270.0
39.15529918670654, 59330.0
39.56759428977966, 59764.0
39.98046112060547, 59764.0
40.39197635650635, 59764.0
40.803293228149414, 59982.0
41.21509504318237, 60089.0
41.62734532356262, 60089.0
42.04070520401001, 60089.0
42.448339223861694, 60300.0
42.859880208969116, 60481.0
43.26707315444946, 60526.0
43.678996324539185, 60526.0
44.093353271484375, 60801.0
44.50068807601929, 61282.0
44.90769410133362, 61318.0
45.31554198265076, 61318.0
45.72898197174072, 61318.0
46.14426326751709, 61435.0
46.55795407295227, 61475.0
46.97160029411316, 61475.0
47.38610625267029, 61701.0
47.801918268203735, 61790.0
48.21797013282776, 62145.0
48.629735231399536, 62145.0
49.04363799095154, 62145.0
49.45386219024658, 62145.0
49.864121198654175, 62145.0
50.27098321914673, 62479.0
50.68333911895752, 62528.0
51.09566617012024, 62681.0
51.51022529602051, 62681.0
51.92053508758545, 62681.0
52.32933020591736, 62781.0
52.74080514907837, 62786.0
53.15351319313049, 62991.0
53.562918186187744, 62991.0
53.97046709060669, 62991.0
54.38154125213623, 63526.0
54.79126334190369, 63526.0
55.197813272476196, 63526.0
55.60416221618652, 63802.0
56.01171922683716, 63802.0
56.41766810417175, 63802.0
56.82422399520874, 63802.0
57.23547625541687, 63802.0
57.642635107040405, 63802.0
58.05487513542175, 64353.0
58.466344356536865, 64353.0
58.87711524963379, 64353.0
59.2909722328186, 64353.0
59.70731210708618, 64353.0
60.1256000995636, 64377.0
60.536965131759644, 64377.0
60.95289707183838, 64477.0
61.368752241134644, 64477.0
61.78479719161987, 64524.0
62.20155429840088, 64524.0
62.62109637260437, 64692.0
63.03731918334961, 64692.0
63.45322322845459, 64692.0
63.868478298187256, 64692.0
64.28551125526428, 64692.0
64.70109105110168, 65042.0
65.11762309074402, 65171.0
65.53468108177185, 65171.0
65.95202612876892, 65171.0
66.37235403060913, 65242.0
66.79035902023315, 65294.0
67.20814895629883, 65294.0
67.6253011226654, 65294.0
68.0398862361908, 65669.0
68.45897436141968, 65669.0
68.87751030921936, 65669.0
69.29475522041321, 65669.0
69.71171140670776, 65669.0
70.1305091381073, 65669.0
70.55018520355225, 65669.0
70.96652317047119, 65669.0
71.38482308387756, 65669.0
71.80255222320557, 65774.0
72.22041916847229, 65774.0
72.64091110229492, 65977.0
73.05886006355286, 66179.0
73.47663307189941, 66265.0
73.89480328559875, 66265.0
74.31221222877502, 66353.0
74.73351335525513, 66353.0
75.15267205238342, 66353.0
75.57220506668091, 66353.0
75.99207806587219, 66404.0
76.4140043258667, 66404.0
76.83442306518555, 66594.0
77.25445914268494, 66780.0
77.67681097984314, 66780.0
78.09683918952942, 66795.0
78.51943016052246, 66795.0
78.93882536888123, 66969.0
79.35938215255737, 66969.0
79.77906203269958, 66969.0
80.19858717918396, 67002.0
80.61904716491699, 67002.0
81.03784823417664, 67002.0
81.45705223083496, 67002.0
