0.00041484832763671875, 959.0
0.000827789306640625, 1006.0
0.0012409687042236328, 1654.0
0.001653909683227539, 2345.0
0.0020699501037597656, 2970.0
0.002483844757080078, 3506.0
0.0028967857360839844, 4227.0
0.003312826156616211, 4233.0
0.0037338733673095703, 4560.0
0.0041468143463134766, 4922.0
0.004560947418212891, 5002.0
0.004975080490112305, 5684.0
0.0053899288177490234, 6171.0
0.005809783935546875, 6369.0
0.0063018798828125, 6844.0
0.006745100021362305, 7551.0
0.007198810577392578, 8481.0
0.007646799087524414, 9347.0
0.008092880249023438, 9813.0
0.008540868759155273, 10330.0
0.009808778762817383, 10990.0
0.014896154403686523, 11539.0
0.017756938934326172, 11867.0
0.03962588310241699, 12508.0
0.04488801956176758, 12852.0
0.045311927795410156, 13270.0
0.04573678970336914, 13670.0
0.04938173294067383, 14394.0
0.14619994163513184, 14473.0
0.14660978317260742, 15273.0
0.14863300323486328, 15933.0
0.1530778408050537, 16750.0
0.1773979663848877, 16834.0
0.19926095008850098, 17250.0
0.21622300148010254, 18109.0
0.2300119400024414, 18262.0
0.23082804679870605, 18641.0
0.2324810028076172, 18869.0
0.23819684982299805, 19433.0
0.2680208683013916, 19570.0
0.27811098098754883, 20481.0
0.3277859687805176, 20618.0
0.328596830368042, 20791.0
0.33143186569213867, 21702.0
0.3564291000366211, 22386.0
0.35764503479003906, 23188.0
0.46158576011657715, 23739.0
0.46997976303100586, 23857.0
0.47038698196411133, 24032.0
0.48312807083129883, 24822.0
0.49266505241394043, 25104.0
0.5719699859619141, 25197.0
0.6017467975616455, 25451.0
0.6280360221862793, 26020.0
0.6460049152374268, 26788.0
0.6493880748748779, 27007.0
0.7336640357971191, 27352.0
0.7382168769836426, 28240.0
0.7570407390594482, 28672.0
0.7679538726806641, 28884.0
0.7908918857574463, 29177.0
0.8033447265625, 30027.0
0.8157839775085449, 30587.0
0.8189640045166016, 30733.0
0.8233249187469482, 31374.0
0.8237297534942627, 32263.0
0.8312880992889404, 32458.0
0.8940830230712891, 32480.0
0.8968889713287354, 32484.0
0.9008708000183105, 32927.0
0.9064619541168213, 33385.0
0.9088609218597412, 33408.0
0.9208588600158691, 33803.0
0.9340529441833496, 34018.0
0.9432129859924316, 34575.0
0.9479999542236328, 35087.0
0.975071907043457, 35186.0
0.9774699211120605, 35825.0
0.9814410209655762, 36661.0
1.0975878238677979, 37064.0
1.108618974685669, 37658.0
1.1373801231384277, 37713.0
1.2006068229675293, 38290.0
1.211467981338501, 38408.0
1.611677885055542, 38595.0
1.6125218868255615, 38697.0
1.631152868270874, 38902.0
1.6367337703704834, 39077.0
1.6438188552856445, 39506.0
1.8520598411560059, 39552.0
1.855665922164917, 40536.0
1.8810508251190186, 41126.0
1.886587142944336, 41760.0
1.888230800628662, 42629.0
1.9016618728637695, 42915.0
2.788301944732666, 43243.0
2.7894859313964844, 43464.0
2.8193631172180176, 44152.0
2.8276479244232178, 44214.0
2.8422508239746094, 44904.0
2.8430399894714355, 44914.0
2.846580982208252, 45016.0
2.8638839721679688, 45047.0
2.866633892059326, 45986.0
2.9389219284057617, 46369.0
2.9424729347229004, 47139.0
2.9491519927978516, 47616.0
2.9735138416290283, 47876.0
3.014806032180786, 48168.0
3.017565965652466, 48713.0
3.063537836074829, 49186.0
3.53806471824646, 49915.0
3.54793381690979, 50445.0
3.5798230171203613, 50950.0
3.5900139808654785, 51009.0
3.6038100719451904, 51181.0
3.6192989349365234, 52062.0
5.5660178661346436, 52219.0
5.571649074554443, 52868.0
5.582093954086304, 53426.0
7.131350040435791, 53450.0
7.131760120391846, 54174.0
7.145231008529663, 54476.0
7.150125980377197, 54935.0
7.155406951904297, 54992.0
7.157867908477783, 55076.0
7.199459075927734, 55221.0
7.898025989532471, 55279.0
7.917988061904907, 55433.0
7.919188976287842, 56115.0
7.955749034881592, 56811.0
7.9593329429626465, 57311.0
8.719752788543701, 57608.0
8.84277081489563, 57767.0
8.846359968185425, 57911.0
8.85517692565918, 57927.0
9.630960941314697, 57960.0
9.758303880691528, 58086.0
9.896512031555176, 58265.0
9.92734408378601, 58333.0
9.968644142150879, 59166.0
9.971483945846558, 59347.0
9.980792999267578, 59739.0
11.437525033950806, 60680.0
11.491367816925049, 61144.0
11.525343894958496, 61844.0
11.531766891479492, 61879.0
11.542197942733765, 62461.0
11.542598962783813, 62552.0
11.556902885437012, 62820.0
11.571100950241089, 63365.0
12.641457796096802, 63531.0
12.643449068069458, 64220.0
12.649027109146118, 64502.0
12.679962873458862, 64650.0
12.68115496635437, 65107.0
12.76992392539978, 65307.0
12.771116018295288, 66165.0
12.774664878845215, 66707.0
12.921801805496216, 67036.0
12.93443489074707, 67366.0
12.934836864471436, 68274.0
12.93996000289917, 68746.0
12.944713830947876, 69157.0
12.949068069458008, 69820.0
12.958949089050293, 70516.0
12.963695049285889, 71423.0
12.973155975341797, 71503.0
13.026013851165771, 71539.0
17.447072982788086, 71879.0
17.46521282196045, 72700.0
17.486531019210815, 73423.0
17.502714157104492, 74072.0
17.647012948989868, 74095.0
17.649767875671387, 74386.0
17.665642976760864, 74391.0
18.036540746688843, 74445.0
18.039385080337524, 74663.0
18.089212894439697, 74764.0
18.152864933013916, 74950.0
18.280635118484497, 75304.0
18.281040906906128, 76173.0
18.302676916122437, 76386.0
19.30077886581421, 76435.0
19.36889386177063, 76529.0
19.37642788887024, 77516.0
19.380791902542114, 78070.0
19.417211771011353, 78279.0
19.52845597267151, 78386.0
19.556437969207764, 78498.0
19.577083826065063, 79196.0
19.639241933822632, 79499.0
19.67084312438965, 79642.0
19.71786093711853, 80085.0
19.732435941696167, 80305.0
19.752464771270752, 80726.0
19.76071810722351, 80852.0
19.76386308670044, 81071.0
20.67011785507202, 81178.0
20.671348810195923, 82077.0
20.68993616104126, 82168.0
20.881754875183105, 82861.0
20.957458972930908, 83446.0
20.96938991546631, 83726.0
20.982059001922607, 84496.0
21.132040977478027, 84721.0
22.06458592414856, 85330.0
23.022478103637695, 85380.0
23.032007932662964, 86311.0
23.044395923614502, 86860.0
25.14874291419983, 86888.0
25.482188940048218, 87068.0
25.66561508178711, 87152.0
27.563861846923828, 87270.0
27.744422912597656, 87523.0
