0.019784927368164062, 6240.0
0.03571605682373047, 6405.0
0.05166292190551758, 6848.0
0.06803703308105469, 7410.0
0.08453702926635742, 8012.0
0.10120081901550293, 8386.0
0.11791586875915527, 8430.0
0.13466596603393555, 9670.0
0.15175080299377441, 9670.0
0.16872191429138184, 9723.0
0.18746685981750488, 10003.0
0.2044048309326172, 10338.0
0.22144675254821777, 10928.0
0.23819804191589355, 10928.0
0.2547581195831299, 10928.0
0.27135777473449707, 10928.0
0.28806400299072266, 10928.0
0.3047788143157959, 10928.0
0.3215007781982422, 10928.0
0.3383510112762451, 10928.0
0.35533881187438965, 10928.0
0.3722820281982422, 10928.0
0.38913893699645996, 10928.0
0.4058258533477783, 10928.0
0.4226949214935303, 10928.0
0.43956494331359863, 10928.0
0.45639491081237793, 10928.0
0.4731020927429199, 10928.0
0.48952388763427734, 10928.0
0.5061490535736084, 10928.0
0.5227980613708496, 10954.0
0.5395429134368896, 10954.0
0.556236982345581, 10954.0
0.5729789733886719, 10954.0
0.5897939205169678, 10954.0
0.6065578460693359, 10954.0
0.6233110427856445, 11045.0
0.6397647857666016, 11045.0
0.6562910079956055, 11045.0
0.6728827953338623, 11045.0
0.6895747184753418, 11045.0
0.7062671184539795, 11045.0
0.7227687835693359, 11045.0
0.7393660545349121, 11045.0
0.7565019130706787, 11045.0
0.7733349800109863, 11045.0
0.7897768020629883, 11045.0
0.8061769008636475, 11045.0
0.8233940601348877, 11045.0
0.8400728702545166, 11045.0
0.8565809726715088, 11045.0
0.873028039932251, 11045.0
0.8894147872924805, 11045.0
0.9057528972625732, 11045.0
0.9223887920379639, 11045.0
0.9387607574462891, 11045.0
0.9552240371704102, 11045.0
0.9720418453216553, 11045.0
0.9887599945068359, 11045.0
1.0055370330810547, 11045.0
1.0224459171295166, 11045.0
1.039330005645752, 11045.0
1.056091070175171, 11045.0
1.072835922241211, 11045.0
1.0896060466766357, 11045.0
1.1064538955688477, 11045.0
1.1237409114837646, 11045.0
1.14113187789917, 11045.0
1.1584928035736084, 11045.0
1.1754579544067383, 11045.0
1.1923797130584717, 11045.0
1.2091100215911865, 11056.0
1.225841760635376, 11056.0
1.2425761222839355, 11056.0
1.2592918872833252, 11056.0
1.2760069370269775, 11056.0
1.292747974395752, 11056.0
1.3094568252563477, 11056.0
1.3261868953704834, 11056.0
1.3429570198059082, 11056.0
1.3597700595855713, 11056.0
1.3769540786743164, 11056.0
1.3942451477050781, 11056.0
1.4111337661743164, 11056.0
1.4282557964324951, 11056.0
1.4453790187835693, 11056.0
1.4623148441314697, 11056.0
1.4788148403167725, 11056.0
1.495079755783081, 11056.0
1.5113608837127686, 11056.0
1.527627944946289, 11056.0
1.5438809394836426, 11056.0
1.560163974761963, 11056.0
1.5764269828796387, 11056.0
1.5927178859710693, 11056.0
1.6089839935302734, 11056.0
1.6252830028533936, 11056.0
1.6416051387786865, 11056.0
1.6578559875488281, 11056.0
1.6741371154785156, 11056.0
1.6905620098114014, 11056.0
1.7069759368896484, 11056.0
1.7232277393341064, 11056.0
1.7395827770233154, 11056.0
1.7558948993682861, 11056.0
1.772130012512207, 11056.0
1.788398027420044, 11056.0
1.8046588897705078, 11056.0
1.8209130764007568, 11056.0
1.8371760845184326, 11056.0
1.8534760475158691, 11056.0
1.869736909866333, 11056.0
1.8859989643096924, 11056.0
1.9023158550262451, 11056.0
1.9185829162597656, 11056.0
1.935945987701416, 11056.0
1.9531078338623047, 11056.0
1.969958782196045, 11056.0
1.9865009784698486, 11056.0
2.0029869079589844, 11056.0
2.019413948059082, 11056.0
2.03580904006958, 11056.0
2.052222967147827, 11056.0
2.0685601234436035, 11056.0
2.0849649906158447, 11056.0
2.1013600826263428, 11056.0
2.117743968963623, 11056.0
2.1341969966888428, 11056.0
2.1505849361419678, 11056.0
2.1669628620147705, 11056.0
2.1836841106414795, 11056.0
2.200049877166748, 11056.0
2.216418981552124, 11056.0
2.2328338623046875, 11056.0
2.24918794631958, 11056.0
2.2655959129333496, 11056.0
2.281965970993042, 11056.0
2.298330068588257, 11056.0
2.3147120475769043, 11056.0
2.3310649394989014, 11056.0
2.347511053085327, 11056.0
2.3638598918914795, 11056.0
2.380246877670288, 11056.0
2.396672010421753, 11056.0
2.413045883178711, 11056.0
2.429935932159424, 11056.0
2.44690203666687, 11056.0
2.4636757373809814, 11056.0
2.480504035949707, 11056.0
2.4972968101501465, 11056.0
2.5140719413757324, 11056.0
2.5308001041412354, 11056.0
2.5475618839263916, 11056.0
2.5642988681793213, 11056.0
2.5811948776245117, 11056.0
2.5987308025360107, 11056.0
2.616117000579834, 11056.0
2.6334738731384277, 11056.0
2.6502037048339844, 11056.0
2.6669769287109375, 11056.0
2.6836678981781006, 11056.0
2.7003748416900635, 11056.0
2.7171108722686768, 11056.0
2.7338337898254395, 11056.0
2.750523805618286, 11056.0
2.7672109603881836, 11056.0
2.784458875656128, 11056.0
2.801892042160034, 11056.0
2.818774938583374, 11056.0
2.8356399536132812, 11056.0
2.852569103240967, 11056.0
2.8694939613342285, 11056.0
2.886476993560791, 11056.0
2.9032959938049316, 11056.0
2.9201138019561768, 11056.0
2.9368338584899902, 11056.0
2.953155994415283, 11056.0
2.9694247245788574, 11056.0
2.9857349395751953, 11056.0
3.002048969268799, 11056.0
3.018404006958008, 11056.0
3.0347559452056885, 11056.0
3.0510787963867188, 11056.0
3.0674169063568115, 11056.0
3.0836730003356934, 11056.0
3.099963903427124, 11056.0
3.116241931915283, 11056.0
3.1325290203094482, 11056.0
3.1488490104675293, 11056.0
3.1651628017425537, 11056.0
3.181511878967285, 11056.0
3.197827100753784, 11056.0
3.214120864868164, 11056.0
3.2304019927978516, 11056.0
3.246731996536255, 11056.0
3.2632269859313965, 11056.0
3.2796149253845215, 11056.0
3.29606294631958, 11056.0
3.3123738765716553, 11056.0
3.3286759853363037, 11056.0
3.344970941543579, 11056.0
