0.5188159942626953, 31705.0
0.8888750076293945, 31986.0
1.2637128829956055, 32872.0
1.6337990760803223, 33199.0
2.004486083984375, 34137.0
2.375885009765625, 35636.0
2.7512171268463135, 35636.0
3.1239919662475586, 36154.0
3.4985671043395996, 36496.0
3.8726062774658203, 36703.0
4.246780157089233, 37165.0
4.623176097869873, 37403.0
5.006008148193359, 37884.0
5.396676063537598, 38283.0
5.777255058288574, 38895.0
6.1626670360565186, 38895.0
6.550248146057129, 39499.0
6.939901113510132, 40094.0
7.3213112354278564, 40854.0
7.7022740840911865, 40854.0
8.08402705192566, 41143.0
8.467288970947266, 41795.0
8.851876974105835, 41803.0
9.23564624786377, 42571.0
9.618804216384888, 42805.0
10.003153085708618, 43181.0
10.387885093688965, 43327.0
10.772700071334839, 43472.0
11.160391092300415, 43976.0
11.5470609664917, 44677.0
11.934988021850586, 45006.0
12.32325005531311, 45091.0
12.711894989013672, 45176.0
13.102657079696655, 45564.0
13.491210222244263, 46217.0
13.87985610961914, 46217.0
14.268846035003662, 46217.0
14.658026933670044, 46385.0
15.048523902893066, 47096.0
15.438300132751465, 47096.0
15.828472137451172, 47682.0
16.21837306022644, 47720.0
16.608771085739136, 48398.0
17.001139163970947, 48569.0
17.393666982650757, 48766.0
17.786422967910767, 48980.0
18.179959058761597, 49098.0
18.57277798652649, 49291.0
18.966041088104248, 49291.0
19.36043691635132, 50206.0
19.753262042999268, 50282.0
20.14700198173523, 50786.0
20.542129039764404, 50786.0
20.937119960784912, 50786.0
21.335721969604492, 51253.0
21.7325541973114, 51741.0
22.129464149475098, 51803.0
22.527189016342163, 51896.0
22.924683094024658, 52169.0
23.325560092926025, 52556.0
23.727277040481567, 52702.0
24.12537407875061, 52702.0
24.523885011672974, 52702.0
24.922281980514526, 52800.0
25.32203221321106, 53295.0
25.720721006393433, 53701.0
26.11949896812439, 53744.0
26.518327951431274, 53744.0
26.916982889175415, 54099.0
27.319056034088135, 54338.0
27.718369960784912, 54650.0
28.118086099624634, 55192.0
28.51774311065674, 55499.0
28.9190571308136, 55499.0
29.32172727584839, 55720.0
29.722303867340088, 55773.0
30.123106002807617, 56468.0
30.52503204345703, 56468.0
30.926046133041382, 56468.0
31.330226182937622, 56468.0
31.735103130340576, 56489.0
32.14017415046692, 57168.0
32.54560923576355, 57168.0
32.9508330821991, 57299.0
33.35759210586548, 57582.0
33.76389002799988, 57699.0
34.16940116882324, 57699.0
34.57422399520874, 57772.0
34.97918105125427, 57772.0
35.387540102005005, 57898.0
35.79391098022461, 57898.0
36.20068287849426, 58201.0
36.607949018478394, 58403.0
37.01583814620972, 58403.0
37.423962116241455, 58729.0
37.83219122886658, 58729.0
38.23924803733826, 58817.0
38.64815807342529, 58817.0
39.05490016937256, 58958.0
39.46475791931152, 59084.0
39.87276792526245, 59294.0
40.280381202697754, 59442.0
40.68768811225891, 59442.0
41.09526610374451, 59629.0
41.50436305999756, 59897.0
41.913448095321655, 59952.0
42.32120203971863, 59952.0
42.72929096221924, 60073.0
43.13676905632019, 60268.0
43.54558706283569, 60487.0
43.95529222488403, 60491.0
44.3639771938324, 61179.0
44.77279305458069, 61179.0
45.181354999542236, 61193.0
45.59255313873291, 61545.0
46.0010552406311, 61545.0
46.40959811210632, 61602.0
46.81820797920227, 61602.0
47.227010011672974, 61602.0
47.63810396194458, 61673.0
48.04862904548645, 61673.0
48.45833206176758, 61716.0
48.86815094947815, 61716.0
49.277711153030396, 61716.0
49.68904709815979, 61999.0
50.098944902420044, 61999.0
50.50857710838318, 62182.0
50.91968512535095, 62672.0
51.33173608779907, 62685.0
51.744725942611694, 62685.0
52.15672206878662, 62879.0
52.5672402381897, 62879.0
52.979498863220215, 62879.0
53.39132523536682, 62879.0
53.80489897727966, 62879.0
54.21742820739746, 62879.0
54.6296820640564, 63164.0
55.042662143707275, 63164.0
55.45397400856018, 63164.0
55.86761999130249, 63457.0
56.279441118240356, 63457.0
56.691030979156494, 63894.0
57.10379409790039, 63894.0
57.51661515235901, 63894.0
57.931193113327026, 63894.0
58.34259605407715, 63894.0
58.75539207458496, 63894.0
59.16922426223755, 63894.0
59.58196306228638, 63894.0
59.995908975601196, 63894.0
60.41339302062988, 63897.0
60.825664043426514, 63976.0
61.23706102371216, 64055.0
61.648268938064575, 64158.0
62.06135320663452, 64287.0
62.473345041275024, 64287.0
62.88528919219971, 64431.0
63.29919719696045, 64431.0
63.711881160736084, 64431.0
64.12558603286743, 64584.0
64.53789806365967, 64584.0
64.9495050907135, 64584.0
65.36108994483948, 64584.0
65.774817943573, 64605.0
66.18967390060425, 64737.0
66.60255813598633, 64737.0
67.01534819602966, 64948.0
67.4287211894989, 64948.0
67.84179711341858, 64948.0
68.25746297836304, 64948.0
68.67345094680786, 65105.0
69.08614325523376, 65657.0
69.4990451335907, 65657.0
69.91180205345154, 65788.0
70.33034110069275, 65788.0
70.74705195426941, 65861.0
71.16410803794861, 65861.0
71.58146405220032, 65861.0
72.00029993057251, 65861.0
72.41941809654236, 65861.0
72.83720326423645, 65861.0
73.25430011749268, 65861.0
73.6725480556488, 65899.0
74.09102725982666, 66148.0
74.50771403312683, 66148.0
74.92446303367615, 66148.0
75.34291410446167, 66148.0
75.75987505912781, 66398.0
76.18003606796265, 66398.0
76.60511612892151, 66398.0
77.0255389213562, 66398.0
77.44535326957703, 66398.0
77.86528396606445, 66489.0
78.2877790927887, 66489.0
78.70790219306946, 66489.0
79.12794613838196, 66529.0
79.54889011383057, 66529.0
79.97257995605469, 66660.0
80.39610409736633, 66743.0
80.81693720817566, 66875.0
81.2370171546936, 66875.0
