0.0009729862213134766, 1065.0
0.0019459724426269531, 1603.0
0.0029091835021972656, 2691.0
0.003916025161743164, 3691.0
0.004906892776489258, 4122.0
0.005912065505981445, 4722.0
0.006905078887939453, 5198.0
0.007880210876464844, 5335.0
0.008851289749145508, 5556.0
0.009824275970458984, 6415.0
0.010790109634399414, 7045.0
0.01176309585571289, 8102.0
0.012727975845336914, 8333.0
0.013704061508178711, 8624.0
0.014674186706542969, 8872.0
0.0156400203704834, 9872.0
0.016617298126220703, 10446.0
0.01758098602294922, 10562.0
0.01854419708251953, 11479.0
0.019506216049194336, 11790.0
0.020476102828979492, 12357.0
0.021439313888549805, 12804.0
0.02240610122680664, 13645.0
0.023381948471069336, 14275.0
0.024341106414794922, 14623.0
0.02530503273010254, 15567.0
0.02626824378967285, 16051.0
0.027240276336669922, 17031.0
0.028204917907714844, 17815.0
0.02916717529296875, 18757.0
0.03013324737548828, 19171.0
0.031100034713745117, 19827.0
0.03206324577331543, 20747.0
0.03302597999572754, 21089.0
0.03398704528808594, 21706.0
0.034948110580444336, 22623.0
0.03591322898864746, 23139.0
0.03688526153564453, 23397.0
0.037841081619262695, 24220.0
0.038806915283203125, 24886.0
0.03978610038757324, 25263.0
0.04076790809631348, 26213.0
0.04173612594604492, 27115.0
0.04270315170288086, 27338.0
0.04366922378540039, 28337.0
0.044631004333496094, 28498.0
0.0455930233001709, 29281.0
0.047532081604003906, 29422.0
0.05885004997253418, 29457.0
0.059806108474731445, 29585.0
0.061701059341430664, 29709.0
0.06455111503601074, 29846.0
0.1059870719909668, 29965.0
0.11922025680541992, 30102.0
0.17978405952453613, 30299.0
0.34186625480651855, 30454.0
0.36919307708740234, 30483.0
0.38990211486816406, 30633.0
0.3917989730834961, 30803.0
0.50881028175354, 30874.0
0.5220263004302979, 30990.0
0.5843780040740967, 31102.0
0.7369511127471924, 31205.0
0.9754011631011963, 31263.0
1.009552001953125, 31371.0
1.0222492218017578, 31495.0
1.156728982925415, 31599.0
1.2680470943450928, 31675.0
1.2718331813812256, 31800.0
1.2784521579742432, 31883.0
1.2831809520721436, 31999.0
1.4821863174438477, 32000.0
1.5680451393127441, 32096.0
1.7140982151031494, 32103.0
1.7226002216339111, 32279.0
1.7727041244506836, 32395.0
1.8549013137817383, 32413.0
1.8710041046142578, 32563.0
1.873871088027954, 32772.0
1.8881592750549316, 32888.0
1.8966572284698486, 32997.0
1.8995130062103271, 33098.0
1.9532570838928223, 33266.0
1.9579901695251465, 33375.0
2.0573041439056396, 33393.0
2.1280970573425293, 33452.0
2.138478994369507, 33581.0
2.1639561653137207, 33691.0
2.189460277557373, 33800.0
2.251737117767334, 33844.0
2.2687480449676514, 33951.0
2.27065110206604, 34074.0
2.2725651264190674, 34191.0
2.308528184890747, 34245.0
2.3170289993286133, 34382.0
2.348135232925415, 34399.0
2.372725248336792, 34559.0
2.387869119644165, 34683.0
2.4247121810913086, 34695.0
2.4568541049957275, 34805.0
2.5267419815063477, 34900.0
2.541857957839966, 35016.0
2.561708927154541, 35200.0
2.589132070541382, 35301.0
2.6439709663391113, 35385.0
2.686460018157959, 35399.0
2.7402400970458984, 35488.0
2.744032144546509, 35601.0
2.8177130222320557, 35605.0
2.82627010345459, 35691.0
2.8904991149902344, 35803.0
2.924511194229126, 35904.0
2.994455099105835, 35919.0
3.000143051147461, 36067.0
3.0444390773773193, 36176.0
3.0501251220703125, 36291.0
3.0614681243896484, 36473.0
3.0690600872039795, 36614.0
3.0700230598449707, 36885.0
3.1341962814331055, 36988.0
3.1465299129486084, 37002.0
3.3317251205444336, 37105.0
3.4025261402130127, 37203.0
3.4242491722106934, 37270.0
3.4677791595458984, 37372.0
3.4762730598449707, 37488.0
3.515965223312378, 37603.0
3.6774392127990723, 37797.0
3.781480073928833, 37845.0
3.787156105041504, 37977.0
3.8173842430114746, 38166.0
3.8684351444244385, 38291.0
3.8826520442962646, 38363.0
3.887403964996338, 38537.0
3.9119701385498047, 38700.0
3.9636552333831787, 38805.0
4.022499084472656, 38848.0
4.059597015380859, 38899.0
4.060621023178101, 39062.0
4.072767972946167, 39197.0
4.081927061080933, 39383.0
4.158476114273071, 39389.0
4.164535999298096, 39405.0
4.165558099746704, 39536.0
4.178683042526245, 39679.0
4.2048869132995605, 39773.0
4.226080894470215, 39895.0
4.371096134185791, 39993.0
4.395480155944824, 40097.0
4.544363021850586, 40194.0
4.791904926300049, 40267.0
4.804716110229492, 40394.0
4.828351974487305, 40474.0
4.830335855484009, 40581.0
4.839201927185059, 40599.0
5.092469215393066, 40700.0
5.360711097717285, 40757.0
5.3627331256866455, 40864.0
5.375007152557373, 41005.0
5.6960129737854, 41100.0
5.747600078582764, 41105.0
5.821011066436768, 41157.0
5.834824085235596, 41171.0
5.837802171707153, 41293.0
5.860459089279175, 41297.0
6.558633089065552, 41448.0
6.563569068908691, 41594.0
6.655718088150024, 41600.0
6.77141809463501, 41605.0
6.825254201889038, 41695.0
7.115535020828247, 41779.0
7.151288032531738, 41782.0
7.1638829708099365, 42005.0
7.529839038848877, 42096.0
7.645631313323975, 42100.0
7.691339015960693, 42139.0
7.695242881774902, 42288.0
7.733067035675049, 42300.0
7.945422172546387, 42394.0
7.946400880813599, 42503.0
7.971407175064087, 42505.0
8.141613006591797, 42604.0
8.184844970703125, 42792.0
8.20785927772522, 42852.0
8.210761308670044, 42971.0
8.217459201812744, 43145.0
8.227075099945068, 43300.0
8.414069890975952, 43394.0
8.466803073883057, 43599.0
9.710644245147705, 43679.0
9.791067123413086, 43694.0
9.79780125617981, 43839.0
9.825544118881226, 43879.0
9.870381116867065, 44040.0
9.898144960403442, 44048.0
9.913434028625488, 44169.0
10.116048097610474, 44303.0
10.138803243637085, 44360.0
10.362124919891357, 44399.0
10.565948247909546, 44473.0
10.829820156097412, 44523.0
10.861327171325684, 44648.0
10.88538408279419, 44803.0
11.100884199142456, 44853.0
11.108554124832153, 44954.0
11.150792121887207, 44969.0
11.174769163131714, 45104.0
11.268655061721802, 45136.0
11.284967184066772, 45300.0
11.292665004730225, 45402.0
11.326142072677612, 45468.0
11.328078985214233, 45569.0
11.362584114074707, 45645.0
11.383686065673828, 45782.0
11.388489246368408, 45905.0
11.481237888336182, 45959.0
11.531995058059692, 46034.0
11.558756113052368, 46092.0
12.060509204864502, 46169.0
12.066256046295166, 46301.0
12.115118026733398, 46303.0
12.1304612159729, 46423.0
12.182267189025879, 46463.0
12.204341888427734, 46570.0
12.438815116882324, 46580.0
12.56859016418457, 46605.0
12.623886108398438, 46753.0
12.645589113235474, 46802.0
12.683170080184937, 46849.0
12.693034887313843, 46982.0
12.83138394355774, 46990.0
12.868900060653687, 47016.0
12.880759000778198, 47050.0
12.881765127182007, 47200.0
12.942108154296875, 47261.0
12.960934162139893, 47370.0
13.00044322013855, 47446.0
13.005398988723755, 47567.0
13.025190114974976, 47591.0
13.172330141067505, 47597.0
13.217332124710083, 47684.0
13.225161075592041, 47691.0
13.464006185531616, 47696.0
13.488530158996582, 47704.0
13.510133266448975, 47801.0
13.52678918838501, 47856.0
13.548346042633057, 47988.0
13.663347244262695, 48100.0
19.22554111480713, 48172.0
19.334059953689575, 48179.0
19.358319997787476, 48198.0
19.394038915634155, 48260.0
19.519259214401245, 48280.0
19.55486822128296, 48389.0
19.995927095413208, 48468.0
22.68556523323059, 48496.0
22.696583032608032, 48600.0
22.769474029541016, 48625.0
22.779709100723267, 48629.0
22.781583070755005, 48827.0
22.805738925933838, 48872.0
22.91634702682495, 48885.0
22.929343938827515, 49002.0
23.16687822341919, 49037.0
23.199259042739868, 49171.0
23.208526134490967, 49285.0
23.262397050857544, 49398.0
23.333667039871216, 49452.0
23.349489212036133, 49589.0
23.42357110977173, 49701.0
23.677102088928223, 49703.0
24.063013076782227, 49779.0
24.07502317428589, 49793.0
24.124903202056885, 49861.0
24.138803243637085, 49999.0
24.17757511138916, 50002.0
24.185001134872437, 50003.0
24.206250190734863, 50079.0
24.22377634048462, 50184.0
24.26992416381836, 50305.0
24.463855028152466, 50334.0
24.46986699104309, 50486.0
24.48479986190796, 50595.0
24.556194067001343, 50598.0
29.18042802810669, 50703.0
33.98502707481384, 50704.0
34.786378145217896, 50797.0
35.124351978302, 50868.0
35.4702410697937, 50881.0
35.556520223617554, 50970.0
35.581032276153564, 51086.0
35.61135506629944, 51200.0
35.64465308189392, 51288.0
35.66520309448242, 51351.0
35.76810312271118, 51398.0
37.13867998123169, 51487.0
37.19100832939148, 51594.0
37.88837003707886, 51677.0
37.941275119781494, 51700.0
38.141969203948975, 51792.0
38.56390118598938, 51805.0
43.30589509010315, 51860.0
43.31847310066223, 51984.0
43.33297610282898, 52104.0
45.27219605445862, 52200.0
45.798336029052734, 52263.0
45.84103012084961, 52273.0
45.84942317008972, 52405.0
45.935699224472046, 52492.0
45.95988130569458, 52519.0
45.97940707206726, 52576.0
46.04371905326843, 52653.0
46.059513092041016, 52794.0
46.11158323287964, 52895.0
46.41798400878906, 52897.0
52.337892055511475, 52903.0
52.393068075180054, 52971.0
52.47147512435913, 53101.0
55.652955055236816, 53103.0
56.20518112182617, 53169.0
56.41417121887207, 53178.0
56.460005044937134, 53294.0
57.805660247802734, 53402.0
58.091233015060425, 53489.0
58.108453035354614, 53601.0
58.332590103149414, 53704.0
58.79539608955383, 53792.0
59.15925717353821, 53893.0
59.4445161819458, 53984.0
59.452245235443115, 54085.0
59.528136253356934, 54195.0
59.78121304512024, 54203.0
59.86538219451904, 54304.0
60.49619507789612, 54305.0
61.81580209732056, 54382.0
62.223164081573486, 54405.0
67.02552914619446, 54503.0
