0.2047741413116455, 18238.0
0.354201078414917, 19233.0
0.5060219764709473, 21800.0
0.6601190567016602, 24715.0
0.8109130859375, 27072.0
0.9646399021148682, 28273.0
1.1229369640350342, 32723.0
1.2750818729400635, 32936.0
1.4271330833435059, 36968.0
1.5812551975250244, 36968.0
1.734105110168457, 40247.0
1.887423038482666, 41690.0
2.040487051010132, 42037.0
2.1938459873199463, 42998.0
2.3472249507904053, 44244.0
2.5008389949798584, 47086.0
2.656500816345215, 48845.0
2.811068058013916, 49690.0
2.9657561779022217, 53430.0
3.1228511333465576, 54148.0
3.2784838676452637, 54148.0
3.436638832092285, 54683.0
3.602451801300049, 57228.0
3.7866899967193604, 57228.0
3.982836961746216, 57292.0
4.147885084152222, 58632.0
4.3117899894714355, 59674.0
4.4765870571136475, 63690.0
4.644331932067871, 64512.0
4.833723068237305, 64938.0
5.030647039413452, 64938.0
5.216008901596069, 67217.0
5.3866941928863525, 67217.0
5.5505499839782715, 67515.0
5.710798978805542, 69038.0
5.884265899658203, 69491.0
6.06364107131958, 70713.0
6.2274510860443115, 70933.0
6.390417098999023, 71712.0
6.549867868423462, 73373.0
6.709697961807251, 74074.0
6.870362997055054, 74074.0
7.02993106842041, 75580.0
7.189671039581299, 77508.0
7.351449966430664, 78573.0
7.511023044586182, 78573.0
7.67087984085083, 78573.0
7.830897092819214, 78573.0
7.990679025650024, 80992.0
8.15315294265747, 83801.0
8.314963102340698, 83801.0
8.475773811340332, 83907.0
8.63683009147644, 86983.0
8.801365852355957, 86983.0
8.965346097946167, 86983.0
9.126507997512817, 87482.0
9.28756594657898, 87869.0
9.448680877685547, 88272.0
9.6097891330719, 88272.0
9.770888090133667, 88272.0
9.932155132293701, 88476.0
10.093427896499634, 88725.0
10.25717806816101, 88732.0
10.41845703125, 89647.0
10.581927061080933, 89647.0
10.743913888931274, 89647.0
10.907840967178345, 90196.0
11.07032322883606, 91117.0
11.232555866241455, 91117.0
11.39497423171997, 91156.0
11.559219121932983, 91367.0
11.72360897064209, 91564.0
11.887955904006958, 92632.0
12.055484056472778, 92632.0
12.220601081848145, 93647.0
12.384680032730103, 93647.0
12.548853874206543, 93647.0
12.712693929672241, 94521.0
12.880194902420044, 95852.0
13.046947002410889, 96328.0
13.21515703201294, 96328.0
13.388247966766357, 97154.0
13.55440616607666, 97154.0
13.71943998336792, 97154.0
13.886376857757568, 97154.0
14.053812980651855, 98102.0
14.221595048904419, 98102.0
14.387156963348389, 99322.0
14.552567958831787, 99322.0
14.717767000198364, 99445.0
14.882527828216553, 99532.0
15.045469045639038, 100472.0
15.208385944366455, 100472.0
15.3711998462677, 100495.0
15.53636908531189, 100794.0
15.702007055282593, 101344.0
15.865626096725464, 101441.0
16.030964851379395, 101692.0
16.194107055664062, 101692.0
16.3595712184906, 101692.0
16.525113105773926, 101743.0
16.688361883163452, 102702.0
16.851583003997803, 102702.0
17.018451929092407, 103020.0
17.18381690979004, 103719.0
17.349236965179443, 103719.0
17.512997150421143, 103719.0
17.67646312713623, 103719.0
17.839725017547607, 103719.0
18.0032320022583, 103736.0
18.166611194610596, 103736.0
18.33006501197815, 103736.0
18.49579095840454, 103846.0
18.66134285926819, 104033.0
18.82671618461609, 104033.0
18.994971990585327, 104155.0
19.15965509414673, 105283.0
19.32423210144043, 105283.0
19.49071717262268, 105283.0
19.655582189559937, 105301.0
19.82021188735962, 105301.0
19.987548112869263, 105301.0
20.153380155563354, 105529.0
20.318653106689453, 105529.0
20.483763217926025, 105529.0
20.648988008499146, 105654.0
20.81413698196411, 105654.0
20.981343030929565, 106032.0
21.14623785018921, 106032.0
21.311223030090332, 106032.0
21.475976943969727, 106205.0
21.641133069992065, 106947.0
21.80649495124817, 106947.0
21.974345922470093, 106947.0
22.13962483406067, 107609.0
22.307907104492188, 107609.0
22.475992918014526, 107609.0
22.644691944122314, 107609.0
22.810314893722534, 107609.0
22.97594904899597, 107609.0
23.142632246017456, 107609.0
23.30878210067749, 107609.0
23.47419309616089, 107609.0
23.648452043533325, 107609.0
23.820884943008423, 107609.0
23.989395141601562, 107609.0
24.155987977981567, 107609.0
24.32285785675049, 107609.0
24.487807035446167, 107857.0
24.65290594100952, 107857.0
24.81784701347351, 107857.0
24.982712984085083, 107869.0
25.1490581035614, 108040.0
25.314021110534668, 108040.0
25.479115962982178, 108040.0
25.644570112228394, 108040.0
25.80941104888916, 108040.0
25.974879026412964, 108040.0
26.13982105255127, 108182.0
26.304967164993286, 108271.0
26.470420837402344, 108271.0
26.6352858543396, 108556.0
26.80050802230835, 108556.0
26.965326070785522, 108556.0
27.132813930511475, 108556.0
27.298354148864746, 108556.0
27.464076042175293, 108556.0
27.62985110282898, 108556.0
27.795598030090332, 108556.0
27.961095094680786, 108615.0
28.12634801864624, 108615.0
28.291718006134033, 108615.0
28.45702815055847, 108615.0
28.62198805809021, 108615.0
28.787065982818604, 108615.0
28.952236890792847, 108615.0
29.11941695213318, 108615.0
29.28467082977295, 108615.0
29.449712991714478, 108615.0
29.61559224128723, 108615.0
29.783271074295044, 108806.0
29.951860904693604, 108806.0
30.120600938796997, 108806.0
30.2876980304718, 108806.0
30.454154014587402, 108806.0
30.620317220687866, 108806.0
30.786804914474487, 108967.0
30.952691078186035, 108967.0
31.119338989257812, 108967.0
31.289713144302368, 108967.0
31.466318130493164, 108967.0
31.63501787185669, 108967.0
31.80140209197998, 108967.0
31.969457149505615, 109003.0
32.13692784309387, 109003.0
32.30371904373169, 109003.0
32.470645904541016, 109003.0
32.63716506958008, 109003.0
32.80282402038574, 109235.0
32.968427896499634, 109235.0
33.134204149246216, 109235.0
