0.00022101402282714844, 418.0
0.0004451274871826172, 562.0
0.0006628036499023438, 619.0
0.0008840560913085938, 1137.0
0.0010991096496582031, 1164.0
0.0013148784637451172, 1729.0
0.0015461444854736328, 2675.0
0.0017669200897216797, 2987.0
0.001983165740966797, 3914.0
0.0021982192993164062, 4202.0
0.0024149417877197266, 4572.0
0.002630949020385742, 4923.0
0.01267099380493164, 4980.0
0.01568007469177246, 5075.0
0.017564058303833008, 5157.0
0.047574758529663086, 5205.0
0.06785798072814941, 5301.0
0.4067840576171875, 5355.0
0.41413307189941406, 5446.0
0.43650007247924805, 5480.0
0.45135498046875, 5515.0
0.8724219799041748, 5570.0
0.8757510185241699, 5571.0
0.8761680126190186, 5572.0
0.9118039608001709, 5693.0
0.9130520820617676, 5760.0
0.9459090232849121, 5829.0
0.9937670230865479, 5870.0
1.2482938766479492, 5879.0
1.9192190170288086, 5989.0
1.9210519790649414, 5990.0
1.9283411502838135, 6014.0
1.9289507865905762, 6038.0
1.930772066116333, 6050.0
1.9321999549865723, 6051.0
4.7205657958984375, 6059.0
4.750771999359131, 6115.0
4.777187824249268, 6190.0
4.862673997879028, 6202.0
4.865493059158325, 6278.0
4.883843898773193, 6315.0
4.888278007507324, 6321.0
4.891709089279175, 6359.0
4.899572134017944, 6447.0
4.915452003479004, 6492.0
4.921474933624268, 6570.0
4.92651104927063, 6614.0
4.929125070571899, 6681.0
4.929929971694946, 6717.0
10.065227031707764, 6753.0
10.094365119934082, 6771.0
11.8647141456604, 6837.0
12.300654888153076, 6847.0
12.418034076690674, 6908.0
12.422048091888428, 6909.0
12.541453838348389, 6917.0
12.557842016220093, 7002.0
12.571217060089111, 7003.0
12.575423002243042, 7004.0
12.694295883178711, 7014.0
12.714038848876953, 7111.0
12.724617958068848, 7187.0
12.733014822006226, 7218.0
12.74081015586853, 7219.0
12.741013050079346, 7220.0
12.785977840423584, 7329.0
12.840914964675903, 7339.0
13.516756057739258, 7353.0
13.532757043838501, 7410.0
14.116439819335938, 7518.0
15.09968900680542, 7525.0
15.13858699798584, 7548.0
16.267513036727905, 7549.0
16.353053092956543, 7552.0
17.9879629611969, 7559.0
19.46384906768799, 7560.0
