1.0565860271453857, 61719.0
1.8062050342559814, 62500.0
2.5530009269714355, 63210.0
3.293768882751465, 64696.0
4.048442125320435, 64813.0
4.801425933837891, 66006.0
5.5493879318237305, 66810.0
6.320544958114624, 67318.0
7.0730650424957275, 68209.0
7.829957008361816, 68403.0
8.583158016204834, 69919.0
9.33894395828247, 70201.0
10.0937180519104, 70714.0
10.84993314743042, 71396.0
11.611301183700562, 72384.0
12.369127988815308, 72611.0
13.12411904335022, 73180.0
13.887148141860962, 73304.0
14.645464181900024, 74517.0
15.398768186569214, 75596.0
16.14725613594055, 75897.0
16.906870126724243, 75994.0
17.66930890083313, 76262.0
18.429641008377075, 77113.0
19.193456172943115, 77919.0
19.960747003555298, 78256.0
20.725048065185547, 78409.0
21.48938012123108, 79410.0
22.257744073867798, 80115.0
23.021870136260986, 80115.0
23.789865016937256, 81096.0
24.555782079696655, 81504.0
25.326467990875244, 81617.0
26.09758996963501, 82613.0
26.8667151927948, 82718.0
27.637492895126343, 83696.0
28.407912015914917, 84379.0
29.177023887634277, 84379.0
29.95111918449402, 84705.0
30.7238872051239, 85106.0
31.501798152923584, 85601.0
32.27879285812378, 85784.0
33.059290170669556, 86116.0
33.82415318489075, 87083.0
34.601526975631714, 87368.0
35.36715912818909, 87411.0
36.133405923843384, 88014.0
36.89976716041565, 88857.0
37.66549301147461, 89218.0
38.438196897506714, 90015.0
39.215267181396484, 90015.0
39.99749708175659, 90701.0
40.77931308746338, 90701.0
41.562381982803345, 90782.0
42.34298896789551, 91268.0
43.11205506324768, 91486.0
43.88319516181946, 92309.0
44.669926166534424, 92508.0
45.44372820854187, 92679.0
46.2257661819458, 93409.0
47.006946086883545, 93990.0
47.78172016143799, 94193.0
48.55932903289795, 94916.0
49.33185005187988, 95171.0
50.1168692111969, 95171.0
50.90148401260376, 95910.0
51.686826944351196, 95910.0
52.48471117019653, 96207.0
53.2758572101593, 97004.0
54.07029914855957, 97004.0
54.86767888069153, 97203.0
55.66437101364136, 97615.0
56.44562816619873, 97812.0
57.226027965545654, 97812.0
58.00735521316528, 98368.0
58.79963803291321, 98795.0
59.58040809631348, 99603.0
60.368146896362305, 100310.0
61.145496129989624, 100310.0
61.92425489425659, 100414.0
62.7103910446167, 101012.0
63.50314712524414, 101670.0
64.29716396331787, 101708.0
65.08839702606201, 101708.0
65.88003206253052, 102324.0
66.65971803665161, 102324.0
67.43837523460388, 102998.0
68.21846389770508, 102998.0
69.00465202331543, 103504.0
69.79756808280945, 103590.0
70.5940809249878, 103590.0
71.37263894081116, 103739.0
72.15123295783997, 104400.0
72.94995307922363, 104400.0
73.75015187263489, 104400.0
74.5497190952301, 104400.0
75.35305118560791, 105189.0
76.14279389381409, 105586.0
76.94726014137268, 105849.0
77.73761796951294, 106504.0
78.53655123710632, 106504.0
79.32702207565308, 107070.0
80.13528299331665, 107070.0
80.94179821014404, 107070.0
81.7445740699768, 107259.0
82.55276203155518, 107619.0
83.34548091888428, 107965.0
84.15072512626648, 108192.0
84.95671606063843, 108192.0
85.76587414741516, 108493.0
86.56799793243408, 108493.0
87.36663389205933, 108677.0
88.1751720905304, 109216.0
88.98345804214478, 109216.0
89.7869942188263, 109350.0
90.59325909614563, 109695.0
91.39812517166138, 109695.0
92.18894505500793, 110477.0
92.99784183502197, 110519.0
93.80745387077332, 110575.0
94.60528516769409, 110575.0
95.41148495674133, 111615.0
96.21383905410767, 112009.0
97.02267694473267, 112009.0
97.81915497779846, 112009.0
98.62007021903992, 112009.0
99.41378808021545, 112009.0
100.20841002464294, 112076.0
101.00190806388855, 112910.0
101.80842018127441, 112910.0
102.61025094985962, 113099.0
103.41487789154053, 113099.0
104.20770311355591, 113291.0
105.02104210853577, 113561.0
105.83159017562866, 113561.0
106.63330507278442, 113561.0
107.44810009002686, 114200.0
108.25579118728638, 114200.0
109.07371687889099, 114293.0
109.88482403755188, 114293.0
110.6826901435852, 114478.0
111.50119185447693, 115093.0
112.30457806587219, 115093.0
113.11824893951416, 115093.0
113.93183612823486, 115093.0
114.74738192558289, 115299.0
115.56395411491394, 115518.0
116.38027000427246, 115606.0
117.19727110862732, 115763.0
118.01167702674866, 116204.0
118.82450890541077, 116204.0
119.64342403411865, 116495.0
120.45088505744934, 117006.0
121.27507305145264, 117433.0
122.09190392494202, 117433.0
122.91505718231201, 117433.0
123.73416590690613, 117433.0
124.53268003463745, 117605.0
125.33447289466858, 117869.0
126.13848900794983, 117869.0
126.94996905326843, 117959.0
127.76915097236633, 118116.0
128.58233904838562, 118799.0
129.4100170135498, 119091.0
130.22561717033386, 119288.0
131.03696203231812, 119288.0
131.84402203559875, 120142.0
132.65531492233276, 120142.0
133.4627890586853, 120142.0
134.26982402801514, 120315.0
135.0776240825653, 120507.0
135.9062111377716, 120507.0
136.73136711120605, 120507.0
137.56218910217285, 120507.0
138.38754510879517, 120598.0
139.20949816703796, 120658.0
140.03756427764893, 120658.0
140.86522006988525, 121397.0
141.6927649974823, 121397.0
142.51965308189392, 121397.0
143.3509738445282, 121397.0
144.17581510543823, 121408.0
144.99875617027283, 121408.0
145.81878089904785, 121408.0
146.63895392417908, 121408.0
147.45530700683594, 122487.0
148.28473210334778, 122487.0
149.10563397407532, 122487.0
149.9267361164093, 122586.0
150.7505919933319, 122696.0
151.56906914710999, 122696.0
152.3978569507599, 123033.0
153.21543908119202, 123033.0
154.0346119403839, 123033.0
154.8559329509735, 123033.0
155.68398594856262, 123033.0
156.505686044693, 123414.0
157.32415008544922, 123414.0
158.14922213554382, 123414.0
158.9727280139923, 123505.0
159.79539108276367, 123505.0
