0.5285971164703369, 26118.0
0.8992550373077393, 26550.0
1.267219066619873, 26849.0
1.6361820697784424, 26954.0
2.007979154586792, 27266.0
2.3802881240844727, 27324.0
2.7534730434417725, 27512.0
3.1297969818115234, 27817.0
3.5045809745788574, 28199.0
3.8896219730377197, 28482.0
4.267372131347656, 28639.0
4.639358043670654, 28639.0
5.019645929336548, 28886.0
5.404624938964844, 28886.0
5.776180982589722, 29239.0
6.153685092926025, 29604.0
6.532552003860474, 29691.0
6.90499210357666, 29829.0
7.283068895339966, 29829.0
7.667834043502808, 30084.0
8.041988134384155, 30430.0
8.41903805732727, 30909.0
8.796489953994751, 30909.0
9.174102067947388, 31274.0
9.55232310295105, 31274.0
9.930041074752808, 31451.0
10.308326959609985, 31451.0
10.687013864517212, 31451.0
11.066212892532349, 31451.0
11.440882921218872, 31467.0
11.817476272583008, 31750.0
12.192196130752563, 31848.0
12.571210145950317, 32211.0
12.951878070831299, 32211.0
13.332824230194092, 32211.0
13.712580919265747, 32215.0
14.092422008514404, 32328.0
14.470592021942139, 32328.0
14.84732699394226, 32328.0
15.228286981582642, 32407.0
15.605787992477417, 32568.0
15.986026048660278, 32729.0
16.36420726776123, 32729.0
16.74191427230835, 33007.0
17.125641107559204, 33007.0
17.50808811187744, 33213.0
17.88574504852295, 33213.0
18.265302181243896, 33213.0
18.6448872089386, 33213.0
19.024543046951294, 33366.0
19.40426015853882, 33366.0
19.787062168121338, 33378.0
20.167520999908447, 33762.0
20.550754070281982, 34152.0
20.93186616897583, 34152.0
21.31723117828369, 34152.0
21.70201802253723, 34152.0
22.08928108215332, 34152.0
22.473392963409424, 34152.0
22.85538911819458, 34152.0
23.235830068588257, 34260.0
23.61994504928589, 34401.0
24.00085210800171, 34530.0
24.384201049804688, 34530.0
24.76830792427063, 34530.0
25.15166401863098, 34530.0
25.537182092666626, 34530.0
25.921586990356445, 34835.0
26.306437015533447, 34835.0
26.69153904914856, 34835.0
27.07315421104431, 35233.0
27.456693172454834, 35233.0
27.838042974472046, 35233.0
28.2244291305542, 35233.0
28.6098530292511, 35604.0
28.991230964660645, 35700.0
29.37357497215271, 35700.0
29.753893852233887, 35785.0
30.136218070983887, 35785.0
30.519273042678833, 35913.0
30.902096033096313, 35913.0
31.28336811065674, 35913.0
31.671601057052612, 35913.0
32.05281686782837, 35913.0
32.43922305107117, 36202.0
32.82092595100403, 36202.0
33.21623396873474, 36202.0
33.60461401939392, 36202.0
34.00919985771179, 36202.0
34.40424108505249, 36202.0
34.79151797294617, 36202.0
35.1873300075531, 36202.0
35.595195055007935, 36379.0
35.987622022628784, 36379.0
36.395588874816895, 36379.0
36.79641604423523, 36379.0
37.18762922286987, 36504.0
37.58443021774292, 36504.0
37.97000312805176, 36504.0
38.356362104415894, 36504.0
38.74016809463501, 36504.0
39.12322521209717, 36592.0
39.512990951538086, 36626.0
39.90123009681702, 36626.0
40.28952598571777, 36626.0
40.67879295349121, 36706.0
41.06829118728638, 36805.0
41.4575560092926, 36805.0
41.850884199142456, 36805.0
42.250914096832275, 36908.0
42.63981914520264, 36936.0
43.02214193344116, 36963.0
43.40604496002197, 37041.0
43.78968811035156, 37073.0
44.171359062194824, 37087.0
44.55895400047302, 37087.0
44.946937084198, 37288.0
45.3345742225647, 37323.0
45.72071409225464, 37323.0
46.10323095321655, 37445.0
46.486023902893066, 37445.0
46.87331700325012, 37475.0
47.25549507141113, 37475.0
47.645302057266235, 37475.0
48.03050923347473, 37475.0
48.413328886032104, 37511.0
48.8001070022583, 37660.0
49.18780303001404, 37660.0
49.576919078826904, 37660.0
49.970715045928955, 37676.0
50.364222049713135, 37676.0
50.754775047302246, 37676.0
51.145217180252075, 37676.0
51.536248207092285, 37753.0
51.92850303649902, 37753.0
52.31832981109619, 37861.0
52.756925106048584, 38135.0
53.159701108932495, 38135.0
53.556817054748535, 38135.0
53.96206498146057, 38135.0
54.37038707733154, 38135.0
54.7807822227478, 38135.0
55.189671993255615, 38135.0
55.58616614341736, 38135.0
55.985074043273926, 38135.0
56.390607833862305, 38135.0
56.78567719459534, 38207.0
57.18164610862732, 38207.0
57.58204388618469, 38273.0
57.97777318954468, 38281.0
58.37051010131836, 38335.0
58.75894904136658, 38414.0
59.15212798118591, 38430.0
59.54169201850891, 38430.0
59.935471296310425, 38430.0
60.32667112350464, 38430.0
60.71664118766785, 38553.0
61.110877990722656, 38758.0
61.507164001464844, 38758.0
61.91778206825256, 38758.0
62.31312704086304, 38758.0
62.71075892448425, 38875.0
63.10306906700134, 38875.0
63.49333214759827, 38875.0
63.885350942611694, 38875.0
64.28077697753906, 39000.0
64.67157816886902, 39088.0
65.06304502487183, 39088.0
65.45913910865784, 39088.0
65.85040426254272, 39088.0
66.24660301208496, 39097.0
66.64158606529236, 39142.0
67.04190802574158, 39142.0
67.44094610214233, 39142.0
67.83845901489258, 39156.0
68.22965502738953, 39156.0
68.62360620498657, 39323.0
69.02165007591248, 39323.0
69.41304206848145, 39323.0
69.80334115028381, 39323.0
70.19427108764648, 39323.0
70.58889102935791, 39323.0
70.98350691795349, 39323.0
71.37695908546448, 39346.0
71.77100610733032, 39463.0
72.16576099395752, 39463.0
72.55970001220703, 39463.0
72.94884610176086, 39463.0
73.33798623085022, 39463.0
73.72960996627808, 39463.0
74.12072610855103, 39588.0
74.51014518737793, 39588.0
74.90018510818481, 39588.0
75.29344487190247, 39660.0
75.68620491027832, 39660.0
76.0816421508789, 39660.0
76.4719831943512, 39660.0
76.86181783676147, 39709.0
77.2512321472168, 39709.0
77.64064311981201, 39709.0
78.03341603279114, 39766.0
