0.048902034759521484, 9482.0
0.0865631103515625, 9482.0
0.12445592880249023, 10349.0
0.16252994537353516, 10842.0
0.20073485374450684, 10992.0
0.23929119110107422, 12684.0
0.27782607078552246, 13053.0
0.3164091110229492, 13514.0
0.3551480770111084, 15302.0
0.39394307136535645, 15768.0
0.4328281879425049, 17736.0
0.4718310832977295, 17736.0
0.5108580589294434, 18220.0
0.5499918460845947, 18719.0
0.5892322063446045, 19766.0
0.6285519599914551, 19840.0
0.6679689884185791, 21648.0
0.7070939540863037, 21648.0
0.7466061115264893, 22624.0
0.7862310409545898, 22624.0
0.8259119987487793, 22873.0
0.8656871318817139, 23187.0
0.905548095703125, 23187.0
0.9454209804534912, 23229.0
0.985349178314209, 24068.0
1.0259928703308105, 24319.0
1.0665011405944824, 24684.0
1.1066410541534424, 24684.0
1.1463391780853271, 25671.0
1.1860861778259277, 25671.0
1.2285950183868408, 25846.0
1.2728800773620605, 25887.0
1.3143069744110107, 26064.0
1.355835199356079, 26953.0
1.398237943649292, 26953.0
1.4409849643707275, 26953.0
1.4832849502563477, 26953.0
1.5249168872833252, 27133.0
1.5664570331573486, 27156.0
1.6075398921966553, 27676.0
1.6484951972961426, 28040.0
1.6894969940185547, 28040.0
1.7302179336547852, 28040.0
1.771245002746582, 28040.0
1.8122859001159668, 28176.0
1.8541481494903564, 28176.0
1.8967840671539307, 28176.0
1.9454882144927979, 28215.0
1.9925169944763184, 28215.0
2.034653902053833, 28215.0
2.0767290592193604, 28475.0
2.120335102081299, 28541.0
2.164006233215332, 28541.0
2.206712007522583, 28541.0
2.250096082687378, 28541.0
2.291975975036621, 28541.0
2.333757162094116, 28541.0
2.3762569427490234, 28541.0
2.4189538955688477, 28541.0
2.4615211486816406, 28541.0
2.5039029121398926, 28541.0
2.546776056289673, 28541.0
2.5898008346557617, 28541.0
2.6322219371795654, 28541.0
2.6753101348876953, 28541.0
2.7194759845733643, 28541.0
2.7627360820770264, 28794.0
2.8056838512420654, 28794.0
2.848824977874756, 28794.0
2.8916850090026855, 28794.0
2.9349629878997803, 28794.0
2.9769461154937744, 28794.0
3.019629955291748, 28794.0
3.062843084335327, 28794.0
3.106081962585449, 28794.0
3.1494688987731934, 28794.0
3.200108051300049, 28794.0
3.2428300380706787, 28794.0
3.28590989112854, 28794.0
3.3289101123809814, 28794.0
3.371975898742676, 28794.0
3.4177680015563965, 28794.0
3.469099998474121, 28794.0
3.513758897781372, 28794.0
3.5584189891815186, 28794.0
3.6029980182647705, 28794.0
3.6467440128326416, 28794.0
3.690354108810425, 28794.0
3.7335710525512695, 28794.0
3.776388168334961, 28794.0
3.818432092666626, 28794.0
3.860004186630249, 28794.0
3.9014041423797607, 28794.0
3.942822217941284, 28794.0
3.984285831451416, 28794.0
4.025732040405273, 28794.0
4.067178964614868, 28794.0
4.1085309982299805, 28794.0
4.1501569747924805, 28794.0
4.191543102264404, 28794.0
4.233680009841919, 28794.0
4.277457237243652, 28794.0
4.3214662075042725, 28794.0
4.365067958831787, 28794.0
4.4085612297058105, 28794.0
4.4515061378479, 28794.0
4.494534015655518, 28794.0
4.536485195159912, 28794.0
4.5780861377716064, 28794.0
4.619647026062012, 28794.0
4.66100811958313, 28794.0
4.702388048171997, 28794.0
4.743839979171753, 28794.0
4.78518009185791, 28794.0
4.826581954956055, 28794.0
4.868299961090088, 28794.0
4.912779092788696, 28794.0
4.957490921020508, 28794.0
5.002104043960571, 28794.0
5.04640793800354, 28794.0
5.092861175537109, 28794.0
5.155284881591797, 28794.0
5.200852870941162, 28794.0
5.24536395072937, 28794.0
5.2898499965667725, 28794.0
5.335259199142456, 28794.0
5.379824161529541, 28794.0
5.424381971359253, 28794.0
5.4693591594696045, 28794.0
5.5140321254730225, 28794.0
5.55622410774231, 28794.0
5.597974061965942, 28794.0
5.639296054840088, 28794.0
5.6805291175842285, 28794.0
5.721412181854248, 28794.0
5.762634038925171, 28794.0
5.80556583404541, 28794.0
5.848462104797363, 28794.0
5.890933036804199, 28794.0
5.934031009674072, 28794.0
5.976962089538574, 28794.0
6.018955945968628, 28794.0
6.0609540939331055, 28794.0
6.10224986076355, 28794.0
6.143154144287109, 28794.0
6.184420108795166, 28794.0
6.226603031158447, 28794.0
6.270518064498901, 28794.0
6.313742160797119, 28794.0
6.357206106185913, 28794.0
6.398919105529785, 28794.0
6.440495014190674, 28794.0
6.481732130050659, 28794.0
6.523177862167358, 28794.0
6.564336061477661, 28794.0
6.6053712368011475, 28794.0
6.646329164505005, 28794.0
6.687330007553101, 28794.0
6.728662967681885, 28794.0
6.769657135009766, 28794.0
6.810642957687378, 28794.0
6.851955890655518, 28794.0
6.89293098449707, 28794.0
6.934002876281738, 28794.0
6.975413084030151, 28794.0
7.016479969024658, 28794.0
7.057471990585327, 28794.0
7.098381996154785, 28794.0
7.139291048049927, 28794.0
7.180155038833618, 28794.0
7.221538066864014, 28794.0
7.262440919876099, 28794.0
7.303376197814941, 28794.0
7.344521999359131, 28794.0
7.385395050048828, 28794.0
7.426298141479492, 28794.0
7.467583894729614, 28794.0
7.509109973907471, 28794.0
7.552052974700928, 28794.0
7.593404054641724, 28794.0
7.634642124176025, 28794.0
7.6758551597595215, 28794.0
7.717072010040283, 28794.0
7.758156061172485, 28794.0
7.79918909072876, 28794.0
7.840223073959351, 28794.0
7.881241083145142, 28794.0
7.922323942184448, 28794.0
7.963212966918945, 28794.0
8.004210233688354, 28794.0
8.045228004455566, 28794.0
8.086230993270874, 28794.0
8.12722396850586, 28794.0
8.168215990066528, 28794.0
8.209127187728882, 28794.0
8.25009298324585, 28794.0
8.29103398323059, 28794.0
8.331993103027344, 28794.0
8.372986078262329, 28794.0
8.413957118988037, 28794.0
8.455300092697144, 28834.0
