0.10264706611633301, 5847.0
0.17722487449645996, 5847.0
0.25375890731811523, 5847.0
0.32875800132751465, 6048.0
0.40490198135375977, 6088.0
0.480510950088501, 6143.0
0.5556480884552002, 6283.0
0.6309518814086914, 6450.0
0.7063920497894287, 6654.0
0.7819650173187256, 6654.0
0.8575749397277832, 6709.0
0.9333670139312744, 6724.0
1.0094928741455078, 6856.0
1.087233066558838, 6962.0
1.1635100841522217, 6962.0
1.240962028503418, 6998.0
1.317451000213623, 6998.0
1.3940720558166504, 7228.0
1.471268892288208, 7228.0
1.548140048980713, 7299.0
1.625074863433838, 7450.0
1.7049529552459717, 7450.0
1.7824649810791016, 7450.0
1.8598699569702148, 7450.0
1.9372990131378174, 7488.0
2.0149130821228027, 7488.0
2.0940401554107666, 7621.0
2.1740338802337646, 7657.0
2.25242280960083, 7785.0
2.3310348987579346, 7785.0
2.409187078475952, 7785.0
2.4899871349334717, 7827.0
2.568488836288452, 7827.0
2.6472561359405518, 7895.0
2.725944995880127, 7895.0
2.804442882537842, 7934.0
2.8831820487976074, 8003.0
2.9614551067352295, 8003.0
3.040052890777588, 8046.0
3.119720935821533, 8046.0
3.2008049488067627, 8046.0
3.3030588626861572, 8081.0
3.384737014770508, 8143.0
3.465723991394043, 8222.0
3.546643018722534, 8222.0
3.6286940574645996, 8222.0
3.709791898727417, 8239.0
3.78918194770813, 8317.0
3.8680341243743896, 8363.0
3.946575164794922, 8363.0
4.02729606628418, 8363.0
4.10679817199707, 8363.0
4.190078973770142, 8386.0
4.273250102996826, 8386.0
4.361129999160767, 8428.0
4.440635919570923, 8482.0
4.522566795349121, 8482.0
4.6039018630981445, 8528.0
4.686250925064087, 8528.0
4.767041921615601, 8568.0
4.847982168197632, 8568.0
4.9296040534973145, 8568.0
5.009724855422974, 8568.0
5.090077877044678, 8568.0
5.1700029373168945, 8568.0
5.251049995422363, 8612.0
5.332146883010864, 8627.0
5.411840915679932, 8627.0
5.491492033004761, 8681.0
5.5708091259002686, 8681.0
5.656109094619751, 8681.0
5.735837936401367, 8745.0
5.815332889556885, 8745.0
5.895354747772217, 8745.0
5.974502801895142, 8745.0
6.054754018783569, 8745.0
6.137372970581055, 8745.0
6.2217631340026855, 8745.0
6.304555892944336, 8776.0
6.386775970458984, 8776.0
6.467823028564453, 8776.0
6.549591064453125, 8776.0
6.630089998245239, 8797.0
6.70932412147522, 8797.0
6.7898969650268555, 8803.0
6.870564937591553, 8803.0
6.952584981918335, 8803.0
7.043694972991943, 8827.0
7.127007961273193, 8827.0
7.209183931350708, 8831.0
7.2902069091796875, 8852.0
7.371874094009399, 8861.0
7.453373908996582, 8868.0
7.534903049468994, 8868.0
7.615725040435791, 8868.0
7.696351051330566, 8868.0
7.776403903961182, 8868.0
7.85627293586731, 8868.0
7.936115980148315, 8868.0
8.015809059143066, 8890.0
8.095763921737671, 8890.0
8.17594599723816, 8890.0
8.255661010742188, 8907.0
8.3353910446167, 8907.0
8.416341066360474, 8907.0
8.495770931243896, 8907.0
8.57859206199646, 8907.0
8.661689758300781, 8907.0
8.741858959197998, 8907.0
8.82190203666687, 8907.0
8.901448011398315, 8907.0
8.981027126312256, 8907.0
9.061425924301147, 8907.0
9.141018152236938, 8907.0
9.22057294845581, 8907.0
9.299988985061646, 8907.0
9.379578828811646, 8907.0
9.460831880569458, 8907.0
9.5431489944458, 8907.0
9.624168872833252, 8907.0
9.704431772232056, 8907.0
9.785269021987915, 8916.0
9.865164041519165, 8916.0
9.946934938430786, 8916.0
10.027268171310425, 8916.0
10.107110977172852, 8916.0
10.187589883804321, 8916.0
10.269927978515625, 8916.0
10.351794004440308, 8916.0
10.43342900276184, 8916.0
10.516087055206299, 8916.0
10.600161075592041, 8916.0
10.683513879776001, 8916.0
10.76626205444336, 8916.0
10.848841905593872, 8916.0
10.930401086807251, 8916.0
11.012120008468628, 8916.0
11.093239068984985, 8927.0
11.176476001739502, 8927.0
11.258396863937378, 8943.0
11.337957859039307, 8943.0
11.417495965957642, 8943.0
11.497809886932373, 8943.0
11.581488847732544, 8943.0
11.663066864013672, 8943.0
11.7466139793396, 8943.0
11.828727006912231, 8943.0
11.910131931304932, 8943.0
11.991463899612427, 8943.0
12.071995973587036, 8943.0
12.154668092727661, 8943.0
12.240594863891602, 8943.0
12.324717044830322, 8943.0
12.40511679649353, 8943.0
12.486618041992188, 8943.0
12.568830013275146, 8943.0
12.651127099990845, 8943.0
12.731881856918335, 8943.0
12.814038038253784, 8943.0
12.894884824752808, 8943.0
12.975558996200562, 8943.0
13.056070804595947, 8943.0
13.13638186454773, 8943.0
13.216313123703003, 8943.0
13.296026945114136, 8943.0
13.376282930374146, 8943.0
13.455908060073853, 8943.0
13.535568952560425, 8943.0
13.615423917770386, 8943.0
13.696674108505249, 8943.0
13.777711868286133, 8943.0
13.858826875686646, 8943.0
13.940153121948242, 8943.0
14.021773099899292, 8943.0
14.107012748718262, 8943.0
14.191340923309326, 8943.0
14.272161960601807, 8943.0
14.352560758590698, 8943.0
14.433742046356201, 8943.0
14.514086961746216, 8943.0
14.593905925750732, 8943.0
14.675053119659424, 8943.0
14.754738807678223, 8943.0
14.834370136260986, 8943.0
14.913893938064575, 8943.0
14.995503187179565, 8943.0
15.08390498161316, 8943.0
15.165055990219116, 8943.0
15.245348930358887, 8943.0
15.324908018112183, 8943.0
15.404865980148315, 8943.0
15.48633074760437, 8943.0
15.5673987865448, 8943.0
15.647614002227783, 8943.0
15.727554082870483, 8943.0
15.807453870773315, 8943.0
15.887083053588867, 8943.0
15.966874122619629, 8943.0
16.046449899673462, 8943.0
16.12621283531189, 8943.0
16.20579695701599, 8943.0
