0.00040793418884277344, 876.0
0.0008099079132080078, 1315.0
0.0012121200561523438, 2019.0
0.0016160011291503906, 2579.0
0.0020170211791992188, 3345.0
0.0024170875549316406, 4189.0
0.0036101341247558594, 4754.0
0.004010915756225586, 5488.0
0.004415988922119141, 6426.0
0.004826068878173828, 7377.0
0.005255222320556641, 7524.0
0.005676984786987305, 8119.0
0.006083965301513672, 8699.0
0.006491184234619141, 9099.0
0.006916046142578125, 9880.0
0.007319927215576172, 10145.0
0.011307001113891602, 10146.0
0.01728510856628418, 10298.0
0.06447100639343262, 10309.0
0.3379082679748535, 10331.0
0.42002010345458984, 10458.0
0.4354360103607178, 10466.0
0.4382150173187256, 10511.0
0.44060206413269043, 10572.0
0.6343541145324707, 10712.0
0.7297792434692383, 10814.0
0.8108730316162109, 10816.0
0.8452920913696289, 10845.0
0.8487980365753174, 10869.0
0.8550200462341309, 10908.0
1.22645902633667, 10930.0
1.250701904296875, 10962.0
1.2621970176696777, 11011.0
1.2629961967468262, 11012.0
1.2780439853668213, 11050.0
1.4081242084503174, 11142.0
1.4546232223510742, 11181.0
1.5173759460449219, 11271.0
1.531689167022705, 11396.0
1.5550639629364014, 11478.0
1.5630152225494385, 11481.0
1.5634191036224365, 11482.0
1.5713930130004883, 11562.0
1.5912461280822754, 11651.0
6.0400590896606445, 11749.0
6.044672012329102, 11802.0
6.065099000930786, 11803.0
6.0654990673065186, 11832.0
6.131421089172363, 11923.0
6.15046501159668, 12000.0
17.967840909957886, 12037.0
17.998566150665283, 12099.0
18.05732488632202, 12149.0
18.06009316444397, 12167.0
18.065600872039795, 12206.0
18.08844804763794, 12219.0
18.109288215637207, 12368.0
21.05881118774414, 12372.0
21.087785243988037, 12509.0
21.190294981002808, 12518.0
21.20180106163025, 12519.0
21.20551896095276, 12646.0
21.2081241607666, 12649.0
21.214831113815308, 12793.0
21.22116708755493, 12811.0
21.222652196884155, 12856.0
21.22339916229248, 12902.0
21.67557692527771, 12911.0
21.746621131896973, 12917.0
23.127819061279297, 12994.0
23.13044023513794, 13061.0
23.79317283630371, 13125.0
24.60784411430359, 13169.0
24.617005109786987, 13297.0
24.63288903236389, 13326.0
24.658576011657715, 13402.0
24.67407202720642, 13460.0
24.677248001098633, 13482.0
24.685184955596924, 13505.0
26.121169090270996, 13617.0
26.29624104499817, 13695.0
29.84184217453003, 13717.0
30.075690031051636, 13719.0
30.178779125213623, 13736.0
32.93108797073364, 13800.0
33.82905912399292, 13801.0
34.645395040512085, 13802.0
35.698469161987305, 13875.0
36.172585248947144, 13899.0
36.80401921272278, 13910.0
