0.04961419105529785, 3037.0
0.08741497993469238, 3041.0
0.12540507316589355, 3164.0
0.16335511207580566, 3164.0
0.201585054397583, 3169.0
0.23978018760681152, 3294.0
0.2781500816345215, 3329.0
0.31729817390441895, 3329.0
0.3558061122894287, 3329.0
0.394305944442749, 3441.0
0.4326951503753662, 3572.0
0.4711489677429199, 3615.0
0.5096900463104248, 3615.0
0.5482680797576904, 3615.0
0.5867960453033447, 3650.0
0.6253931522369385, 3650.0
0.6639471054077148, 3737.0
0.7026290893554688, 3737.0
0.7429449558258057, 3842.0
0.7818300724029541, 3886.0
0.8207132816314697, 3912.0
0.8595921993255615, 3912.0
0.8985772132873535, 3954.0
0.9376580715179443, 3955.0
0.9776020050048828, 3985.0
1.016667127609253, 4061.0
1.0557172298431396, 4061.0
1.094609260559082, 4173.0
1.1336450576782227, 4173.0
1.1726031303405762, 4173.0
1.2116050720214844, 4173.0
1.250568151473999, 4173.0
1.2895801067352295, 4226.0
1.3285951614379883, 4252.0
1.3676531314849854, 4252.0
1.4066762924194336, 4299.0
1.4457621574401855, 4299.0
1.4848172664642334, 4299.0
1.5239241123199463, 4299.0
1.5630970001220703, 4311.0
1.6022720336914062, 4311.0
1.6414101123809814, 4311.0
1.6805469989776611, 4311.0
1.719810962677002, 4311.0
1.759049892425537, 4311.0
1.7983460426330566, 4313.0
1.8376121520996094, 4350.0
1.8768610954284668, 4350.0
1.9161241054534912, 4350.0
1.9552850723266602, 4350.0
1.994431972503662, 4350.0
2.033569097518921, 4350.0
2.0729939937591553, 4350.0
2.112274169921875, 4351.0
2.1516480445861816, 4369.0
2.1909759044647217, 4369.0
2.230294942855835, 4369.0
2.2695541381835938, 4369.0
2.3088130950927734, 4369.0
2.3480749130249023, 4370.0
2.387402057647705, 4370.0
2.4267191886901855, 4370.0
2.4660580158233643, 4370.0
2.5054221153259277, 4370.0
2.544370174407959, 4392.0
2.5837490558624268, 4392.0
2.6232521533966064, 4392.0
2.6627821922302246, 4392.0
2.7021591663360596, 4392.0
2.741590976715088, 4392.0
2.782335042953491, 4392.0
2.8218610286712646, 4392.0
2.861422061920166, 4392.0
2.9009201526641846, 4392.0
2.940385103225708, 4392.0
2.9798450469970703, 4392.0
3.0194642543792725, 4392.0
3.059566020965576, 4392.0
3.0995590686798096, 4392.0
3.139817953109741, 4392.0
3.180704116821289, 4428.0
3.2216591835021973, 4428.0
3.2631301879882812, 4428.0
3.3039212226867676, 4428.0
3.345499038696289, 4428.0
3.387151002883911, 4428.0
3.427814245223999, 4428.0
3.4684650897979736, 4428.0
3.508888006210327, 4428.0
3.549420118331909, 4428.0
3.590116024017334, 4428.0
3.6315810680389404, 4428.0
3.672927141189575, 4428.0
3.7126781940460205, 4428.0
3.7522549629211426, 4428.0
3.7917702198028564, 4428.0
3.8313140869140625, 4428.0
3.87086820602417, 4428.0
3.9101970195770264, 4428.0
3.950092077255249, 4428.0
3.9907491207122803, 4428.0
4.030437231063843, 4428.0
4.070354223251343, 4428.0
4.109889030456543, 4428.0
4.149283170700073, 4428.0
4.188722133636475, 4428.0
4.228328227996826, 4430.0
4.267696142196655, 4430.0
4.3071441650390625, 4430.0
4.346505165100098, 4430.0
4.3861002922058105, 4430.0
4.426648139953613, 4430.0
4.467124938964844, 4430.0
4.507426023483276, 4430.0
4.547851085662842, 4430.0
4.590159177780151, 4431.0
4.631444931030273, 4431.0
4.672214984893799, 4431.0
4.7127180099487305, 4431.0
4.755059242248535, 4431.0
4.796568155288696, 4431.0
4.837733030319214, 4431.0
4.877982139587402, 4431.0
4.918571949005127, 4431.0
4.959319114685059, 4431.0
5.000107049942017, 4431.0
5.041324138641357, 4431.0
5.082258224487305, 4431.0
5.121740102767944, 4431.0
5.161326169967651, 4431.0
5.2014031410217285, 4431.0
5.24114203453064, 4431.0
5.280841112136841, 4431.0
5.3205060958862305, 4431.0
5.360094308853149, 4431.0
5.399744033813477, 4431.0
5.439296007156372, 4431.0
5.479501008987427, 4431.0
5.52144193649292, 4431.0
5.563276052474976, 4431.0
5.603731155395508, 4431.0
5.643285036087036, 4431.0
5.682889938354492, 4431.0
5.722387313842773, 4431.0
5.761833906173706, 4431.0
5.801370143890381, 4431.0
5.840790033340454, 4431.0
5.880564212799072, 4431.0
5.920109033584595, 4431.0
5.960581064224243, 4431.0
6.00773811340332, 4431.0
6.047356128692627, 4431.0
6.086835145950317, 4431.0
6.126377105712891, 4431.0
6.1657021045684814, 4431.0
6.205153942108154, 4431.0
6.244408130645752, 4431.0
6.283942222595215, 4431.0
6.323108196258545, 4431.0
6.36255407333374, 4431.0
6.402108192443848, 4431.0
6.442014217376709, 4431.0
6.4814980030059814, 4431.0
6.521409034729004, 4431.0
6.560878038406372, 4431.0
6.600827217102051, 4431.0
6.640289068222046, 4431.0
6.67978310585022, 4431.0
6.719604969024658, 4431.0
6.759097099304199, 4431.0
6.798537254333496, 4431.0
6.8395702838897705, 4431.0
6.879446983337402, 4431.0
6.91926121711731, 4431.0
6.959174156188965, 4431.0
6.998993158340454, 4431.0
7.0384202003479, 4431.0
7.077922105789185, 4431.0
7.117929935455322, 4431.0
7.157313108444214, 4431.0
7.197195053100586, 4431.0
7.237041234970093, 4431.0
7.2766289710998535, 4431.0
7.316113233566284, 4431.0
7.355675220489502, 4431.0
7.395155191421509, 4431.0
7.435099124908447, 4431.0
7.47463321685791, 4431.0
7.514269113540649, 4431.0
7.554164171218872, 4431.0
7.593705177307129, 4431.0
7.633385896682739, 4431.0
7.6729371547698975, 4431.0
7.713511228561401, 4431.0
7.754942178726196, 4431.0
7.7944910526275635, 4431.0
7.8340160846710205, 4431.0
7.87336802482605, 4431.0
7.9131739139556885, 4431.0
7.952971935272217, 4431.0
7.992785215377808, 4431.0
