0.0009970664978027344, 487.0
0.002001047134399414, 1252.0
0.003007173538208008, 1691.0
0.004101276397705078, 2160.0
0.005128145217895508, 2983.0
0.0061452388763427734, 3368.0
0.007151126861572266, 3958.0
0.008149147033691406, 4405.0
0.009142160415649414, 4911.0
0.010131120681762695, 5262.0
0.011124134063720703, 5834.0
0.012135982513427734, 5861.0
0.013131141662597656, 6697.0
0.014126300811767578, 7704.0
0.015120983123779297, 8492.0
0.016123056411743164, 9582.0
0.017117023468017578, 10469.0
0.018116235733032227, 10663.0
0.019106149673461914, 11497.0
0.020098209381103516, 12010.0
0.02110004425048828, 12929.0
0.022124052047729492, 13063.0
0.023118257522583008, 13090.0
0.02411198616027832, 13530.0
0.025104045867919922, 14255.0
0.026122093200683594, 14838.0
0.027128219604492188, 15439.0
0.028135061264038086, 16326.0
0.029128074645996094, 16744.0
0.030122041702270508, 17639.0
0.031121015548706055, 18338.0
0.03211712837219238, 18830.0
0.0331110954284668, 19811.0
0.03411507606506348, 20613.0
0.0351099967956543, 21424.0
0.036109209060668945, 21863.0
0.03710603713989258, 22487.0
0.038099050521850586, 22619.0
0.03909611701965332, 23016.0
0.04009413719177246, 23235.0
0.04110002517700195, 23585.0
0.04209423065185547, 24049.0
0.043090105056762695, 24188.0
0.04506111145019531, 24810.0
0.0548551082611084, 24858.0
0.056828975677490234, 25049.0
0.09604215621948242, 25050.0
0.0970299243927002, 25051.0
0.23138689994812012, 25114.0
0.858079195022583, 25128.0
0.9456961154937744, 25133.0
0.973412275314331, 25178.0
1.0284271240234375, 25218.0
1.031440019607544, 25219.0
1.0402400493621826, 25309.0
1.077505111694336, 25359.0
1.0784800052642822, 25360.0
1.2058570384979248, 25398.0
1.7759640216827393, 25419.0
2.0351200103759766, 25519.0
2.0540711879730225, 25583.0
2.075780153274536, 25594.0
2.126732110977173, 25601.0
2.4240341186523438, 25677.0
2.428842067718506, 25678.0
2.429819107055664, 25679.0
2.6551640033721924, 25695.0
2.6561431884765625, 25703.0
2.936882972717285, 25751.0
2.9397482872009277, 25752.0
3.0011751651763916, 25797.0
3.0955352783203125, 25798.0
3.1577911376953125, 25825.0
3.38740611076355, 25962.0
3.4339351654052734, 26071.0
3.455590009689331, 26143.0
3.5597262382507324, 26163.0
3.5682311058044434, 26213.0
4.110558986663818, 26244.0
4.1171181201934814, 26256.0
5.281684160232544, 26261.0
5.729935884475708, 26386.0
5.806517124176025, 26403.0
6.1855950355529785, 26439.0
6.194964170455933, 26490.0
6.267245054244995, 26558.0
6.450796127319336, 26594.0
6.543755054473877, 26714.0
6.594184160232544, 26741.0
6.596972227096558, 26810.0
6.694524049758911, 26838.0
6.706424236297607, 26839.0
6.941051006317139, 26929.0
6.952064037322998, 26930.0
6.955742120742798, 27037.0
6.956689119338989, 27038.0
11.733516216278076, 27065.0
11.867067098617554, 27159.0
19.695300102233887, 27250.0
19.734895944595337, 27290.0
19.758056163787842, 27300.0
19.861228227615356, 27342.0
19.921982049942017, 27369.0
20.534619092941284, 27388.0
20.546139001846313, 27481.0
20.628332138061523, 27687.0
20.695223093032837, 27781.0
33.12754416465759, 27828.0
33.16252112388611, 27873.0
33.181010007858276, 27875.0
47.33253002166748, 27881.0
47.34210515022278, 27883.0
47.4266471862793, 27936.0
47.55214500427246, 27981.0
47.56926488876343, 28036.0
47.60912489891052, 28060.0
47.9214301109314, 28075.0
48.109421253204346, 28083.0
48.11800408363342, 28136.0
48.2005729675293, 28216.0
48.20248103141785, 28315.0
48.38368105888367, 28361.0
48.398869037628174, 28399.0
48.40077805519104, 28411.0
55.54908514022827, 28452.0
55.59240913391113, 28484.0
55.644328117370605, 28504.0
55.68473410606384, 28667.0
55.76271104812622, 28679.0
55.781962156295776, 28744.0
55.79548501968384, 28857.0
55.81470799446106, 28969.0
55.819580078125, 28970.0
56.90295910835266, 29028.0
56.95374393463135, 29053.0
57.233376026153564, 29097.0
57.24871206283569, 29216.0
57.25354194641113, 29217.0
57.39038109779358, 29238.0
57.46513319015503, 29257.0
57.737935304641724, 29331.0
57.74751424789429, 29353.0
57.77916216850281, 29493.0
57.79646015167236, 29494.0
57.921080112457275, 29496.0
58.01391911506653, 29506.0
58.135523080825806, 29526.0
58.219887256622314, 29589.0
58.30226016044617, 29635.0
58.41808485984802, 29693.0
58.6029109954834, 29750.0
58.68482995033264, 29752.0
58.97408699989319, 29780.0
59.00678205490112, 29903.0
59.287153005599976, 29910.0
59.29508304595947, 29951.0
60.00084114074707, 29986.0
60.00381112098694, 29987.0
60.43846011161804, 29991.0
60.96788215637207, 30070.0
60.973753213882446, 30193.0
61.02265810966492, 30216.0
61.04320001602173, 30274.0
61.16624307632446, 30331.0
61.364413022994995, 30364.0
61.45628118515015, 30463.0
61.52956509590149, 30575.0
61.61637616157532, 30594.0
61.850210189819336, 30647.0
61.88729810714722, 30648.0
62.029860973358154, 30784.0
62.063125133514404, 30785.0
62.11168909072876, 30896.0
62.31126403808594, 30954.0
62.824180126190186, 31030.0
63.43026113510132, 31184.0
63.516634941101074, 31232.0
63.524418115615845, 31312.0
63.66373825073242, 31313.0
63.7082839012146, 31374.0
63.74401021003723, 31375.0
63.79035019874573, 31414.0
63.89097309112549, 31469.0
63.937544107437134, 31554.0
64.16280913352966, 31646.0
66.47935104370117, 31668.0
66.5233211517334, 31669.0
66.58297109603882, 31683.0
66.59079813957214, 31719.0
66.61230611801147, 31720.0
66.62308096885681, 31739.0
67.42264723777771, 31744.0
68.64487719535828, 31828.0
68.65657615661621, 31844.0
68.73794627189636, 31856.0
69.74989819526672, 31879.0
70.08265805244446, 31933.0
70.15197110176086, 31934.0
70.22133207321167, 32009.0
70.34417796134949, 32082.0
70.43561315536499, 32157.0
70.5946912765503, 32219.0
70.68090415000916, 32236.0
71.03220629692078, 32292.0
71.16054105758667, 32378.0
71.18342304229736, 32394.0
71.23607611656189, 32416.0
71.55120015144348, 32489.0
71.97254729270935, 32490.0
72.67153120040894, 32491.0
73.03593611717224, 32495.0
73.0951771736145, 32503.0
73.68926811218262, 32540.0
74.01772022247314, 32541.0
74.37882709503174, 32542.0
75.00983095169067, 32548.0
75.89680910110474, 32549.0
75.90844511985779, 32550.0
76.11470007896423, 32597.0
76.1234381198883, 32614.0
80.64829397201538, 32615.0
80.68176317214966, 32616.0
80.90424299240112, 32632.0
81.13588905334473, 32633.0
81.14762711524963, 32634.0
81.93176102638245, 32681.0
81.98206400871277, 32682.0
82.03909993171692, 32829.0
83.07676911354065, 32962.0
83.18904399871826, 32963.0
85.06800699234009, 33082.0
87.18374609947205, 33136.0
87.22168517112732, 33137.0
87.6351900100708, 33143.0
91.53853225708008, 33189.0
94.26133298873901, 33195.0
94.53470230102539, 33196.0
97.99768090248108, 33319.0
98.93233895301819, 33321.0
