0.002646923065185547, 888.0
0.006136178970336914, 978.0
0.009667158126831055, 978.0
0.013253211975097656, 981.0
0.01676797866821289, 1010.0
0.020301103591918945, 1010.0
0.023867130279541016, 1010.0
0.02742600440979004, 1018.0
0.031017065048217773, 1024.0
0.034605979919433594, 1024.0
0.038192033767700195, 1024.0
0.04180407524108887, 1024.0
0.04566192626953125, 1024.0
0.04932403564453125, 1024.0
0.05296802520751953, 1024.0
0.05663800239562988, 1024.0
0.06026101112365723, 1024.0
0.06388092041015625, 1024.0
0.06748199462890625, 1024.0
0.07111191749572754, 1024.0
0.07470893859863281, 1024.0
0.07831811904907227, 1024.0
0.08190798759460449, 1024.0
0.08550405502319336, 1024.0
0.08914995193481445, 1024.0
0.09275484085083008, 1024.0
0.09635400772094727, 1024.0
0.09994792938232422, 1024.0
0.10358285903930664, 1024.0
0.10729503631591797, 1024.0
0.11149215698242188, 1024.0
0.11546707153320312, 1024.0
0.11926913261413574, 1024.0
0.1230170726776123, 1024.0
0.12680292129516602, 1024.0
0.13057518005371094, 1024.0
0.1343998908996582, 1024.0
0.13810396194458008, 1024.0
0.1417238712310791, 1024.0
0.14542412757873535, 1024.0
0.14905595779418945, 1024.0
0.1527118682861328, 1024.0
0.15637707710266113, 1024.0
0.1600661277770996, 1024.0
0.1637859344482422, 1024.0
0.16742491722106934, 1024.0
0.1711139678955078, 1024.0
0.17481589317321777, 1024.0
0.17853116989135742, 1024.0
0.1822659969329834, 1024.0
0.18597412109375, 1024.0
0.18960905075073242, 1024.0
0.1933441162109375, 1024.0
0.1971278190612793, 1024.0
0.20091795921325684, 1024.0
0.20468878746032715, 1024.0
0.208482027053833, 1024.0
0.21224498748779297, 1024.0
0.21608495712280273, 1024.0
0.21985101699829102, 1024.0
0.2236320972442627, 1024.0
0.2273871898651123, 1024.0
0.2312030792236328, 1024.0
0.23497390747070312, 1024.0
0.238692045211792, 1024.0
0.2424020767211914, 1024.0
0.2460169792175293, 1024.0
0.24964618682861328, 1024.0
0.25332188606262207, 1024.0
0.2570459842681885, 1024.0
0.2608339786529541, 1024.0
0.2645881175994873, 1024.0
0.26830315589904785, 1024.0
0.2720000743865967, 1024.0
0.2757391929626465, 1024.0
0.2794220447540283, 1024.0
0.28321409225463867, 1024.0
0.2869691848754883, 1024.0
0.29071521759033203, 1024.0
0.29426002502441406, 1024.0
0.2979919910430908, 1024.0
0.3015410900115967, 1024.0
0.30521106719970703, 1024.0
0.308758020401001, 1024.0
0.31234002113342285, 1024.0
0.31595897674560547, 1024.0
0.31950902938842773, 1024.0
0.3230888843536377, 1024.0
0.3266308307647705, 1024.0
0.33023786544799805, 1024.0
0.3337860107421875, 1024.0
0.33733296394348145, 1024.0
0.34094905853271484, 1024.0
0.34450793266296387, 1024.0
0.3480989933013916, 1024.0
0.3516390323638916, 1024.0
0.3552591800689697, 1024.0
0.3588089942932129, 1024.0
0.3624551296234131, 1024.0
0.366008996963501, 1024.0
0.3695669174194336, 1024.0
0.3731510639190674, 1024.0
0.3767130374908447, 1024.0
0.38034796714782715, 1024.0
0.3838999271392822, 1024.0
0.38752198219299316, 1024.0
0.3910651206970215, 1024.0
0.39463186264038086, 1024.0
0.39823317527770996, 1024.0
0.401792049407959, 1024.0
0.40543198585510254, 1024.0
0.40898895263671875, 1024.0
0.4126899242401123, 1024.0
0.4162449836730957, 1024.0
0.4198031425476074, 1024.0
0.42345285415649414, 1024.0
0.4270000457763672, 1024.0
0.4306340217590332, 1024.0
0.43419909477233887, 1024.0
0.43784284591674805, 1024.0
0.4413881301879883, 1024.0
0.4449760913848877, 1024.0
0.4486730098724365, 1024.0
0.45224809646606445, 1024.0
0.45584893226623535, 1024.0
0.4593839645385742, 1024.0
0.4630000591278076, 1024.0
0.466541051864624, 1024.0
0.4700648784637451, 1024.0
0.4736649990081787, 1024.0
0.47719502449035645, 1024.0
0.48079681396484375, 1024.0
0.4843320846557617, 1024.0
0.48793601989746094, 1024.0
0.49146294593811035, 1024.0
0.49503517150878906, 1024.0
0.4986140727996826, 1024.0
0.5021560192108154, 1024.0
0.5057320594787598, 1024.0
0.5093209743499756, 1024.0
0.5129129886627197, 1024.0
0.5166809558868408, 1024.0
0.5202970504760742, 1024.0
0.5239570140838623, 1024.0
0.5276029109954834, 1024.0
0.5313339233398438, 1024.0
0.5350358486175537, 1024.0
0.5387399196624756, 1024.0
0.5424160957336426, 1024.0
0.5462231636047363, 1024.0
0.5500888824462891, 1024.0
0.5538699626922607, 1024.0
0.5576410293579102, 1024.0
0.5614058971405029, 1024.0
0.5651628971099854, 1024.0
0.568911075592041, 1024.0
0.5726480484008789, 1024.0
0.5764009952545166, 1024.0
0.580157995223999, 1024.0
0.5839369297027588, 1024.0
0.5876889228820801, 1024.0
0.591433048248291, 1024.0
0.5951910018920898, 1024.0
0.5989408493041992, 1024.0
0.6026930809020996, 1024.0
0.6064660549163818, 1024.0
0.6102020740509033, 1024.0
0.6139488220214844, 1024.0
0.6176929473876953, 1024.0
0.6214509010314941, 1024.0
0.6252028942108154, 1024.0
0.6289641857147217, 1024.0
0.6327381134033203, 1024.0
0.6364879608154297, 1024.0
0.6402380466461182, 1024.0
0.6439931392669678, 1024.0
0.6477499008178711, 1024.0
0.6514418125152588, 1024.0
0.6551589965820312, 1024.0
0.6588470935821533, 1024.0
0.6625399589538574, 1024.0
0.6662321090698242, 1024.0
0.6699159145355225, 1024.0
0.6736278533935547, 1024.0
0.6773250102996826, 1024.0
0.6810770034790039, 1024.0
0.6846330165863037, 1024.0
0.688201904296875, 1024.0
0.6917600631713867, 1024.0
0.6953270435333252, 1024.0
0.6989181041717529, 1024.0
0.7024691104888916, 1024.0
0.7060222625732422, 1024.0
0.7095580101013184, 1024.0
0.7131609916687012, 1024.0
0.7167291641235352, 1024.0
0.7202649116516113, 1024.0
0.7238080501556396, 1024.0
0.727363109588623, 1024.0
0.7309010028839111, 1024.0
0.7344489097595215, 1024.0
