0.0009179115295410156, 130.0
0.002418041229248047, 130.0
0.003888845443725586, 130.0
0.005429983139038086, 130.0
0.00700688362121582, 130.0
0.008493900299072266, 130.0
0.009990930557250977, 130.0
0.011486053466796875, 130.0
0.013041973114013672, 130.0
0.01455998420715332, 130.0
0.01606583595275879, 130.0
0.017568111419677734, 130.0
0.019104957580566406, 130.0
0.020593881607055664, 130.0
0.022093772888183594, 130.0
0.023591995239257812, 130.0
0.025088071823120117, 130.0
0.026587963104248047, 130.0
0.028095006942749023, 130.0
0.029625892639160156, 130.0
0.03118896484375, 130.0
0.032698869705200195, 130.0
0.03422808647155762, 130.0
0.035867929458618164, 130.0
0.03744697570800781, 130.0
0.039067983627319336, 130.0
0.04063010215759277, 130.0
0.0422511100769043, 130.0
0.043782949447631836, 130.0
0.04529380798339844, 130.0
0.0467989444732666, 130.0
0.0482938289642334, 130.0
0.04978203773498535, 130.0
0.05135488510131836, 130.0
0.052896976470947266, 130.0
0.05440688133239746, 130.0
0.055951833724975586, 130.0
0.05744600296020508, 130.0
0.05893898010253906, 130.0
0.060446977615356445, 130.0
0.06193900108337402, 130.0
0.06344294548034668, 130.0
0.06496381759643555, 130.0
0.06645774841308594, 130.0
0.06796908378601074, 130.0
0.06946587562561035, 130.0
0.07096672058105469, 130.0
0.0724649429321289, 130.0
0.07396197319030762, 130.0
0.07547402381896973, 130.0
0.07696390151977539, 130.0
0.07844996452331543, 130.0
0.07993388175964355, 130.0
0.08144092559814453, 130.0
0.0829310417175293, 130.0
0.08441877365112305, 130.0
0.0859227180480957, 130.0
0.08742499351501465, 130.0
0.08891916275024414, 130.0
0.09042096138000488, 130.0
0.09191203117370605, 130.0
0.0934150218963623, 130.0
0.09491491317749023, 130.0
0.09640693664550781, 130.0
0.09790992736816406, 130.0
0.09941506385803223, 130.0
0.1009070873260498, 130.0
0.10239481925964355, 130.0
0.10389494895935059, 130.0
0.10540986061096191, 130.0
0.10689997673034668, 130.0
0.10838890075683594, 130.0
0.10988283157348633, 130.0
0.11138200759887695, 130.0
0.11288189888000488, 130.0
0.11437797546386719, 130.0
0.11588191986083984, 130.0
0.11737489700317383, 130.0
0.11887907981872559, 130.0
0.12037301063537598, 130.0
0.1218719482421875, 130.0
0.12336587905883789, 130.0
0.12486505508422852, 130.0
0.1263597011566162, 130.0
0.12785005569458008, 130.0
0.12933993339538574, 130.0
0.13083910942077637, 130.0
0.13233494758605957, 130.0
0.13384079933166504, 130.0
0.13535070419311523, 130.0
0.1368567943572998, 130.0
0.13834595680236816, 130.0
0.13986992835998535, 130.0
0.1413729190826416, 130.0
0.14289093017578125, 130.0
0.14438104629516602, 130.0
0.1458740234375, 130.0
0.14737987518310547, 130.0
0.14892196655273438, 130.0
0.15041279792785645, 130.0
0.15191388130187988, 130.0
0.15340399742126465, 130.0
0.15490102767944336, 130.0
0.15639400482177734, 130.0
0.15789484977722168, 130.0
0.1594228744506836, 130.0
0.16126012802124023, 130.0
0.16295886039733887, 130.0
0.16451478004455566, 130.0
0.16604280471801758, 130.0
0.16757893562316895, 130.0
0.16910004615783691, 130.0
0.17063498497009277, 130.0
0.1721668243408203, 130.0
0.17370891571044922, 130.0
0.17524981498718262, 130.0
0.17685294151306152, 130.0
0.1783909797668457, 130.0
0.17990994453430176, 130.0
0.18144893646240234, 130.0
0.18307781219482422, 130.0
0.18469572067260742, 130.0
0.18619394302368164, 130.0
0.1876988410949707, 130.0
0.1891939640045166, 130.0
0.19068288803100586, 130.0
0.19217991828918457, 130.0
0.19368505477905273, 130.0
0.1951918601989746, 130.0
0.19670891761779785, 130.0
0.19820284843444824, 130.0
0.19971489906311035, 130.0
0.20121288299560547, 130.0
0.20270490646362305, 130.0
0.2042398452758789, 130.0
0.20578885078430176, 130.0
0.20740675926208496, 130.0
0.2089250087738037, 130.0
0.21042990684509277, 130.0
0.21193194389343262, 130.0
0.2134411334991455, 130.0
0.21502280235290527, 130.0
0.21652579307556152, 130.0
0.21801400184631348, 130.0
0.21953988075256348, 130.0
0.22110700607299805, 130.0
0.22263097763061523, 130.0
0.22414398193359375, 130.0
0.22565484046936035, 130.0
0.22716403007507324, 130.0
0.22868990898132324, 130.0
0.2302079200744629, 130.0
0.23172593116760254, 130.0
0.23322296142578125, 130.0
0.23476791381835938, 130.0
0.23628497123718262, 130.0
0.23778104782104492, 130.0
0.239271879196167, 130.0
0.24075794219970703, 130.0
0.24225091934204102, 130.0
0.24375605583190918, 130.0
0.24526381492614746, 130.0
0.24680089950561523, 130.0
0.2483079433441162, 130.0
0.2498018741607666, 130.0
0.2512969970703125, 130.0
0.2527809143066406, 130.0
0.25426697731018066, 130.0
0.25577783584594727, 130.0
0.2572939395904541, 130.0
0.25879597663879395, 130.0
0.2602858543395996, 130.0
0.261807918548584, 130.0
0.26333093643188477, 130.0
0.2648310661315918, 130.0
0.26636791229248047, 130.0
0.2678520679473877, 130.0
0.26934099197387695, 130.0
0.2708249092102051, 130.0
0.2723269462585449, 130.0
0.2738189697265625, 130.0
0.27530813217163086, 130.0
0.2768111228942871, 130.0
0.2783019542694092, 130.0
0.2798159122467041, 130.0
0.28130388259887695, 130.0
0.28279781341552734, 130.0
0.2843048572540283, 130.0
0.2858428955078125, 130.0
0.287355899810791, 130.0
0.28886985778808594, 130.0
0.29036808013916016, 130.0
0.2918720245361328, 130.0
0.293367862701416, 130.0
0.2948789596557617, 130.0
0.2964060306549072, 130.0
0.2979409694671631, 130.0
0.2994399070739746, 130.0
0.3009319305419922, 130.0
0.3024027347564697, 130.0
0.3039069175720215, 130.0
