0.0014109611511230469, 52.0
0.0033919811248779297, 52.0
0.005363941192626953, 52.0
0.0074880123138427734, 52.0
0.00944209098815918, 52.0
0.011394977569580078, 52.0
0.01341700553894043, 52.0
0.015299081802368164, 52.0
0.017181873321533203, 52.0
0.0190887451171875, 52.0
0.020994901657104492, 52.0
0.02288985252380371, 52.0
0.024775981903076172, 52.0
0.026652812957763672, 52.0
0.028528928756713867, 52.0
0.030426740646362305, 52.0
0.03229784965515137, 52.0
0.03417491912841797, 52.0
0.03605389595031738, 52.0
0.03791999816894531, 52.0
0.039791107177734375, 52.0
0.04166388511657715, 52.0
0.04352998733520508, 52.0
0.045392751693725586, 52.0
0.0472559928894043, 52.0
0.049124956130981445, 52.0
0.05098581314086914, 52.0
0.052847862243652344, 52.0
0.05470585823059082, 52.0
0.056581735610961914, 52.0
0.05844712257385254, 52.0
0.060311079025268555, 52.0
0.06218910217285156, 52.0
0.0640571117401123, 52.0
0.06592512130737305, 52.0
0.06782984733581543, 52.0
0.06969809532165527, 52.0
0.07156705856323242, 52.0
0.07344198226928711, 52.0
0.07530808448791504, 52.0
0.07718396186828613, 52.0
0.0790870189666748, 52.0
0.08095312118530273, 52.0
0.08284282684326172, 52.0
0.08471179008483887, 52.0
0.08658671379089355, 52.0
0.08845686912536621, 52.0
0.09033083915710449, 52.0
0.09220194816589355, 52.0
0.09406781196594238, 52.0
0.09593796730041504, 52.0
0.09781193733215332, 52.0
0.09967494010925293, 52.0
0.10154485702514648, 52.0
0.10341191291809082, 52.0
0.10527682304382324, 52.0
0.10714006423950195, 52.0
0.10901880264282227, 52.0
0.11088776588439941, 52.0
0.11274909973144531, 52.0
0.11461186408996582, 52.0
0.11647796630859375, 52.0
0.11834907531738281, 52.0
0.12021088600158691, 52.0
0.1220998764038086, 52.0
0.12396788597106934, 52.0
0.12583398818969727, 52.0
0.12769794464111328, 52.0
0.1295638084411621, 52.0
0.13142991065979004, 52.0
0.13330602645874023, 52.0
0.13517475128173828, 52.0
0.13704395294189453, 52.0
0.1389150619506836, 52.0
0.14078092575073242, 52.0
0.14264488220214844, 52.0
0.14452290534973145, 52.0
0.14638900756835938, 52.0
0.1483168601989746, 52.0
0.15018010139465332, 52.0
0.1520528793334961, 52.0
0.1539168357849121, 52.0
0.15578103065490723, 52.0
0.1576540470123291, 52.0
0.15957188606262207, 52.0
0.16144585609436035, 52.0
0.16331696510314941, 52.0
0.1651928424835205, 52.0
0.1670668125152588, 52.0
0.16894197463989258, 52.0
0.1708228588104248, 52.0
0.17268705368041992, 52.0
0.1745741367340088, 52.0
0.17648005485534668, 52.0
0.17834997177124023, 52.0
0.18021607398986816, 52.0
0.18209600448608398, 52.0
0.18396282196044922, 52.0
0.18583178520202637, 52.0
0.1876969337463379, 52.0
0.18956279754638672, 52.0
0.19143295288085938, 52.0
0.19330286979675293, 52.0
0.19519686698913574, 52.0
0.19708681106567383, 52.0
0.19896602630615234, 52.0
0.2008371353149414, 52.0
0.20271086692810059, 52.0
0.20459389686584473, 52.0
0.20648598670959473, 52.0
0.20836091041564941, 52.0
0.2102499008178711, 52.0
0.21216797828674316, 52.0
0.21416592597961426, 52.0
0.21608901023864746, 52.0
0.21795082092285156, 52.0
0.2198331356048584, 52.0
0.2218308448791504, 52.0
0.22371292114257812, 52.0
0.22557902336120605, 52.0
0.2274930477142334, 52.0
0.22937297821044922, 52.0
0.23125505447387695, 52.0
0.2331409454345703, 52.0
0.2350010871887207, 52.0
0.23686981201171875, 52.0
0.23876595497131348, 52.0
0.24064993858337402, 52.0
0.24251580238342285, 52.0
0.24438691139221191, 52.0
0.2462599277496338, 52.0
0.24813199043273926, 52.0
0.2500300407409668, 52.0
0.25190186500549316, 52.0
0.2537651062011719, 52.0
0.25564002990722656, 52.0
0.2575039863586426, 52.0
0.25937891006469727, 52.0
0.26125311851501465, 52.0
0.2631208896636963, 52.0
0.2649879455566406, 52.0
0.2668647766113281, 52.0
0.2687411308288574, 52.0
0.27060604095458984, 52.0
0.27246785163879395, 52.0
0.27433180809020996, 52.0
0.27623701095581055, 52.0
0.2781097888946533, 52.0
0.27999210357666016, 52.0
0.28186488151550293, 52.0
0.28375792503356934, 52.0
0.28563880920410156, 52.0
0.2875099182128906, 52.0
0.2893838882446289, 52.0
0.2912619113922119, 52.0
0.29312896728515625, 52.0
0.29499197006225586, 52.0
0.296860933303833, 52.0
0.29872584342956543, 52.0
0.30059003829956055, 52.0
0.3024628162384033, 52.0
0.3043670654296875, 52.0
0.30623292922973633, 52.0
0.3081080913543701, 52.0
0.3099830150604248, 52.0
0.31184887886047363, 52.0
0.3137228488922119, 52.0
0.31559300422668457, 52.0
0.317471981048584, 52.0
0.31934475898742676, 52.0
0.32120800018310547, 52.0
0.32306981086730957, 52.0
0.3249490261077881, 52.0
0.32683682441711426, 52.0
0.3287527561187744, 52.0
0.3306400775909424, 52.0
0.33250880241394043, 52.0
0.33437490463256836, 52.0
0.33623504638671875, 52.0
0.33809900283813477, 52.0
0.3399980068206787, 52.0
0.34186291694641113, 52.0
0.34372401237487793, 52.0
0.34558677673339844, 52.0
0.3474459648132324, 52.0
0.3493077754974365, 52.0
0.35117387771606445, 52.0
0.3530569076538086, 52.0
0.3549189567565918, 52.0
0.35680294036865234, 52.0
0.3586909770965576, 52.0
0.3605527877807617, 52.0
0.3624560832977295, 52.0
0.36432981491088867, 52.0
0.366196870803833, 52.0
0.36806797981262207, 52.0
0.3699319362640381, 52.0
0.3718090057373047, 52.0
0.37366700172424316, 52.0
0.3755378723144531, 52.0
0.377424955368042, 52.0
