0.0013780593872070312, 52.0
0.0033898353576660156, 52.0
0.005361795425415039, 52.0
0.007436037063598633, 52.0
0.009427785873413086, 52.0
0.011586904525756836, 52.0
0.01356196403503418, 52.0
0.015486955642700195, 52.0
0.017405986785888672, 52.0
0.019333839416503906, 52.0
0.0212399959564209, 52.0
0.023127079010009766, 52.0
0.025005102157592773, 52.0
0.026885032653808594, 52.0
0.028783082962036133, 52.0
0.03066396713256836, 52.0
0.032547950744628906, 52.0
0.034559011459350586, 52.0
0.0364689826965332, 52.0
0.038336992263793945, 52.0
0.040205955505371094, 52.0
0.04207205772399902, 52.0
0.04393911361694336, 52.0
0.04581809043884277, 52.0
0.04768991470336914, 52.0
0.04956388473510742, 52.0
0.05144190788269043, 52.0
0.053311824798583984, 52.0
0.055181026458740234, 52.0
0.05706191062927246, 52.0
0.05892777442932129, 52.0
0.0608057975769043, 52.0
0.06267786026000977, 52.0
0.06456589698791504, 52.0
0.06644988059997559, 52.0
0.06835508346557617, 52.0
0.07023406028747559, 52.0
0.07210993766784668, 52.0
0.07402181625366211, 52.0
0.07589387893676758, 52.0
0.07776570320129395, 52.0
0.07963395118713379, 52.0
0.08151912689208984, 52.0
0.08338403701782227, 52.0
0.08524799346923828, 52.0
0.0871129035949707, 52.0
0.0889730453491211, 52.0
0.09085273742675781, 52.0
0.09273195266723633, 52.0
0.09460091590881348, 52.0
0.09646892547607422, 52.0
0.09833693504333496, 52.0
0.10020709037780762, 52.0
0.10211873054504395, 52.0
0.10408806800842285, 52.0
0.10600399971008301, 52.0
0.10792803764343262, 52.0
0.10979771614074707, 52.0
0.11168885231018066, 52.0
0.113555908203125, 52.0
0.11541986465454102, 52.0
0.11731410026550293, 52.0
0.1191868782043457, 52.0
0.12108278274536133, 52.0
0.12295699119567871, 52.0
0.12485098838806152, 52.0
0.12671303749084473, 52.0
0.1286299228668213, 52.0
0.13054203987121582, 52.0
0.13245487213134766, 52.0
0.13440513610839844, 52.0
0.13634991645812988, 52.0
0.13829398155212402, 52.0
0.14036083221435547, 52.0
0.14227080345153809, 52.0
0.14418506622314453, 52.0
0.14608478546142578, 52.0
0.1480858325958252, 52.0
0.14998292922973633, 52.0
0.15188288688659668, 52.0
0.15380501747131348, 52.0
0.15570998191833496, 52.0
0.15765881538391113, 52.0
0.15956783294677734, 52.0
0.1614987850189209, 52.0
0.16340088844299316, 52.0
0.16532301902770996, 52.0
0.1672370433807373, 52.0
0.1691439151763916, 52.0
0.17105507850646973, 52.0
0.1730208396911621, 52.0
0.1750037670135498, 52.0
0.1769399642944336, 52.0
0.17889094352722168, 52.0
0.18085598945617676, 52.0
0.18277406692504883, 52.0
0.18471193313598633, 52.0
0.1866617202758789, 52.0
0.18857693672180176, 52.0
0.19054102897644043, 52.0
0.1924448013305664, 52.0
0.19437694549560547, 52.0
0.19628000259399414, 52.0
0.19820475578308105, 52.0
0.2001347541809082, 52.0
0.2020421028137207, 52.0
0.20397496223449707, 52.0
0.205902099609375, 52.0
0.20785999298095703, 52.0
0.209852933883667, 52.0
0.21187996864318848, 52.0
0.2138059139251709, 52.0
0.21571993827819824, 52.0
0.21762299537658691, 52.0
0.21962285041809082, 52.0
0.22160577774047852, 52.0
0.22366786003112793, 52.0
0.22573304176330566, 52.0
0.2277359962463379, 52.0
0.22971487045288086, 52.0
0.23166799545288086, 52.0
0.23365283012390137, 52.0
0.23563480377197266, 52.0
0.23758196830749512, 52.0
0.23957300186157227, 52.0
0.24158310890197754, 52.0
0.24353790283203125, 52.0
0.24551081657409668, 52.0
0.24747109413146973, 52.0
0.24949288368225098, 52.0
0.25145387649536133, 52.0
0.25339174270629883, 52.0
0.25534582138061523, 52.0
0.2573370933532715, 52.0
0.2593190670013428, 52.0
0.261279821395874, 52.0
0.26322388648986816, 52.0
0.2651550769805908, 52.0
0.26712703704833984, 52.0
0.26903486251831055, 52.0
0.27094507217407227, 52.0
0.27288293838500977, 52.0
0.2748527526855469, 52.0
0.276824951171875, 52.0
0.278735876083374, 52.0
0.28066396713256836, 52.0
0.28261494636535645, 52.0
0.2845597267150879, 52.0
0.28649282455444336, 52.0
0.288409948348999, 52.0
0.29032278060913086, 52.0
0.2922859191894531, 52.0
0.294191837310791, 52.0
0.29609012603759766, 52.0
0.2980008125305176, 52.0
0.2999749183654785, 52.0
0.30193305015563965, 52.0
0.30385780334472656, 52.0
0.30577993392944336, 52.0
0.30768895149230957, 52.0
0.3096168041229248, 52.0
0.3115377426147461, 52.0
0.31348299980163574, 52.0
0.31540989875793457, 52.0
0.31734490394592285, 52.0
0.3192729949951172, 52.0
0.3211808204650879, 52.0
0.32309985160827637, 52.0
0.325023889541626, 52.0
0.3269228935241699, 52.0
0.3288259506225586, 52.0
0.3307318687438965, 52.0
0.3326389789581299, 52.0
0.3345468044281006, 52.0
0.3364419937133789, 52.0
0.3383448123931885, 52.0
0.34025001525878906, 52.0
0.3421459197998047, 52.0
0.3440530300140381, 52.0
0.3459489345550537, 52.0
0.3478567600250244, 52.0
0.3497767448425293, 52.0
0.35167789459228516, 52.0
0.3535728454589844, 52.0
0.35549211502075195, 52.0
0.3574550151824951, 52.0
0.35935473442077637, 52.0
0.3612689971923828, 52.0
0.36318373680114746, 52.0
0.36508893966674805, 52.0
0.366992712020874, 52.0
0.36890602111816406, 52.0
0.3708169460296631, 52.0
0.3727378845214844, 52.0
0.37470102310180664, 52.0
0.3765990734100342, 52.0
0.37849903106689453, 52.0
0.38042378425598145, 52.0
0.3823249340057373, 52.0
0.38422608375549316, 52.0
0.38613200187683105, 52.0
