1.3113021850585938e-05, 35.0
2.3126602172851562e-05, 52.0
2.8848648071289062e-05, 127.0
3.600120544433594e-05, 167.0
4.8160552978515625e-05, 222.0
5.412101745605469e-05, 257.0
8.392333984375e-05, 267.0
9.608268737792969e-05, 281.0
0.00010204315185546875, 325.0
0.00010895729064941406, 403.0
0.000125885009765625, 463.0
0.00015115737915039062, 493.0
0.00015687942504882812, 568.0
0.00016307830810546875, 614.0
0.0001690387725830078, 654.0
0.00019311904907226562, 663.0
0.00020003318786621094, 724.0
0.0002770423889160156, 747.0
0.0004138946533203125, 786.0
0.0004951953887939453, 801.0
0.0005021095275878906, 818.0
0.0015721321105957031, 831.0
0.004010915756225586, 836.0
0.005009174346923828, 870.0
0.014440059661865234, 887.0
0.016767024993896484, 898.0
0.019711971282958984, 913.0
0.0197298526763916, 988.0
0.32857203483581543, 992.0
0.328632116317749, 996.0
0.36458611488342285, 1014.0
0.3774070739746094, 1017.0
0.3795042037963867, 1025.0
