0.0011162757873535156, 107.0
0.0028171539306640625, 107.0
0.0044269561767578125, 107.0
0.006105184555053711, 107.0
0.007704019546508789, 107.0
0.009212255477905273, 107.0
0.010717153549194336, 107.0
0.012295246124267578, 107.0
0.01382303237915039, 107.0
0.015353202819824219, 107.0
0.0168612003326416, 107.0
0.018388986587524414, 107.0
0.019901275634765625, 107.0
0.021437883377075195, 107.0
0.02296614646911621, 107.0
0.024506092071533203, 107.0
0.026038169860839844, 107.0
0.027579069137573242, 107.0
0.029127120971679688, 107.0
0.03067326545715332, 107.0
0.03222823143005371, 107.0
0.03377509117126465, 107.0
0.03531908988952637, 107.0
0.03685927391052246, 107.0
0.03839111328125, 107.0
0.0399169921875, 107.0
0.041425228118896484, 107.0
0.04293012619018555, 107.0
0.04442596435546875, 107.0
0.045937299728393555, 107.0
0.04743194580078125, 107.0
0.048937082290649414, 107.0
0.05044412612915039, 107.0
0.051943302154541016, 107.0
0.05345416069030762, 107.0
0.05494809150695801, 107.0
0.056443214416503906, 107.0
0.057938337326049805, 107.0
0.05946803092956543, 107.0
0.061012983322143555, 107.0
0.0626060962677002, 107.0
0.06410503387451172, 107.0
0.06560516357421875, 107.0
0.06712818145751953, 107.0
0.06862902641296387, 107.0
0.07014131546020508, 107.0
0.07166409492492676, 107.0
0.07317614555358887, 107.0
0.07466506958007812, 107.0
0.07615804672241211, 107.0
0.077667236328125, 107.0
0.07915902137756348, 107.0
0.08065414428710938, 107.0
0.08216309547424316, 107.0
0.08368992805480957, 107.0
0.08521914482116699, 107.0
0.08673715591430664, 107.0
0.08823609352111816, 107.0
0.08977890014648438, 107.0
0.09127497673034668, 107.0
0.09276795387268066, 107.0
0.09426212310791016, 107.0
0.09576296806335449, 107.0
0.09726214408874512, 107.0
0.0987551212310791, 107.0
0.10028815269470215, 107.0
0.10179924964904785, 107.0
0.10332798957824707, 107.0
0.10486817359924316, 107.0
0.10636591911315918, 107.0
0.10788607597351074, 107.0
0.10939812660217285, 107.0
0.11092805862426758, 107.0
0.11245417594909668, 107.0
0.11395096778869629, 107.0
0.11545228958129883, 107.0
0.11695623397827148, 107.0
0.11848807334899902, 107.0
0.11999726295471191, 107.0
0.12153124809265137, 107.0
0.12304210662841797, 107.0
0.12454700469970703, 107.0
0.12604713439941406, 107.0
0.12758111953735352, 107.0
0.1291360855102539, 107.0
0.13065123558044434, 107.0
0.13214325904846191, 107.0
0.13364911079406738, 107.0
0.13517308235168457, 107.0
0.13668608665466309, 107.0
0.1382279396057129, 107.0
0.13973307609558105, 107.0
0.14127302169799805, 107.0
0.14279699325561523, 107.0
0.14429712295532227, 107.0
0.14587020874023438, 107.0
0.147413969039917, 107.0
0.14895415306091309, 107.0
0.15046024322509766, 107.0
0.15198516845703125, 107.0
0.15349507331848145, 107.0
0.15504217147827148, 107.0
0.1565539836883545, 107.0
0.1580522060394287, 107.0
0.1595621109008789, 107.0
0.16106414794921875, 107.0
0.16260313987731934, 107.0
0.16411328315734863, 107.0
0.16565513610839844, 107.0
0.16716217994689941, 107.0
0.1686551570892334, 107.0
0.1701822280883789, 107.0
0.1717209815979004, 107.0
0.1732332706451416, 107.0
0.17476296424865723, 107.0
0.1762540340423584, 107.0
0.17774105072021484, 107.0
0.17926621437072754, 107.0
0.18077802658081055, 107.0
0.18236327171325684, 107.0
0.18395590782165527, 107.0
0.18552803993225098, 107.0
0.18710017204284668, 107.0
0.18865108489990234, 107.0
0.19020700454711914, 107.0
0.19178414344787598, 107.0
0.19333815574645996, 107.0
0.19489407539367676, 107.0
0.19644808769226074, 107.0
0.19801020622253418, 107.0
0.19956517219543457, 107.0
0.20111632347106934, 107.0
0.20267009735107422, 107.0
0.20422124862670898, 107.0
0.20579195022583008, 107.0
0.20732998847961426, 107.0
0.20888924598693848, 107.0
0.21044516563415527, 107.0
0.21199417114257812, 107.0
0.21354317665100098, 107.0
0.21509099006652832, 107.0
0.21664118766784668, 107.0
0.21822309494018555, 107.0
0.219771146774292, 107.0
0.2213611602783203, 107.0
0.22288107872009277, 107.0
0.22449207305908203, 107.0
0.22605323791503906, 107.0
0.22760701179504395, 107.0
0.22918701171875, 107.0
0.23073720932006836, 107.0
0.2322711944580078, 107.0
0.23380112648010254, 107.0
0.23531508445739746, 107.0
0.23689913749694824, 107.0
0.23844504356384277, 107.0
0.23998117446899414, 107.0
0.241502046585083, 107.0
0.24301815032958984, 107.0
0.24453210830688477, 107.0
0.24607515335083008, 107.0
0.2476060390472412, 107.0
0.2491283416748047, 107.0
0.25067591667175293, 107.0
0.2522091865539551, 107.0
0.2537369728088379, 107.0
0.2552921772003174, 107.0
0.2568051815032959, 107.0
0.25829029083251953, 107.0
0.25980114936828613, 107.0
0.26133203506469727, 107.0
0.2628819942474365, 107.0
0.2644181251525879, 107.0
0.26596522331237793, 107.0
0.267549991607666, 107.0
0.26908326148986816, 107.0
0.2706761360168457, 107.0
0.2722890377044678, 107.0
0.2738480567932129, 107.0
0.2754323482513428, 107.0
0.27696824073791504, 107.0
0.2785210609436035, 107.0
0.2800590991973877, 107.0
0.28159427642822266, 107.0
0.28310608863830566, 107.0
0.28464508056640625, 107.0
0.2862269878387451, 107.0
0.2877922058105469, 107.0
0.2893681526184082, 107.0
0.29092931747436523, 107.0
0.2924489974975586, 107.0
0.2939720153808594, 107.0
0.2956070899963379, 107.0
0.297152042388916, 107.0
0.2986721992492676, 107.0
0.3001561164855957, 107.0
0.3016190528869629, 107.0
0.3030872344970703, 107.0
0.30459117889404297, 107.0
0.30617403984069824, 107.0
0.30764102935791016, 107.0
