0.0025610923767089844, 869.0
0.0060291290283203125, 914.0
0.009515047073364258, 970.0
0.013014078140258789, 995.0
0.016520977020263672, 1009.0
0.02007603645324707, 1009.0
0.023599863052368164, 1013.0
0.027141809463500977, 1013.0
0.030672788619995117, 1018.0
0.03424191474914551, 1018.0
0.03807997703552246, 1018.0
0.041828155517578125, 1018.0
0.04558110237121582, 1018.0
0.049337148666381836, 1018.0
0.05310201644897461, 1018.0
0.05689811706542969, 1018.0
0.06077218055725098, 1018.0
0.06460690498352051, 1018.0
0.06834673881530762, 1018.0
0.07198596000671387, 1018.0
0.07558894157409668, 1018.0
0.07918477058410645, 1018.0
0.08277773857116699, 1018.0
0.08638906478881836, 1018.0
0.08999395370483398, 1018.0
0.0936739444732666, 1018.0
0.09728384017944336, 1018.0
0.1008918285369873, 1018.0
0.10449576377868652, 1018.0
0.1081089973449707, 1018.0
0.11171412467956543, 1018.0
0.11530590057373047, 1018.0
0.11890673637390137, 1018.0
0.12250494956970215, 1018.0
0.12611985206604004, 1018.0
0.12972378730773926, 1018.0
0.1333308219909668, 1018.0
0.13695096969604492, 1018.0
0.14055871963500977, 1018.0
0.14415478706359863, 1018.0
0.14777398109436035, 1018.0
0.15137696266174316, 1018.0
0.15497589111328125, 1018.0
0.15859675407409668, 1018.0
0.1621859073638916, 1018.0
0.16577410697937012, 1018.0
0.16936707496643066, 1018.0
0.17297005653381348, 1018.0
0.17657899856567383, 1018.0
0.1801769733428955, 1018.0
0.18378686904907227, 1018.0
0.18738198280334473, 1018.0
0.19097185134887695, 1018.0
0.19457292556762695, 1018.0
0.19815707206726074, 1018.0
0.20175790786743164, 1018.0
0.2053539752960205, 1018.0
0.20902299880981445, 1018.0
0.21277499198913574, 1018.0
0.21648192405700684, 1018.0
0.22010588645935059, 1018.0
0.22369098663330078, 1018.0
0.22727489471435547, 1018.0
0.23085999488830566, 1018.0
0.23445892333984375, 1018.0
0.23805594444274902, 1018.0
0.24166297912597656, 1018.0
0.2452700138092041, 1018.0
0.2488689422607422, 1018.0
0.25244593620300293, 1018.0
0.25602102279663086, 1018.0
0.2595980167388916, 1018.0
0.26316380500793457, 1018.0
0.2667419910430908, 1018.0
0.27033281326293945, 1018.0
0.27390599250793457, 1018.0
0.27747392654418945, 1018.0
0.28105592727661133, 1018.0
0.2846338748931885, 1018.0
0.2882118225097656, 1018.0
0.29181599617004395, 1018.0
0.29539990425109863, 1018.0
0.29901695251464844, 1018.0
0.3025779724121094, 1018.0
0.3061509132385254, 1018.0
0.30971384048461914, 1018.0
0.3132758140563965, 1018.0
0.31684184074401855, 1018.0
0.32041072845458984, 1018.0
0.3239738941192627, 1018.0
0.3275289535522461, 1018.0
0.3311140537261963, 1018.0
0.33466196060180664, 1018.0
0.3382110595703125, 1018.0
0.3417637348175049, 1018.0
0.34531617164611816, 1018.0
0.34886789321899414, 1018.0
0.35244274139404297, 1018.0
0.3560047149658203, 1018.0
0.3595719337463379, 1018.0
0.36313605308532715, 1018.0
0.3666999340057373, 1018.0
0.3702518939971924, 1018.0
0.37383389472961426, 1018.0
0.3774447441101074, 1018.0
0.38103294372558594, 1018.0
0.38461804389953613, 1018.0
0.38817572593688965, 1018.0
0.39176487922668457, 1018.0
0.3953227996826172, 1018.0
0.39890098571777344, 1018.0
0.4024670124053955, 1018.0
0.40605688095092773, 1018.0
0.4096341133117676, 1018.0
0.41321492195129395, 1018.0
0.41680192947387695, 1018.0
0.42035508155822754, 1018.0
0.42392706871032715, 1018.0
0.42749595642089844, 1018.0
0.4310588836669922, 1018.0
0.4347219467163086, 1018.0
0.4382951259613037, 1018.0
0.44190382957458496, 1018.0
0.44547390937805176, 1018.0
0.4490387439727783, 1018.0
0.4526557922363281, 1018.0
0.4562089443206787, 1018.0
0.459791898727417, 1018.0
0.4633469581604004, 1018.0
0.4669339656829834, 1018.0
0.47048497200012207, 1018.0
0.4740738868713379, 1018.0
0.47763586044311523, 1018.0
0.48119282722473145, 1018.0
0.4847710132598877, 1018.0
0.48833298683166504, 1018.0
0.49192285537719727, 1018.0
0.49548888206481934, 1018.0
0.4990520477294922, 1018.0
0.5025999546051025, 1018.0
0.5061519145965576, 1018.0
0.5097410678863525, 1018.0
0.5133039951324463, 1018.0
0.5168969631195068, 1018.0
0.5204839706420898, 1018.0
0.52413010597229, 1018.0
0.5277078151702881, 1018.0
0.5312650203704834, 1018.0
0.5348758697509766, 1018.0
0.5384719371795654, 1018.0
0.5420730113983154, 1018.0
0.5456299781799316, 1018.0
0.5492358207702637, 1018.0
0.5527780055999756, 1018.0
0.5563321113586426, 1018.0
0.5599160194396973, 1018.0
0.5634927749633789, 1018.0
0.5670866966247559, 1018.0
0.5706918239593506, 1018.0
0.5742809772491455, 1018.0
0.5778260231018066, 1018.0
0.5814290046691895, 1018.0
0.5850276947021484, 1018.0
0.5885889530181885, 1018.0
0.5921788215637207, 1018.0
0.595911979675293, 1018.0
0.5996339321136475, 1018.0
0.6032838821411133, 1018.0
0.6069488525390625, 1018.0
0.6105868816375732, 1018.0
0.6142559051513672, 1018.0
0.6178989410400391, 1018.0
0.6215639114379883, 1018.0
0.6253488063812256, 1018.0
0.6291158199310303, 1018.0
0.6328949928283691, 1018.0
0.6366720199584961, 1018.0
0.6404469013214111, 1018.0
0.6442248821258545, 1018.0
0.6479599475860596, 1018.0
0.6517298221588135, 1018.0
0.6554110050201416, 1018.0
0.6590940952301025, 1018.0
0.662647008895874, 1018.0
0.6662778854370117, 1018.0
0.6698470115661621, 1018.0
0.6734011173248291, 1018.0
0.6769747734069824, 1018.0
0.680527925491333, 1018.0
0.6840898990631104, 1018.0
0.6876380443572998, 1018.0
0.6911869049072266, 1018.0
0.6947529315948486, 1018.0
0.6983187198638916, 1018.0
0.7018790245056152, 1018.0
0.7054469585418701, 1018.0
0.7090108394622803, 1018.0
0.7125790119171143, 1018.0
0.7161390781402588, 1018.0
0.7197487354278564, 1018.0
0.7232999801635742, 1018.0
