0.0008997917175292969, 130.0
0.002502918243408203, 130.0
0.003952980041503906, 130.0
0.005443096160888672, 130.0
0.006926774978637695, 130.0
0.008391857147216797, 130.0
0.009840965270996094, 130.0
0.01131296157836914, 130.0
0.01287698745727539, 130.0
0.014344930648803711, 130.0
0.01581287384033203, 130.0
0.01727294921875, 130.0
0.018722057342529297, 130.0
0.020267009735107422, 130.0
0.021715879440307617, 130.0
0.023171186447143555, 130.0
0.024630069732666016, 130.0
0.02607893943786621, 130.0
0.027544736862182617, 130.0
0.029047012329101562, 130.0
0.03050708770751953, 130.0
0.03197193145751953, 130.0
0.03344893455505371, 130.0
0.03490400314331055, 130.0
0.036360979080200195, 130.0
0.03785872459411621, 130.0
0.03931283950805664, 130.0
0.04076695442199707, 130.0
0.0422210693359375, 130.0
0.043682098388671875, 130.0
0.04515695571899414, 130.0
0.04666590690612793, 130.0
0.048134803771972656, 130.0
0.04958796501159668, 130.0
0.05103492736816406, 130.0
0.052516937255859375, 130.0
0.05401182174682617, 130.0
0.055504798889160156, 130.0
0.05697202682495117, 130.0
0.05842399597167969, 130.0
0.05990290641784668, 130.0
0.061456918716430664, 130.0
0.06307578086853027, 130.0
0.06459808349609375, 130.0
0.06610417366027832, 130.0
0.06758999824523926, 130.0
0.06911110877990723, 130.0
0.07060503959655762, 130.0
0.07210087776184082, 130.0
0.07357907295227051, 130.0
0.07512283325195312, 130.0
0.07659912109375, 130.0
0.07809782028198242, 130.0
0.07961487770080566, 130.0
0.08110189437866211, 130.0
0.08260798454284668, 130.0
0.08409285545349121, 130.0
0.08557891845703125, 130.0
0.0871281623840332, 130.0
0.08866477012634277, 130.0
0.0901639461517334, 130.0
0.09164690971374512, 130.0
0.09313678741455078, 130.0
0.09462189674377441, 130.0
0.09618091583251953, 130.0
0.09770798683166504, 130.0
0.09927988052368164, 130.0
0.10076189041137695, 130.0
0.10222792625427246, 130.0
0.10375595092773438, 130.0
0.10528683662414551, 130.0
0.10675883293151855, 130.0
0.1082160472869873, 130.0
0.10966777801513672, 130.0
0.11113810539245605, 130.0
0.11262702941894531, 130.0
0.11415791511535645, 130.0
0.11562299728393555, 130.0
0.11708688735961914, 130.0
0.11853909492492676, 130.0
0.12000894546508789, 130.0
0.12157177925109863, 130.0
0.12302803993225098, 130.0
0.12450480461120605, 130.0
0.1259629726409912, 130.0
0.1274409294128418, 130.0
0.12889385223388672, 130.0
0.1304478645324707, 130.0
0.13190293312072754, 130.0
0.13337087631225586, 130.0
0.13483285903930664, 130.0
0.1362929344177246, 130.0
0.13777375221252441, 130.0
0.13922786712646484, 130.0
0.14068102836608887, 130.0
0.1421499252319336, 130.0
0.14360713958740234, 130.0
0.1450660228729248, 130.0
0.14652180671691895, 130.0
0.14797592163085938, 130.0
0.1494300365447998, 130.0
0.1508948802947998, 130.0
0.1523420810699463, 130.0
0.15381693840026855, 130.0
0.1552729606628418, 130.0
0.15672993659973145, 130.0
0.1581869125366211, 130.0
0.1596391201019287, 130.0
0.16115784645080566, 130.0
0.1627049446105957, 130.0
0.16416215896606445, 130.0
0.165618896484375, 130.0
0.16706490516662598, 130.0
0.16851305961608887, 130.0
0.16997504234313965, 130.0
0.1714308261871338, 130.0
0.1728971004486084, 130.0
0.17436504364013672, 130.0
0.17582488059997559, 130.0
0.1772758960723877, 130.0
0.17876410484313965, 130.0
0.18021798133850098, 130.0
0.1816699504852295, 130.0
0.18314504623413086, 130.0
0.1846778392791748, 130.0
0.18615388870239258, 130.0
0.18764686584472656, 130.0
0.18916106224060059, 130.0
0.19068193435668945, 130.0
0.19220590591430664, 130.0
0.19373488426208496, 130.0
0.195267915725708, 130.0
0.19674992561340332, 130.0
0.19822287559509277, 130.0
0.19970488548278809, 130.0
0.2011888027191162, 130.0
0.20270991325378418, 130.0
0.20419883728027344, 130.0
0.20568394660949707, 130.0
0.20722293853759766, 130.0
0.20875287055969238, 130.0
0.2103869915008545, 130.0
0.21194195747375488, 130.0
0.2134239673614502, 130.0
0.21491098403930664, 130.0
0.21641993522644043, 130.0
0.21790003776550293, 130.0
0.21938395500183105, 130.0
0.22089695930480957, 130.0
0.22237014770507812, 130.0
0.22385478019714355, 130.0
0.2253267765045166, 130.0
0.2268049716949463, 130.0
0.2283010482788086, 130.0
0.22980093955993652, 130.0
0.23133015632629395, 130.0
0.23280787467956543, 130.0
0.234299898147583, 130.0
0.23577094078063965, 130.0
0.2372579574584961, 130.0
0.23874783515930176, 130.0
0.24022507667541504, 130.0
0.2417469024658203, 130.0
0.2432398796081543, 130.0
0.2447187900543213, 130.0
0.24620294570922852, 130.0
0.24768900871276855, 130.0
0.249161958694458, 130.0
0.2506828308105469, 130.0
0.2521631717681885, 130.0
0.2536489963531494, 130.0
0.25513386726379395, 130.0
0.2566211223602295, 130.0
0.2581031322479248, 130.0
0.2595808506011963, 130.0
0.26111388206481934, 130.0
0.26265406608581543, 130.0
0.2641749382019043, 130.0
0.2656669616699219, 130.0
0.2671499252319336, 130.0
0.26865696907043457, 130.0
0.2701599597930908, 130.0
0.27164387702941895, 130.0
0.273129940032959, 130.0
0.2746109962463379, 130.0
0.2761349678039551, 130.0
0.27762413024902344, 130.0
0.27911996841430664, 130.0
0.28059911727905273, 130.0
0.2820699214935303, 130.0
0.2835419178009033, 130.0
0.2850167751312256, 130.0
0.28649091720581055, 130.0
0.2879769802093506, 130.0
0.28949785232543945, 130.0
0.2910640239715576, 130.0
0.2925539016723633, 130.0
0.2940409183502197, 130.0
0.29552698135375977, 130.0
0.29701781272888184, 130.0
0.29851484298706055, 130.0
