0.002475738525390625, 918.0
0.005966663360595703, 969.0
0.00951075553894043, 969.0
0.01305079460144043, 981.0
0.016695737838745117, 999.0
0.0203399658203125, 1018.0
0.02396082878112793, 1024.0
0.027589797973632812, 1024.0
0.03121161460876465, 1024.0
0.03487372398376465, 1024.0
0.03854799270629883, 1024.0
0.042212724685668945, 1024.0
0.04588961601257324, 1024.0
0.04957175254821777, 1024.0
0.05324077606201172, 1024.0
0.05688881874084473, 1024.0
0.06053566932678223, 1024.0
0.06419873237609863, 1024.0
0.06787371635437012, 1024.0
0.07152366638183594, 1024.0
0.07517790794372559, 1024.0
0.07883167266845703, 1024.0
0.0825507640838623, 1024.0
0.0863039493560791, 1024.0
0.08995270729064941, 1024.0
0.0935816764831543, 1024.0
0.09721088409423828, 1024.0
0.10083460807800293, 1024.0
0.10445165634155273, 1024.0
0.10805988311767578, 1024.0
0.11170482635498047, 1024.0
0.11534690856933594, 1024.0
0.11897492408752441, 1024.0
0.12258481979370117, 1024.0
0.12621784210205078, 1024.0
0.12983298301696777, 1024.0
0.13344573974609375, 1024.0
0.13707375526428223, 1024.0
0.1406998634338379, 1024.0
0.14433073997497559, 1024.0
0.1479957103729248, 1024.0
0.15161776542663574, 1024.0
0.15523195266723633, 1024.0
0.1588428020477295, 1024.0
0.16246676445007324, 1024.0
0.16608881950378418, 1024.0
0.1696949005126953, 1024.0
0.17329883575439453, 1024.0
0.17689180374145508, 1024.0
0.18047571182250977, 1024.0
0.18407678604125977, 1024.0
0.18766474723815918, 1024.0
0.19124674797058105, 1024.0
0.1948249340057373, 1024.0
0.19843268394470215, 1024.0
0.2020418643951416, 1024.0
0.20562100410461426, 1024.0
0.20928263664245605, 1024.0
0.21299982070922852, 1024.0
0.2166919708251953, 1024.0
0.2202928066253662, 1024.0
0.22386574745178223, 1024.0
0.22742176055908203, 1024.0
0.2310028076171875, 1024.0
0.23461461067199707, 1024.0
0.23819756507873535, 1024.0
0.24190282821655273, 1024.0
0.24545669555664062, 1024.0
0.24905085563659668, 1024.0
0.25263071060180664, 1024.0
0.2561826705932617, 1024.0
0.259765625, 1024.0
0.2633206844329834, 1024.0
0.2668888568878174, 1024.0
0.2704639434814453, 1024.0
0.2740447521209717, 1024.0
0.27760887145996094, 1024.0
0.2811756134033203, 1024.0
0.2847576141357422, 1024.0
0.28832173347473145, 1024.0
0.29190564155578613, 1024.0
0.2954838275909424, 1024.0
0.29907679557800293, 1024.0
0.3027305603027344, 1024.0
0.3064098358154297, 1024.0
0.3101387023925781, 1024.0
0.313701868057251, 1024.0
0.3173258304595947, 1024.0
0.3208937644958496, 1024.0
0.32446789741516113, 1024.0
0.3280518054962158, 1024.0
0.33166956901550293, 1024.0
0.33522987365722656, 1024.0
0.3387868404388428, 1024.0
0.3423647880554199, 1024.0
0.34592485427856445, 1024.0
0.34949779510498047, 1024.0
0.3530707359313965, 1024.0
0.35664892196655273, 1024.0
0.36022472381591797, 1024.0
0.363797664642334, 1024.0
0.36736583709716797, 1024.0
0.3709378242492676, 1024.0
0.3744959831237793, 1024.0
0.3780558109283447, 1024.0
0.38162779808044434, 1024.0
0.38535284996032715, 1024.0
0.3889157772064209, 1024.0
0.3925478458404541, 1024.0
0.39611291885375977, 1024.0
0.3997318744659424, 1024.0
0.4033627510070801, 1024.0
0.40700793266296387, 1024.0
0.41063880920410156, 1024.0
0.4142327308654785, 1024.0
0.41786766052246094, 1024.0
0.42144179344177246, 1024.0
0.42507481575012207, 1024.0
0.4287447929382324, 1024.0
0.43245577812194824, 1024.0
0.4362056255340576, 1024.0
0.4399139881134033, 1024.0
0.44358396530151367, 1024.0
0.4472389221191406, 1024.0
0.45091676712036133, 1024.0
0.4545607566833496, 1024.0
0.4582526683807373, 1024.0
0.4619138240814209, 1024.0
0.46556878089904785, 1024.0
0.46926379203796387, 1024.0
0.4729297161102295, 1024.0
0.476665735244751, 1024.0
0.48030900955200195, 1024.0
0.4839959144592285, 1024.0
0.4877016544342041, 1024.0
0.4913825988769531, 1024.0
0.4950997829437256, 1024.0
0.4987609386444092, 1024.0
0.5024387836456299, 1024.0
0.5061237812042236, 1024.0
0.5098257064819336, 1024.0
0.5134897232055664, 1024.0
0.5171728134155273, 1024.0
0.5209298133850098, 1024.0
0.525000810623169, 1024.0
0.5289397239685059, 1024.0
0.5328178405761719, 1024.0
0.5367527008056641, 1024.0
0.540651798248291, 1024.0
0.5445456504821777, 1024.0
0.5484559535980225, 1024.0
0.5523247718811035, 1024.0
0.5561988353729248, 1024.0
0.5600848197937012, 1024.0
0.5639019012451172, 1024.0
0.567753791809082, 1024.0
0.5715289115905762, 1024.0
0.575401782989502, 1024.0
0.5792319774627686, 1024.0
0.5830678939819336, 1024.0
0.5869717597961426, 1024.0
0.5908706188201904, 1024.0
0.5947508811950684, 1024.0
0.5985229015350342, 1024.0
0.6023576259613037, 1024.0
0.6061429977416992, 1024.0
0.6099598407745361, 1024.0
0.6137306690216064, 1024.0
0.6174945831298828, 1024.0
0.6212878227233887, 1024.0
0.6250476837158203, 1024.0
0.6288115978240967, 1024.0
0.6325676441192627, 1024.0
0.6363437175750732, 1024.0
0.6401007175445557, 1024.0
0.643864631652832, 1024.0
0.6476438045501709, 1024.0
0.6513957977294922, 1024.0
0.6551365852355957, 1024.0
0.6588988304138184, 1024.0
0.6626408100128174, 1024.0
0.6663897037506104, 1024.0
0.670137882232666, 1024.0
0.6738858222961426, 1024.0
0.677628755569458, 1024.0
0.6813657283782959, 1024.0
0.6851205825805664, 1024.0
0.6888666152954102, 1024.0
0.6926038265228271, 1024.0
0.6963629722595215, 1024.0
0.7001137733459473, 1024.0
0.7038547992706299, 1024.0
0.7076117992401123, 1024.0
0.7113497257232666, 1024.0
0.7150976657867432, 1024.0
0.7188537120819092, 1024.0
0.7225968837738037, 1024.0
0.7263367176055908, 1024.0
0.7300777435302734, 1024.0
0.7338347434997559, 1024.0
0.7375717163085938, 1024.0
