0.0029070377349853516, 9741.0
0.0066890716552734375, 9749.0
0.010483026504516602, 9754.0
0.014415979385375977, 9756.0
0.018081188201904297, 9756.0
0.02189493179321289, 9756.0
0.025822162628173828, 9762.0
0.029410123825073242, 9762.0
0.03297710418701172, 9762.0
0.03653311729431152, 9763.0
0.040036916732788086, 9763.0
0.04351401329040527, 9763.0
0.04698824882507324, 9763.0
0.05044698715209961, 9763.0
0.053900957107543945, 9763.0
0.05735611915588379, 9763.0
0.06084799766540527, 9763.0
0.06438994407653809, 9763.0
0.0678868293762207, 9763.0
0.07140517234802246, 9763.0
0.07492995262145996, 9763.0
0.07848501205444336, 9763.0
0.08201813697814941, 9763.0
0.08553600311279297, 9763.0
0.08905601501464844, 9763.0
0.09263896942138672, 9763.0
0.09617304801940918, 9763.0
0.09970903396606445, 9763.0
0.10325407981872559, 9763.0
0.10682201385498047, 9763.0
0.11037302017211914, 9763.0
0.11392498016357422, 9763.0
0.11745500564575195, 9763.0
0.1210031509399414, 9763.0
0.1245567798614502, 9763.0
0.12810707092285156, 9763.0
0.13164615631103516, 9763.0
0.13519692420959473, 9763.0
0.1387321949005127, 9763.0
0.1422579288482666, 9763.0
0.14580488204956055, 9763.0
0.14935994148254395, 9763.0
0.15288305282592773, 9763.0
0.15642499923706055, 9763.0
0.1599581241607666, 9763.0
0.16348505020141602, 9763.0
0.1670379638671875, 9763.0
0.17056608200073242, 9763.0
0.1741030216217041, 9763.0
0.17763209342956543, 9763.0
0.18116998672485352, 9763.0
0.18470501899719238, 9763.0
0.18823885917663574, 9763.0
0.19176101684570312, 9763.0
0.19533610343933105, 9763.0
0.19900202751159668, 9763.0
0.2025449275970459, 9763.0
0.20613408088684082, 9763.0
0.2098219394683838, 9763.0
0.21342706680297852, 9763.0
0.21703696250915527, 9763.0
0.2206108570098877, 9763.0
0.22416400909423828, 9763.0
0.22771406173706055, 9763.0
0.23124098777770996, 9763.0
0.2347888946533203, 9763.0
0.2383120059967041, 9763.0
0.2418661117553711, 9763.0
0.2454211711883545, 9763.0
0.2489471435546875, 9763.0
0.2524838447570801, 9763.0
0.2559990882873535, 9763.0
0.2595221996307373, 9763.0
0.26303911209106445, 9763.0
0.26657700538635254, 9763.0
0.27010202407836914, 9763.0
0.2736179828643799, 9763.0
0.2771470546722412, 9763.0
0.2806680202484131, 9763.0
0.28421521186828613, 9763.0
0.28782010078430176, 9763.0
0.2914290428161621, 9763.0
0.2950160503387451, 9763.0
0.2985401153564453, 9763.0
0.30207014083862305, 9763.0
0.3056330680847168, 9767.0
0.3091609477996826, 9767.0
0.31271886825561523, 9767.0
0.31635594367980957, 9767.0
0.31989216804504395, 9767.0
0.3233959674835205, 9767.0
0.32692599296569824, 9767.0
0.3304421901702881, 9767.0
0.33397412300109863, 9767.0
0.3374919891357422, 9767.0
0.34101200103759766, 9767.0
0.3445248603820801, 9767.0
0.34799909591674805, 9767.0
0.3515169620513916, 9767.0
0.3549950122833252, 9767.0
0.35849499702453613, 9767.0
0.36197686195373535, 9767.0
0.36547303199768066, 9767.0
0.3689448833465576, 9767.0
0.37242817878723145, 9767.0
0.37590789794921875, 9767.0
0.37943410873413086, 9767.0
0.3829309940338135, 9767.0
0.386430025100708, 9767.0
0.3899118900299072, 9767.0
0.39340710639953613, 9767.0
0.39689207077026367, 9767.0
0.40039610862731934, 9767.0
0.4038879871368408, 9767.0
0.4073669910430908, 9767.0
0.41086506843566895, 9767.0
0.41437292098999023, 9767.0
0.4180171489715576, 9767.0
0.42153191566467285, 9767.0
0.4250509738922119, 9767.0
0.42857885360717773, 9767.0
0.4320640563964844, 9767.0
0.4356050491333008, 9767.0
0.43912506103515625, 9767.0
0.4426560401916504, 9767.0
0.44614410400390625, 9767.0
0.449660062789917, 9767.0
0.4532151222229004, 9767.0
0.4567229747772217, 9767.0
0.4602692127227783, 9767.0
0.46378612518310547, 9767.0
0.4673030376434326, 9767.0
0.47080206871032715, 9767.0
0.47428202629089355, 9767.0
0.4778299331665039, 9767.0
0.4813399314880371, 9767.0
0.48486804962158203, 9767.0
0.4883852005004883, 9767.0
0.4919288158416748, 9767.0
0.4954240322113037, 9767.0
0.49899983406066895, 9767.0
0.502526044845581, 9767.0
0.5060410499572754, 9767.0
0.5096101760864258, 9767.0
0.5131430625915527, 9767.0
0.5166440010070801, 9767.0
0.5202219486236572, 9767.0
0.5237741470336914, 9767.0
0.5274200439453125, 9767.0
0.5311088562011719, 9767.0
0.5347931385040283, 9767.0
0.5383720397949219, 9767.0
0.541964054107666, 9767.0
0.545551061630249, 9767.0
0.5491421222686768, 9767.0
0.5527200698852539, 9767.0
0.5562891960144043, 9767.0
0.559873104095459, 9767.0
0.5635249614715576, 9767.0
0.5671329498291016, 9767.0
0.5707190036773682, 9767.0
0.5743520259857178, 9767.0
0.5779550075531006, 9767.0
0.5815279483795166, 9767.0
0.5851659774780273, 9767.0
0.5887250900268555, 9767.0
0.592350959777832, 9767.0
0.5961580276489258, 9767.0
0.5998530387878418, 9767.0
0.603614091873169, 9767.0
0.6072800159454346, 9767.0
0.6109499931335449, 9767.0
0.6145849227905273, 9767.0
0.6182558536529541, 9767.0
0.6220090389251709, 9767.0
0.6257932186126709, 9767.0
0.6295530796051025, 9767.0
0.6333651542663574, 9767.0
0.6371569633483887, 9767.0
0.6409449577331543, 9767.0
0.6447420120239258, 9767.0
0.648522138595581, 9767.0
0.6523101329803467, 9767.0
0.6561141014099121, 9767.0
0.6598789691925049, 9767.0
0.6636700630187988, 9767.0
0.6674041748046875, 9767.0
0.6711161136627197, 9767.0
0.6747920513153076, 9767.0
0.6784520149230957, 9767.0
0.682293176651001, 9767.0
0.6861410140991211, 9767.0
0.6898651123046875, 9767.0
0.6936020851135254, 9767.0
0.6973700523376465, 9767.0
0.7010672092437744, 9767.0
0.7047750949859619, 9767.0
0.7084848880767822, 9767.0
0.7121880054473877, 9767.0
0.7158958911895752, 9767.0
0.7195820808410645, 9767.0
