0.002017974853515625, 469.161046
0.004716634750366211, 469.161046
0.007479667663574219, 469.161046
0.010176897048950195, 469.161046
0.012834787368774414, 469.161046
0.015556812286376953, 469.161046
0.01820993423461914, 469.161046
0.020830869674682617, 469.161046
0.023451805114746094, 481.069368
0.02607274055480957, 481.069368
0.02872490882873535, 481.069368
0.03139781951904297, 481.069368
0.034033775329589844, 481.069368
0.03667879104614258, 481.069368
0.03934788703918457, 481.069368
0.04198884963989258, 481.069368
0.04464578628540039, 481.069368
0.047342777252197266, 481.069368
0.050020694732666016, 481.069368
0.05271291732788086, 481.069368
0.055397748947143555, 481.069368
0.058075904846191406, 481.069368
0.06075286865234375, 481.069368
0.06348490715026855, 481.069368
0.06617975234985352, 481.069368
0.06886506080627441, 481.069368
0.07154679298400879, 481.069368
0.07423591613769531, 481.069368
0.07693076133728027, 481.069368
0.07962393760681152, 481.069368
0.08230400085449219, 481.069368
0.08498978614807129, 481.069368
0.08768272399902344, 481.069368
0.09035897254943848, 481.069368
0.09304976463317871, 481.069368
0.09575676918029785, 481.069368
0.09843993186950684, 481.069368
0.10113000869750977, 481.069368
0.10381174087524414, 481.069368
0.1065378189086914, 481.069368
0.10924077033996582, 481.069368
0.11191987991333008, 481.069368
0.11460566520690918, 481.069368
0.11731672286987305, 481.069368
0.12000274658203125, 481.069368
0.12280988693237305, 481.069368
0.1255497932434082, 481.069368
0.12822294235229492, 481.069368
0.13100385665893555, 481.069368
0.13370180130004883, 481.069368
0.13637566566467285, 481.069368
0.13908982276916504, 481.069368
0.14192581176757812, 481.069368
0.144622802734375, 481.069368
0.14739203453063965, 481.069368
0.15006685256958008, 481.069368
0.15273594856262207, 481.069368
0.15547490119934082, 481.069368
0.15814495086669922, 481.069368
0.1608288288116455, 481.069368
0.16359782218933105, 481.069368
0.1662757396697998, 481.069368
0.16895103454589844, 481.069368
0.17166495323181152, 481.069368
0.17437171936035156, 481.069368
0.17703986167907715, 481.069368
0.17978501319885254, 481.069368
0.1824479103088379, 481.069368
0.18513083457946777, 481.069368
0.18781781196594238, 481.069368
0.19053077697753906, 481.069368
0.19319391250610352, 481.069368
0.19586586952209473, 481.069368
0.1986067295074463, 481.069368
0.201279878616333, 481.069368
0.2039470672607422, 481.069368
0.20665693283081055, 481.069368
0.20942997932434082, 481.069368
0.2120988368988037, 481.069368
0.21488189697265625, 481.069368
0.2175607681274414, 481.069368
0.22025179862976074, 481.069368
0.22304582595825195, 481.069368
0.22571396827697754, 481.069368
0.22838783264160156, 481.069368
0.23112988471984863, 481.069368
0.23382186889648438, 481.069368
0.23649096488952637, 481.069368
0.23920202255249023, 481.069368
0.24186086654663086, 481.069368
0.24452686309814453, 481.069368
0.24724578857421875, 481.069368
0.2499089241027832, 481.069368
0.25257277488708496, 481.069368
0.25528883934020996, 481.069368
0.25797295570373535, 481.069368
0.26065897941589355, 481.069368
0.26332688331604004, 481.069368
0.2660539150238037, 481.069368
0.26872706413269043, 481.069368
0.2714366912841797, 481.069368
0.2740957736968994, 481.069368
0.2767598628997803, 481.069368
0.2794477939605713, 481.069368
0.2821838855743408, 481.069368
0.2848508358001709, 481.069368
0.28753209114074707, 481.069368
0.29025983810424805, 481.069368
0.29292893409729004, 481.069368
0.29559779167175293, 481.069368
0.2983098030090332, 481.069368
0.3009757995605469, 481.069368
0.3036918640136719, 481.069368
0.30638575553894043, 481.069368
0.30905985832214355, 481.069368
0.31176185607910156, 481.069368
0.3145637512207031, 481.069368
0.317363977432251, 481.069368
0.32010388374328613, 481.069368
0.3228728771209717, 481.069368
0.3255927562713623, 481.069368
0.3283109664916992, 481.069368
0.33107781410217285, 481.069368
0.3337867259979248, 481.069368
0.3366227149963379, 481.069368
0.33950185775756836, 481.069368
0.34217190742492676, 481.069368
0.3448598384857178, 481.069368
0.34758877754211426, 481.069368
0.35024476051330566, 481.069368
0.3529179096221924, 481.069368
0.35566067695617676, 481.069368
0.35834288597106934, 481.069368
0.3610219955444336, 481.069368
0.3638029098510742, 481.069368
0.36648082733154297, 481.069368
0.36916184425354004, 481.069368
0.3718867301940918, 481.069368
0.37454795837402344, 481.069368
0.37721776962280273, 481.069368
0.379957914352417, 481.069368
0.382631778717041, 481.069368
0.3852977752685547, 481.069368
0.3879837989807129, 481.069368
0.3907136917114258, 481.069368
0.3933849334716797, 481.069368
0.3961317539215088, 481.069368
0.39883899688720703, 481.069368
0.40159177780151367, 481.069368
0.40428590774536133, 481.069368
0.4070088863372803, 481.069368
0.4096839427947998, 481.069368
0.41237497329711914, 481.069368
0.41513705253601074, 481.069368
0.41780781745910645, 481.069368
0.42049574851989746, 481.069368
0.42324304580688477, 481.069368
0.4259629249572754, 481.069368
0.428696870803833, 481.069368
0.43146181106567383, 481.069368
0.43418383598327637, 481.069368
0.4369189739227295, 481.069368
0.43967676162719727, 481.069368
0.44234585762023926, 481.069368
0.44501495361328125, 481.069368
0.4477498531341553, 481.069368
0.4504120349884033, 481.069368
0.45308494567871094, 481.069368
0.4557979106903076, 481.069368
0.4584667682647705, 481.069368
0.46112680435180664, 481.069368
0.46384572982788086, 481.069368
0.4665048122406006, 481.069368
0.4691751003265381, 481.069368
0.47190403938293457, 481.069368
0.4745779037475586, 481.069368
0.477266788482666, 481.069368
0.479982852935791, 481.069368
0.48264288902282715, 481.069368
0.4853079319000244, 481.069368
0.488034725189209, 481.069368
0.4906938076019287, 481.069368
0.4933598041534424, 481.069368
0.4960308074951172, 481.069368
0.4987809658050537, 481.069368
0.5014519691467285, 481.069368
0.5041437149047852, 481.069368
0.5068349838256836, 481.069368
0.509497880935669, 481.069368
0.5121757984161377, 481.069368
0.5149860382080078, 481.069368
0.5177028179168701, 481.069368
0.5204169750213623, 481.069368
0.5232038497924805, 481.069368
0.526052713394165, 481.069368
0.5288169384002686, 481.069368
0.5316038131713867, 481.069368
0.5343937873840332, 481.069368
0.5371508598327637, 481.069368
0.54007887840271, 481.069368
0.542881965637207, 481.069368
