8.821487426757812e-06, 30.399487
1.5020370483398438e-05, 31.290627
2.09808349609375e-05, 113.57463200000001
2.5987625122070312e-05, 173.75102900000002
3.0994415283203125e-05, 244.80117099999998
3.600120544433594e-05, 279.830316
5.1975250244140625e-05, 322.363963
5.698204040527344e-05, 331.50425700000005
0.0005159378051757812, 339.625232
0.0005319118499755859, 348.6404
0.0006067752838134766, 354.023865
0.0017850399017333984, 363.405255
0.0017898082733154297, 364.296395
0.0022797584533691406, 392.803735
0.002549886703491211, 413.583788
0.002833843231201172, 418.115787
0.011111736297607422, 419.800409
0.027759790420532227, 454.429761
0.07621192932128906, 469.161046
0.08100771903991699, 481.069368
