0.0013928413391113281, 52.0
0.00335693359375, 52.0
0.0052947998046875, 52.0
0.007300853729248047, 52.0
0.009340763092041016, 52.0
0.011317968368530273, 52.0
0.01322174072265625, 52.0
0.015120744705200195, 52.0
0.01699995994567871, 52.0
0.018993854522705078, 52.0
0.020865917205810547, 52.0
0.0227358341217041, 52.0
0.024612903594970703, 52.0
0.02652597427368164, 52.0
0.028397083282470703, 52.0
0.030278921127319336, 52.0
0.03218197822570801, 52.0
0.03406882286071777, 52.0
0.03603792190551758, 52.0
0.03791475296020508, 52.0
0.039810895919799805, 52.0
0.041678667068481445, 52.0
0.043586015701293945, 52.0
0.04544782638549805, 52.0
0.047319889068603516, 52.0
0.04918694496154785, 52.0
0.051106929779052734, 52.0
0.05296206474304199, 52.0
0.05484485626220703, 52.0
0.05672287940979004, 52.0
0.058586835861206055, 52.0
0.06050586700439453, 52.0
0.06247973442077637, 52.0
0.06437492370605469, 52.0
0.0662388801574707, 52.0
0.06815099716186523, 52.0
0.07001090049743652, 52.0
0.07190608978271484, 52.0
0.07378792762756348, 52.0
0.07564902305603027, 52.0
0.07756590843200684, 52.0
0.07943296432495117, 52.0
0.08130574226379395, 52.0
0.0831749439239502, 52.0
0.08508992195129395, 52.0
0.08695292472839355, 52.0
0.08881187438964844, 52.0
0.09067988395690918, 52.0
0.09253668785095215, 52.0
0.09443879127502441, 52.0
0.09630489349365234, 52.0
0.09816789627075195, 52.0
0.10002875328063965, 52.0
0.10193681716918945, 52.0
0.1038057804107666, 52.0
0.1056671142578125, 52.0
0.10753774642944336, 52.0
0.10943484306335449, 52.0
0.11128973960876465, 52.0
0.11314201354980469, 52.0
0.11499786376953125, 52.0
0.11685681343078613, 52.0
0.11876988410949707, 52.0
0.12064290046691895, 52.0
0.12250494956970215, 52.0
0.12436079978942871, 52.0
0.1262657642364502, 52.0
0.128126859664917, 52.0
0.12998294830322266, 52.0
0.13184785842895508, 52.0
0.1336989402770996, 52.0
0.13560867309570312, 52.0
0.1374669075012207, 52.0
0.13933801651000977, 52.0
0.14119982719421387, 52.0
0.1431260108947754, 52.0
0.14503192901611328, 52.0
0.14693880081176758, 52.0
0.1488349437713623, 52.0
0.15074682235717773, 52.0
0.15268492698669434, 52.0
0.15464496612548828, 52.0
0.15664291381835938, 52.0
0.15849804878234863, 52.0
0.16040492057800293, 52.0
0.16226983070373535, 52.0
0.16417288780212402, 52.0
0.16603493690490723, 52.0
0.16803574562072754, 52.0
0.16991686820983887, 52.0
0.17180085182189941, 52.0
0.17368388175964355, 52.0
0.17554688453674316, 52.0
0.17744898796081543, 52.0
0.1793079376220703, 52.0
0.1811809539794922, 52.0
0.18303585052490234, 52.0
0.18495488166809082, 52.0
0.18681597709655762, 52.0
0.18867778778076172, 52.0
0.19053888320922852, 52.0
0.19243478775024414, 52.0
0.1943197250366211, 52.0
0.1961839199066162, 52.0
0.1980609893798828, 52.0
0.19992494583129883, 52.0
0.20184803009033203, 52.0
0.20374178886413574, 52.0
0.2056429386138916, 52.0
0.20755982398986816, 52.0
0.20949292182922363, 52.0
0.21146702766418457, 52.0
0.21335387229919434, 52.0
0.2152409553527832, 52.0
0.21713685989379883, 52.0
0.21911978721618652, 52.0
0.22099566459655762, 52.0
0.22286272048950195, 52.0
0.2247447967529297, 52.0
0.22666692733764648, 52.0
0.22852182388305664, 52.0
0.23038697242736816, 52.0
0.23227477073669434, 52.0
0.23413395881652832, 52.0
0.23604083061218262, 52.0
0.23791265487670898, 52.0
0.23979687690734863, 52.0
0.2416839599609375, 52.0
0.2436058521270752, 52.0
0.2454679012298584, 52.0
0.24733376502990723, 52.0
0.2491908073425293, 52.0
0.25104784965515137, 52.0
0.2529630661010742, 52.0
0.2548370361328125, 52.0
0.2567138671875, 52.0
0.25856900215148926, 52.0
0.2604658603668213, 52.0
0.26233911514282227, 52.0
0.2642059326171875, 52.0
0.2660958766937256, 52.0
0.26796698570251465, 52.0
0.2698678970336914, 52.0
0.27176594734191895, 52.0
0.27376294136047363, 52.0
0.2757680416107178, 52.0
0.27774596214294434, 52.0
0.2796778678894043, 52.0
0.2815818786621094, 52.0
0.2834808826446533, 52.0
0.2854321002960205, 52.0
0.2873258590698242, 52.0
0.2892279624938965, 52.0
0.291126012802124, 52.0
0.29306697845458984, 52.0
0.2949790954589844, 52.0
0.2969398498535156, 52.0
0.29886698722839355, 52.0
0.3008120059967041, 52.0
0.3027169704437256, 52.0
0.304628849029541, 52.0
0.30655479431152344, 52.0
0.30850672721862793, 52.0
0.31047606468200684, 52.0
0.3123960494995117, 52.0
0.314284086227417, 52.0
0.31614184379577637, 52.0
0.3180108070373535, 52.0
0.3199479579925537, 52.0
0.32182884216308594, 52.0
0.32370686531066895, 52.0
0.32557106018066406, 52.0
0.32747697830200195, 52.0
0.3293497562408447, 52.0
0.33122992515563965, 52.0
0.3330869674682617, 52.0
0.3349790573120117, 52.0
0.3368518352508545, 52.0
0.33873796463012695, 52.0
0.34061384201049805, 52.0
0.3424828052520752, 52.0
0.344376802444458, 52.0
0.34623265266418457, 52.0
0.34809184074401855, 52.0
0.34996771812438965, 52.0
0.3518688678741455, 52.0
0.35378479957580566, 52.0
0.35564184188842773, 52.0
0.3574976921081543, 52.0
0.35941600799560547, 52.0
0.36129307746887207, 52.0
0.3631598949432373, 52.0
0.36502695083618164, 52.0
0.3668820858001709, 52.0
0.36875486373901367, 52.0
0.37060976028442383, 52.0
0.3724710941314697, 52.0
0.3743319511413574, 52.0
0.37619876861572266, 52.0
0.3780710697174072, 52.0
0.3799407482147217, 52.0
