1.3113021850585938e-05, 55.0
2.09808349609375e-05, 101.0
2.6941299438476562e-05, 130.0
3.314018249511719e-05, 170.0
4.00543212890625e-05, 242.0
4.601478576660156e-05, 286.0
5.888938903808594e-05, 315.0
6.508827209472656e-05, 355.0
7.200241088867188e-05, 433.0
7.772445678710938e-05, 441.0
8.988380432128906e-05, 447.0
0.000102996826171875, 478.0
0.00011491775512695312, 531.0
0.0002040863037109375, 556.0
0.00021696090698242188, 557.0
0.0004680156707763672, 565.0
0.0004978179931640625, 619.0
0.0005047321319580078, 694.0
0.0005288124084472656, 745.0
0.0006659030914306641, 776.0
0.0006840229034423828, 810.0
0.00109100341796875, 857.0
0.003297090530395508, 929.0
0.016694068908691406, 931.0
0.03122091293334961, 957.0
0.04011082649230957, 979.0
0.13171792030334473, 982.0
0.23715996742248535, 996.0
0.24014592170715332, 1005.0
0.30231714248657227, 1011.0
0.37479186058044434, 1017.0
0.37481093406677246, 1025.0
