0.0008718967437744141, 130.0
0.002321958541870117, 130.0
0.003718852996826172, 130.0
0.00514984130859375, 130.0
0.006790876388549805, 130.0
0.008339881896972656, 130.0
0.009814977645874023, 130.0
0.011291980743408203, 130.0
0.012852907180786133, 130.0
0.0143280029296875, 130.0
0.01580500602722168, 130.0
0.01728510856628418, 130.0
0.018766164779663086, 130.0
0.02024698257446289, 130.0
0.021760940551757812, 130.0
0.023236989974975586, 130.0
0.024710893630981445, 130.0
0.026239871978759766, 130.0
0.02782416343688965, 130.0
0.02939009666442871, 130.0
0.03085494041442871, 130.0
0.03232574462890625, 130.0
0.03385806083679199, 130.0
0.03544497489929199, 130.0
0.03724479675292969, 130.0
0.03874683380126953, 130.0
0.04021811485290527, 130.0
0.0416719913482666, 130.0
0.04311180114746094, 130.0
0.0445559024810791, 130.0
0.046005964279174805, 130.0
0.047453880310058594, 130.0
0.04889488220214844, 130.0
0.050334930419921875, 130.0
0.05177807807922363, 130.0
0.0532228946685791, 130.0
0.05466794967651367, 130.0
0.05612587928771973, 130.0
0.057562828063964844, 130.0
0.05900311470031738, 130.0
0.060437917709350586, 130.0
0.06188201904296875, 130.0
0.06331801414489746, 130.0
0.06476211547851562, 130.0
0.0662069320678711, 130.0
0.0677030086517334, 130.0
0.06914615631103516, 130.0
0.07058095932006836, 130.0
0.07201790809631348, 130.0
0.0734560489654541, 130.0
0.07489609718322754, 130.0
0.07634496688842773, 130.0
0.07779097557067871, 130.0
0.0792379379272461, 130.0
0.08068299293518066, 130.0
0.0821218490600586, 130.0
0.08355712890625, 130.0
0.08499717712402344, 130.0
0.08644700050354004, 130.0
0.08788895606994629, 130.0
0.08934497833251953, 130.0
0.09080696105957031, 130.0
0.09225010871887207, 130.0
0.09369587898254395, 130.0
0.09514379501342773, 130.0
0.09659481048583984, 130.0
0.09804201126098633, 130.0
0.0994880199432373, 130.0
0.10096096992492676, 130.0
0.10241293907165527, 130.0
0.10385394096374512, 130.0
0.10529780387878418, 130.0
0.10673880577087402, 130.0
0.1081840991973877, 130.0
0.10963106155395508, 130.0
0.1110830307006836, 130.0
0.11252593994140625, 130.0
0.11397290229797363, 130.0
0.11542510986328125, 130.0
0.11689019203186035, 130.0
0.1183319091796875, 130.0
0.11977386474609375, 130.0
0.1212148666381836, 130.0
0.12266111373901367, 130.0
0.12410807609558105, 130.0
0.12555480003356934, 130.0
0.12700295448303223, 130.0
0.12845897674560547, 130.0
0.12990093231201172, 130.0
0.13134479522705078, 130.0
0.13280105590820312, 130.0
0.13424897193908691, 130.0
0.1356961727142334, 130.0
0.13713788986206055, 130.0
0.13858890533447266, 130.0
0.14005398750305176, 130.0
0.1415269374847412, 130.0
0.14301490783691406, 130.0
0.1446070671081543, 130.0
0.14605093002319336, 130.0
0.14749789237976074, 130.0
0.14893889427185059, 130.0
0.15038490295410156, 130.0
0.151839017868042, 130.0
0.1532878875732422, 130.0
0.15477204322814941, 130.0
0.15621614456176758, 130.0
0.15765881538391113, 130.0
0.15909814834594727, 130.0
0.1605539321899414, 130.0
0.16199803352355957, 130.0
0.16347503662109375, 130.0
0.16492581367492676, 130.0
0.16637587547302246, 130.0
0.1678330898284912, 130.0
0.16928696632385254, 130.0
0.1707439422607422, 130.0
0.17218685150146484, 130.0
0.17363882064819336, 130.0
0.1750798225402832, 130.0
0.17653799057006836, 130.0
0.17798185348510742, 130.0
0.17943191528320312, 130.0
0.18088006973266602, 130.0
0.1823279857635498, 130.0
0.18376803398132324, 130.0
0.18521595001220703, 130.0
0.18667387962341309, 130.0
0.18812799453735352, 130.0
0.18956589698791504, 130.0
0.1910080909729004, 130.0
0.19245696067810059, 130.0
0.1939070224761963, 130.0
0.19536685943603516, 130.0
0.19681882858276367, 130.0
0.19826602935791016, 130.0
0.19971609115600586, 130.0
0.201157808303833, 130.0
0.20260310173034668, 130.0
0.2040550708770752, 130.0
0.20549702644348145, 130.0
0.20694494247436523, 130.0
0.2083890438079834, 130.0
0.20983290672302246, 130.0
0.21132802963256836, 130.0
0.21280884742736816, 130.0
0.2143080234527588, 130.0
0.21587514877319336, 130.0
0.21732807159423828, 130.0
0.21877598762512207, 130.0
0.22028684616088867, 130.0
0.22182393074035645, 130.0
0.2232680320739746, 130.0
0.22472190856933594, 130.0
0.22616910934448242, 130.0
0.2276170253753662, 130.0
0.22909092903137207, 130.0
0.23053908348083496, 130.0
0.23198318481445312, 130.0
0.233428955078125, 130.0
0.23487401008605957, 130.0
0.2363429069519043, 130.0
0.2378218173980713, 130.0
0.23926997184753418, 130.0
0.24071097373962402, 130.0
0.2421739101409912, 130.0
0.24364376068115234, 130.0
0.24508905410766602, 130.0
0.2465369701385498, 130.0
0.24797487258911133, 130.0
0.24943780899047852, 130.0
0.250885009765625, 130.0
0.25232696533203125, 130.0
0.25377416610717773, 130.0
0.25522899627685547, 130.0
0.2566688060760498, 130.0
0.25811100006103516, 130.0
0.25955700874328613, 130.0
0.26101088523864746, 130.0
0.2624530792236328, 130.0
0.26389288902282715, 130.0
0.2653381824493408, 130.0
0.26679086685180664, 130.0
0.2682359218597412, 130.0
0.2696819305419922, 130.0
0.27112603187561035, 130.0
0.27259397506713867, 130.0
0.27405381202697754, 130.0
0.2754948139190674, 130.0
0.27695679664611816, 130.0
0.2784078121185303, 130.0
0.27985620498657227, 130.0
0.2812979221343994, 130.0
0.2827470302581787, 130.0
0.2841939926147461, 130.0
0.2856559753417969, 130.0
0.28710389137268066, 130.0
0.28854918479919434, 130.0
0.2899909019470215, 130.0
0.29143810272216797, 130.0
0.2928738594055176, 130.0
