0.0007588863372802734, 23.0
0.0020296573638916016, 23.0
0.003284931182861328, 23.0
0.004492044448852539, 23.0
0.005705833435058594, 23.0
0.006944894790649414, 23.0
0.008174896240234375, 23.0
0.00940394401550293, 23.0
0.010668039321899414, 23.0
0.011908769607543945, 23.0
0.013116836547851562, 23.0
0.014317035675048828, 23.0
0.015515804290771484, 23.0
0.016731739044189453, 23.0
0.017949819564819336, 23.0
0.01920485496520996, 23.0
0.020450115203857422, 23.0
0.021689891815185547, 23.0
0.022908926010131836, 23.0
0.02412271499633789, 23.0
0.025332927703857422, 23.0
0.0265347957611084, 23.0
0.02775287628173828, 23.0
0.029013872146606445, 23.0
0.030223846435546875, 23.0
0.03142595291137695, 23.0
0.03262686729431152, 23.0
0.03382992744445801, 23.0
0.03508782386779785, 23.0
0.03629589080810547, 23.0
0.03750181198120117, 23.0
0.03870677947998047, 23.0
0.03992795944213867, 23.0
0.04112982749938965, 23.0
0.04234910011291504, 23.0
0.04356980323791504, 23.0
0.044798851013183594, 23.0
0.045996904373168945, 23.0
0.0471959114074707, 23.0
0.04840874671936035, 23.0
0.04961204528808594, 23.0
0.05081295967102051, 23.0
0.052014827728271484, 23.0
0.05322384834289551, 23.0
0.05444788932800293, 23.0
0.055644989013671875, 23.0
0.05684089660644531, 23.0
0.05803489685058594, 23.0
0.059236764907836914, 23.0
0.06044793128967285, 23.0
0.06164193153381348, 23.0
0.06283807754516602, 23.0
0.06403684616088867, 23.0
0.06524276733398438, 23.0
0.06644988059997559, 23.0
0.06765079498291016, 23.0
0.06885194778442383, 23.0
0.0700528621673584, 23.0
0.07125306129455566, 23.0
0.07246279716491699, 23.0
0.07366299629211426, 23.0
0.07486581802368164, 23.0
0.07606887817382812, 23.0
0.0772709846496582, 23.0
0.07848596572875977, 23.0
0.07970476150512695, 23.0
0.08090686798095703, 23.0
0.08210396766662598, 23.0
0.08330702781677246, 23.0
0.08451199531555176, 23.0
0.08572578430175781, 23.0
0.08692097663879395, 23.0
0.08811807632446289, 23.0
0.08931779861450195, 23.0
0.09054112434387207, 23.0
0.09175586700439453, 23.0
0.0930178165435791, 23.0
0.09421992301940918, 23.0
0.09541988372802734, 23.0
0.09661483764648438, 23.0
0.09782600402832031, 23.0
0.09903097152709961, 23.0
0.10023880004882812, 23.0
0.10144686698913574, 23.0
0.10265874862670898, 23.0
0.10387587547302246, 23.0
0.10508990287780762, 23.0
0.10628509521484375, 23.0
0.10748887062072754, 23.0
0.10869503021240234, 23.0
0.10990381240844727, 23.0
0.11110591888427734, 23.0
0.11231207847595215, 23.0
0.11351394653320312, 23.0
0.11472296714782715, 23.0
0.1159508228302002, 23.0
0.11715292930603027, 23.0
0.11835598945617676, 23.0
0.11955404281616211, 23.0
0.12075376510620117, 23.0
0.12197089195251465, 23.0
0.12317180633544922, 23.0
0.12437605857849121, 23.0
0.12557697296142578, 23.0
0.12678980827331543, 23.0
0.12800884246826172, 23.0
0.12920188903808594, 23.0
0.13040590286254883, 23.0
0.13161087036132812, 23.0
0.13281679153442383, 23.0
0.13405275344848633, 23.0
0.13525605201721191, 23.0
0.1364600658416748, 23.0
0.13766098022460938, 23.0
0.1388559341430664, 23.0
0.1400771141052246, 23.0
0.14127492904663086, 23.0
0.14247608184814453, 23.0
0.1436758041381836, 23.0
0.14490699768066406, 23.0
0.14613771438598633, 23.0
0.14734792709350586, 23.0
0.14855599403381348, 23.0
0.14975380897521973, 23.0
0.1509559154510498, 23.0
0.15216374397277832, 23.0
0.15336394309997559, 23.0
0.15456485748291016, 23.0
0.1557607650756836, 23.0
0.15696096420288086, 23.0
0.15816283226013184, 23.0
0.15935993194580078, 23.0
0.16055989265441895, 23.0
0.16175580024719238, 23.0
0.16295599937438965, 23.0
0.1641678810119629, 23.0
0.16536688804626465, 23.0
0.16657090187072754, 23.0
0.16777396202087402, 23.0
0.1689767837524414, 23.0
0.17017865180969238, 23.0
0.17139673233032227, 23.0
0.17259788513183594, 23.0
0.17379403114318848, 23.0
0.17499375343322754, 23.0
0.1761939525604248, 23.0
0.17743206024169922, 23.0
0.1786670684814453, 23.0
0.17992806434631348, 23.0
0.1811389923095703, 23.0
0.18233990669250488, 23.0
0.18355083465576172, 23.0
0.18477392196655273, 23.0
0.1859760284423828, 23.0
0.1871788501739502, 23.0
0.1883840560913086, 23.0
0.18959999084472656, 23.0
0.19080281257629395, 23.0
0.1919999122619629, 23.0
0.19319605827331543, 23.0
0.194411039352417, 23.0
0.19562172889709473, 23.0
0.19682884216308594, 23.0
0.1980297565460205, 23.0
0.19923186302185059, 23.0
0.20043492317199707, 23.0
0.2016599178314209, 23.0
0.20285987854003906, 23.0
0.20406198501586914, 23.0
0.20527100563049316, 23.0
0.20647287368774414, 23.0
0.207672119140625, 23.0
0.20888090133666992, 23.0
0.21016597747802734, 23.0
0.21141982078552246, 23.0
0.21268296241760254, 23.0
0.21393203735351562, 23.0
0.21518802642822266, 23.0
0.21644067764282227, 23.0
0.21768689155578613, 23.0
0.21893596649169922, 23.0
0.22018980979919434, 23.0
0.22158098220825195, 23.0
0.2228379249572754, 23.0
0.22408604621887207, 23.0
0.22533392906188965, 23.0
0.22658205032348633, 23.0
0.22783493995666504, 23.0
0.22908902168273926, 23.0
0.23034071922302246, 23.0
0.23160386085510254, 23.0
0.23285388946533203, 23.0
0.23410391807556152, 23.0
0.23535585403442383, 23.0
0.23660492897033691, 23.0
0.23785805702209473, 23.0
0.23911094665527344, 23.0
0.24035406112670898, 23.0
0.24159789085388184, 23.0
0.24285292625427246, 23.0
0.24410581588745117, 23.0
