0.001344919204711914, 295.0
0.003303050994873047, 295.0
0.005251884460449219, 295.0
0.007283926010131836, 295.0
0.009268045425415039, 295.0
0.011221170425415039, 295.0
0.01316213607788086, 295.0
0.015168905258178711, 295.0
0.017148971557617188, 295.0
0.01913309097290039, 295.0
0.021136999130249023, 295.0
0.023186922073364258, 295.0
0.02516484260559082, 295.0
0.027196884155273438, 295.0
0.02922201156616211, 295.0
0.031225919723510742, 295.0
0.03325605392456055, 295.0
0.03526782989501953, 295.0
0.03730177879333496, 295.0
0.03930187225341797, 295.0
0.04132580757141113, 295.0
0.04331493377685547, 295.0
0.04534006118774414, 295.0
0.04733896255493164, 295.0
0.04937100410461426, 295.0
0.051371097564697266, 295.0
0.05341076850891113, 295.0
0.05539989471435547, 295.0
0.05741691589355469, 295.0
0.0594630241394043, 295.0
0.061456918716430664, 295.0
0.06348299980163574, 295.0
0.06547093391418457, 295.0
0.06746983528137207, 295.0
0.0695188045501709, 295.0
0.07153892517089844, 295.0
0.07354998588562012, 295.0
0.07557487487792969, 295.0
0.07755708694458008, 295.0
0.07958006858825684, 295.0
0.08159804344177246, 295.0
0.08361101150512695, 295.0
0.08560299873352051, 295.0
0.08762407302856445, 295.0
0.08960700035095215, 295.0
0.09163880348205566, 295.0
0.0936579704284668, 295.0
0.09565973281860352, 295.0
0.0977470874786377, 295.0
0.09977102279663086, 295.0
0.1018068790435791, 295.0
0.1038060188293457, 295.0
0.10582995414733887, 295.0
0.10782980918884277, 295.0
0.10985493659973145, 295.0
0.11188316345214844, 295.0
0.11386704444885254, 295.0
0.1158900260925293, 295.0
0.11787295341491699, 295.0
0.11991000175476074, 295.0
0.12190699577331543, 295.0
0.12394404411315918, 295.0
0.12604713439941406, 295.0
0.1281590461730957, 295.0
0.13027215003967285, 295.0
0.13242793083190918, 295.0
0.13445305824279785, 295.0
0.13652300834655762, 295.0
0.13859200477600098, 295.0
0.14065098762512207, 295.0
0.1426999568939209, 295.0
0.1447620391845703, 295.0
0.14679503440856934, 295.0
0.14882588386535645, 295.0
0.15088796615600586, 295.0
0.15296077728271484, 295.0
0.15501904487609863, 295.0
0.15705394744873047, 295.0
0.15912413597106934, 295.0
0.16116690635681152, 295.0
0.16321706771850586, 295.0
0.16530895233154297, 295.0
0.16735601425170898, 295.0
0.16940093040466309, 295.0
0.17147183418273926, 295.0
0.17351412773132324, 295.0
0.17558789253234863, 295.0
0.17765212059020996, 295.0
0.1796889305114746, 295.0
0.1818068027496338, 295.0
0.18387293815612793, 295.0
0.18595290184020996, 295.0
0.18803095817565918, 295.0
0.19009184837341309, 295.0
0.19218182563781738, 295.0
0.1942119598388672, 295.0
0.19627881050109863, 295.0
0.19833993911743164, 295.0
0.20040512084960938, 295.0
0.20249199867248535, 295.0
0.20456981658935547, 295.0
0.20664191246032715, 295.0
0.20873403549194336, 295.0
0.2108750343322754, 295.0
0.21305608749389648, 295.0
0.21520590782165527, 295.0
0.21738982200622559, 295.0
0.21953296661376953, 295.0
0.22166800498962402, 295.0
0.22382092475891113, 295.0
0.2259678840637207, 295.0
0.228118896484375, 295.0
0.23026490211486816, 295.0
0.23239588737487793, 295.0
0.23450303077697754, 295.0
0.23664379119873047, 295.0
0.23877692222595215, 295.0
0.2409071922302246, 295.0
0.24303603172302246, 295.0
0.24518680572509766, 295.0
0.24733495712280273, 295.0
0.24947214126586914, 295.0
0.25157785415649414, 295.0
0.25372982025146484, 295.0
0.25587010383605957, 295.0
0.25801682472229004, 295.0
0.26015186309814453, 295.0
0.2622830867767334, 295.0
0.2643749713897705, 295.0
0.2664988040924072, 295.0
0.26860594749450684, 295.0
0.27066493034362793, 295.0
0.2727687358856201, 295.0
0.2748219966888428, 295.0
0.276885986328125, 295.0
0.27895092964172363, 295.0
0.2810959815979004, 295.0
0.2831840515136719, 295.0
0.2852790355682373, 295.0
0.2873239517211914, 295.0
0.28941917419433594, 295.0
0.29154396057128906, 295.0
0.2936840057373047, 295.0
0.29577207565307617, 295.0
0.29784297943115234, 295.0
0.299915075302124, 295.0
0.30197596549987793, 295.0
0.3040337562561035, 295.0
0.3061058521270752, 295.0
0.3082098960876465, 295.0
0.3102700710296631, 295.0
0.31233906745910645, 295.0
0.3144080638885498, 295.0
0.31647801399230957, 295.0
0.31853294372558594, 295.0
0.3205888271331787, 295.0
0.32265496253967285, 295.0
0.32471680641174316, 295.0
0.3267958164215088, 295.0
0.3288547992706299, 295.0
0.33090996742248535, 295.0
0.33296799659729004, 295.0
0.33502697944641113, 295.0
0.33704495429992676, 295.0
0.33910679817199707, 295.0
0.3411421775817871, 295.0
0.3432321548461914, 295.0
0.34546589851379395, 295.0
0.3476428985595703, 295.0
0.34979891777038574, 295.0
0.3519580364227295, 295.0
0.3540608882904053, 295.0
0.35617494583129883, 295.0
0.35828685760498047, 295.0
0.360382080078125, 295.0
0.3624868392944336, 295.0
0.36460185050964355, 295.0
0.3667411804199219, 295.0
0.3688509464263916, 295.0
0.37097692489624023, 295.0
0.37308692932128906, 295.0
0.37519383430480957, 295.0
0.37732696533203125, 295.0
0.3794739246368408, 295.0
0.381619930267334, 295.0
0.3837559223175049, 295.0
0.3858950138092041, 295.0
0.3880269527435303, 295.0
0.3901660442352295, 295.0
0.3923060894012451, 295.0
0.3944368362426758, 295.0
0.3965730667114258, 295.0
0.3987138271331787, 295.0
0.4008500576019287, 295.0
0.40298986434936523, 295.0
0.4051039218902588, 295.0
0.4072549343109131, 295.0
0.4093899726867676, 295.0
0.41150808334350586, 295.0
0.41353392601013184, 295.0
0.41559576988220215, 295.0
