0.0013911724090576172, 293.0
0.0033349990844726562, 293.0
0.005257129669189453, 294.0
0.007194995880126953, 295.0
0.009125947952270508, 295.0
0.011101961135864258, 295.0
0.013016223907470703, 295.0
0.014936208724975586, 295.0
0.01683521270751953, 295.0
0.018846988677978516, 295.0
0.020856142044067383, 295.0
0.022851228713989258, 295.0
0.024882078170776367, 295.0
0.026907920837402344, 295.0
0.028888225555419922, 295.0
0.030871152877807617, 295.0
0.03288602828979492, 295.0
0.03489422798156738, 295.0
0.03686928749084473, 295.0
0.03883814811706543, 295.0
0.04081892967224121, 295.0
0.04284501075744629, 295.0
0.044834136962890625, 295.0
0.04681205749511719, 295.0
0.04884505271911621, 295.0
0.05081510543823242, 295.0
0.05279803276062012, 295.0
0.054827213287353516, 295.0
0.0568079948425293, 295.0
0.05878615379333496, 295.0
0.06078600883483887, 295.0
0.06279397010803223, 295.0
0.06478118896484375, 295.0
0.06672811508178711, 295.0
0.0687720775604248, 295.0
0.07073426246643066, 295.0
0.07271909713745117, 295.0
0.07468390464782715, 295.0
0.07667803764343262, 295.0
0.07867908477783203, 295.0
0.08066105842590332, 295.0
0.08266925811767578, 295.0
0.08464407920837402, 295.0
0.08663201332092285, 295.0
0.08864998817443848, 295.0
0.09062910079956055, 295.0
0.09261608123779297, 295.0
0.0946340560913086, 295.0
0.09662914276123047, 295.0
0.09859013557434082, 295.0
0.10057401657104492, 295.0
0.10257911682128906, 295.0
0.10459017753601074, 295.0
0.10660099983215332, 295.0
0.1085672378540039, 295.0
0.11055326461791992, 295.0
0.1125493049621582, 295.0
0.11453509330749512, 295.0
0.11653304100036621, 295.0
0.11849713325500488, 295.0
0.12053298950195312, 295.0
0.122528076171875, 295.0
0.12450003623962402, 295.0
0.12649106979370117, 295.0
0.12848114967346191, 295.0
0.13048195838928223, 295.0
0.13245320320129395, 295.0
0.13446807861328125, 295.0
0.13645315170288086, 295.0
0.13848304748535156, 295.0
0.14045500755310059, 295.0
0.14248299598693848, 295.0
0.14445900917053223, 295.0
0.14644813537597656, 295.0
0.14845800399780273, 295.0
0.15046215057373047, 295.0
0.15244603157043457, 295.0
0.15447711944580078, 295.0
0.15645408630371094, 295.0
0.15845608711242676, 295.0
0.16045212745666504, 295.0
0.16246604919433594, 295.0
0.16446495056152344, 295.0
0.16643309593200684, 295.0
0.16846108436584473, 295.0
0.17054104804992676, 295.0
0.1725482940673828, 295.0
0.17455697059631348, 295.0
0.17655611038208008, 295.0
0.17856311798095703, 295.0
0.18053412437438965, 295.0
0.18249821662902832, 295.0
0.18452215194702148, 295.0
0.18650197982788086, 295.0
0.18846797943115234, 295.0
0.19046401977539062, 295.0
0.1924741268157959, 295.0
0.19445204734802246, 295.0
0.19646120071411133, 295.0
0.19841527938842773, 295.0
0.20042014122009277, 295.0
0.2023942470550537, 295.0
0.20440196990966797, 295.0
0.20636701583862305, 295.0
0.20836400985717773, 295.0
0.2104640007019043, 295.0
0.21247410774230957, 295.0
0.21448922157287598, 295.0
0.21650409698486328, 295.0
0.2185840606689453, 295.0
0.22058606147766113, 295.0
0.222581148147583, 295.0
0.22455811500549316, 295.0
0.22653698921203613, 295.0
0.22854924201965332, 295.0
0.23056411743164062, 295.0
0.23254990577697754, 295.0
0.23456215858459473, 295.0
0.2365431785583496, 295.0
0.23855900764465332, 295.0
0.24053621292114258, 295.0
0.24253511428833008, 295.0
0.24456501007080078, 295.0
0.24672603607177734, 295.0
0.24877595901489258, 295.0
0.2507970333099365, 295.0
0.25282788276672363, 295.0
0.2548339366912842, 295.0
0.2568330764770508, 295.0
0.25888514518737793, 295.0
0.26093125343322754, 295.0
0.2629430294036865, 295.0
0.2649869918823242, 295.0
0.26703596115112305, 295.0
0.2690582275390625, 295.0
0.27106308937072754, 295.0
0.2730860710144043, 295.0
0.2751181125640869, 295.0
0.2771940231323242, 295.0
0.27926206588745117, 295.0
0.2812941074371338, 295.0
0.2832760810852051, 295.0
0.28534412384033203, 295.0
0.28736305236816406, 295.0
0.28934621810913086, 295.0
0.2913541793823242, 295.0
0.2933671474456787, 295.0
0.29537320137023926, 295.0
0.2973771095275879, 295.0
0.29938411712646484, 295.0
0.30136609077453613, 295.0
0.30339789390563965, 295.0
0.30536818504333496, 295.0
0.3073742389678955, 295.0
0.30938291549682617, 295.0
0.3114051818847656, 295.0
0.31339597702026367, 295.0
0.31539011001586914, 295.0
0.31740403175354004, 295.0
0.3193700313568115, 295.0
0.321364164352417, 295.0
0.323336124420166, 295.0
0.32535314559936523, 295.0
0.32733702659606934, 295.0
0.32935404777526855, 295.0
0.33133387565612793, 295.0
0.333341121673584, 295.0
0.33531808853149414, 295.0
0.33739495277404785, 295.0
0.33941197395324707, 295.0
0.3413980007171631, 295.0
0.3434140682220459, 295.0
0.3453960418701172, 295.0
0.3473548889160156, 295.0
0.34937310218811035, 295.0
0.35135507583618164, 295.0
0.3533310890197754, 295.0
0.3552851676940918, 295.0
0.3572831153869629, 295.0
0.3592798709869385, 295.0
0.3612680435180664, 295.0
0.36327195167541504, 295.0
0.3652482032775879, 295.0
0.367250919342041, 295.0
0.36922407150268555, 295.0
0.3712151050567627, 295.0
0.37320804595947266, 295.0
0.37517499923706055, 295.0
0.3771851062774658, 295.0
0.3791649341583252, 295.0
0.3811321258544922, 295.0
0.38313817977905273, 295.0
0.3850991725921631, 295.0
0.38709521293640137, 295.0
0.38907408714294434, 295.0
0.3910531997680664, 295.0
0.3930521011352539, 295.0
0.39502596855163574, 295.0
0.3970661163330078, 295.0
0.3990468978881836, 295.0
0.4010162353515625, 295.0
