0.0019750595092773438, 432.50221200000004
0.004606962203979492, 432.50221200000004
0.007364034652709961, 481.069368
0.010019063949584961, 481.069368
0.012691974639892578, 481.069368
0.015341043472290039, 481.069368
0.018012046813964844, 481.069368
0.02063584327697754, 481.069368
0.023298025131225586, 481.069368
0.025994062423706055, 481.069368
0.02863311767578125, 481.069368
0.03132796287536621, 481.069368
0.033972978591918945, 481.069368
0.036643028259277344, 481.069368
0.039314985275268555, 481.069368
0.04204106330871582, 481.069368
0.04469895362854004, 481.069368
0.04737424850463867, 481.069368
0.05008697509765625, 481.069368
0.05273914337158203, 481.069368
0.05539989471435547, 481.069368
0.05814099311828613, 481.069368
0.060806989669799805, 481.069368
0.06348705291748047, 481.069368
0.06620407104492188, 481.069368
0.0688629150390625, 481.069368
0.07152891159057617, 481.069368
0.07426214218139648, 481.069368
0.07692694664001465, 481.069368
0.07957601547241211, 481.069368
0.08231210708618164, 481.069368
0.08497214317321777, 481.069368
0.08762025833129883, 481.069368
0.09033703804016113, 481.069368
0.09300708770751953, 481.069368
0.09566903114318848, 481.069368
0.09836602210998535, 481.069368
0.10106801986694336, 481.069368
0.10372519493103027, 481.069368
0.10657405853271484, 481.069368
0.1094660758972168, 481.069368
0.11231803894042969, 481.069368
0.11514115333557129, 481.069368
0.11796092987060547, 481.069368
0.12078595161437988, 481.069368
0.12360501289367676, 481.069368
0.12643790245056152, 481.069368
0.12926316261291504, 481.069368
0.13338184356689453, 481.069368
0.1364428997039795, 481.069368
0.13925886154174805, 481.069368
0.14206790924072266, 481.069368
0.14487910270690918, 481.069368
0.14766216278076172, 481.069368
0.15036702156066895, 481.069368
0.15308117866516113, 481.069368
0.1558551788330078, 481.069368
0.15860199928283691, 481.069368
0.16133999824523926, 481.069368
0.16414427757263184, 481.069368
0.16693902015686035, 481.069368
0.16967296600341797, 481.069368
0.17248320579528809, 481.069368
0.17515015602111816, 481.069368
0.1777951717376709, 481.069368
0.18049001693725586, 481.069368
0.18314409255981445, 481.069368
0.18578624725341797, 481.069368
0.18845605850219727, 481.069368
0.19113707542419434, 481.069368
0.19378900527954102, 481.069368
0.19645309448242188, 481.069368
0.19913291931152344, 481.069368
0.20177793502807617, 481.069368
0.2044229507446289, 481.069368
0.20710992813110352, 481.069368
0.20982909202575684, 481.069368
0.21247482299804688, 481.069368
0.2151801586151123, 481.069368
0.21788406372070312, 481.069368
0.220534086227417, 481.069368
0.2232189178466797, 481.069368
0.22592425346374512, 481.069368
0.22856712341308594, 481.069368
0.23126721382141113, 481.069368
0.2339770793914795, 481.069368
0.23662114143371582, 481.069368
0.2392749786376953, 481.069368
0.24199914932250977, 481.069368
0.24468111991882324, 481.069368
0.24738001823425293, 481.069368
0.250042200088501, 481.069368
0.25267505645751953, 481.069368
0.2553422451019287, 481.069368
0.2580711841583252, 481.069368
0.26073598861694336, 481.069368
0.2633962631225586, 481.069368
0.2661609649658203, 481.069368
0.2688288688659668, 481.069368
0.27148008346557617, 481.069368
0.2742621898651123, 481.069368
0.2768971920013428, 481.069368
0.2795379161834717, 481.069368
0.2822542190551758, 481.069368
0.284912109375, 481.069368
0.287553071975708, 481.069368
0.2902059555053711, 481.069368
0.2928581237792969, 481.069368
0.29549694061279297, 481.069368
0.2981288433074951, 481.069368
0.3007690906524658, 481.069368
0.3034031391143799, 481.069368
0.306049108505249, 481.069368
0.3086831569671631, 481.069368
0.3113422393798828, 481.069368
0.313978910446167, 481.069368
0.3166210651397705, 481.069368
0.31925201416015625, 481.069368
0.3219001293182373, 481.069368
0.3245718479156494, 481.069368
0.3272562026977539, 481.069368
0.3298931121826172, 481.069368
0.33252811431884766, 481.069368
0.335158109664917, 481.069368
0.3378181457519531, 481.069368
0.3406040668487549, 481.069368
0.34338808059692383, 481.069368
0.34616708755493164, 481.069368
0.3488600254058838, 481.069368
0.3515331745147705, 481.069368
0.3541750907897949, 481.069368
0.35681700706481934, 481.069368
0.3594551086425781, 481.069368
0.3621251583099365, 481.069368
0.3647592067718506, 481.069368
0.36739110946655273, 481.069368
0.3700380325317383, 481.069368
0.37268710136413574, 481.069368
0.3753201961517334, 481.069368
0.3779630661010742, 481.069368
0.38059210777282715, 481.069368
0.38323402404785156, 481.069368
0.38587188720703125, 481.069368
0.38850903511047363, 481.069368
0.39117908477783203, 481.069368
0.3938162326812744, 481.069368
0.39644503593444824, 481.069368
0.39908409118652344, 481.069368
0.4017221927642822, 481.069368
0.40434789657592773, 481.069368
0.40702009201049805, 481.069368
0.4096550941467285, 481.069368
0.4122891426086426, 481.069368
0.41492295265197754, 481.069368
0.41755008697509766, 481.069368
0.4201788902282715, 481.069368
0.4228169918060303, 481.069368
0.425462007522583, 481.069368
0.428102970123291, 481.069368
0.43073105812072754, 481.069368
0.43336915969848633, 481.069368
0.43601107597351074, 481.069368
0.43865013122558594, 481.069368
0.44129014015197754, 481.069368
0.44393205642700195, 481.069368
0.44657015800476074, 481.069368
0.449207067489624, 481.069368
0.45183801651000977, 481.069368
0.45447397232055664, 481.069368
0.457103967666626, 481.069368
0.4597592353820801, 481.069368
0.46241307258605957, 481.069368
0.4650449752807617, 481.069368
0.4676790237426758, 481.069368
0.47031188011169434, 481.069368
0.4729459285736084, 481.069368
0.47557616233825684, 481.069368
0.4782111644744873, 481.069368
0.48084521293640137, 481.069368
0.4834871292114258, 481.069368
0.48612403869628906, 481.069368
0.48876118659973145, 481.069368
0.49138402938842773, 481.069368
0.4940202236175537, 481.069368
0.49664807319641113, 481.069368
0.4992940425872803, 481.069368
0.501939058303833, 481.069368
0.5045719146728516, 481.069368
0.5072059631347656, 481.069368
0.5098459720611572, 481.069368
0.5124869346618652, 481.069368
0.5151591300964355, 481.069368
0.5177979469299316, 481.069368
0.5204269886016846, 481.069368
0.5230710506439209, 481.069368
0.5256991386413574, 481.069368
0.5283231735229492, 481.069368
0.5309650897979736, 481.069368
0.5336079597473145, 481.069368
0.5362391471862793, 481.069368
0.5388669967651367, 481.069368
