0.0015227794647216797, 295.0
0.0036399364471435547, 295.0
0.005719900131225586, 295.0
0.007773876190185547, 295.0
0.009881019592285156, 295.0
0.012120962142944336, 295.0
0.014177083969116211, 295.0
0.016290903091430664, 295.0
0.01842498779296875, 295.0
0.020607948303222656, 295.0
0.02269887924194336, 295.0
0.024676084518432617, 295.0
0.026674985885620117, 295.0
0.02868199348449707, 295.0
0.030714035034179688, 295.0
0.03275108337402344, 295.0
0.034757137298583984, 295.0
0.03676891326904297, 295.0
0.038806915283203125, 295.0
0.040834903717041016, 295.0
0.04285311698913574, 295.0
0.04486393928527832, 295.0
0.04689502716064453, 295.0
0.04889702796936035, 295.0
0.0509188175201416, 295.0
0.05292797088623047, 295.0
0.05497002601623535, 295.0
0.05697298049926758, 295.0
0.059021949768066406, 295.0
0.061038970947265625, 295.0
0.06303882598876953, 295.0
0.06507492065429688, 295.0
0.06708097457885742, 295.0
0.06908011436462402, 295.0
0.07111382484436035, 295.0
0.07309699058532715, 295.0
0.07515478134155273, 295.0
0.07718300819396973, 295.0
0.0792088508605957, 295.0
0.08122587203979492, 295.0
0.0832209587097168, 295.0
0.08524394035339355, 295.0
0.08727598190307617, 295.0
0.0892939567565918, 295.0
0.09130287170410156, 295.0
0.0933229923248291, 295.0
0.0953221321105957, 295.0
0.09732198715209961, 295.0
0.09935498237609863, 295.0
0.10137176513671875, 295.0
0.1034097671508789, 295.0
0.10541415214538574, 295.0
0.10741305351257324, 295.0
0.10941386222839355, 295.0
0.11143803596496582, 295.0
0.11344003677368164, 295.0
0.11544013023376465, 295.0
0.11747884750366211, 295.0
0.1194770336151123, 295.0
0.1214749813079834, 295.0
0.12348484992980957, 295.0
0.12549090385437012, 295.0
0.12748479843139648, 295.0
0.1294879913330078, 295.0
0.13153505325317383, 295.0
0.13353800773620605, 295.0
0.13554096221923828, 295.0
0.13753890991210938, 295.0
0.13956809043884277, 295.0
0.14154911041259766, 295.0
0.14356184005737305, 295.0
0.14559292793273926, 295.0
0.14760708808898926, 295.0
0.14960885047912598, 295.0
0.15160298347473145, 295.0
0.15363407135009766, 295.0
0.15564203262329102, 295.0
0.1576697826385498, 295.0
0.15970706939697266, 295.0
0.1616981029510498, 295.0
0.16373395919799805, 295.0
0.16574406623840332, 295.0
0.16774606704711914, 295.0
0.1697559356689453, 295.0
0.17173385620117188, 295.0
0.17377305030822754, 295.0
0.17579388618469238, 295.0
0.17777299880981445, 295.0
0.17979693412780762, 295.0
0.18178391456604004, 295.0
0.1838231086730957, 295.0
0.1858370304107666, 295.0
0.18783783912658691, 295.0
0.1898517608642578, 295.0
0.19185900688171387, 295.0
0.1938490867614746, 295.0
0.19584202766418457, 295.0
0.19788694381713867, 295.0
0.19988203048706055, 295.0
0.20185399055480957, 295.0
0.20389509201049805, 295.0
0.20589900016784668, 295.0
0.20790815353393555, 295.0
0.20990800857543945, 295.0
0.2118840217590332, 295.0
0.21391987800598145, 295.0
0.21595096588134766, 295.0
0.21808981895446777, 295.0
0.22012686729431152, 295.0
0.22221803665161133, 295.0
0.2242579460144043, 295.0
0.2262740135192871, 295.0
0.22835397720336914, 295.0
0.2303311824798584, 295.0
0.2324070930480957, 295.0
0.23441195487976074, 295.0
0.2364349365234375, 295.0
0.23845195770263672, 295.0
0.24045801162719727, 295.0
0.24249696731567383, 295.0
0.24449896812438965, 295.0
0.24654698371887207, 295.0
0.2485489845275879, 295.0
0.25055575370788574, 295.0
0.25258898735046387, 295.0
0.25460386276245117, 295.0
0.25659799575805664, 295.0
0.25858092308044434, 295.0
0.2606189250946045, 295.0
0.2625870704650879, 295.0
0.2646188735961914, 295.0
0.2666161060333252, 295.0
0.26860785484313965, 295.0
0.27065587043762207, 295.0
0.27266883850097656, 295.0
0.27469420433044434, 295.0
0.27666711807250977, 295.0
0.27869296073913574, 295.0
0.2807040214538574, 295.0
0.28273510932922363, 295.0
0.28476381301879883, 295.0
0.28676605224609375, 295.0
0.28877997398376465, 295.0
0.2908000946044922, 295.0
0.2928049564361572, 295.0
0.29480600357055664, 295.0
0.2968008518218994, 295.0
0.2987990379333496, 295.0
0.30083394050598145, 295.0
0.3028268814086914, 295.0
0.3048129081726074, 295.0
0.30683112144470215, 295.0
0.3088259696960449, 295.0
0.3108091354370117, 295.0
0.31282615661621094, 295.0
0.3148348331451416, 295.0
0.31685400009155273, 295.0
0.318850040435791, 295.0
0.3208749294281006, 295.0
0.32286691665649414, 295.0
0.32487010955810547, 295.0
0.3268609046936035, 295.0
0.32888007164001465, 295.0
0.330859899520874, 295.0
0.332888126373291, 295.0
0.33486294746398926, 295.0
0.3368828296661377, 295.0
0.3388841152191162, 295.0
0.34088897705078125, 295.0
0.3428800106048584, 295.0
0.3448958396911621, 295.0
0.34689784049987793, 295.0
0.34890007972717285, 295.0
0.35090208053588867, 295.0
0.352902889251709, 295.0
0.3549308776855469, 295.0
0.35692596435546875, 295.0
0.3589169979095459, 295.0
0.36092114448547363, 295.0
0.36292290687561035, 295.0
0.3649289608001709, 295.0
0.36693286895751953, 295.0
0.36891698837280273, 295.0
0.37094902992248535, 295.0
0.3729519844055176, 295.0
0.37494397163391113, 295.0
0.3769659996032715, 295.0
0.37897181510925293, 295.0
0.3809630870819092, 295.0
0.38298702239990234, 295.0
0.38498711585998535, 295.0
0.38701581954956055, 295.0
0.38901305198669434, 295.0
0.39099693298339844, 295.0
0.3930349349975586, 295.0
0.39502596855163574, 295.0
0.39702701568603516, 295.0
0.3990321159362793, 295.0
0.4010329246520996, 295.0
0.4030280113220215, 295.0
0.40506482124328613, 295.0
