0.0008590221405029297, 130.0
0.0023250579833984375, 130.0
0.003737926483154297, 130.0
0.00517582893371582, 130.0
0.006714820861816406, 130.0
0.008285999298095703, 130.0
0.009732961654663086, 130.0
0.011181831359863281, 130.0
0.012758016586303711, 130.0
0.014271974563598633, 130.0
0.015733003616333008, 130.0
0.017177820205688477, 130.0
0.018657922744750977, 130.0
0.020220041275024414, 130.0
0.02180004119873047, 130.0
0.02335500717163086, 130.0
0.024858951568603516, 130.0
0.026324987411499023, 130.0
0.027764081954956055, 130.0
0.0293121337890625, 130.0
0.03087592124938965, 130.0
0.03237581253051758, 130.0
0.03381490707397461, 130.0
0.03525590896606445, 130.0
0.036717891693115234, 130.0
0.038197994232177734, 130.0
0.03964591026306152, 130.0
0.04109382629394531, 130.0
0.042539119720458984, 130.0
0.044001102447509766, 130.0
0.04552292823791504, 130.0
0.04704689979553223, 130.0
0.048510074615478516, 130.0
0.04996991157531738, 130.0
0.05141901969909668, 130.0
0.05286407470703125, 130.0
0.05433297157287598, 130.0
0.05580401420593262, 130.0
0.057251930236816406, 130.0
0.05869483947753906, 130.0
0.06014585494995117, 130.0
0.06158804893493652, 130.0
0.06305599212646484, 130.0
0.06450009346008301, 130.0
0.06594681739807129, 130.0
0.0674428939819336, 130.0
0.06889772415161133, 130.0
0.07035589218139648, 130.0
0.07180500030517578, 130.0
0.07325077056884766, 130.0
0.07470297813415527, 130.0
0.07615089416503906, 130.0
0.07759904861450195, 130.0
0.07904291152954102, 130.0
0.08050394058227539, 130.0
0.08196306228637695, 130.0
0.08342194557189941, 130.0
0.08487105369567871, 130.0
0.08631682395935059, 130.0
0.08776092529296875, 130.0
0.08922195434570312, 130.0
0.0906839370727539, 130.0
0.09215903282165527, 130.0
0.09360599517822266, 130.0
0.09507203102111816, 130.0
0.09651994705200195, 130.0
0.09796881675720215, 130.0
0.09942102432250977, 130.0
0.10087203979492188, 130.0
0.10232186317443848, 130.0
0.10376405715942383, 130.0
0.10522699356079102, 130.0
0.10672688484191895, 130.0
0.10823678970336914, 130.0
0.10968995094299316, 130.0
0.11116981506347656, 130.0
0.11265277862548828, 130.0
0.11414885520935059, 130.0
0.1157999038696289, 130.0
0.11731195449829102, 130.0
0.11884903907775879, 130.0
0.12035799026489258, 130.0
0.12188506126403809, 130.0
0.12336897850036621, 130.0
0.12485575675964355, 130.0
0.12636899948120117, 130.0
0.12792205810546875, 130.0
0.12946486473083496, 130.0
0.13097882270812988, 130.0
0.13248801231384277, 130.0
0.13400673866271973, 130.0
0.13553905487060547, 130.0
0.1370539665222168, 130.0
0.13857793807983398, 130.0
0.14011096954345703, 130.0
0.1416490077972412, 130.0
0.14317083358764648, 130.0
0.14467692375183105, 130.0
0.14620590209960938, 130.0
0.1477348804473877, 130.0
0.14925074577331543, 130.0
0.1507859230041504, 130.0
0.15233182907104492, 130.0
0.15388798713684082, 130.0
0.15543293952941895, 130.0
0.1569678783416748, 130.0
0.15850186347961426, 130.0
0.16003680229187012, 130.0
0.16156387329101562, 130.0
0.16309785842895508, 130.0
0.16463589668273926, 130.0
0.1661667823791504, 130.0
0.16770577430725098, 130.0
0.16926074028015137, 130.0
0.17080402374267578, 130.0
0.17235302925109863, 130.0
0.17389988899230957, 130.0
0.1754467487335205, 130.0
0.1769568920135498, 130.0
0.17848992347717285, 130.0
0.1800379753112793, 130.0
0.18157291412353516, 130.0
0.18309593200683594, 130.0
0.18462491035461426, 130.0
0.18614411354064941, 130.0
0.18762493133544922, 130.0
0.1891179084777832, 130.0
0.19060373306274414, 130.0
0.19208097457885742, 130.0
0.19356393814086914, 130.0
0.19503188133239746, 130.0
0.1965348720550537, 130.0
0.19803285598754883, 130.0
0.19951796531677246, 130.0
0.20099210739135742, 130.0
0.20247888565063477, 130.0
0.20395994186401367, 130.0
0.20543599128723145, 130.0
0.20694899559020996, 130.0
0.208449125289917, 130.0
0.20998406410217285, 130.0
0.21155309677124023, 130.0
0.2130570411682129, 130.0
0.21453285217285156, 130.0
0.21600794792175293, 130.0
0.21752405166625977, 130.0
0.21899986267089844, 130.0
0.22049188613891602, 130.0
0.2220170497894287, 130.0
0.22350597381591797, 130.0
0.22500300407409668, 130.0
0.22649097442626953, 130.0
0.2279660701751709, 130.0
0.2294628620147705, 130.0
0.2309877872467041, 130.0
0.2324690818786621, 130.0
0.23395299911499023, 130.0
0.2354278564453125, 130.0
0.2369089126586914, 130.0
0.23840904235839844, 130.0
0.23988986015319824, 130.0
0.24135899543762207, 130.0
0.24283695220947266, 130.0
0.24431705474853516, 130.0
0.24584507942199707, 130.0
0.24732398986816406, 130.0
0.24881601333618164, 130.0
0.25029993057250977, 130.0
0.25177597999572754, 130.0
0.25325894355773926, 130.0
0.25473904609680176, 130.0
0.2562141418457031, 130.0
0.25769877433776855, 130.0
0.25920796394348145, 130.0
0.2606940269470215, 130.0
0.2621650695800781, 130.0
0.2636539936065674, 130.0
0.2651238441467285, 130.0
0.2666020393371582, 130.0
0.26807498931884766, 130.0
0.26955604553222656, 130.0
0.2710299491882324, 130.0
0.27252888679504395, 130.0
0.27404189109802246, 130.0
0.2755279541015625, 130.0
0.2770078182220459, 130.0
0.2784898281097412, 130.0
0.2799689769744873, 130.0
0.28144097328186035, 130.0
0.28293299674987793, 130.0
0.2844407558441162, 130.0
0.2859609127044678, 130.0
0.2874419689178467, 130.0
0.2889077663421631, 130.0
0.2904210090637207, 130.0
0.2919299602508545, 130.0
0.29341793060302734, 130.0
0.2949080467224121, 130.0
0.29639291763305664, 130.0
0.2978990077972412, 130.0
0.2993779182434082, 130.0
