0.0013990402221679688, 52.0
0.0033440589904785156, 52.0
0.005281925201416016, 52.0
0.0073239803314208984, 52.0
0.009300947189331055, 52.0
0.011283159255981445, 52.0
0.013192892074584961, 52.0
0.015084028244018555, 52.0
0.017071008682250977, 52.0
0.01900196075439453, 52.0
0.02086186408996582, 52.0
0.022726058959960938, 52.0
0.024632930755615234, 52.0
0.02665114402770996, 52.0
0.028512001037597656, 52.0
0.030395984649658203, 52.0
0.032350778579711914, 52.0
0.034230947494506836, 52.0
0.03610992431640625, 52.0
0.037980079650878906, 52.0
0.0398409366607666, 52.0
0.04176497459411621, 52.0
0.04365992546081543, 52.0
0.04554009437561035, 52.0
0.047408103942871094, 52.0
0.04932093620300293, 52.0
0.051199913024902344, 52.0
0.053067922592163086, 52.0
0.054949045181274414, 52.0
0.05684399604797363, 52.0
0.05871295928955078, 52.0
0.060591936111450195, 52.0
0.06247210502624512, 52.0
0.06432890892028809, 52.0
0.06624889373779297, 52.0
0.06810903549194336, 52.0
0.06997299194335938, 52.0
0.0718529224395752, 52.0
0.07375884056091309, 52.0
0.07561802864074707, 52.0
0.07748079299926758, 52.0
0.07934093475341797, 52.0
0.08121490478515625, 52.0
0.08312201499938965, 52.0
0.08497905731201172, 52.0
0.08683419227600098, 52.0
0.08868694305419922, 52.0
0.09055209159851074, 52.0
0.09245800971984863, 52.0
0.09432220458984375, 52.0
0.09618806838989258, 52.0
0.09804415702819824, 52.0
0.10003089904785156, 52.0
0.10193610191345215, 52.0
0.10383391380310059, 52.0
0.10574722290039062, 52.0
0.10768604278564453, 52.0
0.10959982872009277, 52.0
0.11147785186767578, 52.0
0.11335492134094238, 52.0
0.1152658462524414, 52.0
0.11715078353881836, 52.0
0.1190190315246582, 52.0
0.120880126953125, 52.0
0.12273979187011719, 52.0
0.12464499473571777, 52.0
0.12650489807128906, 52.0
0.12838006019592285, 52.0
0.13024497032165527, 52.0
0.13215208053588867, 52.0
0.13402414321899414, 52.0
0.13590383529663086, 52.0
0.1377849578857422, 52.0
0.13965511322021484, 52.0
0.1415557861328125, 52.0
0.14343810081481934, 52.0
0.1453390121459961, 52.0
0.14725494384765625, 52.0
0.14916086196899414, 52.0
0.15102291107177734, 52.0
0.15292096138000488, 52.0
0.15479111671447754, 52.0
0.15665698051452637, 52.0
0.15856504440307617, 52.0
0.16043305397033691, 52.0
0.1623239517211914, 52.0
0.1641860008239746, 52.0
0.16611599922180176, 52.0
0.16798901557922363, 52.0
0.16986989974975586, 52.0
0.17174220085144043, 52.0
0.17364287376403809, 52.0
0.17550897598266602, 52.0
0.1773970127105713, 52.0
0.17927289009094238, 52.0
0.18113088607788086, 52.0
0.1830461025238037, 52.0
0.18492603302001953, 52.0
0.18680787086486816, 52.0
0.18867707252502441, 52.0
0.1905970573425293, 52.0
0.19246721267700195, 52.0
0.19434785842895508, 52.0
0.19622182846069336, 52.0
0.1980760097503662, 52.0
0.20000100135803223, 52.0
0.2019329071044922, 52.0
0.20389103889465332, 52.0
0.20587682723999023, 52.0
0.2078571319580078, 52.0
0.2098238468170166, 52.0
0.21173906326293945, 52.0
0.21364188194274902, 52.0
0.21555089950561523, 52.0
0.21752595901489258, 52.0
0.2194368839263916, 52.0
0.22134709358215332, 52.0
0.2232511043548584, 52.0
0.22529983520507812, 52.0
0.227294921875, 52.0
0.2293081283569336, 52.0
0.2311861515045166, 52.0
0.23312997817993164, 52.0
0.23499679565429688, 52.0
0.23688316345214844, 52.0
0.23875021934509277, 52.0
0.24066710472106934, 52.0
0.2425389289855957, 52.0
0.2444009780883789, 52.0
0.2462608814239502, 52.0
0.24811697006225586, 52.0
0.2500569820404053, 52.0
0.2519259452819824, 52.0
0.2538149356842041, 52.0
0.25568604469299316, 52.0
0.2575950622558594, 52.0
0.25946903228759766, 52.0
0.26134395599365234, 52.0
0.26321983337402344, 52.0
0.2650909423828125, 52.0
0.2670021057128906, 52.0
0.2688789367675781, 52.0
0.27077293395996094, 52.0
0.27267003059387207, 52.0
0.27468204498291016, 52.0
0.2766990661621094, 52.0
0.27864909172058105, 52.0
0.2806110382080078, 52.0
0.28251099586486816, 52.0
0.2844059467315674, 52.0
0.2863140106201172, 52.0
0.28826093673706055, 52.0
0.2902030944824219, 52.0
0.2921109199523926, 52.0
0.29404401779174805, 52.0
0.29595518112182617, 52.0
0.2978968620300293, 52.0
0.2998168468475342, 52.0
0.3017740249633789, 52.0
0.30367612838745117, 52.0
0.30557799339294434, 52.0
0.3075220584869385, 52.0
0.30945491790771484, 52.0
0.3114140033721924, 52.0
0.3133101463317871, 52.0
0.31525397300720215, 52.0
0.3171072006225586, 52.0
0.318972110748291, 52.0
0.32084178924560547, 52.0
0.32271504402160645, 52.0
0.32462620735168457, 52.0
0.32649683952331543, 52.0
0.3283729553222656, 52.0
0.33023786544799805, 52.0
0.33209800720214844, 52.0
0.33400702476501465, 52.0
0.335892915725708, 52.0
0.337766170501709, 52.0
0.33962297439575195, 52.0
0.34152698516845703, 52.0
0.34339189529418945, 52.0
0.34525203704833984, 52.0
0.34711503982543945, 52.0
0.3489949703216553, 52.0
0.35092592239379883, 52.0
0.3527970314025879, 52.0
0.3546559810638428, 52.0
0.35651707649230957, 52.0
0.3584449291229248, 52.0
0.3603250980377197, 52.0
0.36221790313720703, 52.0
0.36408376693725586, 52.0
0.36597704887390137, 52.0
0.3678598403930664, 52.0
0.3697240352630615, 52.0
0.3716089725494385, 52.0
0.37349605560302734, 52.0
0.37537097930908203, 52.0
0.37724900245666504, 52.0
0.3791069984436035, 52.0
0.38097190856933594, 52.0
