0.0001819133758544922, 857.0
0.0001957416534423828, 959.0
0.00021791458129882812, 1816.0
0.00025391578674316406, 1818.0
0.0002677440643310547, 1920.0
0.0002880096435546875, 2777.0
0.0003387928009033203, 2778.0
0.00037479400634765625, 2780.0
0.0003879070281982422, 2882.0
0.0004088878631591797, 3739.0
0.0004780292510986328, 4221.0
0.0005557537078857422, 4223.0
0.0006248950958251953, 4705.0
0.0007157325744628906, 4707.0
0.00078582763671875, 5189.0
0.000885009765625, 5191.0
0.0009658336639404297, 5193.0
0.0010368824005126953, 5675.0
0.0011298656463623047, 5677.0
0.0012009143829345703, 6159.0
0.0013148784637451172, 6161.0
0.0013937950134277344, 6163.0
0.0014657974243164062, 6645.0
0.0015587806701660156, 6647.0
0.001628875732421875, 7129.0
0.0017616748809814453, 7130.0
0.00185394287109375, 7132.0
0.0019278526306152344, 7614.0
0.0020799636840820312, 7615.0
0.002171754837036133, 7617.0
0.0022428035736083984, 8099.0
0.002399921417236328, 8100.0
0.002502918243408203, 8102.0
0.002572774887084961, 8584.0
0.002727985382080078, 8585.0
0.0028197765350341797, 8587.0
0.002889871597290039, 9069.0
0.003072023391723633, 9073.0
0.003232717514038086, 9074.0
0.0033278465270996094, 9076.0
0.003398895263671875, 9558.0
0.003548860549926758, 9559.0
0.0036427974700927734, 9561.0
0.0038928985595703125, 9563.0
0.0042247772216796875, 9564.0
0.004488945007324219, 9568.0
0.004535675048828125, 9569.0
0.0045697689056396484, 9571.0
0.004582881927490234, 9673.0
0.0054018497467041016, 9677.0
0.006181955337524414, 9678.0
0.006378889083862305, 9680.0
0.008732795715332031, 9682.0
0.010393857955932617, 9683.0
0.010846853256225586, 9687.0
0.010888814926147461, 9688.0
0.0109100341796875, 9690.0
0.017238855361938477, 9691.0
0.02246570587158203, 9692.0
0.022508859634399414, 9693.0
0.022528648376464844, 9695.0
0.02541184425354004, 9696.0
0.02576899528503418, 9698.0
0.03614687919616699, 9700.0
0.04032278060913086, 9701.0
0.040782928466796875, 9703.0
0.040802717208862305, 9705.0
0.04083085060119629, 9706.0
0.0703277587890625, 9707.0
0.09368085861206055, 9708.0
0.11046385765075684, 9709.0
0.11048483848571777, 9711.0
0.11051297187805176, 9712.0
0.11570191383361816, 9713.0
0.11598372459411621, 9714.0
0.1160128116607666, 9715.0
0.14065003395080566, 9716.0
0.14068102836608887, 9717.0
0.1464698314666748, 9718.0
0.14673185348510742, 9722.0
0.25427675247192383, 9723.0
0.32905077934265137, 9724.0
0.38051795959472656, 9725.0
0.4113779067993164, 9729.0
0.4168698787689209, 9730.0
0.4169938564300537, 9732.0
0.452805757522583, 9734.0
0.4575958251953125, 9735.0
0.7647659778594971, 9736.0
0.9658699035644531, 9737.0
1.094519853591919, 9738.0
1.1717567443847656, 9739.0
1.2044668197631836, 9740.0
1.2045979499816895, 9742.0
1.2094180583953857, 9743.0
1.2130839824676514, 9744.0
1.245304822921753, 9745.0
1.2489826679229736, 9746.0
2.053619861602783, 9747.0
2.546010732650757, 9748.0
2.837474822998047, 9749.0
2.992668867111206, 9750.0
3.0731630325317383, 9751.0
3.0996758937835693, 9753.0
3.101979970932007, 9754.0
3.10598087310791, 9755.0
3.1298367977142334, 9756.0
3.1314640045166016, 9757.0
11.159816980361938, 9759.0
11.16023302078247, 9761.0
11.17260479927063, 9762.0
11.173259019851685, 9763.0
27.449488878250122, 9765.0
27.4528169631958, 9766.0
27.452919721603394, 9767.0
