0.0007519721984863281, 35.0
0.0020351409912109375, 35.0
0.0032761096954345703, 35.0
0.0045871734619140625, 35.0
0.005892276763916016, 35.0
0.007209062576293945, 35.0
0.008510112762451172, 35.0
0.009775161743164062, 35.0
0.011053085327148438, 35.0
0.012339115142822266, 35.0
0.013695001602172852, 35.0
0.015023946762084961, 35.0
0.016302108764648438, 35.0
0.017568111419677734, 35.0
0.018848180770874023, 35.0
0.020127058029174805, 35.0
0.021403074264526367, 35.0
0.02275705337524414, 35.0
0.024021148681640625, 35.0
0.025288105010986328, 35.0
0.026556015014648438, 35.0
0.027842044830322266, 35.0
0.02912425994873047, 35.0
0.03044414520263672, 35.0
0.031713008880615234, 35.0
0.03299117088317871, 35.0
0.0342559814453125, 35.0
0.03555107116699219, 35.0
0.036820173263549805, 35.0
0.038088083267211914, 35.0
0.039398908615112305, 35.0
0.04068708419799805, 35.0
0.04196786880493164, 35.0
0.04323220252990723, 35.0
0.04450106620788574, 35.0
0.04576897621154785, 35.0
0.04709196090698242, 35.0
0.04836010932922363, 35.0
0.04964613914489746, 35.0
0.05090904235839844, 35.0
0.052175283432006836, 35.0
0.05345892906188965, 35.0
0.05472111701965332, 35.0
0.05603313446044922, 35.0
0.05730104446411133, 35.0
0.058564186096191406, 35.0
0.059832096099853516, 35.0
0.0610959529876709, 35.0
0.06237292289733887, 35.0
0.06368327140808105, 35.0
0.06496810913085938, 35.0
0.06626009941101074, 35.0
0.06761503219604492, 35.0
0.0689842700958252, 35.0
0.07043099403381348, 35.0
0.0717620849609375, 35.0
0.0731351375579834, 35.0
0.07442998886108398, 35.0
0.07568216323852539, 35.0
0.07692909240722656, 35.0
0.07820510864257812, 35.0
0.07954907417297363, 35.0
0.08078384399414062, 35.0
0.08207106590270996, 35.0
0.08338403701782227, 35.0
0.08469319343566895, 35.0
0.08601498603820801, 35.0
0.08730030059814453, 35.0
0.08857512474060059, 35.0
0.08986616134643555, 35.0
0.09116506576538086, 35.0
0.09244608879089355, 35.0
0.09375500679016113, 35.0
0.09505891799926758, 35.0
0.09641599655151367, 35.0
0.09766411781311035, 35.0
0.0989692211151123, 35.0
0.10026097297668457, 35.0
0.10159111022949219, 35.0
0.10293316841125488, 35.0
0.10423612594604492, 35.0
0.10551810264587402, 35.0
0.10680198669433594, 35.0
0.10809803009033203, 35.0
0.10937714576721191, 35.0
0.11066603660583496, 35.0
0.11197209358215332, 35.0
0.11326313018798828, 35.0
0.11457109451293945, 35.0
0.11584997177124023, 35.0
0.11713314056396484, 35.0
0.11841320991516113, 35.0
0.11970114707946777, 35.0
0.12098407745361328, 35.0
0.12230515480041504, 35.0
0.12358713150024414, 35.0
0.1248772144317627, 35.0
0.12616395950317383, 35.0
0.12746095657348633, 35.0
0.12876129150390625, 35.0
0.1300821304321289, 35.0
0.1314072608947754, 35.0
0.13268709182739258, 35.0
0.13397216796875, 35.0
0.13525891304016113, 35.0
0.13653302192687988, 35.0
0.13782906532287598, 35.0
0.13916301727294922, 35.0
0.14045119285583496, 35.0
0.14176607131958008, 35.0
0.14305424690246582, 35.0
0.14434003829956055, 35.0
0.1456589698791504, 35.0
0.14694905281066895, 35.0
0.14825701713562012, 35.0
0.14954710006713867, 35.0
0.15082716941833496, 35.0
0.152116060256958, 35.0
0.15341591835021973, 35.0
0.1547081470489502, 35.0
0.1560049057006836, 35.0
0.15729427337646484, 35.0
0.15857410430908203, 35.0
0.15985894203186035, 35.0
0.16113686561584473, 35.0
0.16242003440856934, 35.0
0.16370320320129395, 35.0
0.16497588157653809, 35.0
0.1662740707397461, 35.0
0.16755008697509766, 35.0
0.16882610321044922, 35.0
0.1701030731201172, 35.0
0.1713879108428955, 35.0
0.1726670265197754, 35.0
0.17395997047424316, 35.0
0.17524099349975586, 35.0
0.17651629447937012, 35.0
0.17780303955078125, 35.0
0.17908000946044922, 35.0
0.18036103248596191, 35.0
0.18164300918579102, 35.0
0.1829209327697754, 35.0
0.18420195579528809, 35.0
0.18548893928527832, 35.0
0.1867680549621582, 35.0
0.1880490779876709, 35.0
0.18933725357055664, 35.0
0.1906111240386963, 35.0
0.1918940544128418, 35.0
0.1931750774383545, 35.0
0.1944572925567627, 35.0
0.19573307037353516, 35.0
0.19701313972473145, 35.0
0.1982879638671875, 35.0
0.19957613945007324, 35.0
0.20085716247558594, 35.0
0.2021341323852539, 35.0
0.2034749984741211, 35.0
0.2047441005706787, 35.0
0.2060251235961914, 35.0
0.2073049545288086, 35.0
0.20861506462097168, 35.0
0.20995688438415527, 35.0
0.21132230758666992, 35.0
0.21261906623840332, 35.0
0.21390390396118164, 35.0
0.2151801586151123, 35.0
0.21645903587341309, 35.0
0.21773910522460938, 35.0
0.21901226043701172, 35.0
0.22029805183410645, 35.0
0.22161221504211426, 35.0
0.2229759693145752, 35.0
0.22425603866577148, 35.0
0.22553396224975586, 35.0
0.22681927680969238, 35.0
0.22809720039367676, 35.0
0.22939205169677734, 35.0
0.2306671142578125, 35.0
0.23194503784179688, 35.0
0.2332141399383545, 35.0
0.23448824882507324, 35.0
0.23577308654785156, 35.0
0.2370460033416748, 35.0
0.2383408546447754, 35.0
0.23961305618286133, 35.0
0.24089598655700684, 35.0
0.2421720027923584, 35.0
0.24344515800476074, 35.0
0.24471712112426758, 35.0
0.24602198600769043, 35.0
0.2473301887512207, 35.0
0.24860715866088867, 35.0
0.24988007545471191, 35.0
0.2511601448059082, 35.0
0.25243496894836426, 35.0
0.253709077835083, 35.0
0.2549891471862793, 35.0
0.25626516342163086, 35.0
0.2575392723083496, 35.0
0.2588229179382324, 35.0
