0.002660036087036133, 931.0
0.006206989288330078, 982.0
0.009673833847045898, 997.0
0.013336896896362305, 1010.0
0.016921043395996094, 1011.0
0.020515918731689453, 1025.0
0.024153947830200195, 1025.0
0.02778792381286621, 1025.0
0.0314478874206543, 1025.0
0.03512001037597656, 1025.0
0.03879380226135254, 1025.0
0.04244804382324219, 1025.0
0.04612088203430176, 1025.0
0.04976701736450195, 1025.0
0.05342674255371094, 1025.0
0.05706381797790527, 1025.0
0.06072282791137695, 1025.0
0.06441211700439453, 1025.0
0.06806087493896484, 1025.0
0.0717318058013916, 1025.0
0.07553505897521973, 1025.0
0.0791630744934082, 1025.0
0.08279705047607422, 1025.0
0.08642888069152832, 1025.0
0.09006190299987793, 1025.0
0.09377598762512207, 1025.0
0.097412109375, 1025.0
0.10105586051940918, 1025.0
0.10468196868896484, 1025.0
0.10831689834594727, 1025.0
0.11198878288269043, 1025.0
0.1156320571899414, 1025.0
0.11926794052124023, 1025.0
0.12293076515197754, 1025.0
0.12661004066467285, 1025.0
0.1302640438079834, 1025.0
0.13401317596435547, 1025.0
0.1376340389251709, 1025.0
0.14126300811767578, 1025.0
0.14491701126098633, 1025.0
0.14855289459228516, 1025.0
0.1521739959716797, 1025.0
0.15579581260681152, 1025.0
0.15941810607910156, 1025.0
0.16305994987487793, 1025.0
0.16672086715698242, 1025.0
0.17036676406860352, 1025.0
0.17398691177368164, 1025.0
0.17760205268859863, 1025.0
0.18124699592590332, 1025.0
0.18486809730529785, 1025.0
0.1884760856628418, 1025.0
0.19209790229797363, 1025.0
0.19576001167297363, 1025.0
0.1993699073791504, 1025.0
0.20297694206237793, 1025.0
0.20660901069641113, 1025.0
0.2104170322418213, 1025.0
0.21419405937194824, 1025.0
0.21783113479614258, 1025.0
0.2214488983154297, 1025.0
0.22507309913635254, 1025.0
0.22868895530700684, 1025.0
0.23232603073120117, 1025.0
0.23596692085266113, 1025.0
0.23958182334899902, 1025.0
0.24325799942016602, 1025.0
0.24692916870117188, 1025.0
0.2506439685821533, 1025.0
0.25427913665771484, 1025.0
0.25789499282836914, 1025.0
0.26151013374328613, 1025.0
0.2651228904724121, 1025.0
0.26874208450317383, 1025.0
0.2723507881164551, 1025.0
0.2759559154510498, 1025.0
0.2795748710632324, 1025.0
0.2831690311431885, 1025.0
0.2867569923400879, 1025.0
0.2903578281402588, 1025.0
0.2939188480377197, 1025.0
0.2974891662597656, 1025.0
0.3010599613189697, 1025.0
0.3046581745147705, 1025.0
0.30823802947998047, 1025.0
0.31181883811950684, 1025.0
0.31545591354370117, 1025.0
0.3190488815307617, 1025.0
0.32262182235717773, 1025.0
0.3261990547180176, 1025.0
0.3297770023345947, 1025.0
0.333345890045166, 1025.0
0.3369109630584717, 1025.0
0.3405008316040039, 1025.0
0.3440711498260498, 1025.0
0.34769392013549805, 1025.0
0.35128211975097656, 1025.0
0.35485196113586426, 1025.0
0.35840773582458496, 1025.0
0.36198902130126953, 1025.0
0.3655557632446289, 1025.0
0.3691120147705078, 1025.0
0.3726980686187744, 1025.0
0.3762819766998291, 1025.0
0.3798489570617676, 1025.0
0.38341403007507324, 1025.0
0.3869919776916504, 1025.0
0.3905599117279053, 1025.0
0.3941500186920166, 1025.0
0.39794301986694336, 1025.0
0.4016439914703369, 1025.0
0.40537309646606445, 1025.0
0.4089698791503906, 1025.0
0.41254401206970215, 1025.0
0.4161510467529297, 1025.0
0.4197227954864502, 1025.0
0.42341089248657227, 1025.0
0.42698216438293457, 1025.0
0.430617094039917, 1025.0
0.43424510955810547, 1025.0
0.43783116340637207, 1025.0
0.4414389133453369, 1025.0
0.4450337886810303, 1025.0
0.44866299629211426, 1025.0
0.4522428512573242, 1025.0
0.4558548927307129, 1025.0
0.4594380855560303, 1025.0
0.463026762008667, 1025.0
0.4666290283203125, 1025.0
0.4702141284942627, 1025.0
0.4738638401031494, 1025.0
0.47742295265197754, 1025.0
0.4810349941253662, 1025.0
0.48461103439331055, 1025.0
0.48816990852355957, 1025.0
0.4917769432067871, 1025.0
0.49533891677856445, 1025.0
0.49897289276123047, 1025.0
0.5025389194488525, 1025.0
0.5061590671539307, 1025.0
0.509760856628418, 1025.0
0.5133218765258789, 1025.0
0.5169219970703125, 1025.0
0.5205070972442627, 1025.0
0.5241267681121826, 1025.0
0.5277018547058105, 1025.0
0.5313220024108887, 1025.0
0.5349030494689941, 1025.0
0.5384821891784668, 1025.0
0.5421087741851807, 1025.0
0.5456929206848145, 1025.0
0.5493118762969971, 1025.0
0.5529110431671143, 1025.0
0.5565450191497803, 1025.0
0.56014084815979, 1025.0
0.5637998580932617, 1025.0
0.5673730373382568, 1025.0
0.571030855178833, 1025.0
0.5746479034423828, 1025.0
0.578237771987915, 1025.0
0.5818469524383545, 1025.0
0.5854089260101318, 1025.0
0.5890669822692871, 1025.0
0.5926477909088135, 1025.0
0.5964179039001465, 1025.0
0.6002500057220459, 1025.0
0.60400390625, 1025.0
0.6078119277954102, 1025.0
0.6115388870239258, 1025.0
0.6152920722961426, 1025.0
0.6190450191497803, 1025.0
0.6228158473968506, 1025.0
0.6265649795532227, 1025.0
0.6303420066833496, 1025.0
0.6341009140014648, 1025.0
0.6378958225250244, 1025.0
0.6416008472442627, 1025.0
0.6452579498291016, 1025.0
0.6490359306335449, 1025.0
0.6527009010314941, 1025.0
0.6564269065856934, 1025.0
0.6601459980010986, 1025.0
0.6638979911804199, 1025.0
0.6675999164581299, 1025.0
0.6712639331817627, 1025.0
0.6749711036682129, 1025.0
0.6786630153656006, 1025.0
0.682344913482666, 1025.0
0.6860220432281494, 1025.0
0.6896998882293701, 1025.0
0.6933588981628418, 1025.0
0.6970317363739014, 1025.0
0.7006759643554688, 1025.0
0.7043287754058838, 1025.0
0.7080669403076172, 1025.0
0.711759090423584, 1025.0
0.7154109477996826, 1025.0
0.7190461158752441, 1025.0
0.7227470874786377, 1025.0
0.7263998985290527, 1025.0
0.7300488948822021, 1025.0
