0.002580881118774414, 925.0
0.006012916564941406, 940.0
0.009540081024169922, 954.0
0.013031721115112305, 997.0
0.0165097713470459, 997.0
0.02001786231994629, 999.0
0.023524045944213867, 1018.0
0.027086973190307617, 1024.0
0.030617952346801758, 1024.0
0.034149885177612305, 1024.0
0.037712812423706055, 1024.0
0.04126691818237305, 1024.0
0.044825077056884766, 1024.0
0.04838085174560547, 1024.0
0.05193376541137695, 1024.0
0.05551409721374512, 1024.0
0.059067726135253906, 1024.0
0.0626227855682373, 1024.0
0.06619787216186523, 1024.0
0.06974577903747559, 1024.0
0.07329082489013672, 1024.0
0.07684779167175293, 1024.0
0.0803990364074707, 1024.0
0.08397579193115234, 1024.0
0.0875399112701416, 1024.0
0.09110379219055176, 1024.0
0.09466099739074707, 1024.0
0.09821367263793945, 1024.0
0.10178089141845703, 1024.0
0.1053469181060791, 1024.0
0.10890793800354004, 1024.0
0.11247396469116211, 1024.0
0.11603879928588867, 1024.0
0.11958909034729004, 1024.0
0.12316107749938965, 1024.0
0.12673187255859375, 1024.0
0.1302938461303711, 1024.0
0.13384580612182617, 1024.0
0.1374068260192871, 1024.0
0.1409587860107422, 1024.0
0.1445019245147705, 1024.0
0.14804291725158691, 1024.0
0.15161490440368652, 1024.0
0.15516996383666992, 1024.0
0.15872502326965332, 1024.0
0.16228294372558594, 1024.0
0.16583895683288574, 1024.0
0.1694328784942627, 1024.0
0.17299771308898926, 1024.0
0.1765458583831787, 1024.0
0.18010497093200684, 1024.0
0.1836538314819336, 1024.0
0.18721389770507812, 1024.0
0.19076776504516602, 1024.0
0.19432282447814941, 1024.0
0.1978769302368164, 1024.0
0.20147299766540527, 1024.0
0.20505905151367188, 1024.0
0.20880508422851562, 1024.0
0.21258282661437988, 1024.0
0.2161257266998291, 1024.0
0.21982479095458984, 1024.0
0.22339487075805664, 1024.0
0.22699689865112305, 1024.0
0.23056674003601074, 1024.0
0.23416495323181152, 1024.0
0.23772788047790527, 1024.0
0.24128198623657227, 1024.0
0.24483394622802734, 1024.0
0.2483980655670166, 1024.0
0.25194478034973145, 1024.0
0.2554967403411865, 1024.0
0.2590599060058594, 1024.0
0.26261091232299805, 1024.0
0.2661900520324707, 1024.0
0.26996588706970215, 1024.0
0.2735879421234131, 1024.0
0.2772378921508789, 1024.0
0.2808229923248291, 1024.0
0.2845580577850342, 1024.0
0.28810906410217285, 1024.0
0.2916598320007324, 1024.0
0.2952148914337158, 1024.0
0.29877185821533203, 1024.0
0.30233001708984375, 1024.0
0.3058748245239258, 1024.0
0.3094308376312256, 1024.0
0.3129689693450928, 1024.0
0.3165128231048584, 1024.0
0.3200678825378418, 1024.0
0.32365894317626953, 1024.0
0.32724809646606445, 1024.0
0.33080387115478516, 1024.0
0.3343689441680908, 1024.0
0.33794403076171875, 1024.0
0.34148383140563965, 1024.0
0.3450489044189453, 1024.0
0.3486058712005615, 1024.0
0.35216689109802246, 1024.0
0.35570597648620605, 1024.0
0.35927391052246094, 1024.0
0.36283206939697266, 1024.0
0.36638569831848145, 1024.0
0.3699498176574707, 1024.0
0.37352490425109863, 1024.0
0.37706494331359863, 1024.0
0.38062191009521484, 1024.0
0.3841719627380371, 1024.0
0.3877120018005371, 1024.0
0.39125490188598633, 1024.0
0.3948218822479248, 1024.0
0.39837002754211426, 1024.0
0.4021148681640625, 1024.0
0.4056727886199951, 1024.0
0.4092237949371338, 1024.0
0.41285181045532227, 1024.0
0.41640591621398926, 1024.0
0.42000675201416016, 1024.0
0.42356181144714355, 1024.0
0.4271097183227539, 1024.0
0.4307429790496826, 1024.0
0.4342799186706543, 1024.0
0.43787384033203125, 1024.0
0.441417932510376, 1024.0
0.44504499435424805, 1024.0
0.44859886169433594, 1024.0
0.4521608352661133, 1024.0
0.45580005645751953, 1024.0
0.45942091941833496, 1024.0
0.4630157947540283, 1024.0
0.46657609939575195, 1024.0
0.47017383575439453, 1024.0
0.47372007369995117, 1024.0
0.47731781005859375, 1024.0
0.4811570644378662, 1024.0
0.48491883277893066, 1024.0
0.4886589050292969, 1024.0
0.49242281913757324, 1024.0
0.4961557388305664, 1024.0
0.4998667240142822, 1024.0
0.503593921661377, 1024.0
0.5072948932647705, 1024.0
0.5110330581665039, 1024.0
0.5148279666900635, 1024.0
0.5185127258300781, 1024.0
0.522223711013794, 1024.0
0.5259108543395996, 1024.0
0.5296218395233154, 1024.0
0.5332620143890381, 1024.0
0.5369138717651367, 1024.0
0.5405957698822021, 1024.0
0.5442700386047363, 1024.0
0.5479409694671631, 1024.0
0.5516006946563721, 1024.0
0.5552399158477783, 1024.0
0.5589020252227783, 1024.0
0.5625410079956055, 1024.0
0.5661838054656982, 1024.0
0.5698559284210205, 1024.0
0.573462963104248, 1024.0
0.5770931243896484, 1024.0
0.5807080268859863, 1024.0
0.584352970123291, 1024.0
0.5879957675933838, 1024.0
0.5916557312011719, 1024.0
0.5953128337860107, 1024.0
0.5989968776702881, 1024.0
0.602625846862793, 1024.0
0.606252908706665, 1024.0
0.6099088191986084, 1024.0
0.6135909557342529, 1024.0
0.6172478199005127, 1024.0
0.620887041091919, 1024.0
0.6245779991149902, 1024.0
0.6282339096069336, 1024.0
0.6318807601928711, 1024.0
0.6356000900268555, 1024.0
0.6392550468444824, 1024.0
0.6428849697113037, 1024.0
0.6465039253234863, 1024.0
0.6501688957214355, 1024.0
0.65382981300354, 1024.0
0.657465934753418, 1024.0
0.6611218452453613, 1024.0
0.6647400856018066, 1024.0
0.6684858798980713, 1024.0
0.6721508502960205, 1024.0
0.6757810115814209, 1024.0
0.6794250011444092, 1024.0
0.6830539703369141, 1024.0
0.6867036819458008, 1024.0
0.6903378963470459, 1024.0
0.6940059661865234, 1024.0
0.697645902633667, 1024.0
0.701279878616333, 1024.0
0.704927921295166, 1024.0
0.7085700035095215, 1024.0
0.7123067378997803, 1024.0
0.7159378528594971, 1024.0
0.7196059226989746, 1024.0
0.7232697010040283, 1024.0
