1.3113021850585938e-05, 484.0
2.09808349609375e-05, 1458.0
2.6941299438476562e-05, 2437.0
3.409385681152344e-05, 3407.0
4.100799560546875e-05, 3891.0
4.792213439941406e-05, 4869.0
6.794929504394531e-05, 5849.0
8.821487426757812e-05, 6337.0
0.00023102760314941406, 7270.0
0.00023794174194335938, 8240.0
0.00024509429931640625, 9221.0
0.00045609474182128906, 9582.0
0.0005829334259033203, 9613.0
0.0011799335479736328, 9737.0
0.001199960708618164, 9741.0
0.003523111343383789, 9742.0
0.010473012924194336, 9748.0
0.016180038452148438, 9749.0
0.02040410041809082, 9750.0
0.13177204132080078, 9751.0
0.14074301719665527, 9752.0
0.2425391674041748, 9754.0
0.24262785911560059, 9756.0
