0.0013768672943115234, 288.0
0.0033829212188720703, 290.0
0.0052869319915771484, 290.0
0.007322788238525391, 295.0
0.009253740310668945, 295.0
0.011173725128173828, 295.0
0.013162851333618164, 295.0
0.015099763870239258, 295.0
0.017049074172973633, 295.0
0.018977880477905273, 295.0
0.02096104621887207, 295.0
0.022945880889892578, 295.0
0.02493882179260254, 295.0
0.0269167423248291, 295.0
0.028932809829711914, 295.0
0.030908823013305664, 295.0
0.03292107582092285, 295.0
0.034893035888671875, 295.0
0.03689289093017578, 295.0
0.0388789176940918, 295.0
0.040907859802246094, 295.0
0.04290199279785156, 295.0
0.04487276077270508, 295.0
0.04687190055847168, 295.0
0.0488438606262207, 295.0
0.05084991455078125, 295.0
0.052832841873168945, 295.0
0.054837942123413086, 295.0
0.056816816329956055, 295.0
0.05881905555725098, 295.0
0.060803890228271484, 295.0
0.06281590461730957, 295.0
0.06479692459106445, 295.0
0.06678605079650879, 295.0
0.06878471374511719, 295.0
0.07079195976257324, 295.0
0.07288908958435059, 295.0
0.0748598575592041, 295.0
0.07686495780944824, 295.0
0.0788578987121582, 295.0
0.08086776733398438, 295.0
0.08289480209350586, 295.0
0.08488082885742188, 295.0
0.08686280250549316, 295.0
0.08887195587158203, 295.0
0.09086108207702637, 295.0
0.09287691116333008, 295.0
0.09485697746276855, 295.0
0.09688687324523926, 295.0
0.09888577461242676, 295.0
0.10088706016540527, 295.0
0.10289406776428223, 295.0
0.10488486289978027, 295.0
0.10688591003417969, 295.0
0.10888910293579102, 295.0
0.11088681221008301, 295.0
0.11284685134887695, 295.0
0.11486196517944336, 295.0
0.1168367862701416, 295.0
0.11883687973022461, 295.0
0.12081289291381836, 295.0
0.12282395362854004, 295.0
0.12479996681213379, 295.0
0.12680292129516602, 295.0
0.12879586219787598, 295.0
0.1307837963104248, 295.0
0.13281583786010742, 295.0
0.13478803634643555, 295.0
0.1368088722229004, 295.0
0.13878870010375977, 295.0
0.1407938003540039, 295.0
0.14276504516601562, 295.0
0.14476680755615234, 295.0
0.1468029022216797, 295.0
0.14879775047302246, 295.0
0.15081191062927246, 295.0
0.15280795097351074, 295.0
0.15479183197021484, 295.0
0.15679478645324707, 295.0
0.1587660312652588, 295.0
0.16077470779418945, 295.0
0.1627519130706787, 295.0
0.1647348403930664, 295.0
0.16674089431762695, 295.0
0.1687169075012207, 295.0
0.17072486877441406, 295.0
0.1727008819580078, 295.0
0.17470884323120117, 295.0
0.17668485641479492, 295.0
0.17868590354919434, 295.0
0.18065786361694336, 295.0
0.1826648712158203, 295.0
0.18463897705078125, 295.0
0.18660283088684082, 295.0
0.18860888481140137, 295.0
0.19055485725402832, 295.0
0.19255685806274414, 295.0
0.19453001022338867, 295.0
0.19652771949768066, 295.0
0.19850587844848633, 295.0
0.2005138397216797, 295.0
0.2025008201599121, 295.0
0.20450568199157715, 295.0
0.20646882057189941, 295.0
0.20844578742980957, 295.0
0.21045708656311035, 295.0
0.21252989768981934, 295.0
0.21457982063293457, 295.0
0.21658802032470703, 295.0
0.21859192848205566, 295.0
0.22059893608093262, 295.0
0.22264385223388672, 295.0
0.22463583946228027, 295.0
0.22664284706115723, 295.0
0.22864580154418945, 295.0
0.23066186904907227, 295.0
0.23263192176818848, 295.0
0.23462986946105957, 295.0
0.2366330623626709, 295.0
0.23860502243041992, 295.0
0.24060487747192383, 295.0
0.24257397651672363, 295.0
0.24454188346862793, 295.0
0.24654102325439453, 295.0
0.24850678443908691, 295.0
0.2505159378051758, 295.0
0.25248193740844727, 295.0
0.2544827461242676, 295.0
0.25644588470458984, 295.0
0.25844669342041016, 295.0
0.2604227066040039, 295.0
0.2623867988586426, 295.0
0.2643849849700928, 295.0
0.26636576652526855, 295.0
0.2683439254760742, 295.0
0.2703127861022949, 295.0
0.2723240852355957, 295.0
0.27429699897766113, 295.0
0.27629780769348145, 295.0
0.2782628536224365, 295.0
0.28026485443115234, 295.0
0.28223586082458496, 295.0
0.2842419147491455, 295.0
0.2862238883972168, 295.0
0.2882249355316162, 295.0
0.2901878356933594, 295.0
0.29218506813049316, 295.0
0.29415178298950195, 295.0
0.29612278938293457, 295.0
0.2980778217315674, 295.0
0.3000760078430176, 295.0
0.30204176902770996, 295.0
0.3040449619293213, 295.0
0.3060119152069092, 295.0
0.3080177307128906, 295.0
0.30998778343200684, 295.0
0.3119537830352783, 295.0
0.31395673751831055, 295.0
0.3159327507019043, 295.0
0.3179187774658203, 295.0
0.31989073753356934, 295.0
0.3218848705291748, 295.0
0.32389283180236816, 295.0
0.3258497714996338, 295.0
0.32784485816955566, 295.0
0.32980990409851074, 295.0
0.33182787895202637, 295.0
0.3338048458099365, 295.0
0.3358027935028076, 295.0
0.33777475357055664, 295.0
0.33976173400878906, 295.0
0.3417646884918213, 295.0
0.34375977516174316, 295.0
0.34575366973876953, 295.0
0.34773969650268555, 295.0
0.3497037887573242, 295.0
0.35170507431030273, 295.0
0.35367393493652344, 295.0
0.3556857109069824, 295.0
0.357684850692749, 295.0
0.3596510887145996, 295.0
0.3616209030151367, 295.0
0.3636348247528076, 295.0
0.3655979633331299, 295.0
0.3675987720489502, 295.0
0.36957383155822754, 295.0
0.3715786933898926, 295.0
0.3735659122467041, 295.0
0.3756217956542969, 295.0
0.37763190269470215, 295.0
0.37965893745422363, 295.0
0.38165879249572754, 295.0
0.38365983963012695, 295.0
0.38563084602355957, 295.0
0.3876347541809082, 295.0
0.38962578773498535, 295.0
0.3916168212890625, 295.0
0.39362287521362305, 295.0
0.39559173583984375, 295.0
0.3975849151611328, 295.0
0.39957594871520996, 295.0
