9.202957153320312e-05, 0.125126
0.00010180473327636719, 0.89114
0.00011801719665527344, 1.0162660000000001
0.00012803077697753906, 17.41081
0.00014901161193847656, 17.535936000000003
0.00015997886657714844, 18.30195
0.00017499923706054688, 18.427076000000003
0.0001862049102783203, 19.330424
0.00021195411682128906, 19.455550000000002
0.0002219676971435547, 20.221564
0.00023698806762695312, 20.346690000000002
0.00024700164794921875, 36.741234000000006
0.00026798248291015625, 36.86636000000001
0.0002779960632324219, 37.632374000000006
0.0002930164337158203, 37.75750000000001
0.00032401084899902344, 45.881528
0.0003440380096435547, 46.006654000000005
0.0003540515899658203, 46.772668
0.0003688335418701172, 46.897794000000005
0.0004010200500488281, 52.439955
0.0004220008850097656, 52.565081
0.0004322528839111328, 53.331095
0.0004470348358154297, 53.456221
0.0004570484161376953, 54.359569
0.0004839897155761719, 54.484695
0.0004940032958984375, 55.250709
0.0005090236663818359, 55.375835
0.0005190372467041016, 71.770379
0.0005400180816650391, 71.895505
0.0005497932434082031, 72.661519
0.0005650520324707031, 72.786645
0.0005970001220703125, 80.910673
0.0006170272827148438, 81.035799
0.0006270408630371094, 81.80181300000001
0.0006799697875976562, 86.501664
0.0006999969482421875, 86.62679
0.0007102489471435547, 87.39280400000001
0.0007259845733642578, 87.51793
0.0007579326629638672, 95.64195799999999
0.0007789134979248047, 95.76708399999998
0.0007889270782470703, 96.533098
0.0008540153503417969, 99.047823
0.0008759498596191406, 99.17294899999999
0.0008859634399414062, 99.938963
0.0009012222290039062, 100.064089
0.0009338855743408203, 105.60624999999999
0.0009541511535644531, 105.73137599999998
0.0009641647338867188, 106.49739
0.0009789466857910156, 106.62251599999999
0.0009889602661132812, 107.52586399999998
0.0010149478912353516, 107.65098999999998
0.0010249614715576172, 108.41700399999999
0.0010402202606201172, 108.54212999999999
0.0010502338409423828, 124.93667399999998
0.0010712146759033203, 125.06179999999998
0.0010809898376464844, 125.82781399999999
0.0011200904846191406, 134.076968
0.0011780261993408203, 139.667959
0.0011990070343017578, 140.559099
0.0012369155883789062, 148.808253
0.0013239383697509766, 155.818355
0.0013899803161621094, 159.22422
0.0014100074768066406, 160.11536
0.001447916030883789, 165.782647
0.0014688968658447266, 165.907773
0.0014789104461669922, 166.673787
0.0014951229095458984, 167.702261
0.0015208721160888672, 167.827387
0.0015311241149902344, 168.593401
0.0015630722045898438, 174.922941
0.001583099365234375, 175.81408100000002
0.0015978813171386719, 176.842555
0.0016241073608398438, 177.733695
0.0016720294952392578, 180.513932
0.0016930103302001953, 180.639058
0.001703023910522461, 181.40507200000002
0.0017180442810058594, 182.433546
0.0017459392547607422, 182.558672
0.0017559528350830078, 183.324686
0.0017879009246826172, 189.65422600000002
0.00180816650390625, 191.57384000000002
0.0019121170043945312, 197.030549
0.0019321441650390625, 198.950163
0.0019910335540771484, 202.62153999999998
0.0020110607147216797, 203.51268
0.0020248889923095703, 204.54115399999998
0.002051115036010742, 205.43229399999998
0.0020821094512939453, 211.761834
0.0021021366119384766, 213.681448
0.0021979808807373047, 218.771936
0.002218008041381836, 220.69155
0.0022819042205810547, 232.36793099999997
0.0023450851440429688, 248.06665199999998
0.0023660659790039062, 249.98626599999997
0.002440929412841797, 254.527421
0.002543210983276367, 261.12247099999996
0.002562999725341797, 263.042085
0.0026481151580810547, 270.052187
0.0027179718017578125, 271.538438
0.002736806869506836, 272.429578
0.002752065658569336, 273.458052
0.0027780532836914062, 274.349192
0.0028100013732910156, 280.678732
0.002830028533935547, 282.598346
0.002856016159057617, 289.156773
0.002892017364501953, 290.047913
0.0029070377349853516, 298.29706699999997
0.002949237823486328, 303.888058
0.0030629634857177734, 310.8462779999999
0.0031061172485351562, 316.437269
0.0032918453216552734, 321.77190500000006
0.003329038619995117, 325.17777
0.0033779144287109375, 325.30289600000003
0.003387928009033203, 326.06891
0.0034029483795166016, 344.508194
0.003451108932495117, 349.049349
0.0036401748657226562, 351.704459
0.0037200450897216797, 358.71456099999995
0.0037839412689208984, 370.390942
0.0038039684295654297, 372.31055599999996
0.003873109817504883, 376.85171099999997
0.00397491455078125, 384.859767
0.004038095474243164, 389.400922
0.0041179656982421875, 391.506699
0.004187107086181641, 398.883022
0.004256010055541992, 405.89312400000006
0.0043032169342041016, 424.030274
0.004350900650024414, 438.76155900000003
0.004492044448852539, 450.66988100000003
0.004606962203979492, 454.429761
0.004655122756958008, 469.161046
0.004795074462890625, 481.069368
