0.0021209716796875, 424.03027399999996
0.004895925521850586, 424.03027399999996
0.007734060287475586, 450.669881
0.010532140731811523, 481.069368
0.01330876350402832, 481.069368
0.016119003295898438, 481.069368
0.01885199546813965, 481.069368
0.021577835083007812, 481.069368
0.02434396743774414, 481.069368
0.027102947235107422, 481.069368
0.029926061630249023, 481.069368
0.03288698196411133, 481.069368
0.03576493263244629, 481.069368
0.03891396522521973, 481.069368
0.04173398017883301, 481.069368
0.044534921646118164, 481.069368
0.04731297492980957, 481.069368
0.05011796951293945, 481.069368
0.05288195610046387, 481.069368
0.055654048919677734, 481.069368
0.05849099159240723, 481.069368
0.06132698059082031, 481.069368
0.06428098678588867, 481.069368
0.0671839714050293, 481.069368
0.07007312774658203, 481.069368
0.07294487953186035, 481.069368
0.07579588890075684, 481.069368
0.0787210464477539, 481.069368
0.0816199779510498, 481.069368
0.08451986312866211, 481.069368
0.08737778663635254, 481.069368
0.09023094177246094, 481.069368
0.09306788444519043, 481.069368
0.09591484069824219, 481.069368
0.0987708568572998, 481.069368
0.10164403915405273, 481.069368
0.10451292991638184, 481.069368
0.10735416412353516, 481.069368
0.11017394065856934, 481.069368
0.11296415328979492, 481.069368
0.11578011512756348, 481.069368
0.11858701705932617, 481.069368
0.12139201164245605, 481.069368
0.124176025390625, 481.069368
0.12690496444702148, 481.069368
0.12969493865966797, 481.069368
0.13254189491271973, 481.069368
0.13538098335266113, 481.069368
0.13822007179260254, 481.069368
0.14107894897460938, 481.069368
0.1439530849456787, 481.069368
0.1467418670654297, 481.069368
0.1495380401611328, 481.069368
0.1523890495300293, 481.069368
0.15521883964538574, 481.069368
0.158095121383667, 481.069368
0.16082096099853516, 481.069368
0.16350483894348145, 481.069368
0.16624188423156738, 481.069368
0.16892313957214355, 481.069368
0.17161011695861816, 481.069368
0.17432808876037598, 481.069368
0.17700886726379395, 481.069368
0.17969512939453125, 481.069368
0.18238210678100586, 481.069368
0.1850888729095459, 481.069368
0.18777012825012207, 481.069368
0.19044876098632812, 481.069368
0.1931471824645996, 481.069368
0.19582796096801758, 481.069368
0.19852995872497559, 481.069368
0.20125889778137207, 481.069368
0.20394110679626465, 481.069368
0.2066190242767334, 481.069368
0.20935392379760742, 481.069368
0.21225380897521973, 481.069368
0.2150578498840332, 481.069368
0.21776294708251953, 481.069368
0.22050094604492188, 481.069368
0.2234358787536621, 481.069368
0.22620797157287598, 481.069368
0.22903895378112793, 481.069368
0.23183393478393555, 481.069368
0.2346019744873047, 481.069368
0.23736095428466797, 481.069368
0.2401289939880371, 481.069368
0.2428908348083496, 481.069368
0.2456498146057129, 481.069368
0.24846100807189941, 481.069368
0.2512218952178955, 481.069368
0.2539849281311035, 481.069368
0.2567610740661621, 481.069368
0.25959181785583496, 481.069368
0.2622959613800049, 481.069368
0.26505279541015625, 481.069368
0.2677607536315918, 481.069368
0.2704489231109619, 481.069368
0.27324700355529785, 481.069368
0.2760319709777832, 481.069368
0.27876710891723633, 481.069368
0.2815511226654053, 481.069368
0.28443098068237305, 481.069368
0.28719592094421387, 481.069368
0.2900228500366211, 481.069368
0.2928659915924072, 481.069368
0.29563379287719727, 481.069368
0.2985258102416992, 481.069368
0.3013010025024414, 481.069368
0.30403614044189453, 481.069368
0.30677294731140137, 481.069368
0.3094809055328369, 481.069368
0.31217098236083984, 481.069368
0.3148500919342041, 481.069368
0.31755495071411133, 481.069368
0.32024598121643066, 481.069368
0.3229188919067383, 481.069368
0.3255929946899414, 481.069368
0.32827115058898926, 481.069368
0.3309590816497803, 481.069368
0.333636999130249, 481.069368
0.33631205558776855, 481.069368
0.33899497985839844, 481.069368
0.34169793128967285, 481.069368
0.34438180923461914, 481.069368
0.3470771312713623, 481.069368
0.34977197647094727, 481.069368
0.35245585441589355, 481.069368
0.3551449775695801, 481.069368
0.35782694816589355, 481.069368
0.36051082611083984, 481.069368
0.3631899356842041, 481.069368
0.3658638000488281, 481.069368
0.3685629367828369, 481.069368
0.3712320327758789, 481.069368
0.3739330768585205, 481.069368
0.3766179084777832, 481.069368
0.3792989253997803, 481.069368
0.38196802139282227, 481.069368
0.3846619129180908, 481.069368
0.38733887672424316, 481.069368
0.3900117874145508, 481.069368
0.39269304275512695, 481.069368
0.39536619186401367, 481.069368
0.39806580543518066, 481.069368
0.40090012550354004, 481.069368
0.40366506576538086, 481.069368
0.4064018726348877, 481.069368
0.40912890434265137, 481.069368
0.41185879707336426, 481.069368
0.4146239757537842, 481.069368
0.4173600673675537, 481.069368
0.4200899600982666, 481.069368
0.42284393310546875, 481.069368
0.4255819320678711, 481.069368
0.42837977409362793, 481.069368
0.43110084533691406, 481.069368
0.4337761402130127, 481.069368
0.4364590644836426, 481.069368
0.43914294242858887, 481.069368
0.4418160915374756, 481.069368
0.44449782371520996, 481.069368
0.4471709728240967, 481.069368
0.4498460292816162, 481.069368
0.4525279998779297, 481.069368
0.4551990032196045, 481.069368
0.4578709602355957, 481.069368
0.4605381488800049, 481.069368
0.46322083473205566, 481.069368
0.4659109115600586, 481.069368
0.46859216690063477, 481.069368
0.4712989330291748, 481.069368
0.4740159511566162, 481.069368
0.4768199920654297, 481.069368
0.4794888496398926, 481.069368
0.4821958541870117, 481.069368
0.4848639965057373, 481.069368
0.48753786087036133, 481.069368
0.49021005630493164, 481.069368
0.492919921875, 481.069368
0.4955940246582031, 481.069368
0.49828505516052246, 481.069368
0.5009651184082031, 481.069368
0.5036368370056152, 481.069368
0.5062971115112305, 481.069368
0.5089578628540039, 481.069368
0.5116310119628906, 481.069368
0.5143070220947266, 481.069368
0.5169639587402344, 481.069368
0.5196290016174316, 481.069368
0.5222940444946289, 481.069368
0.5249569416046143, 481.069368
0.5276248455047607, 481.069368
0.5303101539611816, 481.069368
0.5329818725585938, 481.069368
0.5356540679931641, 481.069368
0.5383248329162598, 481.069368
0.5410327911376953, 481.069368
0.5436999797821045, 481.069368
0.5463578701019287, 481.069368
0.5490291118621826, 481.069368
0.5517089366912842, 481.069368
