0.0026056766510009766, 867.0
0.006134986877441406, 875.0
0.009766817092895508, 959.0
0.013384819030761719, 982.0
0.01692962646484375, 1017.0
0.02053666114807129, 1019.0
0.02416086196899414, 1019.0
0.027809619903564453, 1019.0
0.03146791458129883, 1019.0
0.0351259708404541, 1019.0
0.0388028621673584, 1019.0
0.0424959659576416, 1019.0
0.04616975784301758, 1019.0
0.04984879493713379, 1019.0
0.05352282524108887, 1019.0
0.05721592903137207, 1019.0
0.06089973449707031, 1019.0
0.0645749568939209, 1019.0
0.06822562217712402, 1019.0
0.07187199592590332, 1019.0
0.07551097869873047, 1019.0
0.07913684844970703, 1019.0
0.08278989791870117, 1019.0
0.08648872375488281, 1019.0
0.09012460708618164, 1019.0
0.09377884864807129, 1019.0
0.09743690490722656, 1019.0
0.10107588768005371, 1019.0
0.10487985610961914, 1019.0
0.10851883888244629, 1019.0
0.11221981048583984, 1019.0
0.11586689949035645, 1019.0
0.1195216178894043, 1019.0
0.12317895889282227, 1019.0
0.12683582305908203, 1019.0
0.13048386573791504, 1019.0
0.13412976264953613, 1019.0
0.1377577781677246, 1019.0
0.14139175415039062, 1019.0
0.1450488567352295, 1019.0
0.14870500564575195, 1019.0
0.15234780311584473, 1019.0
0.15598487854003906, 1019.0
0.1597299575805664, 1019.0
0.16346383094787598, 1019.0
0.16718578338623047, 1019.0
0.17092394828796387, 1019.0
0.17455792427062988, 1019.0
0.1782388687133789, 1019.0
0.18195295333862305, 1019.0
0.18570804595947266, 1019.0
0.18952178955078125, 1019.0
0.19340801239013672, 1019.0
0.19716668128967285, 1019.0
0.2009267807006836, 1019.0
0.20487666130065918, 1019.0
0.2087869644165039, 1019.0
0.21273493766784668, 1019.0
0.21646380424499512, 1019.0
0.22035789489746094, 1019.0
0.2240908145904541, 1019.0
0.22787880897521973, 1019.0
0.23169469833374023, 1019.0
0.23558878898620605, 1019.0
0.23939299583435059, 1019.0
0.24315977096557617, 1019.0
0.24698185920715332, 1019.0
0.25072169303894043, 1019.0
0.25453686714172363, 1019.0
0.25827980041503906, 1019.0
0.26204586029052734, 1019.0
0.2658207416534424, 1019.0
0.26958179473876953, 1019.0
0.2733187675476074, 1019.0
0.2770266532897949, 1019.0
0.2807788848876953, 1019.0
0.28452301025390625, 1019.0
0.28829383850097656, 1019.0
0.29201483726501465, 1019.0
0.2957639694213867, 1019.0
0.2995007038116455, 1019.0
0.30324387550354004, 1019.0
0.3069908618927002, 1019.0
0.3107268810272217, 1019.0
0.3144419193267822, 1019.0
0.318187952041626, 1019.0
0.32196879386901855, 1019.0
0.3257029056549072, 1019.0
0.32952070236206055, 1019.0
0.33331990242004395, 1019.0
0.33710265159606934, 1019.0
0.34084463119506836, 1019.0
0.34458088874816895, 1019.0
0.34834980964660645, 1019.0
0.3520658016204834, 1019.0
0.35587382316589355, 1019.0
0.3596017360687256, 1019.0
0.3633689880371094, 1019.0
0.36707305908203125, 1019.0
0.3708207607269287, 1019.0
0.37451982498168945, 1019.0
0.37825679779052734, 1019.0
0.381976842880249, 1019.0
0.3857147693634033, 1019.0
0.38942885398864746, 1019.0
0.39313483238220215, 1019.0
0.39687180519104004, 1019.0
0.40059494972229004, 1019.0
0.40435194969177246, 1019.0
0.4081847667694092, 1019.0
0.41212964057922363, 1019.0
0.41594386100769043, 1019.0
0.41977977752685547, 1019.0
0.42359089851379395, 1019.0
0.42742085456848145, 1019.0
0.43120789527893066, 1019.0
0.4350457191467285, 1019.0
0.4388558864593506, 1019.0
0.44264984130859375, 1019.0
0.44653892517089844, 1019.0
0.45031189918518066, 1019.0
0.4540698528289795, 1019.0
0.45776796340942383, 1019.0
0.46149301528930664, 1019.0
0.46520400047302246, 1019.0
0.4689316749572754, 1019.0
0.47269177436828613, 1019.0
0.4764108657836914, 1019.0
0.48016786575317383, 1019.0
0.48387789726257324, 1019.0
0.48766374588012695, 1019.0
0.49140191078186035, 1019.0
0.4951639175415039, 1019.0
0.49889206886291504, 1019.0
0.5026607513427734, 1019.0
0.5064408779144287, 1019.0
0.51019287109375, 1019.0
0.5139217376708984, 1019.0
0.5176358222961426, 1019.0
0.5213778018951416, 1019.0
0.5250787734985352, 1019.0
0.5288147926330566, 1019.0
0.532512903213501, 1019.0
0.5362167358398438, 1019.0
0.5399580001831055, 1019.0
0.543658971786499, 1019.0
0.5473687648773193, 1019.0
0.5511229038238525, 1019.0
0.5548386573791504, 1019.0
0.5585598945617676, 1019.0
0.5623259544372559, 1019.0
0.566030740737915, 1019.0
0.5698130130767822, 1019.0
0.5735487937927246, 1019.0
0.5773277282714844, 1019.0
0.581047773361206, 1019.0
0.5847988128662109, 1019.0
0.5885648727416992, 1019.0
0.5922989845275879, 1019.0
0.5960428714752197, 1019.0
0.5998167991638184, 1019.0
0.6036076545715332, 1019.0
0.607353687286377, 1019.0
0.6111268997192383, 1019.0
0.614865779876709, 1019.0
0.6185867786407471, 1019.0
0.6223397254943848, 1019.0
0.6260337829589844, 1019.0
0.6299257278442383, 1019.0
0.6337788105010986, 1019.0
0.6376278400421143, 1019.0
0.6414909362792969, 1019.0
0.6453509330749512, 1019.0
0.6492128372192383, 1019.0
0.6530749797821045, 1019.0
0.6569218635559082, 1019.0
0.6607606410980225, 1019.0
0.6646938323974609, 1019.0
0.6685738563537598, 1019.0
0.6723437309265137, 1019.0
0.6760959625244141, 1019.0
0.679912805557251, 1019.0
0.683762788772583, 1019.0
0.6876087188720703, 1019.0
0.6914827823638916, 1019.0
0.6953086853027344, 1019.0
0.6991317272186279, 1019.0
0.702955961227417, 1019.0
0.7068159580230713, 1019.0
0.7105107307434082, 1019.0
0.7141268253326416, 1019.0
0.7177598476409912, 1019.0
0.7214007377624512, 1019.0
0.7250218391418457, 1019.0
0.7286608219146729, 1019.0
0.7322678565979004, 1019.0
0.7358977794647217, 1019.0
0.7395327091217041, 1019.0
0.7431578636169434, 1019.0
0.7468287944793701, 1019.0
0.7504599094390869, 1019.0
