0.0008859634399414062, 130.0
0.0023679733276367188, 130.0
0.003785848617553711, 130.0
0.005223751068115234, 130.0
0.00673985481262207, 130.0
0.008314132690429688, 130.0
0.009763956069946289, 130.0
0.01122593879699707, 130.0
0.012711763381958008, 130.0
0.014168977737426758, 130.0
0.01572704315185547, 130.0
0.017212867736816406, 130.0
0.018663883209228516, 130.0
0.020114898681640625, 130.0
0.021554946899414062, 130.0
0.023018836975097656, 130.0
0.024489879608154297, 130.0
0.02593994140625, 130.0
0.027391910552978516, 130.0
0.02883291244506836, 130.0
0.030282974243164062, 130.0
0.03175687789916992, 130.0
0.03320908546447754, 130.0
0.034774065017700195, 130.0
0.03633308410644531, 130.0
0.0378260612487793, 130.0
0.03933882713317871, 130.0
0.04081296920776367, 130.0
0.04246997833251953, 130.0
0.0440371036529541, 130.0
0.04553103446960449, 130.0
0.047055959701538086, 130.0
0.048544883728027344, 130.0
0.049990177154541016, 130.0
0.051434993743896484, 130.0
0.052876949310302734, 130.0
0.05432605743408203, 130.0
0.05577397346496582, 130.0
0.05726504325866699, 130.0
0.05882096290588379, 130.0
0.06027793884277344, 130.0
0.0617368221282959, 130.0
0.06318497657775879, 130.0
0.06465697288513184, 130.0
0.06610298156738281, 130.0
0.06756091117858887, 130.0
0.06902074813842773, 130.0
0.07046914100646973, 130.0
0.07192111015319824, 130.0
0.07340312004089355, 130.0
0.07484889030456543, 130.0
0.07631087303161621, 130.0
0.07775998115539551, 130.0
0.07920193672180176, 130.0
0.08064413070678711, 130.0
0.08210206031799316, 130.0
0.08354997634887695, 130.0
0.0850069522857666, 130.0
0.08645915985107422, 130.0
0.08791017532348633, 130.0
0.0893549919128418, 130.0
0.0908048152923584, 130.0
0.0922548770904541, 130.0
0.09373307228088379, 130.0
0.09517693519592285, 130.0
0.09663510322570801, 130.0
0.0980839729309082, 130.0
0.09953188896179199, 130.0
0.10097885131835938, 130.0
0.10242390632629395, 130.0
0.10387706756591797, 130.0
0.10531806945800781, 130.0
0.10676288604736328, 130.0
0.10824894905090332, 130.0
0.10969686508178711, 130.0
0.11114311218261719, 130.0
0.11258888244628906, 130.0
0.11403489112854004, 130.0
0.11547589302062988, 130.0
0.11693000793457031, 130.0
0.11837577819824219, 130.0
0.11985492706298828, 130.0
0.12130093574523926, 130.0
0.12274408340454102, 130.0
0.12419509887695312, 130.0
0.12563610076904297, 130.0
0.12709283828735352, 130.0
0.1285400390625, 130.0
0.12999486923217773, 130.0
0.1314549446105957, 130.0
0.13291311264038086, 130.0
0.13435697555541992, 130.0
0.13581299781799316, 130.0
0.13727188110351562, 130.0
0.1387159824371338, 130.0
0.14015793800354004, 130.0
0.14160895347595215, 130.0
0.14306092262268066, 130.0
0.14451289176940918, 130.0
0.14597392082214355, 130.0
0.14742088317871094, 130.0
0.1488659381866455, 130.0
0.15030813217163086, 130.0
0.15176010131835938, 130.0
0.15323305130004883, 130.0
0.1547088623046875, 130.0
0.15618085861206055, 130.0
0.15766000747680664, 130.0
0.159196138381958, 130.0
0.16067194938659668, 130.0
0.16214799880981445, 130.0
0.1636209487915039, 130.0
0.16508889198303223, 130.0
0.16656494140625, 130.0
0.16804194450378418, 130.0
0.16954803466796875, 130.0
0.17107200622558594, 130.0
0.17255592346191406, 130.0
0.17403006553649902, 130.0
0.17552495002746582, 130.0
0.1770038604736328, 130.0
0.1784818172454834, 130.0
0.17996597290039062, 130.0
0.1814560890197754, 130.0
0.18295598030090332, 130.0
0.1844189167022705, 130.0
0.1858689785003662, 130.0
0.18732905387878418, 130.0
0.1888139247894287, 130.0
0.19026398658752441, 130.0
0.1917119026184082, 130.0
0.19316983222961426, 130.0
0.19464397430419922, 130.0
0.19608283042907715, 130.0
0.19752907752990723, 130.0
0.19898009300231934, 130.0
0.20049190521240234, 130.0
0.20193791389465332, 130.0
0.2033860683441162, 130.0
0.20484089851379395, 130.0
0.2062828540802002, 130.0
0.2077350616455078, 130.0
0.20919394493103027, 130.0
0.21068787574768066, 130.0
0.2122349739074707, 130.0
0.2138500213623047, 130.0
0.21529388427734375, 130.0
0.21674108505249023, 130.0
0.2181849479675293, 130.0
0.21963906288146973, 130.0
0.22109007835388184, 130.0
0.22254109382629395, 130.0
0.2240288257598877, 130.0
0.2254929542541504, 130.0
0.22693610191345215, 130.0
0.2283940315246582, 130.0
0.22984004020690918, 130.0
0.23131108283996582, 130.0
0.2327589988708496, 130.0
0.23420310020446777, 130.0
0.2356557846069336, 130.0
0.23709893226623535, 130.0
0.23857998847961426, 130.0
0.24003291130065918, 130.0
0.24149179458618164, 130.0
0.24295282363891602, 130.0
0.24439597129821777, 130.0
0.24584102630615234, 130.0
0.24729704856872559, 130.0
0.24874496459960938, 130.0
0.250194787979126, 130.0
0.25164198875427246, 130.0
0.25307798385620117, 130.0
0.2545289993286133, 130.0
0.2559700012207031, 130.0
0.25742101669311523, 130.0
0.2588651180267334, 130.0
0.26030683517456055, 130.0
0.2617478370666504, 130.0
0.2631869316101074, 130.0
0.2646298408508301, 130.0
0.26607394218444824, 130.0
0.26752400398254395, 130.0
0.26897192001342773, 130.0
0.27042102813720703, 130.0
0.2718679904937744, 130.0
0.273313045501709, 130.0
0.2747619152069092, 130.0
0.2762107849121094, 130.0
0.27765607833862305, 130.0
0.2791128158569336, 130.0
0.2805747985839844, 130.0
0.28202199935913086, 130.0
0.2834739685058594, 130.0
0.28492212295532227, 130.0
0.2863609790802002, 130.0
0.28781580924987793, 130.0
0.2892639636993408, 130.0
0.29071784019470215, 130.0
0.29216599464416504, 130.0
0.29361701011657715, 130.0
