0.0026161670684814453, 915.0
0.006144046783447266, 936.0
0.009699106216430664, 990.0
0.01327824592590332, 990.0
0.016796350479125977, 999.0
0.02036142349243164, 1017.0
0.023942232131958008, 1019.0
0.027555227279663086, 1025.0
0.03116011619567871, 1025.0
0.03477931022644043, 1025.0
0.03853726387023926, 1025.0
0.042916297912597656, 1025.0
0.046552181243896484, 1025.0
0.05019521713256836, 1025.0
0.05382227897644043, 1025.0
0.0574803352355957, 1025.0
0.061106204986572266, 1025.0
0.0647282600402832, 1025.0
0.0683431625366211, 1025.0
0.07196331024169922, 1025.0
0.07559013366699219, 1025.0
0.07920718193054199, 1025.0
0.08282327651977539, 1025.0
0.0865163803100586, 1025.0
0.09014511108398438, 1025.0
0.09376215934753418, 1025.0
0.09738802909851074, 1025.0
0.10100507736206055, 1025.0
0.10462737083435059, 1025.0
0.10828733444213867, 1025.0
0.11205315589904785, 1025.0
0.11567115783691406, 1025.0
0.11928606033325195, 1025.0
0.12291216850280762, 1025.0
0.1265392303466797, 1025.0
0.13016605377197266, 1025.0
0.13382506370544434, 1025.0
0.13747930526733398, 1025.0
0.14113521575927734, 1025.0
0.14475631713867188, 1025.0
0.14839720726013184, 1025.0
0.1520252227783203, 1025.0
0.15565228462219238, 1025.0
0.15931439399719238, 1025.0
0.16293716430664062, 1025.0
0.16657114028930664, 1025.0
0.17020416259765625, 1025.0
0.17384028434753418, 1025.0
0.17747139930725098, 1025.0
0.1812591552734375, 1025.0
0.18486714363098145, 1025.0
0.18848943710327148, 1025.0
0.19211125373840332, 1025.0
0.1957383155822754, 1025.0
0.19939303398132324, 1025.0
0.2030501365661621, 1025.0
0.20667123794555664, 1025.0
0.21031618118286133, 1025.0
0.21416521072387695, 1025.0
0.21778631210327148, 1025.0
0.2215883731842041, 1025.0
0.22521233558654785, 1025.0
0.22884321212768555, 1025.0
0.23247623443603516, 1025.0
0.2361142635345459, 1025.0
0.2397291660308838, 1025.0
0.24336624145507812, 1025.0
0.24699115753173828, 1025.0
0.2506272792816162, 1025.0
0.2542610168457031, 1025.0
0.25789523124694824, 1025.0
0.2615082263946533, 1025.0
0.26512837409973145, 1025.0
0.2687642574310303, 1025.0
0.27239227294921875, 1025.0
0.27600717544555664, 1025.0
0.2796463966369629, 1025.0
0.28325819969177246, 1025.0
0.2868683338165283, 1025.0
0.2904832363128662, 1025.0
0.29410529136657715, 1025.0
0.2977163791656494, 1025.0
0.3013272285461426, 1025.0
0.30495524406433105, 1025.0
0.30860233306884766, 1025.0
0.3122282028198242, 1025.0
0.3158693313598633, 1025.0
0.3195011615753174, 1025.0
0.3231332302093506, 1025.0
0.32675719261169434, 1025.0
0.3303992748260498, 1025.0
0.3340170383453369, 1025.0
0.3377101421356201, 1025.0
0.3414924144744873, 1025.0
0.34513020515441895, 1025.0
0.3487412929534912, 1025.0
0.3523893356323242, 1025.0
0.35599637031555176, 1025.0
0.3596479892730713, 1025.0
0.36327123641967773, 1025.0
0.3668801784515381, 1025.0
0.37049317359924316, 1025.0
0.3741130828857422, 1025.0
0.3777272701263428, 1025.0
0.3815281391143799, 1025.0
0.3851771354675293, 1025.0
0.3888680934906006, 1025.0
0.392470121383667, 1025.0
0.3961372375488281, 1025.0
0.3997480869293213, 1025.0
0.40344715118408203, 1025.0
0.40706324577331543, 1025.0
0.41072511672973633, 1025.0
0.41437721252441406, 1025.0
0.4179813861846924, 1025.0
0.4216341972351074, 1025.0
0.4252490997314453, 1025.0
0.4289052486419678, 1025.0
0.43251609802246094, 1025.0
0.4361741542816162, 1025.0
0.43979334831237793, 1025.0
0.4434061050415039, 1025.0
0.44709300994873047, 1025.0
0.4508211612701416, 1025.0
0.4547083377838135, 1025.0
0.4584071636199951, 1025.0
0.46211814880371094, 1025.0
0.46575307846069336, 1025.0
0.4694333076477051, 1025.0
0.473081111907959, 1025.0
0.47669243812561035, 1025.0
0.4804341793060303, 1025.0
0.4840540885925293, 1025.0
0.4877171516418457, 1025.0
0.4913651943206787, 1025.0
0.49500322341918945, 1025.0
0.49862027168273926, 1025.0
0.5022311210632324, 1025.0
0.5058910846710205, 1025.0
0.5095112323760986, 1025.0
0.5131824016571045, 1025.0
0.5168211460113525, 1025.0
0.5204851627349854, 1025.0
0.5240981578826904, 1025.0
0.5277113914489746, 1025.0
0.5313582420349121, 1025.0
0.5349791049957275, 1025.0
0.5386652946472168, 1025.0
0.5422673225402832, 1025.0
0.545924186706543, 1025.0
0.5495359897613525, 1025.0
0.553234338760376, 1025.0
0.5568523406982422, 1025.0
0.5604572296142578, 1025.0
0.5641353130340576, 1025.0
0.5677492618560791, 1025.0
0.5714542865753174, 1025.0
0.5750594139099121, 1025.0
0.5787272453308105, 1025.0
0.5823533535003662, 1025.0
0.586050271987915, 1025.0
0.5899641513824463, 1025.0
0.5936923027038574, 1025.0
0.5973870754241943, 1025.0
0.6011331081390381, 1025.0
0.6048171520233154, 1025.0
0.6085522174835205, 1025.0
0.612328290939331, 1025.0
0.6161231994628906, 1025.0
0.6199302673339844, 1025.0
0.6238961219787598, 1025.0
0.6278283596038818, 1025.0
0.6316263675689697, 1025.0
0.6353931427001953, 1025.0
0.6391992568969727, 1025.0
0.642977237701416, 1025.0
0.646787166595459, 1025.0
0.6505610942840576, 1025.0
0.6544451713562012, 1025.0
0.65822434425354, 1025.0
0.6620352268218994, 1025.0
0.6658902168273926, 1025.0
0.6696891784667969, 1025.0
0.6734802722930908, 1025.0
0.6772983074188232, 1025.0
0.6810953617095947, 1025.0
0.6848912239074707, 1025.0
0.688690185546875, 1025.0
0.6924731731414795, 1025.0
0.6962811946868896, 1025.0
0.7000522613525391, 1025.0
0.70389723777771, 1025.0
0.7076611518859863, 1025.0
0.7114241123199463, 1025.0
0.7152314186096191, 1025.0
0.7190022468566895, 1025.0
0.7227702140808105, 1025.0
0.7266161441802979, 1025.0
0.7304041385650635, 1025.0
0.7341723442077637, 1025.0
0.7379410266876221, 1025.0
