0.0007379055023193359, 23.0
0.0020427703857421875, 23.0
0.00325775146484375, 23.0
0.004452705383300781, 23.0
0.005862712860107422, 23.0
0.007114887237548828, 23.0
0.008356809616088867, 23.0
0.009679794311523438, 23.0
0.010905742645263672, 23.0
0.012109041213989258, 23.0
0.013303995132446289, 23.0
0.01449275016784668, 23.0
0.01567673683166504, 23.0
0.016865968704223633, 23.0
0.018118858337402344, 23.0
0.0193178653717041, 23.0
0.02050304412841797, 23.0
0.021683931350708008, 23.0
0.022873640060424805, 23.0
0.024052858352661133, 23.0
0.025259017944335938, 23.0
0.026471853256225586, 23.0
0.027647972106933594, 23.0
0.028825759887695312, 23.0
0.03000187873840332, 23.0
0.03117990493774414, 23.0
0.03235888481140137, 23.0
0.03354072570800781, 23.0
0.03477191925048828, 23.0
0.0359499454498291, 23.0
0.03713202476501465, 23.0
0.03831791877746582, 23.0
0.03949880599975586, 23.0
0.040686845779418945, 23.0
0.04188799858093262, 23.0
0.043100833892822266, 23.0
0.044280052185058594, 23.0
0.0454556941986084, 23.0
0.046630859375, 23.0
0.04783797264099121, 23.0
0.049034833908081055, 23.0
0.05023479461669922, 23.0
0.051470041275024414, 23.0
0.05264687538146973, 23.0
0.053822994232177734, 23.0
0.055001020431518555, 23.0
0.05618095397949219, 23.0
0.05735898017883301, 23.0
0.0585939884185791, 23.0
0.05980181694030762, 23.0
0.0609889030456543, 23.0
0.062172889709472656, 23.0
0.06336307525634766, 23.0
0.06456398963928223, 23.0
0.0657498836517334, 23.0
0.06692981719970703, 23.0
0.06817507743835449, 23.0
0.0693519115447998, 23.0
0.07052493095397949, 23.0
0.07170891761779785, 23.0
0.0728907585144043, 23.0
0.07409882545471191, 23.0
0.07535099983215332, 23.0
0.07655787467956543, 23.0
0.07773995399475098, 23.0
0.07892608642578125, 23.0
0.08011078834533691, 23.0
0.08129286766052246, 23.0
0.08249282836914062, 23.0
0.08369874954223633, 23.0
0.08492183685302734, 23.0
0.08610391616821289, 23.0
0.08730483055114746, 23.0
0.0884857177734375, 23.0
0.08966708183288574, 23.0
0.09086084365844727, 23.0
0.09210681915283203, 23.0
0.09330892562866211, 23.0
0.09449386596679688, 23.0
0.09567689895629883, 23.0
0.09685707092285156, 23.0
0.09803390502929688, 23.0
0.09924197196960449, 23.0
0.10045003890991211, 23.0
0.10166597366333008, 23.0
0.1028447151184082, 23.0
0.1040349006652832, 23.0
0.10521793365478516, 23.0
0.10639786720275879, 23.0
0.10758090019226074, 23.0
0.10883092880249023, 23.0
0.11002373695373535, 23.0
0.1112208366394043, 23.0
0.11239981651306152, 23.0
0.11358785629272461, 23.0
0.11477088928222656, 23.0
0.11597108840942383, 23.0
0.11721682548522949, 23.0
0.1183929443359375, 23.0
0.11957287788391113, 23.0
0.12076783180236816, 23.0
0.12194991111755371, 23.0
0.12314581871032715, 23.0
0.12433886528015137, 23.0
0.12553191184997559, 23.0
0.12676286697387695, 23.0
0.1279449462890625, 23.0
0.12912988662719727, 23.0
0.13031482696533203, 23.0
0.13149785995483398, 23.0
0.13269400596618652, 23.0
0.13394570350646973, 23.0
0.13517284393310547, 23.0
0.13637781143188477, 23.0
0.13766074180603027, 23.0
0.13895392417907715, 23.0
0.14016985893249512, 23.0
0.14139699935913086, 23.0
0.14268183708190918, 23.0
0.14388775825500488, 23.0
0.14512205123901367, 23.0
0.14632701873779297, 23.0
0.1475358009338379, 23.0
0.14874482154846191, 23.0
0.14995670318603516, 23.0
0.15116286277770996, 23.0
0.15239596366882324, 23.0
0.1535930633544922, 23.0
0.15479278564453125, 23.0
0.15600299835205078, 23.0
0.15720891952514648, 23.0
0.15844392776489258, 23.0
0.15966367721557617, 23.0
0.1608738899230957, 23.0
0.16209983825683594, 23.0
0.16330695152282715, 23.0
0.1645057201385498, 23.0
0.16570782661437988, 23.0
0.1669480800628662, 23.0
0.16815590858459473, 23.0
0.1693878173828125, 23.0
0.1706380844116211, 23.0
0.17190790176391602, 23.0
0.17313504219055176, 23.0
0.1743159294128418, 23.0
0.17559385299682617, 23.0
0.17676687240600586, 23.0
0.1779487133026123, 23.0
0.17913484573364258, 23.0
0.1803147792816162, 23.0
0.18149089813232422, 23.0
0.18271684646606445, 23.0
0.18391180038452148, 23.0
0.18509697914123535, 23.0
0.1862797737121582, 23.0
0.1874690055847168, 23.0
0.18865299224853516, 23.0
0.18983697891235352, 23.0
0.19102001190185547, 23.0
0.19224977493286133, 23.0
0.19342780113220215, 23.0
0.19461607933044434, 23.0
0.19579792022705078, 23.0
0.19698572158813477, 23.0
0.19816803932189941, 23.0
0.19935989379882812, 23.0
0.2005910873413086, 23.0
0.20178985595703125, 23.0
0.20296478271484375, 23.0
0.20413899421691895, 23.0
0.20531773567199707, 23.0
0.2064979076385498, 23.0
0.20771503448486328, 23.0
0.2089710235595703, 23.0
0.2101888656616211, 23.0
0.21141695976257324, 23.0
0.2125990390777588, 23.0
0.2137739658355713, 23.0
0.21495699882507324, 23.0
0.21615099906921387, 23.0
0.21736693382263184, 23.0
0.21856999397277832, 23.0
0.21976184844970703, 23.0
0.2209489345550537, 23.0
0.2221360206604004, 23.0
0.2233278751373291, 23.0
0.22450780868530273, 23.0
0.2257688045501709, 23.0
0.22699284553527832, 23.0
0.228179931640625, 23.0
0.22935986518859863, 23.0
0.23054099082946777, 23.0
0.23172593116760254, 23.0
0.23291897773742676, 23.0
0.23413777351379395, 23.0
0.2353358268737793, 23.0
0.2365250587463379, 23.0
0.23770380020141602, 23.0
0.23888087272644043, 23.0
0.24006080627441406, 23.0
0.24125266075134277, 23.0
