0.00015807151794433594, 17.0
0.000186920166015625, 32.0
0.00019884109497070312, 35.0
0.000225067138671875, 52.0
0.00025081634521484375, 67.0
0.0002970695495605469, 76.0
0.000308990478515625, 79.0
0.0003349781036376953, 96.0
0.0003600120544433594, 111.0
0.0004189014434814453, 116.0
0.00043201446533203125, 119.0
0.0004570484161376953, 136.0
0.00048279762268066406, 151.0
0.0005550384521484375, 165.0
0.0005810260772705078, 180.0
0.0006611347198486328, 186.0
0.000720977783203125, 191.0
0.0007340908050537109, 194.0
0.0007598400115966797, 211.0
0.0007848739624023438, 226.0
0.0008561611175537109, 240.0
0.0008819103240966797, 255.0
0.0009729862213134766, 258.0
0.0010318756103515625, 263.0
0.0010440349578857422, 266.0
0.001069784164428711, 283.0
0.0010960102081298828, 298.0
0.0011668205261230469, 312.0
0.0011920928955078125, 327.0
0.0013041496276855469, 330.0
0.0013949871063232422, 333.0
0.0014519691467285156, 338.0
0.0014638900756835938, 341.0
0.001489877700805664, 358.0
0.0015151500701904297, 373.0
0.0015869140625, 387.0
0.0016121864318847656, 402.0
0.001728057861328125, 403.0
0.0017528533935546875, 418.0
0.0018620491027832031, 421.0
0.0019500255584716797, 424.0
0.002007007598876953, 429.0
0.0020189285278320312, 432.0
0.0020439624786376953, 449.0
0.002068042755126953, 464.0
0.0021369457244873047, 478.0
0.0021610260009765625, 493.0
0.0022699832916259766, 495.0
0.0022950172424316406, 512.0
0.002319812774658203, 527.0
0.00238800048828125, 541.0
0.002412080764770508, 556.0
0.0025517940521240234, 566.0
0.0025758743286132812, 581.0
0.0026450157165527344, 595.0
0.0028181076049804688, 603.0
0.002989053726196289, 604.0
0.003058910369873047, 618.0
0.0033299922943115234, 623.0
0.0033419132232666016, 626.0
0.0033659934997558594, 643.0
0.0034940242767333984, 652.0
0.0035059452056884766, 655.0
0.0035300254821777344, 672.0
0.0037021636962890625, 678.0
0.0038831233978271484, 685.0
0.004054069519042969, 693.0
0.004226207733154297, 708.0
0.0043790340423583984, 713.0
0.0043909549713134766, 716.0
0.0044171810150146484, 733.0
0.004499912261962891, 745.0
0.0046579837799072266, 753.0
0.004839897155761719, 756.0
0.004865169525146484, 771.0
0.0049419403076171875, 785.0
0.005095958709716797, 793.0
0.005285978317260742, 794.0
0.0053598880767822266, 798.0
0.0054547786712646484, 805.0
0.005480051040649414, 823.0
0.005638837814331055, 831.0
0.005824089050292969, 834.0
0.0059430599212646484, 836.0
0.00599980354309082, 843.0
0.006018877029418945, 863.0
0.006175994873046875, 871.0
0.006393909454345703, 884.0
0.006721973419189453, 895.0
0.0069310665130615234, 903.0
0.0072100162506103516, 906.0
0.007391929626464844, 909.0
0.0076639652252197266, 917.0
0.007924079895019531, 921.0
0.008243083953857422, 930.0
0.008442878723144531, 938.0
0.008677005767822266, 945.0
0.008909940719604492, 952.0
0.008934974670410156, 970.0
0.00913691520690918, 978.0
0.009933948516845703, 984.0
0.010164976119995117, 991.0
0.010313987731933594, 996.0
0.010331869125366211, 1016.0
0.010531902313232422, 1024.0
