0.00267791748046875, 883.0
0.00620579719543457, 979.0
0.009797096252441406, 979.0
0.013464927673339844, 979.0
0.017142057418823242, 998.0
0.020797014236450195, 1025.0
0.024497032165527344, 1025.0
0.02822113037109375, 1025.0
0.03195595741271973, 1025.0
0.0356600284576416, 1025.0
0.03940606117248535, 1025.0
0.04324817657470703, 1025.0
0.04698300361633301, 1025.0
0.0506899356842041, 1025.0
0.05440092086791992, 1025.0
0.05813908576965332, 1025.0
0.0618588924407959, 1025.0
0.06557106971740723, 1025.0
0.06928706169128418, 1025.0
0.07299017906188965, 1025.0
0.07670283317565918, 1025.0
0.08040118217468262, 1025.0
0.08409905433654785, 1025.0
0.08781886100769043, 1025.0
0.09151983261108398, 1025.0
0.09524202346801758, 1025.0
0.09895491600036621, 1025.0
0.10267519950866699, 1025.0
0.10647010803222656, 1025.0
0.1101679801940918, 1025.0
0.11388897895812988, 1025.0
0.11761903762817383, 1025.0
0.12131905555725098, 1025.0
0.12503600120544434, 1025.0
0.12873005867004395, 1025.0
0.13243579864501953, 1025.0
0.13613510131835938, 1025.0
0.13981986045837402, 1025.0
0.14351201057434082, 1025.0
0.14719104766845703, 1025.0
0.15091204643249512, 1025.0
0.1546030044555664, 1025.0
0.15830016136169434, 1025.0
0.16200900077819824, 1025.0
0.1656968593597412, 1025.0
0.16939520835876465, 1025.0
0.17309784889221191, 1025.0
0.1767871379852295, 1025.0
0.1804800033569336, 1025.0
0.18418097496032715, 1025.0
0.1878809928894043, 1025.0
0.19158101081848145, 1025.0
0.19529485702514648, 1025.0
0.1990950107574463, 1025.0
0.20278000831604004, 1025.0
0.2065110206604004, 1025.0
0.2103888988494873, 1025.0
0.214155912399292, 1025.0
0.21787691116333008, 1025.0
0.22158002853393555, 1025.0
0.22532296180725098, 1025.0
0.2290511131286621, 1025.0
0.23276400566101074, 1025.0
0.23646998405456543, 1025.0
0.24025201797485352, 1025.0
0.24399399757385254, 1025.0
0.2477259635925293, 1025.0
0.2514631748199463, 1025.0
0.2551729679107666, 1025.0
0.25894999504089355, 1025.0
0.26264500617980957, 1025.0
0.2663700580596924, 1025.0
0.27010512351989746, 1025.0
0.2738170623779297, 1025.0
0.2775440216064453, 1025.0
0.28128814697265625, 1025.0
0.2850348949432373, 1025.0
0.28875303268432617, 1025.0
0.2925081253051758, 1025.0
0.29622602462768555, 1025.0
0.29994893074035645, 1025.0
0.30366992950439453, 1025.0
0.30744314193725586, 1025.0
0.3111250400543213, 1025.0
0.31485509872436523, 1025.0
0.31855106353759766, 1025.0
0.32242798805236816, 1025.0
0.32631802558898926, 1025.0
0.3302581310272217, 1025.0
0.33410191535949707, 1025.0
0.3379390239715576, 1025.0
0.3417849540710449, 1025.0
0.34561991691589355, 1025.0
0.34944891929626465, 1025.0
0.3532841205596924, 1025.0
0.3571450710296631, 1025.0
0.3610050678253174, 1025.0
0.3648490905761719, 1025.0
0.36865806579589844, 1025.0
0.37247705459594727, 1025.0
0.3763151168823242, 1025.0
0.3801388740539551, 1025.0
0.38397884368896484, 1025.0
0.38782191276550293, 1025.0
0.39191699028015137, 1025.0
0.39591503143310547, 1025.0
0.39986300468444824, 1025.0
0.40370607376098633, 1025.0
0.4074850082397461, 1025.0
0.4112129211425781, 1025.0
0.4150378704071045, 1025.0
0.4187610149383545, 1025.0
0.4229259490966797, 1025.0
0.426652193069458, 1025.0
0.4305250644683838, 1025.0
0.4345991611480713, 1025.0
0.438352108001709, 1025.0
0.4422609806060791, 1025.0
0.4461240768432617, 1025.0
0.4498729705810547, 1025.0
0.4535961151123047, 1025.0
0.45739006996154785, 1025.0
0.46117186546325684, 1025.0
0.46499085426330566, 1025.0
0.4687669277191162, 1025.0
0.47256898880004883, 1025.0
0.47631192207336426, 1025.0
0.4800691604614258, 1025.0
0.4838120937347412, 1025.0
0.48752498626708984, 1025.0
0.49128222465515137, 1025.0
0.4949760437011719, 1025.0
0.4987490177154541, 1025.0
0.5024549961090088, 1025.0
0.5062229633331299, 1025.0
0.509922981262207, 1025.0
0.5136559009552002, 1025.0
0.5173830986022949, 1025.0
0.5210669040679932, 1025.0
0.524791955947876, 1025.0
0.5284709930419922, 1025.0
0.5322020053863525, 1025.0
0.5358960628509521, 1025.0
0.5396609306335449, 1025.0
0.5433461666107178, 1025.0
0.5470399856567383, 1025.0
0.550786018371582, 1025.0
0.554466962814331, 1025.0
0.5582339763641357, 1025.0
0.5619308948516846, 1025.0
0.5656821727752686, 1025.0
0.5693581104278564, 1025.0
0.5731089115142822, 1025.0
0.5767819881439209, 1025.0
0.5805261135101318, 1025.0
0.5842170715332031, 1025.0
0.5879011154174805, 1025.0
0.5916359424591064, 1025.0
0.5953068733215332, 1025.0
0.5990540981292725, 1025.0
0.6027450561523438, 1025.0
0.6064810752868652, 1025.0
0.6102890968322754, 1025.0
0.6140379905700684, 1025.0
0.6177070140838623, 1025.0
0.6213970184326172, 1025.0
0.6251039505004883, 1025.0
0.6287851333618164, 1025.0
0.6325099468231201, 1025.0
0.6364138126373291, 1025.0
0.640200138092041, 1025.0
0.6439440250396729, 1025.0
0.6477401256561279, 1025.0
0.6516058444976807, 1025.0
0.6555299758911133, 1025.0
0.6594719886779785, 1025.0
0.6633510589599609, 1025.0
0.6672301292419434, 1025.0
0.671226978302002, 1025.0
0.675227165222168, 1025.0
0.6792099475860596, 1025.0
0.6832361221313477, 1025.0
0.6871941089630127, 1025.0
0.6910629272460938, 1025.0
0.6950011253356934, 1025.0
0.6988770961761475, 1025.0
0.7026898860931396, 1025.0
0.7066128253936768, 1025.0
0.7105770111083984, 1025.0
0.7145240306854248, 1025.0
0.7183599472045898, 1025.0
0.7221319675445557, 1025.0
0.7259280681610107, 1025.0
0.729672908782959, 1025.0
0.7334580421447754, 1025.0
0.737199068069458, 1025.0
0.7409629821777344, 1025.0
0.7446801662445068, 1025.0
0.7484321594238281, 1025.0
0.7521369457244873, 1025.0
0.7559058666229248, 1025.0
