0.0026628971099853516, 858.0
0.006189107894897461, 927.0
0.00980997085571289, 967.0
0.013359785079956055, 977.0
0.016927003860473633, 1006.0
0.020531892776489258, 1010.0
0.02416205406188965, 1010.0
0.027818918228149414, 1025.0
0.03156399726867676, 1025.0
0.03551197052001953, 1025.0
0.03939700126647949, 1025.0
0.04308295249938965, 1025.0
0.046777963638305664, 1025.0
0.0505218505859375, 1025.0
0.05421280860900879, 1025.0
0.05798196792602539, 1025.0
0.0617680549621582, 1025.0
0.06545782089233398, 1025.0
0.06919407844543457, 1025.0
0.0729990005493164, 1025.0
0.0767219066619873, 1025.0
0.0804128646850586, 1025.0
0.08410286903381348, 1025.0
0.08781003952026367, 1025.0
0.09150481224060059, 1025.0
0.09517908096313477, 1025.0
0.09886384010314941, 1025.0
0.1025538444519043, 1025.0
0.10623383522033691, 1025.0
0.10991215705871582, 1025.0
0.11358809471130371, 1025.0
0.11730313301086426, 1025.0
0.12103509902954102, 1025.0
0.12473201751708984, 1025.0
0.1284780502319336, 1025.0
0.1321721076965332, 1025.0
0.13587594032287598, 1025.0
0.13954997062683105, 1025.0
0.14324212074279785, 1025.0
0.14692091941833496, 1025.0
0.15059995651245117, 1025.0
0.15429186820983887, 1025.0
0.1579599380493164, 1025.0
0.16163992881774902, 1025.0
0.16532588005065918, 1025.0
0.16899681091308594, 1025.0
0.17267990112304688, 1025.0
0.17635107040405273, 1025.0
0.18003296852111816, 1025.0
0.1837167739868164, 1025.0
0.1873950958251953, 1025.0
0.19107294082641602, 1025.0
0.19473600387573242, 1025.0
0.19841885566711426, 1025.0
0.20212006568908691, 1025.0
0.2057948112487793, 1025.0
0.2094740867614746, 1025.0
0.21326494216918945, 1025.0
0.21711397171020508, 1025.0
0.22079896926879883, 1025.0
0.22449111938476562, 1025.0
0.22827386856079102, 1025.0
0.2319638729095459, 1025.0
0.2356739044189453, 1025.0
0.23936104774475098, 1025.0
0.2430729866027832, 1025.0
0.24675679206848145, 1025.0
0.2504708766937256, 1025.0
0.2541489601135254, 1025.0
0.2578549385070801, 1025.0
0.2616419792175293, 1025.0
0.26533985137939453, 1025.0
0.26903510093688965, 1025.0
0.272784948348999, 1025.0
0.27648305892944336, 1025.0
0.28017091751098633, 1025.0
0.2839009761810303, 1025.0
0.2875971794128418, 1025.0
0.29128599166870117, 1025.0
0.2949860095977783, 1025.0
0.2986750602722168, 1025.0
0.30240797996520996, 1025.0
0.3061079978942871, 1025.0
0.3098318576812744, 1025.0
0.31359004974365234, 1025.0
0.3173367977142334, 1025.0
0.32111382484436035, 1025.0
0.3248939514160156, 1025.0
0.32872605323791504, 1025.0
0.33246278762817383, 1025.0
0.3362150192260742, 1025.0
0.33988308906555176, 1025.0
0.3436579704284668, 1025.0
0.34751296043395996, 1025.0
0.351330041885376, 1025.0
0.3551490306854248, 1025.0
0.35898900032043457, 1025.0
0.3628349304199219, 1025.0
0.3666508197784424, 1025.0
0.3704659938812256, 1025.0
0.37429308891296387, 1025.0
0.3781418800354004, 1025.0
0.38197898864746094, 1025.0
0.3856971263885498, 1025.0
0.38941383361816406, 1025.0
0.393110990524292, 1025.0
0.39690494537353516, 1025.0
0.40073204040527344, 1025.0
0.4046909809112549, 1025.0
0.4085049629211426, 1025.0
0.41240596771240234, 1025.0
0.4161489009857178, 1025.0
0.4199650287628174, 1025.0
0.4237809181213379, 1025.0
0.4275248050689697, 1025.0
0.431171178817749, 1025.0
0.43489694595336914, 1025.0
0.43849873542785645, 1025.0
0.4421229362487793, 1025.0
0.4457988739013672, 1025.0
0.44940900802612305, 1025.0
0.453082799911499, 1025.0
0.45668578147888184, 1025.0
0.46033787727355957, 1025.0
0.46393704414367676, 1025.0
0.46765804290771484, 1025.0
0.4712650775909424, 1025.0
0.47487378120422363, 1025.0
0.4785428047180176, 1025.0
0.4821598529815674, 1025.0
0.48581600189208984, 1025.0
0.4893970489501953, 1025.0
0.4930698871612549, 1025.0
0.4966709613800049, 1025.0
0.5002830028533936, 1025.0
0.503978967666626, 1025.0
0.5076470375061035, 1025.0
0.5113649368286133, 1025.0
0.515031099319458, 1025.0
0.5187420845031738, 1025.0
0.5223701000213623, 1025.0
0.5259809494018555, 1025.0
0.5296211242675781, 1025.0
0.5332181453704834, 1025.0
0.5368609428405762, 1025.0
0.5404689311981201, 1025.0
0.5441098213195801, 1025.0
0.5476958751678467, 1025.0
0.5513670444488525, 1025.0
0.5549769401550293, 1025.0
0.5585999488830566, 1025.0
0.562269926071167, 1025.0
0.5658979415893555, 1025.0
0.5695638656616211, 1025.0
0.5731871128082275, 1025.0
0.576876163482666, 1025.0
0.5804998874664307, 1025.0
0.5841619968414307, 1025.0
0.587817907333374, 1025.0
0.5914609432220459, 1025.0
0.595139741897583, 1025.0
0.5987639427185059, 1025.0
0.6025080680847168, 1025.0
0.6061289310455322, 1025.0
0.6098508834838867, 1025.0
0.6134989261627197, 1025.0
0.6171400547027588, 1025.0
0.6209061145782471, 1025.0
0.62459397315979, 1025.0
0.6283068656921387, 1025.0
0.6321969032287598, 1025.0
0.635915994644165, 1025.0
0.6396749019622803, 1025.0
0.6434497833251953, 1025.0
0.647158145904541, 1025.0
0.6509430408477783, 1025.0
0.6546299457550049, 1025.0
0.6584620475769043, 1025.0
0.6621451377868652, 1025.0
0.665985107421875, 1025.0
0.6698057651519775, 1025.0
0.6735329627990723, 1025.0
0.6772549152374268, 1025.0
0.6809611320495605, 1025.0
0.6846678256988525, 1025.0
0.6883878707885742, 1025.0
0.6921107769012451, 1025.0
0.695828914642334, 1025.0
0.6994669437408447, 1025.0
0.7031581401824951, 1025.0
0.7067749500274658, 1025.0
0.7104980945587158, 1025.0
0.7141079902648926, 1025.0
0.7177920341491699, 1025.0
0.7214219570159912, 1025.0
0.7250289916992188, 1025.0
0.7286558151245117, 1025.0
0.7322690486907959, 1025.0
0.7359061241149902, 1025.0
0.7395188808441162, 1025.0
0.74314284324646, 1025.0
