1.2874603271484375e-05, 976.0
2.3126602172851562e-05, 1952.0
3.1948089599609375e-05, 2926.0
4.00543212890625e-05, 3896.0
4.57763671875e-05, 4857.0
5.2928924560546875e-05, 5339.0
5.984306335449219e-05, 5824.0
8.082389831542969e-05, 6802.0
9.393692016601562e-05, 6811.0
0.00010800361633300781, 7310.0
0.00011396408081054688, 8290.0
0.0001678466796875, 9223.0
0.00024700164794921875, 9601.0
0.00028705596923828125, 9608.0
0.0003008842468261719, 9731.0
0.0013430118560791016, 9733.0
0.002490997314453125, 9745.0
0.002530813217163086, 9746.0
0.016806840896606445, 9754.0
0.01690077781677246, 9759.0
0.21234393119812012, 9760.0
0.21239089965820312, 9765.0
