0.0026938915252685547, 907.0
0.006206989288330078, 910.0
0.009800910949707031, 1010.0
0.013469934463500977, 1010.0
0.017157793045043945, 1010.0
0.020769834518432617, 1014.0
0.024422883987426758, 1025.0
0.028030872344970703, 1025.0
0.03165483474731445, 1025.0
0.03533291816711426, 1025.0
0.038971900939941406, 1025.0
0.043010711669921875, 1025.0
0.04719376564025879, 1025.0
0.05084085464477539, 1025.0
0.05448603630065918, 1025.0
0.05811786651611328, 1025.0
0.06175494194030762, 1025.0
0.06537985801696777, 1025.0
0.06899571418762207, 1025.0
0.07262682914733887, 1025.0
0.0762488842010498, 1025.0
0.07986593246459961, 1025.0
0.08355569839477539, 1025.0
0.0871727466583252, 1025.0
0.09078502655029297, 1025.0
0.09446406364440918, 1025.0
0.09812092781066895, 1025.0
0.10174393653869629, 1025.0
0.10538387298583984, 1025.0
0.1091008186340332, 1025.0
0.11274194717407227, 1025.0
0.11635684967041016, 1025.0
0.1199789047241211, 1025.0
0.12363791465759277, 1025.0
0.1272578239440918, 1025.0
0.1308727264404297, 1025.0
0.13451600074768066, 1025.0
0.13813471794128418, 1025.0
0.14189791679382324, 1025.0
0.14554286003112793, 1025.0
0.14916300773620605, 1025.0
0.1528027057647705, 1025.0
0.15642499923706055, 1025.0
0.16004204750061035, 1025.0
0.1636810302734375, 1025.0
0.16730189323425293, 1025.0
0.17091679573059082, 1025.0
0.1745469570159912, 1025.0
0.1781766414642334, 1025.0
0.18182778358459473, 1025.0
0.18545269966125488, 1025.0
0.18906879425048828, 1025.0
0.19266891479492188, 1025.0
0.19625401496887207, 1025.0
0.1998426914215088, 1025.0
0.2034440040588379, 1025.0
0.20704078674316406, 1025.0
0.21064090728759766, 1025.0
0.21439290046691895, 1025.0
0.2180488109588623, 1025.0
0.22166180610656738, 1025.0
0.22537970542907715, 1025.0
0.22898101806640625, 1025.0
0.23256397247314453, 1025.0
0.23617005348205566, 1025.0
0.23978686332702637, 1025.0
0.24343180656433105, 1025.0
0.2470836639404297, 1025.0
0.2507138252258301, 1025.0
0.2543187141418457, 1025.0
0.25791072845458984, 1025.0
0.26149487495422363, 1025.0
0.26509785652160645, 1025.0
0.26868295669555664, 1025.0
0.2722768783569336, 1025.0
0.27588486671447754, 1025.0
0.2794797420501709, 1025.0
0.2830679416656494, 1025.0
0.28666090965270996, 1025.0
0.29025697708129883, 1025.0
0.2938377857208252, 1025.0
0.29743003845214844, 1025.0
0.30101585388183594, 1025.0
0.30462169647216797, 1025.0
0.3082098960876465, 1025.0
0.31179070472717285, 1025.0
0.31542396545410156, 1025.0
0.3190178871154785, 1025.0
0.3226158618927002, 1025.0
0.3262317180633545, 1025.0
0.32982587814331055, 1025.0
0.33344578742980957, 1025.0
0.337054967880249, 1025.0
0.34067583084106445, 1025.0
0.34427690505981445, 1025.0
0.3478846549987793, 1025.0
0.3516218662261963, 1025.0
0.35521793365478516, 1025.0
0.35892486572265625, 1025.0
0.3625307083129883, 1025.0
0.3661668300628662, 1025.0
0.36977577209472656, 1025.0
0.3733997344970703, 1025.0
0.3769989013671875, 1025.0
0.3806006908416748, 1025.0
0.38419580459594727, 1025.0
0.3877987861633301, 1025.0
0.3913867473602295, 1025.0
0.394974946975708, 1025.0
0.3986029624938965, 1025.0
0.40222597122192383, 1025.0
0.40581202507019043, 1025.0
0.40938591957092285, 1025.0
0.4129769802093506, 1025.0
0.41660594940185547, 1025.0
0.42018580436706543, 1025.0
0.4237809181213379, 1025.0
0.4273688793182373, 1025.0
0.43094587326049805, 1025.0
0.4345359802246094, 1025.0
0.43810486793518066, 1025.0
0.4416818618774414, 1025.0
0.4452660083770752, 1025.0
0.4488499164581299, 1025.0
0.45243072509765625, 1025.0
0.4560236930847168, 1025.0
0.4597158432006836, 1025.0
0.46354103088378906, 1025.0
0.4673280715942383, 1025.0
0.47101593017578125, 1025.0
0.47466278076171875, 1025.0
0.4782390594482422, 1025.0
0.4818408489227295, 1025.0
0.48550891876220703, 1025.0
0.4891068935394287, 1025.0
0.492764949798584, 1025.0
0.49637484550476074, 1025.0
0.5000357627868652, 1025.0
0.5036087036132812, 1025.0
0.5072648525238037, 1025.0
0.5108718872070312, 1025.0
0.5144808292388916, 1025.0
0.5181119441986084, 1025.0
0.5217328071594238, 1025.0
0.5253908634185791, 1025.0
0.5289616584777832, 1025.0
0.5326180458068848, 1025.0
0.5362148284912109, 1025.0
0.5398168563842773, 1025.0
0.5434508323669434, 1025.0
0.5470237731933594, 1025.0
0.5506298542022705, 1025.0
0.5542058944702148, 1025.0
0.5578439235687256, 1025.0
0.5614290237426758, 1025.0
0.5650157928466797, 1025.0
0.5686547756195068, 1025.0
0.5722560882568359, 1025.0
0.5758788585662842, 1025.0
0.5794687271118164, 1025.0
0.5831208229064941, 1025.0
0.5869598388671875, 1025.0
0.5907180309295654, 1025.0
0.5944299697875977, 1025.0
0.5981168746948242, 1025.0
0.6017799377441406, 1025.0
0.6054699420928955, 1025.0
0.6091578006744385, 1025.0
0.6128740310668945, 1025.0
0.616600751876831, 1025.0
0.6202528476715088, 1025.0
0.6240429878234863, 1025.0
0.6277740001678467, 1025.0
0.6313638687133789, 1025.0
0.6350526809692383, 1025.0
0.6387279033660889, 1025.0
0.6424860954284668, 1025.0
0.6462967395782471, 1025.0
0.6500258445739746, 1025.0
0.6537506580352783, 1025.0
0.6574227809906006, 1025.0
0.6610798835754395, 1025.0
0.6647298336029053, 1025.0
0.6684448719024658, 1025.0
0.6721258163452148, 1025.0
0.6759068965911865, 1025.0
0.679574728012085, 1025.0
0.6832969188690186, 1025.0
0.6869759559631348, 1025.0
0.6906697750091553, 1025.0
0.694382905960083, 1025.0
0.6980419158935547, 1025.0
0.7017648220062256, 1025.0
0.7054290771484375, 1025.0
0.7090938091278076, 1025.0
0.7127916812896729, 1025.0
0.7164437770843506, 1025.0
0.720128059387207, 1025.0
0.7237839698791504, 1025.0
0.7274770736694336, 1025.0
0.7311267852783203, 1025.0
