0.002938985824584961, 9755.0
0.006779909133911133, 9755.0
0.01052713394165039, 9762.0
0.014271020889282227, 9762.0
0.018069744110107422, 9762.0
0.021744966506958008, 9762.0
0.025494813919067383, 9767.0
0.029150962829589844, 9767.0
0.03277993202209473, 9767.0
0.0363469123840332, 9767.0
0.03992295265197754, 9767.0
0.04347395896911621, 9767.0
0.047003984451293945, 9767.0
0.05054974555969238, 9767.0
0.05409693717956543, 9767.0
0.057641029357910156, 9767.0
0.06120800971984863, 9767.0
0.0647587776184082, 9767.0
0.06833386421203613, 9767.0
0.07190203666687012, 9767.0
0.075469970703125, 9767.0
0.07902097702026367, 9767.0
0.08257603645324707, 9767.0
0.08618688583374023, 9767.0
0.08973908424377441, 9767.0
0.09329390525817871, 9767.0
0.09686589241027832, 9767.0
0.10044097900390625, 9767.0
0.10399508476257324, 9767.0
0.10754585266113281, 9767.0
0.11111211776733398, 9767.0
0.11466693878173828, 9767.0
0.11822080612182617, 9767.0
0.12179112434387207, 9767.0
0.12535691261291504, 9767.0
0.12891197204589844, 9767.0
0.1324620246887207, 9767.0
0.1360630989074707, 9767.0
0.13961505889892578, 9767.0
0.14318609237670898, 9767.0
0.1469590663909912, 9767.0
0.1505281925201416, 9767.0
0.1540849208831787, 9767.0
0.15767407417297363, 9767.0
0.16122889518737793, 9767.0
0.16478705406188965, 9767.0
0.16833710670471191, 9767.0
0.17191004753112793, 9767.0
0.17546510696411133, 9767.0
0.17902302742004395, 9767.0
0.18259286880493164, 9767.0
0.18613791465759277, 9767.0
0.18968582153320312, 9767.0
0.19324707984924316, 9767.0
0.19679594039916992, 9767.0
0.200347900390625, 9767.0
0.20390701293945312, 9767.0
0.20746994018554688, 9767.0
0.21101593971252441, 9767.0
0.21468806266784668, 9767.0
0.21837306022644043, 9767.0
0.22193074226379395, 9767.0
0.22557401657104492, 9767.0
0.2291259765625, 9767.0
0.2327251434326172, 9767.0
0.23630905151367188, 9767.0
0.23995208740234375, 9767.0
0.2436199188232422, 9767.0
0.24719595909118652, 9767.0
0.2507638931274414, 9767.0
0.25431108474731445, 9767.0
0.2578709125518799, 9767.0
0.26141977310180664, 9767.0
0.2649869918823242, 9767.0
0.2685551643371582, 9767.0
0.27213191986083984, 9767.0
0.27569007873535156, 9767.0
0.27924299240112305, 9767.0
0.2827949523925781, 9767.0
0.2863430976867676, 9767.0
0.28989505767822266, 9767.0
0.2935140132904053, 9767.0
0.2970871925354004, 9767.0
0.30060505867004395, 9767.0
0.3041708469390869, 9767.0
0.30771899223327637, 9767.0
0.31127095222473145, 9767.0
0.31481504440307617, 9767.0
0.3183610439300537, 9767.0
0.3219118118286133, 9767.0
0.32550692558288574, 9767.0
0.32920002937316895, 9767.0
0.3328831195831299, 9767.0
0.3365049362182617, 9767.0
0.3401188850402832, 9767.0
0.34374403953552246, 9767.0
0.34736084938049316, 9767.0
0.3510868549346924, 9767.0
0.3547990322113037, 9767.0
0.35834503173828125, 9767.0
0.361879825592041, 9767.0
0.3654439449310303, 9767.0
0.36899495124816895, 9767.0
0.3725430965423584, 9767.0
0.3760669231414795, 9767.0
0.3796360492706299, 9767.0
0.38315606117248535, 9767.0
0.38668084144592285, 9767.0
0.3902099132537842, 9767.0
0.39375805854797363, 9767.0
0.39728403091430664, 9767.0
0.40082788467407227, 9767.0
0.40442991256713867, 9767.0
0.40799713134765625, 9767.0
0.4116480350494385, 9767.0
0.41529297828674316, 9767.0
0.41881895065307617, 9767.0
0.42235898971557617, 9767.0
0.4259800910949707, 9767.0
0.42964911460876465, 9767.0
0.4333500862121582, 9767.0
0.4370698928833008, 9767.0
0.44071316719055176, 9767.0
0.44443774223327637, 9767.0
0.4481220245361328, 9767.0
0.45177507400512695, 9767.0
0.4553990364074707, 9767.0
0.4590721130371094, 9767.0
0.4627039432525635, 9767.0
0.46636509895324707, 9767.0
0.4699709415435791, 9767.0
0.47365307807922363, 9767.0
0.4773368835449219, 9767.0
0.48096299171447754, 9767.0
0.48465394973754883, 9767.0
0.48838210105895996, 9767.0
0.4920499324798584, 9767.0
0.49570488929748535, 9767.0
0.4993619918823242, 9767.0
0.5029919147491455, 9767.0
0.5066981315612793, 9767.0
0.5103340148925781, 9767.0
0.5139620304107666, 9767.0
0.5176539421081543, 9767.0
0.5213010311126709, 9767.0
0.524975061416626, 9767.0
0.528796911239624, 9767.0
0.5326089859008789, 9767.0
0.5363590717315674, 9767.0
0.5400850772857666, 9767.0
0.5438299179077148, 9767.0
0.5475637912750244, 9767.0
0.5512819290161133, 9767.0
0.5549941062927246, 9767.0
0.5587489604949951, 9767.0
0.5624940395355225, 9767.0
0.5662529468536377, 9767.0
0.5699479579925537, 9767.0
0.5736179351806641, 9767.0
0.5773270130157471, 9767.0
0.5810620784759521, 9767.0
0.584791898727417, 9767.0
0.5885009765625, 9767.0
0.592318058013916, 9767.0
0.595966100692749, 9767.0
0.5996220111846924, 9767.0
0.6032688617706299, 9767.0
0.6069557666778564, 9767.0
0.6105570793151855, 9767.0
0.6141867637634277, 9767.0
0.6178147792816162, 9767.0
0.6214299201965332, 9767.0
0.6250479221343994, 9767.0
0.6286640167236328, 9767.0
0.6322698593139648, 9767.0
0.6358890533447266, 9767.0
0.6394939422607422, 9767.0
0.6431257724761963, 9767.0
0.646859884262085, 9767.0
0.6504850387573242, 9767.0
0.6541290283203125, 9767.0
0.6577701568603516, 9767.0
0.6613819599151611, 9767.0
0.6650068759918213, 9767.0
0.6686439514160156, 9767.0
0.672260046005249, 9767.0
0.6758699417114258, 9767.0
0.6794939041137695, 9767.0
0.6831109523773193, 9767.0
0.6867160797119141, 9767.0
0.6903400421142578, 9767.0
0.6939668655395508, 9767.0
0.6975860595703125, 9767.0
0.7012078762054443, 9767.0
0.7048158645629883, 9767.0
0.708439826965332, 9767.0
0.7121529579162598, 9767.0
0.7158529758453369, 9767.0
0.7199981212615967, 9767.0
0.7238860130310059, 9767.0
0.7276749610900879, 9767.0
