1.1920928955078125e-05, 981.0
1.9788742065429688e-05, 1940.0
2.6702880859375e-05, 2797.0
3.3855438232421875e-05, 3284.0
4.076957702636719e-05, 4261.0
5.793571472167969e-05, 4263.0
6.604194641113281e-05, 4747.0
7.295608520507812e-05, 5723.0
0.0001010894775390625, 5836.0
0.00010800361633300781, 6810.0
0.00011491775512695312, 7788.0
0.0001819133758544922, 8255.0
0.0001888275146484375, 9235.0
0.00025177001953125, 9591.0
0.0002658367156982422, 9596.0
0.0006020069122314453, 9612.0
0.000865936279296875, 9710.0
0.0008869171142578125, 9711.0
0.0009148120880126953, 9715.0
0.0010030269622802734, 9724.0
0.0010368824005126953, 9726.0
0.0013129711151123047, 9739.0
0.0030698776245117188, 9748.0
0.02039790153503418, 9750.0
0.11466097831726074, 9756.0
0.11804890632629395, 9759.0
