0.0007479190826416016, 35.0
0.0020508766174316406, 35.0
0.0032968521118164062, 35.0
0.004601955413818359, 35.0
0.005923032760620117, 35.0
0.007198810577392578, 35.0
0.008465051651000977, 35.0
0.009734153747558594, 35.0
0.011015176773071289, 35.0
0.012334108352661133, 35.0
0.01371002197265625, 35.0
0.014974832534790039, 35.0
0.01624584197998047, 35.0
0.01751995086669922, 35.0
0.018782854080200195, 35.0
0.020053863525390625, 35.0
0.021417856216430664, 35.0
0.022711992263793945, 35.0
0.023990869522094727, 35.0
0.02526092529296875, 35.0
0.026524066925048828, 35.0
0.027801036834716797, 35.0
0.029088973999023438, 35.0
0.030376911163330078, 35.0
0.03163790702819824, 35.0
0.03289484977722168, 35.0
0.03416800498962402, 35.0
0.03544187545776367, 35.0
0.03671598434448242, 35.0
0.0379948616027832, 35.0
0.039257049560546875, 35.0
0.040515899658203125, 35.0
0.041792869567871094, 35.0
0.04306387901306152, 35.0
0.04433774948120117, 35.0
0.045601844787597656, 35.0
0.04687094688415527, 35.0
0.048133134841918945, 35.0
0.04939007759094238, 35.0
0.05065107345581055, 35.0
0.05191183090209961, 35.0
0.05318808555603027, 35.0
0.0544590950012207, 35.0
0.05572986602783203, 35.0
0.05698990821838379, 35.0
0.05824875831604004, 35.0
0.0595088005065918, 35.0
0.06077003479003906, 35.0
0.06203413009643555, 35.0
0.06329798698425293, 35.0
0.0645749568939209, 35.0
0.06583285331726074, 35.0
0.06711912155151367, 35.0
0.06837701797485352, 35.0
0.06964302062988281, 35.0
0.07090187072753906, 35.0
0.07217884063720703, 35.0
0.07344794273376465, 35.0
0.07471203804016113, 35.0
0.07597589492797852, 35.0
0.077239990234375, 35.0
0.07851099967956543, 35.0
0.07977700233459473, 35.0
0.0810389518737793, 35.0
0.08230280876159668, 35.0
0.08356094360351562, 35.0
0.0848228931427002, 35.0
0.08608698844909668, 35.0
0.08734798431396484, 35.0
0.0886080265045166, 35.0
0.08988094329833984, 35.0
0.0911400318145752, 35.0
0.09241199493408203, 35.0
0.09367108345031738, 35.0
0.09493589401245117, 35.0
0.09619903564453125, 35.0
0.0974738597869873, 35.0
0.09873199462890625, 35.0
0.09999513626098633, 35.0
0.10125517845153809, 35.0
0.10252690315246582, 35.0
0.10380005836486816, 35.0
0.10509395599365234, 35.0
0.10637784004211426, 35.0
0.10764098167419434, 35.0
0.1089019775390625, 35.0
0.11017203330993652, 35.0
0.1114349365234375, 35.0
0.11269593238830566, 35.0
0.11396980285644531, 35.0
0.11523294448852539, 35.0
0.11649203300476074, 35.0
0.11775612831115723, 35.0
0.1190178394317627, 35.0
0.1202840805053711, 35.0
0.12158393859863281, 35.0
0.12291693687438965, 35.0
0.12427592277526855, 35.0
0.1255640983581543, 35.0
0.12682485580444336, 35.0
0.1280968189239502, 35.0
0.1293799877166748, 35.0
0.13064002990722656, 35.0
0.13190078735351562, 35.0
0.1331648826599121, 35.0
0.13443303108215332, 35.0
0.1356980800628662, 35.0
0.13695979118347168, 35.0
0.13825297355651855, 35.0
0.13951897621154785, 35.0
0.14080595970153809, 35.0
0.1420750617980957, 35.0
0.14333581924438477, 35.0
0.14459800720214844, 35.0
0.1459178924560547, 35.0
0.1471867561340332, 35.0
0.14844417572021484, 35.0
0.14974093437194824, 35.0
0.15100479125976562, 35.0
0.1522679328918457, 35.0
0.15353107452392578, 35.0
0.15479588508605957, 35.0
0.15605592727661133, 35.0
0.1573169231414795, 35.0
0.15858197212219238, 35.0
0.15984702110290527, 35.0
0.16110515594482422, 35.0
0.16236400604248047, 35.0
0.16363906860351562, 35.0
0.1649019718170166, 35.0
0.1661689281463623, 35.0
0.16742706298828125, 35.0
0.1686859130859375, 35.0
0.16994714736938477, 35.0
0.17120718955993652, 35.0
0.172468900680542, 35.0
0.17372989654541016, 35.0
0.1750030517578125, 35.0
0.17626380920410156, 35.0
0.1775510311126709, 35.0
0.1788170337677002, 35.0
0.18009281158447266, 35.0
0.18135595321655273, 35.0
0.18262004852294922, 35.0
0.18388605117797852, 35.0
0.18515896797180176, 35.0
0.18647384643554688, 35.0
0.1877429485321045, 35.0
0.18900489807128906, 35.0
0.1902780532836914, 35.0
0.1915419101715088, 35.0
0.19280290603637695, 35.0
0.19406676292419434, 35.0
0.19533300399780273, 35.0
0.19660401344299316, 35.0
0.19786381721496582, 35.0
0.19913387298583984, 35.0
0.20039701461791992, 35.0
0.2016608715057373, 35.0
0.20293402671813965, 35.0
0.20421385765075684, 35.0
0.20547699928283691, 35.0
0.20673608779907227, 35.0
0.20799899101257324, 35.0
0.20926308631896973, 35.0
0.2105579376220703, 35.0
0.21188592910766602, 35.0
0.21326088905334473, 35.0
0.21454310417175293, 35.0
0.2158048152923584, 35.0
0.21706700325012207, 35.0
0.21833205223083496, 35.0
0.21959495544433594, 35.0
0.22090697288513184, 35.0
0.22223305702209473, 35.0
0.22349882125854492, 35.0
0.224808931350708, 35.0
0.22608184814453125, 35.0
0.22735309600830078, 35.0
0.22862792015075684, 35.0
0.22989892959594727, 35.0
0.2311689853668213, 35.0
0.2324378490447998, 35.0
0.23370790481567383, 35.0
0.23499202728271484, 35.0
0.23628902435302734, 35.0
0.23757314682006836, 35.0
0.23886680603027344, 35.0
0.2401289939880371, 35.0
0.24140000343322754, 35.0
0.24266314506530762, 35.0
0.2439258098602295, 35.0
0.24520492553710938, 35.0
0.24647188186645508, 35.0
0.24774909019470215, 35.0
0.2490239143371582, 35.0
0.2502861022949219, 35.0
0.2515449523925781, 35.0
0.2528209686279297, 35.0
0.25408101081848145, 35.0
0.2553379535675049, 35.0
