0.0030031204223632812, 9756.0
0.007169008255004883, 9757.0
0.011050939559936523, 9760.0
0.015007972717285156, 9760.0
0.01886892318725586, 9760.0
0.022665977478027344, 9761.0
0.02645707130432129, 9763.0
0.030186891555786133, 9765.0
0.03409981727600098, 9765.0
0.03793811798095703, 9767.0
0.04171395301818848, 9767.0
0.045395851135253906, 9767.0
0.04941296577453613, 9767.0
0.053064823150634766, 9767.0
0.05674099922180176, 9767.0
0.06039690971374512, 9767.0
0.06405401229858398, 9767.0
0.06774115562438965, 9767.0
0.07137799263000488, 9767.0
0.0750267505645752, 9767.0
0.07872390747070312, 9767.0
0.08240985870361328, 9767.0
0.08608388900756836, 9767.0
0.0897519588470459, 9767.0
0.0934450626373291, 9767.0
0.09715914726257324, 9767.0
0.10081195831298828, 9767.0
0.10446596145629883, 9767.0
0.10821390151977539, 9767.0
0.11190176010131836, 9767.0
0.1156158447265625, 9767.0
0.1193399429321289, 9767.0
0.12309384346008301, 9767.0
0.12685799598693848, 9767.0
0.13064098358154297, 9767.0
0.13431906700134277, 9767.0
0.13801312446594238, 9767.0
0.1417250633239746, 9767.0
0.14541006088256836, 9767.0
0.1490647792816162, 9767.0
0.15272903442382812, 9767.0
0.15637898445129395, 9767.0
0.16004586219787598, 9767.0
0.16370487213134766, 9767.0
0.1673569679260254, 9767.0
0.1710188388824463, 9767.0
0.1746678352355957, 9767.0
0.17832493782043457, 9767.0
0.18198490142822266, 9767.0
0.18565082550048828, 9767.0
0.1893019676208496, 9767.0
0.19295001029968262, 9767.0
0.19661498069763184, 9767.0
0.20028901100158691, 9767.0
0.20394206047058105, 9767.0
0.20762205123901367, 9767.0
0.21146202087402344, 9767.0
0.21519708633422852, 9767.0
0.21887898445129395, 9767.0
0.22256875038146973, 9767.0
0.22623205184936523, 9767.0
0.2298879623413086, 9767.0
0.2335529327392578, 9767.0
0.23720693588256836, 9767.0
0.24087190628051758, 9767.0
0.24454188346862793, 9767.0
0.24818706512451172, 9767.0
0.2518429756164551, 9767.0
0.25549888610839844, 9767.0
0.2591531276702881, 9767.0
0.262800931930542, 9767.0
0.2664659023284912, 9767.0
0.27012085914611816, 9767.0
0.27376699447631836, 9767.0
0.27742505073547363, 9767.0
0.2811450958251953, 9767.0
0.28485584259033203, 9767.0
0.2885317802429199, 9767.0
0.29217100143432617, 9767.0
0.2958199977874756, 9767.0
0.29947400093078613, 9767.0
0.30313992500305176, 9767.0
0.30679893493652344, 9767.0
0.31047892570495605, 9767.0
0.31412386894226074, 9767.0
0.3177938461303711, 9767.0
0.32147693634033203, 9767.0
0.3251371383666992, 9767.0
0.32880496978759766, 9767.0
0.3325181007385254, 9767.0
0.33617401123046875, 9767.0
0.3398430347442627, 9767.0
0.34351611137390137, 9767.0
0.34717512130737305, 9767.0
0.3508279323577881, 9767.0
0.3545057773590088, 9767.0
0.3581819534301758, 9767.0
0.3618757724761963, 9767.0
0.3655509948730469, 9767.0
0.3692598342895508, 9767.0
0.37304210662841797, 9767.0
0.3769059181213379, 9767.0
0.3807101249694824, 9767.0
0.38451695442199707, 9767.0
0.38828086853027344, 9767.0
0.39208483695983887, 9767.0
0.3958728313446045, 9767.0
0.3996739387512207, 9767.0
0.4033818244934082, 9767.0
0.40729498863220215, 9767.0
0.4111058712005615, 9767.0
0.4149038791656494, 9767.0
0.418773889541626, 9767.0
0.42256593704223633, 9767.0
0.4263579845428467, 9767.0
0.4301259517669678, 9767.0
0.4338858127593994, 9767.0
0.4375619888305664, 9767.0
0.4412498474121094, 9767.0
0.4449498653411865, 9767.0
0.44867706298828125, 9767.0
0.45232605934143066, 9767.0
0.45604705810546875, 9767.0
0.4597809314727783, 9767.0
0.46352505683898926, 9767.0
0.4672820568084717, 9767.0
0.470930814743042, 9767.0
0.4747171401977539, 9767.0
0.47846174240112305, 9767.0
0.4822349548339844, 9767.0
0.4859638214111328, 9767.0
0.4896368980407715, 9767.0
0.4932999610900879, 9767.0
0.49694204330444336, 9767.0
0.5005240440368652, 9767.0
0.5040888786315918, 9767.0
0.5077118873596191, 9767.0
0.5112900733947754, 9767.0
0.5149071216583252, 9767.0
0.5184769630432129, 9767.0
0.5221097469329834, 9767.0
0.5256838798522949, 9767.0
0.5292849540710449, 9767.0
0.5329098701477051, 9767.0
0.5365009307861328, 9767.0
0.540194034576416, 9767.0
0.5437638759613037, 9767.0
0.5474059581756592, 9767.0
0.5509710311889648, 9767.0
0.554542064666748, 9767.0
0.5581529140472412, 9767.0
0.561729907989502, 9767.0
0.5653469562530518, 9767.0
0.5689189434051514, 9767.0
0.5725569725036621, 9767.0
0.5761268138885498, 9767.0
0.5796980857849121, 9767.0
0.5833320617675781, 9767.0
0.5869019031524658, 9767.0
0.5905158519744873, 9767.0
0.5941009521484375, 9767.0
0.5977230072021484, 9767.0
0.6013109683990479, 9767.0
0.6048800945281982, 9767.0
0.6085207462310791, 9767.0
0.6120829582214355, 9767.0
0.6156940460205078, 9767.0
0.6192600727081299, 9767.0
0.6228971481323242, 9767.0
0.6264820098876953, 9767.0
0.6300899982452393, 9767.0
0.6336779594421387, 9767.0
0.6372389793395996, 9767.0
0.6408507823944092, 9767.0
0.6444320678710938, 9767.0
0.6480491161346436, 9767.0
0.6516098976135254, 9767.0
0.6552298069000244, 9767.0
0.6588001251220703, 9767.0
0.6623668670654297, 9767.0
0.6660430431365967, 9767.0
0.6696319580078125, 9767.0
0.6732649803161621, 9767.0
0.6768429279327393, 9767.0
0.6804468631744385, 9767.0
0.6840429306030273, 9767.0
0.6876249313354492, 9767.0
0.6912539005279541, 9767.0
0.6948421001434326, 9767.0
0.6984570026397705, 9767.0
0.7020289897918701, 9767.0
0.7056128978729248, 9767.0
0.7092249393463135, 9767.0
0.7127928733825684, 9767.0
0.716439962387085, 9767.0
0.7200040817260742, 9767.0
0.7237768173217773, 9767.0
0.7286057472229004, 9767.0
0.7324221134185791, 9767.0
0.7362339496612549, 9767.0
0.7400360107421875, 9767.0
