1.0967254638671875e-05, 77.0
1.7881393432617188e-05, 138.0
3.600120544433594e-05, 155.0
4.315376281738281e-05, 218.0
4.887580871582031e-05, 308.0
5.507469177246094e-05, 383.0
6.103515625e-05, 474.0
6.67572021484375e-05, 503.0
7.510185241699219e-05, 547.0
0.00010800361633300781, 551.0
0.00012087821960449219, 587.0
0.0001270771026611328, 627.0
0.00013399124145507812, 699.0
0.00016379356384277344, 774.0
0.00016999244689941406, 852.0
0.0010929107666015625, 867.0
0.007578849792480469, 879.0
0.013545989990234375, 885.0
0.016447067260742188, 890.0
0.0297238826751709, 896.0
0.06414914131164551, 903.0
0.08396387100219727, 939.0
0.08489704132080078, 946.0
0.08492708206176758, 949.0
0.27436399459838867, 997.0
0.3497190475463867, 1005.0
0.3699910640716553, 1019.0
0.39017295837402344, 1025.0
