0.002546072006225586, 860.0
0.00600123405456543, 909.0
0.009498119354248047, 913.0
0.012960195541381836, 987.0
0.01642322540283203, 1001.0
0.019979238510131836, 1013.0
0.023496150970458984, 1013.0
0.027030229568481445, 1018.0
0.0305631160736084, 1024.0
0.034127235412597656, 1024.0
0.0376741886138916, 1024.0
0.04124021530151367, 1024.0
0.04480910301208496, 1024.0
0.048394203186035156, 1024.0
0.05196332931518555, 1024.0
0.05554008483886719, 1024.0
0.059110164642333984, 1024.0
0.06268906593322754, 1024.0
0.06627726554870605, 1024.0
0.06986618041992188, 1024.0
0.0734410285949707, 1024.0
0.0770111083984375, 1024.0
0.0805811882019043, 1024.0
0.08414816856384277, 1024.0
0.08771419525146484, 1024.0
0.09128618240356445, 1024.0
0.0948491096496582, 1024.0
0.09841418266296387, 1024.0
0.10198521614074707, 1024.0
0.10556316375732422, 1024.0
0.10913205146789551, 1024.0
0.11270618438720703, 1024.0
0.11629533767700195, 1024.0
0.11988210678100586, 1024.0
0.12347817420959473, 1024.0
0.12706208229064941, 1024.0
0.13062310218811035, 1024.0
0.13418912887573242, 1024.0
0.13776111602783203, 1024.0
0.1413581371307373, 1024.0
0.14493608474731445, 1024.0
0.1485300064086914, 1024.0
0.15220117568969727, 1024.0
0.1557631492614746, 1024.0
0.1593470573425293, 1024.0
0.1629481315612793, 1024.0
0.1665182113647461, 1024.0
0.17009735107421875, 1024.0
0.17365217208862305, 1024.0
0.17723703384399414, 1024.0
0.1808021068572998, 1024.0
0.18436622619628906, 1024.0
0.1879422664642334, 1024.0
0.1915111541748047, 1024.0
0.19507622718811035, 1024.0
0.19867420196533203, 1024.0
0.20237421989440918, 1024.0
0.2060081958770752, 1024.0
0.20965313911437988, 1024.0
0.2133321762084961, 1024.0
0.21710634231567383, 1024.0
0.22070622444152832, 1024.0
0.22434735298156738, 1024.0
0.22793030738830566, 1024.0
0.23149919509887695, 1024.0
0.23513412475585938, 1024.0
0.23871207237243652, 1024.0
0.24228620529174805, 1024.0
0.24586701393127441, 1024.0
0.24947404861450195, 1024.0
0.25304126739501953, 1024.0
0.25658512115478516, 1024.0
0.2601621150970459, 1024.0
0.263714075088501, 1024.0
0.2672891616821289, 1024.0
0.27085328102111816, 1024.0
0.2744283676147461, 1024.0
0.278029203414917, 1024.0
0.28165411949157715, 1024.0
0.2853701114654541, 1024.0
0.28938817977905273, 1024.0
0.2932722568511963, 1024.0
0.29714202880859375, 1024.0
0.30092334747314453, 1024.0
0.3048691749572754, 1024.0
0.30860114097595215, 1024.0
0.3122742176055908, 1024.0
0.31595611572265625, 1024.0
0.3196239471435547, 1024.0
0.3233182430267334, 1024.0
0.3270111083984375, 1024.0
0.33069920539855957, 1024.0
0.3343780040740967, 1024.0
0.33805322647094727, 1024.0
0.3417232036590576, 1024.0
0.34540438652038574, 1024.0
0.34906911849975586, 1024.0
0.35274410247802734, 1024.0
0.356417179107666, 1024.0
0.36010122299194336, 1024.0
0.3637702465057373, 1024.0
0.3674461841583252, 1024.0
0.3711211681365967, 1024.0
0.37478208541870117, 1024.0
0.3784482479095459, 1024.0
0.3821272850036621, 1024.0
0.3857920169830322, 1024.0
0.38944125175476074, 1024.0
0.3931002616882324, 1024.0
0.3967561721801758, 1024.0
0.4004092216491699, 1024.0
0.404130220413208, 1024.0
0.40787625312805176, 1024.0
0.4116332530975342, 1024.0
0.4156222343444824, 1024.0
0.4194672107696533, 1024.0
0.42322325706481934, 1024.0
0.42705416679382324, 1024.0
0.430894136428833, 1024.0
0.43471693992614746, 1024.0
0.4385690689086914, 1024.0
0.4424431324005127, 1024.0
0.44631028175354004, 1024.0
0.45022010803222656, 1024.0
0.45402026176452637, 1024.0
0.4577469825744629, 1024.0
0.4615590572357178, 1024.0
0.4652891159057617, 1024.0
0.4691600799560547, 1024.0
0.47289299964904785, 1024.0
0.47667837142944336, 1024.0
0.48047327995300293, 1024.0
0.4842491149902344, 1024.0
0.48798704147338867, 1024.0
0.4917593002319336, 1024.0
0.4954860210418701, 1024.0
0.4993710517883301, 1024.0
0.5032241344451904, 1024.0
0.5071141719818115, 1024.0
0.5110371112823486, 1024.0
0.5149061679840088, 1024.0
0.5187592506408691, 1024.0
0.5226681232452393, 1024.0
0.5265443325042725, 1024.0
0.5304179191589355, 1024.0
0.5342793464660645, 1024.0
0.5381691455841064, 1024.0
0.5420129299163818, 1024.0
0.5458650588989258, 1024.0
0.5496172904968262, 1024.0
0.553347110748291, 1024.0
0.5570530891418457, 1024.0
0.5607643127441406, 1024.0
0.5645520687103271, 1024.0
0.5682640075683594, 1024.0
0.5720012187957764, 1024.0
0.5757122039794922, 1024.0
0.5794682502746582, 1024.0
0.5832021236419678, 1024.0
0.5869340896606445, 1024.0
0.590749979019165, 1024.0
0.5945122241973877, 1024.0
0.5982451438903809, 1024.0
0.6019699573516846, 1024.0
0.6058759689331055, 1024.0
0.6095130443572998, 1024.0
0.613227128982544, 1024.0
0.6169791221618652, 1024.0
0.620764970779419, 1024.0
0.6245372295379639, 1024.0
0.6282932758331299, 1024.0
0.6320509910583496, 1024.0
0.6358821392059326, 1024.0
0.6397089958190918, 1024.0
0.6434571743011475, 1024.0
0.647186279296875, 1024.0
0.6509671211242676, 1024.0
0.6547353267669678, 1024.0
0.6584792137145996, 1024.0
0.662208080291748, 1024.0
0.6659362316131592, 1024.0
0.6698219776153564, 1024.0
0.673699140548706, 1024.0
0.6774473190307617, 1024.0
0.6811902523040771, 1024.0
0.6849300861358643, 1024.0
0.6886463165283203, 1024.0
0.6923820972442627, 1024.0
0.6961212158203125, 1024.0
0.6998801231384277, 1024.0
0.7036020755767822, 1024.0
0.7073321342468262, 1024.0
0.7110662460327148, 1024.0
0.714792013168335, 1024.0
0.7185511589050293, 1024.0
0.7222740650177002, 1024.0
0.7259831428527832, 1024.0
0.729694128036499, 1024.0
0.7334201335906982, 1024.0
0.7371211051940918, 1024.0
0.740833044052124, 1024.0
