0.0013728141784667969, 294.0
0.0033278465270996094, 294.0
0.005241870880126953, 294.0
0.007256746292114258, 294.0
0.00931692123413086, 294.0
0.011223793029785156, 294.0
0.013109922409057617, 294.0
0.015094757080078125, 294.0
0.017148971557617188, 294.0
0.019151926040649414, 294.0
0.021205902099609375, 294.0
0.023235797882080078, 294.0
0.025212764739990234, 294.0
0.027269840240478516, 294.0
0.029258012771606445, 294.0
0.03131294250488281, 294.0
0.0333256721496582, 294.0
0.035321712493896484, 294.0
0.03734183311462402, 294.0
0.039319753646850586, 294.0
0.04137587547302246, 294.0
0.04335284233093262, 294.0
0.045395851135253906, 294.0
0.047371864318847656, 294.0
0.04939866065979004, 294.0
0.0514218807220459, 294.0
0.05340170860290527, 294.0
0.05542778968811035, 294.0
0.057405948638916016, 294.0
0.059417724609375, 294.0
0.06143069267272949, 294.0
0.06343293190002441, 294.0
0.06546783447265625, 294.0
0.06748700141906738, 294.0
0.06949782371520996, 294.0
0.07150697708129883, 294.0
0.07356691360473633, 294.0
0.07554364204406738, 294.0
0.07760286331176758, 294.0
0.07959485054016113, 294.0
0.08161473274230957, 294.0
0.08362865447998047, 294.0
0.08564996719360352, 294.0
0.08767080307006836, 294.0
0.08970069885253906, 294.0
0.09170675277709961, 294.0
0.09372282028198242, 294.0
0.09574079513549805, 294.0
0.0977628231048584, 294.0
0.09985089302062988, 294.0
0.10191798210144043, 294.0
0.1039438247680664, 294.0
0.10595083236694336, 294.0
0.10803675651550293, 294.0
0.11004900932312012, 294.0
0.11204290390014648, 294.0
0.1140909194946289, 294.0
0.11608672142028809, 294.0
0.11815190315246582, 294.0
0.12012791633605957, 294.0
0.12213778495788574, 294.0
0.12417387962341309, 294.0
0.12616777420043945, 294.0
0.12821578979492188, 294.0
0.13019704818725586, 294.0
0.13223981857299805, 294.0
0.13423800468444824, 294.0
0.13626480102539062, 294.0
0.13827991485595703, 294.0
0.14029169082641602, 294.0
0.14230990409851074, 294.0
0.14432168006896973, 294.0
0.14633488655090332, 294.0
0.14838504791259766, 294.0
0.15041208267211914, 294.0
0.15244698524475098, 294.0
0.1544656753540039, 294.0
0.15645170211791992, 294.0
0.1585078239440918, 294.0
0.16051197052001953, 294.0
0.16250967979431152, 294.0
0.16460967063903809, 294.0
0.16666293144226074, 294.0
0.16863584518432617, 294.0
0.17065763473510742, 294.0
0.17267990112304688, 294.0
0.174699068069458, 294.0
0.17674779891967773, 294.0
0.1787738800048828, 294.0
0.18077969551086426, 294.0
0.18287992477416992, 294.0
0.18491601943969727, 294.0
0.18689274787902832, 294.0
0.18894171714782715, 294.0
0.19095396995544434, 294.0
0.1929919719696045, 294.0
0.19519376754760742, 294.0
0.19731569290161133, 294.0
0.1995677947998047, 294.0
0.20166873931884766, 294.0
0.20375561714172363, 294.0
0.20579981803894043, 294.0
0.2078568935394287, 294.0
0.2099149227142334, 294.0
0.21199893951416016, 294.0
0.21409106254577637, 294.0
0.21616387367248535, 294.0
0.21825575828552246, 294.0
0.22032690048217773, 294.0
0.22243785858154297, 294.0
0.2244889736175537, 294.0
0.22658586502075195, 294.0
0.22873282432556152, 294.0
0.23088574409484863, 294.0
0.2329847812652588, 294.0
0.23508787155151367, 294.0
0.2372269630432129, 294.0
0.2392728328704834, 294.0
0.24137496948242188, 294.0
0.2435300350189209, 294.0
0.24554967880249023, 294.0
0.2476198673248291, 294.0
0.24965405464172363, 294.0
0.2516958713531494, 294.0
0.2537217140197754, 294.0
0.2557806968688965, 294.0
0.2578558921813965, 294.0
0.2599470615386963, 294.0
0.26195788383483887, 294.0
0.26406097412109375, 294.0
0.26613688468933105, 294.0
0.26815271377563477, 294.0
0.27019786834716797, 294.0
0.2722158432006836, 294.0
0.2742898464202881, 294.0
0.27632594108581543, 294.0
0.27837371826171875, 294.0
0.2803828716278076, 294.0
0.2824540138244629, 294.0
0.28444886207580566, 294.0
0.28650689125061035, 294.0
0.2885408401489258, 294.0
0.29062771797180176, 294.0
0.29265284538269043, 294.0
0.29468274116516113, 294.0
0.29677700996398926, 294.0
0.29882383346557617, 294.0
0.30083203315734863, 294.0
0.30292773246765137, 294.0
0.30496883392333984, 294.0
0.3070089817047119, 294.0
0.30904483795166016, 294.0
0.3110997676849365, 294.0
0.31312990188598633, 294.0
0.31513071060180664, 294.0
0.3171677589416504, 294.0
0.31923890113830566, 294.0
0.32129478454589844, 294.0
0.32331085205078125, 294.0
0.32530999183654785, 294.0
0.32736778259277344, 294.0
0.3294057846069336, 294.0
0.33146071434020996, 294.0
0.33346104621887207, 294.0
0.3355288505554199, 294.0
0.3375580310821533, 294.0
0.3396186828613281, 294.0
0.3416309356689453, 294.0
0.34368181228637695, 294.0
0.34577178955078125, 294.0
0.3478078842163086, 294.0
0.34981584548950195, 294.0
0.35185980796813965, 294.0
0.35385870933532715, 294.0
0.3558928966522217, 294.0
0.35791492462158203, 294.0
0.3599839210510254, 294.0
0.36198878288269043, 294.0
0.36400389671325684, 294.0
0.3660268783569336, 294.0
0.3680849075317383, 294.0
0.37010884284973145, 294.0
0.3721029758453369, 294.0
0.37410998344421387, 294.0
0.37616991996765137, 294.0
0.378145694732666, 294.0
0.38018202781677246, 294.0
0.3821549415588379, 294.0
0.38422298431396484, 294.0
0.38620495796203613, 294.0
0.38820886611938477, 294.0
0.39023375511169434, 294.0
0.39222288131713867, 294.0
0.39423179626464844, 294.0
0.3962576389312744, 294.0
0.3982527256011963, 294.0
0.4002847671508789, 294.0
0.4022998809814453, 294.0
0.40430474281311035, 294.0
0.4063398838043213, 294.0
0.40839195251464844, 294.0
