0.0009050369262695312, 130.0
0.0024061203002929688, 130.0
0.0038728713989257812, 130.0
0.005352020263671875, 130.0
0.006927967071533203, 130.0
0.008511066436767578, 130.0
0.010020017623901367, 130.0
0.01154017448425293, 130.0
0.013093948364257812, 130.0
0.014575958251953125, 130.0
0.01605701446533203, 130.0
0.01754903793334961, 130.0
0.01903390884399414, 130.0
0.02051997184753418, 130.0
0.022027969360351562, 130.0
0.023517131805419922, 130.0
0.025010108947753906, 130.0
0.02650308609008789, 130.0
0.02801203727722168, 130.0
0.029495954513549805, 130.0
0.030987977981567383, 130.0
0.03247404098510742, 130.0
0.033967018127441406, 130.0
0.035455942153930664, 130.0
0.036948204040527344, 130.0
0.03843998908996582, 130.0
0.03992009162902832, 130.0
0.04140782356262207, 130.0
0.0428919792175293, 130.0
0.04436302185058594, 130.0
0.04584217071533203, 130.0
0.047326087951660156, 130.0
0.04880809783935547, 130.0
0.05029797554016113, 130.0
0.051789045333862305, 130.0
0.05330300331115723, 130.0
0.05478501319885254, 130.0
0.056262969970703125, 130.0
0.05774998664855957, 130.0
0.05923914909362793, 130.0
0.06072402000427246, 130.0
0.0622098445892334, 130.0
0.0637049674987793, 130.0
0.06519794464111328, 130.0
0.06668996810913086, 130.0
0.06817197799682617, 130.0
0.06965899467468262, 130.0
0.07115507125854492, 130.0
0.07263994216918945, 130.0
0.07412910461425781, 130.0
0.07561206817626953, 130.0
0.0771028995513916, 130.0
0.07858610153198242, 130.0
0.0800778865814209, 130.0
0.08157205581665039, 130.0
0.0830690860748291, 130.0
0.08455395698547363, 130.0
0.08605408668518066, 130.0
0.08754086494445801, 130.0
0.08904409408569336, 130.0
0.09054207801818848, 130.0
0.09203195571899414, 130.0
0.0935220718383789, 130.0
0.0950171947479248, 130.0
0.09650611877441406, 130.0
0.09798908233642578, 130.0
0.09946990013122559, 130.0
0.10094881057739258, 130.0
0.10243916511535645, 130.0
0.1039121150970459, 130.0
0.1053929328918457, 130.0
0.1069040298461914, 130.0
0.10839319229125977, 130.0
0.10988092422485352, 130.0
0.11136507987976074, 130.0
0.11284399032592773, 130.0
0.11432695388793945, 130.0
0.11580395698547363, 130.0
0.11728286743164062, 130.0
0.11876916885375977, 130.0
0.12025785446166992, 130.0
0.12174606323242188, 130.0
0.12323284149169922, 130.0
0.12471604347229004, 130.0
0.1262040138244629, 130.0
0.12769508361816406, 130.0
0.12917208671569824, 130.0
0.13066315650939941, 130.0
0.13215303421020508, 130.0
0.13363909721374512, 130.0
0.13511896133422852, 130.0
0.1365978717803955, 130.0
0.13809609413146973, 130.0
0.13957691192626953, 130.0
0.14105796813964844, 130.0
0.14253711700439453, 130.0
0.14401698112487793, 130.0
0.1455550193786621, 130.0
0.14704394340515137, 130.0
0.14853215217590332, 130.0
0.15002679824829102, 130.0
0.15152192115783691, 130.0
0.15300607681274414, 130.0
0.15448904037475586, 130.0
0.15596985816955566, 130.0
0.15746402740478516, 130.0
0.15894484519958496, 130.0
0.1604750156402588, 130.0
0.16199803352355957, 130.0
0.16357016563415527, 130.0
0.1650540828704834, 130.0
0.16653895378112793, 130.0
0.16802287101745605, 130.0
0.16953110694885254, 130.0
0.17103290557861328, 130.0
0.17250800132751465, 130.0
0.17399215698242188, 130.0
0.17547297477722168, 130.0
0.17696285247802734, 130.0
0.1784510612487793, 130.0
0.1799452304840088, 130.0
0.1814408302307129, 130.0
0.18291711807250977, 130.0
0.18442511558532715, 130.0
0.18594002723693848, 130.0
0.18744421005249023, 130.0
0.18893718719482422, 130.0
0.19041800498962402, 130.0
0.1919078826904297, 130.0
0.19341087341308594, 130.0
0.19489693641662598, 130.0
0.19641995429992676, 130.0
0.19790983200073242, 130.0
0.19940495491027832, 130.0
0.20090794563293457, 130.0
0.2023918628692627, 130.0
0.203902006149292, 130.0
0.20538687705993652, 130.0
0.206895112991333, 130.0
0.20842599868774414, 130.0
0.20996403694152832, 130.0
0.2114579677581787, 130.0
0.2129671573638916, 130.0
0.21449995040893555, 130.0
0.21601510047912598, 130.0
0.21750903129577637, 130.0
0.21901297569274902, 130.0
0.2205181121826172, 130.0
0.2220609188079834, 130.0
0.2235701084136963, 130.0
0.2250521183013916, 130.0
0.22653412818908691, 130.0
0.2280280590057373, 130.0
0.22953009605407715, 130.0
0.23102307319641113, 130.0
0.2324981689453125, 130.0
0.23399686813354492, 130.0
0.23550200462341309, 130.0
0.23700904846191406, 130.0
0.23850417137145996, 130.0
0.24001193046569824, 130.0
0.2415180206298828, 130.0
0.24301981925964355, 130.0
0.24450397491455078, 130.0
0.2460157871246338, 130.0
0.24755287170410156, 130.0
0.24908709526062012, 130.0
0.2505919933319092, 130.0
0.2520930767059326, 130.0
0.253572940826416, 130.0
0.25508809089660645, 130.0
0.2565889358520508, 130.0
0.2580859661102295, 130.0
0.2596158981323242, 130.0
0.26111507415771484, 130.0
0.2626039981842041, 130.0
0.2641000747680664, 130.0
0.2655971050262451, 130.0
0.26707911491394043, 130.0
0.2685558795928955, 130.0
0.2700469493865967, 130.0
0.2716250419616699, 130.0
0.27311205863952637, 130.0
0.27468299865722656, 130.0
0.276231050491333, 130.0
0.27779293060302734, 130.0
0.2793400287628174, 130.0
0.2808830738067627, 130.0
0.28243398666381836, 130.0
0.28397107124328613, 130.0
0.2855110168457031, 130.0
0.2870481014251709, 130.0
0.28858399391174316, 130.0
0.2902848720550537, 130.0
0.2918381690979004, 130.0
0.29339003562927246, 130.0
0.29496312141418457, 130.0
0.29650402069091797, 130.0
0.2980470657348633, 130.0
0.2995889186859131, 130.0
0.30115389823913574, 130.0
