0.0019381046295166016, 466.338083
0.004536151885986328, 481.069368
0.007203102111816406, 481.069368
0.009844064712524414, 481.069368
0.01244807243347168, 481.069368
0.01505589485168457, 481.069368
0.017676115036010742, 481.069368
0.020287036895751953, 481.069368
0.022889137268066406, 481.069368
0.025529146194458008, 481.069368
0.02816009521484375, 481.069368
0.030791044235229492, 481.069368
0.03342390060424805, 481.069368
0.03608202934265137, 481.069368
0.0387270450592041, 481.069368
0.04141402244567871, 481.069368
0.04415607452392578, 481.069368
0.04678511619567871, 481.069368
0.04941391944885254, 481.069368
0.052062034606933594, 481.069368
0.05470609664916992, 481.069368
0.05734610557556152, 481.069368
0.05998802185058594, 481.069368
0.0626211166381836, 481.069368
0.06530308723449707, 481.069368
0.06800603866577148, 481.069368
0.07074999809265137, 481.069368
0.07350301742553711, 481.069368
0.07626199722290039, 481.069368
0.07895207405090332, 481.069368
0.08163905143737793, 481.069368
0.0843510627746582, 481.069368
0.0870370864868164, 481.069368
0.08971810340881348, 481.069368
0.09240913391113281, 481.069368
0.09509897232055664, 481.069368
0.0978391170501709, 481.069368
0.10056304931640625, 481.069368
0.10326623916625977, 481.069368
0.10596728324890137, 481.069368
0.10866522789001465, 481.069368
0.11141514778137207, 481.069368
0.11412692070007324, 481.069368
0.11684322357177734, 481.069368
0.11955690383911133, 481.069368
0.12229418754577637, 481.069368
0.12497711181640625, 481.069368
0.12767505645751953, 481.069368
0.13040423393249512, 481.069368
0.13309502601623535, 481.069368
0.13588309288024902, 481.069368
0.13859891891479492, 481.069368
0.14133620262145996, 481.069368
0.1440572738647461, 481.069368
0.14675116539001465, 481.069368
0.1494770050048828, 481.069368
0.15221214294433594, 481.069368
0.15492725372314453, 481.069368
0.15760421752929688, 481.069368
0.16031908988952637, 481.069368
0.16300606727600098, 481.069368
0.1656961441040039, 481.069368
0.16846299171447754, 481.069368
0.17114710807800293, 481.069368
0.17387914657592773, 481.069368
0.17663812637329102, 481.069368
0.17933225631713867, 481.069368
0.18206024169921875, 481.069368
0.18479108810424805, 481.069368
0.18748807907104492, 481.069368
0.19016504287719727, 481.069368
0.19289398193359375, 481.069368
0.19558000564575195, 481.069368
0.19831609725952148, 481.069368
0.20104503631591797, 481.069368
0.20374608039855957, 481.069368
0.20644402503967285, 481.069368
0.209273099899292, 481.069368
0.21201109886169434, 481.069368
0.21472430229187012, 481.069368
0.21750998497009277, 481.069368
0.22024822235107422, 481.069368
0.22297000885009766, 481.069368
0.2257540225982666, 481.069368
0.22847604751586914, 481.069368
0.2311840057373047, 481.069368
0.23392605781555176, 481.069368
0.23672986030578613, 481.069368
0.23943614959716797, 481.069368
0.2421870231628418, 481.069368
0.24490094184875488, 481.069368
0.24759912490844727, 481.069368
0.2502861022949219, 481.069368
0.25303006172180176, 481.069368
0.25571322441101074, 481.069368
0.2584059238433838, 481.069368
0.2611379623413086, 481.069368
0.2638380527496338, 481.069368
0.2665421962738037, 481.069368
0.26926302909851074, 481.069368
0.2719581127166748, 481.069368
0.27464914321899414, 481.069368
0.27736806869506836, 481.069368
0.28006625175476074, 481.069368
0.2827579975128174, 481.069368
0.2854909896850586, 481.069368
0.2881741523742676, 481.069368
0.29086899757385254, 481.069368
0.29358696937561035, 481.069368
0.2962820529937744, 481.069368
0.29897499084472656, 481.069368
0.3016970157623291, 481.069368
0.30438828468322754, 481.069368
0.30707693099975586, 481.069368
0.30980992317199707, 481.069368
0.3125, 481.069368
0.3151969909667969, 481.069368
0.3179190158843994, 481.069368
0.3206212520599365, 481.069368
0.32331395149230957, 481.069368
0.3260371685028076, 481.069368
0.32874107360839844, 481.069368
0.3314230442047119, 481.069368
0.33412909507751465, 481.069368
0.3368401527404785, 481.069368
0.3395390510559082, 481.069368
0.3422679901123047, 481.069368
0.34496021270751953, 481.069368
0.34766292572021484, 481.069368
0.35034704208374023, 481.069368
0.35308027267456055, 481.069368
0.35576415061950684, 481.069368
0.3584930896759033, 481.069368
0.36118507385253906, 481.069368
0.3638789653778076, 481.069368
0.36656689643859863, 481.069368
0.3692901134490967, 481.069368
0.3719911575317383, 481.069368
0.37470507621765137, 481.069368
0.37746524810791016, 481.069368
0.3801569938659668, 481.069368
0.38286399841308594, 481.069368
0.38565516471862793, 481.069368
0.3883810043334961, 481.069368
0.39112210273742676, 481.069368
0.3938331604003906, 481.069368
0.396543025970459, 481.069368
0.39928293228149414, 481.069368
0.4019889831542969, 481.069368
0.40468907356262207, 481.069368
0.40738701820373535, 481.069368
0.41011524200439453, 481.069368
0.4128232002258301, 481.069368
0.4155158996582031, 481.069368
0.41825103759765625, 481.069368
0.4209558963775635, 481.069368
0.42370104789733887, 481.069368
0.42644619941711426, 481.069368
0.42922306060791016, 481.069368
0.4319911003112793, 481.069368
0.43474411964416504, 481.069368
0.437467098236084, 481.069368
0.44017696380615234, 481.069368
0.44294214248657227, 481.069368
0.4456441402435303, 481.069368
0.44834113121032715, 481.069368
0.4511110782623291, 481.069368
0.4538300037384033, 481.069368
0.45653414726257324, 481.069368
0.4592771530151367, 481.069368
0.46204113960266113, 481.069368
0.4647669792175293, 481.069368
0.4675431251525879, 481.069368
0.4703061580657959, 481.069368
0.473038911819458, 481.069368
0.47585105895996094, 481.069368
0.4785799980163574, 481.069368
0.4812922477722168, 481.069368
0.48407602310180664, 481.069368
0.4868340492248535, 481.069368
0.48955202102661133, 481.069368
0.49232006072998047, 481.069368
0.49503326416015625, 481.069368
0.4978959560394287, 481.069368
0.5007171630859375, 481.069368
0.5035390853881836, 481.069368
0.5063800811767578, 481.069368
0.5091779232025146, 481.069368
0.511939287185669, 481.069368
0.5148429870605469, 481.069368
0.5176451206207275, 481.069368
0.520449161529541, 481.069368
0.5232672691345215, 481.069368
0.5260701179504395, 481.069368
0.5288782119750977, 481.069368
0.5316681861877441, 481.069368
0.5344798564910889, 481.069368
0.537329912185669, 481.069368
0.540153980255127, 481.069368
0.5429301261901855, 481.069368
0.545680046081543, 481.069368
