8.821487426757812e-06, 0.89114
1.5020370483398438e-05, 18.30195
1.9788742065429688e-05, 100.58595499999998
2.9802322387695312e-05, 112.49427699999998
3.504753112792969e-05, 121.634571
4.076957702636719e-05, 121.75969699999999
5.602836608886719e-05, 140.96499500000002
6.604194641113281e-05, 155.69628
0.00012683868408203125, 158.278146
0.00013208389282226562, 175.688956
0.00013685226440429688, 184.82925
0.0001418590545654297, 215.22873700000002
0.00016188621520996094, 263.57615899999996
0.0001819133758544922, 314.48713599999996
0.00020194053649902344, 326.395458
0.00020694732666015625, 341.126743
0.000347137451171875, 373.638111
0.0025908946990966797, 382.34198999999995
0.002925872802734375, 396.81996999999996
0.005690097808837891, 437.043367
0.011149883270263672, 454.429761
0.21080374717712402, 481.069368
