0.0026128292083740234, 941.0
0.006119728088378906, 941.0
0.009666919708251953, 944.0
0.013257980346679688, 976.0
0.016786813735961914, 976.0
0.020451068878173828, 1016.0
0.02412104606628418, 1018.0
0.027809858322143555, 1018.0
0.03151583671569824, 1024.0
0.035237789154052734, 1024.0
0.038939714431762695, 1024.0
0.042642831802368164, 1024.0
0.046391963958740234, 1024.0
0.05012869834899902, 1024.0
0.0538637638092041, 1024.0
0.05761981010437012, 1024.0
0.06139993667602539, 1024.0
0.06513667106628418, 1024.0
0.06887388229370117, 1024.0
0.07262086868286133, 1024.0
0.07634782791137695, 1024.0
0.08008384704589844, 1024.0
0.08380985260009766, 1024.0
0.08757972717285156, 1024.0
0.09133791923522949, 1024.0
0.09512495994567871, 1024.0
0.0989387035369873, 1024.0
0.10269594192504883, 1024.0
0.10646700859069824, 1024.0
0.11018681526184082, 1024.0
0.11394500732421875, 1024.0
0.1176908016204834, 1024.0
0.12142205238342285, 1024.0
0.12516093254089355, 1024.0
0.12889695167541504, 1024.0
0.1326308250427246, 1024.0
0.1363518238067627, 1024.0
0.14008498191833496, 1024.0
0.14383292198181152, 1024.0
0.1476268768310547, 1024.0
0.15137100219726562, 1024.0
0.1551368236541748, 1024.0
0.1588447093963623, 1024.0
0.1626570224761963, 1024.0
0.16657567024230957, 1024.0
0.17033171653747559, 1024.0
0.1740567684173584, 1024.0
0.1778578758239746, 1024.0
0.18174481391906738, 1024.0
0.18560576438903809, 1024.0
0.18947196006774902, 1024.0
0.19330668449401855, 1024.0
0.19716191291809082, 1024.0
0.20101284980773926, 1024.0
0.20482778549194336, 1024.0
0.20866990089416504, 1024.0
0.21251773834228516, 1024.0
0.21636390686035156, 1024.0
0.22020888328552246, 1024.0
0.22410082817077637, 1024.0
0.22794580459594727, 1024.0
0.23170685768127441, 1024.0
0.23543071746826172, 1024.0
0.23915386199951172, 1024.0
0.24293875694274902, 1024.0
0.24668383598327637, 1024.0
0.25038790702819824, 1024.0
0.25413084030151367, 1024.0
0.2578747272491455, 1024.0
0.2616298198699951, 1024.0
0.2653789520263672, 1024.0
0.26924800872802734, 1024.0
0.2730979919433594, 1024.0
0.27693986892700195, 1024.0
0.2807488441467285, 1024.0
0.2845737934112549, 1024.0
0.2883918285369873, 1024.0
0.29222989082336426, 1024.0
0.2959747314453125, 1024.0
0.29976701736450195, 1024.0
0.3034489154815674, 1024.0
0.30707669258117676, 1024.0
0.31070470809936523, 1024.0
0.3143799304962158, 1024.0
0.31804585456848145, 1024.0
0.32173991203308105, 1024.0
0.3253817558288574, 1024.0
0.32909202575683594, 1024.0
0.332719087600708, 1024.0
0.33646297454833984, 1024.0
0.34009480476379395, 1024.0
0.3437788486480713, 1024.0
0.34744691848754883, 1024.0
0.3511049747467041, 1024.0
0.35477399826049805, 1024.0
0.35839200019836426, 1024.0
0.3620579242706299, 1024.0
0.3656790256500244, 1024.0
0.3693370819091797, 1024.0
0.373018741607666, 1024.0
0.37663984298706055, 1024.0
0.38031578063964844, 1024.0
0.3839297294616699, 1024.0
0.38763999938964844, 1024.0
0.3912670612335205, 1024.0
0.3949408531188965, 1024.0
0.3985919952392578, 1024.0
0.4022231101989746, 1024.0
0.40589094161987305, 1024.0
0.4095118045806885, 1024.0
0.41319894790649414, 1024.0
0.4168238639831543, 1024.0
0.4205019474029541, 1024.0
0.42412590980529785, 1024.0
0.42778587341308594, 1024.0
0.4314579963684082, 1024.0
0.4350850582122803, 1024.0
0.4387478828430176, 1024.0
0.44237685203552246, 1024.0
0.44609880447387695, 1024.0
0.44971489906311035, 1024.0
0.45337581634521484, 1024.0
0.45703601837158203, 1024.0
0.4606499671936035, 1024.0
0.46433091163635254, 1024.0
0.4679567813873291, 1024.0
0.47164368629455566, 1024.0
0.4752488136291504, 1024.0
0.47892189025878906, 1024.0
0.48253369331359863, 1024.0
0.48615384101867676, 1024.0
0.4899108409881592, 1024.0
0.4935438632965088, 1024.0
0.49719691276550293, 1024.0
0.5007908344268799, 1024.0
0.504478931427002, 1024.0
0.5080618858337402, 1024.0
0.5117068290710449, 1024.0
0.5152907371520996, 1024.0
0.5188987255096436, 1024.0
0.5225238800048828, 1024.0
0.5261259078979492, 1024.0
0.529775857925415, 1024.0
0.5334446430206299, 1024.0
0.5372588634490967, 1024.0
0.5409269332885742, 1024.0
0.5446767807006836, 1024.0
0.548408031463623, 1024.0
0.5520949363708496, 1024.0
0.5558109283447266, 1024.0
0.5595147609710693, 1024.0
0.5632178783416748, 1024.0
0.5668966770172119, 1024.0
0.5705149173736572, 1024.0
0.5740888118743896, 1024.0
0.5776858329772949, 1024.0
0.5813028812408447, 1024.0
0.5848708152770996, 1024.0
0.5884847640991211, 1024.0
0.5920758247375488, 1024.0
0.5957989692687988, 1024.0
0.599571943283081, 1024.0
0.6032559871673584, 1024.0
0.6069278717041016, 1024.0
0.6106207370758057, 1024.0
0.6142640113830566, 1024.0
0.6179418563842773, 1024.0
0.6216790676116943, 1024.0
0.6253259181976318, 1024.0
0.6291136741638184, 1024.0
0.6329128742218018, 1024.0
0.6367049217224121, 1024.0
0.6404988765716553, 1024.0
0.6442899703979492, 1024.0
0.648094892501831, 1024.0
0.6518697738647461, 1024.0
0.6557397842407227, 1024.0
0.6596357822418213, 1024.0
0.6634469032287598, 1024.0
0.667151689529419, 1024.0
0.670874834060669, 1024.0
0.6745598316192627, 1024.0
0.6782798767089844, 1024.0
0.6822230815887451, 1024.0
0.6860427856445312, 1024.0
0.689882755279541, 1024.0
0.6936428546905518, 1024.0
0.6974248886108398, 1024.0
0.7011709213256836, 1024.0
0.7050027847290039, 1024.0
0.7087738513946533, 1024.0
0.7123887538909912, 1024.0
0.7160098552703857, 1024.0
0.7196667194366455, 1024.0
0.7232649326324463, 1024.0
0.7268469333648682, 1024.0
0.7304308414459229, 1024.0
0.734015941619873, 1024.0
0.7376108169555664, 1024.0
0.7412059307098389, 1024.0
0.7447957992553711, 1024.0
