0.0007419586181640625, 23.0
0.0020020008087158203, 23.0
0.0031969547271728516, 23.0
0.004380941390991211, 23.0
0.005567073822021484, 23.0
0.0068531036376953125, 23.0
0.008114099502563477, 23.0
0.009392261505126953, 23.0
0.010581016540527344, 23.0
0.01176309585571289, 23.0
0.012969017028808594, 23.0
0.014145135879516602, 23.0
0.015333890914916992, 23.0
0.01650691032409668, 23.0
0.01783299446105957, 23.0
0.019112110137939453, 23.0
0.020292282104492188, 23.0
0.02146625518798828, 23.0
0.022640228271484375, 23.0
0.023823261260986328, 23.0
0.025135278701782227, 23.0
0.02633500099182129, 23.0
0.027536869049072266, 23.0
0.028792142868041992, 23.0
0.029977083206176758, 23.0
0.03118896484375, 23.0
0.03244495391845703, 23.0
0.0336461067199707, 23.0
0.0349581241607666, 23.0
0.03624415397644043, 23.0
0.037467241287231445, 23.0
0.03866124153137207, 23.0
0.0398709774017334, 23.0
0.041040897369384766, 23.0
0.042211055755615234, 23.0
0.04348111152648926, 23.0
0.04467511177062988, 23.0
0.04593324661254883, 23.0
0.04717397689819336, 23.0
0.04855823516845703, 23.0
0.049732208251953125, 23.0
0.05090808868408203, 23.0
0.05208086967468262, 23.0
0.05325007438659668, 23.0
0.05443310737609863, 23.0
0.055605173110961914, 23.0
0.0567779541015625, 23.0
0.05795407295227051, 23.0
0.059136152267456055, 23.0
0.06031203269958496, 23.0
0.06148719787597656, 23.0
0.06266117095947266, 23.0
0.06383109092712402, 23.0
0.06500101089477539, 23.0
0.06617498397827148, 23.0
0.06737995147705078, 23.0
0.06855416297912598, 23.0
0.06972408294677734, 23.0
0.07089805603027344, 23.0
0.07207107543945312, 23.0
0.07324814796447754, 23.0
0.07442808151245117, 23.0
0.07559823989868164, 23.0
0.07677006721496582, 23.0
0.07795310020446777, 23.0
0.0791471004486084, 23.0
0.08032894134521484, 23.0
0.08150196075439453, 23.0
0.0826730728149414, 23.0
0.0838460922241211, 23.0
0.08503913879394531, 23.0
0.08620810508728027, 23.0
0.08739304542541504, 23.0
0.0885770320892334, 23.0
0.0897512435913086, 23.0
0.09093403816223145, 23.0
0.09213018417358398, 23.0
0.09329700469970703, 23.0
0.0944681167602539, 23.0
0.09563708305358887, 23.0
0.09680795669555664, 23.0
0.09798097610473633, 23.0
0.09915494918823242, 23.0
0.1003270149230957, 23.0
0.10149908065795898, 23.0
0.10266923904418945, 23.0
0.10385322570800781, 23.0
0.10502195358276367, 23.0
0.10619497299194336, 23.0
0.10737109184265137, 23.0
0.10854005813598633, 23.0
0.10970807075500488, 23.0
0.11087799072265625, 23.0
0.11205315589904785, 23.0
0.11322498321533203, 23.0
0.11439895629882812, 23.0
0.11558723449707031, 23.0
0.11676025390625, 23.0
0.1179361343383789, 23.0
0.11910724639892578, 23.0
0.12028026580810547, 23.0
0.12145519256591797, 23.0
0.12262606620788574, 23.0
0.12381911277770996, 23.0
0.12499308586120605, 23.0
0.12616395950317383, 23.0
0.1273500919342041, 23.0
0.12852096557617188, 23.0
0.12969112396240234, 23.0
0.13086223602294922, 23.0
0.1320340633392334, 23.0
0.1332101821899414, 23.0
0.13438916206359863, 23.0
0.13557004928588867, 23.0
0.13673925399780273, 23.0
0.1379091739654541, 23.0
0.13908004760742188, 23.0
0.14026308059692383, 23.0
0.14143610000610352, 23.0
0.1426081657409668, 23.0
0.1437819004058838, 23.0
0.14495491981506348, 23.0
0.14613103866577148, 23.0
0.14731597900390625, 23.0
0.14853906631469727, 23.0
0.14971399307250977, 23.0
0.15088701248168945, 23.0
0.15207409858703613, 23.0
0.15325498580932617, 23.0
0.15442800521850586, 23.0
0.15560507774353027, 23.0
0.1567831039428711, 23.0
0.1579740047454834, 23.0
0.1591501235961914, 23.0
0.16033625602722168, 23.0
0.16150617599487305, 23.0
0.16267800331115723, 23.0
0.16386723518371582, 23.0
0.1650700569152832, 23.0
0.1663041114807129, 23.0
0.1676311492919922, 23.0
0.1688530445098877, 23.0
0.17009520530700684, 23.0
0.17134308815002441, 23.0
0.1725912094116211, 23.0
0.17384099960327148, 23.0
0.17508888244628906, 23.0
0.17633700370788574, 23.0
0.17757916450500488, 23.0
0.17882704734802246, 23.0
0.1800682544708252, 23.0
0.18131303787231445, 23.0
0.18255209922790527, 23.0
0.18379497528076172, 23.0
0.18508601188659668, 23.0
0.18633127212524414, 23.0
0.18756890296936035, 23.0
0.18881511688232422, 23.0
0.19005489349365234, 23.0
0.19130301475524902, 23.0
0.19254398345947266, 23.0
0.19378423690795898, 23.0
0.19502902030944824, 23.0
0.19627118110656738, 23.0
0.19751620292663574, 23.0
0.1987621784210205, 23.0
0.20021820068359375, 23.0
0.20146417617797852, 23.0
0.20270705223083496, 23.0
0.2039470672607422, 23.0
0.20519518852233887, 23.0
0.20644116401672363, 23.0
0.2076880931854248, 23.0
0.2089400291442871, 23.0
0.21019506454467773, 23.0
0.2114419937133789, 23.0
0.212691068649292, 23.0
0.21394109725952148, 23.0
0.21518206596374512, 23.0
0.21642017364501953, 23.0
0.2176671028137207, 23.0
0.218919038772583, 23.0
0.2202000617980957, 23.0
0.22144532203674316, 23.0
0.2226870059967041, 23.0
0.2238771915435791, 23.0
0.22504305839538574, 23.0
0.2262721061706543, 23.0
0.22756505012512207, 23.0
0.2287449836730957, 23.0
0.22997212409973145, 23.0
0.23116230964660645, 23.0
0.23234009742736816, 23.0
0.23351407051086426, 23.0
0.23469209671020508, 23.0
0.23588895797729492, 23.0
0.23718500137329102, 23.0
0.23838424682617188, 23.0
0.2395610809326172, 23.0
0.240739107131958, 23.0
0.2419121265411377, 23.0
