1.2159347534179688e-05, 63.0
1.9073486328125e-05, 135.0
2.5033950805664062e-05, 226.0
3.1948089599609375e-05, 287.0
3.814697265625e-05, 302.0
4.410743713378906e-05, 342.0
5.030632019042969e-05, 388.0
8.130073547363281e-05, 446.0
0.000225067138671875, 467.0
0.00023126602172851562, 511.0
0.0002970695495605469, 523.0
0.0003571510314941406, 572.0
0.0003631114959716797, 587.0
0.0004353523254394531, 594.0
0.0004780292510986328, 645.0
0.00048422813415527344, 653.0
0.0004961490631103516, 682.0
0.0005800724029541016, 714.0
0.0006053447723388672, 742.0
0.0006110668182373047, 771.0
0.0007259845733642578, 815.0
0.0007321834564208984, 887.0
0.000978231430053711, 907.0
0.009003162384033203, 938.0
0.009015083312988281, 970.0
0.009039163589477539, 981.0
0.009045124053955078, 1010.0
0.3034811019897461, 1013.0
0.37677907943725586, 1024.0
