1.3113021850585938e-05, 15.0
2.002716064453125e-05, 61.0
2.6941299438476562e-05, 101.0
3.2901763916015625e-05, 118.0
3.886222839355469e-05, 147.0
4.506111145019531e-05, 182.0
5.1975250244140625e-05, 260.0
6.985664367675781e-05, 306.0
7.605552673339844e-05, 323.0
8.296966552734375e-05, 413.0
0.0001430511474609375, 428.0
0.00014901161193847656, 468.0
0.00015592575073242188, 531.0
0.00016188621520996094, 606.0
0.0001678466796875, 641.0
0.00017404556274414062, 732.0
0.00045490264892578125, 742.0
0.001628875732421875, 765.0
0.0016477108001708984, 840.0
0.002185821533203125, 875.0
0.002949953079223633, 908.0
0.014739990234375, 924.0
0.0221099853515625, 925.0
0.035852909088134766, 933.0
0.035858869552612305, 979.0
0.05270695686340332, 985.0
0.3019368648529053, 1011.0
0.33069896697998047, 1014.0
0.36875009536743164, 1019.0
0.3892500400543213, 1025.0
