0.0010828971862792969, 107.0
0.0028378963470458984, 107.0
0.004488945007324219, 107.0
0.0060999393463134766, 107.0
0.007627010345458984, 107.0
0.009114742279052734, 107.0
0.010586738586425781, 107.0
0.012102842330932617, 107.0
0.013653993606567383, 107.0
0.01512598991394043, 107.0
0.016606807708740234, 107.0
0.018072843551635742, 107.0
0.019540786743164062, 107.0
0.021063804626464844, 107.0
0.022691726684570312, 107.0
0.024147748947143555, 107.0
0.025769948959350586, 107.0
0.027313709259033203, 107.0
0.028847694396972656, 107.0
0.03041672706604004, 107.0
0.031976938247680664, 107.0
0.03345465660095215, 107.0
0.034982919692993164, 107.0
0.0365757942199707, 107.0
0.03809475898742676, 107.0
0.03968000411987305, 107.0
0.04123067855834961, 107.0
0.042732954025268555, 107.0
0.044240713119506836, 107.0
0.045778751373291016, 107.0
0.04726600646972656, 107.0
0.04875683784484863, 107.0
0.05025291442871094, 107.0
0.05174875259399414, 107.0
0.053250789642333984, 107.0
0.05486583709716797, 107.0
0.05636882781982422, 107.0
0.0578608512878418, 107.0
0.05934286117553711, 107.0
0.06083869934082031, 107.0
0.06237483024597168, 107.0
0.06386470794677734, 107.0
0.0653529167175293, 107.0
0.06683588027954102, 107.0
0.06833362579345703, 107.0
0.06983089447021484, 107.0
0.07135486602783203, 107.0
0.07283687591552734, 107.0
0.07432174682617188, 107.0
0.07581067085266113, 107.0
0.07729673385620117, 107.0
0.07884478569030762, 107.0
0.0803368091583252, 107.0
0.0818319320678711, 107.0
0.08332371711730957, 107.0
0.08480572700500488, 107.0
0.08630967140197754, 107.0
0.08794689178466797, 107.0
0.08952593803405762, 107.0
0.0910646915435791, 107.0
0.09264373779296875, 107.0
0.0941617488861084, 107.0
0.09571290016174316, 107.0
0.09720778465270996, 107.0
0.0987098217010498, 107.0
0.10021281242370605, 107.0
0.10175085067749023, 107.0
0.10328984260559082, 107.0
0.10478997230529785, 107.0
0.10628771781921387, 107.0
0.10779380798339844, 107.0
0.1092989444732666, 107.0
0.11085081100463867, 107.0
0.11235475540161133, 107.0
0.11385393142700195, 107.0
0.11535978317260742, 107.0
0.11690378189086914, 107.0
0.11842203140258789, 107.0
0.11995697021484375, 107.0
0.12146687507629395, 107.0
0.12299895286560059, 107.0
0.12456083297729492, 107.0
0.12604284286499023, 107.0
0.1275498867034912, 107.0
0.12905597686767578, 107.0
0.13052988052368164, 107.0
0.13199877738952637, 107.0
0.13347887992858887, 107.0
0.13495397567749023, 107.0
0.1364269256591797, 107.0
0.13793587684631348, 107.0
0.13940787315368652, 107.0
0.14091277122497559, 107.0
0.14241576194763184, 107.0
0.1438908576965332, 107.0
0.14541888236999512, 107.0
0.1468958854675293, 107.0
0.1483759880065918, 107.0
0.14986896514892578, 107.0
0.15134692192077637, 107.0
0.15282988548278809, 107.0
0.15436482429504395, 107.0
0.1558399200439453, 107.0
0.15732502937316895, 107.0
0.15883493423461914, 107.0
0.1603100299835205, 107.0
0.16181588172912598, 107.0
0.16337299346923828, 107.0
0.1648550033569336, 107.0
0.1663799285888672, 107.0
0.1678609848022461, 107.0
0.16934680938720703, 107.0
0.1708989143371582, 107.0
0.17236971855163574, 107.0
0.17386269569396973, 107.0
0.17533373832702637, 107.0
0.17682361602783203, 107.0
0.178330659866333, 107.0
0.17981481552124023, 107.0
0.1812889575958252, 107.0
0.18277287483215332, 107.0
0.18424487113952637, 107.0
0.18572592735290527, 107.0
0.1873159408569336, 107.0
0.18878483772277832, 107.0
0.19026684761047363, 107.0
0.191741943359375, 107.0
0.19321703910827637, 107.0
0.19468903541564941, 107.0
0.19616270065307617, 107.0
0.19763469696044922, 107.0
0.19910287857055664, 107.0
0.20057177543640137, 107.0
0.202056884765625, 107.0
0.20354986190795898, 107.0
0.20505070686340332, 107.0
0.2065258026123047, 107.0
0.20804381370544434, 107.0
0.20960569381713867, 107.0
0.21123576164245605, 107.0
0.21274900436401367, 107.0
0.21425366401672363, 107.0
0.21574783325195312, 107.0
0.21726083755493164, 107.0
0.21875786781311035, 107.0
0.22025275230407715, 107.0
0.2217578887939453, 107.0
0.2232978343963623, 107.0
0.2247936725616455, 107.0
0.2262897491455078, 107.0
0.2277827262878418, 107.0
0.22930097579956055, 107.0
0.23081493377685547, 107.0
0.232313871383667, 107.0
0.23381590843200684, 107.0
0.23531079292297363, 107.0
0.2368457317352295, 107.0
0.2383718490600586, 107.0
0.23995280265808105, 107.0
0.24142694473266602, 107.0
0.24291467666625977, 107.0
0.2443997859954834, 107.0
0.2458789348602295, 107.0
0.2473609447479248, 107.0
0.24883460998535156, 107.0
0.2503039836883545, 107.0
0.2517869472503662, 107.0
0.2532627582550049, 107.0
0.25473570823669434, 107.0
0.2562129497528076, 107.0
0.2576897144317627, 107.0
0.2591588497161865, 107.0
0.2606236934661865, 107.0
0.26209092140197754, 107.0
0.2635650634765625, 107.0
0.2650628089904785, 107.0
0.2665398120880127, 107.0
0.2680068016052246, 107.0
0.2694828510284424, 107.0
0.27095866203308105, 107.0
0.27243900299072266, 107.0
0.2739109992980957, 107.0
0.2753908634185791, 107.0
0.27686071395874023, 107.0
0.27832984924316406, 107.0
0.27980780601501465, 107.0
0.28127574920654297, 107.0
0.2827467918395996, 107.0
0.28421497344970703, 107.0
0.28568291664123535, 107.0
0.28716492652893066, 107.0
0.2886338233947754, 107.0
0.29010462760925293, 107.0
0.291576623916626, 107.0
0.293043851852417, 107.0
0.29451894760131836, 107.0
0.2959916591644287, 107.0
0.29746198654174805, 107.0
0.29894089698791504, 107.0
0.3004288673400879, 107.0
0.30190181732177734, 107.0
