0.0026187896728515625, 903.0
0.006193876266479492, 950.0
0.009639978408813477, 964.0
0.013226985931396484, 964.0
0.016788005828857422, 996.0
0.02033686637878418, 1013.0
0.0239408016204834, 1016.0
0.02754688262939453, 1024.0
0.031167030334472656, 1024.0
0.03476977348327637, 1024.0
0.038400888442993164, 1024.0
0.042035818099975586, 1024.0
0.045928955078125, 1024.0
0.04956388473510742, 1024.0
0.05322074890136719, 1024.0
0.056860923767089844, 1024.0
0.060502052307128906, 1024.0
0.06414008140563965, 1024.0
0.06776976585388184, 1024.0
0.07139396667480469, 1024.0
0.07501888275146484, 1024.0
0.078643798828125, 1024.0
0.08224678039550781, 1024.0
0.08585381507873535, 1024.0
0.08946394920349121, 1024.0
0.09307479858398438, 1024.0
0.09668493270874023, 1024.0
0.10030698776245117, 1024.0
0.1039118766784668, 1024.0
0.1075139045715332, 1024.0
0.11112499237060547, 1024.0
0.11476302146911621, 1024.0
0.11836695671081543, 1024.0
0.12196874618530273, 1024.0
0.12560105323791504, 1024.0
0.12922000885009766, 1024.0
0.13283205032348633, 1024.0
0.13644099235534668, 1024.0
0.14008593559265137, 1024.0
0.1436929702758789, 1024.0
0.14730000495910645, 1024.0
0.15091609954833984, 1024.0
0.15453481674194336, 1024.0
0.15813708305358887, 1024.0
0.16175389289855957, 1024.0
0.1653449535369873, 1024.0
0.1689319610595703, 1024.0
0.17251300811767578, 1024.0
0.17611289024353027, 1024.0
0.17983102798461914, 1024.0
0.18339991569519043, 1024.0
0.1869807243347168, 1024.0
0.19057202339172363, 1024.0
0.19423794746398926, 1024.0
0.19785094261169434, 1024.0
0.20142006874084473, 1024.0
0.2050158977508545, 1024.0
0.20861291885375977, 1024.0
0.21240592002868652, 1024.0
0.21598386764526367, 1024.0
0.21956396102905273, 1024.0
0.22326397895812988, 1024.0
0.22684693336486816, 1024.0
0.2304990291595459, 1024.0
0.23421382904052734, 1024.0
0.23789000511169434, 1024.0
0.2415297031402588, 1024.0
0.2451319694519043, 1024.0
0.2487468719482422, 1024.0
0.252331018447876, 1024.0
0.25591492652893066, 1024.0
0.2594938278198242, 1024.0
0.263110876083374, 1024.0
0.2666738033294678, 1024.0
0.27026987075805664, 1024.0
0.2738358974456787, 1024.0
0.2774219512939453, 1024.0
0.28100085258483887, 1024.0
0.2845947742462158, 1024.0
0.2882239818572998, 1024.0
0.2917959690093994, 1024.0
0.2953779697418213, 1024.0
0.2989470958709717, 1024.0
0.30252599716186523, 1024.0
0.3060929775238037, 1024.0
0.30967092514038086, 1024.0
0.3132479190826416, 1024.0
0.3168208599090576, 1024.0
0.32041192054748535, 1024.0
0.3239898681640625, 1024.0
0.32755303382873535, 1024.0
0.33112502098083496, 1024.0
0.3346879482269287, 1024.0
0.33825087547302246, 1024.0
0.34181785583496094, 1024.0
0.3454010486602783, 1024.0
0.34897589683532715, 1024.0
0.35256075859069824, 1024.0
0.35614895820617676, 1024.0
0.359727144241333, 1024.0
0.3632991313934326, 1024.0
0.3668820858001709, 1024.0
0.3704519271850586, 1024.0
0.3740229606628418, 1024.0
0.3775978088378906, 1024.0
0.3811829090118408, 1024.0
0.38475489616394043, 1024.0
0.38832688331604004, 1024.0
0.3919029235839844, 1024.0
0.3954780101776123, 1024.0
0.3990478515625, 1024.0
0.40266895294189453, 1024.0
0.4063711166381836, 1024.0
0.40996694564819336, 1024.0
0.4136059284210205, 1024.0
0.41718196868896484, 1024.0
0.4207589626312256, 1024.0
0.4243760108947754, 1024.0
0.42795395851135254, 1024.0
0.43156886100769043, 1024.0
0.4351339340209961, 1024.0
0.4387528896331787, 1024.0
0.4423348903656006, 1024.0
0.445936918258667, 1024.0
0.44956493377685547, 1024.0
0.4531428813934326, 1024.0
0.45675182342529297, 1024.0
0.4603137969970703, 1024.0
0.4639568328857422, 1024.0
0.4675719738006592, 1024.0
0.47121691703796387, 1024.0
0.4749770164489746, 1024.0
0.4787158966064453, 1024.0
0.48246192932128906, 1024.0
0.4860999584197998, 1024.0
0.48987889289855957, 1024.0
0.4939398765563965, 1024.0
0.4978370666503906, 1024.0
0.501715898513794, 1024.0
0.5055909156799316, 1024.0
0.5094420909881592, 1024.0
0.5133287906646729, 1024.0
0.5172028541564941, 1024.0
0.5210909843444824, 1024.0
0.524993896484375, 1024.0
0.5289158821105957, 1024.0
0.5328269004821777, 1024.0
0.5367348194122314, 1024.0
0.5406539440155029, 1024.0
0.5446760654449463, 1024.0
0.5485587120056152, 1024.0
0.5524270534515381, 1024.0
0.5562858581542969, 1024.0
0.5600907802581787, 1024.0
0.563849925994873, 1024.0
0.567551851272583, 1024.0
0.5712709426879883, 1024.0
0.5749619007110596, 1024.0
0.5786397457122803, 1024.0
0.5823519229888916, 1024.0
0.586068868637085, 1024.0
0.5897419452667236, 1024.0
0.59344482421875, 1024.0
0.5971200466156006, 1024.0
0.6007969379425049, 1024.0
0.6045207977294922, 1024.0
0.6081888675689697, 1024.0
0.6119248867034912, 1024.0
0.6156830787658691, 1024.0
0.6194009780883789, 1024.0
0.6230709552764893, 1024.0
0.6267709732055664, 1024.0
0.6305217742919922, 1024.0
0.6344330310821533, 1024.0
0.6382429599761963, 1024.0
0.6420228481292725, 1024.0
0.6458098888397217, 1024.0
0.6494860649108887, 1024.0
0.6531798839569092, 1024.0
0.6568450927734375, 1024.0
0.6605067253112793, 1024.0
0.664158821105957, 1024.0
0.6677908897399902, 1024.0
0.6714060306549072, 1024.0
0.6750829219818115, 1024.0
0.6787619590759277, 1024.0
0.6823968887329102, 1024.0
0.6860239505767822, 1024.0
0.6896359920501709, 1024.0
0.6932437419891357, 1024.0
0.6968519687652588, 1024.0
0.7004609107971191, 1024.0
0.7040660381317139, 1024.0
0.7076847553253174, 1024.0
0.7113008499145508, 1024.0
0.7149109840393066, 1024.0
0.7185299396514893, 1024.0
0.7221298217773438, 1024.0
0.7257368564605713, 1024.0
0.7293479442596436, 1024.0
0.7329468727111816, 1024.0
