0.002994060516357422, 9751.0
0.006833076477050781, 9753.0
0.010680913925170898, 9760.0
0.014482975006103516, 9763.0
0.018214941024780273, 9763.0
0.022001981735229492, 9763.0
0.02573394775390625, 9763.0
0.029402971267700195, 9763.0
0.03311324119567871, 9763.0
0.03682708740234375, 9764.0
0.04041004180908203, 9764.0
0.04406309127807617, 9764.0
0.04768013954162598, 9764.0
0.05130720138549805, 9764.0
0.05494999885559082, 9764.0
0.05864095687866211, 9764.0
0.06233406066894531, 9764.0
0.06600618362426758, 9767.0
0.06969499588012695, 9767.0
0.07338905334472656, 9767.0
0.07704520225524902, 9767.0
0.0807199478149414, 9767.0
0.08438611030578613, 9767.0
0.0880730152130127, 9767.0
0.09172701835632324, 9767.0
0.09545087814331055, 9767.0
0.09907317161560059, 9767.0
0.10269308090209961, 9767.0
0.10641813278198242, 9767.0
0.11018109321594238, 9767.0
0.113922119140625, 9767.0
0.11768507957458496, 9767.0
0.12143111228942871, 9767.0
0.12518310546875, 9767.0
0.12901902198791504, 9767.0
0.13291192054748535, 9767.0
0.13672709465026855, 9767.0
0.14041996002197266, 9767.0
0.14423203468322754, 9767.0
0.14809918403625488, 9767.0
0.15189504623413086, 9767.0
0.15574407577514648, 9767.0
0.15953898429870605, 9767.0
0.16328001022338867, 9767.0
0.16689014434814453, 9767.0
0.17050814628601074, 9767.0
0.17417311668395996, 9767.0
0.1777811050415039, 9767.0
0.18138718605041504, 9767.0
0.18508601188659668, 9767.0
0.18876910209655762, 9767.0
0.19243907928466797, 9767.0
0.19602322578430176, 9767.0
0.19965410232543945, 9767.0
0.20334911346435547, 9767.0
0.20708608627319336, 9767.0
0.21082615852355957, 9767.0
0.21463894844055176, 9767.0
0.21843695640563965, 9767.0
0.22217917442321777, 9767.0
0.22588205337524414, 9767.0
0.22959017753601074, 9767.0
0.23323512077331543, 9767.0
0.2368321418762207, 9767.0
0.24034595489501953, 9767.0
0.24388527870178223, 9767.0
0.24740314483642578, 9767.0
0.25093507766723633, 9767.0
0.2544569969177246, 9767.0
0.25805020332336426, 9767.0
0.26175904273986816, 9767.0
0.26536107063293457, 9767.0
0.26894497871398926, 9767.0
0.27259397506713867, 9767.0
0.2761852741241455, 9767.0
0.2798280715942383, 9767.0
0.2835731506347656, 9767.0
0.2871592044830322, 9767.0
0.29067516326904297, 9767.0
0.29418516159057617, 9767.0
0.2977020740509033, 9767.0
0.30121517181396484, 9767.0
0.30472302436828613, 9767.0
0.3082599639892578, 9767.0
0.311784029006958, 9767.0
0.3153049945831299, 9767.0
0.31882405281066895, 9767.0
0.3223292827606201, 9767.0
0.3258540630340576, 9767.0
0.3293740749359131, 9767.0
0.3328850269317627, 9767.0
0.3363971710205078, 9767.0
0.3399181365966797, 9767.0
0.3434152603149414, 9767.0
0.3469269275665283, 9767.0
0.35064101219177246, 9767.0
0.3541891574859619, 9767.0
0.3577461242675781, 9767.0
0.3613262176513672, 9767.0
0.36484622955322266, 9767.0
0.3683810234069824, 9767.0
0.3719370365142822, 9767.0
0.3754591941833496, 9767.0
0.37902402877807617, 9767.0
0.38254213333129883, 9767.0
0.38611698150634766, 9767.0
0.38962316513061523, 9767.0
0.3931879997253418, 9767.0
0.39669203758239746, 9767.0
0.4002199172973633, 9767.0
0.4037749767303467, 9767.0
0.40729403495788574, 9767.0
0.41085124015808105, 9767.0
0.4143660068511963, 9767.0
0.4179239273071289, 9767.0
0.42144227027893066, 9767.0
0.42496800422668457, 9767.0
0.4285299777984619, 9767.0
0.4320411682128906, 9767.0
0.43561315536499023, 9767.0
0.4391300678253174, 9767.0
0.44265294075012207, 9767.0
0.4462120532989502, 9767.0
0.44974303245544434, 9767.0
0.4533100128173828, 9767.0
0.4568321704864502, 9767.0
0.4603879451751709, 9767.0
0.46390414237976074, 9767.0
0.46744203567504883, 9767.0
0.47123217582702637, 9767.0
0.47481203079223633, 9767.0
0.4784390926361084, 9767.0
0.48203301429748535, 9767.0
0.48568105697631836, 9767.0
0.4892759323120117, 9767.0
0.49286413192749023, 9767.0
0.4965689182281494, 9767.0
0.5001630783081055, 9767.0
0.5037431716918945, 9767.0
0.5072760581970215, 9767.0
0.5108733177185059, 9767.0
0.5143811702728271, 9767.0
0.5179421901702881, 9767.0
0.5214660167694092, 9767.0
0.5250272750854492, 9767.0
0.5286040306091309, 9767.0
0.5321211814880371, 9767.0
0.5356881618499756, 9767.0
0.539201021194458, 9767.0
0.5427138805389404, 9767.0
0.5462889671325684, 9767.0
0.5498001575469971, 9767.0
0.5533640384674072, 9767.0
0.5568931102752686, 9767.0
0.5604791641235352, 9767.0
0.5640180110931396, 9767.0
0.5675642490386963, 9767.0
0.5712141990661621, 9767.0
0.5747511386871338, 9767.0
0.5783360004425049, 9767.0
0.5818719863891602, 9767.0
0.5854759216308594, 9767.0
0.5890471935272217, 9767.0
0.5925860404968262, 9767.0
0.5962169170379639, 9767.0
0.600013256072998, 9767.0
0.6036381721496582, 9767.0
0.6072661876678467, 9767.0
0.6108942031860352, 9767.0
0.6145269870758057, 9767.0
0.618157148361206, 9767.0
0.6217942237854004, 9767.0
0.6254711151123047, 9767.0
0.6291160583496094, 9767.0
0.6328420639038086, 9767.0
0.6364381313323975, 9767.0
0.6399528980255127, 9767.0
0.6435511112213135, 9767.0
0.6470751762390137, 9767.0
0.650611162185669, 9767.0
0.6542112827301025, 9767.0
0.6577439308166504, 9767.0
0.6613361835479736, 9767.0
0.6649701595306396, 9767.0
0.6687009334564209, 9767.0
0.6724231243133545, 9767.0
0.6760399341583252, 9767.0
0.6796970367431641, 9767.0
0.6832411289215088, 9767.0
0.6868371963500977, 9767.0
0.6903719902038574, 9767.0
0.6939740180969238, 9767.0
0.6975040435791016, 9767.0
0.7010610103607178, 9767.0
0.7045881748199463, 9767.0
0.7081120014190674, 9767.0
0.7116320133209229, 9767.0
0.715158224105835, 9767.0
0.7186691761016846, 9767.0
0.7221901416778564, 9767.0
0.7257239818572998, 9767.0
