1.1920928955078125e-05, 8.0
2.5987625122070312e-05, 54.0
3.1948089599609375e-05, 145.0
3.814697265625e-05, 220.0
4.506111145019531e-05, 283.0
5.078315734863281e-05, 298.0
5.698204040527344e-05, 359.0
6.29425048828125e-05, 403.0
7.009506225585938e-05, 481.0
8.20159912109375e-05, 541.0
8.797645568847656e-05, 556.0
0.0001068115234375, 559.0
0.0001850128173828125, 575.0
0.0002028942108154297, 607.0
0.0002090930938720703, 682.0
0.00021505355834960938, 773.0
0.00033593177795410156, 796.0
0.0003597736358642578, 821.0
0.0007760524749755859, 858.0
0.0020132064819335938, 892.0
0.009884119033813477, 921.0
0.0180661678314209, 923.0
0.07161903381347656, 924.0
0.07178211212158203, 938.0
0.10184478759765625, 951.0
0.16730999946594238, 953.0
0.21238017082214355, 954.0
0.24393796920776367, 956.0
0.26019978523254395, 959.0
0.2813417911529541, 967.0
0.3043508529663086, 1010.0
0.39454197883605957, 1018.0
0.41201305389404297, 1024.0
