0.0010919570922851562, 107.0
0.002752065658569336, 107.0
0.0043299198150634766, 107.0
0.005941867828369141, 107.0
0.0075228214263916016, 107.0
0.008997917175292969, 107.0
0.010473966598510742, 107.0
0.011965036392211914, 107.0
0.013447046279907227, 107.0
0.015017032623291016, 107.0
0.0164797306060791, 107.0
0.017940998077392578, 107.0
0.01941204071044922, 107.0
0.02087998390197754, 107.0
0.022367000579833984, 107.0
0.02383899688720703, 107.0
0.025322675704956055, 107.0
0.02678990364074707, 107.0
0.028258800506591797, 107.0
0.02972888946533203, 107.0
0.031222820281982422, 107.0
0.03269195556640625, 107.0
0.03415203094482422, 107.0
0.03561568260192871, 107.0
0.03708600997924805, 107.0
0.038562774658203125, 107.0
0.040019989013671875, 107.0
0.041491031646728516, 107.0
0.042964935302734375, 107.0
0.04442787170410156, 107.0
0.045896053314208984, 107.0
0.04735398292541504, 107.0
0.04881477355957031, 107.0
0.05028486251831055, 107.0
0.05176687240600586, 107.0
0.05324196815490723, 107.0
0.05470895767211914, 107.0
0.05617380142211914, 107.0
0.057637929916381836, 107.0
0.059098005294799805, 107.0
0.06055879592895508, 107.0
0.0620267391204834, 107.0
0.0634908676147461, 107.0
0.06496071815490723, 107.0
0.0664217472076416, 107.0
0.06790781021118164, 107.0
0.06938505172729492, 107.0
0.07085084915161133, 107.0
0.07231283187866211, 107.0
0.07377076148986816, 107.0
0.07524800300598145, 107.0
0.07671475410461426, 107.0
0.07818984985351562, 107.0
0.07965874671936035, 107.0
0.08112382888793945, 107.0
0.08258581161499023, 107.0
0.0841066837310791, 107.0
0.08557605743408203, 107.0
0.08704805374145508, 107.0
0.0885159969329834, 107.0
0.0899820327758789, 107.0
0.0914449691772461, 107.0
0.09290289878845215, 107.0
0.09436774253845215, 107.0
0.09583497047424316, 107.0
0.09731101989746094, 107.0
0.09878683090209961, 107.0
0.10026788711547852, 107.0
0.10173296928405762, 107.0
0.10319805145263672, 107.0
0.10467171669006348, 107.0
0.10613679885864258, 107.0
0.10760688781738281, 107.0
0.10907196998596191, 107.0
0.1105489730834961, 107.0
0.11202096939086914, 107.0
0.11349797248840332, 107.0
0.11496305465698242, 107.0
0.1164250373840332, 107.0
0.11789083480834961, 107.0
0.11935687065124512, 107.0
0.1208200454711914, 107.0
0.12230491638183594, 107.0
0.12376570701599121, 107.0
0.12523293495178223, 107.0
0.12668871879577637, 107.0
0.12814807891845703, 107.0
0.1296091079711914, 107.0
0.13106703758239746, 107.0
0.13252592086791992, 107.0
0.13399887084960938, 107.0
0.13547706604003906, 107.0
0.13694977760314941, 107.0
0.13841795921325684, 107.0
0.13988375663757324, 107.0
0.1413557529449463, 107.0
0.14283180236816406, 107.0
0.1443028450012207, 107.0
0.14578008651733398, 107.0
0.14727401733398438, 107.0
0.14877080917358398, 107.0
0.15024900436401367, 107.0
0.1517179012298584, 107.0
0.15319299697875977, 107.0
0.15466094017028809, 107.0
0.15613389015197754, 107.0
0.15760183334350586, 107.0
0.15907883644104004, 107.0
0.16054487228393555, 107.0
0.1620168685913086, 107.0
0.16348695755004883, 107.0
0.16496706008911133, 107.0
0.16643476486206055, 107.0
0.16790986061096191, 107.0
0.16939187049865723, 107.0
0.17085981369018555, 107.0
0.172332763671875, 107.0
0.17380380630493164, 107.0
0.17527413368225098, 107.0
0.1767418384552002, 107.0
0.1782078742980957, 107.0
0.17967486381530762, 107.0
0.18114686012268066, 107.0
0.18261384963989258, 107.0
0.18409085273742676, 107.0
0.18556690216064453, 107.0
0.18703079223632812, 107.0
0.18849396705627441, 107.0
0.1899559497833252, 107.0
0.19141793251037598, 107.0
0.1928868293762207, 107.0
0.1943519115447998, 107.0
0.19582486152648926, 107.0
0.1972959041595459, 107.0
0.198760986328125, 107.0
0.2002267837524414, 107.0
0.2016887664794922, 107.0
0.2031559944152832, 107.0
0.20462489128112793, 107.0
0.2060868740081787, 107.0
0.20755696296691895, 107.0
0.20903992652893066, 107.0
0.21056008338928223, 107.0
0.21207308769226074, 107.0
0.2136518955230713, 107.0
0.21521282196044922, 107.0
0.2167680263519287, 107.0
0.2183220386505127, 107.0
0.2198810577392578, 107.0
0.22144079208374023, 107.0
0.22299504280090332, 107.0
0.22454476356506348, 107.0
0.22609996795654297, 107.0
0.22765398025512695, 107.0
0.2292020320892334, 107.0
0.23075103759765625, 107.0
0.2322998046875, 107.0
0.23386669158935547, 107.0
0.23538804054260254, 107.0
0.23692703247070312, 107.0
0.23848676681518555, 107.0
0.2400369644165039, 107.0
0.2415938377380371, 107.0
0.24311208724975586, 107.0
0.24458670616149902, 107.0
0.24605298042297363, 107.0
0.2475299835205078, 107.0
0.24899888038635254, 107.0
0.2504589557647705, 107.0
0.2519257068634033, 107.0
0.2534048557281494, 107.0
0.25487804412841797, 107.0
0.25635385513305664, 107.0
0.25781679153442383, 107.0
0.2592899799346924, 107.0
0.26075291633605957, 107.0
0.26221799850463867, 107.0
0.26367902755737305, 107.0
0.26514387130737305, 107.0
0.2666149139404297, 107.0
0.26809000968933105, 107.0
0.2696099281311035, 107.0
0.2712249755859375, 107.0
0.27269482612609863, 107.0
0.274155855178833, 107.0
0.27562403678894043, 107.0
0.27709197998046875, 107.0
0.2785470485687256, 107.0
0.28002285957336426, 107.0
0.28154492378234863, 107.0
0.28301286697387695, 107.0
0.28447699546813965, 107.0
0.28593897819519043, 107.0
0.28740882873535156, 107.0
0.28891873359680176, 107.0
0.2904019355773926, 107.0
0.29190587997436523, 107.0
0.2933979034423828, 107.0
0.29491496086120605, 107.0
0.2964158058166504, 107.0
0.2979578971862793, 107.0
