0.0008230209350585938, 23.0
0.002178192138671875, 23.0
0.00344085693359375, 23.0
0.0046231746673583984, 23.0
0.005803108215332031, 23.0
0.0070269107818603516, 23.0
0.008226156234741211, 23.0
0.00945425033569336, 23.0
0.010699033737182617, 23.0
0.011979103088378906, 23.0
0.013215065002441406, 23.0
0.014387130737304688, 23.0
0.015561103820800781, 23.0
0.016813039779663086, 23.0
0.017997026443481445, 23.0
0.019170045852661133, 23.0
0.020336151123046875, 23.0
0.02150702476501465, 23.0
0.02267909049987793, 23.0
0.023890972137451172, 23.0
0.025094985961914062, 23.0
0.026360034942626953, 23.0
0.0275571346282959, 23.0
0.028741121292114258, 23.0
0.029919147491455078, 23.0
0.03109002113342285, 23.0
0.03226494789123535, 23.0
0.03350400924682617, 23.0
0.03469395637512207, 23.0
0.03586101531982422, 23.0
0.03705406188964844, 23.0
0.03823423385620117, 23.0
0.03940725326538086, 23.0
0.04058122634887695, 23.0
0.04175305366516113, 23.0
0.0429990291595459, 23.0
0.0441741943359375, 23.0
0.04535102844238281, 23.0
0.04653120040893555, 23.0
0.04771113395690918, 23.0
0.04889822006225586, 23.0
0.05009794235229492, 23.0
0.05127906799316406, 23.0
0.05246424674987793, 23.0
0.05364727973937988, 23.0
0.05481910705566406, 23.0
0.05599212646484375, 23.0
0.05716896057128906, 23.0
0.058355093002319336, 23.0
0.05953097343444824, 23.0
0.060720205307006836, 23.0
0.06189227104187012, 23.0
0.06306219100952148, 23.0
0.06423497200012207, 23.0
0.06540918350219727, 23.0
0.06658220291137695, 23.0
0.06778717041015625, 23.0
0.06895804405212402, 23.0
0.07012605667114258, 23.0
0.07129716873168945, 23.0
0.0724790096282959, 23.0
0.0736541748046875, 23.0
0.0748300552368164, 23.0
0.0760030746459961, 23.0
0.077178955078125, 23.0
0.07835602760314941, 23.0
0.07953119277954102, 23.0
0.08069992065429688, 23.0
0.08187222480773926, 23.0
0.08304405212402344, 23.0
0.08422994613647461, 23.0
0.08539819717407227, 23.0
0.08656811714172363, 23.0
0.08774304389953613, 23.0
0.0889129638671875, 23.0
0.0900869369506836, 23.0
0.09125900268554688, 23.0
0.09243226051330566, 23.0
0.09360313415527344, 23.0
0.09477519989013672, 23.0
0.09595608711242676, 23.0
0.09712529182434082, 23.0
0.0982961654663086, 23.0
0.09946393966674805, 23.0
0.10063409805297852, 23.0
0.1018061637878418, 23.0
0.10297608375549316, 23.0
0.10414910316467285, 23.0
0.10532808303833008, 23.0
0.10650491714477539, 23.0
0.10767912864685059, 23.0
0.10885000228881836, 23.0
0.11003804206848145, 23.0
0.11121106147766113, 23.0
0.11238622665405273, 23.0
0.1136021614074707, 23.0
0.11481022834777832, 23.0
0.11601805686950684, 23.0
0.11726021766662598, 23.0
0.11850500106811523, 23.0
0.11989521980285645, 23.0
0.1211090087890625, 23.0
0.12233710289001465, 23.0
0.12355518341064453, 23.0
0.12478327751159668, 23.0
0.126021146774292, 23.0
0.12725305557250977, 23.0
0.12845802307128906, 23.0
0.129655122756958, 23.0
0.1308591365814209, 23.0
0.13206005096435547, 23.0
0.13326120376586914, 23.0
0.13449907302856445, 23.0
0.13571786880493164, 23.0
0.136915922164917, 23.0
0.13814997673034668, 23.0
0.1393730640411377, 23.0
0.14067506790161133, 23.0
0.1419689655303955, 23.0
0.14329195022583008, 23.0
0.14450788497924805, 23.0
0.14569401741027832, 23.0
0.14688324928283691, 23.0
0.14810800552368164, 23.0
0.14928507804870605, 23.0
0.15047192573547363, 23.0
0.15164709091186523, 23.0
0.15282011032104492, 23.0
0.1539900302886963, 23.0
0.15517115592956543, 23.0
0.1563420295715332, 23.0
0.15754008293151855, 23.0
0.1587212085723877, 23.0
0.1598982810974121, 23.0
0.16108298301696777, 23.0
0.1622610092163086, 23.0
0.16343092918395996, 23.0
0.16460108757019043, 23.0
0.16576790809631348, 23.0
0.16694092750549316, 23.0
0.16812491416931152, 23.0
0.16931724548339844, 23.0
0.17049193382263184, 23.0
0.1716601848602295, 23.0
0.17282629013061523, 23.0
0.1739950180053711, 23.0
0.1751701831817627, 23.0
0.17636513710021973, 23.0
0.17754292488098145, 23.0
0.17871999740600586, 23.0
0.17989110946655273, 23.0
0.18107008934020996, 23.0
0.18224310874938965, 23.0
0.1834120750427246, 23.0
0.18457913398742676, 23.0
0.1857459545135498, 23.0
0.18691611289978027, 23.0
0.18808817863464355, 23.0
0.18926215171813965, 23.0
0.19043207168579102, 23.0
0.19160008430480957, 23.0
0.19277691841125488, 23.0
0.19394207000732422, 23.0
0.1951141357421875, 23.0
0.19628024101257324, 23.0
0.19745612144470215, 23.0
0.19862723350524902, 23.0
0.1997981071472168, 23.0
0.20096707344055176, 23.0
0.2021341323852539, 23.0
0.20330190658569336, 23.0
0.20447015762329102, 23.0
0.20563626289367676, 23.0
0.20682406425476074, 23.0
0.2080059051513672, 23.0
0.2091810703277588, 23.0
0.21034908294677734, 23.0
0.21154117584228516, 23.0
0.21274924278259277, 23.0
0.21396207809448242, 23.0
0.2151811122894287, 23.0
0.21645021438598633, 23.0
0.21762728691101074, 23.0
0.21881103515625, 23.0
0.21998810768127441, 23.0
0.2211589813232422, 23.0
0.22232699394226074, 23.0
0.2234959602355957, 23.0
0.22465991973876953, 23.0
0.22587919235229492, 23.0
0.22707796096801758, 23.0
0.2282581329345703, 23.0
0.22943425178527832, 23.0
0.2306230068206787, 23.0
0.23182010650634766, 23.0
0.2329878807067871, 23.0
0.23418307304382324, 23.0
0.23534798622131348, 23.0
0.23651409149169922, 23.0
0.23768305778503418, 23.0
0.23885488510131836, 23.0
