1.1920928955078125e-05, 35.0
1.9788742065429688e-05, 50.0
2.6941299438476562e-05, 141.0
3.2901763916015625e-05, 202.0
3.910064697265625e-05, 242.0
4.601478576660156e-05, 332.0
5.1975250244140625e-05, 395.0
5.793571472167969e-05, 472.0
6.389617919921875e-05, 550.0
9.489059448242188e-05, 618.0
0.00012612342834472656, 625.0
0.00025200843811035156, 682.0
0.0005359649658203125, 718.0
0.0016009807586669922, 736.0
0.001608133316040039, 827.0
0.0029439926147460938, 835.0
0.004542827606201172, 839.0
0.00615382194519043, 852.0
0.00834798812866211, 868.0
0.008433103561401367, 898.0
0.013993024826049805, 923.0
0.014004945755004883, 958.0
0.0625309944152832, 992.0
0.302670955657959, 994.0
0.3633310794830322, 999.0
0.3747379779815674, 1025.0
