0.0010869503021240234, 107.0
0.0027561187744140625, 107.0
0.004371166229248047, 107.0
0.0059740543365478516, 107.0
0.007621049880981445, 107.0
0.00918126106262207, 107.0
0.010670185089111328, 107.0
0.01218104362487793, 107.0
0.013682126998901367, 107.0
0.01524806022644043, 107.0
0.016733169555664062, 107.0
0.018227338790893555, 107.0
0.01971912384033203, 107.0
0.021212100982666016, 107.0
0.022705078125, 107.0
0.02420806884765625, 107.0
0.025709152221679688, 107.0
0.027208328247070312, 107.0
0.028702974319458008, 107.0
0.030192136764526367, 107.0
0.0317072868347168, 107.0
0.03319907188415527, 107.0
0.03469705581665039, 107.0
0.03619098663330078, 107.0
0.03769707679748535, 107.0
0.03919100761413574, 107.0
0.040731191635131836, 107.0
0.04228520393371582, 107.0
0.0437922477722168, 107.0
0.04529094696044922, 107.0
0.04678606986999512, 107.0
0.0483250617980957, 107.0
0.04982709884643555, 107.0
0.051316022872924805, 107.0
0.05281519889831543, 107.0
0.05431818962097168, 107.0
0.05583524703979492, 107.0
0.05734705924987793, 107.0
0.058840036392211914, 107.0
0.060331106185913086, 107.0
0.06183123588562012, 107.0
0.06333613395690918, 107.0
0.06487822532653809, 107.0
0.06637310981750488, 107.0
0.06788301467895508, 107.0
0.06938815116882324, 107.0
0.07088613510131836, 107.0
0.07238507270812988, 107.0
0.07392406463623047, 107.0
0.07542824745178223, 107.0
0.07692813873291016, 107.0
0.07842111587524414, 107.0
0.07992005348205566, 107.0
0.08145928382873535, 107.0
0.08296608924865723, 107.0
0.0844571590423584, 107.0
0.08594727516174316, 107.0
0.08746123313903809, 107.0
0.08897209167480469, 107.0
0.09052109718322754, 107.0
0.09208130836486816, 107.0
0.09361004829406738, 107.0
0.09510517120361328, 107.0
0.09659695625305176, 107.0
0.0981302261352539, 107.0
0.0996241569519043, 107.0
0.10113000869750977, 107.0
0.10262918472290039, 107.0
0.10412216186523438, 107.0
0.10561728477478027, 107.0
0.10714507102966309, 107.0
0.10863900184631348, 107.0
0.11013507843017578, 107.0
0.11162805557250977, 107.0
0.1131429672241211, 107.0
0.11467528343200684, 107.0
0.1161661148071289, 107.0
0.11765503883361816, 107.0
0.11916112899780273, 107.0
0.12065720558166504, 107.0
0.12214803695678711, 107.0
0.1236882209777832, 107.0
0.12519311904907227, 107.0
0.12668418884277344, 107.0
0.12817001342773438, 107.0
0.12966394424438477, 107.0
0.13118720054626465, 107.0
0.13270235061645508, 107.0
0.13423824310302734, 107.0
0.13576817512512207, 107.0
0.13731026649475098, 107.0
0.1388380527496338, 107.0
0.1403980255126953, 107.0
0.14189410209655762, 107.0
0.14338922500610352, 107.0
0.14493513107299805, 107.0
0.14642715454101562, 107.0
0.14798212051391602, 107.0
0.14947819709777832, 107.0
0.1509702205657959, 107.0
0.15246891975402832, 107.0
0.15400123596191406, 107.0
0.15552425384521484, 107.0
0.15708613395690918, 107.0
0.15862226486206055, 107.0
0.16013693809509277, 107.0
0.161668062210083, 107.0
0.163161039352417, 107.0
0.16472411155700684, 107.0
0.1662311553955078, 107.0
0.16772723197937012, 107.0
0.16929197311401367, 107.0
0.17082905769348145, 107.0
0.17233610153198242, 107.0
0.17390108108520508, 107.0
0.1754140853881836, 107.0
0.17694997787475586, 107.0
0.17844295501708984, 107.0
0.17993712425231934, 107.0
0.18142914772033691, 107.0
0.18301105499267578, 107.0
0.1845262050628662, 107.0
0.18606019020080566, 107.0
0.18761491775512695, 107.0
0.1891481876373291, 107.0
0.19066715240478516, 107.0
0.19217205047607422, 107.0
0.19367289543151855, 107.0
0.19519519805908203, 107.0
0.19678735733032227, 107.0
0.19833803176879883, 107.0
0.1999061107635498, 107.0
0.20143890380859375, 107.0
0.20296216011047363, 107.0
0.2045302391052246, 107.0
0.20609211921691895, 107.0
0.2076432704925537, 107.0
0.20918607711791992, 107.0
0.21074318885803223, 107.0
0.21230316162109375, 107.0
0.21386313438415527, 107.0
0.21541118621826172, 107.0
0.21696996688842773, 107.0
0.21854019165039062, 107.0
0.2200942039489746, 107.0
0.22164201736450195, 107.0
0.22323107719421387, 107.0
0.22481107711791992, 107.0
0.2263631820678711, 107.0
0.2279200553894043, 107.0
0.2294771671295166, 107.0
0.23102807998657227, 107.0
0.2325890064239502, 107.0
0.23414921760559082, 107.0
0.2357330322265625, 107.0
0.2373042106628418, 107.0
0.23886799812316895, 107.0
0.24042534828186035, 107.0
0.2419121265411377, 107.0
0.24346113204956055, 107.0
0.24505019187927246, 107.0
0.24665498733520508, 107.0
0.24824023246765137, 107.0
0.24979710578918457, 107.0
0.25134730339050293, 107.0
0.25289106369018555, 107.0
0.2544519901275635, 107.0
0.2559952735900879, 107.0
0.25754332542419434, 107.0
0.2590920925140381, 107.0
0.26064205169677734, 107.0
0.2622101306915283, 107.0
0.2637612819671631, 107.0
0.26528310775756836, 107.0
0.26679325103759766, 107.0
0.26833105087280273, 107.0
0.2698841094970703, 107.0
0.2714040279388428, 107.0
0.27290797233581543, 107.0
0.2744901180267334, 107.0
0.27603912353515625, 107.0
0.27754807472229004, 107.0
0.2790839672088623, 107.0
0.2805922031402588, 107.0
0.2821202278137207, 107.0
0.2836310863494873, 107.0
0.2851712703704834, 107.0
0.28665709495544434, 107.0
0.2881650924682617, 107.0
0.28970909118652344, 107.0
0.2912631034851074, 107.0
0.2927663326263428, 107.0
0.29427194595336914, 107.0
0.2957780361175537, 107.0
0.29729318618774414, 107.0
0.29882311820983887, 107.0
0.30031609535217285, 107.0
0.30181312561035156, 107.0
0.3032979965209961, 107.0
0.3047909736633301, 107.0
0.3062920570373535, 107.0
