0.0007672309875488281, 23.0
0.0021321773529052734, 23.0
0.0033693313598632812, 23.0
0.004622220993041992, 23.0
0.005855083465576172, 23.0
0.0071070194244384766, 23.0
0.008348226547241211, 23.0
0.009591102600097656, 23.0
0.010935068130493164, 23.0
0.012201309204101562, 23.0
0.013531208038330078, 23.0
0.014898300170898438, 23.0
0.01616525650024414, 23.0
0.017393112182617188, 23.0
0.018642187118530273, 23.0
0.01997995376586914, 23.0
0.021190166473388672, 23.0
0.022425174713134766, 23.0
0.02365422248840332, 23.0
0.024863004684448242, 23.0
0.02607107162475586, 23.0
0.0272979736328125, 23.0
0.02851104736328125, 23.0
0.029719114303588867, 23.0
0.030941247940063477, 23.0
0.0321803092956543, 23.0
0.03340625762939453, 23.0
0.03463602066040039, 23.0
0.03583812713623047, 23.0
0.037058115005493164, 23.0
0.038305044174194336, 23.0
0.039504051208496094, 23.0
0.04071402549743652, 23.0
0.041924238204956055, 23.0
0.04312705993652344, 23.0
0.044338226318359375, 23.0
0.045545339584350586, 23.0
0.04677224159240723, 23.0
0.0479731559753418, 23.0
0.04918408393859863, 23.0
0.050385236740112305, 23.0
0.05158710479736328, 23.0
0.05282926559448242, 23.0
0.05402803421020508, 23.0
0.055228233337402344, 23.0
0.05643320083618164, 23.0
0.057630300521850586, 23.0
0.05885910987854004, 23.0
0.06006026268005371, 23.0
0.061280012130737305, 23.0
0.06249594688415527, 23.0
0.06369924545288086, 23.0
0.0649111270904541, 23.0
0.06615114212036133, 23.0
0.06735014915466309, 23.0
0.06854915618896484, 23.0
0.0697641372680664, 23.0
0.07096433639526367, 23.0
0.07216405868530273, 23.0
0.07336902618408203, 23.0
0.07457113265991211, 23.0
0.0757753849029541, 23.0
0.07697820663452148, 23.0
0.07818007469177246, 23.0
0.07938814163208008, 23.0
0.0806431770324707, 23.0
0.08186602592468262, 23.0
0.0830693244934082, 23.0
0.08427119255065918, 23.0
0.08548212051391602, 23.0
0.08669018745422363, 23.0
0.08790016174316406, 23.0
0.08911013603210449, 23.0
0.09033322334289551, 23.0
0.09154725074768066, 23.0
0.0928041934967041, 23.0
0.0940241813659668, 23.0
0.09522724151611328, 23.0
0.09642601013183594, 23.0
0.09763813018798828, 23.0
0.09885811805725098, 23.0
0.10008907318115234, 23.0
0.10134124755859375, 23.0
0.10256004333496094, 23.0
0.10380911827087402, 23.0
0.10501503944396973, 23.0
0.10622715950012207, 23.0
0.10742712020874023, 23.0
0.10863208770751953, 23.0
0.1099100112915039, 23.0
0.11118507385253906, 23.0
0.11239027976989746, 23.0
0.11359214782714844, 23.0
0.11479711532592773, 23.0
0.11603021621704102, 23.0
0.11723637580871582, 23.0
0.11844706535339355, 23.0
0.1196589469909668, 23.0
0.12088608741760254, 23.0
0.12212514877319336, 23.0
0.12334418296813965, 23.0
0.12454915046691895, 23.0
0.12576627731323242, 23.0
0.12699103355407715, 23.0
0.12819194793701172, 23.0
0.1294112205505371, 23.0
0.13062024116516113, 23.0
0.1318211555480957, 23.0
0.13303923606872559, 23.0
0.13425207138061523, 23.0
0.13547635078430176, 23.0
0.13668417930603027, 23.0
0.13788533210754395, 23.0
0.13908910751342773, 23.0
0.14029407501220703, 23.0
0.1415102481842041, 23.0
0.14271306991577148, 23.0
0.14391231536865234, 23.0
0.1451120376586914, 23.0
0.14631319046020508, 23.0
0.14751625061035156, 23.0
0.14871716499328613, 23.0
0.1499309539794922, 23.0
0.1511390209197998, 23.0
0.1523582935333252, 23.0
0.1535789966583252, 23.0
0.1547861099243164, 23.0
0.15599322319030762, 23.0
0.1571950912475586, 23.0
0.15839815139770508, 23.0
0.15959811210632324, 23.0
0.1608140468597412, 23.0
0.16200804710388184, 23.0
0.1632082462310791, 23.0
0.16441011428833008, 23.0
0.1656172275543213, 23.0
0.16683125495910645, 23.0
0.16803312301635742, 23.0
0.1692342758178711, 23.0
0.1704421043395996, 23.0
0.1716451644897461, 23.0
0.1728501319885254, 23.0
0.1740579605102539, 23.0
0.17525601387023926, 23.0
0.17645907402038574, 23.0
0.1776740550994873, 23.0
0.17893600463867188, 23.0
0.18013620376586914, 23.0
0.1813361644744873, 23.0
0.18253326416015625, 23.0
0.1837301254272461, 23.0
0.1849372386932373, 23.0
0.18613600730895996, 23.0
0.1873311996459961, 23.0
0.18852925300598145, 23.0
0.18973422050476074, 23.0
0.19094610214233398, 23.0
0.19214630126953125, 23.0
0.1933460235595703, 23.0
0.1945490837097168, 23.0
0.19574618339538574, 23.0
0.19694733619689941, 23.0
0.19814610481262207, 23.0
0.19935917854309082, 23.0
0.20056414604187012, 23.0
0.20176410675048828, 23.0
0.20296430587768555, 23.0
0.20416522026062012, 23.0
0.20536112785339355, 23.0
0.20655608177185059, 23.0
0.2077500820159912, 23.0
0.20895814895629883, 23.0
0.2101590633392334, 23.0
0.21135711669921875, 23.0
0.21258115768432617, 23.0
0.2138359546661377, 23.0
0.2151021957397461, 23.0
0.2163381576538086, 23.0
0.21760106086730957, 23.0
0.21881699562072754, 23.0
0.2200162410736084, 23.0
0.22121596336364746, 23.0
0.2224280834197998, 23.0
0.22362709045410156, 23.0
0.22482728958129883, 23.0
0.22602605819702148, 23.0
0.22723102569580078, 23.0
0.2284412384033203, 23.0
0.2296440601348877, 23.0
0.23085808753967285, 23.0
0.23206233978271484, 23.0
0.23327302932739258, 23.0
0.2344832420349121, 23.0
0.23570823669433594, 23.0
0.23693633079528809, 23.0
0.2381749153137207, 23.0
0.23940300941467285, 23.0
0.24062323570251465, 23.0
0.24182415008544922, 23.0
0.2430713176727295, 23.0
0.24429631233215332, 23.0
