0.002002239227294922, 411.664174
0.004737138748168945, 411.664174
0.0074863433837890625, 429.282509
0.010173320770263672, 450.669881
0.01302027702331543, 481.069368
0.01579117774963379, 481.069368
0.018561124801635742, 481.069368
0.021363258361816406, 481.069368
0.024168968200683594, 481.069368
0.02696394920349121, 481.069368
0.029760122299194336, 481.069368
0.03258228302001953, 481.069368
0.03542137145996094, 481.069368
0.03825211524963379, 481.069368
0.04111838340759277, 481.069368
0.04393720626831055, 481.069368
0.04674935340881348, 481.069368
0.0494389533996582, 481.069368
0.052120208740234375, 481.069368
0.05484414100646973, 481.069368
0.05764913558959961, 481.069368
0.06033730506896973, 481.069368
0.06308507919311523, 481.069368
0.0657651424407959, 481.069368
0.06844806671142578, 481.069368
0.07117319107055664, 481.069368
0.07394218444824219, 481.069368
0.07662105560302734, 481.069368
0.07936310768127441, 481.069368
0.08205127716064453, 481.069368
0.0847160816192627, 481.069368
0.0874021053314209, 481.069368
0.09015607833862305, 481.069368
0.09283113479614258, 481.069368
0.09558296203613281, 481.069368
0.09827828407287598, 481.069368
0.10096430778503418, 481.069368
0.1036522388458252, 481.069368
0.10638809204101562, 481.069368
0.10906434059143066, 481.069368
0.11176228523254395, 481.069368
0.11447024345397949, 481.069368
0.11716508865356445, 481.069368
0.11984515190124512, 481.069368
0.12256717681884766, 481.069368
0.12524127960205078, 481.069368
0.12793231010437012, 481.069368
0.13070321083068848, 481.069368
0.1336381435394287, 481.069368
0.13645720481872559, 481.069368
0.13920211791992188, 481.069368
0.14196133613586426, 481.069368
0.14472222328186035, 481.069368
0.14746618270874023, 481.069368
0.15027523040771484, 481.069368
0.15304327011108398, 481.069368
0.15580534934997559, 481.069368
0.15855836868286133, 481.069368
0.16129326820373535, 481.069368
0.16407132148742676, 481.069368
0.1668701171875, 481.069368
0.16967034339904785, 481.069368
0.17242026329040527, 481.069368
0.17510414123535156, 481.069368
0.17783021926879883, 481.069368
0.18058133125305176, 481.069368
0.18327617645263672, 481.069368
0.18595027923583984, 481.069368
0.1887040138244629, 481.069368
0.19141125679016113, 481.069368
0.19410419464111328, 481.069368
0.19689607620239258, 481.069368
0.1995840072631836, 481.069368
0.20227313041687012, 481.069368
0.2050020694732666, 481.069368
0.20778226852416992, 481.069368
0.21048712730407715, 481.069368
0.21328115463256836, 481.069368
0.21596527099609375, 481.069368
0.21865224838256836, 481.069368
0.22141528129577637, 481.069368
0.22411108016967773, 481.069368
0.22678709030151367, 481.069368
0.22951221466064453, 481.069368
0.23224496841430664, 481.069368
0.23493027687072754, 481.069368
0.2376723289489746, 481.069368
0.24034714698791504, 481.069368
0.24302124977111816, 481.069368
0.24573326110839844, 481.069368
0.24840497970581055, 481.069368
0.251096248626709, 481.069368
0.2537710666656494, 481.069368
0.25645899772644043, 481.069368
0.2591421604156494, 481.069368
0.26184916496276855, 481.069368
0.2645401954650879, 481.069368
0.2672231197357178, 481.069368
0.2699153423309326, 481.069368
0.272611141204834, 481.069368
0.2753002643585205, 481.069368
0.27799129486083984, 481.069368
0.2806992530822754, 481.069368
0.2833831310272217, 481.069368
0.2860872745513916, 481.069368
0.2887711524963379, 481.069368
0.29169511795043945, 481.069368
0.29443812370300293, 481.069368
0.29718828201293945, 481.069368
0.2999444007873535, 481.069368
0.3026702404022217, 481.069368
0.30539822578430176, 481.069368
0.30815625190734863, 481.069368
0.3109292984008789, 481.069368
0.31375718116760254, 481.069368
0.31659698486328125, 481.069368
0.31949424743652344, 481.069368
0.32224416732788086, 481.069368
0.324979305267334, 481.069368
0.32770419120788574, 481.069368
0.3304309844970703, 481.069368
0.3331770896911621, 481.069368
0.33592724800109863, 481.069368
0.3386502265930176, 481.069368
0.34138011932373047, 481.069368
0.344102144241333, 481.069368
0.3468360900878906, 481.069368
0.3495502471923828, 481.069368
0.35226917266845703, 481.069368
0.354992151260376, 481.069368
0.3577263355255127, 481.069368
0.3604574203491211, 481.069368
0.3631763458251953, 481.069368
0.3659241199493408, 481.069368
0.36865925788879395, 481.069368
0.3713963031768799, 481.069368
0.37412524223327637, 481.069368
0.37685132026672363, 481.069368
0.37960338592529297, 481.069368
0.3823423385620117, 481.069368
0.3850560188293457, 481.069368
0.38778114318847656, 481.069368
0.3905043601989746, 481.069368
0.3932511806488037, 481.069368
0.3959779739379883, 481.069368
0.398693323135376, 481.069368
0.4014122486114502, 481.069368
0.40419936180114746, 481.069368
0.4069352149963379, 481.069368
0.40965914726257324, 481.069368
0.41237616539001465, 481.069368
0.41509509086608887, 481.069368
0.41782307624816895, 481.069368
0.4205770492553711, 481.069368
0.4233081340789795, 481.069368
0.4260711669921875, 481.069368
0.4287891387939453, 481.069368
0.43152427673339844, 481.069368
0.43424415588378906, 481.069368
0.4369621276855469, 481.069368
0.43967413902282715, 481.069368
0.4424402713775635, 481.069368
0.4451792240142822, 481.069368
0.4478950500488281, 481.069368
0.4506230354309082, 481.069368
0.453350305557251, 481.069368
0.4560832977294922, 481.069368
0.45881223678588867, 481.069368
0.4615333080291748, 481.069368
0.46425318717956543, 481.069368
0.46698498725891113, 481.069368
0.46969127655029297, 481.069368
0.4723961353302002, 481.069368
0.4751131534576416, 481.069368
0.47782421112060547, 481.069368
0.48059916496276855, 481.069368
0.4833381175994873, 481.069368
0.48606324195861816, 481.069368
0.48877811431884766, 481.069368
0.49153733253479004, 481.069368
0.49425625801086426, 481.069368
0.4969761371612549, 481.069368
0.4996910095214844, 481.069368
0.5024161338806152, 481.069368
0.5051450729370117, 481.069368
0.507871150970459, 481.069368
0.5105893611907959, 481.069368
0.5133073329925537, 481.069368
0.5160272121429443, 481.069368
0.5187361240386963, 481.069368
0.5214509963989258, 481.069368
0.5241563320159912, 481.069368
0.5268642902374268, 481.069368
0.5295863151550293, 481.069368
0.5322933197021484, 481.069368
0.5350062847137451, 481.069368
0.5377252101898193, 481.069368
0.5404469966888428, 481.069368
0.5431561470031738, 481.069368
0.5458660125732422, 481.069368
0.5486001968383789, 481.069368
