0.0007560253143310547, 35.0
0.0020568370819091797, 35.0
0.003304004669189453, 35.0
0.004591941833496094, 35.0
0.0059337615966796875, 35.0
0.00723576545715332, 35.0
0.008505821228027344, 35.0
0.009770631790161133, 35.0
0.011036872863769531, 35.0
0.012332677841186523, 35.0
0.013593912124633789, 35.0
0.014866828918457031, 35.0
0.016225814819335938, 35.0
0.017517805099487305, 35.0
0.018785715103149414, 35.0
0.020051956176757812, 35.0
0.0213167667388916, 35.0
0.022595882415771484, 35.0
0.023892879486083984, 35.0
0.025172948837280273, 35.0
0.02643585205078125, 35.0
0.027715682983398438, 35.0
0.0289919376373291, 35.0
0.03031182289123535, 35.0
0.03157687187194824, 35.0
0.032861948013305664, 35.0
0.03412365913391113, 35.0
0.03538370132446289, 35.0
0.03664994239807129, 35.0
0.03791689872741699, 35.0
0.03919267654418945, 35.0
0.040459632873535156, 35.0
0.04172396659851074, 35.0
0.04298090934753418, 35.0
0.04424786567687988, 35.0
0.04551386833190918, 35.0
0.04677772521972656, 35.0
0.04803895950317383, 35.0
0.04930996894836426, 35.0
0.05057382583618164, 35.0
0.05185270309448242, 35.0
0.053114891052246094, 35.0
0.05437803268432617, 35.0
0.05564594268798828, 35.0
0.05691075325012207, 35.0
0.05817675590515137, 35.0
0.059436798095703125, 35.0
0.06070089340209961, 35.0
0.061972856521606445, 35.0
0.06323885917663574, 35.0
0.06450366973876953, 35.0
0.06578373908996582, 35.0
0.0670478343963623, 35.0
0.0683279037475586, 35.0
0.06959390640258789, 35.0
0.07085490226745605, 35.0
0.07211494445800781, 35.0
0.0733797550201416, 35.0
0.07464075088500977, 35.0
0.07590675354003906, 35.0
0.07718181610107422, 35.0
0.0784609317779541, 35.0
0.07973361015319824, 35.0
0.08103394508361816, 35.0
0.08229470252990723, 35.0
0.08355283737182617, 35.0
0.08481574058532715, 35.0
0.08608388900756836, 35.0
0.08734583854675293, 35.0
0.08862781524658203, 35.0
0.08988690376281738, 35.0
0.09115076065063477, 35.0
0.09241676330566406, 35.0
0.09367990493774414, 35.0
0.09494185447692871, 35.0
0.09621286392211914, 35.0
0.09747672080993652, 35.0
0.09877467155456543, 35.0
0.10006570816040039, 35.0
0.10132980346679688, 35.0
0.10259103775024414, 35.0
0.10385370254516602, 35.0
0.10511279106140137, 35.0
0.10638070106506348, 35.0
0.10764479637145996, 35.0
0.1089169979095459, 35.0
0.11018180847167969, 35.0
0.11144685745239258, 35.0
0.11271786689758301, 35.0
0.11397790908813477, 35.0
0.11523675918579102, 35.0
0.1164999008178711, 35.0
0.11776065826416016, 35.0
0.1190328598022461, 35.0
0.12029695510864258, 35.0
0.12155866622924805, 35.0
0.12282490730285645, 35.0
0.12409591674804688, 35.0
0.12535572052001953, 35.0
0.12661290168762207, 35.0
0.12787485122680664, 35.0
0.12913894653320312, 35.0
0.1303997039794922, 35.0
0.13165497779846191, 35.0
0.1329188346862793, 35.0
0.1341876983642578, 35.0
0.13544988632202148, 35.0
0.13671875, 35.0
0.1379988193511963, 35.0
0.1392676830291748, 35.0
0.14052772521972656, 35.0
0.14179158210754395, 35.0
0.14305472373962402, 35.0
0.1443169116973877, 35.0
0.14564895629882812, 35.0
0.14691162109375, 35.0
0.1481788158416748, 35.0
0.1494448184967041, 35.0
0.15071797370910645, 35.0
0.15201163291931152, 35.0
0.15334677696228027, 35.0
0.15467500686645508, 35.0
0.15595769882202148, 35.0
0.15722966194152832, 35.0
0.15849971771240234, 35.0
0.15976190567016602, 35.0
0.16102981567382812, 35.0
0.16230392456054688, 35.0
0.16357088088989258, 35.0
0.1648409366607666, 35.0
0.16611981391906738, 35.0
0.167388916015625, 35.0
0.16865277290344238, 35.0
0.16991901397705078, 35.0
0.17118072509765625, 35.0
0.17245078086853027, 35.0
0.17373085021972656, 35.0
0.17499876022338867, 35.0
0.17626667022705078, 35.0
0.17753386497497559, 35.0
0.17880582809448242, 35.0
0.18007469177246094, 35.0
0.18134284019470215, 35.0
0.1826026439666748, 35.0
0.1838679313659668, 35.0
0.18512582778930664, 35.0
0.1863996982574463, 35.0
0.18767070770263672, 35.0
0.18894481658935547, 35.0
0.19021081924438477, 35.0
0.19147396087646484, 35.0
0.19273781776428223, 35.0
0.19400286674499512, 35.0
0.1952676773071289, 35.0
0.1965336799621582, 35.0
0.19780778884887695, 35.0
0.19908571243286133, 35.0
0.20035672187805176, 35.0
0.20162582397460938, 35.0
0.20288586616516113, 35.0
0.20418572425842285, 35.0
0.20553183555603027, 35.0
0.20685982704162598, 35.0
0.20813679695129395, 35.0
0.20941495895385742, 35.0
0.21068072319030762, 35.0
0.21194195747375488, 35.0
0.21320581436157227, 35.0
0.21447086334228516, 35.0
0.21579289436340332, 35.0
0.2171037197113037, 35.0
0.21838688850402832, 35.0
0.21964788436889648, 35.0
0.22093582153320312, 35.0
0.22219395637512207, 35.0
0.22350287437438965, 35.0
0.22482585906982422, 35.0
0.22609162330627441, 35.0
0.2273547649383545, 35.0
0.22862577438354492, 35.0
0.22988486289978027, 35.0
0.23117876052856445, 35.0
0.23249483108520508, 35.0
0.23376679420471191, 35.0
0.2350296974182129, 35.0
0.2362959384918213, 35.0
0.2375638484954834, 35.0
0.2388286590576172, 35.0
0.24013686180114746, 35.0
0.24140286445617676, 35.0
0.24267983436584473, 35.0
0.2439439296722412, 35.0
0.24520301818847656, 35.0
0.24646282196044922, 35.0
0.24773192405700684, 35.0
0.24905180931091309, 35.0
0.2503178119659424, 35.0
0.2515757083892822, 35.0
0.2528347969055176, 35.0
0.2540926933288574, 35.0
0.2553598880767822, 35.0
