0.001361846923828125, 295.0
0.003337860107421875, 295.0
0.005275726318359375, 295.0
0.007266044616699219, 295.0
0.009147167205810547, 295.0
0.011070966720581055, 295.0
0.012984991073608398, 295.0
0.01499485969543457, 295.0
0.01695990562438965, 295.0
0.018942832946777344, 295.0
0.020923137664794922, 295.0
0.02302098274230957, 295.0
0.025065898895263672, 295.0
0.02706289291381836, 295.0
0.029102087020874023, 295.0
0.03116583824157715, 295.0
0.03316807746887207, 295.0
0.035199880599975586, 295.0
0.037194013595581055, 295.0
0.03921675682067871, 295.0
0.04124093055725098, 295.0
0.043254852294921875, 295.0
0.045295000076293945, 295.0
0.04733681678771973, 295.0
0.049350738525390625, 295.0
0.05137300491333008, 295.0
0.053369998931884766, 295.0
0.05543398857116699, 295.0
0.057409048080444336, 295.0
0.05942487716674805, 295.0
0.061450958251953125, 295.0
0.06347894668579102, 295.0
0.0654909610748291, 295.0
0.0675208568572998, 295.0
0.06950592994689941, 295.0
0.07156705856323242, 295.0
0.0735769271850586, 295.0
0.07559084892272949, 295.0
0.07761693000793457, 295.0
0.07961392402648926, 295.0
0.08162593841552734, 295.0
0.08363795280456543, 295.0
0.08562493324279785, 295.0
0.08764195442199707, 295.0
0.0896768569946289, 295.0
0.09169602394104004, 295.0
0.09368491172790527, 295.0
0.09569978713989258, 295.0
0.09771394729614258, 295.0
0.09973287582397461, 295.0
0.10172581672668457, 295.0
0.10372710227966309, 295.0
0.10572385787963867, 295.0
0.10773873329162598, 295.0
0.10972213745117188, 295.0
0.11173295974731445, 295.0
0.11374902725219727, 295.0
0.1157538890838623, 295.0
0.11776995658874512, 295.0
0.11975383758544922, 295.0
0.12178301811218262, 295.0
0.12378287315368652, 295.0
0.12579703330993652, 295.0
0.12775087356567383, 295.0
0.12976574897766113, 295.0
0.13176894187927246, 295.0
0.1337897777557373, 295.0
0.1358039379119873, 295.0
0.13779497146606445, 295.0
0.1398458480834961, 295.0
0.1418590545654297, 295.0
0.143845796585083, 295.0
0.1458721160888672, 295.0
0.14787769317626953, 295.0
0.14989995956420898, 295.0
0.15192294120788574, 295.0
0.15391778945922852, 295.0
0.15595483779907227, 295.0
0.1579728126525879, 295.0
0.15999507904052734, 295.0
0.16199994087219238, 295.0
0.164031982421875, 295.0
0.1660630702972412, 295.0
0.16809487342834473, 295.0
0.1701040267944336, 295.0
0.17209696769714355, 295.0
0.1741938591003418, 295.0
0.17621302604675293, 295.0
0.1782538890838623, 295.0
0.1802659034729004, 295.0
0.18230175971984863, 295.0
0.1843278408050537, 295.0
0.1863269805908203, 295.0
0.18834996223449707, 295.0
0.1903679370880127, 295.0
0.19238972663879395, 295.0
0.1943809986114502, 295.0
0.1964268684387207, 295.0
0.19841599464416504, 295.0
0.2004079818725586, 295.0
0.2024240493774414, 295.0
0.20441794395446777, 295.0
0.2064807415008545, 295.0
0.20855498313903809, 295.0
0.21054887771606445, 295.0
0.21256589889526367, 295.0
0.2145977020263672, 295.0
0.216688871383667, 295.0
0.21869492530822754, 295.0
0.22073602676391602, 295.0
0.22288084030151367, 295.0
0.2249619960784912, 295.0
0.2269909381866455, 295.0
0.22901701927185059, 295.0
0.2310488224029541, 295.0
0.23307275772094727, 295.0
0.2350938320159912, 295.0
0.23709583282470703, 295.0
0.23914480209350586, 295.0
0.24113678932189941, 295.0
0.2432098388671875, 295.0
0.2452709674835205, 295.0
0.24730992317199707, 295.0
0.24948596954345703, 295.0
0.2515718936920166, 295.0
0.2536277770996094, 295.0
0.25565099716186523, 295.0
0.25768494606018066, 295.0
0.25977182388305664, 295.0
0.2618248462677002, 295.0
0.2638518810272217, 295.0
0.26587891578674316, 295.0
0.2679128646850586, 295.0
0.2699718475341797, 295.0
0.2720150947570801, 295.0
0.2741079330444336, 295.0
0.2761657238006592, 295.0
0.27823686599731445, 295.0
0.28032684326171875, 295.0
0.28243184089660645, 295.0
0.28446102142333984, 295.0
0.28647494316101074, 295.0
0.2885279655456543, 295.0
0.2905600070953369, 295.0
0.2925848960876465, 295.0
0.29462385177612305, 295.0
0.29661989212036133, 295.0
0.2987098693847656, 295.0
0.30072689056396484, 295.0
0.3027498722076416, 295.0
0.30474185943603516, 295.0
0.3067638874053955, 295.0
0.3087890148162842, 295.0
0.31081295013427734, 295.0
0.31281304359436035, 295.0
0.31484270095825195, 295.0
0.31693315505981445, 295.0
0.3189539909362793, 295.0
0.32097792625427246, 295.0
0.32297277450561523, 295.0
0.32498717308044434, 295.0
0.3269999027252197, 295.0
0.32903599739074707, 295.0
0.33102893829345703, 295.0
0.3330709934234619, 295.0
0.33508801460266113, 295.0
0.337083101272583, 295.0
0.33911895751953125, 295.0
0.34113407135009766, 295.0
0.3431527614593506, 295.0
0.3451108932495117, 295.0
0.3471348285675049, 295.0
0.34915995597839355, 295.0
0.3511788845062256, 295.0
0.3531320095062256, 295.0
0.3551449775695801, 295.0
0.35716891288757324, 295.0
0.35915374755859375, 295.0
0.36116981506347656, 295.0
0.3631737232208252, 295.0
0.36516809463500977, 295.0
0.367250919342041, 295.0
0.36939287185668945, 295.0
0.3714768886566162, 295.0
0.3735778331756592, 295.0
0.3755948543548584, 295.0
0.37764811515808105, 295.0
0.3797297477722168, 295.0
0.3818190097808838, 295.0
0.38392186164855957, 295.0
0.38613200187683105, 295.0
0.3883781433105469, 295.0
0.390516996383667, 295.0
0.3925440311431885, 295.0
0.39453577995300293, 295.0
0.39655184745788574, 295.0
0.3985750675201416, 295.0
0.4005711078643799, 295.0
0.4026007652282715, 295.0
0.4045889377593994, 295.0
0.40661191940307617, 295.0
