0.00269317626953125, 872.0
0.006272077560424805, 935.0
0.009890079498291016, 1014.0
0.013612985610961914, 1025.0
0.017261981964111328, 1025.0
0.020927906036376953, 1025.0
0.024685144424438477, 1025.0
0.02842402458190918, 1025.0
0.03217315673828125, 1025.0
0.03593015670776367, 1025.0
0.039695024490356445, 1025.0
0.04344916343688965, 1025.0
0.04723000526428223, 1025.0
0.05099606513977051, 1025.0
0.05476498603820801, 1025.0
0.058541059494018555, 1025.0
0.062304019927978516, 1025.0
0.06607699394226074, 1025.0
0.06985116004943848, 1025.0
0.07361602783203125, 1025.0
0.07737612724304199, 1025.0
0.08113503456115723, 1025.0
0.08490705490112305, 1025.0
0.08868718147277832, 1025.0
0.09246206283569336, 1025.0
0.09627389907836914, 1025.0
0.10003805160522461, 1025.0
0.1039421558380127, 1025.0
0.10772919654846191, 1025.0
0.11148810386657715, 1025.0
0.11527299880981445, 1025.0
0.11916899681091309, 1025.0
0.12296700477600098, 1025.0
0.1267390251159668, 1025.0
0.13052105903625488, 1025.0
0.13428997993469238, 1025.0
0.13808727264404297, 1025.0
0.14185595512390137, 1025.0
0.1456141471862793, 1025.0
0.14937901496887207, 1025.0
0.15314722061157227, 1025.0
0.15691018104553223, 1025.0
0.16066193580627441, 1025.0
0.16449308395385742, 1025.0
0.16828322410583496, 1025.0
0.17206811904907227, 1025.0
0.17586088180541992, 1025.0
0.17963695526123047, 1025.0
0.18339824676513672, 1025.0
0.18718409538269043, 1025.0
0.19095396995544434, 1025.0
0.19471311569213867, 1025.0
0.19849491119384766, 1025.0
0.20226192474365234, 1025.0
0.20607423782348633, 1025.0
0.20991802215576172, 1025.0
0.2137620449066162, 1025.0
0.21761608123779297, 1025.0
0.22145605087280273, 1025.0
0.22522711753845215, 1025.0
0.22903919219970703, 1025.0
0.23282408714294434, 1025.0
0.23659586906433105, 1025.0
0.24064302444458008, 1025.0
0.24463319778442383, 1025.0
0.24860596656799316, 1025.0
0.2525510787963867, 1025.0
0.25650620460510254, 1025.0
0.2604689598083496, 1025.0
0.264415979385376, 1025.0
0.2683682441711426, 1025.0
0.2723240852355957, 1025.0
0.2762880325317383, 1025.0
0.28026604652404785, 1025.0
0.28415989875793457, 1025.0
0.2879931926727295, 1025.0
0.2918078899383545, 1025.0
0.2956552505493164, 1025.0
0.29947805404663086, 1025.0
0.3033299446105957, 1025.0
0.30726194381713867, 1025.0
0.31121206283569336, 1025.0
0.31516313552856445, 1025.0
0.31919312477111816, 1025.0
0.3231480121612549, 1025.0
0.32709598541259766, 1025.0
0.33105993270874023, 1025.0
0.33501100540161133, 1025.0
0.33896899223327637, 1025.0
0.3429281711578369, 1025.0
0.3468899726867676, 1025.0
0.3508012294769287, 1025.0
0.35474395751953125, 1025.0
0.3585209846496582, 1025.0
0.3622410297393799, 1025.0
0.36595702171325684, 1025.0
0.3696770668029785, 1025.0
0.3734431266784668, 1025.0
0.377155065536499, 1025.0
0.38086915016174316, 1025.0
0.38476014137268066, 1025.0
0.3885481357574463, 1025.0
0.3922770023345947, 1025.0
0.39605093002319336, 1025.0
0.3997519016265869, 1025.0
0.4034428596496582, 1025.0
0.4071841239929199, 1025.0
0.4108901023864746, 1025.0
0.41463184356689453, 1025.0
0.41834020614624023, 1025.0
0.4221060276031494, 1025.0
0.4258081912994385, 1025.0
0.4295470714569092, 1025.0
0.43324899673461914, 1025.0
0.43694305419921875, 1025.0
0.4406881332397461, 1025.0
0.4444139003753662, 1025.0
0.4481799602508545, 1025.0
0.45188093185424805, 1025.0
0.4556281566619873, 1025.0
0.4593319892883301, 1025.0
0.46305108070373535, 1025.0
0.46678805351257324, 1025.0
0.47051501274108887, 1025.0
0.4742860794067383, 1025.0
0.47800397872924805, 1025.0
0.4817850589752197, 1025.0
0.48548412322998047, 1025.0
0.48928213119506836, 1025.0
0.49298810958862305, 1025.0
0.4967670440673828, 1025.0
0.5004768371582031, 1025.0
0.504263162612915, 1025.0
0.5079960823059082, 1025.0
0.511699914932251, 1025.0
0.5154800415039062, 1025.0
0.5192031860351562, 1025.0
0.5229849815368652, 1025.0
0.5267140865325928, 1025.0
0.5304811000823975, 1025.0
0.5341920852661133, 1025.0
0.537999153137207, 1025.0
0.5417139530181885, 1025.0
0.5454421043395996, 1025.0
0.5492069721221924, 1025.0
0.5529038906097412, 1025.0
0.5566761493682861, 1025.0
0.5603771209716797, 1025.0
0.5641462802886963, 1025.0
0.5678589344024658, 1025.0
0.5717949867248535, 1025.0
0.5755751132965088, 1025.0
0.5794129371643066, 1025.0
0.583233118057251, 1025.0
0.5870211124420166, 1025.0
0.5909171104431152, 1025.0
0.5947110652923584, 1025.0
0.5987272262573242, 1025.0
0.6025710105895996, 1025.0
0.6064271926879883, 1025.0
0.6102111339569092, 1025.0
0.6140768527984619, 1025.0
0.6178481578826904, 1025.0
0.621696949005127, 1025.0
0.625511884689331, 1025.0
0.6293990612030029, 1025.0
0.6331861019134521, 1025.0
0.637031078338623, 1025.0
0.6408472061157227, 1025.0
0.6445560455322266, 1025.0
0.6483781337738037, 1025.0
0.6520910263061523, 1025.0
0.6558430194854736, 1025.0
0.6595640182495117, 1025.0
0.6633210182189941, 1025.0
0.6670169830322266, 1025.0
0.6707561016082764, 1025.0
0.6744949817657471, 1025.0
0.6782500743865967, 1025.0
0.6819498538970947, 1025.0
0.6856391429901123, 1025.0
0.6893618106842041, 1025.0
0.6930410861968994, 1025.0
0.6967401504516602, 1025.0
0.7004430294036865, 1025.0
0.7041330337524414, 1025.0
0.7078189849853516, 1025.0
0.7115030288696289, 1025.0
0.7152020931243896, 1025.0
0.7188851833343506, 1025.0
0.7226018905639648, 1025.0
0.7262930870056152, 1025.0
0.7300019264221191, 1025.0
0.7336759567260742, 1025.0
0.7373640537261963, 1025.0
0.7410590648651123, 1025.0
0.744744062423706, 1025.0
0.7484338283538818, 1025.0
0.75211501121521, 1025.0
0.7557938098907471, 1025.0
0.7594881057739258, 1025.0
