1.2874603271484375e-05, 75.0
4.506111145019531e-05, 113.0
5.698204040527344e-05, 173.0
8.487701416015625e-05, 182.0
9.107589721679688e-05, 222.0
9.703636169433594e-05, 297.0
0.00011515617370605469, 343.0
0.00012111663818359375, 418.0
0.00013399124145507812, 488.0
0.000164031982421875, 525.0
0.00017595291137695312, 534.0
0.0001819133758544922, 597.0
0.0001881122589111328, 658.0
0.00022292137145996094, 672.0
0.00023484230041503906, 712.0
0.0002410411834716797, 775.0
0.0002810955047607422, 792.0
0.0004210472106933594, 843.0
0.00042700767517089844, 872.0
0.00043892860412597656, 899.0
0.007419109344482422, 913.0
0.01184391975402832, 922.0
0.013457059860229492, 924.0
0.01346898078918457, 941.0
0.05008411407470703, 962.0
0.07387995719909668, 976.0
0.07388615608215332, 1016.0
0.07389307022094727, 1024.0
