0.0007469654083251953, 23.0
0.002007007598876953, 23.0
0.0032417774200439453, 23.0
0.004434823989868164, 23.0
0.005656003952026367, 23.0
0.006847858428955078, 23.0
0.008034944534301758, 23.0
0.009227991104125977, 23.0
0.010460853576660156, 23.0
0.011791706085205078, 23.0
0.013030767440795898, 23.0
0.01423788070678711, 23.0
0.015449762344360352, 23.0
0.01665186882019043, 23.0
0.017868995666503906, 23.0
0.019076824188232422, 23.0
0.02032780647277832, 23.0
0.021577835083007812, 23.0
0.022777795791625977, 23.0
0.023979902267456055, 23.0
0.025183916091918945, 23.0
0.02638983726501465, 23.0
0.02762007713317871, 23.0
0.02884197235107422, 23.0
0.030038833618164062, 23.0
0.031253814697265625, 23.0
0.03245902061462402, 23.0
0.033657073974609375, 23.0
0.03488874435424805, 23.0
0.036125898361206055, 23.0
0.037329912185668945, 23.0
0.03853893280029297, 23.0
0.03974294662475586, 23.0
0.040979862213134766, 23.0
0.04216909408569336, 23.0
0.04336977005004883, 23.0
0.0445559024810791, 23.0
0.04573202133178711, 23.0
0.04690980911254883, 23.0
0.04809284210205078, 23.0
0.0492708683013916, 23.0
0.050450801849365234, 23.0
0.05162382125854492, 23.0
0.05280780792236328, 23.0
0.05398392677307129, 23.0
0.05516481399536133, 23.0
0.05634880065917969, 23.0
0.057524919509887695, 23.0
0.05869889259338379, 23.0
0.0598759651184082, 23.0
0.06105184555053711, 23.0
0.0622248649597168, 23.0
0.06342697143554688, 23.0
0.06461286544799805, 23.0
0.06578683853149414, 23.0
0.06699371337890625, 23.0
0.06820392608642578, 23.0
0.06938290596008301, 23.0
0.07055783271789551, 23.0
0.07174277305603027, 23.0
0.0729227066040039, 23.0
0.07409787178039551, 23.0
0.07527279853820801, 23.0
0.07646489143371582, 23.0
0.07764387130737305, 23.0
0.0788278579711914, 23.0
0.08001470565795898, 23.0
0.08118796348571777, 23.0
0.08236479759216309, 23.0
0.0835409164428711, 23.0
0.0847170352935791, 23.0
0.08589386940002441, 23.0
0.08707284927368164, 23.0
0.08826184272766113, 23.0
0.0894320011138916, 23.0
0.09061765670776367, 23.0
0.091796875, 23.0
0.09296989440917969, 23.0
0.09414982795715332, 23.0
0.09532475471496582, 23.0
0.09650301933288574, 23.0
0.09769392013549805, 23.0
0.09887194633483887, 23.0
0.10005593299865723, 23.0
0.101226806640625, 23.0
0.10240674018859863, 23.0
0.10358691215515137, 23.0
0.104766845703125, 23.0
0.10594582557678223, 23.0
0.10712289810180664, 23.0
0.1083059310913086, 23.0
0.10948491096496582, 23.0
0.1106569766998291, 23.0
0.1118319034576416, 23.0
0.11300778388977051, 23.0
0.11419677734375, 23.0
0.11537790298461914, 23.0
0.11656498908996582, 23.0
0.11774373054504395, 23.0
0.11892080307006836, 23.0
0.12009286880493164, 23.0
0.12126684188842773, 23.0
0.1224360466003418, 23.0
0.12361383438110352, 23.0
0.12478899955749512, 23.0
0.12597393989562988, 23.0
0.12714290618896484, 23.0
0.12831878662109375, 23.0
0.12949180603027344, 23.0
0.13066482543945312, 23.0
0.1318368911743164, 23.0
0.13301992416381836, 23.0
0.1342017650604248, 23.0
0.13538193702697754, 23.0
0.13656067848205566, 23.0
0.13774585723876953, 23.0
0.13891983032226562, 23.0
0.14009499549865723, 23.0
0.14126992225646973, 23.0
0.14244389533996582, 23.0
0.14362072944641113, 23.0
0.14479374885559082, 23.0
0.14596891403198242, 23.0
0.14714384078979492, 23.0
0.14832305908203125, 23.0
0.14950799942016602, 23.0
0.15068697929382324, 23.0
0.15186572074890137, 23.0
0.1530458927154541, 23.0
0.15422487258911133, 23.0
0.15540599822998047, 23.0
0.15657687187194824, 23.0
0.1577589511871338, 23.0
0.1589369773864746, 23.0
0.16011786460876465, 23.0
0.16130495071411133, 23.0
0.16248083114624023, 23.0
0.16367363929748535, 23.0
0.1648707389831543, 23.0
0.16605281829833984, 23.0
0.16723179817199707, 23.0
0.16851091384887695, 23.0
0.16977787017822266, 23.0
0.1709909439086914, 23.0
0.17220187187194824, 23.0
0.17342090606689453, 23.0
0.17461299896240234, 23.0
0.17579007148742676, 23.0
0.17706084251403809, 23.0
0.17834901809692383, 23.0
0.17959809303283691, 23.0
0.18077683448791504, 23.0
0.18197083473205566, 23.0
0.18314790725708008, 23.0
0.1843247413635254, 23.0
0.18552494049072266, 23.0
0.18670201301574707, 23.0
0.18788695335388184, 23.0
0.18906593322753906, 23.0
0.19024896621704102, 23.0
0.19142985343933105, 23.0
0.19261693954467773, 23.0
0.19380402565002441, 23.0
0.1949918270111084, 23.0
0.19616293907165527, 23.0
0.19734787940979004, 23.0
0.19853472709655762, 23.0
0.19974589347839355, 23.0
0.20100188255310059, 23.0
0.2022078037261963, 23.0
0.2033829689025879, 23.0
0.20455694198608398, 23.0
0.2057337760925293, 23.0
0.20694398880004883, 23.0
0.20819687843322754, 23.0
0.20939111709594727, 23.0
0.21057391166687012, 23.0
0.21180176734924316, 23.0
0.2130579948425293, 23.0
0.2142329216003418, 23.0
0.2154088020324707, 23.0
0.2165849208831787, 23.0
0.2177579402923584, 23.0
0.21900272369384766, 23.0
0.22019386291503906, 23.0
0.22136902809143066, 23.0
0.22255373001098633, 23.0
0.22372698783874512, 23.0
0.22490167617797852, 23.0
0.22607779502868652, 23.0
0.22725868225097656, 23.0
0.2284557819366455, 23.0
0.22965073585510254, 23.0
0.23084378242492676, 23.0
0.23201990127563477, 23.0
0.23320484161376953, 23.0
0.23439478874206543, 23.0
0.23558497428894043, 23.0
0.23676371574401855, 23.0
0.2379438877105713, 23.0
0.2391207218170166, 23.0
