0.0031239986419677734, 9742.0
0.007064104080200195, 9748.0
0.011013269424438477, 9760.0
0.014957189559936523, 9760.0
0.01889204978942871, 9760.0
0.02279829978942871, 9760.0
0.026661157608032227, 9762.0
0.0304412841796875, 9762.0
0.03423905372619629, 9762.0
0.03805112838745117, 9762.0
0.041872262954711914, 9762.0
0.04568910598754883, 9762.0
0.04944324493408203, 9767.0
0.05303239822387695, 9767.0
0.05669140815734863, 9767.0
0.06032419204711914, 9767.0
0.06395721435546875, 9767.0
0.0676581859588623, 9767.0
0.07131123542785645, 9767.0
0.07500433921813965, 9767.0
0.07861208915710449, 9767.0
0.08227109909057617, 9767.0
0.08585333824157715, 9767.0
0.08947420120239258, 9767.0
0.09316515922546387, 9767.0
0.0967721939086914, 9767.0
0.10035419464111328, 9767.0
0.10391926765441895, 9767.0
0.10749435424804688, 9767.0
0.11104822158813477, 9767.0
0.11462926864624023, 9767.0
0.11816716194152832, 9767.0
0.12171816825866699, 9767.0
0.1252741813659668, 9767.0
0.12882018089294434, 9767.0
0.13237404823303223, 9767.0
0.13592219352722168, 9767.0
0.13945508003234863, 9767.0
0.14307713508605957, 9767.0
0.14662623405456543, 9767.0
0.1501634120941162, 9767.0
0.15371012687683105, 9767.0
0.15731215476989746, 9767.0
0.16085219383239746, 9767.0
0.16439127922058105, 9767.0
0.16792726516723633, 9767.0
0.17147111892700195, 9767.0
0.17502808570861816, 9767.0
0.17856621742248535, 9767.0
0.18210220336914062, 9767.0
0.18564510345458984, 9767.0
0.18918514251708984, 9767.0
0.1927480697631836, 9767.0
0.19646906852722168, 9767.0
0.19999909400939941, 9767.0
0.20353102684020996, 9767.0
0.20708513259887695, 9767.0
0.21061134338378906, 9767.0
0.21414709091186523, 9767.0
0.21767711639404297, 9767.0
0.22121906280517578, 9767.0
0.22475028038024902, 9767.0
0.2282853126525879, 9767.0
0.23183107376098633, 9767.0
0.23536324501037598, 9767.0
0.23889732360839844, 9767.0
0.2424330711364746, 9767.0
0.24598121643066406, 9767.0
0.2495133876800537, 9767.0
0.2532172203063965, 9767.0
0.2569751739501953, 9767.0
0.26052403450012207, 9767.0
0.2640540599822998, 9767.0
0.2676072120666504, 9767.0
0.27112913131713867, 9767.0
0.27469801902770996, 9767.0
0.27822327613830566, 9767.0
0.2817692756652832, 9767.0
0.28530216217041016, 9767.0
0.28882718086242676, 9767.0
0.2923872470855713, 9767.0
0.29593324661254883, 9767.0
0.2996060848236084, 9767.0
0.3031642436981201, 9767.0
0.30672526359558105, 9767.0
0.31026721000671387, 9767.0
0.3138003349304199, 9767.0
0.31737804412841797, 9767.0
0.3209233283996582, 9767.0
0.32447314262390137, 9767.0
0.32804203033447266, 9767.0
0.3315773010253906, 9767.0
0.3351261615753174, 9767.0
0.33866429328918457, 9767.0
0.342210054397583, 9767.0
0.34575724601745605, 9767.0
0.34929633140563965, 9767.0
0.35285210609436035, 9767.0
0.35639405250549316, 9767.0
0.35994720458984375, 9767.0
0.36348628997802734, 9767.0
0.3670322895050049, 9767.0
0.3705611228942871, 9767.0
0.3741030693054199, 9767.0
0.3776512145996094, 9767.0
0.38119029998779297, 9767.0
0.38473010063171387, 9767.0
0.3882923126220703, 9767.0
0.39182519912719727, 9767.0
0.39542722702026367, 9767.0
0.39913511276245117, 9767.0
0.40292835235595703, 9767.0
0.4064981937408447, 9767.0
0.41002607345581055, 9767.0
0.41356706619262695, 9767.0
0.4171299934387207, 9767.0
0.4207301139831543, 9767.0
0.42440319061279297, 9767.0
0.42825913429260254, 9767.0
0.4320211410522461, 9767.0
0.4358861446380615, 9767.0
0.4396641254425049, 9767.0
0.44342827796936035, 9767.0
0.44721531867980957, 9767.0
0.4509892463684082, 9767.0
0.454822301864624, 9767.0
0.45851612091064453, 9767.0
0.462172269821167, 9767.0
0.4658334255218506, 9767.0
0.4695322513580322, 9767.0
0.47320127487182617, 9767.0
0.47692418098449707, 9767.0
0.4806032180786133, 9767.0
0.48426032066345215, 9767.0
0.4879150390625, 9767.0
0.49159717559814453, 9767.0
0.4952383041381836, 9767.0
0.4988973140716553, 9767.0
0.5025501251220703, 9767.0
0.5062253475189209, 9767.0
0.5098652839660645, 9767.0
0.5134913921356201, 9767.0
0.5171551704406738, 9767.0
0.5207922458648682, 9767.0
0.524421215057373, 9767.0
0.5280530452728271, 9767.0
0.5317082405090332, 9767.0
0.5353801250457764, 9767.0
0.5390481948852539, 9767.0
0.5429260730743408, 9767.0
0.5467212200164795, 9767.0
0.5504531860351562, 9767.0
0.5541670322418213, 9767.0
0.5579211711883545, 9767.0
0.5616402626037598, 9767.0
0.5653650760650635, 9767.0
0.5691282749176025, 9767.0
0.5728461742401123, 9767.0
0.5765759944915771, 9767.0
0.5804321765899658, 9767.0
0.5841443538665771, 9767.0
0.5877640247344971, 9767.0
0.5914661884307861, 9767.0
0.5951013565063477, 9767.0
0.598757266998291, 9767.0
0.6023881435394287, 9767.0
0.6060192584991455, 9767.0
0.6096603870391846, 9767.0
0.6132841110229492, 9767.0
0.6169161796569824, 9767.0
0.6205623149871826, 9767.0
0.6241781711578369, 9767.0
0.6278080940246582, 9767.0
0.631439208984375, 9767.0
0.6350531578063965, 9767.0
0.6386761665344238, 9767.0
0.6422920227050781, 9767.0
0.6459271907806396, 9767.0
0.6495442390441895, 9767.0
0.6531531810760498, 9767.0
0.6567912101745605, 9767.0
0.660405158996582, 9767.0
0.6640262603759766, 9767.0
0.6676533222198486, 9767.0
0.6712760925292969, 9767.0
0.6749041080474854, 9767.0
0.6785111427307129, 9767.0
0.682142972946167, 9767.0
0.6857452392578125, 9767.0
0.6893572807312012, 9767.0
0.6929893493652344, 9767.0
0.6966032981872559, 9767.0
0.7002241611480713, 9767.0
0.7038331031799316, 9767.0
0.707463264465332, 9767.0
0.7110772132873535, 9767.0
0.7146832942962646, 9767.0
0.7183051109313965, 9767.0
0.721907377243042, 9767.0
0.7255301475524902, 9767.0
0.7291631698608398, 9767.0
