0.0030269622802734375, 9739.0
0.006934642791748047, 9759.0
0.010777711868286133, 9759.0
0.014654874801635742, 9759.0
0.01842784881591797, 9760.0
0.02221393585205078, 9764.0
0.02593088150024414, 9764.0
0.029629945755004883, 9765.0
0.03328990936279297, 9765.0
0.03691387176513672, 9765.0
0.04053997993469238, 9765.0
0.04415178298950195, 9765.0
0.047763824462890625, 9765.0
0.05138587951660156, 9765.0
0.05504274368286133, 9765.0
0.05868983268737793, 9765.0
0.06233501434326172, 9765.0
0.06597566604614258, 9765.0
0.0695648193359375, 9765.0
0.07314085960388184, 9765.0
0.07669377326965332, 9765.0
0.08024382591247559, 9765.0
0.08377385139465332, 9765.0
0.08729386329650879, 9765.0
0.09082174301147461, 9765.0
0.09436702728271484, 9765.0
0.09787392616271973, 9765.0
0.10138702392578125, 9765.0
0.10487675666809082, 9765.0
0.10836982727050781, 9765.0
0.11185574531555176, 9765.0
0.11535477638244629, 9765.0
0.11887693405151367, 9765.0
0.12251496315002441, 9765.0
0.12601590156555176, 9765.0
0.12954497337341309, 9765.0
0.13304972648620605, 9765.0
0.1365518569946289, 9765.0
0.14006471633911133, 9765.0
0.14356303215026855, 9765.0
0.14707279205322266, 9765.0
0.15058374404907227, 9765.0
0.15409588813781738, 9765.0
0.15758085250854492, 9765.0
0.16107773780822754, 9765.0
0.16461968421936035, 9765.0
0.16820573806762695, 9765.0
0.17175674438476562, 9765.0
0.17534494400024414, 9765.0
0.17897605895996094, 9765.0
0.18252801895141602, 9765.0
0.18607068061828613, 9765.0
0.18959903717041016, 9765.0
0.19313383102416992, 9765.0
0.1966698169708252, 9765.0
0.2002246379852295, 9765.0
0.20377278327941895, 9765.0
0.2073040008544922, 9765.0
0.2108469009399414, 9765.0
0.21445298194885254, 9765.0
0.21809792518615723, 9765.0
0.22175073623657227, 9765.0
0.2253866195678711, 9765.0
0.22904086112976074, 9765.0
0.23265981674194336, 9765.0
0.23629975318908691, 9765.0
0.2399299144744873, 9765.0
0.243574857711792, 9765.0
0.2471928596496582, 9765.0
0.25086474418640137, 9765.0
0.25452375411987305, 9765.0
0.2581918239593506, 9765.0
0.26180267333984375, 9765.0
0.2654228210449219, 9765.0
0.269028902053833, 9765.0
0.27260804176330566, 9765.0
0.27619481086730957, 9765.0
0.2797718048095703, 9765.0
0.2832646369934082, 9765.0
0.2868528366088867, 9765.0
0.29034972190856934, 9765.0
0.2938218116760254, 9765.0
0.29733872413635254, 9765.0
0.3008308410644531, 9765.0
0.3043856620788574, 9765.0
0.30795884132385254, 9765.0
0.31152892112731934, 9765.0
0.31505274772644043, 9765.0
0.31862783432006836, 9765.0
0.32227468490600586, 9765.0
0.3258028030395508, 9765.0
0.3294498920440674, 9765.0
0.3329658508300781, 9765.0
0.33653783798217773, 9765.0
0.3399629592895508, 9765.0
0.34340572357177734, 9765.0
0.34686279296875, 9765.0
0.3502779006958008, 9765.0
0.3537280559539795, 9765.0
0.35716986656188965, 9765.0
0.36061882972717285, 9765.0
0.36403369903564453, 9765.0
0.3674497604370117, 9765.0
0.3708817958831787, 9765.0
0.3742988109588623, 9765.0
0.37775588035583496, 9765.0
0.381195068359375, 9765.0
0.3846118450164795, 9765.0
0.38803577423095703, 9765.0
0.39145874977111816, 9765.0
0.39488792419433594, 9765.0
0.39831089973449707, 9765.0
0.401735782623291, 9765.0
0.40517473220825195, 9765.0
0.40860486030578613, 9765.0
0.41203784942626953, 9765.0
0.4156076908111572, 9765.0
0.4191298484802246, 9765.0
0.4225428104400635, 9765.0
0.4259967803955078, 9765.0
0.42941975593566895, 9765.0
0.43293070793151855, 9765.0
0.4363987445831299, 9765.0
0.43981289863586426, 9765.0
0.44329285621643066, 9765.0
0.44670796394348145, 9765.0
0.45012569427490234, 9765.0
0.4535958766937256, 9765.0
0.45702290534973145, 9765.0
0.460507869720459, 9765.0
0.46392297744750977, 9765.0
0.4674229621887207, 9765.0
0.4708437919616699, 9765.0
0.4742708206176758, 9765.0
0.47776174545288086, 9765.0
0.4812958240509033, 9765.0
0.48482275009155273, 9765.0
0.48823976516723633, 9765.0
0.49167895317077637, 9765.0
0.49514174461364746, 9765.0
0.4985690116882324, 9765.0
0.502072811126709, 9765.0
0.5055007934570312, 9765.0
0.5089328289031982, 9765.0
0.5124168395996094, 9765.0
0.5158548355102539, 9765.0
0.5193259716033936, 9765.0
0.5227527618408203, 9765.0
0.5262489318847656, 9765.0
0.5297019481658936, 9765.0
0.5331218242645264, 9765.0
0.5366096496582031, 9765.0
0.5400378704071045, 9765.0
0.5435359477996826, 9765.0
0.5469520092010498, 9765.0
0.5504016876220703, 9765.0
0.5538878440856934, 9765.0
0.5573158264160156, 9765.0
0.5608127117156982, 9765.0
0.5642318725585938, 9765.0
0.5677309036254883, 9765.0
0.5713679790496826, 9765.0
0.5751056671142578, 9765.0
0.5788607597351074, 9765.0
0.5826318264007568, 9765.0
0.5863707065582275, 9765.0
0.5900728702545166, 9765.0
0.593843936920166, 9765.0
0.5976438522338867, 9765.0
0.6014769077301025, 9765.0
0.605109691619873, 9765.0
0.6086978912353516, 9765.0
0.6123268604278564, 9765.0
0.6158857345581055, 9765.0
0.6194870471954346, 9765.0
0.6231138706207275, 9765.0
0.6267368793487549, 9765.0
0.6303107738494873, 9765.0
0.6339976787567139, 9765.0
0.6375658512115479, 9765.0
0.6410508155822754, 9765.0
0.6445927619934082, 9765.0
0.6480748653411865, 9765.0
0.6516129970550537, 9765.0
0.6550929546356201, 9765.0
0.6585738658905029, 9765.0
0.6621828079223633, 9765.0
0.6656718254089355, 9765.0
0.6692488193511963, 9765.0
0.6727418899536133, 9765.0
0.6762650012969971, 9765.0
0.6797938346862793, 9765.0
0.683297872543335, 9765.0
0.6868159770965576, 9765.0
0.6903140544891357, 9765.0
0.6938378810882568, 9765.0
0.6973457336425781, 9765.0
0.7008578777313232, 9765.0
0.7043488025665283, 9765.0
0.7078428268432617, 9765.0
0.7113387584686279, 9765.0
