0.0007140636444091797, 35.0
0.002008199691772461, 35.0
0.003255128860473633, 35.0
0.004516124725341797, 35.0
0.005789279937744141, 35.0
0.007148265838623047, 35.0
0.0084381103515625, 35.0
0.00971221923828125, 35.0
0.010979175567626953, 35.0
0.012252330780029297, 35.0
0.013584136962890625, 35.0
0.014866352081298828, 35.0
0.01612710952758789, 35.0
0.0173952579498291, 35.0
0.018660306930541992, 35.0
0.019929170608520508, 35.0
0.02120232582092285, 35.0
0.022495031356811523, 35.0
0.0237581729888916, 35.0
0.025016069412231445, 35.0
0.02630019187927246, 35.0
0.027633190155029297, 35.0
0.028959035873413086, 35.0
0.030282020568847656, 35.0
0.031568288803100586, 35.0
0.03286027908325195, 35.0
0.03418421745300293, 35.0
0.03550434112548828, 35.0
0.03684210777282715, 35.0
0.03811931610107422, 35.0
0.03938102722167969, 35.0
0.040650129318237305, 35.0
0.04192614555358887, 35.0
0.043212175369262695, 35.0
0.044515132904052734, 35.0
0.04580426216125488, 35.0
0.04713034629821777, 35.0
0.04846525192260742, 35.0
0.049729108810424805, 35.0
0.05100131034851074, 35.0
0.05226540565490723, 35.0
0.053530216217041016, 35.0
0.054833173751831055, 35.0
0.05613422393798828, 35.0
0.0574033260345459, 35.0
0.05867433547973633, 35.0
0.05994820594787598, 35.0
0.06121420860290527, 35.0
0.062476158142089844, 35.0
0.06373834609985352, 35.0
0.0650181770324707, 35.0
0.06628036499023438, 35.0
0.06757402420043945, 35.0
0.06885218620300293, 35.0
0.0701150894165039, 35.0
0.07139205932617188, 35.0
0.07265734672546387, 35.0
0.07392215728759766, 35.0
0.07519221305847168, 35.0
0.07646012306213379, 35.0
0.0777292251586914, 35.0
0.07899332046508789, 35.0
0.08025813102722168, 35.0
0.08153033256530762, 35.0
0.08280706405639648, 35.0
0.08407926559448242, 35.0
0.08533811569213867, 35.0
0.08661913871765137, 35.0
0.08787918090820312, 35.0
0.08918237686157227, 35.0
0.09051704406738281, 35.0
0.09179425239562988, 35.0
0.09305930137634277, 35.0
0.09431719779968262, 35.0
0.09559035301208496, 35.0
0.0968770980834961, 35.0
0.0981593132019043, 35.0
0.09942221641540527, 35.0
0.10070419311523438, 35.0
0.10199618339538574, 35.0
0.10335016250610352, 35.0
0.10468721389770508, 35.0
0.10595202445983887, 35.0
0.1072242259979248, 35.0
0.1084892749786377, 35.0
0.10975837707519531, 35.0
0.11102128028869629, 35.0
0.11228322982788086, 35.0
0.11355233192443848, 35.0
0.11486005783081055, 35.0
0.11612534523010254, 35.0
0.11739110946655273, 35.0
0.11866927146911621, 35.0
0.11994528770446777, 35.0
0.12120914459228516, 35.0
0.12250709533691406, 35.0
0.12377500534057617, 35.0
0.12504124641418457, 35.0
0.1263141632080078, 35.0
0.1275782585144043, 35.0
0.12884306907653809, 35.0
0.13010716438293457, 35.0
0.1314103603363037, 35.0
0.1326901912689209, 35.0
0.1339552402496338, 35.0
0.13522100448608398, 35.0
0.13648533821105957, 35.0
0.13774418830871582, 35.0
0.13904309272766113, 35.0
0.14030838012695312, 35.0
0.1415691375732422, 35.0
0.14283013343811035, 35.0
0.1441023349761963, 35.0
0.1453871726989746, 35.0
0.14673209190368652, 35.0
0.1480402946472168, 35.0
0.14930224418640137, 35.0
0.15056729316711426, 35.0
0.15183329582214355, 35.0
0.15310025215148926, 35.0
0.15436625480651855, 35.0
0.15567898750305176, 35.0
0.15694522857666016, 35.0
0.15820908546447754, 35.0
0.15947818756103516, 35.0
0.16074705123901367, 35.0
0.1620180606842041, 35.0
0.16328120231628418, 35.0
0.1645832061767578, 35.0
0.16585135459899902, 35.0
0.1671123504638672, 35.0
0.16839933395385742, 35.0
0.16968035697937012, 35.0
0.17096710205078125, 35.0
0.17228317260742188, 35.0
0.17359638214111328, 35.0
0.1749122142791748, 35.0
0.17623019218444824, 35.0
0.17754721641540527, 35.0
0.17888736724853516, 35.0
0.18024706840515137, 35.0
0.18166017532348633, 35.0
0.18290305137634277, 35.0
0.18418622016906738, 35.0
0.1855454444885254, 35.0
0.18689322471618652, 35.0
0.18822312355041504, 35.0
0.18959426879882812, 35.0
0.19092035293579102, 35.0
0.19226431846618652, 35.0
0.19361114501953125, 35.0
0.194993257522583, 35.0
0.19636917114257812, 35.0
0.1977522373199463, 35.0
0.19907307624816895, 35.0
0.2004082202911377, 35.0
0.20176124572753906, 35.0
0.2030930519104004, 35.0
0.20449519157409668, 35.0
0.20589423179626465, 35.0
0.20725035667419434, 35.0
0.20859813690185547, 35.0
0.20995521545410156, 35.0
0.21129441261291504, 35.0
0.21268320083618164, 35.0
0.2141251564025879, 35.0
0.2154560089111328, 35.0
0.2167952060699463, 35.0
0.2181103229522705, 35.0
0.2194051742553711, 35.0
0.2207050323486328, 35.0
0.22200322151184082, 35.0
0.22334742546081543, 35.0
0.2246851921081543, 35.0
0.2259962558746338, 35.0
0.22728919982910156, 35.0
0.2286221981048584, 35.0
0.22994017601013184, 35.0
0.2312932014465332, 35.0
0.2326362133026123, 35.0
0.23398232460021973, 35.0
0.2353353500366211, 35.0
0.2366793155670166, 35.0
0.2380232810974121, 35.0
0.23936223983764648, 35.0
0.24071025848388672, 35.0
0.2420821189880371, 35.0
0.2434372901916504, 35.0
0.24477744102478027, 35.0
0.24612212181091309, 35.0
0.2474822998046875, 35.0
0.24883031845092773, 35.0
0.25017714500427246, 35.0
0.25151824951171875, 35.0
0.2528691291809082, 35.0
0.2542142868041992, 35.0
0.25555920600891113, 35.0
0.2568991184234619, 35.0
0.25824999809265137, 35.0
0.2595961093902588, 35.0
0.26126527786254883, 35.0
