0.0013508796691894531, 294.0
0.003259897232055664, 294.0
0.005199909210205078, 295.0
0.007258892059326172, 295.0
0.009384870529174805, 295.0
0.011290788650512695, 295.0
0.013225793838500977, 295.0
0.015173912048339844, 295.0
0.017204999923706055, 295.0
0.019223690032958984, 295.0
0.021345853805541992, 295.0
0.023319005966186523, 295.0
0.025333881378173828, 295.0
0.027357816696166992, 295.0
0.029399633407592773, 295.0
0.03160285949707031, 295.0
0.03359484672546387, 295.0
0.035599708557128906, 295.0
0.03759574890136719, 295.0
0.03959488868713379, 295.0
0.041565895080566406, 295.0
0.04355478286743164, 295.0
0.04555487632751465, 295.0
0.04751896858215332, 295.0
0.049475669860839844, 295.0
0.05146288871765137, 295.0
0.053450822830200195, 295.0
0.05544090270996094, 295.0
0.05741691589355469, 295.0
0.05937790870666504, 295.0
0.06135296821594238, 295.0
0.06335091590881348, 295.0
0.06534504890441895, 295.0
0.06731796264648438, 295.0
0.06932878494262695, 295.0
0.07129597663879395, 295.0
0.07326889038085938, 295.0
0.07525086402893066, 295.0
0.07725286483764648, 295.0
0.07924890518188477, 295.0
0.08126282691955566, 295.0
0.08323287963867188, 295.0
0.0852048397064209, 295.0
0.08719372749328613, 295.0
0.0891878604888916, 295.0
0.0911867618560791, 295.0
0.09317302703857422, 295.0
0.09514904022216797, 295.0
0.09713482856750488, 295.0
0.09913802146911621, 295.0
0.10110998153686523, 295.0
0.10308289527893066, 295.0
0.10508179664611816, 295.0
0.10703372955322266, 295.0
0.10903692245483398, 295.0
0.11100482940673828, 295.0
0.11296582221984863, 295.0
0.11496186256408691, 295.0
0.11693692207336426, 295.0
0.11890888214111328, 295.0
0.1208808422088623, 295.0
0.12287783622741699, 295.0
0.1248619556427002, 295.0
0.12683582305908203, 295.0
0.12885665893554688, 295.0
0.13082599639892578, 295.0
0.13279366493225098, 295.0
0.13476991653442383, 295.0
0.13677382469177246, 295.0
0.1387488842010498, 295.0
0.1407158374786377, 295.0
0.14270281791687012, 295.0
0.1447439193725586, 295.0
0.1467146873474121, 295.0
0.14870095252990723, 295.0
0.15070676803588867, 295.0
0.15268397331237793, 295.0
0.15465688705444336, 295.0
0.15663480758666992, 295.0
0.15863299369812012, 295.0
0.1606278419494629, 295.0
0.1626129150390625, 295.0
0.16456389427185059, 295.0
0.16657686233520508, 295.0
0.16854381561279297, 295.0
0.170515775680542, 295.0
0.17252302169799805, 295.0
0.17447686195373535, 295.0
0.17648887634277344, 295.0
0.1784677505493164, 295.0
0.18044686317443848, 295.0
0.18244194984436035, 295.0
0.18445682525634766, 295.0
0.18644976615905762, 295.0
0.1885209083557129, 295.0
0.19054889678955078, 295.0
0.19252490997314453, 295.0
0.19450902938842773, 295.0
0.19649100303649902, 295.0
0.19847774505615234, 295.0
0.20044803619384766, 295.0
0.202467679977417, 295.0
0.20445489883422852, 295.0
0.2064218521118164, 295.0
0.20841288566589355, 295.0
0.21042299270629883, 295.0
0.21251296997070312, 295.0
0.21452999114990234, 295.0
0.21654772758483887, 295.0
0.21867990493774414, 295.0
0.22068572044372559, 295.0
0.22265982627868652, 295.0
0.22466468811035156, 295.0
0.2266387939453125, 295.0
0.22863268852233887, 295.0
0.2306358814239502, 295.0
0.23260784149169922, 295.0
0.2346019744873047, 295.0
0.23659086227416992, 295.0
0.23859095573425293, 295.0
0.24058079719543457, 295.0
0.2425379753112793, 295.0
0.24452877044677734, 295.0
0.24652576446533203, 295.0
0.24851298332214355, 295.0
0.2504549026489258, 295.0
0.2524700164794922, 295.0
0.2544398307800293, 295.0
0.2564406394958496, 295.0
0.25841188430786133, 295.0
0.260387659072876, 295.0
0.2623867988586426, 295.0
0.26436877250671387, 295.0
0.2663688659667969, 295.0
0.26834988594055176, 295.0
0.2703227996826172, 295.0
0.27228784561157227, 295.0
0.27428507804870605, 295.0
0.2762587070465088, 295.0
0.2782447338104248, 295.0
0.2802097797393799, 295.0
0.282214879989624, 295.0
0.28418588638305664, 295.0
0.28615498542785645, 295.0
0.28813791275024414, 295.0
0.29010772705078125, 295.0
0.2920949459075928, 295.0
0.294083833694458, 295.0
0.2960379123687744, 295.0
0.2980318069458008, 295.0
0.30002570152282715, 295.0
0.30199503898620605, 295.0
0.3040027618408203, 295.0
0.30597400665283203, 295.0
0.30793285369873047, 295.0
0.30991673469543457, 295.0
0.31188392639160156, 295.0
0.3139457702636719, 295.0
0.3159217834472656, 295.0
0.31792783737182617, 295.0
0.3199198246002197, 295.0
0.3218538761138916, 295.0
0.3239867687225342, 295.0
0.3260188102722168, 295.0
0.3280220031738281, 295.0
0.3299577236175537, 295.0
0.331967830657959, 295.0
0.3339650630950928, 295.0
0.3359706401824951, 295.0
0.33797597885131836, 295.0
0.3399627208709717, 295.0
0.34197282791137695, 295.0
0.3439607620239258, 295.0
0.3460087776184082, 295.0
0.3480229377746582, 295.0
0.3500058650970459, 295.0
0.3519899845123291, 295.0
0.3540029525756836, 295.0
0.3559718132019043, 295.0
0.3579719066619873, 295.0
0.36002373695373535, 295.0
0.36197686195373535, 295.0
0.3640098571777344, 295.0
0.36594390869140625, 295.0
0.36794495582580566, 295.0
0.3699817657470703, 295.0
0.3719909191131592, 295.0
0.37399888038635254, 295.0
0.37601780891418457, 295.0
0.3780088424682617, 295.0
0.3799867630004883, 295.0
0.3819878101348877, 295.0
0.3839538097381592, 295.0
0.3859848976135254, 295.0
0.38799476623535156, 295.0
0.38993191719055176, 295.0
0.39194488525390625, 295.0
0.39394378662109375, 295.0
0.3959386348724365, 295.0
0.39792490005493164, 295.0
0.3999168872833252, 295.0
