0.0013668537139892578, 295.0
0.0033609867095947266, 295.0
0.005344867706298828, 295.0
0.007370948791503906, 295.0
0.009414911270141602, 295.0
0.01141667366027832, 295.0
0.01341104507446289, 295.0
0.015578746795654297, 295.0
0.017679691314697266, 295.0
0.019710779190063477, 295.0
0.02171802520751953, 295.0
0.023726701736450195, 295.0
0.025738000869750977, 295.0
0.027772903442382812, 295.0
0.02979874610900879, 295.0
0.03183102607727051, 295.0
0.03387784957885742, 295.0
0.03594803810119629, 295.0
0.03798866271972656, 295.0
0.04003095626831055, 295.0
0.042076826095581055, 295.0
0.04418587684631348, 295.0
0.04634976387023926, 295.0
0.0484158992767334, 295.0
0.0503847599029541, 295.0
0.05239391326904297, 295.0
0.05446767807006836, 295.0
0.056485891342163086, 295.0
0.05858588218688965, 295.0
0.060762882232666016, 295.0
0.06282782554626465, 295.0
0.06485176086425781, 295.0
0.0669088363647461, 295.0
0.06894898414611816, 295.0
0.07094764709472656, 295.0
0.07293272018432617, 295.0
0.07500290870666504, 295.0
0.07699775695800781, 295.0
0.07897686958312988, 295.0
0.08102083206176758, 295.0
0.08305788040161133, 295.0
0.08505392074584961, 295.0
0.08708977699279785, 295.0
0.08910989761352539, 295.0
0.09111595153808594, 295.0
0.09316086769104004, 295.0
0.09521794319152832, 295.0
0.09723281860351562, 295.0
0.09922194480895996, 295.0
0.10126280784606934, 295.0
0.1032707691192627, 295.0
0.10524272918701172, 295.0
0.10723185539245605, 295.0
0.10926485061645508, 295.0
0.1112678050994873, 295.0
0.11322975158691406, 295.0
0.11525392532348633, 295.0
0.11725378036499023, 295.0
0.11927080154418945, 295.0
0.12128376960754395, 295.0
0.12330293655395508, 295.0
0.1252758502960205, 295.0
0.12730979919433594, 295.0
0.12930893898010254, 295.0
0.13129687309265137, 295.0
0.13334178924560547, 295.0
0.13530492782592773, 295.0
0.1373138427734375, 295.0
0.1393280029296875, 295.0
0.1413419246673584, 295.0
0.14332795143127441, 295.0
0.1453549861907959, 295.0
0.14739990234375, 295.0
0.14940381050109863, 295.0
0.151411771774292, 295.0
0.15339064598083496, 295.0
0.15543866157531738, 295.0
0.15741991996765137, 295.0
0.15941977500915527, 295.0
0.16142797470092773, 295.0
0.163438081741333, 295.0
0.16540169715881348, 295.0
0.16744279861450195, 295.0
0.1694047451019287, 295.0
0.17140889167785645, 295.0
0.17343688011169434, 295.0
0.1753997802734375, 295.0
0.17741107940673828, 295.0
0.17948579788208008, 295.0
0.1815648078918457, 295.0
0.18361496925354004, 295.0
0.1856389045715332, 295.0
0.1876509189605713, 295.0
0.18966197967529297, 295.0
0.19169378280639648, 295.0
0.19373488426208496, 295.0
0.19575977325439453, 295.0
0.1977677345275879, 295.0
0.19985294342041016, 295.0
0.20197081565856934, 295.0
0.20398283004760742, 295.0
0.2060079574584961, 295.0
0.20801782608032227, 295.0
0.21008992195129395, 295.0
0.21219491958618164, 295.0
0.21420073509216309, 295.0
0.21630287170410156, 295.0
0.2183077335357666, 295.0
0.22031283378601074, 295.0
0.22235488891601562, 295.0
0.22436881065368652, 295.0
0.22638797760009766, 295.0
0.2283778190612793, 295.0
0.23040986061096191, 295.0
0.23241186141967773, 295.0
0.2343888282775879, 295.0
0.23643994331359863, 295.0
0.23844504356384277, 295.0
0.24047374725341797, 295.0
0.24247074127197266, 295.0
0.2444748878479004, 295.0
0.24650907516479492, 295.0
0.24852395057678223, 295.0
0.25049805641174316, 295.0
0.25255393981933594, 295.0
0.2545299530029297, 295.0
0.2565586566925049, 295.0
0.25856995582580566, 295.0
0.260570764541626, 295.0
0.26253175735473633, 295.0
0.26457691192626953, 295.0
0.26654982566833496, 295.0
0.2685878276824951, 295.0
0.27056288719177246, 295.0
0.27259182929992676, 295.0
0.2745840549468994, 295.0
0.27661800384521484, 295.0
0.2785987854003906, 295.0
0.28061985969543457, 295.0
0.282606840133667, 295.0
0.28461265563964844, 295.0
0.2866497039794922, 295.0
0.2886538505554199, 295.0
0.29065799713134766, 295.0
0.29265570640563965, 295.0
0.29466962814331055, 295.0
0.2966949939727783, 295.0
0.29867005348205566, 295.0
0.30068087577819824, 295.0
0.30269289016723633, 295.0
0.3046860694885254, 295.0
0.30669474601745605, 295.0
0.3087139129638672, 295.0
0.3106968402862549, 295.0
0.31270694732666016, 295.0
0.3147149085998535, 295.0
0.3167269229888916, 295.0
0.31873464584350586, 295.0
0.3207669258117676, 295.0
0.3227388858795166, 295.0
0.3247568607330322, 295.0
0.3267948627471924, 295.0
0.32880377769470215, 295.0
0.33135199546813965, 295.0
0.3333859443664551, 295.0
0.33539676666259766, 295.0
0.33739376068115234, 295.0
0.33936572074890137, 295.0
0.34139394760131836, 295.0
0.3433809280395508, 295.0
0.34532880783081055, 295.0
0.3473508358001709, 295.0
0.3493478298187256, 295.0
0.351348876953125, 295.0
0.3533358573913574, 295.0
0.3553438186645508, 295.0
0.3573307991027832, 295.0
0.3593318462371826, 295.0
0.36133766174316406, 295.0
0.36330580711364746, 295.0
0.36533403396606445, 295.0
0.3673269748687744, 295.0
0.369290828704834, 295.0
0.37131786346435547, 295.0
0.37328290939331055, 295.0
0.37529492378234863, 295.0
0.3772857189178467, 295.0
0.379274845123291, 295.0
0.38124680519104004, 295.0
0.3832707405090332, 295.0
0.3852689266204834, 295.0
0.38724780082702637, 295.0
0.3892238140106201, 295.0
0.3912167549133301, 295.0
0.3931899070739746, 295.0
0.39519786834716797, 295.0
0.3971869945526123, 295.0
0.39919471740722656, 295.0
0.4011528491973877, 295.0
0.4031789302825928, 295.0
0.40514469146728516, 295.0
