0.0026051998138427734, 923.0
0.006165027618408203, 923.0
0.00978708267211914, 945.0
0.013441085815429688, 960.0
0.017070293426513672, 1004.0
0.020708322525024414, 1013.0
0.024389028549194336, 1018.0
0.028083086013793945, 1018.0
0.0319371223449707, 1024.0
0.03557419776916504, 1024.0
0.03924107551574707, 1024.0
0.04292893409729004, 1024.0
0.04660201072692871, 1024.0
0.050292015075683594, 1024.0
0.053977251052856445, 1024.0
0.057639122009277344, 1024.0
0.06130790710449219, 1024.0
0.06499695777893066, 1024.0
0.06867623329162598, 1024.0
0.07233810424804688, 1024.0
0.07599592208862305, 1024.0
0.07967805862426758, 1024.0
0.08336329460144043, 1024.0
0.08703112602233887, 1024.0
0.09070611000061035, 1024.0
0.09442019462585449, 1024.0
0.09811902046203613, 1024.0
0.1018068790435791, 1024.0
0.10545897483825684, 1024.0
0.10913515090942383, 1024.0
0.11281013488769531, 1024.0
0.11644291877746582, 1024.0
0.12010908126831055, 1024.0
0.12378907203674316, 1024.0
0.12745094299316406, 1024.0
0.13117122650146484, 1024.0
0.13486504554748535, 1024.0
0.13860416412353516, 1024.0
0.14229106903076172, 1024.0
0.14597725868225098, 1024.0
0.14969301223754883, 1024.0
0.15343022346496582, 1024.0
0.15720200538635254, 1024.0
0.16091704368591309, 1024.0
0.16464805603027344, 1024.0
0.16843819618225098, 1024.0
0.17212820053100586, 1024.0
0.17578816413879395, 1024.0
0.17949223518371582, 1024.0
0.1831831932067871, 1024.0
0.18690109252929688, 1024.0
0.19062113761901855, 1024.0
0.19434189796447754, 1024.0
0.19802188873291016, 1024.0
0.201707124710083, 1024.0
0.20539307594299316, 1024.0
0.20911908149719238, 1024.0
0.21286606788635254, 1024.0
0.21665430068969727, 1024.0
0.22036409378051758, 1024.0
0.22411823272705078, 1024.0
0.22775816917419434, 1024.0
0.2314281463623047, 1024.0
0.2350471019744873, 1024.0
0.2387709617614746, 1024.0
0.2425072193145752, 1024.0
0.24627304077148438, 1024.0
0.24998092651367188, 1024.0
0.25359392166137695, 1024.0
0.2572910785675049, 1024.0
0.2609591484069824, 1024.0
0.26455211639404297, 1024.0
0.26822400093078613, 1024.0
0.2717781066894531, 1024.0
0.27536916732788086, 1024.0
0.2789120674133301, 1024.0
0.2824850082397461, 1024.0
0.2860391139984131, 1024.0
0.2895932197570801, 1024.0
0.29317808151245117, 1024.0
0.2967250347137451, 1024.0
0.30028390884399414, 1024.0
0.30384016036987305, 1024.0
0.30739307403564453, 1024.0
0.31096720695495605, 1024.0
0.3145151138305664, 1024.0
0.31806230545043945, 1024.0
0.32161426544189453, 1024.0
0.3251678943634033, 1024.0
0.32871198654174805, 1024.0
0.332355260848999, 1024.0
0.3359100818634033, 1024.0
0.33945298194885254, 1024.0
0.34301304817199707, 1024.0
0.3465900421142578, 1024.0
0.3502311706542969, 1024.0
0.3537890911102295, 1024.0
0.3573791980743408, 1024.0
0.3609449863433838, 1024.0
0.36449217796325684, 1024.0
0.36804699897766113, 1024.0
0.37160396575927734, 1024.0
0.37515711784362793, 1024.0
0.3786940574645996, 1024.0
0.38225507736206055, 1024.0
0.385817289352417, 1024.0
0.38936710357666016, 1024.0
0.3929429054260254, 1024.0
0.3965179920196533, 1024.0
0.4001290798187256, 1024.0
0.4037010669708252, 1024.0
0.4073491096496582, 1024.0
0.41095519065856934, 1024.0
0.41458892822265625, 1024.0
0.4182450771331787, 1024.0
0.4218311309814453, 1024.0
0.42543506622314453, 1024.0
0.42902517318725586, 1024.0
0.43262600898742676, 1024.0
0.43616318702697754, 1024.0
0.4397132396697998, 1024.0
0.443331241607666, 1024.0
0.446911096572876, 1024.0
0.45055222511291504, 1024.0
0.45430707931518555, 1024.0
0.45802807807922363, 1024.0
0.46169090270996094, 1024.0
0.46546101570129395, 1024.0
0.46924924850463867, 1024.0
0.4728810787200928, 1024.0
0.47652101516723633, 1024.0
0.48006415367126465, 1024.0
0.4836561679840088, 1024.0
0.48720693588256836, 1024.0
0.4909660816192627, 1024.0
0.4945962429046631, 1024.0
0.49821901321411133, 1024.0
0.5018329620361328, 1024.0
0.5054621696472168, 1024.0
0.5091640949249268, 1024.0
0.5128860473632812, 1024.0
0.5165801048278809, 1024.0
0.5202388763427734, 1024.0
0.5239832401275635, 1024.0
0.5275101661682129, 1024.0
0.5310900211334229, 1024.0
0.5346791744232178, 1024.0
0.5382320880889893, 1024.0
0.5418431758880615, 1024.0
0.5453982353210449, 1024.0
0.5490109920501709, 1024.0
0.5525772571563721, 1024.0
0.5561649799346924, 1024.0
0.5597481727600098, 1024.0
0.5633139610290527, 1024.0
0.5669069290161133, 1024.0
0.570465087890625, 1024.0
0.5740430355072021, 1024.0
0.5775821208953857, 1024.0
0.5811600685119629, 1024.0
0.5847492218017578, 1024.0
0.5883369445800781, 1024.0
0.5919339656829834, 1024.0
0.5954840183258057, 1024.0
0.5991072654724121, 1024.0
0.6026499271392822, 1024.0
0.6061949729919434, 1024.0
0.609748125076294, 1024.0
0.6133079528808594, 1024.0
0.6168699264526367, 1024.0
0.6204071044921875, 1024.0
0.6240170001983643, 1024.0
0.6275660991668701, 1024.0
0.631148099899292, 1024.0
0.634667158126831, 1024.0
0.6382379531860352, 1024.0
0.6418261528015137, 1024.0
0.6453571319580078, 1024.0
0.6489591598510742, 1024.0
0.6524941921234131, 1024.0
0.6560580730438232, 1024.0
0.6596190929412842, 1024.0
0.6631791591644287, 1024.0
0.6667389869689941, 1024.0
0.6702821254730225, 1024.0
0.673997163772583, 1024.0
0.6776680946350098, 1024.0
0.6813170909881592, 1024.0
0.6849281787872314, 1024.0
0.6885311603546143, 1024.0
0.6921460628509521, 1024.0
0.6957180500030518, 1024.0
0.699315071105957, 1024.0
0.7029130458831787, 1024.0
0.7065219879150391, 1024.0
0.7101409435272217, 1024.0
0.7136950492858887, 1024.0
0.7172701358795166, 1024.0
0.7208011150360107, 1024.0
0.7244110107421875, 1024.0
0.72794508934021, 1024.0
