0.0011000633239746094, 107.0
0.002744913101196289, 107.0
0.004369974136352539, 107.0
0.005966901779174805, 107.0
0.007645130157470703, 107.0
0.009160995483398438, 107.0
0.01063990592956543, 107.0
0.012113094329833984, 107.0
0.013630151748657227, 107.0
0.015115022659301758, 107.0
0.01671314239501953, 107.0
0.018229007720947266, 107.0
0.019714832305908203, 107.0
0.021216154098510742, 107.0
0.02270817756652832, 107.0
0.0243070125579834, 107.0
0.025783061981201172, 107.0
0.027266979217529297, 107.0
0.02875804901123047, 107.0
0.03027486801147461, 107.0
0.031770944595336914, 107.0
0.03330206871032715, 107.0
0.03479194641113281, 107.0
0.036270856857299805, 107.0
0.037740230560302734, 107.0
0.03920793533325195, 107.0
0.040719032287597656, 107.0
0.04222393035888672, 107.0
0.04369306564331055, 107.0
0.045162200927734375, 107.0
0.04662513732910156, 107.0
0.048089027404785156, 107.0
0.04959702491760254, 107.0
0.051064252853393555, 107.0
0.05253410339355469, 107.0
0.05399799346923828, 107.0
0.055474042892456055, 107.0
0.05698895454406738, 107.0
0.05844998359680176, 107.0
0.059916019439697266, 107.0
0.06138300895690918, 107.0
0.06284904479980469, 107.0
0.06432008743286133, 107.0
0.06583309173583984, 107.0
0.06731915473937988, 107.0
0.06880593299865723, 107.0
0.07027697563171387, 107.0
0.07173991203308105, 107.0
0.07322096824645996, 107.0
0.07472395896911621, 107.0
0.07620000839233398, 107.0
0.07767605781555176, 107.0
0.07918024063110352, 107.0
0.08064389228820801, 107.0
0.08215618133544922, 107.0
0.08362722396850586, 107.0
0.08517003059387207, 107.0
0.08668184280395508, 107.0
0.08817601203918457, 107.0
0.08965301513671875, 107.0
0.09114503860473633, 107.0
0.09263014793395996, 107.0
0.09410500526428223, 107.0
0.09558796882629395, 107.0
0.09707498550415039, 107.0
0.0985879898071289, 107.0
0.10005593299865723, 107.0
0.10154914855957031, 107.0
0.10306000709533691, 107.0
0.10469889640808105, 107.0
0.10621190071105957, 107.0
0.10779094696044922, 107.0
0.10931587219238281, 107.0
0.11083197593688965, 107.0
0.11234402656555176, 107.0
0.11383724212646484, 107.0
0.11533713340759277, 107.0
0.11683011054992676, 107.0
0.1183769702911377, 107.0
0.1198720932006836, 107.0
0.1213679313659668, 107.0
0.12291502952575684, 107.0
0.12441611289978027, 107.0
0.12592506408691406, 107.0
0.12741899490356445, 107.0
0.12892699241638184, 107.0
0.13042807579040527, 107.0
0.13199901580810547, 107.0
0.13352108001708984, 107.0
0.1350109577178955, 107.0
0.13650202751159668, 107.0
0.13801312446594238, 107.0
0.1395399570465088, 107.0
0.1410970687866211, 107.0
0.1426241397857666, 107.0
0.14410090446472168, 107.0
0.14556407928466797, 107.0
0.1470329761505127, 107.0
0.14850497245788574, 107.0
0.15003085136413574, 107.0
0.1514880657196045, 107.0
0.15296101570129395, 107.0
0.15444207191467285, 107.0
0.15593409538269043, 107.0
0.15745019912719727, 107.0
0.158919095993042, 107.0
0.16039609909057617, 107.0
0.16187810897827148, 107.0
0.16334295272827148, 107.0
0.16482114791870117, 107.0
0.1663360595703125, 107.0
0.167863130569458, 107.0
0.16932415962219238, 107.0
0.17081093788146973, 107.0
0.17228293418884277, 107.0
0.17380309104919434, 107.0
0.1753082275390625, 107.0
0.1768050193786621, 107.0
0.17827701568603516, 107.0
0.1797468662261963, 107.0
0.18122410774230957, 107.0
0.18270611763000488, 107.0
0.18417692184448242, 107.0
0.18564796447753906, 107.0
0.1871190071105957, 107.0
0.1885981559753418, 107.0
0.1900789737701416, 107.0
0.19153594970703125, 107.0
0.19301414489746094, 107.0
0.19448089599609375, 107.0
0.19595003128051758, 107.0
0.19742703437805176, 107.0
0.19889497756958008, 107.0
0.20037508010864258, 107.0
0.20184087753295898, 107.0
0.20330190658569336, 107.0
0.20476293563842773, 107.0
0.20623111724853516, 107.0
0.20770907402038574, 107.0
0.20917320251464844, 107.0
0.21063709259033203, 107.0
0.2121419906616211, 107.0
0.21370983123779297, 107.0
0.2152998447418213, 107.0
0.2167959213256836, 107.0
0.21826386451721191, 107.0
0.2197279930114746, 107.0
0.22122502326965332, 107.0
0.22269010543823242, 107.0
0.22425508499145508, 107.0
0.22577118873596191, 107.0
0.22723603248596191, 107.0
0.2287280559539795, 107.0
0.23019099235534668, 107.0
0.231673002243042, 107.0
0.23313689231872559, 107.0
0.23461413383483887, 107.0
0.23608708381652832, 107.0
0.23757290840148926, 107.0
0.23905324935913086, 107.0
0.24055194854736328, 107.0
0.24203920364379883, 107.0
0.2435438632965088, 107.0
0.24500703811645508, 107.0
0.2464761734008789, 107.0
0.24797511100769043, 107.0
0.2494521141052246, 107.0
0.2509191036224365, 107.0
0.2523829936981201, 107.0
0.25385403633117676, 107.0
0.25532102584838867, 107.0
0.25679802894592285, 107.0
0.2582700252532959, 107.0
0.2597370147705078, 107.0
0.26121091842651367, 107.0
0.26267409324645996, 107.0
0.2641448974609375, 107.0
0.2656090259552002, 107.0
0.2670748233795166, 107.0
0.2685410976409912, 107.0
0.27001190185546875, 107.0
0.2714698314666748, 107.0
0.27294492721557617, 107.0
0.2744138240814209, 107.0
0.2758820056915283, 107.0
0.27735304832458496, 107.0
0.2788119316101074, 107.0
0.28028392791748047, 107.0
0.281757116317749, 107.0
0.28322315216064453, 107.0
0.2847299575805664, 107.0
0.28621816635131836, 107.0
0.2876901626586914, 107.0
0.2891530990600586, 107.0
0.2906179428100586, 107.0
0.292086124420166, 107.0
0.29355406761169434, 107.0
0.2950160503387451, 107.0
0.29648590087890625, 107.0
0.2979600429534912, 107.0
0.29943203926086426, 107.0
