0.0013580322265625, 295.0
0.0032639503479003906, 295.0
0.005208015441894531, 295.0
0.0072650909423828125, 295.0
0.009151220321655273, 295.0
0.011115074157714844, 295.0
0.01307225227355957, 295.0
0.015093326568603516, 295.0
0.017126083374023438, 295.0
0.01915431022644043, 295.0
0.021148204803466797, 295.0
0.02317523956298828, 295.0
0.02517414093017578, 295.0
0.027164220809936523, 295.0
0.02916407585144043, 295.0
0.03116321563720703, 295.0
0.03320026397705078, 295.0
0.035224199295043945, 295.0
0.037229061126708984, 295.0
0.039234161376953125, 295.0
0.041216135025024414, 295.0
0.04324221611022949, 295.0
0.04525423049926758, 295.0
0.04725027084350586, 295.0
0.04925203323364258, 295.0
0.05127120018005371, 295.0
0.053263187408447266, 295.0
0.05530524253845215, 295.0
0.057301998138427734, 295.0
0.05929923057556152, 295.0
0.06127619743347168, 295.0
0.06330513954162598, 295.0
0.06529116630554199, 295.0
0.0673062801361084, 295.0
0.06930208206176758, 295.0
0.07129120826721191, 295.0
0.0733191967010498, 295.0
0.07529902458190918, 295.0
0.07729625701904297, 295.0
0.07927703857421875, 295.0
0.08131623268127441, 295.0
0.08331418037414551, 295.0
0.08530616760253906, 295.0
0.08733320236206055, 295.0
0.08935809135437012, 295.0
0.09135937690734863, 295.0
0.09337425231933594, 295.0
0.09540033340454102, 295.0
0.09740209579467773, 295.0
0.09946012496948242, 295.0
0.10145020484924316, 295.0
0.10343599319458008, 295.0
0.10546016693115234, 295.0
0.10744905471801758, 295.0
0.10942816734313965, 295.0
0.11141228675842285, 295.0
0.11342620849609375, 295.0
0.11541032791137695, 295.0
0.11740899085998535, 295.0
0.11940217018127441, 295.0
0.12141633033752441, 295.0
0.12340712547302246, 295.0
0.12539005279541016, 295.0
0.1274111270904541, 295.0
0.12938427925109863, 295.0
0.13141608238220215, 295.0
0.13340520858764648, 295.0
0.13538503646850586, 295.0
0.13739919662475586, 295.0
0.13938021659851074, 295.0
0.1414031982421875, 295.0
0.14339303970336914, 295.0
0.14537596702575684, 295.0
0.14742517471313477, 295.0
0.14943313598632812, 295.0
0.15145111083984375, 295.0
0.1534409523010254, 295.0
0.15543818473815918, 295.0
0.15742826461791992, 295.0
0.1594233512878418, 295.0
0.16144609451293945, 295.0
0.163438081741333, 295.0
0.16542410850524902, 295.0
0.1674511432647705, 295.0
0.16944313049316406, 295.0
0.1714341640472412, 295.0
0.17342019081115723, 295.0
0.17543816566467285, 295.0
0.17743206024169922, 295.0
0.1794421672821045, 295.0
0.18141722679138184, 295.0
0.18343806266784668, 295.0
0.18538331985473633, 295.0
0.18740510940551758, 295.0
0.1894221305847168, 295.0
0.19138407707214355, 295.0
0.19340205192565918, 295.0
0.19538617134094238, 295.0
0.19738125801086426, 295.0
0.19937825202941895, 295.0
0.20136427879333496, 295.0
0.20338821411132812, 295.0
0.20537519454956055, 295.0
0.20740294456481934, 295.0
0.20950722694396973, 295.0
0.21149635314941406, 295.0
0.21352219581604004, 295.0
0.21555137634277344, 295.0
0.21760821342468262, 295.0
0.21961331367492676, 295.0
0.22162413597106934, 295.0
0.2236192226409912, 295.0
0.22563910484313965, 295.0
0.22763633728027344, 295.0
0.22962021827697754, 295.0
0.23163628578186035, 295.0
0.23362517356872559, 295.0
0.23564720153808594, 295.0
0.2376570701599121, 295.0
0.23964810371398926, 295.0
0.24166011810302734, 295.0
0.24366426467895508, 295.0
0.24564909934997559, 295.0
0.24768519401550293, 295.0
0.24967122077941895, 295.0
0.2516751289367676, 295.0
0.253676176071167, 295.0
0.25565624237060547, 295.0
0.25765013694763184, 295.0
0.25965213775634766, 295.0
0.26164913177490234, 295.0
0.26361799240112305, 295.0
0.2656271457672119, 295.0
0.2676241397857666, 295.0
0.2696042060852051, 295.0
0.2716090679168701, 295.0
0.27360105514526367, 295.0
0.2755851745605469, 295.0
0.2776050567626953, 295.0
0.2796010971069336, 295.0
0.28157901763916016, 295.0
0.2835872173309326, 295.0
0.28556323051452637, 295.0
0.2875850200653076, 295.0
0.2895331382751465, 295.0
0.2915470600128174, 295.0
0.29352903366088867, 295.0
0.2955310344696045, 295.0
0.29752016067504883, 295.0
0.2995121479034424, 295.0
0.3015131950378418, 295.0
0.3035001754760742, 295.0
0.3054792881011963, 295.0
0.3074989318847656, 295.0
0.30948615074157715, 295.0
0.3114771842956543, 295.0
0.3134901523590088, 295.0
0.31547999382019043, 295.0
0.3174619674682617, 295.0
0.31948423385620117, 295.0
0.3214602470397949, 295.0
0.3234522342681885, 295.0
0.3254661560058594, 295.0
0.32744503021240234, 295.0
0.32941627502441406, 295.0
0.331423282623291, 295.0
0.33339715003967285, 295.0
0.3353891372680664, 295.0
0.33739733695983887, 295.0
0.3393740653991699, 295.0
0.3413569927215576, 295.0
0.3433382511138916, 295.0
0.34534597396850586, 295.0
0.34732913970947266, 295.0
0.349318265914917, 295.0
0.3513031005859375, 295.0
0.3533182144165039, 295.0
0.3553180694580078, 295.0
0.3573172092437744, 295.0
0.3592979907989502, 295.0
0.3613302707672119, 295.0
0.3633232116699219, 295.0
0.36530137062072754, 295.0
0.36728525161743164, 295.0
0.36928725242614746, 295.0
0.37126922607421875, 295.0
0.3732631206512451, 295.0
0.37527012825012207, 295.0
0.3773162364959717, 295.0
0.3793141841888428, 295.0
0.38133907318115234, 295.0
0.38341236114501953, 295.0
0.3854351043701172, 295.0
0.3874082565307617, 295.0
0.3894071578979492, 295.0
0.39142608642578125, 295.0
0.3934032917022705, 295.0
0.3954150676727295, 295.0
0.3973853588104248, 295.0
0.39939212799072266, 295.0
0.4014410972595215, 295.0
