0.001428842544555664, 52.0
0.0034830570220947266, 52.0
0.005496978759765625, 52.0
0.007615804672241211, 52.0
0.009603023529052734, 52.0
0.011591911315917969, 52.0
0.01364588737487793, 52.0
0.015570878982543945, 52.0
0.017518997192382812, 52.0
0.019455909729003906, 52.0
0.021405935287475586, 52.0
0.023333072662353516, 52.0
0.025259017944335938, 52.0
0.0271759033203125, 52.0
0.029100894927978516, 52.0
0.031022071838378906, 52.0
0.03294205665588379, 52.0
0.03485584259033203, 52.0
0.03683590888977051, 52.0
0.038751840591430664, 52.0
0.04066300392150879, 52.0
0.04257607460021973, 52.0
0.044510841369628906, 52.0
0.04642605781555176, 52.0
0.04835081100463867, 52.0
0.050276994705200195, 52.0
0.05220603942871094, 52.0
0.05415797233581543, 52.0
0.056082963943481445, 52.0
0.05800294876098633, 52.0
0.05992293357849121, 52.0
0.06191396713256836, 52.0
0.06392693519592285, 52.0
0.0658409595489502, 52.0
0.0677649974822998, 52.0
0.06970596313476562, 52.0
0.0716409683227539, 52.0
0.0735929012298584, 52.0
0.07552719116210938, 52.0
0.07745099067687988, 52.0
0.07938289642333984, 52.0
0.08130693435668945, 52.0
0.08323097229003906, 52.0
0.08515191078186035, 52.0
0.08713006973266602, 52.0
0.08905386924743652, 52.0
0.09100008010864258, 52.0
0.09290790557861328, 52.0
0.09482312202453613, 52.0
0.09673905372619629, 52.0
0.09865784645080566, 52.0
0.10057497024536133, 52.0
0.10251593589782715, 52.0
0.1044459342956543, 52.0
0.10637307167053223, 52.0
0.1082909107208252, 52.0
0.11020898818969727, 52.0
0.11217498779296875, 52.0
0.11409497261047363, 52.0
0.11603283882141113, 52.0
0.11794710159301758, 52.0
0.11988282203674316, 52.0
0.12186789512634277, 52.0
0.12383508682250977, 52.0
0.1257920265197754, 52.0
0.12775397300720215, 52.0
0.12973999977111816, 52.0
0.13176584243774414, 52.0
0.1337718963623047, 52.0
0.13575291633605957, 52.0
0.13773798942565918, 52.0
0.13972902297973633, 52.0
0.14170002937316895, 52.0
0.1437089443206787, 52.0
0.14569687843322754, 52.0
0.14768409729003906, 52.0
0.14966702461242676, 52.0
0.15164995193481445, 52.0
0.15364909172058105, 52.0
0.1556248664855957, 52.0
0.15755701065063477, 52.0
0.15947890281677246, 52.0
0.16141295433044434, 52.0
0.1635279655456543, 52.0
0.16553902626037598, 52.0
0.16754889488220215, 52.0
0.16951584815979004, 52.0
0.17149901390075684, 52.0
0.17350292205810547, 52.0
0.1754758358001709, 52.0
0.17745709419250488, 52.0
0.1794910430908203, 52.0
0.18152904510498047, 52.0
0.18355703353881836, 52.0
0.1855621337890625, 52.0
0.1875760555267334, 52.0
0.18957209587097168, 52.0
0.19156813621520996, 52.0
0.193572998046875, 52.0
0.1955718994140625, 52.0
0.1975710391998291, 52.0
0.19956707954406738, 52.0
0.20157504081726074, 52.0
0.2035830020904541, 52.0
0.2055819034576416, 52.0
0.2075791358947754, 52.0
0.20959782600402832, 52.0
0.21159696578979492, 52.0
0.21359515190124512, 52.0
0.21560096740722656, 52.0
0.21762704849243164, 52.0
0.21966981887817383, 52.0
0.22167181968688965, 52.0
0.22368192672729492, 52.0
0.22560715675354004, 52.0
0.2275409698486328, 52.0
0.22948908805847168, 52.0
0.2314128875732422, 52.0
0.23340892791748047, 52.0
0.23535895347595215, 52.0
0.23737597465515137, 52.0
0.23931598663330078, 52.0
0.241257905960083, 52.0
0.24321508407592773, 52.0
0.24520182609558105, 52.0
0.24721097946166992, 52.0
0.24921393394470215, 52.0
0.2512171268463135, 52.0
0.2532188892364502, 52.0
0.25523996353149414, 52.0
0.25723695755004883, 52.0
0.25925397872924805, 52.0
0.2612137794494629, 52.0
0.26320505142211914, 52.0
0.2652158737182617, 52.0
0.26723599433898926, 52.0
0.26920604705810547, 52.0
0.27123093605041504, 52.0
0.2731800079345703, 52.0
0.2750670909881592, 52.0
0.2769467830657959, 52.0
0.2788679599761963, 52.0
0.28076696395874023, 52.0
0.28264594078063965, 52.0
0.28454017639160156, 52.0
0.28643798828125, 52.0
0.28838086128234863, 52.0
0.2902798652648926, 52.0
0.2921750545501709, 52.0
0.2940859794616699, 52.0
0.2959768772125244, 52.0
0.29786205291748047, 52.0
0.299746036529541, 52.0
0.3016350269317627, 52.0
0.30358004570007324, 52.0
0.30547595024108887, 52.0
0.30736708641052246, 52.0
0.30925679206848145, 52.0
0.3111579418182373, 52.0
0.31310200691223145, 52.0
0.31499195098876953, 52.0
0.3168799877166748, 52.0
0.3187899589538574, 52.0
0.3207111358642578, 52.0
0.3226008415222168, 52.0
0.32448792457580566, 52.0
0.32638001441955566, 52.0
0.32828474044799805, 52.0
0.3301670551300049, 52.0
0.3320450782775879, 52.0
0.33393096923828125, 52.0
0.3358139991760254, 52.0
0.33772897720336914, 52.0
0.3396148681640625, 52.0
0.34149909019470215, 52.0
0.34338974952697754, 52.0
0.3453059196472168, 52.0
0.3471989631652832, 52.0
0.34909510612487793, 52.0
0.3509831428527832, 52.0
0.3528738021850586, 52.0
0.35480690002441406, 52.0
0.356691837310791, 52.0
0.3585820198059082, 52.0
0.3604929447174072, 52.0
0.3623831272125244, 52.0
0.36427903175354004, 52.0
0.366163969039917, 52.0
0.3680601119995117, 52.0
0.3699760437011719, 52.0
0.37189793586730957, 52.0
0.3739008903503418, 52.0
0.375823974609375, 52.0
0.37775611877441406, 52.0
0.3797030448913574, 52.0
0.3815908432006836, 52.0
0.3834857940673828, 52.0
0.38538599014282227, 52.0
0.38727807998657227, 52.0
0.389240026473999, 52.0
0.39111995697021484, 52.0
