1.2874603271484375e-05, 78.0
2.09808349609375e-05, 153.0
2.6941299438476562e-05, 225.0
3.3855438232421875e-05, 316.0
3.981590270996094e-05, 391.0
6.4849853515625e-05, 416.0
7.081031799316406e-05, 491.0
7.677078247070312e-05, 531.0
8.296966552734375e-05, 571.0
8.893013000488281e-05, 606.0
0.00010180473327636719, 621.0
0.00030803680419921875, 637.0
0.00032067298889160156, 648.0
0.000392913818359375, 718.0
0.0004050731658935547, 779.0
0.0004169940948486328, 781.0
0.0004229545593261719, 796.0
0.0006437301635742188, 829.0
0.0006499290466308594, 907.0
0.0006628036499023438, 911.0
0.012044668197631836, 915.0
0.035951852798461914, 918.0
0.03728795051574707, 939.0
0.08028602600097656, 940.0
0.13640880584716797, 962.0
0.22818684577941895, 999.0
0.3413119316101074, 1014.0
0.36142992973327637, 1025.0
