1.3113021850585938e-05, 72.0
2.09808349609375e-05, 147.0
2.7894973754882812e-05, 222.0
3.409385681152344e-05, 237.0
5.888938903808594e-05, 266.0
6.508827209472656e-05, 329.0
7.081031799316406e-05, 337.0
7.796287536621094e-05, 377.0
8.392333984375e-05, 406.0
9.703636169433594e-05, 422.0
0.00010275840759277344, 500.0
0.00019407272338867188, 514.0
0.0002067089080810547, 581.0
0.0002129077911376953, 671.0
0.00021982192993164062, 686.0
0.00030994415283203125, 713.0
0.00043702125549316406, 736.0
0.0004489421844482422, 748.0
0.00045490264892578125, 788.0
0.0013759136199951172, 810.0
0.0017960071563720703, 819.0
0.006635904312133789, 850.0
0.008713006973266602, 865.0
0.011972904205322266, 875.0
0.02190995216369629, 925.0
0.021927833557128906, 986.0
0.06751370429992676, 992.0
0.32138895988464355, 1002.0
0.3213958740234375, 1010.0
0.3289978504180908, 1014.0
0.38285279273986816, 1025.0
