1.1920928955078125e-05, 90.0
1.9788742065429688e-05, 153.0
2.574920654296875e-05, 182.0
3.1948089599609375e-05, 228.0
3.790855407714844e-05, 268.0
4.38690185546875e-05, 329.0
4.982948303222656e-05, 407.0
5.602836608886719e-05, 484.0
0.00017976760864257812, 518.0
0.00021600723266601562, 555.0
0.00031685829162597656, 562.0
0.0003287792205810547, 566.0
0.00033473968505859375, 601.0
0.0003876686096191406, 669.0
0.00039386749267578125, 744.0
0.0005218982696533203, 754.0
0.000598907470703125, 761.0
0.0008339881896972656, 794.0
0.0008399486541748047, 840.0
0.006273984909057617, 843.0
0.007542848587036133, 852.0
0.018036842346191406, 860.0
0.02162790298461914, 876.0
0.022055864334106445, 895.0
0.022583961486816406, 899.0
0.02259087562561035, 939.0
0.025439977645874023, 948.0
0.18917393684387207, 962.0
0.2755088806152344, 977.0
0.27962803840637207, 979.0
0.3361237049102783, 1011.0
0.33622193336486816, 1017.0
0.3519878387451172, 1025.0
