1.0967254638671875e-05, 482.0
1.8835067749023438e-05, 1444.0
2.5987625122070312e-05, 2418.0
3.2901763916015625e-05, 3388.0
4.601478576660156e-05, 3393.0
6.699562072753906e-05, 4363.0
7.295608520507812e-05, 4848.0
9.393692016601562e-05, 5342.0
0.0001068115234375, 5345.0
0.00012087821960449219, 5832.0
0.00014781951904296875, 6323.0
0.00015473365783691406, 7281.0
0.00016188621520996094, 8242.0
0.00020194053649902344, 8753.0
0.00035500526428222656, 9206.0
0.0003960132598876953, 9671.0
0.0004239082336425781, 9681.0
0.0008597373962402344, 9691.0
0.0013358592987060547, 9697.0
0.00290679931640625, 9719.0
0.002920866012573242, 9722.0
0.002942800521850586, 9737.0
0.0030629634857177734, 9745.0
0.00494384765625, 9746.0
0.03807783126831055, 9754.0
0.08908581733703613, 9755.0
0.18452692031860352, 9757.0
