1.4066696166992188e-05, 959.0
2.3126602172851562e-05, 1917.0
2.9087066650390625e-05, 2887.0
4.315376281738281e-05, 2907.0
5.0067901611328125e-05, 3887.0
5.7220458984375e-05, 4372.0
6.413459777832031e-05, 5349.0
9.608268737792969e-05, 5812.0
0.000102996826171875, 6786.0
0.00019407272338867188, 6793.0
0.00020813941955566406, 6812.0
0.00026702880859375, 7169.0
0.00028705596923828125, 8126.0
0.0003001689910888672, 8230.0
0.0003070831298828125, 8717.0
0.0003142356872558594, 9574.0
0.0003268718719482422, 9589.0
0.0006031990051269531, 9701.0
0.001680135726928711, 9722.0
0.002267122268676758, 9731.0
0.003130197525024414, 9732.0
0.005905866622924805, 9743.0
0.03783106803894043, 9751.0
0.13705110549926758, 9753.0
0.14641904830932617, 9754.0
0.20150208473205566, 9755.0
