0.003013134002685547, 9739.0
0.006929159164428711, 9758.0
0.010699033737182617, 9762.0
0.01452016830444336, 9762.0
0.018249988555908203, 9763.0
0.021984100341796875, 9763.0
0.025658130645751953, 9763.0
0.02929997444152832, 9763.0
0.03307533264160156, 9765.0
0.03726315498352051, 9766.0
0.041245222091674805, 9766.0
0.04483914375305176, 9767.0
0.0485992431640625, 9767.0
0.052149057388305664, 9767.0
0.05569934844970703, 9767.0
0.059262990951538086, 9767.0
0.06280517578125, 9767.0
0.0663301944732666, 9767.0
0.06986117362976074, 9767.0
0.0733792781829834, 9767.0
0.07690906524658203, 9767.0
0.08044695854187012, 9767.0
0.08398008346557617, 9767.0
0.08752727508544922, 9767.0
0.09114599227905273, 9767.0
0.09472823143005371, 9767.0
0.09849905967712402, 9767.0
0.10212421417236328, 9767.0
0.10577917098999023, 9767.0
0.10939598083496094, 9767.0
0.11301827430725098, 9767.0
0.11666512489318848, 9767.0
0.12036609649658203, 9767.0
0.12404108047485352, 9767.0
0.1276092529296875, 9767.0
0.1311790943145752, 9767.0
0.1347332000732422, 9767.0
0.13829922676086426, 9767.0
0.14188218116760254, 9767.0
0.1454300880432129, 9767.0
0.14898109436035156, 9767.0
0.15252923965454102, 9767.0
0.15608620643615723, 9767.0
0.15964126586914062, 9767.0
0.16319632530212402, 9767.0
0.1667461395263672, 9767.0
0.1703023910522461, 9767.0
0.17383217811584473, 9767.0
0.1773982048034668, 9767.0
0.18095111846923828, 9767.0
0.1844942569732666, 9767.0
0.18804407119750977, 9767.0
0.19162416458129883, 9767.0
0.1951770782470703, 9767.0
0.19872307777404785, 9767.0
0.20228314399719238, 9767.0
0.20583820343017578, 9767.0
0.20937514305114746, 9767.0
0.2129662036895752, 9767.0
0.21669721603393555, 9767.0
0.22026801109313965, 9767.0
0.22391295433044434, 9767.0
0.22751903533935547, 9767.0
0.2310962677001953, 9767.0
0.23464608192443848, 9767.0
0.23821806907653809, 9767.0
0.24177932739257812, 9767.0
0.24532103538513184, 9767.0
0.2489151954650879, 9767.0
0.2524712085723877, 9767.0
0.25602006912231445, 9767.0
0.25957202911376953, 9767.0
0.2631371021270752, 9767.0
0.26668620109558105, 9767.0
0.2702341079711914, 9767.0
0.2737722396850586, 9767.0
0.2773110866546631, 9767.0
0.2808403968811035, 9767.0
0.28436708450317383, 9767.0
0.28791308403015137, 9767.0
0.2914550304412842, 9767.0
0.2949981689453125, 9767.0
0.2985541820526123, 9767.0
0.3020820617675781, 9767.0
0.3056020736694336, 9767.0
0.30913734436035156, 9767.0
0.31266212463378906, 9767.0
0.3161940574645996, 9767.0
0.31972622871398926, 9767.0
0.32327914237976074, 9767.0
0.32680320739746094, 9767.0
0.3303241729736328, 9767.0
0.3338601589202881, 9767.0
0.3374042510986328, 9767.0
0.3409311771392822, 9767.0
0.34445619583129883, 9767.0
0.3480222225189209, 9767.0
0.3515591621398926, 9767.0
0.355100154876709, 9767.0
0.3586392402648926, 9767.0
0.36218810081481934, 9767.0
0.36583518981933594, 9767.0
0.3693571090698242, 9767.0
0.37290430068969727, 9767.0
0.37642431259155273, 9767.0
0.37996530532836914, 9767.0
0.3835179805755615, 9767.0
0.38703227043151855, 9767.0
0.39057326316833496, 9767.0
0.3941011428833008, 9767.0
0.39762425422668457, 9767.0
0.40114712715148926, 9767.0
0.4046671390533447, 9767.0
0.408217191696167, 9767.0
0.4117612838745117, 9767.0
0.4153013229370117, 9767.0
0.41883420944213867, 9767.0
0.42237424850463867, 9767.0
0.4258911609649658, 9767.0
0.42941808700561523, 9767.0
0.4329850673675537, 9767.0
0.4365110397338867, 9767.0
0.4400341510772705, 9767.0
0.443737268447876, 9767.0
0.4473142623901367, 9767.0
0.45083117485046387, 9767.0
0.4543769359588623, 9767.0
0.4579482078552246, 9767.0
0.46146321296691895, 9767.0
0.46501922607421875, 9767.0
0.46854615211486816, 9767.0
0.47211527824401855, 9767.0
0.47562718391418457, 9767.0
0.4791591167449951, 9767.0
0.4827392101287842, 9767.0
0.48625612258911133, 9767.0
0.48981308937072754, 9767.0
0.49334716796875, 9767.0
0.49691319465637207, 9767.0
0.5004401206970215, 9767.0
0.5040090084075928, 9767.0
0.5075562000274658, 9767.0
0.5110881328582764, 9767.0
0.5146791934967041, 9767.0
0.5182561874389648, 9767.0
0.5218329429626465, 9767.0
0.5253760814666748, 9767.0
0.5289223194122314, 9767.0
0.5325181484222412, 9767.0
0.5360682010650635, 9767.0
0.5396580696105957, 9767.0
0.5432331562042236, 9767.0
0.546802282333374, 9767.0
0.5503621101379395, 9767.0
0.5539100170135498, 9767.0
0.5575003623962402, 9767.0
0.5610592365264893, 9767.0
0.5646572113037109, 9767.0
0.5683121681213379, 9767.0
0.5718841552734375, 9767.0
0.5754330158233643, 9767.0
0.578970193862915, 9767.0
0.5825653076171875, 9767.0
0.5861210823059082, 9767.0
0.5897471904754639, 9767.0
0.5935342311859131, 9767.0
0.5972092151641846, 9767.0
0.6008303165435791, 9767.0
0.604445219039917, 9767.0
0.6082422733306885, 9767.0
0.6119370460510254, 9767.0
0.6156480312347412, 9767.0
0.6194372177124023, 9767.0
0.6230931282043457, 9767.0
0.6268270015716553, 9767.0
0.6306490898132324, 9767.0
0.6344640254974365, 9767.0
0.6382710933685303, 9767.0
0.6420762538909912, 9767.0
0.645881175994873, 9767.0
0.649658203125, 9767.0
0.6534512042999268, 9767.0
0.657250165939331, 9767.0
0.6608750820159912, 9767.0
0.6645281314849854, 9767.0
0.6681311130523682, 9767.0
0.6717581748962402, 9767.0
0.6753652095794678, 9767.0
0.6789371967315674, 9767.0
0.6825389862060547, 9767.0
0.6861240863800049, 9767.0
0.6897153854370117, 9767.0
0.6932930946350098, 9767.0
0.696864128112793, 9767.0
0.7004680633544922, 9767.0
0.7040402889251709, 9767.0
0.7076222896575928, 9767.0
0.7112152576446533, 9767.0
0.7147960662841797, 9767.0
0.7183821201324463, 9767.0
0.7219791412353516, 9767.0
