0.001405954360961914, 52.0
0.003381013870239258, 52.0
0.005331993103027344, 52.0
0.007353782653808594, 52.0
0.009369134902954102, 52.0
0.011355876922607422, 52.0
0.013382911682128906, 52.0
0.015282869338989258, 52.0
0.017200946807861328, 52.0
0.01921391487121582, 52.0
0.021132946014404297, 52.0
0.023009061813354492, 52.0
0.024879932403564453, 52.0
0.026751041412353516, 52.0
0.028648853302001953, 52.0
0.03055882453918457, 52.0
0.03246307373046875, 52.0
0.034332990646362305, 52.0
0.036206722259521484, 52.0
0.03808307647705078, 52.0
0.039975881576538086, 52.0
0.04188680648803711, 52.0
0.043802738189697266, 52.0
0.04575800895690918, 52.0
0.04771304130554199, 52.0
0.049668073654174805, 52.0
0.051657915115356445, 52.0
0.05357003211975098, 52.0
0.05550885200500488, 52.0
0.05741596221923828, 52.0
0.05932188034057617, 52.0
0.0612337589263916, 52.0
0.06320309638977051, 52.0
0.0651090145111084, 52.0
0.06702208518981934, 52.0
0.06893277168273926, 52.0
0.07085204124450684, 52.0
0.07277202606201172, 52.0
0.07468008995056152, 52.0
0.07661986351013184, 52.0
0.07853388786315918, 52.0
0.08044791221618652, 52.0
0.0823819637298584, 52.0
0.08430194854736328, 52.0
0.086212158203125, 52.0
0.08813095092773438, 52.0
0.09010505676269531, 52.0
0.0920250415802002, 52.0
0.09394001960754395, 52.0
0.09585189819335938, 52.0
0.09778189659118652, 52.0
0.09973883628845215, 52.0
0.10168910026550293, 52.0
0.10362076759338379, 52.0
0.10553598403930664, 52.0
0.10744500160217285, 52.0
0.10937190055847168, 52.0
0.1112980842590332, 52.0
0.11321187019348145, 52.0
0.1151270866394043, 52.0
0.11704492568969727, 52.0
0.11897087097167969, 52.0
0.1209111213684082, 52.0
0.12282013893127441, 52.0
0.12474393844604492, 52.0
0.12666797637939453, 52.0
0.12859797477722168, 52.0
0.13051295280456543, 52.0
0.1324148178100586, 52.0
0.13432979583740234, 52.0
0.1362590789794922, 52.0
0.13816595077514648, 52.0
0.14008092880249023, 52.0
0.1419970989227295, 52.0
0.14395594596862793, 52.0
0.14586687088012695, 52.0
0.14780497550964355, 52.0
0.14974594116210938, 52.0
0.15166592597961426, 52.0
0.15359091758728027, 52.0
0.15549206733703613, 52.0
0.1574089527130127, 52.0
0.1593179702758789, 52.0
0.1612539291381836, 52.0
0.16317009925842285, 52.0
0.16507792472839355, 52.0
0.16698288917541504, 52.0
0.1688859462738037, 52.0
0.1707918643951416, 52.0
0.17269492149353027, 52.0
0.17464280128479004, 52.0
0.17656493186950684, 52.0
0.1784660816192627, 52.0
0.18042397499084473, 52.0
0.1824018955230713, 52.0
0.18432402610778809, 52.0
0.18625879287719727, 52.0
0.18823599815368652, 52.0
0.1901378631591797, 52.0
0.19205975532531738, 52.0
0.19401788711547852, 52.0
0.19597697257995605, 52.0
0.19793486595153809, 52.0
0.1998908519744873, 52.0
0.20185089111328125, 52.0
0.20377397537231445, 52.0
0.20580291748046875, 52.0
0.20772981643676758, 52.0
0.2097320556640625, 52.0
0.2117149829864502, 52.0
0.21371889114379883, 52.0
0.21565580368041992, 52.0
0.21756887435913086, 52.0
0.21948885917663574, 52.0
0.22147083282470703, 52.0
0.22338509559631348, 52.0
0.22531890869140625, 52.0
0.22722506523132324, 52.0
0.22914791107177734, 52.0
0.23108386993408203, 52.0
0.23298406600952148, 52.0
0.23490691184997559, 52.0
0.23682498931884766, 52.0
0.23874306678771973, 52.0
0.2406458854675293, 52.0
0.24254989624023438, 52.0
0.24445700645446777, 52.0
0.24636483192443848, 52.0
0.248276948928833, 52.0
0.250194787979126, 52.0
0.25209808349609375, 52.0
0.2539987564086914, 52.0
0.25591492652893066, 52.0
0.25782084465026855, 52.0
0.25972509384155273, 52.0
0.26164698600769043, 52.0
0.2635629177093506, 52.0
0.26546573638916016, 52.0
0.26738405227661133, 52.0
0.269298791885376, 52.0
0.27120471000671387, 52.0
0.273115873336792, 52.0
0.27502989768981934, 52.0
0.2769327163696289, 52.0
0.2788429260253906, 52.0
0.2807579040527344, 52.0
0.282667875289917, 52.0
0.2845759391784668, 52.0
0.2864959239959717, 52.0
0.2884049415588379, 52.0
0.29030489921569824, 52.0
0.29222702980041504, 52.0
0.2941298484802246, 52.0
0.29604101181030273, 52.0
0.29796886444091797, 52.0
0.29987096786499023, 52.0
0.30178308486938477, 52.0
0.30370187759399414, 52.0
0.3056008815765381, 52.0
0.3075089454650879, 52.0
0.30942392349243164, 52.0
0.3113369941711426, 52.0
0.31323790550231934, 52.0
0.31513381004333496, 52.0
0.31705498695373535, 52.0
0.318958044052124, 52.0
0.3208587169647217, 52.0
0.32277488708496094, 52.0
0.324678897857666, 52.0
0.3265829086303711, 52.0
0.32848691940307617, 52.0
0.3303847312927246, 52.0
0.33228492736816406, 52.0
0.3341970443725586, 52.0
0.3361210823059082, 52.0
0.3380300998687744, 52.0
0.3399338722229004, 52.0
0.34185194969177246, 52.0
0.3437538146972656, 52.0
0.34566283226013184, 52.0
0.34757399559020996, 52.0
0.34947991371154785, 52.0
0.35138893127441406, 52.0
0.3533039093017578, 52.0
0.35520482063293457, 52.0
0.3571169376373291, 52.0
0.3590528964996338, 52.0
0.36102986335754395, 52.0
0.3629879951477051, 52.0
0.36488914489746094, 52.0
0.36679911613464355, 52.0
0.36870884895324707, 52.0
0.3706398010253906, 52.0
0.3725619316101074, 52.0
0.3744697570800781, 52.0
0.3763699531555176, 52.0
0.3782768249511719, 52.0
0.3802049160003662, 52.0
0.3821139335632324, 52.0
0.3840351104736328, 52.0
0.3859398365020752, 52.0
