0.0014195442199707031, 52.0
0.003422975540161133, 52.0
0.005468845367431641, 52.0
0.007500648498535156, 52.0
0.009486675262451172, 52.0
0.01148676872253418, 52.0
0.013568878173828125, 52.0
0.015550851821899414, 52.0
0.0177457332611084, 52.0
0.019805908203125, 52.0
0.02182483673095703, 52.0
0.023755550384521484, 52.0
0.025679826736450195, 52.0
0.027580738067626953, 52.0
0.029486656188964844, 52.0
0.03142285346984863, 52.0
0.0333256721496582, 52.0
0.03522777557373047, 52.0
0.03711581230163574, 52.0
0.03905177116394043, 52.0
0.040973663330078125, 52.0
0.04285693168640137, 52.0
0.04473876953125, 52.0
0.046672821044921875, 52.0
0.0485687255859375, 52.0
0.05046486854553223, 52.0
0.0523529052734375, 52.0
0.05426669120788574, 52.0
0.05617976188659668, 52.0
0.0580899715423584, 52.0
0.059984683990478516, 52.0
0.061865806579589844, 52.0
0.0638878345489502, 52.0
0.0659189224243164, 52.0
0.06785464286804199, 52.0
0.0698099136352539, 52.0
0.07182574272155762, 52.0
0.07389283180236816, 52.0
0.07587885856628418, 52.0
0.07785964012145996, 52.0
0.07985186576843262, 52.0
0.08179783821105957, 52.0
0.0837407112121582, 52.0
0.08568072319030762, 52.0
0.08768582344055176, 52.0
0.08964776992797852, 52.0
0.09161591529846191, 52.0
0.09354376792907715, 52.0
0.09549784660339355, 52.0
0.09745478630065918, 52.0
0.0993967056274414, 52.0
0.10135483741760254, 52.0
0.10331964492797852, 52.0
0.10526275634765625, 52.0
0.10718989372253418, 52.0
0.10916566848754883, 52.0
0.11117959022521973, 52.0
0.1130378246307373, 52.0
0.11490273475646973, 52.0
0.1167747974395752, 52.0
0.11865758895874023, 52.0
0.12058687210083008, 52.0
0.12250590324401855, 52.0
0.12440657615661621, 52.0
0.12632274627685547, 52.0
0.12821078300476074, 52.0
0.13009881973266602, 52.0
0.13199472427368164, 52.0
0.133880615234375, 52.0
0.13578176498413086, 52.0
0.13767480850219727, 52.0
0.13960599899291992, 52.0
0.14148974418640137, 52.0
0.14339685440063477, 52.0
0.14527678489685059, 52.0
0.14720463752746582, 52.0
0.149094820022583, 52.0
0.15099287033081055, 52.0
0.15288662910461426, 52.0
0.1548149585723877, 52.0
0.15668988227844238, 52.0
0.15862560272216797, 52.0
0.16051888465881348, 52.0
0.16240382194519043, 52.0
0.16433095932006836, 52.0
0.1662287712097168, 52.0
0.16811180114746094, 52.0
0.17000484466552734, 52.0
0.17193388938903809, 52.0
0.1738147735595703, 52.0
0.1757187843322754, 52.0
0.1776268482208252, 52.0
0.17950057983398438, 52.0
0.1814417839050293, 52.0
0.18337082862854004, 52.0
0.18527674674987793, 52.0
0.18716073036193848, 52.0
0.1891026496887207, 52.0
0.19099855422973633, 52.0
0.19287657737731934, 52.0
0.1947476863861084, 52.0
0.19663476943969727, 52.0
0.19852972030639648, 52.0
0.2004077434539795, 52.0
0.2023007869720459, 52.0
0.2041788101196289, 52.0
0.20606279373168945, 52.0
0.20795083045959473, 52.0
0.20988965034484863, 52.0
0.21191072463989258, 52.0
0.2138197422027588, 52.0
0.21569585800170898, 52.0
0.21758270263671875, 52.0
0.21945858001708984, 52.0
0.2213587760925293, 52.0
0.22330474853515625, 52.0
0.22518396377563477, 52.0
0.2270677089691162, 52.0
0.22894787788391113, 52.0
0.23084378242492676, 52.0
0.23271965980529785, 52.0
0.2345876693725586, 52.0
0.2365407943725586, 52.0
0.23843884468078613, 52.0
0.24031996726989746, 52.0
0.24218487739562988, 52.0
0.2440497875213623, 52.0
0.24591994285583496, 52.0
0.24781584739685059, 52.0
0.24970579147338867, 52.0
0.25157785415649414, 52.0
0.25343775749206543, 52.0
0.2553069591522217, 52.0
0.2571828365325928, 52.0
0.25905871391296387, 52.0
0.26094794273376465, 52.0
0.2628147602081299, 52.0
0.26468777656555176, 52.0
0.2665588855743408, 52.0
0.26842188835144043, 52.0
0.27028870582580566, 52.0
0.27216267585754395, 52.0
0.27403783798217773, 52.0
0.27594494819641113, 52.0
0.27784085273742676, 52.0
0.27971673011779785, 52.0
0.2816009521484375, 52.0
0.28348469734191895, 52.0
0.285355806350708, 52.0
0.2872288227081299, 52.0
0.28909969329833984, 52.0
0.2909979820251465, 52.0
0.2929418087005615, 52.0
0.29482173919677734, 52.0
0.29671192169189453, 52.0
0.29859089851379395, 52.0
0.30048274993896484, 52.0
0.30235862731933594, 52.0
0.3042306900024414, 52.0
0.3061099052429199, 52.0
0.30800366401672363, 52.0
0.30991482734680176, 52.0
0.31179285049438477, 52.0
0.31366777420043945, 52.0
0.3155398368835449, 52.0
0.31742000579833984, 52.0
0.3193075656890869, 52.0
0.3212108612060547, 52.0
0.32309389114379883, 52.0
0.32499074935913086, 52.0
0.3269035816192627, 52.0
0.3287777900695801, 52.0
0.3306577205657959, 52.0
0.332561731338501, 52.0
0.33445072174072266, 52.0
0.33634185791015625, 52.0
0.3382289409637451, 52.0
0.34010982513427734, 52.0
0.3420248031616211, 52.0
0.3439066410064697, 52.0
0.3457930088043213, 52.0
0.34767794609069824, 52.0
0.3495748043060303, 52.0
0.351456880569458, 52.0
0.3533356189727783, 52.0
0.35520100593566895, 52.0
0.35708165168762207, 52.0
0.3590068817138672, 52.0
0.3609027862548828, 52.0
0.36276674270629883, 52.0
0.3646388053894043, 52.0
0.36651182174682617, 52.0
0.3683948516845703, 52.0
0.37027478218078613, 52.0
0.37218666076660156, 52.0
0.3740658760070801, 52.0
0.3759317398071289, 52.0
0.37780284881591797, 52.0
0.3796727657318115, 52.0
0.38155484199523926, 52.0
0.3834238052368164, 52.0
