0.0019578933715820312, 481.069368
0.004647016525268555, 481.069368
0.007416248321533203, 481.069368
0.010098934173583984, 481.069368
0.012778997421264648, 481.069368
0.01554727554321289, 481.069368
0.018220186233520508, 481.069368
0.02089715003967285, 481.069368
0.023621320724487305, 481.069368
0.026304006576538086, 481.069368
0.029083967208862305, 481.069368
0.03183794021606445, 481.069368
0.034586191177368164, 481.069368
0.037275075912475586, 481.069368
0.04007411003112793, 481.069368
0.04277205467224121, 481.069368
0.045458078384399414, 481.069368
0.048197269439697266, 481.069368
0.05090808868408203, 481.069368
0.05361223220825195, 481.069368
0.056333065032958984, 481.069368
0.05902433395385742, 481.069368
0.061736106872558594, 481.069368
0.06452417373657227, 481.069368
0.0673379898071289, 481.069368
0.07026791572570801, 481.069368
0.07315731048583984, 481.069368
0.07601213455200195, 481.069368
0.07881498336791992, 481.069368
0.08163213729858398, 481.069368
0.08444595336914062, 481.069368
0.08725214004516602, 481.069368
0.09010100364685059, 481.069368
0.09292316436767578, 481.069368
0.09573507308959961, 481.069368
0.09856605529785156, 481.069368
0.10140705108642578, 481.069368
0.10427713394165039, 481.069368
0.10704326629638672, 481.069368
0.1098031997680664, 481.069368
0.11260509490966797, 481.069368
0.1154019832611084, 481.069368
0.11815810203552246, 481.069368
0.12090706825256348, 481.069368
0.12375402450561523, 481.069368
0.1265091896057129, 481.069368
0.12926316261291504, 481.069368
0.13210129737854004, 481.069368
0.1349189281463623, 481.069368
0.13770604133605957, 481.069368
0.14052104949951172, 481.069368
0.1433122158050537, 481.069368
0.14605402946472168, 481.069368
0.14885616302490234, 481.069368
0.15163707733154297, 481.069368
0.15440011024475098, 481.069368
0.15720510482788086, 481.069368
0.15993404388427734, 481.069368
0.16266608238220215, 481.069368
0.16542410850524902, 481.069368
0.16815495491027832, 481.069368
0.1708989143371582, 481.069368
0.17367315292358398, 481.069368
0.17641210556030273, 481.069368
0.17917609214782715, 481.069368
0.18192601203918457, 481.069368
0.18474602699279785, 481.069368
0.1875002384185791, 481.069368
0.19024324417114258, 481.069368
0.19298911094665527, 481.069368
0.19572901725769043, 481.069368
0.19849705696105957, 481.069368
0.20127224922180176, 481.069368
0.20401811599731445, 481.069368
0.20676827430725098, 481.069368
0.20953130722045898, 481.069368
0.21236824989318848, 481.069368
0.21524715423583984, 481.069368
0.21805500984191895, 481.069368
0.22086405754089355, 481.069368
0.2236921787261963, 481.069368
0.22644400596618652, 481.069368
0.22918200492858887, 481.069368
0.23192906379699707, 481.069368
0.23466110229492188, 481.069368
0.23744511604309082, 481.069368
0.24022316932678223, 481.069368
0.24295926094055176, 481.069368
0.24572491645812988, 481.069368
0.24846315383911133, 481.069368
0.2512071132659912, 481.069368
0.2539520263671875, 481.069368
0.256824254989624, 481.069368
0.25959110260009766, 481.069368
0.2623419761657715, 481.069368
0.26512694358825684, 481.069368
0.2678670883178711, 481.069368
0.27061009407043457, 481.069368
0.2733619213104248, 481.069368
0.2761101722717285, 481.069368
0.27884602546691895, 481.069368
0.28160524368286133, 481.069368
0.2843489646911621, 481.069368
0.2870900630950928, 481.069368
0.2898440361022949, 481.069368
0.2926032543182373, 481.069368
0.2953522205352783, 481.069368
0.29808712005615234, 481.069368
0.30083799362182617, 481.069368
0.30358409881591797, 481.069368
0.3063371181488037, 481.069368
0.3090822696685791, 481.069368
0.31183815002441406, 481.069368
0.31458616256713867, 481.069368
0.31733107566833496, 481.069368
0.32009100914001465, 481.069368
0.32288312911987305, 481.069368
0.32561516761779785, 481.069368
0.32835888862609863, 481.069368
0.3311150074005127, 481.069368
0.33385515213012695, 481.069368
0.3366081714630127, 481.069368
0.3393580913543701, 481.069368
0.34212422370910645, 481.069368
0.3448660373687744, 481.069368
0.3476071357727051, 481.069368
0.35035109519958496, 481.069368
0.35309815406799316, 481.069368
0.35585618019104004, 481.069368
0.35859203338623047, 481.069368
0.36135005950927734, 481.069368
0.3640880584716797, 481.069368
0.3668370246887207, 481.069368
0.3695869445800781, 481.069368
0.37233710289001465, 481.069368
0.37507200241088867, 481.069368
0.377824068069458, 481.069368
0.3806579113006592, 481.069368
0.3834090232849121, 481.069368
0.38616108894348145, 481.069368
0.38890814781188965, 481.069368
0.39166903495788574, 481.069368
0.39440107345581055, 481.069368
0.39716410636901855, 481.069368
0.39990997314453125, 481.069368
0.4026491641998291, 481.069368
0.40541911125183105, 481.069368
0.4082181453704834, 481.069368
0.4110112190246582, 481.069368
0.4138031005859375, 481.069368
0.41655397415161133, 481.069368
0.4193000793457031, 481.069368
0.4220449924468994, 481.069368
0.42482900619506836, 481.069368
0.4275851249694824, 481.069368
0.43035006523132324, 481.069368
0.433103084564209, 481.069368
0.43587303161621094, 481.069368
0.43865513801574707, 481.069368
0.4414811134338379, 481.069368
0.4442613124847412, 481.069368
0.44699907302856445, 481.069368
0.4497370719909668, 481.069368
0.4525179862976074, 481.069368
0.4552781581878662, 481.069368
0.4580271244049072, 481.069368
0.4607670307159424, 481.069368
0.4635632038116455, 481.069368
0.46633291244506836, 481.069368
0.46909403800964355, 481.069368
0.4718821048736572, 481.069368
0.47467494010925293, 481.069368
0.47746706008911133, 481.069368
0.48023009300231934, 481.069368
0.48297810554504395, 481.069368
0.485745906829834, 481.069368
0.4885439872741699, 481.069368
0.491300106048584, 481.069368
0.4940612316131592, 481.069368
0.49680018424987793, 481.069368
0.49968528747558594, 481.069368
0.5025780200958252, 481.069368
0.5054459571838379, 481.069368
0.508296012878418, 481.069368
0.5111382007598877, 481.069368
0.5140831470489502, 481.069368
0.5169370174407959, 481.069368
0.5197949409484863, 481.069368
0.5226531028747559, 481.069368
0.525515079498291, 481.069368
0.5283689498901367, 481.069368
0.5311970710754395, 481.069368
0.5341062545776367, 481.069368
0.5370450019836426, 481.069368
0.5400791168212891, 481.069368
0.5429840087890625, 481.069368
0.5458822250366211, 481.069368
0.5486431121826172, 481.069368
0.5513980388641357, 481.069368
0.5541572570800781, 481.069368
0.556908130645752, 481.069368
