0.001461029052734375, 52.0
0.003453969955444336, 52.0
0.005440711975097656, 52.0
0.007447719573974609, 52.0
0.009435892105102539, 52.0
0.01150965690612793, 52.0
0.01353597640991211, 52.0
0.015517950057983398, 52.0
0.017512798309326172, 52.0
0.01953887939453125, 52.0
0.021538734436035156, 52.0
0.02350592613220215, 52.0
0.025455713272094727, 52.0
0.027402877807617188, 52.0
0.029352903366088867, 52.0
0.0312647819519043, 52.0
0.0331728458404541, 52.0
0.03513073921203613, 52.0
0.03707766532897949, 52.0
0.03897976875305176, 52.0
0.04090285301208496, 52.0
0.04284977912902832, 52.0
0.044919729232788086, 52.0
0.04683375358581543, 52.0
0.04879593849182129, 52.0
0.05072784423828125, 52.0
0.05269193649291992, 52.0
0.054654836654663086, 52.0
0.056613922119140625, 52.0
0.0585479736328125, 52.0
0.06050372123718262, 52.0
0.06246781349182129, 52.0
0.06446075439453125, 52.0
0.0663917064666748, 52.0
0.06840968132019043, 52.0
0.07035183906555176, 52.0
0.07227277755737305, 52.0
0.0742197036743164, 52.0
0.07617378234863281, 52.0
0.07810783386230469, 52.0
0.08011698722839355, 52.0
0.0821378231048584, 52.0
0.0841379165649414, 52.0
0.0861518383026123, 52.0
0.0881497859954834, 52.0
0.0901639461517334, 52.0
0.09215688705444336, 52.0
0.09417080879211426, 52.0
0.09617161750793457, 52.0
0.09816670417785645, 52.0
0.10015273094177246, 52.0
0.10214567184448242, 52.0
0.10413694381713867, 52.0
0.10615086555480957, 52.0
0.10814380645751953, 52.0
0.11013984680175781, 52.0
0.11212873458862305, 52.0
0.11419272422790527, 52.0
0.11622786521911621, 52.0
0.1182248592376709, 52.0
0.12021994590759277, 52.0
0.12221789360046387, 52.0
0.12422466278076172, 52.0
0.12623167037963867, 52.0
0.12822890281677246, 52.0
0.13022375106811523, 52.0
0.13222289085388184, 52.0
0.13422179222106934, 52.0
0.13622403144836426, 52.0
0.13821792602539062, 52.0
0.14023876190185547, 52.0
0.14225172996520996, 52.0
0.14425182342529297, 52.0
0.14624881744384766, 52.0
0.1482558250427246, 52.0
0.15026473999023438, 52.0
0.15226173400878906, 52.0
0.15425467491149902, 52.0
0.15625667572021484, 52.0
0.15825581550598145, 52.0
0.16025280952453613, 52.0
0.1622457504272461, 52.0
0.16424179077148438, 52.0
0.16623592376708984, 52.0
0.16823077201843262, 52.0
0.1702289581298828, 52.0
0.17223572731018066, 52.0
0.1742398738861084, 52.0
0.17623186111450195, 52.0
0.17822480201721191, 52.0
0.18021678924560547, 52.0
0.18221282958984375, 52.0
0.18421077728271484, 52.0
0.186234712600708, 52.0
0.1882307529449463, 52.0
0.19022583961486816, 52.0
0.19222092628479004, 52.0
0.1942157745361328, 52.0
0.1962440013885498, 52.0
0.19824695587158203, 52.0
0.20024681091308594, 52.0
0.20228099822998047, 52.0
0.20427870750427246, 52.0
0.20629358291625977, 52.0
0.20828700065612793, 52.0
0.21027684211730957, 52.0
0.21226978302001953, 52.0
0.21426177024841309, 52.0
0.21627593040466309, 52.0
0.2182767391204834, 52.0
0.2202768325805664, 52.0
0.2222766876220703, 52.0
0.22427082061767578, 52.0
0.22626280784606934, 52.0
0.22824883460998535, 52.0
0.23023271560668945, 52.0
0.2324056625366211, 52.0
0.23439693450927734, 52.0
0.2363877296447754, 52.0
0.23837780952453613, 52.0
0.24036884307861328, 52.0
0.2437577247619629, 52.0
0.24797677993774414, 52.0
0.24999094009399414, 52.0
0.2519826889038086, 52.0
0.25402283668518066, 52.0
0.25606870651245117, 52.0
0.258059024810791, 52.0
0.2600529193878174, 52.0
0.2620549201965332, 52.0
0.264049768447876, 52.0
0.2660539150238037, 52.0
0.2680976390838623, 52.0
0.2700827121734619, 52.0
0.2720909118652344, 52.0
0.27414989471435547, 52.0
0.2761988639831543, 52.0
0.27811193466186523, 52.0
0.28008580207824707, 52.0
0.2820277214050293, 52.0
0.2839527130126953, 52.0
0.28588271141052246, 52.0
0.28780269622802734, 52.0
0.28972482681274414, 52.0
0.29170775413513184, 52.0
0.29366087913513184, 52.0
0.29563069343566895, 52.0
0.29762792587280273, 52.0
0.299623966217041, 52.0
0.3016188144683838, 52.0
0.30361485481262207, 52.0
0.30560994148254395, 52.0
0.30760884284973145, 52.0
0.3095967769622803, 52.0
0.3115828037261963, 52.0
0.31357860565185547, 52.0
0.31557679176330566, 52.0
0.31756591796875, 52.0
0.31957578659057617, 52.0
0.321530818939209, 52.0
0.32352685928344727, 52.0
0.3255150318145752, 52.0
0.3275027275085449, 52.0
0.32944273948669434, 52.0
0.33133959770202637, 52.0
0.3332197666168213, 52.0
0.33519577980041504, 52.0
0.3371307849884033, 52.0
0.33900880813598633, 52.0
0.34087491035461426, 52.0
0.34274888038635254, 52.0
0.3446516990661621, 52.0
0.34653186798095703, 52.0
0.34841275215148926, 52.0
0.3502779006958008, 52.0
0.3521606922149658, 52.0
0.35402870178222656, 52.0
0.35590076446533203, 52.0
0.3577687740325928, 52.0
0.35965800285339355, 52.0
0.3615539073944092, 52.0
0.36342573165893555, 52.0
0.36529994010925293, 52.0
0.367168664932251, 52.0
0.36904072761535645, 52.0
0.3709137439727783, 52.0
0.3727998733520508, 52.0
0.37466979026794434, 52.0
0.37653565406799316, 52.0
0.3784446716308594, 52.0
0.38034582138061523, 52.0
0.3822197914123535, 52.0
0.38409876823425293, 52.0
0.38596677780151367, 52.0
0.38783693313598633, 52.0
0.3897068500518799, 52.0
0.39157581329345703, 52.0
0.39345383644104004, 52.0
0.39534783363342285, 52.0
0.3972597122192383, 52.0
0.39913487434387207, 52.0
