1.0013580322265625e-05, 17.41081
1.71661376953125e-05, 47.810297000000006
2.193450927734375e-05, 107.986694
4.8160552978515625e-05, 142.460402
5.817413330078125e-05, 153.33414699999997
6.389617919921875e-05, 252.18665099999998
6.914138793945312e-05, 264.094973
7.390975952148438e-05, 283.425397
8.0108642578125e-05, 341.926328
8.487701416015625e-05, 342.051454
0.0001049041748046875, 351.066622
0.00016999244689941406, 353.239539
0.00028014183044433594, 356.205939
0.0003349781036376953, 359.99633800000004
0.0003502368927001953, 371.90466000000004
0.0006508827209472656, 381.722464
0.0019450187683105469, 391.73863900000003
0.004057168960571289, 410.14435199999997
0.0069539546966552734, 419.800409
0.011587142944335938, 423.572496
0.013427972793579102, 426.026185
0.017585039138793945, 429.282509
0.02025914192199707, 432.50221200000004
0.030293941497802734, 441.190831
0.03101205825805664, 481.069368
