0.002552032470703125, 912.0
0.005991935729980469, 966.0
0.009457826614379883, 966.0
0.013073921203613281, 997.0
0.01659393310546875, 997.0
0.020229101181030273, 997.0
0.0238950252532959, 1010.0
0.027467012405395508, 1018.0
0.031059980392456055, 1024.0
0.03471684455871582, 1024.0
0.038652896881103516, 1024.0
0.042291879653930664, 1024.0
0.04593086242675781, 1024.0
0.04957699775695801, 1024.0
0.05319499969482422, 1024.0
0.056828975677490234, 1024.0
0.060534000396728516, 1024.0
0.06418514251708984, 1024.0
0.06786394119262695, 1024.0
0.0715489387512207, 1024.0
0.07519984245300293, 1024.0
0.07886195182800293, 1024.0
0.08251380920410156, 1024.0
0.08616805076599121, 1024.0
0.08994412422180176, 1024.0
0.09373593330383301, 1024.0
0.09754180908203125, 1024.0
0.10134601593017578, 1024.0
0.10516786575317383, 1024.0
0.10892105102539062, 1024.0
0.11270284652709961, 1024.0
0.11649394035339355, 1024.0
0.12029004096984863, 1024.0
0.12410998344421387, 1024.0
0.12792015075683594, 1024.0
0.1317141056060791, 1024.0
0.13549494743347168, 1024.0
0.1392378807067871, 1024.0
0.14290189743041992, 1024.0
0.14666295051574707, 1024.0
0.15030908584594727, 1024.0
0.15397882461547852, 1024.0
0.15768074989318848, 1024.0
0.161362886428833, 1024.0
0.16502594947814941, 1024.0
0.168687105178833, 1024.0
0.1724259853363037, 1024.0
0.17611908912658691, 1024.0
0.17979907989501953, 1024.0
0.18358707427978516, 1024.0
0.18724608421325684, 1024.0
0.19091510772705078, 1024.0
0.1945960521697998, 1024.0
0.19824790954589844, 1024.0
0.20191574096679688, 1024.0
0.20557475090026855, 1024.0
0.20923113822937012, 1024.0
0.21297407150268555, 1024.0
0.2167069911956787, 1024.0
0.22041702270507812, 1024.0
0.2240760326385498, 1024.0
0.22775912284851074, 1024.0
0.23141098022460938, 1024.0
0.23508286476135254, 1024.0
0.23874688148498535, 1024.0
0.24241304397583008, 1024.0
0.2460641860961914, 1024.0
0.24971389770507812, 1024.0
0.25339698791503906, 1024.0
0.2570469379425049, 1024.0
0.26068711280822754, 1024.0
0.264354944229126, 1024.0
0.2680039405822754, 1024.0
0.27165699005126953, 1024.0
0.2752950191497803, 1024.0
0.27893877029418945, 1024.0
0.28259897232055664, 1024.0
0.2862589359283447, 1024.0
0.2899198532104492, 1024.0
0.29357194900512695, 1024.0
0.29720592498779297, 1024.0
0.3008599281311035, 1024.0
0.3044929504394531, 1024.0
0.30815887451171875, 1024.0
0.31177496910095215, 1024.0
0.3154327869415283, 1024.0
0.31907200813293457, 1024.0
0.32272791862487793, 1024.0
0.326369047164917, 1024.0
0.33002185821533203, 1024.0
0.33374905586242676, 1024.0
0.33745598793029785, 1024.0
0.3411140441894531, 1024.0
0.34477901458740234, 1024.0
0.34844374656677246, 1024.0
0.3520808219909668, 1024.0
0.35575199127197266, 1024.0
0.35938405990600586, 1024.0
0.3630037307739258, 1024.0
0.3666501045227051, 1024.0
0.37030696868896484, 1024.0
0.373945951461792, 1024.0
0.3775599002838135, 1024.0
0.38122105598449707, 1024.0
0.3848879337310791, 1024.0
0.3885359764099121, 1024.0
0.3921639919281006, 1024.0
0.39583778381347656, 1024.0
0.3995168209075928, 1024.0
0.4031639099121094, 1024.0
0.4068260192871094, 1024.0
0.4104728698730469, 1024.0
0.41424989700317383, 1024.0
0.4180619716644287, 1024.0
0.42185497283935547, 1024.0
0.42565393447875977, 1024.0
0.429440975189209, 1024.0
0.43323493003845215, 1024.0
0.43706488609313965, 1024.0
0.4408707618713379, 1024.0
0.4446897506713867, 1024.0
0.44852709770202637, 1024.0
0.4523148536682129, 1024.0
0.4561767578125, 1024.0
0.46002197265625, 1024.0
0.46392297744750977, 1024.0
0.4677269458770752, 1024.0
0.4715430736541748, 1024.0
0.47539305686950684, 1024.0
0.47923874855041504, 1024.0
0.48311400413513184, 1024.0
0.4869718551635742, 1024.0
0.49074602127075195, 1024.0
0.49462199211120605, 1024.0
0.49843597412109375, 1024.0
0.502194881439209, 1024.0
0.5060079097747803, 1024.0
0.5097930431365967, 1024.0
0.5135858058929443, 1024.0
0.5173900127410889, 1024.0
0.5212299823760986, 1024.0
0.5250060558319092, 1024.0
0.528911828994751, 1024.0
0.532829999923706, 1024.0
0.5367510318756104, 1024.0
0.5407910346984863, 1024.0
0.5445287227630615, 1024.0
0.5482938289642334, 1024.0
0.5519869327545166, 1024.0
0.5557370185852051, 1024.0
0.5594160556793213, 1024.0
0.563133955001831, 1024.0
0.5668258666992188, 1024.0
0.5705368518829346, 1024.0
0.574225902557373, 1024.0
0.5779199600219727, 1024.0
0.5816168785095215, 1024.0
0.5853068828582764, 1024.0
0.5890188217163086, 1024.0
0.5927169322967529, 1024.0
0.5964488983154297, 1024.0
0.6001331806182861, 1024.0
0.6038830280303955, 1024.0
0.6075608730316162, 1024.0
0.6112561225891113, 1024.0
0.6149780750274658, 1024.0
0.6186559200286865, 1024.0
0.6224279403686523, 1024.0
0.6261208057403564, 1024.0
0.6298558712005615, 1024.0
0.6335358619689941, 1024.0
0.6372759342193604, 1024.0
0.6409468650817871, 1024.0
0.6446561813354492, 1024.0
0.6485309600830078, 1024.0
0.6523339748382568, 1024.0
0.6560838222503662, 1024.0
0.6598529815673828, 1024.0
0.6636059284210205, 1024.0
0.6673688888549805, 1024.0
0.6711418628692627, 1024.0
0.6748969554901123, 1024.0
0.6787068843841553, 1024.0
0.6824979782104492, 1024.0
0.6862049102783203, 1024.0
0.6898899078369141, 1024.0
0.693544864654541, 1024.0
0.6972558498382568, 1024.0
0.7009279727935791, 1024.0
0.7046661376953125, 1024.0
0.7083098888397217, 1024.0
0.7120010852813721, 1024.0
0.7156457901000977, 1024.0
0.7193000316619873, 1024.0
0.7229518890380859, 1024.0
0.7266030311584473, 1024.0
0.7302467823028564, 1024.0
0.7338931560516357, 1024.0
0.7375428676605225, 1024.0
0.7411870956420898, 1024.0
0.7448329925537109, 1024.0
