0.0008769035339355469, 130.0
0.002354860305786133, 130.0
0.0038008689880371094, 130.0
0.00530695915222168, 130.0
0.0068378448486328125, 130.0
0.00836801528930664, 130.0
0.009843826293945312, 130.0
0.01134490966796875, 130.0
0.012819766998291016, 130.0
0.014286041259765625, 130.0
0.01574087142944336, 130.0
0.017245769500732422, 130.0
0.018700838088989258, 130.0
0.02016305923461914, 130.0
0.02161884307861328, 130.0
0.023086071014404297, 130.0
0.02456188201904297, 130.0
0.026034832000732422, 130.0
0.027492046356201172, 130.0
0.028958797454833984, 130.0
0.03041386604309082, 130.0
0.03189277648925781, 130.0
0.03335905075073242, 130.0
0.034825801849365234, 130.0
0.03629469871520996, 130.0
0.03775787353515625, 130.0
0.03927016258239746, 130.0
0.04073476791381836, 130.0
0.04219794273376465, 130.0
0.04366302490234375, 130.0
0.04512786865234375, 130.0
0.046594858169555664, 130.0
0.04805588722229004, 130.0
0.04953479766845703, 130.0
0.051004886627197266, 130.0
0.05246090888977051, 130.0
0.05391979217529297, 130.0
0.05538773536682129, 130.0
0.0568540096282959, 130.0
0.05831193923950195, 130.0
0.05977892875671387, 130.0
0.06125998497009277, 130.0
0.06273508071899414, 130.0
0.06420397758483887, 130.0
0.06567192077636719, 130.0
0.06715989112854004, 130.0
0.06861472129821777, 130.0
0.07007098197937012, 130.0
0.07153987884521484, 130.0
0.07300901412963867, 130.0
0.0744638442993164, 130.0
0.07591485977172852, 130.0
0.07737183570861816, 130.0
0.07883596420288086, 130.0
0.08029794692993164, 130.0
0.08179402351379395, 130.0
0.0832679271697998, 130.0
0.08473491668701172, 130.0
0.08620309829711914, 130.0
0.08766579627990723, 130.0
0.08912491798400879, 130.0
0.09058713912963867, 130.0
0.09204697608947754, 130.0
0.09350275993347168, 130.0
0.09496283531188965, 130.0
0.09643387794494629, 130.0
0.09788370132446289, 130.0
0.09933686256408691, 130.0
0.10080194473266602, 130.0
0.10225510597229004, 130.0
0.10371088981628418, 130.0
0.10516595840454102, 130.0
0.10662293434143066, 130.0
0.10809111595153809, 130.0
0.10955595970153809, 130.0
0.11103391647338867, 130.0
0.11251497268676758, 130.0
0.11397290229797363, 130.0
0.11543011665344238, 130.0
0.11689114570617676, 130.0
0.11834216117858887, 130.0
0.11980891227722168, 130.0
0.1212759017944336, 130.0
0.12273597717285156, 130.0
0.12420082092285156, 130.0
0.12566399574279785, 130.0
0.1271190643310547, 130.0
0.12857699394226074, 130.0
0.13003802299499512, 130.0
0.13150501251220703, 130.0
0.1329638957977295, 130.0
0.13442301750183105, 130.0
0.1358809471130371, 130.0
0.13733911514282227, 130.0
0.13880109786987305, 130.0
0.14025592803955078, 130.0
0.14171791076660156, 130.0
0.14317679405212402, 130.0
0.14462900161743164, 130.0
0.14616179466247559, 130.0
0.14761686325073242, 130.0
0.14906907081604004, 130.0
0.1505279541015625, 130.0
0.15198302268981934, 130.0
0.1534428596496582, 130.0
0.15489602088928223, 130.0
0.15636587142944336, 130.0
0.1578350067138672, 130.0
0.15929293632507324, 130.0
0.16075491905212402, 130.0
0.16220903396606445, 130.0
0.16366887092590332, 130.0
0.16513395309448242, 130.0
0.1666259765625, 130.0
0.16814589500427246, 130.0
0.16962504386901855, 130.0
0.17108488082885742, 130.0
0.17253398895263672, 130.0
0.17398691177368164, 130.0
0.17543792724609375, 130.0
0.1768968105316162, 130.0
0.17834782600402832, 130.0
0.17980194091796875, 130.0
0.1812739372253418, 130.0
0.18273091316223145, 130.0
0.18419694900512695, 130.0
0.185654878616333, 130.0
0.18711495399475098, 130.0
0.18857288360595703, 130.0
0.19004201889038086, 130.0
0.1914989948272705, 130.0
0.1929619312286377, 130.0
0.1944129467010498, 130.0
0.19586706161499023, 130.0
0.19731974601745605, 130.0
0.198775053024292, 130.0
0.20023012161254883, 130.0
0.20168590545654297, 130.0
0.20313596725463867, 130.0
0.20458483695983887, 130.0
0.20604681968688965, 130.0
0.2075040340423584, 130.0
0.20896196365356445, 130.0
0.21042776107788086, 130.0
0.21193599700927734, 130.0
0.2134718894958496, 130.0
0.21500372886657715, 130.0
0.2165980339050293, 130.0
0.21805405616760254, 130.0
0.21950507164001465, 130.0
0.22096776962280273, 130.0
0.22241497039794922, 130.0
0.22387290000915527, 130.0
0.22535276412963867, 130.0
0.22680997848510742, 130.0
0.22826194763183594, 130.0
0.22971200942993164, 130.0
0.23119878768920898, 130.0
0.23264408111572266, 130.0
0.23410487174987793, 130.0
0.2355508804321289, 130.0
0.23700690269470215, 130.0
0.2384779453277588, 130.0
0.23998093605041504, 130.0
0.24144196510314941, 130.0
0.24289774894714355, 130.0
0.24437904357910156, 130.0
0.2458348274230957, 130.0
0.24730277061462402, 130.0
0.24875092506408691, 130.0
0.2501959800720215, 130.0
0.25165414810180664, 130.0
0.2531089782714844, 130.0
0.2545788288116455, 130.0
0.25603508949279785, 130.0
0.25749802589416504, 130.0
0.25895071029663086, 130.0
0.26040101051330566, 130.0
0.26184892654418945, 130.0
0.26329493522644043, 130.0
0.2647428512573242, 130.0
0.26620006561279297, 130.0
0.2676510810852051, 130.0
0.26910901069641113, 130.0
0.2705557346343994, 130.0
0.27201080322265625, 130.0
0.27345895767211914, 130.0
0.27490973472595215, 130.0
0.27635979652404785, 130.0
0.2778170108795166, 130.0
0.2792658805847168, 130.0
0.28072071075439453, 130.0
0.28217172622680664, 130.0
0.2836310863494873, 130.0
0.2850837707519531, 130.0
0.28653407096862793, 130.0
0.28799891471862793, 130.0
0.28945493698120117, 130.0
0.2909407615661621, 130.0
0.2923917770385742, 130.0
0.29384279251098633, 130.0
