1.3113021850585938e-05, 46.0
2.09808349609375e-05, 121.0
2.6941299438476562e-05, 138.0
3.409385681152344e-05, 216.0
3.886222839355469e-05, 277.0
5.1975250244140625e-05, 337.0
5.793571472167969e-05, 366.0
6.389617919921875e-05, 401.0
7.605552673339844e-05, 403.0
8.296966552734375e-05, 494.0
8.893013000488281e-05, 511.0
9.489059448242188e-05, 526.0
0.00027179718017578125, 532.0
0.0002779960632324219, 572.0
0.00028395652770996094, 662.0
0.00031685829162597656, 675.0
0.0003657341003417969, 683.0
0.00037789344787597656, 731.0
0.00040793418884277344, 760.0
0.0004138946533203125, 838.0
0.0005860328674316406, 884.0
0.005140066146850586, 906.0
0.009320974349975586, 926.0
0.0839848518371582, 927.0
0.08806204795837402, 932.0
0.09412288665771484, 981.0
0.09412884712219238, 996.0
0.35048794746398926, 1010.0
0.3652501106262207, 1016.0
0.3946249485015869, 1024.0
