0.0007622241973876953, 23.0
0.002054929733276367, 23.0
0.003280162811279297, 23.0
0.004488945007324219, 23.0
0.005727052688598633, 23.0
0.0069849491119384766, 23.0
0.008271217346191406, 23.0
0.009482145309448242, 23.0
0.010683298110961914, 23.0
0.01188516616821289, 23.0
0.013114213943481445, 23.0
0.014327049255371094, 23.0
0.015568256378173828, 23.0
0.016822099685668945, 23.0
0.018081188201904297, 23.0
0.01929020881652832, 23.0
0.02049422264099121, 23.0
0.02171611785888672, 23.0
0.02295708656311035, 23.0
0.02416706085205078, 23.0
0.025382280349731445, 23.0
0.026587247848510742, 23.0
0.027802228927612305, 23.0
0.029011011123657227, 23.0
0.030219078063964844, 23.0
0.03142189979553223, 23.0
0.03265523910522461, 23.0
0.03387022018432617, 23.0
0.03508305549621582, 23.0
0.03627920150756836, 23.0
0.037473201751708984, 23.0
0.0386810302734375, 23.0
0.0399019718170166, 23.0
0.041167259216308594, 23.0
0.04237508773803711, 23.0
0.043589115142822266, 23.0
0.04479098320007324, 23.0
0.04600119590759277, 23.0
0.047209978103637695, 23.0
0.04846000671386719, 23.0
0.049700260162353516, 23.0
0.05090522766113281, 23.0
0.052111148834228516, 23.0
0.053315162658691406, 23.0
0.054527997970581055, 23.0
0.05574202537536621, 23.0
0.056977033615112305, 23.0
0.05817699432373047, 23.0
0.059381961822509766, 23.0
0.060622215270996094, 23.0
0.06183505058288574, 23.0
0.06305098533630371, 23.0
0.06427907943725586, 23.0
0.06559419631958008, 23.0
0.0668191909790039, 23.0
0.06804823875427246, 23.0
0.06926417350769043, 23.0
0.07047200202941895, 23.0
0.07168698310852051, 23.0
0.07294702529907227, 23.0
0.0741891860961914, 23.0
0.07539725303649902, 23.0
0.07662224769592285, 23.0
0.0778350830078125, 23.0
0.07905411720275879, 23.0
0.08029508590698242, 23.0
0.08151412010192871, 23.0
0.08274626731872559, 23.0
0.08397102355957031, 23.0
0.08517909049987793, 23.0
0.08639001846313477, 23.0
0.08761405944824219, 23.0
0.08883523941040039, 23.0
0.09008908271789551, 23.0
0.09131693840026855, 23.0
0.09252810478210449, 23.0
0.09372901916503906, 23.0
0.09493303298950195, 23.0
0.09614419937133789, 23.0
0.09735512733459473, 23.0
0.0986320972442627, 23.0
0.09986710548400879, 23.0
0.10109496116638184, 23.0
0.1023092269897461, 23.0
0.10354208946228027, 23.0
0.10475611686706543, 23.0
0.10599207878112793, 23.0
0.10722708702087402, 23.0
0.10844016075134277, 23.0
0.10965299606323242, 23.0
0.11086916923522949, 23.0
0.11208391189575195, 23.0
0.11333107948303223, 23.0
0.11459612846374512, 23.0
0.11580228805541992, 23.0
0.11701416969299316, 23.0
0.11823105812072754, 23.0
0.1194450855255127, 23.0
0.12066411972045898, 23.0
0.12186717987060547, 23.0
0.12309408187866211, 23.0
0.12436604499816895, 23.0
0.1255941390991211, 23.0
0.12681007385253906, 23.0
0.1280221939086914, 23.0
0.12924814224243164, 23.0
0.13045406341552734, 23.0
0.13167428970336914, 23.0
0.132918119430542, 23.0
0.13411903381347656, 23.0
0.13532209396362305, 23.0
0.13657903671264648, 23.0
0.13784408569335938, 23.0
0.13908886909484863, 23.0
0.14033722877502441, 23.0
0.14159607887268066, 23.0
0.14284896850585938, 23.0
0.14410400390625, 23.0
0.14535808563232422, 23.0
0.14660930633544922, 23.0
0.1478872299194336, 23.0
0.149169921875, 23.0
0.1504220962524414, 23.0
0.1516711711883545, 23.0
0.1529231071472168, 23.0
0.1541740894317627, 23.0
0.1554250717163086, 23.0
0.15666508674621582, 23.0
0.15792202949523926, 23.0
0.15916705131530762, 23.0
0.16041111946105957, 23.0
0.16166210174560547, 23.0
0.16290903091430664, 23.0
0.1641542911529541, 23.0
0.1654050350189209, 23.0
0.16664409637451172, 23.0
0.16789007186889648, 23.0
0.16913723945617676, 23.0
0.17041802406311035, 23.0
0.1716759204864502, 23.0
0.17293214797973633, 23.0
0.17420005798339844, 23.0
0.17545604705810547, 23.0
0.17673611640930176, 23.0
0.17795205116271973, 23.0
0.179152250289917, 23.0
0.18037009239196777, 23.0
0.18163609504699707, 23.0
0.18288016319274902, 23.0
0.18411016464233398, 23.0
0.1853189468383789, 23.0
0.18652009963989258, 23.0
0.18772196769714355, 23.0
0.18894219398498535, 23.0
0.19015026092529297, 23.0
0.19138002395629883, 23.0
0.19263219833374023, 23.0
0.19387125968933105, 23.0
0.19511914253234863, 23.0
0.19633889198303223, 23.0
0.19754505157470703, 23.0
0.19881820678710938, 23.0
0.20004987716674805, 23.0
0.20128631591796875, 23.0
0.202545166015625, 23.0
0.20383524894714355, 23.0
0.20508217811584473, 23.0
0.2063291072845459, 23.0
0.20757508277893066, 23.0
0.2088150978088379, 23.0
0.21005487442016602, 23.0
0.2113029956817627, 23.0
0.2125530242919922, 23.0
0.2138371467590332, 23.0
0.21511411666870117, 23.0
0.21649622917175293, 23.0
0.21779727935791016, 23.0
0.21903324127197266, 23.0
0.22027802467346191, 23.0
0.22153019905090332, 23.0
0.2227931022644043, 23.0
0.2240772247314453, 23.0
0.22534704208374023, 23.0
0.22661089897155762, 23.0
0.22784113883972168, 23.0
0.22907018661499023, 23.0
0.23028898239135742, 23.0
0.23154616355895996, 23.0
0.2327561378479004, 23.0
0.23396515846252441, 23.0
0.2352290153503418, 23.0
0.2364511489868164, 23.0
0.23765301704406738, 23.0
0.2388770580291748, 23.0
0.24010705947875977, 23.0
0.24132108688354492, 23.0
0.24252104759216309, 23.0
0.24373412132263184, 23.0
0.24493122100830078, 23.0
0.24617719650268555, 23.0
0.2474513053894043, 23.0
