0.0007231235504150391, 23.0
0.0019800662994384766, 23.0
0.0031800270080566406, 23.0
0.004371166229248047, 23.0
0.005552053451538086, 23.0
0.006818056106567383, 23.0
0.008027076721191406, 23.0
0.009207010269165039, 23.0
0.010410070419311523, 23.0
0.011595964431762695, 23.0
0.012863874435424805, 23.0
0.014045953750610352, 23.0
0.015226125717163086, 23.0
0.016421079635620117, 23.0
0.017603158950805664, 23.0
0.018804073333740234, 23.0
0.01998114585876465, 23.0
0.02116703987121582, 23.0
0.022377967834472656, 23.0
0.023620128631591797, 23.0
0.024808168411254883, 23.0
0.02598404884338379, 23.0
0.027161121368408203, 23.0
0.028348207473754883, 23.0
0.02956414222717285, 23.0
0.030749082565307617, 23.0
0.03193497657775879, 23.0
0.03311729431152344, 23.0
0.03431296348571777, 23.0
0.03553414344787598, 23.0
0.036744117736816406, 23.0
0.037954092025756836, 23.0
0.03919625282287598, 23.0
0.04041910171508789, 23.0
0.041645050048828125, 23.0
0.04284310340881348, 23.0
0.04404926300048828, 23.0
0.04524707794189453, 23.0
0.04648017883300781, 23.0
0.04765796661376953, 23.0
0.0488429069519043, 23.0
0.050015926361083984, 23.0
0.05118417739868164, 23.0
0.052355051040649414, 23.0
0.05353212356567383, 23.0
0.05470609664916992, 23.0
0.05594897270202637, 23.0
0.05712103843688965, 23.0
0.05829310417175293, 23.0
0.05946707725524902, 23.0
0.0606389045715332, 23.0
0.061820268630981445, 23.0
0.06303215026855469, 23.0
0.06421184539794922, 23.0
0.06538701057434082, 23.0
0.06656193733215332, 23.0
0.06775712966918945, 23.0
0.0689399242401123, 23.0
0.07011914253234863, 23.0
0.07130312919616699, 23.0
0.07250809669494629, 23.0
0.0736849308013916, 23.0
0.07486414909362793, 23.0
0.07603812217712402, 23.0
0.07721495628356934, 23.0
0.07839417457580566, 23.0
0.07964110374450684, 23.0
0.0808722972869873, 23.0
0.08207201957702637, 23.0
0.08325719833374023, 23.0
0.08443307876586914, 23.0
0.08561396598815918, 23.0
0.0867922306060791, 23.0
0.0879659652709961, 23.0
0.08918190002441406, 23.0
0.09035491943359375, 23.0
0.09154200553894043, 23.0
0.09272122383117676, 23.0
0.09389686584472656, 23.0
0.0950782299041748, 23.0
0.09630012512207031, 23.0
0.09747600555419922, 23.0
0.0986480712890625, 23.0
0.0998220443725586, 23.0
0.1009972095489502, 23.0
0.10221219062805176, 23.0
0.1034080982208252, 23.0
0.10461306571960449, 23.0
0.10584282875061035, 23.0
0.10704994201660156, 23.0
0.10828113555908203, 23.0
0.1095271110534668, 23.0
0.11075711250305176, 23.0
0.11198210716247559, 23.0
0.11323118209838867, 23.0
0.11447501182556152, 23.0
0.11568403244018555, 23.0
0.11688899993896484, 23.0
0.11810803413391113, 23.0
0.11931324005126953, 23.0
0.12051701545715332, 23.0
0.12176108360290527, 23.0
0.12296509742736816, 23.0
0.12416887283325195, 23.0
0.12537217140197754, 23.0
0.12657999992370605, 23.0
0.12778019905090332, 23.0
0.12899208068847656, 23.0
0.13022112846374512, 23.0
0.13141703605651855, 23.0
0.13262104988098145, 23.0
0.1338191032409668, 23.0
0.1350419521331787, 23.0
0.13624215126037598, 23.0
0.13744091987609863, 23.0
0.13868117332458496, 23.0
0.13988304138183594, 23.0
0.14108800888061523, 23.0
0.1423020362854004, 23.0
0.143510103225708, 23.0
0.14472508430480957, 23.0
0.14592623710632324, 23.0
0.14719796180725098, 23.0
0.14841103553771973, 23.0
0.14965200424194336, 23.0
0.15086102485656738, 23.0
0.15208697319030762, 23.0
0.15332508087158203, 23.0
0.15457415580749512, 23.0
0.15578794479370117, 23.0
0.15700030326843262, 23.0
0.15821003913879395, 23.0
0.15941309928894043, 23.0
0.16065096855163574, 23.0
0.16189908981323242, 23.0
0.16312289237976074, 23.0
0.1643681526184082, 23.0
0.16556787490844727, 23.0
0.1667921543121338, 23.0
0.16801214218139648, 23.0
0.16922593116760254, 23.0
0.17046904563903809, 23.0
0.1717538833618164, 23.0
0.1730329990386963, 23.0
0.1743450164794922, 23.0
0.1755969524383545, 23.0
0.1768491268157959, 23.0
0.1781330108642578, 23.0
0.17937397956848145, 23.0
0.18063902854919434, 23.0
0.1818859577178955, 23.0
0.18311595916748047, 23.0
0.18433928489685059, 23.0
0.18556690216064453, 23.0
0.1868422031402588, 23.0
0.18809795379638672, 23.0
0.18933510780334473, 23.0
0.1905660629272461, 23.0
0.19179701805114746, 23.0
0.19304108619689941, 23.0
0.19427919387817383, 23.0
0.19551801681518555, 23.0
0.19676899909973145, 23.0
0.1979970932006836, 23.0
0.19923925399780273, 23.0
0.20045995712280273, 23.0
0.20169711112976074, 23.0
0.20292305946350098, 23.0
0.20421910285949707, 23.0
0.20546293258666992, 23.0
0.20669102668762207, 23.0
0.20794415473937988, 23.0
0.20923209190368652, 23.0
0.2105112075805664, 23.0
0.21175599098205566, 23.0
0.21304702758789062, 23.0
0.21428298950195312, 23.0
0.21550989151000977, 23.0
0.21674609184265137, 23.0
0.21794819831848145, 23.0
0.2191469669342041, 23.0
0.22034502029418945, 23.0
0.22164607048034668, 23.0
0.2228541374206543, 23.0
0.22405600547790527, 23.0
0.22526001930236816, 23.0
0.2264721393585205, 23.0
0.2276909351348877, 23.0
0.228895902633667, 23.0
0.23016715049743652, 23.0
0.2313671112060547, 23.0
0.23256492614746094, 23.0
0.23376107215881348, 23.0
0.23496222496032715, 23.0
0.2361600399017334, 23.0
0.23739409446716309, 23.0
0.23864006996154785, 23.0
0.2398390769958496, 23.0
0.24105119705200195, 23.0
0.2422780990600586, 23.0
0.24349689483642578, 23.0
