0.0007932186126708984, 35.0
0.002173900604248047, 35.0
0.003425121307373047, 35.0
0.0047130584716796875, 35.0
0.006039142608642578, 35.0
0.0073490142822265625, 35.0
0.00865936279296875, 35.0
0.009957075119018555, 35.0
0.011292219161987305, 35.0
0.012658119201660156, 35.0
0.014022111892700195, 35.0
0.01532602310180664, 35.0
0.016622066497802734, 35.0
0.0179440975189209, 35.0
0.019292116165161133, 35.0
0.020592212677001953, 35.0
0.02189326286315918, 35.0
0.023190021514892578, 35.0
0.02449512481689453, 35.0
0.0257871150970459, 35.0
0.027081966400146484, 35.0
0.028388261795043945, 35.0
0.029691219329833984, 35.0
0.030997037887573242, 35.0
0.032299041748046875, 35.0
0.03359627723693848, 35.0
0.034896135330200195, 35.0
0.03618931770324707, 35.0
0.03748917579650879, 35.0
0.038790225982666016, 35.0
0.04010915756225586, 35.0
0.04141426086425781, 35.0
0.04271101951599121, 35.0
0.04400825500488281, 35.0
0.04530000686645508, 35.0
0.04659605026245117, 35.0
0.04788923263549805, 35.0
0.049181222915649414, 35.0
0.05049014091491699, 35.0
0.05179429054260254, 35.0
0.05311012268066406, 35.0
0.054435014724731445, 35.0
0.05576014518737793, 35.0
0.05708599090576172, 35.0
0.058422088623046875, 35.0
0.05974912643432617, 35.0
0.06110525131225586, 35.0
0.06244301795959473, 35.0
0.06374502182006836, 35.0
0.06505799293518066, 35.0
0.06634902954101562, 35.0
0.06765103340148926, 35.0
0.06894898414611816, 35.0
0.07027411460876465, 35.0
0.0715949535369873, 35.0
0.07289695739746094, 35.0
0.07419109344482422, 35.0
0.07548713684082031, 35.0
0.07678699493408203, 35.0
0.07809925079345703, 35.0
0.0793919563293457, 35.0
0.08069515228271484, 35.0
0.08199310302734375, 35.0
0.0832982063293457, 35.0
0.08460807800292969, 35.0
0.08591222763061523, 35.0
0.08720827102661133, 35.0
0.0885472297668457, 35.0
0.08984923362731934, 35.0
0.09116601943969727, 35.0
0.09245800971984863, 35.0
0.09375905990600586, 35.0
0.09505510330200195, 35.0
0.09635519981384277, 35.0
0.09766030311584473, 35.0
0.0989530086517334, 35.0
0.100250244140625, 35.0
0.10155010223388672, 35.0
0.10286426544189453, 35.0
0.10419726371765137, 35.0
0.10550117492675781, 35.0
0.10680007934570312, 35.0
0.10810017585754395, 35.0
0.1094052791595459, 35.0
0.11071205139160156, 35.0
0.11201000213623047, 35.0
0.11330199241638184, 35.0
0.1146092414855957, 35.0
0.1159369945526123, 35.0
0.11723589897155762, 35.0
0.11854219436645508, 35.0
0.11986994743347168, 35.0
0.12117815017700195, 35.0
0.12247300148010254, 35.0
0.12380003929138184, 35.0
0.1251370906829834, 35.0
0.12645602226257324, 35.0
0.12781310081481934, 35.0
0.1291639804840088, 35.0
0.13051795959472656, 35.0
0.13186931610107422, 35.0
0.1332080364227295, 35.0
0.13457417488098145, 35.0
0.13591504096984863, 35.0
0.1372532844543457, 35.0
0.13858914375305176, 35.0
0.1399061679840088, 35.0
0.14127421379089355, 35.0
0.14264607429504395, 35.0
0.14399218559265137, 35.0
0.14534926414489746, 35.0
0.14669013023376465, 35.0
0.14803314208984375, 35.0
0.14941000938415527, 35.0
0.1509091854095459, 35.0
0.15228009223937988, 35.0
0.15363502502441406, 35.0
0.15498709678649902, 35.0
0.15634512901306152, 35.0
0.15769505500793457, 35.0
0.15904521942138672, 35.0
0.16039609909057617, 35.0
0.16173911094665527, 35.0
0.1630852222442627, 35.0
0.16443705558776855, 35.0
0.16579818725585938, 35.0
0.16717004776000977, 35.0
0.16855406761169434, 35.0
0.16991901397705078, 35.0
0.17127609252929688, 35.0
0.1726551055908203, 35.0
0.17395520210266113, 35.0
0.17531228065490723, 35.0
0.17662620544433594, 35.0
0.17795610427856445, 35.0
0.17926406860351562, 35.0
0.1805860996246338, 35.0
0.1818830966949463, 35.0
0.18317914009094238, 35.0
0.18447422981262207, 35.0
0.18577098846435547, 35.0
0.18708109855651855, 35.0
0.1884140968322754, 35.0
0.18970322608947754, 35.0
0.19100308418273926, 35.0
0.19234204292297363, 35.0
0.1936352252960205, 35.0
0.19498014450073242, 35.0
0.1963210105895996, 35.0
0.1976640224456787, 35.0
0.19900918006896973, 35.0
0.20036721229553223, 35.0
0.20171904563903809, 35.0
0.20305728912353516, 35.0
0.20440220832824707, 35.0
0.2057180404663086, 35.0
0.20702409744262695, 35.0
0.20836210250854492, 35.0
0.20972204208374023, 35.0
0.21114325523376465, 35.0
0.21254396438598633, 35.0
0.21387124061584473, 35.0
0.2151789665222168, 35.0
0.21649503707885742, 35.0
0.21778607368469238, 35.0
0.21914124488830566, 35.0
0.22046303749084473, 35.0
0.22182130813598633, 35.0
0.22320008277893066, 35.0
0.2244889736175537, 35.0
0.22574996948242188, 35.0
0.22704815864562988, 35.0
0.22843122482299805, 35.0
0.22972917556762695, 35.0
0.23099803924560547, 35.0
0.2322690486907959, 35.0
0.23352718353271484, 35.0
0.23482418060302734, 35.0
0.2361142635345459, 35.0
0.2374100685119629, 35.0
0.23867535591125488, 35.0
0.23994016647338867, 35.0
0.24120211601257324, 35.0
0.24247503280639648, 35.0
0.24373817443847656, 35.0
0.24501705169677734, 35.0
0.2462902069091797, 35.0
0.24756312370300293, 35.0
0.2488410472869873, 35.0
0.25014710426330566, 35.0
0.2514162063598633, 35.0
0.2526819705963135, 35.0
0.25394105911254883, 35.0
0.2552011013031006, 35.0
0.25646305084228516, 35.0
0.25773000717163086, 35.0
0.25899600982666016, 35.0
0.2602701187133789, 35.0
0.2615349292755127, 35.0
0.26279497146606445, 35.0
0.2640531063079834, 35.0
