1.1920928955078125e-05, 970.0
2.288818359375e-05, 1949.0
3.0994415283203125e-05, 2434.0
3.790855407714844e-05, 2918.0
4.506111145019531e-05, 3894.0
5.1975250244140625e-05, 4853.0
5.888938903808594e-05, 5831.0
6.604194641113281e-05, 6812.0
0.00019884109497070312, 7672.0
0.0002999305725097656, 8627.0
0.0004909038543701172, 8720.0
0.0005049705505371094, 8727.0
0.000537872314453125, 9211.0
0.0005650520324707031, 9690.0
0.0005929470062255859, 9696.0
0.0006058216094970703, 9712.0
0.0007548332214355469, 9726.0
0.00131988525390625, 9744.0
0.05375313758850098, 9745.0
0.07256484031677246, 9746.0
0.09535694122314453, 9749.0
0.09785294532775879, 9752.0
0.1089930534362793, 9753.0
0.26830005645751953, 9758.0
