0.00014901161193847656, 17.0
0.00017595291137695312, 32.0
0.00018787384033203125, 35.0
0.00021409988403320312, 52.0
0.00023818016052246094, 67.0
0.0002830028533935547, 76.0
0.0002949237823486328, 79.0
0.0003199577331542969, 96.0
0.0003440380096435547, 111.0
0.0004019737243652344, 116.0
0.00041294097900390625, 119.0
0.00043702125549316406, 136.0
0.00046181678771972656, 151.0
0.0005269050598144531, 165.0
0.0005509853363037109, 180.0
0.0006248950958251953, 186.0
0.00067901611328125, 191.0
0.0006899833679199219, 194.0
0.0007140636444091797, 211.0
0.0007381439208984375, 226.0
0.000804901123046875, 240.0
0.0008299350738525391, 255.0
0.0009150505065917969, 258.0
0.0009758472442626953, 263.0
0.000988006591796875, 266.0
0.0010120868682861328, 283.0
0.001035928726196289, 298.0
0.0011029243469238281, 312.0
0.001127004623413086, 327.0
0.0012297630310058594, 330.0
0.0013158321380615234, 333.0
0.0013709068298339844, 338.0
0.0013818740844726562, 341.0
0.0014090538024902344, 358.0
0.001432180404663086, 373.0
0.0014989376068115234, 387.0
0.0015218257904052734, 402.0
0.0016341209411621094, 403.0
0.0016567707061767578, 418.0
0.0017600059509277344, 421.0
0.0018470287322998047, 424.0
0.0019011497497558594, 429.0
0.001912832260131836, 432.0
0.0019369125366210938, 449.0
0.0019600391387939453, 464.0
0.0020270347595214844, 478.0
0.002051115036010742, 493.0
0.0021588802337646484, 495.0
0.0021829605102539062, 512.0
0.002207040786743164, 527.0
0.0022749900817871094, 541.0
0.0022978782653808594, 556.0
0.002434968948364258, 567.0
0.002458810806274414, 582.0
0.0025260448455810547, 596.0
0.0026960372924804688, 604.0
0.0029277801513671875, 618.0
0.003192901611328125, 619.0
0.003246784210205078, 624.0
0.003258943557739258, 627.0
0.003281831741333008, 644.0
0.0034449100494384766, 653.0
0.003459930419921875, 656.0
0.003484964370727539, 673.0
0.003651857376098633, 681.0
0.003834962844848633, 686.0
0.004002094268798828, 694.0
0.004171133041381836, 708.0
0.004364013671875, 714.0
0.00437617301940918, 717.0
0.004400968551635742, 734.0
0.00448298454284668, 746.0
0.0046329498291015625, 754.0
0.004808902740478516, 757.0
0.0048329830169677734, 772.0
0.004909038543701172, 786.0
0.005075931549072266, 794.0
0.005268096923828125, 795.0
0.005348920822143555, 799.0
0.0054399967193603516, 806.0
0.005464792251586914, 824.0
0.005624055862426758, 832.0
0.005808830261230469, 835.0
0.00592494010925293, 837.0
0.00597691535949707, 844.0
0.005997180938720703, 864.0
0.0061588287353515625, 872.0
0.006372928619384766, 885.0
0.006697893142700195, 896.0
0.006904125213623047, 904.0
0.0071849822998046875, 907.0
0.007385969161987305, 910.0
0.007678031921386719, 918.0
0.007935047149658203, 922.0
0.008247137069702148, 931.0
0.008439064025878906, 939.0
0.008665800094604492, 945.0
0.008810043334960938, 946.0
0.008894920349121094, 953.0
0.008919000625610352, 971.0
0.009112834930419922, 979.0
0.009891033172607422, 985.0
0.010128974914550781, 991.0
0.010351896286010742, 999.0
0.010377883911132812, 1017.0
0.010585784912109375, 1025.0
