0.0014040470123291016, 52.0
0.003376007080078125, 52.0
0.0053119659423828125, 52.0
0.007411003112792969, 52.0
0.009449958801269531, 52.0
0.011384963989257812, 52.0
0.013332843780517578, 52.0
0.015219926834106445, 52.0
0.017108917236328125, 52.0
0.01900005340576172, 52.0
0.02087116241455078, 52.0
0.022737979888916016, 52.0
0.024600982666015625, 52.0
0.026479005813598633, 52.0
0.028352975845336914, 52.0
0.030220985412597656, 52.0
0.032083988189697266, 52.0
0.033959150314331055, 52.0
0.035830020904541016, 52.0
0.037698984146118164, 52.0
0.039565086364746094, 52.0
0.04142880439758301, 52.0
0.043302059173583984, 52.0
0.04517698287963867, 52.0
0.047041893005371094, 52.0
0.04890799522399902, 52.0
0.050772905349731445, 52.0
0.05264091491699219, 52.0
0.0545041561126709, 52.0
0.056366920471191406, 52.0
0.05826592445373535, 52.0
0.06012678146362305, 52.0
0.061990976333618164, 52.0
0.0638570785522461, 52.0
0.06572294235229492, 52.0
0.06765508651733398, 52.0
0.06968808174133301, 52.0
0.07163310050964355, 52.0
0.07355093955993652, 52.0
0.0755009651184082, 52.0
0.07740211486816406, 52.0
0.07930421829223633, 52.0
0.08121991157531738, 52.0
0.08312582969665527, 52.0
0.08502697944641113, 52.0
0.08694601058959961, 52.0
0.08889603614807129, 52.0
0.09080219268798828, 52.0
0.09273099899291992, 52.0
0.09465312957763672, 52.0
0.0966031551361084, 52.0
0.09856390953063965, 52.0
0.10043597221374512, 52.0
0.10230803489685059, 52.0
0.1041719913482666, 52.0
0.10604095458984375, 52.0
0.10790801048278809, 52.0
0.10976195335388184, 52.0
0.11162209510803223, 52.0
0.11348795890808105, 52.0
0.11534881591796875, 52.0
0.11721587181091309, 52.0
0.11908912658691406, 52.0
0.12095499038696289, 52.0
0.12282586097717285, 52.0
0.12468695640563965, 52.0
0.12655305862426758, 52.0
0.12842583656311035, 52.0
0.13030004501342773, 52.0
0.13216090202331543, 52.0
0.13402009010314941, 52.0
0.13587594032287598, 52.0
0.13773894309997559, 52.0
0.1396021842956543, 52.0
0.14145922660827637, 52.0
0.14332199096679688, 52.0
0.14518380165100098, 52.0
0.14705204963684082, 52.0
0.14897990226745605, 52.0
0.15084624290466309, 52.0
0.1527111530303955, 52.0
0.15457916259765625, 52.0
0.15644407272338867, 52.0
0.15830016136169434, 52.0
0.16015982627868652, 52.0
0.16202092170715332, 52.0
0.16388201713562012, 52.0
0.16575002670288086, 52.0
0.1676168441772461, 52.0
0.1694808006286621, 52.0
0.17134308815002441, 52.0
0.17321205139160156, 52.0
0.17508292198181152, 52.0
0.17693614959716797, 52.0
0.17879486083984375, 52.0
0.18066191673278809, 52.0
0.18251681327819824, 52.0
0.18438005447387695, 52.0
0.18624401092529297, 52.0
0.18810200691223145, 52.0
0.18996191024780273, 52.0
0.19183087348937988, 52.0
0.1936938762664795, 52.0
0.19555187225341797, 52.0
0.1974179744720459, 52.0
0.19928598403930664, 52.0
0.20115303993225098, 52.0
0.20303106307983398, 52.0
0.2048938274383545, 52.0
0.20675301551818848, 52.0
0.20860886573791504, 52.0
0.21047282218933105, 52.0
0.2123880386352539, 52.0
0.2143850326538086, 52.0
0.21631813049316406, 52.0
0.21831703186035156, 52.0
0.2201828956604004, 52.0
0.2220478057861328, 52.0
0.22391605377197266, 52.0
0.22579598426818848, 52.0
0.22768807411193848, 52.0
0.2295541763305664, 52.0
0.23141813278198242, 52.0
0.23328304290771484, 52.0
0.23515892028808594, 52.0
0.23705601692199707, 52.0
0.23893117904663086, 52.0
0.24078893661499023, 52.0
0.2426609992980957, 52.0
0.24451708793640137, 52.0
0.24638891220092773, 52.0
0.24825406074523926, 52.0
0.25011396408081055, 52.0
0.25198984146118164, 52.0
0.25385499000549316, 52.0
0.2557201385498047, 52.0
0.2575840950012207, 52.0
0.25944995880126953, 52.0
0.2613091468811035, 52.0
0.26320409774780273, 52.0
0.2650630474090576, 52.0
0.266934871673584, 52.0
0.26880884170532227, 52.0
0.27068305015563965, 52.0
0.2725679874420166, 52.0
0.27444911003112793, 52.0
0.27632713317871094, 52.0
0.2782020568847656, 52.0
0.28011107444763184, 52.0
0.2819712162017822, 52.0
0.28383803367614746, 52.0
0.28569602966308594, 52.0
0.28756189346313477, 52.0
0.28943300247192383, 52.0
0.29129600524902344, 52.0
0.29316091537475586, 52.0
0.29501986503601074, 52.0
0.29688215255737305, 52.0
0.29874396324157715, 52.0
0.3006100654602051, 52.0
0.30248117446899414, 52.0
0.30434489250183105, 52.0
0.30620694160461426, 52.0
0.30808210372924805, 52.0
0.3100121021270752, 52.0
0.31188201904296875, 52.0
0.3137528896331787, 52.0
0.3156111240386963, 52.0
0.31746912002563477, 52.0
0.3193199634552002, 52.0
0.32117700576782227, 52.0
0.32303404808044434, 52.0
0.324908971786499, 52.0
0.3267669677734375, 52.0
0.3286299705505371, 52.0
0.3304932117462158, 52.0
0.33234286308288574, 52.0
0.33420681953430176, 52.0
0.3360769748687744, 52.0
0.3379361629486084, 52.0
0.33980679512023926, 52.0
0.34166812896728516, 52.0
0.34352993965148926, 52.0
0.34539318084716797, 52.0
0.34727907180786133, 52.0
0.3491380214691162, 52.0
0.35100579261779785, 52.0
0.35286498069763184, 52.0
0.3547220230102539, 52.0
0.3565821647644043, 52.0
0.35844898223876953, 52.0
0.3603188991546631, 52.0
0.36218786239624023, 52.0
0.3640480041503906, 52.0
0.36590099334716797, 52.0
0.36775898933410645, 52.0
0.3696129322052002, 52.0
0.371474027633667, 52.0
0.3733501434326172, 52.0
0.37520718574523926, 52.0
0.3770630359649658, 52.0
