0.0009350776672363281, 130.0
0.0024881362915039062, 130.0
0.003979206085205078, 130.0
0.005483150482177734, 130.0
0.00699615478515625, 130.0
0.008541107177734375, 130.0
0.010097026824951172, 130.0
0.011605978012084961, 130.0
0.013110160827636719, 130.0
0.014594793319702148, 130.0
0.016093969345092773, 130.0
0.017648935317993164, 130.0
0.019192218780517578, 130.0
0.02073192596435547, 130.0
0.022272109985351562, 130.0
0.023810148239135742, 130.0
0.02534198760986328, 130.0
0.02687382698059082, 130.0
0.028397798538208008, 130.0
0.029972076416015625, 130.0
0.031519174575805664, 130.0
0.03305411338806152, 130.0
0.034600019454956055, 130.0
0.036142826080322266, 130.0
0.037687063217163086, 130.0
0.039235830307006836, 130.0
0.04077911376953125, 130.0
0.042333126068115234, 130.0
0.04387402534484863, 130.0
0.045411109924316406, 130.0
0.04695892333984375, 130.0
0.048510074615478516, 130.0
0.05006599426269531, 130.0
0.051618099212646484, 130.0
0.053147077560424805, 130.0
0.05468606948852539, 130.0
0.05622601509094238, 130.0
0.05775594711303711, 130.0
0.05929088592529297, 130.0
0.06082010269165039, 130.0
0.062357187271118164, 130.0
0.06388592720031738, 130.0
0.06542801856994629, 130.0
0.06696820259094238, 130.0
0.06849384307861328, 130.0
0.07003092765808105, 130.0
0.07156682014465332, 130.0
0.07309699058532715, 130.0
0.07462620735168457, 130.0
0.07616496086120605, 130.0
0.07770705223083496, 130.0
0.07924413681030273, 130.0
0.08077001571655273, 130.0
0.0823061466217041, 130.0
0.08384013175964355, 130.0
0.08538818359375, 130.0
0.0871739387512207, 130.0
0.08873414993286133, 130.0
0.09028100967407227, 130.0
0.09183502197265625, 130.0
0.09339594841003418, 130.0
0.09494781494140625, 130.0
0.0965120792388916, 130.0
0.09806180000305176, 130.0
0.09960508346557617, 130.0
0.10114407539367676, 130.0
0.10268402099609375, 130.0
0.1042330265045166, 130.0
0.10579800605773926, 130.0
0.10735917091369629, 130.0
0.10890507698059082, 130.0
0.11044907569885254, 130.0
0.11199593544006348, 130.0
0.11353802680969238, 130.0
0.11507487297058105, 130.0
0.11662602424621582, 130.0
0.11816811561584473, 130.0
0.11970305442810059, 130.0
0.12124013900756836, 130.0
0.12279510498046875, 130.0
0.12435483932495117, 130.0
0.12590384483337402, 130.0
0.1274549961090088, 130.0
0.12899422645568848, 130.0
0.13053107261657715, 130.0
0.13207602500915527, 130.0
0.1336231231689453, 130.0
0.13516020774841309, 130.0
0.13670611381530762, 130.0
0.13824701309204102, 130.0
0.1398000717163086, 130.0
0.1413562297821045, 130.0
0.1428999900817871, 130.0
0.1444401741027832, 130.0
0.1459789276123047, 130.0
0.1475229263305664, 130.0
0.14908814430236816, 130.0
0.15064406394958496, 130.0
0.1521899700164795, 130.0
0.1537308692932129, 130.0
0.1552720069885254, 130.0
0.15682411193847656, 130.0
0.1583719253540039, 130.0
0.1599140167236328, 130.0
0.16146016120910645, 130.0
0.16300082206726074, 130.0
0.16453790664672852, 130.0
0.1660768985748291, 130.0
0.1676170825958252, 130.0
0.16915321350097656, 130.0
0.17070603370666504, 130.0
0.1722431182861328, 130.0
0.17377901077270508, 130.0
0.17531919479370117, 130.0
0.17686009407043457, 130.0
0.17839813232421875, 130.0
0.1799471378326416, 130.0
0.18149113655090332, 130.0
0.183013916015625, 130.0
0.18454885482788086, 130.0
0.18607115745544434, 130.0
0.18759608268737793, 130.0
0.1891160011291504, 130.0
0.19063711166381836, 130.0
0.19216012954711914, 130.0
0.193681001663208, 130.0
0.19519901275634766, 130.0
0.1967160701751709, 130.0
0.1982409954071045, 130.0
0.19975519180297852, 130.0
0.20127487182617188, 130.0
0.20279502868652344, 130.0
0.2043149471282959, 130.0
0.20583891868591309, 130.0
0.20736002922058105, 130.0
0.20888209342956543, 130.0
0.21039915084838867, 130.0
0.21192407608032227, 130.0
0.21346592903137207, 130.0
0.21500706672668457, 130.0
0.2165541648864746, 130.0
0.21808600425720215, 130.0
0.21960902214050293, 130.0
0.22107195854187012, 130.0
0.222520112991333, 130.0
0.22400116920471191, 130.0
0.22553086280822754, 130.0
0.2269899845123291, 130.0
0.22844696044921875, 130.0
0.2299039363861084, 130.0
0.23136401176452637, 130.0
0.2328178882598877, 130.0
0.23429298400878906, 130.0
0.23574304580688477, 130.0
0.23719501495361328, 130.0
0.23864984512329102, 130.0
0.24010205268859863, 130.0
0.24155306816101074, 130.0
0.24303102493286133, 130.0
0.24448108673095703, 130.0
0.24593305587768555, 130.0
0.24738407135009766, 130.0
0.24883484840393066, 130.0
0.250277042388916, 130.0
0.25173521041870117, 130.0
0.2531850337982178, 130.0
0.2546510696411133, 130.0
0.25610995292663574, 130.0
0.25756096839904785, 130.0
0.2590060234069824, 130.0
0.2604529857635498, 130.0
0.2618989944458008, 130.0
0.2633481025695801, 130.0
0.26479506492614746, 130.0
0.26625490188598633, 130.0
0.2676999568939209, 130.0
0.26917314529418945, 130.0
0.2706329822540283, 130.0
0.2720820903778076, 130.0
0.2735288143157959, 130.0
0.274979829788208, 130.0
0.2764291763305664, 130.0
0.2778801918029785, 130.0
0.279339075088501, 130.0
0.28078293800354004, 130.0
0.2822389602661133, 130.0
0.28369903564453125, 130.0
0.28514909744262695, 130.0
0.28659486770629883, 130.0
0.28803586959838867, 130.0
0.2894890308380127, 130.0
0.29094505310058594, 130.0
0.2923898696899414, 130.0
0.29384899139404297, 130.0
0.29529809951782227, 130.0
0.29674506187438965, 130.0
0.2981860637664795, 130.0
0.2996401786804199, 130.0
0.30110692977905273, 130.0
0.30256104469299316, 130.0
0.3040120601654053, 130.0
