0.00115203857421875, 107.0
0.0028297901153564453, 107.0
0.004436016082763672, 107.0
0.006062746047973633, 107.0
0.007649898529052734, 107.0
0.00919198989868164, 107.0
0.0107269287109375, 107.0
0.012258768081665039, 107.0
0.013779878616333008, 107.0
0.015417814254760742, 107.0
0.017166852951049805, 107.0
0.018886804580688477, 107.0
0.020526885986328125, 107.0
0.022055864334106445, 107.0
0.023626089096069336, 107.0
0.02516794204711914, 107.0
0.026706933975219727, 107.0
0.02825784683227539, 107.0
0.029742717742919922, 107.0
0.031216859817504883, 107.0
0.03269195556640625, 107.0
0.034204959869384766, 107.0
0.03572678565979004, 107.0
0.037301063537597656, 107.0
0.03895974159240723, 107.0
0.04051089286804199, 107.0
0.042053937911987305, 107.0
0.04357409477233887, 107.0
0.0450897216796875, 107.0
0.04665184020996094, 107.0
0.048184871673583984, 107.0
0.049710750579833984, 107.0
0.05121898651123047, 107.0
0.052727699279785156, 107.0
0.05428290367126465, 107.0
0.055815935134887695, 107.0
0.05737590789794922, 107.0
0.05889892578125, 107.0
0.06042194366455078, 107.0
0.06195878982543945, 107.0
0.06347870826721191, 107.0
0.06500577926635742, 107.0
0.0665578842163086, 107.0
0.06807613372802734, 107.0
0.06958580017089844, 107.0
0.07110404968261719, 107.0
0.0726778507232666, 107.0
0.07426595687866211, 107.0
0.07579493522644043, 107.0
0.0772848129272461, 107.0
0.07876896858215332, 107.0
0.08024406433105469, 107.0
0.08172178268432617, 107.0
0.08322691917419434, 107.0
0.08475589752197266, 107.0
0.08623290061950684, 107.0
0.08772993087768555, 107.0
0.08920407295227051, 107.0
0.09068489074707031, 107.0
0.0922088623046875, 107.0
0.0936899185180664, 107.0
0.09516787528991699, 107.0
0.09666204452514648, 107.0
0.0981450080871582, 107.0
0.09962606430053711, 107.0
0.10115694999694824, 107.0
0.10263395309448242, 107.0
0.1041097640991211, 107.0
0.10558390617370605, 107.0
0.10711884498596191, 107.0
0.10860395431518555, 107.0
0.11008095741271973, 107.0
0.11156368255615234, 107.0
0.11304187774658203, 107.0
0.11454272270202637, 107.0
0.11606502532958984, 107.0
0.11754298210144043, 107.0
0.11905169486999512, 107.0
0.12056303024291992, 107.0
0.12206602096557617, 107.0
0.12356185913085938, 107.0
0.1250438690185547, 107.0
0.126600980758667, 107.0
0.12809395790100098, 107.0
0.12956905364990234, 107.0
0.1310558319091797, 107.0
0.13262271881103516, 107.0
0.13411474227905273, 107.0
0.13559198379516602, 107.0
0.1370680332183838, 107.0
0.13854002952575684, 107.0
0.14000892639160156, 107.0
0.14150094985961914, 107.0
0.14297771453857422, 107.0
0.1444549560546875, 107.0
0.1459338665008545, 107.0
0.14740467071533203, 107.0
0.14887285232543945, 107.0
0.15035176277160645, 107.0
0.151824951171875, 107.0
0.15329384803771973, 107.0
0.1547536849975586, 107.0
0.15620994567871094, 107.0
0.15769505500793457, 107.0
0.15916895866394043, 107.0
0.16063690185546875, 107.0
0.16210675239562988, 107.0
0.1635746955871582, 107.0
0.16504287719726562, 107.0
0.16650176048278809, 107.0
0.1679697036743164, 107.0
0.16943597793579102, 107.0
0.17090892791748047, 107.0
0.17237186431884766, 107.0
0.17384672164916992, 107.0
0.17531871795654297, 107.0
0.17679190635681152, 107.0
0.1782548427581787, 107.0
0.17972087860107422, 107.0
0.18119096755981445, 107.0
0.18267488479614258, 107.0
0.18415594100952148, 107.0
0.1856248378753662, 107.0
0.18709397315979004, 107.0
0.18855881690979004, 107.0
0.19002199172973633, 107.0
0.1914997100830078, 107.0
0.19296598434448242, 107.0
0.19448399543762207, 107.0
0.19595694541931152, 107.0
0.19743585586547852, 107.0
0.19891095161437988, 107.0
0.2004239559173584, 107.0
0.2019338607788086, 107.0
0.2034139633178711, 107.0
0.20488977432250977, 107.0
0.2063748836517334, 107.0
0.2078568935394287, 107.0
0.20937085151672363, 107.0
0.2109088897705078, 107.0
0.21248793601989746, 107.0
0.21396470069885254, 107.0
0.21547985076904297, 107.0
0.21705293655395508, 107.0
0.2185359001159668, 107.0
0.2200157642364502, 107.0
0.2215099334716797, 107.0
0.2229759693145752, 107.0
0.22446393966674805, 107.0
0.22593188285827637, 107.0
0.2273998260498047, 107.0
0.22886395454406738, 107.0
0.2303318977355957, 107.0
0.23179984092712402, 107.0
0.23329782485961914, 107.0
0.23476099967956543, 107.0
0.23624491691589355, 107.0
0.23773789405822754, 107.0
0.23920679092407227, 107.0
0.24068880081176758, 107.0
0.24217486381530762, 107.0
0.24364972114562988, 107.0
0.2451179027557373, 107.0
0.2465837001800537, 107.0
0.248060941696167, 107.0
0.2495267391204834, 107.0
0.25099706649780273, 107.0
0.2524590492248535, 107.0
0.2539210319519043, 107.0
0.25539088249206543, 107.0
0.25687670707702637, 107.0
0.2583487033843994, 107.0
0.25982189178466797, 107.0
0.26129794120788574, 107.0
0.26276397705078125, 107.0
0.2642388343811035, 107.0
0.2657129764556885, 107.0
0.2672708034515381, 107.0
0.2688419818878174, 107.0
0.2703440189361572, 107.0
0.27184009552001953, 107.0
0.2733597755432129, 107.0
0.274871826171875, 107.0
0.2763679027557373, 107.0
0.27786874771118164, 107.0
0.2793617248535156, 107.0
0.28087782859802246, 107.0
0.28237175941467285, 107.0
0.28386783599853516, 107.0
0.28537607192993164, 107.0
0.28690385818481445, 107.0
0.2884049415588379, 107.0
0.28989601135253906, 107.0
0.291414737701416, 107.0
0.2929089069366455, 107.0
0.29441094398498535, 107.0
0.2959558963775635, 107.0
0.2974247932434082, 107.0
0.29889678955078125, 107.0
0.30036187171936035, 107.0
0.3018310070037842, 107.0
