1.2636184692382812e-05, 19.330424
2.09808349609375e-05, 54.359569
2.574920654296875e-05, 66.267891
3.075599670410156e-05, 75.408185
3.5762786865234375e-05, 146.458327
4.1961669921875e-05, 146.583453
5.173683166503906e-05, 245.43595699999997
9.679794311523438e-05, 272.765283
0.0005018711090087891, 305.279701
0.0006117820739746094, 305.703909
0.0013659000396728516, 325.983459
0.001439809799194336, 337.000641
0.001500844955444336, 354.05438399999997
0.0021376609802246094, 355.94347999999997
0.002162933349609375, 416.119877
0.01619577407836914, 423.572496
0.02348184585571289, 428.028199
0.05004286766052246, 430.033265
0.05805182456970215, 466.338083
0.1109318733215332, 469.161046
0.20795488357543945, 481.069368
