1.4066696166992188e-05, 15.0
2.09808349609375e-05, 105.0
2.7894973754882812e-05, 183.0
3.504753112792969e-05, 200.0
5.984306335449219e-05, 226.0
6.604194641113281e-05, 303.0
7.295608520507812e-05, 349.0
7.891654968261719e-05, 366.0
8.58306884765625e-05, 374.0
0.00014781951904296875, 424.0
0.00015997886657714844, 442.0
0.00016689300537109375, 505.0
0.00017881393432617188, 540.0
0.00018596649169921875, 580.0
0.0001919269561767578, 588.0
0.00020503997802734375, 602.0
0.00026702880859375, 617.0
0.00042891502380371094, 687.0
0.0005288124084472656, 711.0
0.0006399154663085938, 715.0
0.0006468296051025391, 755.0
0.0006587505340576172, 822.0
0.0006661415100097656, 912.0
0.0006718635559082031, 973.0
0.3046109676361084, 995.0
0.3397979736328125, 1013.0
0.3506810665130615, 1016.0
0.36922287940979004, 1024.0
