0.0007741451263427734, 35.0
0.0021429061889648438, 35.0
0.0034019947052001953, 35.0
0.004669904708862305, 35.0
0.005961894989013672, 35.0
0.0073089599609375, 35.0
0.00857996940612793, 35.0
0.009862184524536133, 35.0
0.01113581657409668, 35.0
0.01242375373840332, 35.0
0.013712167739868164, 35.0
0.015011072158813477, 35.0
0.016375064849853516, 35.0
0.01766180992126465, 35.0
0.01892995834350586, 35.0
0.02020096778869629, 35.0
0.021490812301635742, 35.0
0.02275705337524414, 35.0
0.02412700653076172, 35.0
0.02544403076171875, 35.0
0.02672600746154785, 35.0
0.027996063232421875, 35.0
0.029275178909301758, 35.0
0.030564069747924805, 35.0
0.031883955001831055, 35.0
0.03319382667541504, 35.0
0.03447079658508301, 35.0
0.03576016426086426, 35.0
0.03703594207763672, 35.0
0.038316965103149414, 35.0
0.0396420955657959, 35.0
0.04094696044921875, 35.0
0.04222583770751953, 35.0
0.043498992919921875, 35.0
0.044775962829589844, 35.0
0.04605412483215332, 35.0
0.0473477840423584, 35.0
0.048668861389160156, 35.0
0.04993605613708496, 35.0
0.05120992660522461, 35.0
0.05248403549194336, 35.0
0.05375099182128906, 35.0
0.05503582954406738, 35.0
0.05635881423950195, 35.0
0.05763101577758789, 35.0
0.05891704559326172, 35.0
0.060183048248291016, 35.0
0.061457157135009766, 35.0
0.06272506713867188, 35.0
0.06401515007019043, 35.0
0.06538200378417969, 35.0
0.06660079956054688, 35.0
0.0678410530090332, 35.0
0.06911897659301758, 35.0
0.07040596008300781, 35.0
0.0717008113861084, 35.0
0.07301974296569824, 35.0
0.07431387901306152, 35.0
0.07559084892272949, 35.0
0.07687187194824219, 35.0
0.07814598083496094, 35.0
0.07942795753479004, 35.0
0.08071017265319824, 35.0
0.08205294609069824, 35.0
0.08333683013916016, 35.0
0.0846109390258789, 35.0
0.08589577674865723, 35.0
0.08717489242553711, 35.0
0.08846783638000488, 35.0
0.08980298042297363, 35.0
0.09108304977416992, 35.0
0.09236598014831543, 35.0
0.09363985061645508, 35.0
0.09492611885070801, 35.0
0.0962059497833252, 35.0
0.09748291969299316, 35.0
0.09880590438842773, 35.0
0.10006999969482422, 35.0
0.10133600234985352, 35.0
0.10261082649230957, 35.0
0.10387802124023438, 35.0
0.10514998435974121, 35.0
0.10645914077758789, 35.0
0.10773301124572754, 35.0
0.10901594161987305, 35.0
0.11028814315795898, 35.0
0.11154890060424805, 35.0
0.11281514167785645, 35.0
0.11408495903015137, 35.0
0.1154019832611084, 35.0
0.1166677474975586, 35.0
0.11793780326843262, 35.0
0.11921095848083496, 35.0
0.12049698829650879, 35.0
0.12177085876464844, 35.0
0.1230461597442627, 35.0
0.12436699867248535, 35.0
0.125640869140625, 35.0
0.12691187858581543, 35.0
0.12817978858947754, 35.0
0.12944793701171875, 35.0
0.1307220458984375, 35.0
0.13207292556762695, 35.0
0.13334012031555176, 35.0
0.134613037109375, 35.0
0.13588404655456543, 35.0
0.13715386390686035, 35.0
0.1384260654449463, 35.0
0.1396949291229248, 35.0
0.14101600646972656, 35.0
0.14229393005371094, 35.0
0.1435718536376953, 35.0
0.14485502243041992, 35.0
0.1461348533630371, 35.0
0.14741301536560059, 35.0
0.14877009391784668, 35.0
0.15004801750183105, 35.0
0.1513221263885498, 35.0
0.15259695053100586, 35.0
0.15386390686035156, 35.0
0.1551499366760254, 35.0
0.1564488410949707, 35.0
0.15775513648986816, 35.0
0.15903210639953613, 35.0
0.16030311584472656, 35.0
0.16157293319702148, 35.0
0.16284799575805664, 35.0
0.16414880752563477, 35.0
0.16560888290405273, 35.0
0.16691184043884277, 35.0
0.16822290420532227, 35.0
0.16954278945922852, 35.0
0.1708669662475586, 35.0
0.172166109085083, 35.0
0.17348289489746094, 35.0
0.17483305931091309, 35.0
0.176163911819458, 35.0
0.17746710777282715, 35.0
0.17875885963439941, 35.0
0.18008017539978027, 35.0
0.18140888214111328, 35.0
0.18281793594360352, 35.0
0.1842339038848877, 35.0
0.18558788299560547, 35.0
0.18694400787353516, 35.0
0.1882801055908203, 35.0
0.18961405754089355, 35.0
0.1909489631652832, 35.0
0.19227385520935059, 35.0
0.19360613822937012, 35.0
0.1949460506439209, 35.0
0.19629406929016113, 35.0
0.19763493537902832, 35.0
0.1989438533782959, 35.0
0.2002401351928711, 35.0
0.20154094696044922, 35.0
0.20284199714660645, 35.0
0.2041468620300293, 35.0
0.2054729461669922, 35.0
0.2068169116973877, 35.0
0.20817303657531738, 35.0
0.20946788787841797, 35.0
0.21075797080993652, 35.0
0.21207594871520996, 35.0
0.21339893341064453, 35.0
0.21473193168640137, 35.0
0.21605706214904785, 35.0
0.21743297576904297, 35.0
0.21878790855407715, 35.0
0.22006487846374512, 35.0
0.221343994140625, 35.0
0.2226269245147705, 35.0
0.22400403022766113, 35.0
0.22527694702148438, 35.0
0.22654986381530762, 35.0
0.22781586647033691, 35.0
0.22909998893737793, 35.0
0.23038196563720703, 35.0
0.23170185089111328, 35.0
0.23302388191223145, 35.0
0.23430180549621582, 35.0
0.23557806015014648, 35.0
0.236846923828125, 35.0
0.23814082145690918, 35.0
0.23941397666931152, 35.0
0.2407538890838623, 35.0
0.24204301834106445, 35.0
0.24331092834472656, 35.0
0.24457788467407227, 35.0
0.24584603309631348, 35.0
0.24713897705078125, 35.0
0.24846887588500977, 35.0
0.24976778030395508, 35.0
0.25103306770324707, 35.0
0.25231289863586426, 35.0
0.2535820007324219, 35.0
0.25489306449890137, 35.0
0.25621604919433594, 35.0
0.2575058937072754, 35.0
0.2587740421295166, 35.0
0.2600409984588623, 35.0
