1.5020370483398438e-05, 61.0
3.409385681152344e-05, 78.0
4.00543212890625e-05, 113.0
4.601478576660156e-05, 188.0
5.698204040527344e-05, 216.0
6.318092346191406e-05, 251.0
8.487701416015625e-05, 310.0
9.107589721679688e-05, 354.0
9.703636169433594e-05, 394.0
0.000102996826171875, 411.0
0.00010895729064941406, 488.0
0.00011420249938964844, 578.0
0.00015401840209960938, 610.0
0.00015997886657714844, 682.0
0.0003330707550048828, 690.0
0.0003390312194824219, 736.0
0.00034499168395996094, 780.0
0.0003731250762939453, 815.0
0.00039505958557128906, 840.0
0.0004010200500488281, 880.0
0.004319190979003906, 888.0
0.004580974578857422, 895.0
0.00652003288269043, 903.0
0.02079606056213379, 949.0
0.07197904586791992, 955.0
0.09911894798278809, 957.0
0.1327359676361084, 980.0
0.1360149383544922, 1005.0
0.342818021774292, 1009.0
0.34683990478515625, 1018.0
0.36825013160705566, 1024.0
