0.0013470649719238281, 294.0
0.0032939910888671875, 294.0
0.005282163619995117, 294.0
0.007219076156616211, 294.0
0.00916600227355957, 294.0
0.011097192764282227, 294.0
0.013129949569702148, 294.0
0.01522517204284668, 294.0
0.017323970794677734, 294.0
0.019457101821899414, 294.0
0.021628856658935547, 294.0
0.023803234100341797, 294.0
0.025994062423706055, 294.0
0.028171062469482422, 294.0
0.03035593032836914, 294.0
0.03252911567687988, 294.0
0.03464388847351074, 294.0
0.03672289848327637, 294.0
0.038899898529052734, 294.0
0.04106903076171875, 294.0
0.04314017295837402, 294.0
0.04524493217468262, 294.0
0.04734516143798828, 294.0
0.04951024055480957, 294.0
0.05158495903015137, 294.0
0.05365610122680664, 294.0
0.05576205253601074, 294.0
0.0578920841217041, 294.0
0.06005716323852539, 294.0
0.06216597557067871, 294.0
0.0643310546875, 294.0
0.06643819808959961, 294.0
0.06855511665344238, 294.0
0.07065129280090332, 294.0
0.07279324531555176, 294.0
0.07494616508483887, 294.0
0.07708430290222168, 294.0
0.07916021347045898, 294.0
0.08121490478515625, 294.0
0.0832672119140625, 294.0
0.08532094955444336, 294.0
0.08737802505493164, 294.0
0.08942794799804688, 294.0
0.09145116806030273, 294.0
0.09352397918701172, 294.0
0.09557914733886719, 294.0
0.09762406349182129, 294.0
0.09965205192565918, 294.0
0.10169410705566406, 294.0
0.10375118255615234, 294.0
0.10581088066101074, 294.0
0.10787606239318848, 294.0
0.10991311073303223, 294.0
0.111968994140625, 294.0
0.11402010917663574, 294.0
0.11605095863342285, 294.0
0.11809802055358887, 294.0
0.12012600898742676, 294.0
0.12218713760375977, 294.0
0.12424492835998535, 294.0
0.12627410888671875, 294.0
0.1283421516418457, 294.0
0.1303720474243164, 294.0
0.13242387771606445, 294.0
0.1344771385192871, 294.0
0.1365492343902588, 294.0
0.13857102394104004, 294.0
0.14062118530273438, 294.0
0.14269304275512695, 294.0
0.14475107192993164, 294.0
0.14680719375610352, 294.0
0.14886093139648438, 294.0
0.15087199211120605, 294.0
0.1529231071472168, 294.0
0.15496301651000977, 294.0
0.15701723098754883, 294.0
0.15903902053833008, 294.0
0.16112518310546875, 294.0
0.16316008567810059, 294.0
0.16522002220153809, 294.0
0.1672360897064209, 294.0
0.16929006576538086, 294.0
0.17134904861450195, 294.0
0.17336606979370117, 294.0
0.17540812492370605, 294.0
0.17751598358154297, 294.0
0.17954611778259277, 294.0
0.18157100677490234, 294.0
0.18363022804260254, 294.0
0.18567919731140137, 294.0
0.18773293495178223, 294.0
0.18974518775939941, 294.0
0.19179224967956543, 294.0
0.19384288787841797, 294.0
0.1958620548248291, 294.0
0.19791102409362793, 294.0
0.19994115829467773, 294.0
0.20199203491210938, 294.0
0.20403623580932617, 294.0
0.20607423782348633, 294.0
0.2081310749053955, 294.0
0.21022701263427734, 294.0
0.21236300468444824, 294.0
0.2144300937652588, 294.0
0.216461181640625, 294.0
0.21860909461975098, 294.0
0.22063302993774414, 294.0
0.22269225120544434, 294.0
0.2247180938720703, 294.0
0.22677302360534668, 294.0
0.22881102561950684, 294.0
0.23086214065551758, 294.0
0.23290705680847168, 294.0
0.23493719100952148, 294.0
0.2369861602783203, 294.0
0.23903799057006836, 294.0
0.24103617668151855, 294.0
0.24307608604431152, 294.0
0.24509525299072266, 294.0
0.24715709686279297, 294.0
0.24927997589111328, 294.0
0.25140929222106934, 294.0
0.2535219192504883, 294.0
0.25561022758483887, 294.0
0.2576601505279541, 294.0
0.25972604751586914, 294.0
0.2617790699005127, 294.0
0.26387810707092285, 294.0
0.26595211029052734, 294.0
0.2680480480194092, 294.0
0.2701151371002197, 294.0
0.2721719741821289, 294.0
0.2742431163787842, 294.0
0.2763400077819824, 294.0
0.2784080505371094, 294.0
0.2804989814758301, 294.0
0.28256893157958984, 294.0
0.2847120761871338, 294.0
0.28678202629089355, 294.0
0.28882718086242676, 294.0
0.2908761501312256, 294.0
0.2929222583770752, 294.0
0.2949531078338623, 294.0
0.29704713821411133, 294.0
0.2990899085998535, 294.0
0.30113887786865234, 294.0
0.3031601905822754, 294.0
0.3052060604095459, 294.0
0.3072502613067627, 294.0
0.3092470169067383, 294.0
0.3113279342651367, 294.0
0.3133702278137207, 294.0
0.3153719902038574, 294.0
0.3174309730529785, 294.0
0.3194611072540283, 294.0
0.321500301361084, 294.0
0.32351112365722656, 294.0
0.32558584213256836, 294.0
0.32761120796203613, 294.0
0.32965517044067383, 294.0
0.33170008659362793, 294.0
0.3337521553039551, 294.0
0.3358159065246582, 294.0
0.3378610610961914, 294.0
0.33986830711364746, 294.0
0.34191107749938965, 294.0
0.3439202308654785, 294.0
0.34596705436706543, 294.0
0.34800004959106445, 294.0
0.3500070571899414, 294.0
0.3520529270172119, 294.0
0.3540658950805664, 294.0
0.35608816146850586, 294.0
0.3581082820892334, 294.0
0.3601541519165039, 294.0
0.3621821403503418, 294.0
0.36417412757873535, 294.0
0.36621809005737305, 294.0
0.36823511123657227, 294.0
0.3702819347381592, 294.0
0.3722810745239258, 294.0
0.37431812286376953, 294.0
0.3763561248779297, 294.0
0.3783581256866455, 294.0
0.38038015365600586, 294.0
0.3824350833892822, 294.0
0.3844470977783203, 294.0
0.3864929676055908, 294.0
0.38849306106567383, 294.0
0.3905351161956787, 294.0
0.39252209663391113, 294.0
0.3945779800415039, 294.0
0.3966190814971924, 294.0
0.39866209030151367, 294.0
0.4006772041320801, 294.0
0.4027252197265625, 294.0
0.40474700927734375, 294.0
0.40674710273742676, 294.0
0.40880894660949707, 294.0
0.4108400344848633, 294.0
0.412844181060791, 294.0
