0.001995086669921875, 423.45957699999997
0.004637002944946289, 423.45957699999997
0.007399082183837891, 454.429761
0.010090112686157227, 454.429761
0.012821197509765625, 481.069368
0.0155029296875, 481.069368
0.018133163452148438, 481.069368
0.0207669734954834, 481.069368
0.023411035537719727, 481.069368
0.026197195053100586, 481.069368
0.028892040252685547, 481.069368
0.03152203559875488, 481.069368
0.03417611122131348, 481.069368
0.03682589530944824, 481.069368
0.03947615623474121, 481.069368
0.04214310646057129, 481.069368
0.044816017150878906, 481.069368
0.04749107360839844, 481.069368
0.05016207695007324, 481.069368
0.052813053131103516, 481.069368
0.055464982986450195, 481.069368
0.05813312530517578, 481.069368
0.06079912185668945, 481.069368
0.06345820426940918, 481.069368
0.06611800193786621, 481.069368
0.06877398490905762, 481.069368
0.0714409351348877, 481.069368
0.07409501075744629, 481.069368
0.07675719261169434, 481.069368
0.07940793037414551, 481.069368
0.08207488059997559, 481.069368
0.08473396301269531, 481.069368
0.08743810653686523, 481.069368
0.09010004997253418, 481.069368
0.09276127815246582, 481.069368
0.09542608261108398, 481.069368
0.09807205200195312, 481.069368
0.10071897506713867, 481.069368
0.10337114334106445, 481.069368
0.10613203048706055, 481.069368
0.10879898071289062, 481.069368
0.1114492416381836, 481.069368
0.11409211158752441, 481.069368
0.11673927307128906, 481.069368
0.11939406394958496, 481.069368
0.12208390235900879, 481.069368
0.12473702430725098, 481.069368
0.12738418579101562, 481.069368
0.1300361156463623, 481.069368
0.13268804550170898, 481.069368
0.1353459358215332, 481.069368
0.13803911209106445, 481.069368
0.14071416854858398, 481.069368
0.1433720588684082, 481.069368
0.14602923393249512, 481.069368
0.14867305755615234, 481.069368
0.15132713317871094, 481.069368
0.15397310256958008, 481.069368
0.1566312313079834, 481.069368
0.15928101539611816, 481.069368
0.16192913055419922, 481.069368
0.16457200050354004, 481.069368
0.1672351360321045, 481.069368
0.1698901653289795, 481.069368
0.17254209518432617, 481.069368
0.17519211769104004, 481.069368
0.17786717414855957, 481.069368
0.1805419921875, 481.069368
0.18319487571716309, 481.069368
0.18584203720092773, 481.069368
0.188507080078125, 481.069368
0.1911602020263672, 481.069368
0.19382715225219727, 481.069368
0.19648003578186035, 481.069368
0.19913411140441895, 481.069368
0.20178008079528809, 481.069368
0.2044382095336914, 481.069368
0.20709991455078125, 481.069368
0.20985817909240723, 481.069368
0.21267318725585938, 481.069368
0.21532511711120605, 481.069368
0.21802711486816406, 481.069368
0.2207801342010498, 481.069368
0.22357892990112305, 481.069368
0.22623896598815918, 481.069368
0.22889924049377441, 481.069368
0.23161005973815918, 481.069368
0.23427104949951172, 481.069368
0.23694705963134766, 481.069368
0.23969411849975586, 481.069368
0.2423560619354248, 481.069368
0.2450242042541504, 481.069368
0.2477400302886963, 481.069368
0.2503960132598877, 481.069368
0.253068208694458, 481.069368
0.2557950019836426, 481.069368
0.2584550380706787, 481.069368
0.26111316680908203, 481.069368
0.2638669013977051, 481.069368
0.2665212154388428, 481.069368
0.2691690921783447, 481.069368
0.27188897132873535, 481.069368
0.2745370864868164, 481.069368
0.2772061824798584, 481.069368
0.27991604804992676, 481.069368
0.282581090927124, 481.069368
0.2852449417114258, 481.069368
0.28797292709350586, 481.069368
0.2906372547149658, 481.069368
0.2932870388031006, 481.069368
0.2959611415863037, 481.069368
0.2986609935760498, 481.069368
0.3013300895690918, 481.069368
0.3040149211883545, 481.069368
0.3066840171813965, 481.069368
0.3093400001525879, 481.069368
0.31198811531066895, 481.069368
0.31470227241516113, 481.069368
0.3173561096191406, 481.069368
0.32002902030944824, 481.069368
0.32276201248168945, 481.069368
0.3255031108856201, 481.069368
0.3281521797180176, 481.069368
0.3309030532836914, 481.069368
0.3334670066833496, 481.069368
0.3360781669616699, 481.069368
0.3387300968170166, 481.069368
0.34143590927124023, 481.069368
0.3441050052642822, 481.069368
0.3468291759490967, 481.069368
0.34953999519348145, 481.069368
0.35223889350891113, 481.069368
0.35497617721557617, 481.069368
0.3576798439025879, 481.069368
0.3604109287261963, 481.069368
0.36315011978149414, 481.069368
0.3658640384674072, 481.069368
0.36856508255004883, 481.069368
0.37128615379333496, 481.069368
0.3740270137786865, 481.069368
0.37671995162963867, 481.069368
0.37947607040405273, 481.069368
0.38220906257629395, 481.069368
0.38491010665893555, 481.069368
0.387631893157959, 481.069368
0.39038610458374023, 481.069368
0.39307713508605957, 481.069368
0.3958139419555664, 481.069368
0.39854001998901367, 481.069368
0.4012339115142822, 481.069368
0.4039449691772461, 481.069368
0.4066801071166992, 481.069368
0.40936803817749023, 481.069368
0.41205620765686035, 481.069368
0.4147911071777344, 481.069368
0.41748690605163574, 481.069368
0.4202001094818115, 481.069368
0.42299604415893555, 481.069368
0.42569923400878906, 481.069368
0.428394079208374, 481.069368
0.43114495277404785, 481.069368
0.4338510036468506, 481.069368
0.43656301498413086, 481.069368
0.43930506706237793, 481.069368
0.44199514389038086, 481.069368
0.44470906257629395, 481.069368
0.44745516777038574, 481.069368
0.45015883445739746, 481.069368
0.45285892486572266, 481.069368
0.4556090831756592, 481.069368
0.45828890800476074, 481.069368
0.460982084274292, 481.069368
0.46370410919189453, 481.069368
0.4663848876953125, 481.069368
0.4690680503845215, 481.069368
0.4717991352081299, 481.069368
0.4744882583618164, 481.069368
0.47717905044555664, 481.069368
0.47989988327026367, 481.069368
0.4825859069824219, 481.069368
0.4852721691131592, 481.069368
0.487994909286499, 481.069368
0.4907500743865967, 481.069368
0.4935460090637207, 481.069368
0.49632906913757324, 481.069368
0.4991309642791748, 481.069368
0.5019190311431885, 481.069368
0.5046658515930176, 481.069368
0.5073659420013428, 481.069368
0.5100550651550293, 481.069368
0.5127339363098145, 481.069368
0.5154619216918945, 481.069368
0.5181519985198975, 481.069368
0.520859956741333, 481.069368
0.5235850811004639, 481.069368
0.5262742042541504, 481.069368
0.528961181640625, 481.069368
0.5317389965057373, 481.069368
0.5344221591949463, 481.069368
0.5371079444885254, 481.069368
0.5398499965667725, 481.069368
