1.1920928955078125e-05, 17.0
1.9788742065429688e-05, 80.0
2.5987625122070312e-05, 157.0
6.914138793945312e-05, 191.0
7.605552673339844e-05, 208.0
8.20159912109375e-05, 280.0
8.797645568847656e-05, 315.0
9.489059448242188e-05, 390.0
0.00010704994201660156, 404.0
0.00011396408081054688, 479.0
0.000125885009765625, 527.0
0.00013780593872070312, 530.0
0.00015687942504882812, 556.0
0.00016307830810546875, 585.0
0.00016880035400390625, 646.0
0.00026106834411621094, 653.0
0.000308990478515625, 726.0
0.0003161430358886719, 801.0
0.0009560585021972656, 820.0
0.0009620189666748047, 828.0
0.0009739398956298828, 837.0
0.0021820068359375, 863.0
0.008562803268432617, 923.0
0.008599996566772461, 931.0
0.016038179397583008, 970.0
0.3053629398345947, 987.0
0.3171088695526123, 1018.0
0.33228302001953125, 1024.0
