1.1682510375976562e-05, 75.0
2.002716064453125e-05, 119.0
2.574920654296875e-05, 159.0
5.6743621826171875e-05, 197.0
6.29425048828125e-05, 237.0
6.985664367675781e-05, 283.0
7.581710815429688e-05, 312.0
9.298324584960938e-05, 347.0
9.870529174804688e-05, 362.0
0.0001049041748046875, 425.0
0.00011706352233886719, 454.0
0.00020384788513183594, 494.0
0.0002319812774658203, 553.0
0.0002377033233642578, 628.0
0.00024390220642089844, 645.0
0.0002677440643310547, 673.0
0.0003609657287597656, 681.0
0.000705718994140625, 713.0
0.0007228851318359375, 788.0
0.0007288455963134766, 823.0
0.0010509490966796875, 836.0
0.0019588470458984375, 880.0
0.006590843200683594, 936.0
0.0066089630126953125, 965.0
0.04434680938720703, 966.0
0.2634258270263672, 989.0
0.318159818649292, 995.0
0.3329808712005615, 1016.0
0.34986400604248047, 1024.0
