0.002079010009765625, 430.582598
0.004773139953613281, 430.582598
0.0075130462646484375, 481.069368
0.010290861129760742, 481.069368
0.013189077377319336, 481.069368
0.016045093536376953, 481.069368
0.01920795440673828, 481.069368
0.02201080322265625, 481.069368
0.02486395835876465, 481.069368
0.027678966522216797, 481.069368
0.030601024627685547, 481.069368
0.03349804878234863, 481.069368
0.03642582893371582, 481.069368
0.039250850677490234, 481.069368
0.042111873626708984, 481.069368
0.04485797882080078, 481.069368
0.04758191108703613, 481.069368
0.05043792724609375, 481.069368
0.053154945373535156, 481.069368
0.055891990661621094, 481.069368
0.058648109436035156, 481.069368
0.06135082244873047, 481.069368
0.06404495239257812, 481.069368
0.06679606437683105, 481.069368
0.06949186325073242, 481.069368
0.07219099998474121, 481.069368
0.07497191429138184, 481.069368
0.0777280330657959, 481.069368
0.08042693138122559, 481.069368
0.08317995071411133, 481.069368
0.08587789535522461, 481.069368
0.0885770320892334, 481.069368
0.09133577346801758, 481.069368
0.09403586387634277, 481.069368
0.09672999382019043, 481.069368
0.0994710922241211, 481.069368
0.10219001770019531, 481.069368
0.10489606857299805, 481.069368
0.10764789581298828, 481.069368
0.11034584045410156, 481.069368
0.11305999755859375, 481.069368
0.11580801010131836, 481.069368
0.11850380897521973, 481.069368
0.12120795249938965, 481.069368
0.12394905090332031, 481.069368
0.12666893005371094, 481.069368
0.12941598892211914, 481.069368
0.13215398788452148, 481.069368
0.13487887382507324, 481.069368
0.1375880241394043, 481.069368
0.14032697677612305, 481.069368
0.14302682876586914, 481.069368
0.14572596549987793, 481.069368
0.14846396446228027, 481.069368
0.1511690616607666, 481.069368
0.15386700630187988, 481.069368
0.15667510032653809, 481.069368
0.15936684608459473, 481.069368
0.16208696365356445, 481.069368
0.1647789478302002, 481.069368
0.1675100326538086, 481.069368
0.17020106315612793, 481.069368
0.17297983169555664, 481.069368
0.17567682266235352, 481.069368
0.17836380004882812, 481.069368
0.18105006217956543, 481.069368
0.18379592895507812, 481.069368
0.18649601936340332, 481.069368
0.18922686576843262, 481.069368
0.19195294380187988, 481.069368
0.19464707374572754, 481.069368
0.19733977317810059, 481.069368
0.20008587837219238, 481.069368
0.20277810096740723, 481.069368
0.20546793937683105, 481.069368
0.20828485488891602, 481.069368
0.21105098724365234, 481.069368
0.21374201774597168, 481.069368
0.21660208702087402, 481.069368
0.21930480003356934, 481.069368
0.22203588485717773, 481.069368
0.22487998008728027, 481.069368
0.2275829315185547, 481.069368
0.23029088973999023, 481.069368
0.23305177688598633, 481.069368
0.23577499389648438, 481.069368
0.23848176002502441, 481.069368
0.24125099182128906, 481.069368
0.24394583702087402, 481.069368
0.24666380882263184, 481.069368
0.24944090843200684, 481.069368
0.25214195251464844, 481.069368
0.2548511028289795, 481.069368
0.25762200355529785, 481.069368
0.26032495498657227, 481.069368
0.2630269527435303, 481.069368
0.26578187942504883, 481.069368
0.268481969833374, 481.069368
0.27118492126464844, 481.069368
0.27408409118652344, 481.069368
0.2768540382385254, 481.069368
0.2796199321746826, 481.069368
0.28240203857421875, 481.069368
0.2851560115814209, 481.069368
0.28791189193725586, 481.069368
0.29071474075317383, 481.069368
0.29352688789367676, 481.069368
0.2962789535522461, 481.069368
0.29904985427856445, 481.069368
0.30181884765625, 481.069368
0.30456089973449707, 481.069368
0.30730390548706055, 481.069368
0.3100090026855469, 481.069368
0.31270503997802734, 481.069368
0.3154458999633789, 481.069368
0.31816792488098145, 481.069368
0.32086706161499023, 481.069368
0.3235819339752197, 481.069368
0.326401948928833, 481.069368
0.3290879726409912, 481.069368
0.3318510055541992, 481.069368
0.3345799446105957, 481.069368
0.33728694915771484, 481.069368
0.34000205993652344, 481.069368
0.34275197982788086, 481.069368
0.34546995162963867, 481.069368
0.3482379913330078, 481.069368
0.3509340286254883, 481.069368
0.35362792015075684, 481.069368
0.35636186599731445, 481.069368
0.35912394523620605, 481.069368
0.36182498931884766, 481.069368
0.3645141124725342, 481.069368
0.3672659397125244, 481.069368
0.3699638843536377, 481.069368
0.37270402908325195, 481.069368
0.37545299530029297, 481.069368
0.3781418800354004, 481.069368
0.38083505630493164, 481.069368
0.38357090950012207, 481.069368
0.386260986328125, 481.069368
0.3889479637145996, 481.069368
0.39168787002563477, 481.069368
0.3943920135498047, 481.069368
0.39708590507507324, 481.069368
0.39983296394348145, 481.069368
0.40251898765563965, 481.069368
0.4052150249481201, 481.069368
0.4079620838165283, 481.069368
0.41065502166748047, 481.069368
0.4133758544921875, 481.069368
0.41613006591796875, 481.069368
0.418834924697876, 481.069368
0.4215428829193115, 481.069368
0.4242899417877197, 481.069368
0.42698192596435547, 481.069368
0.4296848773956299, 481.069368
0.4324619770050049, 481.069368
0.43515801429748535, 481.069368
0.4378528594970703, 481.069368
0.4406421184539795, 481.069368
0.4433557987213135, 481.069368
0.4460420608520508, 481.069368
0.44880104064941406, 481.069368
0.4514937400817871, 481.069368
0.45421314239501953, 481.069368
0.45697879791259766, 481.069368
0.45966482162475586, 481.069368
0.4623558521270752, 481.069368
0.4651350975036621, 481.069368
0.4678168296813965, 481.069368
0.4705069065093994, 481.069368
0.47329092025756836, 481.069368
0.47599101066589355, 481.069368
0.4786827564239502, 481.069368
0.48140692710876465, 481.069368
0.4841279983520508, 481.069368
0.4868321418762207, 481.069368
0.4895639419555664, 481.069368
0.4922599792480469, 481.069368
0.49494504928588867, 481.069368
0.49762606620788574, 481.069368
0.5003478527069092, 481.069368
0.5030379295349121, 481.069368
0.5057189464569092, 481.069368
0.5084490776062012, 481.069368
0.5111348628997803, 481.069368
0.5138401985168457, 481.069368
0.5165708065032959, 481.069368
0.5192890167236328, 481.069368
0.5220019817352295, 481.069368
0.524742841720581, 481.069368
0.5274398326873779, 481.069368
0.5301229953765869, 481.069368
0.5328807830810547, 481.069368
0.5355730056762695, 481.069368
0.5382750034332275, 481.069368
0.541003942489624, 481.069368
0.5436899662017822, 481.069368
0.5463857650756836, 481.069368
0.5491681098937988, 481.069368
