0.0007190704345703125, 35.0
0.002023935317993164, 35.0
0.0032699108123779297, 35.0
0.004545927047729492, 35.0
0.005920886993408203, 35.0
0.007235050201416016, 35.0
0.008522987365722656, 35.0
0.009795904159545898, 35.0
0.011140823364257812, 35.0
0.012454748153686523, 35.0
0.013725757598876953, 35.0
0.014993906021118164, 35.0
0.016265869140625, 35.0
0.017534971237182617, 35.0
0.018811941146850586, 35.0
0.020100116729736328, 35.0
0.02138376235961914, 35.0
0.02266383171081543, 35.0
0.02393174171447754, 35.0
0.025211811065673828, 35.0
0.026482820510864258, 35.0
0.027766942977905273, 35.0
0.029043912887573242, 35.0
0.030314922332763672, 35.0
0.0315859317779541, 35.0
0.03285503387451172, 35.0
0.034149885177612305, 35.0
0.03542280197143555, 35.0
0.03670692443847656, 35.0
0.03798079490661621, 35.0
0.039250850677490234, 35.0
0.040524959564208984, 35.0
0.04179501533508301, 35.0
0.04306793212890625, 35.0
0.04434084892272949, 35.0
0.0456089973449707, 35.0
0.04687380790710449, 35.0
0.04814887046813965, 35.0
0.0494236946105957, 35.0
0.05069899559020996, 35.0
0.05197286605834961, 35.0
0.05324697494506836, 35.0
0.05451679229736328, 35.0
0.05578804016113281, 35.0
0.05705904960632324, 35.0
0.0583348274230957, 35.0
0.059602975845336914, 35.0
0.060884952545166016, 35.0
0.06215691566467285, 35.0
0.06342792510986328, 35.0
0.06470584869384766, 35.0
0.06597709655761719, 35.0
0.06728172302246094, 35.0
0.06855988502502441, 35.0
0.0698249340057373, 35.0
0.0710909366607666, 35.0
0.07237887382507324, 35.0
0.07366085052490234, 35.0
0.07493972778320312, 35.0
0.07620787620544434, 35.0
0.07747673988342285, 35.0
0.07874679565429688, 35.0
0.0800168514251709, 35.0
0.08128476142883301, 35.0
0.08255195617675781, 35.0
0.08382892608642578, 35.0
0.08509993553161621, 35.0
0.0863637924194336, 35.0
0.08763694763183594, 35.0
0.08890891075134277, 35.0
0.09017276763916016, 35.0
0.09143972396850586, 35.0
0.09270381927490234, 35.0
0.09397196769714355, 35.0
0.09524703025817871, 35.0
0.09652876853942871, 35.0
0.09780693054199219, 35.0
0.09908080101013184, 35.0
0.10035395622253418, 35.0
0.10161995887756348, 35.0
0.10288190841674805, 35.0
0.10414695739746094, 35.0
0.10541486740112305, 35.0
0.10667896270751953, 35.0
0.10794687271118164, 35.0
0.10921597480773926, 35.0
0.11049580574035645, 35.0
0.1117558479309082, 35.0
0.11303186416625977, 35.0
0.11430978775024414, 35.0
0.11559796333312988, 35.0
0.11687397956848145, 35.0
0.1181480884552002, 35.0
0.11941766738891602, 35.0
0.12068986892700195, 35.0
0.12196993827819824, 35.0
0.12324285507202148, 35.0
0.1245110034942627, 35.0
0.12578892707824707, 35.0
0.12705779075622559, 35.0
0.1283278465270996, 35.0
0.12960290908813477, 35.0
0.1308748722076416, 35.0
0.1321408748626709, 35.0
0.1334218978881836, 35.0
0.13470983505249023, 35.0
0.13598895072937012, 35.0
0.13725996017456055, 35.0
0.13853192329406738, 35.0
0.13980579376220703, 35.0
0.1410810947418213, 35.0
0.14235377311706543, 35.0
0.14363384246826172, 35.0
0.14490485191345215, 35.0
0.14618277549743652, 35.0
0.14747905731201172, 35.0
0.14876699447631836, 35.0
0.15003681182861328, 35.0
0.15130996704101562, 35.0
0.15258169174194336, 35.0
0.15385890007019043, 35.0
0.15514087677001953, 35.0
0.15640902519226074, 35.0
0.1576848030090332, 35.0
0.1589517593383789, 35.0
0.16022086143493652, 35.0
0.16149592399597168, 35.0
0.16275787353515625, 35.0
0.16402196884155273, 35.0
0.16528987884521484, 35.0
0.16655373573303223, 35.0
0.16782307624816895, 35.0
0.16909575462341309, 35.0
0.17036986351013184, 35.0
0.1716327667236328, 35.0
0.17290377616882324, 35.0
0.17417383193969727, 35.0
0.1754469871520996, 35.0
0.17672395706176758, 35.0
0.17799091339111328, 35.0
0.1792619228363037, 35.0
0.18052887916564941, 35.0
0.18180489540100098, 35.0
0.18307089805603027, 35.0
0.1843409538269043, 35.0
0.18560791015625, 35.0
0.18687200546264648, 35.0
0.188140869140625, 35.0
0.18941473960876465, 35.0
0.19068479537963867, 35.0
0.1919538974761963, 35.0
0.19322586059570312, 35.0
0.1944890022277832, 35.0
0.1957559585571289, 35.0
0.19702982902526855, 35.0
0.1983029842376709, 35.0
0.1995699405670166, 35.0
0.20084404945373535, 35.0
0.20211291313171387, 35.0
0.2033839225769043, 35.0
0.20465087890625, 35.0
0.20593571662902832, 35.0
0.2072157859802246, 35.0
0.20848774909973145, 35.0
0.20975208282470703, 35.0
0.21105194091796875, 35.0
0.21236395835876465, 35.0
0.21371889114379883, 35.0
0.21502470970153809, 35.0
0.2162938117980957, 35.0
0.2175757884979248, 35.0
0.21884679794311523, 35.0
0.22013282775878906, 35.0
0.22145581245422363, 35.0
0.2227797508239746, 35.0
0.22407793998718262, 35.0
0.22534871101379395, 35.0
0.2266228199005127, 35.0
0.22792601585388184, 35.0
0.22922086715698242, 35.0
0.23049688339233398, 35.0
0.23177385330200195, 35.0
0.23304390907287598, 35.0
0.2343127727508545, 35.0
0.23560190200805664, 35.0
0.23690009117126465, 35.0
0.2381739616394043, 35.0
0.23944091796875, 35.0
0.24075007438659668, 35.0
0.2420189380645752, 35.0
0.24330806732177734, 35.0
0.2445838451385498, 35.0
0.24585294723510742, 35.0
0.24711990356445312, 35.0
0.24839186668395996, 35.0
0.2496659755706787, 35.0
0.25093889236450195, 35.0
0.25220608711242676, 35.0
0.2534749507904053, 35.0
0.25474977493286133, 35.0
0.25601792335510254, 35.0
