8.988380432128906e-05, 8.0
0.00010824203491210938, 13.0
0.00013399124145507812, 17.0
0.000141143798828125, 55.0
0.0001621246337890625, 63.0
0.0001780986785888672, 68.0
0.000202178955078125, 72.0
0.00021910667419433594, 105.0
0.00024008750915527344, 113.0
0.00026917457580566406, 114.0
0.0003159046173095703, 115.0
0.0003490447998046875, 152.0
0.000370025634765625, 157.0
0.00041604042053222656, 166.0
0.00043702125549316406, 171.0
0.0005240440368652344, 190.0
0.0005440711975097656, 195.0
0.0006239414215087891, 201.0
0.0006439685821533203, 206.0
0.0007090568542480469, 243.0
0.0007810592651367188, 250.0
0.00084686279296875, 274.0
0.0008919239044189453, 288.0
0.0009970664978027344, 293.0
0.0010471343994140625, 295.0
