0.002969980239868164, 9743.0
0.006818056106567383, 9752.0
0.010585784912109375, 9761.0
0.01437997817993164, 9761.0
0.018061161041259766, 9761.0
0.021738052368164062, 9767.0
0.025400876998901367, 9767.0
0.029021024703979492, 9767.0
0.03261590003967285, 9767.0
0.03619098663330078, 9767.0
0.03973197937011719, 9767.0
0.0433659553527832, 9767.0
0.046900033950805664, 9767.0
0.05044889450073242, 9767.0
0.05402803421020508, 9767.0
0.05759906768798828, 9767.0
0.06116986274719238, 9767.0
0.06479477882385254, 9767.0
0.06852102279663086, 9767.0
0.07229399681091309, 9767.0
0.07593607902526855, 9767.0
0.07956576347351074, 9767.0
0.0832209587097168, 9767.0
0.08690094947814941, 9767.0
0.09052801132202148, 9767.0
0.09415507316589355, 9767.0
0.09786486625671387, 9767.0
0.10151791572570801, 9767.0
0.1051490306854248, 9767.0
0.10888981819152832, 9767.0
0.11263012886047363, 9767.0
0.11628484725952148, 9767.0
0.11991286277770996, 9767.0
0.12360501289367676, 9767.0
0.12724089622497559, 9767.0
0.1308889389038086, 9767.0
0.13454294204711914, 9767.0
0.13820910453796387, 9767.0
0.14194679260253906, 9767.0
0.1461350917816162, 9767.0
0.15035486221313477, 9767.0
0.1541578769683838, 9767.0
0.15799999237060547, 9767.0
0.1617898941040039, 9767.0
0.16560578346252441, 9767.0
0.16937804222106934, 9767.0
0.1730508804321289, 9767.0
0.1767737865447998, 9767.0
0.18045997619628906, 9767.0
0.1841118335723877, 9767.0
0.18778705596923828, 9767.0
0.19142794609069824, 9767.0
0.19507098197937012, 9767.0
0.19874191284179688, 9767.0
0.20244503021240234, 9767.0
0.20611190795898438, 9767.0
0.20977997779846191, 9767.0
0.21353387832641602, 9767.0
0.21739506721496582, 9767.0
0.22111105918884277, 9767.0
0.22488713264465332, 9767.0
0.22866415977478027, 9767.0
0.2324209213256836, 9767.0
0.2361159324645996, 9767.0
0.23984003067016602, 9767.0
0.24352788925170898, 9767.0
0.24721884727478027, 9767.0
0.2508890628814697, 9767.0
0.2546050548553467, 9767.0
0.25829005241394043, 9767.0
0.2619447708129883, 9767.0
0.26561594009399414, 9767.0
0.2692737579345703, 9767.0
0.27292490005493164, 9767.0
0.2765991687774658, 9767.0
0.28024983406066895, 9767.0
0.28391599655151367, 9767.0
0.2875819206237793, 9767.0
0.29125189781188965, 9767.0
0.29492688179016113, 9767.0
0.29857683181762695, 9767.0
0.30226683616638184, 9767.0
0.305927038192749, 9767.0
0.30959200859069824, 9767.0
0.313262939453125, 9767.0
0.31692075729370117, 9767.0
0.32058286666870117, 9767.0
0.32424306869506836, 9767.0
0.3279078006744385, 9767.0
0.33156514167785645, 9767.0
0.3352220058441162, 9767.0
0.33891797065734863, 9767.0
0.34262514114379883, 9767.0
0.3463599681854248, 9767.0
0.3500838279724121, 9767.0
0.3537437915802002, 9767.0
0.357464075088501, 9767.0
0.3611447811126709, 9767.0
0.36487293243408203, 9767.0
0.3685488700866699, 9767.0
0.3722398281097412, 9767.0
0.37598180770874023, 9767.0
0.37966179847717285, 9767.0
0.3833940029144287, 9767.0
0.387127161026001, 9767.0
0.39081907272338867, 9767.0
0.39449095726013184, 9767.0
0.3981819152832031, 9767.0
0.40188074111938477, 9767.0
0.4055287837982178, 9767.0
0.40924596786499023, 9767.0
0.4129610061645508, 9767.0
0.4166409969329834, 9767.0
0.42036890983581543, 9767.0
0.42406773567199707, 9767.0
0.4277679920196533, 9767.0
0.4315059185028076, 9767.0
0.435269832611084, 9767.0
0.4390110969543457, 9767.0
0.44281816482543945, 9767.0
0.4465138912200928, 9767.0
0.45023274421691895, 9767.0
0.45391273498535156, 9767.0
0.45760273933410645, 9767.0
0.4613499641418457, 9767.0
0.465059757232666, 9767.0
0.46883106231689453, 9767.0
0.4725489616394043, 9767.0
0.4762990474700928, 9767.0
0.48009300231933594, 9767.0
0.4839060306549072, 9767.0
0.4877340793609619, 9767.0
0.491588830947876, 9767.0
0.4954261779785156, 9767.0
0.49919581413269043, 9767.0
0.5030429363250732, 9767.0
0.5068070888519287, 9767.0
0.5106208324432373, 9767.0
0.5144257545471191, 9767.0
0.5182240009307861, 9767.0
0.522042989730835, 9767.0
0.5258958339691162, 9767.0
0.5297317504882812, 9767.0
0.5335040092468262, 9767.0
0.5373320579528809, 9767.0
0.5411641597747803, 9767.0
0.5449731349945068, 9767.0
0.5487399101257324, 9767.0
0.5524821281433105, 9767.0
0.5562229156494141, 9767.0
0.5599880218505859, 9767.0
0.563694953918457, 9767.0
0.5674178600311279, 9767.0
0.5710961818695068, 9767.0
0.5748281478881836, 9767.0
0.5785207748413086, 9767.0
0.582240104675293, 9767.0
0.585921049118042, 9767.0
0.5897378921508789, 9767.0
0.5935719013214111, 9767.0
0.597315788269043, 9767.0
0.6009759902954102, 9767.0
0.6045577526092529, 9767.0
0.608165979385376, 9767.0
0.6118519306182861, 9767.0
0.6154708862304688, 9767.0
0.619049072265625, 9767.0
0.6226119995117188, 9767.0
0.6262378692626953, 9767.0
0.6298160552978516, 9767.0
0.6334228515625, 9767.0
0.6370139122009277, 9767.0
0.6406810283660889, 9767.0
0.6442608833312988, 9767.0
0.6478910446166992, 9767.0
0.6517529487609863, 9767.0
0.6554219722747803, 9767.0
0.6590840816497803, 9767.0
0.6627180576324463, 9767.0
0.666424036026001, 9767.0
0.6700658798217773, 9767.0
0.6737668514251709, 9767.0
0.6774039268493652, 9767.0
0.6810958385467529, 9767.0
0.6848278045654297, 9767.0
0.6884229183197021, 9767.0
0.6920859813690186, 9767.0
0.6958029270172119, 9767.0
0.6994681358337402, 9767.0
0.7030620574951172, 9767.0
0.7066900730133057, 9767.0
0.7102530002593994, 9767.0
0.7138161659240723, 9767.0
0.7174439430236816, 9767.0
0.7210040092468262, 9767.0
0.7246179580688477, 9767.0
0.7282021045684814, 9767.0
0.731853723526001, 9767.0
0.735511064529419, 9767.0
0.7391049861907959, 9767.0
0.7427289485931396, 9767.0
