1.4066696166992188e-05, 977.0
2.2172927856445312e-05, 1935.0
2.9087066650390625e-05, 2915.0
3.62396240234375e-05, 3772.0
4.315376281738281e-05, 4742.0
7.724761962890625e-05, 5226.0
9.012222290039062e-05, 5720.0
9.703636169433594e-05, 6205.0
0.00010395050048828125, 7181.0
0.00011110305786132812, 7668.0
0.00011801719665527344, 8642.0
0.00034308433532714844, 8717.0
0.00037097930908203125, 9093.0
0.0004942417144775391, 9105.0
0.0005950927734375, 9112.0
0.0006358623504638672, 9240.0
0.0006909370422363281, 9711.0
0.0009570121765136719, 9718.0
0.001026153564453125, 9731.0
0.0036330223083496094, 9733.0
0.0036470890045166016, 9736.0
0.003782987594604492, 9737.0
0.0038030147552490234, 9739.0
0.006351947784423828, 9746.0
0.01616215705871582, 9749.0
0.0668182373046875, 9750.0
0.12591910362243652, 9756.0
