0.0007579326629638672, 35.0
0.0020728111267089844, 35.0
0.003325939178466797, 35.0
0.004599094390869141, 35.0
0.005882978439331055, 35.0
0.0072939395904541016, 35.0
0.008589744567871094, 35.0
0.009861946105957031, 35.0
0.011134862899780273, 35.0
0.012459993362426758, 35.0
0.013802051544189453, 35.0
0.015080928802490234, 35.0
0.016364097595214844, 35.0
0.017628908157348633, 35.0
0.01890110969543457, 35.0
0.020173072814941406, 35.0
0.02147197723388672, 35.0
0.022741079330444336, 35.0
0.024005889892578125, 35.0
0.025273799896240234, 35.0
0.026544809341430664, 35.0
0.02780604362487793, 35.0
0.029069900512695312, 35.0
0.030354976654052734, 35.0
0.03163599967956543, 35.0
0.03290390968322754, 35.0
0.03417396545410156, 35.0
0.03543996810913086, 35.0
0.0367279052734375, 35.0
0.03800082206726074, 35.0
0.03927779197692871, 35.0
0.04054689407348633, 35.0
0.041815757751464844, 35.0
0.04309678077697754, 35.0
0.04435992240905762, 35.0
0.045619964599609375, 35.0
0.046890974044799805, 35.0
0.048161983489990234, 35.0
0.049431800842285156, 35.0
0.050705909729003906, 35.0
0.05197000503540039, 35.0
0.05323505401611328, 35.0
0.05449795722961426, 35.0
0.05575895309448242, 35.0
0.05705094337463379, 35.0
0.058367013931274414, 35.0
0.05974292755126953, 35.0
0.06109905242919922, 35.0
0.06240200996398926, 35.0
0.06369304656982422, 35.0
0.06496477127075195, 35.0
0.06623005867004395, 35.0
0.06752395629882812, 35.0
0.06879186630249023, 35.0
0.07005500793457031, 35.0
0.07134890556335449, 35.0
0.07264208793640137, 35.0
0.07390594482421875, 35.0
0.07517385482788086, 35.0
0.07644486427307129, 35.0
0.07770490646362305, 35.0
0.07900285720825195, 35.0
0.08030390739440918, 35.0
0.0815727710723877, 35.0
0.08283185958862305, 35.0
0.08409404754638672, 35.0
0.08535289764404297, 35.0
0.08661890029907227, 35.0
0.08789396286010742, 35.0
0.08919286727905273, 35.0
0.09046411514282227, 35.0
0.09174513816833496, 35.0
0.09300518035888672, 35.0
0.0942690372467041, 35.0
0.09554100036621094, 35.0
0.09684395790100098, 35.0
0.09810495376586914, 35.0
0.09937596321105957, 35.0
0.10064101219177246, 35.0
0.10190105438232422, 35.0
0.10317182540893555, 35.0
0.10449695587158203, 35.0
0.10577106475830078, 35.0
0.10704803466796875, 35.0
0.10831785202026367, 35.0
0.10958695411682129, 35.0
0.1108548641204834, 35.0
0.11214113235473633, 35.0
0.1134328842163086, 35.0
0.11469078063964844, 35.0
0.11596179008483887, 35.0
0.11722087860107422, 35.0
0.11848306655883789, 35.0
0.11974883079528809, 35.0
0.12105083465576172, 35.0
0.12231302261352539, 35.0
0.12357687950134277, 35.0
0.12483692169189453, 35.0
0.12610101699829102, 35.0
0.12736105918884277, 35.0
0.12862086296081543, 35.0
0.12994790077209473, 35.0
0.13121294975280762, 35.0
0.13248205184936523, 35.0
0.13374805450439453, 35.0
0.13501501083374023, 35.0
0.13627386093139648, 35.0
0.13758397102355957, 35.0
0.13884186744689941, 35.0
0.14011693000793457, 35.0
0.14139795303344727, 35.0
0.14265990257263184, 35.0
0.14393877983093262, 35.0
0.1452770233154297, 35.0
0.14657211303710938, 35.0
0.14790987968444824, 35.0
0.14917302131652832, 35.0
0.1504359245300293, 35.0
0.1517019271850586, 35.0
0.15297579765319824, 35.0
0.1542370319366455, 35.0
0.1555500030517578, 35.0
0.1568131446838379, 35.0
0.15807008743286133, 35.0
0.1593327522277832, 35.0
0.16059279441833496, 35.0
0.16185808181762695, 35.0
0.16316914558410645, 35.0
0.16442608833312988, 35.0
0.16570091247558594, 35.0
0.1669628620147705, 35.0
0.1682288646697998, 35.0
0.16948795318603516, 35.0
0.17074370384216309, 35.0
0.17205095291137695, 35.0
0.1733088493347168, 35.0
0.17457199096679688, 35.0
0.17583489418029785, 35.0
0.1771090030670166, 35.0
0.17836594581604004, 35.0
0.17967009544372559, 35.0
0.18092894554138184, 35.0
0.18218588829040527, 35.0
0.18344974517822266, 35.0
0.18471407890319824, 35.0
0.18613791465759277, 35.0
0.18747282028198242, 35.0
0.18879294395446777, 35.0
0.19010591506958008, 35.0
0.19139409065246582, 35.0
0.19267797470092773, 35.0
0.1939709186553955, 35.0
0.19525504112243652, 35.0
0.19655489921569824, 35.0
0.19785594940185547, 35.0
0.19913983345031738, 35.0
0.20046186447143555, 35.0
0.2017500400543213, 35.0
0.20304489135742188, 35.0
0.20439791679382324, 35.0
0.20569705963134766, 35.0
0.20699501037597656, 35.0
0.20832276344299316, 35.0
0.20966196060180664, 35.0
0.21094989776611328, 35.0
0.21224713325500488, 35.0
0.21360206604003906, 35.0
0.21500086784362793, 35.0
0.2163219451904297, 35.0
0.2175889015197754, 35.0
0.21884894371032715, 35.0
0.2201089859008789, 35.0
0.22147679328918457, 35.0
0.22276091575622559, 35.0
0.22402596473693848, 35.0
0.22529101371765137, 35.0
0.22657108306884766, 35.0
0.2278299331665039, 35.0
0.22913479804992676, 35.0
0.2304079532623291, 35.0
0.2316739559173584, 35.0
0.2329559326171875, 35.0
0.23421788215637207, 35.0
0.23547697067260742, 35.0
0.23674607276916504, 35.0
0.23802971839904785, 35.0
0.23938369750976562, 35.0
0.24067091941833496, 35.0
0.24193310737609863, 35.0
0.24319791793823242, 35.0
0.2444601058959961, 35.0
0.24576902389526367, 35.0
0.2470409870147705, 35.0
0.24830174446105957, 35.0
0.24956798553466797, 35.0
0.25083494186401367, 35.0
0.252094030380249, 35.0
0.2533559799194336, 35.0
0.25466489791870117, 35.0
0.25593090057373047, 35.0
0.2572307586669922, 35.0
