1.1920928955078125e-05, 17.0
2.09808349609375e-05, 63.0
3.695487976074219e-05, 92.0
4.506111145019531e-05, 132.0
5.1975250244140625e-05, 210.0
5.817413330078125e-05, 287.0
6.389617919921875e-05, 359.0
0.0001399517059326172, 421.0
0.00014591217041015625, 465.0
0.00015783309936523438, 490.0
0.00016999244689941406, 524.0
0.00018787384033203125, 537.0
0.00019407272338867188, 552.0
0.00021195411682128906, 583.0
0.0002181529998779297, 612.0
0.00045108795166015625, 637.0
0.00047516822814941406, 694.0
0.0007238388061523438, 695.0
0.0007300376892089844, 770.0
0.0010759830474853516, 812.0
0.0010819435119628906, 827.0
0.0019519329071044922, 840.0
0.0037009716033935547, 868.0
0.013520956039428711, 881.0
0.029613971710205078, 892.0
0.029724836349487305, 899.0
0.035470008850097656, 906.0
0.04146885871887207, 971.0
0.22315001487731934, 985.0
0.32009100914001465, 987.0
0.3314170837402344, 991.0
0.33142900466918945, 999.0
0.3788337707519531, 1005.0
0.38463401794433594, 1006.0
0.3977539539337158, 1017.0
0.40333008766174316, 1025.0
