1.0967254638671875e-05, 8.0
1.7881393432617188e-05, 25.0
2.3603439331054688e-05, 71.0
2.9802322387695312e-05, 146.0
4.1961669921875e-05, 219.0
4.76837158203125e-05, 291.0
5.3882598876953125e-05, 368.0
5.984306335449219e-05, 446.0
6.580352783203125e-05, 486.0
7.176399230957031e-05, 561.0
7.772445678710938e-05, 601.0
0.0001068115234375, 646.0
0.00012493133544921875, 709.0
0.00014781951904296875, 721.0
0.0001609325408935547, 736.0
0.0012617111206054688, 765.0
0.0026848316192626953, 774.0
0.0028946399688720703, 802.0
0.0029528141021728516, 827.0
0.004745960235595703, 904.0
0.016808748245239258, 913.0
0.029923677444458008, 930.0
0.07955574989318848, 944.0
0.11552691459655762, 970.0
0.21610784530639648, 972.0
0.24562668800354004, 981.0
0.3134598731994629, 1016.0
0.3775448799133301, 1018.0
0.39412879943847656, 1024.0
