1.0967254638671875e-05, 63.0
1.7881393432617188e-05, 107.0
2.4080276489257812e-05, 185.0
3.0040740966796875e-05, 260.0
3.600120544433594e-05, 300.0
4.1961669921875e-05, 308.0
4.792213439941406e-05, 363.0
5.412101745605469e-05, 392.0
9.608268737792969e-05, 468.0
0.00010180473327636719, 523.0
0.00010800361633300781, 598.0
0.00011396408081054688, 659.0
0.0002181529998779297, 734.0
0.0007679462432861328, 756.0
0.0008740425109863281, 826.0
0.0015430450439453125, 827.0
0.0015490055084228516, 873.0
0.010070085525512695, 944.0
0.03563404083251953, 947.0
0.03718924522399902, 956.0
0.06389498710632324, 964.0
0.3185150623321533, 970.0
0.3185269832611084, 1025.0
