0.0026471614837646484, 878.0
0.0061681270599365234, 886.0
0.009704113006591797, 1019.0
0.013340950012207031, 1019.0
0.016916990280151367, 1019.0
0.020524024963378906, 1019.0
0.024143218994140625, 1019.0
0.027807950973510742, 1019.0
0.03149008750915527, 1019.0
0.03519797325134277, 1019.0
0.038874149322509766, 1019.0
0.042543888092041016, 1019.0
0.046334028244018555, 1019.0
0.05008220672607422, 1019.0
0.05415511131286621, 1019.0
0.05808210372924805, 1019.0
0.06200718879699707, 1019.0
0.06590390205383301, 1019.0
0.06979608535766602, 1019.0
0.07375502586364746, 1019.0
0.07747316360473633, 1019.0
0.08138918876647949, 1019.0
0.08521103858947754, 1019.0
0.08901810646057129, 1019.0
0.09281706809997559, 1019.0
0.09664487838745117, 1019.0
0.10046219825744629, 1019.0
0.10427188873291016, 1019.0
0.10815119743347168, 1019.0
0.11191606521606445, 1019.0
0.11562299728393555, 1019.0
0.11934208869934082, 1019.0
0.12304997444152832, 1019.0
0.12675905227661133, 1019.0
0.1305081844329834, 1019.0
0.13422107696533203, 1019.0
0.13791704177856445, 1019.0
0.14162206649780273, 1019.0
0.14539504051208496, 1019.0
0.1490921974182129, 1019.0
0.15278315544128418, 1019.0
0.1564769744873047, 1019.0
0.16016793251037598, 1019.0
0.16385889053344727, 1019.0
0.1675550937652588, 1019.0
0.17125892639160156, 1019.0
0.17495298385620117, 1019.0
0.1786801815032959, 1019.0
0.18238496780395508, 1019.0
0.18607592582702637, 1019.0
0.18977904319763184, 1019.0
0.19347620010375977, 1019.0
0.1971731185913086, 1019.0
0.2008519172668457, 1019.0
0.20453405380249023, 1019.0
0.20821714401245117, 1019.0
0.21191906929016113, 1019.0
0.21584010124206543, 1019.0
0.21963024139404297, 1019.0
0.22341418266296387, 1019.0
0.22709298133850098, 1019.0
0.23081302642822266, 1019.0
0.23449492454528809, 1019.0
0.2382049560546875, 1019.0
0.24190306663513184, 1019.0
0.2455921173095703, 1019.0
0.24925494194030762, 1019.0
0.2529170513153076, 1019.0
0.2565939426422119, 1019.0
0.2602560520172119, 1019.0
0.26393604278564453, 1019.0
0.2676219940185547, 1019.0
0.2712881565093994, 1019.0
0.27495312690734863, 1019.0
0.27863097190856934, 1019.0
0.2822861671447754, 1019.0
0.28597521781921387, 1019.0
0.28964781761169434, 1019.0
0.293306827545166, 1019.0
0.2969841957092285, 1019.0
0.30065202713012695, 1019.0
0.3043332099914551, 1019.0
0.30799317359924316, 1019.0
0.3116741180419922, 1019.0
0.3153400421142578, 1019.0
0.3190269470214844, 1019.0
0.3226950168609619, 1019.0
0.32648515701293945, 1019.0
0.33022594451904297, 1019.0
0.3338901996612549, 1019.0
0.3376178741455078, 1019.0
0.3413052558898926, 1019.0
0.34502196311950684, 1019.0
0.34870004653930664, 1019.0
0.3523709774017334, 1019.0
0.35614705085754395, 1019.0
0.3598179817199707, 1019.0
0.3635520935058594, 1019.0
0.36721301078796387, 1019.0
0.3709380626678467, 1019.0
0.3746182918548584, 1019.0
0.37858104705810547, 1019.0
0.3824179172515869, 1019.0
0.3861682415008545, 1019.0
0.3899872303009033, 1019.0
0.3937501907348633, 1019.0
0.39758896827697754, 1019.0
0.40134191513061523, 1019.0
0.40514111518859863, 1019.0
0.4089221954345703, 1019.0
0.413438081741333, 1019.0
0.41745424270629883, 1019.0
0.4216020107269287, 1019.0
0.42560410499572754, 1019.0
0.4295980930328369, 1019.0
0.43351292610168457, 1019.0
0.4374661445617676, 1019.0
0.4413790702819824, 1019.0
0.44512486457824707, 1019.0
0.44890594482421875, 1019.0
0.4526231288909912, 1019.0
0.4563462734222412, 1019.0
0.4600992202758789, 1019.0
0.46382594108581543, 1019.0
0.46753787994384766, 1019.0
0.47127199172973633, 1019.0
0.4749879837036133, 1019.0
0.47870898246765137, 1019.0
0.4824211597442627, 1019.0
0.4861431121826172, 1019.0
0.4898669719696045, 1019.0
0.4935760498046875, 1019.0
0.49729204177856445, 1019.0
0.501007080078125, 1019.0
0.504723072052002, 1019.0
0.5084371566772461, 1019.0
0.5121591091156006, 1019.0
0.5158720016479492, 1019.0
0.519568920135498, 1019.0
0.5233221054077148, 1019.0
0.5270330905914307, 1019.0
0.5307478904724121, 1019.0
0.5344750881195068, 1019.0
0.5381839275360107, 1019.0
0.5418891906738281, 1019.0
0.5456321239471436, 1019.0
0.5493431091308594, 1019.0
0.5530428886413574, 1019.0
0.5567710399627686, 1019.0
0.5604851245880127, 1019.0
0.5641860961914062, 1019.0
0.5679080486297607, 1019.0
0.5716180801391602, 1019.0
0.5753228664398193, 1019.0
0.5790760517120361, 1019.0
0.5827982425689697, 1019.0
0.5865302085876465, 1019.0
0.5902369022369385, 1019.0
0.5939650535583496, 1019.0
0.5976641178131104, 1019.0
0.6013751029968262, 1019.0
0.6050829887390137, 1019.0
0.6087942123413086, 1019.0
0.6125020980834961, 1019.0
0.6162362098693848, 1019.0
0.6199450492858887, 1019.0
0.6236531734466553, 1019.0
0.6273810863494873, 1019.0
0.6310780048370361, 1019.0
0.6347782611846924, 1019.0
0.6384780406951904, 1019.0
0.6422100067138672, 1019.0
0.6459081172943115, 1019.0
0.6496090888977051, 1019.0
0.653325080871582, 1019.0
0.6571011543273926, 1019.0
0.6608209609985352, 1019.0
0.6645300388336182, 1019.0
0.668248176574707, 1019.0
0.6719529628753662, 1019.0
0.6756448745727539, 1019.0
0.6793549060821533, 1019.0
0.6830611228942871, 1019.0
0.6867640018463135, 1019.0
0.6905040740966797, 1019.0
0.6942160129547119, 1019.0
0.6979358196258545, 1019.0
0.7016420364379883, 1019.0
0.705355167388916, 1019.0
0.7090549468994141, 1019.0
0.7127759456634521, 1019.0
0.7164900302886963, 1019.0
0.7201950550079346, 1019.0
0.723905086517334, 1019.0
0.7276558876037598, 1019.0
0.7313659191131592, 1019.0
0.7350740432739258, 1019.0
0.7388010025024414, 1019.0
0.7425000667572021, 1019.0
0.7462060451507568, 1019.0
0.7499170303344727, 1019.0
