0.0020432472229003906, 469.161046
0.004783153533935547, 469.161046
0.007616996765136719, 469.161046
0.010332107543945312, 481.069368
0.013074159622192383, 481.069368
0.01584005355834961, 481.069368
0.01853203773498535, 481.069368
0.0212399959564209, 481.069368
0.024050235748291016, 481.069368
0.026857376098632812, 481.069368
0.029677152633666992, 481.069368
0.03249096870422363, 481.069368
0.035334110260009766, 481.069368
0.03818106651306152, 481.069368
0.04101824760437012, 481.069368
0.04386019706726074, 481.069368
0.04669809341430664, 481.069368
0.04954695701599121, 481.069368
0.05237412452697754, 481.069368
0.055213212966918945, 481.069368
0.058068275451660156, 481.069368
0.06091022491455078, 481.069368
0.06371307373046875, 481.069368
0.06655716896057129, 481.069368
0.06940102577209473, 481.069368
0.0722041130065918, 481.069368
0.07498908042907715, 481.069368
0.07780814170837402, 481.069368
0.08064627647399902, 481.069368
0.08346915245056152, 481.069368
0.0863032341003418, 481.069368
0.08913922309875488, 481.069368
0.0919961929321289, 481.069368
0.09476709365844727, 481.069368
0.09752607345581055, 481.069368
0.10036134719848633, 481.069368
0.10318613052368164, 481.069368
0.10590100288391113, 481.069368
0.10870718955993652, 481.069368
0.1114201545715332, 481.069368
0.11417698860168457, 481.069368
0.11688923835754395, 481.069368
0.11973237991333008, 481.069368
0.12256717681884766, 481.069368
0.12540721893310547, 481.069368
0.12826108932495117, 481.069368
0.13109397888183594, 481.069368
0.13393712043762207, 481.069368
0.13678407669067383, 481.069368
0.13965725898742676, 481.069368
0.14246010780334473, 481.069368
0.14529204368591309, 481.069368
0.14812731742858887, 481.069368
0.15081024169921875, 481.069368
0.1535170078277588, 481.069368
0.15626025199890137, 481.069368
0.15894412994384766, 481.069368
0.16165924072265625, 481.069368
0.16433000564575195, 481.069368
0.16707205772399902, 481.069368
0.16979503631591797, 481.069368
0.1724681854248047, 481.069368
0.17518830299377441, 481.069368
0.17792010307312012, 481.069368
0.18059420585632324, 481.069368
0.18331122398376465, 481.069368
0.18599820137023926, 481.069368
0.18869304656982422, 481.069368
0.19141721725463867, 481.069368
0.19416117668151855, 481.069368
0.1968390941619873, 481.069368
0.19956135749816895, 481.069368
0.20226407051086426, 481.069368
0.20496320724487305, 481.069368
0.2077312469482422, 481.069368
0.2104172706604004, 481.069368
0.2130873203277588, 481.069368
0.21587014198303223, 481.069368
0.2185821533203125, 481.069368
0.22126102447509766, 481.069368
0.22406411170959473, 481.069368
0.22673726081848145, 481.069368
0.2294762134552002, 481.069368
0.2322690486907959, 481.069368
0.23503613471984863, 481.069368
0.2377631664276123, 481.069368
0.24055123329162598, 481.069368
0.2432711124420166, 481.069368
0.24598407745361328, 481.069368
0.24874329566955566, 481.069368
0.25147104263305664, 481.069368
0.2541811466217041, 481.069368
0.25693631172180176, 481.069368
0.25965213775634766, 481.069368
0.2623631954193115, 481.069368
0.2651240825653076, 481.069368
0.26783108711242676, 481.069368
0.27054309844970703, 481.069368
0.27328991889953613, 481.069368
0.2759830951690674, 481.069368
0.2786891460418701, 481.069368
0.281419038772583, 481.069368
0.28410911560058594, 481.069368
0.28679823875427246, 481.069368
0.28954601287841797, 481.069368
0.29224109649658203, 481.069368
0.2949361801147461, 481.069368
0.29766011238098145, 481.069368
0.30036306381225586, 481.069368
0.3030571937561035, 481.069368
0.30574727058410645, 481.069368
0.3084831237792969, 481.069368
0.31116700172424316, 481.069368
0.3138899803161621, 481.069368
0.31659626960754395, 481.069368
0.3192911148071289, 481.069368
0.32198405265808105, 481.069368
0.32474422454833984, 481.069368
0.32743120193481445, 481.069368
0.3301212787628174, 481.069368
0.33286619186401367, 481.069368
0.3355531692504883, 481.069368
0.3382582664489746, 481.069368
0.34102916717529297, 481.069368
0.34392213821411133, 481.069368
0.3467409610748291, 481.069368
0.34958314895629883, 481.069368
0.35239315032958984, 481.069368
0.3552100658416748, 481.069368
0.35805511474609375, 481.069368
0.3608071804046631, 481.069368
0.3635571002960205, 481.069368
0.36633801460266113, 481.069368
0.36910510063171387, 481.069368
0.3719520568847656, 481.069368
0.3747241497039795, 481.069368
0.37740421295166016, 481.069368
0.3800811767578125, 481.069368
0.3828132152557373, 481.069368
0.38550400733947754, 481.069368
0.3881981372833252, 481.069368
0.39092016220092773, 481.069368
0.39359617233276367, 481.069368
0.3962721824645996, 481.069368
0.3990001678466797, 481.069368
0.4016842842102051, 481.069368
0.40439701080322266, 481.069368
0.40712594985961914, 481.069368
0.4098203182220459, 481.069368
0.412506103515625, 481.069368
0.4152841567993164, 481.069368
0.4179670810699463, 481.069368
0.42066097259521484, 481.069368
0.42340517044067383, 481.069368
0.42608118057250977, 481.069368
0.4287831783294678, 481.069368
0.4315073490142822, 481.069368
0.43419623374938965, 481.069368
0.43690013885498047, 481.069368
0.43962907791137695, 481.069368
0.44232916831970215, 481.069368
0.44500303268432617, 481.069368
0.4476892948150635, 481.069368
0.4504051208496094, 481.069368
0.45308518409729004, 481.069368
0.45577216148376465, 481.069368
0.4584932327270508, 481.069368
0.46117305755615234, 481.069368
0.46387410163879395, 481.069368
0.46659398078918457, 481.069368
0.46927404403686523, 481.069368
0.4719691276550293, 481.069368
0.4747021198272705, 481.069368
0.47738122940063477, 481.069368
0.4800572395324707, 481.069368
0.48279619216918945, 481.069368
0.48547911643981934, 481.069368
0.4881441593170166, 481.069368
0.4908771514892578, 481.069368
0.4935622215270996, 481.069368
0.49625325202941895, 481.069368
0.49898219108581543, 481.069368
0.5016639232635498, 481.069368
0.5043361186981201, 481.069368
0.5070641040802002, 481.069368
0.5097489356994629, 481.069368
0.5124242305755615, 481.069368
0.5151431560516357, 481.069368
0.5178101062774658, 481.069368
0.5205121040344238, 481.069368
0.5232341289520264, 481.069368
0.5259182453155518, 481.069368
0.5285851955413818, 481.069368
0.5313069820404053, 481.069368
0.5340032577514648, 481.069368
0.5367040634155273, 481.069368
0.539405107498169, 481.069368
0.5422122478485107, 481.069368
0.5449090003967285, 481.069368
0.5476462841033936, 481.069368
0.5503952503204346, 481.069368
