0.0010800361633300781, 107.0
0.0027201175689697266, 107.0
0.004339933395385742, 107.0
0.005967855453491211, 107.0
0.007622957229614258, 107.0
0.009192943572998047, 107.0
0.010715961456298828, 107.0
0.012212991714477539, 107.0
0.013746023178100586, 107.0
0.01522207260131836, 107.0
0.01669788360595703, 107.0
0.018162965774536133, 107.0
0.019634008407592773, 107.0
0.021152973175048828, 107.0
0.02269601821899414, 107.0
0.024151086807250977, 107.0
0.025630950927734375, 107.0
0.027154922485351562, 107.0
0.02864217758178711, 107.0
0.03010416030883789, 107.0
0.031588077545166016, 107.0
0.03307914733886719, 107.0
0.03454303741455078, 107.0
0.0360720157623291, 107.0
0.03753089904785156, 107.0
0.039010047912597656, 107.0
0.040518999099731445, 107.0
0.04198718070983887, 107.0
0.04344511032104492, 107.0
0.044950008392333984, 107.0
0.046415090560913086, 107.0
0.04788398742675781, 107.0
0.04938507080078125, 107.0
0.05086112022399902, 107.0
0.05234789848327637, 107.0
0.053858041763305664, 107.0
0.055335044860839844, 107.0
0.05682516098022461, 107.0
0.058300018310546875, 107.0
0.0597691535949707, 107.0
0.06127786636352539, 107.0
0.0627589225769043, 107.0
0.0642399787902832, 107.0
0.06571793556213379, 107.0
0.06718587875366211, 107.0
0.06866598129272461, 107.0
0.07017397880554199, 107.0
0.07165217399597168, 107.0
0.07313203811645508, 107.0
0.07461309432983398, 107.0
0.0760798454284668, 107.0
0.07759404182434082, 107.0
0.07906103134155273, 107.0
0.08054399490356445, 107.0
0.08203291893005371, 107.0
0.08350491523742676, 107.0
0.08497786521911621, 107.0
0.08649182319641113, 107.0
0.08796381950378418, 107.0
0.08944487571716309, 107.0
0.09093189239501953, 107.0
0.09239983558654785, 107.0
0.09396505355834961, 107.0
0.09543609619140625, 107.0
0.09691810607910156, 107.0
0.0984029769897461, 107.0
0.09987998008728027, 107.0
0.10134720802307129, 107.0
0.1028130054473877, 107.0
0.10434412956237793, 107.0
0.10592317581176758, 107.0
0.10752415657043457, 107.0
0.10906291007995605, 107.0
0.11057209968566895, 107.0
0.11208081245422363, 107.0
0.11361312866210938, 107.0
0.11510801315307617, 107.0
0.11659908294677734, 107.0
0.11813783645629883, 107.0
0.11963605880737305, 107.0
0.12117195129394531, 107.0
0.12267017364501953, 107.0
0.1241750717163086, 107.0
0.1256730556488037, 107.0
0.12722301483154297, 107.0
0.12871980667114258, 107.0
0.1302330493927002, 107.0
0.13175702095031738, 107.0
0.13326382637023926, 107.0
0.13476896286010742, 107.0
0.13631010055541992, 107.0
0.13780784606933594, 107.0
0.13930487632751465, 107.0
0.14082694053649902, 107.0
0.14233803749084473, 107.0
0.14387202262878418, 107.0
0.1454470157623291, 107.0
0.1469709873199463, 107.0
0.14845895767211914, 107.0
0.1499321460723877, 107.0
0.15140414237976074, 107.0
0.1529221534729004, 107.0
0.1544179916381836, 107.0
0.15589499473571777, 107.0
0.157379150390625, 107.0
0.1588900089263916, 107.0
0.16039299964904785, 107.0
0.16190600395202637, 107.0
0.16339397430419922, 107.0
0.16486597061157227, 107.0
0.16636013984680176, 107.0
0.16782307624816895, 107.0
0.16933393478393555, 107.0
0.1708219051361084, 107.0
0.17230606079101562, 107.0
0.17377209663391113, 107.0
0.17524409294128418, 107.0
0.17671608924865723, 107.0
0.1782519817352295, 107.0
0.17972517013549805, 107.0
0.18120408058166504, 107.0
0.18270587921142578, 107.0
0.18416905403137207, 107.0
0.18564796447753906, 107.0
0.18712711334228516, 107.0
0.1885981559753418, 107.0
0.1900649070739746, 107.0
0.1915278434753418, 107.0
0.19299602508544922, 107.0
0.1944890022277832, 107.0
0.1959691047668457, 107.0
0.19744205474853516, 107.0
0.19891095161437988, 107.0
0.2003779411315918, 107.0
0.20184087753295898, 107.0
0.2033090591430664, 107.0
0.20477795600891113, 107.0
0.2062540054321289, 107.0
0.20772600173950195, 107.0
0.2092118263244629, 107.0
0.21068382263183594, 107.0
0.21219205856323242, 107.0
0.21374893188476562, 107.0
0.2153329849243164, 107.0
0.21680092811584473, 107.0
0.2183208465576172, 107.0
0.2198960781097412, 107.0
0.2213599681854248, 107.0
0.22282195091247559, 107.0
0.22429299354553223, 107.0
0.22579312324523926, 107.0
0.22726988792419434, 107.0
0.2287428379058838, 107.0
0.23021602630615234, 107.0
0.23170089721679688, 107.0
0.23317503929138184, 107.0
0.23464608192443848, 107.0
0.23613381385803223, 107.0
0.23760008811950684, 107.0
0.23908495903015137, 107.0
0.24055814743041992, 107.0
0.24202799797058105, 107.0
0.24350595474243164, 107.0
0.2449657917022705, 107.0
0.2464280128479004, 107.0
0.24789094924926758, 107.0
0.24936199188232422, 107.0
0.2508358955383301, 107.0
0.25231099128723145, 107.0
0.25377988815307617, 107.0
0.25524210929870605, 107.0
0.25671815872192383, 107.0
0.25818490982055664, 107.0
0.25965118408203125, 107.0
0.26111316680908203, 107.0
0.2625758647918701, 107.0
0.26404309272766113, 107.0
0.26551294326782227, 107.0
0.26697707176208496, 107.0
0.26845788955688477, 107.0
0.269927978515625, 107.0
0.271395206451416, 107.0
0.27286410331726074, 107.0
0.27432918548583984, 107.0
0.27579498291015625, 107.0
0.27726101875305176, 107.0
0.27872586250305176, 107.0
0.28023600578308105, 107.0
0.28171396255493164, 107.0
0.2831850051879883, 107.0
0.2846488952636719, 107.0
0.2861177921295166, 107.0
0.28758883476257324, 107.0
0.28905296325683594, 107.0
0.29052114486694336, 107.0
0.2919900417327881, 107.0
0.29346799850463867, 107.0
0.2949340343475342, 107.0
0.2963998317718506, 107.0
0.29786181449890137, 107.0
0.299332857131958, 107.0
