0.0010831356048583984, 107.0
0.0027382373809814453, 107.0
0.004324197769165039, 107.0
0.005895137786865234, 107.0
0.0075931549072265625, 107.0
0.009206056594848633, 107.0
0.01066899299621582, 107.0
0.012153148651123047, 107.0
0.013636112213134766, 107.0
0.015133142471313477, 107.0
0.016648292541503906, 107.0
0.018121957778930664, 107.0
0.019614219665527344, 107.0
0.021082162857055664, 107.0
0.022550106048583984, 107.0
0.024015188217163086, 107.0
0.025480270385742188, 107.0
0.026966094970703125, 107.0
0.028435230255126953, 107.0
0.02991938591003418, 107.0
0.03137826919555664, 107.0
0.03284406661987305, 107.0
0.034336090087890625, 107.0
0.03580307960510254, 107.0
0.037267208099365234, 107.0
0.03873300552368164, 107.0
0.04020214080810547, 107.0
0.04166913032531738, 107.0
0.04313516616821289, 107.0
0.04459810256958008, 107.0
0.046073198318481445, 107.0
0.04753303527832031, 107.0
0.0489962100982666, 107.0
0.050463199615478516, 107.0
0.05192422866821289, 107.0
0.053391218185424805, 107.0
0.05487513542175293, 107.0
0.05633711814880371, 107.0
0.057822227478027344, 107.0
0.05928492546081543, 107.0
0.06074714660644531, 107.0
0.06221413612365723, 107.0
0.0636742115020752, 107.0
0.06514310836791992, 107.0
0.06663131713867188, 107.0
0.06809425354003906, 107.0
0.06957721710205078, 107.0
0.07110404968261719, 107.0
0.07257318496704102, 107.0
0.07404017448425293, 107.0
0.07550716400146484, 107.0
0.07697820663452148, 107.0
0.07844400405883789, 107.0
0.07992005348205566, 107.0
0.0814051628112793, 107.0
0.0828852653503418, 107.0
0.08435916900634766, 107.0
0.08583498001098633, 107.0
0.08730316162109375, 107.0
0.0887751579284668, 107.0
0.09024310111999512, 107.0
0.09170722961425781, 107.0
0.09318017959594727, 107.0
0.09464120864868164, 107.0
0.09610533714294434, 107.0
0.09757113456726074, 107.0
0.09904098510742188, 107.0
0.10050511360168457, 107.0
0.10196924209594727, 107.0
0.10343813896179199, 107.0
0.10490536689758301, 107.0
0.10637998580932617, 107.0
0.1078481674194336, 107.0
0.10931611061096191, 107.0
0.11078023910522461, 107.0
0.11225128173828125, 107.0
0.11371326446533203, 107.0
0.11518216133117676, 107.0
0.11664819717407227, 107.0
0.1181192398071289, 107.0
0.1195833683013916, 107.0
0.12104606628417969, 107.0
0.12251019477844238, 107.0
0.12398624420166016, 107.0
0.12545418739318848, 107.0
0.12691617012023926, 107.0
0.12838315963745117, 107.0
0.12985801696777344, 107.0
0.13133621215820312, 107.0
0.13279938697814941, 107.0
0.13426518440246582, 107.0
0.13573122024536133, 107.0
0.13719820976257324, 107.0
0.13867425918579102, 107.0
0.14014625549316406, 107.0
0.14160823822021484, 107.0
0.14309120178222656, 107.0
0.14455914497375488, 107.0
0.1460270881652832, 107.0
0.14755916595458984, 107.0
0.1490342617034912, 107.0
0.15050005912780762, 107.0
0.15198016166687012, 107.0
0.15344834327697754, 107.0
0.15492606163024902, 107.0
0.1564033031463623, 107.0
0.1578669548034668, 107.0
0.1593310832977295, 107.0
0.1607961654663086, 107.0
0.16225504875183105, 107.0
0.16371917724609375, 107.0
0.16518926620483398, 107.0
0.16666531562805176, 107.0
0.16813421249389648, 107.0
0.16959404945373535, 107.0
0.17105817794799805, 107.0
0.17251825332641602, 107.0
0.17398405075073242, 107.0
0.17544221878051758, 107.0
0.17690610885620117, 107.0
0.1783742904663086, 107.0
0.17985320091247559, 107.0
0.18131709098815918, 107.0
0.18278908729553223, 107.0
0.184251070022583, 107.0
0.18571710586547852, 107.0
0.18718528747558594, 107.0
0.18865036964416504, 107.0
0.1901240348815918, 107.0
0.1915900707244873, 107.0
0.19305706024169922, 107.0
0.19452214241027832, 107.0
0.19599103927612305, 107.0
0.19745922088623047, 107.0
0.1989302635192871, 107.0
0.20039701461791992, 107.0
0.2018601894378662, 107.0
0.20333313941955566, 107.0
0.20479917526245117, 107.0
0.20631718635559082, 107.0
0.20781898498535156, 107.0
0.20930933952331543, 107.0
0.21080493927001953, 107.0
0.21232318878173828, 107.0
0.21389102935791016, 107.0
0.21546530723571777, 107.0
0.21702218055725098, 107.0
0.2185802459716797, 107.0
0.22013425827026367, 107.0
0.22168493270874023, 107.0
0.22323822975158691, 107.0
0.22478628158569336, 107.0
0.22634005546569824, 107.0
0.22789216041564941, 107.0
0.22945094108581543, 107.0
0.23100733757019043, 107.0
0.2325601577758789, 107.0
0.23411297798156738, 107.0
0.2356579303741455, 107.0
0.23724102973937988, 107.0
0.2387981414794922, 107.0
0.2403550148010254, 107.0
0.24192214012145996, 107.0
0.24350905418395996, 107.0
0.24506211280822754, 107.0
0.24662113189697266, 107.0
0.24817728996276855, 107.0
0.2496633529663086, 107.0
0.25113534927368164, 107.0
0.252608060836792, 107.0
0.2540731430053711, 107.0
0.2555391788482666, 107.0
0.25700807571411133, 107.0
0.25847816467285156, 107.0
0.25995516777038574, 107.0
0.26142406463623047, 107.0
0.26288723945617676, 107.0
0.2643623352050781, 107.0
0.26583313941955566, 107.0
0.26731014251708984, 107.0
0.26877522468566895, 107.0
0.2702510356903076, 107.0
0.27171921730041504, 107.0
0.27318406105041504, 107.0
0.2746469974517822, 107.0
0.2761211395263672, 107.0
0.27758312225341797, 107.0
0.27904725074768066, 107.0
0.28055810928344727, 107.0
0.2820262908935547, 107.0
0.28351616859436035, 107.0
0.28498101234436035, 107.0
0.2864413261413574, 107.0
0.2879211902618408, 107.0
0.2893822193145752, 107.0
0.2908451557159424, 107.0
0.29230713844299316, 107.0
0.293790340423584, 107.0
0.2952539920806885, 107.0
0.29671216011047363, 107.0
0.298173189163208, 107.0
