0.002652883529663086, 902.0
0.006166934967041016, 911.0
0.009744882583618164, 942.0
0.013293743133544922, 1018.0
0.01686692237854004, 1018.0
0.02061176300048828, 1018.0
0.024225950241088867, 1024.0
0.027905702590942383, 1024.0
0.031639814376831055, 1024.0
0.035433053970336914, 1024.0
0.03907299041748047, 1024.0
0.04274487495422363, 1024.0
0.04641103744506836, 1024.0
0.05018281936645508, 1024.0
0.0538487434387207, 1024.0
0.05747675895690918, 1024.0
0.061165809631347656, 1024.0
0.06486201286315918, 1024.0
0.06850099563598633, 1024.0
0.0721280574798584, 1024.0
0.0757761001586914, 1024.0
0.07941293716430664, 1024.0
0.08305191993713379, 1024.0
0.08667182922363281, 1024.0
0.09031200408935547, 1024.0
0.09404897689819336, 1024.0
0.09772706031799316, 1024.0
0.10145783424377441, 1024.0
0.10513472557067871, 1024.0
0.10881686210632324, 1024.0
0.11245274543762207, 1024.0
0.11612606048583984, 1024.0
0.11986088752746582, 1024.0
0.12350273132324219, 1024.0
0.12721896171569824, 1024.0
0.13092994689941406, 1024.0
0.13468074798583984, 1024.0
0.13837599754333496, 1024.0
0.14201784133911133, 1024.0
0.1456618309020996, 1024.0
0.14931797981262207, 1024.0
0.15298795700073242, 1024.0
0.15666985511779785, 1024.0
0.160383939743042, 1024.0
0.1640629768371582, 1024.0
0.16776704788208008, 1024.0
0.17140483856201172, 1024.0
0.17503094673156738, 1024.0
0.1787090301513672, 1024.0
0.182326078414917, 1024.0
0.18597793579101562, 1024.0
0.18963885307312012, 1024.0
0.19325494766235352, 1024.0
0.19687604904174805, 1024.0
0.20057177543640137, 1024.0
0.2043609619140625, 1024.0
0.20810198783874512, 1024.0
0.2118520736694336, 1024.0
0.21558499336242676, 1024.0
0.21935582160949707, 1024.0
0.22313189506530762, 1024.0
0.22688889503479004, 1024.0
0.23064708709716797, 1024.0
0.23439908027648926, 1024.0
0.23810982704162598, 1024.0
0.24182987213134766, 1024.0
0.24554800987243652, 1024.0
0.24924182891845703, 1024.0
0.25284290313720703, 1024.0
0.2564229965209961, 1024.0
0.2600059509277344, 1024.0
0.2635359764099121, 1024.0
0.26709580421447754, 1024.0
0.27068090438842773, 1024.0
0.2742180824279785, 1024.0
0.27780985832214355, 1024.0
0.2813267707824707, 1024.0
0.28492188453674316, 1024.0
0.2884407043457031, 1024.0
0.29204487800598145, 1024.0
0.295576810836792, 1024.0
0.2991039752960205, 1024.0
0.3026697635650635, 1024.0
0.3061838150024414, 1024.0
0.3097407817840576, 1024.0
0.3132460117340088, 1024.0
0.3167839050292969, 1024.0
0.3203248977661133, 1024.0
0.3238499164581299, 1024.0
0.3273947238922119, 1024.0
0.3309319019317627, 1024.0
0.33449506759643555, 1024.0
0.33801698684692383, 1024.0
0.34154605865478516, 1024.0
0.3451237678527832, 1024.0
0.34868407249450684, 1024.0
0.3522639274597168, 1024.0
0.35579895973205566, 1024.0
0.3593568801879883, 1024.0
0.36287498474121094, 1024.0
0.3664119243621826, 1024.0
0.3699767589569092, 1024.0
0.373492956161499, 1024.0
0.37706589698791504, 1024.0
0.38062071800231934, 1024.0
0.3841888904571533, 1024.0
0.38773393630981445, 1024.0
0.39128589630126953, 1024.0
0.39485788345336914, 1024.0
0.39840269088745117, 1024.0
0.40199780464172363, 1024.0
0.40555810928344727, 1024.0
0.4091367721557617, 1024.0
0.4127378463745117, 1024.0
0.41628074645996094, 1024.0
0.41986894607543945, 1024.0
0.42339396476745605, 1024.0
0.42694783210754395, 1024.0
0.43047499656677246, 1024.0
0.43403077125549316, 1024.0
0.4375438690185547, 1024.0
0.4410579204559326, 1024.0
0.44460487365722656, 1024.0
0.44812583923339844, 1024.0
0.4516878128051758, 1024.0
0.45542097091674805, 1024.0
0.4590458869934082, 1024.0
0.4626438617706299, 1024.0
0.46623802185058594, 1024.0
0.469890832901001, 1024.0
0.47356605529785156, 1024.0
0.4772379398345947, 1024.0
0.4808797836303711, 1024.0
0.4844698905944824, 1024.0
0.48798084259033203, 1024.0
0.4914979934692383, 1024.0
0.4950449466705322, 1024.0
0.49855995178222656, 1024.0
0.5021188259124756, 1024.0
0.5056300163269043, 1024.0
0.509185791015625, 1024.0
0.5126841068267822, 1024.0
0.5162098407745361, 1024.0
0.519752025604248, 1024.0
0.5232667922973633, 1024.0
0.5268208980560303, 1024.0
0.5303418636322021, 1024.0
0.5338869094848633, 1024.0
0.5373897552490234, 1024.0
0.5409009456634521, 1024.0
0.5444390773773193, 1024.0
0.5479528903961182, 1024.0
0.5515017509460449, 1024.0
0.555020809173584, 1024.0
0.5585408210754395, 1024.0
0.5621020793914795, 1024.0
0.5656168460845947, 1024.0
0.5691630840301514, 1024.0
0.5726747512817383, 1024.0
0.5762219429016113, 1024.0
0.5797309875488281, 1024.0
0.5832409858703613, 1024.0
0.5867950916290283, 1024.0
0.5903067588806152, 1024.0
0.5938880443572998, 1024.0
0.5976138114929199, 1024.0
0.601356029510498, 1024.0
0.60512375831604, 1024.0
0.6089489459991455, 1024.0
0.612717866897583, 1024.0
0.6165609359741211, 1024.0
0.6204590797424316, 1024.0
0.6242470741271973, 1024.0
0.6281018257141113, 1024.0
0.6318669319152832, 1024.0
0.6356418132781982, 1024.0
0.6393947601318359, 1024.0
0.6431329250335693, 1024.0
0.6468069553375244, 1024.0
0.6505510807037354, 1024.0
0.6542279720306396, 1024.0
0.6579070091247559, 1024.0
0.6616368293762207, 1024.0
0.6653079986572266, 1024.0
0.6690287590026855, 1024.0
0.6727488040924072, 1024.0
0.6764729022979736, 1024.0
0.6801810264587402, 1024.0
0.6839199066162109, 1024.0
0.6876628398895264, 1024.0
0.6913480758666992, 1024.0
0.6951038837432861, 1024.0
0.6987860202789307, 1024.0
0.7024798393249512, 1024.0
0.7061538696289062, 1024.0
0.7098550796508789, 1024.0
0.7135260105133057, 1024.0
0.717271089553833, 1024.0
0.7209808826446533, 1024.0
0.7246649265289307, 1024.0
0.7283239364624023, 1024.0
