0.0009059906005859375, 130.0
0.002379894256591797, 130.0
0.0038259029388427734, 130.0
0.005315065383911133, 130.0
0.006829023361206055, 130.0
0.008316755294799805, 130.0
0.009798765182495117, 130.0
0.011317968368530273, 130.0
0.012817144393920898, 130.0
0.014285087585449219, 130.0
0.01575016975402832, 130.0
0.017203807830810547, 130.0
0.018652915954589844, 130.0
0.02022075653076172, 130.0
0.021663904190063477, 130.0
0.023122787475585938, 130.0
0.02456808090209961, 130.0
0.026037931442260742, 130.0
0.027540922164916992, 130.0
0.028998851776123047, 130.0
0.030437946319580078, 130.0
0.03188800811767578, 130.0
0.03334808349609375, 130.0
0.03481793403625488, 130.0
0.036303043365478516, 130.0
0.037758827209472656, 130.0
0.03920888900756836, 130.0
0.040673017501831055, 130.0
0.04213905334472656, 130.0
0.04362988471984863, 130.0
0.045092105865478516, 130.0
0.0465540885925293, 130.0
0.04799985885620117, 130.0
0.049445152282714844, 130.0
0.05090594291687012, 130.0
0.05242800712585449, 130.0
0.05390572547912598, 130.0
0.05546903610229492, 130.0
0.0570521354675293, 130.0
0.05856609344482422, 130.0
0.06007790565490723, 130.0
0.06156802177429199, 130.0
0.06307601928710938, 130.0
0.06455111503601074, 130.0
0.06601500511169434, 130.0
0.06751775741577148, 130.0
0.06904911994934082, 130.0
0.07052302360534668, 130.0
0.07199883460998535, 130.0
0.07347798347473145, 130.0
0.0749518871307373, 130.0
0.07644987106323242, 130.0
0.07794404029846191, 130.0
0.07941293716430664, 130.0
0.08092689514160156, 130.0
0.08239889144897461, 130.0
0.0838770866394043, 130.0
0.08539581298828125, 130.0
0.0868690013885498, 130.0
0.08834695816040039, 130.0
0.08987593650817871, 130.0
0.09139299392700195, 130.0
0.0929419994354248, 130.0
0.09439682960510254, 130.0
0.09585976600646973, 130.0
0.09730982780456543, 130.0
0.0987539291381836, 130.0
0.10019707679748535, 130.0
0.10168695449829102, 130.0
0.10320615768432617, 130.0
0.10465097427368164, 130.0
0.10609102249145508, 130.0
0.10752677917480469, 130.0
0.10896492004394531, 130.0
0.11045503616333008, 130.0
0.11189699172973633, 130.0
0.11335182189941406, 130.0
0.1147911548614502, 130.0
0.11623072624206543, 130.0
0.11767387390136719, 130.0
0.11921191215515137, 130.0
0.1206519603729248, 130.0
0.12209892272949219, 130.0
0.1235508918762207, 130.0
0.12501907348632812, 130.0
0.12648391723632812, 130.0
0.1279468536376953, 130.0
0.12939786911010742, 130.0
0.1308579444885254, 130.0
0.13230514526367188, 130.0
0.1337568759918213, 130.0
0.13521504402160645, 130.0
0.13666987419128418, 130.0
0.1381080150604248, 130.0
0.1395580768585205, 130.0
0.14100289344787598, 130.0
0.14245390892028809, 130.0
0.1439070701599121, 130.0
0.14536595344543457, 130.0
0.146806001663208, 130.0
0.14833307266235352, 130.0
0.14977288246154785, 130.0
0.15121984481811523, 130.0
0.1526780128479004, 130.0
0.1541309356689453, 130.0
0.15557599067687988, 130.0
0.15701699256896973, 130.0
0.15846014022827148, 130.0
0.15989398956298828, 130.0
0.16133594512939453, 130.0
0.16278791427612305, 130.0
0.16423487663269043, 130.0
0.16567277908325195, 130.0
0.16711997985839844, 130.0
0.16855907440185547, 130.0
0.17000603675842285, 130.0
0.17145204544067383, 130.0
0.17290115356445312, 130.0
0.17435097694396973, 130.0
0.17579007148742676, 130.0
0.17722582817077637, 130.0
0.1786649227142334, 130.0
0.18010902404785156, 130.0
0.18155694007873535, 130.0
0.18301105499267578, 130.0
0.18449783325195312, 130.0
0.18596291542053223, 130.0
0.18741488456726074, 130.0
0.18885493278503418, 130.0
0.1903059482574463, 130.0
0.19174599647521973, 130.0
0.19318795204162598, 130.0
0.194627046585083, 130.0
0.19606900215148926, 130.0
0.19750690460205078, 130.0
0.1989579200744629, 130.0
0.20039606094360352, 130.0
0.20183587074279785, 130.0
0.2032768726348877, 130.0
0.2047128677368164, 130.0
0.20615911483764648, 130.0
0.20760178565979004, 130.0
0.2090611457824707, 130.0
0.21057772636413574, 130.0
0.21208906173706055, 130.0
0.2136240005493164, 130.0
0.21515989303588867, 130.0
0.2166907787322998, 130.0
0.21821904182434082, 130.0
0.21974587440490723, 130.0
0.22127890586853027, 130.0
0.22282099723815918, 130.0
0.22434711456298828, 130.0
0.2258758544921875, 130.0
0.22739601135253906, 130.0
0.22891497611999512, 130.0
0.23044300079345703, 130.0
0.23196697235107422, 130.0
0.2335038185119629, 130.0
0.23502779006958008, 130.0
0.23653912544250488, 130.0
0.23808002471923828, 130.0
0.23960185050964355, 130.0
0.24112296104431152, 130.0
0.24265384674072266, 130.0
0.244124174118042, 130.0
0.24558687210083008, 130.0
0.24704289436340332, 130.0
0.2484879493713379, 130.0
0.24994492530822754, 130.0
0.25139284133911133, 130.0
0.2528398036956787, 130.0
0.25428199768066406, 130.0
0.2557370662689209, 130.0
0.2571890354156494, 130.0
0.2586338520050049, 130.0
0.2600839138031006, 130.0
0.26153111457824707, 130.0
0.2629828453063965, 130.0
0.26442885398864746, 130.0
0.2658710479736328, 130.0
0.2673180103302002, 130.0
0.26875782012939453, 130.0
0.27019381523132324, 130.0
0.271655797958374, 130.0
0.27310681343078613, 130.0
0.2745530605316162, 130.0
0.2760000228881836, 130.0
0.2774479389190674, 130.0
0.2788851261138916, 130.0
0.2803361415863037, 130.0
0.28177714347839355, 130.0
0.28322815895080566, 130.0
0.2846670150756836, 130.0
0.28610992431640625, 130.0
0.2875509262084961, 130.0
0.28899693489074707, 130.0
0.29044294357299805, 130.0
0.29189586639404297, 130.0
0.29337215423583984, 130.0
0.29482579231262207, 130.0
