0.0007519721984863281, 23.0
0.0020198822021484375, 23.0
0.003231048583984375, 23.0
0.004428863525390625, 23.0
0.005677938461303711, 23.0
0.006922721862792969, 23.0
0.008151769638061523, 23.0
0.009370803833007812, 23.0
0.01055598258972168, 23.0
0.011751890182495117, 23.0
0.012950897216796875, 23.0
0.014149904251098633, 23.0
0.015344858169555664, 23.0
0.016539812088012695, 23.0
0.017749786376953125, 23.0
0.01894092559814453, 23.0
0.02013397216796875, 23.0
0.021345853805541992, 23.0
0.022532939910888672, 23.0
0.023730039596557617, 23.0
0.024911880493164062, 23.0
0.026112794876098633, 23.0
0.027298927307128906, 23.0
0.028483867645263672, 23.0
0.029668807983398438, 23.0
0.030852794647216797, 23.0
0.032045841217041016, 23.0
0.03323078155517578, 23.0
0.03441596031188965, 23.0
0.035600900650024414, 23.0
0.03678703308105469, 23.0
0.03797197341918945, 23.0
0.039166927337646484, 23.0
0.040352821350097656, 23.0
0.0415349006652832, 23.0
0.04271578788757324, 23.0
0.04389691352844238, 23.0
0.04507708549499512, 23.0
0.04626107215881348, 23.0
0.047445058822631836, 23.0
0.048625946044921875, 23.0
0.04980778694152832, 23.0
0.051004886627197266, 23.0
0.052191972732543945, 23.0
0.05337405204772949, 23.0
0.054556846618652344, 23.0
0.05573892593383789, 23.0
0.05691885948181152, 23.0
0.058099985122680664, 23.0
0.05928492546081543, 23.0
0.060469865798950195, 23.0
0.061656951904296875, 23.0
0.06285381317138672, 23.0
0.06403779983520508, 23.0
0.06522297859191895, 23.0
0.06641101837158203, 23.0
0.0676109790802002, 23.0
0.06879591941833496, 23.0
0.06998205184936523, 23.0
0.07116389274597168, 23.0
0.07234692573547363, 23.0
0.07353878021240234, 23.0
0.07473897933959961, 23.0
0.07592201232910156, 23.0
0.07711386680603027, 23.0
0.07829999923706055, 23.0
0.07948803901672363, 23.0
0.08069086074829102, 23.0
0.08187294006347656, 23.0
0.08305692672729492, 23.0
0.08423876762390137, 23.0
0.0854179859161377, 23.0
0.08660197257995605, 23.0
0.08778595924377441, 23.0
0.08898282051086426, 23.0
0.09017491340637207, 23.0
0.09135890007019043, 23.0
0.09254574775695801, 23.0
0.09372973442077637, 23.0
0.09491586685180664, 23.0
0.09609603881835938, 23.0
0.09728789329528809, 23.0
0.09847569465637207, 23.0
0.09965872764587402, 23.0
0.10086297988891602, 23.0
0.10204386711120605, 23.0
0.10322904586791992, 23.0
0.1044149398803711, 23.0
0.10560011863708496, 23.0
0.10678791999816895, 23.0
0.1079707145690918, 23.0
0.10915088653564453, 23.0
0.11033296585083008, 23.0
0.11151599884033203, 23.0
0.11271476745605469, 23.0
0.11390495300292969, 23.0
0.11508679389953613, 23.0
0.11627197265625, 23.0
0.11745595932006836, 23.0
0.11863398551940918, 23.0
0.11981391906738281, 23.0
0.12100005149841309, 23.0
0.12218284606933594, 23.0
0.12335991859436035, 23.0
0.12455201148986816, 23.0
0.1257328987121582, 23.0
0.12691473960876465, 23.0
0.12809491157531738, 23.0
0.12928080558776855, 23.0
0.1304609775543213, 23.0
0.131638765335083, 23.0
0.1328139305114746, 23.0
0.13399505615234375, 23.0
0.13517284393310547, 23.0
0.1363668441772461, 23.0
0.1375570297241211, 23.0
0.13874387741088867, 23.0
0.13992571830749512, 23.0
0.14111089706420898, 23.0
0.1423020362854004, 23.0
0.14348196983337402, 23.0
0.14466381072998047, 23.0
0.1458449363708496, 23.0
0.14702582359313965, 23.0
0.14827179908752441, 23.0
0.1494617462158203, 23.0
0.15067601203918457, 23.0
0.15186381340026855, 23.0
0.15304303169250488, 23.0
0.15426111221313477, 23.0
0.1555018424987793, 23.0
0.1567697525024414, 23.0
0.15797781944274902, 23.0
0.1591639518737793, 23.0
0.16037583351135254, 23.0
0.16155385971069336, 23.0
0.16273903846740723, 23.0
0.16392302513122559, 23.0
0.1651008129119873, 23.0
0.16628003120422363, 23.0
0.16747188568115234, 23.0
0.1686549186706543, 23.0
0.16983580589294434, 23.0
0.17101383209228516, 23.0
0.17221474647521973, 23.0
0.17344188690185547, 23.0
0.17462897300720215, 23.0
0.17581582069396973, 23.0
0.17699265480041504, 23.0
0.1781768798828125, 23.0
0.17935490608215332, 23.0
0.18053984642028809, 23.0
0.1817178726196289, 23.0
0.18289780616760254, 23.0
0.18407893180847168, 23.0
0.18525481224060059, 23.0
0.18644380569458008, 23.0
0.1876239776611328, 23.0
0.18880581855773926, 23.0
0.1899857521057129, 23.0
0.19116878509521484, 23.0
0.19234585762023926, 23.0
0.19351983070373535, 23.0
0.19469809532165527, 23.0
0.19587373733520508, 23.0
0.19704985618591309, 23.0
0.1982417106628418, 23.0
0.19941997528076172, 23.0
0.20059871673583984, 23.0
0.20177888870239258, 23.0
0.20296096801757812, 23.0
0.20413684844970703, 23.0
0.20531201362609863, 23.0
0.20648789405822754, 23.0
0.20766901969909668, 23.0
0.2088489532470703, 23.0
0.2100517749786377, 23.0
0.21126985549926758, 23.0
0.21251797676086426, 23.0
0.21376991271972656, 23.0
0.21494483947753906, 23.0
0.21621298789978027, 23.0
0.21741795539855957, 23.0
0.21860480308532715, 23.0
0.21978092193603516, 23.0
0.22095799446105957, 23.0
0.22214674949645996, 23.0
0.22332286834716797, 23.0
0.22449684143066406, 23.0
0.22571587562561035, 23.0
0.22692108154296875, 23.0
0.22812294960021973, 23.0
0.2293379306793213, 23.0
0.23057985305786133, 23.0
0.23179292678833008, 23.0
0.23302102088928223, 23.0
0.2342848777770996, 23.0
0.2355358600616455, 23.0
0.23679590225219727, 23.0
0.23799395561218262, 23.0
0.23920178413391113, 23.0
