0.0007376670837402344, 23.0
0.0020248889923095703, 23.0
0.003232717514038086, 23.0
0.0044176578521728516, 23.0
0.005589723587036133, 23.0
0.0068359375, 23.0
0.008079767227172852, 23.0
0.009315729141235352, 23.0
0.01049184799194336, 23.0
0.011691808700561523, 23.0
0.012895584106445312, 23.0
0.014066934585571289, 23.0
0.015246868133544922, 23.0
0.016424894332885742, 23.0
0.01760077476501465, 23.0
0.018812894821166992, 23.0
0.019992828369140625, 23.0
0.021173715591430664, 23.0
0.022354841232299805, 23.0
0.023532629013061523, 23.0
0.024715662002563477, 23.0
0.025918960571289062, 23.0
0.027094602584838867, 23.0
0.02826976776123047, 23.0
0.02944779396057129, 23.0
0.030638694763183594, 23.0
0.03181576728820801, 23.0
0.03300189971923828, 23.0
0.03417086601257324, 23.0
0.03536081314086914, 23.0
0.03653359413146973, 23.0
0.03771185874938965, 23.0
0.038884878158569336, 23.0
0.040059804916381836, 23.0
0.04123497009277344, 23.0
0.042421579360961914, 23.0
0.04359889030456543, 23.0
0.04478168487548828, 23.0
0.045958757400512695, 23.0
0.04713177680969238, 23.0
0.04830479621887207, 23.0
0.04948782920837402, 23.0
0.05069375038146973, 23.0
0.05188465118408203, 23.0
0.0530698299407959, 23.0
0.05425262451171875, 23.0
0.05551266670227051, 23.0
0.05670785903930664, 23.0
0.05788755416870117, 23.0
0.059065818786621094, 23.0
0.06024503707885742, 23.0
0.06142282485961914, 23.0
0.06260991096496582, 23.0
0.06378865242004395, 23.0
0.06497001647949219, 23.0
0.06614565849304199, 23.0
0.06733083724975586, 23.0
0.06852197647094727, 23.0
0.06969976425170898, 23.0
0.07088160514831543, 23.0
0.07205986976623535, 23.0
0.07323861122131348, 23.0
0.07442879676818848, 23.0
0.07561182975769043, 23.0
0.07678890228271484, 23.0
0.07796573638916016, 23.0
0.07914376258850098, 23.0
0.08033275604248047, 23.0
0.08151078224182129, 23.0
0.08269286155700684, 23.0
0.08386778831481934, 23.0
0.08504676818847656, 23.0
0.08622169494628906, 23.0
0.0874025821685791, 23.0
0.08858084678649902, 23.0
0.0897667407989502, 23.0
0.09094667434692383, 23.0
0.09214377403259277, 23.0
0.09332585334777832, 23.0
0.09450769424438477, 23.0
0.0956878662109375, 23.0
0.09686565399169922, 23.0
0.09804868698120117, 23.0
0.09923982620239258, 23.0
0.10042881965637207, 23.0
0.1016089916229248, 23.0
0.10278582572937012, 23.0
0.1040048599243164, 23.0
0.10522866249084473, 23.0
0.10640788078308105, 23.0
0.10758399963378906, 23.0
0.10875582695007324, 23.0
0.10992884635925293, 23.0
0.11110877990722656, 23.0
0.11228084564208984, 23.0
0.1134648323059082, 23.0
0.11465764045715332, 23.0
0.11584591865539551, 23.0
0.1170198917388916, 23.0
0.11819291114807129, 23.0
0.11937165260314941, 23.0
0.1205446720123291, 23.0
0.1217186450958252, 23.0
0.12289071083068848, 23.0
0.12405991554260254, 23.0
0.1252307891845703, 23.0
0.1264047622680664, 23.0
0.12758183479309082, 23.0
0.1287670135498047, 23.0
0.12994384765625, 23.0
0.1311178207397461, 23.0
0.132293701171875, 23.0
0.1334688663482666, 23.0
0.13463783264160156, 23.0
0.13580679893493652, 23.0
0.13698577880859375, 23.0
0.13817286491394043, 23.0
0.13937687873840332, 23.0
0.14056968688964844, 23.0
0.1417548656463623, 23.0
0.1429448127746582, 23.0
0.14412188529968262, 23.0
0.14530467987060547, 23.0
0.1464848518371582, 23.0
0.14766573905944824, 23.0
0.14884376525878906, 23.0
0.15002179145812988, 23.0
0.15119576454162598, 23.0
0.15238666534423828, 23.0
0.15356755256652832, 23.0
0.15474677085876465, 23.0
0.15592503547668457, 23.0
0.1571037769317627, 23.0
0.1583096981048584, 23.0
0.15948700904846191, 23.0
0.1606919765472412, 23.0
0.16191577911376953, 23.0
0.16319060325622559, 23.0
0.16438078880310059, 23.0
0.16556072235107422, 23.0
0.16673898696899414, 23.0
0.16791582107543945, 23.0
0.16908979415893555, 23.0
0.17026877403259277, 23.0
0.17157196998596191, 23.0
0.17285776138305664, 23.0
0.17406177520751953, 23.0
0.17524194717407227, 23.0
0.1764528751373291, 23.0
0.1776425838470459, 23.0
0.1788196563720703, 23.0
0.17999792098999023, 23.0
0.18117785453796387, 23.0
0.1823728084564209, 23.0
0.18358778953552246, 23.0
0.1848006248474121, 23.0
0.18603968620300293, 23.0
0.18724370002746582, 23.0
0.18848776817321777, 23.0
0.1897139549255371, 23.0
0.19093871116638184, 23.0
0.1921706199645996, 23.0
0.1934037208557129, 23.0
0.19465875625610352, 23.0
0.19586467742919922, 23.0
0.19706487655639648, 23.0
0.19828462600708008, 23.0
0.19951367378234863, 23.0
0.20075392723083496, 23.0
0.201981782913208, 23.0
0.20322179794311523, 23.0
0.2044508457183838, 23.0
0.20567679405212402, 23.0
0.20690584182739258, 23.0
0.2081308364868164, 23.0
0.20935869216918945, 23.0
0.21065282821655273, 23.0
0.2119288444519043, 23.0
0.21329379081726074, 23.0
0.21456694602966309, 23.0
0.21578669548034668, 23.0
0.2170276641845703, 23.0
0.21828198432922363, 23.0
0.21948862075805664, 23.0
0.22069668769836426, 23.0
0.22189974784851074, 23.0
0.22310876846313477, 23.0
0.2243199348449707, 23.0
0.22554588317871094, 23.0
0.22684979438781738, 23.0
0.22812485694885254, 23.0
0.22933292388916016, 23.0
0.23053693771362305, 23.0
0.23179864883422852, 23.0
0.23302578926086426, 23.0
0.23424887657165527, 23.0
0.23546671867370605, 23.0
0.23666977882385254, 23.0
0.23787188529968262, 23.0
0.23907995223999023, 23.0
0.2402818202972412, 23.0
