0.0020101070404052734, 415.259254
0.004710197448730469, 469.161046
0.007391929626464844, 469.161046
0.010040998458862305, 469.161046
0.012838125228881836, 481.069368
0.015496969223022461, 481.069368
0.018146991729736328, 481.069368
0.020914793014526367, 481.069368
0.023552894592285156, 481.069368
0.026183128356933594, 481.069368
0.02885913848876953, 481.069368
0.03153514862060547, 481.069368
0.03422093391418457, 481.069368
0.03697085380554199, 481.069368
0.039669036865234375, 481.069368
0.042375802993774414, 481.069368
0.04513716697692871, 481.069368
0.0478367805480957, 481.069368
0.05053091049194336, 481.069368
0.05327606201171875, 481.069368
0.05598783493041992, 481.069368
0.05867791175842285, 481.069368
0.061434030532836914, 481.069368
0.06415414810180664, 481.069368
0.06685900688171387, 481.069368
0.06956005096435547, 481.069368
0.07229804992675781, 481.069368
0.07500600814819336, 481.069368
0.07775616645812988, 481.069368
0.08049392700195312, 481.069368
0.08321714401245117, 481.069368
0.08592414855957031, 481.069368
0.08868813514709473, 481.069368
0.0913999080657959, 481.069368
0.09413385391235352, 481.069368
0.09693598747253418, 481.069368
0.09964585304260254, 481.069368
0.10254788398742676, 481.069368
0.1053919792175293, 481.069368
0.10821390151977539, 481.069368
0.11104106903076172, 481.069368
0.1138911247253418, 481.069368
0.11669397354125977, 481.069368
0.1195061206817627, 481.069368
0.12230300903320312, 481.069368
0.12508010864257812, 481.069368
0.1279311180114746, 481.069368
0.13071203231811523, 481.069368
0.1335000991821289, 481.069368
0.13633394241333008, 481.069368
0.1392061710357666, 481.069368
0.1420421600341797, 481.069368
0.14488601684570312, 481.069368
0.14773082733154297, 481.069368
0.15047192573547363, 481.069368
0.15325093269348145, 481.069368
0.15603089332580566, 481.069368
0.15877509117126465, 481.069368
0.16154694557189941, 481.069368
0.16432881355285645, 481.069368
0.16715097427368164, 481.069368
0.16999387741088867, 481.069368
0.17281293869018555, 481.069368
0.1756589412689209, 481.069368
0.17847704887390137, 481.069368
0.18123388290405273, 481.069368
0.18404507637023926, 481.069368
0.18683481216430664, 481.069368
0.18962717056274414, 481.069368
0.19238710403442383, 481.069368
0.1952199935913086, 481.069368
0.19797897338867188, 481.069368
0.20075011253356934, 481.069368
0.2035660743713379, 481.069368
0.20635700225830078, 481.069368
0.20916199684143066, 481.069368
0.2120189666748047, 481.069368
0.2148449420928955, 481.069368
0.217620849609375, 481.069368
0.2204599380493164, 481.069368
0.22321701049804688, 481.069368
0.2259829044342041, 481.069368
0.22875308990478516, 481.069368
0.23153400421142578, 481.069368
0.23426604270935059, 481.069368
0.23704290390014648, 481.069368
0.2397911548614502, 481.069368
0.2425389289855957, 481.069368
0.24531912803649902, 481.069368
0.24806904792785645, 481.069368
0.2508101463317871, 481.069368
0.2535851001739502, 481.069368
0.25634098052978516, 481.069368
0.2591211795806885, 481.069368
0.2618570327758789, 481.069368
0.26459407806396484, 481.069368
0.2673330307006836, 481.069368
0.27008605003356934, 481.069368
0.2728900909423828, 481.069368
0.2756350040435791, 481.069368
0.27838587760925293, 481.069368
0.28113508224487305, 481.069368
0.28394484519958496, 481.069368
0.2867140769958496, 481.069368
0.2894740104675293, 481.069368
0.2922849655151367, 481.069368
0.2951009273529053, 481.069368
0.2979240417480469, 481.069368
0.30068182945251465, 481.069368
0.30345606803894043, 481.069368
0.3063039779663086, 481.069368
0.3090941905975342, 481.069368
0.31185197830200195, 481.069368
0.3146181106567383, 481.069368
0.3173820972442627, 481.069368
0.3201279640197754, 481.069368
0.3228909969329834, 481.069368
0.3256380558013916, 481.069368
0.3284029960632324, 481.069368
0.3311469554901123, 481.069368
0.3339099884033203, 481.069368
0.33664608001708984, 481.069368
0.3393840789794922, 481.069368
0.34214186668395996, 481.069368
0.34490013122558594, 481.069368
0.3476369380950928, 481.069368
0.35037684440612793, 481.069368
0.35312986373901367, 481.069368
0.35587286949157715, 481.069368
0.35863280296325684, 481.069368
0.3613729476928711, 481.069368
0.3641190528869629, 481.069368
0.3668851852416992, 481.069368
0.3696329593658447, 481.069368
0.3723790645599365, 481.069368
0.3751201629638672, 481.069368
0.37787699699401855, 481.069368
0.38062000274658203, 481.069368
0.38338398933410645, 481.069368
0.38613080978393555, 481.069368
0.38887906074523926, 481.069368
0.3916189670562744, 481.069368
0.39436793327331543, 481.069368
0.39711999893188477, 481.069368
0.3998599052429199, 481.069368
0.40261292457580566, 481.069368
0.40535402297973633, 481.069368
0.4081101417541504, 481.069368
0.41084790229797363, 481.069368
0.4136078357696533, 481.069368
0.4163482189178467, 481.069368
0.41910505294799805, 481.069368
0.4218449592590332, 481.069368
0.42458200454711914, 481.069368
0.42734694480895996, 481.069368
0.43009090423583984, 481.069368
0.4328501224517822, 481.069368
0.43560791015625, 481.069368
0.4383559226989746, 481.069368
0.44111204147338867, 481.069368
0.4438619613647461, 481.069368
0.4466228485107422, 481.069368
0.4493601322174072, 481.069368
0.4521141052246094, 481.069368
0.45485782623291016, 481.069368
0.457625150680542, 481.069368
0.4604158401489258, 481.069368
0.4632449150085449, 481.069368
0.46599912643432617, 481.069368
0.46877193450927734, 481.069368
0.47153496742248535, 481.069368
0.47427988052368164, 481.069368
0.4770369529724121, 481.069368
0.47982096672058105, 481.069368
0.482558012008667, 481.069368
0.48532915115356445, 481.069368
0.4880812168121338, 481.069368
0.4908280372619629, 481.069368
0.49357008934020996, 481.069368
0.4963400363922119, 481.069368
0.49909305572509766, 481.069368
0.5018489360809326, 481.069368
0.504626989364624, 481.069368
0.5074160099029541, 481.069368
0.5101711750030518, 481.069368
0.5129280090332031, 481.069368
0.5157208442687988, 481.069368
0.5184760093688965, 481.069368
0.5212619304656982, 481.069368
0.5240249633789062, 481.069368
0.5268027782440186, 481.069368
0.5295500755310059, 481.069368
0.5323030948638916, 481.069368
0.5351200103759766, 481.069368
0.5378952026367188, 481.069368
0.5406539440155029, 481.069368
0.5434219837188721, 481.069368
0.5461831092834473, 481.069368
0.5489778518676758, 481.069368
0.5517401695251465, 481.069368
0.5545048713684082, 481.069368
