0.0010399818420410156, 107.0
0.0027179718017578125, 107.0
0.004313945770263672, 107.0
0.006044864654541016, 107.0
0.007731914520263672, 107.0
0.009264945983886719, 107.0
0.010748863220214844, 107.0
0.012248754501342773, 107.0
0.013731956481933594, 107.0
0.015204906463623047, 107.0
0.016681909561157227, 107.0
0.018173933029174805, 107.0
0.019683837890625, 107.0
0.021227121353149414, 107.0
0.022706031799316406, 107.0
0.02417898178100586, 107.0
0.025686025619506836, 107.0
0.027157068252563477, 107.0
0.02864217758178711, 107.0
0.03012394905090332, 107.0
0.031601905822753906, 107.0
0.03308701515197754, 107.0
0.03455805778503418, 107.0
0.036038875579833984, 107.0
0.03751397132873535, 107.0
0.03901386260986328, 107.0
0.04048585891723633, 107.0
0.041989803314208984, 107.0
0.043498992919921875, 107.0
0.04500889778137207, 107.0
0.046585798263549805, 107.0
0.0480959415435791, 107.0
0.049629926681518555, 107.0
0.05118584632873535, 107.0
0.05272817611694336, 107.0
0.05428004264831543, 107.0
0.055822134017944336, 107.0
0.057331085205078125, 107.0
0.058840036392211914, 107.0
0.0603489875793457, 107.0
0.061866044998168945, 107.0
0.06337404251098633, 107.0
0.06488394737243652, 107.0
0.06641697883605957, 107.0
0.0679171085357666, 107.0
0.0694270133972168, 107.0
0.07093691825866699, 107.0
0.0724329948425293, 107.0
0.07395100593566895, 107.0
0.07546186447143555, 107.0
0.07696199417114258, 107.0
0.07846403121948242, 107.0
0.07997608184814453, 107.0
0.08150792121887207, 107.0
0.08301997184753418, 107.0
0.08452987670898438, 107.0
0.08604001998901367, 107.0
0.08754301071166992, 107.0
0.08904409408569336, 107.0
0.0905458927154541, 107.0
0.09206104278564453, 107.0
0.09362196922302246, 107.0
0.09511613845825195, 107.0
0.09660911560058594, 107.0
0.09811997413635254, 107.0
0.09961199760437012, 107.0
0.10112380981445312, 107.0
0.10262894630432129, 107.0
0.1041560173034668, 107.0
0.10567712783813477, 107.0
0.1071770191192627, 107.0
0.10867094993591309, 107.0
0.11018800735473633, 107.0
0.11169791221618652, 107.0
0.11322188377380371, 107.0
0.11472010612487793, 107.0
0.1162261962890625, 107.0
0.11773395538330078, 107.0
0.11925506591796875, 107.0
0.12076711654663086, 107.0
0.12227296829223633, 107.0
0.12380385398864746, 107.0
0.12530303001403809, 107.0
0.1268010139465332, 107.0
0.12830209732055664, 107.0
0.12981677055358887, 107.0
0.13131284713745117, 107.0
0.13281488418579102, 107.0
0.13431191444396973, 107.0
0.13581490516662598, 107.0
0.13733410835266113, 107.0
0.13888001441955566, 107.0
0.14042091369628906, 107.0
0.14194202423095703, 107.0
0.14343500137329102, 107.0
0.1449291706085205, 107.0
0.14642000198364258, 107.0
0.1479320526123047, 107.0
0.1494290828704834, 107.0
0.15094709396362305, 107.0
0.15244102478027344, 107.0
0.15397191047668457, 107.0
0.1554708480834961, 107.0
0.15697097778320312, 107.0
0.15847086906433105, 107.0
0.1600170135498047, 107.0
0.1615149974822998, 107.0
0.1630101203918457, 107.0
0.1645040512084961, 107.0
0.16605901718139648, 107.0
0.16756296157836914, 107.0
0.1690659523010254, 107.0
0.17056584358215332, 107.0
0.17206501960754395, 107.0
0.17356395721435547, 107.0
0.17507195472717285, 107.0
0.17658710479736328, 107.0
0.17808103561401367, 107.0
0.17961597442626953, 107.0
0.18112587928771973, 107.0
0.18262600898742676, 107.0
0.18414998054504395, 107.0
0.1856677532196045, 107.0
0.18717694282531738, 107.0
0.18869400024414062, 107.0
0.19022893905639648, 107.0
0.19174718856811523, 107.0
0.19326114654541016, 107.0
0.19478988647460938, 107.0
0.19635009765625, 107.0
0.1978769302368164, 107.0
0.19940686225891113, 107.0
0.2009429931640625, 107.0
0.2024672031402588, 107.0
0.2039780616760254, 107.0
0.20549607276916504, 107.0
0.2070019245147705, 107.0
0.20855998992919922, 107.0
0.21013402938842773, 107.0
0.2117021083831787, 107.0
0.2132711410522461, 107.0
0.21477198600769043, 107.0
0.21631383895874023, 107.0
0.21783876419067383, 107.0
0.21933698654174805, 107.0
0.22083401679992676, 107.0
0.2223491668701172, 107.0
0.22383809089660645, 107.0
0.22532892227172852, 107.0
0.22684693336486816, 107.0
0.22834420204162598, 107.0
0.22983717918395996, 107.0
0.23133277893066406, 107.0
0.23287200927734375, 107.0
0.23436689376831055, 107.0
0.23588204383850098, 107.0
0.23739290237426758, 107.0
0.23889589309692383, 107.0
0.24039602279663086, 107.0
0.24189281463623047, 107.0
0.24338412284851074, 107.0
0.24488306045532227, 107.0
0.24637913703918457, 107.0
0.2478652000427246, 107.0
0.24935293197631836, 107.0
0.2508511543273926, 107.0
0.25235414505004883, 107.0
0.2538418769836426, 107.0
0.25533390045166016, 107.0
0.2568368911743164, 107.0
0.2583448886871338, 107.0
0.2598390579223633, 107.0
0.26134300231933594, 107.0
0.26283693313598633, 107.0
0.26433897018432617, 107.0
0.26582884788513184, 107.0
0.26732492446899414, 107.0
0.26883697509765625, 107.0
0.2703409194946289, 107.0
0.27184391021728516, 107.0
0.2733500003814697, 107.0
0.27485108375549316, 107.0
0.2763540744781494, 107.0
0.2778918743133545, 107.0
0.2793920040130615, 107.0
0.2808990478515625, 107.0
0.28240299224853516, 107.0
0.28389787673950195, 107.0
0.285398006439209, 107.0
0.2868959903717041, 107.0
0.28839993476867676, 107.0
0.28989696502685547, 107.0
0.29140520095825195, 107.0
0.29290294647216797, 107.0
0.29440903663635254, 107.0
0.29590606689453125, 107.0
0.29740118980407715, 107.0
0.2988929748535156, 107.0
0.3003971576690674, 107.0
0.3018918037414551, 107.0
0.30340003967285156, 107.0
