1.0967254638671875e-05, 72.0
1.7881393432617188e-05, 147.0
2.47955322265625e-05, 187.0
3.0994415283203125e-05, 262.0
3.6716461181640625e-05, 339.0
9.584426879882812e-05, 364.0
0.00010180473327636719, 439.0
0.00010776519775390625, 474.0
0.00011491775512695312, 551.0
0.00018477439880371094, 578.0
0.00019097328186035156, 607.0
0.00025582313537597656, 672.0
0.0002627372741699219, 735.0
0.00026869773864746094, 789.0
0.00030994415283203125, 802.0
0.0003159046173095703, 837.0
0.0016698837280273438, 838.0
0.003175973892211914, 842.0
0.004370927810668945, 846.0
0.006460905075073242, 850.0
0.012462854385375977, 855.0
0.0179898738861084, 894.0
0.0218508243560791, 909.0
0.07101678848266602, 935.0
0.07102274894714355, 981.0
0.2827637195587158, 999.0
0.31747984886169434, 1024.0
