0.0008089542388916016, 35.0
0.0022008419036865234, 35.0
0.0035369396209716797, 35.0
0.004895925521850586, 35.0
0.006245851516723633, 35.0
0.007595062255859375, 35.0
0.008957862854003906, 35.0
0.01032710075378418, 35.0
0.01168370246887207, 35.0
0.01302790641784668, 35.0
0.014361858367919922, 35.0
0.0157010555267334, 35.0
0.017045021057128906, 35.0
0.01839280128479004, 35.0
0.01976299285888672, 35.0
0.0211179256439209, 35.0
0.022470951080322266, 35.0
0.02382183074951172, 35.0
0.025178909301757812, 35.0
0.026530742645263672, 35.0
0.027881860733032227, 35.0
0.029217004776000977, 35.0
0.030577898025512695, 35.0
0.03194284439086914, 35.0
0.03326988220214844, 35.0
0.034581899642944336, 35.0
0.035939693450927734, 35.0
0.037285804748535156, 35.0
0.03864765167236328, 35.0
0.03995490074157715, 35.0
0.041252851486206055, 35.0
0.04256892204284668, 35.0
0.04397177696228027, 35.0
0.045317888259887695, 35.0
0.046614885330200195, 35.0
0.04790973663330078, 35.0
0.04920697212219238, 35.0
0.05050086975097656, 35.0
0.05187678337097168, 35.0
0.05322384834289551, 35.0
0.05455589294433594, 35.0
0.05585479736328125, 35.0
0.05715203285217285, 35.0
0.05845189094543457, 35.0
0.05976605415344238, 35.0
0.06110787391662598, 35.0
0.06240677833557129, 35.0
0.06371307373046875, 35.0
0.0650486946105957, 35.0
0.06639695167541504, 35.0
0.06771469116210938, 35.0
0.06902790069580078, 35.0
0.07038998603820801, 35.0
0.07177186012268066, 35.0
0.07307791709899902, 35.0
0.07439899444580078, 35.0
0.07572197914123535, 35.0
0.0770578384399414, 35.0
0.07838273048400879, 35.0
0.07971405982971191, 35.0
0.08101773262023926, 35.0
0.08231687545776367, 35.0
0.08362984657287598, 35.0
0.08493995666503906, 35.0
0.08626294136047363, 35.0
0.08755898475646973, 35.0
0.08887386322021484, 35.0
0.09020495414733887, 35.0
0.09149885177612305, 35.0
0.09280180931091309, 35.0
0.09411406517028809, 35.0
0.09540891647338867, 35.0
0.0967109203338623, 35.0
0.09801077842712402, 35.0
0.09932494163513184, 35.0
0.10063481330871582, 35.0
0.1019279956817627, 35.0
0.10325098037719727, 35.0
0.10455489158630371, 35.0
0.10585379600524902, 35.0
0.10715079307556152, 35.0
0.10844278335571289, 35.0
0.10975790023803711, 35.0
0.11105585098266602, 35.0
0.11236786842346191, 35.0
0.11367177963256836, 35.0
0.11497974395751953, 35.0
0.11627888679504395, 35.0
0.11757087707519531, 35.0
0.11887097358703613, 35.0
0.12017273902893066, 35.0
0.12147879600524902, 35.0
0.12277579307556152, 35.0
0.12408280372619629, 35.0
0.12537693977355957, 35.0
0.1266779899597168, 35.0
0.12799286842346191, 35.0
0.12929487228393555, 35.0
0.13058996200561523, 35.0
0.13188481330871582, 35.0
0.13317489624023438, 35.0
0.13448190689086914, 35.0
0.13577866554260254, 35.0
0.13707399368286133, 35.0
0.13837075233459473, 35.0
0.13970470428466797, 35.0
0.14099884033203125, 35.0
0.14229202270507812, 35.0
0.14358782768249512, 35.0
0.1448819637298584, 35.0
0.14618706703186035, 35.0
0.14748787879943848, 35.0
0.1487879753112793, 35.0
0.15009593963623047, 35.0
0.15139389038085938, 35.0
0.15269780158996582, 35.0
0.15399670600891113, 35.0
0.15529870986938477, 35.0
0.15659189224243164, 35.0
0.15790700912475586, 35.0
0.1592109203338623, 35.0
0.1605057716369629, 35.0
0.16181182861328125, 35.0
0.1631150245666504, 35.0
0.16442298889160156, 35.0
0.16572070121765137, 35.0
0.16701173782348633, 35.0
0.16831684112548828, 35.0
0.16963481903076172, 35.0
0.17093300819396973, 35.0
0.1722278594970703, 35.0
0.17352890968322754, 35.0
0.17482399940490723, 35.0
0.17613577842712402, 35.0
0.17745590209960938, 35.0
0.1787567138671875, 35.0
0.18005585670471191, 35.0
0.1813669204711914, 35.0
0.1826770305633545, 35.0
0.18397903442382812, 35.0
0.18529796600341797, 35.0
0.1865978240966797, 35.0
0.18788886070251465, 35.0
0.18919682502746582, 35.0
0.19048690795898438, 35.0
0.19178175926208496, 35.0
0.19307899475097656, 35.0
0.19438695907592773, 35.0
0.19568490982055664, 35.0
0.19698190689086914, 35.0
0.19827580451965332, 35.0
0.19957995414733887, 35.0
0.2009108066558838, 35.0
0.20224475860595703, 35.0
0.20357584953308105, 35.0
0.20486974716186523, 35.0
0.2061598300933838, 35.0
0.20749783515930176, 35.0
0.20879101753234863, 35.0
0.21009588241577148, 35.0
0.21140575408935547, 35.0
0.21269774436950684, 35.0
0.21400094032287598, 35.0
0.2152998447418213, 35.0
0.2165989875793457, 35.0
0.2178938388824463, 35.0
0.21921992301940918, 35.0
0.22051095962524414, 35.0
0.22179889678955078, 35.0
0.2231149673461914, 35.0
0.22440075874328613, 35.0
0.22570085525512695, 35.0
0.22701072692871094, 35.0
0.22833991050720215, 35.0
0.22969603538513184, 35.0
0.23098969459533691, 35.0
0.23233580589294434, 35.0
0.23368191719055176, 35.0
0.2349839210510254, 35.0
0.23631000518798828, 35.0
0.2376539707183838, 35.0
0.2389676570892334, 35.0
0.24027705192565918, 35.0
0.24157381057739258, 35.0
0.2428739070892334, 35.0
0.2442319393157959, 35.0
0.2455449104309082, 35.0
0.24684786796569824, 35.0
0.2481379508972168, 35.0
0.24942684173583984, 35.0
0.25072193145751953, 35.0
0.2520439624786377, 35.0
0.2533397674560547, 35.0
0.25463294982910156, 35.0
0.25592970848083496, 35.0
0.2572438716888428, 35.0
0.25855374336242676, 35.0
0.2598538398742676, 35.0
0.2611558437347412, 35.0
0.2624518871307373, 35.0
0.26373982429504395, 35.0
