0.002618074417114258, 877.0
0.0061511993408203125, 971.0
0.009788036346435547, 971.0
0.013303995132446289, 971.0
0.016820907592773438, 1002.0
0.02039790153503418, 1010.0
0.023958921432495117, 1025.0
0.027582883834838867, 1025.0
0.031177997589111328, 1025.0
0.03480219841003418, 1025.0
0.03843092918395996, 1025.0
0.04214215278625488, 1025.0
0.045974016189575195, 1025.0
0.04971003532409668, 1025.0
0.05344820022583008, 1025.0
0.05716395378112793, 1025.0
0.06089210510253906, 1025.0
0.06477093696594238, 1025.0
0.06858682632446289, 1025.0
0.07223010063171387, 1025.0
0.0758829116821289, 1025.0
0.07952308654785156, 1025.0
0.08317089080810547, 1025.0
0.0868990421295166, 1025.0
0.09061598777770996, 1025.0
0.09427595138549805, 1025.0
0.09795284271240234, 1025.0
0.10159993171691895, 1025.0
0.10525989532470703, 1025.0
0.10893678665161133, 1025.0
0.11269402503967285, 1025.0
0.11636805534362793, 1025.0
0.12001609802246094, 1025.0
0.12366199493408203, 1025.0
0.1273350715637207, 1025.0
0.1310131549835205, 1025.0
0.13469314575195312, 1025.0
0.13832688331604004, 1025.0
0.14197111129760742, 1025.0
0.14562201499938965, 1025.0
0.14925885200500488, 1025.0
0.15289688110351562, 1025.0
0.156541109085083, 1025.0
0.16020488739013672, 1025.0
0.16385293006896973, 1025.0
0.16748785972595215, 1025.0
0.17113304138183594, 1025.0
0.17481303215026855, 1025.0
0.17847394943237305, 1025.0
0.1821422576904297, 1025.0
0.18581295013427734, 1025.0
0.18947696685791016, 1025.0
0.19311308860778809, 1025.0
0.19696807861328125, 1025.0
0.20081496238708496, 1025.0
0.20458698272705078, 1025.0
0.2083570957183838, 1025.0
0.21222710609436035, 1025.0
0.2159421443939209, 1025.0
0.21974396705627441, 1025.0
0.22348904609680176, 1025.0
0.22729206085205078, 1025.0
0.23094391822814941, 1025.0
0.2346210479736328, 1025.0
0.23830914497375488, 1025.0
0.24198222160339355, 1025.0
0.24574899673461914, 1025.0
0.249406099319458, 1025.0
0.25312209129333496, 1025.0
0.25676512718200684, 1025.0
0.26048707962036133, 1025.0
0.2641489505767822, 1025.0
0.2678709030151367, 1025.0
0.271557092666626, 1025.0
0.2752039432525635, 1025.0
0.2789130210876465, 1025.0
0.2825610637664795, 1025.0
0.28624820709228516, 1025.0
0.28988194465637207, 1025.0
0.2935779094696045, 1025.0
0.2972221374511719, 1025.0
0.30086588859558105, 1025.0
0.30454397201538086, 1025.0
0.308178186416626, 1025.0
0.3119010925292969, 1025.0
0.3155491352081299, 1025.0
0.31926703453063965, 1025.0
0.32291507720947266, 1025.0
0.3266720771789551, 1025.0
0.3303380012512207, 1025.0
0.33398914337158203, 1025.0
0.3377680778503418, 1025.0
0.341447114944458, 1025.0
0.3451650142669678, 1025.0
0.3488302230834961, 1025.0
0.35259580612182617, 1025.0
0.3562920093536377, 1025.0
0.36002302169799805, 1025.0
0.3636629581451416, 1025.0
0.3673269748687744, 1025.0
0.3710319995880127, 1025.0
0.37468504905700684, 1025.0
0.3784329891204834, 1025.0
0.3820781707763672, 1025.0
0.3857870101928711, 1025.0
0.389437198638916, 1025.0
0.39316701889038086, 1025.0
0.3968081474304199, 1025.0
0.4004788398742676, 1025.0
0.40416884422302246, 1025.0
0.4078209400177002, 1025.0
0.4115328788757324, 1025.0
0.41516804695129395, 1025.0
0.4189140796661377, 1025.0
0.4225490093231201, 1025.0
0.42622900009155273, 1025.0
0.42985105514526367, 1025.0
0.43346500396728516, 1025.0
0.4371349811553955, 1025.0
0.4407358169555664, 1025.0
0.44435811042785645, 1025.0
0.447965145111084, 1025.0
0.4516639709472656, 1025.0
0.4553351402282715, 1025.0
0.45904088020324707, 1025.0
0.4627559185028076, 1025.0
0.4663729667663574, 1025.0
0.4700500965118408, 1025.0
0.4736518859863281, 1025.0
0.47731494903564453, 1025.0
0.48091888427734375, 1025.0
0.4845421314239502, 1025.0
0.488170862197876, 1025.0
0.49178409576416016, 1025.0
0.49543118476867676, 1025.0
0.49902987480163574, 1025.0
0.5027110576629639, 1025.0
0.5063281059265137, 1025.0
0.5100178718566895, 1025.0
0.5136139392852783, 1025.0
0.5172209739685059, 1025.0
0.5208749771118164, 1025.0
0.524677038192749, 1025.0
0.5283241271972656, 1025.0
0.5319159030914307, 1025.0
0.5355839729309082, 1025.0
0.5391669273376465, 1025.0
0.54280686378479, 1025.0
0.5464529991149902, 1025.0
0.5501329898834229, 1025.0
0.5539200305938721, 1025.0
0.5576810836791992, 1025.0
0.5614030361175537, 1025.0
0.5650601387023926, 1025.0
0.568763017654419, 1025.0
0.5724201202392578, 1025.0
0.5761730670928955, 1025.0
0.5799670219421387, 1025.0
0.583806037902832, 1025.0
0.5876619815826416, 1025.0
0.5915398597717285, 1025.0
0.5954949855804443, 1025.0
0.5995218753814697, 1025.0
0.6035208702087402, 1025.0
0.6074540615081787, 1025.0
0.6113920211791992, 1025.0
0.6152899265289307, 1025.0
0.6192290782928467, 1025.0
0.6231331825256348, 1025.0
0.6270701885223389, 1025.0
0.6310000419616699, 1025.0
0.6349039077758789, 1025.0
0.6387250423431396, 1025.0
0.6426069736480713, 1025.0
0.6464622020721436, 1025.0
0.6502499580383301, 1025.0
0.6540782451629639, 1025.0
0.6578850746154785, 1025.0
0.6617450714111328, 1025.0
0.6655521392822266, 1025.0
0.669435977935791, 1025.0
0.6732420921325684, 1025.0
0.6771409511566162, 1025.0
0.6809420585632324, 1025.0
0.6847820281982422, 1025.0
0.6886670589447021, 1025.0
0.692467212677002, 1025.0
0.6962931156158447, 1025.0
0.7001378536224365, 1025.0
0.7039899826049805, 1025.0
0.7078430652618408, 1025.0
0.7117400169372559, 1025.0
0.7155399322509766, 1025.0
0.7194139957427979, 1025.0
0.7232060432434082, 1025.0
0.7270219326019287, 1025.0
0.7308299541473389, 1025.0
0.734633207321167, 1025.0
0.7384219169616699, 1025.0
0.7422168254852295, 1025.0
0.7460169792175293, 1025.0
