0.0029430389404296875, 9745.0
0.0067708492279052734, 9747.0
0.010510921478271484, 9757.0
0.014308929443359375, 9757.0
0.01795482635498047, 9757.0
0.021587848663330078, 9757.0
0.025189876556396484, 9759.0
0.02873992919921875, 9765.0
0.0322718620300293, 9765.0
0.0357668399810791, 9765.0
0.039232730865478516, 9765.0
0.042675018310546875, 9765.0
0.04611682891845703, 9765.0
0.04957079887390137, 9765.0
0.05302286148071289, 9765.0
0.05648374557495117, 9765.0
0.060002803802490234, 9765.0
0.06353187561035156, 9765.0
0.06706786155700684, 9765.0
0.07061576843261719, 9765.0
0.07415080070495605, 9765.0
0.07768893241882324, 9765.0
0.08129000663757324, 9765.0
0.0848238468170166, 9765.0
0.08835887908935547, 9765.0
0.09194493293762207, 9765.0
0.09551692008972168, 9765.0
0.0990610122680664, 9765.0
0.10261988639831543, 9765.0
0.10618185997009277, 9765.0
0.10973501205444336, 9765.0
0.11327385902404785, 9765.0
0.1168210506439209, 9765.0
0.12039303779602051, 9765.0
0.12393665313720703, 9765.0
0.12747883796691895, 9765.0
0.13103890419006348, 9765.0
0.13458585739135742, 9765.0
0.13812994956970215, 9765.0
0.14168882369995117, 9765.0
0.14524602890014648, 9765.0
0.14879393577575684, 9765.0
0.15233373641967773, 9765.0
0.15592288970947266, 9765.0
0.15947294235229492, 9765.0
0.16300177574157715, 9765.0
0.166550874710083, 9765.0
0.17008280754089355, 9765.0
0.17361688613891602, 9765.0
0.17714381217956543, 9765.0
0.18068575859069824, 9765.0
0.18421578407287598, 9765.0
0.1877439022064209, 9765.0
0.1912829875946045, 9765.0
0.1948099136352539, 9765.0
0.19833874702453613, 9765.0
0.20186972618103027, 9765.0
0.20542073249816895, 9765.0
0.20894479751586914, 9765.0
0.21253204345703125, 9765.0
0.2162950038909912, 9765.0
0.21983075141906738, 9765.0
0.22347402572631836, 9765.0
0.22700190544128418, 9765.0
0.23056697845458984, 9765.0
0.2340857982635498, 9765.0
0.23760986328125, 9765.0
0.24115586280822754, 9765.0
0.24466896057128906, 9765.0
0.24820899963378906, 9765.0
0.2517378330230713, 9765.0
0.25525379180908203, 9765.0
0.25877881050109863, 9765.0
0.2622957229614258, 9765.0
0.26596689224243164, 9765.0
0.2695350646972656, 9765.0
0.27310895919799805, 9765.0
0.27665185928344727, 9765.0
0.2802000045776367, 9765.0
0.28373289108276367, 9765.0
0.287261962890625, 9765.0
0.29081177711486816, 9765.0
0.29434680938720703, 9765.0
0.297879695892334, 9765.0
0.301419734954834, 9765.0
0.3049616813659668, 9765.0
0.30854296684265137, 9765.0
0.3120918273925781, 9765.0
0.31563878059387207, 9765.0
0.3191807270050049, 9765.0
0.32271599769592285, 9765.0
0.3262946605682373, 9765.0
0.3298189640045166, 9765.0
0.33335304260253906, 9765.0
0.3369009494781494, 9765.0
0.34043383598327637, 9765.0
0.343966007232666, 9765.0
0.3475327491760254, 9765.0
0.351085901260376, 9765.0
0.3546769618988037, 9765.0
0.35830092430114746, 9765.0
0.361940860748291, 9765.0
0.36551475524902344, 9765.0
0.3692009449005127, 9765.0
0.37278079986572266, 9765.0
0.3764040470123291, 9765.0
0.3800218105316162, 9765.0
0.3836369514465332, 9765.0
0.38724780082702637, 9765.0
0.3908708095550537, 9765.0
0.394486665725708, 9765.0
0.3981149196624756, 9765.0
0.4017329216003418, 9765.0
0.40541791915893555, 9765.0
0.40903186798095703, 9765.0
0.41265273094177246, 9765.0
0.4162609577178955, 9765.0
0.4198877811431885, 9765.0
0.42362189292907715, 9765.0
0.4273068904876709, 9765.0
0.430980920791626, 9765.0
0.43463683128356934, 9765.0
0.4382500648498535, 9765.0
0.44191479682922363, 9765.0
0.44556498527526855, 9765.0
0.4492659568786621, 9765.0
0.4528839588165283, 9765.0
0.4565699100494385, 9765.0
0.46021580696105957, 9765.0
0.46390390396118164, 9765.0
0.46753883361816406, 9765.0
0.47118687629699707, 9765.0
0.47484397888183594, 9765.0
0.4784567356109619, 9765.0
0.4821178913116455, 9765.0
0.4857208728790283, 9765.0
0.4893949031829834, 9765.0
0.4930098056793213, 9765.0
0.4966306686401367, 9765.0
0.5002686977386475, 9765.0
0.5038719177246094, 9765.0
0.5075206756591797, 9765.0
0.5111250877380371, 9765.0
0.5147857666015625, 9765.0
0.5183868408203125, 9765.0
0.5220248699188232, 9765.0
0.525641918182373, 9765.0
0.5292768478393555, 9765.0
0.5329439640045166, 9765.0
0.5365447998046875, 9765.0
0.5402297973632812, 9765.0
0.5438458919525146, 9765.0
0.5475080013275146, 9765.0
0.5511209964752197, 9765.0
0.554743766784668, 9765.0
0.5584127902984619, 9765.0
0.5620276927947998, 9765.0
0.5656919479370117, 9765.0
0.5693068504333496, 9765.0
0.5729749202728271, 9765.0
0.5765697956085205, 9765.0
0.5802440643310547, 9765.0
0.5838699340820312, 9765.0
0.5874760150909424, 9765.0
0.5911240577697754, 9765.0
0.5947637557983398, 9765.0
0.5986478328704834, 9765.0
0.6024079322814941, 9765.0
0.606123685836792, 9765.0
0.6098129749298096, 9765.0
0.6135749816894531, 9765.0
0.61726975440979, 9765.0
0.6209638118743896, 9765.0
0.6246819496154785, 9765.0
0.6283578872680664, 9765.0
0.6321418285369873, 9765.0
0.6359148025512695, 9765.0
0.6397199630737305, 9765.0
0.6432788372039795, 9765.0
0.6469247341156006, 9765.0
0.6506118774414062, 9765.0
0.6542568206787109, 9765.0
0.6579787731170654, 9765.0
0.6617059707641602, 9765.0
0.6654789447784424, 9765.0
0.6691427230834961, 9765.0
0.6728267669677734, 9765.0
0.6764388084411621, 9765.0
0.6800856590270996, 9765.0
0.6837739944458008, 9765.0
0.6875159740447998, 9765.0
0.691307783126831, 9765.0
0.6950280666351318, 9765.0
0.6987950801849365, 9765.0
0.7025148868560791, 9765.0
0.7061848640441895, 9765.0
0.7098639011383057, 9765.0
0.7135539054870605, 9765.0
0.7172579765319824, 9765.0
0.7209317684173584, 9765.0
0.7246148586273193, 9765.0
