1.0967254638671875e-05, 0.89114
1.7881393432617188e-05, 12.799462
2.5033950805664062e-05, 12.924588
3.0994415283203125e-05, 32.255012
3.600120544433594e-05, 49.665822
4.100799560546875e-05, 102.832117
5.1975250244140625e-05, 201.684621
0.00013685226440429688, 207.623524
0.00017189979553222656, 288.338878
0.00027108192443847656, 320.627459
0.00033092498779296875, 321.936704
0.00045490264892578125, 326.621296
0.00045990943908691406, 357.020783
0.0005791187286376953, 358.333079
0.0012929439544677734, 358.586382
0.0019431114196777344, 373.229164
0.001953125, 374.12030400000003
0.0022079944610595703, 390.591142
0.0029418468475341797, 423.45957699999997
0.0036008358001708984, 425.49211
0.006381988525390625, 469.161046
0.047872066497802734, 481.069368
