0.0031058788299560547, 9748.0
0.006975889205932617, 9757.0
0.010924816131591797, 9757.0
0.014740943908691406, 9760.0
0.018448829650878906, 9762.0
0.0222017765045166, 9762.0
0.025943756103515625, 9762.0
0.02959275245666504, 9762.0
0.033200740814208984, 9762.0
0.03676891326904297, 9763.0
0.04035305976867676, 9763.0
0.043930768966674805, 9763.0
0.04751276969909668, 9763.0
0.051080942153930664, 9763.0
0.054704904556274414, 9763.0
0.058255910873413086, 9763.0
0.061807870864868164, 9763.0
0.06537866592407227, 9763.0
0.0689399242401123, 9763.0
0.07255196571350098, 9763.0
0.07619476318359375, 9763.0
0.07983183860778809, 9763.0
0.08341789245605469, 9763.0
0.0870819091796875, 9763.0
0.09069275856018066, 9763.0
0.09433770179748535, 9763.0
0.09802484512329102, 9763.0
0.10163569450378418, 9763.0
0.10533285140991211, 9763.0
0.1089468002319336, 9763.0
0.1125650405883789, 9763.0
0.11617779731750488, 9763.0
0.11996078491210938, 9763.0
0.12381386756896973, 9763.0
0.1276097297668457, 9763.0
0.13138580322265625, 9763.0
0.13511991500854492, 9763.0
0.1388559341430664, 9763.0
0.14260077476501465, 9763.0
0.1463298797607422, 9763.0
0.15007472038269043, 9763.0
0.1538686752319336, 9763.0
0.15776586532592773, 9763.0
0.16155481338500977, 9763.0
0.16527485847473145, 9763.0
0.16905498504638672, 9763.0
0.1727888584136963, 9763.0
0.17650580406188965, 9763.0
0.18027186393737793, 9763.0
0.18391990661621094, 9763.0
0.18755292892456055, 9763.0
0.19118165969848633, 9763.0
0.1948070526123047, 9763.0
0.1984097957611084, 9763.0
0.2020869255065918, 9763.0
0.20579791069030762, 9763.0
0.2095508575439453, 9763.0
0.21321702003479004, 9763.0
0.21690082550048828, 9763.0
0.22055888175964355, 9763.0
0.22436785697937012, 9763.0
0.22800374031066895, 9763.0
0.231719970703125, 9763.0
0.23537683486938477, 9763.0
0.2390449047088623, 9763.0
0.24257278442382812, 9763.0
0.2461528778076172, 9763.0
0.24972796440124512, 9763.0
0.25327491760253906, 9763.0
0.25684094429016113, 9763.0
0.2603640556335449, 9763.0
0.2638998031616211, 9763.0
0.26742982864379883, 9763.0
0.27098703384399414, 9763.0
0.27452588081359863, 9763.0
0.27810001373291016, 9763.0
0.281646728515625, 9763.0
0.2851839065551758, 9763.0
0.2887108325958252, 9763.0
0.2922549247741699, 9763.0
0.29578495025634766, 9763.0
0.29930877685546875, 9763.0
0.30281877517700195, 9763.0
0.30634498596191406, 9763.0
0.3098607063293457, 9763.0
0.3133707046508789, 9763.0
0.3168978691101074, 9763.0
0.32045698165893555, 9763.0
0.3239779472351074, 9763.0
0.32750678062438965, 9763.0
0.3310856819152832, 9763.0
0.3346128463745117, 9763.0
0.338346004486084, 9763.0
0.341904878616333, 9763.0
0.34548187255859375, 9763.0
0.3490328788757324, 9763.0
0.35255980491638184, 9763.0
0.356151819229126, 9763.0
0.3597099781036377, 9763.0
0.3632829189300537, 9763.0
0.36681485176086426, 9763.0
0.370424747467041, 9763.0
0.37398386001586914, 9763.0
0.37752699851989746, 9763.0
0.3811037540435791, 9763.0
0.3846290111541748, 9767.0
0.3881857395172119, 9767.0
0.3917398452758789, 9767.0
0.39530277252197266, 9767.0
0.398831844329834, 9767.0
0.4023590087890625, 9767.0
0.4059116840362549, 9767.0
0.409470796585083, 9767.0
0.4130098819732666, 9767.0
0.4164910316467285, 9767.0
0.4199507236480713, 9767.0
0.4235498905181885, 9767.0
0.4270339012145996, 9767.0
0.430574893951416, 9767.0
0.4340698719024658, 9767.0
0.43758487701416016, 9767.0
0.4410817623138428, 9767.0
0.44455981254577637, 9767.0
0.4480738639831543, 9767.0
0.45156097412109375, 9767.0
0.4550619125366211, 9767.0
0.4585447311401367, 9767.0
0.4620239734649658, 9767.0
0.46554088592529297, 9767.0
0.4690208435058594, 9767.0
0.47255396842956543, 9767.0
0.47625279426574707, 9767.0
0.4798309803009033, 9767.0
0.4833848476409912, 9767.0
0.486954927444458, 9767.0
0.49053001403808594, 9767.0
0.4940617084503174, 9767.0
0.4976649284362793, 9767.0
0.5013077259063721, 9767.0
0.5049147605895996, 9767.0
0.5084228515625, 9767.0
0.511955976486206, 9767.0
0.5154628753662109, 9767.0
0.5189368724822998, 9767.0
0.5224628448486328, 9767.0
0.5259346961975098, 9767.0
0.5294547080993652, 9767.0
0.5329196453094482, 9767.0
0.5364258289337158, 9767.0
0.5399668216705322, 9767.0
0.5434508323669434, 9767.0
0.5469748973846436, 9767.0
0.55047607421875, 9767.0
0.5539917945861816, 9767.0
0.5574789047241211, 9767.0
0.5609898567199707, 9767.0
0.5645229816436768, 9767.0
0.5680110454559326, 9767.0
0.5715367794036865, 9767.0
0.5750620365142822, 9767.0
0.5785489082336426, 9767.0
0.5820639133453369, 9767.0
0.5855417251586914, 9767.0
0.5890529155731201, 9767.0
0.5925607681274414, 9767.0
0.5961809158325195, 9767.0
0.5998799800872803, 9767.0
0.6034157276153564, 9767.0
0.6070249080657959, 9767.0
0.6105868816375732, 9767.0
0.6141457557678223, 9767.0
0.6177217960357666, 9767.0
0.6213188171386719, 9767.0
0.6248509883880615, 9767.0
0.6284129619598389, 9767.0
0.6320466995239258, 9767.0
0.6355667114257812, 9767.0
0.6390867233276367, 9767.0
0.6425919532775879, 9767.0
0.6461329460144043, 9767.0
0.6496098041534424, 9767.0
0.6530838012695312, 9767.0
0.6565859317779541, 9767.0
0.6600627899169922, 9767.0
0.6635599136352539, 9767.0
0.6670577526092529, 9767.0
0.6706349849700928, 9767.0
0.6741108894348145, 9767.0
0.6775808334350586, 9767.0
0.6811509132385254, 9767.0
0.6846349239349365, 9767.0
0.6881358623504639, 9767.0
0.6916227340698242, 9767.0
0.6950898170471191, 9767.0
0.6985819339752197, 9767.0
0.702049970626831, 9767.0
0.705528736114502, 9767.0
0.7089810371398926, 9767.0
0.7124369144439697, 9767.0
0.7159039974212646, 9767.0
0.7193930149078369, 9767.0
