0.0009529590606689453, 130.0
0.0025010108947753906, 130.0
0.004004001617431641, 130.0
0.005527973175048828, 130.0
0.007080793380737305, 130.0
0.008639812469482422, 130.0
0.010176897048950195, 130.0
0.011752843856811523, 130.0
0.013336896896362305, 130.0
0.014900922775268555, 130.0
0.016377925872802734, 130.0
0.017865896224975586, 130.0
0.019414901733398438, 130.0
0.020917892456054688, 130.0
0.02239704132080078, 130.0
0.02387404441833496, 130.0
0.02539205551147461, 130.0
0.026900768280029297, 130.0
0.028391122817993164, 130.0
0.02986598014831543, 130.0
0.03136706352233887, 130.0
0.03287482261657715, 130.0
0.034398794174194336, 130.0
0.0359349250793457, 130.0
0.03747391700744629, 130.0
0.03900575637817383, 130.0
0.040550947189331055, 130.0
0.04208874702453613, 130.0
0.04362797737121582, 130.0
0.045127153396606445, 130.0
0.046607017517089844, 130.0
0.04822111129760742, 130.0
0.04975771903991699, 130.0
0.051346778869628906, 130.0
0.052884817123413086, 130.0
0.05441713333129883, 130.0
0.05597496032714844, 130.0
0.057518959045410156, 130.0
0.05910801887512207, 130.0
0.06065797805786133, 130.0
0.06213998794555664, 130.0
0.06363296508789062, 130.0
0.06514096260070801, 130.0
0.06664681434631348, 130.0
0.06812310218811035, 130.0
0.06960892677307129, 130.0
0.07110595703125, 130.0
0.07261085510253906, 130.0
0.07414793968200684, 130.0
0.07568883895874023, 130.0
0.0771780014038086, 130.0
0.07866787910461426, 130.0
0.08016300201416016, 130.0
0.08166003227233887, 130.0
0.08314681053161621, 130.0
0.08468198776245117, 130.0
0.08617782592773438, 130.0
0.08765578269958496, 130.0
0.08913874626159668, 130.0
0.09062004089355469, 130.0
0.09218978881835938, 130.0
0.09372591972351074, 130.0
0.0952298641204834, 130.0
0.09669280052185059, 130.0
0.09818410873413086, 130.0
0.0996561050415039, 130.0
0.10119485855102539, 130.0
0.1027219295501709, 130.0
0.10424280166625977, 130.0
0.10573291778564453, 130.0
0.10720705986022949, 130.0
0.10872006416320801, 130.0
0.11030173301696777, 130.0
0.11184501647949219, 130.0
0.11337494850158691, 130.0
0.11484313011169434, 130.0
0.11635589599609375, 130.0
0.11786580085754395, 130.0
0.1193540096282959, 130.0
0.12086892127990723, 130.0
0.12235903739929199, 130.0
0.12384510040283203, 130.0
0.12537789344787598, 130.0
0.1269669532775879, 130.0
0.12850713729858398, 130.0
0.12997698783874512, 130.0
0.13146400451660156, 130.0
0.13294196128845215, 130.0
0.13440799713134766, 130.0
0.13585591316223145, 130.0
0.13730978965759277, 130.0
0.13875484466552734, 130.0
0.14020180702209473, 130.0
0.14165592193603516, 130.0
0.143157958984375, 130.0
0.1446077823638916, 130.0
0.14606308937072754, 130.0
0.1475067138671875, 130.0
0.14894676208496094, 130.0
0.15039491653442383, 130.0
0.1518418788909912, 130.0
0.15328598022460938, 130.0
0.15474605560302734, 130.0
0.15619897842407227, 130.0
0.15765595436096191, 130.0
0.15910792350769043, 130.0
0.16058111190795898, 130.0
0.16202211380004883, 130.0
0.1634678840637207, 130.0
0.16491484642028809, 130.0
0.16636085510253906, 130.0
0.16780591011047363, 130.0
0.1692519187927246, 130.0
0.1706998348236084, 130.0
0.17215394973754883, 130.0
0.17360401153564453, 130.0
0.1750481128692627, 130.0
0.17651915550231934, 130.0
0.17797088623046875, 130.0
0.17941594123840332, 130.0
0.18087387084960938, 130.0
0.18231892585754395, 130.0
0.18377900123596191, 130.0
0.18522405624389648, 130.0
0.18667006492614746, 130.0
0.18811988830566406, 130.0
0.18956518173217773, 130.0
0.19101881980895996, 130.0
0.19247102737426758, 130.0
0.19391512870788574, 130.0
0.19536709785461426, 130.0
0.19680500030517578, 130.0
0.19824981689453125, 130.0
0.19969606399536133, 130.0
0.20114588737487793, 130.0
0.2025909423828125, 130.0
0.20403504371643066, 130.0
0.20547080039978027, 130.0
0.20692181587219238, 130.0
0.20836806297302246, 130.0
0.20988202095031738, 130.0
0.21137189865112305, 130.0
0.21295499801635742, 130.0
0.21439695358276367, 130.0
0.21583986282348633, 130.0
0.21730494499206543, 130.0
0.2188429832458496, 130.0
0.2203078269958496, 130.0
0.22176408767700195, 130.0
0.22321200370788574, 130.0
0.22466397285461426, 130.0
0.22610974311828613, 130.0
0.22757196426391602, 130.0
0.22902393341064453, 130.0
0.2304849624633789, 130.0
0.23193001747131348, 130.0
0.23339581489562988, 130.0
0.23486685752868652, 130.0
0.2363438606262207, 130.0
0.2378089427947998, 130.0
0.23925280570983887, 130.0
0.2407069206237793, 130.0
0.24216485023498535, 130.0
0.2436199188232422, 130.0
0.24506592750549316, 130.0
0.24651312828063965, 130.0
0.2479557991027832, 130.0
0.2494029998779297, 130.0
0.25085997581481934, 130.0
0.2523159980773926, 130.0
0.2537539005279541, 130.0
0.25520992279052734, 130.0
0.2566540241241455, 130.0
0.2580997943878174, 130.0
0.25954604148864746, 130.0
0.26099491119384766, 130.0
0.2624397277832031, 130.0
0.2638859748840332, 130.0
0.2653329372406006, 130.0
0.2667818069458008, 130.0
0.26824283599853516, 130.0
0.2697010040283203, 130.0
0.2711520195007324, 130.0
0.27260589599609375, 130.0
0.2740659713745117, 130.0
0.275515079498291, 130.0
0.27698493003845215, 130.0
0.2784290313720703, 130.0
0.2798891067504883, 130.0
0.2813379764556885, 130.0
0.28278493881225586, 130.0
0.28423213958740234, 130.0
0.28569579124450684, 130.0
0.2871358394622803, 130.0
0.28858208656311035, 130.0
0.29002904891967773, 130.0
0.291471004486084, 130.0
0.2929267883300781, 130.0
0.2943909168243408, 130.0
0.29583191871643066, 130.0
0.2972729206085205, 130.0
