0.0007619857788085938, 35.0
0.0020999908447265625, 35.0
0.0033698081970214844, 35.0
0.004683971405029297, 35.0
0.006021976470947266, 35.0
0.007311105728149414, 35.0
0.008585929870605469, 35.0
0.009889841079711914, 35.0
0.011194944381713867, 35.0
0.01250600814819336, 35.0
0.01387476921081543, 35.0
0.015189886093139648, 35.0
0.016502857208251953, 35.0
0.017802000045776367, 35.0
0.01910090446472168, 35.0
0.02042102813720703, 35.0
0.02177715301513672, 35.0
0.023090124130249023, 35.0
0.024405956268310547, 35.0
0.02574777603149414, 35.0
0.027052879333496094, 35.0
0.028347015380859375, 35.0
0.029666900634765625, 35.0
0.03096795082092285, 35.0
0.03227496147155762, 35.0
0.033577919006347656, 35.0
0.03491806983947754, 35.0
0.03624701499938965, 35.0
0.03754305839538574, 35.0
0.03885006904602051, 35.0
0.04014396667480469, 35.0
0.04145979881286621, 35.0
0.042756080627441406, 35.0
0.044059038162231445, 35.0
0.04536104202270508, 35.0
0.04666590690612793, 35.0
0.0479578971862793, 35.0
0.0492551326751709, 35.0
0.05054783821105957, 35.0
0.05184793472290039, 35.0
0.053164005279541016, 35.0
0.0544888973236084, 35.0
0.05580306053161621, 35.0
0.05711102485656738, 35.0
0.05842185020446777, 35.0
0.059721946716308594, 35.0
0.06102895736694336, 35.0
0.06232094764709473, 35.0
0.06362390518188477, 35.0
0.06494879722595215, 35.0
0.06629300117492676, 35.0
0.06758904457092285, 35.0
0.06889891624450684, 35.0
0.07018899917602539, 35.0
0.07152509689331055, 35.0
0.07282400131225586, 35.0
0.07413077354431152, 35.0
0.07542085647583008, 35.0
0.07674193382263184, 35.0
0.07805991172790527, 35.0
0.0793619155883789, 35.0
0.08066701889038086, 35.0
0.08196902275085449, 35.0
0.08338594436645508, 35.0
0.08475112915039062, 35.0
0.08608889579772949, 35.0
0.08743000030517578, 35.0
0.08878087997436523, 35.0
0.09012794494628906, 35.0
0.0914609432220459, 35.0
0.09275484085083008, 35.0
0.09416389465332031, 35.0
0.09551787376403809, 35.0
0.09686899185180664, 35.0
0.09820985794067383, 35.0
0.09955596923828125, 35.0
0.10089898109436035, 35.0
0.10223793983459473, 35.0
0.10357499122619629, 35.0
0.1049189567565918, 35.0
0.10624885559082031, 35.0
0.10762310028076172, 35.0
0.10898399353027344, 35.0
0.1103358268737793, 35.0
0.11167407035827637, 35.0
0.11312508583068848, 35.0
0.11450695991516113, 35.0
0.11586403846740723, 35.0
0.11721491813659668, 35.0
0.11857080459594727, 35.0
0.11992907524108887, 35.0
0.12128496170043945, 35.0
0.12263178825378418, 35.0
0.12398409843444824, 35.0
0.1253979206085205, 35.0
0.12677383422851562, 35.0
0.12816882133483887, 35.0
0.12949299812316895, 35.0
0.13078999519348145, 35.0
0.13208484649658203, 35.0
0.13339996337890625, 35.0
0.13469696044921875, 35.0
0.13600707054138184, 35.0
0.13732290267944336, 35.0
0.13865208625793457, 35.0
0.1399850845336914, 35.0
0.14128708839416504, 35.0
0.14260077476501465, 35.0
0.14392805099487305, 35.0
0.14528393745422363, 35.0
0.14661908149719238, 35.0
0.1479170322418213, 35.0
0.1492300033569336, 35.0
0.1505289077758789, 35.0
0.15183615684509277, 35.0
0.15317606925964355, 35.0
0.15447282791137695, 35.0
0.15577387809753418, 35.0
0.15706586837768555, 35.0
0.15838980674743652, 35.0
0.1597301959991455, 35.0
0.16106700897216797, 35.0
0.16239500045776367, 35.0
0.1637568473815918, 35.0
0.16510796546936035, 35.0
0.16645002365112305, 35.0
0.1678009033203125, 35.0
0.16914606094360352, 35.0
0.17049384117126465, 35.0
0.17183685302734375, 35.0
0.17318391799926758, 35.0
0.174530029296875, 35.0
0.17586874961853027, 35.0
0.17722296714782715, 35.0
0.17859983444213867, 35.0
0.1800229549407959, 35.0
0.18137288093566895, 35.0
0.18271684646606445, 35.0
0.18404293060302734, 35.0
0.18536996841430664, 35.0
0.18669986724853516, 35.0
0.18806195259094238, 35.0
0.18942618370056152, 35.0
0.190748929977417, 35.0
0.19205808639526367, 35.0
0.19344305992126465, 35.0
0.1947319507598877, 35.0
0.19601082801818848, 35.0
0.19727778434753418, 35.0
0.19855189323425293, 35.0
0.19983291625976562, 35.0
0.20111680030822754, 35.0
0.20238590240478516, 35.0
0.20365405082702637, 35.0
0.20495295524597168, 35.0
0.20622777938842773, 35.0
0.20749497413635254, 35.0
0.20876693725585938, 35.0
0.21005582809448242, 35.0
0.2113959789276123, 35.0
0.21276402473449707, 35.0
0.21408891677856445, 35.0
0.21535897254943848, 35.0
0.21663880348205566, 35.0
0.21790695190429688, 35.0
0.2191767692565918, 35.0
0.22044587135314941, 35.0
0.22181010246276855, 35.0
0.2231128215789795, 35.0
0.22437381744384766, 35.0
0.22564697265625, 35.0
0.22693896293640137, 35.0
0.22820186614990234, 35.0
0.22950077056884766, 35.0
0.23080897331237793, 35.0
0.23209381103515625, 35.0
0.23336100578308105, 35.0
0.23462891578674316, 35.0
0.23590707778930664, 35.0
0.23717999458312988, 35.0
0.23847603797912598, 35.0
0.23974394798278809, 35.0
0.24101018905639648, 35.0
0.24227595329284668, 35.0
0.24353790283203125, 35.0
0.24480199813842773, 35.0
0.24607300758361816, 35.0
0.24734187126159668, 35.0
0.24861788749694824, 35.0
0.24988698959350586, 35.0
0.2511630058288574, 35.0
0.2524290084838867, 35.0
0.2536928653717041, 35.0
0.25494909286499023, 35.0
0.2562217712402344, 35.0
0.2574889659881592, 35.0
0.25875401496887207, 35.0
0.2600269317626953, 35.0
0.2612950801849365, 35.0
0.2625720500946045, 35.0
0.2638387680053711, 35.0
