1.1920928955078125e-05, 14.731285
2.5987625122070312e-05, 34.061709
3.0994415283203125e-05, 64.461196
3.600120544433594e-05, 64.586322
6.508827209472656e-05, 97.68364400000002
7.009506225585938e-05, 179.967649
0.00012803077697753906, 205.307168
0.0001468658447265625, 273.464156
0.0001850128173828125, 293.203528
0.00019502639770507812, 305.11185
0.0002002716064453125, 363.612781
0.0010111331939697266, 385.595264
0.0012021064758300781, 397.421185
0.002585172653198242, 419.800409
0.00902700424194336, 424.03027399999996
0.009032249450683594, 435.93859599999996
0.01589798927307129, 448.200933
0.035737037658691406, 450.669881
0.13939189910888672, 454.429761
0.15658903121948242, 469.161046
0.21012616157531738, 481.069368
