0.0014216899871826172, 52.0
0.003422975540161133, 52.0
0.005440950393676758, 52.0
0.0074138641357421875, 52.0
0.009352922439575195, 52.0
0.011296987533569336, 52.0
0.013334035873413086, 52.0
0.015229940414428711, 52.0
0.017117977142333984, 52.0
0.019023895263671875, 52.0
0.020978927612304688, 52.0
0.02287578582763672, 52.0
0.024763822555541992, 52.0
0.026634931564331055, 52.0
0.02853679656982422, 52.0
0.030459880828857422, 52.0
0.032324790954589844, 52.0
0.03418588638305664, 52.0
0.03606390953063965, 52.0
0.03799295425415039, 52.0
0.03986787796020508, 52.0
0.04175209999084473, 52.0
0.04365110397338867, 52.0
0.04567384719848633, 52.0
0.04756498336791992, 52.0
0.0494539737701416, 52.0
0.05132699012756348, 52.0
0.053200721740722656, 52.0
0.05513906478881836, 52.0
0.05702781677246094, 52.0
0.058896780014038086, 52.0
0.06077098846435547, 52.0
0.06268477439880371, 52.0
0.06454992294311523, 52.0
0.06641578674316406, 52.0
0.06831192970275879, 52.0
0.07021474838256836, 52.0
0.07209181785583496, 52.0
0.07395386695861816, 52.0
0.07581686973571777, 52.0
0.07767796516418457, 52.0
0.07959604263305664, 52.0
0.08146190643310547, 52.0
0.08332681655883789, 52.0
0.08519291877746582, 52.0
0.08705878257751465, 52.0
0.08896684646606445, 52.0
0.09082889556884766, 52.0
0.09270691871643066, 52.0
0.0945746898651123, 52.0
0.09647989273071289, 52.0
0.0983428955078125, 52.0
0.10020303726196289, 52.0
0.10207104682922363, 52.0
0.10400891304016113, 52.0
0.10587072372436523, 52.0
0.10773491859436035, 52.0
0.10959482192993164, 52.0
0.11146903038024902, 52.0
0.11335873603820801, 52.0
0.11523675918579102, 52.0
0.11711788177490234, 52.0
0.11913895606994629, 52.0
0.12108802795410156, 52.0
0.12299585342407227, 52.0
0.12491989135742188, 52.0
0.12682390213012695, 52.0
0.12873482704162598, 52.0
0.1306748390197754, 52.0
0.13257789611816406, 52.0
0.13448500633239746, 52.0
0.13638877868652344, 52.0
0.13836002349853516, 52.0
0.1402878761291504, 52.0
0.14220070838928223, 52.0
0.1441037654876709, 52.0
0.14608001708984375, 52.0
0.14802980422973633, 52.0
0.14989185333251953, 52.0
0.15175867080688477, 52.0
0.153656005859375, 52.0
0.15558981895446777, 52.0
0.15749788284301758, 52.0
0.15939974784851074, 52.0
0.16130399703979492, 52.0
0.16323089599609375, 52.0
0.1651468276977539, 52.0
0.16704201698303223, 52.0
0.16890382766723633, 52.0
0.17082595825195312, 52.0
0.17269587516784668, 52.0
0.1745598316192627, 52.0
0.17643380165100098, 52.0
0.17834687232971191, 52.0
0.18022394180297852, 52.0
0.18209195137023926, 52.0
0.1839599609375, 52.0
0.18583297729492188, 52.0
0.18775701522827148, 52.0
0.1896228790283203, 52.0
0.19148492813110352, 52.0
0.19338703155517578, 52.0
0.1952507495880127, 52.0
0.19717097282409668, 52.0
0.1990368366241455, 52.0
0.20090174674987793, 52.0
0.20278596878051758, 52.0
0.20469284057617188, 52.0
0.2065730094909668, 52.0
0.2085418701171875, 52.0
0.21052789688110352, 52.0
0.21251583099365234, 52.0
0.21449589729309082, 52.0
0.2164769172668457, 52.0
0.21845507621765137, 52.0
0.22043991088867188, 52.0
0.22243094444274902, 52.0
0.2244117259979248, 52.0
0.226395845413208, 52.0
0.22837591171264648, 52.0
0.23035478591918945, 52.0
0.23231792449951172, 52.0
0.23427081108093262, 52.0
0.23624968528747559, 52.0
0.23822283744812012, 52.0
0.24016380310058594, 52.0
0.24203085899353027, 52.0
0.2438950538635254, 52.0
0.24582195281982422, 52.0
0.24768590927124023, 52.0
0.24957799911499023, 52.0
0.25144386291503906, 52.0
0.25333595275878906, 52.0
0.2552640438079834, 52.0
0.25734972953796387, 52.0
0.259293794631958, 52.0
0.26122069358825684, 52.0
0.26313090324401855, 52.0
0.2650778293609619, 52.0
0.26697397232055664, 52.0
0.2689206600189209, 52.0
0.2708559036254883, 52.0
0.27277278900146484, 52.0
0.2746899127960205, 52.0
0.2765989303588867, 52.0
0.27853894233703613, 52.0
0.2804548740386963, 52.0
0.28237009048461914, 52.0
0.28429269790649414, 52.0
0.28624796867370605, 52.0
0.2881920337677002, 52.0
0.2901039123535156, 52.0
0.2920238971710205, 52.0
0.29399704933166504, 52.0
0.29596996307373047, 52.0
0.29784178733825684, 52.0
0.29970788955688477, 52.0
0.30158090591430664, 52.0
0.30346179008483887, 52.0
0.3053779602050781, 52.0
0.3072488307952881, 52.0
0.3091120719909668, 52.0
0.31099486351013184, 52.0
0.3129148483276367, 52.0
0.3148059844970703, 52.0
0.3166639804840088, 52.0
0.3185389041900635, 52.0
0.3204789161682129, 52.0
0.3224189281463623, 52.0
0.3242828845977783, 52.0
0.32614707946777344, 52.0
0.32807278633117676, 52.0
0.3299839496612549, 52.0
0.33184385299682617, 52.0
0.33370375633239746, 52.0
0.3355720043182373, 52.0
0.3374478816986084, 52.0
0.33934593200683594, 52.0
0.3412058353424072, 52.0
0.3430666923522949, 52.0
0.34493589401245117, 52.0
0.3468029499053955, 52.0
0.34866881370544434, 52.0
0.3505227565765381, 52.0
0.3523898124694824, 52.0
0.3542630672454834, 52.0
0.35611987113952637, 52.0
0.3579719066619873, 52.0
0.3598337173461914, 52.0
0.36173486709594727, 52.0
0.3635878562927246, 52.0
0.3654520511627197, 52.0
0.3673069477081299, 52.0
0.3691599369049072, 52.0
0.3710639476776123, 52.0
0.3729207515716553, 52.0
0.37477993965148926, 52.0
0.3766357898712158, 52.0
0.378490686416626, 52.0
0.3803439140319824, 52.0
0.3822059631347656, 52.0
