0.0010669231414794922, 107.0
0.002701997756958008, 107.0
0.004266977310180664, 107.0
0.005878925323486328, 107.0
0.0074558258056640625, 107.0
0.00893092155456543, 107.0
0.01046895980834961, 107.0
0.011957883834838867, 107.0
0.013436079025268555, 107.0
0.014899253845214844, 107.0
0.016381025314331055, 107.0
0.01787400245666504, 107.0
0.019348859786987305, 107.0
0.02083301544189453, 107.0
0.02229595184326172, 107.0
0.023762226104736328, 107.0
0.025234222412109375, 107.0
0.0267031192779541, 107.0
0.028191089630126953, 107.0
0.029673099517822266, 107.0
0.031156063079833984, 107.0
0.032617807388305664, 107.0
0.034088134765625, 107.0
0.03555607795715332, 107.0
0.03702402114868164, 107.0
0.03849005699157715, 107.0
0.03995513916015625, 107.0
0.0414280891418457, 107.0
0.04289698600769043, 107.0
0.04436182975769043, 107.0
0.04583001136779785, 107.0
0.04729318618774414, 107.0
0.048811912536621094, 107.0
0.05033111572265625, 107.0
0.05179905891418457, 107.0
0.0532689094543457, 107.0
0.05473923683166504, 107.0
0.05620598793029785, 107.0
0.057678937911987305, 107.0
0.05914592742919922, 107.0
0.06061196327209473, 107.0
0.06209206581115723, 107.0
0.06355905532836914, 107.0
0.06503486633300781, 107.0
0.06652212142944336, 107.0
0.06801295280456543, 107.0
0.06948590278625488, 107.0
0.07096600532531738, 107.0
0.0724639892578125, 107.0
0.07396125793457031, 107.0
0.07545995712280273, 107.0
0.07699799537658691, 107.0
0.07853198051452637, 107.0
0.0800638198852539, 107.0
0.08159899711608887, 107.0
0.08314108848571777, 107.0
0.08470797538757324, 107.0
0.08623504638671875, 107.0
0.08776116371154785, 107.0
0.08926510810852051, 107.0
0.09077119827270508, 107.0
0.09226799011230469, 107.0
0.09375882148742676, 107.0
0.09525227546691895, 107.0
0.09675002098083496, 107.0
0.09825515747070312, 107.0
0.09977483749389648, 107.0
0.10128188133239746, 107.0
0.10279393196105957, 107.0
0.1043391227722168, 107.0
0.10588502883911133, 107.0
0.10747098922729492, 107.0
0.1090250015258789, 107.0
0.11052894592285156, 107.0
0.11204910278320312, 107.0
0.1135411262512207, 107.0
0.11504983901977539, 107.0
0.11661100387573242, 107.0
0.11813712120056152, 107.0
0.11964726448059082, 107.0
0.12115812301635742, 107.0
0.12269091606140137, 107.0
0.12424707412719727, 107.0
0.1258258819580078, 107.0
0.1273481845855713, 107.0
0.12886500358581543, 107.0
0.1304302215576172, 107.0
0.1319441795349121, 107.0
0.13347291946411133, 107.0
0.13501620292663574, 107.0
0.1366119384765625, 107.0
0.1381969451904297, 107.0
0.1397538185119629, 107.0
0.14130616188049316, 107.0
0.14282798767089844, 107.0
0.14438915252685547, 107.0
0.14590096473693848, 107.0
0.14743900299072266, 107.0
0.14901018142700195, 107.0
0.15054893493652344, 107.0
0.15208005905151367, 107.0
0.1536118984222412, 107.0
0.15515995025634766, 107.0
0.15667390823364258, 107.0
0.15816903114318848, 107.0
0.1596851348876953, 107.0
0.16121697425842285, 107.0
0.16275596618652344, 107.0
0.1643049716949463, 107.0
0.16584110260009766, 107.0
0.16734814643859863, 107.0
0.1688539981842041, 107.0
0.1703660488128662, 107.0
0.1719210147857666, 107.0
0.1734330654144287, 107.0
0.1749250888824463, 107.0
0.17641210556030273, 107.0
0.177901029586792, 107.0
0.17940497398376465, 107.0
0.1808919906616211, 107.0
0.18238210678100586, 107.0
0.1838819980621338, 107.0
0.18545198440551758, 107.0
0.18698692321777344, 107.0
0.18851494789123535, 107.0
0.19007515907287598, 107.0
0.19161581993103027, 107.0
0.19315290451049805, 107.0
0.19464492797851562, 107.0
0.1961371898651123, 107.0
0.19762921333312988, 107.0
0.19915008544921875, 107.0
0.20065903663635254, 107.0
0.20215702056884766, 107.0
0.2036430835723877, 107.0
0.20514512062072754, 107.0
0.20664000511169434, 107.0
0.2081279754638672, 107.0
0.20964288711547852, 107.0
0.21117711067199707, 107.0
0.21275687217712402, 107.0
0.2143230438232422, 107.0
0.21590709686279297, 107.0
0.21742725372314453, 107.0
0.21900010108947754, 107.0
0.22049403190612793, 107.0
0.22199201583862305, 107.0
0.22351408004760742, 107.0
0.22501802444458008, 107.0
0.22654414176940918, 107.0
0.22809481620788574, 107.0
0.2296450138092041, 107.0
0.23117995262145996, 107.0
0.23270916938781738, 107.0
0.2342829704284668, 107.0
0.23581624031066895, 107.0
0.2373809814453125, 107.0
0.23890185356140137, 107.0
0.24044203758239746, 107.0
0.24196505546569824, 107.0
0.24353289604187012, 107.0
0.24508404731750488, 107.0
0.2466421127319336, 107.0
0.24820494651794434, 107.0
0.24974703788757324, 107.0
0.2512779235839844, 107.0
0.2528412342071533, 107.0
0.25436997413635254, 107.0
0.2558581829071045, 107.0
0.25741004943847656, 107.0
0.25890398025512695, 107.0
0.2603931427001953, 107.0
0.2619161605834961, 107.0
0.26342105865478516, 107.0
0.2649550437927246, 107.0
0.26650094985961914, 107.0
0.2680070400238037, 107.0
0.2695028781890869, 107.0
0.2710280418395996, 107.0
0.27252197265625, 107.0
0.27401113510131836, 107.0
0.27553701400756836, 107.0
0.2770359516143799, 107.0
0.2785298824310303, 107.0
0.28005385398864746, 107.0
0.2815530300140381, 107.0
0.2830491065979004, 107.0
0.2845439910888672, 107.0
0.2860431671142578, 107.0
0.2875339984893799, 107.0
0.2890291213989258, 107.0
0.2905271053314209, 107.0
0.29203295707702637, 107.0
0.29352498054504395, 107.0
0.29501891136169434, 107.0
0.2965271472930908, 107.0
0.29802584648132324, 107.0
0.2995340824127197, 107.0
0.3010411262512207, 107.0
0.30254197120666504, 107.0
0.3040330410003662, 107.0
