0.002603769302368164, 811.0
0.006081819534301758, 919.0
0.009568929672241211, 999.0
0.013060808181762695, 999.0
0.016652822494506836, 1019.0
0.020343780517578125, 1019.0
0.024005889892578125, 1025.0
0.027692794799804688, 1025.0
0.03136181831359863, 1025.0
0.03505110740661621, 1025.0
0.03875374794006348, 1025.0
0.04246997833251953, 1025.0
0.04616189002990723, 1025.0
0.049865007400512695, 1025.0
0.0535888671875, 1025.0
0.05730795860290527, 1025.0
0.061006784439086914, 1025.0
0.06473302841186523, 1025.0
0.06844282150268555, 1025.0
0.07214784622192383, 1025.0
0.07585287094116211, 1025.0
0.0795447826385498, 1025.0
0.08323311805725098, 1025.0
0.08693289756774902, 1025.0
0.09061884880065918, 1025.0
0.09436702728271484, 1025.0
0.09809088706970215, 1025.0
0.10178780555725098, 1025.0
0.10546469688415527, 1025.0
0.1091458797454834, 1025.0
0.11283373832702637, 1025.0
0.11651086807250977, 1025.0
0.12019681930541992, 1025.0
0.12388896942138672, 1025.0
0.12758874893188477, 1025.0
0.13129591941833496, 1025.0
0.13499689102172852, 1025.0
0.13869500160217285, 1025.0
0.14237499237060547, 1025.0
0.14605069160461426, 1025.0
0.14973807334899902, 1025.0
0.15341997146606445, 1025.0
0.15709805488586426, 1025.0
0.16078591346740723, 1025.0
0.16444706916809082, 1025.0
0.16811084747314453, 1025.0
0.17186284065246582, 1025.0
0.17560672760009766, 1025.0
0.1794450283050537, 1025.0
0.18336176872253418, 1025.0
0.18715882301330566, 1025.0
0.19101190567016602, 1025.0
0.19483709335327148, 1025.0
0.19875097274780273, 1025.0
0.20241594314575195, 1025.0
0.20609092712402344, 1025.0
0.20975494384765625, 1025.0
0.21354985237121582, 1025.0
0.21746087074279785, 1025.0
0.22135305404663086, 1025.0
0.22523808479309082, 1025.0
0.229140043258667, 1025.0
0.23303985595703125, 1025.0
0.2368919849395752, 1025.0
0.2407817840576172, 1025.0
0.2446458339691162, 1025.0
0.24831581115722656, 1025.0
0.25197792053222656, 1025.0
0.2556490898132324, 1025.0
0.2593107223510742, 1025.0
0.26297783851623535, 1025.0
0.26664280891418457, 1025.0
0.2703428268432617, 1025.0
0.27403688430786133, 1025.0
0.2777118682861328, 1025.0
0.281390905380249, 1025.0
0.285053014755249, 1025.0
0.28871607780456543, 1025.0
0.29238390922546387, 1025.0
0.2960488796234131, 1025.0
0.299771785736084, 1025.0
0.30347180366516113, 1025.0
0.3071298599243164, 1025.0
0.3107919692993164, 1025.0
0.3144497871398926, 1025.0
0.3181288242340088, 1025.0
0.321793794631958, 1025.0
0.32546377182006836, 1025.0
0.32913899421691895, 1025.0
0.33281898498535156, 1025.0
0.33648180961608887, 1025.0
0.3401448726654053, 1025.0
0.3438107967376709, 1025.0
0.34746789932250977, 1025.0
0.35114598274230957, 1025.0
0.3548140525817871, 1025.0
0.35849785804748535, 1025.0
0.36214303970336914, 1025.0
0.36580371856689453, 1025.0
0.36945271492004395, 1025.0
0.3731510639190674, 1025.0
0.3769528865814209, 1025.0
0.3805980682373047, 1025.0
0.38428497314453125, 1025.0
0.38792872428894043, 1025.0
0.39159488677978516, 1025.0
0.3952488899230957, 1025.0
0.3989219665527344, 1025.0
0.402569055557251, 1025.0
0.4062180519104004, 1025.0
0.4098796844482422, 1025.0
0.4135298728942871, 1025.0
0.4172029495239258, 1025.0
0.4208498001098633, 1025.0
0.4245908260345459, 1025.0
0.42841291427612305, 1025.0
0.4322178363800049, 1025.0
0.435985803604126, 1025.0
0.43977880477905273, 1025.0
0.44344091415405273, 1025.0
0.4470958709716797, 1025.0
0.45082974433898926, 1025.0
0.4545018672943115, 1025.0
0.4582347869873047, 1025.0
0.4618968963623047, 1025.0
0.46564364433288574, 1025.0
0.4693000316619873, 1025.0
0.47298693656921387, 1025.0
0.47672486305236816, 1025.0
0.4803929328918457, 1025.0
0.48422980308532715, 1025.0
0.4879789352416992, 1025.0
0.4916837215423584, 1025.0
0.49534082412719727, 1025.0
0.4990427494049072, 1025.0
0.5026998519897461, 1025.0
0.5063638687133789, 1025.0
0.5100607872009277, 1025.0
0.5137228965759277, 1025.0
0.5174229145050049, 1025.0
0.5210769176483154, 1025.0
0.5247907638549805, 1025.0
0.5284388065338135, 1025.0
0.5321600437164307, 1025.0
0.5358107089996338, 1025.0
0.5394597053527832, 1025.0
0.5431649684906006, 1025.0
0.546820878982544, 1025.0
0.5505280494689941, 1025.0
0.5541660785675049, 1025.0
0.5578827857971191, 1025.0
0.5615239143371582, 1025.0
0.5651950836181641, 1025.0
0.5690069198608398, 1025.0
0.5728247165679932, 1025.0
0.5765998363494873, 1025.0
0.5803248882293701, 1025.0
0.5840840339660645, 1025.0
0.5878007411956787, 1025.0
0.5916388034820557, 1025.0
0.5955657958984375, 1025.0
0.5994577407836914, 1025.0
0.603212833404541, 1025.0
0.6069817543029785, 1025.0
0.6107268333435059, 1025.0
0.6144299507141113, 1025.0
0.6181399822235107, 1025.0
0.6218948364257812, 1025.0
0.6256558895111084, 1025.0
0.6293609142303467, 1025.0
0.633152961730957, 1025.0
0.636991024017334, 1025.0
0.6406910419464111, 1025.0
0.644331693649292, 1025.0
0.6479649543762207, 1025.0
0.6516549587249756, 1025.0
0.6552829742431641, 1025.0
0.6589550971984863, 1025.0
0.6625819206237793, 1025.0
0.6662788391113281, 1025.0
0.6699447631835938, 1025.0
0.6736767292022705, 1025.0
0.6773078441619873, 1025.0
0.6809737682342529, 1025.0
0.6846299171447754, 1025.0
0.6882507801055908, 1025.0
0.6918830871582031, 1025.0
0.695504903793335, 1025.0
0.6991260051727295, 1025.0
0.7027378082275391, 1025.0
0.7063639163970947, 1025.0
0.7099747657775879, 1025.0
0.7135899066925049, 1025.0
0.7172119617462158, 1025.0
0.7208330631256104, 1025.0
0.7244479656219482, 1025.0
0.7280750274658203, 1025.0
0.7316937446594238, 1025.0
0.7353198528289795, 1025.0
0.7389469146728516, 1025.0
0.7425708770751953, 1025.0
